
============================================================
     LF WORKER - PORT 9223
============================================================
Worker: Worker_9223
Status: READY
Waiting for tasks...
============================================================


============================================================
[Worker_9223] Processing: JED-CAI
  Tier 0: Range 2, Chunk 1/2
  Dates: 6 days
  Date Range: 2026-01-21 to 2026-01-16
============================================================

2025-12-28 03:27:43 | INFO     | ======================================================================
2025-12-28 03:27:43 | INFO     | Load Factor Scraper Started - Route: JED-CAI
2025-12-28 03:27:43 | INFO     | Log file: D:\CODERED\LAB\market_insights\outputs\run_generated_281225_at_03.27\logs\LF_JED-CAI_20251228_032743.log
2025-12-28 03:27:43 | INFO     | Enhanced logging: Capturing both logging.info() and print()
2025-12-28 03:27:43 | INFO     | ======================================================================
[LF] Processing dates (override): ['21JAN', '20JAN', '19JAN', '18JAN', '17JAN', '16JAN']
[LF] Attaching to Chrome for Altea access
[LF][[OK] SUCCESS] Connected to Chrome on 127.0.0.1:9223 (after 1 attempts)
[LF][[OK] SUCCESS] Found Amadeus Altea window: Altéa Reservation Desktop
[LF][[INFO] INFO] URL: https://tc212.resdesktop.altea.amadeus.com/app_ard/apf/init/login?SITE=ESMPESMP&LANGUAGE=GB&MARKETS=ARDW_PROD_WBP&ACTION=clpLogin
[LF] Processing JED-CAI for 21JAN
[LF][ERROR] Amadeus command error detected: UNKNOWN TRANSACTION
[LF][ERROR] Command: SN21JANJEDCAI/ASM
[LF][RESYNC] Triggering immediate resync to last successful SN command
============================================================
[LF][RESYNC] Command 'SN21JANJEDCAI/ASM' failed: TECH_ERROR:UNKNOWN TRANSACTION
[LF][RESYNC] Re-running entire day from SN command for JED-CAI 21JAN
[LF][RESYNC] Attempt 1/50 (waiting 1.0s before retry...)
============================================================
[LF][RESYNC] Sending IG to clear session state...
[LF][RESYNC] Session cleared with IG
[LF] Processing JED-CAI for 21JAN
[LF] 21JAN: found 4 direct flights
[LF] SM476 21JAN: BKG=85, GRP=80, CAP=167, LF%=50.9%, Brd-Off=JED-CAI, Classes: P:80, I:1, U:4
[LF] SM478 21JAN: BKG=143, GRP=140, CAP=167, LF%=85.6%, Brd-Off=JED-CAI, Classes: P:140, O:3
[LF] SM460 21JAN: BKG=149, GRP=143, CAP=167, LF%=89.2%, Brd-Off=JED-CAI, Classes: P:98, E:45, I:1, O:3, U:2
[LF] SM424 21JAN: BKG=4, GRP=0, CAP=167, LF%=2.4%, Brd-Off=JED-CAI, Classes: I:3, U:1
[LF] Getting WEEKLY/LASTSOLD data for 4 flights
[LF] SM476 21JAN: LASTSOLD=2025-12-21 00:00:00, WEEKLY=1, TODAY=0, YDAY=0
[LF] SM478 21JAN: LASTSOLD=2025-12-26 00:00:00, WEEKLY=4, TODAY=0, YDAY=0
[LF] SM460 21JAN: LASTSOLD=2025-12-25 00:00:00, WEEKLY=4, TODAY=0, YDAY=0
[LF] SM424 21JAN: LASTSOLD=2025-12-25 00:00:00, WEEKLY=3, TODAY=0, YDAY=0
[LF] Processing JED-CAI for 20JAN
[LF] 20JAN: found 7 direct flights
[LF] SM472 20JAN: BKG=3, GRP=0, CAP=164, LF%=1.8%, Brd-Off=JED-CAI, Classes: I:1, U:2
[LF] SM954 20JAN: BKG=7, GRP=0, CAP=167, LF%=4.2%, Brd-Off=JED-CAI, Classes: I:7
[LF] SM480 20JAN: BKG=105, GRP=93, CAP=164, LF%=64.0%, Brd-Off=JED-CAI, Classes: P:93, I:3, O:1, U:8
[LF] SM478 20JAN: BKG=139, GRP=130, CAP=167, LF%=83.2%, Brd-Off=JED-CAI, Classes: P:130, I:1, U:7, L:1
[LF] SM460 20JAN: BKG=106, GRP=90, CAP=164, LF%=64.6%, Brd-Off=JED-CAI, Classes: N:3, P:90, I:2, O:1, U:10
[LF] SM424 20JAN: BKG=6, GRP=0, CAP=167, LF%=3.6%, Brd-Off=JED-CAI, Classes: I:3, U:3
[LF] SM476 20JAN: BKG=48, GRP=45, CAP=167, LF%=28.7%, Brd-Off=JED-CAI, Classes: P:45, U:3
[LF] Getting WEEKLY/LASTSOLD data for 7 flights
[LF] SM472 20JAN: LASTSOLD=2025-12-20 00:00:00, WEEKLY=0, TODAY=0, YDAY=0
[LF] SM954 20JAN: LASTSOLD=2025-12-28 00:00:00, WEEKLY=7, TODAY=1, YDAY=1
[LF] SM480 20JAN: LASTSOLD=2025-12-27 00:00:00, WEEKLY=5, TODAY=0, YDAY=1
[LF] SM478 20JAN: LASTSOLD=2025-12-25 00:00:00, WEEKLY=1, TODAY=0, YDAY=0
[LF] SM460 20JAN: LASTSOLD=2025-12-25 00:00:00, WEEKLY=6, TODAY=0, YDAY=0
[LF] SM424 20JAN: LASTSOLD=2025-12-24 00:00:00, WEEKLY=1, TODAY=0, YDAY=0
[LF] SM476 20JAN: LASTSOLD=2025-12-07 00:00:00, WEEKLY=0, TODAY=0, YDAY=0
[LF] Processing JED-CAI for 19JAN
[LF] 19JAN: found 4 direct flights
[LF] SM480 19JAN: BKG=1, GRP=0, CAP=167, LF%=0.6%, Brd-Off=JED-CAI, Classes: U:1
[LF] SM476 19JAN: BKG=152, GRP=139, CAP=167, LF%=91.0%, Brd-Off=JED-CAI, Classes: P:139, I:7, U:6
[LF] SM478 19JAN: BKG=108, GRP=96, CAP=167, LF%=64.7%, Brd-Off=JED-CAI, Classes: P:51, E:45, I:6, U:6
[LF] SM460 19JAN: BKG=141, GRP=140, CAP=167, LF%=84.4%, Brd-Off=JED-CAI, Classes: P:90, E:50, I:1
[LPC] SM460 19JAN: Found 0 outbound flights with connecting passengers
[LF] Getting WEEKLY/LASTSOLD data for 4 flights
[LF] SM480 19JAN: LASTSOLD=2025-10-22 00:00:00, WEEKLY=0, TODAY=0, YDAY=0
[LF] SM476 19JAN: LASTSOLD=2025-12-25 00:00:00, WEEKLY=8, TODAY=0, YDAY=0
[LF] SM478 19JAN: LASTSOLD=2025-12-22 00:00:00, WEEKLY=2, TODAY=0, YDAY=0
[LF] SM460 19JAN: LASTSOLD=2025-12-25 00:00:00, WEEKLY=4, TODAY=0, YDAY=0
[LF] Processing JED-CAI for 18JAN
[LF] 18JAN: found 5 direct flights
[LF] SM424 18JAN: BKG=97, GRP=90, CAP=167, LF%=58.1%, Brd-Off=JED-CAI, Classes: P:90, I:7
[LF] SM476 18JAN: BKG=2, GRP=0, CAP=164, LF%=1.2%, Brd-Off=JED-CAI, Classes: U:2
[LF] SM432 18JAN: BKG=40, GRP=40, CAP=167, LF%=23.9%, Brd-Off=JED-CAI, Classes: P:40
[LF] SM460 18JAN: BKG=52, GRP=50, CAP=167, LF%=31.1%, Brd-Off=JED-CAI, Classes: P:50, I:1, U:1
[LF] SM478 18JAN: BKG=155, GRP=135, CAP=167, LF%=92.8%, Brd-Off=JED-CAI, Classes: P:135, I:12, O:1, U:4, S:3
[LF] Getting WEEKLY/LASTSOLD data for 5 flights
[LF] SM424 18JAN: LASTSOLD=2025-12-20 00:00:00, WEEKLY=0, TODAY=0, YDAY=0
[LF] SM476 18JAN: LASTSOLD=2025-10-26 00:00:00, WEEKLY=0, TODAY=0, YDAY=0
[LF] SM432 18JAN: LASTSOLD=2025-12-25 00:00:00, WEEKLY=1, TODAY=0, YDAY=0
[LF] SM460 18JAN: LASTSOLD=2025-12-24 00:00:00, WEEKLY=1, TODAY=0, YDAY=0
[LF] SM478 18JAN: LASTSOLD=2025-12-25 00:00:00, WEEKLY=12, TODAY=0, YDAY=0
[LF] Processing JED-CAI for 17JAN
[LF] 17JAN: found 3 direct flights
[LF] SM450 17JAN: BKG=5, GRP=0, CAP=167, LF%=3.0%, Brd-Off=JED-CAI, Classes: U:5
[LF] SM476 17JAN: BKG=110, GRP=90, CAP=167, LF%=65.9%, Brd-Off=JED-CAI, Classes: P:90, U:10, X:10
[LF] SM478 17JAN: BKG=106, GRP=87, CAP=164, LF%=64.6%, Brd-Off=JED-CAI, Classes: P:87, O:3, U:7, X:9
[LF] Getting WEEKLY/LASTSOLD data for 3 flights
[LF] SM450 17JAN: LASTSOLD=2025-12-06 00:00:00, WEEKLY=0, TODAY=0, YDAY=0
[LF] SM476 17JAN: LASTSOLD=2025-11-30 00:00:00, WEEKLY=0, TODAY=0, YDAY=0
[LF] SM478 17JAN: LASTSOLD=2025-12-27 00:00:00, WEEKLY=3, TODAY=0, YDAY=2
[LF] Processing JED-CAI for 16JAN
[LF] 16JAN: found 6 direct flights
[LF] SM424 16JAN: BKG=4, GRP=0, CAP=167, LF%=2.4%, Brd-Off=JED-CAI, Classes: O:3, U:1
[LF] SM476 16JAN: BKG=6, GRP=0, CAP=167, LF%=3.6%, Brd-Off=JED-CAI, Classes: O:2, U:4
[LF] SM478 16JAN: BKG=0, GRP=0, CAP=167, LF%=0.0%, Brd-Off=JED-CAI
[LF] SM480 16JAN: BKG=18, GRP=0, CAP=167, LF%=10.8%, Brd-Off=JED-CAI, Classes: O:6, U:7, G:1, K:4
[LF] SM472 16JAN: BKG=63, GRP=49, CAP=167, LF%=37.7%, Brd-Off=JED-CAI, Classes: E:49, O:3, U:10, X:1
[LF] SM460 16JAN: BKG=49, GRP=43, CAP=167, LF%=29.3%, Brd-Off=JED-CAI, Classes: P:43, U:5, G:1
[LF] Getting WEEKLY/LASTSOLD data for 5 flights
[LF] SM424 16JAN: LASTSOLD=2025-12-27 00:00:00, WEEKLY=3, TODAY=0, YDAY=2
[LF] SM476 16JAN: LASTSOLD=2025-12-27 00:00:00, WEEKLY=2, TODAY=0, YDAY=2
[LF] SM480 16JAN: LASTSOLD=2025-12-27 00:00:00, WEEKLY=10, TODAY=0, YDAY=3
[LF] SM472 16JAN: LASTSOLD=2025-12-26 00:00:00, WEEKLY=3, TODAY=0, YDAY=0
[LF] SM460 16JAN: LASTSOLD=2025-12-24 00:00:00, WEEKLY=2, TODAY=0, YDAY=0
[LF] Results summary:
  2026-01-21: 4 flights
  2026-01-20: 7 flights
  2026-01-19: 4 flights
  2026-01-18: 5 flights
  2026-01-17: 3 flights
  2026-01-16: 6 flights

============================================================
[Worker_9223] ✓ COMPLETED: JED-CAI
  Results: 6 dates
  Errors: 0 dates
  Total Processed: 1 groups
============================================================


============================================================
[Worker_9223] Processing: ATZ-TUU
  Tier 0: Range 1, Chunk 2/2
  Dates: 7 days
  Date Range: 2026-01-03 to 2025-12-28
============================================================

2025-12-28 03:30:15 | INFO     | ======================================================================
2025-12-28 03:30:15 | INFO     | Load Factor Scraper Started - Route: ATZ-TUU
2025-12-28 03:30:15 | INFO     | Log file: D:\CODERED\LAB\market_insights\outputs\run_generated_281225_at_03.27\logs\LF_ATZ-TUU_20251228_033015.log
2025-12-28 03:30:15 | INFO     | Enhanced logging: Capturing both logging.info() and print()
2025-12-28 03:30:15 | INFO     | ======================================================================
[LF] Processing dates (override): ['03JAN', '02JAN', '01JAN', '31DEC', '30DEC', '29DEC', '28DEC']
[LF] Attaching to Chrome for Altea access
2025-12-28 03:30:15 | INFO     | Starting LF search for route: ATZ-TUU
2025-12-28 03:30:15 | INFO     | [START] LF Search
[LF][[OK] SUCCESS] Connected to Chrome on 127.0.0.1:9223 (after 1 attempts)
2025-12-28 03:30:17 | INFO     | [HEALTH CHECK] [OK] Chrome connection is healthy
[LF][[OK] SUCCESS] Found Amadeus Altea window: Altéa Reservation Desktop
[LF][[INFO] INFO] URL: https://tc212.resdesktop.altea.amadeus.com/app_ard/apf/init/login?SITE=ESMPESMP&LANGUAGE=GB&MARKETS=ARDW_PROD_WBP&ACTION=clpLogin
2025-12-28 03:30:17 | INFO     | [DAY_START] Processing 03JAN
[LF] Processing ATZ-TUU for 03JAN
2025-12-28 03:30:17 | INFO     | [lf.day.start] Processing ATZ-TUU for 03JAN
[LF] No direct flights on 03JAN for ATZ-TUU
2025-12-28 03:30:18 | WARNING  | [lf.day.no_flights] No direct flights on 03JAN
2025-12-28 03:30:18 | INFO     | [SUCCESS] Day 03JAN
2025-12-28 03:30:18 | INFO     | [DAY_START] Processing 02JAN
[LF] Processing ATZ-TUU for 02JAN
2025-12-28 03:30:18 | INFO     | [lf.day.start] Processing ATZ-TUU for 02JAN
[LF] 02JAN: found 1 direct flights
2025-12-28 03:30:19 | INFO     | [lf.day.flights_found] Found 1 flights on 02JAN
2025-12-28 03:30:21 | INFO     | [lf.flight.extracted] SM327 on 02JAN: BKG=41, LF=22.9%
[LF] SM327 02JAN: BKG=41, GRP=0, CAP=179, LF%=22.9%, Brd-Off=ATZ-TUU, Classes: I:17, O:7, U:7, X:8, T:2
[LF] Getting WEEKLY/LASTSOLD data for 1 flights
[LF] SM327 02JAN: LASTSOLD=2025-12-27 00:00:00, WEEKLY=22, TODAY=0, YDAY=5
2025-12-28 03:30:24 | INFO     | [SUCCESS] Day 02JAN
2025-12-28 03:30:24 | INFO     | [DAY_START] Processing 01JAN
[LF] Processing ATZ-TUU for 01JAN
2025-12-28 03:30:24 | INFO     | [lf.day.start] Processing ATZ-TUU for 01JAN
[LF] No direct flights on 01JAN for ATZ-TUU
2025-12-28 03:30:25 | WARNING  | [lf.day.no_flights] No direct flights on 01JAN
2025-12-28 03:30:25 | INFO     | [SUCCESS] Day 01JAN
2025-12-28 03:30:25 | INFO     | [DAY_START] Processing 31DEC
[LF] Processing ATZ-TUU for 31DEC
2025-12-28 03:30:25 | INFO     | [lf.day.start] Processing ATZ-TUU for 31DEC
[LF] No direct flights on 31DEC for ATZ-TUU
2025-12-28 03:30:26 | WARNING  | [lf.day.no_flights] No direct flights on 31DEC
2025-12-28 03:30:26 | INFO     | [SUCCESS] Day 31DEC
2025-12-28 03:30:26 | INFO     | [DAY_START] Processing 30DEC
[LF] Processing ATZ-TUU for 30DEC
2025-12-28 03:30:26 | INFO     | [lf.day.start] Processing ATZ-TUU for 30DEC
[LF] No direct flights on 30DEC for ATZ-TUU
2025-12-28 03:30:27 | WARNING  | [lf.day.no_flights] No direct flights on 30DEC
2025-12-28 03:30:27 | INFO     | [SUCCESS] Day 30DEC
2025-12-28 03:30:27 | INFO     | [DAY_START] Processing 29DEC
[LF] Processing ATZ-TUU for 29DEC
2025-12-28 03:30:27 | INFO     | [lf.day.start] Processing ATZ-TUU for 29DEC
[LF] No direct flights on 29DEC for ATZ-TUU
2025-12-28 03:30:28 | WARNING  | [lf.day.no_flights] No direct flights on 29DEC
2025-12-28 03:30:28 | INFO     | [SUCCESS] Day 29DEC
[LF] Skipping 28DEC (Today) - will be processed by supplement scan
[LF] Results summary:
  2026-01-03: 0 flights
  2026-01-02: 1 flights
  2026-01-01: 0 flights
  2025-12-31: 0 flights
  2025-12-30: 0 flights
  2025-12-29: 0 flights
2025-12-28 03:30:28 | INFO     | [SUCCESS] LF Search Complete

============================================================
[Worker_9223] ✓ COMPLETED: ATZ-TUU
  Results: 6 dates
  Errors: 0 dates
  Total Processed: 2 groups
============================================================

2025-12-28 03:30:30 | INFO     | [Worker_9223] Completed: ATZ-TUU - 6 results, 0 errors
[Worker_9223] Waiting for tasks...

============================================================
[Worker_9223] Shutdown signal received
Exiting...
============================================================
2025-12-28 03:34:46 | INFO     | [Worker_9223] Shutdown signal received, exiting...

============================================================
[Worker_9223] FINISHED
  Total Groups Processed: 2
============================================================

2025-12-28 03:34:46 | INFO     | [Worker_9223] Finished. Processed 2 groups.
