2025-12-31 20:50:18,205 | INFO     | [Worker_9224] Completed: RUH-CAI - 7 results, 0 errors
2025-12-31 20:50:18,206 | INFO     | [Worker_9224] Processing: YNB-CAI
2025-12-31 20:50:18,206 | INFO     |   Tier 0: Range 1, Chunk 1/5 (7 days)
2025-12-31 20:51:11,376 | INFO     | [Worker_9224] Completed: YNB-CAI - 7 results, 0 errors
2025-12-31 20:51:11,378 | INFO     | [Worker_9224] Processing: LXR-JED
2025-12-31 20:51:11,378 | INFO     |   Tier 0: Range 1, Chunk 1/5 (7 days)
2025-12-31 20:51:47,758 | INFO     | [Worker_9224] Completed: LXR-JED - 7 results, 0 errors
2025-12-31 20:51:47,760 | INFO     | [Worker_9224] Processing: CAI-TUU
2025-12-31 20:51:47,760 | INFO     |   Tier 0: Range 1, Chunk 1/5 (7 days)
2025-12-31 20:52:14,686 | INFO     | [Worker_9224] Completed: CAI-TUU - 7 results, 0 errors
2025-12-31 20:52:14,687 | INFO     | [Worker_9224] Processing: CAI-YNB
2025-12-31 20:52:14,688 | INFO     |   Tier 0: Range 1, Chunk 1/5 (7 days)
2025-12-31 20:53:15,379 | INFO     | [Worker_9224] Completed: CAI-YNB - 7 results, 0 errors
2025-12-31 20:53:15,380 | INFO     | [Worker_9224] Processing: JED-LXR
2025-12-31 20:53:15,380 | INFO     |   Tier 0: Range 1, Chunk 2/5 (7 days)
2025-12-31 20:53:47,828 | INFO     | [Worker_9224] Completed: JED-LXR - 7 results, 0 errors
2025-12-31 20:53:47,830 | INFO     | [Worker_9224] Processing: TUU-CAI
2025-12-31 20:53:47,831 | INFO     |   Tier 0: Range 1, Chunk 2/5 (7 days)
2025-12-31 20:54:15,888 | INFO     | [Worker_9224] Completed: TUU-CAI - 7 results, 0 errors
2025-12-31 20:54:15,890 | INFO     | [Worker_9224] Processing: YNB-CAI
2025-12-31 20:54:15,890 | INFO     |   Tier 0: Range 1, Chunk 2/5 (7 days)
2025-12-31 20:55:16,526 | INFO     | [Worker_9224] Completed: YNB-CAI - 7 results, 0 errors
2025-12-31 20:55:16,527 | INFO     | [Worker_9224] Processing: LXR-JED
2025-12-31 20:55:16,527 | INFO     |   Tier 0: Range 1, Chunk 2/5 (7 days)
2025-12-31 20:55:44,778 | INFO     | [Worker_9224] Completed: LXR-JED - 7 results, 0 errors
2025-12-31 20:55:44,780 | INFO     | [Worker_9224] Processing: CAI-TUU
2025-12-31 20:55:44,780 | INFO     |   Tier 0: Range 1, Chunk 2/5 (7 days)
2025-12-31 20:56:10,823 | INFO     | [Worker_9224] Completed: CAI-TUU - 7 results, 0 errors
2025-12-31 20:56:10,824 | INFO     | [Worker_9224] Processing: CAI-YNB
2025-12-31 20:56:10,824 | INFO     |   Tier 0: Range 1, Chunk 2/5 (7 days)
2025-12-31 20:57:07,363 | INFO     | [Worker_9224] Completed: CAI-YNB - 7 results, 0 errors
2025-12-31 20:57:07,364 | INFO     | [Worker_9224] Processing: JED-HBE
2025-12-31 20:57:07,365 | INFO     |   Tier 0: Range 1, Chunk 3/5 (6 days)
2025-12-31 20:58:41,408 | INFO     | [Worker_9224] Completed: JED-HBE - 6 results, 0 errors
2025-12-31 20:58:41,410 | INFO     | [Worker_9224] Processing: YNB-CAI
2025-12-31 20:58:41,411 | INFO     |   Tier 0: Range 1, Chunk 3/5 (6 days)
2025-12-31 20:59:44,089 | INFO     | [Worker_9224] Completed: YNB-CAI - 6 results, 0 errors
2025-12-31 20:59:44,090 | INFO     | [Worker_9224] Processing: LXR-JED
2025-12-31 20:59:44,090 | INFO     |   Tier 0: Range 1, Chunk 3/5 (6 days)
2025-12-31 21:00:18,859 | INFO     | [Worker_9224] Completed: LXR-JED - 6 results, 0 errors
2025-12-31 21:00:18,862 | INFO     | [Worker_9224] Processing: CAI-TUU
2025-12-31 21:00:18,862 | INFO     |   Tier 0: Range 1, Chunk 3/5 (6 days)
2025-12-31 21:00:56,272 | INFO     | [Worker_9224] Completed: CAI-TUU - 6 results, 0 errors
2025-12-31 21:00:56,273 | INFO     | [Worker_9224] Processing: CAI-AHB
2025-12-31 21:00:56,273 | INFO     |   Tier 0: Range 1, Chunk 3/5 (6 days)
2025-12-31 21:01:30,855 | INFO     | [Worker_9224] Completed: CAI-AHB - 6 results, 0 errors
2025-12-31 21:01:30,857 | INFO     | [Worker_9224] Processing: JED-HBE
2025-12-31 21:01:30,857 | INFO     |   Tier 0: Range 1, Chunk 4/5 (6 days)
2025-12-31 21:03:36,939 | INFO     | [Worker_9224] Completed: JED-HBE - 6 results, 0 errors
2025-12-31 21:03:36,941 | INFO     | [Worker_9224] Processing: ELQ-ATZ
2025-12-31 21:03:36,941 | INFO     |   Tier 0: Range 1, Chunk 4/5 (6 days)
2025-12-31 21:04:03,209 | INFO     | [Worker_9224] Completed: ELQ-ATZ - 6 results, 0 errors
2025-12-31 21:04:03,210 | INFO     | [Worker_9224] Processing: ATZ-MED
2025-12-31 21:04:03,210 | INFO     |   Tier 0: Range 1, Chunk 4/5 (6 days)
2025-12-31 21:04:31,158 | INFO     | [Worker_9224] Completed: ATZ-MED - 6 results, 0 errors
2025-12-31 21:04:31,160 | INFO     | [Worker_9224] Processing: CAI-DMM
2025-12-31 21:04:31,160 | INFO     |   Tier 0: Range 1, Chunk 4/5 (6 days)
2025-12-31 21:05:15,991 | INFO     | [Worker_9224] Completed: CAI-DMM - 6 results, 0 errors
2025-12-31 21:05:15,994 | INFO     | [Worker_9224] Processing: ATZ-AJF
2025-12-31 21:05:15,994 | INFO     |   Tier 0: Range 1, Chunk 4/5 (6 days)
2025-12-31 21:05:36,905 | INFO     | [Worker_9224] Completed: ATZ-AJF - 6 results, 0 errors
2025-12-31 21:05:36,908 | INFO     | [Worker_9224] Processing: CAI-ELQ
2025-12-31 21:05:36,908 | INFO     |   Tier 0: Range 1, Chunk 4/5 (6 days)
2025-12-31 21:06:11,686 | INFO     | [Worker_9224] Completed: CAI-ELQ - 6 results, 0 errors
2025-12-31 21:06:11,690 | INFO     | [Worker_9224] Processing: JED-CAI
2025-12-31 21:06:11,690 | INFO     |   Tier 0: Range 1, Chunk 5/5 (6 days)
2025-12-31 21:10:44,560 | INFO     | [Worker_9224] Completed: JED-CAI - 5 results, 0 errors
2025-12-31 21:34:16,908 | INFO     | [Worker_9224] Shutdown signal received, exiting...
2025-12-31 21:34:16,914 | INFO     | [Worker_9224] Finished. Processed 23 groups.
