2025-12-31 20:49:49,573 | INFO     | [Worker_9227] Completed: MED-HBE - 7 results, 0 errors
2025-12-31 20:49:49,576 | INFO     | [Worker_9227] Processing: DMM-CAI
2025-12-31 20:49:49,577 | INFO     |   Tier 0: Range 1, Chunk 1/5 (7 days)
2025-12-31 20:50:22,954 | INFO     | [Worker_9227] Completed: DMM-CAI - 7 results, 0 errors
2025-12-31 20:50:22,955 | INFO     | [Worker_9227] Processing: ELQ-CAI
2025-12-31 20:50:22,955 | INFO     |   Tier 0: Range 1, Chunk 1/5 (7 days)
2025-12-31 20:50:51,838 | INFO     | [Worker_9227] Completed: ELQ-CAI - 7 results, 0 errors
2025-12-31 20:50:51,839 | INFO     | [Worker_9227] Processing: ATZ-MED
2025-12-31 20:50:51,840 | INFO     |   Tier 0: Range 1, Chunk 1/5 (7 days)
2025-12-31 20:51:29,843 | INFO     | [Worker_9227] Completed: ATZ-MED - 7 results, 0 errors
2025-12-31 20:51:29,845 | INFO     | [Worker_9227] Processing: CAI-DMM
2025-12-31 20:51:29,845 | INFO     |   Tier 0: Range 1, Chunk 1/5 (7 days)
2025-12-31 20:52:03,345 | INFO     | [Worker_9227] Completed: CAI-DMM - 7 results, 0 errors
2025-12-31 20:52:03,347 | INFO     | [Worker_9227] Processing: CAI-AJF
2025-12-31 20:52:03,347 | INFO     |   Tier 0: Range 1, Chunk 1/5 (7 days)
2025-12-31 20:52:36,777 | INFO     | [Worker_9227] Completed: CAI-AJF - 7 results, 0 errors
2025-12-31 20:52:36,778 | INFO     | [Worker_9227] Processing: CAI-ELQ
2025-12-31 20:52:36,778 | INFO     |   Tier 0: Range 1, Chunk 1/5 (7 days)
2025-12-31 20:53:12,063 | INFO     | [Worker_9227] Completed: CAI-ELQ - 7 results, 0 errors
2025-12-31 20:53:12,065 | INFO     | [Worker_9227] Processing: JED-ATZ
2025-12-31 20:53:12,066 | INFO     |   Tier 0: Range 1, Chunk 2/5 (7 days)
2025-12-31 20:55:33,260 | INFO     | [Worker_9227] Completed: JED-ATZ - 7 results, 0 errors
2025-12-31 20:55:33,261 | INFO     | [Worker_9227] Processing: CAI-RUH
2025-12-31 20:55:33,261 | INFO     |   Tier 0: Range 1, Chunk 2/5 (7 days)
2025-12-31 20:56:44,018 | INFO     | [Worker_9227] Completed: CAI-RUH - 7 results, 0 errors
2025-12-31 20:56:44,020 | INFO     | [Worker_9227] Processing: CAI-GIZ
2025-12-31 20:56:44,020 | INFO     |   Tier 0: Range 1, Chunk 2/5 (7 days)
2025-12-31 20:57:08,625 | INFO     | [Worker_9227] Completed: CAI-GIZ - 7 results, 0 errors
2025-12-31 20:57:08,627 | INFO     | [Worker_9227] Processing: JED-ATZ
2025-12-31 20:57:08,627 | INFO     |   Tier 0: Range 1, Chunk 3/5 (6 days)
2025-12-31 20:59:40,006 | INFO     | [Worker_9227] Completed: JED-ATZ - 6 results, 0 errors
2025-12-31 20:59:40,007 | INFO     | [Worker_9227] Processing: HBE-JED
2025-12-31 20:59:40,007 | INFO     |   Tier 0: Range 1, Chunk 3/5 (6 days)
2025-12-31 21:01:04,429 | INFO     | [Worker_9227] Completed: HBE-JED - 6 results, 0 errors
2025-12-31 21:01:04,433 | INFO     | [Worker_9227] Processing: ATZ-ELQ
2025-12-31 21:01:04,435 | INFO     |   Tier 0: Range 1, Chunk 3/5 (6 days)
2025-12-31 21:01:27,427 | INFO     | [Worker_9227] Completed: ATZ-ELQ - 6 results, 0 errors
2025-12-31 21:01:27,429 | INFO     | [Worker_9227] Processing: MED-ATZ
2025-12-31 21:01:27,430 | INFO     |   Tier 0: Range 1, Chunk 4/5 (6 days)
2025-12-31 21:02:05,382 | INFO     | [Worker_9227] Completed: MED-ATZ - 6 results, 0 errors
2025-12-31 21:02:05,385 | INFO     | [Worker_9227] Processing: RUH-ATZ
2025-12-31 21:02:05,386 | INFO     |   Tier 0: Range 1, Chunk 4/5 (6 days)
2025-12-31 21:02:42,831 | INFO     | [Worker_9227] Completed: RUH-ATZ - 6 results, 0 errors
2025-12-31 21:02:42,833 | INFO     | [Worker_9227] Processing: TUU-ATZ
2025-12-31 21:02:42,833 | INFO     |   Tier 0: Range 1, Chunk 4/5 (6 days)
2025-12-31 21:03:03,499 | INFO     | [Worker_9227] Completed: TUU-ATZ - 6 results, 0 errors
2025-12-31 21:03:03,503 | INFO     | [Worker_9227] Processing: YNB-CAI
2025-12-31 21:03:03,503 | INFO     |   Tier 0: Range 1, Chunk 4/5 (6 days)
2025-12-31 21:04:20,001 | INFO     | [Worker_9227] Completed: YNB-CAI - 6 results, 0 errors
2025-12-31 21:04:20,003 | INFO     | [Worker_9227] Processing: ASW-JED
2025-12-31 21:04:20,003 | INFO     |   Tier 0: Range 1, Chunk 4/5 (6 days)
2025-12-31 21:04:31,049 | INFO     | [Worker_9227] Completed: ASW-JED - 6 results, 0 errors
2025-12-31 21:04:31,050 | INFO     | [Worker_9227] Processing: ATZ-RUH
2025-12-31 21:04:31,050 | INFO     |   Tier 0: Range 1, Chunk 4/5 (6 days)
2025-12-31 21:05:10,529 | INFO     | [Worker_9227] Completed: ATZ-RUH - 6 results, 0 errors
2025-12-31 21:05:10,531 | INFO     | [Worker_9227] Processing: CAI-AJF
2025-12-31 21:05:10,532 | INFO     |   Tier 0: Range 1, Chunk 4/5 (6 days)
2025-12-31 21:05:51,664 | INFO     | [Worker_9227] Completed: CAI-AJF - 6 results, 0 errors
2025-12-31 21:05:51,666 | INFO     | [Worker_9227] Processing: MED-CAI
2025-12-31 21:05:51,666 | INFO     |   Tier 0: Range 1, Chunk 5/5 (6 days)
2025-12-31 21:06:39,601 | INFO     | [Worker_9227] Completed: MED-CAI - 5 results, 0 errors
2025-12-31 21:06:39,602 | INFO     | [Worker_9227] Processing: DMM-ATZ
2025-12-31 21:06:39,602 | INFO     |   Tier 0: Range 1, Chunk 5/5 (6 days)
2025-12-31 21:07:05,021 | INFO     | [Worker_9227] Completed: DMM-ATZ - 5 results, 0 errors
2025-12-31 21:07:05,022 | INFO     | [Worker_9227] Processing: TUU-ATZ
2025-12-31 21:07:05,022 | INFO     |   Tier 0: Range 1, Chunk 5/5 (6 days)
2025-12-31 21:07:23,490 | INFO     | [Worker_9227] Completed: TUU-ATZ - 5 results, 0 errors
2025-12-31 21:07:23,492 | INFO     | [Worker_9227] Processing: AHB-ATZ
2025-12-31 21:07:23,492 | INFO     |   Tier 0: Range 1, Chunk 5/5 (6 days)
2025-12-31 21:07:42,793 | INFO     | [Worker_9227] Completed: AHB-ATZ - 5 results, 0 errors
2025-12-31 21:07:42,795 | INFO     | [Worker_9227] Processing: GIZ-CAI
2025-12-31 21:07:42,795 | INFO     |   Tier 0: Range 1, Chunk 5/5 (6 days)
2025-12-31 21:08:05,310 | INFO     | [Worker_9227] Completed: GIZ-CAI - 5 results, 0 errors
2025-12-31 21:08:05,312 | INFO     | [Worker_9227] Processing: HBE-JED
2025-12-31 21:08:05,312 | INFO     |   Tier 0: Range 1, Chunk 5/5 (6 days)
2025-12-31 21:09:20,734 | INFO     | [Worker_9227] Completed: HBE-JED - 5 results, 0 errors
2025-12-31 21:09:20,735 | INFO     | [Worker_9227] Processing: ATZ-ELQ
2025-12-31 21:09:20,735 | INFO     |   Tier 0: Range 1, Chunk 5/5 (6 days)
2025-12-31 21:09:39,012 | INFO     | [Worker_9227] Completed: ATZ-ELQ - 5 results, 0 errors
2025-12-31 21:34:16,549 | INFO     | [Worker_9227] Shutdown signal received, exiting...
2025-12-31 21:34:16,557 | INFO     | [Worker_9227] Finished. Processed 27 groups.
