2025-12-31 20:49:32,259 | INFO     | [Worker_9232] Completed: JED-ASW - 7 results, 0 errors
2025-12-31 20:49:32,261 | INFO     | [Worker_9232] Processing: RUH-ATZ
2025-12-31 20:49:32,261 | INFO     |   Tier 0: Range 1, Chunk 1/5 (7 days)
2025-12-31 20:50:07,437 | INFO     | [Worker_9232] Completed: RUH-ATZ - 7 results, 0 errors
2025-12-31 20:50:07,439 | INFO     | [Worker_9232] Processing: AJF-CAI
2025-12-31 20:50:07,439 | INFO     |   Tier 0: Range 1, Chunk 1/5 (7 days)
2025-12-31 20:50:33,717 | INFO     | [Worker_9232] Completed: AJF-CAI - 7 results, 0 errors
2025-12-31 20:50:33,719 | INFO     | [Worker_9232] Processing: GIZ-CAI
2025-12-31 20:50:33,719 | INFO     |   Tier 0: Range 1, Chunk 1/5 (7 days)
2025-12-31 20:51:00,540 | INFO     | [Worker_9232] Completed: GIZ-CAI - 7 results, 0 errors
2025-12-31 20:51:00,543 | INFO     | [Worker_9232] Processing: HBE-JED
2025-12-31 20:51:00,543 | INFO     |   Tier 0: Range 1, Chunk 1/5 (7 days)
2025-12-31 20:52:50,979 | INFO     | [Worker_9232] Completed: HBE-JED - 7 results, 0 errors
2025-12-31 20:52:50,987 | INFO     | [Worker_9232] Processing: MED-CAI
2025-12-31 20:52:50,988 | INFO     |   Tier 0: Range 1, Chunk 2/5 (7 days)
2025-12-31 20:53:46,993 | INFO     | [Worker_9232] Completed: MED-CAI - 7 results, 0 errors
2025-12-31 20:53:46,995 | INFO     | [Worker_9232] Processing: DMM-ATZ
2025-12-31 20:53:46,995 | INFO     |   Tier 0: Range 1, Chunk 2/5 (7 days)
2025-12-31 20:54:11,712 | INFO     | [Worker_9232] Completed: DMM-ATZ - 7 results, 0 errors
2025-12-31 20:54:11,713 | INFO     | [Worker_9232] Processing: AJF-CAI
2025-12-31 20:54:11,714 | INFO     |   Tier 0: Range 1, Chunk 2/5 (7 days)
2025-12-31 20:54:41,853 | INFO     | [Worker_9232] Completed: AJF-CAI - 7 results, 0 errors
2025-12-31 20:54:41,855 | INFO     | [Worker_9232] Processing: ELQ-ATZ
2025-12-31 20:54:41,855 | INFO     |   Tier 0: Range 1, Chunk 2/5 (7 days)
2025-12-31 20:55:10,413 | INFO     | [Worker_9232] Completed: ELQ-ATZ - 7 results, 0 errors
2025-12-31 20:55:10,415 | INFO     | [Worker_9232] Processing: ATZ-JED
2025-12-31 20:55:10,415 | INFO     |   Tier 0: Range 1, Chunk 2/5 (7 days)
2025-12-31 20:57:15,022 | INFO     | [Worker_9232] Completed: ATZ-JED - 7 results, 0 errors
2025-12-31 20:57:15,024 | INFO     | [Worker_9232] Processing: JED-ASW
2025-12-31 20:57:15,024 | INFO     |   Tier 0: Range 1, Chunk 3/5 (6 days)
2025-12-31 20:58:52,803 | INFO     | [Worker_9232] Completed: JED-ASW - 6 results, 0 errors
2025-12-31 20:58:52,805 | INFO     | [Worker_9232] Processing: AHB-ATZ
2025-12-31 20:58:52,805 | INFO     |   Tier 0: Range 1, Chunk 3/5 (6 days)
2025-12-31 20:59:12,527 | INFO     | [Worker_9232] Completed: AHB-ATZ - 6 results, 0 errors
2025-12-31 20:59:12,530 | INFO     | [Worker_9232] Processing: GIZ-CAI
2025-12-31 20:59:12,530 | INFO     |   Tier 0: Range 1, Chunk 3/5 (6 days)
2025-12-31 20:59:31,548 | INFO     | [Worker_9232] Completed: GIZ-CAI - 6 results, 0 errors
2025-12-31 20:59:31,550 | INFO     | [Worker_9232] Processing: CAI-JED
2025-12-31 20:59:31,550 | INFO     |   Tier 0: Range 1, Chunk 3/5 (6 days)
2025-12-31 21:04:04,580 | INFO     | [Worker_9232] Completed: CAI-JED - 6 results, 0 errors
2025-12-31 21:04:04,582 | INFO     | [Worker_9232] Processing: HBE-JED
2025-12-31 21:04:04,582 | INFO     |   Tier 0: Range 1, Chunk 4/5 (6 days)
2025-12-31 21:05:36,407 | INFO     | [Worker_9232] Completed: HBE-JED - 6 results, 0 errors
2025-12-31 21:05:36,411 | INFO     | [Worker_9232] Processing: ATZ-AHB
2025-12-31 21:05:36,411 | INFO     |   Tier 0: Range 1, Chunk 4/5 (6 days)
2025-12-31 21:06:00,028 | INFO     | [Worker_9232] Completed: ATZ-AHB - 6 results, 0 errors
2025-12-31 21:06:00,030 | INFO     | [Worker_9232] Processing: MED-HBE
2025-12-31 21:06:00,030 | INFO     |   Tier 0: Range 1, Chunk 5/5 (6 days)
2025-12-31 21:06:29,602 | INFO     | [Worker_9232] Completed: MED-HBE - 5 results, 0 errors
2025-12-31 21:06:29,605 | INFO     | [Worker_9232] Processing: JED-ASW
2025-12-31 21:06:29,606 | INFO     |   Tier 0: Range 1, Chunk 5/5 (6 days)
2025-12-31 21:06:39,256 | INFO     | [Worker_9232] Completed: JED-ASW - 5 results, 0 errors
2025-12-31 21:06:39,257 | INFO     | [Worker_9232] Processing: DMM-CAI
2025-12-31 21:06:39,257 | INFO     |   Tier 0: Range 1, Chunk 5/5 (6 days)
2025-12-31 21:07:09,996 | INFO     | [Worker_9232] Completed: DMM-CAI - 5 results, 0 errors
2025-12-31 21:07:09,999 | INFO     | [Worker_9232] Processing: AJF-CAI
2025-12-31 21:07:10,000 | INFO     |   Tier 0: Range 1, Chunk 5/5 (6 days)
2025-12-31 21:07:55,598 | INFO     | [Worker_9232] Completed: AJF-CAI - 5 results, 0 errors
2025-12-31 21:07:55,599 | INFO     | [Worker_9232] Processing: HBE-MED
2025-12-31 21:07:55,599 | INFO     |   Tier 0: Range 1, Chunk 5/5 (6 days)
2025-12-31 21:08:22,373 | INFO     | [Worker_9232] Completed: HBE-MED - 5 results, 0 errors
2025-12-31 21:08:22,374 | INFO     | [Worker_9232] Processing: ATZ-RUH
2025-12-31 21:08:22,374 | INFO     |   Tier 0: Range 1, Chunk 5/5 (6 days)
2025-12-31 21:08:40,848 | INFO     | [Worker_9232] Completed: ATZ-RUH - 5 results, 0 errors
2025-12-31 21:08:40,849 | INFO     | [Worker_9232] Processing: CAI-TUU
2025-12-31 21:08:40,850 | INFO     |   Tier 0: Range 1, Chunk 5/5 (6 days)
2025-12-31 21:09:04,142 | INFO     | [Worker_9232] Completed: CAI-TUU - 5 results, 0 errors
2025-12-31 21:09:04,144 | INFO     | [Worker_9232] Processing: CAI-YNB
2025-12-31 21:09:04,144 | INFO     |   Tier 0: Range 1, Chunk 5/5 (6 days)
2025-12-31 21:09:53,649 | INFO     | [Worker_9232] Completed: CAI-YNB - 5 results, 0 errors
2025-12-31 21:34:16,234 | INFO     | [Worker_9232] Shutdown signal received, exiting...
2025-12-31 21:34:16,241 | INFO     | [Worker_9232] Finished. Processed 24 groups.
