2025-12-31 20:51:03,323 | INFO     | [Worker_9234] Completed: JED-HBE - 7 results, 0 errors
2025-12-31 20:51:03,325 | INFO     | [Worker_9234] Processing: ATZ-JED
2025-12-31 20:51:03,326 | INFO     |   Tier 0: Range 1, Chunk 1/5 (7 days)
2025-12-31 20:53:03,011 | INFO     | [Worker_9234] Completed: ATZ-JED - 7 results, 0 errors
2025-12-31 20:53:03,015 | INFO     | [Worker_9234] Processing: JED-CAI
2025-12-31 20:53:03,015 | INFO     |   Tier 0: Range 1, Chunk 2/5 (7 days)
2025-12-31 20:56:47,330 | INFO     | [Worker_9234] Completed: JED-CAI - 7 results, 0 errors
2025-12-31 20:56:47,334 | INFO     | [Worker_9234] Processing: MED-CAI
2025-12-31 20:56:47,335 | INFO     |   Tier 0: Range 1, Chunk 3/5 (6 days)
2025-12-31 20:57:33,342 | INFO     | [Worker_9234] Completed: MED-CAI - 6 results, 0 errors
2025-12-31 20:57:33,345 | INFO     | [Worker_9234] Processing: RUH-ATZ
2025-12-31 20:57:33,345 | INFO     |   Tier 0: Range 1, Chunk 3/5 (6 days)
2025-12-31 20:58:02,166 | INFO     | [Worker_9234] Completed: RUH-ATZ - 6 results, 0 errors
2025-12-31 20:58:02,167 | INFO     | [Worker_9234] Processing: DMM-ATZ
2025-12-31 20:58:02,167 | INFO     |   Tier 0: Range 1, Chunk 3/5 (6 days)
2025-12-31 20:58:26,997 | INFO     | [Worker_9234] Completed: DMM-ATZ - 6 results, 0 errors
2025-12-31 20:58:26,998 | INFO     | [Worker_9234] Processing: AJF-CAI
2025-12-31 20:58:26,998 | INFO     |   Tier 0: Range 1, Chunk 3/5 (6 days)
2025-12-31 20:58:59,325 | INFO     | [Worker_9234] Completed: AJF-CAI - 6 results, 0 errors
2025-12-31 20:58:59,327 | INFO     | [Worker_9234] Processing: ELQ-ATZ
2025-12-31 20:58:59,327 | INFO     |   Tier 0: Range 1, Chunk 3/5 (6 days)
2025-12-31 20:59:24,732 | INFO     | [Worker_9234] Completed: ELQ-ATZ - 6 results, 0 errors
2025-12-31 20:59:24,733 | INFO     | [Worker_9234] Processing: ATZ-MED
2025-12-31 20:59:24,733 | INFO     |   Tier 0: Range 1, Chunk 3/5 (6 days)
2025-12-31 21:00:02,199 | INFO     | [Worker_9234] Completed: ATZ-MED - 6 results, 0 errors
2025-12-31 21:00:02,200 | INFO     | [Worker_9234] Processing: CAI-DMM
2025-12-31 21:00:02,200 | INFO     |   Tier 0: Range 1, Chunk 3/5 (6 days)
2025-12-31 21:00:45,470 | INFO     | [Worker_9234] Completed: CAI-DMM - 6 results, 0 errors
2025-12-31 21:00:45,473 | INFO     | [Worker_9234] Processing: CAI-YNB
2025-12-31 21:00:45,473 | INFO     |   Tier 0: Range 1, Chunk 3/5 (6 days)
2025-12-31 21:01:35,521 | INFO     | [Worker_9234] Completed: CAI-YNB - 6 results, 0 errors
2025-12-31 21:01:35,523 | INFO     | [Worker_9234] Processing: JED-LXR
2025-12-31 21:01:35,523 | INFO     |   Tier 0: Range 1, Chunk 4/5 (6 days)
2025-12-31 21:02:35,929 | INFO     | [Worker_9234] Completed: JED-LXR - 6 results, 0 errors
2025-12-31 21:02:35,931 | INFO     | [Worker_9234] Processing: TUU-CAI
2025-12-31 21:02:35,931 | INFO     |   Tier 0: Range 1, Chunk 4/5 (6 days)
2025-12-31 21:03:23,310 | INFO     | [Worker_9234] Completed: TUU-CAI - 6 results, 0 errors
2025-12-31 21:03:23,315 | INFO     | [Worker_9234] Processing: ELQ-CAI
2025-12-31 21:03:23,316 | INFO     |   Tier 0: Range 1, Chunk 4/5 (6 days)
2025-12-31 21:04:03,054 | INFO     | [Worker_9234] Completed: ELQ-CAI - 6 results, 0 errors
2025-12-31 21:04:03,055 | INFO     | [Worker_9234] Processing: HBE-MED
2025-12-31 21:04:03,055 | INFO     |   Tier 0: Range 1, Chunk 4/5 (6 days)
2025-12-31 21:04:42,694 | INFO     | [Worker_9234] Completed: HBE-MED - 6 results, 0 errors
2025-12-31 21:04:42,696 | INFO     | [Worker_9234] Processing: CAI-TUU
2025-12-31 21:04:42,696 | INFO     |   Tier 0: Range 1, Chunk 4/5 (6 days)
2025-12-31 21:05:16,148 | INFO     | [Worker_9234] Completed: CAI-TUU - 6 results, 0 errors
2025-12-31 21:05:16,149 | INFO     | [Worker_9234] Processing: CAI-YNB
2025-12-31 21:05:16,150 | INFO     |   Tier 0: Range 1, Chunk 4/5 (6 days)
2025-12-31 21:06:15,517 | INFO     | [Worker_9234] Completed: CAI-YNB - 6 results, 0 errors
2025-12-31 21:06:15,519 | INFO     | [Worker_9234] Processing: JED-ATZ
2025-12-31 21:06:15,519 | INFO     |   Tier 0: Range 1, Chunk 5/5 (6 days)
2025-12-31 21:08:21,114 | INFO     | [Worker_9234] Completed: JED-ATZ - 5 results, 0 errors
2025-12-31 21:08:21,117 | INFO     | [Worker_9234] Processing: ASW-JED
2025-12-31 21:08:21,118 | INFO     |   Tier 0: Range 1, Chunk 5/5 (6 days)
2025-12-31 21:08:30,696 | INFO     | [Worker_9234] Completed: ASW-JED - 5 results, 0 errors
2025-12-31 21:08:30,698 | INFO     | [Worker_9234] Processing: ATZ-DMM
2025-12-31 21:08:30,698 | INFO     |   Tier 0: Range 1, Chunk 5/5 (6 days)
2025-12-31 21:08:57,352 | INFO     | [Worker_9234] Completed: ATZ-DMM - 5 results, 0 errors
2025-12-31 21:08:57,354 | INFO     | [Worker_9234] Processing: CAI-AJF
2025-12-31 21:08:57,354 | INFO     |   Tier 0: Range 1, Chunk 5/5 (6 days)
2025-12-31 21:09:24,079 | INFO     | [Worker_9234] Completed: CAI-AJF - 5 results, 0 errors
2025-12-31 21:09:24,080 | INFO     | [Worker_9234] Processing: CAI-GIZ
2025-12-31 21:09:24,080 | INFO     |   Tier 0: Range 1, Chunk 5/5 (6 days)
2025-12-31 21:09:49,192 | INFO     | [Worker_9234] Completed: CAI-GIZ - 5 results, 0 errors
2025-12-31 21:34:16,687 | INFO     | [Worker_9234] Shutdown signal received, exiting...
2025-12-31 21:34:16,695 | INFO     | [Worker_9234] Finished. Processed 22 groups.
