2026-01-05 17:11:09 | INFO     | ======================================================================
2026-01-05 17:11:09 | INFO     | Load Factor Scraper Started - Route: ATZ-RUH
2026-01-05 17:11:09 | INFO     | Log file: D:\CODERED\LAB\market_insights\outputs\run_generated_050126_at_16.47\logs\LF_ATZ-RUH_20260105_171109.log
2026-01-05 17:11:09 | INFO     | Enhanced logging: Capturing both logging.info() and print()
2026-01-05 17:11:09 | INFO     | ======================================================================
2026-01-05 17:11:09 | INFO     | Starting LF search for route: ATZ-RUH
2026-01-05 17:11:09 | INFO     | [START] LF Search
2026-01-05 17:11:10 | INFO     | [HEALTH CHECK] [OK] Chrome connection is healthy
2026-01-05 17:11:10 | INFO     | [DAY_START] Processing 18FEB
2026-01-05 17:11:10 | INFO     | [lf.day.start] Processing ATZ-RUH for 18FEB
2026-01-05 17:11:12 | INFO     | [lf.day.flights_found] Found 1 flights on 18FEB
2026-01-05 17:11:14 | INFO     | [lf.flight.extracted] SM465 on 18FEB: BKG=5, LF=2.8%
2026-01-05 17:11:17 | INFO     | [SUCCESS] Day 18FEB
2026-01-05 17:11:17 | INFO     | [DAY_START] Processing 17FEB
2026-01-05 17:11:17 | INFO     | [lf.day.start] Processing ATZ-RUH for 17FEB
2026-01-05 17:11:19 | INFO     | [lf.day.flights_found] Found 1 flights on 17FEB
2026-01-05 17:11:21 | INFO     | [lf.flight.extracted] SM463 on 17FEB: BKG=0, LF=0.0%
2026-01-05 17:11:22 | INFO     | [SUCCESS] Day 17FEB
2026-01-05 17:11:22 | INFO     | [DAY_START] Processing 16FEB
2026-01-05 17:11:22 | INFO     | [lf.day.start] Processing ATZ-RUH for 16FEB
2026-01-05 17:11:23 | WARNING  | [lf.day.no_flights] No direct flights on 16FEB
2026-01-05 17:11:23 | INFO     | [SUCCESS] Day 16FEB
2026-01-05 17:11:23 | INFO     | [DAY_START] Processing 15FEB
2026-01-05 17:11:23 | INFO     | [lf.day.start] Processing ATZ-RUH for 15FEB
2026-01-05 17:11:24 | INFO     | [lf.day.flights_found] Found 1 flights on 15FEB
2026-01-05 17:11:27 | INFO     | [lf.flight.extracted] SM463 on 15FEB: BKG=9, LF=5.0%
2026-01-05 17:11:30 | INFO     | [SUCCESS] Day 15FEB
2026-01-05 17:11:30 | INFO     | [DAY_START] Processing 14FEB
2026-01-05 17:11:30 | INFO     | [lf.day.start] Processing ATZ-RUH for 14FEB
2026-01-05 17:11:31 | WARNING  | [lf.day.no_flights] No direct flights on 14FEB
2026-01-05 17:11:31 | INFO     | [SUCCESS] Day 14FEB
2026-01-05 17:11:31 | INFO     | [DAY_START] Processing 13FEB
2026-01-05 17:11:31 | INFO     | [lf.day.start] Processing ATZ-RUH for 13FEB
2026-01-05 17:11:32 | WARNING  | [lf.day.no_flights] No direct flights on 13FEB
2026-01-05 17:11:32 | INFO     | [SUCCESS] Day 13FEB
2026-01-05 17:11:32 | INFO     | [DAY_START] Processing 12FEB
2026-01-05 17:11:32 | INFO     | [lf.day.start] Processing ATZ-RUH for 12FEB
2026-01-05 17:11:34 | WARNING  | [lf.day.no_flights] No direct flights on 12FEB
2026-01-05 17:11:34 | INFO     | [SUCCESS] Day 12FEB
2026-01-05 17:11:34 | INFO     | [DAY_START] Processing 11FEB
2026-01-05 17:11:34 | INFO     | [lf.day.start] Processing ATZ-RUH for 11FEB
2026-01-05 17:11:35 | INFO     | [lf.day.flights_found] Found 1 flights on 11FEB
2026-01-05 17:11:40 | INFO     | [lf.flight.extracted] SM465 on 11FEB: BKG=5, LF=2.8%
2026-01-05 17:11:42 | INFO     | [SUCCESS] Day 11FEB
2026-01-05 17:11:42 | INFO     | [DAY_START] Processing 10FEB
2026-01-05 17:11:42 | INFO     | [lf.day.start] Processing ATZ-RUH for 10FEB
2026-01-05 17:11:44 | INFO     | [lf.day.flights_found] Found 1 flights on 10FEB
2026-01-05 17:11:47 | INFO     | [lf.flight.extracted] SM463 on 10FEB: BKG=6, LF=3.4%
2026-01-05 17:11:51 | INFO     | [SUCCESS] Day 10FEB
2026-01-05 17:11:51 | INFO     | [SUCCESS] LF Search Complete
2026-01-05 17:11:53 | INFO     | [Worker_9224] Completed: ATZ-RUH - 9 results, 0 errors
2026-01-05 17:11:53 | INFO     | [Worker_9224] Processing: ATZ-TUU
2026-01-05 17:11:53 | INFO     |   Tier 0: Range 2, Chunk 2/3 (9 days)
