2026-01-05 17:06:19 | INFO     | ======================================================================
2026-01-05 17:06:19 | INFO     | Load Factor Scraper Started - Route: ATZ-AJF
2026-01-05 17:06:19 | INFO     | Log file: D:\CODERED\LAB\market_insights\outputs\run_generated_050126_at_16.47\logs\LF_ATZ-AJF_20260105_170619.log
2026-01-05 17:06:19 | INFO     | Enhanced logging: Capturing both logging.info() and print()
2026-01-05 17:06:19 | INFO     | ======================================================================
2026-01-05 17:06:19 | INFO     | Starting LF search for route: ATZ-AJF
2026-01-05 17:06:19 | INFO     | [START] LF Search
2026-01-05 17:06:20 | INFO     | [HEALTH CHECK] [OK] Chrome connection is healthy
2026-01-05 17:06:20 | INFO     | [DAY_START] Processing 28FEB
2026-01-05 17:06:20 | INFO     | [lf.day.start] Processing ATZ-AJF for 28FEB
2026-01-05 17:06:22 | WARNING  | [lf.day.no_flights] No direct flights on 28FEB
2026-01-05 17:06:22 | INFO     | [SUCCESS] Day 28FEB
2026-01-05 17:06:22 | INFO     | [DAY_START] Processing 27FEB
2026-01-05 17:06:22 | INFO     | [lf.day.start] Processing ATZ-AJF for 27FEB
2026-01-05 17:06:23 | INFO     | [lf.day.flights_found] Found 1 flights on 27FEB
2026-01-05 17:06:25 | INFO     | [lf.flight.extracted] SM323 on 27FEB: BKG=2, LF=1.1%
2026-01-05 17:06:28 | INFO     | [SUCCESS] Day 27FEB
2026-01-05 17:06:28 | INFO     | [DAY_START] Processing 26FEB
2026-01-05 17:06:28 | INFO     | [lf.day.start] Processing ATZ-AJF for 26FEB
2026-01-05 17:06:29 | WARNING  | [lf.day.no_flights] No direct flights on 26FEB
2026-01-05 17:06:29 | INFO     | [SUCCESS] Day 26FEB
2026-01-05 17:06:29 | INFO     | [DAY_START] Processing 25FEB
2026-01-05 17:06:29 | INFO     | [lf.day.start] Processing ATZ-AJF for 25FEB
2026-01-05 17:06:30 | WARNING  | [lf.day.no_flights] No direct flights on 25FEB
2026-01-05 17:06:30 | INFO     | [SUCCESS] Day 25FEB
2026-01-05 17:06:30 | INFO     | [DAY_START] Processing 24FEB
2026-01-05 17:06:30 | INFO     | [lf.day.start] Processing ATZ-AJF for 24FEB
2026-01-05 17:06:31 | WARNING  | [lf.day.no_flights] No direct flights on 24FEB
2026-01-05 17:06:31 | INFO     | [SUCCESS] Day 24FEB
2026-01-05 17:06:31 | INFO     | [DAY_START] Processing 23FEB
2026-01-05 17:06:31 | INFO     | [lf.day.start] Processing ATZ-AJF for 23FEB
2026-01-05 17:06:32 | WARNING  | [lf.day.no_flights] No direct flights on 23FEB
2026-01-05 17:06:33 | INFO     | [SUCCESS] Day 23FEB
2026-01-05 17:06:33 | INFO     | [DAY_START] Processing 22FEB
2026-01-05 17:06:33 | INFO     | [lf.day.start] Processing ATZ-AJF for 22FEB
2026-01-05 17:06:34 | WARNING  | [lf.day.no_flights] No direct flights on 22FEB
2026-01-05 17:06:34 | INFO     | [SUCCESS] Day 22FEB
2026-01-05 17:06:34 | INFO     | [DAY_START] Processing 21FEB
2026-01-05 17:06:34 | INFO     | [lf.day.start] Processing ATZ-AJF for 21FEB
2026-01-05 17:06:35 | WARNING  | [lf.day.no_flights] No direct flights on 21FEB
2026-01-05 17:06:35 | INFO     | [SUCCESS] Day 21FEB
2026-01-05 17:06:35 | INFO     | [DAY_START] Processing 20FEB
2026-01-05 17:06:35 | INFO     | [lf.day.start] Processing ATZ-AJF for 20FEB
2026-01-05 17:06:36 | INFO     | [lf.day.flights_found] Found 1 flights on 20FEB
2026-01-05 17:06:39 | INFO     | [lf.flight.extracted] SM323 on 20FEB: BKG=0, LF=0.0%
2026-01-05 17:06:40 | INFO     | [SUCCESS] Day 20FEB
2026-01-05 17:06:40 | INFO     | [DAY_START] Processing 19FEB
2026-01-05 17:06:40 | INFO     | [lf.day.start] Processing ATZ-AJF for 19FEB
2026-01-05 17:06:41 | WARNING  | [lf.day.no_flights] No direct flights on 19FEB
2026-01-05 17:06:41 | INFO     | [SUCCESS] Day 19FEB
2026-01-05 17:06:41 | INFO     | [SUCCESS] LF Search Complete
2026-01-05 17:06:43 | INFO     | [Worker_9223] Completed: ATZ-AJF - 10 results, 0 errors
2026-01-05 17:06:43 | INFO     | [Worker_9223] Processing: ATZ-ELQ
2026-01-05 17:06:43 | INFO     |   Tier 0: Range 2, Chunk 1/3 (10 days)
