2026-01-05 17:16:33 | INFO     | ======================================================================
2026-01-05 17:16:33 | INFO     | Load Factor Scraper Started - Route: ATZ-DMM
2026-01-05 17:16:33 | INFO     | Log file: D:\CODERED\LAB\market_insights\outputs\run_generated_050126_at_16.47\logs\LF_ATZ-DMM_20260105_171633.log
2026-01-05 17:16:33 | INFO     | Enhanced logging: Capturing both logging.info() and print()
2026-01-05 17:16:33 | INFO     | ======================================================================
2026-01-05 17:16:33 | INFO     | Starting LF search for route: ATZ-DMM
2026-01-05 17:16:33 | INFO     | [START] LF Search
2026-01-05 17:16:34 | INFO     | [HEALTH CHECK] [OK] Chrome connection is healthy
2026-01-05 17:16:34 | INFO     | [DAY_START] Processing 09FEB
2026-01-05 17:16:34 | INFO     | [lf.day.start] Processing ATZ-DMM for 09FEB
2026-01-05 17:16:36 | INFO     | [lf.day.flights_found] Found 1 flights on 09FEB
2026-01-05 17:16:38 | INFO     | [lf.flight.extracted] SM437 on 09FEB: BKG=6, LF=3.4%
2026-01-05 17:16:41 | INFO     | [SUCCESS] Day 09FEB
2026-01-05 17:16:41 | INFO     | [DAY_START] Processing 08FEB
2026-01-05 17:16:41 | INFO     | [lf.day.start] Processing ATZ-DMM for 08FEB
2026-01-05 17:16:43 | WARNING  | [lf.day.no_flights] No direct flights on 08FEB
2026-01-05 17:16:43 | INFO     | [SUCCESS] Day 08FEB
2026-01-05 17:16:43 | INFO     | [DAY_START] Processing 07FEB
2026-01-05 17:16:43 | INFO     | [lf.day.start] Processing ATZ-DMM for 07FEB
2026-01-05 17:16:44 | WARNING  | [lf.day.no_flights] No direct flights on 07FEB
2026-01-05 17:16:44 | INFO     | [SUCCESS] Day 07FEB
2026-01-05 17:16:44 | INFO     | [DAY_START] Processing 06FEB
2026-01-05 17:16:44 | INFO     | [lf.day.start] Processing ATZ-DMM for 06FEB
2026-01-05 17:16:45 | INFO     | [lf.day.flights_found] Found 1 flights on 06FEB
2026-01-05 17:16:47 | INFO     | [lf.flight.extracted] SM437 on 06FEB: BKG=11, LF=6.2%
2026-01-05 17:16:51 | INFO     | [SUCCESS] Day 06FEB
2026-01-05 17:16:51 | INFO     | [DAY_START] Processing 05FEB
2026-01-05 17:16:51 | INFO     | [lf.day.start] Processing ATZ-DMM for 05FEB
2026-01-05 17:16:52 | WARNING  | [lf.day.no_flights] No direct flights on 05FEB
2026-01-05 17:16:52 | INFO     | [SUCCESS] Day 05FEB
2026-01-05 17:16:52 | INFO     | [DAY_START] Processing 04FEB
2026-01-05 17:16:52 | INFO     | [lf.day.start] Processing ATZ-DMM for 04FEB
2026-01-05 17:16:54 | WARNING  | [lf.day.no_flights] No direct flights on 04FEB
2026-01-05 17:16:54 | INFO     | [SUCCESS] Day 04FEB
2026-01-05 17:16:54 | INFO     | [DAY_START] Processing 03FEB
2026-01-05 17:16:54 | INFO     | [lf.day.start] Processing ATZ-DMM for 03FEB
2026-01-05 17:16:55 | WARNING  | [lf.day.no_flights] No direct flights on 03FEB
2026-01-05 17:16:56 | INFO     | [SUCCESS] Day 03FEB
2026-01-05 17:16:56 | INFO     | [DAY_START] Processing 02FEB
2026-01-05 17:16:56 | INFO     | [lf.day.start] Processing ATZ-DMM for 02FEB
2026-01-05 17:16:57 | INFO     | [lf.day.flights_found] Found 1 flights on 02FEB
2026-01-05 17:16:59 | INFO     | [lf.flight.extracted] SM437 on 02FEB: BKG=18, LF=10.1%
2026-01-05 17:17:02 | INFO     | [SUCCESS] Day 02FEB
2026-01-05 17:17:02 | INFO     | [DAY_START] Processing 01FEB
2026-01-05 17:17:02 | INFO     | [lf.day.start] Processing ATZ-DMM for 01FEB
2026-01-05 17:17:04 | WARNING  | [lf.day.no_flights] No direct flights on 01FEB
2026-01-05 17:17:04 | INFO     | [SUCCESS] Day 01FEB
2026-01-05 17:17:04 | INFO     | [SUCCESS] LF Search Complete
2026-01-05 17:17:06 | INFO     | [Worker_9234] Completed: ATZ-DMM - 9 results, 0 errors
2026-01-05 17:17:06 | INFO     | [Worker_9234] Processing: CAI-AJF
2026-01-05 17:17:06 | INFO     |   Tier 0: Range 2, Chunk 3/3 (9 days)
