2026-01-05 16:59:21 | INFO     | ======================================================================
2026-01-05 16:59:21 | INFO     | Load Factor Scraper Started - Route: AJF-CAI
2026-01-05 16:59:21 | INFO     | Log file: D:\CODERED\LAB\market_insights\outputs\run_generated_050126_at_16.47\logs\LF_AJF-CAI_20260105_165921.log
2026-01-05 16:59:21 | INFO     | Enhanced logging: Capturing both logging.info() and print()
2026-01-05 16:59:21 | INFO     | ======================================================================
2026-01-05 16:59:21 | INFO     | Starting LF search for route: AJF-CAI
2026-01-05 16:59:21 | INFO     | [START] LF Search
2026-01-05 16:59:22 | INFO     | [HEALTH CHECK] [OK] Chrome connection is healthy
2026-01-05 16:59:23 | INFO     | [DAY_START] Processing 07MAR
2026-01-05 16:59:23 | INFO     | [lf.day.start] Processing AJF-CAI for 07MAR
2026-01-05 16:59:24 | INFO     | [lf.day.flights_found] Found 1 flights on 07MAR
2026-01-05 16:59:26 | INFO     | [lf.flight.extracted] SM322 on 07MAR: BKG=16, LF=9.1%
2026-01-05 16:59:28 | INFO     | [SUCCESS] Day 07MAR
2026-01-05 16:59:28 | INFO     | [DAY_START] Processing 06MAR
2026-01-05 16:59:28 | INFO     | [lf.day.start] Processing AJF-CAI for 06MAR
2026-01-05 16:59:30 | WARNING  | [lf.day.no_flights] No direct flights on 06MAR
2026-01-05 16:59:30 | INFO     | [SUCCESS] Day 06MAR
2026-01-05 16:59:30 | INFO     | [DAY_START] Processing 05MAR
2026-01-05 16:59:30 | INFO     | [lf.day.start] Processing AJF-CAI for 05MAR
2026-01-05 16:59:31 | INFO     | [lf.day.flights_found] Found 1 flights on 05MAR
2026-01-05 16:59:33 | INFO     | [lf.flight.extracted] SM322 on 05MAR: BKG=35, LF=21.0%
2026-01-05 16:59:37 | INFO     | [SUCCESS] Day 05MAR
2026-01-05 16:59:37 | INFO     | [DAY_START] Processing 04MAR
2026-01-05 16:59:37 | INFO     | [lf.day.start] Processing AJF-CAI for 04MAR
2026-01-05 16:59:38 | WARNING  | [lf.day.no_flights] No direct flights on 04MAR
2026-01-05 16:59:38 | INFO     | [SUCCESS] Day 04MAR
2026-01-05 16:59:38 | INFO     | [DAY_START] Processing 03MAR
2026-01-05 16:59:38 | INFO     | [lf.day.start] Processing AJF-CAI for 03MAR
2026-01-05 16:59:39 | INFO     | [lf.day.flights_found] Found 1 flights on 03MAR
2026-01-05 16:59:41 | INFO     | [lf.flight.extracted] SM322 on 03MAR: BKG=20, LF=11.4%
2026-01-05 16:59:44 | INFO     | [SUCCESS] Day 03MAR
2026-01-05 16:59:44 | INFO     | [DAY_START] Processing 02MAR
2026-01-05 16:59:44 | INFO     | [lf.day.start] Processing AJF-CAI for 02MAR
2026-01-05 16:59:45 | WARNING  | [lf.day.no_flights] No direct flights on 02MAR
2026-01-05 16:59:45 | INFO     | [SUCCESS] Day 02MAR
2026-01-05 16:59:45 | INFO     | [DAY_START] Processing 01MAR
2026-01-05 16:59:45 | INFO     | [lf.day.start] Processing AJF-CAI for 01MAR
2026-01-05 16:59:46 | WARNING  | [lf.day.no_flights] No direct flights on 01MAR
2026-01-05 16:59:47 | INFO     | [SUCCESS] Day 01MAR
2026-01-05 16:59:47 | INFO     | [SUCCESS] LF Search Complete
2026-01-05 16:59:49 | INFO     | [Worker_9233] Completed: AJF-CAI - 7 results, 0 errors
2026-01-05 16:59:49 | INFO     | [Worker_9233] Processing: GIZ-CAI
2026-01-05 16:59:49 | INFO     |   Tier 0: Range 3, Chunk 4/4 (7 days)
