2026-01-05 16:59:59 | INFO     | ======================================================================
2026-01-05 16:59:59 | INFO     | Load Factor Scraper Started - Route: ATZ-MED
2026-01-05 16:59:59 | INFO     | Log file: D:\CODERED\LAB\market_insights\outputs\run_generated_050126_at_16.47\logs\LF_ATZ-MED_20260105_165959.log
2026-01-05 16:59:59 | INFO     | Enhanced logging: Capturing both logging.info() and print()
2026-01-05 16:59:59 | INFO     | ======================================================================
2026-01-05 16:59:59 | INFO     | Starting LF search for route: ATZ-MED
2026-01-05 16:59:59 | INFO     | [START] LF Search
2026-01-05 17:00:00 | INFO     | [HEALTH CHECK] [OK] Chrome connection is healthy
2026-01-05 17:00:00 | INFO     | [DAY_START] Processing 07MAR
2026-01-05 17:00:00 | INFO     | [lf.day.start] Processing ATZ-MED for 07MAR
2026-01-05 17:00:01 | INFO     | [lf.day.flights_found] Found 1 flights on 07MAR
2026-01-05 17:00:04 | INFO     | [lf.flight.extracted] SM487 on 07MAR: BKG=7, LF=3.9%
2026-01-05 17:00:06 | INFO     | [SUCCESS] Day 07MAR
2026-01-05 17:00:06 | INFO     | [DAY_START] Processing 06MAR
2026-01-05 17:00:06 | INFO     | [lf.day.start] Processing ATZ-MED for 06MAR
2026-01-05 17:00:08 | WARNING  | [lf.day.no_flights] No direct flights on 06MAR
2026-01-05 17:00:08 | INFO     | [SUCCESS] Day 06MAR
2026-01-05 17:00:08 | INFO     | [DAY_START] Processing 05MAR
2026-01-05 17:00:08 | INFO     | [lf.day.start] Processing ATZ-MED for 05MAR
2026-01-05 17:00:09 | WARNING  | [lf.day.no_flights] No direct flights on 05MAR
2026-01-05 17:00:09 | INFO     | [SUCCESS] Day 05MAR
2026-01-05 17:00:09 | INFO     | [DAY_START] Processing 04MAR
2026-01-05 17:00:09 | INFO     | [lf.day.start] Processing ATZ-MED for 04MAR
2026-01-05 17:00:10 | INFO     | [lf.day.flights_found] Found 1 flights on 04MAR
2026-01-05 17:00:12 | INFO     | [lf.flight.extracted] SM489 on 04MAR: BKG=1, LF=0.6%
2026-01-05 17:00:15 | INFO     | [SUCCESS] Day 04MAR
2026-01-05 17:00:15 | INFO     | [DAY_START] Processing 03MAR
2026-01-05 17:00:15 | INFO     | [lf.day.start] Processing ATZ-MED for 03MAR
2026-01-05 17:00:16 | INFO     | [lf.day.flights_found] Found 1 flights on 03MAR
2026-01-05 17:00:18 | INFO     | [lf.flight.extracted] SM487 on 03MAR: BKG=3, LF=1.7%
2026-01-05 17:00:21 | INFO     | [SUCCESS] Day 03MAR
2026-01-05 17:00:21 | INFO     | [DAY_START] Processing 02MAR
2026-01-05 17:00:21 | INFO     | [lf.day.start] Processing ATZ-MED for 02MAR
2026-01-05 17:00:22 | INFO     | [lf.day.flights_found] Found 1 flights on 02MAR
2026-01-05 17:00:24 | INFO     | [lf.flight.extracted] SM487 on 02MAR: BKG=0, LF=0.0%
2026-01-05 17:00:25 | INFO     | [SUCCESS] Day 02MAR
2026-01-05 17:00:25 | INFO     | [DAY_START] Processing 01MAR
2026-01-05 17:00:25 | INFO     | [lf.day.start] Processing ATZ-MED for 01MAR
2026-01-05 17:00:26 | WARNING  | [lf.day.no_flights] No direct flights on 01MAR
2026-01-05 17:00:26 | INFO     | [SUCCESS] Day 01MAR
2026-01-05 17:00:26 | INFO     | [SUCCESS] LF Search Complete
2026-01-05 17:00:28 | INFO     | [Worker_9225] Completed: ATZ-MED - 7 results, 0 errors
2026-01-05 17:00:28 | INFO     | [Worker_9225] Processing: ATZ-RUH
2026-01-05 17:00:28 | INFO     |   Tier 0: Range 3, Chunk 4/4 (7 days)
