2026-01-05 16:57:58 | INFO     | ======================================================================
2026-01-05 16:57:58 | INFO     | Load Factor Scraper Started - Route: ATZ-AHB
2026-01-05 16:57:58 | INFO     | Log file: D:\CODERED\LAB\market_insights\outputs\run_generated_050126_at_16.47\logs\LF_ATZ-AHB_20260105_165758.log
2026-01-05 16:57:58 | INFO     | Enhanced logging: Capturing both logging.info() and print()
2026-01-05 16:57:58 | INFO     | ======================================================================
2026-01-05 16:57:58 | INFO     | Starting LF search for route: ATZ-AHB
2026-01-05 16:57:58 | INFO     | [START] LF Search
2026-01-05 16:57:59 | INFO     | [HEALTH CHECK] [OK] Chrome connection is healthy
2026-01-05 16:57:59 | INFO     | [DAY_START] Processing 15MAR
2026-01-05 16:57:59 | INFO     | [lf.day.start] Processing ATZ-AHB for 15MAR
2026-01-05 16:58:00 | WARNING  | [lf.day.no_flights] No direct flights on 15MAR
2026-01-05 16:58:00 | INFO     | [SUCCESS] Day 15MAR
2026-01-05 16:58:00 | INFO     | [DAY_START] Processing 14MAR
2026-01-05 16:58:00 | INFO     | [lf.day.start] Processing ATZ-AHB for 14MAR
2026-01-05 16:58:01 | WARNING  | [lf.day.no_flights] No direct flights on 14MAR
2026-01-05 16:58:02 | INFO     | [SUCCESS] Day 14MAR
2026-01-05 16:58:02 | INFO     | [DAY_START] Processing 13MAR
2026-01-05 16:58:02 | INFO     | [lf.day.start] Processing ATZ-AHB for 13MAR
2026-01-05 16:58:03 | INFO     | [lf.day.flights_found] Found 1 flights on 13MAR
2026-01-05 16:58:05 | INFO     | [lf.flight.extracted] SM445 on 13MAR: BKG=5, LF=2.8%
2026-01-05 16:58:07 | INFO     | [SUCCESS] Day 13MAR
2026-01-05 16:58:07 | INFO     | [DAY_START] Processing 12MAR
2026-01-05 16:58:07 | INFO     | [lf.day.start] Processing ATZ-AHB for 12MAR
2026-01-05 16:58:08 | WARNING  | [lf.day.no_flights] No direct flights on 12MAR
2026-01-05 16:58:09 | INFO     | [SUCCESS] Day 12MAR
2026-01-05 16:58:09 | INFO     | [DAY_START] Processing 11MAR
2026-01-05 16:58:09 | INFO     | [lf.day.start] Processing ATZ-AHB for 11MAR
2026-01-05 16:58:10 | WARNING  | [lf.day.no_flights] No direct flights on 11MAR
2026-01-05 16:58:10 | INFO     | [SUCCESS] Day 11MAR
2026-01-05 16:58:10 | INFO     | [DAY_START] Processing 10MAR
2026-01-05 16:58:10 | INFO     | [lf.day.start] Processing ATZ-AHB for 10MAR
2026-01-05 16:58:11 | WARNING  | [lf.day.no_flights] No direct flights on 10MAR
2026-01-05 16:58:11 | INFO     | [SUCCESS] Day 10MAR
2026-01-05 16:58:11 | INFO     | [DAY_START] Processing 09MAR
2026-01-05 16:58:11 | INFO     | [lf.day.start] Processing ATZ-AHB for 09MAR
2026-01-05 16:58:12 | WARNING  | [lf.day.no_flights] No direct flights on 09MAR
2026-01-05 16:58:12 | INFO     | [SUCCESS] Day 09MAR
2026-01-05 16:58:12 | INFO     | [DAY_START] Processing 08MAR
2026-01-05 16:58:12 | INFO     | [lf.day.start] Processing ATZ-AHB for 08MAR
2026-01-05 16:58:13 | WARNING  | [lf.day.no_flights] No direct flights on 08MAR
2026-01-05 16:58:13 | INFO     | [SUCCESS] Day 08MAR
2026-01-05 16:58:13 | INFO     | [SUCCESS] LF Search Complete
2026-01-05 16:58:15 | INFO     | [Worker_9223] Completed: ATZ-AHB - 8 results, 0 errors
2026-01-05 16:58:15 | INFO     | [Worker_9223] Processing: MED-CAI
2026-01-05 16:58:15 | INFO     |   Tier 0: Range 3, Chunk 4/4 (7 days)
