2026-01-05 17:17:14 | INFO     | ======================================================================
2026-01-05 17:17:14 | INFO     | Load Factor Scraper Started - Route: ATZ-AJF
2026-01-05 17:17:14 | INFO     | Log file: D:\CODERED\LAB\market_insights\outputs\run_generated_050126_at_16.47\logs\LF_ATZ-AJF_20260105_171714.log
2026-01-05 17:17:14 | INFO     | Enhanced logging: Capturing both logging.info() and print()
2026-01-05 17:17:14 | INFO     | ======================================================================
2026-01-05 17:17:14 | INFO     | Starting LF search for route: ATZ-AJF
2026-01-05 17:17:14 | INFO     | [START] LF Search
2026-01-05 17:17:15 | INFO     | [HEALTH CHECK] [OK] Chrome connection is healthy
2026-01-05 17:17:15 | INFO     | [DAY_START] Processing 09FEB
2026-01-05 17:17:15 | INFO     | [lf.day.start] Processing ATZ-AJF for 09FEB
2026-01-05 17:17:16 | WARNING  | [lf.day.no_flights] No direct flights on 09FEB
2026-01-05 17:17:16 | INFO     | [SUCCESS] Day 09FEB
2026-01-05 17:17:16 | INFO     | [DAY_START] Processing 08FEB
2026-01-05 17:17:16 | INFO     | [lf.day.start] Processing ATZ-AJF for 08FEB
2026-01-05 17:17:17 | WARNING  | [lf.day.no_flights] No direct flights on 08FEB
2026-01-05 17:17:17 | INFO     | [SUCCESS] Day 08FEB
2026-01-05 17:17:17 | INFO     | [DAY_START] Processing 07FEB
2026-01-05 17:17:17 | INFO     | [lf.day.start] Processing ATZ-AJF for 07FEB
2026-01-05 17:17:18 | WARNING  | [lf.day.no_flights] No direct flights on 07FEB
2026-01-05 17:17:19 | INFO     | [SUCCESS] Day 07FEB
2026-01-05 17:17:19 | INFO     | [DAY_START] Processing 06FEB
2026-01-05 17:17:19 | INFO     | [lf.day.start] Processing ATZ-AJF for 06FEB
2026-01-05 17:17:20 | INFO     | [lf.day.flights_found] Found 1 flights on 06FEB
2026-01-05 17:17:22 | INFO     | [lf.flight.extracted] SM323 on 06FEB: BKG=3, LF=1.7%
2026-01-05 17:17:25 | INFO     | [SUCCESS] Day 06FEB
2026-01-05 17:17:25 | INFO     | [DAY_START] Processing 05FEB
2026-01-05 17:17:25 | INFO     | [lf.day.start] Processing ATZ-AJF for 05FEB
2026-01-05 17:17:26 | WARNING  | [lf.day.no_flights] No direct flights on 05FEB
2026-01-05 17:17:26 | INFO     | [SUCCESS] Day 05FEB
2026-01-05 17:17:26 | INFO     | [DAY_START] Processing 04FEB
2026-01-05 17:17:26 | INFO     | [lf.day.start] Processing ATZ-AJF for 04FEB
2026-01-05 17:17:27 | WARNING  | [lf.day.no_flights] No direct flights on 04FEB
2026-01-05 17:17:27 | INFO     | [SUCCESS] Day 04FEB
2026-01-05 17:17:27 | INFO     | [DAY_START] Processing 03FEB
2026-01-05 17:17:27 | INFO     | [lf.day.start] Processing ATZ-AJF for 03FEB
2026-01-05 17:17:28 | WARNING  | [lf.day.no_flights] No direct flights on 03FEB
2026-01-05 17:17:28 | INFO     | [SUCCESS] Day 03FEB
2026-01-05 17:17:28 | INFO     | [DAY_START] Processing 02FEB
2026-01-05 17:17:28 | INFO     | [lf.day.start] Processing ATZ-AJF for 02FEB
2026-01-05 17:17:29 | WARNING  | [lf.day.no_flights] No direct flights on 02FEB
2026-01-05 17:17:30 | INFO     | [SUCCESS] Day 02FEB
2026-01-05 17:17:30 | INFO     | [DAY_START] Processing 01FEB
2026-01-05 17:17:30 | INFO     | [lf.day.start] Processing ATZ-AJF for 01FEB
2026-01-05 17:17:31 | WARNING  | [lf.day.no_flights] No direct flights on 01FEB
2026-01-05 17:17:31 | INFO     | [SUCCESS] Day 01FEB
2026-01-05 17:17:31 | INFO     | [SUCCESS] LF Search Complete
2026-01-05 17:17:33 | INFO     | [Worker_9226] Completed: ATZ-AJF - 9 results, 0 errors
2026-01-05 17:17:33 | INFO     | [Worker_9226] Processing: ATZ-AHB
2026-01-05 17:17:33 | INFO     |   Tier 0: Range 2, Chunk 3/3 (9 days)
