2026-01-05 17:35:43 | INFO     | ======================================================================
2026-01-05 17:35:43 | INFO     | Load Factor Scraper Started - Route: ATZ-RUH
2026-01-05 17:35:43 | INFO     | Log file: D:\CODERED\LAB\market_insights\outputs\run_generated_050126_at_16.47\logs\LF_ATZ-RUH_20260105_173543.log
2026-01-05 17:35:43 | INFO     | Enhanced logging: Capturing both logging.info() and print()
2026-01-05 17:35:43 | INFO     | ======================================================================
2026-01-05 17:35:43 | INFO     | Starting LF search for route: ATZ-RUH
2026-01-05 17:35:43 | INFO     | [START] LF Search
2026-01-05 17:35:45 | INFO     | [HEALTH CHECK] [OK] Chrome connection is healthy
2026-01-05 17:35:45 | INFO     | [DAY_START] Processing 13JAN
2026-01-05 17:35:45 | INFO     | [lf.day.start] Processing ATZ-RUH for 13JAN
2026-01-05 17:35:47 | INFO     | [lf.day.flights_found] Found 1 flights on 13JAN
2026-01-05 17:35:51 | INFO     | [lf.flight.extracted] SM463 on 13JAN: BKG=93, LF=52.0%
2026-01-05 17:36:00 | INFO     | [SUCCESS] Day 13JAN
2026-01-05 17:36:00 | INFO     | [DAY_START] Processing 12JAN
2026-01-05 17:36:00 | INFO     | [lf.day.start] Processing ATZ-RUH for 12JAN
2026-01-05 17:36:02 | WARNING  | [lf.day.no_flights] No direct flights on 12JAN
2026-01-05 17:36:02 | INFO     | [SUCCESS] Day 12JAN
2026-01-05 17:36:02 | INFO     | [DAY_START] Processing 11JAN
2026-01-05 17:36:02 | INFO     | [lf.day.start] Processing ATZ-RUH for 11JAN
2026-01-05 17:36:05 | INFO     | [lf.day.flights_found] Found 1 flights on 11JAN
2026-01-05 17:36:08 | INFO     | [lf.flight.extracted] SM463 on 11JAN: BKG=121, LF=67.6%
2026-01-05 17:36:18 | INFO     | [SUCCESS] Day 11JAN
2026-01-05 17:36:18 | INFO     | [DAY_START] Processing 10JAN
2026-01-05 17:36:18 | INFO     | [lf.day.start] Processing ATZ-RUH for 10JAN
2026-01-05 17:36:20 | WARNING  | [lf.day.no_flights] No direct flights on 10JAN
2026-01-05 17:36:20 | INFO     | [SUCCESS] Day 10JAN
2026-01-05 17:36:20 | INFO     | [DAY_START] Processing 09JAN
2026-01-05 17:36:20 | INFO     | [lf.day.start] Processing ATZ-RUH for 09JAN
2026-01-05 17:36:22 | WARNING  | [lf.day.no_flights] No direct flights on 09JAN
2026-01-05 17:36:22 | INFO     | [SUCCESS] Day 09JAN
2026-01-05 17:36:22 | INFO     | [DAY_START] Processing 08JAN
2026-01-05 17:36:22 | INFO     | [lf.day.start] Processing ATZ-RUH for 08JAN
2026-01-05 17:36:24 | WARNING  | [lf.day.no_flights] No direct flights on 08JAN
2026-01-05 17:36:24 | INFO     | [SUCCESS] Day 08JAN
2026-01-05 17:36:24 | INFO     | [DAY_START] Processing 07JAN
2026-01-05 17:36:24 | INFO     | [lf.day.start] Processing ATZ-RUH for 07JAN
2026-01-05 17:36:26 | INFO     | [lf.day.flights_found] Found 1 flights on 07JAN
2026-01-05 17:36:29 | INFO     | [lf.flight.extracted] SM465 on 07JAN: BKG=118, LF=65.9%
2026-01-05 17:36:39 | INFO     | [SUCCESS] Day 07JAN
2026-01-05 17:36:39 | INFO     | [DAY_START] Processing 06JAN
2026-01-05 17:36:39 | INFO     | [lf.day.start] Processing ATZ-RUH for 06JAN
2026-01-05 17:36:40 | INFO     | [lf.day.flights_found] Found 1 flights on 06JAN
2026-01-05 17:36:45 | INFO     | [lf.flight.extracted] SM463 on 06JAN: BKG=119, LF=66.5%
2026-01-05 17:36:54 | INFO     | [SUCCESS] Day 06JAN
2026-01-05 17:36:54 | INFO     | [SUCCESS] LF Search Complete
2026-01-05 17:36:56 | INFO     | [Worker_9224] Completed: ATZ-RUH - 8 results, 0 errors
2026-01-05 17:36:56 | INFO     | [Worker_9224] Processing: CAI-YNB
2026-01-05 17:36:56 | INFO     |   Tier 0: Range 1, Chunk 3/3 (9 days)
