2026-01-05 17:11:32 | INFO     | ======================================================================
2026-01-05 17:11:32 | INFO     | Load Factor Scraper Started - Route: ATZ-DMM
2026-01-05 17:11:32 | INFO     | Log file: D:\CODERED\LAB\market_insights\outputs\run_generated_050126_at_16.47\logs\LF_ATZ-DMM_20260105_171132.log
2026-01-05 17:11:32 | INFO     | Enhanced logging: Capturing both logging.info() and print()
2026-01-05 17:11:32 | INFO     | ======================================================================
2026-01-05 17:11:32 | INFO     | Starting LF search for route: ATZ-DMM
2026-01-05 17:11:32 | INFO     | [START] LF Search
2026-01-05 17:11:34 | INFO     | [HEALTH CHECK] [OK] Chrome connection is healthy
2026-01-05 17:11:34 | INFO     | [DAY_START] Processing 18FEB
2026-01-05 17:11:34 | INFO     | [lf.day.start] Processing ATZ-DMM for 18FEB
2026-01-05 17:11:35 | WARNING  | [lf.day.no_flights] No direct flights on 18FEB
2026-01-05 17:11:35 | INFO     | [SUCCESS] Day 18FEB
2026-01-05 17:11:35 | INFO     | [DAY_START] Processing 17FEB
2026-01-05 17:11:35 | INFO     | [lf.day.start] Processing ATZ-DMM for 17FEB
2026-01-05 17:11:37 | WARNING  | [lf.day.no_flights] No direct flights on 17FEB
2026-01-05 17:11:37 | INFO     | [SUCCESS] Day 17FEB
2026-01-05 17:11:37 | INFO     | [DAY_START] Processing 16FEB
2026-01-05 17:11:37 | INFO     | [lf.day.start] Processing ATZ-DMM for 16FEB
2026-01-05 17:11:38 | INFO     | [lf.day.flights_found] Found 1 flights on 16FEB
2026-01-05 17:11:41 | INFO     | [lf.flight.extracted] SM437 on 16FEB: BKG=3, LF=1.7%
2026-01-05 17:11:44 | INFO     | [SUCCESS] Day 16FEB
2026-01-05 17:11:44 | INFO     | [DAY_START] Processing 15FEB
2026-01-05 17:11:44 | INFO     | [lf.day.start] Processing ATZ-DMM for 15FEB
2026-01-05 17:11:45 | WARNING  | [lf.day.no_flights] No direct flights on 15FEB
2026-01-05 17:11:45 | INFO     | [SUCCESS] Day 15FEB
2026-01-05 17:11:45 | INFO     | [DAY_START] Processing 14FEB
2026-01-05 17:11:45 | INFO     | [lf.day.start] Processing ATZ-DMM for 14FEB
2026-01-05 17:11:46 | WARNING  | [lf.day.no_flights] No direct flights on 14FEB
2026-01-05 17:11:46 | INFO     | [SUCCESS] Day 14FEB
2026-01-05 17:11:46 | INFO     | [DAY_START] Processing 13FEB
2026-01-05 17:11:46 | INFO     | [lf.day.start] Processing ATZ-DMM for 13FEB
2026-01-05 17:11:48 | INFO     | [lf.day.flights_found] Found 1 flights on 13FEB
2026-01-05 17:11:50 | INFO     | [lf.flight.extracted] SM437 on 13FEB: BKG=10, LF=5.6%
2026-01-05 17:11:53 | INFO     | [SUCCESS] Day 13FEB
2026-01-05 17:11:53 | INFO     | [DAY_START] Processing 12FEB
2026-01-05 17:11:53 | INFO     | [lf.day.start] Processing ATZ-DMM for 12FEB
2026-01-05 17:11:55 | WARNING  | [lf.day.no_flights] No direct flights on 12FEB
2026-01-05 17:11:55 | INFO     | [SUCCESS] Day 12FEB
2026-01-05 17:11:55 | INFO     | [DAY_START] Processing 11FEB
2026-01-05 17:11:55 | INFO     | [lf.day.start] Processing ATZ-DMM for 11FEB
2026-01-05 17:11:57 | WARNING  | [lf.day.no_flights] No direct flights on 11FEB
2026-01-05 17:11:57 | INFO     | [SUCCESS] Day 11FEB
2026-01-05 17:11:57 | INFO     | [DAY_START] Processing 10FEB
2026-01-05 17:11:57 | INFO     | [lf.day.start] Processing ATZ-DMM for 10FEB
2026-01-05 17:11:59 | WARNING  | [lf.day.no_flights] No direct flights on 10FEB
2026-01-05 17:11:59 | INFO     | [SUCCESS] Day 10FEB
2026-01-05 17:11:59 | INFO     | [SUCCESS] LF Search Complete
2026-01-05 17:12:01 | INFO     | [Worker_9222] Completed: ATZ-DMM - 9 results, 0 errors
2026-01-05 17:12:01 | INFO     | [Worker_9222] Processing: ATZ-AJF
2026-01-05 17:12:01 | INFO     |   Tier 0: Range 2, Chunk 2/3 (9 days)
