2026-01-05 17:04:37 | INFO     | ======================================================================
2026-01-05 17:04:37 | INFO     | Load Factor Scraper Started - Route: ASW-JED
2026-01-05 17:04:37 | INFO     | Log file: D:\CODERED\LAB\market_insights\outputs\run_generated_050126_at_16.47\logs\LF_ASW-JED_20260105_170437.log
2026-01-05 17:04:37 | INFO     | Enhanced logging: Capturing both logging.info() and print()
2026-01-05 17:04:37 | INFO     | ======================================================================
2026-01-05 17:04:37 | INFO     | Starting LF search for route: ASW-JED
2026-01-05 17:04:37 | INFO     | [START] LF Search
2026-01-05 17:04:38 | INFO     | [HEALTH CHECK] [OK] Chrome connection is healthy
2026-01-05 17:04:38 | INFO     | [DAY_START] Processing 28FEB
2026-01-05 17:04:38 | INFO     | [lf.day.start] Processing ASW-JED for 28FEB
2026-01-05 17:04:40 | WARNING  | [lf.day.no_flights] No direct flights on 28FEB
2026-01-05 17:04:40 | INFO     | [SUCCESS] Day 28FEB
2026-01-05 17:04:40 | INFO     | [DAY_START] Processing 27FEB
2026-01-05 17:04:40 | INFO     | [lf.day.start] Processing ASW-JED for 27FEB
2026-01-05 17:04:42 | WARNING  | [lf.day.no_flights] No direct flights on 27FEB
2026-01-05 17:04:42 | INFO     | [SUCCESS] Day 27FEB
2026-01-05 17:04:42 | INFO     | [DAY_START] Processing 26FEB
2026-01-05 17:04:42 | INFO     | [lf.day.start] Processing ASW-JED for 26FEB
2026-01-05 17:04:43 | WARNING  | [lf.day.no_flights] No direct flights on 26FEB
2026-01-05 17:04:43 | INFO     | [SUCCESS] Day 26FEB
2026-01-05 17:04:43 | INFO     | [DAY_START] Processing 25FEB
2026-01-05 17:04:43 | INFO     | [lf.day.start] Processing ASW-JED for 25FEB
2026-01-05 17:04:45 | WARNING  | [lf.day.no_flights] No direct flights on 25FEB
2026-01-05 17:04:45 | INFO     | [SUCCESS] Day 25FEB
2026-01-05 17:04:45 | INFO     | [DAY_START] Processing 24FEB
2026-01-05 17:04:45 | INFO     | [lf.day.start] Processing ASW-JED for 24FEB
2026-01-05 17:04:46 | INFO     | [lf.day.flights_found] Found 1 flights on 24FEB
2026-01-05 17:04:51 | INFO     | [lf.flight.extracted] SM985 on 24FEB: BKG=0, LF=0.0%
2026-01-05 17:04:52 | INFO     | [SUCCESS] Day 24FEB
2026-01-05 17:04:52 | INFO     | [DAY_START] Processing 23FEB
2026-01-05 17:04:52 | INFO     | [lf.day.start] Processing ASW-JED for 23FEB
2026-01-05 17:04:54 | INFO     | [lf.day.flights_found] Found 2 flights on 23FEB
2026-01-05 17:04:58 | INFO     | [lf.flight.extracted] SM425 on 23FEB: BKG=0, LF=0.0%
2026-01-05 17:05:05 | INFO     | [lf.flight.extracted] SM949 on 23FEB: BKG=0, LF=0.0%
2026-01-05 17:05:06 | INFO     | [SUCCESS] Day 23FEB
2026-01-05 17:05:06 | INFO     | [DAY_START] Processing 22FEB
2026-01-05 17:05:06 | INFO     | [lf.day.start] Processing ASW-JED for 22FEB
2026-01-05 17:05:07 | WARNING  | [lf.day.no_flights] No direct flights on 22FEB
2026-01-05 17:05:08 | INFO     | [SUCCESS] Day 22FEB
2026-01-05 17:05:08 | INFO     | [DAY_START] Processing 21FEB
2026-01-05 17:05:08 | INFO     | [lf.day.start] Processing ASW-JED for 21FEB
2026-01-05 17:05:09 | WARNING  | [lf.day.no_flights] No direct flights on 21FEB
2026-01-05 17:05:09 | INFO     | [SUCCESS] Day 21FEB
2026-01-05 17:05:09 | INFO     | [DAY_START] Processing 20FEB
2026-01-05 17:05:09 | INFO     | [lf.day.start] Processing ASW-JED for 20FEB
2026-01-05 17:05:10 | WARNING  | [lf.day.no_flights] No direct flights on 20FEB
2026-01-05 17:05:11 | INFO     | [SUCCESS] Day 20FEB
2026-01-05 17:05:11 | INFO     | [DAY_START] Processing 19FEB
2026-01-05 17:05:11 | INFO     | [lf.day.start] Processing ASW-JED for 19FEB
2026-01-05 17:05:12 | WARNING  | [lf.day.no_flights] No direct flights on 19FEB
2026-01-05 17:05:12 | INFO     | [SUCCESS] Day 19FEB
2026-01-05 17:05:12 | INFO     | [SUCCESS] LF Search Complete
2026-01-05 17:05:14 | INFO     | [Worker_9223] Completed: ASW-JED - 10 results, 0 errors
2026-01-05 17:05:14 | INFO     | [Worker_9223] Processing: CAI-DMM
2026-01-05 17:05:14 | INFO     |   Tier 0: Range 2, Chunk 1/3 (10 days)
