2026-01-05 17:30:18 | INFO     | ======================================================================
2026-01-05 17:30:18 | INFO     | Load Factor Scraper Started - Route: ATZ-ELQ
2026-01-05 17:30:18 | INFO     | Log file: D:\CODERED\LAB\market_insights\outputs\run_generated_050126_at_16.47\logs\LF_ATZ-ELQ_20260105_173018.log
2026-01-05 17:30:18 | INFO     | Enhanced logging: Capturing both logging.info() and print()
2026-01-05 17:30:18 | INFO     | ======================================================================
2026-01-05 17:30:18 | INFO     | Starting LF search for route: ATZ-ELQ
2026-01-05 17:30:18 | INFO     | [START] LF Search
2026-01-05 17:30:19 | INFO     | [HEALTH CHECK] [OK] Chrome connection is healthy
2026-01-05 17:30:19 | INFO     | [DAY_START] Processing 22JAN
2026-01-05 17:30:19 | INFO     | [lf.day.start] Processing ATZ-ELQ for 22JAN
2026-01-05 17:30:21 | WARNING  | [lf.day.no_flights] No direct flights on 22JAN
2026-01-05 17:30:21 | INFO     | [SUCCESS] Day 22JAN
2026-01-05 17:30:21 | INFO     | [DAY_START] Processing 21JAN
2026-01-05 17:30:21 | INFO     | [lf.day.start] Processing ATZ-ELQ for 21JAN
2026-01-05 17:30:23 | WARNING  | [lf.day.no_flights] No direct flights on 21JAN
2026-01-05 17:30:23 | INFO     | [SUCCESS] Day 21JAN
2026-01-05 17:30:23 | INFO     | [DAY_START] Processing 20JAN
2026-01-05 17:30:23 | INFO     | [lf.day.start] Processing ATZ-ELQ for 20JAN
2026-01-05 17:30:25 | INFO     | [lf.day.flights_found] Found 1 flights on 20JAN
2026-01-05 17:30:28 | INFO     | [lf.flight.extracted] SM435 on 20JAN: BKG=52, LF=29.0%
2026-01-05 17:30:34 | INFO     | [SUCCESS] Day 20JAN
2026-01-05 17:30:34 | INFO     | [DAY_START] Processing 19JAN
2026-01-05 17:30:34 | INFO     | [lf.day.start] Processing ATZ-ELQ for 19JAN
2026-01-05 17:30:35 | WARNING  | [lf.day.no_flights] No direct flights on 19JAN
2026-01-05 17:30:35 | INFO     | [SUCCESS] Day 19JAN
2026-01-05 17:30:35 | INFO     | [DAY_START] Processing 18JAN
2026-01-05 17:30:35 | INFO     | [lf.day.start] Processing ATZ-ELQ for 18JAN
2026-01-05 17:30:37 | WARNING  | [lf.day.no_flights] No direct flights on 18JAN
2026-01-05 17:30:38 | INFO     | [SUCCESS] Day 18JAN
2026-01-05 17:30:38 | INFO     | [DAY_START] Processing 17JAN
2026-01-05 17:30:38 | INFO     | [lf.day.start] Processing ATZ-ELQ for 17JAN
2026-01-05 17:30:39 | INFO     | [lf.day.flights_found] Found 1 flights on 17JAN
2026-01-05 17:30:42 | INFO     | [lf.flight.extracted] SM435 on 17JAN: BKG=76, LF=42.5%
2026-01-05 17:30:50 | INFO     | [SUCCESS] Day 17JAN
2026-01-05 17:30:50 | INFO     | [DAY_START] Processing 16JAN
2026-01-05 17:30:50 | INFO     | [lf.day.start] Processing ATZ-ELQ for 16JAN
2026-01-05 17:30:51 | WARNING  | [lf.day.no_flights] No direct flights on 16JAN
2026-01-05 17:30:51 | INFO     | [SUCCESS] Day 16JAN
2026-01-05 17:30:51 | INFO     | [DAY_START] Processing 15JAN
2026-01-05 17:30:51 | INFO     | [lf.day.start] Processing ATZ-ELQ for 15JAN
2026-01-05 17:30:53 | WARNING  | [lf.day.no_flights] No direct flights on 15JAN
2026-01-05 17:30:53 | INFO     | [SUCCESS] Day 15JAN
2026-01-05 17:30:53 | INFO     | [DAY_START] Processing 14JAN
2026-01-05 17:30:53 | INFO     | [lf.day.start] Processing ATZ-ELQ for 14JAN
2026-01-05 17:30:55 | WARNING  | [lf.day.no_flights] No direct flights on 14JAN
2026-01-05 17:30:55 | INFO     | [SUCCESS] Day 14JAN
2026-01-05 17:30:55 | INFO     | [SUCCESS] LF Search Complete
2026-01-05 17:30:57 | INFO     | [Worker_9225] Completed: ATZ-ELQ - 9 results, 0 errors
2026-01-05 17:30:57 | INFO     | [Worker_9225] Processing: JED-HBE
2026-01-05 17:30:57 | INFO     |   Tier 0: Range 1, Chunk 3/3 (9 days)
