2026-01-05 16:50:07 | INFO     | ======================================================================
2026-01-05 16:50:07 | INFO     | Load Factor Scraper Started - Route: ATZ-DMM
2026-01-05 16:50:07 | INFO     | Log file: D:\CODERED\LAB\market_insights\outputs\run_generated_050126_at_16.47\logs\LF_ATZ-DMM_20260105_165007.log
2026-01-05 16:50:07 | INFO     | Enhanced logging: Capturing both logging.info() and print()
2026-01-05 16:50:07 | INFO     | ======================================================================
2026-01-05 16:50:07 | INFO     | Starting LF search for route: ATZ-DMM
2026-01-05 16:50:07 | INFO     | [START] LF Search
2026-01-05 16:50:08 | INFO     | [HEALTH CHECK] [OK] Chrome connection is healthy
2026-01-05 16:50:08 | INFO     | [DAY_START] Processing 31MAR
2026-01-05 16:50:08 | INFO     | [lf.day.start] Processing ATZ-DMM for 31MAR
2026-01-05 16:50:09 | WARNING  | [lf.day.no_flights] No direct flights on 31MAR
2026-01-05 16:50:10 | INFO     | [SUCCESS] Day 31MAR
2026-01-05 16:50:10 | INFO     | [DAY_START] Processing 30MAR
2026-01-05 16:50:10 | INFO     | [lf.day.start] Processing ATZ-DMM for 30MAR
2026-01-05 16:50:11 | WARNING  | [lf.day.no_flights] No direct flights on 30MAR
2026-01-05 16:50:11 | INFO     | [SUCCESS] Day 30MAR
2026-01-05 16:50:11 | INFO     | [DAY_START] Processing 29MAR
2026-01-05 16:50:11 | INFO     | [lf.day.start] Processing ATZ-DMM for 29MAR
2026-01-05 16:50:12 | WARNING  | [lf.day.no_flights] No direct flights on 29MAR
2026-01-05 16:50:12 | INFO     | [SUCCESS] Day 29MAR
2026-01-05 16:50:12 | INFO     | [DAY_START] Processing 28MAR
2026-01-05 16:50:12 | INFO     | [lf.day.start] Processing ATZ-DMM for 28MAR
2026-01-05 16:50:13 | WARNING  | [lf.day.no_flights] No direct flights on 28MAR
2026-01-05 16:50:13 | INFO     | [SUCCESS] Day 28MAR
2026-01-05 16:50:13 | INFO     | [DAY_START] Processing 27MAR
2026-01-05 16:50:13 | INFO     | [lf.day.start] Processing ATZ-DMM for 27MAR
2026-01-05 16:50:14 | INFO     | [lf.day.flights_found] Found 1 flights on 27MAR
2026-01-05 16:50:16 | INFO     | [lf.flight.extracted] SM437 on 27MAR: BKG=54, LF=30.2%
2026-01-05 16:50:21 | INFO     | [SUCCESS] Day 27MAR
2026-01-05 16:50:21 | INFO     | [DAY_START] Processing 26MAR
2026-01-05 16:50:21 | INFO     | [lf.day.start] Processing ATZ-DMM for 26MAR
2026-01-05 16:50:22 | WARNING  | [lf.day.no_flights] No direct flights on 26MAR
2026-01-05 16:50:22 | INFO     | [SUCCESS] Day 26MAR
2026-01-05 16:50:22 | INFO     | [DAY_START] Processing 25MAR
2026-01-05 16:50:22 | INFO     | [lf.day.start] Processing ATZ-DMM for 25MAR
2026-01-05 16:50:23 | WARNING  | [lf.day.no_flights] No direct flights on 25MAR
2026-01-05 16:50:23 | INFO     | [SUCCESS] Day 25MAR
2026-01-05 16:50:23 | INFO     | [DAY_START] Processing 24MAR
2026-01-05 16:50:23 | INFO     | [lf.day.start] Processing ATZ-DMM for 24MAR
2026-01-05 16:50:25 | WARNING  | [lf.day.no_flights] No direct flights on 24MAR
2026-01-05 16:50:25 | INFO     | [SUCCESS] Day 24MAR
2026-01-05 16:50:25 | INFO     | [SUCCESS] LF Search Complete
2026-01-05 16:50:27 | INFO     | [Worker_9234] Completed: ATZ-DMM - 8 results, 0 errors
2026-01-05 16:50:27 | INFO     | [Worker_9234] Processing: CAI-AJF
2026-01-05 16:50:27 | INFO     |   Tier 0: Range 3, Chunk 1/4 (8 days)
