2026-01-05 17:14:28 | INFO     | ======================================================================
2026-01-05 17:14:28 | INFO     | Load Factor Scraper Started - Route: AJF-ATZ
2026-01-05 17:14:28 | INFO     | Log file: D:\CODERED\LAB\market_insights\outputs\run_generated_050126_at_16.47\logs\LF_AJF-ATZ_20260105_171428.log
2026-01-05 17:14:28 | INFO     | Enhanced logging: Capturing both logging.info() and print()
2026-01-05 17:14:28 | INFO     | ======================================================================
2026-01-05 17:14:28 | INFO     | Starting LF search for route: AJF-ATZ
2026-01-05 17:14:28 | INFO     | [START] LF Search
2026-01-05 17:14:29 | INFO     | [HEALTH CHECK] [OK] Chrome connection is healthy
2026-01-05 17:14:29 | INFO     | [DAY_START] Processing 09FEB
2026-01-05 17:14:29 | INFO     | [lf.day.start] Processing AJF-ATZ for 09FEB
2026-01-05 17:14:30 | WARNING  | [lf.day.no_flights] No direct flights on 09FEB
2026-01-05 17:14:30 | INFO     | [SUCCESS] Day 09FEB
2026-01-05 17:14:30 | INFO     | [DAY_START] Processing 08FEB
2026-01-05 17:14:30 | INFO     | [lf.day.start] Processing AJF-ATZ for 08FEB
2026-01-05 17:14:32 | WARNING  | [lf.day.no_flights] No direct flights on 08FEB
2026-01-05 17:14:32 | INFO     | [SUCCESS] Day 08FEB
2026-01-05 17:14:32 | INFO     | [DAY_START] Processing 07FEB
2026-01-05 17:14:32 | INFO     | [lf.day.start] Processing AJF-ATZ for 07FEB
2026-01-05 17:14:34 | WARNING  | [lf.day.no_flights] No direct flights on 07FEB
2026-01-05 17:14:34 | INFO     | [SUCCESS] Day 07FEB
2026-01-05 17:14:34 | INFO     | [DAY_START] Processing 06FEB
2026-01-05 17:14:34 | INFO     | [lf.day.start] Processing AJF-ATZ for 06FEB
2026-01-05 17:14:35 | INFO     | [lf.day.flights_found] Found 1 flights on 06FEB
2026-01-05 17:14:37 | INFO     | [lf.flight.extracted] SM324 on 06FEB: BKG=26, LF=14.9%
2026-01-05 17:14:42 | INFO     | [SUCCESS] Day 06FEB
2026-01-05 17:14:42 | INFO     | [DAY_START] Processing 05FEB
2026-01-05 17:14:42 | INFO     | [lf.day.start] Processing AJF-ATZ for 05FEB
2026-01-05 17:14:43 | WARNING  | [lf.day.no_flights] No direct flights on 05FEB
2026-01-05 17:14:43 | INFO     | [SUCCESS] Day 05FEB
2026-01-05 17:14:43 | INFO     | [DAY_START] Processing 04FEB
2026-01-05 17:14:43 | INFO     | [lf.day.start] Processing AJF-ATZ for 04FEB
2026-01-05 17:14:44 | WARNING  | [lf.day.no_flights] No direct flights on 04FEB
2026-01-05 17:14:45 | INFO     | [SUCCESS] Day 04FEB
2026-01-05 17:14:45 | INFO     | [DAY_START] Processing 03FEB
2026-01-05 17:14:45 | INFO     | [lf.day.start] Processing AJF-ATZ for 03FEB
2026-01-05 17:14:46 | WARNING  | [lf.day.no_flights] No direct flights on 03FEB
2026-01-05 17:14:46 | INFO     | [SUCCESS] Day 03FEB
2026-01-05 17:14:46 | INFO     | [DAY_START] Processing 02FEB
2026-01-05 17:14:46 | INFO     | [lf.day.start] Processing AJF-ATZ for 02FEB
2026-01-05 17:14:47 | WARNING  | [lf.day.no_flights] No direct flights on 02FEB
2026-01-05 17:14:47 | INFO     | [SUCCESS] Day 02FEB
2026-01-05 17:14:47 | INFO     | [DAY_START] Processing 01FEB
2026-01-05 17:14:47 | INFO     | [lf.day.start] Processing AJF-ATZ for 01FEB
2026-01-05 17:14:49 | WARNING  | [lf.day.no_flights] No direct flights on 01FEB
2026-01-05 17:14:49 | INFO     | [SUCCESS] Day 01FEB
2026-01-05 17:14:49 | INFO     | [SUCCESS] LF Search Complete
2026-01-05 17:14:51 | INFO     | [Worker_9222] Completed: AJF-ATZ - 9 results, 0 errors
2026-01-05 17:14:51 | INFO     | [Worker_9222] Processing: AHB-ATZ
2026-01-05 17:14:51 | INFO     |   Tier 0: Range 2, Chunk 3/3 (9 days)
