2026-01-05 16:56:21 | INFO     | ======================================================================
2026-01-05 16:56:21 | INFO     | Load Factor Scraper Started - Route: AHB-ATZ
2026-01-05 16:56:21 | INFO     | Log file: D:\CODERED\LAB\market_insights\outputs\run_generated_050126_at_16.47\logs\LF_AHB-ATZ_20260105_165621.log
2026-01-05 16:56:21 | INFO     | Enhanced logging: Capturing both logging.info() and print()
2026-01-05 16:56:21 | INFO     | ======================================================================
2026-01-05 16:56:21 | INFO     | Starting LF search for route: AHB-ATZ
2026-01-05 16:56:21 | INFO     | [START] LF Search
2026-01-05 16:56:22 | INFO     | [HEALTH CHECK] [OK] Chrome connection is healthy
2026-01-05 16:56:22 | INFO     | [DAY_START] Processing 15MAR
2026-01-05 16:56:22 | INFO     | [lf.day.start] Processing AHB-ATZ for 15MAR
2026-01-05 16:56:23 | WARNING  | [lf.day.no_flights] No direct flights on 15MAR
2026-01-05 16:56:23 | INFO     | [SUCCESS] Day 15MAR
2026-01-05 16:56:23 | INFO     | [DAY_START] Processing 14MAR
2026-01-05 16:56:23 | INFO     | [lf.day.start] Processing AHB-ATZ for 14MAR
2026-01-05 16:56:24 | WARNING  | [lf.day.no_flights] No direct flights on 14MAR
2026-01-05 16:56:24 | INFO     | [SUCCESS] Day 14MAR
2026-01-05 16:56:24 | INFO     | [DAY_START] Processing 13MAR
2026-01-05 16:56:24 | INFO     | [lf.day.start] Processing AHB-ATZ for 13MAR
2026-01-05 16:56:25 | INFO     | [lf.day.flights_found] Found 1 flights on 13MAR
2026-01-05 16:56:27 | INFO     | [lf.flight.extracted] SM446 on 13MAR: BKG=1, LF=0.6%
2026-01-05 16:56:30 | INFO     | [SUCCESS] Day 13MAR
2026-01-05 16:56:30 | INFO     | [DAY_START] Processing 12MAR
2026-01-05 16:56:30 | INFO     | [lf.day.start] Processing AHB-ATZ for 12MAR
2026-01-05 16:56:31 | WARNING  | [lf.day.no_flights] No direct flights on 12MAR
2026-01-05 16:56:31 | INFO     | [SUCCESS] Day 12MAR
2026-01-05 16:56:31 | INFO     | [DAY_START] Processing 11MAR
2026-01-05 16:56:31 | INFO     | [lf.day.start] Processing AHB-ATZ for 11MAR
2026-01-05 16:56:32 | WARNING  | [lf.day.no_flights] No direct flights on 11MAR
2026-01-05 16:56:32 | INFO     | [SUCCESS] Day 11MAR
2026-01-05 16:56:32 | INFO     | [DAY_START] Processing 10MAR
2026-01-05 16:56:32 | INFO     | [lf.day.start] Processing AHB-ATZ for 10MAR
2026-01-05 16:56:33 | WARNING  | [lf.day.no_flights] No direct flights on 10MAR
2026-01-05 16:56:33 | INFO     | [SUCCESS] Day 10MAR
2026-01-05 16:56:33 | INFO     | [DAY_START] Processing 09MAR
2026-01-05 16:56:33 | INFO     | [lf.day.start] Processing AHB-ATZ for 09MAR
2026-01-05 16:56:34 | WARNING  | [lf.day.no_flights] No direct flights on 09MAR
2026-01-05 16:56:35 | INFO     | [SUCCESS] Day 09MAR
2026-01-05 16:56:35 | INFO     | [DAY_START] Processing 08MAR
2026-01-05 16:56:35 | INFO     | [lf.day.start] Processing AHB-ATZ for 08MAR
2026-01-05 16:56:36 | WARNING  | [lf.day.no_flights] No direct flights on 08MAR
2026-01-05 16:56:36 | INFO     | [SUCCESS] Day 08MAR
2026-01-05 16:56:36 | INFO     | [SUCCESS] LF Search Complete
2026-01-05 16:56:38 | INFO     | [Worker_9222] Completed: AHB-ATZ - 8 results, 0 errors
2026-01-05 16:56:38 | INFO     | [Worker_9222] Processing: HBE-MED
2026-01-05 16:56:38 | INFO     |   Tier 0: Range 3, Chunk 3/4 (8 days)
