2026-01-05 16:54:21 | INFO     | ======================================================================
2026-01-05 16:54:21 | INFO     | Load Factor Scraper Started - Route: ATZ-AJF
2026-01-05 16:54:21 | INFO     | Log file: D:\CODERED\LAB\market_insights\outputs\run_generated_050126_at_16.47\logs\LF_ATZ-AJF_20260105_165421.log
2026-01-05 16:54:21 | INFO     | Enhanced logging: Capturing both logging.info() and print()
2026-01-05 16:54:21 | INFO     | ======================================================================
2026-01-05 16:54:21 | INFO     | Starting LF search for route: ATZ-AJF
2026-01-05 16:54:21 | INFO     | [START] LF Search
2026-01-05 16:54:22 | INFO     | [HEALTH CHECK] [OK] Chrome connection is healthy
2026-01-05 16:54:22 | INFO     | [DAY_START] Processing 23MAR
2026-01-05 16:54:22 | INFO     | [lf.day.start] Processing ATZ-AJF for 23MAR
2026-01-05 16:54:23 | WARNING  | [lf.day.no_flights] No direct flights on 23MAR
2026-01-05 16:54:23 | INFO     | [SUCCESS] Day 23MAR
2026-01-05 16:54:23 | INFO     | [DAY_START] Processing 22MAR
2026-01-05 16:54:23 | INFO     | [lf.day.start] Processing ATZ-AJF for 22MAR
2026-01-05 16:54:24 | WARNING  | [lf.day.no_flights] No direct flights on 22MAR
2026-01-05 16:54:25 | INFO     | [SUCCESS] Day 22MAR
2026-01-05 16:54:25 | INFO     | [DAY_START] Processing 21MAR
2026-01-05 16:54:25 | INFO     | [lf.day.start] Processing ATZ-AJF for 21MAR
2026-01-05 16:54:26 | WARNING  | [lf.day.no_flights] No direct flights on 21MAR
2026-01-05 16:54:26 | INFO     | [SUCCESS] Day 21MAR
2026-01-05 16:54:26 | INFO     | [DAY_START] Processing 20MAR
2026-01-05 16:54:26 | INFO     | [lf.day.start] Processing ATZ-AJF for 20MAR
2026-01-05 16:54:27 | INFO     | [lf.day.flights_found] Found 1 flights on 20MAR
2026-01-05 16:54:29 | INFO     | [lf.flight.extracted] SM323 on 20MAR: BKG=2, LF=1.1%
2026-01-05 16:54:31 | INFO     | [SUCCESS] Day 20MAR
2026-01-05 16:54:31 | INFO     | [DAY_START] Processing 19MAR
2026-01-05 16:54:31 | INFO     | [lf.day.start] Processing ATZ-AJF for 19MAR
2026-01-05 16:54:33 | WARNING  | [lf.day.no_flights] No direct flights on 19MAR
2026-01-05 16:54:33 | INFO     | [SUCCESS] Day 19MAR
2026-01-05 16:54:33 | INFO     | [DAY_START] Processing 18MAR
2026-01-05 16:54:33 | INFO     | [lf.day.start] Processing ATZ-AJF for 18MAR
2026-01-05 16:54:34 | WARNING  | [lf.day.no_flights] No direct flights on 18MAR
2026-01-05 16:54:34 | INFO     | [SUCCESS] Day 18MAR
2026-01-05 16:54:34 | INFO     | [DAY_START] Processing 17MAR
2026-01-05 16:54:34 | INFO     | [lf.day.start] Processing ATZ-AJF for 17MAR
2026-01-05 16:54:35 | WARNING  | [lf.day.no_flights] No direct flights on 17MAR
2026-01-05 16:54:35 | INFO     | [SUCCESS] Day 17MAR
2026-01-05 16:54:35 | INFO     | [DAY_START] Processing 16MAR
2026-01-05 16:54:35 | INFO     | [lf.day.start] Processing ATZ-AJF for 16MAR
2026-01-05 16:54:36 | WARNING  | [lf.day.no_flights] No direct flights on 16MAR
2026-01-05 16:54:37 | INFO     | [SUCCESS] Day 16MAR
2026-01-05 16:54:37 | INFO     | [SUCCESS] LF Search Complete
2026-01-05 16:54:39 | INFO     | [Worker_9232] Completed: ATZ-AJF - 8 results, 0 errors
2026-01-05 16:54:39 | INFO     | [Worker_9232] Processing: ATZ-ELQ
2026-01-05 16:54:39 | INFO     |   Tier 0: Range 3, Chunk 2/4 (8 days)
