2026-01-05 17:09:00 | INFO     | ======================================================================
2026-01-05 17:09:00 | INFO     | Load Factor Scraper Started - Route: AJF-ATZ
2026-01-05 17:09:00 | INFO     | Log file: D:\CODERED\LAB\market_insights\outputs\run_generated_050126_at_16.47\logs\LF_AJF-ATZ_20260105_170900.log
2026-01-05 17:09:00 | INFO     | Enhanced logging: Capturing both logging.info() and print()
2026-01-05 17:09:00 | INFO     | ======================================================================
2026-01-05 17:09:00 | INFO     | Starting LF search for route: AJF-ATZ
2026-01-05 17:09:00 | INFO     | [START] LF Search
2026-01-05 17:09:01 | INFO     | [HEALTH CHECK] [OK] Chrome connection is healthy
2026-01-05 17:09:01 | INFO     | [DAY_START] Processing 18FEB
2026-01-05 17:09:01 | INFO     | [lf.day.start] Processing AJF-ATZ for 18FEB
2026-01-05 17:09:02 | WARNING  | [lf.day.no_flights] No direct flights on 18FEB
2026-01-05 17:09:02 | INFO     | [SUCCESS] Day 18FEB
2026-01-05 17:09:02 | INFO     | [DAY_START] Processing 17FEB
2026-01-05 17:09:02 | INFO     | [lf.day.start] Processing AJF-ATZ for 17FEB
2026-01-05 17:09:03 | WARNING  | [lf.day.no_flights] No direct flights on 17FEB
2026-01-05 17:09:03 | INFO     | [SUCCESS] Day 17FEB
2026-01-05 17:09:03 | INFO     | [DAY_START] Processing 16FEB
2026-01-05 17:09:03 | INFO     | [lf.day.start] Processing AJF-ATZ for 16FEB
2026-01-05 17:09:05 | WARNING  | [lf.day.no_flights] No direct flights on 16FEB
2026-01-05 17:09:05 | INFO     | [SUCCESS] Day 16FEB
2026-01-05 17:09:05 | INFO     | [DAY_START] Processing 15FEB
2026-01-05 17:09:05 | INFO     | [lf.day.start] Processing AJF-ATZ for 15FEB
2026-01-05 17:09:06 | WARNING  | [lf.day.no_flights] No direct flights on 15FEB
2026-01-05 17:09:07 | INFO     | [SUCCESS] Day 15FEB
2026-01-05 17:09:07 | INFO     | [DAY_START] Processing 14FEB
2026-01-05 17:09:07 | INFO     | [lf.day.start] Processing AJF-ATZ for 14FEB
2026-01-05 17:09:08 | WARNING  | [lf.day.no_flights] No direct flights on 14FEB
2026-01-05 17:09:08 | INFO     | [SUCCESS] Day 14FEB
2026-01-05 17:09:08 | INFO     | [DAY_START] Processing 13FEB
2026-01-05 17:09:08 | INFO     | [lf.day.start] Processing AJF-ATZ for 13FEB
2026-01-05 17:09:09 | INFO     | [lf.day.flights_found] Found 1 flights on 13FEB
2026-01-05 17:09:12 | INFO     | [lf.flight.extracted] SM324 on 13FEB: BKG=21, LF=12.0%
2026-01-05 17:09:16 | INFO     | [SUCCESS] Day 13FEB
2026-01-05 17:09:16 | INFO     | [DAY_START] Processing 12FEB
2026-01-05 17:09:16 | INFO     | [lf.day.start] Processing AJF-ATZ for 12FEB
2026-01-05 17:09:17 | WARNING  | [lf.day.no_flights] No direct flights on 12FEB
2026-01-05 17:09:17 | INFO     | [SUCCESS] Day 12FEB
2026-01-05 17:09:17 | INFO     | [DAY_START] Processing 11FEB
2026-01-05 17:09:17 | INFO     | [lf.day.start] Processing AJF-ATZ for 11FEB
2026-01-05 17:09:18 | WARNING  | [lf.day.no_flights] No direct flights on 11FEB
2026-01-05 17:09:19 | INFO     | [SUCCESS] Day 11FEB
2026-01-05 17:09:19 | INFO     | [DAY_START] Processing 10FEB
2026-01-05 17:09:19 | INFO     | [lf.day.start] Processing AJF-ATZ for 10FEB
2026-01-05 17:09:20 | WARNING  | [lf.day.no_flights] No direct flights on 10FEB
2026-01-05 17:09:20 | INFO     | [SUCCESS] Day 10FEB
2026-01-05 17:09:20 | INFO     | [SUCCESS] LF Search Complete
2026-01-05 17:09:22 | INFO     | [Worker_9224] Completed: AJF-ATZ - 9 results, 0 errors
2026-01-05 17:09:22 | INFO     | [Worker_9224] Processing: AHB-CAI
2026-01-05 17:09:22 | INFO     |   Tier 0: Range 2, Chunk 2/3 (9 days)
