2026-01-05 17:28:27 | INFO     | ======================================================================
2026-01-05 17:28:27 | INFO     | Load Factor Scraper Started - Route: ATZ-RUH
2026-01-05 17:28:27 | INFO     | Log file: D:\CODERED\LAB\market_insights\outputs\run_generated_050126_at_16.47\logs\LF_ATZ-RUH_20260105_172827.log
2026-01-05 17:28:27 | INFO     | Enhanced logging: Capturing both logging.info() and print()
2026-01-05 17:28:27 | INFO     | ======================================================================
2026-01-05 17:28:27 | INFO     | Starting LF search for route: ATZ-RUH
2026-01-05 17:28:27 | INFO     | [START] LF Search
2026-01-05 17:28:29 | INFO     | [HEALTH CHECK] [OK] Chrome connection is healthy
2026-01-05 17:28:29 | INFO     | [DAY_START] Processing 22JAN
2026-01-05 17:28:29 | INFO     | [lf.day.start] Processing ATZ-RUH for 22JAN
2026-01-05 17:28:31 | WARNING  | [lf.day.no_flights] No direct flights on 22JAN
2026-01-05 17:28:31 | INFO     | [SUCCESS] Day 22JAN
2026-01-05 17:28:31 | INFO     | [DAY_START] Processing 21JAN
2026-01-05 17:28:31 | INFO     | [lf.day.start] Processing ATZ-RUH for 21JAN
2026-01-05 17:28:33 | INFO     | [lf.day.flights_found] Found 1 flights on 21JAN
2026-01-05 17:28:35 | INFO     | [lf.flight.extracted] SM465 on 21JAN: BKG=73, LF=40.8%
2026-01-05 17:28:41 | INFO     | [SUCCESS] Day 21JAN
2026-01-05 17:28:41 | INFO     | [DAY_START] Processing 20JAN
2026-01-05 17:28:41 | INFO     | [lf.day.start] Processing ATZ-RUH for 20JAN
2026-01-05 17:28:42 | INFO     | [lf.day.flights_found] Found 1 flights on 20JAN
2026-01-05 17:28:45 | INFO     | [lf.flight.extracted] SM463 on 20JAN: BKG=86, LF=48.0%
2026-01-05 17:28:52 | INFO     | [SUCCESS] Day 20JAN
2026-01-05 17:28:52 | INFO     | [DAY_START] Processing 19JAN
2026-01-05 17:28:52 | INFO     | [lf.day.start] Processing ATZ-RUH for 19JAN
2026-01-05 17:28:54 | WARNING  | [lf.day.no_flights] No direct flights on 19JAN
2026-01-05 17:28:54 | INFO     | [SUCCESS] Day 19JAN
2026-01-05 17:28:54 | INFO     | [DAY_START] Processing 18JAN
2026-01-05 17:28:54 | INFO     | [lf.day.start] Processing ATZ-RUH for 18JAN
2026-01-05 17:28:56 | INFO     | [lf.day.flights_found] Found 1 flights on 18JAN
2026-01-05 17:28:58 | INFO     | [lf.flight.extracted] SM463 on 18JAN: BKG=96, LF=53.6%
2026-01-05 17:29:05 | INFO     | [SUCCESS] Day 18JAN
2026-01-05 17:29:05 | INFO     | [DAY_START] Processing 17JAN
2026-01-05 17:29:05 | INFO     | [lf.day.start] Processing ATZ-RUH for 17JAN
2026-01-05 17:29:06 | WARNING  | [lf.day.no_flights] No direct flights on 17JAN
2026-01-05 17:29:06 | INFO     | [SUCCESS] Day 17JAN
2026-01-05 17:29:06 | INFO     | [DAY_START] Processing 16JAN
2026-01-05 17:29:06 | INFO     | [lf.day.start] Processing ATZ-RUH for 16JAN
2026-01-05 17:29:08 | WARNING  | [lf.day.no_flights] No direct flights on 16JAN
2026-01-05 17:29:08 | INFO     | [SUCCESS] Day 16JAN
2026-01-05 17:29:08 | INFO     | [DAY_START] Processing 15JAN
2026-01-05 17:29:08 | INFO     | [lf.day.start] Processing ATZ-RUH for 15JAN
2026-01-05 17:29:10 | WARNING  | [lf.day.no_flights] No direct flights on 15JAN
2026-01-05 17:29:10 | INFO     | [SUCCESS] Day 15JAN
2026-01-05 17:29:10 | INFO     | [DAY_START] Processing 14JAN
2026-01-05 17:29:10 | INFO     | [lf.day.start] Processing ATZ-RUH for 14JAN
2026-01-05 17:29:11 | INFO     | [lf.day.flights_found] Found 1 flights on 14JAN
2026-01-05 17:29:14 | INFO     | [lf.flight.extracted] SM465 on 14JAN: BKG=114, LF=63.7%
2026-01-05 17:29:22 | INFO     | [SUCCESS] Day 14JAN
2026-01-05 17:29:22 | INFO     | [SUCCESS] LF Search Complete
2026-01-05 17:29:24 | INFO     | [Worker_9222] Completed: ATZ-RUH - 9 results, 0 errors
2026-01-05 17:29:24 | INFO     | [Worker_9222] Processing: CAI-AJF
2026-01-05 17:29:24 | INFO     |   Tier 0: Range 1, Chunk 2/3 (9 days)
