2026-01-05 17:03:23 | INFO     | ======================================================================
2026-01-05 17:03:23 | INFO     | Load Factor Scraper Started - Route: AHB-ATZ
2026-01-05 17:03:23 | INFO     | Log file: D:\CODERED\LAB\market_insights\outputs\run_generated_050126_at_16.47\logs\LF_AHB-ATZ_20260105_170323.log
2026-01-05 17:03:23 | INFO     | Enhanced logging: Capturing both logging.info() and print()
2026-01-05 17:03:23 | INFO     | ======================================================================
2026-01-05 17:03:23 | INFO     | Starting LF search for route: AHB-ATZ
2026-01-05 17:03:23 | INFO     | [START] LF Search
2026-01-05 17:03:25 | INFO     | [HEALTH CHECK] [OK] Chrome connection is healthy
2026-01-05 17:03:25 | INFO     | [DAY_START] Processing 28FEB
2026-01-05 17:03:25 | INFO     | [lf.day.start] Processing AHB-ATZ for 28FEB
2026-01-05 17:03:26 | WARNING  | [lf.day.no_flights] No direct flights on 28FEB
2026-01-05 17:03:26 | INFO     | [SUCCESS] Day 28FEB
2026-01-05 17:03:26 | INFO     | [DAY_START] Processing 27FEB
2026-01-05 17:03:26 | INFO     | [lf.day.start] Processing AHB-ATZ for 27FEB
2026-01-05 17:03:27 | INFO     | [lf.day.flights_found] Found 1 flights on 27FEB
2026-01-05 17:03:30 | INFO     | [lf.flight.extracted] SM446 on 27FEB: BKG=12, LF=6.9%
2026-01-05 17:03:33 | INFO     | [SUCCESS] Day 27FEB
2026-01-05 17:03:33 | INFO     | [DAY_START] Processing 26FEB
2026-01-05 17:03:33 | INFO     | [lf.day.start] Processing AHB-ATZ for 26FEB
2026-01-05 17:03:34 | WARNING  | [lf.day.no_flights] No direct flights on 26FEB
2026-01-05 17:03:34 | INFO     | [SUCCESS] Day 26FEB
2026-01-05 17:03:34 | INFO     | [DAY_START] Processing 25FEB
2026-01-05 17:03:34 | INFO     | [lf.day.start] Processing AHB-ATZ for 25FEB
2026-01-05 17:03:35 | WARNING  | [lf.day.no_flights] No direct flights on 25FEB
2026-01-05 17:03:35 | INFO     | [SUCCESS] Day 25FEB
2026-01-05 17:03:35 | INFO     | [DAY_START] Processing 24FEB
2026-01-05 17:03:35 | INFO     | [lf.day.start] Processing AHB-ATZ for 24FEB
2026-01-05 17:03:36 | WARNING  | [lf.day.no_flights] No direct flights on 24FEB
2026-01-05 17:03:37 | INFO     | [SUCCESS] Day 24FEB
2026-01-05 17:03:37 | INFO     | [DAY_START] Processing 23FEB
2026-01-05 17:03:37 | INFO     | [lf.day.start] Processing AHB-ATZ for 23FEB
2026-01-05 17:03:38 | WARNING  | [lf.day.no_flights] No direct flights on 23FEB
2026-01-05 17:03:38 | INFO     | [SUCCESS] Day 23FEB
2026-01-05 17:03:38 | INFO     | [DAY_START] Processing 22FEB
2026-01-05 17:03:38 | INFO     | [lf.day.start] Processing AHB-ATZ for 22FEB
2026-01-05 17:03:39 | WARNING  | [lf.day.no_flights] No direct flights on 22FEB
2026-01-05 17:03:39 | INFO     | [SUCCESS] Day 22FEB
2026-01-05 17:03:39 | INFO     | [DAY_START] Processing 21FEB
2026-01-05 17:03:39 | INFO     | [lf.day.start] Processing AHB-ATZ for 21FEB
2026-01-05 17:03:40 | WARNING  | [lf.day.no_flights] No direct flights on 21FEB
2026-01-05 17:03:40 | INFO     | [SUCCESS] Day 21FEB
2026-01-05 17:03:40 | INFO     | [DAY_START] Processing 20FEB
2026-01-05 17:03:40 | INFO     | [lf.day.start] Processing AHB-ATZ for 20FEB
2026-01-05 17:03:41 | INFO     | [lf.day.flights_found] Found 1 flights on 20FEB
2026-01-05 17:03:44 | INFO     | [lf.flight.extracted] SM446 on 20FEB: BKG=6, LF=3.4%
2026-01-05 17:03:46 | INFO     | [SUCCESS] Day 20FEB
2026-01-05 17:03:46 | INFO     | [DAY_START] Processing 19FEB
2026-01-05 17:03:46 | INFO     | [lf.day.start] Processing AHB-ATZ for 19FEB
2026-01-05 17:03:47 | WARNING  | [lf.day.no_flights] No direct flights on 19FEB
2026-01-05 17:03:48 | INFO     | [SUCCESS] Day 19FEB
2026-01-05 17:03:48 | INFO     | [SUCCESS] LF Search Complete
2026-01-05 17:03:50 | INFO     | [Worker_9225] Completed: AHB-ATZ - 10 results, 0 errors
2026-01-05 17:03:50 | INFO     | [Worker_9225] Processing: HBE-MED
2026-01-05 17:03:50 | INFO     |   Tier 0: Range 2, Chunk 1/3 (10 days)
