2026-01-05 17:00:28 | INFO     | ======================================================================
2026-01-05 17:00:28 | INFO     | Load Factor Scraper Started - Route: ATZ-RUH
2026-01-05 17:00:28 | INFO     | Log file: D:\CODERED\LAB\market_insights\outputs\run_generated_050126_at_16.47\logs\LF_ATZ-RUH_20260105_170028.log
2026-01-05 17:00:28 | INFO     | Enhanced logging: Capturing both logging.info() and print()
2026-01-05 17:00:28 | INFO     | ======================================================================
2026-01-05 17:00:28 | INFO     | Starting LF search for route: ATZ-RUH
2026-01-05 17:00:28 | INFO     | [START] LF Search
2026-01-05 17:00:29 | INFO     | [HEALTH CHECK] [OK] Chrome connection is healthy
2026-01-05 17:00:29 | INFO     | [DAY_START] Processing 07MAR
2026-01-05 17:00:29 | INFO     | [lf.day.start] Processing ATZ-RUH for 07MAR
2026-01-05 17:00:31 | WARNING  | [lf.day.no_flights] No direct flights on 07MAR
2026-01-05 17:00:31 | INFO     | [SUCCESS] Day 07MAR
2026-01-05 17:00:31 | INFO     | [DAY_START] Processing 06MAR
2026-01-05 17:00:31 | INFO     | [lf.day.start] Processing ATZ-RUH for 06MAR
2026-01-05 17:00:32 | WARNING  | [lf.day.no_flights] No direct flights on 06MAR
2026-01-05 17:00:32 | INFO     | [SUCCESS] Day 06MAR
2026-01-05 17:00:32 | INFO     | [DAY_START] Processing 05MAR
2026-01-05 17:00:32 | INFO     | [lf.day.start] Processing ATZ-RUH for 05MAR
2026-01-05 17:00:33 | WARNING  | [lf.day.no_flights] No direct flights on 05MAR
2026-01-05 17:00:33 | INFO     | [SUCCESS] Day 05MAR
2026-01-05 17:00:33 | INFO     | [DAY_START] Processing 04MAR
2026-01-05 17:00:33 | INFO     | [lf.day.start] Processing ATZ-RUH for 04MAR
2026-01-05 17:00:34 | INFO     | [lf.day.flights_found] Found 1 flights on 04MAR
2026-01-05 17:00:36 | INFO     | [lf.flight.extracted] SM465 on 04MAR: BKG=4, LF=2.2%
2026-01-05 17:00:39 | INFO     | [SUCCESS] Day 04MAR
2026-01-05 17:00:39 | INFO     | [DAY_START] Processing 03MAR
2026-01-05 17:00:39 | INFO     | [lf.day.start] Processing ATZ-RUH for 03MAR
2026-01-05 17:00:40 | INFO     | [lf.day.flights_found] Found 1 flights on 03MAR
2026-01-05 17:00:42 | INFO     | [lf.flight.extracted] SM463 on 03MAR: BKG=0, LF=0.0%
2026-01-05 17:00:43 | INFO     | [SUCCESS] Day 03MAR
2026-01-05 17:00:43 | INFO     | [DAY_START] Processing 02MAR
2026-01-05 17:00:43 | INFO     | [lf.day.start] Processing ATZ-RUH for 02MAR
2026-01-05 17:00:44 | WARNING  | [lf.day.no_flights] No direct flights on 02MAR
2026-01-05 17:00:44 | INFO     | [SUCCESS] Day 02MAR
2026-01-05 17:00:44 | INFO     | [DAY_START] Processing 01MAR
2026-01-05 17:00:44 | INFO     | [lf.day.start] Processing ATZ-RUH for 01MAR
2026-01-05 17:00:46 | INFO     | [lf.day.flights_found] Found 1 flights on 01MAR
2026-01-05 17:00:48 | INFO     | [lf.flight.extracted] SM463 on 01MAR: BKG=6, LF=3.4%
2026-01-05 17:00:51 | INFO     | [SUCCESS] Day 01MAR
2026-01-05 17:00:51 | INFO     | [SUCCESS] LF Search Complete
2026-01-05 17:00:53 | INFO     | [Worker_9225] Completed: ATZ-RUH - 7 results, 0 errors
2026-01-05 17:00:53 | INFO     | [Worker_9225] Processing: ATZ-TUU
2026-01-05 17:00:53 | INFO     |   Tier 0: Range 3, Chunk 4/4 (7 days)
