2026-01-05 17:27:32 | INFO     | ======================================================================
2026-01-05 17:27:32 | INFO     | Load Factor Scraper Started - Route: ATZ-JED
2026-01-05 17:27:32 | INFO     | Log file: D:\CODERED\LAB\market_insights\outputs\run_generated_050126_at_16.47\logs\LF_ATZ-JED_20260105_172732.log
2026-01-05 17:27:32 | INFO     | Enhanced logging: Capturing both logging.info() and print()
2026-01-05 17:27:32 | INFO     | ======================================================================
2026-01-05 17:27:32 | INFO     | Starting LF search for route: ATZ-JED
2026-01-05 17:27:32 | INFO     | [START] LF Search
2026-01-05 17:27:33 | INFO     | [HEALTH CHECK] [OK] Chrome connection is healthy
2026-01-05 17:27:33 | INFO     | [DAY_START] Processing 22JAN
2026-01-05 17:27:33 | INFO     | [lf.day.start] Processing ATZ-JED for 22JAN
2026-01-05 17:27:35 | INFO     | [lf.day.flights_found] Found 3 flights on 22JAN
2026-01-05 17:27:37 | INFO     | [lf.flight.extracted] SM963 on 22JAN: BKG=179, LF=100.0%
2026-01-05 17:27:41 | INFO     | [lf.flight.extracted] SM453 on 22JAN: BKG=162, LF=90.5%
2026-01-05 17:27:44 | INFO     | [lf.flight.extracted] SM455 on 22JAN: BKG=120, LF=67.0%
2026-01-05 17:27:55 | INFO     | [SUCCESS] Day 22JAN
2026-01-05 17:27:55 | INFO     | [DAY_START] Processing 21JAN
2026-01-05 17:27:55 | INFO     | [lf.day.start] Processing ATZ-JED for 21JAN
2026-01-05 17:27:57 | INFO     | [lf.day.flights_found] Found 3 flights on 21JAN
2026-01-05 17:27:59 | INFO     | [lf.flight.extracted] SM453 on 21JAN: BKG=179, LF=100.0%
2026-01-05 17:28:02 | INFO     | [lf.flight.extracted] SM491 on 21JAN: BKG=180, LF=100.6%
2026-01-05 17:28:06 | INFO     | [lf.flight.extracted] SM421 on 21JAN: BKG=180, LF=100.6%
2026-01-05 17:28:09 | ERROR    | Atomic write failed for D:\CODERED\LAB\market_insights\outputs\run_generated_050126_at_16.47\checkpoints\flight_booking_data.json: [WinError 5] Access is denied: 'D:\\CODERED\\LAB\\market_insights\\outputs\\run_generated_050126_at_16.47\\checkpoints\\flight_booking_data.tmp_55aa0848' -> 'D:\\CODERED\\LAB\\market_insights\\outputs\\run_generated_050126_at_16.47\\checkpoints\\flight_booking_data.json'
2026-01-05 17:28:12 | INFO     | [SUCCESS] Day 21JAN
2026-01-05 17:28:12 | INFO     | [DAY_START] Processing 20JAN
2026-01-05 17:28:12 | INFO     | [lf.day.start] Processing ATZ-JED for 20JAN
2026-01-05 17:28:13 | INFO     | [lf.day.flights_found] Found 2 flights on 20JAN
2026-01-05 17:28:16 | INFO     | [lf.flight.extracted] SM453 on 20JAN: BKG=157, LF=87.7%
2026-01-05 17:28:19 | INFO     | [lf.flight.extracted] SM455 on 20JAN: BKG=175, LF=97.8%
2026-01-05 17:28:27 | INFO     | [SUCCESS] Day 20JAN
2026-01-05 17:28:27 | INFO     | [DAY_START] Processing 19JAN
2026-01-05 17:28:27 | INFO     | [lf.day.start] Processing ATZ-JED for 19JAN
2026-01-05 17:28:29 | INFO     | [lf.day.flights_found] Found 4 flights on 19JAN
2026-01-05 17:28:31 | INFO     | [lf.flight.extracted] SM491 on 19JAN: BKG=129, LF=72.1%
2026-01-05 17:28:35 | INFO     | [lf.flight.extracted] SM455 on 19JAN: BKG=129, LF=72.1%
2026-01-05 17:28:38 | INFO     | [lf.flight.extracted] SM421 on 19JAN: BKG=163, LF=91.1%
2026-01-05 17:28:42 | INFO     | [lf.flight.extracted] SM453 on 19JAN: BKG=180, LF=100.6%
2026-01-05 17:28:55 | INFO     | [SUCCESS] Day 19JAN
2026-01-05 17:28:55 | INFO     | [DAY_START] Processing 18JAN
2026-01-05 17:28:55 | INFO     | [lf.day.start] Processing ATZ-JED for 18JAN
2026-01-05 17:28:56 | INFO     | [lf.day.flights_found] Found 2 flights on 18JAN
2026-01-05 17:28:58 | INFO     | [lf.flight.extracted] SM491 on 18JAN: BKG=151, LF=84.4%
2026-01-05 17:29:02 | INFO     | [lf.flight.extracted] SM455 on 18JAN: BKG=128, LF=71.5%
2026-01-05 17:29:07 | INFO     | [SUCCESS] Day 18JAN
2026-01-05 17:29:07 | INFO     | [DAY_START] Processing 17JAN
2026-01-05 17:29:07 | INFO     | [lf.day.start] Processing ATZ-JED for 17JAN
2026-01-05 17:29:09 | INFO     | [lf.day.flights_found] Found 3 flights on 17JAN
2026-01-05 17:29:11 | INFO     | [lf.flight.extracted] SM491 on 17JAN: BKG=159, LF=88.8%
2026-01-05 17:29:14 | INFO     | [lf.flight.extracted] SM453 on 17JAN: BKG=115, LF=64.2%
2026-01-05 17:29:18 | INFO     | [lf.flight.extracted] SM455 on 17JAN: BKG=158, LF=88.3%
2026-01-05 17:29:30 | INFO     | [SUCCESS] Day 17JAN
2026-01-05 17:29:30 | INFO     | [DAY_START] Processing 16JAN
2026-01-05 17:29:30 | INFO     | [lf.day.start] Processing ATZ-JED for 16JAN
2026-01-05 17:29:31 | INFO     | [lf.day.flights_found] Found 1 flights on 16JAN
2026-01-05 17:29:33 | INFO     | [lf.flight.extracted] SM491 on 16JAN: BKG=152, LF=84.9%
2026-01-05 17:29:38 | INFO     | [SUCCESS] Day 16JAN
2026-01-05 17:29:38 | INFO     | [DAY_START] Processing 15JAN
2026-01-05 17:29:38 | INFO     | [lf.day.start] Processing ATZ-JED for 15JAN
2026-01-05 17:29:39 | INFO     | [lf.day.flights_found] Found 2 flights on 15JAN
2026-01-05 17:29:41 | INFO     | [lf.flight.extracted] SM453 on 15JAN: BKG=179, LF=100.0%
2026-01-05 17:29:46 | INFO     | [lf.flight.extracted] SM455 on 15JAN: BKG=179, LF=100.0%
2026-01-05 17:29:54 | INFO     | [SUCCESS] Day 15JAN
2026-01-05 17:29:54 | INFO     | [DAY_START] Processing 14JAN
2026-01-05 17:29:54 | INFO     | [lf.day.start] Processing ATZ-JED for 14JAN
2026-01-05 17:29:55 | INFO     | [lf.day.flights_found] Found 3 flights on 14JAN
2026-01-05 17:29:57 | INFO     | [lf.flight.extracted] SM453 on 14JAN: BKG=182, LF=101.7%
2026-01-05 17:30:01 | INFO     | [lf.flight.extracted] SM491 on 14JAN: BKG=179, LF=100.0%
2026-01-05 17:30:04 | INFO     | [lf.flight.extracted] SM421 on 14JAN: BKG=179, LF=100.0%
2026-01-05 17:30:17 | INFO     | [SUCCESS] Day 14JAN
2026-01-05 17:30:17 | INFO     | [SUCCESS] LF Search Complete
2026-01-05 17:30:19 | INFO     | [Worker_9226] Completed: ATZ-JED - 9 results, 0 errors
2026-01-05 17:30:19 | INFO     | [Worker_9226] Processing: CAI-GIZ
2026-01-05 17:30:19 | INFO     |   Tier 0: Range 1, Chunk 2/3 (9 days)
