2026-01-05 17:14:51 | INFO     | ======================================================================
2026-01-05 17:14:51 | INFO     | Load Factor Scraper Started - Route: AHB-ATZ
2026-01-05 17:14:51 | INFO     | Log file: D:\CODERED\LAB\market_insights\outputs\run_generated_050126_at_16.47\logs\LF_AHB-ATZ_20260105_171451.log
2026-01-05 17:14:51 | INFO     | Enhanced logging: Capturing both logging.info() and print()
2026-01-05 17:14:51 | INFO     | ======================================================================
2026-01-05 17:14:51 | INFO     | Starting LF search for route: AHB-ATZ
2026-01-05 17:14:51 | INFO     | [START] LF Search
2026-01-05 17:14:53 | INFO     | [HEALTH CHECK] [OK] Chrome connection is healthy
2026-01-05 17:14:53 | INFO     | [DAY_START] Processing 09FEB
2026-01-05 17:14:53 | INFO     | [lf.day.start] Processing AHB-ATZ for 09FEB
2026-01-05 17:14:54 | WARNING  | [lf.day.no_flights] No direct flights on 09FEB
2026-01-05 17:14:54 | INFO     | [SUCCESS] Day 09FEB
2026-01-05 17:14:54 | INFO     | [DAY_START] Processing 08FEB
2026-01-05 17:14:54 | INFO     | [lf.day.start] Processing AHB-ATZ for 08FEB
2026-01-05 17:14:56 | WARNING  | [lf.day.no_flights] No direct flights on 08FEB
2026-01-05 17:14:56 | INFO     | [SUCCESS] Day 08FEB
2026-01-05 17:14:56 | INFO     | [DAY_START] Processing 07FEB
2026-01-05 17:14:56 | INFO     | [lf.day.start] Processing AHB-ATZ for 07FEB
2026-01-05 17:14:57 | WARNING  | [lf.day.no_flights] No direct flights on 07FEB
2026-01-05 17:14:57 | INFO     | [SUCCESS] Day 07FEB
2026-01-05 17:14:57 | INFO     | [DAY_START] Processing 06FEB
2026-01-05 17:14:57 | INFO     | [lf.day.start] Processing AHB-ATZ for 06FEB
2026-01-05 17:14:59 | INFO     | [lf.day.flights_found] Found 1 flights on 06FEB
2026-01-05 17:15:01 | INFO     | [lf.flight.extracted] SM446 on 06FEB: BKG=34, LF=19.4%
2026-01-05 17:15:06 | INFO     | [SUCCESS] Day 06FEB
2026-01-05 17:15:06 | INFO     | [DAY_START] Processing 05FEB
2026-01-05 17:15:06 | INFO     | [lf.day.start] Processing AHB-ATZ for 05FEB
2026-01-05 17:15:07 | WARNING  | [lf.day.no_flights] No direct flights on 05FEB
2026-01-05 17:15:07 | INFO     | [SUCCESS] Day 05FEB
2026-01-05 17:15:07 | INFO     | [DAY_START] Processing 04FEB
2026-01-05 17:15:07 | INFO     | [lf.day.start] Processing AHB-ATZ for 04FEB
2026-01-05 17:15:08 | WARNING  | [lf.day.no_flights] No direct flights on 04FEB
2026-01-05 17:15:09 | INFO     | [SUCCESS] Day 04FEB
2026-01-05 17:15:09 | INFO     | [DAY_START] Processing 03FEB
2026-01-05 17:15:09 | INFO     | [lf.day.start] Processing AHB-ATZ for 03FEB
2026-01-05 17:15:10 | WARNING  | [lf.day.no_flights] No direct flights on 03FEB
2026-01-05 17:15:10 | INFO     | [SUCCESS] Day 03FEB
2026-01-05 17:15:10 | INFO     | [DAY_START] Processing 02FEB
2026-01-05 17:15:10 | INFO     | [lf.day.start] Processing AHB-ATZ for 02FEB
2026-01-05 17:15:12 | WARNING  | [lf.day.no_flights] No direct flights on 02FEB
2026-01-05 17:15:12 | INFO     | [SUCCESS] Day 02FEB
2026-01-05 17:15:12 | INFO     | [DAY_START] Processing 01FEB
2026-01-05 17:15:12 | INFO     | [lf.day.start] Processing AHB-ATZ for 01FEB
2026-01-05 17:15:13 | WARNING  | [lf.day.no_flights] No direct flights on 01FEB
2026-01-05 17:15:13 | INFO     | [SUCCESS] Day 01FEB
2026-01-05 17:15:13 | INFO     | [SUCCESS] LF Search Complete
2026-01-05 17:15:15 | INFO     | [Worker_9222] Completed: AHB-ATZ - 9 results, 0 errors
2026-01-05 17:15:15 | INFO     | [Worker_9222] Processing: GIZ-CAI
2026-01-05 17:15:15 | INFO     |   Tier 0: Range 2, Chunk 3/3 (9 days)
