2026-01-05 17:23:09 | INFO     | ======================================================================
2026-01-05 17:23:09 | INFO     | Load Factor Scraper Started - Route: ATZ-AJF
2026-01-05 17:23:09 | INFO     | Log file: D:\CODERED\LAB\market_insights\outputs\run_generated_050126_at_16.47\logs\LF_ATZ-AJF_20260105_172309.log
2026-01-05 17:23:09 | INFO     | Enhanced logging: Capturing both logging.info() and print()
2026-01-05 17:23:09 | INFO     | ======================================================================
2026-01-05 17:23:09 | INFO     | Starting LF search for route: ATZ-AJF
2026-01-05 17:23:09 | INFO     | [START] LF Search
2026-01-05 17:23:11 | INFO     | [HEALTH CHECK] [OK] Chrome connection is healthy
2026-01-05 17:23:11 | INFO     | [DAY_START] Processing 31JAN
2026-01-05 17:23:11 | INFO     | [lf.day.start] Processing ATZ-AJF for 31JAN
2026-01-05 17:23:12 | WARNING  | [lf.day.no_flights] No direct flights on 31JAN
2026-01-05 17:23:12 | INFO     | [SUCCESS] Day 31JAN
2026-01-05 17:23:12 | INFO     | [DAY_START] Processing 30JAN
2026-01-05 17:23:12 | INFO     | [lf.day.start] Processing ATZ-AJF for 30JAN
2026-01-05 17:23:14 | INFO     | [lf.day.flights_found] Found 1 flights on 30JAN
2026-01-05 17:23:17 | INFO     | [lf.flight.extracted] SM323 on 30JAN: BKG=4, LF=2.2%
2026-01-05 17:23:20 | INFO     | [SUCCESS] Day 30JAN
2026-01-05 17:23:20 | INFO     | [DAY_START] Processing 29JAN
2026-01-05 17:23:20 | INFO     | [lf.day.start] Processing ATZ-AJF for 29JAN
2026-01-05 17:23:21 | WARNING  | [lf.day.no_flights] No direct flights on 29JAN
2026-01-05 17:23:21 | INFO     | [SUCCESS] Day 29JAN
2026-01-05 17:23:21 | INFO     | [DAY_START] Processing 28JAN
2026-01-05 17:23:21 | INFO     | [lf.day.start] Processing ATZ-AJF for 28JAN
2026-01-05 17:23:22 | WARNING  | [lf.day.no_flights] No direct flights on 28JAN
2026-01-05 17:23:23 | INFO     | [SUCCESS] Day 28JAN
2026-01-05 17:23:23 | INFO     | [DAY_START] Processing 27JAN
2026-01-05 17:23:23 | INFO     | [lf.day.start] Processing ATZ-AJF for 27JAN
2026-01-05 17:23:24 | WARNING  | [lf.day.no_flights] No direct flights on 27JAN
2026-01-05 17:23:24 | INFO     | [SUCCESS] Day 27JAN
2026-01-05 17:23:24 | INFO     | [DAY_START] Processing 26JAN
2026-01-05 17:23:24 | INFO     | [lf.day.start] Processing ATZ-AJF for 26JAN
2026-01-05 17:23:25 | WARNING  | [lf.day.no_flights] No direct flights on 26JAN
2026-01-05 17:23:25 | INFO     | [SUCCESS] Day 26JAN
2026-01-05 17:23:25 | INFO     | [DAY_START] Processing 25JAN
2026-01-05 17:23:25 | INFO     | [lf.day.start] Processing ATZ-AJF for 25JAN
2026-01-05 17:23:26 | WARNING  | [lf.day.no_flights] No direct flights on 25JAN
2026-01-05 17:23:26 | INFO     | [SUCCESS] Day 25JAN
2026-01-05 17:23:26 | INFO     | [DAY_START] Processing 24JAN
2026-01-05 17:23:26 | INFO     | [lf.day.start] Processing ATZ-AJF for 24JAN
2026-01-05 17:23:27 | WARNING  | [lf.day.no_flights] No direct flights on 24JAN
2026-01-05 17:23:27 | INFO     | [SUCCESS] Day 24JAN
2026-01-05 17:23:27 | INFO     | [DAY_START] Processing 23JAN
2026-01-05 17:23:27 | INFO     | [lf.day.start] Processing ATZ-AJF for 23JAN
2026-01-05 17:23:29 | INFO     | [lf.day.flights_found] Found 1 flights on 23JAN
2026-01-05 17:23:31 | INFO     | [lf.flight.extracted] SM323 on 23JAN: BKG=29, LF=16.2%
2026-01-05 17:23:35 | INFO     | [SUCCESS] Day 23JAN
2026-01-05 17:23:35 | INFO     | [SUCCESS] LF Search Complete
2026-01-05 17:23:37 | INFO     | [Worker_9234] Completed: ATZ-AJF - 9 results, 0 errors
2026-01-05 17:23:37 | INFO     | [Worker_9234] Processing: CAI-ELQ
2026-01-05 17:23:37 | INFO     |   Tier 0: Range 1, Chunk 1/3 (9 days)
