2026-01-05 17:17:03 | INFO     | ======================================================================
2026-01-05 17:17:03 | INFO     | Load Factor Scraper Started - Route: ATZ-TUU
2026-01-05 17:17:03 | INFO     | Log file: D:\CODERED\LAB\market_insights\outputs\run_generated_050126_at_16.47\logs\LF_ATZ-TUU_20260105_171703.log
2026-01-05 17:17:03 | INFO     | Enhanced logging: Capturing both logging.info() and print()
2026-01-05 17:17:03 | INFO     | ======================================================================
2026-01-05 17:17:03 | INFO     | Starting LF search for route: ATZ-TUU
2026-01-05 17:17:03 | INFO     | [START] LF Search
2026-01-05 17:17:04 | INFO     | [HEALTH CHECK] [OK] Chrome connection is healthy
2026-01-05 17:17:04 | INFO     | [DAY_START] Processing 09FEB
2026-01-05 17:17:04 | INFO     | [lf.day.start] Processing ATZ-TUU for 09FEB
2026-01-05 17:17:05 | WARNING  | [lf.day.no_flights] No direct flights on 09FEB
2026-01-05 17:17:05 | INFO     | [SUCCESS] Day 09FEB
2026-01-05 17:17:05 | INFO     | [DAY_START] Processing 08FEB
2026-01-05 17:17:05 | INFO     | [lf.day.start] Processing ATZ-TUU for 08FEB
2026-01-05 17:17:06 | WARNING  | [lf.day.no_flights] No direct flights on 08FEB
2026-01-05 17:17:06 | INFO     | [SUCCESS] Day 08FEB
2026-01-05 17:17:06 | INFO     | [DAY_START] Processing 07FEB
2026-01-05 17:17:06 | INFO     | [lf.day.start] Processing ATZ-TUU for 07FEB
2026-01-05 17:17:08 | WARNING  | [lf.day.no_flights] No direct flights on 07FEB
2026-01-05 17:17:08 | INFO     | [SUCCESS] Day 07FEB
2026-01-05 17:17:08 | INFO     | [DAY_START] Processing 06FEB
2026-01-05 17:17:08 | INFO     | [lf.day.start] Processing ATZ-TUU for 06FEB
2026-01-05 17:17:09 | INFO     | [lf.day.flights_found] Found 1 flights on 06FEB
2026-01-05 17:17:12 | INFO     | [lf.flight.extracted] SM327 on 06FEB: BKG=6, LF=3.4%
2026-01-05 17:17:14 | INFO     | [SUCCESS] Day 06FEB
2026-01-05 17:17:14 | INFO     | [DAY_START] Processing 05FEB
2026-01-05 17:17:14 | INFO     | [lf.day.start] Processing ATZ-TUU for 05FEB
2026-01-05 17:17:16 | WARNING  | [lf.day.no_flights] No direct flights on 05FEB
2026-01-05 17:17:16 | INFO     | [SUCCESS] Day 05FEB
2026-01-05 17:17:16 | INFO     | [DAY_START] Processing 04FEB
2026-01-05 17:17:16 | INFO     | [lf.day.start] Processing ATZ-TUU for 04FEB
2026-01-05 17:17:17 | WARNING  | [lf.day.no_flights] No direct flights on 04FEB
2026-01-05 17:17:17 | INFO     | [SUCCESS] Day 04FEB
2026-01-05 17:17:17 | INFO     | [DAY_START] Processing 03FEB
2026-01-05 17:17:17 | INFO     | [lf.day.start] Processing ATZ-TUU for 03FEB
2026-01-05 17:17:19 | WARNING  | [lf.day.no_flights] No direct flights on 03FEB
2026-01-05 17:17:19 | INFO     | [SUCCESS] Day 03FEB
2026-01-05 17:17:19 | INFO     | [DAY_START] Processing 02FEB
2026-01-05 17:17:19 | INFO     | [lf.day.start] Processing ATZ-TUU for 02FEB
2026-01-05 17:17:20 | WARNING  | [lf.day.no_flights] No direct flights on 02FEB
2026-01-05 17:17:20 | INFO     | [SUCCESS] Day 02FEB
2026-01-05 17:17:20 | INFO     | [DAY_START] Processing 01FEB
2026-01-05 17:17:20 | INFO     | [lf.day.start] Processing ATZ-TUU for 01FEB
2026-01-05 17:17:22 | WARNING  | [lf.day.no_flights] No direct flights on 01FEB
2026-01-05 17:17:23 | INFO     | [SUCCESS] Day 01FEB
2026-01-05 17:17:23 | INFO     | [SUCCESS] LF Search Complete
2026-01-05 17:17:25 | INFO     | [Worker_9227] Completed: ATZ-TUU - 9 results, 0 errors
2026-01-05 17:17:25 | INFO     | [Worker_9227] Processing: CAI-AHB
2026-01-05 17:17:25 | INFO     |   Tier 0: Range 2, Chunk 3/3 (9 days)
