2026-01-05 16:49:20 | INFO     | ======================================================================
2026-01-05 16:49:20 | INFO     | Load Factor Scraper Started - Route: ATZ-MED
2026-01-05 16:49:20 | INFO     | Log file: D:\CODERED\LAB\market_insights\outputs\run_generated_050126_at_16.47\logs\LF_ATZ-MED_20260105_164920.log
2026-01-05 16:49:20 | INFO     | Enhanced logging: Capturing both logging.info() and print()
2026-01-05 16:49:20 | INFO     | ======================================================================
2026-01-05 16:49:20 | INFO     | Starting LF search for route: ATZ-MED
2026-01-05 16:49:20 | INFO     | [START] LF Search
2026-01-05 16:49:21 | INFO     | [HEALTH CHECK] [OK] Chrome connection is healthy
2026-01-05 16:49:21 | INFO     | [DAY_START] Processing 31MAR
2026-01-05 16:49:21 | INFO     | [lf.day.start] Processing ATZ-MED for 31MAR
2026-01-05 16:49:22 | WARNING  | [lf.day.no_flights] No direct flights on 31MAR
2026-01-05 16:49:22 | INFO     | [SUCCESS] Day 31MAR
2026-01-05 16:49:22 | INFO     | [DAY_START] Processing 30MAR
2026-01-05 16:49:22 | INFO     | [lf.day.start] Processing ATZ-MED for 30MAR
2026-01-05 16:49:23 | WARNING  | [lf.day.no_flights] No direct flights on 30MAR
2026-01-05 16:49:23 | INFO     | [SUCCESS] Day 30MAR
2026-01-05 16:49:23 | INFO     | [DAY_START] Processing 29MAR
2026-01-05 16:49:23 | INFO     | [lf.day.start] Processing ATZ-MED for 29MAR
2026-01-05 16:49:24 | INFO     | [lf.day.flights_found] Found 1 flights on 29MAR
2026-01-05 16:49:26 | INFO     | [lf.flight.extracted] SM487 on 29MAR: BKG=10, LF=5.6%
2026-01-05 16:49:29 | INFO     | [SUCCESS] Day 29MAR
2026-01-05 16:49:29 | INFO     | [DAY_START] Processing 28MAR
2026-01-05 16:49:29 | INFO     | [lf.day.start] Processing ATZ-MED for 28MAR
2026-01-05 16:49:30 | INFO     | [lf.day.flights_found] Found 1 flights on 28MAR
2026-01-05 16:49:32 | INFO     | [lf.flight.extracted] SM487 on 28MAR: BKG=20, LF=11.2%
2026-01-05 16:49:35 | INFO     | [SUCCESS] Day 28MAR
2026-01-05 16:49:35 | INFO     | [DAY_START] Processing 27MAR
2026-01-05 16:49:35 | INFO     | [lf.day.start] Processing ATZ-MED for 27MAR
2026-01-05 16:49:36 | INFO     | [lf.day.flights_found] Found 1 flights on 27MAR
2026-01-05 16:49:38 | INFO     | [lf.flight.extracted] SM963 on 27MAR: BKG=0, LF=0.0%
2026-01-05 16:49:39 | INFO     | [SUCCESS] Day 27MAR
2026-01-05 16:49:39 | INFO     | [DAY_START] Processing 26MAR
2026-01-05 16:49:39 | INFO     | [lf.day.start] Processing ATZ-MED for 26MAR
2026-01-05 16:49:40 | WARNING  | [lf.day.no_flights] No direct flights on 26MAR
2026-01-05 16:49:40 | INFO     | [SUCCESS] Day 26MAR
2026-01-05 16:49:40 | INFO     | [DAY_START] Processing 25MAR
2026-01-05 16:49:40 | INFO     | [lf.day.start] Processing ATZ-MED for 25MAR
2026-01-05 16:49:42 | INFO     | [lf.day.flights_found] Found 1 flights on 25MAR
2026-01-05 16:49:43 | INFO     | [lf.flight.extracted] SM489 on 25MAR: BKG=5, LF=2.8%
2026-01-05 16:49:47 | INFO     | [SUCCESS] Day 25MAR
2026-01-05 16:49:47 | INFO     | [DAY_START] Processing 24MAR
2026-01-05 16:49:47 | INFO     | [lf.day.start] Processing ATZ-MED for 24MAR
2026-01-05 16:49:48 | INFO     | [lf.day.flights_found] Found 1 flights on 24MAR
2026-01-05 16:49:50 | INFO     | [lf.flight.extracted] SM487 on 24MAR: BKG=2, LF=1.1%
2026-01-05 16:49:52 | INFO     | [SUCCESS] Day 24MAR
2026-01-05 16:49:52 | INFO     | [SUCCESS] LF Search Complete
2026-01-05 16:49:54 | INFO     | [Worker_9227] Completed: ATZ-MED - 8 results, 0 errors
2026-01-05 16:49:54 | INFO     | [Worker_9227] Processing: CAI-RUH
2026-01-05 16:49:54 | INFO     |   Tier 0: Range 3, Chunk 1/4 (8 days)
