2026-01-05 17:22:21 | INFO     | ======================================================================
2026-01-05 17:22:21 | INFO     | Load Factor Scraper Started - Route: ATZ-DMM
2026-01-05 17:22:21 | INFO     | Log file: D:\CODERED\LAB\market_insights\outputs\run_generated_050126_at_16.47\logs\LF_ATZ-DMM_20260105_172221.log
2026-01-05 17:22:21 | INFO     | Enhanced logging: Capturing both logging.info() and print()
2026-01-05 17:22:21 | INFO     | ======================================================================
2026-01-05 17:22:21 | INFO     | Starting LF search for route: ATZ-DMM
2026-01-05 17:22:21 | INFO     | [START] LF Search
2026-01-05 17:22:23 | INFO     | [HEALTH CHECK] [OK] Chrome connection is healthy
2026-01-05 17:22:23 | INFO     | [DAY_START] Processing 31JAN
2026-01-05 17:22:23 | INFO     | [lf.day.start] Processing ATZ-DMM for 31JAN
2026-01-05 17:22:24 | WARNING  | [lf.day.no_flights] No direct flights on 31JAN
2026-01-05 17:22:24 | INFO     | [SUCCESS] Day 31JAN
2026-01-05 17:22:24 | INFO     | [DAY_START] Processing 30JAN
2026-01-05 17:22:24 | INFO     | [lf.day.start] Processing ATZ-DMM for 30JAN
2026-01-05 17:22:26 | INFO     | [lf.day.flights_found] Found 1 flights on 30JAN
2026-01-05 17:22:29 | INFO     | [lf.flight.extracted] SM437 on 30JAN: BKG=35, LF=19.6%
2026-01-05 17:22:33 | INFO     | [SUCCESS] Day 30JAN
2026-01-05 17:22:33 | INFO     | [DAY_START] Processing 29JAN
2026-01-05 17:22:33 | INFO     | [lf.day.start] Processing ATZ-DMM for 29JAN
2026-01-05 17:22:35 | WARNING  | [lf.day.no_flights] No direct flights on 29JAN
2026-01-05 17:22:35 | INFO     | [SUCCESS] Day 29JAN
2026-01-05 17:22:35 | INFO     | [DAY_START] Processing 28JAN
2026-01-05 17:22:35 | INFO     | [lf.day.start] Processing ATZ-DMM for 28JAN
2026-01-05 17:22:37 | WARNING  | [lf.day.no_flights] No direct flights on 28JAN
2026-01-05 17:22:37 | INFO     | [SUCCESS] Day 28JAN
2026-01-05 17:22:37 | INFO     | [DAY_START] Processing 27JAN
2026-01-05 17:22:37 | INFO     | [lf.day.start] Processing ATZ-DMM for 27JAN
2026-01-05 17:22:38 | WARNING  | [lf.day.no_flights] No direct flights on 27JAN
2026-01-05 17:22:39 | INFO     | [SUCCESS] Day 27JAN
2026-01-05 17:22:39 | INFO     | [DAY_START] Processing 26JAN
2026-01-05 17:22:39 | INFO     | [lf.day.start] Processing ATZ-DMM for 26JAN
2026-01-05 17:22:40 | INFO     | [lf.day.flights_found] Found 1 flights on 26JAN
2026-01-05 17:22:43 | INFO     | [lf.flight.extracted] SM437 on 26JAN: BKG=73, LF=40.8%
2026-01-05 17:22:49 | INFO     | [SUCCESS] Day 26JAN
2026-01-05 17:22:49 | INFO     | [DAY_START] Processing 25JAN
2026-01-05 17:22:49 | INFO     | [lf.day.start] Processing ATZ-DMM for 25JAN
2026-01-05 17:22:51 | WARNING  | [lf.day.no_flights] No direct flights on 25JAN
2026-01-05 17:22:51 | INFO     | [SUCCESS] Day 25JAN
2026-01-05 17:22:51 | INFO     | [DAY_START] Processing 24JAN
2026-01-05 17:22:51 | INFO     | [lf.day.start] Processing ATZ-DMM for 24JAN
2026-01-05 17:22:53 | WARNING  | [lf.day.no_flights] No direct flights on 24JAN
2026-01-05 17:22:53 | INFO     | [SUCCESS] Day 24JAN
2026-01-05 17:22:53 | INFO     | [DAY_START] Processing 23JAN
2026-01-05 17:22:53 | INFO     | [lf.day.start] Processing ATZ-DMM for 23JAN
2026-01-05 17:22:54 | INFO     | [lf.day.flights_found] Found 1 flights on 23JAN
2026-01-05 17:22:57 | INFO     | [lf.flight.extracted] SM437 on 23JAN: BKG=86, LF=48.0%
2026-01-05 17:23:04 | INFO     | [SUCCESS] Day 23JAN
2026-01-05 17:23:04 | INFO     | [SUCCESS] LF Search Complete
2026-01-05 17:23:06 | INFO     | [Worker_9222] Completed: ATZ-DMM - 9 results, 0 errors
2026-01-05 17:23:06 | INFO     | [Worker_9222] Processing: CAI-AJF
2026-01-05 17:23:06 | INFO     |   Tier 0: Range 1, Chunk 1/3 (9 days)
