2026-01-05 17:23:37 | INFO     | ======================================================================
2026-01-05 17:23:37 | INFO     | Load Factor Scraper Started - Route: ATZ-AHB
2026-01-05 17:23:37 | INFO     | Log file: D:\CODERED\LAB\market_insights\outputs\run_generated_050126_at_16.47\logs\LF_ATZ-AHB_20260105_172337.log
2026-01-05 17:23:37 | INFO     | Enhanced logging: Capturing both logging.info() and print()
2026-01-05 17:23:37 | INFO     | ======================================================================
2026-01-05 17:23:37 | INFO     | Starting LF search for route: ATZ-AHB
2026-01-05 17:23:37 | INFO     | [START] LF Search
2026-01-05 17:23:38 | INFO     | [HEALTH CHECK] [OK] Chrome connection is healthy
2026-01-05 17:23:38 | INFO     | [DAY_START] Processing 31JAN
2026-01-05 17:23:38 | INFO     | [lf.day.start] Processing ATZ-AHB for 31JAN
2026-01-05 17:23:40 | WARNING  | [lf.day.no_flights] No direct flights on 31JAN
2026-01-05 17:23:40 | INFO     | [SUCCESS] Day 31JAN
2026-01-05 17:23:40 | INFO     | [DAY_START] Processing 30JAN
2026-01-05 17:23:40 | INFO     | [lf.day.start] Processing ATZ-AHB for 30JAN
2026-01-05 17:23:41 | INFO     | [lf.day.flights_found] Found 1 flights on 30JAN
2026-01-05 17:23:44 | INFO     | [lf.flight.extracted] SM445 on 30JAN: BKG=37, LF=20.7%
2026-01-05 17:23:47 | INFO     | [SUCCESS] Day 30JAN
2026-01-05 17:23:47 | INFO     | [DAY_START] Processing 29JAN
2026-01-05 17:23:47 | INFO     | [lf.day.start] Processing ATZ-AHB for 29JAN
2026-01-05 17:23:49 | WARNING  | [lf.day.no_flights] No direct flights on 29JAN
2026-01-05 17:23:49 | INFO     | [SUCCESS] Day 29JAN
2026-01-05 17:23:49 | INFO     | [DAY_START] Processing 28JAN
2026-01-05 17:23:49 | INFO     | [lf.day.start] Processing ATZ-AHB for 28JAN
2026-01-05 17:23:50 | WARNING  | [lf.day.no_flights] No direct flights on 28JAN
2026-01-05 17:23:50 | INFO     | [SUCCESS] Day 28JAN
2026-01-05 17:23:50 | INFO     | [DAY_START] Processing 27JAN
2026-01-05 17:23:50 | INFO     | [lf.day.start] Processing ATZ-AHB for 27JAN
2026-01-05 17:23:51 | WARNING  | [lf.day.no_flights] No direct flights on 27JAN
2026-01-05 17:23:51 | INFO     | [SUCCESS] Day 27JAN
2026-01-05 17:23:51 | INFO     | [DAY_START] Processing 26JAN
2026-01-05 17:23:51 | INFO     | [lf.day.start] Processing ATZ-AHB for 26JAN
2026-01-05 17:23:52 | WARNING  | [lf.day.no_flights] No direct flights on 26JAN
2026-01-05 17:23:53 | INFO     | [SUCCESS] Day 26JAN
2026-01-05 17:23:53 | INFO     | [DAY_START] Processing 25JAN
2026-01-05 17:23:53 | INFO     | [lf.day.start] Processing ATZ-AHB for 25JAN
2026-01-05 17:23:54 | WARNING  | [lf.day.no_flights] No direct flights on 25JAN
2026-01-05 17:23:54 | INFO     | [SUCCESS] Day 25JAN
2026-01-05 17:23:54 | INFO     | [DAY_START] Processing 24JAN
2026-01-05 17:23:54 | INFO     | [lf.day.start] Processing ATZ-AHB for 24JAN
2026-01-05 17:23:55 | WARNING  | [lf.day.no_flights] No direct flights on 24JAN
2026-01-05 17:23:55 | INFO     | [SUCCESS] Day 24JAN
2026-01-05 17:23:55 | INFO     | [DAY_START] Processing 23JAN
2026-01-05 17:23:55 | INFO     | [lf.day.start] Processing ATZ-AHB for 23JAN
2026-01-05 17:23:56 | INFO     | [lf.day.flights_found] Found 1 flights on 23JAN
2026-01-05 17:23:58 | INFO     | [lf.flight.extracted] SM445 on 23JAN: BKG=72, LF=40.2%
2026-01-05 17:24:04 | INFO     | [SUCCESS] Day 23JAN
2026-01-05 17:24:04 | INFO     | [SUCCESS] LF Search Complete
2026-01-05 17:24:06 | INFO     | [Worker_9226] Completed: ATZ-AHB - 9 results, 0 errors
2026-01-05 17:24:06 | INFO     | [Worker_9226] Processing: MED-CAI
2026-01-05 17:24:06 | INFO     |   Tier 0: Range 1, Chunk 2/3 (9 days)
