2026-01-05 17:37:44 | INFO     | ======================================================================
2026-01-05 17:37:44 | INFO     | Load Factor Scraper Started - Route: ATZ-ELQ
2026-01-05 17:37:44 | INFO     | Log file: D:\CODERED\LAB\market_insights\outputs\run_generated_050126_at_16.47\logs\LF_ATZ-ELQ_20260105_173744.log
2026-01-05 17:37:44 | INFO     | Enhanced logging: Capturing both logging.info() and print()
2026-01-05 17:37:44 | INFO     | ======================================================================
2026-01-05 17:37:44 | INFO     | Starting LF search for route: ATZ-ELQ
2026-01-05 17:37:44 | INFO     | [START] LF Search
2026-01-05 17:37:46 | INFO     | [HEALTH CHECK] [OK] Chrome connection is healthy
2026-01-05 17:37:46 | INFO     | [DAY_START] Processing 13JAN
2026-01-05 17:37:46 | INFO     | [lf.day.start] Processing ATZ-ELQ for 13JAN
2026-01-05 17:37:47 | INFO     | [lf.day.flights_found] Found 1 flights on 13JAN
2026-01-05 17:37:49 | INFO     | [lf.flight.extracted] SM435 on 13JAN: BKG=66, LF=36.9%
2026-01-05 17:37:54 | INFO     | [SUCCESS] Day 13JAN
2026-01-05 17:37:54 | INFO     | [DAY_START] Processing 12JAN
2026-01-05 17:37:54 | INFO     | [lf.day.start] Processing ATZ-ELQ for 12JAN
2026-01-05 17:37:56 | WARNING  | [lf.day.no_flights] No direct flights on 12JAN
2026-01-05 17:37:56 | INFO     | [SUCCESS] Day 12JAN
2026-01-05 17:37:56 | INFO     | [DAY_START] Processing 11JAN
2026-01-05 17:37:56 | INFO     | [lf.day.start] Processing ATZ-ELQ for 11JAN
2026-01-05 17:37:57 | WARNING  | [lf.day.no_flights] No direct flights on 11JAN
2026-01-05 17:37:57 | INFO     | [SUCCESS] Day 11JAN
2026-01-05 17:37:57 | INFO     | [DAY_START] Processing 10JAN
2026-01-05 17:37:57 | INFO     | [lf.day.start] Processing ATZ-ELQ for 10JAN
2026-01-05 17:37:58 | INFO     | [lf.day.flights_found] Found 1 flights on 10JAN
2026-01-05 17:38:00 | INFO     | [lf.flight.extracted] SM435 on 10JAN: BKG=113, LF=63.1%
2026-01-05 17:38:07 | INFO     | [SUCCESS] Day 10JAN
2026-01-05 17:38:07 | INFO     | [DAY_START] Processing 09JAN
2026-01-05 17:38:07 | INFO     | [lf.day.start] Processing ATZ-ELQ for 09JAN
2026-01-05 17:38:08 | WARNING  | [lf.day.no_flights] No direct flights on 09JAN
2026-01-05 17:38:08 | INFO     | [SUCCESS] Day 09JAN
2026-01-05 17:38:08 | INFO     | [DAY_START] Processing 08JAN
2026-01-05 17:38:08 | INFO     | [lf.day.start] Processing ATZ-ELQ for 08JAN
2026-01-05 17:38:09 | WARNING  | [lf.day.no_flights] No direct flights on 08JAN
2026-01-05 17:38:09 | INFO     | [SUCCESS] Day 08JAN
2026-01-05 17:38:09 | INFO     | [DAY_START] Processing 07JAN
2026-01-05 17:38:09 | INFO     | [lf.day.start] Processing ATZ-ELQ for 07JAN
2026-01-05 17:38:10 | WARNING  | [lf.day.no_flights] No direct flights on 07JAN
2026-01-05 17:38:10 | INFO     | [SUCCESS] Day 07JAN
2026-01-05 17:38:10 | INFO     | [DAY_START] Processing 06JAN
2026-01-05 17:38:10 | INFO     | [lf.day.start] Processing ATZ-ELQ for 06JAN
2026-01-05 17:38:11 | INFO     | [lf.day.flights_found] Found 1 flights on 06JAN
2026-01-05 17:38:14 | INFO     | [lf.flight.extracted] SM435 on 06JAN: BKG=108, LF=60.3%
2026-01-05 17:38:20 | INFO     | [SUCCESS] Day 06JAN
2026-01-05 17:38:20 | INFO     | [SUCCESS] LF Search Complete
2026-01-05 17:38:22 | INFO     | [Worker_9234] Completed: ATZ-ELQ - 8 results, 0 errors
2026-01-05 18:38:28 | INFO     | [Worker_9234] Shutdown signal received, exiting...
2026-01-05 18:38:28 | INFO     | [Worker_9234] Finished. Processed 53 groups.
