2026-01-05 16:49:54 | INFO     | ======================================================================
2026-01-05 16:49:54 | INFO     | Load Factor Scraper Started - Route: CAI-RUH
2026-01-05 16:49:54 | INFO     | Log file: D:\CODERED\LAB\market_insights\outputs\run_generated_050126_at_16.47\logs\LF_CAI-RUH_20260105_164954.log
2026-01-05 16:49:54 | INFO     | Enhanced logging: Capturing both logging.info() and print()
2026-01-05 16:49:54 | INFO     | ======================================================================
2026-01-05 16:49:54 | INFO     | Starting LF search for route: CAI-RUH
2026-01-05 16:49:54 | INFO     | [START] LF Search
2026-01-05 16:49:55 | INFO     | [HEALTH CHECK] [OK] Chrome connection is healthy
2026-01-05 16:49:55 | INFO     | [DAY_START] Processing 31MAR
2026-01-05 16:49:55 | INFO     | [lf.day.start] Processing CAI-RUH for 31MAR
2026-01-05 16:49:56 | INFO     | [lf.day.flights_found] Found 1 flights on 31MAR
2026-01-05 16:49:58 | INFO     | [lf.flight.extracted] SM461 on 31MAR: BKG=0, LF=0.0%
2026-01-05 16:49:59 | INFO     | [SUCCESS] Day 31MAR
2026-01-05 16:49:59 | INFO     | [DAY_START] Processing 30MAR
2026-01-05 16:49:59 | INFO     | [lf.day.start] Processing CAI-RUH for 30MAR
2026-01-05 16:50:00 | INFO     | [lf.day.flights_found] Found 1 flights on 30MAR
2026-01-05 16:50:02 | INFO     | [lf.flight.extracted] SM461 on 30MAR: BKG=1, LF=0.6%
2026-01-05 16:50:05 | INFO     | [SUCCESS] Day 30MAR
2026-01-05 16:50:05 | INFO     | [DAY_START] Processing 29MAR
2026-01-05 16:50:05 | INFO     | [lf.day.start] Processing CAI-RUH for 29MAR
2026-01-05 16:50:06 | INFO     | [lf.day.flights_found] Found 1 flights on 29MAR
2026-01-05 16:50:08 | INFO     | [lf.flight.extracted] SM461 on 29MAR: BKG=0, LF=0.0%
2026-01-05 16:50:10 | INFO     | [SUCCESS] Day 29MAR
2026-01-05 16:50:10 | INFO     | [DAY_START] Processing 28MAR
2026-01-05 16:50:10 | INFO     | [lf.day.start] Processing CAI-RUH for 28MAR
2026-01-05 16:50:11 | INFO     | [lf.day.flights_found] Found 1 flights on 28MAR
2026-01-05 16:50:12 | INFO     | [lf.flight.extracted] SM461 on 28MAR: BKG=64, LF=35.8%
2026-01-05 16:50:17 | INFO     | [SUCCESS] Day 28MAR
2026-01-05 16:50:17 | INFO     | [DAY_START] Processing 27MAR
2026-01-05 16:50:17 | INFO     | [lf.day.start] Processing CAI-RUH for 27MAR
2026-01-05 16:50:18 | INFO     | [lf.day.flights_found] Found 2 flights on 27MAR
2026-01-05 16:50:20 | INFO     | [lf.flight.extracted] SM461 on 27MAR: BKG=40, LF=22.4%
2026-01-05 16:50:24 | INFO     | [lf.flight.extracted] SM469 on 27MAR: BKG=47, LF=26.3%
2026-01-05 16:50:32 | INFO     | [SUCCESS] Day 27MAR
2026-01-05 16:50:32 | INFO     | [DAY_START] Processing 26MAR
2026-01-05 16:50:32 | INFO     | [lf.day.start] Processing CAI-RUH for 26MAR
2026-01-05 16:50:33 | INFO     | [lf.day.flights_found] Found 1 flights on 26MAR
2026-01-05 16:50:36 | INFO     | [lf.flight.extracted] SM461 on 26MAR: BKG=11, LF=6.2%
2026-01-05 16:50:38 | INFO     | [SUCCESS] Day 26MAR
2026-01-05 16:50:38 | INFO     | [DAY_START] Processing 25MAR
2026-01-05 16:50:38 | INFO     | [lf.day.start] Processing CAI-RUH for 25MAR
2026-01-05 16:50:39 | INFO     | [lf.day.flights_found] Found 2 flights on 25MAR
2026-01-05 16:50:42 | INFO     | [lf.flight.extracted] SM461 on 25MAR: BKG=12, LF=6.7%
2026-01-05 16:50:45 | INFO     | [lf.flight.extracted] SM469 on 25MAR: BKG=1, LF=0.6%
2026-01-05 16:50:49 | INFO     | [SUCCESS] Day 25MAR
2026-01-05 16:50:49 | INFO     | [DAY_START] Processing 24MAR
2026-01-05 16:50:49 | INFO     | [lf.day.start] Processing CAI-RUH for 24MAR
2026-01-05 16:50:50 | INFO     | [lf.day.flights_found] Found 1 flights on 24MAR
2026-01-05 16:50:52 | INFO     | [lf.flight.extracted] SM469 on 24MAR: BKG=1, LF=0.6%
2026-01-05 16:50:54 | INFO     | [SUCCESS] Day 24MAR
2026-01-05 16:50:54 | INFO     | [SUCCESS] LF Search Complete
2026-01-05 16:50:56 | INFO     | [Worker_9227] Completed: CAI-RUH - 8 results, 0 errors
2026-01-05 16:50:56 | INFO     | [Worker_9227] Processing: CAI-GIZ
2026-01-05 16:50:56 | INFO     |   Tier 0: Range 3, Chunk 1/4 (8 days)
