2026-01-05 17:15:20 | INFO     | ======================================================================
2026-01-05 17:15:20 | INFO     | Load Factor Scraper Started - Route: CAI-MED
2026-01-05 17:15:20 | INFO     | Log file: D:\CODERED\LAB\market_insights\outputs\run_generated_050126_at_16.47\logs\LF_CAI-MED_20260105_171520.log
2026-01-05 17:15:20 | INFO     | Enhanced logging: Capturing both logging.info() and print()
2026-01-05 17:15:20 | INFO     | ======================================================================
2026-01-05 17:15:20 | INFO     | Starting LF search for route: CAI-MED
2026-01-05 17:15:20 | INFO     | [START] LF Search
2026-01-05 17:15:22 | INFO     | [HEALTH CHECK] [OK] Chrome connection is healthy
2026-01-05 17:15:22 | INFO     | [DAY_START] Processing 09FEB
2026-01-05 17:15:22 | INFO     | [lf.day.start] Processing CAI-MED for 09FEB
2026-01-05 17:15:24 | INFO     | [lf.day.flights_found] Found 1 flights on 09FEB
2026-01-05 17:15:26 | INFO     | [lf.flight.extracted] SM495 on 09FEB: BKG=166, LF=92.7%
2026-01-05 17:15:31 | INFO     | [SUCCESS] Day 09FEB
2026-01-05 17:15:31 | INFO     | [DAY_START] Processing 08FEB
2026-01-05 17:15:31 | INFO     | [lf.day.start] Processing CAI-MED for 08FEB
2026-01-05 17:15:32 | INFO     | [lf.day.flights_found] Found 1 flights on 08FEB
2026-01-05 17:15:34 | INFO     | [lf.flight.extracted] SM493 on 08FEB: BKG=166, LF=92.7%
2026-01-05 17:15:42 | INFO     | [SUCCESS] Day 08FEB
2026-01-05 17:15:42 | INFO     | [DAY_START] Processing 07FEB
2026-01-05 17:15:42 | INFO     | [lf.day.start] Processing CAI-MED for 07FEB
2026-01-05 17:15:43 | INFO     | [lf.day.flights_found] Found 1 flights on 07FEB
2026-01-05 17:15:47 | INFO     | [lf.flight.extracted] SM493 on 07FEB: BKG=167, LF=93.3%
2026-01-05 17:15:50 | INFO     | [SUCCESS] Day 07FEB
2026-01-05 17:15:50 | INFO     | [DAY_START] Processing 06FEB
2026-01-05 17:15:50 | INFO     | [lf.day.start] Processing CAI-MED for 06FEB
2026-01-05 17:15:51 | WARNING  | [lf.day.no_flights] No direct flights on 06FEB
2026-01-05 17:15:52 | INFO     | [SUCCESS] Day 06FEB
2026-01-05 17:15:52 | INFO     | [DAY_START] Processing 05FEB
2026-01-05 17:15:52 | INFO     | [lf.day.start] Processing CAI-MED for 05FEB
2026-01-05 17:15:53 | INFO     | [lf.day.flights_found] Found 1 flights on 05FEB
2026-01-05 17:15:55 | INFO     | [lf.flight.extracted] SM493 on 05FEB: BKG=147, LF=83.5%
2026-01-05 17:15:58 | INFO     | [SUCCESS] Day 05FEB
2026-01-05 17:15:58 | INFO     | [DAY_START] Processing 04FEB
2026-01-05 17:15:58 | INFO     | [lf.day.start] Processing CAI-MED for 04FEB
2026-01-05 17:15:59 | WARNING  | [lf.day.no_flights] No direct flights on 04FEB
2026-01-05 17:15:59 | INFO     | [SUCCESS] Day 04FEB
2026-01-05 17:15:59 | INFO     | [DAY_START] Processing 03FEB
2026-01-05 17:15:59 | INFO     | [lf.day.start] Processing CAI-MED for 03FEB
2026-01-05 17:16:00 | INFO     | [lf.day.flights_found] Found 1 flights on 03FEB
2026-01-05 17:16:02 | INFO     | [lf.flight.extracted] SM493 on 03FEB: BKG=41, LF=22.9%
2026-01-05 17:16:05 | INFO     | [SUCCESS] Day 03FEB
2026-01-05 17:16:05 | INFO     | [DAY_START] Processing 02FEB
2026-01-05 17:16:05 | INFO     | [lf.day.start] Processing CAI-MED for 02FEB
2026-01-05 17:16:06 | INFO     | [lf.day.flights_found] Found 1 flights on 02FEB
2026-01-05 17:16:09 | INFO     | [lf.flight.extracted] SM495 on 02FEB: BKG=24, LF=13.6%
2026-01-05 17:16:13 | INFO     | [SUCCESS] Day 02FEB
2026-01-05 17:16:13 | INFO     | [DAY_START] Processing 01FEB
2026-01-05 17:16:13 | INFO     | [lf.day.start] Processing CAI-MED for 01FEB
2026-01-05 17:16:14 | INFO     | [lf.day.flights_found] Found 1 flights on 01FEB
2026-01-05 17:16:16 | INFO     | [lf.flight.extracted] SM493 on 01FEB: BKG=81, LF=45.2%
2026-01-05 17:16:20 | INFO     | [SUCCESS] Day 01FEB
2026-01-05 17:16:20 | INFO     | [SUCCESS] LF Search Complete
2026-01-05 17:16:22 | INFO     | [Worker_9227] Completed: CAI-MED - 9 results, 0 errors
2026-01-05 17:16:22 | INFO     | [Worker_9227] Processing: ATZ-RUH
2026-01-05 17:16:22 | INFO     |   Tier 0: Range 2, Chunk 3/3 (9 days)
