2026-01-05 17:30:19 | INFO     | ======================================================================
2026-01-05 17:30:19 | INFO     | Load Factor Scraper Started - Route: CAI-GIZ
2026-01-05 17:30:19 | INFO     | Log file: D:\CODERED\LAB\market_insights\outputs\run_generated_050126_at_16.47\logs\LF_CAI-GIZ_20260105_173019.log
2026-01-05 17:30:19 | INFO     | Enhanced logging: Capturing both logging.info() and print()
2026-01-05 17:30:19 | INFO     | ======================================================================
2026-01-05 17:30:19 | INFO     | Starting LF search for route: CAI-GIZ
2026-01-05 17:30:19 | INFO     | [START] LF Search
2026-01-05 17:30:21 | INFO     | [HEALTH CHECK] [OK] Chrome connection is healthy
2026-01-05 17:30:21 | INFO     | [DAY_START] Processing 22JAN
2026-01-05 17:30:21 | INFO     | [lf.day.start] Processing CAI-GIZ for 22JAN
2026-01-05 17:30:22 | INFO     | [lf.day.flights_found] Found 1 flights on 22JAN
2026-01-05 17:30:24 | INFO     | [lf.flight.extracted] SM329 on 22JAN: BKG=48, LF=26.8%
2026-01-05 17:30:29 | INFO     | [SUCCESS] Day 22JAN
2026-01-05 17:30:29 | INFO     | [DAY_START] Processing 21JAN
2026-01-05 17:30:29 | INFO     | [lf.day.start] Processing CAI-GIZ for 21JAN
2026-01-05 17:30:30 | WARNING  | [lf.day.no_flights] No direct flights on 21JAN
2026-01-05 17:30:30 | INFO     | [SUCCESS] Day 21JAN
2026-01-05 17:30:30 | INFO     | [DAY_START] Processing 20JAN
2026-01-05 17:30:30 | INFO     | [lf.day.start] Processing CAI-GIZ for 20JAN
2026-01-05 17:30:31 | WARNING  | [lf.day.no_flights] No direct flights on 20JAN
2026-01-05 17:30:32 | INFO     | [SUCCESS] Day 20JAN
2026-01-05 17:30:32 | INFO     | [DAY_START] Processing 19JAN
2026-01-05 17:30:32 | INFO     | [lf.day.start] Processing CAI-GIZ for 19JAN
2026-01-05 17:30:33 | WARNING  | [lf.day.no_flights] No direct flights on 19JAN
2026-01-05 17:30:33 | INFO     | [SUCCESS] Day 19JAN
2026-01-05 17:30:33 | INFO     | [DAY_START] Processing 18JAN
2026-01-05 17:30:33 | INFO     | [lf.day.start] Processing CAI-GIZ for 18JAN
2026-01-05 17:30:34 | WARNING  | [lf.day.no_flights] No direct flights on 18JAN
2026-01-05 17:30:34 | INFO     | [SUCCESS] Day 18JAN
2026-01-05 17:30:34 | INFO     | [DAY_START] Processing 17JAN
2026-01-05 17:30:34 | INFO     | [lf.day.start] Processing CAI-GIZ for 17JAN
2026-01-05 17:30:35 | INFO     | [lf.day.flights_found] Found 1 flights on 17JAN
2026-01-05 17:30:37 | INFO     | [lf.flight.extracted] SM329 on 17JAN: BKG=94, LF=52.5%
2026-01-05 17:30:43 | INFO     | [SUCCESS] Day 17JAN
2026-01-05 17:30:43 | INFO     | [DAY_START] Processing 16JAN
2026-01-05 17:30:43 | INFO     | [lf.day.start] Processing CAI-GIZ for 16JAN
2026-01-05 17:30:44 | WARNING  | [lf.day.no_flights] No direct flights on 16JAN
2026-01-05 17:30:45 | INFO     | [SUCCESS] Day 16JAN
2026-01-05 17:30:45 | INFO     | [DAY_START] Processing 15JAN
2026-01-05 17:30:45 | INFO     | [lf.day.start] Processing CAI-GIZ for 15JAN
2026-01-05 17:30:46 | INFO     | [lf.day.flights_found] Found 1 flights on 15JAN
2026-01-05 17:30:48 | INFO     | [lf.flight.extracted] SM329 on 15JAN: BKG=82, LF=45.8%
2026-01-05 17:30:53 | INFO     | [SUCCESS] Day 15JAN
2026-01-05 17:30:53 | INFO     | [DAY_START] Processing 14JAN
2026-01-05 17:30:53 | INFO     | [lf.day.start] Processing CAI-GIZ for 14JAN
2026-01-05 17:30:54 | WARNING  | [lf.day.no_flights] No direct flights on 14JAN
2026-01-05 17:30:54 | INFO     | [SUCCESS] Day 14JAN
2026-01-05 17:30:54 | INFO     | [SUCCESS] LF Search Complete
2026-01-05 17:30:57 | INFO     | [Worker_9226] Completed: CAI-GIZ - 9 results, 0 errors
2026-01-05 17:30:57 | INFO     | [Worker_9226] Processing: JED-CAI
2026-01-05 17:30:57 | INFO     |   Tier 0: Range 1, Chunk 3/3 (9 days)
