2026-01-05 16:57:44 | INFO     | ======================================================================
2026-01-05 16:57:44 | INFO     | Load Factor Scraper Started - Route: CAI-YNB
2026-01-05 16:57:44 | INFO     | Log file: D:\CODERED\LAB\market_insights\outputs\run_generated_050126_at_16.47\logs\LF_CAI-YNB_20260105_165744.log
2026-01-05 16:57:44 | INFO     | Enhanced logging: Capturing both logging.info() and print()
2026-01-05 16:57:44 | INFO     | ======================================================================
2026-01-05 16:57:44 | INFO     | Starting LF search for route: CAI-YNB
2026-01-05 16:57:44 | INFO     | [START] LF Search
2026-01-05 16:57:45 | INFO     | [HEALTH CHECK] [OK] Chrome connection is healthy
2026-01-05 16:57:45 | INFO     | [DAY_START] Processing 15MAR
2026-01-05 16:57:45 | INFO     | [lf.day.start] Processing CAI-YNB for 15MAR
2026-01-05 16:57:46 | INFO     | [lf.day.flights_found] Found 1 flights on 15MAR
2026-01-05 16:57:48 | INFO     | [lf.flight.extracted] SM441 on 15MAR: BKG=0, LF=0.0%
2026-01-05 16:57:50 | INFO     | [SUCCESS] Day 15MAR
2026-01-05 16:57:50 | INFO     | [DAY_START] Processing 14MAR
2026-01-05 16:57:50 | INFO     | [lf.day.start] Processing CAI-YNB for 14MAR
2026-01-05 16:57:51 | INFO     | [lf.day.flights_found] Found 1 flights on 14MAR
2026-01-05 16:57:53 | INFO     | [lf.flight.extracted] SM441 on 14MAR: BKG=0, LF=0.0%
2026-01-05 16:57:54 | INFO     | [SUCCESS] Day 14MAR
2026-01-05 16:57:54 | INFO     | [DAY_START] Processing 13MAR
2026-01-05 16:57:54 | INFO     | [lf.day.start] Processing CAI-YNB for 13MAR
2026-01-05 16:57:55 | INFO     | [lf.day.flights_found] Found 1 flights on 13MAR
2026-01-05 16:57:57 | INFO     | [lf.flight.extracted] SM441 on 13MAR: BKG=2, LF=1.1%
2026-01-05 16:58:00 | INFO     | [SUCCESS] Day 13MAR
2026-01-05 16:58:00 | INFO     | [DAY_START] Processing 12MAR
2026-01-05 16:58:00 | INFO     | [lf.day.start] Processing CAI-YNB for 12MAR
2026-01-05 16:58:01 | INFO     | [lf.day.flights_found] Found 1 flights on 12MAR
2026-01-05 16:58:03 | INFO     | [lf.flight.extracted] SM441 on 12MAR: BKG=3, LF=1.7%
2026-01-05 16:58:06 | INFO     | [SUCCESS] Day 12MAR
2026-01-05 16:58:06 | INFO     | [DAY_START] Processing 11MAR
2026-01-05 16:58:06 | INFO     | [lf.day.start] Processing CAI-YNB for 11MAR
2026-01-05 16:58:07 | INFO     | [lf.day.flights_found] Found 1 flights on 11MAR
2026-01-05 16:58:09 | INFO     | [lf.flight.extracted] SM441 on 11MAR: BKG=0, LF=0.0%
2026-01-05 16:58:10 | INFO     | [SUCCESS] Day 11MAR
2026-01-05 16:58:10 | INFO     | [DAY_START] Processing 10MAR
2026-01-05 16:58:10 | INFO     | [lf.day.start] Processing CAI-YNB for 10MAR
2026-01-05 16:58:11 | INFO     | [lf.day.flights_found] Found 1 flights on 10MAR
2026-01-05 16:58:13 | INFO     | [lf.flight.extracted] SM441 on 10MAR: BKG=0, LF=0.0%
2026-01-05 16:58:14 | INFO     | [SUCCESS] Day 10MAR
2026-01-05 16:58:14 | INFO     | [DAY_START] Processing 09MAR
2026-01-05 16:58:14 | INFO     | [lf.day.start] Processing CAI-YNB for 09MAR
2026-01-05 16:58:15 | INFO     | [lf.day.flights_found] Found 1 flights on 09MAR
2026-01-05 16:58:17 | INFO     | [lf.flight.extracted] SM441 on 09MAR: BKG=1, LF=0.6%
2026-01-05 16:58:20 | INFO     | [SUCCESS] Day 09MAR
2026-01-05 16:58:20 | INFO     | [DAY_START] Processing 08MAR
2026-01-05 16:58:20 | INFO     | [lf.day.start] Processing CAI-YNB for 08MAR
2026-01-05 16:58:21 | INFO     | [lf.day.flights_found] Found 1 flights on 08MAR
2026-01-05 16:58:23 | INFO     | [lf.flight.extracted] SM441 on 08MAR: BKG=0, LF=0.0%
2026-01-05 16:58:24 | INFO     | [SUCCESS] Day 08MAR
2026-01-05 16:58:24 | INFO     | [SUCCESS] LF Search Complete
2026-01-05 16:58:26 | INFO     | [Worker_9224] Completed: CAI-YNB - 8 results, 0 errors
2026-01-05 16:58:26 | INFO     | [Worker_9224] Processing: JED-ATZ
2026-01-05 16:58:26 | INFO     |   Tier 0: Range 3, Chunk 4/4 (7 days)
