2026-01-05 17:11:03 | INFO     | ======================================================================
2026-01-05 17:11:03 | INFO     | Load Factor Scraper Started - Route: CAI-RUH
2026-01-05 17:11:03 | INFO     | Log file: D:\CODERED\LAB\market_insights\outputs\run_generated_050126_at_16.47\logs\LF_CAI-RUH_20260105_171103.log
2026-01-05 17:11:03 | INFO     | Enhanced logging: Capturing both logging.info() and print()
2026-01-05 17:11:03 | INFO     | ======================================================================
2026-01-05 17:11:03 | INFO     | Starting LF search for route: CAI-RUH
2026-01-05 17:11:03 | INFO     | [START] LF Search
2026-01-05 17:11:04 | INFO     | [HEALTH CHECK] [OK] Chrome connection is healthy
2026-01-05 17:11:04 | INFO     | [DAY_START] Processing 18FEB
2026-01-05 17:11:04 | INFO     | [lf.day.start] Processing CAI-RUH for 18FEB
2026-01-05 17:11:05 | INFO     | [lf.day.flights_found] Found 2 flights on 18FEB
2026-01-05 17:11:07 | INFO     | [lf.flight.extracted] SM461 on 18FEB: BKG=0, LF=0.0%
2026-01-05 17:11:10 | INFO     | [lf.flight.extracted] SM469 on 18FEB: BKG=0, LF=0.0%
2026-01-05 17:11:11 | INFO     | [SUCCESS] Day 18FEB
2026-01-05 17:11:11 | INFO     | [DAY_START] Processing 17FEB
2026-01-05 17:11:11 | INFO     | [lf.day.start] Processing CAI-RUH for 17FEB
2026-01-05 17:11:12 | INFO     | [lf.day.flights_found] Found 1 flights on 17FEB
2026-01-05 17:11:15 | INFO     | [lf.flight.extracted] SM469 on 17FEB: BKG=0, LF=0.0%
2026-01-05 17:11:16 | INFO     | [SUCCESS] Day 17FEB
2026-01-05 17:11:16 | INFO     | [DAY_START] Processing 16FEB
2026-01-05 17:11:16 | INFO     | [lf.day.start] Processing CAI-RUH for 16FEB
2026-01-05 17:11:17 | INFO     | [lf.day.flights_found] Found 1 flights on 16FEB
2026-01-05 17:11:19 | INFO     | [lf.flight.extracted] SM469 on 16FEB: BKG=1, LF=0.6%
2026-01-05 17:11:22 | INFO     | [SUCCESS] Day 16FEB
2026-01-05 17:11:22 | INFO     | [DAY_START] Processing 15FEB
2026-01-05 17:11:22 | INFO     | [lf.day.start] Processing CAI-RUH for 15FEB
2026-01-05 17:11:23 | INFO     | [lf.day.flights_found] Found 1 flights on 15FEB
2026-01-05 17:11:25 | INFO     | [lf.flight.extracted] SM461 on 15FEB: BKG=2, LF=1.1%
2026-01-05 17:11:28 | INFO     | [SUCCESS] Day 15FEB
2026-01-05 17:11:28 | INFO     | [DAY_START] Processing 14FEB
2026-01-05 17:11:28 | INFO     | [lf.day.start] Processing CAI-RUH for 14FEB
2026-01-05 17:11:29 | INFO     | [lf.day.flights_found] Found 1 flights on 14FEB
2026-01-05 17:11:31 | INFO     | [lf.flight.extracted] SM461 on 14FEB: BKG=0, LF=0.0%
2026-01-05 17:11:32 | INFO     | [SUCCESS] Day 14FEB
2026-01-05 17:11:32 | INFO     | [DAY_START] Processing 13FEB
2026-01-05 17:11:32 | INFO     | [lf.day.start] Processing CAI-RUH for 13FEB
2026-01-05 17:11:33 | INFO     | [lf.day.flights_found] Found 2 flights on 13FEB
2026-01-05 17:11:35 | INFO     | [lf.flight.extracted] SM461 on 13FEB: BKG=0, LF=0.0%
2026-01-05 17:11:39 | INFO     | [lf.flight.extracted] SM469 on 13FEB: BKG=1, LF=0.6%
2026-01-05 17:11:41 | INFO     | [SUCCESS] Day 13FEB
2026-01-05 17:11:41 | INFO     | [DAY_START] Processing 12FEB
2026-01-05 17:11:41 | INFO     | [lf.day.start] Processing CAI-RUH for 12FEB
2026-01-05 17:11:42 | INFO     | [lf.day.flights_found] Found 1 flights on 12FEB
2026-01-05 17:11:45 | INFO     | [lf.flight.extracted] SM461 on 12FEB: BKG=0, LF=0.0%
2026-01-05 17:11:46 | INFO     | [SUCCESS] Day 12FEB
2026-01-05 17:11:46 | INFO     | [DAY_START] Processing 11FEB
2026-01-05 17:11:46 | INFO     | [lf.day.start] Processing CAI-RUH for 11FEB
2026-01-05 17:11:47 | INFO     | [lf.day.flights_found] Found 2 flights on 11FEB
2026-01-05 17:11:49 | INFO     | [lf.flight.extracted] SM461 on 11FEB: BKG=0, LF=0.0%
2026-01-05 17:11:55 | INFO     | [lf.flight.extracted] SM469 on 11FEB: BKG=1, LF=0.6%
2026-01-05 17:11:58 | INFO     | [SUCCESS] Day 11FEB
2026-01-05 17:11:58 | INFO     | [DAY_START] Processing 10FEB
2026-01-05 17:11:58 | INFO     | [lf.day.start] Processing CAI-RUH for 10FEB
2026-01-05 17:11:59 | INFO     | [lf.day.flights_found] Found 1 flights on 10FEB
2026-01-05 17:12:02 | INFO     | [lf.flight.extracted] SM469 on 10FEB: BKG=0, LF=0.0%
2026-01-05 17:12:03 | INFO     | [SUCCESS] Day 10FEB
2026-01-05 17:12:03 | INFO     | [SUCCESS] LF Search Complete
2026-01-05 17:12:05 | INFO     | [Worker_9226] Completed: CAI-RUH - 9 results, 0 errors
2026-01-05 17:12:05 | INFO     | [Worker_9226] Processing: CAI-YNB
2026-01-05 17:12:05 | INFO     |   Tier 0: Range 2, Chunk 2/3 (9 days)
