2026-01-05 16:54:22 | INFO     | ======================================================================
2026-01-05 16:54:22 | INFO     | Load Factor Scraper Started - Route: CAI-YNB
2026-01-05 16:54:22 | INFO     | Log file: D:\CODERED\LAB\market_insights\outputs\run_generated_050126_at_16.47\logs\LF_CAI-YNB_20260105_165422.log
2026-01-05 16:54:22 | INFO     | Enhanced logging: Capturing both logging.info() and print()
2026-01-05 16:54:22 | INFO     | ======================================================================
2026-01-05 16:54:22 | INFO     | Starting LF search for route: CAI-YNB
2026-01-05 16:54:22 | INFO     | [START] LF Search
2026-01-05 16:54:23 | INFO     | [HEALTH CHECK] [OK] Chrome connection is healthy
2026-01-05 16:54:23 | INFO     | [DAY_START] Processing 23MAR
2026-01-05 16:54:23 | INFO     | [lf.day.start] Processing CAI-YNB for 23MAR
2026-01-05 16:54:24 | INFO     | [lf.day.flights_found] Found 3 flights on 23MAR
2026-01-05 16:54:27 | INFO     | [lf.flight.extracted] SM941 on 23MAR: BKG=0, LF=0.0%
2026-01-05 16:54:30 | INFO     | [lf.flight.extracted] SM985 on 23MAR: BKG=0, LF=0.0%
2026-01-05 16:54:33 | INFO     | [lf.flight.extracted] SM441 on 23MAR: BKG=5, LF=2.8%
2026-01-05 16:54:36 | INFO     | [SUCCESS] Day 23MAR
2026-01-05 16:54:36 | INFO     | [DAY_START] Processing 22MAR
2026-01-05 16:54:36 | INFO     | [lf.day.start] Processing CAI-YNB for 22MAR
2026-01-05 16:54:37 | INFO     | [lf.day.flights_found] Found 2 flights on 22MAR
2026-01-05 16:54:39 | INFO     | [lf.flight.extracted] SM441 on 22MAR: BKG=6, LF=3.4%
2026-01-05 16:54:42 | INFO     | [lf.flight.extracted] SM987 on 22MAR: BKG=0, LF=0.0%
2026-01-05 16:54:44 | INFO     | [SUCCESS] Day 22MAR
2026-01-05 16:54:44 | INFO     | [DAY_START] Processing 21MAR
2026-01-05 16:54:44 | INFO     | [lf.day.start] Processing CAI-YNB for 21MAR
2026-01-05 16:54:45 | INFO     | [lf.day.flights_found] Found 2 flights on 21MAR
2026-01-05 16:54:47 | INFO     | [lf.flight.extracted] SM941 on 21MAR: BKG=0, LF=0.0%
2026-01-05 16:54:51 | INFO     | [lf.flight.extracted] SM441 on 21MAR: BKG=1, LF=0.6%
2026-01-05 16:54:53 | INFO     | [SUCCESS] Day 21MAR
2026-01-05 16:54:53 | INFO     | [DAY_START] Processing 20MAR
2026-01-05 16:54:53 | INFO     | [lf.day.start] Processing CAI-YNB for 20MAR
2026-01-05 16:54:54 | INFO     | [lf.day.flights_found] Found 2 flights on 20MAR
2026-01-05 16:54:56 | INFO     | [lf.flight.extracted] SM941 on 20MAR: BKG=0, LF=0.0%
2026-01-05 16:54:59 | INFO     | [lf.flight.extracted] SM441 on 20MAR: BKG=0, LF=0.0%
2026-01-05 16:55:00 | INFO     | [SUCCESS] Day 20MAR
2026-01-05 16:55:00 | INFO     | [DAY_START] Processing 19MAR
2026-01-05 16:55:00 | INFO     | [lf.day.start] Processing CAI-YNB for 19MAR
2026-01-05 16:55:01 | INFO     | [lf.day.flights_found] Found 2 flights on 19MAR
2026-01-05 16:55:04 | INFO     | [lf.flight.extracted] SM987 on 19MAR: BKG=0, LF=0.0%
2026-01-05 16:55:07 | INFO     | [lf.flight.extracted] SM441 on 19MAR: BKG=1, LF=0.6%
2026-01-05 16:55:10 | INFO     | [SUCCESS] Day 19MAR
2026-01-05 16:55:10 | INFO     | [DAY_START] Processing 18MAR
2026-01-05 16:55:10 | INFO     | [lf.day.start] Processing CAI-YNB for 18MAR
2026-01-05 16:55:11 | INFO     | [lf.day.flights_found] Found 1 flights on 18MAR
2026-01-05 16:55:13 | INFO     | [lf.flight.extracted] SM441 on 18MAR: BKG=0, LF=0.0%
2026-01-05 16:55:14 | INFO     | [SUCCESS] Day 18MAR
2026-01-05 16:55:14 | INFO     | [DAY_START] Processing 17MAR
2026-01-05 16:55:14 | INFO     | [lf.day.start] Processing CAI-YNB for 17MAR
2026-01-05 16:55:15 | INFO     | [lf.day.flights_found] Found 1 flights on 17MAR
2026-01-05 16:55:17 | INFO     | [lf.flight.extracted] SM441 on 17MAR: BKG=1, LF=0.6%
2026-01-05 16:55:20 | INFO     | [SUCCESS] Day 17MAR
2026-01-05 16:55:20 | INFO     | [DAY_START] Processing 16MAR
2026-01-05 16:55:20 | INFO     | [lf.day.start] Processing CAI-YNB for 16MAR
2026-01-05 16:55:21 | INFO     | [lf.day.flights_found] Found 1 flights on 16MAR
2026-01-05 16:55:23 | INFO     | [lf.flight.extracted] SM441 on 16MAR: BKG=1, LF=0.6%
2026-01-05 16:55:25 | INFO     | [SUCCESS] Day 16MAR
2026-01-05 16:55:25 | INFO     | [SUCCESS] LF Search Complete
2026-01-05 16:55:27 | INFO     | [Worker_9225] Completed: CAI-YNB - 8 results, 0 errors
2026-01-05 16:55:27 | INFO     | [Worker_9225] Processing: RUH-CAI
2026-01-05 16:55:27 | INFO     |   Tier 0: Range 3, Chunk 3/4 (8 days)
