2026-01-05 17:09:48 | INFO     | ======================================================================
2026-01-05 17:09:48 | INFO     | Load Factor Scraper Started - Route: CAI-MED
2026-01-05 17:09:48 | INFO     | Log file: D:\CODERED\LAB\market_insights\outputs\run_generated_050126_at_16.47\logs\LF_CAI-MED_20260105_170948.log
2026-01-05 17:09:48 | INFO     | Enhanced logging: Capturing both logging.info() and print()
2026-01-05 17:09:48 | INFO     | ======================================================================
2026-01-05 17:09:48 | INFO     | Starting LF search for route: CAI-MED
2026-01-05 17:09:48 | INFO     | [START] LF Search
2026-01-05 17:09:49 | INFO     | [HEALTH CHECK] [OK] Chrome connection is healthy
2026-01-05 17:09:49 | INFO     | [DAY_START] Processing 18FEB
2026-01-05 17:09:49 | INFO     | [lf.day.start] Processing CAI-MED for 18FEB
2026-01-05 17:09:50 | INFO     | [lf.day.flights_found] Found 2 flights on 18FEB
2026-01-05 17:09:52 | INFO     | [lf.flight.extracted] SM951 on 18FEB: BKG=170, LF=95.0%
2026-01-05 17:10:02 | INFO     | [lf.flight.extracted] SM953 on 18FEB: BKG=170, LF=95.0%
2026-01-05 17:10:08 | INFO     | [SUCCESS] Day 18FEB
2026-01-05 17:10:08 | INFO     | [DAY_START] Processing 17FEB
2026-01-05 17:10:08 | INFO     | [lf.day.start] Processing CAI-MED for 17FEB
2026-01-05 17:10:18 | INFO     | [lf.day.flights_found] Found 2 flights on 17FEB
2026-01-05 17:10:21 | INFO     | [lf.flight.extracted] SM971 on 17FEB: BKG=180, LF=100.6%
2026-01-05 17:10:25 | INFO     | [lf.flight.extracted] SM493 on 17FEB: BKG=174, LF=97.2%
2026-01-05 17:10:35 | INFO     | [SUCCESS] Day 17FEB
2026-01-05 17:10:35 | INFO     | [DAY_START] Processing 16FEB
2026-01-05 17:10:35 | INFO     | [lf.day.start] Processing CAI-MED for 16FEB
2026-01-05 17:10:40 | INFO     | [lf.day.flights_found] Found 2 flights on 16FEB
2026-01-05 17:10:43 | INFO     | [lf.flight.extracted] SM971 on 16FEB: BKG=170, LF=95.0%
2026-01-05 17:10:49 | INFO     | [lf.flight.extracted] SM495 on 16FEB: BKG=176, LF=100.0%
2026-01-05 17:10:56 | INFO     | [SUCCESS] Day 16FEB
2026-01-05 17:10:56 | INFO     | [DAY_START] Processing 15FEB
2026-01-05 17:10:56 | INFO     | [lf.day.start] Processing CAI-MED for 15FEB
2026-01-05 17:10:57 | INFO     | [lf.day.flights_found] Found 1 flights on 15FEB
2026-01-05 17:10:59 | INFO     | [lf.flight.extracted] SM493 on 15FEB: BKG=157, LF=89.2%
2026-01-05 17:11:04 | INFO     | [SUCCESS] Day 15FEB
2026-01-05 17:11:04 | INFO     | [DAY_START] Processing 14FEB
2026-01-05 17:11:04 | INFO     | [lf.day.start] Processing CAI-MED for 14FEB
2026-01-05 17:11:05 | INFO     | [lf.day.flights_found] Found 1 flights on 14FEB
2026-01-05 17:11:07 | INFO     | [lf.flight.extracted] SM493 on 14FEB: BKG=156, LF=87.2%
2026-01-05 17:11:13 | INFO     | [SUCCESS] Day 14FEB
2026-01-05 17:11:13 | INFO     | [DAY_START] Processing 13FEB
2026-01-05 17:11:13 | INFO     | [lf.day.start] Processing CAI-MED for 13FEB
2026-01-05 17:11:14 | INFO     | [lf.day.flights_found] Found 1 flights on 13FEB
2026-01-05 17:11:17 | INFO     | [lf.flight.extracted] SM971 on 13FEB: BKG=170, LF=95.0%
2026-01-05 17:11:20 | INFO     | [SUCCESS] Day 13FEB
2026-01-05 17:11:20 | INFO     | [DAY_START] Processing 12FEB
2026-01-05 17:11:20 | INFO     | [lf.day.start] Processing CAI-MED for 12FEB
2026-01-05 17:11:21 | INFO     | [lf.day.flights_found] Found 1 flights on 12FEB
2026-01-05 17:11:24 | INFO     | [lf.flight.extracted] SM493 on 12FEB: BKG=153, LF=86.9%
2026-01-05 17:11:28 | INFO     | [SUCCESS] Day 12FEB
2026-01-05 17:11:28 | INFO     | [DAY_START] Processing 11FEB
2026-01-05 17:11:28 | INFO     | [lf.day.start] Processing CAI-MED for 11FEB
2026-01-05 17:11:29 | WARNING  | [lf.day.no_flights] No direct flights on 11FEB
2026-01-05 17:11:29 | INFO     | [SUCCESS] Day 11FEB
2026-01-05 17:11:29 | INFO     | [DAY_START] Processing 10FEB
2026-01-05 17:11:29 | INFO     | [lf.day.start] Processing CAI-MED for 10FEB
2026-01-05 17:11:30 | INFO     | [lf.day.flights_found] Found 1 flights on 10FEB
2026-01-05 17:11:33 | INFO     | [lf.flight.extracted] SM493 on 10FEB: BKG=171, LF=95.5%
2026-01-05 17:11:38 | INFO     | [SUCCESS] Day 10FEB
2026-01-05 17:11:38 | INFO     | [SUCCESS] LF Search Complete
2026-01-05 17:11:40 | INFO     | [Worker_9233] Completed: CAI-MED - 9 results, 0 errors
2026-01-05 17:11:40 | INFO     | [Worker_9233] Processing: CAI-TUU
2026-01-05 17:11:40 | INFO     |   Tier 0: Range 2, Chunk 2/3 (9 days)
