2026-01-05 17:23:56 | INFO     | ======================================================================
2026-01-05 17:23:56 | INFO     | Load Factor Scraper Started - Route: CAI-GIZ
2026-01-05 17:23:56 | INFO     | Log file: D:\CODERED\LAB\market_insights\outputs\run_generated_050126_at_16.47\logs\LF_CAI-GIZ_20260105_172356.log
2026-01-05 17:23:56 | INFO     | Enhanced logging: Capturing both logging.info() and print()
2026-01-05 17:23:56 | INFO     | ======================================================================
2026-01-05 17:23:56 | INFO     | Starting LF search for route: CAI-GIZ
2026-01-05 17:23:56 | INFO     | [START] LF Search
2026-01-05 17:23:58 | INFO     | [HEALTH CHECK] [OK] Chrome connection is healthy
2026-01-05 17:23:58 | INFO     | [DAY_START] Processing 31JAN
2026-01-05 17:23:58 | INFO     | [lf.day.start] Processing CAI-GIZ for 31JAN
2026-01-05 17:23:59 | INFO     | [lf.day.flights_found] Found 1 flights on 31JAN
2026-01-05 17:24:02 | INFO     | [lf.flight.extracted] SM329 on 31JAN: BKG=33, LF=18.4%
2026-01-05 17:24:07 | INFO     | [SUCCESS] Day 31JAN
2026-01-05 17:24:07 | INFO     | [DAY_START] Processing 30JAN
2026-01-05 17:24:07 | INFO     | [lf.day.start] Processing CAI-GIZ for 30JAN
2026-01-05 17:24:09 | WARNING  | [lf.day.no_flights] No direct flights on 30JAN
2026-01-05 17:24:09 | INFO     | [SUCCESS] Day 30JAN
2026-01-05 17:24:09 | INFO     | [DAY_START] Processing 29JAN
2026-01-05 17:24:09 | INFO     | [lf.day.start] Processing CAI-GIZ for 29JAN
2026-01-05 17:24:11 | INFO     | [lf.day.flights_found] Found 1 flights on 29JAN
2026-01-05 17:24:14 | INFO     | [lf.flight.extracted] SM329 on 29JAN: BKG=13, LF=7.3%
2026-01-05 17:24:17 | INFO     | [SUCCESS] Day 29JAN
2026-01-05 17:24:17 | INFO     | [DAY_START] Processing 28JAN
2026-01-05 17:24:17 | INFO     | [lf.day.start] Processing CAI-GIZ for 28JAN
2026-01-05 17:24:18 | WARNING  | [lf.day.no_flights] No direct flights on 28JAN
2026-01-05 17:24:19 | INFO     | [SUCCESS] Day 28JAN
2026-01-05 17:24:19 | INFO     | [DAY_START] Processing 27JAN
2026-01-05 17:24:19 | INFO     | [lf.day.start] Processing CAI-GIZ for 27JAN
2026-01-05 17:24:20 | WARNING  | [lf.day.no_flights] No direct flights on 27JAN
2026-01-05 17:24:20 | INFO     | [SUCCESS] Day 27JAN
2026-01-05 17:24:20 | INFO     | [DAY_START] Processing 26JAN
2026-01-05 17:24:20 | INFO     | [lf.day.start] Processing CAI-GIZ for 26JAN
2026-01-05 17:24:22 | WARNING  | [lf.day.no_flights] No direct flights on 26JAN
2026-01-05 17:24:22 | INFO     | [SUCCESS] Day 26JAN
2026-01-05 17:24:22 | INFO     | [DAY_START] Processing 25JAN
2026-01-05 17:24:22 | INFO     | [lf.day.start] Processing CAI-GIZ for 25JAN
2026-01-05 17:24:23 | WARNING  | [lf.day.no_flights] No direct flights on 25JAN
2026-01-05 17:24:23 | INFO     | [SUCCESS] Day 25JAN
2026-01-05 17:24:23 | INFO     | [DAY_START] Processing 24JAN
2026-01-05 17:24:23 | INFO     | [lf.day.start] Processing CAI-GIZ for 24JAN
2026-01-05 17:24:25 | INFO     | [lf.day.flights_found] Found 1 flights on 24JAN
2026-01-05 17:24:27 | INFO     | [lf.flight.extracted] SM329 on 24JAN: BKG=42, LF=23.5%
2026-01-05 17:24:33 | INFO     | [SUCCESS] Day 24JAN
2026-01-05 17:24:33 | INFO     | [DAY_START] Processing 23JAN
2026-01-05 17:24:33 | INFO     | [lf.day.start] Processing CAI-GIZ for 23JAN
2026-01-05 17:24:34 | WARNING  | [lf.day.no_flights] No direct flights on 23JAN
2026-01-05 17:24:34 | INFO     | [SUCCESS] Day 23JAN
2026-01-05 17:24:34 | INFO     | [SUCCESS] LF Search Complete
2026-01-05 17:24:36 | INFO     | [Worker_9222] Completed: CAI-GIZ - 9 results, 0 errors
2026-01-05 17:24:36 | INFO     | [Worker_9222] Processing: JED-LXR
2026-01-05 17:24:36 | INFO     |   Tier 0: Range 1, Chunk 2/3 (9 days)
