2026-01-05 17:35:41 | INFO     | ======================================================================
2026-01-05 17:35:41 | INFO     | Load Factor Scraper Started - Route: CAI-RUH
2026-01-05 17:35:41 | INFO     | Log file: D:\CODERED\LAB\market_insights\outputs\run_generated_050126_at_16.47\logs\LF_CAI-RUH_20260105_173541.log
2026-01-05 17:35:41 | INFO     | Enhanced logging: Capturing both logging.info() and print()
2026-01-05 17:35:41 | INFO     | ======================================================================
2026-01-05 17:35:41 | INFO     | Starting LF search for route: CAI-RUH
2026-01-05 17:35:41 | INFO     | [START] LF Search
2026-01-05 17:35:43 | INFO     | [HEALTH CHECK] [OK] Chrome connection is healthy
2026-01-05 17:35:43 | INFO     | [DAY_START] Processing 13JAN
2026-01-05 17:35:43 | INFO     | [lf.day.start] Processing CAI-RUH for 13JAN
2026-01-05 17:35:45 | INFO     | [lf.day.flights_found] Found 1 flights on 13JAN
2026-01-05 17:35:49 | INFO     | [lf.flight.extracted] SM469 on 13JAN: BKG=88, LF=49.2%
2026-01-05 17:35:57 | INFO     | [SUCCESS] Day 13JAN
2026-01-05 17:35:57 | INFO     | [DAY_START] Processing 12JAN
2026-01-05 17:35:57 | INFO     | [lf.day.start] Processing CAI-RUH for 12JAN
2026-01-05 17:35:59 | INFO     | [lf.day.flights_found] Found 1 flights on 12JAN
2026-01-05 17:36:02 | INFO     | [lf.flight.extracted] SM469 on 12JAN: BKG=84, LF=46.9%
2026-01-05 17:36:11 | INFO     | [SUCCESS] Day 12JAN
2026-01-05 17:36:11 | INFO     | [DAY_START] Processing 11JAN
2026-01-05 17:36:11 | INFO     | [lf.day.start] Processing CAI-RUH for 11JAN
2026-01-05 17:36:13 | INFO     | [lf.day.flights_found] Found 1 flights on 11JAN
2026-01-05 17:36:16 | INFO     | [lf.flight.extracted] SM461 on 11JAN: BKG=82, LF=45.8%
2026-01-05 17:36:24 | INFO     | [SUCCESS] Day 11JAN
2026-01-05 17:36:24 | INFO     | [DAY_START] Processing 10JAN
2026-01-05 17:36:24 | INFO     | [lf.day.start] Processing CAI-RUH for 10JAN
2026-01-05 17:36:26 | INFO     | [lf.day.flights_found] Found 1 flights on 10JAN
2026-01-05 17:36:29 | INFO     | [lf.flight.extracted] SM461 on 10JAN: BKG=82, LF=45.8%
2026-01-05 17:36:38 | INFO     | [SUCCESS] Day 10JAN
2026-01-05 17:36:38 | INFO     | [DAY_START] Processing 09JAN
2026-01-05 17:36:38 | INFO     | [lf.day.start] Processing CAI-RUH for 09JAN
2026-01-05 17:36:39 | INFO     | [lf.day.flights_found] Found 2 flights on 09JAN
2026-01-05 17:36:43 | INFO     | [lf.flight.extracted] SM461 on 09JAN: BKG=79, LF=44.1%
2026-01-05 17:36:48 | INFO     | [lf.flight.extracted] SM469 on 09JAN: BKG=58, LF=32.4%
2026-01-05 17:37:03 | INFO     | [SUCCESS] Day 09JAN
2026-01-05 17:37:03 | INFO     | [DAY_START] Processing 08JAN
2026-01-05 17:37:03 | INFO     | [lf.day.start] Processing CAI-RUH for 08JAN
2026-01-05 17:37:04 | INFO     | [lf.day.flights_found] Found 1 flights on 08JAN
2026-01-05 17:37:11 | INFO     | [lf.flight.extracted] SM461 on 08JAN: BKG=109, LF=60.9%
2026-01-05 17:37:19 | INFO     | [SUCCESS] Day 08JAN
2026-01-05 17:37:19 | INFO     | [DAY_START] Processing 07JAN
2026-01-05 17:37:19 | INFO     | [lf.day.start] Processing CAI-RUH for 07JAN
2026-01-05 17:37:21 | INFO     | [lf.day.flights_found] Found 2 flights on 07JAN
2026-01-05 17:37:24 | INFO     | [lf.flight.extracted] SM461 on 07JAN: BKG=115, LF=64.2%
2026-01-05 17:37:31 | INFO     | [lf.flight.extracted] SM469 on 07JAN: BKG=78, LF=43.6%
2026-01-05 17:37:47 | INFO     | [SUCCESS] Day 07JAN
2026-01-05 17:37:47 | INFO     | [DAY_START] Processing 06JAN
2026-01-05 17:37:47 | INFO     | [lf.day.start] Processing CAI-RUH for 06JAN
2026-01-05 17:37:49 | INFO     | [lf.day.flights_found] Found 1 flights on 06JAN
2026-01-05 17:37:52 | INFO     | [lf.flight.extracted] SM469 on 06JAN: BKG=104, LF=58.1%
2026-01-05 17:38:01 | INFO     | [SUCCESS] Day 06JAN
2026-01-05 17:38:01 | INFO     | [SUCCESS] LF Search Complete
2026-01-05 17:38:03 | INFO     | [Worker_9233] Completed: CAI-RUH - 8 results, 0 errors
2026-01-05 18:38:29 | INFO     | [Worker_9233] Shutdown signal received, exiting...
2026-01-05 18:38:29 | INFO     | [Worker_9233] Finished. Processed 38 groups.
