2026-01-05 17:12:22 | INFO     | ======================================================================
2026-01-05 17:12:22 | INFO     | Load Factor Scraper Started - Route: CAI-ELQ
2026-01-05 17:12:22 | INFO     | Log file: D:\CODERED\LAB\market_insights\outputs\run_generated_050126_at_16.47\logs\LF_CAI-ELQ_20260105_171222.log
2026-01-05 17:12:22 | INFO     | Enhanced logging: Capturing both logging.info() and print()
2026-01-05 17:12:22 | INFO     | ======================================================================
2026-01-05 17:12:22 | INFO     | Starting LF search for route: CAI-ELQ
2026-01-05 17:12:22 | INFO     | [START] LF Search
2026-01-05 17:12:24 | INFO     | [HEALTH CHECK] [OK] Chrome connection is healthy
2026-01-05 17:12:24 | INFO     | [DAY_START] Processing 18FEB
2026-01-05 17:12:24 | INFO     | [lf.day.start] Processing CAI-ELQ for 18FEB
2026-01-05 17:12:25 | WARNING  | [lf.day.no_flights] No direct flights on 18FEB
2026-01-05 17:12:26 | INFO     | [SUCCESS] Day 18FEB
2026-01-05 17:12:26 | INFO     | [DAY_START] Processing 17FEB
2026-01-05 17:12:26 | INFO     | [lf.day.start] Processing CAI-ELQ for 17FEB
2026-01-05 17:12:27 | WARNING  | [lf.day.no_flights] No direct flights on 17FEB
2026-01-05 17:12:27 | INFO     | [SUCCESS] Day 17FEB
2026-01-05 17:12:27 | INFO     | [DAY_START] Processing 16FEB
2026-01-05 17:12:27 | INFO     | [lf.day.start] Processing CAI-ELQ for 16FEB
2026-01-05 17:12:28 | WARNING  | [lf.day.no_flights] No direct flights on 16FEB
2026-01-05 17:12:29 | INFO     | [SUCCESS] Day 16FEB
2026-01-05 17:12:29 | INFO     | [DAY_START] Processing 15FEB
2026-01-05 17:12:29 | INFO     | [lf.day.start] Processing CAI-ELQ for 15FEB
2026-01-05 17:12:30 | INFO     | [lf.day.flights_found] Found 1 flights on 15FEB
2026-01-05 17:12:32 | INFO     | [lf.flight.extracted] SM427 on 15FEB: BKG=3, LF=1.7%
2026-01-05 17:12:36 | INFO     | [SUCCESS] Day 15FEB
2026-01-05 17:12:36 | INFO     | [DAY_START] Processing 14FEB
2026-01-05 17:12:36 | INFO     | [lf.day.start] Processing CAI-ELQ for 14FEB
2026-01-05 17:12:37 | WARNING  | [lf.day.no_flights] No direct flights on 14FEB
2026-01-05 17:12:37 | INFO     | [SUCCESS] Day 14FEB
2026-01-05 17:12:37 | INFO     | [DAY_START] Processing 13FEB
2026-01-05 17:12:37 | INFO     | [lf.day.start] Processing CAI-ELQ for 13FEB
2026-01-05 17:12:38 | INFO     | [lf.day.flights_found] Found 1 flights on 13FEB
2026-01-05 17:12:41 | INFO     | [lf.flight.extracted] SM427 on 13FEB: BKG=6, LF=3.4%
2026-01-05 17:12:44 | INFO     | [SUCCESS] Day 13FEB
2026-01-05 17:12:44 | INFO     | [DAY_START] Processing 12FEB
2026-01-05 17:12:44 | INFO     | [lf.day.start] Processing CAI-ELQ for 12FEB
2026-01-05 17:12:46 | INFO     | [lf.day.flights_found] Found 1 flights on 12FEB
2026-01-05 17:12:48 | INFO     | [lf.flight.extracted] SM427 on 12FEB: BKG=4, LF=2.3%
2026-01-05 17:12:50 | INFO     | [SUCCESS] Day 12FEB
2026-01-05 17:12:50 | INFO     | [DAY_START] Processing 11FEB
2026-01-05 17:12:50 | INFO     | [lf.day.start] Processing CAI-ELQ for 11FEB
2026-01-05 17:12:51 | WARNING  | [lf.day.no_flights] No direct flights on 11FEB
2026-01-05 17:12:52 | INFO     | [SUCCESS] Day 11FEB
2026-01-05 17:12:52 | INFO     | [DAY_START] Processing 10FEB
2026-01-05 17:12:52 | INFO     | [lf.day.start] Processing CAI-ELQ for 10FEB
2026-01-05 17:12:53 | WARNING  | [lf.day.no_flights] No direct flights on 10FEB
2026-01-05 17:12:53 | INFO     | [SUCCESS] Day 10FEB
2026-01-05 17:12:53 | INFO     | [SUCCESS] LF Search Complete
2026-01-05 17:12:55 | INFO     | [Worker_9222] Completed: CAI-ELQ - 9 results, 0 errors
2026-01-05 17:12:55 | INFO     | [Worker_9222] Processing: MED-HBE
2026-01-05 17:12:55 | INFO     |   Tier 0: Range 2, Chunk 3/3 (9 days)
