2026-01-05 17:36:56 | INFO     | ======================================================================
2026-01-05 17:36:56 | INFO     | Load Factor Scraper Started - Route: CAI-YNB
2026-01-05 17:36:56 | INFO     | Log file: D:\CODERED\LAB\market_insights\outputs\run_generated_050126_at_16.47\logs\LF_CAI-YNB_20260105_173656.log
2026-01-05 17:36:56 | INFO     | Enhanced logging: Capturing both logging.info() and print()
2026-01-05 17:36:56 | INFO     | ======================================================================
2026-01-05 17:36:56 | INFO     | Starting LF search for route: CAI-YNB
2026-01-05 17:36:56 | INFO     | [START] LF Search
2026-01-05 17:36:58 | INFO     | [HEALTH CHECK] [OK] Chrome connection is healthy
2026-01-05 17:36:58 | INFO     | [DAY_START] Processing 13JAN
2026-01-05 17:36:58 | INFO     | [lf.day.start] Processing CAI-YNB for 13JAN
2026-01-05 17:37:01 | INFO     | [lf.day.flights_found] Found 1 flights on 13JAN
2026-01-05 17:37:04 | INFO     | [lf.flight.extracted] SM441 on 13JAN: BKG=119, LF=66.5%
2026-01-05 17:37:10 | INFO     | [SUCCESS] Day 13JAN
2026-01-05 17:37:10 | INFO     | [DAY_START] Processing 12JAN
2026-01-05 17:37:10 | INFO     | [lf.day.start] Processing CAI-YNB for 12JAN
2026-01-05 17:37:12 | INFO     | [lf.day.flights_found] Found 1 flights on 12JAN
2026-01-05 17:37:41 | INFO     | [lf.flight.extracted] SM441 on 12JAN: BKG=155, LF=86.6%
2026-01-05 17:37:46 | INFO     | [SUCCESS] Day 12JAN
2026-01-05 17:37:46 | INFO     | [DAY_START] Processing 11JAN
2026-01-05 17:37:46 | INFO     | [lf.day.start] Processing CAI-YNB for 11JAN
2026-01-05 17:37:48 | INFO     | [lf.day.flights_found] Found 1 flights on 11JAN
2026-01-05 17:37:51 | INFO     | [lf.flight.extracted] SM441 on 11JAN: BKG=171, LF=95.5%
2026-01-05 17:37:57 | INFO     | [SUCCESS] Day 11JAN
2026-01-05 17:37:57 | INFO     | [DAY_START] Processing 10JAN
2026-01-05 17:37:57 | INFO     | [lf.day.start] Processing CAI-YNB for 10JAN
2026-01-05 17:37:59 | INFO     | [lf.day.flights_found] Found 1 flights on 10JAN
2026-01-05 17:38:02 | INFO     | [lf.flight.extracted] SM441 on 10JAN: BKG=176, LF=98.3%
2026-01-05 17:38:10 | INFO     | [SUCCESS] Day 10JAN
2026-01-05 17:38:10 | INFO     | [DAY_START] Processing 09JAN
2026-01-05 17:38:10 | INFO     | [lf.day.start] Processing CAI-YNB for 09JAN
2026-01-05 17:38:11 | INFO     | [lf.day.flights_found] Found 1 flights on 09JAN
2026-01-05 17:38:14 | INFO     | [lf.flight.extracted] SM441 on 09JAN: BKG=168, LF=93.8%
2026-01-05 17:38:21 | INFO     | [SUCCESS] Day 09JAN
2026-01-05 17:38:21 | INFO     | [DAY_START] Processing 08JAN
2026-01-05 17:38:21 | INFO     | [lf.day.start] Processing CAI-YNB for 08JAN
2026-01-05 17:38:22 | INFO     | [lf.day.flights_found] Found 1 flights on 08JAN
2026-01-05 17:38:24 | INFO     | [lf.flight.extracted] SM441 on 08JAN: BKG=141, LF=78.8%
2026-01-05 17:38:30 | INFO     | [SUCCESS] Day 08JAN
2026-01-05 17:38:30 | INFO     | [DAY_START] Processing 07JAN
2026-01-05 17:38:30 | INFO     | [lf.day.start] Processing CAI-YNB for 07JAN
2026-01-05 17:38:31 | INFO     | [lf.day.flights_found] Found 1 flights on 07JAN
2026-01-05 17:38:34 | INFO     | [lf.flight.extracted] SM441 on 07JAN: BKG=134, LF=74.9%
2026-01-05 17:38:40 | INFO     | [SUCCESS] Day 07JAN
2026-01-05 17:38:40 | INFO     | [DAY_START] Processing 06JAN
2026-01-05 17:38:40 | INFO     | [lf.day.start] Processing CAI-YNB for 06JAN
2026-01-05 17:38:41 | INFO     | [lf.day.flights_found] Found 1 flights on 06JAN
2026-01-05 17:38:43 | INFO     | [lf.flight.extracted] SM441 on 06JAN: BKG=176, LF=100.0%
2026-01-05 17:38:49 | INFO     | [SUCCESS] Day 06JAN
2026-01-05 17:38:49 | INFO     | [SUCCESS] LF Search Complete
2026-01-05 17:38:51 | INFO     | [Worker_9224] Completed: CAI-YNB - 8 results, 0 errors
2026-01-05 18:38:28 | INFO     | [Worker_9224] Shutdown signal received, exiting...
2026-01-05 18:38:28 | INFO     | [Worker_9224] Finished. Processed 49 groups.
