2026-01-05 16:53:14 | INFO     | ======================================================================
2026-01-05 16:53:14 | INFO     | Load Factor Scraper Started - Route: CAI-JED
2026-01-05 16:53:14 | INFO     | Log file: D:\CODERED\LAB\market_insights\outputs\run_generated_050126_at_16.47\logs\LF_CAI-JED_20260105_165314.log
2026-01-05 16:53:14 | INFO     | Enhanced logging: Capturing both logging.info() and print()
2026-01-05 16:53:14 | INFO     | ======================================================================
2026-01-05 16:53:14 | INFO     | Starting LF search for route: CAI-JED
2026-01-05 16:53:14 | INFO     | [START] LF Search
2026-01-05 16:53:15 | INFO     | [HEALTH CHECK] [OK] Chrome connection is healthy
2026-01-05 16:53:15 | INFO     | [DAY_START] Processing 23MAR
2026-01-05 16:53:15 | INFO     | [lf.day.start] Processing CAI-JED for 23MAR
2026-01-05 16:53:16 | INFO     | [lf.day.flights_found] Found 5 flights on 23MAR
2026-01-05 16:53:18 | INFO     | [lf.flight.extracted] SM977 on 23MAR: BKG=0, LF=0.0%
2026-01-05 16:53:21 | INFO     | [lf.flight.extracted] SM475 on 23MAR: BKG=1, LF=0.6%
2026-01-05 16:53:24 | INFO     | [lf.flight.extracted] SM477 on 23MAR: BKG=0, LF=0.0%
2026-01-05 16:53:28 | INFO     | [lf.flight.extracted] SM957 on 23MAR: BKG=0, LF=0.0%
2026-01-05 16:53:31 | INFO     | [lf.flight.extracted] SM459 on 23MAR: BKG=0, LF=0.0%
2026-01-05 16:53:33 | INFO     | [SUCCESS] Day 23MAR
2026-01-05 16:53:33 | INFO     | [DAY_START] Processing 22MAR
2026-01-05 16:53:33 | INFO     | [lf.day.start] Processing CAI-JED for 22MAR
2026-01-05 16:53:34 | INFO     | [lf.day.flights_found] Found 8 flights on 22MAR
2026-01-05 16:53:36 | INFO     | [lf.flight.extracted] SM977 on 22MAR: BKG=0, LF=0.0%
2026-01-05 16:53:40 | INFO     | [lf.flight.extracted] SM475 on 22MAR: BKG=0, LF=0.0%
2026-01-05 16:53:43 | INFO     | [lf.flight.extracted] SM431 on 22MAR: BKG=0, LF=0.0%
2026-01-05 16:53:46 | INFO     | [lf.flight.extracted] SM2447 on 22MAR: BKG=0, LF=0.0%
2026-01-05 16:53:49 | INFO     | [lf.flight.extracted] SM459 on 22MAR: BKG=0, LF=0.0%
2026-01-05 16:53:53 | INFO     | [lf.flight.extracted] SM477 on 22MAR: BKG=0, LF=0.0%
2026-01-05 16:53:56 | INFO     | [lf.flight.extracted] SM975 on 22MAR: BKG=0, LF=0.0%
2026-01-05 16:53:59 | INFO     | [lf.flight.extracted] SM479 on 22MAR: BKG=0, LF=0.0%
2026-01-05 16:54:01 | INFO     | [SUCCESS] Day 22MAR
2026-01-05 16:54:01 | INFO     | [DAY_START] Processing 21MAR
2026-01-05 16:54:01 | INFO     | [lf.day.start] Processing CAI-JED for 21MAR
2026-01-05 16:54:02 | INFO     | [lf.day.flights_found] Found 4 flights on 21MAR
2026-01-05 16:54:04 | INFO     | [lf.flight.extracted] SM449 on 21MAR: BKG=0, LF=0.0%
2026-01-05 16:54:07 | INFO     | [lf.flight.extracted] SM475 on 21MAR: BKG=0, LF=0.0%
2026-01-05 16:54:11 | INFO     | [lf.flight.extracted] SM477 on 21MAR: BKG=0, LF=0.0%
2026-01-05 16:54:14 | INFO     | [lf.flight.extracted] SM423 on 21MAR: BKG=0, LF=0.0%
2026-01-05 16:54:15 | INFO     | [SUCCESS] Day 21MAR
2026-01-05 16:54:15 | INFO     | [DAY_START] Processing 20MAR
2026-01-05 16:54:15 | INFO     | [lf.day.start] Processing CAI-JED for 20MAR
2026-01-05 16:54:17 | INFO     | [lf.day.flights_found] Found 7 flights on 20MAR
2026-01-05 16:54:19 | INFO     | [lf.flight.extracted] SM475 on 20MAR: BKG=0, LF=0.0%
2026-01-05 16:54:23 | INFO     | [lf.flight.extracted] SM965 on 20MAR: BKG=0, LF=0.0%
2026-01-05 16:54:26 | INFO     | [lf.flight.extracted] SM477 on 20MAR: BKG=0, LF=0.0%
2026-01-05 16:54:29 | INFO     | [lf.flight.extracted] SM479 on 20MAR: BKG=0, LF=0.0%
2026-01-05 16:54:32 | INFO     | [lf.flight.extracted] SM471 on 20MAR: BKG=0, LF=0.0%
2026-01-05 16:54:36 | INFO     | [lf.flight.extracted] SM459 on 20MAR: BKG=0, LF=0.0%
2026-01-05 16:54:39 | INFO     | [lf.flight.extracted] SM985 on 20MAR: BKG=0, LF=0.0%
2026-01-05 16:54:41 | INFO     | [SUCCESS] Day 20MAR
2026-01-05 16:54:41 | INFO     | [DAY_START] Processing 19MAR
2026-01-05 16:54:41 | INFO     | [lf.day.start] Processing CAI-JED for 19MAR
2026-01-05 16:54:42 | INFO     | [lf.day.flights_found] Found 7 flights on 19MAR
2026-01-05 16:54:44 | INFO     | [lf.flight.extracted] SM449 on 19MAR: BKG=0, LF=0.0%
2026-01-05 16:54:47 | INFO     | [lf.flight.extracted] SM475 on 19MAR: BKG=0, LF=0.0%
2026-01-05 16:54:50 | INFO     | [lf.flight.extracted] SM431 on 19MAR: BKG=0, LF=0.0%
2026-01-05 16:54:53 | INFO     | [lf.flight.extracted] SM477 on 19MAR: BKG=0, LF=0.0%
2026-01-05 16:54:57 | INFO     | [lf.flight.extracted] SM479 on 19MAR: BKG=0, LF=0.0%
2026-01-05 16:55:00 | INFO     | [lf.flight.extracted] SM2445 on 19MAR: BKG=0, LF=0.0%
2026-01-05 16:55:03 | INFO     | [lf.flight.extracted] SM423 on 19MAR: BKG=0, LF=0.0%
2026-01-05 16:55:04 | INFO     | [SUCCESS] Day 19MAR
2026-01-05 16:55:04 | INFO     | [DAY_START] Processing 18MAR
2026-01-05 16:55:04 | INFO     | [lf.day.start] Processing CAI-JED for 18MAR
2026-01-05 16:55:06 | INFO     | [lf.day.flights_found] Found 6 flights on 18MAR
2026-01-05 16:55:08 | INFO     | [lf.flight.extracted] SM953 on 18MAR: BKG=0, LF=0.0%
2026-01-05 16:55:11 | INFO     | [lf.flight.extracted] SM423 on 18MAR: BKG=0, LF=0.0%
2026-01-05 16:55:15 | INFO     | [lf.flight.extracted] SM459 on 18MAR: BKG=0, LF=0.0%
2026-01-05 16:55:18 | INFO     | [lf.flight.extracted] SM477 on 18MAR: BKG=0, LF=0.0%
2026-01-05 16:55:22 | INFO     | [lf.flight.extracted] SM957 on 18MAR: BKG=0, LF=0.0%
2026-01-05 16:55:25 | INFO     | [lf.flight.extracted] SM471 on 18MAR: BKG=0, LF=0.0%
2026-01-05 16:55:26 | INFO     | [SUCCESS] Day 18MAR
2026-01-05 16:55:26 | INFO     | [DAY_START] Processing 17MAR
2026-01-05 16:55:26 | INFO     | [lf.day.start] Processing CAI-JED for 17MAR
2026-01-05 16:55:27 | INFO     | [lf.day.flights_found] Found 7 flights on 17MAR
2026-01-05 16:55:29 | INFO     | [lf.flight.extracted] SM471 on 17MAR: BKG=0, LF=0.0%
2026-01-05 16:55:33 | INFO     | [lf.flight.extracted] SM479 on 17MAR: BKG=0, LF=0.0%
2026-01-05 16:55:36 | INFO     | [lf.flight.extracted] SM477 on 17MAR: BKG=0, LF=0.0%
2026-01-05 16:55:39 | INFO     | [lf.flight.extracted] SM459 on 17MAR: BKG=0, LF=0.0%
2026-01-05 16:55:43 | INFO     | [lf.flight.extracted] SM423 on 17MAR: BKG=0, LF=0.0%
2026-01-05 16:55:46 | INFO     | [lf.flight.extracted] SM475 on 17MAR: BKG=0, LF=0.0%
2026-01-05 16:55:49 | INFO     | [lf.flight.extracted] SM973 on 17MAR: BKG=0, LF=0.0%
2026-01-05 16:55:50 | INFO     | [SUCCESS] Day 17MAR
2026-01-05 16:55:50 | INFO     | [DAY_START] Processing 16MAR
2026-01-05 16:55:50 | INFO     | [lf.day.start] Processing CAI-JED for 16MAR
2026-01-05 16:55:51 | INFO     | [lf.day.flights_found] Found 3 flights on 16MAR
2026-01-05 16:55:53 | INFO     | [lf.flight.extracted] SM475 on 16MAR: BKG=0, LF=0.0%
2026-01-05 16:55:56 | INFO     | [lf.flight.extracted] SM477 on 16MAR: BKG=0, LF=0.0%
2026-01-05 16:56:00 | INFO     | [lf.flight.extracted] SM459 on 16MAR: BKG=0, LF=0.0%
2026-01-05 16:56:01 | INFO     | [SUCCESS] Day 16MAR
2026-01-05 16:56:01 | INFO     | [SUCCESS] LF Search Complete
2026-01-05 16:56:03 | INFO     | [Worker_9222] Completed: CAI-JED - 8 results, 0 errors
2026-01-05 16:56:03 | INFO     | [Worker_9222] Processing: TUU-ATZ
2026-01-05 16:56:03 | INFO     |   Tier 0: Range 3, Chunk 3/4 (8 days)
