2026-01-05 17:04:00 | INFO     | ======================================================================
2026-01-05 17:04:00 | INFO     | Load Factor Scraper Started - Route: CAI-JED
2026-01-05 17:04:00 | INFO     | Log file: D:\CODERED\LAB\market_insights\outputs\run_generated_050126_at_16.47\logs\LF_CAI-JED_20260105_170400.log
2026-01-05 17:04:00 | INFO     | Enhanced logging: Capturing both logging.info() and print()
2026-01-05 17:04:00 | INFO     | ======================================================================
2026-01-05 17:04:00 | INFO     | Starting LF search for route: CAI-JED
2026-01-05 17:04:00 | INFO     | [START] LF Search
2026-01-05 17:04:02 | INFO     | [HEALTH CHECK] [OK] Chrome connection is healthy
2026-01-05 17:04:02 | INFO     | [DAY_START] Processing 28FEB
2026-01-05 17:04:02 | INFO     | [lf.day.start] Processing CAI-JED for 28FEB
2026-01-05 17:04:03 | INFO     | [lf.day.flights_found] Found 4 flights on 28FEB
2026-01-05 17:04:05 | INFO     | [lf.flight.extracted] SM449 on 28FEB: BKG=24, LF=13.4%
2026-01-05 17:04:09 | INFO     | [lf.flight.extracted] SM475 on 28FEB: BKG=15, LF=8.4%
2026-01-05 17:04:12 | INFO     | [lf.flight.extracted] SM477 on 28FEB: BKG=25, LF=14.0%
2026-01-05 17:04:15 | INFO     | [lf.flight.extracted] SM423 on 28FEB: BKG=27, LF=15.1%
2026-01-05 17:04:26 | INFO     | [SUCCESS] Day 28FEB
2026-01-05 17:04:26 | INFO     | [DAY_START] Processing 27FEB
2026-01-05 17:04:26 | INFO     | [lf.day.start] Processing CAI-JED for 27FEB
2026-01-05 17:04:27 | INFO     | [lf.day.flights_found] Found 6 flights on 27FEB
2026-01-05 17:04:29 | INFO     | [lf.flight.extracted] SM475 on 27FEB: BKG=109, LF=60.9%
2026-01-05 17:04:33 | INFO     | [lf.flight.extracted] SM477 on 27FEB: BKG=112, LF=62.6%
2026-01-05 17:04:36 | INFO     | [lf.flight.extracted] SM479 on 27FEB: BKG=108, LF=60.3%
2026-01-05 17:04:39 | INFO     | [lf.flight.extracted] SM471 on 27FEB: BKG=103, LF=57.5%
2026-01-05 17:04:45 | INFO     | [lf.flight.extracted] SM459 on 27FEB: BKG=108, LF=60.3%
2026-01-05 17:04:54 | INFO     | [lf.flight.extracted] SM2481 on 27FEB: BKG=0, LF=0.0%
2026-01-05 17:05:43 | INFO     | [SUCCESS] Day 27FEB
2026-01-05 17:05:43 | INFO     | [DAY_START] Processing 26FEB
2026-01-05 17:05:43 | INFO     | [lf.day.start] Processing CAI-JED for 26FEB
2026-01-05 17:05:44 | INFO     | [lf.day.flights_found] Found 7 flights on 26FEB
2026-01-05 17:05:46 | INFO     | [lf.flight.extracted] SM449 on 26FEB: BKG=144, LF=81.8%
2026-01-05 17:05:49 | INFO     | [lf.flight.extracted] SM2483 on 26FEB: BKG=160, LF=88.9%
2026-01-05 17:05:52 | INFO     | [lf.flight.extracted] SM475 on 26FEB: BKG=145, LF=81.0%
2026-01-05 17:05:56 | INFO     | [lf.flight.extracted] SM431 on 26FEB: BKG=138, LF=77.1%
2026-01-05 17:05:59 | INFO     | [lf.flight.extracted] SM477 on 26FEB: BKG=142, LF=79.3%
2026-01-05 17:06:03 | INFO     | [lf.flight.extracted] SM479 on 26FEB: BKG=144, LF=80.5%
2026-01-05 17:06:06 | INFO     | [lf.flight.extracted] SM423 on 26FEB: BKG=170, LF=96.6%
2026-01-05 17:06:18 | INFO     | [SUCCESS] Day 26FEB
2026-01-05 17:06:18 | INFO     | [DAY_START] Processing 25FEB
2026-01-05 17:06:18 | INFO     | [lf.day.start] Processing CAI-JED for 25FEB
2026-01-05 17:06:19 | INFO     | [lf.day.flights_found] Found 5 flights on 25FEB
2026-01-05 17:06:21 | INFO     | [lf.flight.extracted] SM423 on 25FEB: BKG=164, LF=91.6%
2026-01-05 17:06:25 | INFO     | [lf.flight.extracted] SM475 on 25FEB: BKG=150, LF=83.8%
2026-01-05 17:06:28 | INFO     | [lf.flight.extracted] SM459 on 25FEB: BKG=145, LF=81.0%
2026-01-05 17:06:32 | INFO     | [lf.flight.extracted] SM477 on 25FEB: BKG=146, LF=81.6%
2026-01-05 17:06:35 | INFO     | [lf.flight.extracted] SM471 on 25FEB: BKG=153, LF=85.5%
2026-01-05 17:06:46 | INFO     | [SUCCESS] Day 25FEB
2026-01-05 17:06:46 | INFO     | [DAY_START] Processing 24FEB
2026-01-05 17:06:46 | INFO     | [lf.day.start] Processing CAI-JED for 24FEB
2026-01-05 17:06:47 | INFO     | [lf.day.flights_found] Found 7 flights on 24FEB
2026-01-05 17:06:49 | INFO     | [lf.flight.extracted] SM471 on 24FEB: BKG=158, LF=87.8%
2026-01-05 17:06:52 | INFO     | [lf.flight.extracted] SM975 on 24FEB: BKG=170, LF=95.0%
2026-01-05 17:06:56 | INFO     | [lf.flight.extracted] SM479 on 24FEB: BKG=148, LF=82.7%
2026-01-05 17:07:00 | INFO     | [lf.flight.extracted] SM477 on 24FEB: BKG=150, LF=83.8%
2026-01-05 17:07:04 | INFO     | [lf.flight.extracted] SM459 on 24FEB: BKG=147, LF=82.1%
2026-01-05 17:07:08 | INFO     | [lf.flight.extracted] SM423 on 24FEB: BKG=145, LF=81.0%
2026-01-05 17:07:12 | INFO     | [lf.flight.extracted] SM475 on 24FEB: BKG=155, LF=86.6%
2026-01-05 17:07:26 | INFO     | [SUCCESS] Day 24FEB
2026-01-05 17:07:26 | INFO     | [DAY_START] Processing 23FEB
2026-01-05 17:07:26 | INFO     | [lf.day.start] Processing CAI-JED for 23FEB
2026-01-05 17:07:27 | INFO     | [lf.day.flights_found] Found 6 flights on 23FEB
2026-01-05 17:07:29 | INFO     | [lf.flight.extracted] SM977 on 23FEB: BKG=170, LF=95.0%
2026-01-05 17:07:32 | INFO     | [lf.flight.extracted] SM2473 on 23FEB: BKG=175, LF=99.4%
2026-01-05 17:07:36 | INFO     | [lf.flight.extracted] SM2469 on 23FEB: BKG=175, LF=97.8%
2026-01-05 17:07:39 | INFO     | [lf.flight.extracted] SM475 on 23FEB: BKG=163, LF=91.1%
2026-01-05 17:07:43 | INFO     | [lf.flight.extracted] SM477 on 23FEB: BKG=148, LF=82.7%
2026-01-05 17:07:46 | INFO     | [lf.flight.extracted] SM459 on 23FEB: BKG=148, LF=82.7%
2026-01-05 17:07:57 | INFO     | [SUCCESS] Day 23FEB
2026-01-05 17:07:57 | INFO     | [DAY_START] Processing 22FEB
2026-01-05 17:07:57 | INFO     | [lf.day.start] Processing CAI-JED for 22FEB
2026-01-05 17:07:58 | INFO     | [lf.day.flights_found] Found 5 flights on 22FEB
2026-01-05 17:08:00 | INFO     | [lf.flight.extracted] SM475 on 22FEB: BKG=157, LF=89.2%
2026-01-05 17:08:04 | INFO     | [lf.flight.extracted] SM431 on 22FEB: BKG=151, LF=84.4%
2026-01-05 17:08:08 | INFO     | [lf.flight.extracted] SM459 on 22FEB: BKG=147, LF=82.1%
2026-01-05 17:08:12 | INFO     | [lf.flight.extracted] SM477 on 22FEB: BKG=152, LF=84.9%
2026-01-05 17:08:15 | INFO     | [lf.flight.extracted] SM479 on 22FEB: BKG=151, LF=85.8%
2026-01-05 17:08:27 | INFO     | [SUCCESS] Day 22FEB
2026-01-05 17:08:27 | INFO     | [DAY_START] Processing 21FEB
2026-01-05 17:08:27 | INFO     | [lf.day.start] Processing CAI-JED for 21FEB
2026-01-05 17:08:30 | INFO     | [lf.day.flights_found] Found 4 flights on 21FEB
2026-01-05 17:08:33 | INFO     | [lf.flight.extracted] SM449 on 21FEB: BKG=154, LF=86.0%
2026-01-05 17:08:38 | INFO     | [lf.flight.extracted] SM475 on 21FEB: BKG=154, LF=86.0%
2026-01-05 17:08:42 | INFO     | [lf.flight.extracted] SM477 on 21FEB: BKG=158, LF=88.3%
2026-01-05 17:08:46 | INFO     | [lf.flight.extracted] SM423 on 21FEB: BKG=157, LF=87.7%
2026-01-05 17:09:03 | INFO     | [SUCCESS] Day 21FEB
2026-01-05 17:09:03 | INFO     | [DAY_START] Processing 20FEB
2026-01-05 17:09:03 | INFO     | [lf.day.start] Processing CAI-JED for 20FEB
2026-01-05 17:09:04 | INFO     | [lf.day.flights_found] Found 6 flights on 20FEB
2026-01-05 17:09:07 | INFO     | [lf.flight.extracted] SM475 on 20FEB: BKG=158, LF=88.3%
2026-01-05 17:09:11 | INFO     | [lf.flight.extracted] SM975 on 20FEB: BKG=170, LF=95.0%
2026-01-05 17:09:15 | INFO     | [lf.flight.extracted] SM477 on 20FEB: BKG=154, LF=86.0%
2026-01-05 17:09:19 | INFO     | [lf.flight.extracted] SM479 on 20FEB: BKG=162, LF=90.5%
2026-01-05 17:09:22 | INFO     | [lf.flight.extracted] SM471 on 20FEB: BKG=156, LF=87.2%
2026-01-05 17:09:26 | INFO     | [lf.flight.extracted] SM459 on 20FEB: BKG=152, LF=84.9%
2026-01-05 17:09:41 | INFO     | [SUCCESS] Day 20FEB
2026-01-05 17:09:41 | INFO     | [DAY_START] Processing 19FEB
2026-01-05 17:09:41 | INFO     | [lf.day.start] Processing CAI-JED for 19FEB
2026-01-05 17:09:42 | INFO     | [lf.day.flights_found] Found 6 flights on 19FEB
2026-01-05 17:09:44 | INFO     | [lf.flight.extracted] SM449 on 19FEB: BKG=155, LF=86.6%
2026-01-05 17:09:48 | INFO     | [lf.flight.extracted] SM475 on 19FEB: BKG=150, LF=85.2%
2026-01-05 17:09:52 | INFO     | [lf.flight.extracted] SM431 on 19FEB: BKG=152, LF=84.9%
2026-01-05 17:09:55 | INFO     | [lf.flight.extracted] SM477 on 19FEB: BKG=161, LF=89.9%
2026-01-05 17:10:00 | INFO     | [lf.flight.extracted] SM479 on 19FEB: BKG=155, LF=86.6%
2026-01-05 17:10:05 | INFO     | [lf.flight.extracted] SM423 on 19FEB: BKG=152, LF=84.9%
2026-01-05 17:10:27 | INFO     | [SUCCESS] Day 19FEB
2026-01-05 17:10:27 | INFO     | [SUCCESS] LF Search Complete
2026-01-05 17:10:29 | INFO     | [Worker_9227] Completed: CAI-JED - 10 results, 0 errors
2026-01-05 17:10:29 | INFO     | [Worker_9227] Processing: HBE-JED
2026-01-05 17:10:29 | INFO     |   Tier 0: Range 2, Chunk 2/3 (9 days)
