2026-01-05 17:28:31 | INFO     | ======================================================================
2026-01-05 17:28:31 | INFO     | Load Factor Scraper Started - Route: CAI-DMM
2026-01-05 17:28:31 | INFO     | Log file: D:\CODERED\LAB\market_insights\outputs\run_generated_050126_at_16.47\logs\LF_CAI-DMM_20260105_172831.log
2026-01-05 17:28:31 | INFO     | Enhanced logging: Capturing both logging.info() and print()
2026-01-05 17:28:31 | INFO     | ======================================================================
2026-01-05 17:28:31 | INFO     | Starting LF search for route: CAI-DMM
2026-01-05 17:28:31 | INFO     | [START] LF Search
2026-01-05 17:28:32 | INFO     | [HEALTH CHECK] [OK] Chrome connection is healthy
2026-01-05 17:28:32 | INFO     | [DAY_START] Processing 22JAN
2026-01-05 17:28:32 | INFO     | [lf.day.start] Processing CAI-DMM for 22JAN
2026-01-05 17:28:33 | INFO     | [lf.day.flights_found] Found 1 flights on 22JAN
2026-01-05 17:28:37 | INFO     | [lf.flight.extracted] SM433 on 22JAN: BKG=58, LF=32.4%
2026-01-05 17:28:42 | INFO     | [SUCCESS] Day 22JAN
2026-01-05 17:28:42 | INFO     | [DAY_START] Processing 21JAN
2026-01-05 17:28:42 | INFO     | [lf.day.start] Processing CAI-DMM for 21JAN
2026-01-05 17:28:44 | WARNING  | [lf.day.no_flights] No direct flights on 21JAN
2026-01-05 17:28:44 | INFO     | [SUCCESS] Day 21JAN
2026-01-05 17:28:44 | INFO     | [DAY_START] Processing 20JAN
2026-01-05 17:28:44 | INFO     | [lf.day.start] Processing CAI-DMM for 20JAN
2026-01-05 17:28:45 | INFO     | [lf.day.flights_found] Found 1 flights on 20JAN
2026-01-05 17:28:48 | INFO     | [lf.flight.extracted] SM433 on 20JAN: BKG=95, LF=53.1%
2026-01-05 17:28:56 | INFO     | [SUCCESS] Day 20JAN
2026-01-05 17:28:56 | INFO     | [DAY_START] Processing 19JAN
2026-01-05 17:28:56 | INFO     | [lf.day.start] Processing CAI-DMM for 19JAN
2026-01-05 17:28:58 | WARNING  | [lf.day.no_flights] No direct flights on 19JAN
2026-01-05 17:28:58 | INFO     | [SUCCESS] Day 19JAN
2026-01-05 17:28:58 | INFO     | [DAY_START] Processing 18JAN
2026-01-05 17:28:58 | INFO     | [lf.day.start] Processing CAI-DMM for 18JAN
2026-01-05 17:28:59 | WARNING  | [lf.day.no_flights] No direct flights on 18JAN
2026-01-05 17:28:59 | INFO     | [SUCCESS] Day 18JAN
2026-01-05 17:28:59 | INFO     | [DAY_START] Processing 17JAN
2026-01-05 17:28:59 | INFO     | [lf.day.start] Processing CAI-DMM for 17JAN
2026-01-05 17:29:01 | INFO     | [lf.day.flights_found] Found 1 flights on 17JAN
2026-01-05 17:29:03 | INFO     | [lf.flight.extracted] SM433 on 17JAN: BKG=72, LF=40.2%
2026-01-05 17:29:09 | INFO     | [SUCCESS] Day 17JAN
2026-01-05 17:29:09 | INFO     | [DAY_START] Processing 16JAN
2026-01-05 17:29:09 | INFO     | [lf.day.start] Processing CAI-DMM for 16JAN
2026-01-05 17:29:11 | INFO     | [lf.day.flights_found] Found 1 flights on 16JAN
2026-01-05 17:29:13 | INFO     | [lf.flight.extracted] SM433 on 16JAN: BKG=107, LF=59.8%
2026-01-05 17:29:21 | INFO     | [SUCCESS] Day 16JAN
2026-01-05 17:29:21 | INFO     | [DAY_START] Processing 15JAN
2026-01-05 17:29:21 | INFO     | [lf.day.start] Processing CAI-DMM for 15JAN
2026-01-05 17:29:22 | INFO     | [lf.day.flights_found] Found 1 flights on 15JAN
2026-01-05 17:29:25 | INFO     | [lf.flight.extracted] SM433 on 15JAN: BKG=98, LF=54.8%
2026-01-05 17:29:34 | INFO     | [SUCCESS] Day 15JAN
2026-01-05 17:29:34 | INFO     | [DAY_START] Processing 14JAN
2026-01-05 17:29:34 | INFO     | [lf.day.start] Processing CAI-DMM for 14JAN
2026-01-05 17:29:35 | WARNING  | [lf.day.no_flights] No direct flights on 14JAN
2026-01-05 17:29:35 | INFO     | [SUCCESS] Day 14JAN
2026-01-05 17:29:35 | INFO     | [SUCCESS] LF Search Complete
2026-01-05 17:29:37 | INFO     | [Worker_9223] Completed: CAI-DMM - 9 results, 0 errors
2026-01-05 17:29:37 | INFO     | [Worker_9223] Processing: CAI-YNB
2026-01-05 17:29:37 | INFO     |   Tier 0: Range 1, Chunk 2/3 (9 days)
