2026-01-05 16:54:15 | INFO     | ======================================================================
2026-01-05 16:54:15 | INFO     | Load Factor Scraper Started - Route: CAI-AJF
2026-01-05 16:54:15 | INFO     | Log file: D:\CODERED\LAB\market_insights\outputs\run_generated_050126_at_16.47\logs\LF_CAI-AJF_20260105_165415.log
2026-01-05 16:54:15 | INFO     | Enhanced logging: Capturing both logging.info() and print()
2026-01-05 16:54:15 | INFO     | ======================================================================
2026-01-05 16:54:15 | INFO     | Starting LF search for route: CAI-AJF
2026-01-05 16:54:15 | INFO     | [START] LF Search
2026-01-05 16:54:16 | INFO     | [HEALTH CHECK] [OK] Chrome connection is healthy
2026-01-05 16:54:16 | INFO     | [DAY_START] Processing 23MAR
2026-01-05 16:54:16 | INFO     | [lf.day.start] Processing CAI-AJF for 23MAR
2026-01-05 16:54:17 | WARNING  | [lf.day.no_flights] No direct flights on 23MAR
2026-01-05 16:54:17 | INFO     | [SUCCESS] Day 23MAR
2026-01-05 16:54:17 | INFO     | [DAY_START] Processing 22MAR
2026-01-05 16:54:17 | INFO     | [lf.day.start] Processing CAI-AJF for 22MAR
2026-01-05 16:54:18 | WARNING  | [lf.day.no_flights] No direct flights on 22MAR
2026-01-05 16:54:18 | INFO     | [SUCCESS] Day 22MAR
2026-01-05 16:54:18 | INFO     | [DAY_START] Processing 21MAR
2026-01-05 16:54:18 | INFO     | [lf.day.start] Processing CAI-AJF for 21MAR
2026-01-05 16:54:19 | INFO     | [lf.day.flights_found] Found 1 flights on 21MAR
2026-01-05 16:54:21 | INFO     | [lf.flight.extracted] SM321 on 21MAR: BKG=9, LF=5.0%
2026-01-05 16:54:24 | INFO     | [SUCCESS] Day 21MAR
2026-01-05 16:54:24 | INFO     | [DAY_START] Processing 20MAR
2026-01-05 16:54:24 | INFO     | [lf.day.start] Processing CAI-AJF for 20MAR
2026-01-05 16:54:25 | WARNING  | [lf.day.no_flights] No direct flights on 20MAR
2026-01-05 16:54:25 | INFO     | [SUCCESS] Day 20MAR
2026-01-05 16:54:25 | INFO     | [DAY_START] Processing 19MAR
2026-01-05 16:54:25 | INFO     | [lf.day.start] Processing CAI-AJF for 19MAR
2026-01-05 16:54:26 | INFO     | [lf.day.flights_found] Found 1 flights on 19MAR
2026-01-05 16:54:28 | INFO     | [lf.flight.extracted] SM321 on 19MAR: BKG=3, LF=1.7%
2026-01-05 16:54:31 | INFO     | [SUCCESS] Day 19MAR
2026-01-05 16:54:31 | INFO     | [DAY_START] Processing 18MAR
2026-01-05 16:54:31 | INFO     | [lf.day.start] Processing CAI-AJF for 18MAR
2026-01-05 16:54:32 | WARNING  | [lf.day.no_flights] No direct flights on 18MAR
2026-01-05 16:54:32 | INFO     | [SUCCESS] Day 18MAR
2026-01-05 16:54:32 | INFO     | [DAY_START] Processing 17MAR
2026-01-05 16:54:32 | INFO     | [lf.day.start] Processing CAI-AJF for 17MAR
2026-01-05 16:54:33 | INFO     | [lf.day.flights_found] Found 1 flights on 17MAR
2026-01-05 16:54:35 | INFO     | [lf.flight.extracted] SM321 on 17MAR: BKG=3, LF=1.7%
2026-01-05 16:54:38 | INFO     | [SUCCESS] Day 17MAR
2026-01-05 16:54:38 | INFO     | [DAY_START] Processing 16MAR
2026-01-05 16:54:38 | INFO     | [lf.day.start] Processing CAI-AJF for 16MAR
2026-01-05 16:54:39 | WARNING  | [lf.day.no_flights] No direct flights on 16MAR
2026-01-05 16:54:39 | INFO     | [SUCCESS] Day 16MAR
2026-01-05 16:54:39 | INFO     | [SUCCESS] LF Search Complete
2026-01-05 16:54:41 | INFO     | [Worker_9227] Completed: CAI-AJF - 8 results, 0 errors
2026-01-05 16:54:41 | INFO     | [Worker_9227] Processing: CAI-GIZ
2026-01-05 16:54:41 | INFO     |   Tier 0: Range 3, Chunk 2/4 (8 days)
