2026-01-05 17:21:57 | INFO     | ======================================================================
2026-01-05 17:21:57 | INFO     | Load Factor Scraper Started - Route: CAI-RUH
2026-01-05 17:21:57 | INFO     | Log file: D:\CODERED\LAB\market_insights\outputs\run_generated_050126_at_16.47\logs\LF_CAI-RUH_20260105_172157.log
2026-01-05 17:21:57 | INFO     | Enhanced logging: Capturing both logging.info() and print()
2026-01-05 17:21:57 | INFO     | ======================================================================
2026-01-05 17:21:57 | INFO     | Starting LF search for route: CAI-RUH
2026-01-05 17:21:57 | INFO     | [START] LF Search
2026-01-05 17:21:58 | INFO     | [HEALTH CHECK] [OK] Chrome connection is healthy
2026-01-05 17:21:58 | INFO     | [DAY_START] Processing 31JAN
2026-01-05 17:21:58 | INFO     | [lf.day.start] Processing CAI-RUH for 31JAN
2026-01-05 17:21:59 | INFO     | [lf.day.flights_found] Found 1 flights on 31JAN
2026-01-05 17:22:02 | INFO     | [lf.flight.extracted] SM461 on 31JAN: BKG=31, LF=17.3%
2026-01-05 17:22:06 | INFO     | [SUCCESS] Day 31JAN
2026-01-05 17:22:06 | INFO     | [DAY_START] Processing 30JAN
2026-01-05 17:22:06 | INFO     | [lf.day.start] Processing CAI-RUH for 30JAN
2026-01-05 17:22:07 | INFO     | [lf.day.flights_found] Found 2 flights on 30JAN
2026-01-05 17:22:10 | INFO     | [lf.flight.extracted] SM461 on 30JAN: BKG=24, LF=13.4%
2026-01-05 17:22:15 | INFO     | [lf.flight.extracted] SM469 on 30JAN: BKG=25, LF=14.0%
2026-01-05 17:22:23 | INFO     | [SUCCESS] Day 30JAN
2026-01-05 17:22:23 | INFO     | [DAY_START] Processing 29JAN
2026-01-05 17:22:23 | INFO     | [lf.day.start] Processing CAI-RUH for 29JAN
2026-01-05 17:22:25 | INFO     | [lf.day.flights_found] Found 1 flights on 29JAN
2026-01-05 17:22:28 | INFO     | [lf.flight.extracted] SM461 on 29JAN: BKG=38, LF=21.2%
2026-01-05 17:22:32 | INFO     | [SUCCESS] Day 29JAN
2026-01-05 17:22:32 | INFO     | [DAY_START] Processing 28JAN
2026-01-05 17:22:32 | INFO     | [lf.day.start] Processing CAI-RUH for 28JAN
2026-01-05 17:22:33 | INFO     | [lf.day.flights_found] Found 2 flights on 28JAN
2026-01-05 17:22:36 | INFO     | [lf.flight.extracted] SM461 on 28JAN: BKG=40, LF=22.4%
2026-01-05 17:22:40 | INFO     | [lf.flight.extracted] SM469 on 28JAN: BKG=34, LF=19.3%
2026-01-05 17:22:49 | INFO     | [SUCCESS] Day 28JAN
2026-01-05 17:22:49 | INFO     | [DAY_START] Processing 27JAN
2026-01-05 17:22:49 | INFO     | [lf.day.start] Processing CAI-RUH for 27JAN
2026-01-05 17:22:51 | INFO     | [lf.day.flights_found] Found 1 flights on 27JAN
2026-01-05 17:22:54 | INFO     | [lf.flight.extracted] SM469 on 27JAN: BKG=28, LF=15.6%
2026-01-05 17:22:58 | INFO     | [SUCCESS] Day 27JAN
2026-01-05 17:22:58 | INFO     | [DAY_START] Processing 26JAN
2026-01-05 17:22:58 | INFO     | [lf.day.start] Processing CAI-RUH for 26JAN
2026-01-05 17:22:59 | INFO     | [lf.day.flights_found] Found 1 flights on 26JAN
2026-01-05 17:23:03 | INFO     | [lf.flight.extracted] SM469 on 26JAN: BKG=50, LF=27.9%
2026-01-05 17:23:08 | INFO     | [SUCCESS] Day 26JAN
2026-01-05 17:23:08 | INFO     | [DAY_START] Processing 25JAN
2026-01-05 17:23:08 | INFO     | [lf.day.start] Processing CAI-RUH for 25JAN
2026-01-05 17:23:10 | INFO     | [lf.day.flights_found] Found 1 flights on 25JAN
2026-01-05 17:23:13 | INFO     | [lf.flight.extracted] SM461 on 25JAN: BKG=70, LF=39.1%
2026-01-05 17:23:19 | INFO     | [SUCCESS] Day 25JAN
2026-01-05 17:23:19 | INFO     | [DAY_START] Processing 24JAN
2026-01-05 17:23:19 | INFO     | [lf.day.start] Processing CAI-RUH for 24JAN
2026-01-05 17:23:20 | INFO     | [lf.day.flights_found] Found 1 flights on 24JAN
2026-01-05 17:23:23 | INFO     | [lf.flight.extracted] SM461 on 24JAN: BKG=34, LF=19.0%
2026-01-05 17:23:27 | INFO     | [SUCCESS] Day 24JAN
2026-01-05 17:23:27 | INFO     | [DAY_START] Processing 23JAN
2026-01-05 17:23:27 | INFO     | [lf.day.start] Processing CAI-RUH for 23JAN
2026-01-05 17:23:28 | INFO     | [lf.day.flights_found] Found 2 flights on 23JAN
2026-01-05 17:23:31 | INFO     | [lf.flight.extracted] SM461 on 23JAN: BKG=43, LF=24.0%
2026-01-05 17:23:36 | INFO     | [lf.flight.extracted] SM469 on 23JAN: BKG=48, LF=26.8%
2026-01-05 17:23:46 | INFO     | [SUCCESS] Day 23JAN
2026-01-05 17:23:46 | INFO     | [SUCCESS] LF Search Complete
2026-01-05 17:23:48 | INFO     | [Worker_9233] Completed: CAI-RUH - 9 results, 0 errors
2026-01-05 17:23:48 | INFO     | [Worker_9233] Processing: ATZ-ELQ
2026-01-05 17:23:48 | INFO     |   Tier 0: Range 1, Chunk 1/3 (9 days)
