2026-01-05 17:01:10 | INFO     | ======================================================================
2026-01-05 17:01:10 | INFO     | Load Factor Scraper Started - Route: CAI-AHB
2026-01-05 17:01:10 | INFO     | Log file: D:\CODERED\LAB\market_insights\outputs\run_generated_050126_at_16.47\logs\LF_CAI-AHB_20260105_170110.log
2026-01-05 17:01:10 | INFO     | Enhanced logging: Capturing both logging.info() and print()
2026-01-05 17:01:10 | INFO     | ======================================================================
2026-01-05 17:01:10 | INFO     | Starting LF search for route: CAI-AHB
2026-01-05 17:01:10 | INFO     | [START] LF Search
2026-01-05 17:01:11 | INFO     | [HEALTH CHECK] [OK] Chrome connection is healthy
2026-01-05 17:01:11 | INFO     | [DAY_START] Processing 07MAR
2026-01-05 17:01:11 | INFO     | [lf.day.start] Processing CAI-AHB for 07MAR
2026-01-05 17:01:12 | INFO     | [lf.day.flights_found] Found 1 flights on 07MAR
2026-01-05 17:01:14 | INFO     | [lf.flight.extracted] SM443 on 07MAR: BKG=6, LF=3.4%
2026-01-05 17:01:17 | INFO     | [SUCCESS] Day 07MAR
2026-01-05 17:01:17 | INFO     | [DAY_START] Processing 06MAR
2026-01-05 17:01:17 | INFO     | [lf.day.start] Processing CAI-AHB for 06MAR
2026-01-05 17:01:18 | WARNING  | [lf.day.no_flights] No direct flights on 06MAR
2026-01-05 17:01:19 | INFO     | [SUCCESS] Day 06MAR
2026-01-05 17:01:19 | INFO     | [DAY_START] Processing 05MAR
2026-01-05 17:01:19 | INFO     | [lf.day.start] Processing CAI-AHB for 05MAR
2026-01-05 17:01:20 | INFO     | [lf.day.flights_found] Found 1 flights on 05MAR
2026-01-05 17:01:22 | INFO     | [lf.flight.extracted] SM443 on 05MAR: BKG=6, LF=3.4%
2026-01-05 17:01:25 | INFO     | [SUCCESS] Day 05MAR
2026-01-05 17:01:25 | INFO     | [DAY_START] Processing 04MAR
2026-01-05 17:01:25 | INFO     | [lf.day.start] Processing CAI-AHB for 04MAR
2026-01-05 17:01:26 | INFO     | [lf.day.flights_found] Found 1 flights on 04MAR
2026-01-05 17:01:29 | INFO     | [lf.flight.extracted] SM447 on 04MAR: BKG=9, LF=5.0%
2026-01-05 17:01:31 | INFO     | [SUCCESS] Day 04MAR
2026-01-05 17:01:31 | INFO     | [DAY_START] Processing 03MAR
2026-01-05 17:01:31 | INFO     | [lf.day.start] Processing CAI-AHB for 03MAR
2026-01-05 17:01:32 | WARNING  | [lf.day.no_flights] No direct flights on 03MAR
2026-01-05 17:01:33 | INFO     | [SUCCESS] Day 03MAR
2026-01-05 17:01:33 | INFO     | [DAY_START] Processing 02MAR
2026-01-05 17:01:33 | INFO     | [lf.day.start] Processing CAI-AHB for 02MAR
2026-01-05 17:01:34 | WARNING  | [lf.day.no_flights] No direct flights on 02MAR
2026-01-05 17:01:34 | INFO     | [SUCCESS] Day 02MAR
2026-01-05 17:01:34 | INFO     | [DAY_START] Processing 01MAR
2026-01-05 17:01:34 | INFO     | [lf.day.start] Processing CAI-AHB for 01MAR
2026-01-05 17:01:35 | WARNING  | [lf.day.no_flights] No direct flights on 01MAR
2026-01-05 17:01:35 | INFO     | [SUCCESS] Day 01MAR
2026-01-05 17:01:35 | INFO     | [SUCCESS] LF Search Complete
2026-01-05 17:01:38 | INFO     | [Worker_9225] Completed: CAI-AHB - 7 results, 0 errors
2026-01-05 17:01:38 | INFO     | [Worker_9225] Processing: MED-ATZ
2026-01-05 17:01:38 | INFO     |   Tier 0: Range 2, Chunk 1/3 (10 days)
