2026-01-05 16:58:55 | INFO     | ======================================================================
2026-01-05 16:58:55 | INFO     | Load Factor Scraper Started - Route: DMM-CAI
2026-01-05 16:58:55 | INFO     | Log file: D:\CODERED\LAB\market_insights\outputs\run_generated_050126_at_16.47\logs\LF_DMM-CAI_20260105_165855.log
2026-01-05 16:58:55 | INFO     | Enhanced logging: Capturing both logging.info() and print()
2026-01-05 16:58:55 | INFO     | ======================================================================
2026-01-05 16:58:55 | INFO     | Starting LF search for route: DMM-CAI
2026-01-05 16:58:55 | INFO     | [START] LF Search
2026-01-05 16:58:56 | INFO     | [HEALTH CHECK] [OK] Chrome connection is healthy
2026-01-05 16:58:56 | INFO     | [DAY_START] Processing 07MAR
2026-01-05 16:58:56 | INFO     | [lf.day.start] Processing DMM-CAI for 07MAR
2026-01-05 16:58:57 | INFO     | [lf.day.flights_found] Found 1 flights on 07MAR
2026-01-05 16:58:59 | INFO     | [lf.flight.extracted] SM434 on 07MAR: BKG=33, LF=18.9%
2026-01-05 16:59:03 | INFO     | [SUCCESS] Day 07MAR
2026-01-05 16:59:03 | INFO     | [DAY_START] Processing 06MAR
2026-01-05 16:59:03 | INFO     | [lf.day.start] Processing DMM-CAI for 06MAR
2026-01-05 16:59:04 | INFO     | [lf.day.flights_found] Found 1 flights on 06MAR
2026-01-05 16:59:07 | INFO     | [lf.flight.extracted] SM434 on 06MAR: BKG=33, LF=18.9%
2026-01-05 16:59:10 | INFO     | [SUCCESS] Day 06MAR
2026-01-05 16:59:10 | INFO     | [DAY_START] Processing 05MAR
2026-01-05 16:59:10 | INFO     | [lf.day.start] Processing DMM-CAI for 05MAR
2026-01-05 16:59:11 | INFO     | [lf.day.flights_found] Found 1 flights on 05MAR
2026-01-05 16:59:13 | INFO     | [lf.flight.extracted] SM434 on 05MAR: BKG=41, LF=24.4%
2026-01-05 16:59:17 | INFO     | [SUCCESS] Day 05MAR
2026-01-05 16:59:17 | INFO     | [DAY_START] Processing 04MAR
2026-01-05 16:59:17 | INFO     | [lf.day.start] Processing DMM-CAI for 04MAR
2026-01-05 16:59:18 | WARNING  | [lf.day.no_flights] No direct flights on 04MAR
2026-01-05 16:59:18 | INFO     | [SUCCESS] Day 04MAR
2026-01-05 16:59:18 | INFO     | [DAY_START] Processing 03MAR
2026-01-05 16:59:18 | INFO     | [lf.day.start] Processing DMM-CAI for 03MAR
2026-01-05 16:59:19 | INFO     | [lf.day.flights_found] Found 1 flights on 03MAR
2026-01-05 16:59:21 | INFO     | [lf.flight.extracted] SM434 on 03MAR: BKG=12, LF=6.9%
2026-01-05 16:59:24 | INFO     | [SUCCESS] Day 03MAR
2026-01-05 16:59:24 | INFO     | [DAY_START] Processing 02MAR
2026-01-05 16:59:24 | INFO     | [lf.day.start] Processing DMM-CAI for 02MAR
2026-01-05 16:59:25 | WARNING  | [lf.day.no_flights] No direct flights on 02MAR
2026-01-05 16:59:25 | INFO     | [SUCCESS] Day 02MAR
2026-01-05 16:59:25 | INFO     | [DAY_START] Processing 01MAR
2026-01-05 16:59:25 | INFO     | [lf.day.start] Processing DMM-CAI for 01MAR
2026-01-05 16:59:26 | WARNING  | [lf.day.no_flights] No direct flights on 01MAR
2026-01-05 16:59:26 | INFO     | [SUCCESS] Day 01MAR
2026-01-05 16:59:26 | INFO     | [SUCCESS] LF Search Complete
2026-01-05 16:59:28 | INFO     | [Worker_9222] Completed: DMM-CAI - 7 results, 0 errors
2026-01-05 16:59:28 | INFO     | [Worker_9222] Processing: YNB-CAI
2026-01-05 16:59:28 | INFO     |   Tier 0: Range 3, Chunk 4/4 (7 days)
