2026-01-05 17:19:09 | INFO     | ======================================================================
2026-01-05 17:19:09 | INFO     | Load Factor Scraper Started - Route: DMM-CAI
2026-01-05 17:19:09 | INFO     | Log file: D:\CODERED\LAB\market_insights\outputs\run_generated_050126_at_16.47\logs\LF_DMM-CAI_20260105_171909.log
2026-01-05 17:19:09 | INFO     | Enhanced logging: Capturing both logging.info() and print()
2026-01-05 17:19:09 | INFO     | ======================================================================
2026-01-05 17:19:09 | INFO     | Starting LF search for route: DMM-CAI
2026-01-05 17:19:09 | INFO     | [START] LF Search
2026-01-05 17:19:10 | INFO     | [HEALTH CHECK] [OK] Chrome connection is healthy
2026-01-05 17:19:10 | INFO     | [DAY_START] Processing 31JAN
2026-01-05 17:19:10 | INFO     | [lf.day.start] Processing DMM-CAI for 31JAN
2026-01-05 17:19:12 | INFO     | [lf.day.flights_found] Found 1 flights on 31JAN
2026-01-05 17:19:15 | INFO     | [lf.flight.extracted] SM434 on 31JAN: BKG=27, LF=15.4%
2026-01-05 17:19:20 | INFO     | [SUCCESS] Day 31JAN
2026-01-05 17:19:20 | INFO     | [DAY_START] Processing 30JAN
2026-01-05 17:19:20 | INFO     | [lf.day.start] Processing DMM-CAI for 30JAN
2026-01-05 17:19:22 | INFO     | [lf.day.flights_found] Found 1 flights on 30JAN
2026-01-05 17:19:25 | INFO     | [lf.flight.extracted] SM434 on 30JAN: BKG=35, LF=20.0%
2026-01-05 17:19:30 | INFO     | [SUCCESS] Day 30JAN
2026-01-05 17:19:30 | INFO     | [DAY_START] Processing 29JAN
2026-01-05 17:19:30 | INFO     | [lf.day.start] Processing DMM-CAI for 29JAN
2026-01-05 17:19:32 | INFO     | [lf.day.flights_found] Found 1 flights on 29JAN
2026-01-05 17:19:35 | INFO     | [lf.flight.extracted] SM434 on 29JAN: BKG=19, LF=10.9%
2026-01-05 17:19:39 | INFO     | [SUCCESS] Day 29JAN
2026-01-05 17:19:39 | INFO     | [DAY_START] Processing 28JAN
2026-01-05 17:19:39 | INFO     | [lf.day.start] Processing DMM-CAI for 28JAN
2026-01-05 17:19:41 | WARNING  | [lf.day.no_flights] No direct flights on 28JAN
2026-01-05 17:19:41 | INFO     | [SUCCESS] Day 28JAN
2026-01-05 17:19:41 | INFO     | [DAY_START] Processing 27JAN
2026-01-05 17:19:41 | INFO     | [lf.day.start] Processing DMM-CAI for 27JAN
2026-01-05 17:19:43 | INFO     | [lf.day.flights_found] Found 1 flights on 27JAN
2026-01-05 17:19:46 | INFO     | [lf.flight.extracted] SM434 on 27JAN: BKG=24, LF=14.3%
2026-01-05 17:19:51 | INFO     | [SUCCESS] Day 27JAN
2026-01-05 17:19:51 | INFO     | [DAY_START] Processing 26JAN
2026-01-05 17:19:51 | INFO     | [lf.day.start] Processing DMM-CAI for 26JAN
2026-01-05 17:19:54 | WARNING  | [lf.day.no_flights] No direct flights on 26JAN
2026-01-05 17:19:54 | INFO     | [SUCCESS] Day 26JAN
2026-01-05 17:19:54 | INFO     | [DAY_START] Processing 25JAN
2026-01-05 17:19:54 | INFO     | [lf.day.start] Processing DMM-CAI for 25JAN
2026-01-05 17:19:56 | WARNING  | [lf.day.no_flights] No direct flights on 25JAN
2026-01-05 17:19:56 | INFO     | [SUCCESS] Day 25JAN
2026-01-05 17:19:56 | INFO     | [DAY_START] Processing 24JAN
2026-01-05 17:19:56 | INFO     | [lf.day.start] Processing DMM-CAI for 24JAN
2026-01-05 17:19:58 | INFO     | [lf.day.flights_found] Found 1 flights on 24JAN
2026-01-05 17:20:01 | INFO     | [lf.flight.extracted] SM434 on 24JAN: BKG=19, LF=11.3%
2026-01-05 17:20:07 | INFO     | [SUCCESS] Day 24JAN
2026-01-05 17:20:07 | INFO     | [DAY_START] Processing 23JAN
2026-01-05 17:20:07 | INFO     | [lf.day.start] Processing DMM-CAI for 23JAN
2026-01-05 17:20:08 | INFO     | [lf.day.flights_found] Found 1 flights on 23JAN
2026-01-05 17:20:11 | INFO     | [lf.flight.extracted] SM434 on 23JAN: BKG=25, LF=14.3%
2026-01-05 17:20:16 | INFO     | [SUCCESS] Day 23JAN
2026-01-05 17:20:16 | INFO     | [SUCCESS] LF Search Complete
2026-01-05 17:20:18 | INFO     | [Worker_9222] Completed: DMM-CAI - 9 results, 0 errors
2026-01-05 17:20:18 | INFO     | [Worker_9222] Processing: YNB-CAI
2026-01-05 17:20:18 | INFO     |   Tier 0: Range 1, Chunk 1/3 (9 days)
