2026-01-05 17:08:07 | INFO     | ======================================================================
2026-01-05 17:08:07 | INFO     | Load Factor Scraper Started - Route: DMM-CAI
2026-01-05 17:08:07 | INFO     | Log file: D:\CODERED\LAB\market_insights\outputs\run_generated_050126_at_16.47\logs\LF_DMM-CAI_20260105_170807.log
2026-01-05 17:08:07 | INFO     | Enhanced logging: Capturing both logging.info() and print()
2026-01-05 17:08:07 | INFO     | ======================================================================
2026-01-05 17:08:07 | INFO     | Starting LF search for route: DMM-CAI
2026-01-05 17:08:07 | INFO     | [START] LF Search
2026-01-05 17:08:08 | INFO     | [HEALTH CHECK] [OK] Chrome connection is healthy
2026-01-05 17:08:08 | INFO     | [DAY_START] Processing 18FEB
2026-01-05 17:08:08 | INFO     | [lf.day.start] Processing DMM-CAI for 18FEB
2026-01-05 17:08:09 | WARNING  | [lf.day.no_flights] No direct flights on 18FEB
2026-01-05 17:08:09 | INFO     | [SUCCESS] Day 18FEB
2026-01-05 17:08:09 | INFO     | [DAY_START] Processing 17FEB
2026-01-05 17:08:09 | INFO     | [lf.day.start] Processing DMM-CAI for 17FEB
2026-01-05 17:08:10 | INFO     | [lf.day.flights_found] Found 1 flights on 17FEB
2026-01-05 17:08:12 | INFO     | [lf.flight.extracted] SM434 on 17FEB: BKG=2, LF=1.2%
2026-01-05 17:08:15 | INFO     | [SUCCESS] Day 17FEB
2026-01-05 17:08:15 | INFO     | [DAY_START] Processing 16FEB
2026-01-05 17:08:15 | INFO     | [lf.day.start] Processing DMM-CAI for 16FEB
2026-01-05 17:08:17 | WARNING  | [lf.day.no_flights] No direct flights on 16FEB
2026-01-05 17:08:17 | INFO     | [SUCCESS] Day 16FEB
2026-01-05 17:08:17 | INFO     | [DAY_START] Processing 15FEB
2026-01-05 17:08:17 | INFO     | [lf.day.start] Processing DMM-CAI for 15FEB
2026-01-05 17:08:19 | WARNING  | [lf.day.no_flights] No direct flights on 15FEB
2026-01-05 17:08:19 | INFO     | [SUCCESS] Day 15FEB
2026-01-05 17:08:19 | INFO     | [DAY_START] Processing 14FEB
2026-01-05 17:08:19 | INFO     | [lf.day.start] Processing DMM-CAI for 14FEB
2026-01-05 17:08:20 | INFO     | [lf.day.flights_found] Found 1 flights on 14FEB
2026-01-05 17:08:23 | INFO     | [lf.flight.extracted] SM434 on 14FEB: BKG=6, LF=3.4%
2026-01-05 17:08:27 | INFO     | [SUCCESS] Day 14FEB
2026-01-05 17:08:27 | INFO     | [DAY_START] Processing 13FEB
2026-01-05 17:08:27 | INFO     | [lf.day.start] Processing DMM-CAI for 13FEB
2026-01-05 17:08:28 | INFO     | [lf.day.flights_found] Found 1 flights on 13FEB
2026-01-05 17:08:31 | INFO     | [lf.flight.extracted] SM434 on 13FEB: BKG=21, LF=12.0%
2026-01-05 17:08:34 | INFO     | [SUCCESS] Day 13FEB
2026-01-05 17:08:34 | INFO     | [DAY_START] Processing 12FEB
2026-01-05 17:08:34 | INFO     | [lf.day.start] Processing DMM-CAI for 12FEB
2026-01-05 17:08:36 | INFO     | [lf.day.flights_found] Found 1 flights on 12FEB
2026-01-05 17:08:39 | INFO     | [lf.flight.extracted] SM434 on 12FEB: BKG=10, LF=5.7%
2026-01-05 17:08:42 | INFO     | [SUCCESS] Day 12FEB
2026-01-05 17:08:42 | INFO     | [DAY_START] Processing 11FEB
2026-01-05 17:08:42 | INFO     | [lf.day.start] Processing DMM-CAI for 11FEB
2026-01-05 17:08:44 | WARNING  | [lf.day.no_flights] No direct flights on 11FEB
2026-01-05 17:08:44 | INFO     | [SUCCESS] Day 11FEB
2026-01-05 17:08:44 | INFO     | [DAY_START] Processing 10FEB
2026-01-05 17:08:44 | INFO     | [lf.day.start] Processing DMM-CAI for 10FEB
2026-01-05 17:08:45 | INFO     | [lf.day.flights_found] Found 1 flights on 10FEB
2026-01-05 17:08:48 | INFO     | [lf.flight.extracted] SM434 on 10FEB: BKG=13, LF=7.4%
2026-01-05 17:08:51 | INFO     | [SUCCESS] Day 10FEB
2026-01-05 17:08:51 | INFO     | [SUCCESS] LF Search Complete
2026-01-05 17:08:53 | INFO     | [Worker_9222] Completed: DMM-CAI - 9 results, 0 errors
2026-01-05 17:08:53 | INFO     | [Worker_9222] Processing: TUU-ATZ
2026-01-05 17:08:53 | INFO     |   Tier 0: Range 2, Chunk 2/3 (9 days)
