2026-01-05 16:55:40 | INFO     | ======================================================================
2026-01-05 16:55:40 | INFO     | Load Factor Scraper Started - Route: DMM-CAI
2026-01-05 16:55:40 | INFO     | Log file: D:\CODERED\LAB\market_insights\outputs\run_generated_050126_at_16.47\logs\LF_DMM-CAI_20260105_165540.log
2026-01-05 16:55:40 | INFO     | Enhanced logging: Capturing both logging.info() and print()
2026-01-05 16:55:40 | INFO     | ======================================================================
2026-01-05 16:55:40 | INFO     | Starting LF search for route: DMM-CAI
2026-01-05 16:55:40 | INFO     | [START] LF Search
2026-01-05 16:55:42 | INFO     | [HEALTH CHECK] [OK] Chrome connection is healthy
2026-01-05 16:55:42 | INFO     | [DAY_START] Processing 15MAR
2026-01-05 16:55:42 | INFO     | [lf.day.start] Processing DMM-CAI for 15MAR
2026-01-05 16:55:43 | WARNING  | [lf.day.no_flights] No direct flights on 15MAR
2026-01-05 16:55:43 | INFO     | [SUCCESS] Day 15MAR
2026-01-05 16:55:43 | INFO     | [DAY_START] Processing 14MAR
2026-01-05 16:55:43 | INFO     | [lf.day.start] Processing DMM-CAI for 14MAR
2026-01-05 16:55:44 | INFO     | [lf.day.flights_found] Found 1 flights on 14MAR
2026-01-05 16:55:46 | INFO     | [lf.flight.extracted] SM434 on 14MAR: BKG=3, LF=1.7%
2026-01-05 16:55:48 | INFO     | [SUCCESS] Day 14MAR
2026-01-05 16:55:48 | INFO     | [DAY_START] Processing 13MAR
2026-01-05 16:55:48 | INFO     | [lf.day.start] Processing DMM-CAI for 13MAR
2026-01-05 16:55:49 | INFO     | [lf.day.flights_found] Found 1 flights on 13MAR
2026-01-05 16:55:51 | INFO     | [lf.flight.extracted] SM434 on 13MAR: BKG=10, LF=5.7%
2026-01-05 16:55:54 | INFO     | [SUCCESS] Day 13MAR
2026-01-05 16:55:54 | INFO     | [DAY_START] Processing 12MAR
2026-01-05 16:55:54 | INFO     | [lf.day.start] Processing DMM-CAI for 12MAR
2026-01-05 16:55:55 | INFO     | [lf.day.flights_found] Found 1 flights on 12MAR
2026-01-05 16:55:57 | INFO     | [lf.flight.extracted] SM434 on 12MAR: BKG=6, LF=3.4%
2026-01-05 16:56:00 | INFO     | [SUCCESS] Day 12MAR
2026-01-05 16:56:00 | INFO     | [DAY_START] Processing 11MAR
2026-01-05 16:56:00 | INFO     | [lf.day.start] Processing DMM-CAI for 11MAR
2026-01-05 16:56:01 | WARNING  | [lf.day.no_flights] No direct flights on 11MAR
2026-01-05 16:56:01 | INFO     | [SUCCESS] Day 11MAR
2026-01-05 16:56:01 | INFO     | [DAY_START] Processing 10MAR
2026-01-05 16:56:01 | INFO     | [lf.day.start] Processing DMM-CAI for 10MAR
2026-01-05 16:56:02 | INFO     | [lf.day.flights_found] Found 1 flights on 10MAR
2026-01-05 16:56:04 | INFO     | [lf.flight.extracted] SM434 on 10MAR: BKG=29, LF=16.6%
2026-01-05 16:56:07 | INFO     | [SUCCESS] Day 10MAR
2026-01-05 16:56:07 | INFO     | [DAY_START] Processing 09MAR
2026-01-05 16:56:07 | INFO     | [lf.day.start] Processing DMM-CAI for 09MAR
2026-01-05 16:56:08 | WARNING  | [lf.day.no_flights] No direct flights on 09MAR
2026-01-05 16:56:08 | INFO     | [SUCCESS] Day 09MAR
2026-01-05 16:56:08 | INFO     | [DAY_START] Processing 08MAR
2026-01-05 16:56:08 | INFO     | [lf.day.start] Processing DMM-CAI for 08MAR
2026-01-05 16:56:09 | WARNING  | [lf.day.no_flights] No direct flights on 08MAR
2026-01-05 16:56:10 | INFO     | [SUCCESS] Day 08MAR
2026-01-05 16:56:10 | INFO     | [SUCCESS] LF Search Complete
2026-01-05 16:56:12 | INFO     | [Worker_9224] Completed: DMM-CAI - 8 results, 0 errors
2026-01-05 16:56:12 | INFO     | [Worker_9224] Processing: AJF-ATZ
2026-01-05 16:56:12 | INFO     |   Tier 0: Range 3, Chunk 3/4 (8 days)
