2026-01-05 16:56:26 | INFO     | ======================================================================
2026-01-05 16:56:26 | INFO     | Load Factor Scraper Started - Route: ELQ-ATZ
2026-01-05 16:56:26 | INFO     | Log file: D:\CODERED\LAB\market_insights\outputs\run_generated_050126_at_16.47\logs\LF_ELQ-ATZ_20260105_165626.log
2026-01-05 16:56:26 | INFO     | Enhanced logging: Capturing both logging.info() and print()
2026-01-05 16:56:26 | INFO     | ======================================================================
2026-01-05 16:56:26 | INFO     | Starting LF search for route: ELQ-ATZ
2026-01-05 16:56:26 | INFO     | [START] LF Search
2026-01-05 16:56:27 | INFO     | [HEALTH CHECK] [OK] Chrome connection is healthy
2026-01-05 16:56:27 | INFO     | [DAY_START] Processing 15MAR
2026-01-05 16:56:27 | INFO     | [lf.day.start] Processing ELQ-ATZ for 15MAR
2026-01-05 16:56:28 | WARNING  | [lf.day.no_flights] No direct flights on 15MAR
2026-01-05 16:56:28 | INFO     | [SUCCESS] Day 15MAR
2026-01-05 16:56:28 | INFO     | [DAY_START] Processing 14MAR
2026-01-05 16:56:28 | INFO     | [lf.day.start] Processing ELQ-ATZ for 14MAR
2026-01-05 16:56:29 | INFO     | [lf.day.flights_found] Found 1 flights on 14MAR
2026-01-05 16:56:31 | INFO     | [lf.flight.extracted] SM436 on 14MAR: BKG=0, LF=0.0%
2026-01-05 16:56:32 | INFO     | [SUCCESS] Day 14MAR
2026-01-05 16:56:32 | INFO     | [DAY_START] Processing 13MAR
2026-01-05 16:56:32 | INFO     | [lf.day.start] Processing ELQ-ATZ for 13MAR
2026-01-05 16:56:33 | WARNING  | [lf.day.no_flights] No direct flights on 13MAR
2026-01-05 16:56:33 | INFO     | [SUCCESS] Day 13MAR
2026-01-05 16:56:33 | INFO     | [DAY_START] Processing 12MAR
2026-01-05 16:56:33 | INFO     | [lf.day.start] Processing ELQ-ATZ for 12MAR
2026-01-05 16:56:34 | WARNING  | [lf.day.no_flights] No direct flights on 12MAR
2026-01-05 16:56:34 | INFO     | [SUCCESS] Day 12MAR
2026-01-05 16:56:34 | INFO     | [DAY_START] Processing 11MAR
2026-01-05 16:56:34 | INFO     | [lf.day.start] Processing ELQ-ATZ for 11MAR
2026-01-05 16:56:35 | INFO     | [lf.day.flights_found] Found 1 flights on 11MAR
2026-01-05 16:56:37 | INFO     | [lf.flight.extracted] SM436 on 11MAR: BKG=13, LF=7.8%
2026-01-05 16:56:40 | INFO     | [SUCCESS] Day 11MAR
2026-01-05 16:56:40 | INFO     | [DAY_START] Processing 10MAR
2026-01-05 16:56:40 | INFO     | [lf.day.start] Processing ELQ-ATZ for 10MAR
2026-01-05 16:56:41 | WARNING  | [lf.day.no_flights] No direct flights on 10MAR
2026-01-05 16:56:41 | INFO     | [SUCCESS] Day 10MAR
2026-01-05 16:56:41 | INFO     | [DAY_START] Processing 09MAR
2026-01-05 16:56:41 | INFO     | [lf.day.start] Processing ELQ-ATZ for 09MAR
2026-01-05 16:56:42 | WARNING  | [lf.day.no_flights] No direct flights on 09MAR
2026-01-05 16:56:42 | INFO     | [SUCCESS] Day 09MAR
2026-01-05 16:56:42 | INFO     | [DAY_START] Processing 08MAR
2026-01-05 16:56:42 | INFO     | [lf.day.start] Processing ELQ-ATZ for 08MAR
2026-01-05 16:56:44 | WARNING  | [lf.day.no_flights] No direct flights on 08MAR
2026-01-05 16:56:44 | INFO     | [SUCCESS] Day 08MAR
2026-01-05 16:56:44 | INFO     | [SUCCESS] LF Search Complete
2026-01-05 16:56:46 | INFO     | [Worker_9225] Completed: ELQ-ATZ - 8 results, 0 errors
2026-01-05 16:56:46 | INFO     | [Worker_9225] Processing: CAI-JED
2026-01-05 16:56:46 | INFO     |   Tier 0: Range 3, Chunk 3/4 (8 days)
