2026-01-05 16:49:05 | INFO     | ======================================================================
2026-01-05 16:49:05 | INFO     | Load Factor Scraper Started - Route: ELQ-CAI
2026-01-05 16:49:05 | INFO     | Log file: D:\CODERED\LAB\market_insights\outputs\run_generated_050126_at_16.47\logs\LF_ELQ-CAI_20260105_164905.log
2026-01-05 16:49:05 | INFO     | Enhanced logging: Capturing both logging.info() and print()
2026-01-05 16:49:05 | INFO     | ======================================================================
2026-01-05 16:49:05 | INFO     | Starting LF search for route: ELQ-CAI
2026-01-05 16:49:05 | INFO     | [START] LF Search
2026-01-05 16:49:06 | INFO     | [HEALTH CHECK] [OK] Chrome connection is healthy
2026-01-05 16:49:06 | INFO     | [DAY_START] Processing 31MAR
2026-01-05 16:49:06 | INFO     | [lf.day.start] Processing ELQ-CAI for 31MAR
2026-01-05 16:49:07 | INFO     | [lf.day.flights_found] Found 1 flights on 31MAR
2026-01-05 16:49:09 | INFO     | [lf.flight.extracted] SM428 on 31MAR: BKG=95, LF=56.9%
2026-01-05 16:49:12 | INFO     | [SUCCESS] Day 31MAR
2026-01-05 16:49:12 | INFO     | [DAY_START] Processing 30MAR
2026-01-05 16:49:12 | INFO     | [lf.day.start] Processing ELQ-CAI for 30MAR
2026-01-05 16:49:13 | WARNING  | [lf.day.no_flights] No direct flights on 30MAR
2026-01-05 16:49:13 | INFO     | [SUCCESS] Day 30MAR
2026-01-05 16:49:13 | INFO     | [DAY_START] Processing 29MAR
2026-01-05 16:49:13 | INFO     | [lf.day.start] Processing ELQ-CAI for 29MAR
2026-01-05 16:49:14 | WARNING  | [lf.day.no_flights] No direct flights on 29MAR
2026-01-05 16:49:14 | INFO     | [SUCCESS] Day 29MAR
2026-01-05 16:49:14 | INFO     | [DAY_START] Processing 28MAR
2026-01-05 16:49:14 | INFO     | [lf.day.start] Processing ELQ-CAI for 28MAR
2026-01-05 16:49:15 | INFO     | [lf.day.flights_found] Found 1 flights on 28MAR
2026-01-05 16:49:17 | INFO     | [lf.flight.extracted] SM428 on 28MAR: BKG=96, LF=57.5%
2026-01-05 16:49:20 | INFO     | [SUCCESS] Day 28MAR
2026-01-05 16:49:20 | INFO     | [DAY_START] Processing 27MAR
2026-01-05 16:49:20 | INFO     | [lf.day.start] Processing ELQ-CAI for 27MAR
2026-01-05 16:49:20 | WARNING  | [lf.day.no_flights] No direct flights on 27MAR
2026-01-05 16:49:21 | INFO     | [SUCCESS] Day 27MAR
2026-01-05 16:49:21 | INFO     | [DAY_START] Processing 26MAR
2026-01-05 16:49:21 | INFO     | [lf.day.start] Processing ELQ-CAI for 26MAR
2026-01-05 16:49:22 | INFO     | [lf.day.flights_found] Found 1 flights on 26MAR
2026-01-05 16:49:23 | INFO     | [lf.flight.extracted] SM428 on 26MAR: BKG=103, LF=61.7%
2026-01-05 16:49:26 | INFO     | [SUCCESS] Day 26MAR
2026-01-05 16:49:26 | INFO     | [DAY_START] Processing 25MAR
2026-01-05 16:49:26 | INFO     | [lf.day.start] Processing ELQ-CAI for 25MAR
2026-01-05 16:49:27 | WARNING  | [lf.day.no_flights] No direct flights on 25MAR
2026-01-05 16:49:27 | INFO     | [SUCCESS] Day 25MAR
2026-01-05 16:49:27 | INFO     | [DAY_START] Processing 24MAR
2026-01-05 16:49:27 | INFO     | [lf.day.start] Processing ELQ-CAI for 24MAR
2026-01-05 16:49:28 | WARNING  | [lf.day.no_flights] No direct flights on 24MAR
2026-01-05 16:49:28 | INFO     | [SUCCESS] Day 24MAR
2026-01-05 16:49:28 | INFO     | [SUCCESS] LF Search Complete
2026-01-05 16:49:30 | INFO     | [Worker_9223] Completed: ELQ-CAI - 8 results, 0 errors
2026-01-05 16:49:30 | INFO     | [Worker_9223] Processing: ATZ-JED
2026-01-05 16:49:30 | INFO     |   Tier 0: Range 3, Chunk 1/4 (8 days)
