2026-01-05 17:09:27 | INFO     | ======================================================================
2026-01-05 17:09:27 | INFO     | Load Factor Scraper Started - Route: ELQ-CAI
2026-01-05 17:09:27 | INFO     | Log file: D:\CODERED\LAB\market_insights\outputs\run_generated_050126_at_16.47\logs\LF_ELQ-CAI_20260105_170927.log
2026-01-05 17:09:27 | INFO     | Enhanced logging: Capturing both logging.info() and print()
2026-01-05 17:09:27 | INFO     | ======================================================================
2026-01-05 17:09:27 | INFO     | Starting LF search for route: ELQ-CAI
2026-01-05 17:09:27 | INFO     | [START] LF Search
2026-01-05 17:09:29 | INFO     | [HEALTH CHECK] [OK] Chrome connection is healthy
2026-01-05 17:09:29 | INFO     | [DAY_START] Processing 18FEB
2026-01-05 17:09:29 | INFO     | [lf.day.start] Processing ELQ-CAI for 18FEB
2026-01-05 17:09:30 | WARNING  | [lf.day.no_flights] No direct flights on 18FEB
2026-01-05 17:09:30 | INFO     | [SUCCESS] Day 18FEB
2026-01-05 17:09:30 | INFO     | [DAY_START] Processing 17FEB
2026-01-05 17:09:30 | INFO     | [lf.day.start] Processing ELQ-CAI for 17FEB
2026-01-05 17:09:31 | WARNING  | [lf.day.no_flights] No direct flights on 17FEB
2026-01-05 17:09:31 | INFO     | [SUCCESS] Day 17FEB
2026-01-05 17:09:31 | INFO     | [DAY_START] Processing 16FEB
2026-01-05 17:09:31 | INFO     | [lf.day.start] Processing ELQ-CAI for 16FEB
2026-01-05 17:09:33 | WARNING  | [lf.day.no_flights] No direct flights on 16FEB
2026-01-05 17:09:33 | INFO     | [SUCCESS] Day 16FEB
2026-01-05 17:09:33 | INFO     | [DAY_START] Processing 15FEB
2026-01-05 17:09:33 | INFO     | [lf.day.start] Processing ELQ-CAI for 15FEB
2026-01-05 17:09:34 | INFO     | [lf.day.flights_found] Found 1 flights on 15FEB
2026-01-05 17:09:36 | INFO     | [lf.flight.extracted] SM428 on 15FEB: BKG=22, LF=13.2%
2026-01-05 17:09:40 | INFO     | [SUCCESS] Day 15FEB
2026-01-05 17:09:40 | INFO     | [DAY_START] Processing 14FEB
2026-01-05 17:09:40 | INFO     | [lf.day.start] Processing ELQ-CAI for 14FEB
2026-01-05 17:09:42 | INFO     | [lf.day.flights_found] Found 1 flights on 14FEB
2026-01-05 17:09:44 | INFO     | [lf.flight.extracted] SM428 on 14FEB: BKG=29, LF=17.4%
2026-01-05 17:09:48 | INFO     | [SUCCESS] Day 14FEB
2026-01-05 17:09:48 | INFO     | [DAY_START] Processing 13FEB
2026-01-05 17:09:48 | INFO     | [lf.day.start] Processing ELQ-CAI for 13FEB
2026-01-05 17:09:49 | WARNING  | [lf.day.no_flights] No direct flights on 13FEB
2026-01-05 17:09:49 | INFO     | [SUCCESS] Day 13FEB
2026-01-05 17:09:49 | INFO     | [DAY_START] Processing 12FEB
2026-01-05 17:09:49 | INFO     | [lf.day.start] Processing ELQ-CAI for 12FEB
2026-01-05 17:09:50 | INFO     | [lf.day.flights_found] Found 1 flights on 12FEB
2026-01-05 17:09:52 | INFO     | [lf.flight.extracted] SM428 on 12FEB: BKG=23, LF=14.0%
2026-01-05 17:09:56 | INFO     | [SUCCESS] Day 12FEB
2026-01-05 17:09:56 | INFO     | [DAY_START] Processing 11FEB
2026-01-05 17:09:56 | INFO     | [lf.day.start] Processing ELQ-CAI for 11FEB
2026-01-05 17:10:03 | WARNING  | [lf.day.no_flights] No direct flights on 11FEB
2026-01-05 17:10:03 | INFO     | [SUCCESS] Day 11FEB
2026-01-05 17:10:03 | INFO     | [DAY_START] Processing 10FEB
2026-01-05 17:10:03 | INFO     | [lf.day.start] Processing ELQ-CAI for 10FEB
2026-01-05 17:10:04 | WARNING  | [lf.day.no_flights] No direct flights on 10FEB
2026-01-05 17:10:04 | INFO     | [SUCCESS] Day 10FEB
2026-01-05 17:10:04 | INFO     | [SUCCESS] LF Search Complete
2026-01-05 17:10:06 | INFO     | [Worker_9232] Completed: ELQ-CAI - 9 results, 0 errors
2026-01-05 17:10:06 | INFO     | [Worker_9232] Processing: ATZ-MED
2026-01-05 17:10:06 | INFO     |   Tier 0: Range 2, Chunk 2/3 (9 days)
