2026-01-05 17:14:53 | INFO     | ======================================================================
2026-01-05 17:14:53 | INFO     | Load Factor Scraper Started - Route: ELQ-CAI
2026-01-05 17:14:53 | INFO     | Log file: D:\CODERED\LAB\market_insights\outputs\run_generated_050126_at_16.47\logs\LF_ELQ-CAI_20260105_171453.log
2026-01-05 17:14:53 | INFO     | Enhanced logging: Capturing both logging.info() and print()
2026-01-05 17:14:53 | INFO     | ======================================================================
2026-01-05 17:14:53 | INFO     | Starting LF search for route: ELQ-CAI
2026-01-05 17:14:53 | INFO     | [START] LF Search
2026-01-05 17:14:54 | INFO     | [HEALTH CHECK] [OK] Chrome connection is healthy
2026-01-05 17:14:54 | INFO     | [DAY_START] Processing 09FEB
2026-01-05 17:14:54 | INFO     | [lf.day.start] Processing ELQ-CAI for 09FEB
2026-01-05 17:14:55 | WARNING  | [lf.day.no_flights] No direct flights on 09FEB
2026-01-05 17:14:56 | INFO     | [SUCCESS] Day 09FEB
2026-01-05 17:14:56 | INFO     | [DAY_START] Processing 08FEB
2026-01-05 17:14:56 | INFO     | [lf.day.start] Processing ELQ-CAI for 08FEB
2026-01-05 17:14:57 | INFO     | [lf.day.flights_found] Found 1 flights on 08FEB
2026-01-05 17:14:59 | INFO     | [lf.flight.extracted] SM428 on 08FEB: BKG=27, LF=15.7%
2026-01-05 17:15:03 | INFO     | [SUCCESS] Day 08FEB
2026-01-05 17:15:03 | INFO     | [DAY_START] Processing 07FEB
2026-01-05 17:15:03 | INFO     | [lf.day.start] Processing ELQ-CAI for 07FEB
2026-01-05 17:15:05 | INFO     | [lf.day.flights_found] Found 1 flights on 07FEB
2026-01-05 17:15:07 | INFO     | [lf.flight.extracted] SM428 on 07FEB: BKG=23, LF=13.8%
2026-01-05 17:15:11 | INFO     | [SUCCESS] Day 07FEB
2026-01-05 17:15:11 | INFO     | [DAY_START] Processing 06FEB
2026-01-05 17:15:11 | INFO     | [lf.day.start] Processing ELQ-CAI for 06FEB
2026-01-05 17:15:13 | WARNING  | [lf.day.no_flights] No direct flights on 06FEB
2026-01-05 17:15:13 | INFO     | [SUCCESS] Day 06FEB
2026-01-05 17:15:13 | INFO     | [DAY_START] Processing 05FEB
2026-01-05 17:15:13 | INFO     | [lf.day.start] Processing ELQ-CAI for 05FEB
2026-01-05 17:15:14 | INFO     | [lf.day.flights_found] Found 1 flights on 05FEB
2026-01-05 17:15:16 | INFO     | [lf.flight.extracted] SM428 on 05FEB: BKG=23, LF=14.0%
2026-01-05 17:15:20 | INFO     | [SUCCESS] Day 05FEB
2026-01-05 17:15:20 | INFO     | [DAY_START] Processing 04FEB
2026-01-05 17:15:20 | INFO     | [lf.day.start] Processing ELQ-CAI for 04FEB
2026-01-05 17:15:22 | WARNING  | [lf.day.no_flights] No direct flights on 04FEB
2026-01-05 17:15:22 | INFO     | [SUCCESS] Day 04FEB
2026-01-05 17:15:22 | INFO     | [DAY_START] Processing 03FEB
2026-01-05 17:15:22 | INFO     | [lf.day.start] Processing ELQ-CAI for 03FEB
2026-01-05 17:15:23 | WARNING  | [lf.day.no_flights] No direct flights on 03FEB
2026-01-05 17:15:23 | INFO     | [SUCCESS] Day 03FEB
2026-01-05 17:15:23 | INFO     | [DAY_START] Processing 02FEB
2026-01-05 17:15:23 | INFO     | [lf.day.start] Processing ELQ-CAI for 02FEB
2026-01-05 17:15:24 | WARNING  | [lf.day.no_flights] No direct flights on 02FEB
2026-01-05 17:15:25 | INFO     | [SUCCESS] Day 02FEB
2026-01-05 17:15:25 | INFO     | [DAY_START] Processing 01FEB
2026-01-05 17:15:25 | INFO     | [lf.day.start] Processing ELQ-CAI for 01FEB
2026-01-05 17:15:26 | INFO     | [lf.day.flights_found] Found 1 flights on 01FEB
2026-01-05 17:15:28 | INFO     | [lf.flight.extracted] SM428 on 01FEB: BKG=11, LF=6.6%
2026-01-05 17:15:33 | INFO     | [SUCCESS] Day 01FEB
2026-01-05 17:15:33 | INFO     | [SUCCESS] LF Search Complete
2026-01-05 17:15:35 | INFO     | [Worker_9233] Completed: ELQ-CAI - 9 results, 0 errors
2026-01-05 17:15:35 | INFO     | [Worker_9233] Processing: CAI-JED
2026-01-05 17:15:35 | INFO     |   Tier 0: Range 2, Chunk 3/3 (9 days)
