2026-01-05 17:09:47 | INFO     | ======================================================================
2026-01-05 17:09:47 | INFO     | Load Factor Scraper Started - Route: GIZ-CAI
2026-01-05 17:09:47 | INFO     | Log file: D:\CODERED\LAB\market_insights\outputs\run_generated_050126_at_16.47\logs\LF_GIZ-CAI_20260105_170947.log
2026-01-05 17:09:47 | INFO     | Enhanced logging: Capturing both logging.info() and print()
2026-01-05 17:09:47 | INFO     | ======================================================================
2026-01-05 17:09:47 | INFO     | Starting LF search for route: GIZ-CAI
2026-01-05 17:09:47 | INFO     | [START] LF Search
2026-01-05 17:09:49 | INFO     | [HEALTH CHECK] [OK] Chrome connection is healthy
2026-01-05 17:09:49 | INFO     | [DAY_START] Processing 18FEB
2026-01-05 17:09:49 | INFO     | [lf.day.start] Processing GIZ-CAI for 18FEB
2026-01-05 17:09:50 | WARNING  | [lf.day.no_flights] No direct flights on 18FEB
2026-01-05 17:09:50 | INFO     | [SUCCESS] Day 18FEB
2026-01-05 17:09:50 | INFO     | [DAY_START] Processing 17FEB
2026-01-05 17:09:50 | INFO     | [lf.day.start] Processing GIZ-CAI for 17FEB
2026-01-05 17:09:51 | WARNING  | [lf.day.no_flights] No direct flights on 17FEB
2026-01-05 17:09:51 | INFO     | [SUCCESS] Day 17FEB
2026-01-05 17:09:51 | INFO     | [DAY_START] Processing 16FEB
2026-01-05 17:09:51 | INFO     | [lf.day.start] Processing GIZ-CAI for 16FEB
2026-01-05 17:09:52 | WARNING  | [lf.day.no_flights] No direct flights on 16FEB
2026-01-05 17:09:53 | INFO     | [SUCCESS] Day 16FEB
2026-01-05 17:09:53 | INFO     | [DAY_START] Processing 15FEB
2026-01-05 17:09:53 | INFO     | [lf.day.start] Processing GIZ-CAI for 15FEB
2026-01-05 17:09:54 | INFO     | [lf.day.flights_found] Found 1 flights on 15FEB
2026-01-05 17:09:58 | INFO     | [lf.flight.extracted] SM330 on 15FEB: BKG=12, LF=6.9%
2026-01-05 17:10:02 | INFO     | [SUCCESS] Day 15FEB
2026-01-05 17:10:02 | INFO     | [DAY_START] Processing 14FEB
2026-01-05 17:10:02 | INFO     | [lf.day.start] Processing GIZ-CAI for 14FEB
2026-01-05 17:10:03 | WARNING  | [lf.day.no_flights] No direct flights on 14FEB
2026-01-05 17:10:03 | INFO     | [SUCCESS] Day 14FEB
2026-01-05 17:10:03 | INFO     | [DAY_START] Processing 13FEB
2026-01-05 17:10:03 | INFO     | [lf.day.start] Processing GIZ-CAI for 13FEB
2026-01-05 17:10:04 | INFO     | [lf.day.flights_found] Found 1 flights on 13FEB
2026-01-05 17:10:08 | INFO     | [lf.flight.extracted] SM330 on 13FEB: BKG=5, LF=2.9%
2026-01-05 17:10:11 | INFO     | [SUCCESS] Day 13FEB
2026-01-05 17:10:11 | INFO     | [DAY_START] Processing 12FEB
2026-01-05 17:10:11 | INFO     | [lf.day.start] Processing GIZ-CAI for 12FEB
2026-01-05 17:10:12 | WARNING  | [lf.day.no_flights] No direct flights on 12FEB
2026-01-05 17:10:13 | INFO     | [SUCCESS] Day 12FEB
2026-01-05 17:10:13 | INFO     | [DAY_START] Processing 11FEB
2026-01-05 17:10:13 | INFO     | [lf.day.start] Processing GIZ-CAI for 11FEB
2026-01-05 17:10:14 | WARNING  | [lf.day.no_flights] No direct flights on 11FEB
2026-01-05 17:10:14 | INFO     | [SUCCESS] Day 11FEB
2026-01-05 17:10:14 | INFO     | [DAY_START] Processing 10FEB
2026-01-05 17:10:14 | INFO     | [lf.day.start] Processing GIZ-CAI for 10FEB
2026-01-05 17:10:15 | WARNING  | [lf.day.no_flights] No direct flights on 10FEB
2026-01-05 17:10:15 | INFO     | [SUCCESS] Day 10FEB
2026-01-05 17:10:15 | INFO     | [SUCCESS] LF Search Complete
2026-01-05 17:10:17 | INFO     | [Worker_9223] Completed: GIZ-CAI - 9 results, 0 errors
2026-01-05 17:10:17 | INFO     | [Worker_9223] Processing: CAI-JED
2026-01-05 17:10:17 | INFO     |   Tier 0: Range 2, Chunk 2/3 (9 days)
