2026-01-05 16:52:53 | INFO     | ======================================================================
2026-01-05 16:52:53 | INFO     | Load Factor Scraper Started - Route: GIZ-CAI
2026-01-05 16:52:53 | INFO     | Log file: D:\CODERED\LAB\market_insights\outputs\run_generated_050126_at_16.47\logs\LF_GIZ-CAI_20260105_165253.log
2026-01-05 16:52:53 | INFO     | Enhanced logging: Capturing both logging.info() and print()
2026-01-05 16:52:53 | INFO     | ======================================================================
2026-01-05 16:52:53 | INFO     | Starting LF search for route: GIZ-CAI
2026-01-05 16:52:53 | INFO     | [START] LF Search
2026-01-05 16:52:54 | INFO     | [HEALTH CHECK] [OK] Chrome connection is healthy
2026-01-05 16:52:54 | INFO     | [DAY_START] Processing 23MAR
2026-01-05 16:52:54 | INFO     | [lf.day.start] Processing GIZ-CAI for 23MAR
2026-01-05 16:52:55 | WARNING  | [lf.day.no_flights] No direct flights on 23MAR
2026-01-05 16:52:55 | INFO     | [SUCCESS] Day 23MAR
2026-01-05 16:52:55 | INFO     | [DAY_START] Processing 22MAR
2026-01-05 16:52:55 | INFO     | [lf.day.start] Processing GIZ-CAI for 22MAR
2026-01-05 16:52:56 | INFO     | [lf.day.flights_found] Found 1 flights on 22MAR
2026-01-05 16:52:58 | INFO     | [lf.flight.extracted] SM330 on 22MAR: BKG=7, LF=4.0%
2026-01-05 16:53:01 | INFO     | [SUCCESS] Day 22MAR
2026-01-05 16:53:01 | INFO     | [DAY_START] Processing 21MAR
2026-01-05 16:53:01 | INFO     | [lf.day.start] Processing GIZ-CAI for 21MAR
2026-01-05 16:53:02 | WARNING  | [lf.day.no_flights] No direct flights on 21MAR
2026-01-05 16:53:02 | INFO     | [SUCCESS] Day 21MAR
2026-01-05 16:53:02 | INFO     | [DAY_START] Processing 20MAR
2026-01-05 16:53:02 | INFO     | [lf.day.start] Processing GIZ-CAI for 20MAR
2026-01-05 16:53:03 | INFO     | [lf.day.flights_found] Found 1 flights on 20MAR
2026-01-05 16:53:05 | INFO     | [lf.flight.extracted] SM330 on 20MAR: BKG=1, LF=0.6%
2026-01-05 16:53:08 | INFO     | [SUCCESS] Day 20MAR
2026-01-05 16:53:08 | INFO     | [DAY_START] Processing 19MAR
2026-01-05 16:53:08 | INFO     | [lf.day.start] Processing GIZ-CAI for 19MAR
2026-01-05 16:53:09 | WARNING  | [lf.day.no_flights] No direct flights on 19MAR
2026-01-05 16:53:09 | INFO     | [SUCCESS] Day 19MAR
2026-01-05 16:53:09 | INFO     | [DAY_START] Processing 18MAR
2026-01-05 16:53:09 | INFO     | [lf.day.start] Processing GIZ-CAI for 18MAR
2026-01-05 16:53:10 | WARNING  | [lf.day.no_flights] No direct flights on 18MAR
2026-01-05 16:53:10 | INFO     | [SUCCESS] Day 18MAR
2026-01-05 16:53:10 | INFO     | [DAY_START] Processing 17MAR
2026-01-05 16:53:10 | INFO     | [lf.day.start] Processing GIZ-CAI for 17MAR
2026-01-05 16:53:11 | WARNING  | [lf.day.no_flights] No direct flights on 17MAR
2026-01-05 16:53:11 | INFO     | [SUCCESS] Day 17MAR
2026-01-05 16:53:11 | INFO     | [DAY_START] Processing 16MAR
2026-01-05 16:53:11 | INFO     | [lf.day.start] Processing GIZ-CAI for 16MAR
2026-01-05 16:53:13 | WARNING  | [lf.day.no_flights] No direct flights on 16MAR
2026-01-05 16:53:13 | INFO     | [SUCCESS] Day 16MAR
2026-01-05 16:53:13 | INFO     | [SUCCESS] LF Search Complete
2026-01-05 16:53:15 | INFO     | [Worker_9224] Completed: GIZ-CAI - 8 results, 0 errors
2026-01-05 16:53:15 | INFO     | [Worker_9224] Processing: HBE-JED
2026-01-05 16:53:15 | INFO     |   Tier 0: Range 3, Chunk 2/4 (8 days)
