2026-01-05 17:03:39 | INFO     | ======================================================================
2026-01-05 17:03:39 | INFO     | Load Factor Scraper Started - Route: GIZ-CAI
2026-01-05 17:03:39 | INFO     | Log file: D:\CODERED\LAB\market_insights\outputs\run_generated_050126_at_16.47\logs\LF_GIZ-CAI_20260105_170339.log
2026-01-05 17:03:39 | INFO     | Enhanced logging: Capturing both logging.info() and print()
2026-01-05 17:03:39 | INFO     | ======================================================================
2026-01-05 17:03:39 | INFO     | Starting LF search for route: GIZ-CAI
2026-01-05 17:03:39 | INFO     | [START] LF Search
2026-01-05 17:03:41 | INFO     | [HEALTH CHECK] [OK] Chrome connection is healthy
2026-01-05 17:03:41 | INFO     | [DAY_START] Processing 28FEB
2026-01-05 17:03:41 | INFO     | [lf.day.start] Processing GIZ-CAI for 28FEB
2026-01-05 17:03:42 | WARNING  | [lf.day.no_flights] No direct flights on 28FEB
2026-01-05 17:03:42 | INFO     | [SUCCESS] Day 28FEB
2026-01-05 17:03:42 | INFO     | [DAY_START] Processing 27FEB
2026-01-05 17:03:42 | INFO     | [lf.day.start] Processing GIZ-CAI for 27FEB
2026-01-05 17:03:43 | INFO     | [lf.day.flights_found] Found 1 flights on 27FEB
2026-01-05 17:03:45 | INFO     | [lf.flight.extracted] SM330 on 27FEB: BKG=4, LF=2.3%
2026-01-05 17:03:48 | INFO     | [SUCCESS] Day 27FEB
2026-01-05 17:03:48 | INFO     | [DAY_START] Processing 26FEB
2026-01-05 17:03:48 | INFO     | [lf.day.start] Processing GIZ-CAI for 26FEB
2026-01-05 17:03:49 | WARNING  | [lf.day.no_flights] No direct flights on 26FEB
2026-01-05 17:03:49 | INFO     | [SUCCESS] Day 26FEB
2026-01-05 17:03:49 | INFO     | [DAY_START] Processing 25FEB
2026-01-05 17:03:49 | INFO     | [lf.day.start] Processing GIZ-CAI for 25FEB
2026-01-05 17:03:50 | WARNING  | [lf.day.no_flights] No direct flights on 25FEB
2026-01-05 17:03:50 | INFO     | [SUCCESS] Day 25FEB
2026-01-05 17:03:50 | INFO     | [DAY_START] Processing 24FEB
2026-01-05 17:03:50 | INFO     | [lf.day.start] Processing GIZ-CAI for 24FEB
2026-01-05 17:03:51 | WARNING  | [lf.day.no_flights] No direct flights on 24FEB
2026-01-05 17:03:52 | INFO     | [SUCCESS] Day 24FEB
2026-01-05 17:03:52 | INFO     | [DAY_START] Processing 23FEB
2026-01-05 17:03:52 | INFO     | [lf.day.start] Processing GIZ-CAI for 23FEB
2026-01-05 17:03:53 | WARNING  | [lf.day.no_flights] No direct flights on 23FEB
2026-01-05 17:03:53 | INFO     | [SUCCESS] Day 23FEB
2026-01-05 17:03:53 | INFO     | [DAY_START] Processing 22FEB
2026-01-05 17:03:53 | INFO     | [lf.day.start] Processing GIZ-CAI for 22FEB
2026-01-05 17:03:54 | INFO     | [lf.day.flights_found] Found 1 flights on 22FEB
2026-01-05 17:03:56 | INFO     | [lf.flight.extracted] SM330 on 22FEB: BKG=13, LF=7.4%
2026-01-05 17:03:59 | INFO     | [SUCCESS] Day 22FEB
2026-01-05 17:03:59 | INFO     | [DAY_START] Processing 21FEB
2026-01-05 17:03:59 | INFO     | [lf.day.start] Processing GIZ-CAI for 21FEB
2026-01-05 17:04:01 | WARNING  | [lf.day.no_flights] No direct flights on 21FEB
2026-01-05 17:04:01 | INFO     | [SUCCESS] Day 21FEB
2026-01-05 17:04:01 | INFO     | [DAY_START] Processing 20FEB
2026-01-05 17:04:01 | INFO     | [lf.day.start] Processing GIZ-CAI for 20FEB
2026-01-05 17:04:02 | INFO     | [lf.day.flights_found] Found 1 flights on 20FEB
2026-01-05 17:04:04 | INFO     | [lf.flight.extracted] SM330 on 20FEB: BKG=1, LF=0.6%
2026-01-05 17:04:07 | INFO     | [SUCCESS] Day 20FEB
2026-01-05 17:04:07 | INFO     | [DAY_START] Processing 19FEB
2026-01-05 17:04:07 | INFO     | [lf.day.start] Processing GIZ-CAI for 19FEB
2026-01-05 17:04:08 | WARNING  | [lf.day.no_flights] No direct flights on 19FEB
2026-01-05 17:04:09 | INFO     | [SUCCESS] Day 19FEB
2026-01-05 17:04:09 | INFO     | [SUCCESS] LF Search Complete
2026-01-05 17:04:11 | INFO     | [Worker_9224] Completed: GIZ-CAI - 10 results, 0 errors
2026-01-05 17:04:11 | INFO     | [Worker_9224] Processing: ATZ-JED
2026-01-05 17:04:11 | INFO     |   Tier 0: Range 2, Chunk 1/3 (10 days)
