2026-01-05 16:56:29 | INFO     | ======================================================================
2026-01-05 16:56:29 | INFO     | Load Factor Scraper Started - Route: GIZ-CAI
2026-01-05 16:56:29 | INFO     | Log file: D:\CODERED\LAB\market_insights\outputs\run_generated_050126_at_16.47\logs\LF_GIZ-CAI_20260105_165629.log
2026-01-05 16:56:29 | INFO     | Enhanced logging: Capturing both logging.info() and print()
2026-01-05 16:56:29 | INFO     | ======================================================================
2026-01-05 16:56:29 | INFO     | Starting LF search for route: GIZ-CAI
2026-01-05 16:56:29 | INFO     | [START] LF Search
2026-01-05 16:56:30 | INFO     | [HEALTH CHECK] [OK] Chrome connection is healthy
2026-01-05 16:56:30 | INFO     | [DAY_START] Processing 15MAR
2026-01-05 16:56:30 | INFO     | [lf.day.start] Processing GIZ-CAI for 15MAR
2026-01-05 16:56:31 | INFO     | [lf.day.flights_found] Found 1 flights on 15MAR
2026-01-05 16:56:33 | INFO     | [lf.flight.extracted] SM330 on 15MAR: BKG=1, LF=0.6%
2026-01-05 16:56:35 | INFO     | [SUCCESS] Day 15MAR
2026-01-05 16:56:35 | INFO     | [DAY_START] Processing 14MAR
2026-01-05 16:56:35 | INFO     | [lf.day.start] Processing GIZ-CAI for 14MAR
2026-01-05 16:56:36 | WARNING  | [lf.day.no_flights] No direct flights on 14MAR
2026-01-05 16:56:37 | INFO     | [SUCCESS] Day 14MAR
2026-01-05 16:56:37 | INFO     | [DAY_START] Processing 13MAR
2026-01-05 16:56:37 | INFO     | [lf.day.start] Processing GIZ-CAI for 13MAR
2026-01-05 16:56:38 | INFO     | [lf.day.flights_found] Found 1 flights on 13MAR
2026-01-05 16:56:40 | INFO     | [lf.flight.extracted] SM330 on 13MAR: BKG=2, LF=1.1%
2026-01-05 16:56:42 | INFO     | [SUCCESS] Day 13MAR
2026-01-05 16:56:42 | INFO     | [DAY_START] Processing 12MAR
2026-01-05 16:56:42 | INFO     | [lf.day.start] Processing GIZ-CAI for 12MAR
2026-01-05 16:56:43 | WARNING  | [lf.day.no_flights] No direct flights on 12MAR
2026-01-05 16:56:43 | INFO     | [SUCCESS] Day 12MAR
2026-01-05 16:56:43 | INFO     | [DAY_START] Processing 11MAR
2026-01-05 16:56:43 | INFO     | [lf.day.start] Processing GIZ-CAI for 11MAR
2026-01-05 16:56:44 | WARNING  | [lf.day.no_flights] No direct flights on 11MAR
2026-01-05 16:56:44 | INFO     | [SUCCESS] Day 11MAR
2026-01-05 16:56:44 | INFO     | [DAY_START] Processing 10MAR
2026-01-05 16:56:44 | INFO     | [lf.day.start] Processing GIZ-CAI for 10MAR
2026-01-05 16:56:45 | WARNING  | [lf.day.no_flights] No direct flights on 10MAR
2026-01-05 16:56:46 | INFO     | [SUCCESS] Day 10MAR
2026-01-05 16:56:46 | INFO     | [DAY_START] Processing 09MAR
2026-01-05 16:56:46 | INFO     | [lf.day.start] Processing GIZ-CAI for 09MAR
2026-01-05 16:56:47 | WARNING  | [lf.day.no_flights] No direct flights on 09MAR
2026-01-05 16:56:47 | INFO     | [SUCCESS] Day 09MAR
2026-01-05 16:56:47 | INFO     | [DAY_START] Processing 08MAR
2026-01-05 16:56:47 | INFO     | [lf.day.start] Processing GIZ-CAI for 08MAR
2026-01-05 16:56:48 | INFO     | [lf.day.flights_found] Found 1 flights on 08MAR
2026-01-05 16:56:50 | INFO     | [lf.flight.extracted] SM330 on 08MAR: BKG=11, LF=6.3%
2026-01-05 16:56:53 | INFO     | [SUCCESS] Day 08MAR
2026-01-05 16:56:53 | INFO     | [SUCCESS] LF Search Complete
2026-01-05 16:56:55 | INFO     | [Worker_9224] Completed: GIZ-CAI - 8 results, 0 errors
2026-01-05 16:56:55 | INFO     | [Worker_9224] Processing: LXR-JED
2026-01-05 16:56:55 | INFO     |   Tier 0: Range 3, Chunk 3/4 (8 days)
