2026-01-05 17:27:05 | INFO     | ======================================================================
2026-01-05 17:27:05 | INFO     | Load Factor Scraper Started - Route: GIZ-CAI
2026-01-05 17:27:05 | INFO     | Log file: D:\CODERED\LAB\market_insights\outputs\run_generated_050126_at_16.47\logs\LF_GIZ-CAI_20260105_172705.log
2026-01-05 17:27:05 | INFO     | Enhanced logging: Capturing both logging.info() and print()
2026-01-05 17:27:05 | INFO     | ======================================================================
2026-01-05 17:27:05 | INFO     | Starting LF search for route: GIZ-CAI
2026-01-05 17:27:05 | INFO     | [START] LF Search
2026-01-05 17:27:07 | INFO     | [HEALTH CHECK] [OK] Chrome connection is healthy
2026-01-05 17:27:07 | INFO     | [DAY_START] Processing 22JAN
2026-01-05 17:27:07 | INFO     | [lf.day.start] Processing GIZ-CAI for 22JAN
2026-01-05 17:27:08 | WARNING  | [lf.day.no_flights] No direct flights on 22JAN
2026-01-05 17:27:08 | INFO     | [SUCCESS] Day 22JAN
2026-01-05 17:27:08 | INFO     | [DAY_START] Processing 21JAN
2026-01-05 17:27:08 | INFO     | [lf.day.start] Processing GIZ-CAI for 21JAN
2026-01-05 17:27:09 | WARNING  | [lf.day.no_flights] No direct flights on 21JAN
2026-01-05 17:27:09 | INFO     | [SUCCESS] Day 21JAN
2026-01-05 17:27:09 | INFO     | [DAY_START] Processing 20JAN
2026-01-05 17:27:09 | INFO     | [lf.day.start] Processing GIZ-CAI for 20JAN
2026-01-05 17:27:10 | WARNING  | [lf.day.no_flights] No direct flights on 20JAN
2026-01-05 17:27:10 | INFO     | [SUCCESS] Day 20JAN
2026-01-05 17:27:10 | INFO     | [DAY_START] Processing 19JAN
2026-01-05 17:27:10 | INFO     | [lf.day.start] Processing GIZ-CAI for 19JAN
2026-01-05 17:27:11 | WARNING  | [lf.day.no_flights] No direct flights on 19JAN
2026-01-05 17:27:12 | INFO     | [SUCCESS] Day 19JAN
2026-01-05 17:27:12 | INFO     | [DAY_START] Processing 18JAN
2026-01-05 17:27:12 | INFO     | [lf.day.start] Processing GIZ-CAI for 18JAN
2026-01-05 17:27:13 | INFO     | [lf.day.flights_found] Found 1 flights on 18JAN
2026-01-05 17:27:16 | INFO     | [lf.flight.extracted] SM330 on 18JAN: BKG=26, LF=14.9%
2026-01-05 17:27:19 | INFO     | [SUCCESS] Day 18JAN
2026-01-05 17:27:19 | INFO     | [DAY_START] Processing 17JAN
2026-01-05 17:27:19 | INFO     | [lf.day.start] Processing GIZ-CAI for 17JAN
2026-01-05 17:27:20 | WARNING  | [lf.day.no_flights] No direct flights on 17JAN
2026-01-05 17:27:21 | INFO     | [SUCCESS] Day 17JAN
2026-01-05 17:27:21 | INFO     | [DAY_START] Processing 16JAN
2026-01-05 17:27:21 | INFO     | [lf.day.start] Processing GIZ-CAI for 16JAN
2026-01-05 17:27:22 | INFO     | [lf.day.flights_found] Found 1 flights on 16JAN
2026-01-05 17:27:24 | INFO     | [lf.flight.extracted] SM330 on 16JAN: BKG=64, LF=36.6%
2026-01-05 17:27:28 | INFO     | [SUCCESS] Day 16JAN
2026-01-05 17:27:28 | INFO     | [DAY_START] Processing 15JAN
2026-01-05 17:27:28 | INFO     | [lf.day.start] Processing GIZ-CAI for 15JAN
2026-01-05 17:27:29 | WARNING  | [lf.day.no_flights] No direct flights on 15JAN
2026-01-05 17:27:29 | INFO     | [SUCCESS] Day 15JAN
2026-01-05 17:27:29 | INFO     | [DAY_START] Processing 14JAN
2026-01-05 17:27:29 | INFO     | [lf.day.start] Processing GIZ-CAI for 14JAN
2026-01-05 17:27:30 | WARNING  | [lf.day.no_flights] No direct flights on 14JAN
2026-01-05 17:27:30 | INFO     | [SUCCESS] Day 14JAN
2026-01-05 17:27:30 | INFO     | [SUCCESS] LF Search Complete
2026-01-05 17:27:32 | INFO     | [Worker_9226] Completed: GIZ-CAI - 9 results, 0 errors
2026-01-05 17:27:32 | INFO     | [Worker_9226] Processing: ATZ-JED
2026-01-05 17:27:32 | INFO     |   Tier 0: Range 1, Chunk 2/3 (9 days)
