2026-01-05 16:52:59 | INFO     | ======================================================================
2026-01-05 16:52:59 | INFO     | Load Factor Scraper Started - Route: HBE-MED
2026-01-05 16:52:59 | INFO     | Log file: D:\CODERED\LAB\market_insights\outputs\run_generated_050126_at_16.47\logs\LF_HBE-MED_20260105_165259.log
2026-01-05 16:52:59 | INFO     | Enhanced logging: Capturing both logging.info() and print()
2026-01-05 16:52:59 | INFO     | ======================================================================
2026-01-05 16:52:59 | INFO     | Starting LF search for route: HBE-MED
2026-01-05 16:52:59 | INFO     | [START] LF Search
2026-01-05 16:53:00 | INFO     | [HEALTH CHECK] [OK] Chrome connection is healthy
2026-01-05 16:53:00 | INFO     | [DAY_START] Processing 23MAR
2026-01-05 16:53:00 | INFO     | [lf.day.start] Processing HBE-MED for 23MAR
2026-01-05 16:53:01 | WARNING  | [lf.day.no_flights] No direct flights on 23MAR
2026-01-05 16:53:02 | INFO     | [SUCCESS] Day 23MAR
2026-01-05 16:53:02 | INFO     | [DAY_START] Processing 22MAR
2026-01-05 16:53:02 | INFO     | [lf.day.start] Processing HBE-MED for 22MAR
2026-01-05 16:53:03 | INFO     | [lf.day.flights_found] Found 3 flights on 22MAR
2026-01-05 16:53:05 | INFO     | [lf.flight.extracted] SM485 on 22MAR: BKG=0, LF=0.0%
2026-01-05 16:53:08 | INFO     | [lf.flight.extracted] SM973 on 22MAR: BKG=0, LF=0.0%
2026-01-05 16:53:11 | INFO     | [lf.flight.extracted] SM983 on 22MAR: BKG=0, LF=0.0%
2026-01-05 16:53:13 | INFO     | [SUCCESS] Day 22MAR
2026-01-05 16:53:13 | INFO     | [DAY_START] Processing 21MAR
2026-01-05 16:53:13 | INFO     | [lf.day.start] Processing HBE-MED for 21MAR
2026-01-05 16:53:14 | WARNING  | [lf.day.no_flights] No direct flights on 21MAR
2026-01-05 16:53:14 | INFO     | [SUCCESS] Day 21MAR
2026-01-05 16:53:14 | INFO     | [DAY_START] Processing 20MAR
2026-01-05 16:53:14 | INFO     | [lf.day.start] Processing HBE-MED for 20MAR
2026-01-05 16:53:15 | WARNING  | [lf.day.no_flights] No direct flights on 20MAR
2026-01-05 16:53:15 | INFO     | [SUCCESS] Day 20MAR
2026-01-05 16:53:15 | INFO     | [DAY_START] Processing 19MAR
2026-01-05 16:53:15 | INFO     | [lf.day.start] Processing HBE-MED for 19MAR
2026-01-05 16:53:16 | INFO     | [lf.day.flights_found] Found 1 flights on 19MAR
2026-01-05 16:53:18 | INFO     | [lf.flight.extracted] SM485 on 19MAR: BKG=0, LF=0.0%
2026-01-05 16:53:19 | INFO     | [SUCCESS] Day 19MAR
2026-01-05 16:53:19 | INFO     | [DAY_START] Processing 18MAR
2026-01-05 16:53:19 | INFO     | [lf.day.start] Processing HBE-MED for 18MAR
2026-01-05 16:53:20 | INFO     | [lf.day.flights_found] Found 1 flights on 18MAR
2026-01-05 16:53:23 | INFO     | [lf.flight.extracted] SM485 on 18MAR: BKG=0, LF=0.0%
2026-01-05 16:53:24 | INFO     | [SUCCESS] Day 18MAR
2026-01-05 16:53:24 | INFO     | [DAY_START] Processing 17MAR
2026-01-05 16:53:24 | INFO     | [lf.day.start] Processing HBE-MED for 17MAR
2026-01-05 16:53:25 | INFO     | [lf.day.flights_found] Found 1 flights on 17MAR
2026-01-05 16:53:27 | INFO     | [lf.flight.extracted] SM485 on 17MAR: BKG=0, LF=0.0%
2026-01-05 16:53:28 | INFO     | [SUCCESS] Day 17MAR
2026-01-05 16:53:28 | INFO     | [DAY_START] Processing 16MAR
2026-01-05 16:53:28 | INFO     | [lf.day.start] Processing HBE-MED for 16MAR
2026-01-05 16:53:29 | WARNING  | [lf.day.no_flights] No direct flights on 16MAR
2026-01-05 16:53:29 | INFO     | [SUCCESS] Day 16MAR
2026-01-05 16:53:29 | INFO     | [SUCCESS] LF Search Complete
2026-01-05 16:53:31 | INFO     | [Worker_9223] Completed: HBE-MED - 8 results, 0 errors
2026-01-05 16:53:31 | INFO     | [Worker_9223] Processing: LXR-JED
2026-01-05 16:53:31 | INFO     |   Tier 0: Range 3, Chunk 2/4 (8 days)
