2026-01-05 16:49:30 | INFO     | ======================================================================
2026-01-05 16:49:30 | INFO     | Load Factor Scraper Started - Route: HBE-JED
2026-01-05 16:49:30 | INFO     | Log file: D:\CODERED\LAB\market_insights\outputs\run_generated_050126_at_16.47\logs\LF_HBE-JED_20260105_164930.log
2026-01-05 16:49:30 | INFO     | Enhanced logging: Capturing both logging.info() and print()
2026-01-05 16:49:30 | INFO     | ======================================================================
2026-01-05 16:49:30 | INFO     | Starting LF search for route: HBE-JED
2026-01-05 16:49:30 | INFO     | [START] LF Search
2026-01-05 16:49:31 | INFO     | [HEALTH CHECK] [OK] Chrome connection is healthy
2026-01-05 16:49:31 | INFO     | [DAY_START] Processing 31MAR
2026-01-05 16:49:31 | INFO     | [lf.day.start] Processing HBE-JED for 31MAR
2026-01-05 16:49:32 | WARNING  | [lf.day.no_flights] No direct flights on 31MAR
2026-01-05 16:49:32 | INFO     | [SUCCESS] Day 31MAR
2026-01-05 16:49:32 | INFO     | [DAY_START] Processing 30MAR
2026-01-05 16:49:32 | INFO     | [lf.day.start] Processing HBE-JED for 30MAR
2026-01-05 16:49:33 | INFO     | [lf.day.flights_found] Found 1 flights on 30MAR
2026-01-05 16:49:35 | INFO     | [lf.flight.extracted] SM451 on 30MAR: BKG=6, LF=3.4%
2026-01-05 16:49:38 | INFO     | [SUCCESS] Day 30MAR
2026-01-05 16:49:38 | INFO     | [DAY_START] Processing 29MAR
2026-01-05 16:49:38 | INFO     | [lf.day.start] Processing HBE-JED for 29MAR
2026-01-05 16:49:39 | INFO     | [lf.day.flights_found] Found 1 flights on 29MAR
2026-01-05 16:49:41 | INFO     | [lf.flight.extracted] SM451 on 29MAR: BKG=44, LF=24.6%
2026-01-05 16:49:45 | INFO     | [SUCCESS] Day 29MAR
2026-01-05 16:49:45 | INFO     | [DAY_START] Processing 28MAR
2026-01-05 16:49:45 | INFO     | [lf.day.start] Processing HBE-JED for 28MAR
2026-01-05 16:49:46 | INFO     | [lf.day.flights_found] Found 2 flights on 28MAR
2026-01-05 16:49:49 | INFO     | [lf.flight.extracted] SM457 on 28MAR: BKG=65, LF=36.3%
2026-01-05 16:49:52 | INFO     | [lf.flight.extracted] SM451 on 28MAR: BKG=83, LF=46.4%
2026-01-05 16:50:02 | INFO     | [SUCCESS] Day 28MAR
2026-01-05 16:50:02 | INFO     | [DAY_START] Processing 27MAR
2026-01-05 16:50:02 | INFO     | [lf.day.start] Processing HBE-JED for 27MAR
2026-01-05 16:50:03 | INFO     | [lf.day.flights_found] Found 1 flights on 27MAR
2026-01-05 16:50:05 | INFO     | [lf.flight.extracted] SM451 on 27MAR: BKG=45, LF=25.1%
2026-01-05 16:50:09 | INFO     | [SUCCESS] Day 27MAR
2026-01-05 16:50:09 | INFO     | [DAY_START] Processing 26MAR
2026-01-05 16:50:09 | INFO     | [lf.day.start] Processing HBE-JED for 26MAR
2026-01-05 16:50:10 | INFO     | [lf.day.flights_found] Found 1 flights on 26MAR
2026-01-05 16:50:12 | INFO     | [lf.flight.extracted] SM451 on 26MAR: BKG=4, LF=2.2%
2026-01-05 16:50:14 | INFO     | [SUCCESS] Day 26MAR
2026-01-05 16:50:14 | INFO     | [DAY_START] Processing 25MAR
2026-01-05 16:50:14 | INFO     | [lf.day.start] Processing HBE-JED for 25MAR
2026-01-05 16:50:16 | INFO     | [lf.day.flights_found] Found 3 flights on 25MAR
2026-01-05 16:50:18 | INFO     | [lf.flight.extracted] SM451 on 25MAR: BKG=0, LF=0.0%
2026-01-05 16:50:22 | INFO     | [lf.flight.extracted] SM457 on 25MAR: BKG=3, LF=1.7%
2026-01-05 16:50:25 | INFO     | [lf.flight.extracted] SM473 on 25MAR: BKG=0, LF=0.0%
2026-01-05 16:50:28 | INFO     | [SUCCESS] Day 25MAR
2026-01-05 16:50:28 | INFO     | [DAY_START] Processing 24MAR
2026-01-05 16:50:28 | INFO     | [lf.day.start] Processing HBE-JED for 24MAR
2026-01-05 16:50:29 | INFO     | [lf.day.flights_found] Found 3 flights on 24MAR
2026-01-05 16:50:31 | INFO     | [lf.flight.extracted] SM961 on 24MAR: BKG=0, LF=0.0%
2026-01-05 16:50:34 | INFO     | [lf.flight.extracted] SM451 on 24MAR: BKG=0, LF=0.0%
2026-01-05 16:50:38 | INFO     | [lf.flight.extracted] SM957 on 24MAR: BKG=0, LF=0.0%
2026-01-05 16:50:39 | INFO     | [SUCCESS] Day 24MAR
2026-01-05 16:50:39 | INFO     | [SUCCESS] LF Search Complete
2026-01-05 16:50:41 | INFO     | [Worker_9224] Completed: HBE-JED - 8 results, 0 errors
2026-01-05 16:50:41 | INFO     | [Worker_9224] Processing: CAI-YNB
2026-01-05 16:50:41 | INFO     |   Tier 0: Range 3, Chunk 1/4 (8 days)
