2026-01-05 16:54:57 | INFO     | ======================================================================
2026-01-05 16:54:57 | INFO     | Load Factor Scraper Started - Route: JED-CAI
2026-01-05 16:54:57 | INFO     | Log file: D:\CODERED\LAB\market_insights\outputs\run_generated_050126_at_16.47\logs\LF_JED-CAI_20260105_165457.log
2026-01-05 16:54:57 | INFO     | Enhanced logging: Capturing both logging.info() and print()
2026-01-05 16:54:57 | INFO     | ======================================================================
2026-01-05 16:54:57 | INFO     | Starting LF search for route: JED-CAI
2026-01-05 16:54:57 | INFO     | [START] LF Search
2026-01-05 16:54:58 | INFO     | [HEALTH CHECK] [OK] Chrome connection is healthy
2026-01-05 16:54:58 | INFO     | [DAY_START] Processing 15MAR
2026-01-05 16:54:58 | INFO     | [lf.day.start] Processing JED-CAI for 15MAR
2026-01-05 16:54:59 | INFO     | [lf.day.flights_found] Found 5 flights on 15MAR
2026-01-05 16:55:01 | INFO     | [lf.flight.extracted] SM424 on 15MAR: BKG=1, LF=0.6%
2026-01-05 16:55:05 | INFO     | [lf.flight.extracted] SM476 on 15MAR: BKG=0, LF=0.0%
2026-01-05 16:55:08 | INFO     | [lf.flight.extracted] SM432 on 15MAR: BKG=0, LF=0.0%
2026-01-05 16:55:11 | INFO     | [lf.flight.extracted] SM460 on 15MAR: BKG=2, LF=1.1%
2026-01-05 16:55:14 | INFO     | [lf.flight.extracted] SM478 on 15MAR: BKG=3, LF=1.7%
2026-01-05 16:55:19 | INFO     | [SUCCESS] Day 15MAR
2026-01-05 16:55:19 | INFO     | [DAY_START] Processing 14MAR
2026-01-05 16:55:19 | INFO     | [lf.day.start] Processing JED-CAI for 14MAR
2026-01-05 16:55:20 | INFO     | [lf.day.flights_found] Found 3 flights on 14MAR
2026-01-05 16:55:22 | INFO     | [lf.flight.extracted] SM450 on 14MAR: BKG=3, LF=1.7%
2026-01-05 16:55:26 | INFO     | [lf.flight.extracted] SM476 on 14MAR: BKG=2, LF=1.2%
2026-01-05 16:55:30 | INFO     | [lf.flight.extracted] SM478 on 14MAR: BKG=3, LF=1.7%
2026-01-05 16:55:35 | INFO     | [SUCCESS] Day 14MAR
2026-01-05 16:55:35 | INFO     | [DAY_START] Processing 13MAR
2026-01-05 16:55:35 | INFO     | [lf.day.start] Processing JED-CAI for 13MAR
2026-01-05 16:55:36 | INFO     | [lf.day.flights_found] Found 6 flights on 13MAR
2026-01-05 16:55:39 | INFO     | [lf.flight.extracted] SM424 on 13MAR: BKG=34, LF=19.4%
2026-01-05 16:55:42 | INFO     | [lf.flight.extracted] SM476 on 13MAR: BKG=31, LF=17.7%
2026-01-05 16:55:45 | INFO     | [lf.flight.extracted] SM478 on 13MAR: BKG=27, LF=15.4%
2026-01-05 16:55:49 | INFO     | [lf.flight.extracted] SM480 on 13MAR: BKG=36, LF=21.4%
2026-01-05 16:55:52 | INFO     | [lf.flight.extracted] SM472 on 13MAR: BKG=30, LF=17.1%
2026-01-05 16:55:57 | INFO     | [lf.flight.extracted] SM460 on 13MAR: BKG=36, LF=21.6%
2026-01-05 16:56:15 | INFO     | [SUCCESS] Day 13MAR
2026-01-05 16:56:15 | INFO     | [DAY_START] Processing 12MAR
2026-01-05 16:56:15 | INFO     | [lf.day.start] Processing JED-CAI for 12MAR
2026-01-05 16:56:16 | INFO     | [lf.day.flights_found] Found 7 flights on 12MAR
2026-01-05 16:56:18 | INFO     | [lf.flight.extracted] SM424 on 12MAR: BKG=22, LF=12.6%
2026-01-05 16:56:21 | INFO     | [lf.flight.extracted] SM472 on 12MAR: BKG=20, LF=11.4%
2026-01-05 16:56:26 | INFO     | [lf.flight.extracted] SM450 on 12MAR: BKG=69, LF=39.4%
2026-01-05 16:56:30 | INFO     | [lf.flight.extracted] SM476 on 12MAR: BKG=25, LF=14.3%
2026-01-05 16:56:35 | INFO     | [lf.flight.extracted] SM432 on 12MAR: BKG=18, LF=10.3%
2026-01-05 16:56:38 | INFO     | [lf.flight.extracted] SM478 on 12MAR: BKG=50, LF=28.6%
2026-01-05 16:56:42 | INFO     | [lf.flight.extracted] SM480 on 12MAR: BKG=49, LF=28.0%
2026-01-05 16:57:03 | INFO     | [SUCCESS] Day 12MAR
2026-01-05 16:57:03 | INFO     | [DAY_START] Processing 11MAR
2026-01-05 16:57:03 | INFO     | [lf.day.start] Processing JED-CAI for 11MAR
2026-01-05 16:57:04 | INFO     | [lf.day.flights_found] Found 3 flights on 11MAR
2026-01-05 16:57:06 | INFO     | [lf.flight.extracted] SM476 on 11MAR: BKG=20, LF=11.4%
2026-01-05 16:57:09 | INFO     | [lf.flight.extracted] SM460 on 11MAR: BKG=15, LF=8.6%
2026-01-05 16:57:12 | INFO     | [lf.flight.extracted] SM478 on 11MAR: BKG=20, LF=11.4%
2026-01-05 16:57:20 | INFO     | [SUCCESS] Day 11MAR
2026-01-05 16:57:20 | INFO     | [DAY_START] Processing 10MAR
2026-01-05 16:57:20 | INFO     | [lf.day.start] Processing JED-CAI for 10MAR
2026-01-05 16:57:21 | INFO     | [lf.day.flights_found] Found 6 flights on 10MAR
2026-01-05 16:57:23 | INFO     | [lf.flight.extracted] SM472 on 10MAR: BKG=22, LF=12.6%
2026-01-05 16:57:27 | INFO     | [lf.flight.extracted] SM480 on 10MAR: BKG=23, LF=13.1%
2026-01-05 16:57:30 | INFO     | [lf.flight.extracted] SM478 on 10MAR: BKG=21, LF=12.6%
2026-01-05 16:57:33 | INFO     | [lf.flight.extracted] SM460 on 10MAR: BKG=25, LF=15.0%
2026-01-05 16:57:36 | INFO     | [lf.flight.extracted] SM424 on 10MAR: BKG=20, LF=11.4%
2026-01-05 16:57:40 | INFO     | [lf.flight.extracted] SM476 on 10MAR: BKG=28, LF=16.0%
2026-01-05 16:57:57 | INFO     | [SUCCESS] Day 10MAR
2026-01-05 16:57:57 | INFO     | [DAY_START] Processing 09MAR
2026-01-05 16:57:57 | INFO     | [lf.day.start] Processing JED-CAI for 09MAR
2026-01-05 16:57:58 | INFO     | [lf.day.flights_found] Found 4 flights on 09MAR
2026-01-05 16:58:00 | INFO     | [lf.flight.extracted] SM480 on 09MAR: BKG=16, LF=9.1%
2026-01-05 16:58:03 | INFO     | [lf.flight.extracted] SM476 on 09MAR: BKG=16, LF=9.1%
2026-01-05 16:58:06 | INFO     | [lf.flight.extracted] SM478 on 09MAR: BKG=16, LF=9.1%
2026-01-05 16:58:10 | INFO     | [lf.flight.extracted] SM460 on 09MAR: BKG=12, LF=6.9%
2026-01-05 16:58:17 | INFO     | [SUCCESS] Day 09MAR
2026-01-05 16:58:17 | INFO     | [DAY_START] Processing 08MAR
2026-01-05 16:58:17 | INFO     | [lf.day.start] Processing JED-CAI for 08MAR
2026-01-05 16:58:18 | INFO     | [lf.day.flights_found] Found 5 flights on 08MAR
2026-01-05 16:58:20 | INFO     | [lf.flight.extracted] SM424 on 08MAR: BKG=64, LF=38.1%
2026-01-05 16:58:24 | INFO     | [lf.flight.extracted] SM476 on 08MAR: BKG=10, LF=5.7%
2026-01-05 16:58:28 | INFO     | [lf.flight.extracted] SM432 on 08MAR: BKG=9, LF=5.1%
2026-01-05 16:58:31 | INFO     | [lf.flight.extracted] SM460 on 08MAR: BKG=9, LF=5.1%
2026-01-05 16:58:35 | INFO     | [lf.flight.extracted] SM478 on 08MAR: BKG=11, LF=6.4%
2026-01-05 16:58:43 | INFO     | [SUCCESS] Day 08MAR
2026-01-05 16:58:43 | INFO     | [SUCCESS] LF Search Complete
2026-01-05 16:58:45 | INFO     | [Worker_9234] Completed: JED-CAI - 8 results, 0 errors
2026-01-05 16:58:45 | INFO     | [Worker_9234] Processing: JED-ASW
2026-01-05 16:58:45 | INFO     |   Tier 0: Range 3, Chunk 4/4 (7 days)
