2026-01-05 16:55:00 | INFO     | ======================================================================
2026-01-05 16:55:00 | INFO     | Load Factor Scraper Started - Route: JED-HBE
2026-01-05 16:55:00 | INFO     | Log file: D:\CODERED\LAB\market_insights\outputs\run_generated_050126_at_16.47\logs\LF_JED-HBE_20260105_165500.log
2026-01-05 16:55:00 | INFO     | Enhanced logging: Capturing both logging.info() and print()
2026-01-05 16:55:00 | INFO     | ======================================================================
2026-01-05 16:55:00 | INFO     | Starting LF search for route: JED-HBE
2026-01-05 16:55:00 | INFO     | [START] LF Search
2026-01-05 16:55:01 | INFO     | [HEALTH CHECK] [OK] Chrome connection is healthy
2026-01-05 16:55:01 | INFO     | [DAY_START] Processing 15MAR
2026-01-05 16:55:01 | INFO     | [lf.day.start] Processing JED-HBE for 15MAR
2026-01-05 16:55:02 | INFO     | [lf.day.flights_found] Found 2 flights on 15MAR
2026-01-05 16:55:04 | INFO     | [lf.flight.extracted] SM458 on 15MAR: BKG=2, LF=1.1%
2026-01-05 16:55:08 | INFO     | [lf.flight.extracted] SM452 on 15MAR: BKG=7, LF=4.0%
2026-01-05 16:55:12 | INFO     | [SUCCESS] Day 15MAR
2026-01-05 16:55:12 | INFO     | [DAY_START] Processing 14MAR
2026-01-05 16:55:12 | INFO     | [lf.day.start] Processing JED-HBE for 14MAR
2026-01-05 16:55:13 | INFO     | [lf.day.flights_found] Found 2 flights on 14MAR
2026-01-05 16:55:15 | INFO     | [lf.flight.extracted] SM458 on 14MAR: BKG=22, LF=12.6%
2026-01-05 16:55:18 | INFO     | [lf.flight.extracted] SM452 on 14MAR: BKG=27, LF=15.4%
2026-01-05 16:55:24 | INFO     | [SUCCESS] Day 14MAR
2026-01-05 16:55:24 | INFO     | [DAY_START] Processing 13MAR
2026-01-05 16:55:24 | INFO     | [lf.day.start] Processing JED-HBE for 13MAR
2026-01-05 16:55:25 | INFO     | [lf.day.flights_found] Found 1 flights on 13MAR
2026-01-05 16:55:27 | INFO     | [lf.flight.extracted] SM452 on 13MAR: BKG=45, LF=25.7%
2026-01-05 16:55:32 | INFO     | [SUCCESS] Day 13MAR
2026-01-05 16:55:32 | INFO     | [DAY_START] Processing 12MAR
2026-01-05 16:55:32 | INFO     | [lf.day.start] Processing JED-HBE for 12MAR
2026-01-05 16:55:33 | INFO     | [lf.day.flights_found] Found 1 flights on 12MAR
2026-01-05 16:55:35 | INFO     | [lf.flight.extracted] SM452 on 12MAR: BKG=28, LF=16.0%
2026-01-05 16:55:39 | INFO     | [SUCCESS] Day 12MAR
2026-01-05 16:55:39 | INFO     | [DAY_START] Processing 11MAR
2026-01-05 16:55:39 | INFO     | [lf.day.start] Processing JED-HBE for 11MAR
2026-01-05 16:55:40 | INFO     | [lf.day.flights_found] Found 3 flights on 11MAR
2026-01-05 16:55:42 | INFO     | [lf.flight.extracted] SM452 on 11MAR: BKG=10, LF=5.9%
2026-01-05 16:55:45 | INFO     | [lf.flight.extracted] SM474 on 11MAR: BKG=16, LF=9.1%
2026-01-05 16:55:48 | INFO     | [lf.flight.extracted] SM458 on 11MAR: BKG=21, LF=12.0%
2026-01-05 16:55:55 | INFO     | [SUCCESS] Day 11MAR
2026-01-05 16:55:55 | INFO     | [DAY_START] Processing 10MAR
2026-01-05 16:55:55 | INFO     | [lf.day.start] Processing JED-HBE for 10MAR
2026-01-05 16:55:56 | INFO     | [lf.day.flights_found] Found 1 flights on 10MAR
2026-01-05 16:55:58 | INFO     | [lf.flight.extracted] SM452 on 10MAR: BKG=20, LF=11.4%
2026-01-05 16:56:01 | INFO     | [SUCCESS] Day 10MAR
2026-01-05 16:56:01 | INFO     | [DAY_START] Processing 09MAR
2026-01-05 16:56:01 | INFO     | [lf.day.start] Processing JED-HBE for 09MAR
2026-01-05 16:56:02 | INFO     | [lf.day.flights_found] Found 2 flights on 09MAR
2026-01-05 16:56:04 | INFO     | [lf.flight.extracted] SM458 on 09MAR: BKG=13, LF=7.4%
2026-01-05 16:56:07 | INFO     | [lf.flight.extracted] SM452 on 09MAR: BKG=16, LF=9.5%
2026-01-05 16:56:11 | INFO     | [SUCCESS] Day 09MAR
2026-01-05 16:56:11 | INFO     | [DAY_START] Processing 08MAR
2026-01-05 16:56:11 | INFO     | [lf.day.start] Processing JED-HBE for 08MAR
2026-01-05 16:56:12 | INFO     | [lf.day.flights_found] Found 2 flights on 08MAR
2026-01-05 16:56:15 | INFO     | [lf.flight.extracted] SM458 on 08MAR: BKG=104, LF=59.4%
2026-01-05 16:56:18 | INFO     | [lf.flight.extracted] SM452 on 08MAR: BKG=55, LF=31.4%
2026-01-05 16:56:22 | INFO     | [SUCCESS] Day 08MAR
2026-01-05 16:56:22 | INFO     | [SUCCESS] LF Search Complete
2026-01-05 16:56:24 | INFO     | [Worker_9232] Completed: JED-HBE - 8 results, 0 errors
2026-01-05 16:56:24 | INFO     | [Worker_9232] Processing: ELQ-CAI
2026-01-05 16:56:24 | INFO     |   Tier 0: Range 3, Chunk 3/4 (8 days)
