2026-01-05 17:01:46 | INFO     | ======================================================================
2026-01-05 17:01:46 | INFO     | Load Factor Scraper Started - Route: JED-LXR
2026-01-05 17:01:46 | INFO     | Log file: D:\CODERED\LAB\market_insights\outputs\run_generated_050126_at_16.47\logs\LF_JED-LXR_20260105_170146.log
2026-01-05 17:01:46 | INFO     | Enhanced logging: Capturing both logging.info() and print()
2026-01-05 17:01:46 | INFO     | ======================================================================
2026-01-05 17:01:46 | INFO     | Starting LF search for route: JED-LXR
2026-01-05 17:01:46 | INFO     | [START] LF Search
2026-01-05 17:01:47 | INFO     | [HEALTH CHECK] [OK] Chrome connection is healthy
2026-01-05 17:01:47 | INFO     | [DAY_START] Processing 28FEB
2026-01-05 17:01:47 | INFO     | [lf.day.start] Processing JED-LXR for 28FEB
2026-01-05 17:01:48 | WARNING  | [lf.day.no_flights] No direct flights on 28FEB
2026-01-05 17:01:49 | INFO     | [SUCCESS] Day 28FEB
2026-01-05 17:01:49 | INFO     | [DAY_START] Processing 27FEB
2026-01-05 17:01:49 | INFO     | [lf.day.start] Processing JED-LXR for 27FEB
2026-01-05 17:01:50 | WARNING  | [lf.day.no_flights] No direct flights on 27FEB
2026-01-05 17:01:50 | INFO     | [SUCCESS] Day 27FEB
2026-01-05 17:01:50 | INFO     | [DAY_START] Processing 26FEB
2026-01-05 17:01:50 | INFO     | [lf.day.start] Processing JED-LXR for 26FEB
2026-01-05 17:01:51 | WARNING  | [lf.day.no_flights] No direct flights on 26FEB
2026-01-05 17:01:51 | INFO     | [SUCCESS] Day 26FEB
2026-01-05 17:01:51 | INFO     | [DAY_START] Processing 25FEB
2026-01-05 17:01:51 | INFO     | [lf.day.start] Processing JED-LXR for 25FEB
2026-01-05 17:01:52 | INFO     | [lf.day.flights_found] Found 1 flights on 25FEB
2026-01-05 17:01:54 | INFO     | [lf.flight.extracted] SM960 on 25FEB: BKG=0, LF=0.0%
2026-01-05 17:01:56 | INFO     | [SUCCESS] Day 25FEB
2026-01-05 17:01:56 | INFO     | [DAY_START] Processing 24FEB
2026-01-05 17:01:56 | INFO     | [lf.day.start] Processing JED-LXR for 24FEB
2026-01-05 17:01:57 | INFO     | [lf.day.flights_found] Found 4 flights on 24FEB
2026-01-05 17:01:59 | INFO     | [lf.flight.extracted] SM482 on 24FEB: BKG=0, LF=0.0%
2026-01-05 17:02:03 | INFO     | [lf.flight.extracted] SM430 on 24FEB: BKG=0, LF=0.0%
2026-01-05 17:02:06 | INFO     | [lf.flight.extracted] SM982 on 24FEB: BKG=0, LF=0.0%
2026-01-05 17:02:10 | INFO     | [lf.flight.extracted] SM484 on 24FEB: BKG=0, LF=0.0%
2026-01-05 17:02:11 | INFO     | [SUCCESS] Day 24FEB
2026-01-05 17:02:11 | INFO     | [DAY_START] Processing 23FEB
2026-01-05 17:02:11 | INFO     | [lf.day.start] Processing JED-LXR for 23FEB
2026-01-05 17:02:12 | WARNING  | [lf.day.no_flights] No direct flights on 23FEB
2026-01-05 17:02:12 | INFO     | [SUCCESS] Day 23FEB
2026-01-05 17:02:12 | INFO     | [DAY_START] Processing 22FEB
2026-01-05 17:02:12 | INFO     | [lf.day.start] Processing JED-LXR for 22FEB
2026-01-05 17:02:13 | WARNING  | [lf.day.no_flights] No direct flights on 22FEB
2026-01-05 17:02:13 | INFO     | [SUCCESS] Day 22FEB
2026-01-05 17:02:13 | INFO     | [DAY_START] Processing 21FEB
2026-01-05 17:02:13 | INFO     | [lf.day.start] Processing JED-LXR for 21FEB
2026-01-05 17:02:14 | WARNING  | [lf.day.no_flights] No direct flights on 21FEB
2026-01-05 17:02:15 | INFO     | [SUCCESS] Day 21FEB
2026-01-05 17:02:15 | INFO     | [DAY_START] Processing 20FEB
2026-01-05 17:02:15 | INFO     | [lf.day.start] Processing JED-LXR for 20FEB
2026-01-05 17:02:16 | WARNING  | [lf.day.no_flights] No direct flights on 20FEB
2026-01-05 17:02:16 | INFO     | [SUCCESS] Day 20FEB
2026-01-05 17:02:16 | INFO     | [DAY_START] Processing 19FEB
2026-01-05 17:02:16 | INFO     | [lf.day.start] Processing JED-LXR for 19FEB
2026-01-05 17:02:17 | WARNING  | [lf.day.no_flights] No direct flights on 19FEB
2026-01-05 17:02:17 | INFO     | [SUCCESS] Day 19FEB
2026-01-05 17:02:17 | INFO     | [SUCCESS] LF Search Complete
2026-01-05 17:02:19 | INFO     | [Worker_9222] Completed: JED-LXR - 10 results, 0 errors
2026-01-05 17:02:19 | INFO     | [Worker_9222] Processing: RUH-CAI
2026-01-05 17:02:19 | INFO     |   Tier 0: Range 2, Chunk 1/3 (10 days)
