2026-01-05 17:30:57 | INFO     | ======================================================================
2026-01-05 17:30:57 | INFO     | Load Factor Scraper Started - Route: JED-HBE
2026-01-05 17:30:57 | INFO     | Log file: D:\CODERED\LAB\market_insights\outputs\run_generated_050126_at_16.47\logs\LF_JED-HBE_20260105_173057.log
2026-01-05 17:30:57 | INFO     | Enhanced logging: Capturing both logging.info() and print()
2026-01-05 17:30:57 | INFO     | ======================================================================
2026-01-05 17:30:57 | INFO     | Starting LF search for route: JED-HBE
2026-01-05 17:30:57 | INFO     | [START] LF Search
2026-01-05 17:30:58 | INFO     | [HEALTH CHECK] [OK] Chrome connection is healthy
2026-01-05 17:30:58 | INFO     | [DAY_START] Processing 13JAN
2026-01-05 17:30:58 | INFO     | [lf.day.start] Processing JED-HBE for 13JAN
2026-01-05 17:31:00 | INFO     | [lf.day.flights_found] Found 1 flights on 13JAN
2026-01-05 17:31:02 | INFO     | [lf.flight.extracted] SM452 on 13JAN: BKG=172, LF=100.0%
2026-01-05 17:31:11 | INFO     | [SUCCESS] Day 13JAN
2026-01-05 17:31:11 | INFO     | [DAY_START] Processing 12JAN
2026-01-05 17:31:11 | INFO     | [lf.day.start] Processing JED-HBE for 12JAN
2026-01-05 17:31:13 | INFO     | [lf.day.flights_found] Found 2 flights on 12JAN
2026-01-05 17:31:16 | INFO     | [lf.flight.extracted] SM458 on 12JAN: BKG=152, LF=88.4%
2026-01-05 17:31:22 | INFO     | [lf.flight.extracted] SM452 on 12JAN: BKG=171, LF=99.4%
2026-01-05 17:31:36 | INFO     | [SUCCESS] Day 12JAN
2026-01-05 17:31:36 | INFO     | [DAY_START] Processing 11JAN
2026-01-05 17:31:36 | INFO     | [lf.day.start] Processing JED-HBE for 11JAN
2026-01-05 17:31:38 | INFO     | [lf.day.flights_found] Found 2 flights on 11JAN
2026-01-05 17:31:40 | INFO     | [lf.flight.extracted] SM458 on 11JAN: BKG=160, LF=91.4%
2026-01-05 17:31:45 | INFO     | [lf.flight.extracted] SM452 on 11JAN: BKG=158, LF=91.9%
2026-01-05 17:31:58 | INFO     | [SUCCESS] Day 11JAN
2026-01-05 17:31:58 | INFO     | [DAY_START] Processing 10JAN
2026-01-05 17:31:58 | INFO     | [lf.day.start] Processing JED-HBE for 10JAN
2026-01-05 17:32:00 | INFO     | [lf.day.flights_found] Found 2 flights on 10JAN
2026-01-05 17:32:02 | INFO     | [lf.flight.extracted] SM458 on 10JAN: BKG=147, LF=85.5%
2026-01-05 17:32:07 | INFO     | [lf.flight.extracted] SM452 on 10JAN: BKG=167, LF=97.1%
2026-01-05 17:32:21 | INFO     | [SUCCESS] Day 10JAN
2026-01-05 17:32:21 | INFO     | [DAY_START] Processing 09JAN
2026-01-05 17:32:21 | INFO     | [lf.day.start] Processing JED-HBE for 09JAN
2026-01-05 17:32:24 | INFO     | [lf.day.flights_found] Found 1 flights on 09JAN
2026-01-05 17:32:26 | INFO     | [lf.flight.extracted] SM452 on 09JAN: BKG=126, LF=73.3%
2026-01-05 17:32:34 | INFO     | [SUCCESS] Day 09JAN
2026-01-05 17:32:34 | INFO     | [DAY_START] Processing 08JAN
2026-01-05 17:32:34 | INFO     | [lf.day.start] Processing JED-HBE for 08JAN
2026-01-05 17:32:36 | INFO     | [lf.day.flights_found] Found 1 flights on 08JAN
2026-01-05 17:32:38 | INFO     | [lf.flight.extracted] SM452 on 08JAN: BKG=174, LF=99.4%
2026-01-05 17:32:45 | INFO     | [SUCCESS] Day 08JAN
2026-01-05 17:32:45 | INFO     | [DAY_START] Processing 07JAN
2026-01-05 17:32:45 | INFO     | [lf.day.start] Processing JED-HBE for 07JAN
2026-01-05 17:32:47 | INFO     | [lf.day.flights_found] Found 3 flights on 07JAN
2026-01-05 17:32:50 | INFO     | [lf.flight.extracted] SM452 on 07JAN: BKG=176, LF=98.9%
2026-01-05 17:32:55 | INFO     | [lf.flight.extracted] SM474 on 07JAN: BKG=174, LF=98.9%
2026-01-05 17:33:02 | INFO     | [lf.flight.extracted] SM458 on 07JAN: BKG=178, LF=100.0%
2026-01-05 17:33:23 | INFO     | [SUCCESS] Day 07JAN
2026-01-05 17:33:23 | INFO     | [DAY_START] Processing 06JAN
2026-01-05 17:33:23 | INFO     | [lf.day.start] Processing JED-HBE for 06JAN
2026-01-05 17:33:24 | INFO     | [lf.day.flights_found] Found 1 flights on 06JAN
2026-01-05 17:33:28 | INFO     | [lf.flight.extracted] SM452 on 06JAN: BKG=178, LF=100.0%
2026-01-05 17:33:37 | INFO     | [SUCCESS] Day 06JAN
2026-01-05 17:33:37 | INFO     | [SUCCESS] LF Search Complete
2026-01-05 17:33:39 | INFO     | [Worker_9225] Completed: JED-HBE - 8 results, 0 errors
2026-01-05 17:33:39 | INFO     | [Worker_9225] Processing: AHB-ATZ
2026-01-05 17:33:39 | INFO     |   Tier 0: Range 1, Chunk 3/3 (9 days)
