2026-01-05 16:58:45 | INFO     | ======================================================================
2026-01-05 16:58:45 | INFO     | Load Factor Scraper Started - Route: JED-ASW
2026-01-05 16:58:45 | INFO     | Log file: D:\CODERED\LAB\market_insights\outputs\run_generated_050126_at_16.47\logs\LF_JED-ASW_20260105_165845.log
2026-01-05 16:58:45 | INFO     | Enhanced logging: Capturing both logging.info() and print()
2026-01-05 16:58:45 | INFO     | ======================================================================
2026-01-05 16:58:45 | INFO     | Starting LF search for route: JED-ASW
2026-01-05 16:58:45 | INFO     | [START] LF Search
2026-01-05 16:58:46 | INFO     | [HEALTH CHECK] [OK] Chrome connection is healthy
2026-01-05 16:58:46 | INFO     | [DAY_START] Processing 07MAR
2026-01-05 16:58:46 | INFO     | [lf.day.start] Processing JED-ASW for 07MAR
2026-01-05 16:58:47 | WARNING  | [lf.day.no_flights] No direct flights on 07MAR
2026-01-05 16:58:48 | INFO     | [SUCCESS] Day 07MAR
2026-01-05 16:58:48 | INFO     | [DAY_START] Processing 06MAR
2026-01-05 16:58:48 | INFO     | [lf.day.start] Processing JED-ASW for 06MAR
2026-01-05 16:58:49 | WARNING  | [lf.day.no_flights] No direct flights on 06MAR
2026-01-05 16:58:49 | INFO     | [SUCCESS] Day 06MAR
2026-01-05 16:58:49 | INFO     | [DAY_START] Processing 05MAR
2026-01-05 16:58:49 | INFO     | [lf.day.start] Processing JED-ASW for 05MAR
2026-01-05 16:58:50 | WARNING  | [lf.day.no_flights] No direct flights on 05MAR
2026-01-05 16:58:50 | INFO     | [SUCCESS] Day 05MAR
2026-01-05 16:58:50 | INFO     | [DAY_START] Processing 04MAR
2026-01-05 16:58:50 | INFO     | [lf.day.start] Processing JED-ASW for 04MAR
2026-01-05 16:58:51 | WARNING  | [lf.day.no_flights] No direct flights on 04MAR
2026-01-05 16:58:51 | INFO     | [SUCCESS] Day 04MAR
2026-01-05 16:58:51 | INFO     | [DAY_START] Processing 03MAR
2026-01-05 16:58:51 | INFO     | [lf.day.start] Processing JED-ASW for 03MAR
2026-01-05 16:58:52 | WARNING  | [lf.day.no_flights] No direct flights on 03MAR
2026-01-05 16:58:52 | INFO     | [SUCCESS] Day 03MAR
2026-01-05 16:58:52 | INFO     | [DAY_START] Processing 02MAR
2026-01-05 16:58:52 | INFO     | [lf.day.start] Processing JED-ASW for 02MAR
2026-01-05 16:58:53 | WARNING  | [lf.day.no_flights] No direct flights on 02MAR
2026-01-05 16:58:53 | INFO     | [SUCCESS] Day 02MAR
2026-01-05 16:58:53 | INFO     | [DAY_START] Processing 01MAR
2026-01-05 16:58:53 | INFO     | [lf.day.start] Processing JED-ASW for 01MAR
2026-01-05 16:58:54 | WARNING  | [lf.day.no_flights] No direct flights on 01MAR
2026-01-05 16:58:55 | INFO     | [SUCCESS] Day 01MAR
2026-01-05 16:58:55 | INFO     | [SUCCESS] LF Search Complete
2026-01-05 16:58:57 | INFO     | [Worker_9234] Completed: JED-ASW - 7 results, 0 errors
2026-01-05 16:58:57 | INFO     | [Worker_9234] Processing: DMM-ATZ
2026-01-05 16:58:57 | INFO     |   Tier 0: Range 3, Chunk 4/4 (7 days)
