2026-01-05 16:55:27 | INFO     | ======================================================================
2026-01-05 16:55:27 | INFO     | Load Factor Scraper Started - Route: JED-ASW
2026-01-05 16:55:27 | INFO     | Log file: D:\CODERED\LAB\market_insights\outputs\run_generated_050126_at_16.47\logs\LF_JED-ASW_20260105_165527.log
2026-01-05 16:55:27 | INFO     | Enhanced logging: Capturing both logging.info() and print()
2026-01-05 16:55:27 | INFO     | ======================================================================
2026-01-05 16:55:27 | INFO     | Starting LF search for route: JED-ASW
2026-01-05 16:55:27 | INFO     | [START] LF Search
2026-01-05 16:55:28 | INFO     | [HEALTH CHECK] [OK] Chrome connection is healthy
2026-01-05 16:55:28 | INFO     | [DAY_START] Processing 15MAR
2026-01-05 16:55:28 | INFO     | [lf.day.start] Processing JED-ASW for 15MAR
2026-01-05 16:55:29 | WARNING  | [lf.day.no_flights] No direct flights on 15MAR
2026-01-05 16:55:30 | INFO     | [SUCCESS] Day 15MAR
2026-01-05 16:55:30 | INFO     | [DAY_START] Processing 14MAR
2026-01-05 16:55:30 | INFO     | [lf.day.start] Processing JED-ASW for 14MAR
2026-01-05 16:55:31 | WARNING  | [lf.day.no_flights] No direct flights on 14MAR
2026-01-05 16:55:31 | INFO     | [SUCCESS] Day 14MAR
2026-01-05 16:55:31 | INFO     | [DAY_START] Processing 13MAR
2026-01-05 16:55:31 | INFO     | [lf.day.start] Processing JED-ASW for 13MAR
2026-01-05 16:55:32 | WARNING  | [lf.day.no_flights] No direct flights on 13MAR
2026-01-05 16:55:32 | INFO     | [SUCCESS] Day 13MAR
2026-01-05 16:55:32 | INFO     | [DAY_START] Processing 12MAR
2026-01-05 16:55:32 | INFO     | [lf.day.start] Processing JED-ASW for 12MAR
2026-01-05 16:55:33 | WARNING  | [lf.day.no_flights] No direct flights on 12MAR
2026-01-05 16:55:33 | INFO     | [SUCCESS] Day 12MAR
2026-01-05 16:55:33 | INFO     | [DAY_START] Processing 11MAR
2026-01-05 16:55:33 | INFO     | [lf.day.start] Processing JED-ASW for 11MAR
2026-01-05 16:55:34 | WARNING  | [lf.day.no_flights] No direct flights on 11MAR
2026-01-05 16:55:34 | INFO     | [SUCCESS] Day 11MAR
2026-01-05 16:55:34 | INFO     | [DAY_START] Processing 10MAR
2026-01-05 16:55:34 | INFO     | [lf.day.start] Processing JED-ASW for 10MAR
2026-01-05 16:55:35 | WARNING  | [lf.day.no_flights] No direct flights on 10MAR
2026-01-05 16:55:36 | INFO     | [SUCCESS] Day 10MAR
2026-01-05 16:55:36 | INFO     | [DAY_START] Processing 09MAR
2026-01-05 16:55:36 | INFO     | [lf.day.start] Processing JED-ASW for 09MAR
2026-01-05 16:55:37 | WARNING  | [lf.day.no_flights] No direct flights on 09MAR
2026-01-05 16:55:37 | INFO     | [SUCCESS] Day 09MAR
2026-01-05 16:55:37 | INFO     | [DAY_START] Processing 08MAR
2026-01-05 16:55:37 | INFO     | [lf.day.start] Processing JED-ASW for 08MAR
2026-01-05 16:55:38 | WARNING  | [lf.day.no_flights] No direct flights on 08MAR
2026-01-05 16:55:38 | INFO     | [SUCCESS] Day 08MAR
2026-01-05 16:55:38 | INFO     | [SUCCESS] LF Search Complete
2026-01-05 16:55:40 | INFO     | [Worker_9224] Completed: JED-ASW - 8 results, 0 errors
2026-01-05 16:55:40 | INFO     | [Worker_9224] Processing: DMM-CAI
2026-01-05 16:55:40 | INFO     |   Tier 0: Range 3, Chunk 3/4 (8 days)
