2026-01-05 16:51:19 | INFO     | ======================================================================
2026-01-05 16:51:19 | INFO     | Load Factor Scraper Started - Route: JED-HBE
2026-01-05 16:51:19 | INFO     | Log file: D:\CODERED\LAB\market_insights\outputs\run_generated_050126_at_16.47\logs\LF_JED-HBE_20260105_165119.log
2026-01-05 16:51:19 | INFO     | Enhanced logging: Capturing both logging.info() and print()
2026-01-05 16:51:19 | INFO     | ======================================================================
2026-01-05 16:51:19 | INFO     | Starting LF search for route: JED-HBE
2026-01-05 16:51:19 | INFO     | [START] LF Search
2026-01-05 16:51:20 | INFO     | [HEALTH CHECK] [OK] Chrome connection is healthy
2026-01-05 16:51:20 | INFO     | [DAY_START] Processing 23MAR
2026-01-05 16:51:20 | INFO     | [lf.day.start] Processing JED-HBE for 23MAR
2026-01-05 16:51:21 | INFO     | [lf.day.flights_found] Found 3 flights on 23MAR
2026-01-05 16:51:23 | INFO     | [lf.flight.extracted] SM952 on 23MAR: BKG=160, LF=95.8%
2026-01-05 16:51:26 | INFO     | [lf.flight.extracted] SM458 on 23MAR: BKG=174, LF=99.4%
2026-01-05 16:51:29 | INFO     | [lf.flight.extracted] SM452 on 23MAR: BKG=153, LF=87.4%
2026-01-05 16:51:36 | INFO     | [SUCCESS] Day 23MAR
2026-01-05 16:51:36 | INFO     | [DAY_START] Processing 22MAR
2026-01-05 16:51:36 | INFO     | [lf.day.start] Processing JED-HBE for 22MAR
2026-01-05 16:51:37 | INFO     | [lf.day.flights_found] Found 2 flights on 22MAR
2026-01-05 16:51:39 | INFO     | [lf.flight.extracted] SM458 on 22MAR: BKG=170, LF=97.1%
2026-01-05 16:51:42 | INFO     | [lf.flight.extracted] SM452 on 22MAR: BKG=177, LF=101.1%
2026-01-05 16:51:46 | INFO     | [SUCCESS] Day 22MAR
2026-01-05 16:51:46 | INFO     | [DAY_START] Processing 21MAR
2026-01-05 16:51:46 | INFO     | [lf.day.start] Processing JED-HBE for 21MAR
2026-01-05 16:51:47 | INFO     | [lf.day.flights_found] Found 2 flights on 21MAR
2026-01-05 16:51:48 | INFO     | [lf.flight.extracted] SM458 on 21MAR: BKG=177, LF=105.4%
2026-01-05 16:51:52 | INFO     | [lf.flight.extracted] SM452 on 21MAR: BKG=168, LF=96.0%
2026-01-05 16:51:56 | INFO     | [SUCCESS] Day 21MAR
2026-01-05 16:51:56 | INFO     | [DAY_START] Processing 20MAR
2026-01-05 16:51:56 | INFO     | [lf.day.start] Processing JED-HBE for 20MAR
2026-01-05 16:51:57 | INFO     | [lf.day.flights_found] Found 1 flights on 20MAR
2026-01-05 16:51:59 | INFO     | [lf.flight.extracted] SM452 on 20MAR: BKG=130, LF=74.3%
2026-01-05 16:52:01 | INFO     | [SUCCESS] Day 20MAR
2026-01-05 16:52:01 | INFO     | [DAY_START] Processing 19MAR
2026-01-05 16:52:01 | INFO     | [lf.day.start] Processing JED-HBE for 19MAR
2026-01-05 16:52:02 | INFO     | [lf.day.flights_found] Found 1 flights on 19MAR
2026-01-05 16:52:04 | INFO     | [lf.flight.extracted] SM452 on 19MAR: BKG=168, LF=96.0%
2026-01-05 16:52:09 | INFO     | [SUCCESS] Day 19MAR
2026-01-05 16:52:09 | INFO     | [DAY_START] Processing 18MAR
2026-01-05 16:52:09 | INFO     | [lf.day.start] Processing JED-HBE for 18MAR
2026-01-05 16:52:10 | INFO     | [lf.day.flights_found] Found 4 flights on 18MAR
2026-01-05 16:52:12 | INFO     | [lf.flight.extracted] SM974 on 18MAR: BKG=160, LF=91.4%
2026-01-05 16:52:16 | INFO     | [lf.flight.extracted] SM452 on 18MAR: BKG=153, LF=87.4%
2026-01-05 16:52:19 | INFO     | [lf.flight.extracted] SM474 on 18MAR: BKG=168, LF=96.0%
2026-01-05 16:52:23 | INFO     | [lf.flight.extracted] SM458 on 18MAR: BKG=167, LF=99.4%
2026-01-05 16:52:37 | INFO     | [SUCCESS] Day 18MAR
2026-01-05 16:52:37 | INFO     | [DAY_START] Processing 17MAR
2026-01-05 16:52:37 | INFO     | [lf.day.start] Processing JED-HBE for 17MAR
2026-01-05 16:52:38 | INFO     | [lf.day.flights_found] Found 1 flights on 17MAR
2026-01-05 16:52:40 | INFO     | [lf.flight.extracted] SM452 on 17MAR: BKG=0, LF=0.0%
2026-01-05 16:52:41 | INFO     | [SUCCESS] Day 17MAR
2026-01-05 16:52:41 | INFO     | [DAY_START] Processing 16MAR
2026-01-05 16:52:41 | INFO     | [lf.day.start] Processing JED-HBE for 16MAR
2026-01-05 16:52:43 | INFO     | [lf.day.flights_found] Found 2 flights on 16MAR
2026-01-05 16:52:45 | INFO     | [lf.flight.extracted] SM458 on 16MAR: BKG=17, LF=9.7%
2026-01-05 16:52:48 | INFO     | [lf.flight.extracted] SM452 on 16MAR: BKG=28, LF=16.0%
2026-01-05 16:52:53 | INFO     | [SUCCESS] Day 16MAR
2026-01-05 16:52:53 | INFO     | [SUCCESS] LF Search Complete
2026-01-05 16:52:55 | INFO     | [Worker_9227] Completed: JED-HBE - 8 results, 0 errors
2026-01-05 16:52:55 | INFO     | [Worker_9227] Processing: CAI-MED
2026-01-05 16:52:55 | INFO     |   Tier 0: Range 3, Chunk 2/4 (8 days)
