2026-01-05 17:24:23 | INFO     | ======================================================================
2026-01-05 17:24:23 | INFO     | Load Factor Scraper Started - Route: JED-CAI
2026-01-05 17:24:23 | INFO     | Log file: D:\CODERED\LAB\market_insights\outputs\run_generated_050126_at_16.47\logs\LF_JED-CAI_20260105_172423.log
2026-01-05 17:24:23 | INFO     | Enhanced logging: Capturing both logging.info() and print()
2026-01-05 17:24:23 | INFO     | ======================================================================
2026-01-05 17:24:23 | INFO     | Starting LF search for route: JED-CAI
2026-01-05 17:24:23 | INFO     | [START] LF Search
2026-01-05 17:24:24 | INFO     | [HEALTH CHECK] [OK] Chrome connection is healthy
2026-01-05 17:24:24 | INFO     | [DAY_START] Processing 22JAN
2026-01-05 17:24:24 | INFO     | [lf.day.start] Processing JED-CAI for 22JAN
2026-01-05 17:24:26 | INFO     | [lf.day.flights_found] Found 7 flights on 22JAN
2026-01-05 17:24:29 | INFO     | [lf.flight.extracted] SM472 on 22JAN: BKG=9, LF=5.1%
2026-01-05 17:24:34 | INFO     | [lf.flight.extracted] SM450 on 22JAN: BKG=7, LF=4.2%
2026-01-05 17:24:39 | INFO     | [lf.flight.extracted] SM476 on 22JAN: BKG=12, LF=6.9%
2026-01-05 17:24:44 | INFO     | [lf.flight.extracted] SM962 on 22JAN: BKG=16, LF=9.8%
2026-01-05 17:24:48 | INFO     | [lf.flight.extracted] SM432 on 22JAN: BKG=8, LF=4.6%
2026-01-05 17:24:53 | INFO     | [lf.flight.extracted] SM478 on 22JAN: BKG=133, LF=76.0%
2026-01-05 17:24:57 | INFO     | [lf.flight.extracted] SM480 on 22JAN: BKG=153, LF=87.4%
2026-01-05 17:25:22 | INFO     | [SUCCESS] Day 22JAN
2026-01-05 17:25:22 | INFO     | [DAY_START] Processing 21JAN
2026-01-05 17:25:22 | INFO     | [lf.day.start] Processing JED-CAI for 21JAN
2026-01-05 17:25:23 | INFO     | [lf.day.flights_found] Found 4 flights on 21JAN
2026-01-05 17:25:26 | INFO     | [lf.flight.extracted] SM476 on 21JAN: BKG=47, LF=26.9%
2026-01-05 17:25:30 | INFO     | [lf.flight.extracted] SM478 on 21JAN: BKG=99, LF=56.6%
2026-01-05 17:25:34 | INFO     | [lf.flight.extracted] SM460 on 21JAN: BKG=155, LF=88.6%
2026-01-05 17:25:39 | INFO     | [lf.flight.extracted] SM424 on 21JAN: BKG=23, LF=13.1%
2026-01-05 17:25:58 | INFO     | [SUCCESS] Day 21JAN
2026-01-05 17:25:58 | INFO     | [DAY_START] Processing 20JAN
2026-01-05 17:25:58 | INFO     | [lf.day.start] Processing JED-CAI for 20JAN
2026-01-05 17:26:00 | INFO     | [lf.day.flights_found] Found 7 flights on 20JAN
2026-01-05 17:26:03 | INFO     | [lf.flight.extracted] SM472 on 20JAN: BKG=11, LF=6.3%
2026-01-05 17:26:08 | INFO     | [lf.flight.extracted] SM954 on 20JAN: BKG=8, LF=4.8%
2026-01-05 17:26:14 | INFO     | [lf.flight.extracted] SM480 on 20JAN: BKG=114, LF=65.1%
2026-01-05 17:26:19 | INFO     | [lf.flight.extracted] SM478 on 20JAN: BKG=145, LF=86.3%
2026-01-05 17:26:24 | INFO     | [lf.flight.extracted] SM460 on 20JAN: BKG=119, LF=68.0%
2026-01-05 17:26:29 | INFO     | [lf.flight.extracted] SM424 on 20JAN: BKG=14, LF=8.0%
2026-01-05 17:26:35 | INFO     | [lf.flight.extracted] SM476 on 20JAN: BKG=55, LF=31.4%
2026-01-05 17:27:04 | INFO     | [SUCCESS] Day 20JAN
2026-01-05 17:27:04 | INFO     | [DAY_START] Processing 19JAN
2026-01-05 17:27:04 | INFO     | [lf.day.start] Processing JED-CAI for 19JAN
2026-01-05 17:27:06 | INFO     | [lf.day.flights_found] Found 4 flights on 19JAN
2026-01-05 17:27:09 | INFO     | [lf.flight.extracted] SM480 on 19JAN: BKG=4, LF=2.3%
2026-01-05 17:27:14 | INFO     | [lf.flight.extracted] SM476 on 19JAN: BKG=138, LF=78.9%
2026-01-05 17:27:19 | INFO     | [lf.flight.extracted] SM478 on 19JAN: BKG=74, LF=42.3%
2026-01-05 17:27:24 | INFO     | [lf.flight.extracted] SM460 on 19JAN: BKG=117, LF=66.9%
2026-01-05 17:27:43 | INFO     | [SUCCESS] Day 19JAN
2026-01-05 17:27:43 | INFO     | [DAY_START] Processing 18JAN
2026-01-05 17:27:43 | INFO     | [lf.day.start] Processing JED-CAI for 18JAN
2026-01-05 17:27:45 | INFO     | [lf.day.flights_found] Found 5 flights on 18JAN
2026-01-05 17:27:47 | INFO     | [lf.flight.extracted] SM424 on 18JAN: BKG=101, LF=57.7%
2026-01-05 17:27:52 | INFO     | [lf.flight.extracted] SM476 on 18JAN: BKG=6, LF=3.4%
2026-01-05 17:27:58 | INFO     | [lf.flight.extracted] SM432 on 18JAN: BKG=52, LF=29.7%
2026-01-05 17:28:03 | INFO     | [lf.flight.extracted] SM460 on 18JAN: BKG=68, LF=38.9%
2026-01-05 17:28:08 | INFO     | [lf.flight.extracted] SM478 on 18JAN: BKG=167, LF=99.4%
2026-01-05 17:28:33 | INFO     | [SUCCESS] Day 18JAN
2026-01-05 17:28:33 | INFO     | [DAY_START] Processing 17JAN
2026-01-05 17:28:33 | INFO     | [lf.day.start] Processing JED-CAI for 17JAN
2026-01-05 17:28:35 | INFO     | [lf.day.flights_found] Found 3 flights on 17JAN
2026-01-05 17:28:38 | INFO     | [lf.flight.extracted] SM450 on 17JAN: BKG=28, LF=16.0%
2026-01-05 17:28:43 | INFO     | [lf.flight.extracted] SM476 on 17JAN: BKG=120, LF=68.6%
2026-01-05 17:28:48 | INFO     | [lf.flight.extracted] SM478 on 17JAN: BKG=122, LF=69.7%
2026-01-05 17:29:06 | INFO     | [SUCCESS] Day 17JAN
2026-01-05 17:29:06 | INFO     | [DAY_START] Processing 16JAN
2026-01-05 17:29:06 | INFO     | [lf.day.start] Processing JED-CAI for 16JAN
2026-01-05 17:29:07 | INFO     | [lf.day.flights_found] Found 6 flights on 16JAN
2026-01-05 17:29:10 | INFO     | [lf.flight.extracted] SM424 on 16JAN: BKG=16, LF=9.1%
2026-01-05 17:29:14 | INFO     | [lf.flight.extracted] SM476 on 16JAN: BKG=10, LF=5.7%
2026-01-05 17:29:20 | INFO     | [lf.flight.extracted] SM478 on 16JAN: BKG=27, LF=15.4%
2026-01-05 17:29:25 | INFO     | [lf.flight.extracted] SM480 on 16JAN: BKG=39, LF=22.3%
2026-01-05 17:29:30 | INFO     | [lf.flight.extracted] SM472 on 16JAN: BKG=105, LF=60.0%
2026-01-05 17:29:36 | INFO     | [lf.flight.extracted] SM460 on 16JAN: BKG=64, LF=36.6%
2026-01-05 17:29:59 | INFO     | [SUCCESS] Day 16JAN
2026-01-05 17:29:59 | INFO     | [DAY_START] Processing 15JAN
2026-01-05 17:29:59 | INFO     | [lf.day.start] Processing JED-CAI for 15JAN
2026-01-05 17:30:01 | INFO     | [lf.day.flights_found] Found 6 flights on 15JAN
2026-01-05 17:30:04 | INFO     | [lf.flight.extracted] SM472 on 15JAN: BKG=69, LF=39.4%
2026-01-05 17:30:08 | INFO     | [lf.flight.extracted] SM450 on 15JAN: BKG=10, LF=5.7%
2026-01-05 17:30:13 | INFO     | [lf.flight.extracted] SM476 on 15JAN: BKG=14, LF=8.0%
2026-01-05 17:30:18 | INFO     | [lf.flight.extracted] SM432 on 15JAN: BKG=8, LF=4.7%
2026-01-05 17:30:23 | INFO     | [lf.flight.extracted] SM478 on 15JAN: BKG=132, LF=75.4%
2026-01-05 17:30:30 | INFO     | [lf.flight.extracted] SM480 on 15JAN: BKG=140, LF=80.0%
2026-01-05 17:30:55 | INFO     | [SUCCESS] Day 15JAN
2026-01-05 17:30:55 | INFO     | [DAY_START] Processing 14JAN
2026-01-05 17:30:55 | INFO     | [lf.day.start] Processing JED-CAI for 14JAN
2026-01-05 17:30:57 | INFO     | [lf.day.flights_found] Found 4 flights on 14JAN
2026-01-05 17:31:00 | INFO     | [lf.flight.extracted] SM476 on 14JAN: BKG=87, LF=49.7%
2026-01-05 17:31:07 | INFO     | [lf.flight.extracted] SM478 on 14JAN: BKG=133, LF=76.0%
2026-01-05 17:31:12 | INFO     | [lf.flight.extracted] SM460 on 14JAN: BKG=156, LF=89.1%
2026-01-05 17:31:18 | INFO     | [lf.flight.extracted] SM424 on 14JAN: BKG=40, LF=22.9%
2026-01-05 17:31:42 | INFO     | [SUCCESS] Day 14JAN
2026-01-05 17:31:42 | INFO     | [SUCCESS] LF Search Complete
2026-01-05 17:31:44 | INFO     | [Worker_9224] Completed: JED-CAI - 9 results, 0 errors
2026-01-05 17:31:44 | INFO     | [Worker_9224] Processing: RUH-CAI
2026-01-05 17:31:44 | INFO     |   Tier 0: Range 1, Chunk 3/3 (9 days)
