2026-01-05 16:58:23 | INFO     | ======================================================================
2026-01-05 16:58:23 | INFO     | Load Factor Scraper Started - Route: JED-CAI
2026-01-05 16:58:23 | INFO     | Log file: D:\CODERED\LAB\market_insights\outputs\run_generated_050126_at_16.47\logs\LF_JED-CAI_20260105_165823.log
2026-01-05 16:58:23 | INFO     | Enhanced logging: Capturing both logging.info() and print()
2026-01-05 16:58:23 | INFO     | ======================================================================
2026-01-05 16:58:23 | INFO     | Starting LF search for route: JED-CAI
2026-01-05 16:58:23 | INFO     | [START] LF Search
2026-01-05 16:58:24 | INFO     | [HEALTH CHECK] [OK] Chrome connection is healthy
2026-01-05 16:58:24 | INFO     | [DAY_START] Processing 07MAR
2026-01-05 16:58:24 | INFO     | [lf.day.start] Processing JED-CAI for 07MAR
2026-01-05 16:58:25 | INFO     | [lf.day.flights_found] Found 3 flights on 07MAR
2026-01-05 16:58:27 | INFO     | [lf.flight.extracted] SM450 on 07MAR: BKG=15, LF=8.6%
2026-01-05 16:58:30 | INFO     | [lf.flight.extracted] SM476 on 07MAR: BKG=13, LF=7.4%
2026-01-05 16:58:34 | INFO     | [lf.flight.extracted] SM478 on 07MAR: BKG=20, LF=11.4%
2026-01-05 16:58:40 | INFO     | [SUCCESS] Day 07MAR
2026-01-05 16:58:40 | INFO     | [DAY_START] Processing 06MAR
2026-01-05 16:58:40 | INFO     | [lf.day.start] Processing JED-CAI for 06MAR
2026-01-05 16:58:41 | INFO     | [lf.day.flights_found] Found 6 flights on 06MAR
2026-01-05 16:58:43 | INFO     | [lf.flight.extracted] SM424 on 06MAR: BKG=31, LF=18.8%
2026-01-05 16:58:46 | INFO     | [lf.flight.extracted] SM476 on 06MAR: BKG=28, LF=16.0%
2026-01-05 16:58:51 | INFO     | [lf.flight.extracted] SM478 on 06MAR: BKG=23, LF=13.1%
2026-01-05 16:58:54 | INFO     | [lf.flight.extracted] SM480 on 06MAR: BKG=20, LF=11.4%
2026-01-05 16:58:57 | INFO     | [lf.flight.extracted] SM472 on 06MAR: BKG=23, LF=13.1%
2026-01-05 16:59:02 | INFO     | [lf.flight.extracted] SM460 on 06MAR: BKG=17, LF=10.2%
2026-01-05 16:59:18 | INFO     | [SUCCESS] Day 06MAR
2026-01-05 16:59:18 | INFO     | [DAY_START] Processing 05MAR
2026-01-05 16:59:18 | INFO     | [lf.day.start] Processing JED-CAI for 05MAR
2026-01-05 16:59:19 | INFO     | [lf.day.flights_found] Found 7 flights on 05MAR
2026-01-05 16:59:21 | INFO     | [lf.flight.extracted] SM424 on 05MAR: BKG=34, LF=19.4%
2026-01-05 16:59:25 | INFO     | [lf.flight.extracted] SM472 on 05MAR: BKG=40, LF=22.9%
2026-01-05 16:59:28 | INFO     | [lf.flight.extracted] SM450 on 05MAR: BKG=33, LF=20.0%
2026-01-05 16:59:31 | INFO     | [lf.flight.extracted] SM476 on 05MAR: BKG=42, LF=24.0%
2026-01-05 16:59:35 | INFO     | [lf.flight.extracted] SM432 on 05MAR: BKG=35, LF=20.0%
2026-01-05 16:59:38 | INFO     | [lf.flight.extracted] SM478 on 05MAR: BKG=90, LF=51.4%
2026-01-05 16:59:43 | INFO     | [lf.flight.extracted] SM480 on 05MAR: BKG=96, LF=54.9%
2026-01-05 17:00:09 | INFO     | [SUCCESS] Day 05MAR
2026-01-05 17:00:09 | INFO     | [DAY_START] Processing 04MAR
2026-01-05 17:00:09 | INFO     | [lf.day.start] Processing JED-CAI for 04MAR
2026-01-05 17:00:10 | INFO     | [lf.day.flights_found] Found 3 flights on 04MAR
2026-01-05 17:00:12 | INFO     | [lf.flight.extracted] SM476 on 04MAR: BKG=34, LF=19.4%
2026-01-05 17:00:15 | INFO     | [lf.flight.extracted] SM460 on 04MAR: BKG=40, LF=22.9%
2026-01-05 17:00:19 | INFO     | [lf.flight.extracted] SM478 on 04MAR: BKG=46, LF=27.5%
2026-01-05 17:00:29 | INFO     | [SUCCESS] Day 04MAR
2026-01-05 17:00:29 | INFO     | [DAY_START] Processing 03MAR
2026-01-05 17:00:29 | INFO     | [lf.day.start] Processing JED-CAI for 03MAR
2026-01-05 17:00:30 | INFO     | [lf.day.flights_found] Found 6 flights on 03MAR
2026-01-05 17:00:32 | INFO     | [lf.flight.extracted] SM472 on 03MAR: BKG=25, LF=14.3%
2026-01-05 17:00:35 | INFO     | [lf.flight.extracted] SM480 on 03MAR: BKG=28, LF=16.0%
2026-01-05 17:00:39 | INFO     | [lf.flight.extracted] SM478 on 03MAR: BKG=28, LF=16.3%
2026-01-05 17:00:42 | INFO     | [lf.flight.extracted] SM460 on 03MAR: BKG=32, LF=19.2%
2026-01-05 17:00:45 | INFO     | [lf.flight.extracted] SM424 on 03MAR: BKG=26, LF=14.9%
2026-01-05 17:00:49 | INFO     | [lf.flight.extracted] SM476 on 03MAR: BKG=26, LF=14.9%
2026-01-05 17:01:07 | INFO     | [SUCCESS] Day 03MAR
2026-01-05 17:01:07 | INFO     | [DAY_START] Processing 02MAR
2026-01-05 17:01:07 | INFO     | [lf.day.start] Processing JED-CAI for 02MAR
2026-01-05 17:01:08 | INFO     | [lf.day.flights_found] Found 4 flights on 02MAR
2026-01-05 17:01:10 | INFO     | [lf.flight.extracted] SM480 on 02MAR: BKG=21, LF=12.7%
2026-01-05 17:01:13 | INFO     | [lf.flight.extracted] SM476 on 02MAR: BKG=21, LF=12.0%
2026-01-05 17:01:16 | INFO     | [lf.flight.extracted] SM478 on 02MAR: BKG=168, LF=96.0%
2026-01-05 17:01:20 | INFO     | [lf.flight.extracted] SM460 on 02MAR: BKG=27, LF=15.4%
2026-01-05 17:01:33 | INFO     | [SUCCESS] Day 02MAR
2026-01-05 17:01:33 | INFO     | [DAY_START] Processing 01MAR
2026-01-05 17:01:33 | INFO     | [lf.day.start] Processing JED-CAI for 01MAR
2026-01-05 17:01:34 | INFO     | [lf.day.flights_found] Found 5 flights on 01MAR
2026-01-05 17:01:37 | INFO     | [lf.flight.extracted] SM424 on 01MAR: BKG=51, LF=29.1%
2026-01-05 17:01:41 | INFO     | [lf.flight.extracted] SM476 on 01MAR: BKG=27, LF=15.7%
2026-01-05 17:01:45 | INFO     | [lf.flight.extracted] SM432 on 01MAR: BKG=17, LF=9.7%
2026-01-05 17:01:49 | INFO     | [lf.flight.extracted] SM460 on 01MAR: BKG=32, LF=18.3%
2026-01-05 17:01:52 | INFO     | [lf.flight.extracted] SM478 on 01MAR: BKG=32, LF=18.3%
2026-01-05 17:02:03 | ERROR    | Atomic write failed for D:\CODERED\LAB\market_insights\outputs\run_generated_050126_at_16.47\checkpoints\flight_booking_data.json: [WinError 5] Access is denied: 'D:\\CODERED\\LAB\\market_insights\\outputs\\run_generated_050126_at_16.47\\checkpoints\\flight_booking_data.tmp_df153547' -> 'D:\\CODERED\\LAB\\market_insights\\outputs\\run_generated_050126_at_16.47\\checkpoints\\flight_booking_data.json'
2026-01-05 17:02:06 | INFO     | [SUCCESS] Day 01MAR
2026-01-05 17:02:06 | INFO     | [SUCCESS] LF Search Complete
2026-01-05 17:02:08 | INFO     | [Worker_9227] Completed: JED-CAI - 7 results, 0 errors
2026-01-05 17:02:08 | INFO     | [Worker_9227] Processing: JED-ASW
2026-01-05 17:02:08 | INFO     |   Tier 0: Range 2, Chunk 1/3 (10 days)
