2026-01-05 16:58:30 | INFO     | ======================================================================
2026-01-05 16:58:30 | INFO     | Load Factor Scraper Started - Route: JED-LXR
2026-01-05 16:58:30 | INFO     | Log file: D:\CODERED\LAB\market_insights\outputs\run_generated_050126_at_16.47\logs\LF_JED-LXR_20260105_165830.log
2026-01-05 16:58:30 | INFO     | Enhanced logging: Capturing both logging.info() and print()
2026-01-05 16:58:30 | INFO     | ======================================================================
2026-01-05 16:58:30 | INFO     | Starting LF search for route: JED-LXR
2026-01-05 16:58:30 | INFO     | [START] LF Search
2026-01-05 16:58:32 | INFO     | [HEALTH CHECK] [OK] Chrome connection is healthy
2026-01-05 16:58:32 | INFO     | [DAY_START] Processing 07MAR
2026-01-05 16:58:32 | INFO     | [lf.day.start] Processing JED-LXR for 07MAR
2026-01-05 16:58:33 | WARNING  | [lf.day.no_flights] No direct flights on 07MAR
2026-01-05 16:58:33 | INFO     | [SUCCESS] Day 07MAR
2026-01-05 16:58:33 | INFO     | [DAY_START] Processing 06MAR
2026-01-05 16:58:33 | INFO     | [lf.day.start] Processing JED-LXR for 06MAR
2026-01-05 16:58:34 | WARNING  | [lf.day.no_flights] No direct flights on 06MAR
2026-01-05 16:58:34 | INFO     | [SUCCESS] Day 06MAR
2026-01-05 16:58:34 | INFO     | [DAY_START] Processing 05MAR
2026-01-05 16:58:34 | INFO     | [lf.day.start] Processing JED-LXR for 05MAR
2026-01-05 16:58:35 | WARNING  | [lf.day.no_flights] No direct flights on 05MAR
2026-01-05 16:58:35 | INFO     | [SUCCESS] Day 05MAR
2026-01-05 16:58:35 | INFO     | [DAY_START] Processing 04MAR
2026-01-05 16:58:35 | INFO     | [lf.day.start] Processing JED-LXR for 04MAR
2026-01-05 16:58:36 | WARNING  | [lf.day.no_flights] No direct flights on 04MAR
2026-01-05 16:58:37 | INFO     | [SUCCESS] Day 04MAR
2026-01-05 16:58:37 | INFO     | [DAY_START] Processing 03MAR
2026-01-05 16:58:37 | INFO     | [lf.day.start] Processing JED-LXR for 03MAR
2026-01-05 16:58:38 | INFO     | [lf.day.flights_found] Found 4 flights on 03MAR
2026-01-05 16:58:40 | INFO     | [lf.flight.extracted] SM482 on 03MAR: BKG=0, LF=0.0%
2026-01-05 16:58:43 | INFO     | [lf.flight.extracted] SM430 on 03MAR: BKG=0, LF=0.0%
2026-01-05 16:58:46 | INFO     | [lf.flight.extracted] SM982 on 03MAR: BKG=0, LF=0.0%
2026-01-05 16:58:49 | INFO     | [lf.flight.extracted] SM484 on 03MAR: BKG=0, LF=0.0%
2026-01-05 16:58:51 | INFO     | [SUCCESS] Day 03MAR
2026-01-05 16:58:51 | INFO     | [DAY_START] Processing 02MAR
2026-01-05 16:58:51 | INFO     | [lf.day.start] Processing JED-LXR for 02MAR
2026-01-05 16:58:52 | WARNING  | [lf.day.no_flights] No direct flights on 02MAR
2026-01-05 16:58:52 | INFO     | [SUCCESS] Day 02MAR
2026-01-05 16:58:52 | INFO     | [DAY_START] Processing 01MAR
2026-01-05 16:58:52 | INFO     | [lf.day.start] Processing JED-LXR for 01MAR
2026-01-05 16:58:53 | WARNING  | [lf.day.no_flights] No direct flights on 01MAR
2026-01-05 16:58:53 | INFO     | [SUCCESS] Day 01MAR
2026-01-05 16:58:53 | INFO     | [SUCCESS] LF Search Complete
2026-01-05 16:58:55 | INFO     | [Worker_9222] Completed: JED-LXR - 7 results, 0 errors
2026-01-05 16:58:55 | INFO     | [Worker_9222] Processing: DMM-CAI
2026-01-05 16:58:55 | INFO     |   Tier 0: Range 3, Chunk 4/4 (7 days)
