2026-01-05 17:07:59 | INFO     | ======================================================================
2026-01-05 17:07:59 | INFO     | Load Factor Scraper Started - Route: JED-LXR
2026-01-05 17:07:59 | INFO     | Log file: D:\CODERED\LAB\market_insights\outputs\run_generated_050126_at_16.47\logs\LF_JED-LXR_20260105_170759.log
2026-01-05 17:07:59 | INFO     | Enhanced logging: Capturing both logging.info() and print()
2026-01-05 17:07:59 | INFO     | ======================================================================
2026-01-05 17:07:59 | INFO     | Starting LF search for route: JED-LXR
2026-01-05 17:07:59 | INFO     | [START] LF Search
2026-01-05 17:08:01 | INFO     | [HEALTH CHECK] [OK] Chrome connection is healthy
2026-01-05 17:08:01 | INFO     | [DAY_START] Processing 18FEB
2026-01-05 17:08:01 | INFO     | [lf.day.start] Processing JED-LXR for 18FEB
2026-01-05 17:08:02 | INFO     | [lf.day.flights_found] Found 1 flights on 18FEB
2026-01-05 17:08:04 | INFO     | [lf.flight.extracted] SM984 on 18FEB: BKG=0, LF=0.0%
2026-01-05 17:08:05 | INFO     | [SUCCESS] Day 18FEB
2026-01-05 17:08:05 | INFO     | [DAY_START] Processing 17FEB
2026-01-05 17:08:05 | INFO     | [lf.day.start] Processing JED-LXR for 17FEB
2026-01-05 17:08:06 | INFO     | [lf.day.flights_found] Found 4 flights on 17FEB
2026-01-05 17:08:08 | INFO     | [lf.flight.extracted] SM482 on 17FEB: BKG=0, LF=0.0%
2026-01-05 17:08:12 | INFO     | [lf.flight.extracted] SM430 on 17FEB: BKG=0, LF=0.0%
2026-01-05 17:08:16 | INFO     | [lf.flight.extracted] SM982 on 17FEB: BKG=0, LF=0.0%
2026-01-05 17:08:21 | INFO     | [lf.flight.extracted] SM484 on 17FEB: BKG=0, LF=0.0%
2026-01-05 17:08:23 | INFO     | [SUCCESS] Day 17FEB
2026-01-05 17:08:23 | INFO     | [DAY_START] Processing 16FEB
2026-01-05 17:08:23 | INFO     | [lf.day.start] Processing JED-LXR for 16FEB
2026-01-05 17:08:24 | WARNING  | [lf.day.no_flights] No direct flights on 16FEB
2026-01-05 17:08:25 | INFO     | [SUCCESS] Day 16FEB
2026-01-05 17:08:25 | INFO     | [DAY_START] Processing 15FEB
2026-01-05 17:08:25 | INFO     | [lf.day.start] Processing JED-LXR for 15FEB
2026-01-05 17:08:26 | WARNING  | [lf.day.no_flights] No direct flights on 15FEB
2026-01-05 17:08:26 | INFO     | [SUCCESS] Day 15FEB
2026-01-05 17:08:26 | INFO     | [DAY_START] Processing 14FEB
2026-01-05 17:08:26 | INFO     | [lf.day.start] Processing JED-LXR for 14FEB
2026-01-05 17:08:27 | WARNING  | [lf.day.no_flights] No direct flights on 14FEB
2026-01-05 17:08:27 | INFO     | [SUCCESS] Day 14FEB
2026-01-05 17:08:27 | INFO     | [DAY_START] Processing 13FEB
2026-01-05 17:08:27 | INFO     | [lf.day.start] Processing JED-LXR for 13FEB
2026-01-05 17:08:28 | WARNING  | [lf.day.no_flights] No direct flights on 13FEB
2026-01-05 17:08:28 | INFO     | [SUCCESS] Day 13FEB
2026-01-05 17:08:28 | INFO     | [DAY_START] Processing 12FEB
2026-01-05 17:08:28 | INFO     | [lf.day.start] Processing JED-LXR for 12FEB
2026-01-05 17:08:30 | WARNING  | [lf.day.no_flights] No direct flights on 12FEB
2026-01-05 17:08:30 | INFO     | [SUCCESS] Day 12FEB
2026-01-05 17:08:30 | INFO     | [DAY_START] Processing 11FEB
2026-01-05 17:08:30 | INFO     | [lf.day.start] Processing JED-LXR for 11FEB
2026-01-05 17:08:31 | INFO     | [lf.day.flights_found] Found 2 flights on 11FEB
2026-01-05 17:08:34 | INFO     | [lf.flight.extracted] SM960 on 11FEB: BKG=0, LF=0.0%
2026-01-05 17:08:39 | INFO     | [lf.flight.extracted] SM962 on 11FEB: BKG=0, LF=0.0%
2026-01-05 17:08:40 | INFO     | [SUCCESS] Day 11FEB
2026-01-05 17:08:40 | INFO     | [DAY_START] Processing 10FEB
2026-01-05 17:08:40 | INFO     | [lf.day.start] Processing JED-LXR for 10FEB
2026-01-05 17:08:41 | INFO     | [lf.day.flights_found] Found 4 flights on 10FEB
2026-01-05 17:08:44 | INFO     | [lf.flight.extracted] SM482 on 10FEB: BKG=0, LF=0.0%
2026-01-05 17:08:48 | INFO     | [lf.flight.extracted] SM430 on 10FEB: BKG=0, LF=0.0%
2026-01-05 17:08:52 | INFO     | [lf.flight.extracted] SM982 on 10FEB: BKG=0, LF=0.0%
2026-01-05 17:08:56 | INFO     | [lf.flight.extracted] SM484 on 10FEB: BKG=0, LF=0.0%
2026-01-05 17:08:58 | INFO     | [SUCCESS] Day 10FEB
2026-01-05 17:08:58 | INFO     | [SUCCESS] LF Search Complete
2026-01-05 17:09:00 | INFO     | [Worker_9224] Completed: JED-LXR - 9 results, 0 errors
2026-01-05 17:09:00 | INFO     | [Worker_9224] Processing: AJF-ATZ
2026-01-05 17:09:00 | INFO     |   Tier 0: Range 2, Chunk 2/3 (9 days)
