2026-01-05 17:13:15 | INFO     | ======================================================================
2026-01-05 17:13:15 | INFO     | Load Factor Scraper Started - Route: JED-LXR
2026-01-05 17:13:15 | INFO     | Log file: D:\CODERED\LAB\market_insights\outputs\run_generated_050126_at_16.47\logs\LF_JED-LXR_20260105_171315.log
2026-01-05 17:13:15 | INFO     | Enhanced logging: Capturing both logging.info() and print()
2026-01-05 17:13:15 | INFO     | ======================================================================
2026-01-05 17:13:15 | INFO     | Starting LF search for route: JED-LXR
2026-01-05 17:13:15 | INFO     | [START] LF Search
2026-01-05 17:13:17 | INFO     | [HEALTH CHECK] [OK] Chrome connection is healthy
2026-01-05 17:13:17 | INFO     | [DAY_START] Processing 09FEB
2026-01-05 17:13:17 | INFO     | [lf.day.start] Processing JED-LXR for 09FEB
2026-01-05 17:13:18 | WARNING  | [lf.day.no_flights] No direct flights on 09FEB
2026-01-05 17:13:18 | INFO     | [SUCCESS] Day 09FEB
2026-01-05 17:13:18 | INFO     | [DAY_START] Processing 08FEB
2026-01-05 17:13:18 | INFO     | [lf.day.start] Processing JED-LXR for 08FEB
2026-01-05 17:13:19 | WARNING  | [lf.day.no_flights] No direct flights on 08FEB
2026-01-05 17:13:19 | INFO     | [SUCCESS] Day 08FEB
2026-01-05 17:13:19 | INFO     | [DAY_START] Processing 07FEB
2026-01-05 17:13:19 | INFO     | [lf.day.start] Processing JED-LXR for 07FEB
2026-01-05 17:13:22 | WARNING  | [lf.day.no_flights] No direct flights on 07FEB
2026-01-05 17:13:22 | INFO     | [SUCCESS] Day 07FEB
2026-01-05 17:13:22 | INFO     | [DAY_START] Processing 06FEB
2026-01-05 17:13:22 | INFO     | [lf.day.start] Processing JED-LXR for 06FEB
2026-01-05 17:13:23 | WARNING  | [lf.day.no_flights] No direct flights on 06FEB
2026-01-05 17:13:23 | INFO     | [SUCCESS] Day 06FEB
2026-01-05 17:13:23 | INFO     | [DAY_START] Processing 05FEB
2026-01-05 17:13:23 | INFO     | [lf.day.start] Processing JED-LXR for 05FEB
2026-01-05 17:13:24 | WARNING  | [lf.day.no_flights] No direct flights on 05FEB
2026-01-05 17:13:25 | INFO     | [SUCCESS] Day 05FEB
2026-01-05 17:13:25 | INFO     | [DAY_START] Processing 04FEB
2026-01-05 17:13:25 | INFO     | [lf.day.start] Processing JED-LXR for 04FEB
2026-01-05 17:13:26 | INFO     | [lf.day.flights_found] Found 1 flights on 04FEB
2026-01-05 17:13:28 | INFO     | [lf.flight.extracted] SM984 on 04FEB: BKG=0, LF=0.0%
2026-01-05 17:13:29 | INFO     | [SUCCESS] Day 04FEB
2026-01-05 17:13:29 | INFO     | [DAY_START] Processing 03FEB
2026-01-05 17:13:29 | INFO     | [lf.day.start] Processing JED-LXR for 03FEB
2026-01-05 17:13:30 | INFO     | [lf.day.flights_found] Found 4 flights on 03FEB
2026-01-05 17:13:33 | INFO     | [lf.flight.extracted] SM482 on 03FEB: BKG=0, LF=0.0%
2026-01-05 17:13:36 | INFO     | [lf.flight.extracted] SM430 on 03FEB: BKG=0, LF=0.0%
2026-01-05 17:13:40 | INFO     | [lf.flight.extracted] SM982 on 03FEB: BKG=0, LF=0.0%
2026-01-05 17:13:43 | INFO     | [lf.flight.extracted] SM484 on 03FEB: BKG=0, LF=0.0%
2026-01-05 17:13:45 | INFO     | [SUCCESS] Day 03FEB
2026-01-05 17:13:45 | INFO     | [DAY_START] Processing 02FEB
2026-01-05 17:13:45 | INFO     | [lf.day.start] Processing JED-LXR for 02FEB
2026-01-05 17:13:46 | WARNING  | [lf.day.no_flights] No direct flights on 02FEB
2026-01-05 17:13:46 | INFO     | [SUCCESS] Day 02FEB
2026-01-05 17:13:46 | INFO     | [DAY_START] Processing 01FEB
2026-01-05 17:13:46 | INFO     | [lf.day.start] Processing JED-LXR for 01FEB
2026-01-05 17:13:47 | WARNING  | [lf.day.no_flights] No direct flights on 01FEB
2026-01-05 17:13:47 | INFO     | [SUCCESS] Day 01FEB
2026-01-05 17:13:47 | INFO     | [SUCCESS] LF Search Complete
2026-01-05 17:13:49 | INFO     | [Worker_9227] Completed: JED-LXR - 9 results, 0 errors
2026-01-05 17:13:49 | INFO     | [Worker_9227] Processing: DMM-ATZ
2026-01-05 17:13:49 | INFO     |   Tier 0: Range 2, Chunk 3/3 (9 days)
