2026-01-05 17:18:26 | INFO     | ======================================================================
2026-01-05 17:18:26 | INFO     | Load Factor Scraper Started - Route: JED-ATZ
2026-01-05 17:18:26 | INFO     | Log file: D:\CODERED\LAB\market_insights\outputs\run_generated_050126_at_16.47\logs\LF_JED-ATZ_20260105_171826.log
2026-01-05 17:18:26 | INFO     | Enhanced logging: Capturing both logging.info() and print()
2026-01-05 17:18:26 | INFO     | ======================================================================
2026-01-05 17:18:26 | INFO     | Starting LF search for route: JED-ATZ
2026-01-05 17:18:26 | INFO     | [START] LF Search
2026-01-05 17:18:28 | INFO     | [HEALTH CHECK] [OK] Chrome connection is healthy
2026-01-05 17:18:28 | INFO     | [DAY_START] Processing 31JAN
2026-01-05 17:18:28 | INFO     | [lf.day.start] Processing JED-ATZ for 31JAN
2026-01-05 17:18:29 | INFO     | [lf.day.flights_found] Found 3 flights on 31JAN
2026-01-05 17:18:31 | INFO     | [lf.flight.extracted] SM492 on 31JAN: BKG=168, LF=96.0%
2026-01-05 17:18:37 | INFO     | [lf.flight.extracted] SM454 on 31JAN: BKG=168, LF=96.0%
2026-01-05 17:18:40 | INFO     | [lf.flight.extracted] SM456 on 31JAN: BKG=97, LF=55.4%
2026-01-05 17:18:54 | INFO     | [SUCCESS] Day 31JAN
2026-01-05 17:18:54 | INFO     | [DAY_START] Processing 30JAN
2026-01-05 17:18:54 | INFO     | [lf.day.start] Processing JED-ATZ for 30JAN
2026-01-05 17:18:55 | INFO     | [lf.day.flights_found] Found 1 flights on 30JAN
2026-01-05 17:18:57 | INFO     | [lf.flight.extracted] SM492 on 30JAN: BKG=138, LF=78.9%
2026-01-05 17:19:02 | INFO     | [SUCCESS] Day 30JAN
2026-01-05 17:19:02 | INFO     | [DAY_START] Processing 29JAN
2026-01-05 17:19:02 | INFO     | [lf.day.start] Processing JED-ATZ for 29JAN
2026-01-05 17:19:04 | INFO     | [lf.day.flights_found] Found 4 flights on 29JAN
2026-01-05 17:19:06 | INFO     | [lf.flight.extracted] SM982 on 29JAN: BKG=149, LF=89.2%
2026-01-05 17:19:10 | INFO     | [lf.flight.extracted] SM422 on 29JAN: BKG=150, LF=85.7%
2026-01-05 17:19:15 | INFO     | [lf.flight.extracted] SM454 on 29JAN: BKG=168, LF=96.0%
2026-01-05 17:19:20 | INFO     | [lf.flight.extracted] SM456 on 29JAN: BKG=158, LF=94.0%
2026-01-05 17:19:37 | INFO     | [SUCCESS] Day 29JAN
2026-01-05 17:19:37 | INFO     | [DAY_START] Processing 28JAN
2026-01-05 17:19:37 | INFO     | [lf.day.start] Processing JED-ATZ for 28JAN
2026-01-05 17:19:39 | INFO     | [lf.day.flights_found] Found 2 flights on 28JAN
2026-01-05 17:19:42 | INFO     | [lf.flight.extracted] SM454 on 28JAN: BKG=158, LF=90.3%
2026-01-05 17:19:48 | INFO     | [lf.flight.extracted] SM492 on 28JAN: BKG=167, LF=95.4%
2026-01-05 17:19:59 | INFO     | [SUCCESS] Day 28JAN
2026-01-05 17:19:59 | INFO     | [DAY_START] Processing 27JAN
2026-01-05 17:19:59 | INFO     | [lf.day.start] Processing JED-ATZ for 27JAN
2026-01-05 17:20:01 | INFO     | [lf.day.flights_found] Found 3 flights on 27JAN
2026-01-05 17:20:04 | INFO     | [lf.flight.extracted] SM976 on 27JAN: BKG=53, LF=31.7%
2026-01-05 17:20:09 | INFO     | [lf.flight.extracted] SM454 on 27JAN: BKG=146, LF=83.4%
2026-01-05 17:20:15 | INFO     | [lf.flight.extracted] SM456 on 27JAN: BKG=152, LF=86.9%
2026-01-05 17:20:31 | INFO     | [SUCCESS] Day 27JAN
2026-01-05 17:20:31 | INFO     | [DAY_START] Processing 26JAN
2026-01-05 17:20:31 | INFO     | [lf.day.start] Processing JED-ATZ for 26JAN
2026-01-05 17:20:33 | INFO     | [lf.day.flights_found] Found 4 flights on 26JAN
2026-01-05 17:20:37 | INFO     | [lf.flight.extracted] SM974 on 26JAN: BKG=110, LF=65.9%
2026-01-05 17:20:42 | INFO     | [lf.flight.extracted] SM456 on 26JAN: BKG=69, LF=41.1%
2026-01-05 17:20:46 | INFO     | [lf.flight.extracted] SM492 on 26JAN: BKG=129, LF=73.7%
2026-01-05 17:20:51 | INFO     | [lf.flight.extracted] SM454 on 26JAN: BKG=118, LF=67.4%
2026-01-05 17:21:06 | INFO     | [SUCCESS] Day 26JAN
2026-01-05 17:21:06 | INFO     | [DAY_START] Processing 25JAN
2026-01-05 17:21:06 | INFO     | [lf.day.start] Processing JED-ATZ for 25JAN
2026-01-05 17:21:08 | INFO     | [lf.day.flights_found] Found 2 flights on 25JAN
2026-01-05 17:21:11 | INFO     | [lf.flight.extracted] SM492 on 25JAN: BKG=168, LF=96.0%
2026-01-05 17:21:16 | INFO     | [lf.flight.extracted] SM456 on 25JAN: BKG=175, LF=100.0%
2026-01-05 17:21:23 | INFO     | [SUCCESS] Day 25JAN
2026-01-05 17:21:23 | INFO     | [DAY_START] Processing 24JAN
2026-01-05 17:21:23 | INFO     | [lf.day.start] Processing JED-ATZ for 24JAN
2026-01-05 17:21:24 | INFO     | [lf.day.flights_found] Found 5 flights on 24JAN
2026-01-05 17:21:27 | INFO     | [lf.flight.extracted] SM956 on 24JAN: BKG=138, LF=82.6%
2026-01-05 17:21:31 | INFO     | [lf.flight.extracted] SM492 on 24JAN: BKG=117, LF=66.9%
2026-01-05 17:21:36 | INFO     | [lf.flight.extracted] SM454 on 24JAN: BKG=180, LF=102.9%
2026-01-05 17:21:41 | INFO     | [lf.flight.extracted] SM958 on 24JAN: BKG=7, LF=4.0%
2026-01-05 17:21:46 | INFO     | [lf.flight.extracted] SM456 on 24JAN: BKG=168, LF=100.0%
2026-01-05 17:22:02 | INFO     | [SUCCESS] Day 24JAN
2026-01-05 17:22:02 | INFO     | [DAY_START] Processing 23JAN
2026-01-05 17:22:02 | INFO     | [lf.day.start] Processing JED-ATZ for 23JAN
2026-01-05 17:22:03 | INFO     | [lf.day.flights_found] Found 1 flights on 23JAN
2026-01-05 17:22:06 | INFO     | [lf.flight.extracted] SM492 on 23JAN: BKG=37, LF=21.1%
2026-01-05 17:22:10 | INFO     | [SUCCESS] Day 23JAN
2026-01-05 17:22:10 | INFO     | [SUCCESS] LF Search Complete
2026-01-05 17:22:12 | INFO     | [Worker_9223] Completed: JED-ATZ - 9 results, 0 errors
2026-01-05 17:22:12 | INFO     | [Worker_9223] Processing: CAI-DMM
2026-01-05 17:22:12 | INFO     |   Tier 0: Range 1, Chunk 1/3 (9 days)
