2026-01-05 17:07:08 | INFO     | ======================================================================
2026-01-05 17:07:08 | INFO     | Load Factor Scraper Started - Route: JED-CAI
2026-01-05 17:07:08 | INFO     | Log file: D:\CODERED\LAB\market_insights\outputs\run_generated_050126_at_16.47\logs\LF_JED-CAI_20260105_170708.log
2026-01-05 17:07:08 | INFO     | Enhanced logging: Capturing both logging.info() and print()
2026-01-05 17:07:08 | INFO     | ======================================================================
2026-01-05 17:07:08 | INFO     | Starting LF search for route: JED-CAI
2026-01-05 17:07:08 | INFO     | [START] LF Search
2026-01-05 17:07:09 | INFO     | [HEALTH CHECK] [OK] Chrome connection is healthy
2026-01-05 17:07:09 | INFO     | [DAY_START] Processing 18FEB
2026-01-05 17:07:09 | INFO     | [lf.day.start] Processing JED-CAI for 18FEB
2026-01-05 17:07:10 | INFO     | [lf.day.flights_found] Found 5 flights on 18FEB
2026-01-05 17:07:11 | INFO     | [lf.flight.extracted] SM2464 on 18FEB: BKG=0, LF=0.0%
2026-01-05 17:07:14 | INFO     | [lf.flight.extracted] SM476 on 18FEB: BKG=5, LF=2.9%
2026-01-05 17:07:18 | INFO     | [lf.flight.extracted] SM460 on 18FEB: BKG=13, LF=7.4%
2026-01-05 17:07:21 | INFO     | [lf.flight.extracted] SM478 on 18FEB: BKG=12, LF=6.9%
2026-01-05 17:07:25 | INFO     | [lf.flight.extracted] SM956 on 18FEB: BKG=0, LF=0.0%
2026-01-05 17:07:31 | INFO     | [SUCCESS] Day 18FEB
2026-01-05 17:07:31 | INFO     | [DAY_START] Processing 17FEB
2026-01-05 17:07:31 | INFO     | [lf.day.start] Processing JED-CAI for 17FEB
2026-01-05 17:07:32 | INFO     | [lf.day.flights_found] Found 7 flights on 17FEB
2026-01-05 17:07:34 | INFO     | [lf.flight.extracted] SM472 on 17FEB: BKG=0, LF=0.0%
2026-01-05 17:07:38 | INFO     | [lf.flight.extracted] SM480 on 17FEB: BKG=4, LF=2.4%
2026-01-05 17:07:41 | INFO     | [lf.flight.extracted] SM478 on 17FEB: BKG=8, LF=4.6%
2026-01-05 17:07:45 | INFO     | [lf.flight.extracted] SM460 on 17FEB: BKG=5, LF=2.9%
2026-01-05 17:07:48 | INFO     | [lf.flight.extracted] SM976 on 17FEB: BKG=2, LF=1.2%
2026-01-05 17:07:52 | INFO     | [lf.flight.extracted] SM424 on 17FEB: BKG=5, LF=2.9%
2026-01-05 17:07:55 | INFO     | [lf.flight.extracted] SM476 on 17FEB: BKG=4, LF=2.3%
2026-01-05 17:08:04 | INFO     | [SUCCESS] Day 17FEB
2026-01-05 17:08:04 | INFO     | [DAY_START] Processing 16FEB
2026-01-05 17:08:04 | INFO     | [lf.day.start] Processing JED-CAI for 16FEB
2026-01-05 17:08:05 | INFO     | [lf.day.flights_found] Found 7 flights on 16FEB
2026-01-05 17:08:07 | INFO     | [lf.flight.extracted] SM480 on 16FEB: BKG=1, LF=0.6%
2026-01-05 17:08:11 | INFO     | [lf.flight.extracted] SM976 on 16FEB: BKG=0, LF=0.0%
2026-01-05 17:08:14 | INFO     | [lf.flight.extracted] SM476 on 16FEB: BKG=6, LF=3.4%
2026-01-05 17:08:19 | INFO     | [lf.flight.extracted] SM478 on 16FEB: BKG=16, LF=9.1%
2026-01-05 17:08:24 | INFO     | [lf.flight.extracted] SM2458 on 16FEB: BKG=0, LF=0.0%
2026-01-05 17:08:28 | INFO     | [lf.flight.extracted] SM460 on 16FEB: BKG=6, LF=3.4%
2026-01-05 17:08:32 | INFO     | [lf.flight.extracted] SM978 on 16FEB: BKG=0, LF=0.0%
2026-01-05 17:08:40 | INFO     | [SUCCESS] Day 16FEB
2026-01-05 17:08:40 | INFO     | [DAY_START] Processing 15FEB
2026-01-05 17:08:40 | INFO     | [lf.day.start] Processing JED-CAI for 15FEB
2026-01-05 17:08:41 | INFO     | [lf.day.flights_found] Found 6 flights on 15FEB
2026-01-05 17:08:43 | INFO     | [lf.flight.extracted] SM424 on 15FEB: BKG=81, LF=46.3%
2026-01-05 17:08:49 | INFO     | [lf.flight.extracted] SM476 on 15FEB: BKG=19, LF=10.9%
2026-01-05 17:08:52 | INFO     | [lf.flight.extracted] SM432 on 15FEB: BKG=6, LF=3.4%
2026-01-05 17:08:56 | INFO     | [lf.flight.extracted] SM460 on 15FEB: BKG=13, LF=7.4%
2026-01-05 17:09:01 | INFO     | [lf.flight.extracted] SM478 on 15FEB: BKG=18, LF=10.5%
2026-01-05 17:09:04 | INFO     | [lf.flight.extracted] SM958 on 15FEB: BKG=14, LF=8.4%
2026-01-05 17:09:15 | INFO     | [SUCCESS] Day 15FEB
2026-01-05 17:09:15 | INFO     | [DAY_START] Processing 14FEB
2026-01-05 17:09:15 | INFO     | [lf.day.start] Processing JED-CAI for 14FEB
2026-01-05 17:09:16 | INFO     | [lf.day.flights_found] Found 4 flights on 14FEB
2026-01-05 17:09:18 | INFO     | [lf.flight.extracted] SM976 on 14FEB: BKG=30, LF=18.0%
2026-01-05 17:09:21 | INFO     | [lf.flight.extracted] SM450 on 14FEB: BKG=18, LF=10.3%
2026-01-05 17:09:25 | INFO     | [lf.flight.extracted] SM476 on 14FEB: BKG=65, LF=37.8%
2026-01-05 17:09:29 | INFO     | [lf.flight.extracted] SM478 on 14FEB: BKG=94, LF=53.7%
2026-01-05 17:09:41 | ERROR    | Atomic write failed for D:\CODERED\LAB\market_insights\outputs\run_generated_050126_at_16.47\checkpoints\flight_booking_data.json: [WinError 5] Access is denied: 'D:\\CODERED\\LAB\\market_insights\\outputs\\run_generated_050126_at_16.47\\checkpoints\\flight_booking_data.tmp_5b5af450' -> 'D:\\CODERED\\LAB\\market_insights\\outputs\\run_generated_050126_at_16.47\\checkpoints\\flight_booking_data.json'
2026-01-05 17:09:41 | INFO     | [SUCCESS] Day 14FEB
2026-01-05 17:09:41 | INFO     | [DAY_START] Processing 13FEB
2026-01-05 17:09:41 | INFO     | [lf.day.start] Processing JED-CAI for 13FEB
2026-01-05 17:09:42 | INFO     | [lf.day.flights_found] Found 6 flights on 13FEB
2026-01-05 17:09:44 | INFO     | [lf.flight.extracted] SM424 on 13FEB: BKG=14, LF=8.1%
2026-01-05 17:09:48 | INFO     | [lf.flight.extracted] SM476 on 13FEB: BKG=12, LF=6.9%
2026-01-05 17:09:52 | INFO     | [lf.flight.extracted] SM478 on 13FEB: BKG=17, LF=9.7%
2026-01-05 17:09:57 | INFO     | [lf.flight.extracted] SM480 on 13FEB: BKG=22, LF=12.8%
2026-01-05 17:10:25 | INFO     | [lf.flight.extracted] SM472 on 13FEB: BKG=36, LF=20.6%
2026-01-05 17:10:29 | INFO     | [lf.flight.extracted] SM460 on 13FEB: BKG=65, LF=37.1%
2026-01-05 17:10:51 | INFO     | [SUCCESS] Day 13FEB
2026-01-05 17:10:51 | INFO     | [DAY_START] Processing 12FEB
2026-01-05 17:10:51 | INFO     | [lf.day.start] Processing JED-CAI for 12FEB
2026-01-05 17:10:53 | INFO     | [lf.day.flights_found] Found 7 flights on 12FEB
2026-01-05 17:10:55 | INFO     | [lf.flight.extracted] SM424 on 12FEB: BKG=148, LF=84.6%
2026-01-05 17:10:58 | INFO     | [lf.flight.extracted] SM472 on 12FEB: BKG=138, LF=78.9%
2026-01-05 17:11:02 | INFO     | [lf.flight.extracted] SM450 on 12FEB: BKG=5, LF=2.9%
2026-01-05 17:11:05 | INFO     | [lf.flight.extracted] SM476 on 12FEB: BKG=107, LF=61.1%
2026-01-05 17:11:08 | INFO     | [lf.flight.extracted] SM432 on 12FEB: BKG=96, LF=54.9%
2026-01-05 17:11:12 | INFO     | [lf.flight.extracted] SM478 on 12FEB: BKG=127, LF=72.6%
2026-01-05 17:11:15 | INFO     | [lf.flight.extracted] SM480 on 12FEB: BKG=103, LF=61.3%
2026-01-05 17:11:29 | INFO     | [SUCCESS] Day 12FEB
2026-01-05 17:11:29 | INFO     | [DAY_START] Processing 11FEB
2026-01-05 17:11:29 | INFO     | [lf.day.start] Processing JED-CAI for 11FEB
2026-01-05 17:11:30 | INFO     | [lf.day.flights_found] Found 3 flights on 11FEB
2026-01-05 17:11:32 | INFO     | [lf.flight.extracted] SM476 on 11FEB: BKG=153, LF=87.4%
2026-01-05 17:11:36 | INFO     | [lf.flight.extracted] SM460 on 11FEB: BKG=152, LF=86.9%
2026-01-05 17:11:40 | INFO     | [lf.flight.extracted] SM478 on 11FEB: BKG=161, LF=95.8%
2026-01-05 17:11:52 | INFO     | [SUCCESS] Day 11FEB
2026-01-05 17:11:52 | INFO     | [DAY_START] Processing 10FEB
2026-01-05 17:11:52 | INFO     | [lf.day.start] Processing JED-CAI for 10FEB
2026-01-05 17:11:53 | INFO     | [lf.day.flights_found] Found 6 flights on 10FEB
2026-01-05 17:11:57 | INFO     | [lf.flight.extracted] SM972 on 10FEB: BKG=135, LF=80.8%
2026-01-05 17:12:02 | INFO     | [lf.flight.extracted] SM480 on 10FEB: BKG=125, LF=71.4%
2026-01-05 17:12:07 | INFO     | [lf.flight.extracted] SM478 on 10FEB: BKG=167, LF=95.4%
2026-01-05 17:12:11 | INFO     | [lf.flight.extracted] SM460 on 10FEB: BKG=168, LF=96.0%
2026-01-05 17:12:14 | INFO     | [lf.flight.extracted] SM424 on 10FEB: BKG=146, LF=83.4%
2026-01-05 17:12:18 | INFO     | [lf.flight.extracted] SM476 on 10FEB: BKG=168, LF=96.0%
2026-01-05 17:12:35 | INFO     | [SUCCESS] Day 10FEB
2026-01-05 17:12:35 | INFO     | [SUCCESS] LF Search Complete
2026-01-05 17:12:37 | INFO     | [Worker_9234] Completed: JED-CAI - 9 results, 0 errors
2026-01-05 17:12:37 | INFO     | [Worker_9234] Processing: ATZ-ELQ
2026-01-05 17:12:37 | INFO     |   Tier 0: Range 2, Chunk 2/3 (9 days)
