2026-01-05 17:08:02 | INFO     | ======================================================================
2026-01-05 17:08:02 | INFO     | Load Factor Scraper Started - Route: JED-ASW
2026-01-05 17:08:02 | INFO     | Log file: D:\CODERED\LAB\market_insights\outputs\run_generated_050126_at_16.47\logs\LF_JED-ASW_20260105_170802.log
2026-01-05 17:08:02 | INFO     | Enhanced logging: Capturing both logging.info() and print()
2026-01-05 17:08:02 | INFO     | ======================================================================
2026-01-05 17:08:02 | INFO     | Starting LF search for route: JED-ASW
2026-01-05 17:08:02 | INFO     | [START] LF Search
2026-01-05 17:08:03 | INFO     | [HEALTH CHECK] [OK] Chrome connection is healthy
2026-01-05 17:08:03 | INFO     | [DAY_START] Processing 18FEB
2026-01-05 17:08:03 | INFO     | [lf.day.start] Processing JED-ASW for 18FEB
2026-01-05 17:08:05 | WARNING  | [lf.day.no_flights] No direct flights on 18FEB
2026-01-05 17:08:05 | INFO     | [SUCCESS] Day 18FEB
2026-01-05 17:08:05 | INFO     | [DAY_START] Processing 17FEB
2026-01-05 17:08:05 | INFO     | [lf.day.start] Processing JED-ASW for 17FEB
2026-01-05 17:08:06 | WARNING  | [lf.day.no_flights] No direct flights on 17FEB
2026-01-05 17:08:06 | INFO     | [SUCCESS] Day 17FEB
2026-01-05 17:08:06 | INFO     | [DAY_START] Processing 16FEB
2026-01-05 17:08:06 | INFO     | [lf.day.start] Processing JED-ASW for 16FEB
2026-01-05 17:08:07 | WARNING  | [lf.day.no_flights] No direct flights on 16FEB
2026-01-05 17:08:07 | INFO     | [SUCCESS] Day 16FEB
2026-01-05 17:08:07 | INFO     | [DAY_START] Processing 15FEB
2026-01-05 17:08:07 | INFO     | [lf.day.start] Processing JED-ASW for 15FEB
2026-01-05 17:08:08 | WARNING  | [lf.day.no_flights] No direct flights on 15FEB
2026-01-05 17:08:09 | INFO     | [SUCCESS] Day 15FEB
2026-01-05 17:08:09 | INFO     | [DAY_START] Processing 14FEB
2026-01-05 17:08:09 | INFO     | [lf.day.start] Processing JED-ASW for 14FEB
2026-01-05 17:08:10 | WARNING  | [lf.day.no_flights] No direct flights on 14FEB
2026-01-05 17:08:10 | INFO     | [SUCCESS] Day 14FEB
2026-01-05 17:08:10 | INFO     | [DAY_START] Processing 13FEB
2026-01-05 17:08:10 | INFO     | [lf.day.start] Processing JED-ASW for 13FEB
2026-01-05 17:08:11 | WARNING  | [lf.day.no_flights] No direct flights on 13FEB
2026-01-05 17:08:11 | INFO     | [SUCCESS] Day 13FEB
2026-01-05 17:08:11 | INFO     | [DAY_START] Processing 12FEB
2026-01-05 17:08:11 | INFO     | [lf.day.start] Processing JED-ASW for 12FEB
2026-01-05 17:08:12 | WARNING  | [lf.day.no_flights] No direct flights on 12FEB
2026-01-05 17:08:12 | INFO     | [SUCCESS] Day 12FEB
2026-01-05 17:08:12 | INFO     | [DAY_START] Processing 11FEB
2026-01-05 17:08:12 | INFO     | [lf.day.start] Processing JED-ASW for 11FEB
2026-01-05 17:08:14 | WARNING  | [lf.day.no_flights] No direct flights on 11FEB
2026-01-05 17:08:14 | INFO     | [SUCCESS] Day 11FEB
2026-01-05 17:08:14 | INFO     | [DAY_START] Processing 10FEB
2026-01-05 17:08:14 | INFO     | [lf.day.start] Processing JED-ASW for 10FEB
2026-01-05 17:08:15 | INFO     | [lf.day.flights_found] Found 1 flights on 10FEB
2026-01-05 17:08:20 | INFO     | [lf.flight.extracted] SM986 on 10FEB: BKG=0, LF=0.0%
2026-01-05 17:08:22 | INFO     | [SUCCESS] Day 10FEB
2026-01-05 17:08:22 | INFO     | [SUCCESS] LF Search Complete
2026-01-05 17:08:24 | INFO     | [Worker_9232] Completed: JED-ASW - 9 results, 0 errors
2026-01-05 17:08:24 | INFO     | [Worker_9232] Processing: DMM-ATZ
2026-01-05 17:08:24 | INFO     |   Tier 0: Range 2, Chunk 2/3 (9 days)
