2026-01-05 16:49:36 | INFO     | ======================================================================
2026-01-05 16:49:36 | INFO     | Load Factor Scraper Started - Route: LXR-JED
2026-01-05 16:49:36 | INFO     | Log file: D:\CODERED\LAB\market_insights\outputs\run_generated_050126_at_16.47\logs\LF_LXR-JED_20260105_164936.log
2026-01-05 16:49:36 | INFO     | Enhanced logging: Capturing both logging.info() and print()
2026-01-05 16:49:36 | INFO     | ======================================================================
2026-01-05 16:49:36 | INFO     | Starting LF search for route: LXR-JED
2026-01-05 16:49:36 | INFO     | [START] LF Search
2026-01-05 16:49:37 | INFO     | [HEALTH CHECK] [OK] Chrome connection is healthy
2026-01-05 16:49:37 | INFO     | [DAY_START] Processing 31MAR
2026-01-05 16:49:37 | INFO     | [lf.day.start] Processing LXR-JED for 31MAR
2026-01-05 16:49:38 | WARNING  | [lf.day.no_flights] No direct flights on 31MAR
2026-01-05 16:49:38 | INFO     | [SUCCESS] Day 31MAR
2026-01-05 16:49:38 | INFO     | [DAY_START] Processing 30MAR
2026-01-05 16:49:38 | INFO     | [lf.day.start] Processing LXR-JED for 30MAR
2026-01-05 16:49:39 | WARNING  | [lf.day.no_flights] No direct flights on 30MAR
2026-01-05 16:49:39 | INFO     | [SUCCESS] Day 30MAR
2026-01-05 16:49:39 | INFO     | [DAY_START] Processing 29MAR
2026-01-05 16:49:39 | INFO     | [lf.day.start] Processing LXR-JED for 29MAR
2026-01-05 16:49:40 | WARNING  | [lf.day.no_flights] No direct flights on 29MAR
2026-01-05 16:49:40 | INFO     | [SUCCESS] Day 29MAR
2026-01-05 16:49:40 | INFO     | [DAY_START] Processing 28MAR
2026-01-05 16:49:40 | INFO     | [lf.day.start] Processing LXR-JED for 28MAR
2026-01-05 16:49:41 | WARNING  | [lf.day.no_flights] No direct flights on 28MAR
2026-01-05 16:49:41 | INFO     | [SUCCESS] Day 28MAR
2026-01-05 16:49:41 | INFO     | [DAY_START] Processing 27MAR
2026-01-05 16:49:41 | INFO     | [lf.day.start] Processing LXR-JED for 27MAR
2026-01-05 16:49:42 | WARNING  | [lf.day.no_flights] No direct flights on 27MAR
2026-01-05 16:49:42 | INFO     | [SUCCESS] Day 27MAR
2026-01-05 16:49:42 | INFO     | [DAY_START] Processing 26MAR
2026-01-05 16:49:42 | INFO     | [lf.day.start] Processing LXR-JED for 26MAR
2026-01-05 16:49:44 | WARNING  | [lf.day.no_flights] No direct flights on 26MAR
2026-01-05 16:49:44 | INFO     | [SUCCESS] Day 26MAR
2026-01-05 16:49:44 | INFO     | [DAY_START] Processing 25MAR
2026-01-05 16:49:44 | INFO     | [lf.day.start] Processing LXR-JED for 25MAR
2026-01-05 16:49:45 | INFO     | [lf.day.flights_found] Found 1 flights on 25MAR
2026-01-05 16:49:47 | INFO     | [lf.flight.extracted] SM965 on 25MAR: BKG=0, LF=0.0%
2026-01-05 16:49:48 | INFO     | [SUCCESS] Day 25MAR
2026-01-05 16:49:48 | INFO     | [DAY_START] Processing 24MAR
2026-01-05 16:49:48 | INFO     | [lf.day.start] Processing LXR-JED for 24MAR
2026-01-05 16:49:49 | INFO     | [lf.day.flights_found] Found 5 flights on 24MAR
2026-01-05 16:49:51 | INFO     | [lf.flight.extracted] SM429 on 24MAR: BKG=0, LF=0.0%
2026-01-05 16:49:55 | INFO     | [lf.flight.extracted] SM967 on 24MAR: BKG=0, LF=0.0%
2026-01-05 16:49:58 | INFO     | [lf.flight.extracted] SM483 on 24MAR: BKG=0, LF=0.0%
2026-01-05 16:50:01 | INFO     | [lf.flight.extracted] SM981 on 24MAR: BKG=0, LF=0.0%
2026-01-05 16:50:04 | INFO     | [lf.flight.extracted] SM959 on 24MAR: BKG=0, LF=0.0%
2026-01-05 16:50:05 | INFO     | [SUCCESS] Day 24MAR
2026-01-05 16:50:05 | INFO     | [SUCCESS] LF Search Complete
2026-01-05 16:50:07 | INFO     | [Worker_9234] Completed: LXR-JED - 8 results, 0 errors
2026-01-05 16:50:07 | INFO     | [Worker_9234] Processing: ATZ-DMM
2026-01-05 16:50:07 | INFO     |   Tier 0: Range 3, Chunk 1/4 (8 days)
