2026-01-05 17:27:58 | INFO     | ======================================================================
2026-01-05 17:27:58 | INFO     | Load Factor Scraper Started - Route: LXR-JED
2026-01-05 17:27:58 | INFO     | Log file: D:\CODERED\LAB\market_insights\outputs\run_generated_050126_at_16.47\logs\LF_LXR-JED_20260105_172758.log
2026-01-05 17:27:58 | INFO     | Enhanced logging: Capturing both logging.info() and print()
2026-01-05 17:27:58 | INFO     | ======================================================================
2026-01-05 17:27:58 | INFO     | Starting LF search for route: LXR-JED
2026-01-05 17:27:58 | INFO     | [START] LF Search
2026-01-05 17:28:00 | INFO     | [HEALTH CHECK] [OK] Chrome connection is healthy
2026-01-05 17:28:00 | INFO     | [DAY_START] Processing 22JAN
2026-01-05 17:28:00 | INFO     | [lf.day.start] Processing LXR-JED for 22JAN
2026-01-05 17:28:01 | WARNING  | [lf.day.no_flights] No direct flights on 22JAN
2026-01-05 17:28:01 | INFO     | [SUCCESS] Day 22JAN
2026-01-05 17:28:01 | INFO     | [DAY_START] Processing 21JAN
2026-01-05 17:28:01 | INFO     | [lf.day.start] Processing LXR-JED for 21JAN
2026-01-05 17:28:02 | INFO     | [lf.day.flights_found] Found 1 flights on 21JAN
2026-01-05 17:28:05 | INFO     | [lf.flight.extracted] SM983 on 21JAN: BKG=0, LF=0.0%
2026-01-05 17:28:06 | INFO     | [SUCCESS] Day 21JAN
2026-01-05 17:28:06 | INFO     | [DAY_START] Processing 20JAN
2026-01-05 17:28:06 | INFO     | [lf.day.start] Processing LXR-JED for 20JAN
2026-01-05 17:28:07 | INFO     | [lf.day.flights_found] Found 3 flights on 20JAN
2026-01-05 17:28:10 | INFO     | [lf.flight.extracted] SM429 on 20JAN: BKG=0, LF=0.0%
2026-01-05 17:28:13 | INFO     | [lf.flight.extracted] SM483 on 20JAN: BKG=0, LF=0.0%
2026-01-05 17:28:17 | INFO     | [lf.flight.extracted] SM981 on 20JAN: BKG=0, LF=0.0%
2026-01-05 17:28:18 | INFO     | [SUCCESS] Day 20JAN
2026-01-05 17:28:18 | INFO     | [DAY_START] Processing 19JAN
2026-01-05 17:28:18 | INFO     | [lf.day.start] Processing LXR-JED for 19JAN
2026-01-05 17:28:19 | INFO     | [lf.day.flights_found] Found 1 flights on 19JAN
2026-01-05 17:28:22 | INFO     | [lf.flight.extracted] SM481 on 19JAN: BKG=0, LF=0.0%
2026-01-05 17:28:23 | INFO     | [SUCCESS] Day 19JAN
2026-01-05 17:28:23 | INFO     | [DAY_START] Processing 18JAN
2026-01-05 17:28:23 | INFO     | [lf.day.start] Processing LXR-JED for 18JAN
2026-01-05 17:28:24 | WARNING  | [lf.day.no_flights] No direct flights on 18JAN
2026-01-05 17:28:25 | INFO     | [SUCCESS] Day 18JAN
2026-01-05 17:28:25 | INFO     | [DAY_START] Processing 17JAN
2026-01-05 17:28:25 | INFO     | [lf.day.start] Processing LXR-JED for 17JAN
2026-01-05 17:28:26 | WARNING  | [lf.day.no_flights] No direct flights on 17JAN
2026-01-05 17:28:26 | INFO     | [SUCCESS] Day 17JAN
2026-01-05 17:28:26 | INFO     | [DAY_START] Processing 16JAN
2026-01-05 17:28:26 | INFO     | [lf.day.start] Processing LXR-JED for 16JAN
2026-01-05 17:28:27 | WARNING  | [lf.day.no_flights] No direct flights on 16JAN
2026-01-05 17:28:27 | INFO     | [SUCCESS] Day 16JAN
2026-01-05 17:28:27 | INFO     | [DAY_START] Processing 15JAN
2026-01-05 17:28:27 | INFO     | [lf.day.start] Processing LXR-JED for 15JAN
2026-01-05 17:28:29 | WARNING  | [lf.day.no_flights] No direct flights on 15JAN
2026-01-05 17:28:29 | INFO     | [SUCCESS] Day 15JAN
2026-01-05 17:28:29 | INFO     | [DAY_START] Processing 14JAN
2026-01-05 17:28:29 | INFO     | [lf.day.start] Processing LXR-JED for 14JAN
2026-01-05 17:28:30 | INFO     | [lf.day.flights_found] Found 1 flights on 14JAN
2026-01-05 17:28:32 | INFO     | [lf.flight.extracted] SM961 on 14JAN: BKG=0, LF=0.0%
2026-01-05 17:28:34 | INFO     | [SUCCESS] Day 14JAN
2026-01-05 17:28:34 | INFO     | [SUCCESS] LF Search Complete
2026-01-05 17:28:36 | INFO     | [Worker_9227] Completed: LXR-JED - 9 results, 0 errors
2026-01-05 17:28:36 | INFO     | [Worker_9227] Processing: ATZ-DMM
2026-01-05 17:28:36 | INFO     |   Tier 0: Range 1, Chunk 2/3 (9 days)
