2026-01-05 17:00:11 | INFO     | ======================================================================
2026-01-05 17:00:11 | INFO     | Load Factor Scraper Started - Route: LXR-JED
2026-01-05 17:00:11 | INFO     | Log file: D:\CODERED\LAB\market_insights\outputs\run_generated_050126_at_16.47\logs\LF_LXR-JED_20260105_170011.log
2026-01-05 17:00:11 | INFO     | Enhanced logging: Capturing both logging.info() and print()
2026-01-05 17:00:11 | INFO     | ======================================================================
2026-01-05 17:00:11 | INFO     | Starting LF search for route: LXR-JED
2026-01-05 17:00:11 | INFO     | [START] LF Search
2026-01-05 17:00:12 | INFO     | [HEALTH CHECK] [OK] Chrome connection is healthy
2026-01-05 17:00:13 | INFO     | [DAY_START] Processing 07MAR
2026-01-05 17:00:13 | INFO     | [lf.day.start] Processing LXR-JED for 07MAR
2026-01-05 17:00:14 | WARNING  | [lf.day.no_flights] No direct flights on 07MAR
2026-01-05 17:00:14 | INFO     | [SUCCESS] Day 07MAR
2026-01-05 17:00:14 | INFO     | [DAY_START] Processing 06MAR
2026-01-05 17:00:14 | INFO     | [lf.day.start] Processing LXR-JED for 06MAR
2026-01-05 17:00:15 | WARNING  | [lf.day.no_flights] No direct flights on 06MAR
2026-01-05 17:00:15 | INFO     | [SUCCESS] Day 06MAR
2026-01-05 17:00:15 | INFO     | [DAY_START] Processing 05MAR
2026-01-05 17:00:15 | INFO     | [lf.day.start] Processing LXR-JED for 05MAR
2026-01-05 17:00:16 | WARNING  | [lf.day.no_flights] No direct flights on 05MAR
2026-01-05 17:00:16 | INFO     | [SUCCESS] Day 05MAR
2026-01-05 17:00:16 | INFO     | [DAY_START] Processing 04MAR
2026-01-05 17:00:16 | INFO     | [lf.day.start] Processing LXR-JED for 04MAR
2026-01-05 17:00:17 | WARNING  | [lf.day.no_flights] No direct flights on 04MAR
2026-01-05 17:00:17 | INFO     | [SUCCESS] Day 04MAR
2026-01-05 17:00:17 | INFO     | [DAY_START] Processing 03MAR
2026-01-05 17:00:17 | INFO     | [lf.day.start] Processing LXR-JED for 03MAR
2026-01-05 17:00:18 | INFO     | [lf.day.flights_found] Found 3 flights on 03MAR
2026-01-05 17:00:20 | INFO     | [lf.flight.extracted] SM429 on 03MAR: BKG=0, LF=0.0%
2026-01-05 17:00:24 | INFO     | [lf.flight.extracted] SM483 on 03MAR: BKG=0, LF=0.0%
2026-01-05 17:00:27 | INFO     | [lf.flight.extracted] SM981 on 03MAR: BKG=0, LF=0.0%
2026-01-05 17:00:28 | INFO     | [SUCCESS] Day 03MAR
2026-01-05 17:00:28 | INFO     | [DAY_START] Processing 02MAR
2026-01-05 17:00:28 | INFO     | [lf.day.start] Processing LXR-JED for 02MAR
2026-01-05 17:00:29 | INFO     | [lf.day.flights_found] Found 1 flights on 02MAR
2026-01-05 17:00:31 | INFO     | [lf.flight.extracted] SM481 on 02MAR: BKG=0, LF=0.0%
2026-01-05 17:00:32 | INFO     | [SUCCESS] Day 02MAR
2026-01-05 17:00:32 | INFO     | [DAY_START] Processing 01MAR
2026-01-05 17:00:32 | INFO     | [lf.day.start] Processing LXR-JED for 01MAR
2026-01-05 17:00:33 | WARNING  | [lf.day.no_flights] No direct flights on 01MAR
2026-01-05 17:00:34 | INFO     | [SUCCESS] Day 01MAR
2026-01-05 17:00:34 | INFO     | [SUCCESS] LF Search Complete
2026-01-05 17:00:36 | INFO     | [Worker_9233] Completed: LXR-JED - 7 results, 0 errors
2026-01-05 17:00:36 | INFO     | [Worker_9233] Processing: CAI-TUU
2026-01-05 17:00:36 | INFO     |   Tier 0: Range 3, Chunk 4/4 (7 days)
