2026-01-05 17:12:55 | INFO     | ======================================================================
2026-01-05 17:12:55 | INFO     | Load Factor Scraper Started - Route: MED-ATZ
2026-01-05 17:12:55 | INFO     | Log file: D:\CODERED\LAB\market_insights\outputs\run_generated_050126_at_16.47\logs\LF_MED-ATZ_20260105_171255.log
2026-01-05 17:12:55 | INFO     | Enhanced logging: Capturing both logging.info() and print()
2026-01-05 17:12:55 | INFO     | ======================================================================
2026-01-05 17:12:55 | INFO     | Starting LF search for route: MED-ATZ
2026-01-05 17:12:55 | INFO     | [START] LF Search
2026-01-05 17:12:56 | INFO     | [HEALTH CHECK] [OK] Chrome connection is healthy
2026-01-05 17:12:56 | INFO     | [DAY_START] Processing 09FEB
2026-01-05 17:12:56 | INFO     | [lf.day.start] Processing MED-ATZ for 09FEB
2026-01-05 17:12:58 | INFO     | [lf.day.flights_found] Found 1 flights on 09FEB
2026-01-05 17:13:00 | INFO     | [lf.flight.extracted] SM488 on 09FEB: BKG=178, LF=101.7%
2026-01-05 17:13:04 | INFO     | [SUCCESS] Day 09FEB
2026-01-05 17:13:04 | INFO     | [DAY_START] Processing 08FEB
2026-01-05 17:13:04 | INFO     | [lf.day.start] Processing MED-ATZ for 08FEB
2026-01-05 17:13:05 | WARNING  | [lf.day.no_flights] No direct flights on 08FEB
2026-01-05 17:13:05 | INFO     | [SUCCESS] Day 08FEB
2026-01-05 17:13:05 | INFO     | [DAY_START] Processing 07FEB
2026-01-05 17:13:05 | INFO     | [lf.day.start] Processing MED-ATZ for 07FEB
2026-01-05 17:13:06 | INFO     | [lf.day.flights_found] Found 1 flights on 07FEB
2026-01-05 17:13:09 | INFO     | [lf.flight.extracted] SM488 on 07FEB: BKG=173, LF=98.9%
2026-01-05 17:13:13 | INFO     | [SUCCESS] Day 07FEB
2026-01-05 17:13:13 | INFO     | [DAY_START] Processing 06FEB
2026-01-05 17:13:13 | INFO     | [lf.day.start] Processing MED-ATZ for 06FEB
2026-01-05 17:13:14 | WARNING  | [lf.day.no_flights] No direct flights on 06FEB
2026-01-05 17:13:15 | INFO     | [SUCCESS] Day 06FEB
2026-01-05 17:13:15 | INFO     | [DAY_START] Processing 05FEB
2026-01-05 17:13:15 | INFO     | [lf.day.start] Processing MED-ATZ for 05FEB
2026-01-05 17:13:16 | WARNING  | [lf.day.no_flights] No direct flights on 05FEB
2026-01-05 17:13:16 | INFO     | [SUCCESS] Day 05FEB
2026-01-05 17:13:16 | INFO     | [DAY_START] Processing 04FEB
2026-01-05 17:13:16 | INFO     | [lf.day.start] Processing MED-ATZ for 04FEB
2026-01-05 17:13:18 | INFO     | [lf.day.flights_found] Found 1 flights on 04FEB
2026-01-05 17:13:21 | INFO     | [lf.flight.extracted] SM490 on 04FEB: BKG=168, LF=96.0%
2026-01-05 17:13:25 | INFO     | [SUCCESS] Day 04FEB
2026-01-05 17:13:25 | INFO     | [DAY_START] Processing 03FEB
2026-01-05 17:13:25 | INFO     | [lf.day.start] Processing MED-ATZ for 03FEB
2026-01-05 17:13:26 | INFO     | [lf.day.flights_found] Found 1 flights on 03FEB
2026-01-05 17:13:29 | INFO     | [lf.flight.extracted] SM488 on 03FEB: BKG=168, LF=100.0%
2026-01-05 17:13:33 | INFO     | [SUCCESS] Day 03FEB
2026-01-05 17:13:33 | INFO     | [DAY_START] Processing 02FEB
2026-01-05 17:13:33 | INFO     | [lf.day.start] Processing MED-ATZ for 02FEB
2026-01-05 17:13:34 | INFO     | [lf.day.flights_found] Found 1 flights on 02FEB
2026-01-05 17:13:37 | INFO     | [lf.flight.extracted] SM488 on 02FEB: BKG=179, LF=102.3%
2026-01-05 17:13:41 | INFO     | [SUCCESS] Day 02FEB
2026-01-05 17:13:41 | INFO     | [DAY_START] Processing 01FEB
2026-01-05 17:13:41 | INFO     | [lf.day.start] Processing MED-ATZ for 01FEB
2026-01-05 17:13:42 | WARNING  | [lf.day.no_flights] No direct flights on 01FEB
2026-01-05 17:13:42 | INFO     | [SUCCESS] Day 01FEB
2026-01-05 17:13:42 | INFO     | [SUCCESS] LF Search Complete
2026-01-05 17:13:44 | INFO     | [Worker_9224] Completed: MED-ATZ - 9 results, 0 errors
2026-01-05 17:13:44 | INFO     | [Worker_9224] Processing: RUH-ATZ
2026-01-05 17:13:44 | INFO     |   Tier 0: Range 2, Chunk 3/3 (9 days)
