2026-01-05 17:07:07 | INFO     | ======================================================================
2026-01-05 17:07:07 | INFO     | Load Factor Scraper Started - Route: MED-ATZ
2026-01-05 17:07:07 | INFO     | Log file: D:\CODERED\LAB\market_insights\outputs\run_generated_050126_at_16.47\logs\LF_MED-ATZ_20260105_170707.log
2026-01-05 17:07:07 | INFO     | Enhanced logging: Capturing both logging.info() and print()
2026-01-05 17:07:07 | INFO     | ======================================================================
2026-01-05 17:07:07 | INFO     | Starting LF search for route: MED-ATZ
2026-01-05 17:07:07 | INFO     | [START] LF Search
2026-01-05 17:07:08 | INFO     | [HEALTH CHECK] [OK] Chrome connection is healthy
2026-01-05 17:07:08 | INFO     | [DAY_START] Processing 18FEB
2026-01-05 17:07:08 | INFO     | [lf.day.start] Processing MED-ATZ for 18FEB
2026-01-05 17:07:09 | INFO     | [lf.day.flights_found] Found 1 flights on 18FEB
2026-01-05 17:07:12 | INFO     | [lf.flight.extracted] SM490 on 18FEB: BKG=10, LF=5.7%
2026-01-05 17:07:15 | INFO     | [SUCCESS] Day 18FEB
2026-01-05 17:07:15 | INFO     | [DAY_START] Processing 17FEB
2026-01-05 17:07:15 | INFO     | [lf.day.start] Processing MED-ATZ for 17FEB
2026-01-05 17:07:16 | INFO     | [lf.day.flights_found] Found 1 flights on 17FEB
2026-01-05 17:07:18 | INFO     | [lf.flight.extracted] SM488 on 17FEB: BKG=24, LF=13.7%
2026-01-05 17:07:22 | INFO     | [SUCCESS] Day 17FEB
2026-01-05 17:07:22 | INFO     | [DAY_START] Processing 16FEB
2026-01-05 17:07:22 | INFO     | [lf.day.start] Processing MED-ATZ for 16FEB
2026-01-05 17:07:23 | INFO     | [lf.day.flights_found] Found 2 flights on 16FEB
2026-01-05 17:07:25 | INFO     | [lf.flight.extracted] SM964 on 16FEB: BKG=0, LF=0.0%
2026-01-05 17:07:29 | INFO     | [lf.flight.extracted] SM488 on 16FEB: BKG=54, LF=30.9%
2026-01-05 17:07:33 | INFO     | [SUCCESS] Day 16FEB
2026-01-05 17:07:33 | INFO     | [DAY_START] Processing 15FEB
2026-01-05 17:07:33 | INFO     | [lf.day.start] Processing MED-ATZ for 15FEB
2026-01-05 17:07:34 | WARNING  | [lf.day.no_flights] No direct flights on 15FEB
2026-01-05 17:07:35 | INFO     | [SUCCESS] Day 15FEB
2026-01-05 17:07:35 | INFO     | [DAY_START] Processing 14FEB
2026-01-05 17:07:35 | INFO     | [lf.day.start] Processing MED-ATZ for 14FEB
2026-01-05 17:07:36 | INFO     | [lf.day.flights_found] Found 1 flights on 14FEB
2026-01-05 17:07:38 | INFO     | [lf.flight.extracted] SM488 on 14FEB: BKG=74, LF=42.3%
2026-01-05 17:07:43 | INFO     | [SUCCESS] Day 14FEB
2026-01-05 17:07:43 | INFO     | [DAY_START] Processing 13FEB
2026-01-05 17:07:43 | INFO     | [lf.day.start] Processing MED-ATZ for 13FEB
2026-01-05 17:07:45 | INFO     | [lf.day.flights_found] Found 1 flights on 13FEB
2026-01-05 17:07:47 | INFO     | [lf.flight.extracted] SM964 on 13FEB: BKG=0, LF=0.0%
2026-01-05 17:07:48 | INFO     | [SUCCESS] Day 13FEB
2026-01-05 17:07:48 | INFO     | [DAY_START] Processing 12FEB
2026-01-05 17:07:48 | INFO     | [lf.day.start] Processing MED-ATZ for 12FEB
2026-01-05 17:07:49 | WARNING  | [lf.day.no_flights] No direct flights on 12FEB
2026-01-05 17:07:49 | INFO     | [SUCCESS] Day 12FEB
2026-01-05 17:07:49 | INFO     | [DAY_START] Processing 11FEB
2026-01-05 17:07:49 | INFO     | [lf.day.start] Processing MED-ATZ for 11FEB
2026-01-05 17:07:51 | INFO     | [lf.day.flights_found] Found 1 flights on 11FEB
2026-01-05 17:07:53 | INFO     | [lf.flight.extracted] SM490 on 11FEB: BKG=168, LF=96.0%
2026-01-05 17:07:57 | INFO     | [SUCCESS] Day 11FEB
2026-01-05 17:07:57 | INFO     | [DAY_START] Processing 10FEB
2026-01-05 17:07:57 | INFO     | [lf.day.start] Processing MED-ATZ for 10FEB
2026-01-05 17:07:58 | INFO     | [lf.day.flights_found] Found 1 flights on 10FEB
2026-01-05 17:08:00 | INFO     | [lf.flight.extracted] SM488 on 10FEB: BKG=168, LF=96.0%
2026-01-05 17:08:04 | INFO     | [SUCCESS] Day 10FEB
2026-01-05 17:08:04 | INFO     | [SUCCESS] LF Search Complete
2026-01-05 17:08:06 | INFO     | [Worker_9225] Completed: MED-ATZ - 9 results, 0 errors
2026-01-05 17:08:06 | INFO     | [Worker_9225] Processing: RUH-ATZ
2026-01-05 17:08:06 | INFO     |   Tier 0: Range 2, Chunk 2/3 (9 days)
