2026-01-05 17:30:55 | INFO     | ======================================================================
2026-01-05 17:30:55 | INFO     | Load Factor Scraper Started - Route: MED-ATZ
2026-01-05 17:30:55 | INFO     | Log file: D:\CODERED\LAB\market_insights\outputs\run_generated_050126_at_16.47\logs\LF_MED-ATZ_20260105_173055.log
2026-01-05 17:30:55 | INFO     | Enhanced logging: Capturing both logging.info() and print()
2026-01-05 17:30:55 | INFO     | ======================================================================
2026-01-05 17:30:55 | INFO     | Starting LF search for route: MED-ATZ
2026-01-05 17:30:55 | INFO     | [START] LF Search
2026-01-05 17:30:56 | INFO     | [HEALTH CHECK] [OK] Chrome connection is healthy
2026-01-05 17:30:56 | INFO     | [DAY_START] Processing 13JAN
2026-01-05 17:30:56 | INFO     | [lf.day.start] Processing MED-ATZ for 13JAN
2026-01-05 17:30:58 | INFO     | [lf.day.flights_found] Found 1 flights on 13JAN
2026-01-05 17:31:00 | INFO     | [lf.flight.extracted] SM488 on 13JAN: BKG=90, LF=51.4%
2026-01-05 17:31:06 | INFO     | [SUCCESS] Day 13JAN
2026-01-05 17:31:06 | INFO     | [DAY_START] Processing 12JAN
2026-01-05 17:31:06 | INFO     | [lf.day.start] Processing MED-ATZ for 12JAN
2026-01-05 17:31:07 | INFO     | [lf.day.flights_found] Found 1 flights on 12JAN
2026-01-05 17:31:09 | INFO     | [lf.flight.extracted] SM488 on 12JAN: BKG=153, LF=87.4%
2026-01-05 17:31:16 | INFO     | [SUCCESS] Day 12JAN
2026-01-05 17:31:16 | INFO     | [DAY_START] Processing 11JAN
2026-01-05 17:31:16 | INFO     | [lf.day.start] Processing MED-ATZ for 11JAN
2026-01-05 17:31:17 | WARNING  | [lf.day.no_flights] No direct flights on 11JAN
2026-01-05 17:31:17 | INFO     | [SUCCESS] Day 11JAN
2026-01-05 17:31:17 | INFO     | [DAY_START] Processing 10JAN
2026-01-05 17:31:17 | INFO     | [lf.day.start] Processing MED-ATZ for 10JAN
2026-01-05 17:31:19 | INFO     | [lf.day.flights_found] Found 1 flights on 10JAN
2026-01-05 17:31:21 | INFO     | [lf.flight.extracted] SM488 on 10JAN: BKG=112, LF=64.0%
2026-01-05 17:31:31 | INFO     | [SUCCESS] Day 10JAN
2026-01-05 17:31:31 | INFO     | [DAY_START] Processing 09JAN
2026-01-05 17:31:31 | INFO     | [lf.day.start] Processing MED-ATZ for 09JAN
2026-01-05 17:31:32 | WARNING  | [lf.day.no_flights] No direct flights on 09JAN
2026-01-05 17:31:32 | INFO     | [SUCCESS] Day 09JAN
2026-01-05 17:31:32 | INFO     | [DAY_START] Processing 08JAN
2026-01-05 17:31:32 | INFO     | [lf.day.start] Processing MED-ATZ for 08JAN
2026-01-05 17:31:33 | WARNING  | [lf.day.no_flights] No direct flights on 08JAN
2026-01-05 17:31:34 | INFO     | [SUCCESS] Day 08JAN
2026-01-05 17:31:34 | INFO     | [DAY_START] Processing 07JAN
2026-01-05 17:31:34 | INFO     | [lf.day.start] Processing MED-ATZ for 07JAN
2026-01-05 17:31:35 | INFO     | [lf.day.flights_found] Found 1 flights on 07JAN
2026-01-05 17:31:37 | INFO     | [lf.flight.extracted] SM490 on 07JAN: BKG=178, LF=100.0%
2026-01-05 17:31:43 | INFO     | [SUCCESS] Day 07JAN
2026-01-05 17:31:43 | INFO     | [DAY_START] Processing 06JAN
2026-01-05 17:31:43 | INFO     | [lf.day.start] Processing MED-ATZ for 06JAN
2026-01-05 17:31:44 | WARNING  | [lf.day.no_flights] No direct flights on 06JAN
2026-01-05 17:31:45 | INFO     | [SUCCESS] Day 06JAN
2026-01-05 17:31:45 | INFO     | [SUCCESS] LF Search Complete
2026-01-05 17:31:47 | INFO     | [Worker_9227] Completed: MED-ATZ - 8 results, 0 errors
2026-01-05 17:31:47 | INFO     | [Worker_9227] Processing: RUH-ATZ
2026-01-05 17:31:47 | INFO     |   Tier 0: Range 1, Chunk 3/3 (9 days)
