2026-01-05 17:30:31 | INFO     | ======================================================================
2026-01-05 17:30:31 | INFO     | Load Factor Scraper Started - Route: MED-HBE
2026-01-05 17:30:31 | INFO     | Log file: D:\CODERED\LAB\market_insights\outputs\run_generated_050126_at_16.47\logs\LF_MED-HBE_20260105_173031.log
2026-01-05 17:30:31 | INFO     | Enhanced logging: Capturing both logging.info() and print()
2026-01-05 17:30:31 | INFO     | ======================================================================
2026-01-05 17:30:31 | INFO     | Starting LF search for route: MED-HBE
2026-01-05 17:30:31 | INFO     | [START] LF Search
2026-01-05 17:30:32 | INFO     | [HEALTH CHECK] [OK] Chrome connection is healthy
2026-01-05 17:30:32 | INFO     | [DAY_START] Processing 13JAN
2026-01-05 17:30:32 | INFO     | [lf.day.start] Processing MED-HBE for 13JAN
2026-01-05 17:30:34 | INFO     | [lf.day.flights_found] Found 1 flights on 13JAN
2026-01-05 17:30:36 | INFO     | [lf.flight.extracted] SM486 on 13JAN: BKG=161, LF=93.6%
2026-01-05 17:30:42 | INFO     | [SUCCESS] Day 13JAN
2026-01-05 17:30:42 | INFO     | [DAY_START] Processing 12JAN
2026-01-05 17:30:42 | INFO     | [lf.day.start] Processing MED-HBE for 12JAN
2026-01-05 17:30:44 | WARNING  | [lf.day.no_flights] No direct flights on 12JAN
2026-01-05 17:30:44 | INFO     | [SUCCESS] Day 12JAN
2026-01-05 17:30:44 | INFO     | [DAY_START] Processing 11JAN
2026-01-05 17:30:44 | INFO     | [lf.day.start] Processing MED-HBE for 11JAN
2026-01-05 17:30:45 | INFO     | [lf.day.flights_found] Found 1 flights on 11JAN
2026-01-05 17:30:47 | INFO     | [lf.flight.extracted] SM486 on 11JAN: BKG=167, LF=97.1%
2026-01-05 17:30:54 | INFO     | [SUCCESS] Day 11JAN
2026-01-05 17:30:54 | INFO     | [DAY_START] Processing 10JAN
2026-01-05 17:30:54 | INFO     | [lf.day.start] Processing MED-HBE for 10JAN
2026-01-05 17:30:55 | WARNING  | [lf.day.no_flights] No direct flights on 10JAN
2026-01-05 17:30:55 | INFO     | [SUCCESS] Day 10JAN
2026-01-05 17:30:55 | INFO     | [DAY_START] Processing 09JAN
2026-01-05 17:30:55 | INFO     | [lf.day.start] Processing MED-HBE for 09JAN
2026-01-05 17:30:56 | WARNING  | [lf.day.no_flights] No direct flights on 09JAN
2026-01-05 17:30:56 | INFO     | [SUCCESS] Day 09JAN
2026-01-05 17:30:56 | INFO     | [DAY_START] Processing 08JAN
2026-01-05 17:30:56 | INFO     | [lf.day.start] Processing MED-HBE for 08JAN
2026-01-05 17:30:57 | INFO     | [lf.day.flights_found] Found 1 flights on 08JAN
2026-01-05 17:31:00 | INFO     | [lf.flight.extracted] SM486 on 08JAN: BKG=167, LF=101.2%
2026-01-05 17:31:06 | INFO     | [SUCCESS] Day 08JAN
2026-01-05 17:31:06 | INFO     | [DAY_START] Processing 07JAN
2026-01-05 17:31:06 | INFO     | [lf.day.start] Processing MED-HBE for 07JAN
2026-01-05 17:31:08 | INFO     | [lf.day.flights_found] Found 1 flights on 07JAN
2026-01-05 17:31:10 | INFO     | [lf.flight.extracted] SM486 on 07JAN: BKG=170, LF=96.6%
2026-01-05 17:31:16 | INFO     | [SUCCESS] Day 07JAN
2026-01-05 17:31:16 | INFO     | [DAY_START] Processing 06JAN
2026-01-05 17:31:16 | INFO     | [lf.day.start] Processing MED-HBE for 06JAN
2026-01-05 17:31:18 | INFO     | [lf.day.flights_found] Found 1 flights on 06JAN
2026-01-05 17:31:20 | INFO     | [lf.flight.extracted] SM486 on 06JAN: BKG=178, LF=100.0%
2026-01-05 17:31:27 | INFO     | [SUCCESS] Day 06JAN
2026-01-05 17:31:27 | INFO     | [SUCCESS] LF Search Complete
2026-01-05 17:31:29 | INFO     | [Worker_9234] Completed: MED-HBE - 8 results, 0 errors
2026-01-05 17:31:29 | INFO     | [Worker_9234] Processing: JED-ASW
2026-01-05 17:31:29 | INFO     |   Tier 0: Range 1, Chunk 3/3 (9 days)
