2026-01-05 17:01:33 | INFO     | ======================================================================
2026-01-05 17:01:33 | INFO     | Load Factor Scraper Started - Route: MED-HBE
2026-01-05 17:01:33 | INFO     | Log file: D:\CODERED\LAB\market_insights\outputs\run_generated_050126_at_16.47\logs\LF_MED-HBE_20260105_170133.log
2026-01-05 17:01:33 | INFO     | Enhanced logging: Capturing both logging.info() and print()
2026-01-05 17:01:33 | INFO     | ======================================================================
2026-01-05 17:01:33 | INFO     | Starting LF search for route: MED-HBE
2026-01-05 17:01:33 | INFO     | [START] LF Search
2026-01-05 17:01:35 | INFO     | [HEALTH CHECK] [OK] Chrome connection is healthy
2026-01-05 17:01:35 | INFO     | [DAY_START] Processing 28FEB
2026-01-05 17:01:35 | INFO     | [lf.day.start] Processing MED-HBE for 28FEB
2026-01-05 17:01:36 | WARNING  | [lf.day.no_flights] No direct flights on 28FEB
2026-01-05 17:01:36 | INFO     | [SUCCESS] Day 28FEB
2026-01-05 17:01:36 | INFO     | [DAY_START] Processing 27FEB
2026-01-05 17:01:36 | INFO     | [lf.day.start] Processing MED-HBE for 27FEB
2026-01-05 17:01:37 | WARNING  | [lf.day.no_flights] No direct flights on 27FEB
2026-01-05 17:01:37 | INFO     | [SUCCESS] Day 27FEB
2026-01-05 17:01:37 | INFO     | [DAY_START] Processing 26FEB
2026-01-05 17:01:37 | INFO     | [lf.day.start] Processing MED-HBE for 26FEB
2026-01-05 17:01:38 | INFO     | [lf.day.flights_found] Found 1 flights on 26FEB
2026-01-05 17:01:40 | INFO     | [lf.flight.extracted] SM486 on 26FEB: BKG=101, LF=57.7%
2026-01-05 17:01:44 | INFO     | [SUCCESS] Day 26FEB
2026-01-05 17:01:44 | INFO     | [DAY_START] Processing 25FEB
2026-01-05 17:01:44 | INFO     | [lf.day.start] Processing MED-HBE for 25FEB
2026-01-05 17:01:45 | INFO     | [lf.day.flights_found] Found 1 flights on 25FEB
2026-01-05 17:01:47 | INFO     | [lf.flight.extracted] SM486 on 25FEB: BKG=173, LF=98.9%
2026-01-05 17:01:50 | INFO     | [SUCCESS] Day 25FEB
2026-01-05 17:01:50 | INFO     | [DAY_START] Processing 24FEB
2026-01-05 17:01:50 | INFO     | [lf.day.start] Processing MED-HBE for 24FEB
2026-01-05 17:01:51 | INFO     | [lf.day.flights_found] Found 1 flights on 24FEB
2026-01-05 17:01:53 | INFO     | [lf.flight.extracted] SM486 on 24FEB: BKG=82, LF=46.9%
2026-01-05 17:01:56 | INFO     | [SUCCESS] Day 24FEB
2026-01-05 17:01:56 | INFO     | [DAY_START] Processing 23FEB
2026-01-05 17:01:56 | INFO     | [lf.day.start] Processing MED-HBE for 23FEB
2026-01-05 17:01:57 | INFO     | [lf.day.flights_found] Found 1 flights on 23FEB
2026-01-05 17:01:59 | INFO     | [lf.flight.extracted] SM952 on 23FEB: BKG=130, LF=79.3%
2026-01-05 17:02:02 | INFO     | [SUCCESS] Day 23FEB
2026-01-05 17:02:02 | INFO     | [DAY_START] Processing 22FEB
2026-01-05 17:02:02 | INFO     | [lf.day.start] Processing MED-HBE for 22FEB
2026-01-05 17:02:03 | INFO     | [lf.day.flights_found] Found 2 flights on 22FEB
2026-01-05 17:02:05 | INFO     | [lf.flight.extracted] SM984 on 22FEB: BKG=90, LF=51.4%
2026-01-05 17:02:09 | INFO     | [lf.flight.extracted] SM486 on 22FEB: BKG=138, LF=78.9%
2026-01-05 17:02:13 | INFO     | [SUCCESS] Day 22FEB
2026-01-05 17:02:13 | INFO     | [DAY_START] Processing 21FEB
2026-01-05 17:02:13 | INFO     | [lf.day.start] Processing MED-HBE for 21FEB
2026-01-05 17:02:14 | WARNING  | [lf.day.no_flights] No direct flights on 21FEB
2026-01-05 17:02:14 | INFO     | [SUCCESS] Day 21FEB
2026-01-05 17:02:14 | INFO     | [DAY_START] Processing 20FEB
2026-01-05 17:02:14 | INFO     | [lf.day.start] Processing MED-HBE for 20FEB
2026-01-05 17:02:15 | WARNING  | [lf.day.no_flights] No direct flights on 20FEB
2026-01-05 17:02:15 | INFO     | [SUCCESS] Day 20FEB
2026-01-05 17:02:15 | INFO     | [DAY_START] Processing 19FEB
2026-01-05 17:02:15 | INFO     | [lf.day.start] Processing MED-HBE for 19FEB
2026-01-05 17:02:16 | INFO     | [lf.day.flights_found] Found 1 flights on 19FEB
2026-01-05 17:02:18 | INFO     | [lf.flight.extracted] SM486 on 19FEB: BKG=2, LF=1.1%
2026-01-05 17:02:21 | INFO     | [SUCCESS] Day 19FEB
2026-01-05 17:02:21 | INFO     | [SUCCESS] LF Search Complete
2026-01-05 17:02:23 | INFO     | [Worker_9224] Completed: MED-HBE - 10 results, 0 errors
2026-01-05 17:02:23 | INFO     | [Worker_9224] Processing: RUH-ATZ
2026-01-05 17:02:23 | INFO     |   Tier 0: Range 2, Chunk 1/3 (10 days)
