2026-01-05 16:51:05 | INFO     | ======================================================================
2026-01-05 16:51:05 | INFO     | Load Factor Scraper Started - Route: MED-CAI
2026-01-05 16:51:05 | INFO     | Log file: D:\CODERED\LAB\market_insights\outputs\run_generated_050126_at_16.47\logs\LF_MED-CAI_20260105_165105.log
2026-01-05 16:51:05 | INFO     | Enhanced logging: Capturing both logging.info() and print()
2026-01-05 16:51:05 | INFO     | ======================================================================
2026-01-05 16:51:05 | INFO     | Starting LF search for route: MED-CAI
2026-01-05 16:51:05 | INFO     | [START] LF Search
2026-01-05 16:51:06 | INFO     | [HEALTH CHECK] [OK] Chrome connection is healthy
2026-01-05 16:51:06 | INFO     | [DAY_START] Processing 23MAR
2026-01-05 16:51:06 | INFO     | [lf.day.start] Processing MED-CAI for 23MAR
2026-01-05 16:51:07 | WARNING  | [lf.day.no_flights] No direct flights on 23MAR
2026-01-05 16:51:07 | INFO     | [SUCCESS] Day 23MAR
2026-01-05 16:51:07 | INFO     | [DAY_START] Processing 22MAR
2026-01-05 16:51:07 | INFO     | [lf.day.start] Processing MED-CAI for 22MAR
2026-01-05 16:51:08 | INFO     | [lf.day.flights_found] Found 2 flights on 22MAR
2026-01-05 16:51:10 | INFO     | [lf.flight.extracted] SM494 on 22MAR: BKG=155, LF=88.6%
2026-01-05 16:51:14 | INFO     | [lf.flight.extracted] SM972 on 22MAR: BKG=170, LF=101.8%
2026-01-05 16:51:19 | INFO     | [SUCCESS] Day 22MAR
2026-01-05 16:51:19 | INFO     | [DAY_START] Processing 21MAR
2026-01-05 16:51:19 | INFO     | [lf.day.start] Processing MED-CAI for 21MAR
2026-01-05 16:51:20 | INFO     | [lf.day.flights_found] Found 1 flights on 21MAR
2026-01-05 16:51:23 | INFO     | [lf.flight.extracted] SM494 on 21MAR: BKG=163, LF=93.1%
2026-01-05 16:51:28 | INFO     | [SUCCESS] Day 21MAR
2026-01-05 16:51:28 | INFO     | [DAY_START] Processing 20MAR
2026-01-05 16:51:28 | INFO     | [lf.day.start] Processing MED-CAI for 20MAR
2026-01-05 16:51:29 | WARNING  | [lf.day.no_flights] No direct flights on 20MAR
2026-01-05 16:51:29 | INFO     | [SUCCESS] Day 20MAR
2026-01-05 16:51:29 | INFO     | [DAY_START] Processing 19MAR
2026-01-05 16:51:29 | INFO     | [lf.day.start] Processing MED-CAI for 19MAR
2026-01-05 16:51:30 | INFO     | [lf.day.flights_found] Found 2 flights on 19MAR
2026-01-05 16:51:33 | INFO     | [lf.flight.extracted] SM494 on 19MAR: BKG=48, LF=27.4%
2026-01-05 16:51:36 | INFO     | [lf.flight.extracted] SM952 on 19MAR: BKG=0, LF=0.0%
2026-01-05 16:51:40 | INFO     | [SUCCESS] Day 19MAR
2026-01-05 16:51:40 | INFO     | [DAY_START] Processing 18MAR
2026-01-05 16:51:40 | INFO     | [lf.day.start] Processing MED-CAI for 18MAR
2026-01-05 16:51:42 | WARNING  | [lf.day.no_flights] No direct flights on 18MAR
2026-01-05 16:51:42 | INFO     | [SUCCESS] Day 18MAR
2026-01-05 16:51:42 | INFO     | [DAY_START] Processing 17MAR
2026-01-05 16:51:42 | INFO     | [lf.day.start] Processing MED-CAI for 17MAR
2026-01-05 16:51:43 | INFO     | [lf.day.flights_found] Found 2 flights on 17MAR
2026-01-05 16:51:45 | INFO     | [lf.flight.extracted] SM496 on 17MAR: BKG=96, LF=57.1%
2026-01-05 16:51:49 | INFO     | [lf.flight.extracted] SM494 on 17MAR: BKG=10, LF=5.7%
2026-01-05 16:51:53 | INFO     | [SUCCESS] Day 17MAR
2026-01-05 16:51:53 | INFO     | [DAY_START] Processing 16MAR
2026-01-05 16:51:53 | INFO     | [lf.day.start] Processing MED-CAI for 16MAR
2026-01-05 16:51:55 | WARNING  | [lf.day.no_flights] No direct flights on 16MAR
2026-01-05 16:51:55 | INFO     | [SUCCESS] Day 16MAR
2026-01-05 16:51:55 | INFO     | [SUCCESS] LF Search Complete
2026-01-05 16:51:57 | INFO     | [Worker_9223] Completed: MED-CAI - 8 results, 0 errors
2026-01-05 16:51:57 | INFO     | [Worker_9223] Processing: DMM-CAI
2026-01-05 16:51:57 | INFO     |   Tier 0: Range 3, Chunk 2/4 (8 days)
