2026-01-05 17:24:06 | INFO     | ======================================================================
2026-01-05 17:24:06 | INFO     | Load Factor Scraper Started - Route: MED-HBE
2026-01-05 17:24:06 | INFO     | Log file: D:\CODERED\LAB\market_insights\outputs\run_generated_050126_at_16.47\logs\LF_MED-HBE_20260105_172406.log
2026-01-05 17:24:06 | INFO     | Enhanced logging: Capturing both logging.info() and print()
2026-01-05 17:24:06 | INFO     | ======================================================================
2026-01-05 17:24:06 | INFO     | Starting LF search for route: MED-HBE
2026-01-05 17:24:06 | INFO     | [START] LF Search
2026-01-05 17:24:07 | INFO     | [HEALTH CHECK] [OK] Chrome connection is healthy
2026-01-05 17:24:07 | INFO     | [DAY_START] Processing 22JAN
2026-01-05 17:24:07 | INFO     | [lf.day.start] Processing MED-HBE for 22JAN
2026-01-05 17:24:09 | INFO     | [lf.day.flights_found] Found 1 flights on 22JAN
2026-01-05 17:24:13 | INFO     | [lf.flight.extracted] SM486 on 22JAN: BKG=166, LF=96.5%
2026-01-05 17:24:20 | INFO     | [SUCCESS] Day 22JAN
2026-01-05 17:24:20 | INFO     | [DAY_START] Processing 21JAN
2026-01-05 17:24:20 | INFO     | [lf.day.start] Processing MED-HBE for 21JAN
2026-01-05 17:24:21 | INFO     | [lf.day.flights_found] Found 1 flights on 21JAN
2026-01-05 17:24:24 | INFO     | [lf.flight.extracted] SM486 on 21JAN: BKG=116, LF=67.4%
2026-01-05 17:24:30 | INFO     | [SUCCESS] Day 21JAN
2026-01-05 17:24:30 | INFO     | [DAY_START] Processing 20JAN
2026-01-05 17:24:30 | INFO     | [lf.day.start] Processing MED-HBE for 20JAN
2026-01-05 17:24:32 | INFO     | [lf.day.flights_found] Found 1 flights on 20JAN
2026-01-05 17:24:34 | INFO     | [lf.flight.extracted] SM486 on 20JAN: BKG=156, LF=90.7%
2026-01-05 17:24:41 | INFO     | [SUCCESS] Day 20JAN
2026-01-05 17:24:41 | INFO     | [DAY_START] Processing 19JAN
2026-01-05 17:24:41 | INFO     | [lf.day.start] Processing MED-HBE for 19JAN
2026-01-05 17:24:43 | WARNING  | [lf.day.no_flights] No direct flights on 19JAN
2026-01-05 17:24:43 | INFO     | [SUCCESS] Day 19JAN
2026-01-05 17:24:43 | INFO     | [DAY_START] Processing 18JAN
2026-01-05 17:24:43 | INFO     | [lf.day.start] Processing MED-HBE for 18JAN
2026-01-05 17:24:45 | INFO     | [lf.day.flights_found] Found 1 flights on 18JAN
2026-01-05 17:24:48 | INFO     | [lf.flight.extracted] SM486 on 18JAN: BKG=132, LF=76.7%
2026-01-05 17:24:54 | INFO     | [SUCCESS] Day 18JAN
2026-01-05 17:24:54 | INFO     | [DAY_START] Processing 17JAN
2026-01-05 17:24:54 | INFO     | [lf.day.start] Processing MED-HBE for 17JAN
2026-01-05 17:24:56 | WARNING  | [lf.day.no_flights] No direct flights on 17JAN
2026-01-05 17:24:56 | INFO     | [SUCCESS] Day 17JAN
2026-01-05 17:24:56 | INFO     | [DAY_START] Processing 16JAN
2026-01-05 17:24:56 | INFO     | [lf.day.start] Processing MED-HBE for 16JAN
2026-01-05 17:24:57 | WARNING  | [lf.day.no_flights] No direct flights on 16JAN
2026-01-05 17:24:57 | INFO     | [SUCCESS] Day 16JAN
2026-01-05 17:24:57 | INFO     | [DAY_START] Processing 15JAN
2026-01-05 17:24:57 | INFO     | [lf.day.start] Processing MED-HBE for 15JAN
2026-01-05 17:24:59 | INFO     | [lf.day.flights_found] Found 1 flights on 15JAN
2026-01-05 17:25:02 | INFO     | [lf.flight.extracted] SM486 on 15JAN: BKG=121, LF=70.3%
2026-01-05 17:25:09 | INFO     | [SUCCESS] Day 15JAN
2026-01-05 17:25:09 | INFO     | [DAY_START] Processing 14JAN
2026-01-05 17:25:09 | INFO     | [lf.day.start] Processing MED-HBE for 14JAN
2026-01-05 17:25:11 | INFO     | [lf.day.flights_found] Found 1 flights on 14JAN
2026-01-05 17:25:14 | INFO     | [lf.flight.extracted] SM486 on 14JAN: BKG=153, LF=88.9%
2026-01-05 17:25:21 | INFO     | [SUCCESS] Day 14JAN
2026-01-05 17:25:21 | INFO     | [SUCCESS] LF Search Complete
2026-01-05 17:25:23 | INFO     | [Worker_9223] Completed: MED-HBE - 9 results, 0 errors
2026-01-05 17:25:23 | INFO     | [Worker_9223] Processing: DMM-CAI
2026-01-05 17:25:23 | INFO     |   Tier 0: Range 1, Chunk 2/3 (9 days)
