2026-01-05 17:13:44 | INFO     | ======================================================================
2026-01-05 17:13:44 | INFO     | Load Factor Scraper Started - Route: RUH-ATZ
2026-01-05 17:13:44 | INFO     | Log file: D:\CODERED\LAB\market_insights\outputs\run_generated_050126_at_16.47\logs\LF_RUH-ATZ_20260105_171344.log
2026-01-05 17:13:44 | INFO     | Enhanced logging: Capturing both logging.info() and print()
2026-01-05 17:13:44 | INFO     | ======================================================================
2026-01-05 17:13:44 | INFO     | Starting LF search for route: RUH-ATZ
2026-01-05 17:13:44 | INFO     | [START] LF Search
2026-01-05 17:13:46 | INFO     | [HEALTH CHECK] [OK] Chrome connection is healthy
2026-01-05 17:13:46 | INFO     | [DAY_START] Processing 09FEB
2026-01-05 17:13:46 | INFO     | [lf.day.start] Processing RUH-ATZ for 09FEB
2026-01-05 17:13:47 | WARNING  | [lf.day.no_flights] No direct flights on 09FEB
2026-01-05 17:13:47 | INFO     | [SUCCESS] Day 09FEB
2026-01-05 17:13:47 | INFO     | [DAY_START] Processing 08FEB
2026-01-05 17:13:47 | INFO     | [lf.day.start] Processing RUH-ATZ for 08FEB
2026-01-05 17:13:49 | INFO     | [lf.day.flights_found] Found 1 flights on 08FEB
2026-01-05 17:13:52 | INFO     | [lf.flight.extracted] SM464 on 08FEB: BKG=30, LF=17.1%
2026-01-05 17:13:57 | INFO     | [SUCCESS] Day 08FEB
2026-01-05 17:13:57 | INFO     | [DAY_START] Processing 07FEB
2026-01-05 17:13:57 | INFO     | [lf.day.start] Processing RUH-ATZ for 07FEB
2026-01-05 17:13:58 | WARNING  | [lf.day.no_flights] No direct flights on 07FEB
2026-01-05 17:13:58 | INFO     | [SUCCESS] Day 07FEB
2026-01-05 17:13:58 | INFO     | [DAY_START] Processing 06FEB
2026-01-05 17:13:58 | INFO     | [lf.day.start] Processing RUH-ATZ for 06FEB
2026-01-05 17:13:59 | WARNING  | [lf.day.no_flights] No direct flights on 06FEB
2026-01-05 17:14:00 | INFO     | [SUCCESS] Day 06FEB
2026-01-05 17:14:00 | INFO     | [DAY_START] Processing 05FEB
2026-01-05 17:14:00 | INFO     | [lf.day.start] Processing RUH-ATZ for 05FEB
2026-01-05 17:14:01 | WARNING  | [lf.day.no_flights] No direct flights on 05FEB
2026-01-05 17:14:01 | INFO     | [SUCCESS] Day 05FEB
2026-01-05 17:14:01 | INFO     | [DAY_START] Processing 04FEB
2026-01-05 17:14:01 | INFO     | [lf.day.start] Processing RUH-ATZ for 04FEB
2026-01-05 17:14:02 | INFO     | [lf.day.flights_found] Found 1 flights on 04FEB
2026-01-05 17:14:04 | INFO     | [lf.flight.extracted] SM466 on 04FEB: BKG=26, LF=15.6%
2026-01-05 17:14:08 | INFO     | [SUCCESS] Day 04FEB
2026-01-05 17:14:08 | INFO     | [DAY_START] Processing 03FEB
2026-01-05 17:14:08 | INFO     | [lf.day.start] Processing RUH-ATZ for 03FEB
2026-01-05 17:14:10 | INFO     | [lf.day.flights_found] Found 1 flights on 03FEB
2026-01-05 17:14:12 | INFO     | [lf.flight.extracted] SM464 on 03FEB: BKG=14, LF=8.0%
2026-01-05 17:14:16 | INFO     | [SUCCESS] Day 03FEB
2026-01-05 17:14:16 | INFO     | [DAY_START] Processing 02FEB
2026-01-05 17:14:16 | INFO     | [lf.day.start] Processing RUH-ATZ for 02FEB
2026-01-05 17:14:18 | WARNING  | [lf.day.no_flights] No direct flights on 02FEB
2026-01-05 17:14:18 | INFO     | [SUCCESS] Day 02FEB
2026-01-05 17:14:18 | INFO     | [DAY_START] Processing 01FEB
2026-01-05 17:14:18 | INFO     | [lf.day.start] Processing RUH-ATZ for 01FEB
2026-01-05 17:14:19 | INFO     | [lf.day.flights_found] Found 1 flights on 01FEB
2026-01-05 17:14:21 | INFO     | [lf.flight.extracted] SM464 on 01FEB: BKG=16, LF=9.1%
2026-01-05 17:14:25 | INFO     | [SUCCESS] Day 01FEB
2026-01-05 17:14:25 | INFO     | [SUCCESS] LF Search Complete
2026-01-05 17:14:27 | INFO     | [Worker_9224] Completed: RUH-ATZ - 9 results, 0 errors
2026-01-05 17:14:27 | INFO     | [Worker_9224] Processing: AJF-CAI
2026-01-05 17:14:27 | INFO     |   Tier 0: Range 2, Chunk 3/3 (9 days)
