2026-01-05 16:51:51 | INFO     | ======================================================================
2026-01-05 16:51:51 | INFO     | Load Factor Scraper Started - Route: RUH-CAI
2026-01-05 16:51:51 | INFO     | Log file: D:\CODERED\LAB\market_insights\outputs\run_generated_050126_at_16.47\logs\LF_RUH-CAI_20260105_165151.log
2026-01-05 16:51:51 | INFO     | Enhanced logging: Capturing both logging.info() and print()
2026-01-05 16:51:51 | INFO     | ======================================================================
2026-01-05 16:51:51 | INFO     | Starting LF search for route: RUH-CAI
2026-01-05 16:51:51 | INFO     | [START] LF Search
2026-01-05 16:51:52 | INFO     | [HEALTH CHECK] [OK] Chrome connection is healthy
2026-01-05 16:51:52 | INFO     | [DAY_START] Processing 23MAR
2026-01-05 16:51:52 | INFO     | [lf.day.start] Processing RUH-CAI for 23MAR
2026-01-05 16:51:53 | INFO     | [lf.day.flights_found] Found 1 flights on 23MAR
2026-01-05 16:51:55 | INFO     | [lf.flight.extracted] SM470 on 23MAR: BKG=20, LF=12.0%
2026-01-05 16:51:58 | INFO     | [SUCCESS] Day 23MAR
2026-01-05 16:51:58 | INFO     | [DAY_START] Processing 22MAR
2026-01-05 16:51:58 | INFO     | [lf.day.start] Processing RUH-CAI for 22MAR
2026-01-05 16:51:59 | INFO     | [lf.day.flights_found] Found 1 flights on 22MAR
2026-01-05 16:52:02 | INFO     | [lf.flight.extracted] SM462 on 22MAR: BKG=21, LF=12.0%
2026-01-05 16:52:05 | INFO     | [SUCCESS] Day 22MAR
2026-01-05 16:52:05 | INFO     | [DAY_START] Processing 21MAR
2026-01-05 16:52:05 | INFO     | [lf.day.start] Processing RUH-CAI for 21MAR
2026-01-05 16:52:06 | INFO     | [lf.day.flights_found] Found 1 flights on 21MAR
2026-01-05 16:52:08 | INFO     | [lf.flight.extracted] SM462 on 21MAR: BKG=24, LF=13.7%
2026-01-05 16:52:11 | INFO     | [SUCCESS] Day 21MAR
2026-01-05 16:52:11 | INFO     | [DAY_START] Processing 20MAR
2026-01-05 16:52:11 | INFO     | [lf.day.start] Processing RUH-CAI for 20MAR
2026-01-05 16:52:12 | INFO     | [lf.day.flights_found] Found 2 flights on 20MAR
2026-01-05 16:52:14 | INFO     | [lf.flight.extracted] SM462 on 20MAR: BKG=2, LF=1.1%
2026-01-05 16:52:19 | INFO     | [lf.flight.extracted] SM470 on 20MAR: BKG=0, LF=0.0%
2026-01-05 16:52:22 | INFO     | [SUCCESS] Day 20MAR
2026-01-05 16:52:22 | INFO     | [DAY_START] Processing 19MAR
2026-01-05 16:52:22 | INFO     | [lf.day.start] Processing RUH-CAI for 19MAR
2026-01-05 16:52:23 | INFO     | [lf.day.flights_found] Found 1 flights on 19MAR
2026-01-05 16:52:25 | INFO     | [lf.flight.extracted] SM462 on 19MAR: BKG=15, LF=8.6%
2026-01-05 16:52:27 | INFO     | [SUCCESS] Day 19MAR
2026-01-05 16:52:27 | INFO     | [DAY_START] Processing 18MAR
2026-01-05 16:52:27 | INFO     | [lf.day.start] Processing RUH-CAI for 18MAR
2026-01-05 16:52:28 | INFO     | [lf.day.flights_found] Found 2 flights on 18MAR
2026-01-05 16:52:30 | INFO     | [lf.flight.extracted] SM462 on 18MAR: BKG=14, LF=8.0%
2026-01-05 16:52:34 | INFO     | [lf.flight.extracted] SM470 on 18MAR: BKG=8, LF=4.8%
2026-01-05 16:52:38 | INFO     | [SUCCESS] Day 18MAR
2026-01-05 16:52:38 | INFO     | [DAY_START] Processing 17MAR
2026-01-05 16:52:38 | INFO     | [lf.day.start] Processing RUH-CAI for 17MAR
2026-01-05 16:52:39 | INFO     | [lf.day.flights_found] Found 1 flights on 17MAR
2026-01-05 16:52:41 | INFO     | [lf.flight.extracted] SM470 on 17MAR: BKG=2, LF=1.2%
2026-01-05 16:52:44 | INFO     | [SUCCESS] Day 17MAR
2026-01-05 16:52:44 | INFO     | [DAY_START] Processing 16MAR
2026-01-05 16:52:44 | INFO     | [lf.day.start] Processing RUH-CAI for 16MAR
2026-01-05 16:52:45 | INFO     | [lf.day.flights_found] Found 1 flights on 16MAR
2026-01-05 16:52:47 | INFO     | [lf.flight.extracted] SM470 on 16MAR: BKG=1, LF=0.6%
2026-01-05 16:52:49 | INFO     | [SUCCESS] Day 16MAR
2026-01-05 16:52:49 | INFO     | [SUCCESS] LF Search Complete
2026-01-05 16:52:51 | INFO     | [Worker_9222] Completed: RUH-CAI - 8 results, 0 errors
2026-01-05 16:52:51 | INFO     | [Worker_9222] Processing: ELQ-ATZ
2026-01-05 16:52:51 | INFO     |   Tier 0: Range 3, Chunk 2/4 (8 days)
