2026-01-05 16:48:36 | INFO     | ======================================================================
2026-01-05 16:48:36 | INFO     | Load Factor Scraper Started - Route: TUU-ATZ
2026-01-05 16:48:36 | INFO     | Log file: D:\CODERED\LAB\market_insights\outputs\run_generated_050126_at_16.47\logs\LF_TUU-ATZ_20260105_164836.log
2026-01-05 16:48:36 | INFO     | Enhanced logging: Capturing both logging.info() and print()
2026-01-05 16:48:36 | INFO     | ======================================================================
2026-01-05 16:48:36 | INFO     | Starting LF search for route: TUU-ATZ
2026-01-05 16:48:36 | INFO     | [START] LF Search
2026-01-05 16:48:37 | INFO     | [HEALTH CHECK] [OK] Chrome connection is healthy
2026-01-05 16:48:37 | INFO     | [DAY_START] Processing 31MAR
2026-01-05 16:48:37 | INFO     | [lf.day.start] Processing TUU-ATZ for 31MAR
2026-01-05 16:48:38 | WARNING  | [lf.day.no_flights] No direct flights on 31MAR
2026-01-05 16:48:38 | INFO     | [SUCCESS] Day 31MAR
2026-01-05 16:48:38 | INFO     | [DAY_START] Processing 30MAR
2026-01-05 16:48:38 | INFO     | [lf.day.start] Processing TUU-ATZ for 30MAR
2026-01-05 16:48:39 | WARNING  | [lf.day.no_flights] No direct flights on 30MAR
2026-01-05 16:48:39 | INFO     | [SUCCESS] Day 30MAR
2026-01-05 16:48:39 | INFO     | [DAY_START] Processing 29MAR
2026-01-05 16:48:39 | INFO     | [lf.day.start] Processing TUU-ATZ for 29MAR
2026-01-05 16:48:40 | WARNING  | [lf.day.no_flights] No direct flights on 29MAR
2026-01-05 16:48:40 | INFO     | [SUCCESS] Day 29MAR
2026-01-05 16:48:40 | INFO     | [DAY_START] Processing 28MAR
2026-01-05 16:48:40 | INFO     | [lf.day.start] Processing TUU-ATZ for 28MAR
2026-01-05 16:48:41 | WARNING  | [lf.day.no_flights] No direct flights on 28MAR
2026-01-05 16:48:42 | INFO     | [SUCCESS] Day 28MAR
2026-01-05 16:48:42 | INFO     | [DAY_START] Processing 27MAR
2026-01-05 16:48:42 | INFO     | [lf.day.start] Processing TUU-ATZ for 27MAR
2026-01-05 16:48:42 | INFO     | [lf.day.flights_found] Found 1 flights on 27MAR
2026-01-05 16:48:44 | INFO     | [lf.flight.extracted] SM328 on 27MAR: BKG=0, LF=0.0%
2026-01-05 16:48:45 | INFO     | [SUCCESS] Day 27MAR
2026-01-05 16:48:45 | INFO     | [DAY_START] Processing 26MAR
2026-01-05 16:48:45 | INFO     | [lf.day.start] Processing TUU-ATZ for 26MAR
2026-01-05 16:48:46 | WARNING  | [lf.day.no_flights] No direct flights on 26MAR
2026-01-05 16:48:47 | INFO     | [SUCCESS] Day 26MAR
2026-01-05 16:48:47 | INFO     | [DAY_START] Processing 25MAR
2026-01-05 16:48:47 | INFO     | [lf.day.start] Processing TUU-ATZ for 25MAR
2026-01-05 16:48:48 | WARNING  | [lf.day.no_flights] No direct flights on 25MAR
2026-01-05 16:48:48 | INFO     | [SUCCESS] Day 25MAR
2026-01-05 16:48:48 | INFO     | [DAY_START] Processing 24MAR
2026-01-05 16:48:48 | INFO     | [lf.day.start] Processing TUU-ATZ for 24MAR
2026-01-05 16:48:49 | WARNING  | [lf.day.no_flights] No direct flights on 24MAR
2026-01-05 16:48:49 | INFO     | [SUCCESS] Day 24MAR
2026-01-05 16:48:49 | INFO     | [SUCCESS] LF Search Complete
2026-01-05 16:48:51 | INFO     | [Worker_9232] Completed: TUU-ATZ - 8 results, 0 errors
2026-01-05 16:48:51 | INFO     | [Worker_9232] Processing: YNB-CAI
2026-01-05 16:48:51 | INFO     |   Tier 0: Range 3, Chunk 1/4 (8 days)
