2026-01-05 16:58:57 | INFO     | ======================================================================
2026-01-05 16:58:57 | INFO     | Load Factor Scraper Started - Route: TUU-CAI
2026-01-05 16:58:57 | INFO     | Log file: D:\CODERED\LAB\market_insights\outputs\run_generated_050126_at_16.47\logs\LF_TUU-CAI_20260105_165857.log
2026-01-05 16:58:57 | INFO     | Enhanced logging: Capturing both logging.info() and print()
2026-01-05 16:58:57 | INFO     | ======================================================================
2026-01-05 16:58:57 | INFO     | Starting LF search for route: TUU-CAI
2026-01-05 16:58:57 | INFO     | [START] LF Search
2026-01-05 16:58:58 | INFO     | [HEALTH CHECK] [OK] Chrome connection is healthy
2026-01-05 16:58:58 | INFO     | [DAY_START] Processing 07MAR
2026-01-05 16:58:58 | INFO     | [lf.day.start] Processing TUU-CAI for 07MAR
2026-01-05 16:58:59 | INFO     | [lf.day.flights_found] Found 1 flights on 07MAR
2026-01-05 16:59:01 | INFO     | [lf.flight.extracted] SM326 on 07MAR: BKG=10, LF=9.5%
2026-01-05 16:59:04 | INFO     | [SUCCESS] Day 07MAR
2026-01-05 16:59:04 | INFO     | [DAY_START] Processing 06MAR
2026-01-05 16:59:04 | INFO     | [lf.day.start] Processing TUU-CAI for 06MAR
2026-01-05 16:59:06 | WARNING  | [lf.day.no_flights] No direct flights on 06MAR
2026-01-05 16:59:06 | INFO     | [SUCCESS] Day 06MAR
2026-01-05 16:59:06 | INFO     | [DAY_START] Processing 05MAR
2026-01-05 16:59:06 | INFO     | [lf.day.start] Processing TUU-CAI for 05MAR
2026-01-05 16:59:07 | INFO     | [lf.day.flights_found] Found 1 flights on 05MAR
2026-01-05 16:59:09 | INFO     | [lf.flight.extracted] SM326 on 05MAR: BKG=29, LF=16.6%
2026-01-05 16:59:13 | INFO     | [SUCCESS] Day 05MAR
2026-01-05 16:59:13 | INFO     | [DAY_START] Processing 04MAR
2026-01-05 16:59:13 | INFO     | [lf.day.start] Processing TUU-CAI for 04MAR
2026-01-05 16:59:14 | INFO     | [lf.day.flights_found] Found 1 flights on 04MAR
2026-01-05 16:59:16 | INFO     | [lf.flight.extracted] SM326 on 04MAR: BKG=21, LF=12.2%
2026-01-05 16:59:19 | INFO     | [SUCCESS] Day 04MAR
2026-01-05 16:59:19 | INFO     | [DAY_START] Processing 03MAR
2026-01-05 16:59:19 | INFO     | [lf.day.start] Processing TUU-CAI for 03MAR
2026-01-05 16:59:20 | WARNING  | [lf.day.no_flights] No direct flights on 03MAR
2026-01-05 16:59:20 | INFO     | [SUCCESS] Day 03MAR
2026-01-05 16:59:20 | INFO     | [DAY_START] Processing 02MAR
2026-01-05 16:59:20 | INFO     | [lf.day.start] Processing TUU-CAI for 02MAR
2026-01-05 16:59:21 | WARNING  | [lf.day.no_flights] No direct flights on 02MAR
2026-01-05 16:59:21 | INFO     | [SUCCESS] Day 02MAR
2026-01-05 16:59:21 | INFO     | [DAY_START] Processing 01MAR
2026-01-05 16:59:21 | INFO     | [lf.day.start] Processing TUU-CAI for 01MAR
2026-01-05 16:59:23 | WARNING  | [lf.day.no_flights] No direct flights on 01MAR
2026-01-05 16:59:23 | INFO     | [SUCCESS] Day 01MAR
2026-01-05 16:59:23 | INFO     | [SUCCESS] LF Search Complete
2026-01-05 16:59:25 | INFO     | [Worker_9223] Completed: TUU-CAI - 7 results, 0 errors
2026-01-05 16:59:25 | INFO     | [Worker_9223] Processing: AJF-ATZ
2026-01-05 16:59:25 | INFO     |   Tier 0: Range 3, Chunk 4/4 (7 days)
