2026-01-05 17:25:57 | INFO     | ======================================================================
2026-01-05 17:25:57 | INFO     | Load Factor Scraper Started - Route: TUU-CAI
2026-01-05 17:25:57 | INFO     | Log file: D:\CODERED\LAB\market_insights\outputs\run_generated_050126_at_16.47\logs\LF_TUU-CAI_20260105_172557.log
2026-01-05 17:25:57 | INFO     | Enhanced logging: Capturing both logging.info() and print()
2026-01-05 17:25:57 | INFO     | ======================================================================
2026-01-05 17:25:57 | INFO     | Starting LF search for route: TUU-CAI
2026-01-05 17:25:57 | INFO     | [START] LF Search
2026-01-05 17:25:58 | INFO     | [HEALTH CHECK] [OK] Chrome connection is healthy
2026-01-05 17:25:58 | INFO     | [DAY_START] Processing 22JAN
2026-01-05 17:25:58 | INFO     | [lf.day.start] Processing TUU-CAI for 22JAN
2026-01-05 17:26:00 | INFO     | [lf.day.flights_found] Found 1 flights on 22JAN
2026-01-05 17:26:02 | INFO     | [lf.flight.extracted] SM326 on 22JAN: BKG=36, LF=20.6%
2026-01-05 17:26:07 | INFO     | [SUCCESS] Day 22JAN
2026-01-05 17:26:07 | INFO     | [DAY_START] Processing 21JAN
2026-01-05 17:26:07 | INFO     | [lf.day.start] Processing TUU-CAI for 21JAN
2026-01-05 17:26:08 | INFO     | [lf.day.flights_found] Found 1 flights on 21JAN
2026-01-05 17:26:11 | INFO     | [lf.flight.extracted] SM326 on 21JAN: BKG=12, LF=6.9%
2026-01-05 17:26:14 | INFO     | [SUCCESS] Day 21JAN
2026-01-05 17:26:14 | INFO     | [DAY_START] Processing 20JAN
2026-01-05 17:26:14 | INFO     | [lf.day.start] Processing TUU-CAI for 20JAN
2026-01-05 17:26:15 | WARNING  | [lf.day.no_flights] No direct flights on 20JAN
2026-01-05 17:26:15 | INFO     | [SUCCESS] Day 20JAN
2026-01-05 17:26:15 | INFO     | [DAY_START] Processing 19JAN
2026-01-05 17:26:15 | INFO     | [lf.day.start] Processing TUU-CAI for 19JAN
2026-01-05 17:26:17 | WARNING  | [lf.day.no_flights] No direct flights on 19JAN
2026-01-05 17:26:17 | INFO     | [SUCCESS] Day 19JAN
2026-01-05 17:26:17 | INFO     | [DAY_START] Processing 18JAN
2026-01-05 17:26:17 | INFO     | [lf.day.start] Processing TUU-CAI for 18JAN
2026-01-05 17:26:18 | WARNING  | [lf.day.no_flights] No direct flights on 18JAN
2026-01-05 17:26:18 | INFO     | [SUCCESS] Day 18JAN
2026-01-05 17:26:18 | INFO     | [DAY_START] Processing 17JAN
2026-01-05 17:26:18 | INFO     | [lf.day.start] Processing TUU-CAI for 17JAN
2026-01-05 17:26:19 | INFO     | [lf.day.flights_found] Found 1 flights on 17JAN
2026-01-05 17:26:22 | INFO     | [lf.flight.extracted] SM326 on 17JAN: BKG=3, LF=1.7%
2026-01-05 17:26:25 | INFO     | [SUCCESS] Day 17JAN
2026-01-05 17:26:25 | INFO     | [DAY_START] Processing 16JAN
2026-01-05 17:26:25 | INFO     | [lf.day.start] Processing TUU-CAI for 16JAN
2026-01-05 17:26:26 | WARNING  | [lf.day.no_flights] No direct flights on 16JAN
2026-01-05 17:26:27 | INFO     | [SUCCESS] Day 16JAN
2026-01-05 17:26:27 | INFO     | [DAY_START] Processing 15JAN
2026-01-05 17:26:27 | INFO     | [lf.day.start] Processing TUU-CAI for 15JAN
2026-01-05 17:26:28 | INFO     | [lf.day.flights_found] Found 1 flights on 15JAN
2026-01-05 17:26:30 | INFO     | [lf.flight.extracted] SM326 on 15JAN: BKG=44, LF=25.1%
2026-01-05 17:26:35 | INFO     | [SUCCESS] Day 15JAN
2026-01-05 17:26:35 | INFO     | [DAY_START] Processing 14JAN
2026-01-05 17:26:35 | INFO     | [lf.day.start] Processing TUU-CAI for 14JAN
2026-01-05 17:26:36 | INFO     | [lf.day.flights_found] Found 1 flights on 14JAN
2026-01-05 17:26:38 | INFO     | [lf.flight.extracted] SM326 on 14JAN: BKG=10, LF=5.7%
2026-01-05 17:26:41 | INFO     | [SUCCESS] Day 14JAN
2026-01-05 17:26:41 | INFO     | [SUCCESS] LF Search Complete
2026-01-05 17:26:43 | INFO     | [Worker_9234] Completed: TUU-CAI - 9 results, 0 errors
2026-01-05 17:26:43 | INFO     | [Worker_9234] Processing: ELQ-CAI
2026-01-05 17:26:43 | INFO     |   Tier 0: Range 1, Chunk 2/3 (9 days)
