2026-01-05 17:14:23 | INFO     | ======================================================================
2026-01-05 17:14:23 | INFO     | Load Factor Scraper Started - Route: TUU-ATZ
2026-01-05 17:14:23 | INFO     | Log file: D:\CODERED\LAB\market_insights\outputs\run_generated_050126_at_16.47\logs\LF_TUU-ATZ_20260105_171423.log
2026-01-05 17:14:23 | INFO     | Enhanced logging: Capturing both logging.info() and print()
2026-01-05 17:14:23 | INFO     | ======================================================================
2026-01-05 17:14:23 | INFO     | Starting LF search for route: TUU-ATZ
2026-01-05 17:14:23 | INFO     | [START] LF Search
2026-01-05 17:14:24 | INFO     | [HEALTH CHECK] [OK] Chrome connection is healthy
2026-01-05 17:14:24 | INFO     | [DAY_START] Processing 09FEB
2026-01-05 17:14:24 | INFO     | [lf.day.start] Processing TUU-ATZ for 09FEB
2026-01-05 17:14:25 | WARNING  | [lf.day.no_flights] No direct flights on 09FEB
2026-01-05 17:14:26 | INFO     | [SUCCESS] Day 09FEB
2026-01-05 17:14:26 | INFO     | [DAY_START] Processing 08FEB
2026-01-05 17:14:26 | INFO     | [lf.day.start] Processing TUU-ATZ for 08FEB
2026-01-05 17:14:27 | WARNING  | [lf.day.no_flights] No direct flights on 08FEB
2026-01-05 17:14:27 | INFO     | [SUCCESS] Day 08FEB
2026-01-05 17:14:27 | INFO     | [DAY_START] Processing 07FEB
2026-01-05 17:14:27 | INFO     | [lf.day.start] Processing TUU-ATZ for 07FEB
2026-01-05 17:14:28 | WARNING  | [lf.day.no_flights] No direct flights on 07FEB
2026-01-05 17:14:28 | INFO     | [SUCCESS] Day 07FEB
2026-01-05 17:14:28 | INFO     | [DAY_START] Processing 06FEB
2026-01-05 17:14:28 | INFO     | [lf.day.start] Processing TUU-ATZ for 06FEB
2026-01-05 17:14:29 | INFO     | [lf.day.flights_found] Found 1 flights on 06FEB
2026-01-05 17:14:32 | INFO     | [lf.flight.extracted] SM328 on 06FEB: BKG=4, LF=2.4%
2026-01-05 17:14:34 | INFO     | [SUCCESS] Day 06FEB
2026-01-05 17:14:34 | INFO     | [DAY_START] Processing 05FEB
2026-01-05 17:14:34 | INFO     | [lf.day.start] Processing TUU-ATZ for 05FEB
2026-01-05 17:14:35 | WARNING  | [lf.day.no_flights] No direct flights on 05FEB
2026-01-05 17:14:36 | INFO     | [SUCCESS] Day 05FEB
2026-01-05 17:14:36 | INFO     | [DAY_START] Processing 04FEB
2026-01-05 17:14:36 | INFO     | [lf.day.start] Processing TUU-ATZ for 04FEB
2026-01-05 17:14:37 | WARNING  | [lf.day.no_flights] No direct flights on 04FEB
2026-01-05 17:14:37 | INFO     | [SUCCESS] Day 04FEB
2026-01-05 17:14:37 | INFO     | [DAY_START] Processing 03FEB
2026-01-05 17:14:37 | INFO     | [lf.day.start] Processing TUU-ATZ for 03FEB
2026-01-05 17:14:38 | WARNING  | [lf.day.no_flights] No direct flights on 03FEB
2026-01-05 17:14:38 | INFO     | [SUCCESS] Day 03FEB
2026-01-05 17:14:38 | INFO     | [DAY_START] Processing 02FEB
2026-01-05 17:14:38 | INFO     | [lf.day.start] Processing TUU-ATZ for 02FEB
2026-01-05 17:14:39 | WARNING  | [lf.day.no_flights] No direct flights on 02FEB
2026-01-05 17:14:39 | INFO     | [SUCCESS] Day 02FEB
2026-01-05 17:14:39 | INFO     | [DAY_START] Processing 01FEB
2026-01-05 17:14:39 | INFO     | [lf.day.start] Processing TUU-ATZ for 01FEB
2026-01-05 17:14:40 | WARNING  | [lf.day.no_flights] No direct flights on 01FEB
2026-01-05 17:14:40 | INFO     | [SUCCESS] Day 01FEB
2026-01-05 17:14:40 | INFO     | [SUCCESS] LF Search Complete
2026-01-05 17:14:43 | INFO     | [Worker_9227] Completed: TUU-ATZ - 9 results, 0 errors
2026-01-05 17:14:43 | INFO     | [Worker_9227] Processing: AHB-CAI
2026-01-05 17:14:43 | INFO     |   Tier 0: Range 2, Chunk 3/3 (9 days)
