2026-01-05 17:13:56 | INFO     | ======================================================================
2026-01-05 17:13:56 | INFO     | Load Factor Scraper Started - Route: TUU-CAI
2026-01-05 17:13:56 | INFO     | Log file: D:\CODERED\LAB\market_insights\outputs\run_generated_050126_at_16.47\logs\LF_TUU-CAI_20260105_171356.log
2026-01-05 17:13:56 | INFO     | Enhanced logging: Capturing both logging.info() and print()
2026-01-05 17:13:56 | INFO     | ======================================================================
2026-01-05 17:13:56 | INFO     | Starting LF search for route: TUU-CAI
2026-01-05 17:13:56 | INFO     | [START] LF Search
2026-01-05 17:13:57 | INFO     | [HEALTH CHECK] [OK] Chrome connection is healthy
2026-01-05 17:13:57 | INFO     | [DAY_START] Processing 09FEB
2026-01-05 17:13:57 | INFO     | [lf.day.start] Processing TUU-CAI for 09FEB
2026-01-05 17:13:59 | WARNING  | [lf.day.no_flights] No direct flights on 09FEB
2026-01-05 17:13:59 | INFO     | [SUCCESS] Day 09FEB
2026-01-05 17:13:59 | INFO     | [DAY_START] Processing 08FEB
2026-01-05 17:13:59 | INFO     | [lf.day.start] Processing TUU-CAI for 08FEB
2026-01-05 17:14:00 | WARNING  | [lf.day.no_flights] No direct flights on 08FEB
2026-01-05 17:14:01 | INFO     | [SUCCESS] Day 08FEB
2026-01-05 17:14:01 | INFO     | [DAY_START] Processing 07FEB
2026-01-05 17:14:01 | INFO     | [lf.day.start] Processing TUU-CAI for 07FEB
2026-01-05 17:14:02 | INFO     | [lf.day.flights_found] Found 1 flights on 07FEB
2026-01-05 17:14:04 | INFO     | [lf.flight.extracted] SM326 on 07FEB: BKG=2, LF=2.1%
2026-01-05 17:14:07 | INFO     | [SUCCESS] Day 07FEB
2026-01-05 17:14:07 | INFO     | [DAY_START] Processing 06FEB
2026-01-05 17:14:07 | INFO     | [lf.day.start] Processing TUU-CAI for 06FEB
2026-01-05 17:14:08 | WARNING  | [lf.day.no_flights] No direct flights on 06FEB
2026-01-05 17:14:08 | INFO     | [SUCCESS] Day 06FEB
2026-01-05 17:14:08 | INFO     | [DAY_START] Processing 05FEB
2026-01-05 17:14:08 | INFO     | [lf.day.start] Processing TUU-CAI for 05FEB
2026-01-05 17:14:10 | INFO     | [lf.day.flights_found] Found 1 flights on 05FEB
2026-01-05 17:14:12 | INFO     | [lf.flight.extracted] SM326 on 05FEB: BKG=4, LF=2.3%
2026-01-05 17:14:16 | INFO     | [SUCCESS] Day 05FEB
2026-01-05 17:14:16 | INFO     | [DAY_START] Processing 04FEB
2026-01-05 17:14:16 | INFO     | [lf.day.start] Processing TUU-CAI for 04FEB
2026-01-05 17:14:18 | INFO     | [lf.day.flights_found] Found 1 flights on 04FEB
2026-01-05 17:14:21 | INFO     | [lf.flight.extracted] SM326 on 04FEB: BKG=0, LF=0.0%
2026-01-05 17:14:22 | INFO     | [SUCCESS] Day 04FEB
2026-01-05 17:14:22 | INFO     | [DAY_START] Processing 03FEB
2026-01-05 17:14:22 | INFO     | [lf.day.start] Processing TUU-CAI for 03FEB
2026-01-05 17:14:23 | WARNING  | [lf.day.no_flights] No direct flights on 03FEB
2026-01-05 17:14:23 | INFO     | [SUCCESS] Day 03FEB
2026-01-05 17:14:23 | INFO     | [DAY_START] Processing 02FEB
2026-01-05 17:14:23 | INFO     | [lf.day.start] Processing TUU-CAI for 02FEB
2026-01-05 17:14:25 | WARNING  | [lf.day.no_flights] No direct flights on 02FEB
2026-01-05 17:14:25 | INFO     | [SUCCESS] Day 02FEB
2026-01-05 17:14:25 | INFO     | [DAY_START] Processing 01FEB
2026-01-05 17:14:25 | INFO     | [lf.day.start] Processing TUU-CAI for 01FEB
2026-01-05 17:14:26 | WARNING  | [lf.day.no_flights] No direct flights on 01FEB
2026-01-05 17:14:26 | INFO     | [SUCCESS] Day 01FEB
2026-01-05 17:14:26 | INFO     | [SUCCESS] LF Search Complete
2026-01-05 17:14:28 | INFO     | [Worker_9225] Completed: TUU-CAI - 9 results, 0 errors
2026-01-05 17:14:28 | INFO     | [Worker_9225] Processing: YNB-CAI
2026-01-05 17:14:28 | INFO     |   Tier 0: Range 2, Chunk 3/3 (9 days)
