2026-01-05 17:32:35 | INFO     | ======================================================================
2026-01-05 17:32:35 | INFO     | Load Factor Scraper Started - Route: TUU-CAI
2026-01-05 17:32:35 | INFO     | Log file: D:\CODERED\LAB\market_insights\outputs\run_generated_050126_at_16.47\logs\LF_TUU-CAI_20260105_173235.log
2026-01-05 17:32:35 | INFO     | Enhanced logging: Capturing both logging.info() and print()
2026-01-05 17:32:35 | INFO     | ======================================================================
2026-01-05 17:32:35 | INFO     | Starting LF search for route: TUU-CAI
2026-01-05 17:32:35 | INFO     | [START] LF Search
2026-01-05 17:32:37 | INFO     | [HEALTH CHECK] [OK] Chrome connection is healthy
2026-01-05 17:32:37 | INFO     | [DAY_START] Processing 13JAN
2026-01-05 17:32:37 | INFO     | [lf.day.start] Processing TUU-CAI for 13JAN
2026-01-05 17:32:38 | WARNING  | [lf.day.no_flights] No direct flights on 13JAN
2026-01-05 17:32:38 | INFO     | [SUCCESS] Day 13JAN
2026-01-05 17:32:38 | INFO     | [DAY_START] Processing 12JAN
2026-01-05 17:32:38 | INFO     | [lf.day.start] Processing TUU-CAI for 12JAN
2026-01-05 17:32:39 | WARNING  | [lf.day.no_flights] No direct flights on 12JAN
2026-01-05 17:32:40 | INFO     | [SUCCESS] Day 12JAN
2026-01-05 17:32:40 | INFO     | [DAY_START] Processing 11JAN
2026-01-05 17:32:40 | INFO     | [lf.day.start] Processing TUU-CAI for 11JAN
2026-01-05 17:32:41 | WARNING  | [lf.day.no_flights] No direct flights on 11JAN
2026-01-05 17:32:41 | INFO     | [SUCCESS] Day 11JAN
2026-01-05 17:32:41 | INFO     | [DAY_START] Processing 10JAN
2026-01-05 17:32:41 | INFO     | [lf.day.start] Processing TUU-CAI for 10JAN
2026-01-05 17:32:42 | INFO     | [lf.day.flights_found] Found 1 flights on 10JAN
2026-01-05 17:32:45 | INFO     | [lf.flight.extracted] SM326 on 10JAN: BKG=59, LF=33.7%
2026-01-05 17:32:49 | INFO     | [SUCCESS] Day 10JAN
2026-01-05 17:32:49 | INFO     | [DAY_START] Processing 09JAN
2026-01-05 17:32:49 | INFO     | [lf.day.start] Processing TUU-CAI for 09JAN
2026-01-05 17:32:50 | WARNING  | [lf.day.no_flights] No direct flights on 09JAN
2026-01-05 17:32:51 | INFO     | [SUCCESS] Day 09JAN
2026-01-05 17:32:51 | INFO     | [DAY_START] Processing 08JAN
2026-01-05 17:32:51 | INFO     | [lf.day.start] Processing TUU-CAI for 08JAN
2026-01-05 17:32:52 | INFO     | [lf.day.flights_found] Found 1 flights on 08JAN
2026-01-05 17:32:55 | INFO     | [lf.flight.extracted] SM326 on 08JAN: BKG=106, LF=60.6%
2026-01-05 17:32:59 | INFO     | [SUCCESS] Day 08JAN
2026-01-05 17:32:59 | INFO     | [DAY_START] Processing 07JAN
2026-01-05 17:32:59 | INFO     | [lf.day.start] Processing TUU-CAI for 07JAN
2026-01-05 17:33:00 | INFO     | [lf.day.flights_found] Found 1 flights on 07JAN
2026-01-05 17:33:02 | INFO     | [lf.flight.extracted] SM326 on 07JAN: BKG=119, LF=68.0%
2026-01-05 17:33:11 | INFO     | [SUCCESS] Day 07JAN
2026-01-05 17:33:11 | INFO     | [DAY_START] Processing 06JAN
2026-01-05 17:33:11 | INFO     | [lf.day.start] Processing TUU-CAI for 06JAN
2026-01-05 17:33:12 | WARNING  | [lf.day.no_flights] No direct flights on 06JAN
2026-01-05 17:33:12 | INFO     | [SUCCESS] Day 06JAN
2026-01-05 17:33:12 | INFO     | [SUCCESS] LF Search Complete
2026-01-05 17:33:15 | INFO     | [Worker_9227] Completed: TUU-CAI - 8 results, 0 errors
2026-01-05 17:33:15 | INFO     | [Worker_9227] Processing: AJF-ATZ
2026-01-05 17:33:15 | INFO     |   Tier 0: Range 1, Chunk 3/3 (9 days)
