2026-01-05 16:59:28 | INFO     | ======================================================================
2026-01-05 16:59:28 | INFO     | Load Factor Scraper Started - Route: YNB-CAI
2026-01-05 16:59:28 | INFO     | Log file: D:\CODERED\LAB\market_insights\outputs\run_generated_050126_at_16.47\logs\LF_YNB-CAI_20260105_165928.log
2026-01-05 16:59:28 | INFO     | Enhanced logging: Capturing both logging.info() and print()
2026-01-05 16:59:28 | INFO     | ======================================================================
2026-01-05 16:59:28 | INFO     | Starting LF search for route: YNB-CAI
2026-01-05 16:59:28 | INFO     | [START] LF Search
2026-01-05 16:59:29 | INFO     | [HEALTH CHECK] [OK] Chrome connection is healthy
2026-01-05 16:59:29 | INFO     | [DAY_START] Processing 07MAR
2026-01-05 16:59:29 | INFO     | [lf.day.start] Processing YNB-CAI for 07MAR
2026-01-05 16:59:30 | INFO     | [lf.day.flights_found] Found 1 flights on 07MAR
2026-01-05 16:59:32 | INFO     | [lf.flight.extracted] SM442 on 07MAR: BKG=9, LF=5.2%
2026-01-05 16:59:35 | INFO     | [SUCCESS] Day 07MAR
2026-01-05 16:59:35 | INFO     | [DAY_START] Processing 06MAR
2026-01-05 16:59:35 | INFO     | [lf.day.start] Processing YNB-CAI for 06MAR
2026-01-05 16:59:36 | INFO     | [lf.day.flights_found] Found 1 flights on 06MAR
2026-01-05 16:59:38 | INFO     | [lf.flight.extracted] SM442 on 06MAR: BKG=21, LF=12.0%
2026-01-05 16:59:42 | INFO     | [SUCCESS] Day 06MAR
2026-01-05 16:59:42 | INFO     | [DAY_START] Processing 05MAR
2026-01-05 16:59:42 | INFO     | [lf.day.start] Processing YNB-CAI for 05MAR
2026-01-05 16:59:43 | INFO     | [lf.day.flights_found] Found 1 flights on 05MAR
2026-01-05 16:59:45 | INFO     | [lf.flight.extracted] SM442 on 05MAR: BKG=79, LF=45.1%
2026-01-05 16:59:50 | INFO     | [SUCCESS] Day 05MAR
2026-01-05 16:59:50 | INFO     | [DAY_START] Processing 04MAR
2026-01-05 16:59:50 | INFO     | [lf.day.start] Processing YNB-CAI for 04MAR
2026-01-05 16:59:51 | INFO     | [lf.day.flights_found] Found 1 flights on 04MAR
2026-01-05 16:59:53 | INFO     | [lf.flight.extracted] SM442 on 04MAR: BKG=46, LF=26.3%
2026-01-05 16:59:58 | INFO     | [SUCCESS] Day 04MAR
2026-01-05 16:59:58 | INFO     | [DAY_START] Processing 03MAR
2026-01-05 16:59:58 | INFO     | [lf.day.start] Processing YNB-CAI for 03MAR
2026-01-05 16:59:59 | INFO     | [lf.day.flights_found] Found 1 flights on 03MAR
2026-01-05 17:00:01 | INFO     | [lf.flight.extracted] SM442 on 03MAR: BKG=41, LF=23.4%
2026-01-05 17:00:05 | INFO     | [SUCCESS] Day 03MAR
2026-01-05 17:00:05 | INFO     | [DAY_START] Processing 02MAR
2026-01-05 17:00:05 | INFO     | [lf.day.start] Processing YNB-CAI for 02MAR
2026-01-05 17:00:06 | INFO     | [lf.day.flights_found] Found 1 flights on 02MAR
2026-01-05 17:00:08 | INFO     | [lf.flight.extracted] SM442 on 02MAR: BKG=21, LF=12.0%
2026-01-05 17:00:11 | INFO     | [SUCCESS] Day 02MAR
2026-01-05 17:00:11 | INFO     | [DAY_START] Processing 01MAR
2026-01-05 17:00:11 | INFO     | [lf.day.start] Processing YNB-CAI for 01MAR
2026-01-05 17:00:13 | INFO     | [lf.day.flights_found] Found 1 flights on 01MAR
2026-01-05 17:00:15 | INFO     | [lf.flight.extracted] SM442 on 01MAR: BKG=19, LF=10.9%
2026-01-05 17:00:17 | INFO     | [SUCCESS] Day 01MAR
2026-01-05 17:00:17 | INFO     | [SUCCESS] LF Search Complete
2026-01-05 17:00:19 | INFO     | [Worker_9222] Completed: YNB-CAI - 7 results, 0 errors
2026-01-05 17:00:19 | INFO     | [Worker_9222] Processing: ASW-JED
2026-01-05 17:00:19 | INFO     |   Tier 0: Range 3, Chunk 4/4 (7 days)
