2026-01-05 17:33:22 | INFO     | ======================================================================
2026-01-05 17:33:22 | INFO     | Load Factor Scraper Started - Route: YNB-CAI
2026-01-05 17:33:22 | INFO     | Log file: D:\CODERED\LAB\market_insights\outputs\run_generated_050126_at_16.47\logs\LF_YNB-CAI_20260105_173322.log
2026-01-05 17:33:22 | INFO     | Enhanced logging: Capturing both logging.info() and print()
2026-01-05 17:33:22 | INFO     | ======================================================================
2026-01-05 17:33:22 | INFO     | Starting LF search for route: YNB-CAI
2026-01-05 17:33:22 | INFO     | [START] LF Search
2026-01-05 17:33:23 | INFO     | [HEALTH CHECK] [OK] Chrome connection is healthy
2026-01-05 17:33:23 | INFO     | [DAY_START] Processing 13JAN
2026-01-05 17:33:23 | INFO     | [lf.day.start] Processing YNB-CAI for 13JAN
2026-01-05 17:33:25 | INFO     | [lf.day.flights_found] Found 1 flights on 13JAN
2026-01-05 17:33:27 | INFO     | [lf.flight.extracted] SM442 on 13JAN: BKG=157, LF=89.7%
2026-01-05 17:33:34 | INFO     | [SUCCESS] Day 13JAN
2026-01-05 17:33:34 | INFO     | [DAY_START] Processing 12JAN
2026-01-05 17:33:34 | INFO     | [lf.day.start] Processing YNB-CAI for 12JAN
2026-01-05 17:33:35 | INFO     | [lf.day.flights_found] Found 1 flights on 12JAN
2026-01-05 17:33:37 | INFO     | [lf.flight.extracted] SM442 on 12JAN: BKG=178, LF=101.7%
2026-01-05 17:33:43 | INFO     | [SUCCESS] Day 12JAN
2026-01-05 17:33:43 | INFO     | [DAY_START] Processing 11JAN
2026-01-05 17:33:43 | INFO     | [lf.day.start] Processing YNB-CAI for 11JAN
2026-01-05 17:33:44 | INFO     | [lf.day.flights_found] Found 1 flights on 11JAN
2026-01-05 17:33:46 | INFO     | [lf.flight.extracted] SM442 on 11JAN: BKG=123, LF=70.3%
2026-01-05 17:33:53 | INFO     | [SUCCESS] Day 11JAN
2026-01-05 17:33:53 | INFO     | [DAY_START] Processing 10JAN
2026-01-05 17:33:53 | INFO     | [lf.day.start] Processing YNB-CAI for 10JAN
2026-01-05 17:33:54 | INFO     | [lf.day.flights_found] Found 1 flights on 10JAN
2026-01-05 17:33:57 | INFO     | [lf.flight.extracted] SM442 on 10JAN: BKG=175, LF=100.0%
2026-01-05 17:34:03 | INFO     | [SUCCESS] Day 10JAN
2026-01-05 17:34:03 | INFO     | [DAY_START] Processing 09JAN
2026-01-05 17:34:03 | INFO     | [lf.day.start] Processing YNB-CAI for 09JAN
2026-01-05 17:34:04 | INFO     | [lf.day.flights_found] Found 1 flights on 09JAN
2026-01-05 17:34:06 | INFO     | [lf.flight.extracted] SM442 on 09JAN: BKG=163, LF=93.1%
2026-01-05 17:34:15 | INFO     | [SUCCESS] Day 09JAN
2026-01-05 17:34:15 | INFO     | [DAY_START] Processing 08JAN
2026-01-05 17:34:15 | INFO     | [lf.day.start] Processing YNB-CAI for 08JAN
2026-01-05 17:34:16 | INFO     | [lf.day.flights_found] Found 1 flights on 08JAN
2026-01-05 17:34:19 | INFO     | [lf.flight.extracted] SM442 on 08JAN: BKG=167, LF=95.4%
2026-01-05 17:34:24 | INFO     | [SUCCESS] Day 08JAN
2026-01-05 17:34:24 | INFO     | [DAY_START] Processing 07JAN
2026-01-05 17:34:24 | INFO     | [lf.day.start] Processing YNB-CAI for 07JAN
2026-01-05 17:34:25 | INFO     | [lf.day.flights_found] Found 1 flights on 07JAN
2026-01-05 17:34:28 | INFO     | [lf.flight.extracted] SM442 on 07JAN: BKG=170, LF=95.5%
2026-01-05 17:34:34 | INFO     | [SUCCESS] Day 07JAN
2026-01-05 17:34:34 | INFO     | [DAY_START] Processing 06JAN
2026-01-05 17:34:34 | INFO     | [lf.day.start] Processing YNB-CAI for 06JAN
2026-01-05 17:34:35 | INFO     | [lf.day.flights_found] Found 1 flights on 06JAN
2026-01-05 17:34:37 | INFO     | [lf.flight.extracted] SM442 on 06JAN: BKG=172, LF=100.0%
2026-01-05 17:34:43 | INFO     | [SUCCESS] Day 06JAN
2026-01-05 17:34:43 | INFO     | [SUCCESS] LF Search Complete
2026-01-05 17:34:45 | INFO     | [Worker_9234] Completed: YNB-CAI - 8 results, 0 errors
2026-01-05 17:34:45 | INFO     | [Worker_9234] Processing: ATZ-JED
2026-01-05 17:34:45 | INFO     |   Tier 0: Range 1, Chunk 3/3 (9 days)
