2026-01-05 17:20:18 | INFO     | ======================================================================
2026-01-05 17:20:18 | INFO     | Load Factor Scraper Started - Route: YNB-CAI
2026-01-05 17:20:18 | INFO     | Log file: D:\CODERED\LAB\market_insights\outputs\run_generated_050126_at_16.47\logs\LF_YNB-CAI_20260105_172018.log
2026-01-05 17:20:18 | INFO     | Enhanced logging: Capturing both logging.info() and print()
2026-01-05 17:20:18 | INFO     | ======================================================================
2026-01-05 17:20:18 | INFO     | Starting LF search for route: YNB-CAI
2026-01-05 17:20:18 | INFO     | [START] LF Search
2026-01-05 17:20:20 | INFO     | [HEALTH CHECK] [OK] Chrome connection is healthy
2026-01-05 17:20:20 | INFO     | [DAY_START] Processing 31JAN
2026-01-05 17:20:20 | INFO     | [lf.day.start] Processing YNB-CAI for 31JAN
2026-01-05 17:20:22 | INFO     | [lf.day.flights_found] Found 1 flights on 31JAN
2026-01-05 17:20:25 | INFO     | [lf.flight.extracted] SM442 on 31JAN: BKG=101, LF=57.7%
2026-01-05 17:20:31 | INFO     | [SUCCESS] Day 31JAN
2026-01-05 17:20:31 | INFO     | [DAY_START] Processing 30JAN
2026-01-05 17:20:31 | INFO     | [lf.day.start] Processing YNB-CAI for 30JAN
2026-01-05 17:20:33 | INFO     | [lf.day.flights_found] Found 1 flights on 30JAN
2026-01-05 17:20:37 | INFO     | [lf.flight.extracted] SM442 on 30JAN: BKG=132, LF=75.4%
2026-01-05 17:20:43 | INFO     | [SUCCESS] Day 30JAN
2026-01-05 17:20:43 | INFO     | [DAY_START] Processing 29JAN
2026-01-05 17:20:43 | INFO     | [lf.day.start] Processing YNB-CAI for 29JAN
2026-01-05 17:20:45 | INFO     | [lf.day.flights_found] Found 1 flights on 29JAN
2026-01-05 17:20:47 | INFO     | [lf.flight.extracted] SM442 on 29JAN: BKG=158, LF=90.3%
2026-01-05 17:20:52 | INFO     | [SUCCESS] Day 29JAN
2026-01-05 17:20:52 | INFO     | [DAY_START] Processing 28JAN
2026-01-05 17:20:52 | INFO     | [lf.day.start] Processing YNB-CAI for 28JAN
2026-01-05 17:20:54 | INFO     | [lf.day.flights_found] Found 1 flights on 28JAN
2026-01-05 17:20:56 | INFO     | [lf.flight.extracted] SM442 on 28JAN: BKG=160, LF=91.4%
2026-01-05 17:21:01 | INFO     | [SUCCESS] Day 28JAN
2026-01-05 17:21:01 | INFO     | [DAY_START] Processing 27JAN
2026-01-05 17:21:01 | INFO     | [lf.day.start] Processing YNB-CAI for 27JAN
2026-01-05 17:21:02 | INFO     | [lf.day.flights_found] Found 1 flights on 27JAN
2026-01-05 17:21:04 | INFO     | [lf.flight.extracted] SM442 on 27JAN: BKG=172, LF=100.0%
2026-01-05 17:21:09 | INFO     | [SUCCESS] Day 27JAN
2026-01-05 17:21:09 | INFO     | [DAY_START] Processing 26JAN
2026-01-05 17:21:09 | INFO     | [lf.day.start] Processing YNB-CAI for 26JAN
2026-01-05 17:21:10 | INFO     | [lf.day.flights_found] Found 1 flights on 26JAN
2026-01-05 17:21:13 | INFO     | [lf.flight.extracted] SM442 on 26JAN: BKG=99, LF=56.6%
2026-01-05 17:21:17 | INFO     | [SUCCESS] Day 26JAN
2026-01-05 17:21:17 | INFO     | [DAY_START] Processing 25JAN
2026-01-05 17:21:17 | INFO     | [lf.day.start] Processing YNB-CAI for 25JAN
2026-01-05 17:21:19 | INFO     | [lf.day.flights_found] Found 1 flights on 25JAN
2026-01-05 17:21:21 | INFO     | [lf.flight.extracted] SM442 on 25JAN: BKG=100, LF=59.9%
2026-01-05 17:21:26 | INFO     | [SUCCESS] Day 25JAN
2026-01-05 17:21:26 | INFO     | [DAY_START] Processing 24JAN
2026-01-05 17:21:26 | INFO     | [lf.day.start] Processing YNB-CAI for 24JAN
2026-01-05 17:21:28 | INFO     | [lf.day.flights_found] Found 1 flights on 24JAN
2026-01-05 17:21:30 | INFO     | [lf.flight.extracted] SM442 on 24JAN: BKG=160, LF=91.4%
2026-01-05 17:21:38 | INFO     | [SUCCESS] Day 24JAN
2026-01-05 17:21:38 | INFO     | [DAY_START] Processing 23JAN
2026-01-05 17:21:38 | INFO     | [lf.day.start] Processing YNB-CAI for 23JAN
2026-01-05 17:21:40 | INFO     | [lf.day.flights_found] Found 1 flights on 23JAN
2026-01-05 17:21:42 | INFO     | [lf.flight.extracted] SM442 on 23JAN: BKG=48, LF=27.4%
2026-01-05 17:21:49 | INFO     | [SUCCESS] Day 23JAN
2026-01-05 17:21:49 | INFO     | [SUCCESS] LF Search Complete
2026-01-05 17:21:51 | INFO     | [Worker_9222] Completed: YNB-CAI - 9 results, 0 errors
2026-01-05 17:21:51 | INFO     | [Worker_9222] Processing: ASW-JED
2026-01-05 17:21:51 | INFO     |   Tier 0: Range 1, Chunk 1/3 (9 days)
