
============================================================
     LF WORKER - PORT 9227
============================================================
Worker: Worker_9227
Status: READY
Waiting for tasks...
============================================================


============================================================
[Worker_9227] Processing: JED-CAI
  Tier 0: Range 2, Chunk 2/2
  Dates: 5 days
  Date Range: 2026-01-15 to 2026-01-11
============================================================

2025-12-28 07:10:04 | INFO     | ======================================================================
2025-12-28 07:10:04 | INFO     | Load Factor Scraper Started - Route: JED-CAI
2025-12-28 07:10:04 | INFO     | Log file: D:\CODERED\LAB\market_insights\outputs\run_generated_281225_at_07.09\logs\LF_JED-CAI_20251228_071004.log
2025-12-28 07:10:04 | INFO     | Enhanced logging: Capturing both logging.info() and print()
2025-12-28 07:10:04 | INFO     | ======================================================================
[LF] Processing dates (override): ['15JAN', '14JAN', '13JAN', '12JAN', '11JAN']
[LF] Attaching to Chrome for Altea access
[LF][[OK] SUCCESS] Connected to Chrome on 127.0.0.1:9227 (after 1 attempts)
[LF][[OK] SUCCESS] Found Amadeus Altea window: Altéa Reservation Desktop
[LF][[INFO] INFO] URL: https://tc212.resdesktop.altea.amadeus.com/app_ard/apf/init/login?SITE=ESMPESMP&LANGUAGE=GB&MARKETS=ARDW_PROD_WBP&ACTION=clpLogin
[LF] Processing JED-CAI for 15JAN
[LF][ERROR] Amadeus command error detected: UNKNOWN TRANSACTION
[LF][ERROR] Command: SN15JANJEDCAI/ASM
[LF][RESYNC] Triggering immediate resync to last successful SN command
============================================================
[LF][RESYNC] Command 'SN15JANJEDCAI/ASM' failed: TECH_ERROR:UNKNOWN TRANSACTION
[LF][RESYNC] Re-running entire day from SN command for JED-CAI 15JAN
[LF][RESYNC] Attempt 1/50 (waiting 1.0s before retry...)
============================================================
[LF][RESYNC] Sending IG to clear session state...
[LF][RESYNC] Session cleared with IG
[LF] Processing JED-CAI for 15JAN
[LF] 15JAN: found 6 direct flights
[LF] SM472 15JAN: BKG=55, GRP=45, CAP=167, LF%=32.9%, Brd-Off=JED-CAI, Classes: P:45, U:9, X:1
[LF] SM450 15JAN: BKG=1, GRP=0, CAP=167, LF%=0.6%, Brd-Off=JED-CAI, Classes: U:1
[LF] SM476 15JAN: BKG=0, GRP=0, CAP=167, LF%=0.0%, Brd-Off=JED-CAI
[LF] SM432 15JAN: BKG=0, GRP=0, CAP=164, LF%=0.0%, Brd-Off=JED-CAI
[LF] SM478 15JAN: BKG=103, GRP=94, CAP=167, LF%=61.7%, Brd-Off=JED-CAI, Classes: P:94, U:9
[LF] SM480 15JAN: BKG=101, GRP=92, CAP=167, LF%=60.5%, Brd-Off=JED-CAI, Classes: P:92, U:7, S:1, L:1
[LF] Getting WEEKLY/LASTSOLD data for 4 flights
[LF] SM472 15JAN: LASTSOLD=2025-12-15 00:00:00, WEEKLY=0, TODAY=0, YDAY=0
[LF] SM450 15JAN: LASTSOLD=2025-11-03 00:00:00, WEEKLY=0, TODAY=0, YDAY=0
[LF] SM478 15JAN: LASTSOLD=2025-12-13 00:00:00, WEEKLY=0, TODAY=0, YDAY=0
[LF] SM480 15JAN: LASTSOLD=2025-12-27 00:00:00, WEEKLY=6, TODAY=0, YDAY=2
[LF] Processing JED-CAI for 14JAN
[LF] 14JAN: found 4 direct flights
[LF] SM476 14JAN: BKG=54, GRP=48, CAP=167, LF%=32.3%, Brd-Off=JED-CAI, Classes: P:48, U:6
[LF] SM478 14JAN: BKG=108, GRP=96, CAP=164, LF%=65.8%, Brd-Off=JED-CAI, Classes: P:51, E:45, U:10, X:2
[LF] SM460 14JAN: BKG=145, GRP=135, CAP=167, LF%=86.8%, Brd-Off=JED-CAI, Classes: P:135, U:10
[LF] SM424 14JAN: BKG=8, GRP=0, CAP=167, LF%=4.8%, Brd-Off=JED-CAI, Classes: I:4, U:3, G:1
[LF] Getting WEEKLY/LASTSOLD data for 4 flights
[LF] SM476 14JAN: LASTSOLD=2025-12-23 00:00:00, WEEKLY=1, TODAY=0, YDAY=0
[LF] SM478 14JAN: LASTSOLD=2025-12-18 00:00:00, WEEKLY=0, TODAY=0, YDAY=0
[LF] SM460 14JAN: LASTSOLD=2025-12-14 00:00:00, WEEKLY=0, TODAY=0, YDAY=0
[LF] SM424 14JAN: LASTSOLD=2025-12-22 00:00:00, WEEKLY=1, TODAY=0, YDAY=0
[LF] Processing JED-CAI for 13JAN
[LF] 13JAN: found 6 direct flights
[LF] SM472 13JAN: BKG=53, GRP=50, CAP=167, LF%=31.7%, Brd-Off=JED-CAI, Classes: P:50, U:3
[LF] SM480 13JAN: BKG=107, GRP=90, CAP=167, LF%=64.1%, Brd-Off=JED-CAI, Classes: P:45, E:45, U:10, X:6, K:1
[LF] SM478 13JAN: BKG=141, GRP=131, CAP=167, LF%=84.4%, Brd-Off=JED-CAI, Classes: P:131, U:10
[LF] SM460 13JAN: BKG=100, GRP=90, CAP=164, LF%=61.0%, Brd-Off=JED-CAI, Classes: N:2, P:90, U:8
[LF] SM424 13JAN: BKG=51, GRP=46, CAP=167, LF%=30.5%, Brd-Off=JED-CAI, Classes: P:46, I:2, U:3
[LF] SM476 13JAN: BKG=81, GRP=80, CAP=167, LF%=48.5%, Brd-Off=JED-CAI, Classes: P:80, U:1
[LF] Getting WEEKLY/LASTSOLD data for 6 flights
[LF] SM472 13JAN: LASTSOLD=2025-12-22 00:00:00, WEEKLY=1, TODAY=0, YDAY=0
[LF] SM480 13JAN: LASTSOLD=2025-12-27 00:00:00, WEEKLY=16, TODAY=0, YDAY=3
[LF] SM478 13JAN: LASTSOLD=2025-12-22 00:00:00, WEEKLY=2, TODAY=0, YDAY=0
[LF] SM460 13JAN: LASTSOLD=2025-12-14 00:00:00, WEEKLY=0, TODAY=0, YDAY=0
[LF] SM424 13JAN: LASTSOLD=2025-12-15 00:00:00, WEEKLY=0, TODAY=0, YDAY=0
[LF] SM476 13JAN: LASTSOLD=2025-12-05 00:00:00, WEEKLY=0, TODAY=0, YDAY=0
[LF] Processing JED-CAI for 12JAN
[LF] 12JAN: found 4 direct flights
[LF] SM480 12JAN: BKG=139, GRP=131, CAP=164, LF%=84.8%, Brd-Off=JED-CAI, Classes: P:131, U:7, W:1
[LF] SM476 12JAN: BKG=123, GRP=117, CAP=167, LF%=73.7%, Brd-Off=JED-CAI, Classes: P:117, U:4, G:1, K:1
[LF] SM478 12JAN: BKG=142, GRP=130, CAP=167, LF%=85.0%, Brd-Off=JED-CAI, Classes: P:130, U:10, S:1, K:1
[LPC] SM478 12JAN: Found 0 outbound flights with connecting passengers
[LF] SM460 12JAN: BKG=123, GRP=113, CAP=167, LF%=73.7%, Brd-Off=JED-CAI, Classes: P:113, U:8, G:1, L:1
[LPC] SM460 12JAN: Found 0 outbound flights with connecting passengers
[LF] Getting WEEKLY/LASTSOLD data for 4 flights
[LF] SM480 12JAN: LASTSOLD=2025-12-24 00:00:00, WEEKLY=1, TODAY=0, YDAY=0
[LF] SM476 12JAN: LASTSOLD=2025-12-26 00:00:00, WEEKLY=2, TODAY=0, YDAY=0
[LF] SM478 12JAN: LASTSOLD=2025-12-24 00:00:00, WEEKLY=8, TODAY=0, YDAY=0
[LF] SM460 12JAN: LASTSOLD=2025-12-23 00:00:00, WEEKLY=5, TODAY=0, YDAY=0
[LF] Processing JED-CAI for 11JAN
[LF] 11JAN: found 5 direct flights
[LF] SM424 11JAN: BKG=146, GRP=130, CAP=167, LF%=87.4%, Brd-Off=JED-CAI, Classes: N:1, P:67, E:62, U:10, V:6
[LPC] SM424 11JAN: Found 1 outbound flights with connecting passengers
[LF] SM476 11JAN: BKG=81, GRP=66, CAP=167, LF%=48.5%, Brd-Off=JED-CAI, Classes: P:66, U:10, S:5
[LF] SM432 11JAN: BKG=154, GRP=140, CAP=167, LF%=92.2%, Brd-Off=JED-CAI, Classes: P:140, O:8, X:6
[LF] SM460 11JAN: BKG=120, GRP=94, CAP=167, LF%=71.9%, Brd-Off=JED-CAI, Classes: P:94, I:7, O:7, U:7, X:5
[LF] SM478 11JAN: BKG=159, GRP=137, CAP=164, LF%=97.0%, Brd-Off=JED-CAI, Classes: P:43, E:94, U:10, X:8, S:4
[LF] Getting WEEKLY/LASTSOLD data for 5 flights
[LF] SM424 11JAN: LASTSOLD=2025-12-19 00:00:00, WEEKLY=0, TODAY=0, YDAY=0
[LF] SM476 11JAN: LASTSOLD=2025-12-26 00:00:00, WEEKLY=6, TODAY=0, YDAY=0
[LF] SM432 11JAN: LASTSOLD=2025-12-27 00:00:00, WEEKLY=4, TODAY=0, YDAY=2
[LF] SM460 11JAN: LASTSOLD=2025-12-23 00:00:00, WEEKLY=2, TODAY=0, YDAY=0
[LF] SM478 11JAN: LASTSOLD=2025-12-21 00:00:00, WEEKLY=41, TODAY=0, YDAY=0
[LF] Results summary:
  2026-01-15: 6 flights
  2026-01-14: 4 flights
  2026-01-13: 6 flights
  2026-01-12: 4 flights
  2026-01-11: 5 flights

============================================================
[Worker_9227] ✓ COMPLETED: JED-CAI
  Results: 5 dates
  Errors: 0 dates
  Total Processed: 1 groups
============================================================

[Worker_9227] Waiting for tasks...

============================================================
[Worker_9227] Shutdown signal received
Exiting...
============================================================

============================================================
[Worker_9227] FINISHED
  Total Groups Processed: 1
============================================================

