2025-12-28 07:11:18 | INFO     | ======================================================================
2025-12-28 07:11:18 | INFO     | Load Factor Scraper Started - Route: ATZ-GIZ
2025-12-28 07:11:18 | INFO     | Log file: D:\CODERED\LAB\market_insights\outputs\run_generated_281225_at_07.09\logs\LF_ATZ-GIZ_20251228_071118.log
2025-12-28 07:11:18 | INFO     | Enhanced logging: Capturing both logging.info() and print()
2025-12-28 07:11:18 | INFO     | ======================================================================
2025-12-28 07:11:18 | INFO     | Starting LF search for route: ATZ-GIZ
2025-12-28 07:11:18 | INFO     | [START] LF Search
2025-12-28 07:11:21 | INFO     | [HEALTH CHECK] [OK] Chrome connection is healthy
2025-12-28 07:11:21 | INFO     | [DAY_START] Processing 10JAN
2025-12-28 07:11:21 | INFO     | [lf.day.start] Processing ATZ-GIZ for 10JAN
2025-12-28 07:11:22 | WARNING  | [lf.day.no_flights] No direct flights on 10JAN
2025-12-28 07:11:23 | INFO     | [SUCCESS] Day 10JAN
2025-12-28 07:11:23 | INFO     | [DAY_START] Processing 09JAN
2025-12-28 07:11:23 | INFO     | [lf.day.start] Processing ATZ-GIZ for 09JAN
2025-12-28 07:11:24 | WARNING  | [lf.day.no_flights] No direct flights on 09JAN
2025-12-28 07:11:24 | INFO     | [SUCCESS] Day 09JAN
2025-12-28 07:11:24 | INFO     | [DAY_START] Processing 08JAN
2025-12-28 07:11:24 | INFO     | [lf.day.start] Processing ATZ-GIZ for 08JAN
2025-12-28 07:11:25 | WARNING  | [lf.day.no_flights] No direct flights on 08JAN
2025-12-28 07:11:25 | INFO     | [SUCCESS] Day 08JAN
2025-12-28 07:11:25 | INFO     | [DAY_START] Processing 07JAN
2025-12-28 07:11:25 | INFO     | [lf.day.start] Processing ATZ-GIZ for 07JAN
2025-12-28 07:11:26 | WARNING  | [lf.day.no_flights] No direct flights on 07JAN
2025-12-28 07:11:26 | INFO     | [SUCCESS] Day 07JAN
2025-12-28 07:11:26 | INFO     | [DAY_START] Processing 06JAN
2025-12-28 07:11:26 | INFO     | [lf.day.start] Processing ATZ-GIZ for 06JAN
2025-12-28 07:11:27 | WARNING  | [lf.day.no_flights] No direct flights on 06JAN
2025-12-28 07:11:28 | INFO     | [SUCCESS] Day 06JAN
2025-12-28 07:11:28 | INFO     | [DAY_START] Processing 05JAN
2025-12-28 07:11:28 | INFO     | [lf.day.start] Processing ATZ-GIZ for 05JAN
2025-12-28 07:11:29 | WARNING  | [lf.day.no_flights] No direct flights on 05JAN
2025-12-28 07:11:29 | INFO     | [SUCCESS] Day 05JAN
2025-12-28 07:11:29 | INFO     | [DAY_START] Processing 04JAN
2025-12-28 07:11:29 | INFO     | [lf.day.start] Processing ATZ-GIZ for 04JAN
2025-12-28 07:11:30 | WARNING  | [lf.day.no_flights] No direct flights on 04JAN
2025-12-28 07:11:30 | INFO     | [SUCCESS] Day 04JAN
2025-12-28 07:11:30 | INFO     | [SUCCESS] LF Search Complete
2025-12-28 07:11:32 | INFO     | [Worker_9226] Completed: ATZ-GIZ - 7 results, 0 errors
2025-12-28 07:11:32 | INFO     | [Worker_9226] Processing: HBE-MED
2025-12-28 07:11:32 | INFO     |   Tier 0: Range 1, Chunk 2/2 (7 days)
