2025-12-28 07:11:25 | INFO     | ======================================================================
2025-12-28 07:11:25 | INFO     | Load Factor Scraper Started - Route: JED-ATZ
2025-12-28 07:11:25 | INFO     | Log file: D:\CODERED\LAB\market_insights\outputs\run_generated_281225_at_07.09\logs\LF_JED-ATZ_20251228_071125.log
2025-12-28 07:11:25 | INFO     | Enhanced logging: Capturing both logging.info() and print()
2025-12-28 07:11:25 | INFO     | ======================================================================
2025-12-28 07:11:25 | INFO     | Starting LF search for route: JED-ATZ
2025-12-28 07:11:25 | INFO     | [START] LF Search
2025-12-28 07:11:27 | INFO     | [HEALTH CHECK] [OK] Chrome connection is healthy
2025-12-28 07:11:27 | INFO     | [DAY_START] Processing 03JAN
2025-12-28 07:11:27 | INFO     | [lf.day.start] Processing JED-ATZ for 03JAN
2025-12-28 07:11:28 | INFO     | [lf.day.flights_found] Found 3 flights on 03JAN
2025-12-28 07:11:30 | INFO     | [lf.flight.extracted] SM492 on 03JAN: BKG=162, LF=91.0%
2025-12-28 07:11:34 | INFO     | [lf.flight.extracted] SM454 on 03JAN: BKG=162, LF=91.0%
2025-12-28 07:11:37 | INFO     | [lf.flight.extracted] SM456 on 03JAN: BKG=130, LF=77.8%
2025-12-28 07:11:53 | INFO     | [SUCCESS] Day 03JAN
2025-12-28 07:11:53 | INFO     | [DAY_START] Processing 02JAN
2025-12-28 07:11:53 | INFO     | [lf.day.start] Processing JED-ATZ for 02JAN
2025-12-28 07:11:54 | INFO     | [lf.day.flights_found] Found 1 flights on 02JAN
2025-12-28 07:11:56 | INFO     | [lf.flight.extracted] SM492 on 02JAN: BKG=166, LF=99.4%
2025-12-28 07:12:01 | INFO     | [SUCCESS] Day 02JAN
2025-12-28 07:12:01 | INFO     | [DAY_START] Processing 01JAN
2025-12-28 07:12:01 | INFO     | [lf.day.start] Processing JED-ATZ for 01JAN
2025-12-28 07:12:02 | INFO     | [lf.day.flights_found] Found 3 flights on 01JAN
2025-12-28 07:12:04 | INFO     | [lf.flight.extracted] SM422 on 01JAN: BKG=148, LF=88.6%
2025-12-28 07:12:08 | INFO     | [lf.flight.extracted] SM454 on 01JAN: BKG=108, LF=64.7%
2025-12-28 07:12:11 | INFO     | [lf.flight.extracted] SM456 on 01JAN: BKG=126, LF=75.4%
2025-12-28 07:12:26 | INFO     | [SUCCESS] Day 01JAN
2025-12-28 07:12:26 | INFO     | [DAY_START] Processing 31DEC
2025-12-28 07:12:26 | INFO     | [lf.day.start] Processing JED-ATZ for 31DEC
2025-12-28 07:12:28 | INFO     | [lf.day.flights_found] Found 2 flights on 31DEC
2025-12-28 07:12:30 | INFO     | [lf.flight.extracted] SM454 on 31DEC: BKG=171, LF=96.1%
2025-12-28 07:12:34 | INFO     | [lf.flight.extracted] SM492 on 31DEC: BKG=179, LF=107.2%
2025-12-28 07:12:45 | INFO     | [SUCCESS] Day 31DEC
2025-12-28 07:12:45 | INFO     | [DAY_START] Processing 30DEC
2025-12-28 07:12:45 | INFO     | [lf.day.start] Processing JED-ATZ for 30DEC
2025-12-28 07:12:46 | INFO     | [lf.day.flights_found] Found 2 flights on 30DEC
2025-12-28 07:12:48 | INFO     | [lf.flight.extracted] SM454 on 30DEC: BKG=168, LF=100.6%
2025-12-28 07:12:51 | INFO     | [lf.flight.extracted] SM456 on 30DEC: BKG=170, LF=95.5%
2025-12-28 07:13:02 | INFO     | [SUCCESS] Day 30DEC
2025-12-28 07:13:02 | INFO     | [DAY_START] Processing 29DEC
2025-12-28 07:13:02 | INFO     | [lf.day.start] Processing JED-ATZ for 29DEC
2025-12-28 07:13:03 | INFO     | [lf.day.flights_found] Found 3 flights on 29DEC
2025-12-28 07:13:05 | INFO     | [lf.flight.extracted] SM492 on 29DEC: BKG=138, LF=82.6%
2025-12-28 07:13:08 | INFO     | [lf.flight.extracted] SM456 on 29DEC: BKG=152, LF=91.0%
2025-12-28 07:13:11 | INFO     | [lf.flight.extracted] SM454 on 29DEC: BKG=160, LF=95.8%
2025-12-28 07:13:27 | INFO     | [SUCCESS] Day 29DEC
2025-12-28 07:13:27 | INFO     | [SUCCESS] LF Search Complete
2025-12-28 07:13:29 | INFO     | [Worker_9224] Completed: JED-ATZ - 6 results, 0 errors
2025-12-28 07:16:34 | INFO     | [Worker_9224] Shutdown signal received, exiting...
2025-12-28 07:16:34 | INFO     | [Worker_9224] Finished. Processed 2 groups.
