
============================================================
     LF WORKER - PORT 9233
============================================================
Worker: Worker_9233
Status: READY
Waiting for tasks...
============================================================


============================================================
[Worker_9233] Processing: STZ-RUH
  Tier 0: Range 1, Chunk 1/3
  Dates: 5 days
  Date Range: 2026-01-10 to 2026-01-06
============================================================

2025-12-26 20:08:38 | INFO     | ======================================================================
2025-12-26 20:08:38 | INFO     | Load Factor Scraper Started - Route: STZ-RUH
2025-12-26 20:08:38 | INFO     | Log file: D:\CODERED\LAB\market_insights\outputs\logs\LF_STZ-RUH_20251226_200838.log
2025-12-26 20:08:38 | INFO     | Enhanced logging: Capturing both logging.info() and print()
2025-12-26 20:08:38 | INFO     | ======================================================================
[LF] Processing dates (override): ['10JAN', '09JAN', '08JAN', '07JAN', '06JAN']
[LF] Attaching to Chrome for Altea access
[LF][[OK] SUCCESS] Connected to Chrome on 127.0.0.1:9233 (after 1 attempts)
[LF][[OK] SUCCESS] Found Amadeus Altea window: Altéa Reservation Desktop
[LF][[INFO] INFO] URL: https://tc212.resdesktop.altea.amadeus.com/app_ard/apf/init/login?SITE=ESMPESMP&LANGUAGE=GB&MARKETS=ARDW_PROD_WBP&ACTION=clpLogin
[LF] Processing STZ-RUH for 10JAN
[LF][ERROR] Amadeus command error detected: UNKNOWN TRANSACTION
[LF][ERROR] Command: SN10JANSTZRUH/ASM
[LF][RESYNC] Triggering immediate resync to last successful SN command
============================================================
[LF][RESYNC] Command 'SN10JANSTZRUH/ASM' failed: TECH_ERROR:UNKNOWN TRANSACTION
[LF][RESYNC] Re-running entire day from SN command for STZ-RUH 10JAN
[LF][RESYNC] Attempt 1/50 (waiting 1.0s before retry...)
============================================================
[LF][RESYNC] Sending IG to clear session state...
[LF][RESYNC] Session cleared with IG
[LF] Processing STZ-RUH for 10JAN
[LF] No direct flights on 10JAN for STZ-RUH
[LF] Processing STZ-RUH for 09JAN
[LF] No direct flights on 09JAN for STZ-RUH
[LF] Processing STZ-RUH for 08JAN
[LF] No direct flights on 08JAN for STZ-RUH
[LF] Processing STZ-RUH for 07JAN
[LF] No direct flights on 07JAN for STZ-RUH
[LF] Processing STZ-RUH for 06JAN
[LF] No direct flights on 06JAN for STZ-RUH
[LF] Results summary:
  2026-01-10: 0 flights
  2026-01-09: 0 flights
  2026-01-08: 0 flights
  2026-01-07: 0 flights
  2026-01-06: 0 flights

============================================================
[Worker_9233] ✓ COMPLETED: STZ-RUH
  Results: 5 dates
  Errors: 0 dates
  Total Processed: 1 groups
============================================================


============================================================
[Worker_9233] Processing: CAI-RUH
  Tier 0: Range 1, Chunk 3/3
  Dates: 5 days
  Date Range: 2025-12-31 to 2025-12-27
============================================================

2025-12-26 20:08:54 | INFO     | ======================================================================
2025-12-26 20:08:54 | INFO     | Load Factor Scraper Started - Route: CAI-RUH
2025-12-26 20:08:54 | INFO     | Log file: D:\CODERED\LAB\market_insights\outputs\logs\LF_CAI-RUH_20251226_200854.log
2025-12-26 20:08:54 | INFO     | Enhanced logging: Capturing both logging.info() and print()
2025-12-26 20:08:54 | INFO     | ======================================================================
[LF] Processing dates (override): ['31DEC', '30DEC', '29DEC', '28DEC', '27DEC']
[LF] Attaching to Chrome for Altea access
2025-12-26 20:08:54 | INFO     | Starting LF search for route: CAI-RUH
2025-12-26 20:08:54 | INFO     | [START] LF Search
[LF][[OK] SUCCESS] Connected to Chrome on 127.0.0.1:9233 (after 1 attempts)
2025-12-26 20:08:55 | INFO     | [HEALTH CHECK] [OK] Chrome connection is healthy
[LF][[OK] SUCCESS] Found Amadeus Altea window: Altéa Reservation Desktop
[LF][[INFO] INFO] URL: https://tc212.resdesktop.altea.amadeus.com/app_ard/apf/init/login?SITE=ESMPESMP&LANGUAGE=GB&MARKETS=ARDW_PROD_WBP&ACTION=clpLogin
2025-12-26 20:08:55 | INFO     | [DAY_START] Processing 31DEC
[LF] Processing CAI-RUH for 31DEC
2025-12-26 20:08:55 | INFO     | [lf.day.start] Processing CAI-RUH for 31DEC
[LF] 31DEC: found 2 direct flights
2025-12-26 20:08:56 | INFO     | [lf.day.flights_found] Found 2 flights on 31DEC
2025-12-26 20:08:58 | INFO     | [lf.flight.extracted] SM461 on 31DEC: BKG=70, LF=39.1%
[LF] SM461 31DEC: BKG=70, GRP=0, CAP=179, LF%=39.1%, Brd-Off=CAI-RUH, Classes: I:20, O:10, U:15, X:20, T:4, W:1
2025-12-26 20:09:02 | INFO     | [lf.flight.extracted] SM469 on 31DEC: BKG=80, LF=44.7%
[LF] SM469 31DEC: BKG=80, GRP=0, CAP=179, LF%=44.7%, Brd-Off=CAI-RUH, Classes: I:20, O:18, U:1, X:30, T:4, W:3, S:4
[LF] Getting WEEKLY/LASTSOLD data for 2 flights
[LF] SM461 31DEC: LASTSOLD=2025-12-26 00:00:00, WEEKLY=26, TODAY=1, YDAY=7
[LF] SM469 31DEC: LASTSOLD=2025-12-26 00:00:00, WEEKLY=37, TODAY=2, YDAY=14
2025-12-26 20:09:11 | INFO     | [SUCCESS] Day 31DEC
2025-12-26 20:09:11 | INFO     | [DAY_START] Processing 30DEC
[LF] Processing CAI-RUH for 30DEC
2025-12-26 20:09:11 | INFO     | [lf.day.start] Processing CAI-RUH for 30DEC
[LF] 30DEC: found 1 direct flights
2025-12-26 20:09:12 | INFO     | [lf.day.flights_found] Found 1 flights on 30DEC
2025-12-26 20:09:14 | INFO     | [lf.flight.extracted] SM469 on 30DEC: BKG=84, LF=46.9%
[LF] SM469 30DEC: BKG=84, GRP=0, CAP=179, LF%=46.9%, Brd-Off=CAI-RUH, Classes: I:28, O:15, U:10, X:19, T:11, S:1
[LF] Getting WEEKLY/LASTSOLD data for 1 flights
[LF] SM469 30DEC: LASTSOLD=2025-12-26 00:00:00, WEEKLY=30, TODAY=3, YDAY=5
2025-12-26 20:09:19 | INFO     | [SUCCESS] Day 30DEC
2025-12-26 20:09:19 | INFO     | [DAY_START] Processing 29DEC
[LF] Processing CAI-RUH for 29DEC
2025-12-26 20:09:19 | INFO     | [lf.day.start] Processing CAI-RUH for 29DEC
[LF] 29DEC: found 1 direct flights
2025-12-26 20:09:20 | INFO     | [lf.day.flights_found] Found 1 flights on 29DEC
2025-12-26 20:09:21 | INFO     | [lf.flight.extracted] SM469 on 29DEC: BKG=104, LF=58.1%
[LF] SM469 29DEC: BKG=104, GRP=0, CAP=179, LF%=58.1%, Brd-Off=CAI-RUH, Classes: I:17, O:15, U:16, X:20, T:17, W:3, S:14, G:2
[LF] Getting WEEKLY/LASTSOLD data for 1 flights
[LF] SM469 29DEC: LASTSOLD=2025-12-26 00:00:00, WEEKLY=51, TODAY=2, YDAY=10
2025-12-26 20:09:27 | INFO     | [SUCCESS] Day 29DEC
2025-12-26 20:09:27 | INFO     | [DAY_START] Processing 28DEC
[LF] Processing CAI-RUH for 28DEC
2025-12-26 20:09:27 | INFO     | [lf.day.start] Processing CAI-RUH for 28DEC
[LF] 28DEC: found 1 direct flights
2025-12-26 20:09:28 | INFO     | [lf.day.flights_found] Found 1 flights on 28DEC
2025-12-26 20:09:30 | INFO     | [lf.flight.extracted] SM461 on 28DEC: BKG=96, LF=88.1%
[LF] SM461 28DEC: BKG=96, GRP=0, CAP=109, LF%=88.1%, Brd-Off=CAI-RUH, Classes: I:30, O:30, U:10, X:20, T:4, G:1, L:1
[LF] Getting WEEKLY/LASTSOLD data for 1 flights
[LF] SM461 28DEC: LASTSOLD=2025-12-24 00:00:00, WEEKLY=26, TODAY=0, YDAY=0
2025-12-26 20:09:35 | INFO     | [SUCCESS] Day 28DEC
2025-12-26 20:09:35 | INFO     | [DAY_START] Processing 27DEC
[LF] Processing CAI-RUH for 27DEC
2025-12-26 20:09:35 | INFO     | [lf.day.start] Processing CAI-RUH for 27DEC
[LF] 27DEC: found 1 direct flights
2025-12-26 20:09:36 | INFO     | [lf.day.flights_found] Found 1 flights on 27DEC
2025-12-26 20:09:38 | INFO     | [lf.flight.extracted] SM461 on 27DEC: BKG=126, LF=70.0%
[LF] SM461 27DEC: BKG=126, GRP=0, CAP=180, LF%=70.0%, Brd-Off=CAI-RUH, Classes: I:1, O:3, U:26, X:27, T:45, W:16, S:8
[LPC] SM461 27DEC: Found 1 outbound flights with connecting passengers
[LF] Getting WEEKLY/LASTSOLD data for 1 flights
[LF] SM461 27DEC: LASTSOLD=2025-12-18 00:00:00, WEEKLY=0, TODAY=0, YDAY=0
2025-12-26 20:09:41 | INFO     | [SUCCESS] Day 27DEC
[LF] Results summary:
  2025-12-31: 2 flights
  2025-12-30: 1 flights
  2025-12-29: 1 flights
  2025-12-28: 1 flights
  2025-12-27: 1 flights
2025-12-26 20:09:41 | INFO     | [SUCCESS] LF Search Complete

============================================================
[Worker_9233] ✓ COMPLETED: CAI-RUH
  Results: 5 dates
  Errors: 0 dates
  Total Processed: 2 groups
============================================================

2025-12-26 20:09:43 | INFO     | [Worker_9233] Completed: CAI-RUH - 5 results, 0 errors
[Worker_9233] Waiting for tasks...

============================================================
[Worker_9233] Shutdown signal received
Exiting...
============================================================
2025-12-26 20:12:44 | INFO     | [Worker_9233] Shutdown signal received, exiting...

============================================================
[Worker_9233] FINISHED
  Total Groups Processed: 2
============================================================

2025-12-26 20:12:44 | INFO     | [Worker_9233] Finished. Processed 2 groups.
