
============================================================
     LF WORKER - PORT 9232
============================================================
Worker: Worker_9232
Status: READY
Waiting for tasks...
============================================================


============================================================
[Worker_9232] Processing: CAI-JED
  Tier 0: Range 2, Chunk 1/3
  Dates: 4 days
  Date Range: 2026-01-20 to 2026-01-17
============================================================

2025-12-28 09:11:38 | INFO     | ======================================================================
2025-12-28 09:11:38 | INFO     | Load Factor Scraper Started - Route: CAI-JED
2025-12-28 09:11:38 | INFO     | Log file: D:\CODERED\LAB\market_insights\outputs\run_generated_281225_at_09.11\logs\LF_CAI-JED_20251228_091138.log
2025-12-28 09:11:38 | INFO     | Enhanced logging: Capturing both logging.info() and print()
2025-12-28 09:11:38 | INFO     | ======================================================================
[LF] Processing dates (override): ['20JAN', '19JAN', '18JAN', '17JAN']
[LF] Attaching to Chrome for Altea access
[LF][[OK] SUCCESS] Connected to Chrome on 127.0.0.1:9232 (after 1 attempts)
[LF][[OK] SUCCESS] Found Amadeus Altea window: Altéa Reservation Desktop
[LF][[INFO] INFO] URL: https://tc212.resdesktop.altea.amadeus.com/app_ard/apf/init/login?SITE=ESMPESMP&LANGUAGE=GB&MARKETS=ARDW_PROD_WBP&ACTION=clpLogin
[LF] Processing CAI-JED for 20JAN
[LF][ERROR] Amadeus command error detected: UNKNOWN TRANSACTION
[LF][ERROR] Command: SN20JANCAIJED/ASM
[LF][RESYNC] Triggering immediate resync to last successful SN command
============================================================
[LF][RESYNC] Command 'SN20JANCAIJED/ASM' failed: TECH_ERROR:UNKNOWN TRANSACTION
[LF][RESYNC] Re-running entire day from SN command for CAI-JED 20JAN
[LF][RESYNC] Attempt 1/50 (waiting 1.0s before retry...)
============================================================
[LF][RESYNC] Sending IG to clear session state...
[LF][RESYNC] Session cleared with IG
[LF] Processing CAI-JED for 20JAN
[LF] 20JAN: found 7 direct flights
[LF] SM471 20JAN: BKG=142, GRP=135, CAP=176, LF%=80.7%, Brd-Off=CAI-JED, Classes: P:45, E:90, U:3, X:1, T:1, S:2
[LF] SM953 20JAN: BKG=124, GRP=90, CAP=179, LF%=69.3%, Brd-Off=CAI-JED, Classes: P:90, I:15, O:14, X:5
[LF] SM479 20JAN: BKG=144, GRP=135, CAP=176, LF%=81.8%, Brd-Off=CAI-JED, Classes: P:135, U:6, X:3
[LF] SM477 20JAN: BKG=149, GRP=140, CAP=179, LF%=83.2%, Brd-Off=CAI-JED, Classes: P:140, U:6, X:3
[LF] SM459 20JAN: BKG=152, GRP=135, CAP=176, LF%=86.4%, Brd-Off=CAI-JED, Classes: P:135, U:6, X:10, S:1
[LF] SM423 20JAN: BKG=155, GRP=135, CAP=179, LF%=86.6%, Brd-Off=CAI-JED, Classes: P:135, U:5, X:6, T:4, S:5
[LF] SM475 20JAN: BKG=105, GRP=90, CAP=179, LF%=58.7%, Brd-Off=CAI-JED, Classes: P:90, U:4, X:6, T:5
[LF] Getting WEEKLY/LASTSOLD data for 7 flights
[LF] SM471 20JAN: LASTSOLD=2025-12-27 00:00:00, WEEKLY=2, TODAY=0, YDAY=1
[LF] SM953 20JAN: LASTSOLD=2025-12-25 00:00:00, WEEKLY=2, TODAY=0, YDAY=0
[LF] SM479 20JAN: LASTSOLD=2025-12-24 00:00:00, WEEKLY=2, TODAY=0, YDAY=0
[LF] SM477 20JAN: LASTSOLD=2025-12-23 00:00:00, WEEKLY=3, TODAY=0, YDAY=0
[LF] SM459 20JAN: LASTSOLD=2025-12-21 00:00:00, WEEKLY=3, TODAY=0, YDAY=0
[LF] SM423 20JAN: LASTSOLD=2025-12-27 00:00:00, WEEKLY=9, TODAY=0, YDAY=4
[LF] SM475 20JAN: LASTSOLD=2025-12-26 00:00:00, WEEKLY=13, TODAY=0, YDAY=0
[LF] Processing CAI-JED for 19JAN
[LF] 19JAN: found 3 direct flights
[LF] SM475 19JAN: BKG=163, GRP=135, CAP=179, LF%=91.1%, Brd-Off=CAI-JED, Classes: P:135, U:6, X:15, T:7
[LF] SM477 19JAN: BKG=172, GRP=135, CAP=179, LF%=96.1%, Brd-Off=CAI-JED, Classes: P:135, U:6, X:17, T:12, G:2
[LF] SM459 19JAN: BKG=163, GRP=135, CAP=179, LF%=91.1%, Brd-Off=CAI-JED, Classes: P:135, U:8, X:11, T:5, L:4
[LF] Getting WEEKLY/LASTSOLD data for 3 flights
[LF] SM475 19JAN: LASTSOLD=2025-12-27 00:00:00, WEEKLY=13, TODAY=0, YDAY=2
[LF] SM477 19JAN: LASTSOLD=2025-12-28 00:00:00, WEEKLY=19, TODAY=3, YDAY=7
[LF] SM459 19JAN: LASTSOLD=2025-12-27 00:00:00, WEEKLY=7, TODAY=0, YDAY=2
[LF] Processing CAI-JED for 18JAN
[LF] 18JAN: found 5 direct flights
[LF] SM475 18JAN: BKG=173, GRP=135, CAP=176, LF%=98.3%, Brd-Off=CAI-JED, Classes: P:135, U:8, X:4, T:16, W:7, S:3
[LF] SM431 18JAN: BKG=117, GRP=90, CAP=179, LF%=65.4%, Brd-Off=CAI-JED, Classes: P:90, X:13, T:7, W:6, S:1
[LF] SM459 18JAN: BKG=164, GRP=139, CAP=179, LF%=91.6%, Brd-Off=CAI-JED, Classes: P:139, U:6, X:6, T:6, W:7
[LF] SM477 18JAN: BKG=167, GRP=135, CAP=179, LF%=93.3%, Brd-Off=CAI-JED, Classes: P:135, U:8, X:5, T:14, W:5
[LF] SM479 18JAN: BKG=154, GRP=90, CAP=179, LF%=86.0%, Brd-Off=CAI-JED, Classes: P:90, U:6, X:17, T:27, W:14
[LF] Getting WEEKLY/LASTSOLD data for 5 flights
[LF] SM475 18JAN: LASTSOLD=2025-12-28 00:00:00, WEEKLY=9, TODAY=1, YDAY=2
[LF] SM431 18JAN: LASTSOLD=2025-12-25 00:00:00, WEEKLY=1, TODAY=0, YDAY=0
[LF] SM459 18JAN: LASTSOLD=2025-12-27 00:00:00, WEEKLY=7, TODAY=0, YDAY=3
[LF] SM477 18JAN: LASTSOLD=2025-12-27 00:00:00, WEEKLY=17, TODAY=0, YDAY=12
[LF] SM479 18JAN: LASTSOLD=2025-12-27 00:00:00, WEEKLY=29, TODAY=0, YDAY=10
[LF] Processing CAI-JED for 17JAN
[LF] 17JAN: found 4 direct flights
[LF] SM449 17JAN: BKG=180, GRP=128, CAP=179, LF%=100.6%, Brd-Off=CAI-JED, Classes: P:45, E:83, U:10, X:4, T:14, W:16, S:8
[LF] SM475 17JAN: BKG=180, GRP=135, CAP=179, LF%=100.6%, Brd-Off=CAI-JED, Classes: P:135, U:9, X:3, T:14, W:19
[LF] SM477 17JAN: BKG=177, GRP=90, CAP=176, LF%=100.6%, Brd-Off=CAI-JED, Classes: P:90, U:10, X:3, T:14, W:24, S:14, G:12, L:10
[LPC] SM477 17JAN: Found 1 outbound flights with connecting passengers
[LF] SM423 17JAN: BKG=163, GRP=45, CAP=179, LF%=91.1%, Brd-Off=CAI-JED, Classes: P:45, U:11, X:2, T:14, W:25, S:28, G:13, L:12, V:13
[LF] Getting WEEKLY/LASTSOLD data for 4 flights
[LF] SM449 17JAN: LASTSOLD=2025-12-21 00:00:00, WEEKLY=1, TODAY=0, YDAY=0
[LF] SM475 17JAN: LASTSOLD=2025-12-24 00:00:00, WEEKLY=4, TODAY=0, YDAY=0
[LF] SM477 17JAN: LASTSOLD=2025-12-24 00:00:00, WEEKLY=19, TODAY=0, YDAY=0
[LF] SM423 17JAN: LASTSOLD=2025-12-27 00:00:00, WEEKLY=41, TODAY=0, YDAY=3
[LF] Results summary:
  2026-01-20: 7 flights
  2026-01-19: 3 flights
  2026-01-18: 5 flights
  2026-01-17: 4 flights

============================================================
[Worker_9232] ✓ COMPLETED: CAI-JED
  Results: 4 dates
  Errors: 0 dates
  Total Processed: 1 groups
============================================================

[Worker_9232] Waiting for tasks...
