
============================================================
     LF WORKER - PORT 9233
============================================================
Worker: Worker_9233
Status: READY
Waiting for tasks...
============================================================


============================================================
[Worker_9233] Processing: ATZ-JED
  Tier 0: Range 2, Chunk 2/3
  Dates: 3 days
  Date Range: 2026-01-16 to 2026-01-14
============================================================

2025-12-28 09:11:38 | INFO     | ======================================================================
2025-12-28 09:11:38 | INFO     | Load Factor Scraper Started - Route: ATZ-JED
2025-12-28 09:11:38 | INFO     | Log file: D:\CODERED\LAB\market_insights\outputs\run_generated_281225_at_09.11\logs\LF_ATZ-JED_20251228_091138.log
2025-12-28 09:11:38 | INFO     | Enhanced logging: Capturing both logging.info() and print()
2025-12-28 09:11:38 | INFO     | ======================================================================
[LF] Processing dates (override): ['16JAN', '15JAN', '14JAN']
[LF] Attaching to Chrome for Altea access
[LF][[OK] SUCCESS] Connected to Chrome on 127.0.0.1:9233 (after 1 attempts)
[LF][[OK] SUCCESS] Found Amadeus Altea window: Altéa Reservation Desktop
[LF][[INFO] INFO] URL: https://tc212.resdesktop.altea.amadeus.com/app_ard/apf/init/login?SITE=ESMPESMP&LANGUAGE=GB&MARKETS=ARDW_PROD_WBP&ACTION=clpLogin
[LF] Processing ATZ-JED for 16JAN
[LF][ERROR] Amadeus command error detected: UNKNOWN TRANSACTION
[LF][ERROR] Command: SN16JANATZJED/ASM
[LF][RESYNC] Triggering immediate resync to last successful SN command
============================================================
[LF][RESYNC] Command 'SN16JANATZJED/ASM' failed: TECH_ERROR:UNKNOWN TRANSACTION
[LF][RESYNC] Re-running entire day from SN command for ATZ-JED 16JAN
[LF][RESYNC] Attempt 1/50 (waiting 1.0s before retry...)
============================================================
[LF][RESYNC] Sending IG to clear session state...
[LF][RESYNC] Session cleared with IG
[LF] Processing ATZ-JED for 16JAN
[LF] 16JAN: found 1 direct flights
[LF] SM491 16JAN: BKG=79, GRP=45, CAP=179, LF%=44.1%, Brd-Off=ATZ-JED, Classes: P:45, X:4, T:4, W:7, S:10, G:5, Q:4
[LF] Getting WEEKLY/LASTSOLD data for 1 flights
[LF] SM491 16JAN: LASTSOLD=2025-12-27 00:00:00, WEEKLY=11, TODAY=0, YDAY=3
[LF] Processing ATZ-JED for 15JAN
[LF] 15JAN: found 2 direct flights
[LF] SM453 15JAN: BKG=161, GRP=135, CAP=179, LF%=89.9%, Brd-Off=ATZ-JED, Classes: P:45, E:90, X:4, T:3, W:8, S:11
[LF] SM455 15JAN: BKG=174, GRP=146, CAP=179, LF%=97.2%, Brd-Off=ATZ-JED, Classes: P:96, E:50, X:4, T:4, W:7, S:11, G:2
[LF] Getting WEEKLY/LASTSOLD data for 2 flights
[LF] SM453 15JAN: LASTSOLD=2025-12-27 00:00:00, WEEKLY=12, TODAY=0, YDAY=1
[LF] SM455 15JAN: LASTSOLD=2025-12-26 00:00:00, WEEKLY=17, TODAY=0, YDAY=0
[LF] Processing ATZ-JED for 14JAN
[LF] 14JAN: found 3 direct flights
[LF] SM453 14JAN: BKG=179, GRP=175, CAP=179, LF%=100.0%, Brd-Off=ATZ-JED, Classes: P:135, E:40, X:4
[LF] SM491 14JAN: BKG=161, GRP=135, CAP=179, LF%=89.9%, Brd-Off=ATZ-JED, Classes: P:135, X:4, T:4, W:7, S:11
[LF] SM421 14JAN: BKG=151, GRP=130, CAP=179, LF%=84.4%, Brd-Off=ATZ-JED, Classes: P:130, X:4, T:3, W:8, S:5, G:1
[LF] Getting WEEKLY/LASTSOLD data for 3 flights
[LF] SM453 14JAN: LASTSOLD=2025-12-20 00:00:00, WEEKLY=0, TODAY=0, YDAY=0
[LF] SM491 14JAN: LASTSOLD=2025-12-27 00:00:00, WEEKLY=15, TODAY=0, YDAY=8
[LF] SM421 14JAN: LASTSOLD=2025-12-28 00:00:00, WEEKLY=17, TODAY=3, YDAY=0
[LF] Results summary:
  2026-01-16: 1 flights
  2026-01-15: 2 flights
  2026-01-14: 3 flights

============================================================
[Worker_9233] ✓ COMPLETED: ATZ-JED
  Results: 3 dates
  Errors: 0 dates
  Total Processed: 1 groups
============================================================


============================================================
[Worker_9233] Processing: CAI-JED
  Tier 0: Range 2, Chunk 3/3
  Dates: 3 days
  Date Range: 2026-01-13 to 2026-01-11
============================================================

2025-12-28 09:12:54 | INFO     | ======================================================================
2025-12-28 09:12:54 | INFO     | Load Factor Scraper Started - Route: CAI-JED
2025-12-28 09:12:54 | INFO     | Log file: D:\CODERED\LAB\market_insights\outputs\run_generated_281225_at_09.11\logs\LF_CAI-JED_20251228_091254.log
2025-12-28 09:12:54 | INFO     | Enhanced logging: Capturing both logging.info() and print()
2025-12-28 09:12:54 | INFO     | ======================================================================
[LF] Processing dates (override): ['13JAN', '12JAN', '11JAN']
[LF] Attaching to Chrome for Altea access
2025-12-28 09:12:54 | INFO     | Starting LF search for route: CAI-JED
2025-12-28 09:12:54 | INFO     | [START] LF Search
[LF][[OK] SUCCESS] Connected to Chrome on 127.0.0.1:9233 (after 1 attempts)
2025-12-28 09:12:56 | INFO     | [HEALTH CHECK] [OK] Chrome connection is healthy
[LF][[OK] SUCCESS] Found Amadeus Altea window: Altéa Reservation Desktop
[LF][[INFO] INFO] URL: https://tc212.resdesktop.altea.amadeus.com/app_ard/apf/init/login?SITE=ESMPESMP&LANGUAGE=GB&MARKETS=ARDW_PROD_WBP&ACTION=clpLogin
2025-12-28 09:12:56 | INFO     | [DAY_START] Processing 13JAN
[LF] Processing CAI-JED for 13JAN
2025-12-28 09:12:56 | INFO     | [lf.day.start] Processing CAI-JED for 13JAN
[LF] 13JAN: found 6 direct flights
2025-12-28 09:12:57 | INFO     | [lf.day.flights_found] Found 6 flights on 13JAN
2025-12-28 09:12:59 | INFO     | [lf.flight.extracted] SM471 on 13JAN: BKG=65, LF=36.3%
[LF] SM471 13JAN: BKG=65, GRP=50, CAP=179, LF%=36.3%, Brd-Off=CAI-JED, Classes: E:50, U:3, X:7, S:5
2025-12-28 09:13:03 | INFO     | [lf.flight.extracted] SM479 on 13JAN: BKG=168, LF=93.8%
[LF] SM479 13JAN: BKG=168, GRP=150, CAP=179, LF%=93.8%, Brd-Off=CAI-JED, Classes: P:75, E:75, U:4, X:14
2025-12-28 09:13:06 | INFO     | [lf.flight.extracted] SM477 on 13JAN: BKG=141, LF=78.8%
[LF] SM477 13JAN: BKG=141, GRP=125, CAP=179, LF%=78.8%, Brd-Off=CAI-JED, Classes: P:85, E:40, U:6, X:10
2025-12-28 09:13:10 | INFO     | [lf.flight.extracted] SM459 on 13JAN: BKG=52, LF=29.5%
[LF] SM459 13JAN: BKG=52, GRP=35, CAP=176, LF%=29.5%, Brd-Off=CAI-JED, Classes: P:35, U:6, X:10, S:1
2025-12-28 09:13:13 | INFO     | [lf.flight.extracted] SM423 on 13JAN: BKG=18, LF=10.1%
[LF] SM423 13JAN: BKG=18, GRP=0, CAP=179, LF%=10.1%, Brd-Off=CAI-JED, Classes: U:6, X:10, S:2
2025-12-28 09:13:16 | INFO     | [lf.flight.extracted] SM475 on 13JAN: BKG=62, LF=34.6%
[LF] SM475 13JAN: BKG=62, GRP=45, CAP=179, LF%=34.6%, Brd-Off=CAI-JED, Classes: P:45, U:6, X:10, T:1
[LF] Getting WEEKLY/LASTSOLD data for 6 flights
[LF] SM471 13JAN: LASTSOLD=2025-12-27 00:00:00, WEEKLY=7, TODAY=0, YDAY=5
[LF] SM479 13JAN: LASTSOLD=2025-12-27 00:00:00, WEEKLY=7, TODAY=0, YDAY=4
[LF] SM477 13JAN: LASTSOLD=2025-12-28 00:00:00, WEEKLY=9, TODAY=1, YDAY=1
[LF] SM459 13JAN: LASTSOLD=2025-12-27 00:00:00, WEEKLY=7, TODAY=0, YDAY=1
[LF] SM423 13JAN: LASTSOLD=2025-12-24 00:00:00, WEEKLY=10, TODAY=0, YDAY=0
[LF] SM475 13JAN: LASTSOLD=2025-12-27 00:00:00, WEEKLY=9, TODAY=0, YDAY=1
2025-12-28 09:13:29 | INFO     | [SUCCESS] Day 13JAN
2025-12-28 09:13:29 | INFO     | [DAY_START] Processing 12JAN
[LF] Processing CAI-JED for 12JAN
2025-12-28 09:13:29 | INFO     | [lf.day.start] Processing CAI-JED for 12JAN
[LF] 12JAN: found 3 direct flights
2025-12-28 09:13:30 | INFO     | [lf.day.flights_found] Found 3 flights on 12JAN
2025-12-28 09:13:32 | INFO     | [lf.flight.extracted] SM475 on 12JAN: BKG=147, LF=82.1%
[LF] SM475 12JAN: BKG=147, GRP=135, CAP=179, LF%=82.1%, Brd-Off=CAI-JED, Classes: P:135, U:12
2025-12-28 09:13:36 | INFO     | [lf.flight.extracted] SM477 on 12JAN: BKG=99, LF=55.3%
[LF] SM477 12JAN: BKG=99, GRP=90, CAP=179, LF%=55.3%, Brd-Off=CAI-JED, Classes: P:90, U:7, X:2
2025-12-28 09:13:41 | INFO     | [lf.flight.extracted] SM459 on 12JAN: BKG=20, LF=11.2%
[LF] SM459 12JAN: BKG=20, GRP=0, CAP=179, LF%=11.2%, Brd-Off=CAI-JED, Classes: I:5, O:5, U:5, X:5
[LF] Getting WEEKLY/LASTSOLD data for 3 flights
[LF] SM475 12JAN: LASTSOLD=2025-12-28 00:00:00, WEEKLY=11, TODAY=5, YDAY=0
[LF] SM477 12JAN: LASTSOLD=2025-12-26 00:00:00, WEEKLY=2, TODAY=0, YDAY=0
[LF] SM459 12JAN: LASTSOLD=2025-12-25 00:00:00, WEEKLY=14, TODAY=0, YDAY=0
2025-12-28 09:13:51 | INFO     | [SUCCESS] Day 12JAN
2025-12-28 09:13:51 | INFO     | [DAY_START] Processing 11JAN
[LF] Processing CAI-JED for 11JAN
2025-12-28 09:13:51 | INFO     | [lf.day.start] Processing CAI-JED for 11JAN
[LF] 11JAN: found 5 direct flights
2025-12-28 09:13:52 | INFO     | [lf.day.flights_found] Found 5 flights on 11JAN
2025-12-28 09:13:54 | INFO     | [lf.flight.extracted] SM475 on 11JAN: BKG=63, LF=35.2%
[LF] SM475 11JAN: BKG=63, GRP=48, CAP=179, LF%=35.2%, Brd-Off=CAI-JED, Classes: P:48, I:5, O:5, U:5
2025-12-28 09:13:58 | INFO     | [lf.flight.extracted] SM431 on 11JAN: BKG=15, LF=8.4%
[LF] SM431 11JAN: BKG=15, GRP=0, CAP=179, LF%=8.4%, Brd-Off=CAI-JED, Classes: I:5, O:5, U:3, X:2
2025-12-28 09:14:02 | INFO     | [lf.flight.extracted] SM459 on 11JAN: BKG=139, LF=77.6%
[LF] SM459 11JAN: BKG=139, GRP=135, CAP=179, LF%=77.6%, Brd-Off=CAI-JED, Classes: P:135, U:2, X:2
2025-12-28 09:14:07 | INFO     | [lf.flight.extracted] SM477 on 11JAN: BKG=151, LF=85.8%
[LF] SM477 11JAN: BKG=151, GRP=135, CAP=176, LF%=85.8%, Brd-Off=CAI-JED, Classes: P:135, I:7, O:6, U:3
2025-12-28 09:14:11 | INFO     | [lf.flight.extracted] SM479 on 11JAN: BKG=24, LF=13.6%
[LF] SM479 11JAN: BKG=24, GRP=0, CAP=176, LF%=13.6%, Brd-Off=CAI-JED, Classes: I:5, O:5, U:10, X:4
[LF] Getting WEEKLY/LASTSOLD data for 5 flights
[LF] SM475 11JAN: LASTSOLD=2025-12-27 00:00:00, WEEKLY=12, TODAY=0, YDAY=1
[LF] SM431 11JAN: LASTSOLD=2025-12-27 00:00:00, WEEKLY=14, TODAY=0, YDAY=1
[LF] SM459 11JAN: LASTSOLD=2025-12-25 00:00:00, WEEKLY=2, TODAY=0, YDAY=0
[LF] SM477 11JAN: LASTSOLD=2025-12-25 00:00:00, WEEKLY=13, TODAY=0, YDAY=0
[LF] SM479 11JAN: LASTSOLD=2025-12-27 00:00:00, WEEKLY=16, TODAY=0, YDAY=1
2025-12-28 09:14:23 | INFO     | [SUCCESS] Day 11JAN
[LF] Results summary:
  2026-01-13: 6 flights
  2026-01-12: 3 flights
  2026-01-11: 5 flights
2025-12-28 09:14:23 | INFO     | [SUCCESS] LF Search Complete

============================================================
[Worker_9233] ✓ COMPLETED: CAI-JED
  Results: 3 dates
  Errors: 0 dates
  Total Processed: 2 groups
============================================================

2025-12-28 09:14:25 | INFO     | [Worker_9233] Completed: CAI-JED - 3 results, 0 errors

============================================================
[Worker_9233] Processing: CAI-JED
  Tier 0: Range 1, Chunk 2/2
  Dates: 7 days
  Date Range: 2026-01-03 to 2025-12-28
============================================================

2025-12-28 09:14:25 | INFO     | [Worker_9233] Processing: CAI-JED
2025-12-28 09:14:25 | INFO     |   Tier 0: Range 1, Chunk 2/2 (7 days)
2025-12-28 09:14:25 | INFO     | ======================================================================
2025-12-28 09:14:25 | INFO     | Load Factor Scraper Started - Route: CAI-JED
2025-12-28 09:14:25 | INFO     | Log file: D:\CODERED\LAB\market_insights\outputs\run_generated_281225_at_09.11\logs\LF_CAI-JED_20251228_091425.log
2025-12-28 09:14:25 | INFO     | Enhanced logging: Capturing both logging.info() and print()
2025-12-28 09:14:25 | INFO     | ======================================================================
[LF] Processing dates (override): ['03JAN', '02JAN', '01JAN', '31DEC', '30DEC', '29DEC', '28DEC']
[LF] Attaching to Chrome for Altea access
2025-12-28 09:14:25 | INFO     | Starting LF search for route: CAI-JED
2025-12-28 09:14:25 | INFO     | [START] LF Search
[LF][[OK] SUCCESS] Connected to Chrome on 127.0.0.1:9233 (after 1 attempts)
2025-12-28 09:14:27 | INFO     | [HEALTH CHECK] [OK] Chrome connection is healthy
[LF][[OK] SUCCESS] Found Amadeus Altea window: Altéa Reservation Desktop
[LF][[INFO] INFO] URL: https://tc212.resdesktop.altea.amadeus.com/app_ard/apf/init/login?SITE=ESMPESMP&LANGUAGE=GB&MARKETS=ARDW_PROD_WBP&ACTION=clpLogin
2025-12-28 09:14:27 | INFO     | [DAY_START] Processing 03JAN
[LF] Processing CAI-JED for 03JAN
2025-12-28 09:14:27 | INFO     | [lf.day.start] Processing CAI-JED for 03JAN
[LF] 03JAN: found 4 direct flights
2025-12-28 09:14:28 | INFO     | [lf.day.flights_found] Found 4 flights on 03JAN
2025-12-28 09:14:30 | INFO     | [lf.flight.extracted] SM449 on 03JAN: BKG=61, LF=34.1%
[LF] SM449 03JAN: BKG=61, GRP=45, CAP=179, LF%=34.1%, Brd-Off=CAI-JED, Classes: P:45, U:6, X:10
2025-12-28 09:14:34 | INFO     | [lf.flight.extracted] SM475 on 03JAN: BKG=66, LF=36.9%
[LF] SM475 03JAN: BKG=66, GRP=45, CAP=179, LF%=36.9%, Brd-Off=CAI-JED, Classes: P:45, U:18, X:3
2025-12-28 09:14:37 | INFO     | [lf.flight.extracted] SM477 on 03JAN: BKG=142, LF=80.7%
[LF] SM477 03JAN: BKG=142, GRP=94, CAP=176, LF%=80.7%, Brd-Off=CAI-JED, Classes: P:45, E:49, U:21, X:18, T:7, W:1, S:1
[LPC] SM477 03JAN: Found 1 outbound flights with connecting passengers
2025-12-28 09:14:41 | INFO     | [lf.flight.extracted] SM423 on 03JAN: BKG=42, LF=23.5%
[LF] SM423 03JAN: BKG=42, GRP=0, CAP=179, LF%=23.5%, Brd-Off=CAI-JED, Classes: U:24, X:17, T:1
[LF] Getting WEEKLY/LASTSOLD data for 4 flights
[LF] SM449 03JAN: LASTSOLD=2025-12-20 00:00:00, WEEKLY=0, TODAY=0, YDAY=0
[LF] SM475 03JAN: LASTSOLD=2025-12-27 00:00:00, WEEKLY=8, TODAY=0, YDAY=2
[LF] SM477 03JAN: LASTSOLD=2025-12-28 00:00:00, WEEKLY=21, TODAY=2, YDAY=7
[LF] SM423 03JAN: LASTSOLD=2025-12-27 00:00:00, WEEKLY=22, TODAY=0, YDAY=5
2025-12-28 09:14:53 | INFO     | [SUCCESS] Day 03JAN
2025-12-28 09:14:53 | INFO     | [DAY_START] Processing 02JAN
[LF] Processing CAI-JED for 02JAN
2025-12-28 09:14:53 | INFO     | [lf.day.start] Processing CAI-JED for 02JAN
[LF] 02JAN: 1 cancelled flight(s) detected from SN
[LF] 02JAN: found 4 direct flights
2025-12-28 09:14:54 | INFO     | [lf.day.flights_found] Found 4 flights on 02JAN
2025-12-28 09:14:56 | INFO     | [lf.flight.extracted] SM475 on 02JAN: BKG=103, LF=57.5%
[LF] SM475 02JAN: BKG=103, GRP=49, CAP=179, LF%=57.5%, Brd-Off=CAI-JED, Classes: E:49, I:23, O:13, U:15, X:2, K:1
2025-12-28 09:14:59 | INFO     | [lf.flight.extracted] SM479 on 02JAN: BKG=37, LF=20.7%
[LF] SM479 02JAN: BKG=37, GRP=0, CAP=179, LF%=20.7%, Brd-Off=CAI-JED, Classes: I:5, O:4, U:10, X:18
2025-12-28 09:15:02 | INFO     | [lf.flight.extracted] SM471 on 02JAN: BKG=29, LF=16.2%
[LF] SM471 02JAN: BKG=29, GRP=0, CAP=179, LF%=16.2%, Brd-Off=CAI-JED, Classes: I:5, O:5, U:12, X:7
2025-12-28 09:15:06 | INFO     | [lf.flight.extracted] SM459 on 02JAN: BKG=32, LF=17.9%
[LF] SM459 02JAN: BKG=32, GRP=0, CAP=179, LF%=17.9%, Brd-Off=CAI-JED, Classes: U:11, X:14, T:6, G:1
[LF] Getting WEEKLY/LASTSOLD data for 4 flights
[LF] SM475 02JAN: LASTSOLD=2025-12-27 00:00:00, WEEKLY=40, TODAY=0, YDAY=9
[LF] SM479 02JAN: LASTSOLD=2025-12-27 00:00:00, WEEKLY=1, TODAY=0, YDAY=1
[LF] SM471 02JAN: LASTSOLD=2025-12-27 00:00:00, WEEKLY=6, TODAY=0, YDAY=1
[LF] SM459 02JAN: LASTSOLD=2025-12-26 00:00:00, WEEKLY=6, TODAY=0, YDAY=0
2025-12-28 09:15:25 | INFO     | [SUCCESS] Day 02JAN
2025-12-28 09:15:25 | INFO     | [DAY_START] Processing 01JAN
[LF] Processing CAI-JED for 01JAN
2025-12-28 09:15:25 | INFO     | [lf.day.start] Processing CAI-JED for 01JAN
[LF] 01JAN: found 6 direct flights
2025-12-28 09:15:26 | INFO     | [lf.day.flights_found] Found 6 flights on 01JAN
2025-12-28 09:15:29 | INFO     | [lf.flight.extracted] SM449 on 01JAN: BKG=25, LF=14.0%
[LF] SM449 01JAN: BKG=25, GRP=0, CAP=179, LF%=14.0%, Brd-Off=CAI-JED, Classes: I:7, O:15, U:1, X:2
2025-12-28 09:15:37 | INFO     | [lf.flight.extracted] SM475 on 01JAN: BKG=48, LF=26.8%
[LF] SM475 01JAN: BKG=48, GRP=0, CAP=179, LF%=26.8%, Brd-Off=CAI-JED, Classes: I:20, O:20, U:3, X:5
2025-12-28 09:15:41 | INFO     | [lf.flight.extracted] SM431 on 01JAN: BKG=60, LF=33.5%
[LF] SM431 01JAN: BKG=60, GRP=41, CAP=179, LF%=33.5%, Brd-Off=CAI-JED, Classes: P:41, O:15, X:4
2025-12-28 09:15:47 | INFO     | [lf.flight.extracted] SM477 on 01JAN: BKG=133, LF=75.6%
[LF] SM477 01JAN: BKG=133, GRP=85, CAP=176, LF%=75.6%, Brd-Off=CAI-JED, Classes: N:4, P:85, I:9, O:21, U:4, X:6, T:3, K:1
2025-12-28 09:15:52 | INFO     | [lf.flight.extracted] SM479 on 01JAN: BKG=76, LF=42.5%
[LF] SM479 01JAN: BKG=76, GRP=35, CAP=179, LF%=42.5%, Brd-Off=CAI-JED, Classes: P:35, I:10, U:10, X:13, T:4, V:4
2025-12-28 09:15:56 | INFO     | [lf.flight.extracted] SM423 on 01JAN: BKG=31, LF=17.3%
[LF] SM423 01JAN: BKG=31, GRP=0, CAP=179, LF%=17.3%, Brd-Off=CAI-JED, Classes: N:2, I:4, O:3, U:20, X:2
[LF] Getting WEEKLY/LASTSOLD data for 6 flights
[LF] SM449 01JAN: LASTSOLD=2025-12-27 00:00:00, WEEKLY=18, TODAY=0, YDAY=1
[LF] SM475 01JAN: LASTSOLD=2025-12-27 00:00:00, WEEKLY=34, TODAY=0, YDAY=4
[LF] SM431 01JAN: LASTSOLD=2025-12-27 00:00:00, WEEKLY=19, TODAY=0, YDAY=8
[LF] SM477 01JAN: LASTSOLD=2025-12-27 00:00:00, WEEKLY=28, TODAY=0, YDAY=3
[LF] SM479 01JAN: LASTSOLD=2025-12-27 00:00:00, WEEKLY=18, TODAY=0, YDAY=7
[LF] SM423 01JAN: LASTSOLD=2025-12-28 00:00:00, WEEKLY=16, TODAY=1, YDAY=4
2025-12-28 09:16:18 | INFO     | [SUCCESS] Day 01JAN
2025-12-28 09:16:18 | INFO     | [DAY_START] Processing 31DEC
[LF] Processing CAI-JED for 31DEC
2025-12-28 09:16:18 | INFO     | [lf.day.start] Processing CAI-JED for 31DEC
[LF] 31DEC: found 5 direct flights
2025-12-28 09:16:19 | INFO     | [lf.day.flights_found] Found 5 flights on 31DEC
2025-12-28 09:16:21 | INFO     | [lf.flight.extracted] SM423 on 31DEC: BKG=173, LF=96.7%
[LF] SM423 31DEC: BKG=173, GRP=131, CAP=179, LF%=96.7%, Brd-Off=CAI-JED, Classes: P:86, E:45, I:10, O:11, U:11, X:6, S:4
2025-12-28 09:16:25 | INFO     | [lf.flight.extracted] SM475 on 31DEC: BKG=172, LF=96.1%
[LF] SM475 31DEC: BKG=172, GRP=138, CAP=179, LF%=96.1%, Brd-Off=CAI-JED, Classes: P:138, I:10, O:11, U:11, X:2
2025-12-28 09:16:28 | INFO     | [lf.flight.extracted] SM459 on 31DEC: BKG=172, LF=96.1%
[LF] SM459 31DEC: BKG=172, GRP=137, CAP=179, LF%=96.1%, Brd-Off=CAI-JED, Classes: P:137, I:10, O:24, X:1
2025-12-28 09:16:31 | INFO     | [lf.flight.extracted] SM477 on 31DEC: BKG=172, LF=96.1%
[LF] SM477 31DEC: BKG=172, GRP=136, CAP=179, LF%=96.1%, Brd-Off=CAI-JED, Classes: P:136, I:9, O:11, U:9, X:7
2025-12-28 09:16:35 | INFO     | [lf.flight.extracted] SM471 on 31DEC: BKG=172, LF=97.7%
[LF] SM471 31DEC: BKG=172, GRP=133, CAP=176, LF%=97.7%, Brd-Off=CAI-JED, Classes: P:133, I:10, O:22, U:2, X:3, S:1, V:1
[LF] Getting WEEKLY/LASTSOLD data for 5 flights
[LF] SM423 31DEC: LASTSOLD=2025-12-27 00:00:00, WEEKLY=20, TODAY=0, YDAY=4
[LF] SM475 31DEC: LASTSOLD=2025-12-27 00:00:00, WEEKLY=18, TODAY=0, YDAY=3
[LF] SM459 31DEC: LASTSOLD=2025-12-24 00:00:00, WEEKLY=9, TODAY=0, YDAY=0
[LF] SM477 31DEC: LASTSOLD=2025-12-27 00:00:00, WEEKLY=12, TODAY=0, YDAY=3
[LF] SM471 31DEC: LASTSOLD=2025-12-27 00:00:00, WEEKLY=13, TODAY=0, YDAY=2
2025-12-28 09:16:58 | INFO     | [SUCCESS] Day 31DEC
2025-12-28 09:16:58 | INFO     | [DAY_START] Processing 30DEC
[LF] Processing CAI-JED for 30DEC
2025-12-28 09:16:58 | INFO     | [lf.day.start] Processing CAI-JED for 30DEC
[LF] 30DEC: found 6 direct flights
2025-12-28 09:17:00 | INFO     | [lf.day.flights_found] Found 6 flights on 30DEC
2025-12-28 09:17:02 | INFO     | [lf.flight.extracted] SM471 on 30DEC: BKG=176, LF=98.3%
[LF] SM471 30DEC: BKG=176, GRP=140, CAP=179, LF%=98.3%, Brd-Off=CAI-JED, Classes: P:95, E:45, I:21, O:14, U:1
2025-12-28 09:17:05 | INFO     | [lf.flight.extracted] SM479 on 30DEC: BKG=176, LF=98.3%
[LF] SM479 30DEC: BKG=176, GRP=145, CAP=179, LF%=98.3%, Brd-Off=CAI-JED, Classes: P:145, I:21, O:6, U:3, S:1
2025-12-28 09:17:09 | INFO     | [lf.flight.extracted] SM477 on 30DEC: BKG=180, LF=100.6%
[LF] SM477 30DEC: BKG=180, GRP=133, CAP=179, LF%=100.6%, Brd-Off=CAI-JED, Classes: P:93, E:40, I:21, O:22, X:4
2025-12-28 09:17:13 | INFO     | [lf.flight.extracted] SM459 on 30DEC: BKG=176, LF=100.0%
[LF] SM459 30DEC: BKG=176, GRP=135, CAP=176, LF%=100.0%, Brd-Off=CAI-JED, Classes: P:135, I:11, O:15, U:5, T:2, S:8
2025-12-28 09:17:16 | INFO     | [lf.flight.extracted] SM423 on 30DEC: BKG=156, LF=87.2%
[LF] SM423 30DEC: BKG=156, GRP=90, CAP=179, LF%=87.2%, Brd-Off=CAI-JED, Classes: P:90, I:24, O:25, U:10, X:6, S:1
2025-12-28 09:17:20 | INFO     | [lf.flight.extracted] SM475 on 30DEC: BKG=177, LF=98.9%
[LF] SM475 30DEC: BKG=177, GRP=90, CAP=179, LF%=98.9%, Brd-Off=CAI-JED, Classes: P:90, I:41, O:33, U:11, X:1, W:1
[LF] Getting WEEKLY/LASTSOLD data for 6 flights
[LF] SM471 30DEC: LASTSOLD=2025-12-22 00:00:00, WEEKLY=14, TODAY=0, YDAY=0
[LF] SM479 30DEC: LASTSOLD=2025-12-27 00:00:00, WEEKLY=3, TODAY=0, YDAY=1
[LF] SM477 30DEC: LASTSOLD=2025-12-23 00:00:00, WEEKLY=9, TODAY=0, YDAY=0
[LF] SM459 30DEC: LASTSOLD=2025-12-27 00:00:00, WEEKLY=13, TODAY=0, YDAY=5
[LF] SM423 30DEC: LASTSOLD=2025-12-27 00:00:00, WEEKLY=18, TODAY=0, YDAY=5
[LF] SM475 30DEC: LASTSOLD=2025-12-27 00:00:00, WEEKLY=17, TODAY=0, YDAY=2
2025-12-28 09:17:48 | INFO     | [SUCCESS] Day 30DEC
2025-12-28 09:17:48 | INFO     | [DAY_START] Processing 29DEC
[LF] Processing CAI-JED for 29DEC
2025-12-28 09:17:48 | INFO     | [lf.day.start] Processing CAI-JED for 29DEC
[LF] 29DEC: found 3 direct flights
2025-12-28 09:17:49 | INFO     | [lf.day.flights_found] Found 3 flights on 29DEC
2025-12-28 09:17:52 | INFO     | [lf.flight.extracted] SM475 on 29DEC: BKG=164, LF=91.6%
[LF] SM475 29DEC: BKG=164, GRP=135, CAP=179, LF%=91.6%, Brd-Off=CAI-JED, Classes: N:6, P:90, E:45, I:9, O:9, T:5
2025-12-28 09:17:55 | INFO     | [lf.flight.extracted] SM477 on 29DEC: BKG=168, LF=95.5%
[LF] SM477 29DEC: BKG=168, GRP=125, CAP=176, LF%=95.5%, Brd-Off=CAI-JED, Classes: P:125, I:12, O:10, U:11, T:9, S:1
[LPC] SM477 29DEC: Found 1 outbound flights with connecting passengers
2025-12-28 09:18:00 | INFO     | [lf.flight.extracted] SM459 on 29DEC: BKG=139, LF=79.0%
[LF] SM459 29DEC: BKG=139, GRP=96, CAP=176, LF%=79.0%, Brd-Off=CAI-JED, Classes: P:96, I:10, O:11, U:11, X:3, W:2, S:6
[LF] Getting WEEKLY/LASTSOLD data for 3 flights
[LF] SM475 29DEC: LASTSOLD=2025-12-27 00:00:00, WEEKLY=6, TODAY=0, YDAY=1
[LF] SM477 29DEC: LASTSOLD=2025-12-28 00:00:00, WEEKLY=20, TODAY=1, YDAY=3
[LF] SM459 29DEC: LASTSOLD=2025-12-27 00:00:00, WEEKLY=21, TODAY=0, YDAY=2
2025-12-28 09:18:15 | INFO     | [SUCCESS] Day 29DEC
[LF] Skipping 28DEC (Today) - will be processed by supplement scan
[LF] Results summary:
  2026-01-03: 4 flights
  2026-01-02: 4 flights
  2026-01-01: 6 flights
  2025-12-31: 5 flights
  2025-12-30: 6 flights
  2025-12-29: 3 flights
[LF] Cancelled flights found: 1
  - SM477 02JAN (SN)
2025-12-28 09:18:15 | INFO     | [SUCCESS] LF Search Complete
[Worker_9233] Cancelled flights collected: 1

============================================================
[Worker_9233] ✓ COMPLETED: CAI-JED
  Results: 6 dates
  Errors: 0 dates
  Total Processed: 3 groups
============================================================

2025-12-28 09:18:17 | INFO     | [Worker_9233] Completed: CAI-JED - 6 results, 0 errors
[Worker_9233] Waiting for tasks...
