2025-12-30 17:15:03,451 | INFO     | [Worker_9222] Completed: JED-CAI - 10 results, 0 errors
2025-12-30 17:15:03,453 | INFO     | [Worker_9222] Processing: JED-ASW
2025-12-30 17:15:03,453 | INFO     |   Tier 0: Range 2, Chunk 2/3 (9 days)
2025-12-30 17:15:20,448 | INFO     | [Worker_9222] Completed: JED-ASW - 9 results, 0 errors
2025-12-30 17:15:20,450 | INFO     | [Worker_9222] Processing: RUH-ATZ
2025-12-30 17:15:20,450 | INFO     |   Tier 0: Range 2, Chunk 2/3 (9 days)
2025-12-30 17:16:04,912 | INFO     | [Worker_9222] Completed: RUH-ATZ - 9 results, 0 errors
2025-12-30 17:16:04,913 | INFO     | [Worker_9222] Processing: AJF-CAI
2025-12-30 17:16:04,914 | INFO     |   Tier 0: Range 2, Chunk 2/3 (9 days)
2025-12-30 17:16:39,747 | INFO     | [Worker_9222] Completed: AJF-CAI - 9 results, 0 errors
2025-12-30 17:16:39,749 | INFO     | [Worker_9222] Processing: GIZ-CAI
2025-12-30 17:16:39,749 | INFO     |   Tier 0: Range 2, Chunk 2/3 (9 days)
2025-12-30 17:17:08,656 | INFO     | [Worker_9222] Completed: GIZ-CAI - 9 results, 0 errors
2025-12-30 17:17:08,657 | INFO     | [Worker_9222] Processing: ATZ-JED
2025-12-30 17:17:08,657 | INFO     |   Tier 0: Range 2, Chunk 2/3 (9 days)
2025-12-30 17:19:23,825 | INFO     | [Worker_9222] Completed: ATZ-JED - 9 results, 0 errors
2025-12-30 17:19:23,827 | INFO     | [Worker_9222] Processing: MED-HBE
2025-12-30 17:19:23,827 | INFO     |   Tier 0: Range 2, Chunk 3/3 (9 days)
2025-12-30 17:20:04,883 | INFO     | [Worker_9222] Completed: MED-HBE - 9 results, 0 errors
2025-12-30 17:20:04,885 | INFO     | [Worker_9222] Processing: JED-SSH
2025-12-30 17:20:04,885 | INFO     |   Tier 0: Range 2, Chunk 3/3 (9 days)
2025-12-30 17:20:18,335 | INFO     | [Worker_9222] Completed: JED-SSH - 9 results, 0 errors
2025-12-30 17:20:18,336 | INFO     | [Worker_9222] Processing: DMM-CAI
2025-12-30 17:20:18,336 | INFO     |   Tier 0: Range 2, Chunk 3/3 (9 days)
2025-12-30 17:20:52,582 | INFO     | [Worker_9222] Completed: DMM-CAI - 9 results, 0 errors
2025-12-30 17:20:52,583 | INFO     | [Worker_9222] Processing: YNB-CAI
2025-12-30 17:20:52,583 | INFO     |   Tier 0: Range 2, Chunk 3/3 (9 days)
2025-12-30 17:21:56,369 | INFO     | [Worker_9222] Completed: YNB-CAI - 9 results, 0 errors
2025-12-30 17:21:56,371 | INFO     | [Worker_9222] Processing: ATZ-JED
2025-12-30 17:21:56,371 | INFO     |   Tier 0: Range 2, Chunk 3/3 (9 days)
2025-12-30 17:24:14,264 | INFO     | [Worker_9222] Completed: ATZ-JED - 9 results, 0 errors
2025-12-30 17:24:14,267 | INFO     | [Worker_9222] Processing: JED-HBE
2025-12-30 17:24:14,267 | INFO     |   Tier 0: Range 1 (33 days)
2025-12-30 17:32:18,841 | INFO     | [Worker_9222] Completed: JED-HBE - 32 results, 0 errors
2025-12-30 17:32:18,844 | INFO     | [Worker_9222] Processing: HBE-MED
2025-12-30 17:32:18,844 | INFO     |   Tier 0: Range 1 (33 days)
2025-12-30 17:35:12,539 | INFO     | [Worker_9222] Completed: HBE-MED - 32 results, 0 errors
2025-12-30 17:35:12,549 | INFO     | [Worker_9222] Processing: HRG-JED
2025-12-30 17:35:12,549 | INFO     |   Tier 0: Range 1 (33 days)
2025-12-30 17:35:59,541 | INFO     | [Worker_9222] Completed: HRG-JED - 32 results, 0 errors
2025-12-30 17:35:59,542 | INFO     | [Worker_9222] Processing: ATZ-DMM
2025-12-30 17:35:59,542 | INFO     |   Tier 0: Range 1 (33 days)
2025-12-30 17:37:48,026 | INFO     | [Worker_9222] Completed: ATZ-DMM - 32 results, 0 errors
2025-12-30 17:37:48,035 | INFO     | [Worker_9222] Processing: ATZ-TUU
2025-12-30 17:37:48,036 | INFO     |   Tier 0: Range 1 (33 days)
2025-12-30 17:39:03,294 | INFO     | [Worker_9222] Completed: ATZ-TUU - 32 results, 0 errors
2025-12-30 17:39:03,297 | INFO     | [Worker_9222] Processing: CAI-AHB
2025-12-30 17:39:03,297 | INFO     |   Tier 0: Range 1 (33 days)
2025-12-30 17:41:40,614 | INFO     | [Worker_9222] Completed: CAI-AHB - 32 results, 0 errors
