2025-12-30 17:10:14,143 | INFO     | [Worker_9227] Completed: JED-ASW - 10 results, 0 errors
2025-12-30 17:10:14,144 | INFO     | [Worker_9227] Processing: RUH-CAI
2025-12-30 17:10:14,145 | INFO     |   Tier 0: Range 2, Chunk 1/3 (10 days)
2025-12-30 17:11:27,407 | INFO     | [Worker_9227] Completed: RUH-CAI - 10 results, 0 errors
2025-12-30 17:11:27,408 | INFO     | [Worker_9227] Processing: ELQ-CAI
2025-12-30 17:11:27,409 | INFO     |   Tier 0: Range 2, Chunk 1/3 (10 days)
2025-12-30 17:12:07,001 | INFO     | [Worker_9227] Completed: ELQ-CAI - 10 results, 0 errors
2025-12-30 17:12:07,003 | INFO     | [Worker_9227] Processing: ATZ-JED
2025-12-30 17:12:07,003 | INFO     |   Tier 0: Range 2, Chunk 1/3 (10 days)
2025-12-30 17:14:14,225 | INFO     | [Worker_9227] Completed: ATZ-JED - 10 results, 0 errors
2025-12-30 17:14:14,226 | INFO     | [Worker_9227] Processing: MED-HBE
2025-12-30 17:14:14,226 | INFO     |   Tier 0: Range 2, Chunk 2/3 (9 days)
2025-12-30 17:15:03,267 | INFO     | [Worker_9227] Completed: MED-HBE - 9 results, 0 errors
2025-12-30 17:15:03,268 | INFO     | [Worker_9227] Processing: JED-LXR
2025-12-30 17:15:03,268 | INFO     |   Tier 0: Range 2, Chunk 2/3 (9 days)
2025-12-30 17:15:57,146 | INFO     | [Worker_9227] Completed: JED-LXR - 9 results, 0 errors
2025-12-30 17:15:57,148 | INFO     | [Worker_9227] Processing: TUU-ATZ
2025-12-30 17:15:57,148 | INFO     |   Tier 0: Range 2, Chunk 2/3 (9 days)
2025-12-30 17:16:16,977 | INFO     | [Worker_9227] Completed: TUU-ATZ - 9 results, 0 errors
2025-12-30 17:16:16,978 | INFO     | [Worker_9227] Processing: YNB-CAI
2025-12-30 17:16:16,978 | INFO     |   Tier 0: Range 2, Chunk 2/3 (9 days)
2025-12-30 17:17:25,765 | INFO     | [Worker_9227] Completed: YNB-CAI - 9 results, 0 errors
2025-12-30 17:17:25,769 | INFO     | [Worker_9227] Processing: ASW-JED
2025-12-30 17:17:25,769 | INFO     |   Tier 0: Range 2, Chunk 2/3 (9 days)
2025-12-30 17:17:48,035 | INFO     | [Worker_9227] Completed: ASW-JED - 9 results, 0 errors
2025-12-30 17:17:48,037 | INFO     | [Worker_9227] Processing: SSH-JED
2025-12-30 17:17:48,037 | INFO     |   Tier 0: Range 2, Chunk 2/3 (9 days)
2025-12-30 17:18:09,642 | INFO     | [Worker_9227] Completed: SSH-JED - 9 results, 0 errors
2025-12-30 17:18:09,644 | INFO     | [Worker_9227] Processing: ATZ-RUH
2025-12-30 17:18:09,644 | INFO     |   Tier 0: Range 2, Chunk 2/3 (9 days)
2025-12-30 17:18:50,833 | INFO     | [Worker_9227] Completed: ATZ-RUH - 9 results, 0 errors
2025-12-30 17:18:50,834 | INFO     | [Worker_9227] Processing: CAI-AJF
2025-12-30 17:18:50,835 | INFO     |   Tier 0: Range 2, Chunk 2/3 (9 days)
2025-12-30 17:19:21,195 | INFO     | [Worker_9227] Completed: CAI-AJF - 9 results, 0 errors
2025-12-30 17:19:21,196 | INFO     | [Worker_9227] Processing: CAI-GIZ
2025-12-30 17:19:21,196 | INFO     |   Tier 0: Range 2, Chunk 2/3 (9 days)
2025-12-30 17:19:44,404 | INFO     | [Worker_9227] Completed: CAI-GIZ - 9 results, 0 errors
2025-12-30 17:19:44,405 | INFO     | [Worker_9227] Processing: JED-LXR
2025-12-30 17:19:44,405 | INFO     |   Tier 0: Range 2, Chunk 3/3 (9 days)
2025-12-30 17:20:14,722 | INFO     | [Worker_9227] Completed: JED-LXR - 9 results, 0 errors
2025-12-30 17:20:14,723 | INFO     | [Worker_9227] Processing: RUH-ATZ
2025-12-30 17:20:14,723 | INFO     |   Tier 0: Range 2, Chunk 3/3 (9 days)
2025-12-30 17:20:48,070 | INFO     | [Worker_9227] Completed: RUH-ATZ - 9 results, 0 errors
2025-12-30 17:20:48,071 | INFO     | [Worker_9227] Processing: TUU-ATZ
2025-12-30 17:20:48,071 | INFO     |   Tier 0: Range 2, Chunk 3/3 (9 days)
2025-12-30 17:21:04,600 | INFO     | [Worker_9227] Completed: TUU-ATZ - 9 results, 0 errors
2025-12-30 17:21:04,602 | INFO     | [Worker_9227] Processing: AHB-CAI
2025-12-30 17:21:04,603 | INFO     |   Tier 0: Range 2, Chunk 3/3 (9 days)
2025-12-30 17:21:41,687 | INFO     | [Worker_9227] Completed: AHB-CAI - 9 results, 0 errors
2025-12-30 17:21:41,690 | INFO     | [Worker_9227] Processing: ATZ-MED
2025-12-30 17:21:41,691 | INFO     |   Tier 0: Range 2, Chunk 3/3 (9 days)
2025-12-30 17:22:19,390 | INFO     | [Worker_9227] Completed: ATZ-MED - 9 results, 0 errors
2025-12-30 17:22:19,391 | INFO     | [Worker_9227] Processing: SSH-JED
2025-12-30 17:22:19,392 | INFO     |   Tier 0: Range 2, Chunk 3/3 (9 days)
2025-12-30 17:22:36,270 | INFO     | [Worker_9227] Completed: SSH-JED - 9 results, 0 errors
2025-12-30 17:22:36,271 | INFO     | [Worker_9227] Processing: ATZ-RUH
2025-12-30 17:22:36,271 | INFO     |   Tier 0: Range 2, Chunk 3/3 (9 days)
2025-12-30 17:23:13,313 | INFO     | [Worker_9227] Completed: ATZ-RUH - 9 results, 0 errors
2025-12-30 17:23:13,315 | INFO     | [Worker_9227] Processing: CAI-YNB
2025-12-30 17:23:13,315 | INFO     |   Tier 0: Range 2, Chunk 3/3 (9 days)
2025-12-30 17:24:17,119 | INFO     | [Worker_9227] Completed: CAI-YNB - 9 results, 0 errors
2025-12-30 17:24:17,120 | INFO     | [Worker_9227] Processing: JED-ATZ
2025-12-30 17:24:17,121 | INFO     |   Tier 0: Range 1 (33 days)
2025-12-30 17:34:57,637 | INFO     | [Worker_9227] Completed: JED-ATZ - 32 results, 0 errors
2025-12-30 17:34:57,639 | INFO     | [Worker_9227] Processing: SSH-JED
2025-12-30 17:34:57,639 | INFO     |   Tier 0: Range 1 (33 days)
2025-12-30 17:35:43,361 | INFO     | [Worker_9227] Completed: SSH-JED - 32 results, 0 errors
2025-12-30 17:35:43,363 | INFO     | [Worker_9227] Processing: ATZ-RUH
2025-12-30 17:35:43,363 | INFO     |   Tier 0: Range 1 (33 days)
2025-12-30 17:38:06,313 | INFO     | [Worker_9227] Completed: ATZ-RUH - 32 results, 0 errors
2025-12-30 17:38:06,316 | INFO     | [Worker_9227] Processing: CAI-AJF
2025-12-30 17:38:06,317 | INFO     |   Tier 0: Range 1 (33 days)
2025-12-30 17:40:25,128 | INFO     | [Worker_9227] Completed: CAI-AJF - 32 results, 0 errors
2025-12-30 17:40:25,129 | INFO     | [Worker_9227] Processing: CAI-ELQ
2025-12-30 17:40:25,130 | INFO     |   Tier 0: Range 1 (33 days)
2025-12-30 17:42:30,868 | INFO     | [Worker_9227] Completed: CAI-ELQ - 32 results, 0 errors
