2025-12-29 07:27:34 | INFO     | ======================================================================
2025-12-29 07:27:34 | INFO     | Load Factor Scraper Started - Route: JED-ATZ
2025-12-29 07:27:34 | INFO     | Log file: D:\CODERED\LAB\market_insights\outputs\run_generated_291225_at_07.25\logs\LF_JED-ATZ_20251229_072734.log
2025-12-29 07:27:34 | INFO     | Enhanced logging: Capturing both logging.info() and print()
2025-12-29 07:27:34 | INFO     | ======================================================================
2025-12-29 07:27:34 | INFO     | Starting LF search for route: JED-ATZ
2025-12-29 07:27:34 | INFO     | [START] LF Search
2025-12-29 07:27:35 | INFO     | [HEALTH CHECK] [OK] Chrome connection is healthy
2025-12-29 07:27:35 | INFO     | [DAY_START] Processing 05JAN
2025-12-29 07:27:35 | INFO     | [lf.day.start] Processing JED-ATZ for 05JAN
2025-12-29 07:27:36 | INFO     | [lf.day.flights_found] Found 4 flights on 05JAN
2025-12-29 07:27:38 | INFO     | [lf.flight.extracted] SM492 on 05JAN: BKG=93, LF=55.7%
2025-12-29 07:27:42 | INFO     | [lf.flight.extracted] SM456 on 05JAN: BKG=123, LF=73.7%
2025-12-29 07:27:46 | INFO     | [lf.flight.extracted] SM422 on 05JAN: BKG=171, LF=102.4%
2025-12-29 07:27:49 | INFO     | [lf.flight.extracted] SM454 on 05JAN: BKG=167, LF=100.0%
2025-12-29 07:28:11 | INFO     | [SUCCESS] Day 05JAN
2025-12-29 07:28:11 | INFO     | [DAY_START] Processing 04JAN
2025-12-29 07:28:11 | INFO     | [lf.day.start] Processing JED-ATZ for 04JAN
2025-12-29 07:28:12 | INFO     | [lf.day.flights_found] Found 2 flights on 04JAN
2025-12-29 07:28:14 | INFO     | [lf.flight.extracted] SM492 on 04JAN: BKG=175, LF=104.8%
2025-12-29 07:28:17 | INFO     | [lf.flight.extracted] SM456 on 04JAN: BKG=134, LF=80.2%
2025-12-29 07:28:29 | INFO     | [SUCCESS] Day 04JAN
2025-12-29 07:28:29 | INFO     | [DAY_START] Processing 03JAN
2025-12-29 07:28:29 | INFO     | [lf.day.start] Processing JED-ATZ for 03JAN
2025-12-29 07:28:30 | INFO     | [lf.day.flights_found] Found 3 flights on 03JAN
2025-12-29 07:28:32 | INFO     | [lf.flight.extracted] SM492 on 03JAN: BKG=168, LF=94.4%
2025-12-29 07:28:35 | INFO     | [lf.flight.extracted] SM454 on 03JAN: BKG=169, LF=94.9%
2025-12-29 07:28:39 | INFO     | [lf.flight.extracted] SM456 on 03JAN: BKG=131, LF=78.4%
2025-12-29 07:28:56 | INFO     | [SUCCESS] Day 03JAN
2025-12-29 07:28:56 | INFO     | [DAY_START] Processing 02JAN
2025-12-29 07:28:56 | INFO     | [lf.day.start] Processing JED-ATZ for 02JAN
2025-12-29 07:28:57 | INFO     | [lf.day.flights_found] Found 1 flights on 02JAN
2025-12-29 07:29:00 | INFO     | [lf.flight.extracted] SM492 on 02JAN: BKG=166, LF=99.4%
2025-12-29 07:29:06 | INFO     | [SUCCESS] Day 02JAN
2025-12-29 07:29:06 | INFO     | [SUCCESS] LF Search Complete
2025-12-29 07:29:08 | INFO     | [Worker_9224] Completed: JED-ATZ - 4 results, 0 errors
2025-12-29 07:34:58 | INFO     | [Worker_9224] Shutdown signal received, exiting...
2025-12-29 07:34:58 | INFO     | [Worker_9224] Finished. Processed 3 groups.
