2025-12-29 07:27:29 | INFO     | ======================================================================
2025-12-29 07:27:29 | INFO     | Load Factor Scraper Started - Route: JED-CAI
2025-12-29 07:27:29 | INFO     | Log file: D:\CODERED\LAB\market_insights\outputs\run_generated_291225_at_07.25\logs\LF_JED-CAI_20251229_072729.log
2025-12-29 07:27:29 | INFO     | Enhanced logging: Capturing both logging.info() and print()
2025-12-29 07:27:29 | INFO     | ======================================================================
2025-12-29 07:27:29 | INFO     | Starting LF search for route: JED-CAI
2025-12-29 07:27:29 | INFO     | [START] LF Search
2025-12-29 07:27:30 | INFO     | [HEALTH CHECK] [OK] Chrome connection is healthy
2025-12-29 07:27:31 | INFO     | [DAY_START] Processing 05JAN
2025-12-29 07:27:31 | INFO     | [lf.day.start] Processing JED-CAI for 05JAN
2025-12-29 07:27:31 | INFO     | [lf.day.flights_found] Found 4 flights on 05JAN
2025-12-29 07:27:34 | INFO     | [lf.flight.extracted] SM480 on 05JAN: BKG=81, LF=48.5%
2025-12-29 07:27:37 | INFO     | [lf.flight.extracted] SM476 on 05JAN: BKG=177, LF=98.9%
2025-12-29 07:27:41 | INFO     | [lf.flight.extracted] SM478 on 05JAN: BKG=168, LF=100.6%
2025-12-29 07:27:45 | INFO     | [lf.flight.extracted] SM460 on 05JAN: BKG=167, LF=100.0%
2025-12-29 07:28:08 | INFO     | [SUCCESS] Day 05JAN
2025-12-29 07:28:08 | INFO     | [DAY_START] Processing 04JAN
2025-12-29 07:28:08 | INFO     | [lf.day.start] Processing JED-CAI for 04JAN
2025-12-29 07:28:09 | INFO     | [lf.day.flights_found] Found 5 flights on 04JAN
2025-12-29 07:28:12 | INFO     | [lf.flight.extracted] SM424 on 04JAN: BKG=168, LF=100.6%
2025-12-29 07:28:27 | INFO     | [lf.flight.extracted] SM476 on 04JAN: BKG=88, LF=52.7%
2025-12-29 07:28:30 | INFO     | [lf.flight.extracted] SM432 on 04JAN: BKG=118, LF=70.7%
2025-12-29 07:28:34 | INFO     | [lf.flight.extracted] SM460 on 04JAN: BKG=139, LF=83.2%
2025-12-29 07:28:37 | INFO     | [lf.flight.extracted] SM478 on 04JAN: BKG=145, LF=86.8%
2025-12-29 07:29:05 | INFO     | [SUCCESS] Day 04JAN
2025-12-29 07:29:05 | INFO     | [DAY_START] Processing 03JAN
2025-12-29 07:29:05 | INFO     | [lf.day.start] Processing JED-CAI for 03JAN
2025-12-29 07:29:06 | INFO     | [lf.day.flights_found] Found 3 flights on 03JAN
2025-12-29 07:29:08 | INFO     | [lf.flight.extracted] SM450 on 03JAN: BKG=165, LF=98.8%
2025-12-29 07:29:13 | INFO     | [lf.flight.extracted] SM476 on 03JAN: BKG=162, LF=91.0%
2025-12-29 07:29:16 | INFO     | [lf.flight.extracted] SM478 on 03JAN: BKG=172, LF=98.3%
2025-12-29 07:29:32 | INFO     | [SUCCESS] Day 03JAN
2025-12-29 07:29:32 | INFO     | [DAY_START] Processing 02JAN
2025-12-29 07:29:32 | INFO     | [lf.day.start] Processing JED-CAI for 02JAN
2025-12-29 07:29:33 | INFO     | [lf.day.flights_found] Found 5 flights on 02JAN
2025-12-29 07:29:35 | INFO     | [lf.flight.extracted] SM424 on 02JAN: BKG=72, LF=43.1%
2025-12-29 07:29:40 | INFO     | [lf.flight.extracted] SM476 on 02JAN: BKG=83, LF=49.7%
2025-12-29 07:29:43 | INFO     | [lf.flight.extracted] SM480 on 02JAN: BKG=167, LF=100.0%
2025-12-29 07:29:46 | INFO     | [lf.flight.extracted] SM472 on 02JAN: BKG=160, LF=95.8%
2025-12-29 07:29:50 | INFO     | [lf.flight.extracted] SM460 on 02JAN: BKG=161, LF=96.4%
2025-12-29 07:30:16 | INFO     | [SUCCESS] Day 02JAN
2025-12-29 07:30:16 | INFO     | [SUCCESS] LF Search Complete
2025-12-29 07:30:18 | INFO     | [Worker_9222] Completed: JED-CAI - 4 results, 0 errors
2025-12-29 07:34:58 | INFO     | [Worker_9222] Shutdown signal received, exiting...
2025-12-29 07:34:58 | INFO     | [Worker_9222] Finished. Processed 2 groups.
