2025-12-29 07:28:17 | INFO     | ======================================================================
2025-12-29 07:28:17 | INFO     | Load Factor Scraper Started - Route: JED-ATZ
2025-12-29 07:28:17 | INFO     | Log file: D:\CODERED\LAB\market_insights\outputs\run_generated_291225_at_07.25\logs\LF_JED-ATZ_20251229_072817.log
2025-12-29 07:28:17 | INFO     | Enhanced logging: Capturing both logging.info() and print()
2025-12-29 07:28:17 | INFO     | ======================================================================
2025-12-29 07:28:17 | INFO     | Starting LF search for route: JED-ATZ
2025-12-29 07:28:17 | INFO     | [START] LF Search
2025-12-29 07:28:18 | INFO     | [HEALTH CHECK] [OK] Chrome connection is healthy
2025-12-29 07:28:18 | INFO     | [DAY_START] Processing 01JAN
2025-12-29 07:28:18 | INFO     | [lf.day.start] Processing JED-ATZ for 01JAN
2025-12-29 07:28:20 | INFO     | [lf.day.flights_found] Found 3 flights on 01JAN
2025-12-29 07:28:22 | INFO     | [lf.flight.extracted] SM422 on 01JAN: BKG=155, LF=92.8%
2025-12-29 07:28:26 | INFO     | [lf.flight.extracted] SM454 on 01JAN: BKG=117, LF=70.1%
2025-12-29 07:28:29 | INFO     | [lf.flight.extracted] SM456 on 01JAN: BKG=128, LF=76.2%
2025-12-29 07:28:46 | INFO     | [SUCCESS] Day 01JAN
2025-12-29 07:28:46 | INFO     | [DAY_START] Processing 31DEC
2025-12-29 07:28:46 | INFO     | [lf.day.start] Processing JED-ATZ for 31DEC
2025-12-29 07:28:47 | INFO     | [lf.day.flights_found] Found 2 flights on 31DEC
2025-12-29 07:28:49 | INFO     | [lf.flight.extracted] SM454 on 31DEC: BKG=168, LF=94.4%
2025-12-29 07:28:53 | INFO     | [lf.flight.extracted] SM492 on 31DEC: BKG=179, LF=107.2%
2025-12-29 07:29:05 | INFO     | [SUCCESS] Day 31DEC
2025-12-29 07:29:05 | INFO     | [DAY_START] Processing 30DEC
2025-12-29 07:29:05 | INFO     | [lf.day.start] Processing JED-ATZ for 30DEC
2025-12-29 07:29:06 | INFO     | [lf.day.flights_found] Found 2 flights on 30DEC
2025-12-29 07:29:08 | INFO     | [lf.flight.extracted] SM454 on 30DEC: BKG=168, LF=100.6%
2025-12-29 07:29:11 | INFO     | [lf.flight.extracted] SM456 on 30DEC: BKG=170, LF=95.5%
2025-12-29 07:29:22 | INFO     | [SUCCESS] Day 30DEC
2025-12-29 07:29:22 | INFO     | [SUCCESS] LF Search Complete
2025-12-29 07:29:24 | INFO     | [Worker_9226] Completed: JED-ATZ - 3 results, 0 errors
2025-12-29 07:34:55 | INFO     | [Worker_9226] Shutdown signal received, exiting...
2025-12-29 07:34:55 | INFO     | [Worker_9226] Finished. Processed 2 groups.
