2025-12-28 05:26:10 | INFO     | ======================================================================
2025-12-28 05:26:10 | INFO     | Load Factor Scraper Started - Route: CAI-TUU
2025-12-28 05:26:10 | INFO     | Log file: D:\CODERED\LAB\market_insights\outputs\run_generated_281225_at_05.25\logs\LF_CAI-TUU_20251228_052610.log
2025-12-28 05:26:10 | INFO     | Enhanced logging: Capturing both logging.info() and print()
2025-12-28 05:26:10 | INFO     | ======================================================================
2025-12-28 05:26:10 | INFO     | Starting LF search for route: CAI-TUU
2025-12-28 05:26:10 | INFO     | [START] LF Search
2025-12-28 05:26:12 | INFO     | [HEALTH CHECK] [OK] Chrome connection is healthy
2025-12-28 05:26:12 | INFO     | [DAY_START] Processing 15JAN
2025-12-28 05:26:12 | INFO     | [lf.day.start] Processing CAI-TUU for 15JAN
2025-12-28 05:26:13 | INFO     | [lf.day.flights_found] Found 1 flights on 15JAN
2025-12-28 05:26:15 | INFO     | [lf.flight.extracted] SM325 on 15JAN: BKG=27, LF=15.1%
2025-12-28 05:26:18 | INFO     | [SUCCESS] Day 15JAN
2025-12-28 05:26:18 | INFO     | [DAY_START] Processing 14JAN
2025-12-28 05:26:18 | INFO     | [lf.day.start] Processing CAI-TUU for 14JAN
2025-12-28 05:26:19 | INFO     | [lf.day.flights_found] Found 1 flights on 14JAN
2025-12-28 05:26:21 | INFO     | [lf.flight.extracted] SM325 on 14JAN: BKG=20, LF=11.2%
2025-12-28 05:26:25 | INFO     | [SUCCESS] Day 14JAN
2025-12-28 05:26:25 | INFO     | [DAY_START] Processing 13JAN
2025-12-28 05:26:25 | INFO     | [lf.day.start] Processing CAI-TUU for 13JAN
2025-12-28 05:26:26 | WARNING  | [lf.day.no_flights] No direct flights on 13JAN
2025-12-28 05:26:26 | INFO     | [SUCCESS] Day 13JAN
2025-12-28 05:26:26 | INFO     | [DAY_START] Processing 12JAN
2025-12-28 05:26:26 | INFO     | [lf.day.start] Processing CAI-TUU for 12JAN
2025-12-28 05:26:27 | WARNING  | [lf.day.no_flights] No direct flights on 12JAN
2025-12-28 05:26:28 | INFO     | [SUCCESS] Day 12JAN
2025-12-28 05:26:28 | INFO     | [DAY_START] Processing 11JAN
2025-12-28 05:26:28 | INFO     | [lf.day.start] Processing CAI-TUU for 11JAN
2025-12-28 05:26:29 | WARNING  | [lf.day.no_flights] No direct flights on 11JAN
2025-12-28 05:26:29 | INFO     | [SUCCESS] Day 11JAN
2025-12-28 05:26:29 | INFO     | [SUCCESS] LF Search Complete
2025-12-28 05:26:31 | INFO     | [Worker_9233] Completed: CAI-TUU - 5 results, 0 errors
2025-12-28 05:26:31 | INFO     | [Worker_9233] Processing: JED-ATZ
2025-12-28 05:26:31 | INFO     |   Tier 0: Range 1, Chunk 1/2 (7 days)
