2025-12-28 05:27:14 | INFO     | ======================================================================
2025-12-28 05:27:14 | INFO     | Load Factor Scraper Started - Route: CAI-TUU
2025-12-28 05:27:14 | INFO     | Log file: D:\CODERED\LAB\market_insights\outputs\run_generated_281225_at_05.25\logs\LF_CAI-TUU_20251228_052714.log
2025-12-28 05:27:14 | INFO     | Enhanced logging: Capturing both logging.info() and print()
2025-12-28 05:27:14 | INFO     | ======================================================================
2025-12-28 05:27:14 | INFO     | Starting LF search for route: CAI-TUU
2025-12-28 05:27:14 | INFO     | [START] LF Search
2025-12-28 05:27:15 | INFO     | [HEALTH CHECK] [OK] Chrome connection is healthy
2025-12-28 05:27:15 | INFO     | [DAY_START] Processing 10JAN
2025-12-28 05:27:15 | INFO     | [lf.day.start] Processing CAI-TUU for 10JAN
2025-12-28 05:27:16 | INFO     | [lf.day.flights_found] Found 1 flights on 10JAN
2025-12-28 05:27:18 | INFO     | [lf.flight.extracted] SM325 on 10JAN: BKG=36, LF=20.1%
2025-12-28 05:27:21 | INFO     | [SUCCESS] Day 10JAN
2025-12-28 05:27:21 | INFO     | [DAY_START] Processing 09JAN
2025-12-28 05:27:21 | INFO     | [lf.day.start] Processing CAI-TUU for 09JAN
2025-12-28 05:27:22 | WARNING  | [lf.day.no_flights] No direct flights on 09JAN
2025-12-28 05:27:23 | INFO     | [SUCCESS] Day 09JAN
2025-12-28 05:27:23 | INFO     | [DAY_START] Processing 08JAN
2025-12-28 05:27:23 | INFO     | [lf.day.start] Processing CAI-TUU for 08JAN
2025-12-28 05:27:23 | INFO     | [lf.day.flights_found] Found 1 flights on 08JAN
2025-12-28 05:27:25 | INFO     | [lf.flight.extracted] SM325 on 08JAN: BKG=23, LF=12.8%
2025-12-28 05:27:29 | INFO     | [SUCCESS] Day 08JAN
2025-12-28 05:27:29 | INFO     | [DAY_START] Processing 07JAN
2025-12-28 05:27:29 | INFO     | [lf.day.start] Processing CAI-TUU for 07JAN
2025-12-28 05:27:30 | INFO     | [lf.day.flights_found] Found 1 flights on 07JAN
2025-12-28 05:27:33 | INFO     | [lf.flight.extracted] SM325 on 07JAN: BKG=17, LF=9.5%
2025-12-28 05:27:35 | INFO     | [SUCCESS] Day 07JAN
2025-12-28 05:27:35 | INFO     | [DAY_START] Processing 06JAN
2025-12-28 05:27:35 | INFO     | [lf.day.start] Processing CAI-TUU for 06JAN
2025-12-28 05:27:36 | WARNING  | [lf.day.no_flights] No direct flights on 06JAN
2025-12-28 05:27:36 | INFO     | [SUCCESS] Day 06JAN
2025-12-28 05:27:36 | INFO     | [DAY_START] Processing 05JAN
2025-12-28 05:27:36 | INFO     | [lf.day.start] Processing CAI-TUU for 05JAN
2025-12-28 05:27:37 | WARNING  | [lf.day.no_flights] No direct flights on 05JAN
2025-12-28 05:27:37 | INFO     | [SUCCESS] Day 05JAN
2025-12-28 05:27:37 | INFO     | [DAY_START] Processing 04JAN
2025-12-28 05:27:37 | INFO     | [lf.day.start] Processing CAI-TUU for 04JAN
2025-12-28 05:27:39 | WARNING  | [lf.day.no_flights] No direct flights on 04JAN
2025-12-28 05:27:39 | INFO     | [SUCCESS] Day 04JAN
2025-12-28 05:27:39 | INFO     | [SUCCESS] LF Search Complete
2025-12-28 05:27:41 | INFO     | [Worker_9234] Completed: CAI-TUU - 7 results, 0 errors
2025-12-28 05:27:41 | INFO     | [Worker_9234] Processing: MED-HBE
2025-12-28 05:27:41 | INFO     |   Tier 0: Range 1, Chunk 2/2 (7 days)
