2025-12-28 05:26:15 | INFO     | ======================================================================
2025-12-28 05:26:15 | INFO     | Load Factor Scraper Started - Route: HBE-MED
2025-12-28 05:26:15 | INFO     | Log file: D:\CODERED\LAB\market_insights\outputs\run_generated_281225_at_05.25\logs\LF_HBE-MED_20251228_052615.log
2025-12-28 05:26:15 | INFO     | Enhanced logging: Capturing both logging.info() and print()
2025-12-28 05:26:15 | INFO     | ======================================================================
2025-12-28 05:26:15 | INFO     | Starting LF search for route: HBE-MED
2025-12-28 05:26:15 | INFO     | [START] LF Search
2025-12-28 05:26:17 | INFO     | [HEALTH CHECK] [OK] Chrome connection is healthy
2025-12-28 05:26:17 | INFO     | [DAY_START] Processing 15JAN
2025-12-28 05:26:17 | INFO     | [lf.day.start] Processing HBE-MED for 15JAN
2025-12-28 05:26:18 | INFO     | [lf.day.flights_found] Found 1 flights on 15JAN
2025-12-28 05:26:20 | INFO     | [lf.flight.extracted] SM485 on 15JAN: BKG=169, LF=94.4%
2025-12-28 05:26:24 | INFO     | [SUCCESS] Day 15JAN
2025-12-28 05:26:24 | INFO     | [DAY_START] Processing 14JAN
2025-12-28 05:26:24 | INFO     | [lf.day.start] Processing HBE-MED for 14JAN
2025-12-28 05:26:25 | INFO     | [lf.day.flights_found] Found 1 flights on 14JAN
2025-12-28 05:26:27 | INFO     | [lf.flight.extracted] SM485 on 14JAN: BKG=146, LF=81.6%
2025-12-28 05:26:29 | ERROR    | Atomic write failed for D:\CODERED\LAB\market_insights\outputs\run_generated_281225_at_05.25\checkpoints\flight_booking_data.json: [WinError 2] The system cannot find the file specified: 'D:\\CODERED\\LAB\\market_insights\\outputs\\run_generated_281225_at_05.25\\checkpoints\\flight_booking_data.json'
2025-12-28 05:26:30 | INFO     | [SUCCESS] Day 14JAN
2025-12-28 05:26:30 | INFO     | [DAY_START] Processing 13JAN
2025-12-28 05:26:30 | INFO     | [lf.day.start] Processing HBE-MED for 13JAN
2025-12-28 05:26:31 | INFO     | [lf.day.flights_found] Found 1 flights on 13JAN
2025-12-28 05:26:32 | INFO     | [lf.flight.extracted] SM485 on 13JAN: BKG=138, LF=77.1%
2025-12-28 05:26:39 | INFO     | [SUCCESS] Day 13JAN
2025-12-28 05:26:39 | INFO     | [DAY_START] Processing 12JAN
2025-12-28 05:26:39 | INFO     | [lf.day.start] Processing HBE-MED for 12JAN
2025-12-28 05:26:40 | WARNING  | [lf.day.no_flights] No direct flights on 12JAN
2025-12-28 05:26:40 | INFO     | [SUCCESS] Day 12JAN
2025-12-28 05:26:40 | INFO     | [DAY_START] Processing 11JAN
2025-12-28 05:26:40 | INFO     | [lf.day.start] Processing HBE-MED for 11JAN
2025-12-28 05:26:41 | INFO     | [lf.day.flights_found] Found 1 flights on 11JAN
2025-12-28 05:26:43 | INFO     | [lf.flight.extracted] SM485 on 11JAN: BKG=162, LF=90.5%
2025-12-28 05:26:48 | INFO     | [SUCCESS] Day 11JAN
2025-12-28 05:26:48 | INFO     | [SUCCESS] LF Search Complete
2025-12-28 05:26:50 | INFO     | [Worker_9223] Completed: HBE-MED - 5 results, 0 errors
2025-12-28 05:26:50 | INFO     | [Worker_9223] Processing: MED-HBE
2025-12-28 05:26:50 | INFO     |   Tier 0: Range 1, Chunk 1/2 (7 days)
