2026-01-05 00:19:46,011 | INFO     | [Worker_9223] Completed: MED-CAI - 9 results, 0 errors
2026-01-05 00:19:46,012 | INFO     | [Worker_9223] Processing: CAI-TUU
2026-01-05 00:19:46,012 | INFO     |   Tier 0: Range 1, Chunk 1/3 (9 days)
2026-01-05 00:20:19,025 | INFO     | [Worker_9223] Completed: CAI-TUU - 9 results, 0 errors
2026-01-05 00:20:19,026 | INFO     | [Worker_9223] Processing: MED-ATZ
2026-01-05 00:20:19,026 | INFO     |   Tier 0: Range 1, Chunk 2/3 (9 days)
2026-01-05 00:21:09,901 | INFO     | [Worker_9223] Completed: MED-ATZ - 9 results, 0 errors
2026-01-05 00:21:09,902 | INFO     | [Worker_9223] Processing: JED-HBE
2026-01-05 00:21:09,903 | INFO     |   Tier 0: Range 1, Chunk 2/3 (9 days)
2026-01-05 00:23:47,205 | INFO     | [Worker_9223] Completed: JED-HBE - 9 results, 0 errors
2026-01-05 00:23:47,208 | INFO     | [Worker_9223] Processing: MED-CAI
2026-01-05 00:23:47,208 | INFO     |   Tier 0: Range 1, Chunk 3/3 (9 days)
2026-01-05 00:26:37,029 | INFO     | [Worker_9223] Completed: MED-CAI - 8 results, 0 errors
2026-01-05 00:26:37,030 | INFO     | [Worker_9223] Processing: CAI-MED
2026-01-05 00:26:37,030 | INFO     |   Tier 0: Range 1, Chunk 3/3 (9 days)
2026-01-05 00:27:23,492 | INFO     | [Worker_9223] Completed: CAI-MED - 8 results, 0 errors
2026-01-05 00:27:23,494 | INFO     | [Worker_9223] Processing: HBE-JED
2026-01-05 00:27:23,495 | INFO     |   Tier 0: Range 1, Chunk 3/3 (9 days)
2026-01-05 00:29:25,277 | INFO     | [Worker_9223] Completed: HBE-JED - 8 results, 0 errors
2026-01-05 00:33:55,723 | INFO     | [Worker_9223] Shutdown signal received, exiting...
2026-01-05 00:33:55,724 | INFO     | [Worker_9223] Finished. Processed 7 groups.
