
============================================================
     LF WORKER - PORT 9225
============================================================
Worker: Worker_9225
Status: READY
Waiting for tasks...
============================================================


============================================================
[Worker_9225] Processing: CAI-MED
  Tier 0: Range 1, Chunk 1/3
  Dates: 9 days
  Date Range: 2026-01-31 to 2026-01-23
============================================================

2026-01-05 00:18:44 | INFO     | ======================================================================
2026-01-05 00:18:44 | INFO     | Load Factor Scraper Started - Route: CAI-MED
2026-01-05 00:18:44 | INFO     | Log file: D:\CODERED\LAB\market_insights\outputs\run_generated_050126_at_00.18\logs\LF_CAI-MED_20260105_001844.log
2026-01-05 00:18:44 | INFO     | Enhanced logging: Capturing both logging.info() and print()
2026-01-05 00:18:44 | INFO     | ======================================================================
[LF] Processing dates (override): ['31JAN', '30JAN', '29JAN', '28JAN', '27JAN', '26JAN', '25JAN', '24JAN', '23JAN']
[LF] Attaching to Chrome for Altea access
[LF][[OK] SUCCESS] Connected to Chrome on 127.0.0.1:9225 (after 1 attempts)
[LF][[OK] SUCCESS] Found Amadeus Altea window: Altéa Reservation Desktop
[LF][[INFO] INFO] URL: https://tc212.resdesktop.altea.amadeus.com/app_ard/apf/init/login?SITE=ESMPESMP&LANGUAGE=GB&MARKETS=ARDW_PROD_WBP&ACTION=clpLogin
[LF] Processing CAI-MED for 31JAN
[LF][ERROR] Amadeus command error detected: UNKNOWN TRANSACTION
[LF][ERROR] Command: SN31JANCAIMED/ASM
[LF][RESYNC] Triggering immediate resync to last successful SN command
============================================================
[LF][RESYNC] Command 'SN31JANCAIMED/ASM' failed: TECH_ERROR:UNKNOWN TRANSACTION
[LF][RESYNC] Re-running entire day from SN command for CAI-MED 31JAN
[LF][RESYNC] Attempt 1/50 (waiting 1.0s before retry...)
============================================================
[LF][RESYNC] Sending IG to clear session state...
[LF][RESYNC] Session cleared with IG
[LF] Processing CAI-MED for 31JAN
[LF] 31JAN: found 1 direct flights
[LF] SM493 31JAN: BKG=15, GRP=0, CAP=176, LF%=8.5%, Brd-Off=CAI-MED, Classes: T:8, W:6, S:1
[LF] Getting WEEKLY/LASTSOLD data for 1 flights
[LF] SM493 31JAN: LASTSOLD=2026-01-02 00:00:00, WEEKLY=3, TODAY=0, YDAY=0
[LF] Processing CAI-MED for 30JAN
[LF] No direct flights on 30JAN for CAI-MED
[LF] Processing CAI-MED for 29JAN
[LF] 29JAN: found 1 direct flights
[LF] SM493 29JAN: BKG=168, GRP=120, CAP=176, LF%=95.5%, Brd-Off=CAI-MED, Classes: P:120, T:10, W:15, S:14, G:6, K:3
[LF] Getting WEEKLY/LASTSOLD data for 1 flights
[LF] SM493 29JAN: LASTSOLD=2026-01-04 00:00:00, WEEKLY=14, TODAY=0, YDAY=4
[LF] Processing CAI-MED for 28JAN
[LF] No direct flights on 28JAN for CAI-MED
[LF] Processing CAI-MED for 27JAN
[LF] 27JAN: found 1 direct flights
[LF] SM493 27JAN: BKG=181, GRP=180, CAP=176, LF%=102.8%, Brd-Off=CAI-MED, Classes: P:180, T:1
[LF] Getting WEEKLY/LASTSOLD data for 1 flights
[LF] SM493 27JAN: LASTSOLD=2025-12-09 00:00:00, WEEKLY=0, TODAY=0, YDAY=0
[LF] Processing CAI-MED for 26JAN
[LF] 26JAN: found 1 direct flights
[LF] SM495 26JAN: BKG=177, GRP=135, CAP=179, LF%=98.9%, Brd-Off=CAI-MED, Classes: P:135, T:10, W:13, S:15, G:4
[LF] Getting WEEKLY/LASTSOLD data for 1 flights
[LF] SM495 26JAN: LASTSOLD=2026-01-03 00:00:00, WEEKLY=24, TODAY=0, YDAY=0
[LF] Processing CAI-MED for 25JAN
[LF] 25JAN: found 1 direct flights
[LF] SM493 25JAN: BKG=177, GRP=140, CAP=179, LF%=98.9%, Brd-Off=CAI-MED, Classes: P:140, T:10, W:15, S:7, K:5
[LF] Getting WEEKLY/LASTSOLD data for 1 flights
[LF] SM493 25JAN: LASTSOLD=2026-01-01 00:00:00, WEEKLY=2, TODAY=0, YDAY=0
[LF] Processing CAI-MED for 24JAN
[LF] 24JAN: found 1 direct flights
[LF] SM493 24JAN: BKG=177, GRP=140, CAP=179, LF%=98.9%, Brd-Off=CAI-MED, Classes: P:140, T:10, W:15, S:12
[LF] Getting WEEKLY/LASTSOLD data for 1 flights
[LF] SM493 24JAN: LASTSOLD=2026-01-04 00:00:00, WEEKLY=1, TODAY=0, YDAY=1
[LF] Processing CAI-MED for 23JAN
[LF] No direct flights on 23JAN for CAI-MED
[LF] Results summary:
  2026-01-31: 1 flights
  2026-01-30: 0 flights
  2026-01-29: 1 flights
  2026-01-28: 0 flights
  2026-01-27: 1 flights
  2026-01-26: 1 flights
  2026-01-25: 1 flights
  2026-01-24: 1 flights
  2026-01-23: 0 flights

============================================================
[Worker_9225] ✓ COMPLETED: CAI-MED
  Results: 9 dates
  Errors: 0 dates
  Total Processed: 1 groups
============================================================


============================================================
[Worker_9225] Processing: HBE-JED
  Tier 0: Range 1, Chunk 1/3
  Dates: 9 days
  Date Range: 2026-01-31 to 2026-01-23
============================================================

2026-01-05 00:19:36 | INFO     | ======================================================================
2026-01-05 00:19:36 | INFO     | Load Factor Scraper Started - Route: HBE-JED
2026-01-05 00:19:36 | INFO     | Log file: D:\CODERED\LAB\market_insights\outputs\run_generated_050126_at_00.18\logs\LF_HBE-JED_20260105_001936.log
2026-01-05 00:19:36 | INFO     | Enhanced logging: Capturing both logging.info() and print()
2026-01-05 00:19:36 | INFO     | ======================================================================
[LF] Processing dates (override): ['31JAN', '30JAN', '29JAN', '28JAN', '27JAN', '26JAN', '25JAN', '24JAN', '23JAN']
[LF] Attaching to Chrome for Altea access
2026-01-05 00:19:36 | INFO     | Starting LF search for route: HBE-JED
2026-01-05 00:19:36 | INFO     | [START] LF Search
[LF][[OK] SUCCESS] Connected to Chrome on 127.0.0.1:9225 (after 1 attempts)
2026-01-05 00:19:37 | INFO     | [HEALTH CHECK] [OK] Chrome connection is healthy
[LF][[OK] SUCCESS] Found Amadeus Altea window: Altéa Reservation Desktop
[LF][[INFO] INFO] URL: https://tc212.resdesktop.altea.amadeus.com/app_ard/apf/init/login?SITE=ESMPESMP&LANGUAGE=GB&MARKETS=ARDW_PROD_WBP&ACTION=clpLogin
2026-01-05 00:19:37 | INFO     | [DAY_START] Processing 31JAN
[LF] Processing HBE-JED for 31JAN
2026-01-05 00:19:37 | INFO     | [lf.day.start] Processing HBE-JED for 31JAN
[LF] 31JAN: found 2 direct flights
2026-01-05 00:19:39 | INFO     | [lf.day.flights_found] Found 2 flights on 31JAN
2026-01-05 00:19:41 | INFO     | [lf.flight.extracted] SM457 on 31JAN: BKG=107, LF=59.8%
[LF] SM457 31JAN: BKG=107, GRP=90, CAP=179, LF%=59.8%, Brd-Off=HBE-JED, Classes: P:90, X:10, T:7
2026-01-05 00:19:44 | INFO     | [lf.flight.extracted] SM451 on 31JAN: BKG=72, LF=40.2%
[LF] SM451 31JAN: BKG=72, GRP=45, CAP=179, LF%=40.2%, Brd-Off=HBE-JED, Classes: P:45, X:5, T:4, W:10, S:2, K:4, Q:2
[LF] Getting WEEKLY/LASTSOLD data for 2 flights
[LF] SM457 31JAN: LASTSOLD=2026-01-04 00:00:00, WEEKLY=5, TODAY=0, YDAY=2
[LF] SM451 31JAN: LASTSOLD=2026-01-04 00:00:00, WEEKLY=7, TODAY=0, YDAY=1
2026-01-05 00:19:50 | INFO     | [SUCCESS] Day 31JAN
2026-01-05 00:19:50 | INFO     | [DAY_START] Processing 30JAN
[LF] Processing HBE-JED for 30JAN
2026-01-05 00:19:50 | INFO     | [lf.day.start] Processing HBE-JED for 30JAN
[LF] 30JAN: found 1 direct flights
2026-01-05 00:19:51 | INFO     | [lf.day.flights_found] Found 1 flights on 30JAN
2026-01-05 00:19:53 | INFO     | [lf.flight.extracted] SM451 on 30JAN: BKG=102, LF=57.0%
[LF] SM451 30JAN: BKG=102, GRP=90, CAP=179, LF%=57.0%, Brd-Off=HBE-JED, Classes: P:90, W:7, S:2, K:3
[LF] Getting WEEKLY/LASTSOLD data for 1 flights
[LF] SM451 30JAN: LASTSOLD=2026-01-04 00:00:00, WEEKLY=4, TODAY=0, YDAY=2
2026-01-05 00:19:55 | INFO     | [SUCCESS] Day 30JAN
2026-01-05 00:19:55 | INFO     | [DAY_START] Processing 29JAN
[LF] Processing HBE-JED for 29JAN
2026-01-05 00:19:55 | INFO     | [lf.day.start] Processing HBE-JED for 29JAN
[LF] 29JAN: found 1 direct flights
2026-01-05 00:19:56 | INFO     | [lf.day.flights_found] Found 1 flights on 29JAN
2026-01-05 00:19:58 | INFO     | [lf.flight.extracted] SM451 on 29JAN: BKG=163, LF=91.1%
[LF] SM451 29JAN: BKG=163, GRP=135, CAP=179, LF%=91.1%, Brd-Off=HBE-JED, Classes: P:135, X:10, T:9, W:9
[LF] Getting WEEKLY/LASTSOLD data for 1 flights
[LF] SM451 29JAN: LASTSOLD=2026-01-04 00:00:00, WEEKLY=13, TODAY=0, YDAY=5
2026-01-05 00:20:02 | INFO     | [SUCCESS] Day 29JAN
2026-01-05 00:20:02 | INFO     | [DAY_START] Processing 28JAN
[LF] Processing HBE-JED for 28JAN
2026-01-05 00:20:02 | INFO     | [lf.day.start] Processing HBE-JED for 28JAN
[LF] 28JAN: found 3 direct flights
2026-01-05 00:20:03 | INFO     | [lf.day.flights_found] Found 3 flights on 28JAN
2026-01-05 00:20:05 | INFO     | [lf.flight.extracted] SM451 on 28JAN: BKG=166, LF=92.7%
[LF] SM451 28JAN: BKG=166, GRP=135, CAP=179, LF%=92.7%, Brd-Off=HBE-JED, Classes: P:135, X:8, T:8, W:8, S:7
2026-01-05 00:20:08 | INFO     | [lf.flight.extracted] SM457 on 28JAN: BKG=122, LF=68.2%
[LF] SM457 28JAN: BKG=122, GRP=90, CAP=179, LF%=68.2%, Brd-Off=HBE-JED, Classes: P:90, X:10, T:10, W:10, S:2
2026-01-05 00:20:11 | INFO     | [lf.flight.extracted] SM473 on 28JAN: BKG=180, LF=100.6%
[LF] SM473 28JAN: BKG=180, GRP=170, CAP=179, LF%=100.6%, Brd-Off=HBE-JED, Classes: P:170, X:10
[LF] Getting WEEKLY/LASTSOLD data for 3 flights
[LF] SM451 28JAN: LASTSOLD=2026-01-04 00:00:00, WEEKLY=21, TODAY=0, YDAY=3
[LF] SM457 28JAN: LASTSOLD=2026-01-04 00:00:00, WEEKLY=23, TODAY=0, YDAY=4
[LF] SM473 28JAN: LASTSOLD=2025-12-19 00:00:00, WEEKLY=0, TODAY=0, YDAY=0
2026-01-05 00:20:19 | INFO     | [SUCCESS] Day 28JAN
2026-01-05 00:20:19 | INFO     | [DAY_START] Processing 27JAN
[LF] Processing HBE-JED for 27JAN
2026-01-05 00:20:19 | INFO     | [lf.day.start] Processing HBE-JED for 27JAN
[LF] 27JAN: found 2 direct flights
2026-01-05 00:20:20 | INFO     | [lf.day.flights_found] Found 2 flights on 27JAN
2026-01-05 00:20:22 | INFO     | [lf.flight.extracted] SM479 on 27JAN: BKG=175, LF=99.4%
[LF] SM479 27JAN: BKG=175, GRP=175, CAP=176, LF%=99.4%, Brd-Off=HBE-JED, Classes: P:175
2026-01-05 00:20:25 | INFO     | [lf.flight.extracted] SM451 on 27JAN: BKG=179, LF=100.0%
[LF] SM451 27JAN: BKG=179, GRP=138, CAP=179, LF%=100.0%, Brd-Off=HBE-JED, Classes: P:138, X:10, T:9, W:15, S:5, K:2
[LF] Getting WEEKLY/LASTSOLD data for 2 flights
[LF] SM479 27JAN: LASTSOLD=2025-12-02 00:00:00, WEEKLY=0, TODAY=0, YDAY=0
[LF] SM451 27JAN: LASTSOLD=2025-12-31 00:00:00, WEEKLY=13, TODAY=0, YDAY=0
2026-01-05 00:20:32 | INFO     | [SUCCESS] Day 27JAN
2026-01-05 00:20:32 | INFO     | [DAY_START] Processing 26JAN
[LF] Processing HBE-JED for 26JAN
2026-01-05 00:20:32 | INFO     | [lf.day.start] Processing HBE-JED for 26JAN
[LF] 26JAN: found 5 direct flights
2026-01-05 00:20:33 | INFO     | [lf.day.flights_found] Found 5 flights on 26JAN
2026-01-05 00:20:35 | INFO     | [lf.flight.extracted] SM953 on 26JAN: BKG=175, LF=99.4%
[LF] SM953 26JAN: BKG=175, GRP=175, CAP=176, LF%=99.4%, Brd-Off=HBE-JED, Classes: P:175
2026-01-05 00:20:38 | INFO     | [lf.flight.extracted] SM457 on 26JAN: BKG=179, LF=100.0%
[LF] SM457 26JAN: BKG=179, GRP=135, CAP=179, LF%=100.0%, Brd-Off=HBE-JED, Classes: P:135, X:10, T:9, W:18, S:7
2026-01-05 00:20:43 | INFO     | [lf.flight.extracted] SM451 on 26JAN: BKG=154, LF=87.5%
[LF] SM451 26JAN: BKG=154, GRP=135, CAP=176, LF%=87.5%, Brd-Off=HBE-JED, Classes: P:135, X:3, T:3, W:3, S:3, G:2, L:2, V:3
2026-01-05 00:20:46 | INFO     | [lf.flight.extracted] SM955 on 26JAN: BKG=175, LF=97.8%
[LF] SM955 26JAN: BKG=175, GRP=175, CAP=179, LF%=97.8%, Brd-Off=HBE-JED, Classes: P:175
2026-01-05 00:20:50 | INFO     | [lf.flight.extracted] SM957 on 26JAN: BKG=175, LF=97.8%
[LF] SM957 26JAN: BKG=175, GRP=175, CAP=179, LF%=97.8%, Brd-Off=HBE-JED, Classes: P:175
[LF] Getting WEEKLY/LASTSOLD data for 5 flights
[LF] SM953 26JAN: LASTSOLD=2025-11-26 00:00:00, WEEKLY=0, TODAY=0, YDAY=0
[LF] SM457 26JAN: LASTSOLD=2026-01-04 00:00:00, WEEKLY=23, TODAY=0, YDAY=1
[LF] SM451 26JAN: LASTSOLD=2026-01-03 00:00:00, WEEKLY=16, TODAY=0, YDAY=0
[LF] SM955 26JAN: LASTSOLD=2025-12-02 00:00:00, WEEKLY=0, TODAY=0, YDAY=0
[LF] SM957 26JAN: LASTSOLD=2025-11-26 00:00:00, WEEKLY=0, TODAY=0, YDAY=0
2026-01-05 00:21:03 | INFO     | [SUCCESS] Day 26JAN
2026-01-05 00:21:03 | INFO     | [DAY_START] Processing 25JAN
[LF] Processing HBE-JED for 25JAN
2026-01-05 00:21:03 | INFO     | [lf.day.start] Processing HBE-JED for 25JAN
[LF] 25JAN: found 2 direct flights
2026-01-05 00:21:04 | INFO     | [lf.day.flights_found] Found 2 flights on 25JAN
2026-01-05 00:21:06 | INFO     | [lf.flight.extracted] SM451 on 25JAN: BKG=177, LF=100.0%
[LF] SM451 25JAN: BKG=177, GRP=135, CAP=177, LF%=100.0%, Brd-Off=HBE-JED, Classes: P:135, X:10, T:9, W:18, S:5
2026-01-05 00:21:10 | INFO     | [lf.flight.extracted] SM457 on 25JAN: BKG=179, LF=100.0%
[LF] SM457 25JAN: BKG=179, GRP=160, CAP=179, LF%=100.0%, Brd-Off=HBE-JED, Classes: P:160, X:10, T:9
[LF] Getting WEEKLY/LASTSOLD data for 2 flights
[LF] SM451 25JAN: LASTSOLD=2026-01-01 00:00:00, WEEKLY=8, TODAY=0, YDAY=0
[LF] SM457 25JAN: LASTSOLD=2025-12-28 00:00:00, WEEKLY=0, TODAY=0, YDAY=0
2026-01-05 00:21:19 | INFO     | [SUCCESS] Day 25JAN
2026-01-05 00:21:19 | INFO     | [DAY_START] Processing 24JAN
[LF] Processing HBE-JED for 24JAN
2026-01-05 00:21:19 | INFO     | [lf.day.start] Processing HBE-JED for 24JAN
[LF] 24JAN: found 2 direct flights
2026-01-05 00:21:20 | INFO     | [lf.day.flights_found] Found 2 flights on 24JAN
2026-01-05 00:21:23 | INFO     | [lf.flight.extracted] SM457 on 24JAN: BKG=176, LF=100.0%
[LF] SM457 24JAN: BKG=176, GRP=135, CAP=176, LF%=100.0%, Brd-Off=HBE-JED, Classes: P:135, X:10, T:9, W:16, S:6
2026-01-05 00:21:27 | INFO     | [lf.flight.extracted] SM451 on 24JAN: BKG=176, LF=100.0%
[LF] SM451 24JAN: BKG=176, GRP=135, CAP=176, LF%=100.0%, Brd-Off=HBE-JED, Classes: P:135, X:10, T:5, W:5, S:5, G:5, L:5, V:6
[LF] Getting WEEKLY/LASTSOLD data for 2 flights
[LF] SM457 24JAN: LASTSOLD=2025-12-28 00:00:00, WEEKLY=0, TODAY=0, YDAY=0
[LF] SM451 24JAN: LASTSOLD=2025-12-31 00:00:00, WEEKLY=7, TODAY=0, YDAY=0
2026-01-05 00:21:40 | INFO     | [SUCCESS] Day 24JAN
2026-01-05 00:21:40 | INFO     | [DAY_START] Processing 23JAN
[LF] Processing HBE-JED for 23JAN
2026-01-05 00:21:40 | INFO     | [lf.day.start] Processing HBE-JED for 23JAN
[LF] 23JAN: found 1 direct flights
2026-01-05 00:21:41 | INFO     | [lf.day.flights_found] Found 1 flights on 23JAN
2026-01-05 00:21:44 | INFO     | [lf.flight.extracted] SM451 on 23JAN: BKG=177, LF=100.0%
[LF] SM451 23JAN: BKG=177, GRP=135, CAP=177, LF%=100.0%, Brd-Off=HBE-JED, Classes: P:135, W:10, S:5, G:3, L:3, V:3, K:3, Q:3, H:3, M:9
[LF] Getting WEEKLY/LASTSOLD data for 1 flights
[LF] SM451 23JAN: LASTSOLD=2026-01-03 00:00:00, WEEKLY=10, TODAY=0, YDAY=0
2026-01-05 00:21:50 | INFO     | [SUCCESS] Day 23JAN
[LF] Results summary:
  2026-01-31: 2 flights
  2026-01-30: 1 flights
  2026-01-29: 1 flights
  2026-01-28: 3 flights
  2026-01-27: 2 flights
  2026-01-26: 5 flights
  2026-01-25: 2 flights
  2026-01-24: 2 flights
  2026-01-23: 1 flights
2026-01-05 00:21:50 | INFO     | [SUCCESS] LF Search Complete

============================================================
[Worker_9225] ✓ COMPLETED: HBE-JED
  Results: 9 dates
  Errors: 0 dates
  Total Processed: 2 groups
============================================================

2026-01-05 00:21:52 | INFO     | [Worker_9225] Completed: HBE-JED - 9 results, 0 errors

============================================================
[Worker_9225] Processing: CAI-MED
  Tier 0: Range 1, Chunk 2/3
  Dates: 9 days
  Date Range: 2026-01-22 to 2026-01-14
============================================================

2026-01-05 00:21:52 | INFO     | [Worker_9225] Processing: CAI-MED
2026-01-05 00:21:52 | INFO     |   Tier 0: Range 1, Chunk 2/3 (9 days)
2026-01-05 00:21:52 | INFO     | ======================================================================
2026-01-05 00:21:52 | INFO     | Load Factor Scraper Started - Route: CAI-MED
2026-01-05 00:21:52 | INFO     | Log file: D:\CODERED\LAB\market_insights\outputs\run_generated_050126_at_00.18\logs\LF_CAI-MED_20260105_002152.log
2026-01-05 00:21:52 | INFO     | Enhanced logging: Capturing both logging.info() and print()
2026-01-05 00:21:52 | INFO     | ======================================================================
[LF] Processing dates (override): ['22JAN', '21JAN', '20JAN', '19JAN', '18JAN', '17JAN', '16JAN', '15JAN', '14JAN']
[LF] Attaching to Chrome for Altea access
2026-01-05 00:21:52 | INFO     | Starting LF search for route: CAI-MED
2026-01-05 00:21:52 | INFO     | [START] LF Search
[LF][[OK] SUCCESS] Connected to Chrome on 127.0.0.1:9225 (after 1 attempts)
2026-01-05 00:21:54 | INFO     | [HEALTH CHECK] [OK] Chrome connection is healthy
[LF][[OK] SUCCESS] Found Amadeus Altea window: Altéa Reservation Desktop
[LF][[INFO] INFO] URL: https://tc212.resdesktop.altea.amadeus.com/app_ard/apf/init/login?SITE=ESMPESMP&LANGUAGE=GB&MARKETS=ARDW_PROD_WBP&ACTION=clpLogin
2026-01-05 00:21:54 | INFO     | [DAY_START] Processing 22JAN
[LF] Processing CAI-MED for 22JAN
2026-01-05 00:21:54 | INFO     | [lf.day.start] Processing CAI-MED for 22JAN
[LF] 22JAN: found 1 direct flights
2026-01-05 00:21:56 | INFO     | [lf.day.flights_found] Found 1 flights on 22JAN
2026-01-05 00:21:58 | INFO     | [lf.flight.extracted] SM493 on 22JAN: BKG=178, LF=99.4%
[LF] SM493 22JAN: BKG=178, GRP=95, CAP=179, LF%=99.4%, Brd-Off=CAI-MED, Classes: N:9, P:95, T:12, W:15, S:15, G:14, L:15, V:2, K:1
[LF] Getting WEEKLY/LASTSOLD data for 1 flights
[LF] SM493 22JAN: LASTSOLD=2026-01-04 00:00:00, WEEKLY=15, TODAY=0, YDAY=4
2026-01-05 00:22:04 | INFO     | [SUCCESS] Day 22JAN
2026-01-05 00:22:04 | INFO     | [DAY_START] Processing 21JAN
[LF] Processing CAI-MED for 21JAN
2026-01-05 00:22:04 | INFO     | [lf.day.start] Processing CAI-MED for 21JAN
[LF] No direct flights on 21JAN for CAI-MED
2026-01-05 00:22:05 | WARNING  | [lf.day.no_flights] No direct flights on 21JAN
2026-01-05 00:22:05 | INFO     | [SUCCESS] Day 21JAN
2026-01-05 00:22:05 | INFO     | [DAY_START] Processing 20JAN
[LF] Processing CAI-MED for 20JAN
2026-01-05 00:22:05 | INFO     | [lf.day.start] Processing CAI-MED for 20JAN
[LF] 20JAN: found 1 direct flights
2026-01-05 00:22:07 | INFO     | [lf.day.flights_found] Found 1 flights on 20JAN
2026-01-05 00:22:09 | INFO     | [lf.flight.extracted] SM493 on 20JAN: BKG=177, LF=98.9%
[LF] SM493 20JAN: BKG=177, GRP=160, CAP=179, LF%=98.9%, Brd-Off=CAI-MED, Classes: P:135, E:25, T:10, W:7
[LF] Getting WEEKLY/LASTSOLD data for 1 flights
[LF] SM493 20JAN: LASTSOLD=2025-12-31 00:00:00, WEEKLY=5, TODAY=0, YDAY=0
2026-01-05 00:22:14 | INFO     | [SUCCESS] Day 20JAN
2026-01-05 00:22:14 | INFO     | [DAY_START] Processing 19JAN
[LF] Processing CAI-MED for 19JAN
2026-01-05 00:22:14 | INFO     | [lf.day.start] Processing CAI-MED for 19JAN
[LF] 19JAN: found 1 direct flights
2026-01-05 00:22:15 | INFO     | [lf.day.flights_found] Found 1 flights on 19JAN
2026-01-05 00:22:17 | INFO     | [lf.flight.extracted] SM495 on 19JAN: BKG=178, LF=99.4%
[LF] SM495 19JAN: BKG=178, GRP=175, CAP=179, LF%=99.4%, Brd-Off=CAI-MED, Classes: P:90, E:85, T:2, K:1
[LF] Getting WEEKLY/LASTSOLD data for 1 flights
[LF] SM495 19JAN: LASTSOLD=2025-12-31 00:00:00, WEEKLY=1, TODAY=0, YDAY=0
2026-01-05 00:22:21 | INFO     | [SUCCESS] Day 19JAN
2026-01-05 00:22:21 | INFO     | [DAY_START] Processing 18JAN
[LF] Processing CAI-MED for 18JAN
2026-01-05 00:22:21 | INFO     | [lf.day.start] Processing CAI-MED for 18JAN
[LF] 18JAN: found 1 direct flights
2026-01-05 00:22:22 | INFO     | [lf.day.flights_found] Found 1 flights on 18JAN
2026-01-05 00:22:24 | INFO     | [lf.flight.extracted] SM493 on 18JAN: BKG=147, LF=82.1%
[LF] SM493 18JAN: BKG=147, GRP=125, CAP=179, LF%=82.1%, Brd-Off=CAI-MED, Classes: N:2, P:45, E:80, T:10, W:10
[LF] Getting WEEKLY/LASTSOLD data for 1 flights
[LF] SM493 18JAN: LASTSOLD=2026-01-04 00:00:00, WEEKLY=4, TODAY=0, YDAY=2
2026-01-05 00:22:29 | INFO     | [SUCCESS] Day 18JAN
2026-01-05 00:22:29 | INFO     | [DAY_START] Processing 17JAN
[LF] Processing CAI-MED for 17JAN
2026-01-05 00:22:29 | INFO     | [lf.day.start] Processing CAI-MED for 17JAN
[LF] 17JAN: found 1 direct flights
2026-01-05 00:22:30 | INFO     | [lf.day.flights_found] Found 1 flights on 17JAN
2026-01-05 00:22:33 | INFO     | [lf.flight.extracted] SM493 on 17JAN: BKG=128, LF=71.1%
[LF] SM493 17JAN: BKG=128, GRP=90, CAP=180, LF%=71.1%, Brd-Off=CAI-MED, Classes: P:90, T:10, W:15, S:13
[LF] Getting WEEKLY/LASTSOLD data for 1 flights
[LF] SM493 17JAN: LASTSOLD=2026-01-04 00:00:00, WEEKLY=21, TODAY=0, YDAY=7
2026-01-05 00:22:36 | INFO     | [SUCCESS] Day 17JAN
2026-01-05 00:22:36 | INFO     | [DAY_START] Processing 16JAN
[LF] Processing CAI-MED for 16JAN
2026-01-05 00:22:36 | INFO     | [lf.day.start] Processing CAI-MED for 16JAN
[LF] No direct flights on 16JAN for CAI-MED
2026-01-05 00:22:37 | WARNING  | [lf.day.no_flights] No direct flights on 16JAN
2026-01-05 00:22:37 | INFO     | [SUCCESS] Day 16JAN
2026-01-05 00:22:37 | INFO     | [DAY_START] Processing 15JAN
[LF] Processing CAI-MED for 15JAN
2026-01-05 00:22:37 | INFO     | [lf.day.start] Processing CAI-MED for 15JAN
[LF] 15JAN: found 2 direct flights
2026-01-05 00:22:38 | INFO     | [lf.day.flights_found] Found 2 flights on 15JAN
2026-01-05 00:22:40 | INFO     | [lf.flight.extracted] SM971 on 15JAN: BKG=27, LF=15.1%
[LF] SM971 15JAN: BKG=27, GRP=0, CAP=179, LF%=15.1%, Brd-Off=CAI-MED, Classes: I:3, O:9, U:10, X:5
2026-01-05 00:22:44 | INFO     | [lf.flight.extracted] SM493 on 15JAN: BKG=179, LF=100.0%
[LF] SM493 15JAN: BKG=179, GRP=135, CAP=179, LF%=100.0%, Brd-Off=CAI-MED, Classes: N:3, P:135, T:10, W:15, S:6, G:8, K:2
[LF] Getting WEEKLY/LASTSOLD data for 2 flights
[LF] SM971 15JAN: LASTSOLD=2026-01-04 00:00:00, WEEKLY=24, TODAY=0, YDAY=24
[LF] SM493 15JAN: LASTSOLD=2025-12-29 00:00:00, WEEKLY=4, TODAY=0, YDAY=0
2026-01-05 00:22:51 | INFO     | [SUCCESS] Day 15JAN
2026-01-05 00:22:51 | INFO     | [DAY_START] Processing 14JAN
[LF] Processing CAI-MED for 14JAN
2026-01-05 00:22:51 | INFO     | [lf.day.start] Processing CAI-MED for 14JAN
[LF] No direct flights on 14JAN for CAI-MED
2026-01-05 00:22:52 | WARNING  | [lf.day.no_flights] No direct flights on 14JAN
2026-01-05 00:22:52 | INFO     | [SUCCESS] Day 14JAN
[LF] Results summary:
  2026-01-22: 1 flights
  2026-01-21: 0 flights
  2026-01-20: 1 flights
  2026-01-19: 1 flights
  2026-01-18: 1 flights
  2026-01-17: 1 flights
  2026-01-16: 0 flights
  2026-01-15: 2 flights
  2026-01-14: 0 flights
2026-01-05 00:22:52 | INFO     | [SUCCESS] LF Search Complete

============================================================
[Worker_9225] ✓ COMPLETED: CAI-MED
  Results: 9 dates
  Errors: 0 dates
  Total Processed: 3 groups
============================================================

2026-01-05 00:22:54 | INFO     | [Worker_9225] Completed: CAI-MED - 9 results, 0 errors

============================================================
[Worker_9225] Processing: HBE-JED
  Tier 0: Range 1, Chunk 2/3
  Dates: 9 days
  Date Range: 2026-01-22 to 2026-01-14
============================================================

2026-01-05 00:22:54 | INFO     | [Worker_9225] Processing: HBE-JED
2026-01-05 00:22:54 | INFO     |   Tier 0: Range 1, Chunk 2/3 (9 days)
2026-01-05 00:22:54 | INFO     | ======================================================================
2026-01-05 00:22:54 | INFO     | Load Factor Scraper Started - Route: HBE-JED
2026-01-05 00:22:54 | INFO     | Log file: D:\CODERED\LAB\market_insights\outputs\run_generated_050126_at_00.18\logs\LF_HBE-JED_20260105_002254.log
2026-01-05 00:22:54 | INFO     | Enhanced logging: Capturing both logging.info() and print()
2026-01-05 00:22:54 | INFO     | ======================================================================
[LF] Processing dates (override): ['22JAN', '21JAN', '20JAN', '19JAN', '18JAN', '17JAN', '16JAN', '15JAN', '14JAN']
[LF] Attaching to Chrome for Altea access
2026-01-05 00:22:54 | INFO     | Starting LF search for route: HBE-JED
2026-01-05 00:22:54 | INFO     | [START] LF Search
[LF][[OK] SUCCESS] Connected to Chrome on 127.0.0.1:9225 (after 1 attempts)
2026-01-05 00:22:55 | INFO     | [HEALTH CHECK] [OK] Chrome connection is healthy
[LF][[OK] SUCCESS] Found Amadeus Altea window: Altéa Reservation Desktop
[LF][[INFO] INFO] URL: https://tc212.resdesktop.altea.amadeus.com/app_ard/apf/init/login?SITE=ESMPESMP&LANGUAGE=GB&MARKETS=ARDW_PROD_WBP&ACTION=clpLogin
2026-01-05 00:22:55 | INFO     | [DAY_START] Processing 22JAN
[LF] Processing HBE-JED for 22JAN
2026-01-05 00:22:55 | INFO     | [lf.day.start] Processing HBE-JED for 22JAN
[LF] 22JAN: found 1 direct flights
2026-01-05 00:22:56 | INFO     | [lf.day.flights_found] Found 1 flights on 22JAN
2026-01-05 00:22:58 | INFO     | [lf.flight.extracted] SM451 on 22JAN: BKG=176, LF=100.0%
[LF] SM451 22JAN: BKG=176, GRP=135, CAP=176, LF%=100.0%, Brd-Off=HBE-JED, Classes: P:135, X:10, T:9, W:18, S:4
[LF] Getting WEEKLY/LASTSOLD data for 1 flights
[LF] SM451 22JAN: LASTSOLD=2025-12-30 00:00:00, WEEKLY=9, TODAY=0, YDAY=0
2026-01-05 00:23:02 | INFO     | [SUCCESS] Day 22JAN
2026-01-05 00:23:02 | INFO     | [DAY_START] Processing 21JAN
[LF] Processing HBE-JED for 21JAN
2026-01-05 00:23:02 | INFO     | [lf.day.start] Processing HBE-JED for 21JAN
[LF] 21JAN: found 3 direct flights
2026-01-05 00:23:03 | INFO     | [lf.day.flights_found] Found 3 flights on 21JAN
2026-01-05 00:23:05 | INFO     | [lf.flight.extracted] SM451 on 21JAN: BKG=155, LF=88.1%
[LF] SM451 21JAN: BKG=155, GRP=135, CAP=176, LF%=88.1%, Brd-Off=HBE-JED, Classes: P:135, X:3, T:3, W:3, S:3, G:2, L:2, K:4
2026-01-05 00:23:09 | INFO     | [lf.flight.extracted] SM457 on 21JAN: BKG=179, LF=100.0%
[LF] SM457 21JAN: BKG=179, GRP=135, CAP=179, LF%=100.0%, Brd-Off=HBE-JED, Classes: P:135, X:10, T:9, W:17, S:8
2026-01-05 00:23:12 | INFO     | [lf.flight.extracted] SM473 on 21JAN: BKG=180, LF=100.6%
[LF] SM473 21JAN: BKG=180, GRP=170, CAP=179, LF%=100.6%, Brd-Off=HBE-JED, Classes: P:170, X:10
[LF] Getting WEEKLY/LASTSOLD data for 3 flights
[LF] SM451 21JAN: LASTSOLD=2026-01-02 00:00:00, WEEKLY=9, TODAY=0, YDAY=0
[LF] SM457 21JAN: LASTSOLD=2025-12-30 00:00:00, WEEKLY=17, TODAY=0, YDAY=0
[LF] SM473 21JAN: LASTSOLD=2025-12-24 00:00:00, WEEKLY=0, TODAY=0, YDAY=0
2026-01-05 00:23:21 | INFO     | [SUCCESS] Day 21JAN
2026-01-05 00:23:21 | INFO     | [DAY_START] Processing 20JAN
[LF] Processing HBE-JED for 20JAN
2026-01-05 00:23:21 | INFO     | [lf.day.start] Processing HBE-JED for 20JAN
[LF] 20JAN: found 1 direct flights
2026-01-05 00:23:22 | INFO     | [lf.day.flights_found] Found 1 flights on 20JAN
2026-01-05 00:23:24 | INFO     | [lf.flight.extracted] SM451 on 20JAN: BKG=175, LF=99.4%
[LF] SM451 20JAN: BKG=175, GRP=135, CAP=176, LF%=99.4%, Brd-Off=HBE-JED, Classes: P:135, X:10, T:6, W:13, S:9, K:2
[LF] Getting WEEKLY/LASTSOLD data for 1 flights
[LF] SM451 20JAN: LASTSOLD=2026-01-03 00:00:00, WEEKLY=4, TODAY=0, YDAY=0
2026-01-05 00:23:28 | INFO     | [SUCCESS] Day 20JAN
2026-01-05 00:23:28 | INFO     | [DAY_START] Processing 19JAN
[LF] Processing HBE-JED for 19JAN
2026-01-05 00:23:28 | INFO     | [lf.day.start] Processing HBE-JED for 19JAN
[LF] 19JAN: found 2 direct flights
2026-01-05 00:23:29 | INFO     | [lf.day.flights_found] Found 2 flights on 19JAN
2026-01-05 00:23:31 | INFO     | [lf.flight.extracted] SM457 on 19JAN: BKG=176, LF=100.0%
[LF] SM457 19JAN: BKG=176, GRP=135, CAP=176, LF%=100.0%, Brd-Off=HBE-JED, Classes: P:135, X:9, T:9, S:16, G:3, K:4
2026-01-05 00:23:35 | INFO     | [lf.flight.extracted] SM451 on 19JAN: BKG=176, LF=100.0%
[LF] SM451 19JAN: BKG=176, GRP=135, CAP=176, LF%=100.0%, Brd-Off=HBE-JED, Classes: P:135, X:10, T:9, W:11, S:6, K:5
[LF] Getting WEEKLY/LASTSOLD data for 2 flights
[LF] SM457 19JAN: LASTSOLD=2026-01-02 00:00:00, WEEKLY=21, TODAY=0, YDAY=0
[LF] SM451 19JAN: LASTSOLD=2025-12-30 00:00:00, WEEKLY=5, TODAY=0, YDAY=0
2026-01-05 00:23:44 | INFO     | [SUCCESS] Day 19JAN
2026-01-05 00:23:44 | INFO     | [DAY_START] Processing 18JAN
[LF] Processing HBE-JED for 18JAN
2026-01-05 00:23:44 | INFO     | [lf.day.start] Processing HBE-JED for 18JAN
[LF] 18JAN: found 2 direct flights
2026-01-05 00:23:45 | INFO     | [lf.day.flights_found] Found 2 flights on 18JAN
2026-01-05 00:23:48 | INFO     | [lf.flight.extracted] SM451 on 18JAN: BKG=176, LF=100.0%
[LF] SM451 18JAN: BKG=176, GRP=137, CAP=176, LF%=100.0%, Brd-Off=HBE-JED, Classes: P:137, X:10, T:9, W:16, S:4
2026-01-05 00:23:53 | INFO     | [lf.flight.extracted] SM457 on 18JAN: BKG=179, LF=100.0%
[LF] SM457 18JAN: BKG=179, GRP=135, CAP=179, LF%=100.0%, Brd-Off=HBE-JED, Classes: P:135, X:10, T:8, W:15, S:11
[LF] Getting WEEKLY/LASTSOLD data for 2 flights
[LF] SM451 18JAN: LASTSOLD=2025-12-30 00:00:00, WEEKLY=3, TODAY=0, YDAY=0
[LF] SM457 18JAN: LASTSOLD=2025-12-30 00:00:00, WEEKLY=3, TODAY=0, YDAY=0
2026-01-05 00:24:06 | INFO     | [SUCCESS] Day 18JAN
2026-01-05 00:24:06 | INFO     | [DAY_START] Processing 17JAN
[LF] Processing HBE-JED for 17JAN
2026-01-05 00:24:06 | INFO     | [lf.day.start] Processing HBE-JED for 17JAN
[LF] 17JAN: found 2 direct flights
2026-01-05 00:24:07 | INFO     | [lf.day.flights_found] Found 2 flights on 17JAN
2026-01-05 00:24:10 | INFO     | [lf.flight.extracted] SM457 on 17JAN: BKG=176, LF=100.0%
[LF] SM457 17JAN: BKG=176, GRP=142, CAP=176, LF%=100.0%, Brd-Off=HBE-JED, Classes: P:142, W:10, S:8, G:8, L:7, K:1
2026-01-05 00:24:14 | INFO     | [lf.flight.extracted] SM451 on 17JAN: BKG=177, LF=100.6%
[LF] SM451 17JAN: BKG=177, GRP=134, CAP=176, LF%=100.6%, Brd-Off=HBE-JED, Classes: P:134, X:3, W:9, S:21, G:3, L:3, V:3, K:1
[LF] Getting WEEKLY/LASTSOLD data for 2 flights
[LF] SM457 17JAN: LASTSOLD=2025-12-31 00:00:00, WEEKLY=8, TODAY=0, YDAY=0
[LF] SM451 17JAN: LASTSOLD=2025-12-18 00:00:00, WEEKLY=0, TODAY=0, YDAY=0
2026-01-05 00:24:23 | INFO     | [SUCCESS] Day 17JAN
2026-01-05 00:24:23 | INFO     | [DAY_START] Processing 16JAN
[LF] Processing HBE-JED for 16JAN
2026-01-05 00:24:23 | INFO     | [lf.day.start] Processing HBE-JED for 16JAN
[LF] 16JAN: found 1 direct flights
2026-01-05 00:24:24 | INFO     | [lf.day.flights_found] Found 1 flights on 16JAN
2026-01-05 00:24:27 | INFO     | [lf.flight.extracted] SM451 on 16JAN: BKG=111, LF=63.1%
[LF] SM451 16JAN: BKG=111, GRP=40, CAP=176, LF%=63.1%, Brd-Off=HBE-JED, Classes: P:40, T:5, G:35, L:13, V:12, K:6
[LF] Getting WEEKLY/LASTSOLD data for 1 flights
[LF] SM451 16JAN: LASTSOLD=2026-01-04 00:00:00, WEEKLY=29, TODAY=0, YDAY=2
2026-01-05 00:24:32 | INFO     | [SUCCESS] Day 16JAN
2026-01-05 00:24:32 | INFO     | [DAY_START] Processing 15JAN
[LF] Processing HBE-JED for 15JAN
2026-01-05 00:24:32 | INFO     | [lf.day.start] Processing HBE-JED for 15JAN
[LF] 15JAN: found 1 direct flights
2026-01-05 00:24:33 | INFO     | [lf.day.flights_found] Found 1 flights on 15JAN
2026-01-05 00:24:35 | INFO     | [lf.flight.extracted] SM451 on 15JAN: BKG=176, LF=100.0%
[LF] SM451 15JAN: BKG=176, GRP=140, CAP=176, LF%=100.0%, Brd-Off=HBE-JED, Classes: P:140, X:9, T:8, G:11, L:8
[LF] Getting WEEKLY/LASTSOLD data for 1 flights
[LF] SM451 15JAN: LASTSOLD=2026-01-01 00:00:00, WEEKLY=12, TODAY=0, YDAY=0
2026-01-05 00:24:39 | INFO     | [SUCCESS] Day 15JAN
2026-01-05 00:24:39 | INFO     | [DAY_START] Processing 14JAN
[LF] Processing HBE-JED for 14JAN
2026-01-05 00:24:39 | INFO     | [lf.day.start] Processing HBE-JED for 14JAN
[LF] 14JAN: 2 cancelled flight(s) detected from SN
[LF] 14JAN: found 3 direct flights
2026-01-05 00:24:40 | INFO     | [lf.day.flights_found] Found 3 flights on 14JAN
2026-01-05 00:24:42 | INFO     | [lf.flight.extracted] SM451 on 14JAN: BKG=173, LF=98.3%
[LF] SM451 14JAN: BKG=173, GRP=137, CAP=176, LF%=98.3%, Brd-Off=HBE-JED, Classes: P:137, I:3, O:3, U:3, X:2, W:23, S:2
2026-01-05 00:24:46 | INFO     | [lf.flight.extracted] SM457 on 14JAN: BKG=175, LF=97.8%
[LF] SM457 14JAN: BKG=175, GRP=135, CAP=179, LF%=97.8%, Brd-Off=HBE-JED, Classes: P:137, X:8, T:3, W:7, S:3, L:4, V:13
2026-01-05 00:24:50 | INFO     | [lf.flight.extracted] SM473 on 14JAN: BKG=180, LF=100.6%
[LF] SM473 14JAN: BKG=180, GRP=170, CAP=179, LF%=100.6%, Brd-Off=HBE-JED, Classes: P:170, X:9, L:1
[LF] Getting WEEKLY/LASTSOLD data for 3 flights
[LF] SM451 14JAN: LASTSOLD=2026-01-04 00:00:00, WEEKLY=22, TODAY=0, YDAY=1
[LF] SM457 14JAN: LASTSOLD=2026-01-04 00:00:00, WEEKLY=17, TODAY=0, YDAY=4
[LF] SM473 14JAN: LASTSOLD=2025-12-21 00:00:00, WEEKLY=0, TODAY=0, YDAY=0
2026-01-05 00:25:35 | INFO     | [SUCCESS] Day 14JAN
[LF] Results summary:
  2026-01-22: 1 flights
  2026-01-21: 3 flights
  2026-01-20: 1 flights
  2026-01-19: 2 flights
  2026-01-18: 2 flights
  2026-01-17: 2 flights
  2026-01-16: 1 flights
  2026-01-15: 1 flights
  2026-01-14: 3 flights
[LF] Cancelled flights found: 2
  - SM211 14JAN (SN)
  - SM211 14JAN (SN)
2026-01-05 00:25:35 | INFO     | [SUCCESS] LF Search Complete
[Worker_9225] Cancelled flights collected: 2

============================================================
[Worker_9225] ✓ COMPLETED: HBE-JED
  Results: 9 dates
  Errors: 0 dates
  Total Processed: 4 groups
============================================================

2026-01-05 00:25:37 | INFO     | [Worker_9225] Completed: HBE-JED - 9 results, 0 errors

============================================================
[Worker_9225] Processing: TUU-CAI
  Tier 0: Range 1, Chunk 3/3
  Dates: 9 days
  Date Range: 2026-01-13 to 2026-01-05
============================================================

2026-01-05 00:25:37 | INFO     | [Worker_9225] Processing: TUU-CAI
2026-01-05 00:25:37 | INFO     |   Tier 0: Range 1, Chunk 3/3 (9 days)
2026-01-05 00:25:37 | INFO     | ======================================================================
2026-01-05 00:25:37 | INFO     | Load Factor Scraper Started - Route: TUU-CAI
2026-01-05 00:25:37 | INFO     | Log file: D:\CODERED\LAB\market_insights\outputs\run_generated_050126_at_00.18\logs\LF_TUU-CAI_20260105_002537.log
2026-01-05 00:25:37 | INFO     | Enhanced logging: Capturing both logging.info() and print()
2026-01-05 00:25:37 | INFO     | ======================================================================
[LF] Processing dates (override): ['13JAN', '12JAN', '11JAN', '10JAN', '09JAN', '08JAN', '07JAN', '06JAN', '05JAN']
[LF] Attaching to Chrome for Altea access
2026-01-05 00:25:37 | INFO     | Starting LF search for route: TUU-CAI
2026-01-05 00:25:37 | INFO     | [START] LF Search
[LF][[OK] SUCCESS] Connected to Chrome on 127.0.0.1:9225 (after 1 attempts)
2026-01-05 00:25:38 | INFO     | [HEALTH CHECK] [OK] Chrome connection is healthy
[LF][[OK] SUCCESS] Found Amadeus Altea window: Altéa Reservation Desktop
[LF][[INFO] INFO] URL: https://tc212.resdesktop.altea.amadeus.com/app_ard/apf/init/login?SITE=ESMPESMP&LANGUAGE=GB&MARKETS=ARDW_PROD_WBP&ACTION=clpLogin
2026-01-05 00:25:39 | INFO     | [DAY_START] Processing 13JAN
[LF] Processing TUU-CAI for 13JAN
2026-01-05 00:25:39 | INFO     | [lf.day.start] Processing TUU-CAI for 13JAN
[LF] No direct flights on 13JAN for TUU-CAI
2026-01-05 00:25:40 | WARNING  | [lf.day.no_flights] No direct flights on 13JAN
2026-01-05 00:25:40 | INFO     | [SUCCESS] Day 13JAN
2026-01-05 00:25:40 | INFO     | [DAY_START] Processing 12JAN
[LF] Processing TUU-CAI for 12JAN
2026-01-05 00:25:40 | INFO     | [lf.day.start] Processing TUU-CAI for 12JAN
[LF] No direct flights on 12JAN for TUU-CAI
2026-01-05 00:25:41 | WARNING  | [lf.day.no_flights] No direct flights on 12JAN
2026-01-05 00:25:42 | INFO     | [SUCCESS] Day 12JAN
2026-01-05 00:25:42 | INFO     | [DAY_START] Processing 11JAN
[LF] Processing TUU-CAI for 11JAN
2026-01-05 00:25:42 | INFO     | [lf.day.start] Processing TUU-CAI for 11JAN
[LF] No direct flights on 11JAN for TUU-CAI
2026-01-05 00:25:48 | WARNING  | [lf.day.no_flights] No direct flights on 11JAN
2026-01-05 00:25:48 | INFO     | [SUCCESS] Day 11JAN
2026-01-05 00:25:48 | INFO     | [DAY_START] Processing 10JAN
[LF] Processing TUU-CAI for 10JAN
2026-01-05 00:25:48 | INFO     | [lf.day.start] Processing TUU-CAI for 10JAN
[LF] 10JAN: found 1 direct flights
2026-01-05 00:26:04 | INFO     | [lf.day.flights_found] Found 1 flights on 10JAN
2026-01-05 00:26:30 | INFO     | [lf.flight.extracted] SM326 on 10JAN: BKG=58, LF=33.1%
[LF] SM326 10JAN: BKG=58, GRP=0, CAP=175, LF%=33.1%, Brd-Off=TUU-CAI, Classes: I:31, O:27
[LF] Getting WEEKLY/LASTSOLD data for 1 flights
[LF] SM326 10JAN: LASTSOLD=2026-01-04 00:00:00, WEEKLY=36, TODAY=0, YDAY=13
2026-01-05 00:26:34 | INFO     | [SUCCESS] Day 10JAN
2026-01-05 00:26:34 | INFO     | [DAY_START] Processing 09JAN
[LF] Processing TUU-CAI for 09JAN
2026-01-05 00:26:34 | INFO     | [lf.day.start] Processing TUU-CAI for 09JAN
[LF] No direct flights on 09JAN for TUU-CAI
2026-01-05 00:26:35 | WARNING  | [lf.day.no_flights] No direct flights on 09JAN
2026-01-05 00:26:35 | INFO     | [SUCCESS] Day 09JAN
2026-01-05 00:26:35 | INFO     | [DAY_START] Processing 08JAN
[LF] Processing TUU-CAI for 08JAN
2026-01-05 00:26:35 | INFO     | [lf.day.start] Processing TUU-CAI for 08JAN
[LF] 08JAN: found 1 direct flights
2026-01-05 00:26:36 | INFO     | [lf.day.flights_found] Found 1 flights on 08JAN
2026-01-05 00:26:38 | INFO     | [lf.flight.extracted] SM326 on 08JAN: BKG=93, LF=53.1%
[LF] SM326 08JAN: BKG=93, GRP=0, CAP=175, LF%=53.1%, Brd-Off=TUU-CAI, Classes: O:32, U:8, X:6, T:13, W:25, S:8, K:1
[LPC] SM326 08JAN: Found 0 outbound flights with connecting passengers
[LF] Getting WEEKLY/LASTSOLD data for 1 flights
[LF] SM326 08JAN: LASTSOLD=2025-12-30 00:00:00, WEEKLY=1, TODAY=0, YDAY=0
2026-01-05 00:26:41 | INFO     | [SUCCESS] Day 08JAN
2026-01-05 00:26:41 | INFO     | [DAY_START] Processing 07JAN
[LF] Processing TUU-CAI for 07JAN
2026-01-05 00:26:41 | INFO     | [lf.day.start] Processing TUU-CAI for 07JAN
[LF] 07JAN: found 1 direct flights
2026-01-05 00:26:43 | INFO     | [lf.day.flights_found] Found 1 flights on 07JAN
2026-01-05 00:26:45 | INFO     | [lf.flight.extracted] SM326 on 07JAN: BKG=109, LF=62.3%
[LF] SM326 07JAN: BKG=109, GRP=0, CAP=175, LF%=62.3%, Brd-Off=TUU-CAI, Classes: I:36, O:55, U:10, X:2, W:5, V:1
[LPC] SM326 07JAN: Found 0 outbound flights with connecting passengers
[LF] Getting WEEKLY/LASTSOLD data for 1 flights
[LF] SM326 07JAN: LASTSOLD=2026-01-04 00:00:00, WEEKLY=53, TODAY=0, YDAY=23
2026-01-05 00:26:52 | INFO     | [SUCCESS] Day 07JAN
2026-01-05 00:26:52 | INFO     | [DAY_START] Processing 06JAN
[LF] Processing TUU-CAI for 06JAN
2026-01-05 00:26:52 | INFO     | [lf.day.start] Processing TUU-CAI for 06JAN
[LF] No direct flights on 06JAN for TUU-CAI
2026-01-05 00:26:53 | WARNING  | [lf.day.no_flights] No direct flights on 06JAN
2026-01-05 00:26:53 | INFO     | [SUCCESS] Day 06JAN
[LF] Skipping 05JAN (Today) - will be processed by supplement scan
[LF] Results summary:
  2026-01-13: 0 flights
  2026-01-12: 0 flights
  2026-01-11: 0 flights
  2026-01-10: 1 flights
  2026-01-09: 0 flights
  2026-01-08: 1 flights
  2026-01-07: 1 flights
  2026-01-06: 0 flights
2026-01-05 00:26:53 | INFO     | [SUCCESS] LF Search Complete

============================================================
[Worker_9225] ✓ COMPLETED: TUU-CAI
  Results: 8 dates
  Errors: 0 dates
  Total Processed: 5 groups
============================================================

2026-01-05 00:26:55 | INFO     | [Worker_9225] Completed: TUU-CAI - 8 results, 0 errors

============================================================
[Worker_9225] Processing: ATZ-MED
  Tier 0: Range 1, Chunk 3/3
  Dates: 9 days
  Date Range: 2026-01-13 to 2026-01-05
============================================================

2026-01-05 00:26:55 | INFO     | [Worker_9225] Processing: ATZ-MED
2026-01-05 00:26:55 | INFO     |   Tier 0: Range 1, Chunk 3/3 (9 days)
2026-01-05 00:26:55 | INFO     | ======================================================================
2026-01-05 00:26:55 | INFO     | Load Factor Scraper Started - Route: ATZ-MED
2026-01-05 00:26:55 | INFO     | Log file: D:\CODERED\LAB\market_insights\outputs\run_generated_050126_at_00.18\logs\LF_ATZ-MED_20260105_002655.log
2026-01-05 00:26:55 | INFO     | Enhanced logging: Capturing both logging.info() and print()
2026-01-05 00:26:55 | INFO     | ======================================================================
[LF] Processing dates (override): ['13JAN', '12JAN', '11JAN', '10JAN', '09JAN', '08JAN', '07JAN', '06JAN', '05JAN']
[LF] Attaching to Chrome for Altea access
2026-01-05 00:26:55 | INFO     | Starting LF search for route: ATZ-MED
2026-01-05 00:26:55 | INFO     | [START] LF Search
[LF][[OK] SUCCESS] Connected to Chrome on 127.0.0.1:9225 (after 1 attempts)
2026-01-05 00:26:56 | INFO     | [HEALTH CHECK] [OK] Chrome connection is healthy
[LF][[OK] SUCCESS] Found Amadeus Altea window: Altéa Reservation Desktop
[LF][[INFO] INFO] URL: https://tc212.resdesktop.altea.amadeus.com/app_ard/apf/init/login?SITE=ESMPESMP&LANGUAGE=GB&MARKETS=ARDW_PROD_WBP&ACTION=clpLogin
2026-01-05 00:26:56 | INFO     | [DAY_START] Processing 13JAN
[LF] Processing ATZ-MED for 13JAN
2026-01-05 00:26:56 | INFO     | [lf.day.start] Processing ATZ-MED for 13JAN
[LF] 13JAN: found 1 direct flights
2026-01-05 00:26:57 | INFO     | [lf.day.flights_found] Found 1 flights on 13JAN
2026-01-05 00:26:59 | INFO     | [lf.flight.extracted] SM487 on 13JAN: BKG=78, LF=43.6%
[LF] SM487 13JAN: BKG=78, GRP=35, CAP=179, LF%=43.6%, Brd-Off=ATZ-MED, Classes: E:35, I:24, O:18, X:1
[LF] Getting WEEKLY/LASTSOLD data for 1 flights
[LF] SM487 13JAN: LASTSOLD=2026-01-04 00:00:00, WEEKLY=34, TODAY=0, YDAY=1
2026-01-05 00:27:03 | INFO     | [SUCCESS] Day 13JAN
2026-01-05 00:27:03 | INFO     | [DAY_START] Processing 12JAN
[LF] Processing ATZ-MED for 12JAN
2026-01-05 00:27:03 | INFO     | [lf.day.start] Processing ATZ-MED for 12JAN
[LF] 12JAN: found 1 direct flights
2026-01-05 00:27:04 | INFO     | [lf.day.flights_found] Found 1 flights on 12JAN
2026-01-05 00:27:06 | INFO     | [lf.flight.extracted] SM487 on 12JAN: BKG=85, LF=47.5%
[LF] SM487 12JAN: BKG=85, GRP=15, CAP=179, LF%=47.5%, Brd-Off=ATZ-MED, Classes: E:15, I:43, O:15, U:10, X:2
[LF] Getting WEEKLY/LASTSOLD data for 1 flights
[LF] SM487 12JAN: LASTSOLD=2026-01-04 00:00:00, WEEKLY=47, TODAY=0, YDAY=17
2026-01-05 00:27:10 | INFO     | [SUCCESS] Day 12JAN
2026-01-05 00:27:10 | INFO     | [DAY_START] Processing 11JAN
[LF] Processing ATZ-MED for 11JAN
2026-01-05 00:27:10 | INFO     | [lf.day.start] Processing ATZ-MED for 11JAN
[LF] No direct flights on 11JAN for ATZ-MED
2026-01-05 00:27:11 | WARNING  | [lf.day.no_flights] No direct flights on 11JAN
2026-01-05 00:27:11 | INFO     | [SUCCESS] Day 11JAN
2026-01-05 00:27:11 | INFO     | [DAY_START] Processing 10JAN
[LF] Processing ATZ-MED for 10JAN
2026-01-05 00:27:11 | INFO     | [lf.day.start] Processing ATZ-MED for 10JAN
[LF] 10JAN: found 1 direct flights
2026-01-05 00:27:12 | INFO     | [lf.day.flights_found] Found 1 flights on 10JAN
2026-01-05 00:27:14 | INFO     | [lf.flight.extracted] SM487 on 10JAN: BKG=164, LF=91.6%
[LF] SM487 10JAN: BKG=164, GRP=90, CAP=179, LF%=91.6%, Brd-Off=ATZ-MED, Classes: P:90, I:33, O:13, U:13, X:6, T:5, S:3, G:1
[LF] Getting WEEKLY/LASTSOLD data for 1 flights
[LF] SM487 10JAN: LASTSOLD=2026-01-04 00:00:00, WEEKLY=44, TODAY=0, YDAY=27
2026-01-05 00:27:20 | INFO     | [SUCCESS] Day 10JAN
2026-01-05 00:27:20 | INFO     | [DAY_START] Processing 09JAN
[LF] Processing ATZ-MED for 09JAN
2026-01-05 00:27:20 | INFO     | [lf.day.start] Processing ATZ-MED for 09JAN
[LF] No direct flights on 09JAN for ATZ-MED
2026-01-05 00:27:21 | WARNING  | [lf.day.no_flights] No direct flights on 09JAN
2026-01-05 00:27:21 | INFO     | [SUCCESS] Day 09JAN
2026-01-05 00:27:21 | INFO     | [DAY_START] Processing 08JAN
[LF] Processing ATZ-MED for 08JAN
2026-01-05 00:27:21 | INFO     | [lf.day.start] Processing ATZ-MED for 08JAN
[LF] No direct flights on 08JAN for ATZ-MED
2026-01-05 00:27:22 | WARNING  | [lf.day.no_flights] No direct flights on 08JAN
2026-01-05 00:27:22 | INFO     | [SUCCESS] Day 08JAN
2026-01-05 00:27:22 | INFO     | [DAY_START] Processing 07JAN
[LF] Processing ATZ-MED for 07JAN
2026-01-05 00:27:22 | INFO     | [lf.day.start] Processing ATZ-MED for 07JAN
[LF] 07JAN: found 1 direct flights
2026-01-05 00:27:24 | INFO     | [lf.day.flights_found] Found 1 flights on 07JAN
2026-01-05 00:27:29 | INFO     | [lf.flight.extracted] SM489 on 07JAN: BKG=179, LF=100.0%
[LF] SM489 07JAN: BKG=179, GRP=135, CAP=179, LF%=100.0%, Brd-Off=ATZ-MED, Classes: P:135, I:9, O:9, U:7, X:15, T:2, K:1, Y:1
[LF] Getting WEEKLY/LASTSOLD data for 1 flights
[LF] SM489 07JAN: LASTSOLD=2026-01-02 00:00:00, WEEKLY=8, TODAY=0, YDAY=0
2026-01-05 00:27:55 | INFO     | [SUCCESS] Day 07JAN
2026-01-05 00:27:55 | INFO     | [DAY_START] Processing 06JAN
[LF] Processing ATZ-MED for 06JAN
2026-01-05 00:27:55 | INFO     | [lf.day.start] Processing ATZ-MED for 06JAN
[LF] 06JAN: 1 cancelled flight(s) detected from SN
[LF] No direct flights on 06JAN for ATZ-MED
2026-01-05 00:27:56 | WARNING  | [lf.day.no_flights] No direct flights on 06JAN
2026-01-05 00:27:56 | INFO     | [SUCCESS] Day 06JAN
[LF] Skipping 05JAN (Today) - will be processed by supplement scan
[LF] Results summary:
  2026-01-13: 1 flights
  2026-01-12: 1 flights
  2026-01-11: 0 flights
  2026-01-10: 1 flights
  2026-01-09: 0 flights
  2026-01-08: 0 flights
  2026-01-07: 1 flights
  2026-01-06: 0 flights
[LF] Cancelled flights found: 1
  - SM487 06JAN (SN)
2026-01-05 00:27:56 | INFO     | [SUCCESS] LF Search Complete
[Worker_9225] Cancelled flights collected: 1

============================================================
[Worker_9225] ✓ COMPLETED: ATZ-MED
  Results: 8 dates
  Errors: 0 dates
  Total Processed: 6 groups
============================================================

2026-01-05 00:27:58 | INFO     | [Worker_9225] Completed: ATZ-MED - 8 results, 0 errors

============================================================
[Worker_9225] Processing: ATZ-JED
  Tier 0: Range 1, Chunk 3/3
  Dates: 9 days
  Date Range: 2026-01-13 to 2026-01-05
============================================================

2026-01-05 00:27:58 | INFO     | [Worker_9225] Processing: ATZ-JED
2026-01-05 00:27:58 | INFO     |   Tier 0: Range 1, Chunk 3/3 (9 days)
2026-01-05 00:27:58 | INFO     | ======================================================================
2026-01-05 00:27:58 | INFO     | Load Factor Scraper Started - Route: ATZ-JED
2026-01-05 00:27:58 | INFO     | Log file: D:\CODERED\LAB\market_insights\outputs\run_generated_050126_at_00.18\logs\LF_ATZ-JED_20260105_002758.log
2026-01-05 00:27:58 | INFO     | Enhanced logging: Capturing both logging.info() and print()
2026-01-05 00:27:58 | INFO     | ======================================================================
[LF] Processing dates (override): ['13JAN', '12JAN', '11JAN', '10JAN', '09JAN', '08JAN', '07JAN', '06JAN', '05JAN']
[LF] Attaching to Chrome for Altea access
2026-01-05 00:27:58 | INFO     | Starting LF search for route: ATZ-JED
2026-01-05 00:27:58 | INFO     | [START] LF Search
[LF][[OK] SUCCESS] Connected to Chrome on 127.0.0.1:9225 (after 1 attempts)
2026-01-05 00:27:59 | INFO     | [HEALTH CHECK] [OK] Chrome connection is healthy
[LF][[OK] SUCCESS] Found Amadeus Altea window: Altéa Reservation Desktop
[LF][[INFO] INFO] URL: https://tc212.resdesktop.altea.amadeus.com/app_ard/apf/init/login?SITE=ESMPESMP&LANGUAGE=GB&MARKETS=ARDW_PROD_WBP&ACTION=clpLogin
2026-01-05 00:27:59 | INFO     | [DAY_START] Processing 13JAN
[LF] Processing ATZ-JED for 13JAN
2026-01-05 00:27:59 | INFO     | [lf.day.start] Processing ATZ-JED for 13JAN
[LF] 13JAN: found 2 direct flights
2026-01-05 00:28:00 | INFO     | [lf.day.flights_found] Found 2 flights on 13JAN
2026-01-05 00:28:02 | INFO     | [lf.flight.extracted] SM453 on 13JAN: BKG=168, LF=93.8%
[LF] SM453 13JAN: BKG=168, GRP=156, CAP=179, LF%=93.8%, Brd-Off=ATZ-JED, Classes: P:116, E:40, X:4, T:4, W:1, S:1, G:2
2026-01-05 00:28:05 | INFO     | [lf.flight.extracted] SM455 on 13JAN: BKG=179, LF=100.0%
[LF] SM455 13JAN: BKG=179, GRP=135, CAP=179, LF%=100.0%, Brd-Off=ATZ-JED, Classes: P:135, I:20, O:5, U:3, X:4, T:4, W:7, K:1
[LF] Getting WEEKLY/LASTSOLD data for 2 flights
[LF] SM453 13JAN: LASTSOLD=2026-01-03 00:00:00, WEEKLY=3, TODAY=0, YDAY=0
[LF] SM455 13JAN: LASTSOLD=2026-01-04 00:00:00, WEEKLY=28, TODAY=0, YDAY=1
2026-01-05 00:28:11 | INFO     | [SUCCESS] Day 13JAN
2026-01-05 00:28:11 | INFO     | [DAY_START] Processing 12JAN
[LF] Processing ATZ-JED for 12JAN
2026-01-05 00:28:11 | INFO     | [lf.day.start] Processing ATZ-JED for 12JAN
[LF] 12JAN: found 3 direct flights
2026-01-05 00:28:12 | INFO     | [lf.day.flights_found] Found 3 flights on 12JAN
2026-01-05 00:28:14 | INFO     | [lf.flight.extracted] SM491 on 12JAN: BKG=138, LF=77.1%
[LF] SM491 12JAN: BKG=138, GRP=94, CAP=179, LF%=77.1%, Brd-Off=ATZ-JED, Classes: P:94, I:10, O:10, U:10, X:3, T:3, W:8
2026-01-05 00:28:17 | INFO     | [lf.flight.extracted] SM455 on 12JAN: BKG=154, LF=86.0%
[LF] SM455 12JAN: BKG=154, GRP=135, CAP=179, LF%=86.0%, Brd-Off=ATZ-JED, Classes: P:135, X:8, T:7, W:4
2026-01-05 00:28:20 | INFO     | [lf.flight.extracted] SM453 on 12JAN: BKG=138, LF=77.1%
[LF] SM453 12JAN: BKG=138, GRP=89, CAP=179, LF%=77.1%, Brd-Off=ATZ-JED, Classes: P:89, X:10, T:20, W:10, S:9
[LF] Getting WEEKLY/LASTSOLD data for 3 flights
[LF] SM491 12JAN: LASTSOLD=2026-01-04 00:00:00, WEEKLY=9, TODAY=0, YDAY=7
[LF] SM455 12JAN: LASTSOLD=2026-01-04 00:00:00, WEEKLY=12, TODAY=0, YDAY=2
[LF] SM453 12JAN: LASTSOLD=2026-01-04 00:00:00, WEEKLY=29, TODAY=0, YDAY=7
2026-01-05 00:28:30 | INFO     | [SUCCESS] Day 12JAN
2026-01-05 00:28:30 | INFO     | [DAY_START] Processing 11JAN
[LF] Processing ATZ-JED for 11JAN
2026-01-05 00:28:30 | INFO     | [lf.day.start] Processing ATZ-JED for 11JAN
[LF] 11JAN: found 2 direct flights
2026-01-05 00:28:31 | INFO     | [lf.day.flights_found] Found 2 flights on 11JAN
2026-01-05 00:28:33 | INFO     | [lf.flight.extracted] SM491 on 11JAN: BKG=180, LF=100.6%
[LF] SM491 11JAN: BKG=180, GRP=180, CAP=179, LF%=100.6%, Brd-Off=ATZ-JED, Classes: P:180
2026-01-05 00:28:36 | INFO     | [lf.flight.extracted] SM455 on 11JAN: BKG=177, LF=98.9%
[LF] SM455 11JAN: BKG=177, GRP=143, CAP=179, LF%=98.9%, Brd-Off=ATZ-JED, Classes: P:143, X:4, T:14, W:7, S:5, G:4
[LF] Getting WEEKLY/LASTSOLD data for 2 flights
[LF] SM491 11JAN: LASTSOLD=2025-12-06 00:00:00, WEEKLY=0, TODAY=0, YDAY=0
[LF] SM455 11JAN: LASTSOLD=2026-01-04 00:00:00, WEEKLY=11, TODAY=0, YDAY=2
2026-01-05 00:28:41 | INFO     | [SUCCESS] Day 11JAN
2026-01-05 00:28:41 | INFO     | [DAY_START] Processing 10JAN
[LF] Processing ATZ-JED for 10JAN
2026-01-05 00:28:41 | INFO     | [lf.day.start] Processing ATZ-JED for 10JAN
[LF] 10JAN: found 3 direct flights
2026-01-05 00:28:42 | INFO     | [lf.day.flights_found] Found 3 flights on 10JAN
2026-01-05 00:28:44 | INFO     | [lf.flight.extracted] SM491 on 10JAN: BKG=180, LF=100.6%
[LF] SM491 10JAN: BKG=180, GRP=170, CAP=179, LF%=100.6%, Brd-Off=ATZ-JED, Classes: P:125, E:45, X:4, T:5, K:1
2026-01-05 00:28:48 | INFO     | [lf.flight.extracted] SM453 on 10JAN: BKG=179, LF=100.0%
[LF] SM453 10JAN: BKG=179, GRP=165, CAP=179, LF%=100.0%, Brd-Off=ATZ-JED, Classes: P:135, E:30, X:10, T:4
2026-01-05 00:28:51 | INFO     | [lf.flight.extracted] SM455 on 10JAN: BKG=163, LF=91.1%
[LF] SM455 10JAN: BKG=163, GRP=140, CAP=179, LF%=91.1%, Brd-Off=ATZ-JED, Classes: N:2, P:90, E:50, X:3, T:4, W:7, S:7
[LPC] SM455 10JAN: Found 1 outbound flights with connecting passengers
[LF] Getting WEEKLY/LASTSOLD data for 3 flights
[LF] SM491 10JAN: LASTSOLD=2025-12-23 00:00:00, WEEKLY=0, TODAY=0, YDAY=0
[LF] SM453 10JAN: LASTSOLD=2026-01-04 00:00:00, WEEKLY=3, TODAY=0, YDAY=1
[LF] SM455 10JAN: LASTSOLD=2025-12-31 00:00:00, WEEKLY=2, TODAY=0, YDAY=0
2026-01-05 00:28:58 | INFO     | [SUCCESS] Day 10JAN
2026-01-05 00:28:58 | INFO     | [DAY_START] Processing 09JAN
[LF] Processing ATZ-JED for 09JAN
2026-01-05 00:28:58 | INFO     | [lf.day.start] Processing ATZ-JED for 09JAN
[LF] 09JAN: found 1 direct flights
2026-01-05 00:28:59 | INFO     | [lf.day.flights_found] Found 1 flights on 09JAN
2026-01-05 00:29:01 | INFO     | [lf.flight.extracted] SM491 on 09JAN: BKG=62, LF=34.6%
[LF] SM491 09JAN: BKG=62, GRP=0, CAP=179, LF%=34.6%, Brd-Off=ATZ-JED, Classes: X:4, T:40, W:7, S:11
[LPC] SM491 09JAN: Found 0 outbound flights with connecting passengers
[LF] Getting WEEKLY/LASTSOLD data for 1 flights
[LF] SM491 09JAN: LASTSOLD=2025-12-30 00:00:00, WEEKLY=1, TODAY=0, YDAY=0
2026-01-05 00:29:04 | INFO     | [SUCCESS] Day 09JAN
2026-01-05 00:29:04 | INFO     | [DAY_START] Processing 08JAN
[LF] Processing ATZ-JED for 08JAN
2026-01-05 00:29:04 | INFO     | [lf.day.start] Processing ATZ-JED for 08JAN
[LF] 08JAN: found 2 direct flights
2026-01-05 00:29:05 | INFO     | [lf.day.flights_found] Found 2 flights on 08JAN
2026-01-05 00:29:07 | INFO     | [lf.flight.extracted] SM453 on 08JAN: BKG=165, LF=92.2%
[LF] SM453 08JAN: BKG=165, GRP=135, CAP=179, LF%=92.2%, Brd-Off=ATZ-JED, Classes: P:135, X:2, T:13, W:10, S:5
2026-01-05 00:29:10 | INFO     | [lf.flight.extracted] SM455 on 08JAN: BKG=179, LF=100.0%
[LF] SM455 08JAN: BKG=179, GRP=76, CAP=179, LF%=100.0%, Brd-Off=ATZ-JED, Classes: P:45, E:31, X:43, T:50, W:10
[LF] Getting WEEKLY/LASTSOLD data for 2 flights
[LF] SM453 08JAN: LASTSOLD=2026-01-04 00:00:00, WEEKLY=5, TODAY=0, YDAY=4
[LF] SM455 08JAN: LASTSOLD=2026-01-04 00:00:00, WEEKLY=73, TODAY=0, YDAY=33
2026-01-05 00:29:20 | INFO     | [SUCCESS] Day 08JAN
2026-01-05 00:29:20 | INFO     | [DAY_START] Processing 07JAN
[LF] Processing ATZ-JED for 07JAN
2026-01-05 00:29:20 | INFO     | [lf.day.start] Processing ATZ-JED for 07JAN
[LF] 07JAN: found 3 direct flights
2026-01-05 00:29:21 | INFO     | [lf.day.flights_found] Found 3 flights on 07JAN
2026-01-05 00:29:23 | INFO     | [lf.flight.extracted] SM453 on 07JAN: BKG=173, LF=96.7%
[LF] SM453 07JAN: BKG=173, GRP=160, CAP=179, LF%=96.7%, Brd-Off=ATZ-JED, Classes: P:115, E:45, X:2, T:1, W:10
2026-01-05 00:29:26 | INFO     | [lf.flight.extracted] SM491 on 07JAN: BKG=179, LF=100.0%
[LF] SM491 07JAN: BKG=179, GRP=135, CAP=179, LF%=100.0%, Brd-Off=ATZ-JED, Classes: P:135, X:10, T:20, W:10, S:4
[LPC] SM491 07JAN: Found 0 outbound flights with connecting passengers
2026-01-05 00:29:30 | INFO     | [lf.flight.extracted] SM421 on 07JAN: BKG=75, LF=41.9%
[LF] SM421 07JAN: BKG=75, GRP=0, CAP=179, LF%=41.9%, Brd-Off=ATZ-JED, Classes: I:5, O:4, U:26, X:13, T:23, W:4
[LF] Getting WEEKLY/LASTSOLD data for 3 flights
[LF] SM453 07JAN: LASTSOLD=2026-01-04 00:00:00, WEEKLY=8, TODAY=0, YDAY=2
[LF] SM491 07JAN: LASTSOLD=2026-01-02 00:00:00, WEEKLY=8, TODAY=0, YDAY=0
[LF] SM421 07JAN: LASTSOLD=2026-01-04 00:00:00, WEEKLY=36, TODAY=0, YDAY=18
2026-01-05 00:29:44 | INFO     | [SUCCESS] Day 07JAN
2026-01-05 00:29:44 | INFO     | [DAY_START] Processing 06JAN
[LF] Processing ATZ-JED for 06JAN
2026-01-05 00:29:44 | INFO     | [lf.day.start] Processing ATZ-JED for 06JAN
[LF] 06JAN: 1 cancelled flight(s) detected from SN
[LF] 06JAN: found 2 direct flights
2026-01-05 00:29:45 | INFO     | [lf.day.flights_found] Found 2 flights on 06JAN
2026-01-05 00:29:46 | INFO     | [lf.flight.extracted] SM453 on 06JAN: BKG=152, LF=84.9%
[LF] SM453 06JAN: BKG=152, GRP=135, CAP=179, LF%=84.9%, Brd-Off=ATZ-JED, Classes: P:95, E:40, I:6, O:1, X:5, T:3, W:2
2026-01-05 00:29:50 | INFO     | [lf.flight.extracted] SM455 on 06JAN: BKG=180, LF=100.0%
[LF] SM455 06JAN: BKG=180, GRP=139, CAP=180, LF%=100.0%, Brd-Off=ATZ-JED, Classes: P:90, E:49, X:8, T:5, W:21, S:1, G:2, K:4
[LF] Getting WEEKLY/LASTSOLD data for 2 flights
[LF] SM453 06JAN: LASTSOLD=2026-01-04 00:00:00, WEEKLY=17, TODAY=0, YDAY=8
[LF] SM455 06JAN: LASTSOLD=2026-01-04 00:00:00, WEEKLY=61, TODAY=0, YDAY=2
2026-01-05 00:29:59 | INFO     | [SUCCESS] Day 06JAN
[LF] Skipping 05JAN (Today) - will be processed by supplement scan
[LF] Results summary:
  2026-01-13: 2 flights
  2026-01-12: 3 flights
  2026-01-11: 2 flights
  2026-01-10: 3 flights
  2026-01-09: 1 flights
  2026-01-08: 2 flights
  2026-01-07: 3 flights
  2026-01-06: 2 flights
[LF] Cancelled flights found: 1
  - SM487 06JAN (SN)
2026-01-05 00:29:59 | INFO     | [SUCCESS] LF Search Complete
[Worker_9225] Cancelled flights collected: 1

============================================================
[Worker_9225] ✓ COMPLETED: ATZ-JED
  Results: 8 dates
  Errors: 0 dates
  Total Processed: 7 groups
============================================================

2026-01-05 00:30:01 | INFO     | [Worker_9225] Completed: ATZ-JED - 8 results, 0 errors
[Worker_9225] Waiting for tasks...

============================================================
[Worker_9225] Shutdown signal received
Exiting...
============================================================
2026-01-05 00:33:57 | INFO     | [Worker_9225] Shutdown signal received, exiting...

============================================================
[Worker_9225] FINISHED
  Total Groups Processed: 7
============================================================

2026-01-05 00:33:57 | INFO     | [Worker_9225] Finished. Processed 7 groups.
