
============================================================
     LF WORKER - PORT 9227
============================================================
Worker: Worker_9227
Status: READY
Waiting for tasks...
============================================================


============================================================
[Worker_9227] Processing: TUU-ATZ
  Tier 0: Range 1, Chunk 1/3
  Dates: 9 days
  Date Range: 2026-01-31 to 2026-01-23
============================================================

2026-01-05 00:18:44 | INFO     | ======================================================================
2026-01-05 00:18:44 | INFO     | Load Factor Scraper Started - Route: TUU-ATZ
2026-01-05 00:18:44 | INFO     | Log file: D:\CODERED\LAB\market_insights\outputs\run_generated_050126_at_00.18\logs\LF_TUU-ATZ_20260105_001844.log
2026-01-05 00:18:44 | INFO     | Enhanced logging: Capturing both logging.info() and print()
2026-01-05 00:18:44 | INFO     | ======================================================================
[LF] Processing dates (override): ['31JAN', '30JAN', '29JAN', '28JAN', '27JAN', '26JAN', '25JAN', '24JAN', '23JAN']
[LF] Attaching to Chrome for Altea access
[LF][[OK] SUCCESS] Connected to Chrome on 127.0.0.1:9227 (after 1 attempts)
[LF][[OK] SUCCESS] Found Amadeus Altea window: Altéa Reservation Desktop
[LF][[INFO] INFO] URL: https://tc212.resdesktop.altea.amadeus.com/app_ard/apf/init/login?SITE=ESMPESMP&LANGUAGE=GB&MARKETS=ARDW_PROD_WBP&ACTION=clpLogin
[LF] Processing TUU-ATZ for 31JAN
[LF][ERROR] Amadeus command error detected: UNKNOWN TRANSACTION
[LF][ERROR] Command: SN31JANTUUATZ/ASM
[LF][RESYNC] Triggering immediate resync to last successful SN command
============================================================
[LF][RESYNC] Command 'SN31JANTUUATZ/ASM' failed: TECH_ERROR:UNKNOWN TRANSACTION
[LF][RESYNC] Re-running entire day from SN command for TUU-ATZ 31JAN
[LF][RESYNC] Attempt 1/50 (waiting 1.0s before retry...)
============================================================
[LF][RESYNC] Sending IG to clear session state...
[LF][RESYNC] Session cleared with IG
[LF] Processing TUU-ATZ for 31JAN
[LF] No direct flights on 31JAN for TUU-ATZ
[LF] Processing TUU-ATZ for 30JAN
[LF] 30JAN: found 1 direct flights
[LF] SM328 30JAN: BKG=58, GRP=0, CAP=175, LF%=33.1%, Brd-Off=TUU-ATZ, Classes: I:20, O:13, U:20, X:5
[LF] Getting WEEKLY/LASTSOLD data for 1 flights
[LF] SM328 30JAN: LASTSOLD=2026-01-04 00:00:00, WEEKLY=23, TODAY=0, YDAY=13
[LF] Processing TUU-ATZ for 29JAN
[LF] No direct flights on 29JAN for TUU-ATZ
[LF] Processing TUU-ATZ for 28JAN
[LF] No direct flights on 28JAN for TUU-ATZ
[LF] Processing TUU-ATZ for 27JAN
[LF] No direct flights on 27JAN for TUU-ATZ
[LF] Processing TUU-ATZ for 26JAN
[LF] No direct flights on 26JAN for TUU-ATZ
[LF] Processing TUU-ATZ for 25JAN
[LF] No direct flights on 25JAN for TUU-ATZ
[LF] Processing TUU-ATZ for 24JAN
[LF] No direct flights on 24JAN for TUU-ATZ
[LF] Processing TUU-ATZ for 23JAN
[LF] 23JAN: found 1 direct flights
[LF] SM328 23JAN: BKG=38, GRP=0, CAP=175, LF%=21.7%, Brd-Off=TUU-ATZ, Classes: I:14, O:20, U:3, S:1
[LF] Getting WEEKLY/LASTSOLD data for 1 flights
[LF] SM328 23JAN: LASTSOLD=2026-01-04 00:00:00, WEEKLY=10, TODAY=0, YDAY=4
[LF] Results summary:
  2026-01-31: 0 flights
  2026-01-30: 1 flights
  2026-01-29: 0 flights
  2026-01-28: 0 flights
  2026-01-27: 0 flights
  2026-01-26: 0 flights
  2026-01-25: 0 flights
  2026-01-24: 0 flights
  2026-01-23: 1 flights

============================================================
[Worker_9227] ✓ COMPLETED: TUU-ATZ
  Results: 9 dates
  Errors: 0 dates
  Total Processed: 1 groups
============================================================


============================================================
[Worker_9227] Processing: HBE-MED
  Tier 0: Range 1, Chunk 1/3
  Dates: 9 days
  Date Range: 2026-01-31 to 2026-01-23
============================================================

2026-01-05 00:19:17 | INFO     | ======================================================================
2026-01-05 00:19:17 | INFO     | Load Factor Scraper Started - Route: HBE-MED
2026-01-05 00:19:17 | INFO     | Log file: D:\CODERED\LAB\market_insights\outputs\run_generated_050126_at_00.18\logs\LF_HBE-MED_20260105_001917.log
2026-01-05 00:19:17 | INFO     | Enhanced logging: Capturing both logging.info() and print()
2026-01-05 00:19:17 | INFO     | ======================================================================
[LF] Processing dates (override): ['31JAN', '30JAN', '29JAN', '28JAN', '27JAN', '26JAN', '25JAN', '24JAN', '23JAN']
[LF] Attaching to Chrome for Altea access
2026-01-05 00:19:17 | INFO     | Starting LF search for route: HBE-MED
2026-01-05 00:19:17 | INFO     | [START] LF Search
[LF][[OK] SUCCESS] Connected to Chrome on 127.0.0.1:9227 (after 1 attempts)
2026-01-05 00:19:19 | INFO     | [HEALTH CHECK] [OK] Chrome connection is healthy
[LF][[OK] SUCCESS] Found Amadeus Altea window: Altéa Reservation Desktop
[LF][[INFO] INFO] URL: https://tc212.resdesktop.altea.amadeus.com/app_ard/apf/init/login?SITE=ESMPESMP&LANGUAGE=GB&MARKETS=ARDW_PROD_WBP&ACTION=clpLogin
2026-01-05 00:19:19 | INFO     | [DAY_START] Processing 31JAN
[LF] Processing HBE-MED for 31JAN
2026-01-05 00:19:19 | INFO     | [lf.day.start] Processing HBE-MED for 31JAN
[LF] No direct flights on 31JAN for HBE-MED
2026-01-05 00:19:20 | WARNING  | [lf.day.no_flights] No direct flights on 31JAN
2026-01-05 00:19:20 | INFO     | [SUCCESS] Day 31JAN
2026-01-05 00:19:20 | INFO     | [DAY_START] Processing 30JAN
[LF] Processing HBE-MED for 30JAN
2026-01-05 00:19:20 | INFO     | [lf.day.start] Processing HBE-MED for 30JAN
[LF] No direct flights on 30JAN for HBE-MED
2026-01-05 00:19:21 | WARNING  | [lf.day.no_flights] No direct flights on 30JAN
2026-01-05 00:19:21 | INFO     | [SUCCESS] Day 30JAN
2026-01-05 00:19:21 | INFO     | [DAY_START] Processing 29JAN
[LF] Processing HBE-MED for 29JAN
2026-01-05 00:19:21 | INFO     | [lf.day.start] Processing HBE-MED for 29JAN
[LF] 29JAN: found 1 direct flights
2026-01-05 00:19:22 | INFO     | [lf.day.flights_found] Found 1 flights on 29JAN
2026-01-05 00:19:24 | INFO     | [lf.flight.extracted] SM485 on 29JAN: BKG=179, LF=100.0%
[LF] SM485 29JAN: BKG=179, GRP=135, CAP=179, LF%=100.0%, Brd-Off=HBE-MED, Classes: P:135, X:9, T:4, W:5, S:9, G:9, L:6, K:2
[LF] Getting WEEKLY/LASTSOLD data for 1 flights
[LF] SM485 29JAN: LASTSOLD=2026-01-03 00:00:00, WEEKLY=7, TODAY=0, YDAY=0
2026-01-05 00:19:28 | INFO     | [SUCCESS] Day 29JAN
2026-01-05 00:19:28 | INFO     | [DAY_START] Processing 28JAN
[LF] Processing HBE-MED for 28JAN
2026-01-05 00:19:28 | INFO     | [lf.day.start] Processing HBE-MED for 28JAN
[LF] 28JAN: found 1 direct flights
2026-01-05 00:19:29 | INFO     | [lf.day.flights_found] Found 1 flights on 28JAN
2026-01-05 00:19:31 | INFO     | [lf.flight.extracted] SM485 on 28JAN: BKG=179, LF=100.0%
[LF] SM485 28JAN: BKG=179, GRP=165, CAP=179, LF%=100.0%, Brd-Off=HBE-MED, Classes: P:165, X:9, T:4, W:1
[LF] Getting WEEKLY/LASTSOLD data for 1 flights
[LF] SM485 28JAN: LASTSOLD=2026-01-02 00:00:00, WEEKLY=3, TODAY=0, YDAY=0
2026-01-05 00:19:34 | INFO     | [SUCCESS] Day 28JAN
2026-01-05 00:19:34 | INFO     | [DAY_START] Processing 27JAN
[LF] Processing HBE-MED for 27JAN
2026-01-05 00:19:34 | INFO     | [lf.day.start] Processing HBE-MED for 27JAN
[LF] 27JAN: found 1 direct flights
2026-01-05 00:19:36 | INFO     | [lf.day.flights_found] Found 1 flights on 27JAN
2026-01-05 00:19:38 | INFO     | [lf.flight.extracted] SM485 on 27JAN: BKG=179, LF=100.0%
[LF] SM485 27JAN: BKG=179, GRP=130, CAP=179, LF%=100.0%, Brd-Off=HBE-MED, Classes: P:130, X:9, T:3, W:6, S:9, G:9, L:9, V:4
[LF] Getting WEEKLY/LASTSOLD data for 1 flights
[LF] SM485 27JAN: LASTSOLD=2025-12-31 00:00:00, WEEKLY=7, TODAY=0, YDAY=0
2026-01-05 00:19:42 | INFO     | [SUCCESS] Day 27JAN
2026-01-05 00:19:42 | INFO     | [DAY_START] Processing 26JAN
[LF] Processing HBE-MED for 26JAN
2026-01-05 00:19:42 | INFO     | [lf.day.start] Processing HBE-MED for 26JAN
[LF] No direct flights on 26JAN for HBE-MED
2026-01-05 00:19:44 | WARNING  | [lf.day.no_flights] No direct flights on 26JAN
2026-01-05 00:19:44 | INFO     | [SUCCESS] Day 26JAN
2026-01-05 00:19:44 | INFO     | [DAY_START] Processing 25JAN
[LF] Processing HBE-MED for 25JAN
2026-01-05 00:19:44 | INFO     | [lf.day.start] Processing HBE-MED for 25JAN
[LF] 25JAN: found 1 direct flights
2026-01-05 00:19:45 | INFO     | [lf.day.flights_found] Found 1 flights on 25JAN
2026-01-05 00:19:47 | INFO     | [lf.flight.extracted] SM485 on 25JAN: BKG=180, LF=102.3%
[LF] SM485 25JAN: BKG=180, GRP=135, CAP=176, LF%=102.3%, Brd-Off=HBE-MED, Classes: P:135, X:9, T:3, W:6, S:9, G:9, L:1, K:8
[LF] Getting WEEKLY/LASTSOLD data for 1 flights
[LF] SM485 25JAN: LASTSOLD=2025-12-29 00:00:00, WEEKLY=3, TODAY=0, YDAY=0
2026-01-05 00:19:51 | INFO     | [SUCCESS] Day 25JAN
2026-01-05 00:19:51 | INFO     | [DAY_START] Processing 24JAN
[LF] Processing HBE-MED for 24JAN
2026-01-05 00:19:51 | INFO     | [lf.day.start] Processing HBE-MED for 24JAN
[LF] No direct flights on 24JAN for HBE-MED
2026-01-05 00:19:52 | WARNING  | [lf.day.no_flights] No direct flights on 24JAN
2026-01-05 00:19:52 | INFO     | [SUCCESS] Day 24JAN
2026-01-05 00:19:52 | INFO     | [DAY_START] Processing 23JAN
[LF] Processing HBE-MED for 23JAN
2026-01-05 00:19:52 | INFO     | [lf.day.start] Processing HBE-MED for 23JAN
[LF] No direct flights on 23JAN for HBE-MED
2026-01-05 00:19:53 | WARNING  | [lf.day.no_flights] No direct flights on 23JAN
2026-01-05 00:19:53 | INFO     | [SUCCESS] Day 23JAN
[LF] Results summary:
  2026-01-31: 0 flights
  2026-01-30: 0 flights
  2026-01-29: 1 flights
  2026-01-28: 1 flights
  2026-01-27: 1 flights
  2026-01-26: 0 flights
  2026-01-25: 1 flights
  2026-01-24: 0 flights
  2026-01-23: 0 flights
2026-01-05 00:19:53 | INFO     | [SUCCESS] LF Search Complete

============================================================
[Worker_9227] ✓ COMPLETED: HBE-MED
  Results: 9 dates
  Errors: 0 dates
  Total Processed: 2 groups
============================================================

2026-01-05 00:19:55 | INFO     | [Worker_9227] Completed: HBE-MED - 9 results, 0 errors

============================================================
[Worker_9227] Processing: ATZ-TUU
  Tier 0: Range 1, Chunk 1/3
  Dates: 9 days
  Date Range: 2026-01-31 to 2026-01-23
============================================================

2026-01-05 00:19:55 | INFO     | [Worker_9227] Processing: ATZ-TUU
2026-01-05 00:19:55 | INFO     |   Tier 0: Range 1, Chunk 1/3 (9 days)
2026-01-05 00:19:55 | INFO     | ======================================================================
2026-01-05 00:19:55 | INFO     | Load Factor Scraper Started - Route: ATZ-TUU
2026-01-05 00:19:55 | INFO     | Log file: D:\CODERED\LAB\market_insights\outputs\run_generated_050126_at_00.18\logs\LF_ATZ-TUU_20260105_001955.log
2026-01-05 00:19:55 | INFO     | Enhanced logging: Capturing both logging.info() and print()
2026-01-05 00:19:55 | INFO     | ======================================================================
[LF] Processing dates (override): ['31JAN', '30JAN', '29JAN', '28JAN', '27JAN', '26JAN', '25JAN', '24JAN', '23JAN']
[LF] Attaching to Chrome for Altea access
2026-01-05 00:19:55 | INFO     | Starting LF search for route: ATZ-TUU
2026-01-05 00:19:55 | INFO     | [START] LF Search
[LF][[OK] SUCCESS] Connected to Chrome on 127.0.0.1:9227 (after 1 attempts)
2026-01-05 00:19:56 | INFO     | [HEALTH CHECK] [OK] Chrome connection is healthy
[LF][[OK] SUCCESS] Found Amadeus Altea window: Altéa Reservation Desktop
[LF][[INFO] INFO] URL: https://tc212.resdesktop.altea.amadeus.com/app_ard/apf/init/login?SITE=ESMPESMP&LANGUAGE=GB&MARKETS=ARDW_PROD_WBP&ACTION=clpLogin
2026-01-05 00:19:56 | INFO     | [DAY_START] Processing 31JAN
[LF] Processing ATZ-TUU for 31JAN
2026-01-05 00:19:56 | INFO     | [lf.day.start] Processing ATZ-TUU for 31JAN
[LF] No direct flights on 31JAN for ATZ-TUU
2026-01-05 00:19:57 | WARNING  | [lf.day.no_flights] No direct flights on 31JAN
2026-01-05 00:19:57 | INFO     | [SUCCESS] Day 31JAN
2026-01-05 00:19:57 | INFO     | [DAY_START] Processing 30JAN
[LF] Processing ATZ-TUU for 30JAN
2026-01-05 00:19:57 | INFO     | [lf.day.start] Processing ATZ-TUU for 30JAN
[LF] 30JAN: found 1 direct flights
2026-01-05 00:19:58 | INFO     | [lf.day.flights_found] Found 1 flights on 30JAN
2026-01-05 00:20:00 | INFO     | [lf.flight.extracted] SM327 on 30JAN: BKG=11, LF=6.2%
[LF] SM327 30JAN: BKG=11, GRP=0, CAP=179, LF%=6.2%, Brd-Off=ATZ-TUU, Classes: I:7, O:2, X:2
[LF] Getting WEEKLY/LASTSOLD data for 1 flights
[LF] SM327 30JAN: LASTSOLD=2025-12-30 00:00:00, WEEKLY=3, TODAY=0, YDAY=0
2026-01-05 00:20:03 | INFO     | [SUCCESS] Day 30JAN
2026-01-05 00:20:03 | INFO     | [DAY_START] Processing 29JAN
[LF] Processing ATZ-TUU for 29JAN
2026-01-05 00:20:03 | INFO     | [lf.day.start] Processing ATZ-TUU for 29JAN
[LF] No direct flights on 29JAN for ATZ-TUU
2026-01-05 00:20:04 | WARNING  | [lf.day.no_flights] No direct flights on 29JAN
2026-01-05 00:20:04 | INFO     | [SUCCESS] Day 29JAN
2026-01-05 00:20:04 | INFO     | [DAY_START] Processing 28JAN
[LF] Processing ATZ-TUU for 28JAN
2026-01-05 00:20:04 | INFO     | [lf.day.start] Processing ATZ-TUU for 28JAN
[LF] No direct flights on 28JAN for ATZ-TUU
2026-01-05 00:20:05 | WARNING  | [lf.day.no_flights] No direct flights on 28JAN
2026-01-05 00:20:06 | INFO     | [SUCCESS] Day 28JAN
2026-01-05 00:20:06 | INFO     | [DAY_START] Processing 27JAN
[LF] Processing ATZ-TUU for 27JAN
2026-01-05 00:20:06 | INFO     | [lf.day.start] Processing ATZ-TUU for 27JAN
[LF] No direct flights on 27JAN for ATZ-TUU
2026-01-05 00:20:07 | WARNING  | [lf.day.no_flights] No direct flights on 27JAN
2026-01-05 00:20:07 | INFO     | [SUCCESS] Day 27JAN
2026-01-05 00:20:07 | INFO     | [DAY_START] Processing 26JAN
[LF] Processing ATZ-TUU for 26JAN
2026-01-05 00:20:07 | INFO     | [lf.day.start] Processing ATZ-TUU for 26JAN
[LF] No direct flights on 26JAN for ATZ-TUU
2026-01-05 00:20:08 | WARNING  | [lf.day.no_flights] No direct flights on 26JAN
2026-01-05 00:20:08 | INFO     | [SUCCESS] Day 26JAN
2026-01-05 00:20:08 | INFO     | [DAY_START] Processing 25JAN
[LF] Processing ATZ-TUU for 25JAN
2026-01-05 00:20:08 | INFO     | [lf.day.start] Processing ATZ-TUU for 25JAN
[LF] No direct flights on 25JAN for ATZ-TUU
2026-01-05 00:20:09 | WARNING  | [lf.day.no_flights] No direct flights on 25JAN
2026-01-05 00:20:09 | INFO     | [SUCCESS] Day 25JAN
2026-01-05 00:20:09 | INFO     | [DAY_START] Processing 24JAN
[LF] Processing ATZ-TUU for 24JAN
2026-01-05 00:20:09 | INFO     | [lf.day.start] Processing ATZ-TUU for 24JAN
[LF] No direct flights on 24JAN for ATZ-TUU
2026-01-05 00:20:10 | WARNING  | [lf.day.no_flights] No direct flights on 24JAN
2026-01-05 00:20:10 | INFO     | [SUCCESS] Day 24JAN
2026-01-05 00:20:10 | INFO     | [DAY_START] Processing 23JAN
[LF] Processing ATZ-TUU for 23JAN
2026-01-05 00:20:10 | INFO     | [lf.day.start] Processing ATZ-TUU for 23JAN
[LF] 23JAN: found 1 direct flights
2026-01-05 00:20:11 | INFO     | [lf.day.flights_found] Found 1 flights on 23JAN
2026-01-05 00:20:13 | INFO     | [lf.flight.extracted] SM327 on 23JAN: BKG=12, LF=6.7%
[LF] SM327 23JAN: BKG=12, GRP=0, CAP=179, LF%=6.7%, Brd-Off=ATZ-TUU, Classes: I:6, O:5, W:1
[LF] Getting WEEKLY/LASTSOLD data for 1 flights
[LF] SM327 23JAN: LASTSOLD=2026-01-04 00:00:00, WEEKLY=5, TODAY=0, YDAY=1
2026-01-05 00:20:15 | INFO     | [SUCCESS] Day 23JAN
[LF] Results summary:
  2026-01-31: 0 flights
  2026-01-30: 1 flights
  2026-01-29: 0 flights
  2026-01-28: 0 flights
  2026-01-27: 0 flights
  2026-01-26: 0 flights
  2026-01-25: 0 flights
  2026-01-24: 0 flights
  2026-01-23: 1 flights
2026-01-05 00:20:15 | INFO     | [SUCCESS] LF Search Complete

============================================================
[Worker_9227] ✓ COMPLETED: ATZ-TUU
  Results: 9 dates
  Errors: 0 dates
  Total Processed: 3 groups
============================================================

2026-01-05 00:20:17 | INFO     | [Worker_9227] Completed: ATZ-TUU - 9 results, 0 errors

============================================================
[Worker_9227] Processing: MED-HBE
  Tier 0: Range 1, Chunk 2/3
  Dates: 9 days
  Date Range: 2026-01-22 to 2026-01-14
============================================================

2026-01-05 00:20:17 | INFO     | [Worker_9227] Processing: MED-HBE
2026-01-05 00:20:17 | INFO     |   Tier 0: Range 1, Chunk 2/3 (9 days)
2026-01-05 00:20:17 | INFO     | ======================================================================
2026-01-05 00:20:17 | INFO     | Load Factor Scraper Started - Route: MED-HBE
2026-01-05 00:20:17 | INFO     | Log file: D:\CODERED\LAB\market_insights\outputs\run_generated_050126_at_00.18\logs\LF_MED-HBE_20260105_002017.log
2026-01-05 00:20:17 | INFO     | Enhanced logging: Capturing both logging.info() and print()
2026-01-05 00:20:17 | INFO     | ======================================================================
[LF] Processing dates (override): ['22JAN', '21JAN', '20JAN', '19JAN', '18JAN', '17JAN', '16JAN', '15JAN', '14JAN']
[LF] Attaching to Chrome for Altea access
2026-01-05 00:20:17 | INFO     | Starting LF search for route: MED-HBE
2026-01-05 00:20:17 | INFO     | [START] LF Search
[LF][[OK] SUCCESS] Connected to Chrome on 127.0.0.1:9227 (after 1 attempts)
2026-01-05 00:20:19 | INFO     | [HEALTH CHECK] [OK] Chrome connection is healthy
[LF][[OK] SUCCESS] Found Amadeus Altea window: Altéa Reservation Desktop
[LF][[INFO] INFO] URL: https://tc212.resdesktop.altea.amadeus.com/app_ard/apf/init/login?SITE=ESMPESMP&LANGUAGE=GB&MARKETS=ARDW_PROD_WBP&ACTION=clpLogin
2026-01-05 00:20:19 | INFO     | [DAY_START] Processing 22JAN
[LF] Processing MED-HBE for 22JAN
2026-01-05 00:20:19 | INFO     | [lf.day.start] Processing MED-HBE for 22JAN
[LF] 22JAN: found 1 direct flights
2026-01-05 00:20:20 | INFO     | [lf.day.flights_found] Found 1 flights on 22JAN
2026-01-05 00:20:21 | INFO     | [lf.flight.extracted] SM486 on 22JAN: BKG=163, LF=94.8%
[LF] SM486 22JAN: BKG=163, GRP=130, CAP=172, LF%=94.8%, Brd-Off=MED-HBE, Classes: P:130, I:17, O:15, S:1
[LF] Getting WEEKLY/LASTSOLD data for 1 flights
[LF] SM486 22JAN: LASTSOLD=2026-01-03 00:00:00, WEEKLY=12, TODAY=0, YDAY=0
2026-01-05 00:20:27 | INFO     | [SUCCESS] Day 22JAN
2026-01-05 00:20:27 | INFO     | [DAY_START] Processing 21JAN
[LF] Processing MED-HBE for 21JAN
2026-01-05 00:20:27 | INFO     | [lf.day.start] Processing MED-HBE for 21JAN
[LF] 21JAN: found 1 direct flights
2026-01-05 00:20:28 | INFO     | [lf.day.flights_found] Found 1 flights on 21JAN
2026-01-05 00:20:31 | INFO     | [lf.flight.extracted] SM486 on 21JAN: BKG=113, LF=65.7%
[LF] SM486 21JAN: BKG=113, GRP=90, CAP=172, LF%=65.7%, Brd-Off=MED-HBE, Classes: P:90, I:17, O:6
[LF] Getting WEEKLY/LASTSOLD data for 1 flights
[LF] SM486 21JAN: LASTSOLD=2026-01-02 00:00:00, WEEKLY=10, TODAY=0, YDAY=0
2026-01-05 00:20:36 | INFO     | [SUCCESS] Day 21JAN
2026-01-05 00:20:36 | INFO     | [DAY_START] Processing 20JAN
[LF] Processing MED-HBE for 20JAN
2026-01-05 00:20:36 | INFO     | [lf.day.start] Processing MED-HBE for 20JAN
[LF] 20JAN: found 1 direct flights
2026-01-05 00:20:37 | INFO     | [lf.day.flights_found] Found 1 flights on 20JAN
2026-01-05 00:20:40 | INFO     | [lf.flight.extracted] SM486 on 20JAN: BKG=156, LF=90.7%
[LF] SM486 20JAN: BKG=156, GRP=125, CAP=172, LF%=90.7%, Brd-Off=MED-HBE, Classes: P:125, I:16, O:7, U:1, K:7
[LF] Getting WEEKLY/LASTSOLD data for 1 flights
[LF] SM486 20JAN: LASTSOLD=2026-01-04 00:00:00, WEEKLY=18, TODAY=0, YDAY=3
2026-01-05 00:20:46 | INFO     | [SUCCESS] Day 20JAN
2026-01-05 00:20:46 | INFO     | [DAY_START] Processing 19JAN
[LF] Processing MED-HBE for 19JAN
2026-01-05 00:20:46 | INFO     | [lf.day.start] Processing MED-HBE for 19JAN
[LF] No direct flights on 19JAN for MED-HBE
2026-01-05 00:20:47 | WARNING  | [lf.day.no_flights] No direct flights on 19JAN
2026-01-05 00:20:47 | INFO     | [SUCCESS] Day 19JAN
2026-01-05 00:20:47 | INFO     | [DAY_START] Processing 18JAN
[LF] Processing MED-HBE for 18JAN
2026-01-05 00:20:47 | INFO     | [lf.day.start] Processing MED-HBE for 18JAN
[LF] 18JAN: found 1 direct flights
2026-01-05 00:20:49 | INFO     | [lf.day.flights_found] Found 1 flights on 18JAN
2026-01-05 00:20:51 | INFO     | [lf.flight.extracted] SM486 on 18JAN: BKG=132, LF=76.7%
[LF] SM486 18JAN: BKG=132, GRP=77, CAP=172, LF%=76.7%, Brd-Off=MED-HBE, Classes: P:77, I:17, O:25, U:11, G:1, K:1
[LF] Getting WEEKLY/LASTSOLD data for 1 flights
[LF] SM486 18JAN: LASTSOLD=2026-01-04 00:00:00, WEEKLY=17, TODAY=0, YDAY=1
2026-01-05 00:20:57 | INFO     | [SUCCESS] Day 18JAN
2026-01-05 00:20:57 | INFO     | [DAY_START] Processing 17JAN
[LF] Processing MED-HBE for 17JAN
2026-01-05 00:20:57 | INFO     | [lf.day.start] Processing MED-HBE for 17JAN
[LF] No direct flights on 17JAN for MED-HBE
2026-01-05 00:20:59 | WARNING  | [lf.day.no_flights] No direct flights on 17JAN
2026-01-05 00:20:59 | INFO     | [SUCCESS] Day 17JAN
2026-01-05 00:20:59 | INFO     | [DAY_START] Processing 16JAN
[LF] Processing MED-HBE for 16JAN
2026-01-05 00:20:59 | INFO     | [lf.day.start] Processing MED-HBE for 16JAN
[LF] No direct flights on 16JAN for MED-HBE
2026-01-05 00:21:00 | WARNING  | [lf.day.no_flights] No direct flights on 16JAN
2026-01-05 00:21:00 | INFO     | [SUCCESS] Day 16JAN
2026-01-05 00:21:00 | INFO     | [DAY_START] Processing 15JAN
[LF] Processing MED-HBE for 15JAN
2026-01-05 00:21:00 | INFO     | [lf.day.start] Processing MED-HBE for 15JAN
[LF] 15JAN: found 1 direct flights
2026-01-05 00:21:01 | INFO     | [lf.day.flights_found] Found 1 flights on 15JAN
2026-01-05 00:21:04 | INFO     | [lf.flight.extracted] SM486 on 15JAN: BKG=121, LF=70.3%
[LF] SM486 15JAN: BKG=121, GRP=108, CAP=172, LF%=70.3%, Brd-Off=MED-HBE, Classes: P:108, W:9, S:2, G:2
[LF] Getting WEEKLY/LASTSOLD data for 1 flights
[LF] SM486 15JAN: LASTSOLD=2026-01-04 00:00:00, WEEKLY=6, TODAY=0, YDAY=1
2026-01-05 00:21:10 | INFO     | [SUCCESS] Day 15JAN
2026-01-05 00:21:10 | INFO     | [DAY_START] Processing 14JAN
[LF] Processing MED-HBE for 14JAN
2026-01-05 00:21:10 | INFO     | [lf.day.start] Processing MED-HBE for 14JAN
[LF] 14JAN: found 1 direct flights
2026-01-05 00:21:12 | INFO     | [lf.day.flights_found] Found 1 flights on 14JAN
2026-01-05 00:21:14 | INFO     | [lf.flight.extracted] SM486 on 14JAN: BKG=151, LF=87.8%
[LF] SM486 14JAN: BKG=151, GRP=138, CAP=172, LF%=87.8%, Brd-Off=MED-HBE, Classes: P:138, W:11, L:2
[LF] Getting WEEKLY/LASTSOLD data for 1 flights
[LF] SM486 14JAN: LASTSOLD=2025-12-28 00:00:00, WEEKLY=0, TODAY=0, YDAY=0
2026-01-05 00:21:20 | INFO     | [SUCCESS] Day 14JAN
[LF] Results summary:
  2026-01-22: 1 flights
  2026-01-21: 1 flights
  2026-01-20: 1 flights
  2026-01-19: 0 flights
  2026-01-18: 1 flights
  2026-01-17: 0 flights
  2026-01-16: 0 flights
  2026-01-15: 1 flights
  2026-01-14: 1 flights
2026-01-05 00:21:20 | INFO     | [SUCCESS] LF Search Complete

============================================================
[Worker_9227] ✓ COMPLETED: MED-HBE
  Results: 9 dates
  Errors: 0 dates
  Total Processed: 4 groups
============================================================

2026-01-05 00:21:23 | INFO     | [Worker_9227] Completed: MED-HBE - 9 results, 0 errors

============================================================
[Worker_9227] Processing: JED-ATZ
  Tier 0: Range 1, Chunk 2/3
  Dates: 9 days
  Date Range: 2026-01-22 to 2026-01-14
============================================================

2026-01-05 00:21:23 | INFO     | [Worker_9227] Processing: JED-ATZ
2026-01-05 00:21:23 | INFO     |   Tier 0: Range 1, Chunk 2/3 (9 days)
2026-01-05 00:21:23 | INFO     | ======================================================================
2026-01-05 00:21:23 | INFO     | Load Factor Scraper Started - Route: JED-ATZ
2026-01-05 00:21:23 | INFO     | Log file: D:\CODERED\LAB\market_insights\outputs\run_generated_050126_at_00.18\logs\LF_JED-ATZ_20260105_002123.log
2026-01-05 00:21:23 | INFO     | Enhanced logging: Capturing both logging.info() and print()
2026-01-05 00:21:23 | INFO     | ======================================================================
[LF] Processing dates (override): ['22JAN', '21JAN', '20JAN', '19JAN', '18JAN', '17JAN', '16JAN', '15JAN', '14JAN']
[LF] Attaching to Chrome for Altea access
2026-01-05 00:21:23 | INFO     | Starting LF search for route: JED-ATZ
2026-01-05 00:21:23 | INFO     | [START] LF Search
[LF][[OK] SUCCESS] Connected to Chrome on 127.0.0.1:9227 (after 1 attempts)
2026-01-05 00:21:25 | INFO     | [HEALTH CHECK] [OK] Chrome connection is healthy
[LF][[OK] SUCCESS] Found Amadeus Altea window: Altéa Reservation Desktop
[LF][[INFO] INFO] URL: https://tc212.resdesktop.altea.amadeus.com/app_ard/apf/init/login?SITE=ESMPESMP&LANGUAGE=GB&MARKETS=ARDW_PROD_WBP&ACTION=clpLogin
2026-01-05 00:21:25 | INFO     | [DAY_START] Processing 22JAN
[LF] Processing JED-ATZ for 22JAN
2026-01-05 00:21:25 | INFO     | [lf.day.start] Processing JED-ATZ for 22JAN
[LF] 22JAN: 1 cancelled flight(s) detected from SN
[LF] 22JAN: found 4 direct flights
2026-01-05 00:21:27 | INFO     | [lf.day.flights_found] Found 4 flights on 22JAN
2026-01-05 00:21:30 | INFO     | [lf.flight.extracted] SM422 on 22JAN: BKG=158, LF=90.3%
[LF] SM422 22JAN: BKG=158, GRP=135, CAP=175, LF%=90.3%, Brd-Off=JED-ATZ, Classes: P:135, I:17, O:6
2026-01-05 00:21:34 | INFO     | [lf.flight.extracted] SM964 on 22JAN: BKG=34, LF=20.4%
[LF] SM964 22JAN: BKG=34, GRP=0, CAP=167, LF%=20.4%, Brd-Off=JED-ATZ, Classes: I:15, O:15, U:4
2026-01-05 00:21:39 | INFO     | [lf.flight.extracted] SM454 on 22JAN: BKG=168, LF=96.0%
[LF] SM454 22JAN: BKG=168, GRP=135, CAP=175, LF%=96.0%, Brd-Off=JED-ATZ, Classes: P:135, I:17, O:10, W:1, G:1, K:4
2026-01-05 00:21:43 | INFO     | [lf.flight.extracted] SM456 on 22JAN: BKG=43, LF=24.6%
[LF] SM456 22JAN: BKG=43, GRP=0, CAP=175, LF%=24.6%, Brd-Off=JED-ATZ, Classes: E:4, I:17, O:17, U:5
[LF] Getting WEEKLY/LASTSOLD data for 4 flights
[LF] SM422 22JAN: LASTSOLD=2026-01-04 00:00:00, WEEKLY=6, TODAY=0, YDAY=2
[LF] SM964 22JAN: LASTSOLD=2026-01-04 00:00:00, WEEKLY=19, TODAY=0, YDAY=1
[LF] SM454 22JAN: LASTSOLD=2026-01-03 00:00:00, WEEKLY=14, TODAY=0, YDAY=0
[LF] SM456 22JAN: LASTSOLD=2026-01-04 00:00:00, WEEKLY=21, TODAY=0, YDAY=6
2026-01-05 00:22:04 | INFO     | [SUCCESS] Day 22JAN
2026-01-05 00:22:04 | INFO     | [DAY_START] Processing 21JAN
[LF] Processing JED-ATZ for 21JAN
2026-01-05 00:22:04 | INFO     | [lf.day.start] Processing JED-ATZ for 21JAN
[LF] 21JAN: found 2 direct flights
2026-01-05 00:22:05 | INFO     | [lf.day.flights_found] Found 2 flights on 21JAN
2026-01-05 00:22:07 | INFO     | [lf.flight.extracted] SM454 on 21JAN: BKG=171, LF=97.7%
[LF] SM454 21JAN: BKG=171, GRP=170, CAP=175, LF%=97.7%, Brd-Off=JED-ATZ, Classes: P:125, E:45, I:1
2026-01-05 00:22:11 | INFO     | [lf.flight.extracted] SM492 on 21JAN: BKG=171, LF=97.7%
[LF] SM492 21JAN: BKG=171, GRP=165, CAP=175, LF%=97.7%, Brd-Off=JED-ATZ, Classes: P:165, I:4, S:2
[LF] Getting WEEKLY/LASTSOLD data for 2 flights
[LF] SM454 21JAN: LASTSOLD=2025-12-03 00:00:00, WEEKLY=0, TODAY=0, YDAY=0
[LF] SM492 21JAN: LASTSOLD=2025-12-22 00:00:00, WEEKLY=0, TODAY=0, YDAY=0
2026-01-05 00:22:24 | INFO     | [SUCCESS] Day 21JAN
2026-01-05 00:22:24 | INFO     | [DAY_START] Processing 20JAN
[LF] Processing JED-ATZ for 20JAN
2026-01-05 00:22:24 | INFO     | [lf.day.start] Processing JED-ATZ for 20JAN
[LF] 20JAN: found 2 direct flights
2026-01-05 00:22:26 | INFO     | [lf.day.flights_found] Found 2 flights on 20JAN
2026-01-05 00:22:28 | INFO     | [lf.flight.extracted] SM454 on 20JAN: BKG=150, LF=85.7%
[LF] SM454 20JAN: BKG=150, GRP=98, CAP=175, LF%=85.7%, Brd-Off=JED-ATZ, Classes: P:95, E:3, I:28, O:21, U:2, S:1
2026-01-05 00:22:32 | INFO     | [lf.flight.extracted] SM456 on 20JAN: BKG=168, LF=100.0%
[LF] SM456 20JAN: BKG=168, GRP=134, CAP=168, LF%=100.0%, Brd-Off=JED-ATZ, Classes: P:90, E:44, I:27, O:4, U:3
[LF] Getting WEEKLY/LASTSOLD data for 2 flights
[LF] SM454 20JAN: LASTSOLD=2026-01-04 00:00:00, WEEKLY=77, TODAY=0, YDAY=50
[LF] SM456 20JAN: LASTSOLD=2026-01-04 00:00:00, WEEKLY=97, TODAY=0, YDAY=46
2026-01-05 00:22:43 | INFO     | [SUCCESS] Day 20JAN
2026-01-05 00:22:43 | INFO     | [DAY_START] Processing 19JAN
[LF] Processing JED-ATZ for 19JAN
2026-01-05 00:22:43 | INFO     | [lf.day.start] Processing JED-ATZ for 19JAN
[LF] 19JAN: found 4 direct flights
2026-01-05 00:22:44 | INFO     | [lf.day.flights_found] Found 4 flights on 19JAN
2026-01-05 00:22:46 | INFO     | [lf.flight.extracted] SM492 on 19JAN: BKG=77, LF=44.0%
[LF] SM492 19JAN: BKG=77, GRP=48, CAP=175, LF%=44.0%, Brd-Off=JED-ATZ, Classes: P:48, I:24, O:4, S:1
2026-01-05 00:22:50 | INFO     | [lf.flight.extracted] SM456 on 19JAN: BKG=34, LF=19.4%
[LF] SM456 19JAN: BKG=34, GRP=0, CAP=175, LF%=19.4%, Brd-Off=JED-ATZ, Classes: I:27, O:7
2026-01-05 00:22:53 | INFO     | [lf.flight.extracted] SM422 on 19JAN: BKG=44, LF=25.1%
[LF] SM422 19JAN: BKG=44, GRP=0, CAP=175, LF%=25.1%, Brd-Off=JED-ATZ, Classes: I:25, O:17, U:1, K:1
2026-01-05 00:22:56 | INFO     | [lf.flight.extracted] SM454 on 19JAN: BKG=129, LF=73.7%
[LF] SM454 19JAN: BKG=129, GRP=91, CAP=175, LF%=73.7%, Brd-Off=JED-ATZ, Classes: E:91, I:17, O:17, U:3, S:1
[LF] Getting WEEKLY/LASTSOLD data for 4 flights
[LF] SM492 19JAN: LASTSOLD=2026-01-02 00:00:00, WEEKLY=10, TODAY=0, YDAY=0
[LF] SM456 19JAN: LASTSOLD=2026-01-04 00:00:00, WEEKLY=17, TODAY=0, YDAY=3
[LF] SM422 19JAN: LASTSOLD=2026-01-04 00:00:00, WEEKLY=18, TODAY=0, YDAY=4
[LF] SM454 19JAN: LASTSOLD=2026-01-04 00:00:00, WEEKLY=12, TODAY=0, YDAY=2
2026-01-05 00:23:12 | INFO     | [SUCCESS] Day 19JAN
2026-01-05 00:23:12 | INFO     | [DAY_START] Processing 18JAN
[LF] Processing JED-ATZ for 18JAN
2026-01-05 00:23:12 | INFO     | [lf.day.start] Processing JED-ATZ for 18JAN
[LF] 18JAN: found 2 direct flights
2026-01-05 00:23:13 | INFO     | [lf.day.flights_found] Found 2 flights on 18JAN
2026-01-05 00:23:16 | INFO     | [lf.flight.extracted] SM492 on 18JAN: BKG=138, LF=78.9%
[LF] SM492 18JAN: BKG=138, GRP=98, CAP=175, LF%=78.9%, Brd-Off=JED-ATZ, Classes: P:98, I:17, O:17, U:1, X:5
2026-01-05 00:23:19 | INFO     | [lf.flight.extracted] SM456 on 18JAN: BKG=87, LF=49.7%
[LF] SM456 18JAN: BKG=87, GRP=47, CAP=175, LF%=49.7%, Brd-Off=JED-ATZ, Classes: P:47, I:17, O:15, U:7, S:1
[LF] Getting WEEKLY/LASTSOLD data for 2 flights
[LF] SM492 18JAN: LASTSOLD=2026-01-04 00:00:00, WEEKLY=15, TODAY=0, YDAY=1
[LF] SM456 18JAN: LASTSOLD=2026-01-04 00:00:00, WEEKLY=10, TODAY=0, YDAY=1
2026-01-05 00:23:31 | INFO     | [SUCCESS] Day 18JAN
2026-01-05 00:23:31 | INFO     | [DAY_START] Processing 17JAN
[LF] Processing JED-ATZ for 17JAN
2026-01-05 00:23:31 | INFO     | [lf.day.start] Processing JED-ATZ for 17JAN
[LF] 17JAN: found 3 direct flights
2026-01-05 00:23:32 | INFO     | [lf.day.flights_found] Found 3 flights on 17JAN
2026-01-05 00:23:34 | INFO     | [lf.flight.extracted] SM492 on 17JAN: BKG=128, LF=73.1%
[LF] SM492 17JAN: BKG=128, GRP=98, CAP=175, LF%=73.1%, Brd-Off=JED-ATZ, Classes: P:50, E:48, I:10, O:10, U:7, X:1, L:1, K:1
2026-01-05 00:23:38 | INFO     | [lf.flight.extracted] SM454 on 17JAN: BKG=66, LF=37.7%
[LF] SM454 17JAN: BKG=66, GRP=45, CAP=175, LF%=37.7%, Brd-Off=JED-ATZ, Classes: P:45, I:4, U:17
2026-01-05 00:23:42 | INFO     | [lf.flight.extracted] SM456 on 17JAN: BKG=63, LF=36.0%
[LF] SM456 17JAN: BKG=63, GRP=45, CAP=175, LF%=36.0%, Brd-Off=JED-ATZ, Classes: P:45, I:3, O:2, U:7, X:3, G:3
[LF] Getting WEEKLY/LASTSOLD data for 3 flights
[LF] SM492 17JAN: LASTSOLD=2026-01-04 00:00:00, WEEKLY=80, TODAY=0, YDAY=9
[LF] SM454 17JAN: LASTSOLD=2026-01-04 00:00:00, WEEKLY=13, TODAY=0, YDAY=1
[LF] SM456 17JAN: LASTSOLD=2026-01-03 00:00:00, WEEKLY=9, TODAY=0, YDAY=0
2026-01-05 00:24:02 | INFO     | [SUCCESS] Day 17JAN
2026-01-05 00:24:02 | INFO     | [DAY_START] Processing 16JAN
[LF] Processing JED-ATZ for 16JAN
2026-01-05 00:24:02 | INFO     | [lf.day.start] Processing JED-ATZ for 16JAN
[LF] 16JAN: found 1 direct flights
2026-01-05 00:24:04 | INFO     | [lf.day.flights_found] Found 1 flights on 16JAN
2026-01-05 00:24:07 | INFO     | [lf.flight.extracted] SM492 on 16JAN: BKG=81, LF=46.3%
[LF] SM492 16JAN: BKG=81, GRP=45, CAP=175, LF%=46.3%, Brd-Off=JED-ATZ, Classes: P:45, I:4, O:2, U:3, X:11, T:7, W:1, L:2, K:6
[LF] Getting WEEKLY/LASTSOLD data for 1 flights
[LF] SM492 16JAN: LASTSOLD=2026-01-04 00:00:00, WEEKLY=28, TODAY=0, YDAY=2
2026-01-05 00:24:12 | INFO     | [SUCCESS] Day 16JAN
2026-01-05 00:24:12 | INFO     | [DAY_START] Processing 15JAN
[LF] Processing JED-ATZ for 15JAN
2026-01-05 00:24:12 | INFO     | [lf.day.start] Processing JED-ATZ for 15JAN
[LF] 15JAN: found 3 direct flights
2026-01-05 00:24:13 | INFO     | [lf.day.flights_found] Found 3 flights on 15JAN
2026-01-05 00:24:16 | INFO     | [lf.flight.extracted] SM422 on 15JAN: BKG=151, LF=86.3%
[LF] SM422 15JAN: BKG=151, GRP=125, CAP=175, LF%=86.3%, Brd-Off=JED-ATZ, Classes: P:128, I:20, W:2, K:1
2026-01-05 00:24:19 | INFO     | [lf.flight.extracted] SM454 on 15JAN: BKG=142, LF=81.1%
[LF] SM454 15JAN: BKG=142, GRP=129, CAP=175, LF%=81.1%, Brd-Off=JED-ATZ, Classes: P:129, I:4, O:2, U:3, S:1, V:2, K:1
2026-01-05 00:24:23 | INFO     | [lf.flight.extracted] SM456 on 15JAN: BKG=130, LF=74.3%
[LF] SM456 15JAN: BKG=130, GRP=120, CAP=175, LF%=74.3%, Brd-Off=JED-ATZ, Classes: P:118, E:2, I:4, O:2, U:1, T:1, S:2
[LF] Getting WEEKLY/LASTSOLD data for 3 flights
[LF] SM422 15JAN: LASTSOLD=2026-01-01 00:00:00, WEEKLY=51, TODAY=0, YDAY=0
[LF] SM454 15JAN: LASTSOLD=2025-12-22 00:00:00, WEEKLY=0, TODAY=0, YDAY=0
[LF] SM456 15JAN: LASTSOLD=2026-01-04 00:00:00, WEEKLY=4, TODAY=0, YDAY=1
2026-01-05 00:24:39 | INFO     | [SUCCESS] Day 15JAN
2026-01-05 00:24:39 | INFO     | [DAY_START] Processing 14JAN
[LF] Processing JED-ATZ for 14JAN
2026-01-05 00:24:39 | INFO     | [lf.day.start] Processing JED-ATZ for 14JAN
[LF] 14JAN: found 2 direct flights
2026-01-05 00:24:40 | INFO     | [lf.day.flights_found] Found 2 flights on 14JAN
2026-01-05 00:24:42 | INFO     | [lf.flight.extracted] SM454 on 14JAN: BKG=179, LF=102.3%
[LF] SM454 14JAN: BKG=179, GRP=172, CAP=175, LF%=102.3%, Brd-Off=JED-ATZ, Classes: P:136, E:36, I:4, O:2, U:1
2026-01-05 00:24:47 | INFO     | [lf.flight.extracted] SM492 on 14JAN: BKG=167, LF=95.4%
[LF] SM492 14JAN: BKG=167, GRP=90, CAP=175, LF%=95.4%, Brd-Off=JED-ATZ, Classes: P:91, I:18, O:17, U:25, X:11, T:4, W:1
[LF] Getting WEEKLY/LASTSOLD data for 2 flights
[LF] SM454 14JAN: LASTSOLD=2025-12-28 00:00:00, WEEKLY=0, TODAY=0, YDAY=0
[LF] SM492 14JAN: WEEKLY=99 → LP/T MANDATORY
[DEBUG] SM492 14JAN: Match #1: HK 03JAN | Line: 002  01ABDELMOEZ/MAHMOUD          	735M34 T  HK 03JAN RUHS228YD
[DEBUG] SM492 14JAN: Match #2: HK 03JAN | Line: 003  01BAKRI/MOHAMED ELH          	9ZTANN T  HK 03JAN RUHAA28WH
[DEBUG] SM492 14JAN: Match #3: HK 03JAN | Line: 004  01MAHMOUD/ABDELLAH           	773QJP T  HK 03JAN RUHS228YD
[DEBUG] SM492 14JAN: Match #4: HK 04JAN | Line: 005  01MOHAMED/ZEINAB MR          	7AYR7B T  HK 04JAN RUHS228WF
[DEBUG] SM492 14JAN: Match #5: HK 01JAN | Line: 006  01AHMED/KHALAF               	95HQJ2 X  HK 01JAN RUHS228YD
[DEBUG] SM492 14JAN: DUPLICATE #1: 002 HK 03JAN | Skipping
[DEBUG] SM492 14JAN: DUPLICATE #2: 003 HK 03JAN | Skipping
[DEBUG] SM492 14JAN: DUPLICATE #3: 004 HK 03JAN | Skipping
[DEBUG] SM492 14JAN: DUPLICATE #4: 005 HK 04JAN | Skipping
[DEBUG] SM492 14JAN: DUPLICATE #5: 006 HK 01JAN | Skipping
[DEBUG] SM492 14JAN: Match #6: HK 02JAN | Line: 007  01AHMED/MAHMOUD ALI          	9N36CH X  HK 02JAN JEDS228MM
[DEBUG] SM492 14JAN: Match #7: HK 02JAN | Line: 008  01AHMED/MAHMOUD MR           	9OQ2VP X  HK 02JAN JEDSM08AA
[DEBUG] SM492 14JAN: Match #8: HK 02JAN | Line: 009  01AHMED/YASSER ISMA          	9NK95D X  HK 02JAN JEDS228MM
[DEBUG] SM492 14JAN: Match #9: HK 02JAN | Line: 010  01HASSAN/MAHMOUD SO          	9NXDM2 X  HK 02JAN RUHAA2352
[DEBUG] SM492 14JAN: Match #10: HK 04JAN | Line: 011  01MOHAMED/AHMED A            	7FQ6Q9 X  HK 04JAN RUHAA28WH
[DEBUG] SM492 14JAN: Match #11: HK 02JAN | Line: 012  01MOHAMED/AHMED MR           	9LOIJ3 X  HK 02JAN TIFS22102
[DEBUG] SM492 14JAN: Match #12: HK 02JAN | Line: 013  01MOHAMED/HAMDY MR           	9G44V2 X  HK 02JAN JEDSM08MB
[DEBUG] SM492 14JAN: Match #13: HK 02JAN | Line: 014  01MOHAMED/HOSSAM H           	9LMVBH X  HK 02JAN RUHAA28WH
[DEBUG] SM492 14JAN: Match #14: HK 02JAN | Line: 015  01MORSY/HEBA MRS             	9KKHMB X  HK 02JAN QCAS22124
[DEBUG] SM492 14JAN: Match #15: HK 02JAN | Line: 016  01NAGEH/AMR MR               	9LFDHJ X  HK 02JAN JEDSM08AA
[DEBUG] SM492 14JAN: Match #16: HK 04JAN | Line: 017  02ABBAS/MONTASAR             	7KJ6IX U  HK 04JAN RUHAA28WH
[DEBUG] SM492 14JAN: Match #17: HK 04JAN | Line: 019  02ABDALLA/MARIAM KH          	8NRRYQ U  HK 04JAN GIZS22228
[DEBUG] SM492 14JAN: Match #18: HK 04JAN | Line: 020  02ABDELLATIF/SANSAF          	7KYGMZ U  HK 04JAN QCAS22124
[DEBUG] SM492 14JAN: Match #19: HK 04JAN | Line: 021  02ABDELMAWGOUD/MAHM          	7KYGMZ U  HK 04JAN QCAS22124
[DEBUG] SM492 14JAN: Match #20: HK 04JAN | Line: 023  01ABDELRAHMAN/ABDAL          	7M2NQY U  HK 04JAN RUHAA28WH
[DEBUG] SM492 14JAN: Match #21: HK 01JAN | Line: 025  03AMER/FAWZIA                	93SNOM U  HK 01JAN RUHAA28WH
[DEBUG] SM492 14JAN: Match #22: HK 31DEC | Line: 026  01BAKHIT/ABDELRAHMA          	8POQVK U  HK 31DEC RUHS228WF
[DEBUG] SM492 14JAN: Match #23: HK 01JAN | Line: 027  01EBBID/ALI MR               	949F5A U  HK 01JAN YNBS228W2
[DEBUG] SM492 14JAN: Match #24: HK 31DEC | Line: 028  01HASSAN/MOHAMED             	8NIUDA U  HK 31DEC RUHAA28WH
[DEBUG] SM492 14JAN: Match #25: HK 01JAN | Line: 029  03HOZAYEN/BADR               	93SNOM U  HK 01JAN RUHAA28WH
[DEBUG] SM492 14JAN: Match #26: HK 01JAN | Line: 030  03HUSSEIN/RAGAB              	93SNOM U  HK 01JAN RUHAA28WH
[DEBUG] SM492 14JAN: Match #27: HK 02JAN | Line: 031  01MAHMOUD/MAHMOUD M          	9J5H74 U  HK 02JAN RUHAA28WH
[DEBUG] SM492 14JAN: Match #28: HK 04JAN | Line: 032  01MAHMOUD/MAHMOUD R          	7KRKH6 U  HK 04JAN RUHS228WF
[DEBUG] SM492 14JAN: Match #29: HK 04JAN | Line: 033  02MAHRAN/RAWASH              	7KJ6IX U  HK 04JAN RUHAA28WH
[DEBUG] SM492 14JAN: Match #30: HK 01JAN | Line: 034  01MEARAGY/IBRAHIM M          	973JV6 U  HK 01JAN TIFS22102
[DEBUG] SM492 14JAN: Match #31: HK 01JAN | Line: 036  01MOHAMED/MOUSTAFA           	92WEJ2 U  HK 01JAN JEDSM07TP
[DEBUG] SM492 14JAN: Match #32: HK 01JAN | Line: 037  01MOHAMEDIN/MOHAMED          	8XBYLT U  HK 01JAN TIFS22102
[DEBUG] SM492 14JAN: Match #33: HK 04JAN | Line: 038  01MOSTAFA/WALEED MR          	7HMG4K U  HK 04JAN TIFS22231
[DEBUG] SM492 14JAN: Match #34: HK 04JAN | Line: 039  02MUSTAFA/OMAR MOHA          	8NRRYQ U  HK 04JAN GIZS22228
[DEBUG] SM492 14JAN: Match #35: HK 04JAN | Line: 040  01NASRELDIN AHMED/I          	7LM32L U  HK 04JAN QCAS228WD
[DEBUG] SM492 14JAN: Match #36: HK 03JAN | Line: 041  01SALMAN/WAFAA MRS           	9KG629 U  HK 03JAN QCAS22124
[DEBUG] SM492 14JAN: Match #37: HK 29DEC | Line: 077N 01ABDELAAL/KHALAFSA          	9736BU P  HK 29DEC CAISM05IN
[DEBUG] SM492 14JAN: Match #38: HK 29DEC | Line: 078N 01ABDELBAKY/BATTA I          	9JIYRI P  HK 29DEC CAISM05IN
[DEBUG] SM492 14JAN: Match #39: HK 29DEC | Line: 079N 01ABDELBASET/ESSAM           	9JIYRI P  HK 29DEC CAISM05IN
[DEBUG] SM492 14JAN: Match #40: HK 29DEC | Line: 080N 01ABDELGALEIL/ASMAA          	9736BU P  HK 29DEC CAISM05IN
[DEBUG] SM492 14JAN: Match #41: HK 29DEC | Line: 081N 01ABDELGAWAD/MAIMOU          	9736BU P  HK 29DEC CAISM05IN
[DEBUG] SM492 14JAN: Match #42: HK 29DEC | Line: 082N 01ABDELGAWAD/SALAHA          	9736BU P  HK 29DEC CAISM05IN
[DEBUG] SM492 14JAN: Match #43: HK 29DEC | Line: 083N 01ABDELKADER/MONABA          	9736BU P  HK 29DEC CAISM05IN
[DEBUG] SM492 14JAN: Match #44: HK 29DEC | Line: 084N 01ABDELKADER/ZEINAB          	9JIYRI P  HK 29DEC CAISM05IN
[DEBUG] SM492 14JAN: Match #45: HK 29DEC | Line: 085N 01ABDELNASER/SAFIA           	9JIYRI P  HK 29DEC CAISM05IN
[DEBUG] SM492 14JAN: Match #46: HK 29DEC | Line: 086N 01ABDELRAHMAN/NAGWA          	9736BU P  HK 29DEC CAISM05IN
[DEBUG] SM492 14JAN: Match #47: HK 29DEC | Line: 087N 01ABDELRAZEK/ASMAAE          	9736BU P  HK 29DEC CAISM05IN
[DEBUG] SM492 14JAN: Match #48: HK 29DEC | Line: 088N 01ABOELLIL/AYDAMOHA          	9736BU P  HK 29DEC CAISM05IN
[DEBUG] SM492 14JAN: Match #49: HK 29DEC | Line: 089N 01ABOELQASEM/MOHAME          	9736BU P  HK 29DEC CAISM05IN
[DEBUG] SM492 14JAN: Match #50: HK 29DEC | Line: 090N 01ABOUELKASSEM/ESSM          	9736BU P  HK 29DEC CAISM05IN
[DEBUG] SM492 14JAN: Match #51: HK 29DEC | Line: 091N 01AFIFY/TAHANYSAFWA          	9736BU P  HK 29DEC CAISM05IN
[DEBUG] SM492 14JAN: Match #52: HK 29DEC | Line: 092N 01AHMED/AHMED MOKHT          	9JIYRI P  HK 29DEC CAISM05IN
[DEBUG] SM492 14JAN: Match #53: HK 29DEC | Line: 093N 01AHMED/EMAN MOKTHA          	9JIYRI P  HK 29DEC CAISM05IN
[DEBUG] SM492 14JAN: Match #54: HK 29DEC | Line: 094N 01AHMED/HANAN HASSA          	9JIYRI P  HK 29DEC CAISM05IN
[DEBUG] SM492 14JAN: Match #55: HK 29DEC | Line: 095N 01AHMED/SAYED MAHMO          	9JIYRI P  HK 29DEC CAISM05IN
[DEBUG] SM492 14JAN: Match #56: HK 31DEC | Line: 096  01AHMED/ZEINAB SEDD          	8MQNPL P  HK 31DEC CAISM05IN
[DEBUG] SM492 14JAN: Match #57: HK 29DEC | Line: 097N 01ALI/ABIRSALEM              	9736BU P  HK 29DEC CAISM05IN
[DEBUG] SM492 14JAN: Match #58: HK 29DEC | Line: 098N 01ALI/AHMED ABDELRA          	9JIYRI P  HK 29DEC CAISM05IN
[DEBUG] SM492 14JAN: Match #59: HK 29DEC | Line: 099N 01ALI/AMALALI                	9736BU P  HK 29DEC CAISM05IN
[DEBUG] SM492 14JAN: Match #60: HK 29DEC | Line: 100N 01ALI/MOEMENABDELHA          	9736BU P  HK 29DEC CAISM05IN
[DEBUG] SM492 14JAN: Match #61: HK 29DEC | Line: 101N 01ALI/MOHAMED SAYED          	9JIYRI P  HK 29DEC CAISM05IN
[DEBUG] SM492 14JAN: Match #62: HK 29DEC | Line: 102N 01ALI/SAYEDARASMI            	9736BU P  HK 29DEC CAISM05IN
[DEBUG] SM492 14JAN: Match #63: HK 29DEC | Line: 103N 01ALY/ASHRAF MOHAME          	9JIYRI P  HK 29DEC CAISM05IN
[DEBUG] SM492 14JAN: Match #64: HK 29DEC | Line: 104N 01ALY/ELSHAIMAA FAW          	9JIYRI P  HK 29DEC CAISM05IN
[DEBUG] SM492 14JAN: Match #65: HK 29DEC | Line: 105N 01ALY/EMAN ANTAR             	9JIYRI P  HK 29DEC CAISM05IN
[DEBUG] SM492 14JAN: Match #66: HK 29DEC | Line: 106N 01ALY/MANAR SAYED            	9JIYRI P  HK 29DEC CAISM05IN
[DEBUG] SM492 14JAN: Match #67: HK 29DEC | Line: 107N 01ALY/MSHAALLA ALY           	9JIYRI P  HK 29DEC CAISM05IN
[DEBUG] SM492 14JAN: Match #68: HK 29DEC | Line: 108N 01ALY/WALAA FAWZY            	9JIYRI P  HK 29DEC CAISM05IN
[DEBUG] SM492 14JAN: Match #69: HK 29DEC | Line: 109N 01AWAD/BADRIA SHAHA          	9JIYRI P  HK 29DEC CAISM05IN
[DEBUG] SM492 14JAN: Match #70: HK 29DEC | Line: 110N 01EDRIS/ABDULRAHMAN          	9736BU P  HK 29DEC CAISM05IN
[DEBUG] SM492 14JAN: Match #71: HK 29DEC | Line: 111N 01EDRIS/AHMEDSAEED           	9736BU P  HK 29DEC CAISM05IN
[DEBUG] SM492 14JAN: Match #72: HK 29DEC | Line: 112N 01FARAG/SOMAIAADHAM          	9736BU P  HK 29DEC CAISM05IN
[DEBUG] SM492 14JAN: Match #73: HK 29DEC | Line: 113N 01GAD/ENAIAT ZAKY            	9JIYRI P  HK 29DEC CAISM05IN
[DEBUG] SM492 14JAN: Match #74: HK 29DEC | Line: 114N 01GOMAA/BAKR ABOUZE          	9JIYRI P  HK 29DEC CAISM05IN
[DEBUG] SM492 14JAN: Match #75: HK 29DEC | Line: 115N 01HASSAN/DAWABA ISM          	9JIYRI P  HK 29DEC CAISM05IN
[DEBUG] SM492 14JAN: Match #76: HK 29DEC | Line: 116N 01HASSAN/NADIAABDEL          	9736BU P  HK 29DEC CAISM05IN
[DEBUG] SM492 14JAN: Match #77: HK 29DEC | Line: 117N 01HASSAN/ZEINABIBRA          	9736BU P  HK 29DEC CAISM05IN
[DEBUG] SM492 14JAN: Match #78: HK 29DEC | Line: 118N 01HASSANIEN/FATMASA          	9736BU P  HK 29DEC CAISM05IN
[DEBUG] SM492 14JAN: Match #79: HK 29DEC | Line: 119N 01HEMDAN/GAMILA MOH          	9JIYRI P  HK 29DEC CAISM05IN
[DEBUG] SM492 14JAN: Match #80: HK 29DEC | Line: 120N 01HUSSEIN/HOSNY HAS          	9JIYRI P  HK 29DEC CAISM05IN
[DEBUG] SM492 14JAN: Match #81: HK 29DEC | Line: 121N 01IBRAHIM/MEDHAT AL          	9JIYRI P  HK 29DEC CAISM05IN
[DEBUG] SM492 14JAN: Match #82: HK 29DEC | Line: 122N 01IBRAHIM/NEAMAKASE          	9736BU P  HK 29DEC CAISM05IN
[DEBUG] SM492 14JAN: Match #83: HK 29DEC | Line: 123N 01IBRAHIM/SANAA ABO          	9JIYRI P  HK 29DEC CAISM05IN
[DEBUG] SM492 14JAN: Match #84: HK 29DEC | Line: 124N 01IBRAHIM/ZAINAHOMA          	9736BU P  HK 29DEC CAISM05IN
[DEBUG] SM492 14JAN: Match #85: HK 29DEC | Line: 125N 01ISMAEIL/ASMHAN MO          	9JIYRI P  HK 29DEC CAISM05IN
[DEBUG] SM492 14JAN: Match #86: HK 29DEC | Line: 126N 01ISMAIL/EMANSAYED           	9736BU P  HK 29DEC CAISM05IN
[DEBUG] SM492 14JAN: Match #87: HK 29DEC | Line: 127N 01ISMAIL/MAMDOUHABD          	9736BU P  HK 29DEC CAISM05IN
[DEBUG] SM492 14JAN: Match #88: HK 29DEC | Line: 128N 01ISMAIL/SHAIMAAMAM          	9736BU P  HK 29DEC CAISM05IN
[DEBUG] SM492 14JAN: Match #89: HK 29DEC | Line: 129N 01ISMAIL/ZEINAB ADA          	9JIYRI P  HK 29DEC CAISM05IN
[DEBUG] SM492 14JAN: Match #90: HK 29DEC | Line: 130N 01KAWASHTY/ASMAA MO          	9JIYRI P  HK 29DEC CAISM05IN
[DEBUG] SM492 14JAN: Match #91: HK 29DEC | Line: 131N 01KAWASHTY/NAWAL MO          	9JIYRI P  HK 29DEC CAISM05IN
[DEBUG] SM492 14JAN: Match #92: HK 29DEC | Line: 132N 01KAWSHTY/SABAH MOH          	9JIYRI P  HK 29DEC CAISM05IN
[DEBUG] SM492 14JAN: Match #93: HK 29DEC | Line: 133N 01KHALIL/KHEDRAABDE          	9736BU P  HK 29DEC CAISM05IN
[DEBUG] SM492 14JAN: Match #94: HK 29DEC | Line: 134N 01MADI/WAELMOHAMED           	9736BU P  HK 29DEC CAISM05IN
[DEBUG] SM492 14JAN: Match #95: HK 29DEC | Line: 135N 01MAHMOUD/AHMED SAL          	9JIYRI P  HK 29DEC CAISM05IN
[DEBUG] SM492 14JAN: Match #96: HK 29DEC | Line: 136N 01MAHMOUD/FATMA MAH          	9JIYRI P  HK 29DEC CAISM05IN
[DEBUG] SM492 14JAN: Match #97: HK 29DEC | Line: 137N 01MAHMOUD/MANSOURA           	9JIYRI P  HK 29DEC CAISM05IN
[DEBUG] SM492 14JAN: Match #98: HK 29DEC | Line: 138N 01MANSOUR/MAHMOUDHA          	9736BU P  HK 29DEC CAISM05IN
[DEBUG] SM492 14JAN: Match #99: HK 29DEC | Line: 139N 01MANSOUR/ZEINABMAN          	9736BU P  HK 29DEC CAISM05IN
[DEBUG] SM492 14JAN: Match #100: HK 29DEC | Line: 140N 01MASOUD/MAHMOUD ZA          	9JIYRI P  HK 29DEC CAISM05IN
[DEBUG] SM492 14JAN: Match #101: HK 29DEC | Line: 141N 01MOHAMED/ASMAAHUSS          	9736BU P  HK 29DEC CAISM05IN
[DEBUG] SM492 14JAN: Match #102: HK 29DEC | Line: 142N 01MOHAMED/AYDAKHALL          	9736BU P  HK 29DEC CAISM05IN
[DEBUG] SM492 14JAN: Match #103: HK 29DEC | Line: 143N 01MOHAMED/FAYEZASAY          	9736BU P  HK 29DEC CAISM05IN
[DEBUG] SM492 14JAN: Match #104: HK 29DEC | Line: 144N 01MOHAMED/HEBA MOUS          	9JIYRI P  HK 29DEC CAISM05IN
[DEBUG] SM492 14JAN: Match #105: HK 29DEC | Line: 145N 01MOHAMED/SAKHIAFAR          	9736BU P  HK 29DEC CAISM05IN
[DEBUG] SM492 14JAN: Match #106: HK 29DEC | Line: 146N 01MOHAMED/SAMAHSAYE          	9736BU P  HK 29DEC CAISM05IN
[DEBUG] SM492 14JAN: Match #107: HK 29DEC | Line: 147N 01MOHAMED/SHAIMAA A          	9JIYRI P  HK 29DEC CAISM05IN
[DEBUG] SM492 14JAN: Match #108: HK 29DEC | Line: 148N 01MOHAMED/YASSERHUS          	9736BU P  HK 29DEC CAISM05IN
[DEBUG] SM492 14JAN: Match #109: HK 29DEC | Line: 149N 01MOUSSA/HOURIAMAHM          	9736BU P  HK 29DEC CAISM05IN
[DEBUG] SM492 14JAN: Match #110: HK 29DEC | Line: 150N 01MOUSSA/LABIBAMAHM          	9736BU P  HK 29DEC CAISM05IN
[DEBUG] SM492 14JAN: Match #111: HK 29DEC | Line: 151N 01MOUSSA/SALEMFATHI          	9736BU P  HK 29DEC CAISM05IN
[DEBUG] SM492 14JAN: Match #112: HK 29DEC | Line: 152N 01OMAR/MAHMOUD SABE          	9JIYRI P  HK 29DEC CAISM05IN
[DEBUG] SM492 14JAN: Match #113: HK 29DEC | Line: 153N 01OTHMAN/NEFISA TOS          	9JIYRI P  HK 29DEC CAISM05IN
[DEBUG] SM492 14JAN: Match #114: HK 29DEC | Line: 154N 01RABEH/ABLAAMOHAME          	9736BU P  HK 29DEC CAISM05IN
[DEBUG] SM492 14JAN: Match #115: HK 29DEC | Line: 155N 01RAGAB/ALY ABDELTA          	9JIYRI P  HK 29DEC CAISM05IN
[DEBUG] SM492 14JAN: Match #116: HK 29DEC | Line: 156N 01RAYES/NADYALI              	9736BU P  HK 29DEC CAISM05IN
[DEBUG] SM492 14JAN: Match #117: HK 29DEC | Line: 157N 01SAYED/BAYADA SAYE          	9JIYRI P  HK 29DEC CAISM05IN
[DEBUG] SM492 14JAN: Match #118: HK 29DEC | Line: 158N 01SAYED/HADIRGALAL           	9736BU P  HK 29DEC CAISM05IN
[DEBUG] SM492 14JAN: Match #119: HK 29DEC | Line: 159N 01SAYED/MAHMOUD MOH          	9JIYRI P  HK 29DEC CAISM05IN
[DEBUG] SM492 14JAN: Match #120: HK 29DEC | Line: 160N 01SAYED/SALEH MOSTA          	9JIYRI P  HK 29DEC CAISM05IN
[DEBUG] SM492 14JAN: Match #121: HK 29DEC | Line: 161N 01SHERIF/SALAH SAAD          	9JIYRI P  HK 29DEC CAISM05IN
[DEBUG] SM492 14JAN: Match #122: HK 29DEC | Line: 162N 01SOLIMAN/SAYEDAT A          	9JIYRI P  HK 29DEC CAISM05IN
[DEBUG] SM492 14JAN: Match #123: HK 29DEC | Line: 163N 01SOLIMAN/WAFAA ABD          	9JIYRI P  HK 29DEC CAISM05IN
[DEBUG] SM492 14JAN: Match #124: HK 29DEC | Line: 164N 01TOUNI/RAGHDAALAM           	9736BU P  HK 29DEC CAISM05IN
[DEBUG] SM492 14JAN: Match #125: HK 29DEC | Line: 165N 01YOUNES/ABDALLAMOR          	9736BU P  HK 29DEC CAISM05IN
[DEBUG] SM492 14JAN: DUPLICATE #6: 161N HK 29DEC | Skipping
[DEBUG] SM492 14JAN: DUPLICATE #7: 162N HK 29DEC | Skipping
[DEBUG] SM492 14JAN: DUPLICATE #8: 163N HK 29DEC | Skipping
[DEBUG] SM492 14JAN: DUPLICATE #9: 164N HK 29DEC | Skipping
[DEBUG] SM492 14JAN: DUPLICATE #10: 165N HK 29DEC | Skipping
[DEBUG] SM492 14JAN: Match #126: HK 29DEC | Line: 166N 01ZEIDAN/SAMIRASAYE          	9736BU P  HK 29DEC CAISM05IN
[DEBUG] SM492 14JAN: Match #127: HK 29DEC | Line: 167N 01ZOHDY/NOUR TAMER           	9JIYRI P  HK 29DEC CAISM05IN
[LF] SM492 14JAN: LP/T count complete. True WEEKLY: 127, TODAY: 0, YDAY: 12 | Removed 10 duplicates
[LF] SM492 14JAN: LP/T result: WEEKLY=127, TODAY=0, YDAY=12
[LF] SM492 14JAN: LASTSOLD=2026-01-04 00:00:00, WEEKLY=127, TODAY=0, YDAY=12
2026-01-05 00:26:34 | INFO     | [SUCCESS] Day 14JAN
[LF] Results summary:
  2026-01-22: 4 flights
  2026-01-21: 2 flights
  2026-01-20: 2 flights
  2026-01-19: 4 flights
  2026-01-18: 2 flights
  2026-01-17: 3 flights
  2026-01-16: 1 flights
  2026-01-15: 3 flights
  2026-01-14: 2 flights
[LF] Cancelled flights found: 1
  - SM492 22JAN (SN)
2026-01-05 00:26:34 | INFO     | [SUCCESS] LF Search Complete
[Worker_9227] Cancelled flights collected: 1

============================================================
[Worker_9227] ✓ COMPLETED: JED-ATZ
  Results: 9 dates
  Errors: 0 dates
  Total Processed: 5 groups
============================================================

2026-01-05 00:26:36 | INFO     | [Worker_9227] Completed: JED-ATZ - 9 results, 0 errors

============================================================
[Worker_9227] Processing: TUU-ATZ
  Tier 0: Range 1, Chunk 3/3
  Dates: 9 days
  Date Range: 2026-01-13 to 2026-01-05
============================================================

2026-01-05 00:26:36 | INFO     | [Worker_9227] Processing: TUU-ATZ
2026-01-05 00:26:36 | INFO     |   Tier 0: Range 1, Chunk 3/3 (9 days)
2026-01-05 00:26:36 | INFO     | ======================================================================
2026-01-05 00:26:36 | INFO     | Load Factor Scraper Started - Route: TUU-ATZ
2026-01-05 00:26:36 | INFO     | Log file: D:\CODERED\LAB\market_insights\outputs\run_generated_050126_at_00.18\logs\LF_TUU-ATZ_20260105_002636.log
2026-01-05 00:26:36 | INFO     | Enhanced logging: Capturing both logging.info() and print()
2026-01-05 00:26:36 | INFO     | ======================================================================
[LF] Processing dates (override): ['13JAN', '12JAN', '11JAN', '10JAN', '09JAN', '08JAN', '07JAN', '06JAN', '05JAN']
[LF] Attaching to Chrome for Altea access
2026-01-05 00:26:36 | INFO     | Starting LF search for route: TUU-ATZ
2026-01-05 00:26:36 | INFO     | [START] LF Search
[LF][[OK] SUCCESS] Connected to Chrome on 127.0.0.1:9227 (after 1 attempts)
2026-01-05 00:26:37 | INFO     | [HEALTH CHECK] [OK] Chrome connection is healthy
[LF][[OK] SUCCESS] Found Amadeus Altea window: Altéa Reservation Desktop
[LF][[INFO] INFO] URL: https://tc212.resdesktop.altea.amadeus.com/app_ard/apf/init/login?SITE=ESMPESMP&LANGUAGE=GB&MARKETS=ARDW_PROD_WBP&ACTION=clpLogin
2026-01-05 00:26:38 | INFO     | [DAY_START] Processing 13JAN
[LF] Processing TUU-ATZ for 13JAN
2026-01-05 00:26:38 | INFO     | [lf.day.start] Processing TUU-ATZ for 13JAN
[LF] No direct flights on 13JAN for TUU-ATZ
2026-01-05 00:26:39 | WARNING  | [lf.day.no_flights] No direct flights on 13JAN
2026-01-05 00:26:39 | INFO     | [SUCCESS] Day 13JAN
2026-01-05 00:26:39 | INFO     | [DAY_START] Processing 12JAN
[LF] Processing TUU-ATZ for 12JAN
2026-01-05 00:26:39 | INFO     | [lf.day.start] Processing TUU-ATZ for 12JAN
[LF] No direct flights on 12JAN for TUU-ATZ
2026-01-05 00:26:40 | WARNING  | [lf.day.no_flights] No direct flights on 12JAN
2026-01-05 00:26:40 | INFO     | [SUCCESS] Day 12JAN
2026-01-05 00:26:40 | INFO     | [DAY_START] Processing 11JAN
[LF] Processing TUU-ATZ for 11JAN
2026-01-05 00:26:40 | INFO     | [lf.day.start] Processing TUU-ATZ for 11JAN
[LF] No direct flights on 11JAN for TUU-ATZ
2026-01-05 00:26:41 | WARNING  | [lf.day.no_flights] No direct flights on 11JAN
2026-01-05 00:26:41 | INFO     | [SUCCESS] Day 11JAN
2026-01-05 00:26:41 | INFO     | [DAY_START] Processing 10JAN
[LF] Processing TUU-ATZ for 10JAN
2026-01-05 00:26:41 | INFO     | [lf.day.start] Processing TUU-ATZ for 10JAN
[LF] No direct flights on 10JAN for TUU-ATZ
2026-01-05 00:26:42 | WARNING  | [lf.day.no_flights] No direct flights on 10JAN
2026-01-05 00:26:42 | INFO     | [SUCCESS] Day 10JAN
2026-01-05 00:26:42 | INFO     | [DAY_START] Processing 09JAN
[LF] Processing TUU-ATZ for 09JAN
2026-01-05 00:26:42 | INFO     | [lf.day.start] Processing TUU-ATZ for 09JAN
[LF] 09JAN: found 1 direct flights
2026-01-05 00:26:43 | INFO     | [lf.day.flights_found] Found 1 flights on 09JAN
2026-01-05 00:26:45 | INFO     | [lf.flight.extracted] SM328 on 09JAN: BKG=68, LF=38.9%
[LF] SM328 09JAN: BKG=68, GRP=0, CAP=175, LF%=38.9%, Brd-Off=TUU-ATZ, Classes: I:23, O:20, U:10, X:14, S:1
[LF] Getting WEEKLY/LASTSOLD data for 1 flights
[LF] SM328 09JAN: LASTSOLD=2026-01-04 00:00:00, WEEKLY=34, TODAY=0, YDAY=15
2026-01-05 00:26:49 | INFO     | [SUCCESS] Day 09JAN
2026-01-05 00:26:49 | INFO     | [DAY_START] Processing 08JAN
[LF] Processing TUU-ATZ for 08JAN
2026-01-05 00:26:49 | INFO     | [lf.day.start] Processing TUU-ATZ for 08JAN
[LF] No direct flights on 08JAN for TUU-ATZ
2026-01-05 00:26:50 | WARNING  | [lf.day.no_flights] No direct flights on 08JAN
2026-01-05 00:26:51 | INFO     | [SUCCESS] Day 08JAN
2026-01-05 00:26:51 | INFO     | [DAY_START] Processing 07JAN
[LF] Processing TUU-ATZ for 07JAN
2026-01-05 00:26:51 | INFO     | [lf.day.start] Processing TUU-ATZ for 07JAN
[LF] No direct flights on 07JAN for TUU-ATZ
2026-01-05 00:26:52 | WARNING  | [lf.day.no_flights] No direct flights on 07JAN
2026-01-05 00:26:52 | INFO     | [SUCCESS] Day 07JAN
2026-01-05 00:26:52 | INFO     | [DAY_START] Processing 06JAN
[LF] Processing TUU-ATZ for 06JAN
2026-01-05 00:26:52 | INFO     | [lf.day.start] Processing TUU-ATZ for 06JAN
[LF] No direct flights on 06JAN for TUU-ATZ
2026-01-05 00:26:53 | WARNING  | [lf.day.no_flights] No direct flights on 06JAN
2026-01-05 00:26:53 | INFO     | [SUCCESS] Day 06JAN
[LF] Skipping 05JAN (Today) - will be processed by supplement scan
[LF] Results summary:
  2026-01-13: 0 flights
  2026-01-12: 0 flights
  2026-01-11: 0 flights
  2026-01-10: 0 flights
  2026-01-09: 1 flights
  2026-01-08: 0 flights
  2026-01-07: 0 flights
  2026-01-06: 0 flights
2026-01-05 00:26:53 | INFO     | [SUCCESS] LF Search Complete

============================================================
[Worker_9227] ✓ COMPLETED: TUU-ATZ
  Results: 8 dates
  Errors: 0 dates
  Total Processed: 6 groups
============================================================

2026-01-05 00:26:55 | INFO     | [Worker_9227] Completed: TUU-ATZ - 8 results, 0 errors

============================================================
[Worker_9227] Processing: HBE-MED
  Tier 0: Range 1, Chunk 3/3
  Dates: 9 days
  Date Range: 2026-01-13 to 2026-01-05
============================================================

2026-01-05 00:26:55 | INFO     | [Worker_9227] Processing: HBE-MED
2026-01-05 00:26:55 | INFO     |   Tier 0: Range 1, Chunk 3/3 (9 days)
2026-01-05 00:26:55 | INFO     | ======================================================================
2026-01-05 00:26:55 | INFO     | Load Factor Scraper Started - Route: HBE-MED
2026-01-05 00:26:55 | INFO     | Log file: D:\CODERED\LAB\market_insights\outputs\run_generated_050126_at_00.18\logs\LF_HBE-MED_20260105_002655.log
2026-01-05 00:26:55 | INFO     | Enhanced logging: Capturing both logging.info() and print()
2026-01-05 00:26:55 | INFO     | ======================================================================
[LF] Processing dates (override): ['13JAN', '12JAN', '11JAN', '10JAN', '09JAN', '08JAN', '07JAN', '06JAN', '05JAN']
[LF] Attaching to Chrome for Altea access
2026-01-05 00:26:55 | INFO     | Starting LF search for route: HBE-MED
2026-01-05 00:26:55 | INFO     | [START] LF Search
[LF][[OK] SUCCESS] Connected to Chrome on 127.0.0.1:9227 (after 1 attempts)
2026-01-05 00:26:56 | INFO     | [HEALTH CHECK] [OK] Chrome connection is healthy
[LF][[OK] SUCCESS] Found Amadeus Altea window: Altéa Reservation Desktop
[LF][[INFO] INFO] URL: https://tc212.resdesktop.altea.amadeus.com/app_ard/apf/init/login?SITE=ESMPESMP&LANGUAGE=GB&MARKETS=ARDW_PROD_WBP&ACTION=clpLogin
2026-01-05 00:26:56 | INFO     | [DAY_START] Processing 13JAN
[LF] Processing HBE-MED for 13JAN
2026-01-05 00:26:56 | INFO     | [lf.day.start] Processing HBE-MED for 13JAN
[LF] 13JAN: found 1 direct flights
2026-01-05 00:26:57 | INFO     | [lf.day.flights_found] Found 1 flights on 13JAN
2026-01-05 00:26:59 | INFO     | [lf.flight.extracted] SM485 on 13JAN: BKG=152, LF=86.4%
[LF] SM485 13JAN: BKG=152, GRP=130, CAP=176, LF%=86.4%, Brd-Off=HBE-MED, Classes: P:130, U:10, X:12
[LF] Getting WEEKLY/LASTSOLD data for 1 flights
[LF] SM485 13JAN: LASTSOLD=2026-01-04 00:00:00, WEEKLY=14, TODAY=0, YDAY=2
2026-01-05 00:27:04 | INFO     | [SUCCESS] Day 13JAN
2026-01-05 00:27:04 | INFO     | [DAY_START] Processing 12JAN
[LF] Processing HBE-MED for 12JAN
2026-01-05 00:27:04 | INFO     | [lf.day.start] Processing HBE-MED for 12JAN
[LF] No direct flights on 12JAN for HBE-MED
2026-01-05 00:27:05 | WARNING  | [lf.day.no_flights] No direct flights on 12JAN
2026-01-05 00:27:05 | INFO     | [SUCCESS] Day 12JAN
2026-01-05 00:27:05 | INFO     | [DAY_START] Processing 11JAN
[LF] Processing HBE-MED for 11JAN
2026-01-05 00:27:05 | INFO     | [lf.day.start] Processing HBE-MED for 11JAN
[LF] 11JAN: found 1 direct flights
2026-01-05 00:27:08 | INFO     | [lf.day.flights_found] Found 1 flights on 11JAN
2026-01-05 00:27:09 | INFO     | [lf.flight.extracted] SM485 on 11JAN: BKG=167, LF=94.3%
[LF] SM485 11JAN: BKG=167, GRP=139, CAP=177, LF%=94.3%, Brd-Off=HBE-MED, Classes: N:1, P:139, X:4, T:13, W:10
[LF] Getting WEEKLY/LASTSOLD data for 1 flights
[LF] SM485 11JAN: LASTSOLD=2026-01-01 00:00:00, WEEKLY=7, TODAY=0, YDAY=0
2026-01-05 00:27:14 | INFO     | [SUCCESS] Day 11JAN
2026-01-05 00:27:14 | INFO     | [DAY_START] Processing 10JAN
[LF] Processing HBE-MED for 10JAN
2026-01-05 00:27:14 | INFO     | [lf.day.start] Processing HBE-MED for 10JAN
[LF] No direct flights on 10JAN for HBE-MED
2026-01-05 00:27:15 | WARNING  | [lf.day.no_flights] No direct flights on 10JAN
2026-01-05 00:27:16 | INFO     | [SUCCESS] Day 10JAN
2026-01-05 00:27:16 | INFO     | [DAY_START] Processing 09JAN
[LF] Processing HBE-MED for 09JAN
2026-01-05 00:27:16 | INFO     | [lf.day.start] Processing HBE-MED for 09JAN
[LF] No direct flights on 09JAN for HBE-MED
2026-01-05 00:27:17 | WARNING  | [lf.day.no_flights] No direct flights on 09JAN
2026-01-05 00:27:17 | INFO     | [SUCCESS] Day 09JAN
2026-01-05 00:27:17 | INFO     | [DAY_START] Processing 08JAN
[LF] Processing HBE-MED for 08JAN
2026-01-05 00:27:17 | INFO     | [lf.day.start] Processing HBE-MED for 08JAN
[LF] 08JAN: found 1 direct flights
2026-01-05 00:27:18 | INFO     | [lf.day.flights_found] Found 1 flights on 08JAN
2026-01-05 00:27:20 | INFO     | [lf.flight.extracted] SM485 on 08JAN: BKG=164, LF=93.2%
[LF] SM485 08JAN: BKG=164, GRP=131, CAP=176, LF%=93.2%, Brd-Off=HBE-MED, Classes: P:131, T:15, W:14, K:4
[LF] Getting WEEKLY/LASTSOLD data for 1 flights
[LF] SM485 08JAN: LASTSOLD=2026-01-02 00:00:00, WEEKLY=8, TODAY=0, YDAY=0
2026-01-05 00:27:37 | INFO     | [SUCCESS] Day 08JAN
2026-01-05 00:27:37 | INFO     | [DAY_START] Processing 07JAN
[LF] Processing HBE-MED for 07JAN
2026-01-05 00:27:37 | INFO     | [lf.day.start] Processing HBE-MED for 07JAN
[LF] 07JAN: found 1 direct flights
2026-01-05 00:27:51 | INFO     | [lf.day.flights_found] Found 1 flights on 07JAN
2026-01-05 00:27:53 | INFO     | [lf.flight.extracted] SM485 on 07JAN: BKG=144, LF=81.8%
[LF] SM485 07JAN: BKG=144, GRP=115, CAP=176, LF%=81.8%, Brd-Off=HBE-MED, Classes: P:115, T:20, W:6, K:3
[LF] Getting WEEKLY/LASTSOLD data for 1 flights
[LF] SM485 07JAN: LASTSOLD=2026-01-04 00:00:00, WEEKLY=15, TODAY=0, YDAY=2
2026-01-05 00:27:58 | INFO     | [SUCCESS] Day 07JAN
2026-01-05 00:27:58 | INFO     | [DAY_START] Processing 06JAN
[LF] Processing HBE-MED for 06JAN
2026-01-05 00:27:58 | INFO     | [lf.day.start] Processing HBE-MED for 06JAN
[LF] 06JAN: found 1 direct flights
2026-01-05 00:27:59 | INFO     | [lf.day.flights_found] Found 1 flights on 06JAN
2026-01-05 00:28:01 | INFO     | [lf.flight.extracted] SM485 on 06JAN: BKG=156, LF=87.2%
[LF] SM485 06JAN: BKG=156, GRP=134, CAP=179, LF%=87.2%, Brd-Off=HBE-MED, Classes: P:133, I:1, X:7, T:9, W:5, K:1
[LF] Getting WEEKLY/LASTSOLD data for 1 flights
[LF] SM485 06JAN: LASTSOLD=2026-01-02 00:00:00, WEEKLY=6, TODAY=0, YDAY=0
2026-01-05 00:28:06 | INFO     | [SUCCESS] Day 06JAN
[LF] Skipping 05JAN (Today) - will be processed by supplement scan
[LF] Results summary:
  2026-01-13: 1 flights
  2026-01-12: 0 flights
  2026-01-11: 1 flights
  2026-01-10: 0 flights
  2026-01-09: 0 flights
  2026-01-08: 1 flights
  2026-01-07: 1 flights
  2026-01-06: 1 flights
2026-01-05 00:28:06 | INFO     | [SUCCESS] LF Search Complete

============================================================
[Worker_9227] ✓ COMPLETED: HBE-MED
  Results: 8 dates
  Errors: 0 dates
  Total Processed: 7 groups
============================================================

2026-01-05 00:28:08 | INFO     | [Worker_9227] Completed: HBE-MED - 8 results, 0 errors

============================================================
[Worker_9227] Processing: CAI-TUU
  Tier 0: Range 1, Chunk 3/3
  Dates: 9 days
  Date Range: 2026-01-13 to 2026-01-05
============================================================

2026-01-05 00:28:08 | INFO     | [Worker_9227] Processing: CAI-TUU
2026-01-05 00:28:08 | INFO     |   Tier 0: Range 1, Chunk 3/3 (9 days)
2026-01-05 00:28:08 | INFO     | ======================================================================
2026-01-05 00:28:08 | INFO     | Load Factor Scraper Started - Route: CAI-TUU
2026-01-05 00:28:08 | INFO     | Log file: D:\CODERED\LAB\market_insights\outputs\run_generated_050126_at_00.18\logs\LF_CAI-TUU_20260105_002808.log
2026-01-05 00:28:08 | INFO     | Enhanced logging: Capturing both logging.info() and print()
2026-01-05 00:28:08 | INFO     | ======================================================================
[LF] Processing dates (override): ['13JAN', '12JAN', '11JAN', '10JAN', '09JAN', '08JAN', '07JAN', '06JAN', '05JAN']
[LF] Attaching to Chrome for Altea access
2026-01-05 00:28:08 | INFO     | Starting LF search for route: CAI-TUU
2026-01-05 00:28:08 | INFO     | [START] LF Search
[LF][[OK] SUCCESS] Connected to Chrome on 127.0.0.1:9227 (after 1 attempts)
2026-01-05 00:28:09 | INFO     | [HEALTH CHECK] [OK] Chrome connection is healthy
[LF][[OK] SUCCESS] Found Amadeus Altea window: Altéa Reservation Desktop
[LF][[INFO] INFO] URL: https://tc212.resdesktop.altea.amadeus.com/app_ard/apf/init/login?SITE=ESMPESMP&LANGUAGE=GB&MARKETS=ARDW_PROD_WBP&ACTION=clpLogin
2026-01-05 00:28:09 | INFO     | [DAY_START] Processing 13JAN
[LF] Processing CAI-TUU for 13JAN
2026-01-05 00:28:09 | INFO     | [lf.day.start] Processing CAI-TUU for 13JAN
[LF] No direct flights on 13JAN for CAI-TUU
2026-01-05 00:28:10 | WARNING  | [lf.day.no_flights] No direct flights on 13JAN
2026-01-05 00:28:10 | INFO     | [SUCCESS] Day 13JAN
2026-01-05 00:28:10 | INFO     | [DAY_START] Processing 12JAN
[LF] Processing CAI-TUU for 12JAN
2026-01-05 00:28:10 | INFO     | [lf.day.start] Processing CAI-TUU for 12JAN
[LF] No direct flights on 12JAN for CAI-TUU
2026-01-05 00:28:13 | WARNING  | [lf.day.no_flights] No direct flights on 12JAN
2026-01-05 00:28:14 | INFO     | [SUCCESS] Day 12JAN
2026-01-05 00:28:14 | INFO     | [DAY_START] Processing 11JAN
[LF] Processing CAI-TUU for 11JAN
2026-01-05 00:28:14 | INFO     | [lf.day.start] Processing CAI-TUU for 11JAN
[LF] No direct flights on 11JAN for CAI-TUU
2026-01-05 00:28:15 | WARNING  | [lf.day.no_flights] No direct flights on 11JAN
2026-01-05 00:28:15 | INFO     | [SUCCESS] Day 11JAN
2026-01-05 00:28:15 | INFO     | [DAY_START] Processing 10JAN
[LF] Processing CAI-TUU for 10JAN
2026-01-05 00:28:15 | INFO     | [lf.day.start] Processing CAI-TUU for 10JAN
[LF] 10JAN: found 1 direct flights
2026-01-05 00:28:16 | INFO     | [lf.day.flights_found] Found 1 flights on 10JAN
2026-01-05 00:28:18 | INFO     | [lf.flight.extracted] SM325 on 10JAN: BKG=68, LF=38.0%
[LF] SM325 10JAN: BKG=68, GRP=0, CAP=179, LF%=38.0%, Brd-Off=CAI-TUU, Classes: I:35, O:31, U:2
[LF] Getting WEEKLY/LASTSOLD data for 1 flights
[LF] SM325 10JAN: LASTSOLD=2026-01-04 00:00:00, WEEKLY=31, TODAY=0, YDAY=7
2026-01-05 00:28:22 | INFO     | [SUCCESS] Day 10JAN
2026-01-05 00:28:22 | INFO     | [DAY_START] Processing 09JAN
[LF] Processing CAI-TUU for 09JAN
2026-01-05 00:28:22 | INFO     | [lf.day.start] Processing CAI-TUU for 09JAN
[LF] No direct flights on 09JAN for CAI-TUU
2026-01-05 00:28:23 | WARNING  | [lf.day.no_flights] No direct flights on 09JAN
2026-01-05 00:28:23 | INFO     | [SUCCESS] Day 09JAN
2026-01-05 00:28:23 | INFO     | [DAY_START] Processing 08JAN
[LF] Processing CAI-TUU for 08JAN
2026-01-05 00:28:23 | INFO     | [lf.day.start] Processing CAI-TUU for 08JAN
[LF] 08JAN: found 1 direct flights
2026-01-05 00:28:24 | INFO     | [lf.day.flights_found] Found 1 flights on 08JAN
2026-01-05 00:28:26 | INFO     | [lf.flight.extracted] SM325 on 08JAN: BKG=53, LF=29.6%
[LF] SM325 08JAN: BKG=53, GRP=0, CAP=179, LF%=29.6%, Brd-Off=CAI-TUU, Classes: I:49, O:4
[LF] Getting WEEKLY/LASTSOLD data for 1 flights
[LF] SM325 08JAN: LASTSOLD=2026-01-04 00:00:00, WEEKLY=31, TODAY=0, YDAY=6
2026-01-05 00:28:30 | INFO     | [SUCCESS] Day 08JAN
2026-01-05 00:28:30 | INFO     | [DAY_START] Processing 07JAN
[LF] Processing CAI-TUU for 07JAN
2026-01-05 00:28:30 | INFO     | [lf.day.start] Processing CAI-TUU for 07JAN
[LF] 07JAN: found 1 direct flights
2026-01-05 00:28:31 | INFO     | [lf.day.flights_found] Found 1 flights on 07JAN
2026-01-05 00:28:33 | INFO     | [lf.flight.extracted] SM325 on 07JAN: BKG=73, LF=40.8%
[LF] SM325 07JAN: BKG=73, GRP=0, CAP=179, LF%=40.8%, Brd-Off=CAI-TUU, Classes: I:55, O:15, U:1, T:2
[LF] Getting WEEKLY/LASTSOLD data for 1 flights
[LF] SM325 07JAN: LASTSOLD=2026-01-04 00:00:00, WEEKLY=51, TODAY=0, YDAY=10
2026-01-05 00:28:38 | INFO     | [SUCCESS] Day 07JAN
2026-01-05 00:28:38 | INFO     | [DAY_START] Processing 06JAN
[LF] Processing CAI-TUU for 06JAN
2026-01-05 00:28:38 | INFO     | [lf.day.start] Processing CAI-TUU for 06JAN
[LF] No direct flights on 06JAN for CAI-TUU
2026-01-05 00:28:39 | WARNING  | [lf.day.no_flights] No direct flights on 06JAN
2026-01-05 00:28:39 | INFO     | [SUCCESS] Day 06JAN
[LF] Skipping 05JAN (Today) - will be processed by supplement scan
[LF] Results summary:
  2026-01-13: 0 flights
  2026-01-12: 0 flights
  2026-01-11: 0 flights
  2026-01-10: 1 flights
  2026-01-09: 0 flights
  2026-01-08: 1 flights
  2026-01-07: 1 flights
  2026-01-06: 0 flights
2026-01-05 00:28:39 | INFO     | [SUCCESS] LF Search Complete

============================================================
[Worker_9227] ✓ COMPLETED: CAI-TUU
  Results: 8 dates
  Errors: 0 dates
  Total Processed: 8 groups
============================================================

2026-01-05 00:28:41 | INFO     | [Worker_9227] Completed: CAI-TUU - 8 results, 0 errors
[Worker_9227] Waiting for tasks...

============================================================
[Worker_9227] Shutdown signal received
Exiting...
============================================================
2026-01-05 00:33:56 | INFO     | [Worker_9227] Shutdown signal received, exiting...

============================================================
[Worker_9227] FINISHED
  Total Groups Processed: 8
============================================================

2026-01-05 00:33:56 | INFO     | [Worker_9227] Finished. Processed 8 groups.
