
============================================================
     LF WORKER - PORT 9232
============================================================
Worker: Worker_9232
Status: READY
Waiting for tasks...
============================================================


============================================================
[Worker_9232] Processing: JED-CAI
  Tier 0: Range 1, Chunk 1/3
  Dates: 9 days
  Date Range: 2026-01-31 to 2026-01-23
============================================================

2026-01-05 00:18:44 | INFO     | ======================================================================
2026-01-05 00:18:44 | INFO     | Load Factor Scraper Started - Route: JED-CAI
2026-01-05 00:18:44 | INFO     | Log file: D:\CODERED\LAB\market_insights\outputs\run_generated_050126_at_00.18\logs\LF_JED-CAI_20260105_001844.log
2026-01-05 00:18:44 | INFO     | Enhanced logging: Capturing both logging.info() and print()
2026-01-05 00:18:44 | INFO     | ======================================================================
[LF] Processing dates (override): ['31JAN', '30JAN', '29JAN', '28JAN', '27JAN', '26JAN', '25JAN', '24JAN', '23JAN']
[LF] Attaching to Chrome for Altea access
[LF][[OK] SUCCESS] Connected to Chrome on 127.0.0.1:9232 (after 1 attempts)
[LF][[OK] SUCCESS] Found Amadeus Altea window: Altéa Reservation Desktop
[LF][[INFO] INFO] URL: https://tc212.resdesktop.altea.amadeus.com/app_ard/apf/init/login?SITE=ESMPESMP&LANGUAGE=GB&MARKETS=ARDW_PROD_WBP&ACTION=clpLogin
[LF] Processing JED-CAI for 31JAN
[LF][ERROR] Amadeus command error detected: UNKNOWN TRANSACTION
[LF][ERROR] Command: SN31JANJEDCAI/ASM
[LF][RESYNC] Triggering immediate resync to last successful SN command
============================================================
[LF][RESYNC] Command 'SN31JANJEDCAI/ASM' failed: TECH_ERROR:UNKNOWN TRANSACTION
[LF][RESYNC] Re-running entire day from SN command for JED-CAI 31JAN
[LF][RESYNC] Attempt 1/50 (waiting 1.0s before retry...)
============================================================
[LF][RESYNC] Sending IG to clear session state...
[LF][RESYNC] Session cleared with IG
[LF] Processing JED-CAI for 31JAN
[LF] 31JAN: found 3 direct flights
[LF] SM450 31JAN: BKG=146, GRP=130, CAP=175, LF%=83.4%, Brd-Off=JED-CAI, Classes: E:130, I:6, U:10
[LPC] SM450 31JAN: Found 1 outbound flights with connecting passengers
[LF] SM476 31JAN: BKG=165, GRP=135, CAP=175, LF%=94.3%, Brd-Off=JED-CAI, Classes: P:135, I:17, O:1, U:2, X:3, W:3, S:4
[LPC] SM476 31JAN: Found 1 outbound flights with connecting passengers
[LF] SM478 31JAN: BKG=133, GRP=110, CAP=175, LF%=76.0%, Brd-Off=JED-CAI, Classes: N:4, P:110, U:9, X:9, K:1
[LPC] SM478 31JAN: Found 0 outbound flights with connecting passengers
[LF] Getting WEEKLY/LASTSOLD data for 3 flights
[LF] SM450 31JAN: LASTSOLD=2025-12-25 00:00:00, WEEKLY=0, TODAY=0, YDAY=0
[LF] SM476 31JAN: LASTSOLD=2026-01-02 00:00:00, WEEKLY=6, TODAY=0, YDAY=0
[LF] SM478 31JAN: LASTSOLD=2026-01-04 00:00:00, WEEKLY=7, TODAY=0, YDAY=7
[LF] Processing JED-CAI for 30JAN
[LF] 30JAN: found 6 direct flights
[LF] SM424 30JAN: BKG=54, GRP=45, CAP=172, LF%=31.4%, Brd-Off=JED-CAI, Classes: P:45, I:1, U:4, X:2, Q:2
[LPC] SM424 30JAN: Found 2 outbound flights with connecting passengers
[LF] SM476 30JAN: BKG=18, GRP=0, CAP=175, LF%=10.3%, Brd-Off=JED-CAI, Classes: I:1, O:14, U:3
[LF] SM478 30JAN: BKG=25, GRP=0, CAP=175, LF%=14.3%, Brd-Off=JED-CAI, Classes: I:1, O:16, U:8
[LF] SM480 30JAN: BKG=19, GRP=0, CAP=175, LF%=10.9%, Brd-Off=JED-CAI, Classes: I:8, U:10, T:1
[LF] SM472 30JAN: BKG=49, GRP=10, CAP=175, LF%=28.0%, Brd-Off=JED-CAI, Classes: P:10, I:15, U:8, X:16
[LF] SM460 30JAN: BKG=128, GRP=90, CAP=168, LF%=76.2%, Brd-Off=JED-CAI, Classes: N:1, P:90, I:17, O:2, U:9, X:8, K:1
[LF] Getting WEEKLY/LASTSOLD data for 6 flights
[LF] SM424 30JAN: LASTSOLD=2026-01-04 00:00:00, WEEKLY=2, TODAY=0, YDAY=1
[LF] SM476 30JAN: LASTSOLD=2026-01-04 00:00:00, WEEKLY=14, TODAY=0, YDAY=4
[LF] SM478 30JAN: LASTSOLD=2026-01-01 00:00:00, WEEKLY=16, TODAY=0, YDAY=0
[LF] SM480 30JAN: LASTSOLD=2026-01-04 00:00:00, WEEKLY=1, TODAY=0, YDAY=1
[LF] SM472 30JAN: LASTSOLD=2026-01-04 00:00:00, WEEKLY=6, TODAY=0, YDAY=2
[LF] SM460 30JAN: LASTSOLD=2026-01-04 00:00:00, WEEKLY=3, TODAY=0, YDAY=1
[LF] Processing JED-CAI for 29JAN
[LF] 29JAN: found 6 direct flights
[LF] SM472 29JAN: BKG=66, GRP=48, CAP=175, LF%=37.7%, Brd-Off=JED-CAI, Classes: P:48, I:13, U:5
[LF] SM450 29JAN: BKG=125, GRP=118, CAP=172, LF%=72.7%, Brd-Off=JED-CAI, Classes: E:118, I:3, U:4
[LPC] SM450 29JAN: Found 2 outbound flights with connecting passengers
[LF] SM476 29JAN: BKG=67, GRP=55, CAP=175, LF%=38.3%, Brd-Off=JED-CAI, Classes: P:55, I:10, U:2
[LF] SM432 29JAN: BKG=168, GRP=140, CAP=175, LF%=96.0%, Brd-Off=JED-CAI, Classes: P:140, I:27, K:1
[LF] SM478 29JAN: BKG=152, GRP=140, CAP=168, LF%=90.5%, Brd-Off=JED-CAI, Classes: P:140, I:2, U:10
[LF] SM480 29JAN: BKG=167, GRP=135, CAP=175, LF%=95.4%, Brd-Off=JED-CAI, Classes: N:4, P:135, I:10, U:10, X:7, K:1
[LF] Getting WEEKLY/LASTSOLD data for 6 flights
[LF] SM472 29JAN: LASTSOLD=2026-01-03 00:00:00, WEEKLY=10, TODAY=0, YDAY=0
[LF] SM450 29JAN: LASTSOLD=2026-01-01 00:00:00, WEEKLY=2, TODAY=0, YDAY=0
[LF] SM476 29JAN: LASTSOLD=2026-01-03 00:00:00, WEEKLY=5, TODAY=0, YDAY=0
[LF] SM432 29JAN: LASTSOLD=2026-01-04 00:00:00, WEEKLY=21, TODAY=0, YDAY=1
[LF] SM478 29JAN: LASTSOLD=2026-01-03 00:00:00, WEEKLY=1, TODAY=0, YDAY=0
[LF] SM480 29JAN: LASTSOLD=2026-01-04 00:00:00, WEEKLY=1, TODAY=0, YDAY=1
[LF] Processing JED-CAI for 28JAN
[LF] 28JAN: found 4 direct flights
[LF] SM476 28JAN: BKG=102, GRP=90, CAP=175, LF%=58.3%, Brd-Off=JED-CAI, Classes: P:90, I:10, U:2
[LF] SM478 28JAN: BKG=108, GRP=90, CAP=175, LF%=61.7%, Brd-Off=JED-CAI, Classes: P:90, I:12, U:6
[LF] SM460 28JAN: BKG=128, GRP=95, CAP=168, LF%=76.2%, Brd-Off=JED-CAI, Classes: P:95, I:24, O:2, U:7
[LF] SM424 28JAN: BKG=26, GRP=0, CAP=175, LF%=14.9%, Brd-Off=JED-CAI, Classes: I:26
[LF] Getting WEEKLY/LASTSOLD data for 4 flights
[LF] SM476 28JAN: LASTSOLD=2026-01-03 00:00:00, WEEKLY=5, TODAY=0, YDAY=0
[LF] SM478 28JAN: LASTSOLD=2026-01-01 00:00:00, WEEKLY=10, TODAY=0, YDAY=0
[LF] SM460 28JAN: LASTSOLD=2026-01-04 00:00:00, WEEKLY=23, TODAY=0, YDAY=8
[LF] SM424 28JAN: LASTSOLD=2026-01-01 00:00:00, WEEKLY=14, TODAY=0, YDAY=0
[LF] Processing JED-CAI for 27JAN
[LF] 27JAN: found 6 direct flights
[LF] SM472 27JAN: BKG=4, GRP=0, CAP=175, LF%=2.3%, Brd-Off=JED-CAI, Classes: I:4
[LF] SM480 27JAN: BKG=101, GRP=80, CAP=172, LF%=58.7%, Brd-Off=JED-CAI, Classes: P:80, I:19, U:1, K:1
[LF] SM478 27JAN: BKG=67, GRP=45, CAP=168, LF%=39.9%, Brd-Off=JED-CAI, Classes: P:45, I:14, U:7, K:1
[LF] SM460 27JAN: BKG=153, GRP=129, CAP=175, LF%=87.4%, Brd-Off=JED-CAI, Classes: P:129, I:18, O:3, U:3
[LF] SM424 27JAN: BKG=3, GRP=0, CAP=175, LF%=1.7%, Brd-Off=JED-CAI, Classes: I:1, U:2
[LF] SM476 27JAN: BKG=47, GRP=45, CAP=175, LF%=26.9%, Brd-Off=JED-CAI, Classes: E:45, I:2
[LF] Getting WEEKLY/LASTSOLD data for 6 flights
[LF] SM472 27JAN: LASTSOLD=2026-01-01 00:00:00, WEEKLY=4, TODAY=0, YDAY=0
[LF] SM480 27JAN: LASTSOLD=2026-01-04 00:00:00, WEEKLY=5, TODAY=0, YDAY=3
[LF] SM478 27JAN: LASTSOLD=2026-01-04 00:00:00, WEEKLY=8, TODAY=0, YDAY=1
[LF] SM460 27JAN: LASTSOLD=2026-01-04 00:00:00, WEEKLY=59, TODAY=0, YDAY=5
[LF] SM424 27JAN: LASTSOLD=2025-12-16 00:00:00, WEEKLY=0, TODAY=0, YDAY=0
[LF] SM476 27JAN: LASTSOLD=2025-12-22 00:00:00, WEEKLY=0, TODAY=0, YDAY=0
[LF] Processing JED-CAI for 26JAN
[LF] 26JAN: found 4 direct flights
[LF] SM480 26JAN: BKG=8, GRP=0, CAP=175, LF%=4.6%, Brd-Off=JED-CAI, Classes: I:7, U:1
[LF] SM476 26JAN: BKG=103, GRP=92, CAP=175, LF%=58.9%, Brd-Off=JED-CAI, Classes: P:92, I:1, O:9, U:1
[LF] SM478 26JAN: BKG=155, GRP=135, CAP=175, LF%=88.6%, Brd-Off=JED-CAI, Classes: P:90, E:45, I:7, O:10, U:3
[LF] SM460 26JAN: BKG=154, GRP=140, CAP=175, LF%=88.0%, Brd-Off=JED-CAI, Classes: P:140, I:1, O:7, U:1, X:1, K:4
[LPC] SM460 26JAN: Found 0 outbound flights with connecting passengers
[LF] Getting WEEKLY/LASTSOLD data for 4 flights
[LF] SM480 26JAN: LASTSOLD=2026-01-02 00:00:00, WEEKLY=5, TODAY=0, YDAY=0
[LF] SM476 26JAN: LASTSOLD=2025-12-30 00:00:00, WEEKLY=10, TODAY=0, YDAY=0
[LF] SM478 26JAN: LASTSOLD=2026-01-04 00:00:00, WEEKLY=8, TODAY=0, YDAY=3
[LF] SM460 26JAN: LASTSOLD=2026-01-04 00:00:00, WEEKLY=7, TODAY=0, YDAY=1
[LF] Processing JED-CAI for 25JAN
[LF] 25JAN: found 5 direct flights
[LF] SM424 25JAN: BKG=94, GRP=90, CAP=175, LF%=53.7%, Brd-Off=JED-CAI, Classes: P:90, I:4
[LF] SM476 25JAN: BKG=52, GRP=45, CAP=175, LF%=29.7%, Brd-Off=JED-CAI, Classes: P:45, I:1, U:6
[LF] SM432 25JAN: BKG=14, GRP=0, CAP=175, LF%=8.0%, Brd-Off=JED-CAI, Classes: I:14
[LF] SM460 25JAN: BKG=112, GRP=100, CAP=175, LF%=64.0%, Brd-Off=JED-CAI, Classes: P:100, I:3, O:5, U:4
[LF] SM478 25JAN: BKG=124, GRP=95, CAP=175, LF%=70.9%, Brd-Off=JED-CAI, Classes: N:5, P:95, I:9, O:9, U:3, Q:3
[LF] Getting WEEKLY/LASTSOLD data for 5 flights
[LF] SM424 25JAN: LASTSOLD=2025-12-22 00:00:00, WEEKLY=0, TODAY=0, YDAY=0
[LF] SM476 25JAN: LASTSOLD=2025-12-19 00:00:00, WEEKLY=0, TODAY=0, YDAY=0
[LF] SM432 25JAN: LASTSOLD=2026-01-04 00:00:00, WEEKLY=14, TODAY=0, YDAY=1
[LF] SM460 25JAN: LASTSOLD=2026-01-04 00:00:00, WEEKLY=3, TODAY=0, YDAY=1
[LF] SM478 25JAN: LASTSOLD=2025-12-31 00:00:00, WEEKLY=8, TODAY=0, YDAY=0
[LF] Processing JED-CAI for 24JAN
[LF] 24JAN: found 3 direct flights
[LF] SM450 24JAN: BKG=25, GRP=0, CAP=175, LF%=14.3%, Brd-Off=JED-CAI, Classes: I:21, U:2, X:1, T:1
[LF] SM476 24JAN: BKG=147, GRP=134, CAP=168, LF%=87.5%, Brd-Off=JED-CAI, Classes: P:134, I:1, O:11, U:1
[LF] SM478 24JAN: BKG=137, GRP=90, CAP=175, LF%=78.3%, Brd-Off=JED-CAI, Classes: N:2, P:90, I:12, O:15, U:15, S:1, L:2
[LF] Getting WEEKLY/LASTSOLD data for 3 flights
[LF] SM450 24JAN: LASTSOLD=2026-01-03 00:00:00, WEEKLY=17, TODAY=0, YDAY=0
[LF] SM476 24JAN: LASTSOLD=2026-01-04 00:00:00, WEEKLY=14, TODAY=0, YDAY=1
[LF] SM478 24JAN: LASTSOLD=2026-01-04 00:00:00, WEEKLY=19, TODAY=0, YDAY=2
[LF] Processing JED-CAI for 23JAN
[LF] 23JAN: found 6 direct flights
[LF] SM424 23JAN: BKG=10, GRP=0, CAP=168, LF%=5.9%, Brd-Off=JED-CAI, Classes: I:6, O:3, U:1
[LF] SM476 23JAN: BKG=3, GRP=0, CAP=175, LF%=1.7%, Brd-Off=JED-CAI, Classes: I:3
[LF] SM478 23JAN: BKG=15, GRP=0, CAP=175, LF%=8.6%, Brd-Off=JED-CAI, Classes: I:13, O:2
[LF] SM480 23JAN: BKG=54, GRP=45, CAP=175, LF%=30.9%, Brd-Off=JED-CAI, Classes: P:45, O:7, U:2
[LF] SM472 23JAN: BKG=97, GRP=75, CAP=175, LF%=55.4%, Brd-Off=JED-CAI, Classes: P:45, E:30, I:8, O:7, U:3, X:2, S:2
[LPC] SM472 23JAN: Found 1 outbound flights with connecting passengers
[LF] SM460 23JAN: BKG=63, GRP=46, CAP=175, LF%=36.0%, Brd-Off=JED-CAI, Classes: P:46, I:6, O:8, U:1, K:2
[LF] Getting WEEKLY/LASTSOLD data for 6 flights
[LF] SM424 23JAN: LASTSOLD=2026-01-04 00:00:00, WEEKLY=7, TODAY=0, YDAY=1
[LF] SM476 23JAN: LASTSOLD=2025-12-23 00:00:00, WEEKLY=0, TODAY=0, YDAY=0
[LF] SM478 23JAN: LASTSOLD=2026-01-04 00:00:00, WEEKLY=13, TODAY=0, YDAY=5
[LF] SM480 23JAN: LASTSOLD=2026-01-01 00:00:00, WEEKLY=2, TODAY=0, YDAY=0
[LF] SM472 23JAN: LASTSOLD=2026-01-02 00:00:00, WEEKLY=3, TODAY=0, YDAY=0
[LF] SM460 23JAN: LASTSOLD=2026-01-04 00:00:00, WEEKLY=12, TODAY=0, YDAY=4
[LF] Results summary:
  2026-01-31: 3 flights
  2026-01-30: 6 flights
  2026-01-29: 6 flights
  2026-01-28: 4 flights
  2026-01-27: 6 flights
  2026-01-26: 4 flights
  2026-01-25: 5 flights
  2026-01-24: 3 flights
  2026-01-23: 6 flights

============================================================
[Worker_9232] ✓ COMPLETED: JED-CAI
  Results: 9 dates
  Errors: 0 dates
  Total Processed: 1 groups
============================================================


============================================================
[Worker_9232] Processing: ATZ-TUU
  Tier 0: Range 1, Chunk 2/3
  Dates: 9 days
  Date Range: 2026-01-22 to 2026-01-14
============================================================

2026-01-05 00:23:30 | INFO     | ======================================================================
2026-01-05 00:23:30 | INFO     | Load Factor Scraper Started - Route: ATZ-TUU
2026-01-05 00:23:30 | INFO     | Log file: D:\CODERED\LAB\market_insights\outputs\run_generated_050126_at_00.18\logs\LF_ATZ-TUU_20260105_002330.log
2026-01-05 00:23:30 | INFO     | Enhanced logging: Capturing both logging.info() and print()
2026-01-05 00:23:30 | INFO     | ======================================================================
[LF] Processing dates (override): ['22JAN', '21JAN', '20JAN', '19JAN', '18JAN', '17JAN', '16JAN', '15JAN', '14JAN']
[LF] Attaching to Chrome for Altea access
2026-01-05 00:23:30 | INFO     | Starting LF search for route: ATZ-TUU
2026-01-05 00:23:30 | INFO     | [START] LF Search
[LF][[OK] SUCCESS] Connected to Chrome on 127.0.0.1:9232 (after 1 attempts)
2026-01-05 00:23:31 | INFO     | [HEALTH CHECK] [OK] Chrome connection is healthy
[LF][[OK] SUCCESS] Found Amadeus Altea window: Altéa Reservation Desktop
[LF][[INFO] INFO] URL: https://tc212.resdesktop.altea.amadeus.com/app_ard/apf/init/login?SITE=ESMPESMP&LANGUAGE=GB&MARKETS=ARDW_PROD_WBP&ACTION=clpLogin
2026-01-05 00:23:32 | INFO     | [DAY_START] Processing 22JAN
[LF] Processing ATZ-TUU for 22JAN
2026-01-05 00:23:32 | INFO     | [lf.day.start] Processing ATZ-TUU for 22JAN
[LF] No direct flights on 22JAN for ATZ-TUU
2026-01-05 00:23:33 | WARNING  | [lf.day.no_flights] No direct flights on 22JAN
2026-01-05 00:23:33 | INFO     | [SUCCESS] Day 22JAN
2026-01-05 00:23:33 | INFO     | [DAY_START] Processing 21JAN
[LF] Processing ATZ-TUU for 21JAN
2026-01-05 00:23:33 | INFO     | [lf.day.start] Processing ATZ-TUU for 21JAN
[LF] No direct flights on 21JAN for ATZ-TUU
2026-01-05 00:23:34 | WARNING  | [lf.day.no_flights] No direct flights on 21JAN
2026-01-05 00:23:34 | INFO     | [SUCCESS] Day 21JAN
2026-01-05 00:23:34 | INFO     | [DAY_START] Processing 20JAN
[LF] Processing ATZ-TUU for 20JAN
2026-01-05 00:23:34 | INFO     | [lf.day.start] Processing ATZ-TUU for 20JAN
[LF] No direct flights on 20JAN for ATZ-TUU
2026-01-05 00:23:36 | WARNING  | [lf.day.no_flights] No direct flights on 20JAN
2026-01-05 00:23:36 | INFO     | [SUCCESS] Day 20JAN
2026-01-05 00:23:36 | INFO     | [DAY_START] Processing 19JAN
[LF] Processing ATZ-TUU for 19JAN
2026-01-05 00:23:36 | INFO     | [lf.day.start] Processing ATZ-TUU for 19JAN
[LF] No direct flights on 19JAN for ATZ-TUU
2026-01-05 00:23:37 | WARNING  | [lf.day.no_flights] No direct flights on 19JAN
2026-01-05 00:23:37 | INFO     | [SUCCESS] Day 19JAN
2026-01-05 00:23:37 | INFO     | [DAY_START] Processing 18JAN
[LF] Processing ATZ-TUU for 18JAN
2026-01-05 00:23:37 | INFO     | [lf.day.start] Processing ATZ-TUU for 18JAN
[LF] No direct flights on 18JAN for ATZ-TUU
2026-01-05 00:23:39 | WARNING  | [lf.day.no_flights] No direct flights on 18JAN
2026-01-05 00:23:39 | INFO     | [SUCCESS] Day 18JAN
2026-01-05 00:23:39 | INFO     | [DAY_START] Processing 17JAN
[LF] Processing ATZ-TUU for 17JAN
2026-01-05 00:23:39 | INFO     | [lf.day.start] Processing ATZ-TUU for 17JAN
[LF] No direct flights on 17JAN for ATZ-TUU
2026-01-05 00:23:40 | WARNING  | [lf.day.no_flights] No direct flights on 17JAN
2026-01-05 00:23:40 | INFO     | [SUCCESS] Day 17JAN
2026-01-05 00:23:40 | INFO     | [DAY_START] Processing 16JAN
[LF] Processing ATZ-TUU for 16JAN
2026-01-05 00:23:40 | INFO     | [lf.day.start] Processing ATZ-TUU for 16JAN
[LF] 16JAN: found 1 direct flights
2026-01-05 00:23:41 | INFO     | [lf.day.flights_found] Found 1 flights on 16JAN
2026-01-05 00:23:44 | INFO     | [lf.flight.extracted] SM327 on 16JAN: BKG=17, LF=9.5%
[LF] SM327 16JAN: BKG=17, GRP=0, CAP=179, LF%=9.5%, Brd-Off=ATZ-TUU, Classes: I:16, O:1
[LF] Getting WEEKLY/LASTSOLD data for 1 flights
[LF] SM327 16JAN: LASTSOLD=2026-01-04 00:00:00, WEEKLY=11, TODAY=0, YDAY=7
2026-01-05 00:23:47 | INFO     | [SUCCESS] Day 16JAN
2026-01-05 00:23:47 | INFO     | [DAY_START] Processing 15JAN
[LF] Processing ATZ-TUU for 15JAN
2026-01-05 00:23:47 | INFO     | [lf.day.start] Processing ATZ-TUU for 15JAN
[LF] No direct flights on 15JAN for ATZ-TUU
2026-01-05 00:23:48 | WARNING  | [lf.day.no_flights] No direct flights on 15JAN
2026-01-05 00:23:48 | INFO     | [SUCCESS] Day 15JAN
2026-01-05 00:23:48 | INFO     | [DAY_START] Processing 14JAN
[LF] Processing ATZ-TUU for 14JAN
2026-01-05 00:23:48 | INFO     | [lf.day.start] Processing ATZ-TUU for 14JAN
[LF] No direct flights on 14JAN for ATZ-TUU
2026-01-05 00:23:49 | WARNING  | [lf.day.no_flights] No direct flights on 14JAN
2026-01-05 00:23:50 | INFO     | [SUCCESS] Day 14JAN
[LF] Results summary:
  2026-01-22: 0 flights
  2026-01-21: 0 flights
  2026-01-20: 0 flights
  2026-01-19: 0 flights
  2026-01-18: 0 flights
  2026-01-17: 0 flights
  2026-01-16: 1 flights
  2026-01-15: 0 flights
  2026-01-14: 0 flights
2026-01-05 00:23:50 | INFO     | [SUCCESS] LF Search Complete

============================================================
[Worker_9232] ✓ COMPLETED: ATZ-TUU
  Results: 9 dates
  Errors: 0 dates
  Total Processed: 2 groups
============================================================

2026-01-05 00:23:52 | INFO     | [Worker_9232] Completed: ATZ-TUU - 9 results, 0 errors

============================================================
[Worker_9232] Processing: MED-ATZ
  Tier 0: Range 1, Chunk 3/3
  Dates: 9 days
  Date Range: 2026-01-13 to 2026-01-05
============================================================

2026-01-05 00:23:52 | INFO     | [Worker_9232] Processing: MED-ATZ
2026-01-05 00:23:52 | INFO     |   Tier 0: Range 1, Chunk 3/3 (9 days)
2026-01-05 00:23:52 | INFO     | ======================================================================
2026-01-05 00:23:52 | INFO     | Load Factor Scraper Started - Route: MED-ATZ
2026-01-05 00:23:52 | INFO     | Log file: D:\CODERED\LAB\market_insights\outputs\run_generated_050126_at_00.18\logs\LF_MED-ATZ_20260105_002352.log
2026-01-05 00:23:52 | INFO     | Enhanced logging: Capturing both logging.info() and print()
2026-01-05 00:23:52 | INFO     | ======================================================================
[LF] Processing dates (override): ['13JAN', '12JAN', '11JAN', '10JAN', '09JAN', '08JAN', '07JAN', '06JAN', '05JAN']
[LF] Attaching to Chrome for Altea access
2026-01-05 00:23:52 | INFO     | Starting LF search for route: MED-ATZ
2026-01-05 00:23:52 | INFO     | [START] LF Search
[LF][[OK] SUCCESS] Connected to Chrome on 127.0.0.1:9232 (after 1 attempts)
2026-01-05 00:23:54 | INFO     | [HEALTH CHECK] [OK] Chrome connection is healthy
[LF][[OK] SUCCESS] Found Amadeus Altea window: Altéa Reservation Desktop
[LF][[INFO] INFO] URL: https://tc212.resdesktop.altea.amadeus.com/app_ard/apf/init/login?SITE=ESMPESMP&LANGUAGE=GB&MARKETS=ARDW_PROD_WBP&ACTION=clpLogin
2026-01-05 00:23:55 | INFO     | [DAY_START] Processing 13JAN
[LF] Processing MED-ATZ for 13JAN
2026-01-05 00:23:55 | INFO     | [lf.day.start] Processing MED-ATZ for 13JAN
[LF] 13JAN: found 1 direct flights
2026-01-05 00:23:57 | INFO     | [lf.day.flights_found] Found 1 flights on 13JAN
2026-01-05 00:24:00 | INFO     | [lf.flight.extracted] SM488 on 13JAN: BKG=90, LF=51.4%
[LF] SM488 13JAN: BKG=90, GRP=37, CAP=175, LF%=51.4%, Brd-Off=MED-ATZ, Classes: P:37, I:22, O:20, U:5, X:3, T:1, K:2
[LF] Getting WEEKLY/LASTSOLD data for 1 flights
[LF] SM488 13JAN: LASTSOLD=2026-01-04 00:00:00, WEEKLY=27, TODAY=0, YDAY=2
2026-01-05 00:24:09 | INFO     | [SUCCESS] Day 13JAN
2026-01-05 00:24:09 | INFO     | [DAY_START] Processing 12JAN
[LF] Processing MED-ATZ for 12JAN
2026-01-05 00:24:09 | INFO     | [lf.day.start] Processing MED-ATZ for 12JAN
[LF] 12JAN: found 1 direct flights
2026-01-05 00:24:10 | INFO     | [lf.day.flights_found] Found 1 flights on 12JAN
2026-01-05 00:24:12 | INFO     | [lf.flight.extracted] SM488 on 12JAN: BKG=153, LF=87.4%
[LF] SM488 12JAN: BKG=153, GRP=135, CAP=175, LF%=87.4%, Brd-Off=MED-ATZ, Classes: P:135, I:7, O:1, U:5, X:4, K:1
[LF] Getting WEEKLY/LASTSOLD data for 1 flights
[LF] SM488 12JAN: LASTSOLD=2026-01-04 00:00:00, WEEKLY=13, TODAY=0, YDAY=4
2026-01-05 00:24:18 | INFO     | [SUCCESS] Day 12JAN
2026-01-05 00:24:18 | INFO     | [DAY_START] Processing 11JAN
[LF] Processing MED-ATZ for 11JAN
2026-01-05 00:24:18 | INFO     | [lf.day.start] Processing MED-ATZ for 11JAN
[LF] No direct flights on 11JAN for MED-ATZ
2026-01-05 00:24:19 | WARNING  | [lf.day.no_flights] No direct flights on 11JAN
2026-01-05 00:24:20 | INFO     | [SUCCESS] Day 11JAN
2026-01-05 00:24:20 | INFO     | [DAY_START] Processing 10JAN
[LF] Processing MED-ATZ for 10JAN
2026-01-05 00:24:20 | INFO     | [lf.day.start] Processing MED-ATZ for 10JAN
[LF] 10JAN: found 1 direct flights
2026-01-05 00:24:21 | INFO     | [lf.day.flights_found] Found 1 flights on 10JAN
2026-01-05 00:24:23 | INFO     | [lf.flight.extracted] SM488 on 10JAN: BKG=114, LF=65.1%
[LF] SM488 10JAN: BKG=114, GRP=0, CAP=175, LF%=65.1%, Brd-Off=MED-ATZ, Classes: I:34, O:15, U:20, X:13, T:10, W:9, S:8, V:1, K:4
[LPC] SM488 10JAN: Found 0 outbound flights with connecting passengers
[LF] Getting WEEKLY/LASTSOLD data for 1 flights
[LF] SM488 10JAN: LASTSOLD=2026-01-04 00:00:00, WEEKLY=55, TODAY=0, YDAY=49
2026-01-05 00:24:33 | INFO     | [SUCCESS] Day 10JAN
2026-01-05 00:24:33 | INFO     | [DAY_START] Processing 09JAN
[LF] Processing MED-ATZ for 09JAN
2026-01-05 00:24:33 | INFO     | [lf.day.start] Processing MED-ATZ for 09JAN
[LF] No direct flights on 09JAN for MED-ATZ
2026-01-05 00:24:34 | WARNING  | [lf.day.no_flights] No direct flights on 09JAN
2026-01-05 00:24:34 | INFO     | [SUCCESS] Day 09JAN
2026-01-05 00:24:34 | INFO     | [DAY_START] Processing 08JAN
[LF] Processing MED-ATZ for 08JAN
2026-01-05 00:24:34 | INFO     | [lf.day.start] Processing MED-ATZ for 08JAN
[LF] No direct flights on 08JAN for MED-ATZ
2026-01-05 00:24:35 | WARNING  | [lf.day.no_flights] No direct flights on 08JAN
2026-01-05 00:24:35 | INFO     | [SUCCESS] Day 08JAN
2026-01-05 00:24:35 | INFO     | [DAY_START] Processing 07JAN
[LF] Processing MED-ATZ for 07JAN
2026-01-05 00:24:35 | INFO     | [lf.day.start] Processing MED-ATZ for 07JAN
[LF] 07JAN: found 1 direct flights
2026-01-05 00:24:36 | INFO     | [lf.day.flights_found] Found 1 flights on 07JAN
2026-01-05 00:24:38 | INFO     | [lf.flight.extracted] SM490 on 07JAN: BKG=176, LF=98.9%
[LF] SM490 07JAN: BKG=176, GRP=122, CAP=178, LF%=98.9%, Brd-Off=MED-ATZ, Classes: P:40, E:82, I:11, O:7, U:2, T:11, W:15, S:5, V:2, K:1
[LF] Getting WEEKLY/LASTSOLD data for 1 flights
[LF] SM490 07JAN: LASTSOLD=2026-01-04 00:00:00, WEEKLY=12, TODAY=0, YDAY=8
2026-01-05 00:24:45 | INFO     | [SUCCESS] Day 07JAN
2026-01-05 00:24:45 | INFO     | [DAY_START] Processing 06JAN
[LF] Processing MED-ATZ for 06JAN
2026-01-05 00:24:45 | INFO     | [lf.day.start] Processing MED-ATZ for 06JAN
[LF] 06JAN: 1 cancelled flight(s) detected from SN
[LF] No direct flights on 06JAN for MED-ATZ
2026-01-05 00:24:47 | WARNING  | [lf.day.no_flights] No direct flights on 06JAN
2026-01-05 00:24:47 | INFO     | [SUCCESS] Day 06JAN
[LF] Skipping 05JAN (Today) - will be processed by supplement scan
[LF] Results summary:
  2026-01-13: 1 flights
  2026-01-12: 1 flights
  2026-01-11: 0 flights
  2026-01-10: 1 flights
  2026-01-09: 0 flights
  2026-01-08: 0 flights
  2026-01-07: 1 flights
  2026-01-06: 0 flights
[LF] Cancelled flights found: 1
  - SM488 06JAN (SN)
2026-01-05 00:24:47 | INFO     | [SUCCESS] LF Search Complete
[Worker_9232] Cancelled flights collected: 1

============================================================
[Worker_9232] ✓ COMPLETED: MED-ATZ
  Results: 8 dates
  Errors: 0 dates
  Total Processed: 3 groups
============================================================

2026-01-05 00:24:49 | INFO     | [Worker_9232] Completed: MED-ATZ - 8 results, 0 errors

============================================================
[Worker_9232] Processing: JED-HBE
  Tier 0: Range 1, Chunk 3/3
  Dates: 9 days
  Date Range: 2026-01-13 to 2026-01-05
============================================================

2026-01-05 00:24:49 | INFO     | [Worker_9232] Processing: JED-HBE
2026-01-05 00:24:49 | INFO     |   Tier 0: Range 1, Chunk 3/3 (9 days)
2026-01-05 00:24:49 | INFO     | ======================================================================
2026-01-05 00:24:49 | INFO     | Load Factor Scraper Started - Route: JED-HBE
2026-01-05 00:24:49 | INFO     | Log file: D:\CODERED\LAB\market_insights\outputs\run_generated_050126_at_00.18\logs\LF_JED-HBE_20260105_002449.log
2026-01-05 00:24:49 | INFO     | Enhanced logging: Capturing both logging.info() and print()
2026-01-05 00:24:49 | INFO     | ======================================================================
[LF] Processing dates (override): ['13JAN', '12JAN', '11JAN', '10JAN', '09JAN', '08JAN', '07JAN', '06JAN', '05JAN']
[LF] Attaching to Chrome for Altea access
2026-01-05 00:24:49 | INFO     | Starting LF search for route: JED-HBE
2026-01-05 00:24:49 | INFO     | [START] LF Search
[LF][[OK] SUCCESS] Connected to Chrome on 127.0.0.1:9232 (after 1 attempts)
2026-01-05 00:24:51 | INFO     | [HEALTH CHECK] [OK] Chrome connection is healthy
[LF][[OK] SUCCESS] Found Amadeus Altea window: Altéa Reservation Desktop
[LF][[INFO] INFO] URL: https://tc212.resdesktop.altea.amadeus.com/app_ard/apf/init/login?SITE=ESMPESMP&LANGUAGE=GB&MARKETS=ARDW_PROD_WBP&ACTION=clpLogin
2026-01-05 00:24:51 | INFO     | [DAY_START] Processing 13JAN
[LF] Processing JED-HBE for 13JAN
2026-01-05 00:24:51 | INFO     | [lf.day.start] Processing JED-HBE for 13JAN
[LF] 13JAN: found 1 direct flights
2026-01-05 00:24:52 | INFO     | [lf.day.flights_found] Found 1 flights on 13JAN
2026-01-05 00:24:55 | INFO     | [lf.flight.extracted] SM452 on 13JAN: BKG=172, LF=100.0%
[LF] SM452 13JAN: BKG=172, GRP=131, CAP=172, LF%=100.0%, Brd-Off=JED-HBE, Classes: N:1, P:130, I:2, U:18, X:20, T:1
[LF] Getting WEEKLY/LASTSOLD data for 1 flights
[LF] SM452 13JAN: LASTSOLD=2026-01-04 00:00:00, WEEKLY=20, TODAY=0, YDAY=1
2026-01-05 00:25:32 | INFO     | [SUCCESS] Day 13JAN
2026-01-05 00:25:32 | INFO     | [DAY_START] Processing 12JAN
[LF] Processing JED-HBE for 12JAN
2026-01-05 00:25:32 | INFO     | [lf.day.start] Processing JED-HBE for 12JAN
[LF] 12JAN: found 2 direct flights
2026-01-05 00:25:33 | INFO     | [lf.day.flights_found] Found 2 flights on 12JAN
2026-01-05 00:25:35 | INFO     | [lf.flight.extracted] SM458 on 12JAN: BKG=147, LF=85.5%
[LF] SM458 12JAN: BKG=147, GRP=133, CAP=172, LF%=85.5%, Brd-Off=JED-HBE, Classes: P:133, X:10, T:3, G:1
2026-01-05 00:25:39 | INFO     | [lf.flight.extracted] SM452 on 12JAN: BKG=168, LF=97.7%
[LF] SM452 12JAN: BKG=168, GRP=151, CAP=172, LF%=97.7%, Brd-Off=JED-HBE, Classes: P:151, X:3, T:7, W:5, K:2
[LF] Getting WEEKLY/LASTSOLD data for 2 flights
[LF] SM458 12JAN: LASTSOLD=2026-01-04 00:00:00, WEEKLY=8, TODAY=0, YDAY=1
[LF] SM452 12JAN: LASTSOLD=2026-01-04 00:00:00, WEEKLY=11, TODAY=0, YDAY=1
2026-01-05 00:26:35 | INFO     | [SUCCESS] Day 12JAN
2026-01-05 00:26:35 | INFO     | [DAY_START] Processing 11JAN
[LF] Processing JED-HBE for 11JAN
2026-01-05 00:26:35 | INFO     | [lf.day.start] Processing JED-HBE for 11JAN
[LF] 11JAN: found 2 direct flights
2026-01-05 00:26:36 | INFO     | [lf.day.flights_found] Found 2 flights on 11JAN
2026-01-05 00:26:38 | INFO     | [lf.flight.extracted] SM458 on 11JAN: BKG=160, LF=91.4%
[LF] SM458 11JAN: BKG=160, GRP=139, CAP=175, LF%=91.4%, Brd-Off=JED-HBE, Classes: P:139, X:4, W:10, S:5, G:1, K:1
2026-01-05 00:26:41 | INFO     | [lf.flight.extracted] SM452 on 11JAN: BKG=159, LF=92.4%
[LF] SM452 11JAN: BKG=159, GRP=140, CAP=172, LF%=92.4%, Brd-Off=JED-HBE, Classes: P:140, X:7, L:10, V:1, K:1
[LF] Getting WEEKLY/LASTSOLD data for 2 flights
[LF] SM458 11JAN: LASTSOLD=2026-01-04 00:00:00, WEEKLY=12, TODAY=0, YDAY=1
[LF] SM452 11JAN: LASTSOLD=2026-01-03 00:00:00, WEEKLY=4, TODAY=0, YDAY=0
2026-01-05 00:26:52 | INFO     | [SUCCESS] Day 11JAN
2026-01-05 00:26:52 | INFO     | [DAY_START] Processing 10JAN
[LF] Processing JED-HBE for 10JAN
2026-01-05 00:26:52 | INFO     | [lf.day.start] Processing JED-HBE for 10JAN
[LF] 10JAN: found 2 direct flights
2026-01-05 00:26:52 | INFO     | [lf.day.flights_found] Found 2 flights on 10JAN
2026-01-05 00:26:54 | INFO     | [lf.flight.extracted] SM458 on 10JAN: BKG=147, LF=85.5%
[LF] SM458 10JAN: BKG=147, GRP=118, CAP=172, LF%=85.5%, Brd-Off=JED-HBE, Classes: P:118, X:17, T:9, K:3
2026-01-05 00:26:58 | INFO     | [lf.flight.extracted] SM452 on 10JAN: BKG=167, LF=97.1%
[LF] SM452 10JAN: BKG=167, GRP=134, CAP=172, LF%=97.1%, Brd-Off=JED-HBE, Classes: P:134, X:17, T:10, G:2, K:2, H:2
[LF] Getting WEEKLY/LASTSOLD data for 2 flights
[LF] SM458 10JAN: LASTSOLD=2025-12-29 00:00:00, WEEKLY=2, TODAY=0, YDAY=0
[LF] SM452 10JAN: LASTSOLD=2026-01-02 00:00:00, WEEKLY=2, TODAY=0, YDAY=0
2026-01-05 00:27:08 | INFO     | [SUCCESS] Day 10JAN
2026-01-05 00:27:08 | INFO     | [DAY_START] Processing 09JAN
[LF] Processing JED-HBE for 09JAN
2026-01-05 00:27:08 | INFO     | [lf.day.start] Processing JED-HBE for 09JAN
[LF] 09JAN: found 1 direct flights
2026-01-05 00:27:09 | INFO     | [lf.day.flights_found] Found 1 flights on 09JAN
2026-01-05 00:27:11 | INFO     | [lf.flight.extracted] SM452 on 09JAN: BKG=110, LF=63.9%
[LF] SM452 09JAN: BKG=110, GRP=0, CAP=172, LF%=63.9%, Brd-Off=JED-HBE, Classes: X:31, T:23, W:18, S:18, G:18, L:1, K:1
[LF] Getting WEEKLY/LASTSOLD data for 1 flights
[LF] SM452 09JAN: LASTSOLD=2026-01-04 00:00:00, WEEKLY=28, TODAY=0, YDAY=1
2026-01-05 00:27:17 | INFO     | [SUCCESS] Day 09JAN
2026-01-05 00:27:17 | INFO     | [DAY_START] Processing 08JAN
[LF] Processing JED-HBE for 08JAN
2026-01-05 00:27:17 | INFO     | [lf.day.start] Processing JED-HBE for 08JAN
[LF] 08JAN: found 1 direct flights
2026-01-05 00:27:18 | INFO     | [lf.day.flights_found] Found 1 flights on 08JAN
2026-01-05 00:27:19 | INFO     | [lf.flight.extracted] SM452 on 08JAN: BKG=164, LF=95.3%
[LF] SM452 08JAN: BKG=164, GRP=112, CAP=172, LF%=95.3%, Brd-Off=JED-HBE, Classes: P:112, X:17, T:13, S:14, L:7, K:1
[LF] Getting WEEKLY/LASTSOLD data for 1 flights
[LF] SM452 08JAN: LASTSOLD=2026-01-04 00:00:00, WEEKLY=5, TODAY=0, YDAY=4
2026-01-05 00:27:39 | INFO     | [SUCCESS] Day 08JAN
2026-01-05 00:27:39 | INFO     | [DAY_START] Processing 07JAN
[LF] Processing JED-HBE for 07JAN
2026-01-05 00:27:39 | INFO     | [lf.day.start] Processing JED-HBE for 07JAN
[LF] 07JAN: found 3 direct flights
2026-01-05 00:27:52 | INFO     | [lf.day.flights_found] Found 3 flights on 07JAN
2026-01-05 00:27:54 | INFO     | [lf.flight.extracted] SM452 on 07JAN: BKG=173, LF=97.2%
[LF] SM452 07JAN: BKG=173, GRP=145, CAP=178, LF%=97.2%, Brd-Off=JED-HBE, Classes: P:145, X:8, W:6, S:5, G:4, L:4, K:1
2026-01-05 00:27:57 | INFO     | [lf.flight.extracted] SM474 on 07JAN: BKG=173, LF=98.3%
[LF] SM474 07JAN: BKG=173, GRP=140, CAP=176, LF%=98.3%, Brd-Off=JED-HBE, Classes: P:140, X:16, T:14, K:3
2026-01-05 00:28:00 | INFO     | [lf.flight.extracted] SM458 on 07JAN: BKG=178, LF=100.0%
[LF] SM458 07JAN: BKG=178, GRP=168, CAP=178, LF%=100.0%, Brd-Off=JED-HBE, Classes: P:168, S:10
[LF] Getting WEEKLY/LASTSOLD data for 3 flights
[LF] SM452 07JAN: LASTSOLD=2026-01-04 00:00:00, WEEKLY=13, TODAY=0, YDAY=3
[LF] SM474 07JAN: LASTSOLD=2025-12-22 00:00:00, WEEKLY=0, TODAY=0, YDAY=0
[LF] SM458 07JAN: LASTSOLD=2025-12-31 00:00:00, WEEKLY=10, TODAY=0, YDAY=0
2026-01-05 00:28:15 | INFO     | [SUCCESS] Day 07JAN
2026-01-05 00:28:15 | INFO     | [DAY_START] Processing 06JAN
[LF] Processing JED-HBE for 06JAN
2026-01-05 00:28:15 | INFO     | [lf.day.start] Processing JED-HBE for 06JAN
[LF] 06JAN: found 1 direct flights
2026-01-05 00:28:16 | INFO     | [lf.day.flights_found] Found 1 flights on 06JAN
2026-01-05 00:28:18 | INFO     | [lf.flight.extracted] SM452 on 06JAN: BKG=178, LF=100.0%
[LF] SM452 06JAN: BKG=178, GRP=122, CAP=178, LF%=100.0%, Brd-Off=JED-HBE, Classes: P:124, X:17, T:1, W:8, S:26, K:2
[LF] Getting WEEKLY/LASTSOLD data for 1 flights
[LF] SM452 06JAN: LASTSOLD=2026-01-04 00:00:00, WEEKLY=19, TODAY=0, YDAY=8
2026-01-05 00:28:23 | INFO     | [SUCCESS] Day 06JAN
[LF] Skipping 05JAN (Today) - will be processed by supplement scan
[LF] Results summary:
  2026-01-13: 1 flights
  2026-01-12: 2 flights
  2026-01-11: 2 flights
  2026-01-10: 2 flights
  2026-01-09: 1 flights
  2026-01-08: 1 flights
  2026-01-07: 3 flights
  2026-01-06: 1 flights
2026-01-05 00:28:23 | INFO     | [SUCCESS] LF Search Complete

============================================================
[Worker_9232] ✓ COMPLETED: JED-HBE
  Results: 8 dates
  Errors: 0 dates
  Total Processed: 4 groups
============================================================

2026-01-05 00:28:25 | INFO     | [Worker_9232] Completed: JED-HBE - 8 results, 0 errors
[Worker_9232] Waiting for tasks...

============================================================
[Worker_9232] Shutdown signal received
Exiting...
============================================================
2026-01-05 00:33:56 | INFO     | [Worker_9232] Shutdown signal received, exiting...

============================================================
[Worker_9232] FINISHED
  Total Groups Processed: 4
============================================================

2026-01-05 00:33:56 | INFO     | [Worker_9232] Finished. Processed 4 groups.
