2026-01-01 00:17:48 | INFO     | ======================================================================
2026-01-01 00:17:48 | INFO     | Load Factor Scraper Started - Route: ATZ-DMM
2026-01-01 00:17:48 | INFO     | Log file: D:\CODERED\LAB\market_insights\outputs\run_generated_311225_at_23.27\logs\LF_ATZ-DMM_20260101_001748.log
2026-01-01 00:17:48 | INFO     | Enhanced logging: Capturing both logging.info() and print()
2026-01-01 00:17:48 | INFO     | ======================================================================
2026-01-01 00:17:48 | INFO     | Starting LF search for route: ATZ-DMM
2026-01-01 00:17:48 | INFO     | [START] LF Search
2026-01-01 00:17:49 | INFO     | [HEALTH CHECK] [OK] Chrome connection is healthy
2026-01-01 00:17:49 | INFO     | [DAY_START] Processing 06JAN
2026-01-01 00:17:49 | INFO     | [lf.day.start] Processing ATZ-DMM for 06JAN
2026-01-01 00:17:50 | WARNING  | [lf.day.no_flights] No direct flights on 06JAN
2026-01-01 00:17:50 | INFO     | [SUCCESS] Day 06JAN
2026-01-01 00:17:50 | INFO     | [DAY_START] Processing 05JAN
2026-01-01 00:17:50 | INFO     | [lf.day.start] Processing ATZ-DMM for 05JAN
2026-01-01 00:17:51 | INFO     | [lf.day.flights_found] Found 1 flights on 05JAN
2026-01-01 00:17:53 | INFO     | [lf.flight.extracted] SM437 on 05JAN: BKG=106, LF=59.2%
2026-01-01 00:17:59 | INFO     | [SUCCESS] Day 05JAN
2026-01-01 00:17:59 | INFO     | [DAY_START] Processing 04JAN
2026-01-01 00:17:59 | INFO     | [lf.day.start] Processing ATZ-DMM for 04JAN
2026-01-01 00:18:00 | WARNING  | [lf.day.no_flights] No direct flights on 04JAN
2026-01-01 00:18:00 | INFO     | [SUCCESS] Day 04JAN
2026-01-01 00:18:00 | INFO     | [DAY_START] Processing 03JAN
2026-01-01 00:18:00 | INFO     | [lf.day.start] Processing ATZ-DMM for 03JAN
2026-01-01 00:18:02 | WARNING  | [lf.day.no_flights] No direct flights on 03JAN
2026-01-01 00:18:02 | INFO     | [SUCCESS] Day 03JAN
2026-01-01 00:18:02 | INFO     | [DAY_START] Processing 02JAN
2026-01-01 00:18:02 | INFO     | [lf.day.start] Processing ATZ-DMM for 02JAN
2026-01-01 00:18:03 | INFO     | [lf.day.flights_found] Found 1 flights on 02JAN
2026-01-01 00:18:05 | INFO     | [lf.flight.extracted] SM437 on 02JAN: BKG=156, LF=87.2%
2026-01-01 00:18:12 | INFO     | [SUCCESS] Day 02JAN
2026-01-01 00:18:12 | INFO     | [SUCCESS] LF Search Complete
2026-01-01 00:18:14 | INFO     | [Worker_9227] Completed: ATZ-DMM - 5 results, 0 errors
2026-01-01 00:18:14 | INFO     | [Worker_9227] Processing: CAI-YNB
2026-01-01 00:18:14 | INFO     |   Tier 0: Range 2, Chunk 5/5 (6 days)
