2025-12-31 23:31:34 | INFO     | ======================================================================
2025-12-31 23:31:34 | INFO     | Load Factor Scraper Started - Route: ATZ-RUH
2025-12-31 23:31:34 | INFO     | Log file: D:\CODERED\LAB\market_insights\outputs\run_generated_311225_at_23.27\logs\LF_ATZ-RUH_20251231_233134.log
2025-12-31 23:31:34 | INFO     | Enhanced logging: Capturing both logging.info() and print()
2025-12-31 23:31:34 | INFO     | ======================================================================
2025-12-31 23:31:34 | INFO     | Starting LF search for route: ATZ-RUH
2025-12-31 23:31:34 | INFO     | [START] LF Search
2025-12-31 23:31:36 | INFO     | [HEALTH CHECK] [OK] Chrome connection is healthy
2025-12-31 23:31:36 | INFO     | [DAY_START] Processing 28FEB
2025-12-31 23:31:36 | INFO     | [lf.day.start] Processing ATZ-RUH for 28FEB
2025-12-31 23:31:40 | WARNING  | [lf.day.no_flights] No direct flights on 28FEB
2025-12-31 23:31:40 | INFO     | [SUCCESS] Day 28FEB
2025-12-31 23:31:40 | INFO     | [DAY_START] Processing 27FEB
2025-12-31 23:31:40 | INFO     | [lf.day.start] Processing ATZ-RUH for 27FEB
2025-12-31 23:31:41 | WARNING  | [lf.day.no_flights] No direct flights on 27FEB
2025-12-31 23:31:41 | INFO     | [SUCCESS] Day 27FEB
2025-12-31 23:31:41 | INFO     | [DAY_START] Processing 26FEB
2025-12-31 23:31:41 | INFO     | [lf.day.start] Processing ATZ-RUH for 26FEB
2025-12-31 23:31:42 | WARNING  | [lf.day.no_flights] No direct flights on 26FEB
2025-12-31 23:31:42 | INFO     | [SUCCESS] Day 26FEB
2025-12-31 23:31:42 | INFO     | [DAY_START] Processing 25FEB
2025-12-31 23:31:42 | INFO     | [lf.day.start] Processing ATZ-RUH for 25FEB
2025-12-31 23:31:43 | INFO     | [lf.day.flights_found] Found 1 flights on 25FEB
2025-12-31 23:31:45 | INFO     | [lf.flight.extracted] SM465 on 25FEB: BKG=5, LF=2.8%
2025-12-31 23:31:48 | INFO     | [SUCCESS] Day 25FEB
2025-12-31 23:31:48 | INFO     | [DAY_START] Processing 24FEB
2025-12-31 23:31:48 | INFO     | [lf.day.start] Processing ATZ-RUH for 24FEB
2025-12-31 23:31:49 | INFO     | [lf.day.flights_found] Found 1 flights on 24FEB
2025-12-31 23:31:51 | INFO     | [lf.flight.extracted] SM463 on 24FEB: BKG=2, LF=1.1%
2025-12-31 23:31:54 | INFO     | [SUCCESS] Day 24FEB
2025-12-31 23:31:54 | INFO     | [DAY_START] Processing 23FEB
2025-12-31 23:31:54 | INFO     | [lf.day.start] Processing ATZ-RUH for 23FEB
2025-12-31 23:31:55 | WARNING  | [lf.day.no_flights] No direct flights on 23FEB
2025-12-31 23:31:55 | INFO     | [SUCCESS] Day 23FEB
2025-12-31 23:31:55 | INFO     | [SUCCESS] LF Search Complete
2025-12-31 23:31:57 | INFO     | [Worker_9227] Completed: ATZ-RUH - 6 results, 0 errors
2025-12-31 23:31:57 | INFO     | [Worker_9227] Processing: ATZ-TUU
2025-12-31 23:31:57 | INFO     |   Tier 0: Range 3, Chunk 1/5 (6 days)
