2026-01-01 00:09:08 | INFO     | ======================================================================
2026-01-01 00:09:08 | INFO     | Load Factor Scraper Started - Route: AJF-CAI
2026-01-01 00:09:08 | INFO     | Log file: D:\CODERED\LAB\market_insights\outputs\run_generated_311225_at_23.27\logs\LF_AJF-CAI_20260101_000908.log
2026-01-01 00:09:08 | INFO     | Enhanced logging: Capturing both logging.info() and print()
2026-01-01 00:09:08 | INFO     | ======================================================================
2026-01-01 00:09:08 | INFO     | Starting LF search for route: AJF-CAI
2026-01-01 00:09:08 | INFO     | [START] LF Search
2026-01-01 00:09:09 | INFO     | [HEALTH CHECK] [OK] Chrome connection is healthy
2026-01-01 00:09:09 | INFO     | [DAY_START] Processing 12JAN
2026-01-01 00:09:09 | INFO     | [lf.day.start] Processing AJF-CAI for 12JAN
2026-01-01 00:09:10 | WARNING  | [lf.day.no_flights] No direct flights on 12JAN
2026-01-01 00:09:10 | INFO     | [SUCCESS] Day 12JAN
2026-01-01 00:09:10 | INFO     | [DAY_START] Processing 11JAN
2026-01-01 00:09:10 | INFO     | [lf.day.start] Processing AJF-CAI for 11JAN
2026-01-01 00:09:11 | WARNING  | [lf.day.no_flights] No direct flights on 11JAN
2026-01-01 00:09:11 | INFO     | [SUCCESS] Day 11JAN
2026-01-01 00:09:11 | INFO     | [DAY_START] Processing 10JAN
2026-01-01 00:09:11 | INFO     | [lf.day.start] Processing AJF-CAI for 10JAN
2026-01-01 00:09:12 | INFO     | [lf.day.flights_found] Found 1 flights on 10JAN
2026-01-01 00:09:14 | INFO     | [lf.flight.extracted] SM322 on 10JAN: BKG=66, LF=37.7%
2026-01-01 00:09:19 | INFO     | [SUCCESS] Day 10JAN
2026-01-01 00:09:19 | INFO     | [DAY_START] Processing 09JAN
2026-01-01 00:09:19 | INFO     | [lf.day.start] Processing AJF-CAI for 09JAN
2026-01-01 00:09:20 | WARNING  | [lf.day.no_flights] No direct flights on 09JAN
2026-01-01 00:09:20 | INFO     | [SUCCESS] Day 09JAN
2026-01-01 00:09:20 | INFO     | [DAY_START] Processing 08JAN
2026-01-01 00:09:20 | INFO     | [lf.day.start] Processing AJF-CAI for 08JAN
2026-01-01 00:09:21 | INFO     | [lf.day.flights_found] Found 1 flights on 08JAN
2026-01-01 00:09:23 | INFO     | [lf.flight.extracted] SM322 on 08JAN: BKG=104, LF=59.4%
2026-01-01 00:09:31 | INFO     | [SUCCESS] Day 08JAN
2026-01-01 00:09:31 | INFO     | [DAY_START] Processing 07JAN
2026-01-01 00:09:31 | INFO     | [lf.day.start] Processing AJF-CAI for 07JAN
2026-01-01 00:09:32 | WARNING  | [lf.day.no_flights] No direct flights on 07JAN
2026-01-01 00:09:32 | INFO     | [SUCCESS] Day 07JAN
2026-01-01 00:09:32 | INFO     | [SUCCESS] LF Search Complete
2026-01-01 00:09:34 | INFO     | [Worker_9224] Completed: AJF-CAI - 6 results, 0 errors
2026-01-01 00:09:34 | INFO     | [Worker_9224] Processing: AHB-ATZ
2026-01-01 00:09:34 | INFO     |   Tier 0: Range 2, Chunk 4/5 (6 days)
