2025-12-31 23:51:28 | INFO     | ======================================================================
2025-12-31 23:51:28 | INFO     | Load Factor Scraper Started - Route: ATZ-DMM
2025-12-31 23:51:28 | INFO     | Log file: D:\CODERED\LAB\market_insights\outputs\run_generated_311225_at_23.27\logs\LF_ATZ-DMM_20251231_235128.log
2025-12-31 23:51:28 | INFO     | Enhanced logging: Capturing both logging.info() and print()
2025-12-31 23:51:28 | INFO     | ======================================================================
2025-12-31 23:51:28 | INFO     | Starting LF search for route: ATZ-DMM
2025-12-31 23:51:28 | INFO     | [START] LF Search
2025-12-31 23:51:29 | INFO     | [HEALTH CHECK] [OK] Chrome connection is healthy
2025-12-31 23:51:29 | INFO     | [DAY_START] Processing 31JAN
2025-12-31 23:51:29 | INFO     | [lf.day.start] Processing ATZ-DMM for 31JAN
2025-12-31 23:51:31 | WARNING  | [lf.day.no_flights] No direct flights on 31JAN
2025-12-31 23:51:31 | INFO     | [SUCCESS] Day 31JAN
2025-12-31 23:51:31 | INFO     | [DAY_START] Processing 30JAN
2025-12-31 23:51:31 | INFO     | [lf.day.start] Processing ATZ-DMM for 30JAN
2025-12-31 23:51:32 | INFO     | [lf.day.flights_found] Found 1 flights on 30JAN
2025-12-31 23:51:34 | INFO     | [lf.flight.extracted] SM437 on 30JAN: BKG=23, LF=12.8%
2025-12-31 23:51:38 | INFO     | [SUCCESS] Day 30JAN
2025-12-31 23:51:38 | INFO     | [DAY_START] Processing 29JAN
2025-12-31 23:51:38 | INFO     | [lf.day.start] Processing ATZ-DMM for 29JAN
2025-12-31 23:51:39 | WARNING  | [lf.day.no_flights] No direct flights on 29JAN
2025-12-31 23:51:39 | INFO     | [SUCCESS] Day 29JAN
2025-12-31 23:51:39 | INFO     | [DAY_START] Processing 28JAN
2025-12-31 23:51:39 | INFO     | [lf.day.start] Processing ATZ-DMM for 28JAN
2025-12-31 23:51:40 | WARNING  | [lf.day.no_flights] No direct flights on 28JAN
2025-12-31 23:51:40 | INFO     | [SUCCESS] Day 28JAN
2025-12-31 23:51:40 | INFO     | [DAY_START] Processing 27JAN
2025-12-31 23:51:40 | INFO     | [lf.day.start] Processing ATZ-DMM for 27JAN
2025-12-31 23:51:41 | WARNING  | [lf.day.no_flights] No direct flights on 27JAN
2025-12-31 23:51:41 | INFO     | [SUCCESS] Day 27JAN
2025-12-31 23:51:41 | INFO     | [DAY_START] Processing 26JAN
2025-12-31 23:51:41 | INFO     | [lf.day.start] Processing ATZ-DMM for 26JAN
2025-12-31 23:51:43 | INFO     | [lf.day.flights_found] Found 1 flights on 26JAN
2025-12-31 23:51:45 | INFO     | [lf.flight.extracted] SM437 on 26JAN: BKG=51, LF=28.5%
2025-12-31 23:51:49 | INFO     | [SUCCESS] Day 26JAN
2025-12-31 23:51:49 | INFO     | [DAY_START] Processing 25JAN
2025-12-31 23:51:49 | INFO     | [lf.day.start] Processing ATZ-DMM for 25JAN
2025-12-31 23:51:50 | WARNING  | [lf.day.no_flights] No direct flights on 25JAN
2025-12-31 23:51:50 | INFO     | [SUCCESS] Day 25JAN
2025-12-31 23:51:50 | INFO     | [SUCCESS] LF Search Complete
2025-12-31 23:51:52 | INFO     | [Worker_9223] Completed: ATZ-DMM - 7 results, 0 errors
2025-12-31 23:51:52 | INFO     | [Worker_9223] Processing: CAI-AJF
2025-12-31 23:51:52 | INFO     |   Tier 0: Range 1, Chunk 1/5 (7 days)
