2025-12-31 23:44:03 | INFO     | ======================================================================
2025-12-31 23:44:03 | INFO     | Load Factor Scraper Started - Route: ATZ-DMM
2025-12-31 23:44:03 | INFO     | Log file: D:\CODERED\LAB\market_insights\outputs\run_generated_311225_at_23.27\logs\LF_ATZ-DMM_20251231_234403.log
2025-12-31 23:44:03 | INFO     | Enhanced logging: Capturing both logging.info() and print()
2025-12-31 23:44:03 | INFO     | ======================================================================
2025-12-31 23:44:03 | INFO     | Starting LF search for route: ATZ-DMM
2025-12-31 23:44:03 | INFO     | [START] LF Search
2025-12-31 23:44:05 | INFO     | [HEALTH CHECK] [OK] Chrome connection is healthy
2025-12-31 23:44:05 | INFO     | [DAY_START] Processing 05FEB
2025-12-31 23:44:05 | INFO     | [lf.day.start] Processing ATZ-DMM for 05FEB
2025-12-31 23:44:06 | WARNING  | [lf.day.no_flights] No direct flights on 05FEB
2025-12-31 23:44:06 | INFO     | [SUCCESS] Day 05FEB
2025-12-31 23:44:06 | INFO     | [DAY_START] Processing 04FEB
2025-12-31 23:44:06 | INFO     | [lf.day.start] Processing ATZ-DMM for 04FEB
2025-12-31 23:44:08 | WARNING  | [lf.day.no_flights] No direct flights on 04FEB
2025-12-31 23:44:08 | INFO     | [SUCCESS] Day 04FEB
2025-12-31 23:44:08 | INFO     | [DAY_START] Processing 03FEB
2025-12-31 23:44:08 | INFO     | [lf.day.start] Processing ATZ-DMM for 03FEB
2025-12-31 23:44:09 | WARNING  | [lf.day.no_flights] No direct flights on 03FEB
2025-12-31 23:44:09 | INFO     | [SUCCESS] Day 03FEB
2025-12-31 23:44:09 | INFO     | [DAY_START] Processing 02FEB
2025-12-31 23:44:09 | INFO     | [lf.day.start] Processing ATZ-DMM for 02FEB
2025-12-31 23:44:10 | INFO     | [lf.day.flights_found] Found 1 flights on 02FEB
2025-12-31 23:44:13 | INFO     | [lf.flight.extracted] SM437 on 02FEB: BKG=15, LF=8.4%
2025-12-31 23:44:16 | INFO     | [SUCCESS] Day 02FEB
2025-12-31 23:44:16 | INFO     | [DAY_START] Processing 01FEB
2025-12-31 23:44:16 | INFO     | [lf.day.start] Processing ATZ-DMM for 01FEB
2025-12-31 23:44:18 | WARNING  | [lf.day.no_flights] No direct flights on 01FEB
2025-12-31 23:44:18 | INFO     | [SUCCESS] Day 01FEB
2025-12-31 23:44:18 | INFO     | [SUCCESS] LF Search Complete
2025-12-31 23:44:20 | INFO     | [Worker_9232] Completed: ATZ-DMM - 5 results, 0 errors
2025-12-31 23:44:20 | INFO     | [Worker_9232] Processing: ATZ-TUU
2025-12-31 23:44:20 | INFO     |   Tier 0: Range 3, Chunk 5/5 (5 days)
