2025-12-31 23:43:51 | INFO     | ======================================================================
2025-12-31 23:43:51 | INFO     | Load Factor Scraper Started - Route: ASW-JED
2025-12-31 23:43:51 | INFO     | Log file: D:\CODERED\LAB\market_insights\outputs\run_generated_311225_at_23.27\logs\LF_ASW-JED_20251231_234351.log
2025-12-31 23:43:51 | INFO     | Enhanced logging: Capturing both logging.info() and print()
2025-12-31 23:43:51 | INFO     | ======================================================================
2025-12-31 23:43:51 | INFO     | Starting LF search for route: ASW-JED
2025-12-31 23:43:51 | INFO     | [START] LF Search
2025-12-31 23:43:53 | INFO     | [HEALTH CHECK] [OK] Chrome connection is healthy
2025-12-31 23:43:53 | INFO     | [DAY_START] Processing 05FEB
2025-12-31 23:43:53 | INFO     | [lf.day.start] Processing ASW-JED for 05FEB
2025-12-31 23:43:55 | WARNING  | [lf.day.no_flights] No direct flights on 05FEB
2025-12-31 23:43:55 | INFO     | [SUCCESS] Day 05FEB
2025-12-31 23:43:55 | INFO     | [DAY_START] Processing 04FEB
2025-12-31 23:43:55 | INFO     | [lf.day.start] Processing ASW-JED for 04FEB
2025-12-31 23:43:56 | WARNING  | [lf.day.no_flights] No direct flights on 04FEB
2025-12-31 23:43:56 | INFO     | [SUCCESS] Day 04FEB
2025-12-31 23:43:56 | INFO     | [DAY_START] Processing 03FEB
2025-12-31 23:43:56 | INFO     | [lf.day.start] Processing ASW-JED for 03FEB
2025-12-31 23:43:57 | WARNING  | [lf.day.no_flights] No direct flights on 03FEB
2025-12-31 23:43:58 | INFO     | [SUCCESS] Day 03FEB
2025-12-31 23:43:58 | INFO     | [DAY_START] Processing 02FEB
2025-12-31 23:43:58 | INFO     | [lf.day.start] Processing ASW-JED for 02FEB
2025-12-31 23:43:59 | WARNING  | [lf.day.no_flights] No direct flights on 02FEB
2025-12-31 23:43:59 | INFO     | [SUCCESS] Day 02FEB
2025-12-31 23:43:59 | INFO     | [DAY_START] Processing 01FEB
2025-12-31 23:43:59 | INFO     | [lf.day.start] Processing ASW-JED for 01FEB
2025-12-31 23:44:00 | WARNING  | [lf.day.no_flights] No direct flights on 01FEB
2025-12-31 23:44:00 | INFO     | [SUCCESS] Day 01FEB
2025-12-31 23:44:00 | INFO     | [SUCCESS] LF Search Complete
2025-12-31 23:44:03 | INFO     | [Worker_9232] Completed: ASW-JED - 5 results, 0 errors
2025-12-31 23:44:03 | INFO     | [Worker_9232] Processing: ATZ-DMM
2025-12-31 23:44:03 | INFO     |   Tier 0: Range 3, Chunk 5/5 (5 days)
