2025-12-31 23:48:17 | INFO     | ======================================================================
2025-12-31 23:48:17 | INFO     | Load Factor Scraper Started - Route: AJF-ATZ
2025-12-31 23:48:17 | INFO     | Log file: D:\CODERED\LAB\market_insights\outputs\run_generated_311225_at_23.27\logs\LF_AJF-ATZ_20251231_234817.log
2025-12-31 23:48:17 | INFO     | Enhanced logging: Capturing both logging.info() and print()
2025-12-31 23:48:17 | INFO     | ======================================================================
2025-12-31 23:48:17 | INFO     | Starting LF search for route: AJF-ATZ
2025-12-31 23:48:17 | INFO     | [START] LF Search
2025-12-31 23:48:19 | INFO     | [HEALTH CHECK] [OK] Chrome connection is healthy
2025-12-31 23:48:19 | INFO     | [DAY_START] Processing 31JAN
2025-12-31 23:48:19 | INFO     | [lf.day.start] Processing AJF-ATZ for 31JAN
2025-12-31 23:48:20 | WARNING  | [lf.day.no_flights] No direct flights on 31JAN
2025-12-31 23:48:20 | INFO     | [SUCCESS] Day 31JAN
2025-12-31 23:48:20 | INFO     | [DAY_START] Processing 30JAN
2025-12-31 23:48:20 | INFO     | [lf.day.start] Processing AJF-ATZ for 30JAN
2025-12-31 23:48:21 | INFO     | [lf.day.flights_found] Found 1 flights on 30JAN
2025-12-31 23:48:23 | INFO     | [lf.flight.extracted] SM324 on 30JAN: BKG=47, LF=26.9%
2025-12-31 23:48:28 | INFO     | [SUCCESS] Day 30JAN
2025-12-31 23:48:28 | INFO     | [DAY_START] Processing 29JAN
2025-12-31 23:48:28 | INFO     | [lf.day.start] Processing AJF-ATZ for 29JAN
2025-12-31 23:48:29 | WARNING  | [lf.day.no_flights] No direct flights on 29JAN
2025-12-31 23:48:29 | INFO     | [SUCCESS] Day 29JAN
2025-12-31 23:48:29 | INFO     | [DAY_START] Processing 28JAN
2025-12-31 23:48:29 | INFO     | [lf.day.start] Processing AJF-ATZ for 28JAN
2025-12-31 23:48:30 | WARNING  | [lf.day.no_flights] No direct flights on 28JAN
2025-12-31 23:48:30 | INFO     | [SUCCESS] Day 28JAN
2025-12-31 23:48:30 | INFO     | [DAY_START] Processing 27JAN
2025-12-31 23:48:30 | INFO     | [lf.day.start] Processing AJF-ATZ for 27JAN
2025-12-31 23:48:31 | WARNING  | [lf.day.no_flights] No direct flights on 27JAN
2025-12-31 23:48:31 | INFO     | [SUCCESS] Day 27JAN
2025-12-31 23:48:31 | INFO     | [DAY_START] Processing 26JAN
2025-12-31 23:48:31 | INFO     | [lf.day.start] Processing AJF-ATZ for 26JAN
2025-12-31 23:48:32 | WARNING  | [lf.day.no_flights] No direct flights on 26JAN
2025-12-31 23:48:33 | INFO     | [SUCCESS] Day 26JAN
2025-12-31 23:48:33 | INFO     | [DAY_START] Processing 25JAN
2025-12-31 23:48:33 | INFO     | [lf.day.start] Processing AJF-ATZ for 25JAN
2025-12-31 23:48:34 | WARNING  | [lf.day.no_flights] No direct flights on 25JAN
2025-12-31 23:48:34 | INFO     | [SUCCESS] Day 25JAN
2025-12-31 23:48:34 | INFO     | [SUCCESS] LF Search Complete
2025-12-31 23:48:36 | INFO     | [Worker_9232] Completed: AJF-ATZ - 7 results, 0 errors
2025-12-31 23:48:36 | INFO     | [Worker_9232] Processing: AHB-ATZ
2025-12-31 23:48:36 | INFO     |   Tier 0: Range 1, Chunk 1/5 (7 days)
