2026-01-01 00:09:34 | INFO     | ======================================================================
2026-01-01 00:09:34 | INFO     | Load Factor Scraper Started - Route: AHB-ATZ
2026-01-01 00:09:34 | INFO     | Log file: D:\CODERED\LAB\market_insights\outputs\run_generated_311225_at_23.27\logs\LF_AHB-ATZ_20260101_000934.log
2026-01-01 00:09:34 | INFO     | Enhanced logging: Capturing both logging.info() and print()
2026-01-01 00:09:34 | INFO     | ======================================================================
2026-01-01 00:09:34 | INFO     | Starting LF search for route: AHB-ATZ
2026-01-01 00:09:34 | INFO     | [START] LF Search
2026-01-01 00:09:35 | INFO     | [HEALTH CHECK] [OK] Chrome connection is healthy
2026-01-01 00:09:35 | INFO     | [DAY_START] Processing 12JAN
2026-01-01 00:09:35 | INFO     | [lf.day.start] Processing AHB-ATZ for 12JAN
2026-01-01 00:09:36 | WARNING  | [lf.day.no_flights] No direct flights on 12JAN
2026-01-01 00:09:36 | INFO     | [SUCCESS] Day 12JAN
2026-01-01 00:09:36 | INFO     | [DAY_START] Processing 11JAN
2026-01-01 00:09:36 | INFO     | [lf.day.start] Processing AHB-ATZ for 11JAN
2026-01-01 00:09:37 | WARNING  | [lf.day.no_flights] No direct flights on 11JAN
2026-01-01 00:09:38 | INFO     | [SUCCESS] Day 11JAN
2026-01-01 00:09:38 | INFO     | [DAY_START] Processing 10JAN
2026-01-01 00:09:38 | INFO     | [lf.day.start] Processing AHB-ATZ for 10JAN
2026-01-01 00:09:39 | WARNING  | [lf.day.no_flights] No direct flights on 10JAN
2026-01-01 00:09:39 | INFO     | [SUCCESS] Day 10JAN
2026-01-01 00:09:39 | INFO     | [DAY_START] Processing 09JAN
2026-01-01 00:09:39 | INFO     | [lf.day.start] Processing AHB-ATZ for 09JAN
2026-01-01 00:09:40 | INFO     | [lf.day.flights_found] Found 1 flights on 09JAN
2026-01-01 00:09:42 | INFO     | [lf.flight.extracted] SM446 on 09JAN: BKG=44, LF=25.1%
2026-01-01 00:09:46 | INFO     | [SUCCESS] Day 09JAN
2026-01-01 00:09:46 | INFO     | [DAY_START] Processing 08JAN
2026-01-01 00:09:46 | INFO     | [lf.day.start] Processing AHB-ATZ for 08JAN
2026-01-01 00:09:47 | WARNING  | [lf.day.no_flights] No direct flights on 08JAN
2026-01-01 00:09:47 | INFO     | [SUCCESS] Day 08JAN
2026-01-01 00:09:47 | INFO     | [DAY_START] Processing 07JAN
2026-01-01 00:09:47 | INFO     | [lf.day.start] Processing AHB-ATZ for 07JAN
2026-01-01 00:09:48 | WARNING  | [lf.day.no_flights] No direct flights on 07JAN
2026-01-01 00:09:48 | INFO     | [SUCCESS] Day 07JAN
2026-01-01 00:09:48 | INFO     | [SUCCESS] LF Search Complete
2026-01-01 00:09:50 | INFO     | [Worker_9224] Completed: AHB-ATZ - 6 results, 0 errors
2026-01-01 00:09:50 | INFO     | [Worker_9224] Processing: GIZ-CAI
2026-01-01 00:09:50 | INFO     |   Tier 0: Range 2, Chunk 4/5 (6 days)
