2025-12-31 23:40:39 | INFO     | ======================================================================
2025-12-31 23:40:39 | INFO     | Load Factor Scraper Started - Route: ATZ-MED
2025-12-31 23:40:39 | INFO     | Log file: D:\CODERED\LAB\market_insights\outputs\run_generated_311225_at_23.27\logs\LF_ATZ-MED_20251231_234039.log
2025-12-31 23:40:39 | INFO     | Enhanced logging: Capturing both logging.info() and print()
2025-12-31 23:40:39 | INFO     | ======================================================================
2025-12-31 23:40:39 | INFO     | Starting LF search for route: ATZ-MED
2025-12-31 23:40:39 | INFO     | [START] LF Search
2025-12-31 23:40:41 | INFO     | [HEALTH CHECK] [OK] Chrome connection is healthy
2025-12-31 23:40:41 | INFO     | [DAY_START] Processing 10FEB
2025-12-31 23:40:41 | INFO     | [lf.day.start] Processing ATZ-MED for 10FEB
2025-12-31 23:40:42 | INFO     | [lf.day.flights_found] Found 1 flights on 10FEB
2025-12-31 23:40:45 | INFO     | [lf.flight.extracted] SM487 on 10FEB: BKG=136, LF=76.0%
2025-12-31 23:40:48 | INFO     | [SUCCESS] Day 10FEB
2025-12-31 23:40:48 | INFO     | [DAY_START] Processing 09FEB
2025-12-31 23:40:48 | INFO     | [lf.day.start] Processing ATZ-MED for 09FEB
2025-12-31 23:40:49 | INFO     | [lf.day.flights_found] Found 1 flights on 09FEB
2025-12-31 23:40:51 | INFO     | [lf.flight.extracted] SM487 on 09FEB: BKG=139, LF=77.6%
2025-12-31 23:40:55 | INFO     | [SUCCESS] Day 09FEB
2025-12-31 23:40:55 | INFO     | [DAY_START] Processing 08FEB
2025-12-31 23:40:55 | INFO     | [lf.day.start] Processing ATZ-MED for 08FEB
2025-12-31 23:40:56 | WARNING  | [lf.day.no_flights] No direct flights on 08FEB
2025-12-31 23:40:56 | INFO     | [SUCCESS] Day 08FEB
2025-12-31 23:40:56 | INFO     | [DAY_START] Processing 07FEB
2025-12-31 23:40:56 | INFO     | [lf.day.start] Processing ATZ-MED for 07FEB
2025-12-31 23:40:58 | INFO     | [lf.day.flights_found] Found 1 flights on 07FEB
2025-12-31 23:41:00 | INFO     | [lf.flight.extracted] SM487 on 07FEB: BKG=136, LF=76.0%
2025-12-31 23:41:03 | INFO     | [SUCCESS] Day 07FEB
2025-12-31 23:41:03 | INFO     | [DAY_START] Processing 06FEB
2025-12-31 23:41:03 | INFO     | [lf.day.start] Processing ATZ-MED for 06FEB
2025-12-31 23:41:05 | WARNING  | [lf.day.no_flights] No direct flights on 06FEB
2025-12-31 23:41:05 | INFO     | [SUCCESS] Day 06FEB
2025-12-31 23:41:05 | INFO     | [SUCCESS] LF Search Complete
2025-12-31 23:41:07 | INFO     | [Worker_9226] Completed: ATZ-MED - 5 results, 0 errors
2025-12-31 23:41:07 | INFO     | [Worker_9226] Processing: CAI-DMM
2025-12-31 23:41:07 | INFO     |   Tier 0: Range 3, Chunk 4/5 (5 days)
