2026-01-01 00:16:43 | INFO     | ======================================================================
2026-01-01 00:16:43 | INFO     | Load Factor Scraper Started - Route: AJF-ATZ
2026-01-01 00:16:43 | INFO     | Log file: D:\CODERED\LAB\market_insights\outputs\run_generated_311225_at_23.27\logs\LF_AJF-ATZ_20260101_001643.log
2026-01-01 00:16:43 | INFO     | Enhanced logging: Capturing both logging.info() and print()
2026-01-01 00:16:43 | INFO     | ======================================================================
2026-01-01 00:16:43 | INFO     | Starting LF search for route: AJF-ATZ
2026-01-01 00:16:43 | INFO     | [START] LF Search
2026-01-01 00:16:44 | INFO     | [HEALTH CHECK] [OK] Chrome connection is healthy
2026-01-01 00:16:44 | INFO     | [DAY_START] Processing 06JAN
2026-01-01 00:16:44 | INFO     | [lf.day.start] Processing AJF-ATZ for 06JAN
2026-01-01 00:16:45 | WARNING  | [lf.day.no_flights] No direct flights on 06JAN
2026-01-01 00:16:46 | INFO     | [SUCCESS] Day 06JAN
2026-01-01 00:16:46 | INFO     | [DAY_START] Processing 05JAN
2026-01-01 00:16:46 | INFO     | [lf.day.start] Processing AJF-ATZ for 05JAN
2026-01-01 00:16:47 | WARNING  | [lf.day.no_flights] No direct flights on 05JAN
2026-01-01 00:16:47 | INFO     | [SUCCESS] Day 05JAN
2026-01-01 00:16:47 | INFO     | [DAY_START] Processing 04JAN
2026-01-01 00:16:47 | INFO     | [lf.day.start] Processing AJF-ATZ for 04JAN
2026-01-01 00:16:48 | WARNING  | [lf.day.no_flights] No direct flights on 04JAN
2026-01-01 00:16:48 | INFO     | [SUCCESS] Day 04JAN
2026-01-01 00:16:48 | INFO     | [DAY_START] Processing 03JAN
2026-01-01 00:16:48 | INFO     | [lf.day.start] Processing AJF-ATZ for 03JAN
2026-01-01 00:16:49 | WARNING  | [lf.day.no_flights] No direct flights on 03JAN
2026-01-01 00:16:49 | INFO     | [SUCCESS] Day 03JAN
2026-01-01 00:16:49 | INFO     | [DAY_START] Processing 02JAN
2026-01-01 00:16:49 | INFO     | [lf.day.start] Processing AJF-ATZ for 02JAN
2026-01-01 00:16:50 | INFO     | [lf.day.flights_found] Found 1 flights on 02JAN
2026-01-01 00:16:52 | INFO     | [lf.flight.extracted] SM324 on 02JAN: BKG=143, LF=81.7%
2026-01-01 00:16:59 | INFO     | [SUCCESS] Day 02JAN
2026-01-01 00:16:59 | INFO     | [SUCCESS] LF Search Complete
2026-01-01 00:17:01 | INFO     | [Worker_9225] Completed: AJF-ATZ - 5 results, 0 errors
2026-01-01 00:17:01 | INFO     | [Worker_9225] Processing: ELQ-ATZ
2026-01-01 00:17:01 | INFO     |   Tier 0: Range 2, Chunk 5/5 (6 days)
