2026-01-01 00:13:05 | INFO     | ======================================================================
2026-01-01 00:13:05 | INFO     | Load Factor Scraper Started - Route: AJF-ATZ
2026-01-01 00:13:05 | INFO     | Log file: D:\CODERED\LAB\market_insights\outputs\run_generated_311225_at_23.27\logs\LF_AJF-ATZ_20260101_001305.log
2026-01-01 00:13:05 | INFO     | Enhanced logging: Capturing both logging.info() and print()
2026-01-01 00:13:05 | INFO     | ======================================================================
2026-01-01 00:13:05 | INFO     | Starting LF search for route: AJF-ATZ
2026-01-01 00:13:05 | INFO     | [START] LF Search
2026-01-01 00:13:06 | INFO     | [HEALTH CHECK] [OK] Chrome connection is healthy
2026-01-01 00:13:06 | INFO     | [DAY_START] Processing 11JAN
2026-01-01 00:13:06 | INFO     | [lf.day.start] Processing AJF-ATZ for 11JAN
2026-01-01 00:13:07 | WARNING  | [lf.day.no_flights] No direct flights on 11JAN
2026-01-01 00:13:08 | INFO     | [SUCCESS] Day 11JAN
2026-01-01 00:13:08 | INFO     | [DAY_START] Processing 10JAN
2026-01-01 00:13:08 | INFO     | [lf.day.start] Processing AJF-ATZ for 10JAN
2026-01-01 00:13:09 | WARNING  | [lf.day.no_flights] No direct flights on 10JAN
2026-01-01 00:13:09 | INFO     | [SUCCESS] Day 10JAN
2026-01-01 00:13:09 | INFO     | [DAY_START] Processing 09JAN
2026-01-01 00:13:09 | INFO     | [lf.day.start] Processing AJF-ATZ for 09JAN
2026-01-01 00:13:10 | INFO     | [lf.day.flights_found] Found 1 flights on 09JAN
2026-01-01 00:13:12 | INFO     | [lf.flight.extracted] SM324 on 09JAN: BKG=55, LF=31.4%
2026-01-01 00:13:16 | INFO     | [SUCCESS] Day 09JAN
2026-01-01 00:13:16 | INFO     | [DAY_START] Processing 08JAN
2026-01-01 00:13:16 | INFO     | [lf.day.start] Processing AJF-ATZ for 08JAN
2026-01-01 00:13:17 | WARNING  | [lf.day.no_flights] No direct flights on 08JAN
2026-01-01 00:13:17 | INFO     | [SUCCESS] Day 08JAN
2026-01-01 00:13:17 | INFO     | [DAY_START] Processing 07JAN
2026-01-01 00:13:17 | INFO     | [lf.day.start] Processing AJF-ATZ for 07JAN
2026-01-01 00:13:19 | WARNING  | [lf.day.no_flights] No direct flights on 07JAN
2026-01-01 00:13:19 | INFO     | [SUCCESS] Day 07JAN
2026-01-01 00:13:19 | INFO     | [DAY_START] Processing 06JAN
2026-01-01 00:13:19 | INFO     | [lf.day.start] Processing AJF-ATZ for 06JAN
2026-01-01 00:13:20 | WARNING  | [lf.day.no_flights] No direct flights on 06JAN
2026-01-01 00:13:20 | INFO     | [SUCCESS] Day 06JAN
2026-01-01 00:13:20 | INFO     | [SUCCESS] LF Search Complete
2026-01-01 00:13:22 | INFO     | [Worker_9233] Completed: AJF-ATZ - 6 results, 0 errors
2026-01-01 00:13:22 | INFO     | [Worker_9233] Processing: ELQ-ATZ
2026-01-01 00:13:22 | INFO     |   Tier 0: Range 1, Chunk 4/5 (6 days)
