2026-01-01 00:13:45 | INFO     | ======================================================================
2026-01-01 00:13:45 | INFO     | Load Factor Scraper Started - Route: ATZ-MED
2026-01-01 00:13:45 | INFO     | Log file: D:\CODERED\LAB\market_insights\outputs\run_generated_311225_at_23.27\logs\LF_ATZ-MED_20260101_001345.log
2026-01-01 00:13:45 | INFO     | Enhanced logging: Capturing both logging.info() and print()
2026-01-01 00:13:45 | INFO     | ======================================================================
2026-01-01 00:13:45 | INFO     | Starting LF search for route: ATZ-MED
2026-01-01 00:13:45 | INFO     | [START] LF Search
2026-01-01 00:13:47 | INFO     | [HEALTH CHECK] [OK] Chrome connection is healthy
2026-01-01 00:13:47 | INFO     | [DAY_START] Processing 11JAN
2026-01-01 00:13:47 | INFO     | [lf.day.start] Processing ATZ-MED for 11JAN
2026-01-01 00:13:48 | WARNING  | [lf.day.no_flights] No direct flights on 11JAN
2026-01-01 00:13:48 | INFO     | [SUCCESS] Day 11JAN
2026-01-01 00:13:48 | INFO     | [DAY_START] Processing 10JAN
2026-01-01 00:13:48 | INFO     | [lf.day.start] Processing ATZ-MED for 10JAN
2026-01-01 00:13:49 | INFO     | [lf.day.flights_found] Found 1 flights on 10JAN
2026-01-01 00:13:51 | INFO     | [lf.flight.extracted] SM487 on 10JAN: BKG=128, LF=71.5%
2026-01-01 00:13:54 | INFO     | [SUCCESS] Day 10JAN
2026-01-01 00:13:54 | INFO     | [DAY_START] Processing 09JAN
2026-01-01 00:13:54 | INFO     | [lf.day.start] Processing ATZ-MED for 09JAN
2026-01-01 00:13:55 | WARNING  | [lf.day.no_flights] No direct flights on 09JAN
2026-01-01 00:13:56 | INFO     | [SUCCESS] Day 09JAN
2026-01-01 00:13:56 | INFO     | [DAY_START] Processing 08JAN
2026-01-01 00:13:56 | INFO     | [lf.day.start] Processing ATZ-MED for 08JAN
2026-01-01 00:13:57 | WARNING  | [lf.day.no_flights] No direct flights on 08JAN
2026-01-01 00:13:57 | INFO     | [SUCCESS] Day 08JAN
2026-01-01 00:13:57 | INFO     | [DAY_START] Processing 07JAN
2026-01-01 00:13:57 | INFO     | [lf.day.start] Processing ATZ-MED for 07JAN
2026-01-01 00:13:58 | INFO     | [lf.day.flights_found] Found 1 flights on 07JAN
2026-01-01 00:14:00 | INFO     | [lf.flight.extracted] SM489 on 07JAN: BKG=176, LF=98.3%
2026-01-01 00:14:04 | INFO     | [SUCCESS] Day 07JAN
2026-01-01 00:14:04 | INFO     | [DAY_START] Processing 06JAN
2026-01-01 00:14:04 | INFO     | [lf.day.start] Processing ATZ-MED for 06JAN
2026-01-01 00:14:05 | INFO     | [lf.day.flights_found] Found 1 flights on 06JAN
2026-01-01 00:14:07 | INFO     | [lf.flight.extracted] SM487 on 06JAN: BKG=34, LF=19.0%
2026-01-01 00:14:11 | INFO     | [SUCCESS] Day 06JAN
2026-01-01 00:14:11 | INFO     | [SUCCESS] LF Search Complete
2026-01-01 00:14:13 | INFO     | [Worker_9233] Completed: ATZ-MED - 6 results, 0 errors
2026-01-01 00:14:13 | INFO     | [Worker_9233] Processing: ATZ-RUH
2026-01-01 00:14:13 | INFO     |   Tier 0: Range 1, Chunk 4/5 (6 days)
