2025-12-31 23:52:40 | INFO     | ======================================================================
2025-12-31 23:52:40 | INFO     | Load Factor Scraper Started - Route: ATZ-ELQ
2025-12-31 23:52:40 | INFO     | Log file: D:\CODERED\LAB\market_insights\outputs\run_generated_311225_at_23.27\logs\LF_ATZ-ELQ_20251231_235240.log
2025-12-31 23:52:40 | INFO     | Enhanced logging: Capturing both logging.info() and print()
2025-12-31 23:52:40 | INFO     | ======================================================================
2025-12-31 23:52:40 | INFO     | Starting LF search for route: ATZ-ELQ
2025-12-31 23:52:40 | INFO     | [START] LF Search
2025-12-31 23:52:41 | INFO     | [HEALTH CHECK] [OK] Chrome connection is healthy
2025-12-31 23:52:41 | INFO     | [DAY_START] Processing 31JAN
2025-12-31 23:52:41 | INFO     | [lf.day.start] Processing ATZ-ELQ for 31JAN
2025-12-31 23:52:42 | INFO     | [lf.day.flights_found] Found 1 flights on 31JAN
2025-12-31 23:52:45 | INFO     | [lf.flight.extracted] SM435 on 31JAN: BKG=5, LF=2.8%
2025-12-31 23:52:48 | INFO     | [SUCCESS] Day 31JAN
2025-12-31 23:52:48 | INFO     | [DAY_START] Processing 30JAN
2025-12-31 23:52:48 | INFO     | [lf.day.start] Processing ATZ-ELQ for 30JAN
2025-12-31 23:52:49 | WARNING  | [lf.day.no_flights] No direct flights on 30JAN
2025-12-31 23:52:49 | INFO     | [SUCCESS] Day 30JAN
2025-12-31 23:52:49 | INFO     | [DAY_START] Processing 29JAN
2025-12-31 23:52:49 | INFO     | [lf.day.start] Processing ATZ-ELQ for 29JAN
2025-12-31 23:52:50 | WARNING  | [lf.day.no_flights] No direct flights on 29JAN
2025-12-31 23:52:50 | INFO     | [SUCCESS] Day 29JAN
2025-12-31 23:52:50 | INFO     | [DAY_START] Processing 28JAN
2025-12-31 23:52:50 | INFO     | [lf.day.start] Processing ATZ-ELQ for 28JAN
2025-12-31 23:52:51 | WARNING  | [lf.day.no_flights] No direct flights on 28JAN
2025-12-31 23:52:52 | INFO     | [SUCCESS] Day 28JAN
2025-12-31 23:52:52 | INFO     | [DAY_START] Processing 27JAN
2025-12-31 23:52:52 | INFO     | [lf.day.start] Processing ATZ-ELQ for 27JAN
2025-12-31 23:52:53 | INFO     | [lf.day.flights_found] Found 1 flights on 27JAN
2025-12-31 23:52:55 | INFO     | [lf.flight.extracted] SM435 on 27JAN: BKG=11, LF=6.2%
2025-12-31 23:52:58 | INFO     | [SUCCESS] Day 27JAN
2025-12-31 23:52:58 | INFO     | [DAY_START] Processing 26JAN
2025-12-31 23:52:58 | INFO     | [lf.day.start] Processing ATZ-ELQ for 26JAN
2025-12-31 23:52:59 | WARNING  | [lf.day.no_flights] No direct flights on 26JAN
2025-12-31 23:52:59 | INFO     | [SUCCESS] Day 26JAN
2025-12-31 23:52:59 | INFO     | [DAY_START] Processing 25JAN
2025-12-31 23:52:59 | INFO     | [lf.day.start] Processing ATZ-ELQ for 25JAN
2025-12-31 23:53:01 | WARNING  | [lf.day.no_flights] No direct flights on 25JAN
2025-12-31 23:53:01 | INFO     | [SUCCESS] Day 25JAN
2025-12-31 23:53:01 | INFO     | [SUCCESS] LF Search Complete
2025-12-31 23:53:03 | INFO     | [Worker_9227] Completed: ATZ-ELQ - 7 results, 0 errors
2025-12-31 23:53:03 | INFO     | [Worker_9227] Processing: MED-ATZ
2025-12-31 23:53:03 | INFO     |   Tier 0: Range 1, Chunk 2/5 (7 days)
