2026-01-01 00:03:41 | INFO     | ======================================================================
2026-01-01 00:03:41 | INFO     | Load Factor Scraper Started - Route: ATZ-AHB
2026-01-01 00:03:41 | INFO     | Log file: D:\CODERED\LAB\market_insights\outputs\run_generated_311225_at_23.27\logs\LF_ATZ-AHB_20260101_000341.log
2026-01-01 00:03:41 | INFO     | Enhanced logging: Capturing both logging.info() and print()
2026-01-01 00:03:41 | INFO     | ======================================================================
2026-01-01 00:03:41 | INFO     | Starting LF search for route: ATZ-AHB
2026-01-01 00:03:41 | INFO     | [START] LF Search
2026-01-01 00:03:43 | INFO     | [HEALTH CHECK] [OK] Chrome connection is healthy
2026-01-01 00:03:43 | INFO     | [DAY_START] Processing 18JAN
2026-01-01 00:03:43 | INFO     | [lf.day.start] Processing ATZ-AHB for 18JAN
2026-01-01 00:03:44 | WARNING  | [lf.day.no_flights] No direct flights on 18JAN
2026-01-01 00:03:44 | INFO     | [SUCCESS] Day 18JAN
2026-01-01 00:03:44 | INFO     | [DAY_START] Processing 17JAN
2026-01-01 00:03:44 | INFO     | [lf.day.start] Processing ATZ-AHB for 17JAN
2026-01-01 00:03:45 | WARNING  | [lf.day.no_flights] No direct flights on 17JAN
2026-01-01 00:03:45 | INFO     | [SUCCESS] Day 17JAN
2026-01-01 00:03:45 | INFO     | [DAY_START] Processing 16JAN
2026-01-01 00:03:45 | INFO     | [lf.day.start] Processing ATZ-AHB for 16JAN
2026-01-01 00:03:46 | INFO     | [lf.day.flights_found] Found 1 flights on 16JAN
2026-01-01 00:03:48 | INFO     | [lf.flight.extracted] SM445 on 16JAN: BKG=58, LF=32.4%
2026-01-01 00:03:53 | INFO     | [SUCCESS] Day 16JAN
2026-01-01 00:03:53 | INFO     | [DAY_START] Processing 15JAN
2026-01-01 00:03:53 | INFO     | [lf.day.start] Processing ATZ-AHB for 15JAN
2026-01-01 00:03:54 | WARNING  | [lf.day.no_flights] No direct flights on 15JAN
2026-01-01 00:03:54 | INFO     | [SUCCESS] Day 15JAN
2026-01-01 00:03:54 | INFO     | [DAY_START] Processing 14JAN
2026-01-01 00:03:54 | INFO     | [lf.day.start] Processing ATZ-AHB for 14JAN
2026-01-01 00:03:55 | WARNING  | [lf.day.no_flights] No direct flights on 14JAN
2026-01-01 00:03:55 | INFO     | [SUCCESS] Day 14JAN
2026-01-01 00:03:55 | INFO     | [DAY_START] Processing 13JAN
2026-01-01 00:03:55 | INFO     | [lf.day.start] Processing ATZ-AHB for 13JAN
2026-01-01 00:03:57 | WARNING  | [lf.day.no_flights] No direct flights on 13JAN
2026-01-01 00:03:57 | INFO     | [SUCCESS] Day 13JAN
2026-01-01 00:03:57 | INFO     | [SUCCESS] LF Search Complete
2026-01-01 00:03:59 | INFO     | [Worker_9227] Completed: ATZ-AHB - 6 results, 0 errors
2026-01-01 00:03:59 | INFO     | [Worker_9227] Processing: MED-CAI
2026-01-01 00:03:59 | INFO     |   Tier 0: Range 1, Chunk 3/5 (6 days)
