2025-12-31 23:58:01 | INFO     | ======================================================================
2025-12-31 23:58:01 | INFO     | Load Factor Scraper Started - Route: ATZ-RUH
2025-12-31 23:58:01 | INFO     | Log file: D:\CODERED\LAB\market_insights\outputs\run_generated_311225_at_23.27\logs\LF_ATZ-RUH_20251231_235801.log
2025-12-31 23:58:01 | INFO     | Enhanced logging: Capturing both logging.info() and print()
2025-12-31 23:58:01 | INFO     | ======================================================================
2025-12-31 23:58:01 | INFO     | Starting LF search for route: ATZ-RUH
2025-12-31 23:58:01 | INFO     | [START] LF Search
2025-12-31 23:58:02 | INFO     | [HEALTH CHECK] [OK] Chrome connection is healthy
2025-12-31 23:58:02 | INFO     | [DAY_START] Processing 24JAN
2025-12-31 23:58:02 | INFO     | [lf.day.start] Processing ATZ-RUH for 24JAN
2025-12-31 23:58:04 | WARNING  | [lf.day.no_flights] No direct flights on 24JAN
2025-12-31 23:58:04 | INFO     | [SUCCESS] Day 24JAN
2025-12-31 23:58:04 | INFO     | [DAY_START] Processing 23JAN
2025-12-31 23:58:04 | INFO     | [lf.day.start] Processing ATZ-RUH for 23JAN
2025-12-31 23:58:05 | WARNING  | [lf.day.no_flights] No direct flights on 23JAN
2025-12-31 23:58:05 | INFO     | [SUCCESS] Day 23JAN
2025-12-31 23:58:05 | INFO     | [DAY_START] Processing 22JAN
2025-12-31 23:58:05 | INFO     | [lf.day.start] Processing ATZ-RUH for 22JAN
2025-12-31 23:58:06 | WARNING  | [lf.day.no_flights] No direct flights on 22JAN
2025-12-31 23:58:06 | INFO     | [SUCCESS] Day 22JAN
2025-12-31 23:58:06 | INFO     | [DAY_START] Processing 21JAN
2025-12-31 23:58:06 | INFO     | [lf.day.start] Processing ATZ-RUH for 21JAN
2025-12-31 23:58:07 | INFO     | [lf.day.flights_found] Found 1 flights on 21JAN
2025-12-31 23:58:09 | INFO     | [lf.flight.extracted] SM465 on 21JAN: BKG=67, LF=37.4%
2025-12-31 23:58:15 | INFO     | [SUCCESS] Day 21JAN
2025-12-31 23:58:15 | INFO     | [DAY_START] Processing 20JAN
2025-12-31 23:58:15 | INFO     | [lf.day.start] Processing ATZ-RUH for 20JAN
2025-12-31 23:58:16 | INFO     | [lf.day.flights_found] Found 1 flights on 20JAN
2025-12-31 23:58:18 | INFO     | [lf.flight.extracted] SM463 on 20JAN: BKG=69, LF=38.6%
2025-12-31 23:58:23 | INFO     | [SUCCESS] Day 20JAN
2025-12-31 23:58:23 | INFO     | [DAY_START] Processing 19JAN
2025-12-31 23:58:23 | INFO     | [lf.day.start] Processing ATZ-RUH for 19JAN
2025-12-31 23:58:24 | WARNING  | [lf.day.no_flights] No direct flights on 19JAN
2025-12-31 23:58:24 | INFO     | [SUCCESS] Day 19JAN
2025-12-31 23:58:24 | INFO     | [DAY_START] Processing 18JAN
2025-12-31 23:58:24 | INFO     | [lf.day.start] Processing ATZ-RUH for 18JAN
2025-12-31 23:58:25 | INFO     | [lf.day.flights_found] Found 1 flights on 18JAN
2025-12-31 23:58:27 | INFO     | [lf.flight.extracted] SM463 on 18JAN: BKG=87, LF=48.6%
2025-12-31 23:58:33 | INFO     | [SUCCESS] Day 18JAN
2025-12-31 23:58:33 | INFO     | [SUCCESS] LF Search Complete
2025-12-31 23:58:35 | INFO     | [Worker_9226] Completed: ATZ-RUH - 7 results, 0 errors
2025-12-31 23:58:35 | INFO     | [Worker_9226] Processing: ATZ-DMM
2025-12-31 23:58:35 | INFO     |   Tier 0: Range 2, Chunk 2/5 (6 days)
