2025-12-31 23:37:45 | INFO     | ======================================================================
2025-12-31 23:37:45 | INFO     | Load Factor Scraper Started - Route: ASW-JED
2025-12-31 23:37:45 | INFO     | Log file: D:\CODERED\LAB\market_insights\outputs\run_generated_311225_at_23.27\logs\LF_ASW-JED_20251231_233745.log
2025-12-31 23:37:45 | INFO     | Enhanced logging: Capturing both logging.info() and print()
2025-12-31 23:37:45 | INFO     | ======================================================================
2025-12-31 23:37:45 | INFO     | Starting LF search for route: ASW-JED
2025-12-31 23:37:45 | INFO     | [START] LF Search
2025-12-31 23:37:47 | INFO     | [HEALTH CHECK] [OK] Chrome connection is healthy
2025-12-31 23:37:47 | INFO     | [DAY_START] Processing 16FEB
2025-12-31 23:37:47 | INFO     | [lf.day.start] Processing ASW-JED for 16FEB
2025-12-31 23:37:48 | WARNING  | [lf.day.no_flights] No direct flights on 16FEB
2025-12-31 23:37:48 | INFO     | [SUCCESS] Day 16FEB
2025-12-31 23:37:48 | INFO     | [DAY_START] Processing 15FEB
2025-12-31 23:37:48 | INFO     | [lf.day.start] Processing ASW-JED for 15FEB
2025-12-31 23:37:50 | WARNING  | [lf.day.no_flights] No direct flights on 15FEB
2025-12-31 23:37:50 | INFO     | [SUCCESS] Day 15FEB
2025-12-31 23:37:50 | INFO     | [DAY_START] Processing 14FEB
2025-12-31 23:37:50 | INFO     | [lf.day.start] Processing ASW-JED for 14FEB
2025-12-31 23:37:51 | WARNING  | [lf.day.no_flights] No direct flights on 14FEB
2025-12-31 23:37:51 | INFO     | [SUCCESS] Day 14FEB
2025-12-31 23:37:51 | INFO     | [DAY_START] Processing 13FEB
2025-12-31 23:37:51 | INFO     | [lf.day.start] Processing ASW-JED for 13FEB
2025-12-31 23:37:52 | WARNING  | [lf.day.no_flights] No direct flights on 13FEB
2025-12-31 23:37:53 | INFO     | [SUCCESS] Day 13FEB
2025-12-31 23:37:53 | INFO     | [DAY_START] Processing 12FEB
2025-12-31 23:37:53 | INFO     | [lf.day.start] Processing ASW-JED for 12FEB
2025-12-31 23:37:54 | WARNING  | [lf.day.no_flights] No direct flights on 12FEB
2025-12-31 23:37:54 | INFO     | [SUCCESS] Day 12FEB
2025-12-31 23:37:54 | INFO     | [DAY_START] Processing 11FEB
2025-12-31 23:37:54 | INFO     | [lf.day.start] Processing ASW-JED for 11FEB
2025-12-31 23:37:55 | WARNING  | [lf.day.no_flights] No direct flights on 11FEB
2025-12-31 23:37:55 | INFO     | [SUCCESS] Day 11FEB
2025-12-31 23:37:55 | INFO     | [SUCCESS] LF Search Complete
2025-12-31 23:37:57 | INFO     | [Worker_9224] Completed: ASW-JED - 6 results, 0 errors
2025-12-31 23:37:57 | INFO     | [Worker_9224] Processing: CAI-RUH
2025-12-31 23:37:57 | INFO     |   Tier 0: Range 3, Chunk 3/5 (6 days)
