2026-01-01 00:21:14 | INFO     | ======================================================================
2026-01-01 00:21:14 | INFO     | Load Factor Scraper Started - Route: ATZ-AJF
2026-01-01 00:21:14 | INFO     | Log file: D:\CODERED\LAB\market_insights\outputs\run_generated_311225_at_23.27\logs\LF_ATZ-AJF_20260101_002114.log
2026-01-01 00:21:14 | INFO     | Enhanced logging: Capturing both logging.info() and print()
2026-01-01 00:21:14 | INFO     | ======================================================================
2026-01-01 00:21:14 | INFO     | Starting LF search for route: ATZ-AJF
2026-01-01 00:21:14 | INFO     | [START] LF Search
2026-01-01 00:21:15 | INFO     | [HEALTH CHECK] [OK] Chrome connection is healthy
2026-01-01 00:21:15 | INFO     | [DAY_START] Processing 05JAN
2026-01-01 00:21:15 | INFO     | [lf.day.start] Processing ATZ-AJF for 05JAN
2026-01-01 00:21:16 | WARNING  | [lf.day.no_flights] No direct flights on 05JAN
2026-01-01 00:21:16 | INFO     | [SUCCESS] Day 05JAN
2026-01-01 00:21:16 | INFO     | [DAY_START] Processing 04JAN
2026-01-01 00:21:16 | INFO     | [lf.day.start] Processing ATZ-AJF for 04JAN
2026-01-01 00:21:17 | WARNING  | [lf.day.no_flights] No direct flights on 04JAN
2026-01-01 00:21:17 | INFO     | [SUCCESS] Day 04JAN
2026-01-01 00:21:17 | INFO     | [DAY_START] Processing 03JAN
2026-01-01 00:21:17 | INFO     | [lf.day.start] Processing ATZ-AJF for 03JAN
2026-01-01 00:21:18 | WARNING  | [lf.day.no_flights] No direct flights on 03JAN
2026-01-01 00:21:19 | INFO     | [SUCCESS] Day 03JAN
2026-01-01 00:21:19 | INFO     | [DAY_START] Processing 02JAN
2026-01-01 00:21:19 | INFO     | [lf.day.start] Processing ATZ-AJF for 02JAN
2026-01-01 00:21:20 | INFO     | [lf.day.flights_found] Found 1 flights on 02JAN
2026-01-01 00:21:22 | INFO     | [lf.flight.extracted] SM323 on 02JAN: BKG=105, LF=58.7%
2026-01-01 00:21:28 | INFO     | [SUCCESS] Day 02JAN
2026-01-01 00:21:28 | INFO     | [DAY_START] Processing 31DEC
2026-01-01 00:21:28 | INFO     | [lf.day.start] Processing ATZ-AJF for 31DEC
2026-01-01 00:21:29 | WARNING  | [lf.day.no_flights] No direct flights on 31DEC
2026-01-01 00:21:29 | INFO     | [SUCCESS] Day 31DEC
2026-01-01 00:21:29 | INFO     | [SUCCESS] LF Search Complete
2026-01-01 00:21:31 | INFO     | [Worker_9234] Completed: ATZ-AJF - 5 results, 0 errors
2026-01-01 00:21:31 | INFO     | [Worker_9234] Processing: ATZ-ELQ
2026-01-01 00:21:31 | INFO     |   Tier 0: Range 1, Chunk 5/5 (6 days)
