2025-12-31 23:32:22 | INFO     | ======================================================================
2025-12-31 23:32:22 | INFO     | Load Factor Scraper Started - Route: ATZ-ELQ
2025-12-31 23:32:22 | INFO     | Log file: D:\CODERED\LAB\market_insights\outputs\run_generated_311225_at_23.27\logs\LF_ATZ-ELQ_20251231_233222.log
2025-12-31 23:32:22 | INFO     | Enhanced logging: Capturing both logging.info() and print()
2025-12-31 23:32:22 | INFO     | ======================================================================
2025-12-31 23:32:22 | INFO     | Starting LF search for route: ATZ-ELQ
2025-12-31 23:32:22 | INFO     | [START] LF Search
2025-12-31 23:32:23 | INFO     | [HEALTH CHECK] [OK] Chrome connection is healthy
2025-12-31 23:32:23 | INFO     | [DAY_START] Processing 28FEB
2025-12-31 23:32:23 | INFO     | [lf.day.start] Processing ATZ-ELQ for 28FEB
2025-12-31 23:32:24 | INFO     | [lf.day.flights_found] Found 1 flights on 28FEB
2025-12-31 23:32:26 | INFO     | [lf.flight.extracted] SM435 on 28FEB: BKG=5, LF=2.8%
2025-12-31 23:32:29 | INFO     | [SUCCESS] Day 28FEB
2025-12-31 23:32:29 | INFO     | [DAY_START] Processing 27FEB
2025-12-31 23:32:29 | INFO     | [lf.day.start] Processing ATZ-ELQ for 27FEB
2025-12-31 23:32:30 | WARNING  | [lf.day.no_flights] No direct flights on 27FEB
2025-12-31 23:32:30 | INFO     | [SUCCESS] Day 27FEB
2025-12-31 23:32:30 | INFO     | [DAY_START] Processing 26FEB
2025-12-31 23:32:30 | INFO     | [lf.day.start] Processing ATZ-ELQ for 26FEB
2025-12-31 23:32:31 | WARNING  | [lf.day.no_flights] No direct flights on 26FEB
2025-12-31 23:32:31 | INFO     | [SUCCESS] Day 26FEB
2025-12-31 23:32:31 | INFO     | [DAY_START] Processing 25FEB
2025-12-31 23:32:31 | INFO     | [lf.day.start] Processing ATZ-ELQ for 25FEB
2025-12-31 23:32:32 | WARNING  | [lf.day.no_flights] No direct flights on 25FEB
2025-12-31 23:32:33 | INFO     | [SUCCESS] Day 25FEB
2025-12-31 23:32:33 | INFO     | [DAY_START] Processing 24FEB
2025-12-31 23:32:33 | INFO     | [lf.day.start] Processing ATZ-ELQ for 24FEB
2025-12-31 23:32:34 | INFO     | [lf.day.flights_found] Found 1 flights on 24FEB
2025-12-31 23:32:36 | INFO     | [lf.flight.extracted] SM435 on 24FEB: BKG=0, LF=0.0%
2025-12-31 23:32:37 | INFO     | [SUCCESS] Day 24FEB
2025-12-31 23:32:37 | INFO     | [DAY_START] Processing 23FEB
2025-12-31 23:32:37 | INFO     | [lf.day.start] Processing ATZ-ELQ for 23FEB
2025-12-31 23:32:38 | WARNING  | [lf.day.no_flights] No direct flights on 23FEB
2025-12-31 23:32:38 | INFO     | [SUCCESS] Day 23FEB
2025-12-31 23:32:38 | INFO     | [SUCCESS] LF Search Complete
2025-12-31 23:32:40 | INFO     | [Worker_9233] Completed: ATZ-ELQ - 6 results, 0 errors
2025-12-31 23:32:40 | INFO     | [Worker_9233] Processing: JED-HBE
2025-12-31 23:32:40 | INFO     |   Tier 0: Range 3, Chunk 2/5 (6 days)
