2025-12-31 23:43:24 | INFO     | ======================================================================
2025-12-31 23:43:24 | INFO     | Load Factor Scraper Started - Route: ATZ-MED
2025-12-31 23:43:24 | INFO     | Log file: D:\CODERED\LAB\market_insights\outputs\run_generated_311225_at_23.27\logs\LF_ATZ-MED_20251231_234324.log
2025-12-31 23:43:24 | INFO     | Enhanced logging: Capturing both logging.info() and print()
2025-12-31 23:43:24 | INFO     | ======================================================================
2025-12-31 23:43:24 | INFO     | Starting LF search for route: ATZ-MED
2025-12-31 23:43:24 | INFO     | [START] LF Search
2025-12-31 23:43:26 | INFO     | [HEALTH CHECK] [OK] Chrome connection is healthy
2025-12-31 23:43:26 | INFO     | [DAY_START] Processing 05FEB
2025-12-31 23:43:26 | INFO     | [lf.day.start] Processing ATZ-MED for 05FEB
2025-12-31 23:43:27 | WARNING  | [lf.day.no_flights] No direct flights on 05FEB
2025-12-31 23:43:28 | INFO     | [SUCCESS] Day 05FEB
2025-12-31 23:43:28 | INFO     | [DAY_START] Processing 04FEB
2025-12-31 23:43:28 | INFO     | [lf.day.start] Processing ATZ-MED for 04FEB
2025-12-31 23:43:29 | INFO     | [lf.day.flights_found] Found 1 flights on 04FEB
2025-12-31 23:43:32 | INFO     | [lf.flight.extracted] SM489 on 04FEB: BKG=138, LF=77.1%
2025-12-31 23:43:35 | INFO     | [SUCCESS] Day 04FEB
2025-12-31 23:43:35 | INFO     | [DAY_START] Processing 03FEB
2025-12-31 23:43:35 | INFO     | [lf.day.start] Processing ATZ-MED for 03FEB
2025-12-31 23:43:36 | INFO     | [lf.day.flights_found] Found 1 flights on 03FEB
2025-12-31 23:43:39 | INFO     | [lf.flight.extracted] SM487 on 03FEB: BKG=0, LF=0.0%
2025-12-31 23:43:41 | INFO     | [SUCCESS] Day 03FEB
2025-12-31 23:43:41 | INFO     | [DAY_START] Processing 02FEB
2025-12-31 23:43:41 | INFO     | [lf.day.start] Processing ATZ-MED for 02FEB
2025-12-31 23:43:42 | INFO     | [lf.day.flights_found] Found 1 flights on 02FEB
2025-12-31 23:43:44 | INFO     | [lf.flight.extracted] SM487 on 02FEB: BKG=1, LF=0.6%
2025-12-31 23:43:48 | INFO     | [SUCCESS] Day 02FEB
2025-12-31 23:43:48 | INFO     | [DAY_START] Processing 01FEB
2025-12-31 23:43:48 | INFO     | [lf.day.start] Processing ATZ-MED for 01FEB
2025-12-31 23:43:49 | WARNING  | [lf.day.no_flights] No direct flights on 01FEB
2025-12-31 23:43:49 | INFO     | [SUCCESS] Day 01FEB
2025-12-31 23:43:49 | INFO     | [SUCCESS] LF Search Complete
2025-12-31 23:43:51 | INFO     | [Worker_9232] Completed: ATZ-MED - 5 results, 0 errors
2025-12-31 23:43:51 | INFO     | [Worker_9232] Processing: ASW-JED
2025-12-31 23:43:51 | INFO     |   Tier 0: Range 3, Chunk 5/5 (5 days)
