2026-01-01 00:13:20 | INFO     | ======================================================================
2026-01-01 00:13:20 | INFO     | Load Factor Scraper Started - Route: AHB-ATZ
2026-01-01 00:13:20 | INFO     | Log file: D:\CODERED\LAB\market_insights\outputs\run_generated_311225_at_23.27\logs\LF_AHB-ATZ_20260101_001320.log
2026-01-01 00:13:20 | INFO     | Enhanced logging: Capturing both logging.info() and print()
2026-01-01 00:13:20 | INFO     | ======================================================================
2026-01-01 00:13:20 | INFO     | Starting LF search for route: AHB-ATZ
2026-01-01 00:13:20 | INFO     | [START] LF Search
2026-01-01 00:13:22 | INFO     | [HEALTH CHECK] [OK] Chrome connection is healthy
2026-01-01 00:13:22 | INFO     | [DAY_START] Processing 11JAN
2026-01-01 00:13:22 | INFO     | [lf.day.start] Processing AHB-ATZ for 11JAN
2026-01-01 00:13:23 | WARNING  | [lf.day.no_flights] No direct flights on 11JAN
2026-01-01 00:13:23 | INFO     | [SUCCESS] Day 11JAN
2026-01-01 00:13:23 | INFO     | [DAY_START] Processing 10JAN
2026-01-01 00:13:23 | INFO     | [lf.day.start] Processing AHB-ATZ for 10JAN
2026-01-01 00:13:24 | WARNING  | [lf.day.no_flights] No direct flights on 10JAN
2026-01-01 00:13:24 | INFO     | [SUCCESS] Day 10JAN
2026-01-01 00:13:24 | INFO     | [DAY_START] Processing 09JAN
2026-01-01 00:13:24 | INFO     | [lf.day.start] Processing AHB-ATZ for 09JAN
2026-01-01 00:13:25 | INFO     | [lf.day.flights_found] Found 1 flights on 09JAN
2026-01-01 00:13:27 | INFO     | [lf.flight.extracted] SM446 on 09JAN: BKG=44, LF=25.1%
2026-01-01 00:13:31 | INFO     | [SUCCESS] Day 09JAN
2026-01-01 00:13:31 | INFO     | [DAY_START] Processing 08JAN
2026-01-01 00:13:31 | INFO     | [lf.day.start] Processing AHB-ATZ for 08JAN
2026-01-01 00:13:32 | WARNING  | [lf.day.no_flights] No direct flights on 08JAN
2026-01-01 00:13:33 | INFO     | [SUCCESS] Day 08JAN
2026-01-01 00:13:33 | INFO     | [DAY_START] Processing 07JAN
2026-01-01 00:13:33 | INFO     | [lf.day.start] Processing AHB-ATZ for 07JAN
2026-01-01 00:13:34 | WARNING  | [lf.day.no_flights] No direct flights on 07JAN
2026-01-01 00:13:34 | INFO     | [SUCCESS] Day 07JAN
2026-01-01 00:13:34 | INFO     | [DAY_START] Processing 06JAN
2026-01-01 00:13:34 | INFO     | [lf.day.start] Processing AHB-ATZ for 06JAN
2026-01-01 00:13:35 | WARNING  | [lf.day.no_flights] No direct flights on 06JAN
2026-01-01 00:13:35 | INFO     | [SUCCESS] Day 06JAN
2026-01-01 00:13:35 | INFO     | [SUCCESS] LF Search Complete
2026-01-01 00:13:37 | INFO     | [Worker_9225] Completed: AHB-ATZ - 6 results, 0 errors
2026-01-01 00:13:37 | INFO     | [Worker_9225] Processing: HBE-MED
2026-01-01 00:13:37 | INFO     |   Tier 0: Range 1, Chunk 4/5 (6 days)
