2025-12-31 23:31:45 | INFO     | ======================================================================
2025-12-31 23:31:45 | INFO     | Load Factor Scraper Started - Route: ATZ-DMM
2025-12-31 23:31:45 | INFO     | Log file: D:\CODERED\LAB\market_insights\outputs\run_generated_311225_at_23.27\logs\LF_ATZ-DMM_20251231_233145.log
2025-12-31 23:31:45 | INFO     | Enhanced logging: Capturing both logging.info() and print()
2025-12-31 23:31:45 | INFO     | ======================================================================
2025-12-31 23:31:45 | INFO     | Starting LF search for route: ATZ-DMM
2025-12-31 23:31:45 | INFO     | [START] LF Search
2025-12-31 23:31:46 | INFO     | [HEALTH CHECK] [OK] Chrome connection is healthy
2025-12-31 23:31:47 | INFO     | [DAY_START] Processing 28FEB
2025-12-31 23:31:47 | INFO     | [lf.day.start] Processing ATZ-DMM for 28FEB
2025-12-31 23:31:48 | WARNING  | [lf.day.no_flights] No direct flights on 28FEB
2025-12-31 23:31:48 | INFO     | [SUCCESS] Day 28FEB
2025-12-31 23:31:48 | INFO     | [DAY_START] Processing 27FEB
2025-12-31 23:31:48 | INFO     | [lf.day.start] Processing ATZ-DMM for 27FEB
2025-12-31 23:31:49 | INFO     | [lf.day.flights_found] Found 1 flights on 27FEB
2025-12-31 23:31:51 | INFO     | [lf.flight.extracted] SM437 on 27FEB: BKG=3, LF=1.7%
2025-12-31 23:31:54 | INFO     | [SUCCESS] Day 27FEB
2025-12-31 23:31:54 | INFO     | [DAY_START] Processing 26FEB
2025-12-31 23:31:54 | INFO     | [lf.day.start] Processing ATZ-DMM for 26FEB
2025-12-31 23:31:55 | WARNING  | [lf.day.no_flights] No direct flights on 26FEB
2025-12-31 23:31:55 | INFO     | [SUCCESS] Day 26FEB
2025-12-31 23:31:55 | INFO     | [DAY_START] Processing 25FEB
2025-12-31 23:31:55 | INFO     | [lf.day.start] Processing ATZ-DMM for 25FEB
2025-12-31 23:31:56 | WARNING  | [lf.day.no_flights] No direct flights on 25FEB
2025-12-31 23:31:56 | INFO     | [SUCCESS] Day 25FEB
2025-12-31 23:31:56 | INFO     | [DAY_START] Processing 24FEB
2025-12-31 23:31:56 | INFO     | [lf.day.start] Processing ATZ-DMM for 24FEB
2025-12-31 23:31:57 | WARNING  | [lf.day.no_flights] No direct flights on 24FEB
2025-12-31 23:31:58 | INFO     | [SUCCESS] Day 24FEB
2025-12-31 23:31:58 | INFO     | [DAY_START] Processing 23FEB
2025-12-31 23:31:58 | INFO     | [lf.day.start] Processing ATZ-DMM for 23FEB
2025-12-31 23:31:59 | INFO     | [lf.day.flights_found] Found 1 flights on 23FEB
2025-12-31 23:32:01 | INFO     | [lf.flight.extracted] SM437 on 23FEB: BKG=2, LF=1.1%
2025-12-31 23:32:04 | INFO     | [SUCCESS] Day 23FEB
2025-12-31 23:32:04 | INFO     | [SUCCESS] LF Search Complete
2025-12-31 23:32:06 | INFO     | [Worker_9233] Completed: ATZ-DMM - 6 results, 0 errors
2025-12-31 23:32:06 | INFO     | [Worker_9233] Processing: ATZ-AJF
2025-12-31 23:32:06 | INFO     |   Tier 0: Range 3, Chunk 1/5 (6 days)
