2026-01-01 00:18:37 | INFO     | ======================================================================
2026-01-01 00:18:37 | INFO     | Load Factor Scraper Started - Route: ATZ-ELQ
2026-01-01 00:18:37 | INFO     | Log file: D:\CODERED\LAB\market_insights\outputs\run_generated_311225_at_23.27\logs\LF_ATZ-ELQ_20260101_001837.log
2026-01-01 00:18:37 | INFO     | Enhanced logging: Capturing both logging.info() and print()
2026-01-01 00:18:37 | INFO     | ======================================================================
2026-01-01 00:18:37 | INFO     | Starting LF search for route: ATZ-ELQ
2026-01-01 00:18:37 | INFO     | [START] LF Search
2026-01-01 00:18:38 | INFO     | [HEALTH CHECK] [OK] Chrome connection is healthy
2026-01-01 00:18:38 | INFO     | [DAY_START] Processing 06JAN
2026-01-01 00:18:38 | INFO     | [lf.day.start] Processing ATZ-ELQ for 06JAN
2026-01-01 00:18:39 | INFO     | [lf.day.flights_found] Found 1 flights on 06JAN
2026-01-01 00:18:41 | INFO     | [lf.flight.extracted] SM435 on 06JAN: BKG=73, LF=40.8%
2026-01-01 00:18:46 | INFO     | [SUCCESS] Day 06JAN
2026-01-01 00:18:46 | INFO     | [DAY_START] Processing 05JAN
2026-01-01 00:18:46 | INFO     | [lf.day.start] Processing ATZ-ELQ for 05JAN
2026-01-01 00:18:47 | WARNING  | [lf.day.no_flights] No direct flights on 05JAN
2026-01-01 00:18:47 | INFO     | [SUCCESS] Day 05JAN
2026-01-01 00:18:47 | INFO     | [DAY_START] Processing 04JAN
2026-01-01 00:18:47 | INFO     | [lf.day.start] Processing ATZ-ELQ for 04JAN
2026-01-01 00:18:49 | WARNING  | [lf.day.no_flights] No direct flights on 04JAN
2026-01-01 00:18:49 | INFO     | [SUCCESS] Day 04JAN
2026-01-01 00:18:49 | INFO     | [DAY_START] Processing 03JAN
2026-01-01 00:18:49 | INFO     | [lf.day.start] Processing ATZ-ELQ for 03JAN
2026-01-01 00:18:50 | INFO     | [lf.day.flights_found] Found 1 flights on 03JAN
2026-01-01 00:18:52 | INFO     | [lf.flight.extracted] SM435 on 03JAN: BKG=120, LF=67.0%
2026-01-01 00:18:58 | INFO     | [SUCCESS] Day 03JAN
2026-01-01 00:18:58 | INFO     | [DAY_START] Processing 02JAN
2026-01-01 00:18:58 | INFO     | [lf.day.start] Processing ATZ-ELQ for 02JAN
2026-01-01 00:18:59 | WARNING  | [lf.day.no_flights] No direct flights on 02JAN
2026-01-01 00:18:59 | INFO     | [SUCCESS] Day 02JAN
2026-01-01 00:18:59 | INFO     | [SUCCESS] LF Search Complete
2026-01-01 00:19:01 | INFO     | [Worker_9223] Completed: ATZ-ELQ - 5 results, 0 errors
2026-01-01 00:19:01 | INFO     | [Worker_9223] Processing: JED-ATZ
2026-01-01 00:19:01 | INFO     |   Tier 0: Range 1, Chunk 5/5 (6 days)
