2026-01-01 00:15:15 | INFO     | ======================================================================
2026-01-01 00:15:15 | INFO     | Load Factor Scraper Started - Route: ATZ-ELQ
2026-01-01 00:15:15 | INFO     | Log file: D:\CODERED\LAB\market_insights\outputs\run_generated_311225_at_23.27\logs\LF_ATZ-ELQ_20260101_001515.log
2026-01-01 00:15:15 | INFO     | Enhanced logging: Capturing both logging.info() and print()
2026-01-01 00:15:15 | INFO     | ======================================================================
2026-01-01 00:15:15 | INFO     | Starting LF search for route: ATZ-ELQ
2026-01-01 00:15:15 | INFO     | [START] LF Search
2026-01-01 00:15:16 | INFO     | [HEALTH CHECK] [OK] Chrome connection is healthy
2026-01-01 00:15:16 | INFO     | [DAY_START] Processing 11JAN
2026-01-01 00:15:16 | INFO     | [lf.day.start] Processing ATZ-ELQ for 11JAN
2026-01-01 00:15:17 | WARNING  | [lf.day.no_flights] No direct flights on 11JAN
2026-01-01 00:15:17 | INFO     | [SUCCESS] Day 11JAN
2026-01-01 00:15:17 | INFO     | [DAY_START] Processing 10JAN
2026-01-01 00:15:17 | INFO     | [lf.day.start] Processing ATZ-ELQ for 10JAN
2026-01-01 00:15:18 | INFO     | [lf.day.flights_found] Found 1 flights on 10JAN
2026-01-01 00:15:20 | INFO     | [lf.flight.extracted] SM435 on 10JAN: BKG=75, LF=41.9%
2026-01-01 00:15:25 | INFO     | [SUCCESS] Day 10JAN
2026-01-01 00:15:25 | INFO     | [DAY_START] Processing 09JAN
2026-01-01 00:15:25 | INFO     | [lf.day.start] Processing ATZ-ELQ for 09JAN
2026-01-01 00:15:26 | WARNING  | [lf.day.no_flights] No direct flights on 09JAN
2026-01-01 00:15:27 | INFO     | [SUCCESS] Day 09JAN
2026-01-01 00:15:27 | INFO     | [DAY_START] Processing 08JAN
2026-01-01 00:15:27 | INFO     | [lf.day.start] Processing ATZ-ELQ for 08JAN
2026-01-01 00:15:28 | WARNING  | [lf.day.no_flights] No direct flights on 08JAN
2026-01-01 00:15:28 | INFO     | [SUCCESS] Day 08JAN
2026-01-01 00:15:28 | INFO     | [DAY_START] Processing 07JAN
2026-01-01 00:15:28 | INFO     | [lf.day.start] Processing ATZ-ELQ for 07JAN
2026-01-01 00:15:29 | WARNING  | [lf.day.no_flights] No direct flights on 07JAN
2026-01-01 00:15:30 | INFO     | [SUCCESS] Day 07JAN
2026-01-01 00:15:30 | INFO     | [DAY_START] Processing 06JAN
2026-01-01 00:15:30 | INFO     | [lf.day.start] Processing ATZ-ELQ for 06JAN
2026-01-01 00:15:31 | INFO     | [lf.day.flights_found] Found 1 flights on 06JAN
2026-01-01 00:15:33 | INFO     | [lf.flight.extracted] SM435 on 06JAN: BKG=73, LF=40.8%
2026-01-01 00:15:38 | INFO     | [SUCCESS] Day 06JAN
2026-01-01 00:15:38 | INFO     | [SUCCESS] LF Search Complete
2026-01-01 00:15:40 | INFO     | [Worker_9222] Completed: ATZ-ELQ - 6 results, 0 errors
2026-01-01 00:15:40 | INFO     | [Worker_9222] Processing: JED-ATZ
2026-01-01 00:15:40 | INFO     |   Tier 0: Range 2, Chunk 5/5 (6 days)
