2026-01-01 00:17:38 | INFO     | ======================================================================
2026-01-01 00:17:38 | INFO     | Load Factor Scraper Started - Route: ATZ-RUH
2026-01-01 00:17:38 | INFO     | Log file: D:\CODERED\LAB\market_insights\outputs\run_generated_311225_at_23.27\logs\LF_ATZ-RUH_20260101_001738.log
2026-01-01 00:17:38 | INFO     | Enhanced logging: Capturing both logging.info() and print()
2026-01-01 00:17:38 | INFO     | ======================================================================
2026-01-01 00:17:38 | INFO     | Starting LF search for route: ATZ-RUH
2026-01-01 00:17:38 | INFO     | [START] LF Search
2026-01-01 00:17:39 | INFO     | [HEALTH CHECK] [OK] Chrome connection is healthy
2026-01-01 00:17:39 | INFO     | [DAY_START] Processing 06JAN
2026-01-01 00:17:39 | INFO     | [lf.day.start] Processing ATZ-RUH for 06JAN
2026-01-01 00:17:40 | INFO     | [lf.day.flights_found] Found 1 flights on 06JAN
2026-01-01 00:17:43 | INFO     | [lf.flight.extracted] SM463 on 06JAN: BKG=107, LF=59.8%
2026-01-01 00:17:49 | INFO     | [SUCCESS] Day 06JAN
2026-01-01 00:17:49 | INFO     | [DAY_START] Processing 05JAN
2026-01-01 00:17:49 | INFO     | [lf.day.start] Processing ATZ-RUH for 05JAN
2026-01-01 00:17:50 | WARNING  | [lf.day.no_flights] No direct flights on 05JAN
2026-01-01 00:17:50 | INFO     | [SUCCESS] Day 05JAN
2026-01-01 00:17:50 | INFO     | [DAY_START] Processing 04JAN
2026-01-01 00:17:50 | INFO     | [lf.day.start] Processing ATZ-RUH for 04JAN
2026-01-01 00:17:51 | INFO     | [lf.day.flights_found] Found 1 flights on 04JAN
2026-01-01 00:17:53 | INFO     | [lf.flight.extracted] SM463 on 04JAN: BKG=147, LF=82.1%
2026-01-01 00:17:59 | INFO     | [SUCCESS] Day 04JAN
2026-01-01 00:17:59 | INFO     | [DAY_START] Processing 03JAN
2026-01-01 00:17:59 | INFO     | [lf.day.start] Processing ATZ-RUH for 03JAN
2026-01-01 00:18:00 | WARNING  | [lf.day.no_flights] No direct flights on 03JAN
2026-01-01 00:18:01 | INFO     | [SUCCESS] Day 03JAN
2026-01-01 00:18:01 | INFO     | [DAY_START] Processing 02JAN
2026-01-01 00:18:01 | INFO     | [lf.day.start] Processing ATZ-RUH for 02JAN
2026-01-01 00:18:02 | WARNING  | [lf.day.no_flights] No direct flights on 02JAN
2026-01-01 00:18:02 | INFO     | [SUCCESS] Day 02JAN
2026-01-01 00:18:02 | INFO     | [SUCCESS] LF Search Complete
2026-01-01 00:18:04 | INFO     | [Worker_9233] Completed: ATZ-RUH - 5 results, 0 errors
2026-01-01 00:18:04 | INFO     | [Worker_9233] Processing: ATZ-TUU
2026-01-01 00:18:04 | INFO     |   Tier 0: Range 2, Chunk 5/5 (6 days)
