2025-12-31 23:32:06 | INFO     | ======================================================================
2025-12-31 23:32:06 | INFO     | Load Factor Scraper Started - Route: ATZ-AJF
2025-12-31 23:32:06 | INFO     | Log file: D:\CODERED\LAB\market_insights\outputs\run_generated_311225_at_23.27\logs\LF_ATZ-AJF_20251231_233206.log
2025-12-31 23:32:06 | INFO     | Enhanced logging: Capturing both logging.info() and print()
2025-12-31 23:32:06 | INFO     | ======================================================================
2025-12-31 23:32:06 | INFO     | Starting LF search for route: ATZ-AJF
2025-12-31 23:32:06 | INFO     | [START] LF Search
2025-12-31 23:32:07 | INFO     | [HEALTH CHECK] [OK] Chrome connection is healthy
2025-12-31 23:32:07 | INFO     | [DAY_START] Processing 28FEB
2025-12-31 23:32:07 | INFO     | [lf.day.start] Processing ATZ-AJF for 28FEB
2025-12-31 23:32:09 | WARNING  | [lf.day.no_flights] No direct flights on 28FEB
2025-12-31 23:32:09 | INFO     | [SUCCESS] Day 28FEB
2025-12-31 23:32:09 | INFO     | [DAY_START] Processing 27FEB
2025-12-31 23:32:09 | INFO     | [lf.day.start] Processing ATZ-AJF for 27FEB
2025-12-31 23:32:10 | INFO     | [lf.day.flights_found] Found 1 flights on 27FEB
2025-12-31 23:32:12 | INFO     | [lf.flight.extracted] SM323 on 27FEB: BKG=2, LF=1.1%
2025-12-31 23:32:15 | INFO     | [SUCCESS] Day 27FEB
2025-12-31 23:32:15 | INFO     | [DAY_START] Processing 26FEB
2025-12-31 23:32:15 | INFO     | [lf.day.start] Processing ATZ-AJF for 26FEB
2025-12-31 23:32:16 | WARNING  | [lf.day.no_flights] No direct flights on 26FEB
2025-12-31 23:32:16 | INFO     | [SUCCESS] Day 26FEB
2025-12-31 23:32:16 | INFO     | [DAY_START] Processing 25FEB
2025-12-31 23:32:16 | INFO     | [lf.day.start] Processing ATZ-AJF for 25FEB
2025-12-31 23:32:17 | WARNING  | [lf.day.no_flights] No direct flights on 25FEB
2025-12-31 23:32:17 | INFO     | [SUCCESS] Day 25FEB
2025-12-31 23:32:17 | INFO     | [DAY_START] Processing 24FEB
2025-12-31 23:32:17 | INFO     | [lf.day.start] Processing ATZ-AJF for 24FEB
2025-12-31 23:32:18 | WARNING  | [lf.day.no_flights] No direct flights on 24FEB
2025-12-31 23:32:18 | INFO     | [SUCCESS] Day 24FEB
2025-12-31 23:32:18 | INFO     | [DAY_START] Processing 23FEB
2025-12-31 23:32:18 | INFO     | [lf.day.start] Processing ATZ-AJF for 23FEB
2025-12-31 23:32:20 | WARNING  | [lf.day.no_flights] No direct flights on 23FEB
2025-12-31 23:32:20 | INFO     | [SUCCESS] Day 23FEB
2025-12-31 23:32:20 | INFO     | [SUCCESS] LF Search Complete
2025-12-31 23:32:22 | INFO     | [Worker_9233] Completed: ATZ-AJF - 6 results, 0 errors
2025-12-31 23:32:22 | INFO     | [Worker_9233] Processing: ATZ-ELQ
2025-12-31 23:32:22 | INFO     |   Tier 0: Range 3, Chunk 1/5 (6 days)
