2025-12-31 23:59:29 | INFO     | ======================================================================
2025-12-31 23:59:29 | INFO     | Load Factor Scraper Started - Route: ATZ-AHB
2025-12-31 23:59:29 | INFO     | Log file: D:\CODERED\LAB\market_insights\outputs\run_generated_311225_at_23.27\logs\LF_ATZ-AHB_20251231_235929.log
2025-12-31 23:59:29 | INFO     | Enhanced logging: Capturing both logging.info() and print()
2025-12-31 23:59:29 | INFO     | ======================================================================
2025-12-31 23:59:29 | INFO     | Starting LF search for route: ATZ-AHB
2025-12-31 23:59:29 | INFO     | [START] LF Search
2025-12-31 23:59:30 | INFO     | [HEALTH CHECK] [OK] Chrome connection is healthy
2025-12-31 23:59:30 | INFO     | [DAY_START] Processing 24JAN
2025-12-31 23:59:30 | INFO     | [lf.day.start] Processing ATZ-AHB for 24JAN
2025-12-31 23:59:31 | WARNING  | [lf.day.no_flights] No direct flights on 24JAN
2025-12-31 23:59:31 | INFO     | [SUCCESS] Day 24JAN
2025-12-31 23:59:31 | INFO     | [DAY_START] Processing 23JAN
2025-12-31 23:59:31 | INFO     | [lf.day.start] Processing ATZ-AHB for 23JAN
2025-12-31 23:59:32 | INFO     | [lf.day.flights_found] Found 1 flights on 23JAN
2025-12-31 23:59:35 | INFO     | [lf.flight.extracted] SM445 on 23JAN: BKG=54, LF=30.2%
2025-12-31 23:59:39 | INFO     | [SUCCESS] Day 23JAN
2025-12-31 23:59:39 | INFO     | [DAY_START] Processing 22JAN
2025-12-31 23:59:39 | INFO     | [lf.day.start] Processing ATZ-AHB for 22JAN
2025-12-31 23:59:40 | WARNING  | [lf.day.no_flights] No direct flights on 22JAN
2025-12-31 23:59:40 | INFO     | [SUCCESS] Day 22JAN
2025-12-31 23:59:40 | INFO     | [DAY_START] Processing 21JAN
2025-12-31 23:59:40 | INFO     | [lf.day.start] Processing ATZ-AHB for 21JAN
2025-12-31 23:59:41 | WARNING  | [lf.day.no_flights] No direct flights on 21JAN
2025-12-31 23:59:42 | INFO     | [SUCCESS] Day 21JAN
2025-12-31 23:59:42 | INFO     | [DAY_START] Processing 20JAN
2025-12-31 23:59:42 | INFO     | [lf.day.start] Processing ATZ-AHB for 20JAN
2025-12-31 23:59:43 | WARNING  | [lf.day.no_flights] No direct flights on 20JAN
2025-12-31 23:59:43 | INFO     | [SUCCESS] Day 20JAN
2025-12-31 23:59:43 | INFO     | [DAY_START] Processing 19JAN
2025-12-31 23:59:43 | INFO     | [lf.day.start] Processing ATZ-AHB for 19JAN
2025-12-31 23:59:44 | WARNING  | [lf.day.no_flights] No direct flights on 19JAN
2025-12-31 23:59:44 | INFO     | [SUCCESS] Day 19JAN
2025-12-31 23:59:44 | INFO     | [DAY_START] Processing 18JAN
2025-12-31 23:59:44 | INFO     | [lf.day.start] Processing ATZ-AHB for 18JAN
2025-12-31 23:59:45 | WARNING  | [lf.day.no_flights] No direct flights on 18JAN
2025-12-31 23:59:45 | INFO     | [SUCCESS] Day 18JAN
2025-12-31 23:59:45 | INFO     | [SUCCESS] LF Search Complete
2025-12-31 23:59:47 | INFO     | [Worker_9226] Completed: ATZ-AHB - 7 results, 0 errors
2025-12-31 23:59:47 | INFO     | [Worker_9226] Processing: ATZ-ELQ
2025-12-31 23:59:47 | INFO     |   Tier 0: Range 2, Chunk 2/5 (6 days)
