2026-01-01 00:17:29 | INFO     | ======================================================================
2026-01-01 00:17:29 | INFO     | Load Factor Scraper Started - Route: ASW-JED
2026-01-01 00:17:29 | INFO     | Log file: D:\CODERED\LAB\market_insights\outputs\run_generated_311225_at_23.27\logs\LF_ASW-JED_20260101_001729.log
2026-01-01 00:17:29 | INFO     | Enhanced logging: Capturing both logging.info() and print()
2026-01-01 00:17:29 | INFO     | ======================================================================
2026-01-01 00:17:29 | INFO     | Starting LF search for route: ASW-JED
2026-01-01 00:17:29 | INFO     | [START] LF Search
2026-01-01 00:17:30 | INFO     | [HEALTH CHECK] [OK] Chrome connection is healthy
2026-01-01 00:17:30 | INFO     | [DAY_START] Processing 06JAN
2026-01-01 00:17:30 | INFO     | [lf.day.start] Processing ASW-JED for 06JAN
2026-01-01 00:17:31 | WARNING  | [lf.day.no_flights] No direct flights on 06JAN
2026-01-01 00:17:31 | INFO     | [SUCCESS] Day 06JAN
2026-01-01 00:17:31 | INFO     | [DAY_START] Processing 05JAN
2026-01-01 00:17:31 | INFO     | [lf.day.start] Processing ASW-JED for 05JAN
2026-01-01 00:17:32 | WARNING  | [lf.day.no_flights] No direct flights on 05JAN
2026-01-01 00:17:33 | INFO     | [SUCCESS] Day 05JAN
2026-01-01 00:17:33 | INFO     | [DAY_START] Processing 04JAN
2026-01-01 00:17:33 | INFO     | [lf.day.start] Processing ASW-JED for 04JAN
2026-01-01 00:17:34 | WARNING  | [lf.day.no_flights] No direct flights on 04JAN
2026-01-01 00:17:34 | INFO     | [SUCCESS] Day 04JAN
2026-01-01 00:17:34 | INFO     | [DAY_START] Processing 03JAN
2026-01-01 00:17:34 | INFO     | [lf.day.start] Processing ASW-JED for 03JAN
2026-01-01 00:17:35 | WARNING  | [lf.day.no_flights] No direct flights on 03JAN
2026-01-01 00:17:35 | INFO     | [SUCCESS] Day 03JAN
2026-01-01 00:17:35 | INFO     | [DAY_START] Processing 02JAN
2026-01-01 00:17:35 | INFO     | [lf.day.start] Processing ASW-JED for 02JAN
2026-01-01 00:17:36 | WARNING  | [lf.day.no_flights] No direct flights on 02JAN
2026-01-01 00:17:36 | INFO     | [SUCCESS] Day 02JAN
2026-01-01 00:17:36 | INFO     | [SUCCESS] LF Search Complete
2026-01-01 00:17:38 | INFO     | [Worker_9233] Completed: ASW-JED - 5 results, 0 errors
2026-01-01 00:17:38 | INFO     | [Worker_9233] Processing: ATZ-RUH
2026-01-01 00:17:38 | INFO     |   Tier 0: Range 2, Chunk 5/5 (6 days)
