2025-12-31 23:49:18 | INFO     | ======================================================================
2025-12-31 23:49:18 | INFO     | Load Factor Scraper Started - Route: ATZ-MED
2025-12-31 23:49:18 | INFO     | Log file: D:\CODERED\LAB\market_insights\outputs\run_generated_311225_at_23.27\logs\LF_ATZ-MED_20251231_234918.log
2025-12-31 23:49:18 | INFO     | Enhanced logging: Capturing both logging.info() and print()
2025-12-31 23:49:18 | INFO     | ======================================================================
2025-12-31 23:49:18 | INFO     | Starting LF search for route: ATZ-MED
2025-12-31 23:49:18 | INFO     | [START] LF Search
2025-12-31 23:49:18 | INFO     | ======================================================================
2025-12-31 23:49:18 | INFO     | Load Factor Scraper Started - Route: ATZ-MED
2025-12-31 23:49:18 | INFO     | Log file: D:\CODERED\LAB\market_insights\outputs\run_generated_311225_at_23.27\logs\LF_ATZ-MED_20251231_234918.log
2025-12-31 23:49:18 | INFO     | Enhanced logging: Capturing both logging.info() and print()
2025-12-31 23:49:18 | INFO     | ======================================================================
2025-12-31 23:49:18 | INFO     | Starting LF search for route: ATZ-MED
2025-12-31 23:49:18 | INFO     | [START] LF Search
2025-12-31 23:49:19 | INFO     | [HEALTH CHECK] [OK] Chrome connection is healthy
2025-12-31 23:49:19 | INFO     | [DAY_START] Processing 31JAN
2025-12-31 23:49:19 | INFO     | [lf.day.start] Processing ATZ-MED for 31JAN
2025-12-31 23:49:20 | INFO     | [HEALTH CHECK] [OK] Chrome connection is healthy
2025-12-31 23:49:20 | INFO     | [DAY_START] Processing 31JAN
2025-12-31 23:49:20 | INFO     | [lf.day.start] Processing ATZ-MED for 31JAN
2025-12-31 23:49:20 | INFO     | [lf.day.flights_found] Found 1 flights on 31JAN
2025-12-31 23:49:21 | INFO     | [lf.day.flights_found] Found 1 flights on 31JAN
2025-12-31 23:49:23 | INFO     | [lf.flight.extracted] SM487 on 31JAN: BKG=104, LF=58.1%
2025-12-31 23:49:24 | INFO     | [lf.flight.extracted] SM487 on 31JAN: BKG=104, LF=58.1%
2025-12-31 23:49:25 | INFO     | [SUCCESS] Day 31JAN
2025-12-31 23:49:25 | INFO     | [DAY_START] Processing 30JAN
2025-12-31 23:49:25 | INFO     | [lf.day.start] Processing ATZ-MED for 30JAN
2025-12-31 23:49:26 | INFO     | [SUCCESS] Day 31JAN
2025-12-31 23:49:26 | INFO     | [DAY_START] Processing 30JAN
2025-12-31 23:49:26 | INFO     | [lf.day.start] Processing ATZ-MED for 30JAN
2025-12-31 23:49:26 | WARNING  | [lf.day.no_flights] No direct flights on 30JAN
2025-12-31 23:49:27 | INFO     | [SUCCESS] Day 30JAN
2025-12-31 23:49:27 | INFO     | [DAY_START] Processing 29JAN
2025-12-31 23:49:27 | INFO     | [lf.day.start] Processing ATZ-MED for 29JAN
2025-12-31 23:49:27 | WARNING  | [lf.day.no_flights] No direct flights on 30JAN
2025-12-31 23:49:28 | INFO     | [SUCCESS] Day 30JAN
2025-12-31 23:49:28 | INFO     | [DAY_START] Processing 29JAN
2025-12-31 23:49:28 | INFO     | [lf.day.start] Processing ATZ-MED for 29JAN
2025-12-31 23:49:28 | WARNING  | [lf.day.no_flights] No direct flights on 29JAN
2025-12-31 23:49:28 | INFO     | [SUCCESS] Day 29JAN
2025-12-31 23:49:28 | INFO     | [DAY_START] Processing 28JAN
2025-12-31 23:49:28 | INFO     | [lf.day.start] Processing ATZ-MED for 28JAN
2025-12-31 23:49:29 | WARNING  | [lf.day.no_flights] No direct flights on 29JAN
2025-12-31 23:49:29 | INFO     | [SUCCESS] Day 29JAN
2025-12-31 23:49:29 | INFO     | [DAY_START] Processing 28JAN
2025-12-31 23:49:29 | INFO     | [lf.day.start] Processing ATZ-MED for 28JAN
2025-12-31 23:49:29 | INFO     | [lf.day.flights_found] Found 1 flights on 28JAN
2025-12-31 23:49:30 | INFO     | [lf.day.flights_found] Found 1 flights on 28JAN
2025-12-31 23:49:31 | INFO     | [lf.flight.extracted] SM489 on 28JAN: BKG=141, LF=78.8%
2025-12-31 23:49:32 | INFO     | [lf.flight.extracted] SM489 on 28JAN: BKG=141, LF=78.8%
2025-12-31 23:49:34 | INFO     | [SUCCESS] Day 28JAN
2025-12-31 23:49:34 | INFO     | [DAY_START] Processing 27JAN
2025-12-31 23:49:34 | INFO     | [lf.day.start] Processing ATZ-MED for 27JAN
2025-12-31 23:49:35 | INFO     | [SUCCESS] Day 28JAN
2025-12-31 23:49:35 | INFO     | [DAY_START] Processing 27JAN
2025-12-31 23:49:35 | INFO     | [lf.day.start] Processing ATZ-MED for 27JAN
2025-12-31 23:49:35 | INFO     | [lf.day.flights_found] Found 1 flights on 27JAN
2025-12-31 23:49:36 | INFO     | [lf.day.flights_found] Found 1 flights on 27JAN
2025-12-31 23:49:37 | INFO     | [lf.flight.extracted] SM487 on 27JAN: BKG=137, LF=76.5%
2025-12-31 23:49:38 | INFO     | [lf.flight.extracted] SM487 on 27JAN: BKG=137, LF=76.5%
2025-12-31 23:49:40 | INFO     | [SUCCESS] Day 27JAN
2025-12-31 23:49:40 | INFO     | [DAY_START] Processing 26JAN
2025-12-31 23:49:40 | INFO     | [lf.day.start] Processing ATZ-MED for 26JAN
2025-12-31 23:49:41 | INFO     | [SUCCESS] Day 27JAN
2025-12-31 23:49:41 | INFO     | [DAY_START] Processing 26JAN
2025-12-31 23:49:41 | INFO     | [lf.day.start] Processing ATZ-MED for 26JAN
2025-12-31 23:49:41 | INFO     | [lf.day.flights_found] Found 1 flights on 26JAN
2025-12-31 23:49:42 | INFO     | [lf.day.flights_found] Found 1 flights on 26JAN
2025-12-31 23:49:44 | INFO     | [lf.flight.extracted] SM487 on 26JAN: BKG=168, LF=93.8%
2025-12-31 23:49:44 | INFO     | [lf.flight.extracted] SM487 on 26JAN: BKG=168, LF=93.8%
2025-12-31 23:49:47 | INFO     | [SUCCESS] Day 26JAN
2025-12-31 23:49:47 | INFO     | [DAY_START] Processing 25JAN
2025-12-31 23:49:47 | INFO     | [lf.day.start] Processing ATZ-MED for 25JAN
2025-12-31 23:49:47 | INFO     | [SUCCESS] Day 26JAN
2025-12-31 23:49:47 | INFO     | [DAY_START] Processing 25JAN
2025-12-31 23:49:47 | INFO     | [lf.day.start] Processing ATZ-MED for 25JAN
2025-12-31 23:49:48 | WARNING  | [lf.day.no_flights] No direct flights on 25JAN
2025-12-31 23:49:48 | INFO     | [SUCCESS] Day 25JAN
2025-12-31 23:49:48 | INFO     | [SUCCESS] LF Search Complete
2025-12-31 23:49:48 | WARNING  | [lf.day.no_flights] No direct flights on 25JAN
2025-12-31 23:49:49 | INFO     | [SUCCESS] Day 25JAN
2025-12-31 23:49:49 | INFO     | [SUCCESS] LF Search Complete
2025-12-31 23:49:50 | INFO     | [Worker_9223] Completed: ATZ-MED - 7 results, 0 errors
2025-12-31 23:49:50 | INFO     | [Worker_9223] Processing: LXR-JED
2025-12-31 23:49:50 | INFO     |   Tier 0: Range 1, Chunk 1/5 (7 days)
2025-12-31 23:49:51 | INFO     | [Worker_9222] Completed: ATZ-MED - 7 results, 0 errors
2025-12-31 23:49:51 | INFO     | [Worker_9222] Processing: ASW-JED
2025-12-31 23:49:51 | INFO     |   Tier 0: Range 2, Chunk 1/5 (7 days)
