2025-12-31 23:36:43 | INFO     | ======================================================================
2025-12-31 23:36:43 | INFO     | Load Factor Scraper Started - Route: AJF-ATZ
2025-12-31 23:36:43 | INFO     | Log file: D:\CODERED\LAB\market_insights\outputs\run_generated_311225_at_23.27\logs\LF_AJF-ATZ_20251231_233643.log
2025-12-31 23:36:43 | INFO     | Enhanced logging: Capturing both logging.info() and print()
2025-12-31 23:36:43 | INFO     | ======================================================================
2025-12-31 23:36:43 | INFO     | Starting LF search for route: AJF-ATZ
2025-12-31 23:36:43 | INFO     | [START] LF Search
2025-12-31 23:36:45 | INFO     | [HEALTH CHECK] [OK] Chrome connection is healthy
2025-12-31 23:36:45 | INFO     | [DAY_START] Processing 16FEB
2025-12-31 23:36:45 | INFO     | [lf.day.start] Processing AJF-ATZ for 16FEB
2025-12-31 23:36:46 | WARNING  | [lf.day.no_flights] No direct flights on 16FEB
2025-12-31 23:36:46 | INFO     | [SUCCESS] Day 16FEB
2025-12-31 23:36:46 | INFO     | [DAY_START] Processing 15FEB
2025-12-31 23:36:46 | INFO     | [lf.day.start] Processing AJF-ATZ for 15FEB
2025-12-31 23:36:47 | WARNING  | [lf.day.no_flights] No direct flights on 15FEB
2025-12-31 23:36:47 | INFO     | [SUCCESS] Day 15FEB
2025-12-31 23:36:47 | INFO     | [DAY_START] Processing 14FEB
2025-12-31 23:36:47 | INFO     | [lf.day.start] Processing AJF-ATZ for 14FEB
2025-12-31 23:36:48 | WARNING  | [lf.day.no_flights] No direct flights on 14FEB
2025-12-31 23:36:49 | INFO     | [SUCCESS] Day 14FEB
2025-12-31 23:36:49 | INFO     | [DAY_START] Processing 13FEB
2025-12-31 23:36:49 | INFO     | [lf.day.start] Processing AJF-ATZ for 13FEB
2025-12-31 23:36:50 | INFO     | [lf.day.flights_found] Found 1 flights on 13FEB
2025-12-31 23:36:52 | INFO     | [lf.flight.extracted] SM324 on 13FEB: BKG=16, LF=9.1%
2025-12-31 23:36:55 | INFO     | [SUCCESS] Day 13FEB
2025-12-31 23:36:55 | INFO     | [DAY_START] Processing 12FEB
2025-12-31 23:36:55 | INFO     | [lf.day.start] Processing AJF-ATZ for 12FEB
2025-12-31 23:36:56 | WARNING  | [lf.day.no_flights] No direct flights on 12FEB
2025-12-31 23:36:56 | INFO     | [SUCCESS] Day 12FEB
2025-12-31 23:36:56 | INFO     | [DAY_START] Processing 11FEB
2025-12-31 23:36:56 | INFO     | [lf.day.start] Processing AJF-ATZ for 11FEB
2025-12-31 23:36:57 | WARNING  | [lf.day.no_flights] No direct flights on 11FEB
2025-12-31 23:36:57 | INFO     | [SUCCESS] Day 11FEB
2025-12-31 23:36:57 | INFO     | [SUCCESS] LF Search Complete
2025-12-31 23:36:59 | INFO     | [Worker_9223] Completed: AJF-ATZ - 6 results, 0 errors
2025-12-31 23:36:59 | INFO     | [Worker_9223] Processing: AHB-ATZ
2025-12-31 23:36:59 | INFO     |   Tier 0: Range 3, Chunk 3/5 (6 days)
