2026-01-01 00:01:33 | INFO     | ======================================================================
2026-01-01 00:01:33 | INFO     | Load Factor Scraper Started - Route: AJF-CAI
2026-01-01 00:01:33 | INFO     | Log file: D:\CODERED\LAB\market_insights\outputs\run_generated_311225_at_23.27\logs\LF_AJF-CAI_20260101_000133.log
2026-01-01 00:01:33 | INFO     | Enhanced logging: Capturing both logging.info() and print()
2026-01-01 00:01:33 | INFO     | ======================================================================
2026-01-01 00:01:33 | INFO     | Starting LF search for route: AJF-CAI
2026-01-01 00:01:33 | INFO     | [START] LF Search
2026-01-01 00:01:35 | INFO     | [HEALTH CHECK] [OK] Chrome connection is healthy
2026-01-01 00:01:35 | INFO     | [DAY_START] Processing 18JAN
2026-01-01 00:01:35 | INFO     | [lf.day.start] Processing AJF-CAI for 18JAN
2026-01-01 00:01:36 | WARNING  | [lf.day.no_flights] No direct flights on 18JAN
2026-01-01 00:01:36 | INFO     | [SUCCESS] Day 18JAN
2026-01-01 00:01:36 | INFO     | [DAY_START] Processing 17JAN
2026-01-01 00:01:36 | INFO     | [lf.day.start] Processing AJF-CAI for 17JAN
2026-01-01 00:01:37 | INFO     | [lf.day.flights_found] Found 1 flights on 17JAN
2026-01-01 00:01:39 | INFO     | [lf.flight.extracted] SM322 on 17JAN: BKG=17, LF=9.7%
2026-01-01 00:01:42 | INFO     | [SUCCESS] Day 17JAN
2026-01-01 00:01:42 | INFO     | [DAY_START] Processing 16JAN
2026-01-01 00:01:42 | INFO     | [lf.day.start] Processing AJF-CAI for 16JAN
2026-01-01 00:01:43 | WARNING  | [lf.day.no_flights] No direct flights on 16JAN
2026-01-01 00:01:43 | INFO     | [SUCCESS] Day 16JAN
2026-01-01 00:01:43 | INFO     | [DAY_START] Processing 15JAN
2026-01-01 00:01:43 | INFO     | [lf.day.start] Processing AJF-CAI for 15JAN
2026-01-01 00:01:45 | INFO     | [lf.day.flights_found] Found 1 flights on 15JAN
2026-01-01 00:01:47 | INFO     | [lf.flight.extracted] SM322 on 15JAN: BKG=52, LF=29.7%
2026-01-01 00:01:51 | INFO     | [SUCCESS] Day 15JAN
2026-01-01 00:01:51 | INFO     | [DAY_START] Processing 14JAN
2026-01-01 00:01:51 | INFO     | [lf.day.start] Processing AJF-CAI for 14JAN
2026-01-01 00:01:52 | WARNING  | [lf.day.no_flights] No direct flights on 14JAN
2026-01-01 00:01:52 | INFO     | [SUCCESS] Day 14JAN
2026-01-01 00:01:52 | INFO     | [DAY_START] Processing 13JAN
2026-01-01 00:01:52 | INFO     | [lf.day.start] Processing AJF-CAI for 13JAN
2026-01-01 00:01:53 | INFO     | [lf.day.flights_found] Found 1 flights on 13JAN
2026-01-01 00:01:55 | INFO     | [lf.flight.extracted] SM322 on 13JAN: BKG=24, LF=13.7%
2026-01-01 00:02:01 | INFO     | [SUCCESS] Day 13JAN
2026-01-01 00:02:01 | INFO     | [SUCCESS] LF Search Complete
2026-01-01 00:02:03 | INFO     | [Worker_9225] Completed: AJF-CAI - 6 results, 0 errors
2026-01-01 00:02:03 | INFO     | [Worker_9225] Processing: CAI-MED
2026-01-01 00:02:03 | INFO     |   Tier 0: Range 2, Chunk 3/5 (6 days)
