2026-01-01 00:14:17 | INFO     | ======================================================================
2026-01-01 00:14:17 | INFO     | Load Factor Scraper Started - Route: ATZ-DMM
2026-01-01 00:14:17 | INFO     | Log file: D:\CODERED\LAB\market_insights\outputs\run_generated_311225_at_23.27\logs\LF_ATZ-DMM_20260101_001417.log
2026-01-01 00:14:17 | INFO     | Enhanced logging: Capturing both logging.info() and print()
2026-01-01 00:14:17 | INFO     | ======================================================================
2026-01-01 00:14:17 | INFO     | Starting LF search for route: ATZ-DMM
2026-01-01 00:14:17 | INFO     | [START] LF Search
2026-01-01 00:14:19 | INFO     | [HEALTH CHECK] [OK] Chrome connection is healthy
2026-01-01 00:14:19 | INFO     | [DAY_START] Processing 11JAN
2026-01-01 00:14:19 | INFO     | [lf.day.start] Processing ATZ-DMM for 11JAN
2026-01-01 00:14:20 | WARNING  | [lf.day.no_flights] No direct flights on 11JAN
2026-01-01 00:14:20 | INFO     | [SUCCESS] Day 11JAN
2026-01-01 00:14:20 | INFO     | [DAY_START] Processing 10JAN
2026-01-01 00:14:20 | INFO     | [lf.day.start] Processing ATZ-DMM for 10JAN
2026-01-01 00:14:21 | WARNING  | [lf.day.no_flights] No direct flights on 10JAN
2026-01-01 00:14:21 | INFO     | [SUCCESS] Day 10JAN
2026-01-01 00:14:21 | INFO     | [DAY_START] Processing 09JAN
2026-01-01 00:14:21 | INFO     | [lf.day.start] Processing ATZ-DMM for 09JAN
2026-01-01 00:14:22 | INFO     | [lf.day.flights_found] Found 1 flights on 09JAN
2026-01-01 00:14:24 | INFO     | [lf.flight.extracted] SM437 on 09JAN: BKG=71, LF=39.7%
2026-01-01 00:14:29 | INFO     | [SUCCESS] Day 09JAN
2026-01-01 00:14:29 | INFO     | [DAY_START] Processing 08JAN
2026-01-01 00:14:29 | INFO     | [lf.day.start] Processing ATZ-DMM for 08JAN
2026-01-01 00:14:30 | WARNING  | [lf.day.no_flights] No direct flights on 08JAN
2026-01-01 00:14:30 | INFO     | [SUCCESS] Day 08JAN
2026-01-01 00:14:30 | INFO     | [DAY_START] Processing 07JAN
2026-01-01 00:14:30 | INFO     | [lf.day.start] Processing ATZ-DMM for 07JAN
2026-01-01 00:14:31 | WARNING  | [lf.day.no_flights] No direct flights on 07JAN
2026-01-01 00:14:32 | INFO     | [SUCCESS] Day 07JAN
2026-01-01 00:14:32 | INFO     | [DAY_START] Processing 06JAN
2026-01-01 00:14:32 | INFO     | [lf.day.start] Processing ATZ-DMM for 06JAN
2026-01-01 00:14:33 | WARNING  | [lf.day.no_flights] No direct flights on 06JAN
2026-01-01 00:14:33 | INFO     | [SUCCESS] Day 06JAN
2026-01-01 00:14:33 | INFO     | [SUCCESS] LF Search Complete
2026-01-01 00:14:35 | INFO     | [Worker_9227] Completed: ATZ-DMM - 6 results, 0 errors
2026-01-01 00:14:35 | INFO     | [Worker_9227] Processing: ATZ-TUU
2026-01-01 00:14:35 | INFO     |   Tier 0: Range 1, Chunk 4/5 (6 days)
