2025-12-31 23:56:39 | INFO     | ======================================================================
2025-12-31 23:56:39 | INFO     | Load Factor Scraper Started - Route: ATZ-MED
2025-12-31 23:56:39 | INFO     | Log file: D:\CODERED\LAB\market_insights\outputs\run_generated_311225_at_23.27\logs\LF_ATZ-MED_20251231_235639.log
2025-12-31 23:56:39 | INFO     | Enhanced logging: Capturing both logging.info() and print()
2025-12-31 23:56:39 | INFO     | ======================================================================
2025-12-31 23:56:39 | INFO     | Starting LF search for route: ATZ-MED
2025-12-31 23:56:39 | INFO     | [START] LF Search
2025-12-31 23:56:41 | INFO     | [HEALTH CHECK] [OK] Chrome connection is healthy
2025-12-31 23:56:41 | INFO     | [DAY_START] Processing 24JAN
2025-12-31 23:56:41 | INFO     | [lf.day.start] Processing ATZ-MED for 24JAN
2025-12-31 23:56:42 | INFO     | [lf.day.flights_found] Found 1 flights on 24JAN
2025-12-31 23:56:44 | INFO     | [lf.flight.extracted] SM487 on 24JAN: BKG=189, LF=105.6%
2025-12-31 23:56:47 | INFO     | [SUCCESS] Day 24JAN
2025-12-31 23:56:47 | INFO     | [DAY_START] Processing 23JAN
2025-12-31 23:56:47 | INFO     | [lf.day.start] Processing ATZ-MED for 23JAN
2025-12-31 23:56:49 | WARNING  | [lf.day.no_flights] No direct flights on 23JAN
2025-12-31 23:56:49 | INFO     | [SUCCESS] Day 23JAN
2025-12-31 23:56:49 | INFO     | [DAY_START] Processing 22JAN
2025-12-31 23:56:49 | INFO     | [lf.day.start] Processing ATZ-MED for 22JAN
2025-12-31 23:56:50 | WARNING  | [lf.day.no_flights] No direct flights on 22JAN
2025-12-31 23:56:50 | INFO     | [SUCCESS] Day 22JAN
2025-12-31 23:56:50 | INFO     | [DAY_START] Processing 21JAN
2025-12-31 23:56:50 | INFO     | [lf.day.start] Processing ATZ-MED for 21JAN
2025-12-31 23:56:51 | INFO     | [lf.day.flights_found] Found 1 flights on 21JAN
2025-12-31 23:56:53 | INFO     | [lf.flight.extracted] SM489 on 21JAN: BKG=180, LF=100.6%
2025-12-31 23:56:56 | INFO     | [SUCCESS] Day 21JAN
2025-12-31 23:56:56 | INFO     | [DAY_START] Processing 20JAN
2025-12-31 23:56:56 | INFO     | [lf.day.start] Processing ATZ-MED for 20JAN
2025-12-31 23:56:57 | INFO     | [lf.day.flights_found] Found 1 flights on 20JAN
2025-12-31 23:56:59 | INFO     | [lf.flight.extracted] SM487 on 20JAN: BKG=147, LF=82.1%
2025-12-31 23:57:02 | INFO     | [SUCCESS] Day 20JAN
2025-12-31 23:57:02 | INFO     | [DAY_START] Processing 19JAN
2025-12-31 23:57:02 | INFO     | [lf.day.start] Processing ATZ-MED for 19JAN
2025-12-31 23:57:03 | INFO     | [lf.day.flights_found] Found 1 flights on 19JAN
2025-12-31 23:57:06 | INFO     | [lf.flight.extracted] SM487 on 19JAN: BKG=37, LF=20.7%
2025-12-31 23:57:09 | INFO     | [SUCCESS] Day 19JAN
2025-12-31 23:57:09 | INFO     | [DAY_START] Processing 18JAN
2025-12-31 23:57:09 | INFO     | [lf.day.start] Processing ATZ-MED for 18JAN
2025-12-31 23:57:10 | WARNING  | [lf.day.no_flights] No direct flights on 18JAN
2025-12-31 23:57:10 | INFO     | [SUCCESS] Day 18JAN
2025-12-31 23:57:10 | INFO     | [SUCCESS] LF Search Complete
2025-12-31 23:57:12 | INFO     | [Worker_9232] Completed: ATZ-MED - 7 results, 0 errors
2025-12-31 23:57:12 | INFO     | [Worker_9232] Processing: LXR-JED
2025-12-31 23:57:12 | INFO     |   Tier 0: Range 1, Chunk 2/5 (7 days)
