2025-12-31 23:55:58 | INFO     | ======================================================================
2025-12-31 23:55:58 | INFO     | Load Factor Scraper Started - Route: AHB-ATZ
2025-12-31 23:55:58 | INFO     | Log file: D:\CODERED\LAB\market_insights\outputs\run_generated_311225_at_23.27\logs\LF_AHB-ATZ_20251231_235558.log
2025-12-31 23:55:58 | INFO     | Enhanced logging: Capturing both logging.info() and print()
2025-12-31 23:55:58 | INFO     | ======================================================================
2025-12-31 23:55:58 | INFO     | Starting LF search for route: AHB-ATZ
2025-12-31 23:55:58 | INFO     | [START] LF Search
2025-12-31 23:56:00 | INFO     | [HEALTH CHECK] [OK] Chrome connection is healthy
2025-12-31 23:56:00 | INFO     | [DAY_START] Processing 24JAN
2025-12-31 23:56:00 | INFO     | [lf.day.start] Processing AHB-ATZ for 24JAN
2025-12-31 23:56:01 | WARNING  | [lf.day.no_flights] No direct flights on 24JAN
2025-12-31 23:56:01 | INFO     | [SUCCESS] Day 24JAN
2025-12-31 23:56:01 | INFO     | [DAY_START] Processing 23JAN
2025-12-31 23:56:01 | INFO     | [lf.day.start] Processing AHB-ATZ for 23JAN
2025-12-31 23:56:02 | INFO     | [lf.day.flights_found] Found 1 flights on 23JAN
2025-12-31 23:56:04 | INFO     | [lf.flight.extracted] SM446 on 23JAN: BKG=44, LF=25.1%
2025-12-31 23:56:08 | INFO     | [SUCCESS] Day 23JAN
2025-12-31 23:56:08 | INFO     | [DAY_START] Processing 22JAN
2025-12-31 23:56:08 | INFO     | [lf.day.start] Processing AHB-ATZ for 22JAN
2025-12-31 23:56:10 | WARNING  | [lf.day.no_flights] No direct flights on 22JAN
2025-12-31 23:56:10 | INFO     | [SUCCESS] Day 22JAN
2025-12-31 23:56:10 | INFO     | [DAY_START] Processing 21JAN
2025-12-31 23:56:10 | INFO     | [lf.day.start] Processing AHB-ATZ for 21JAN
2025-12-31 23:56:11 | WARNING  | [lf.day.no_flights] No direct flights on 21JAN
2025-12-31 23:56:11 | INFO     | [SUCCESS] Day 21JAN
2025-12-31 23:56:11 | INFO     | [DAY_START] Processing 20JAN
2025-12-31 23:56:11 | INFO     | [lf.day.start] Processing AHB-ATZ for 20JAN
2025-12-31 23:56:12 | WARNING  | [lf.day.no_flights] No direct flights on 20JAN
2025-12-31 23:56:12 | INFO     | [SUCCESS] Day 20JAN
2025-12-31 23:56:12 | INFO     | [DAY_START] Processing 19JAN
2025-12-31 23:56:12 | INFO     | [lf.day.start] Processing AHB-ATZ for 19JAN
2025-12-31 23:56:13 | WARNING  | [lf.day.no_flights] No direct flights on 19JAN
2025-12-31 23:56:13 | INFO     | [SUCCESS] Day 19JAN
2025-12-31 23:56:13 | INFO     | [DAY_START] Processing 18JAN
2025-12-31 23:56:13 | INFO     | [lf.day.start] Processing AHB-ATZ for 18JAN
2025-12-31 23:56:14 | WARNING  | [lf.day.no_flights] No direct flights on 18JAN
2025-12-31 23:56:15 | INFO     | [SUCCESS] Day 18JAN
2025-12-31 23:56:15 | INFO     | [SUCCESS] LF Search Complete
2025-12-31 23:56:17 | INFO     | [Worker_9233] Completed: AHB-ATZ - 7 results, 0 errors
2025-12-31 23:56:17 | INFO     | [Worker_9233] Processing: GIZ-CAI
2025-12-31 23:56:17 | INFO     |   Tier 0: Range 2, Chunk 2/5 (6 days)
