2025-12-31 23:38:46 | INFO     | ======================================================================
2025-12-31 23:38:46 | INFO     | Load Factor Scraper Started - Route: ATZ-ELQ
2025-12-31 23:38:46 | INFO     | Log file: D:\CODERED\LAB\market_insights\outputs\run_generated_311225_at_23.27\logs\LF_ATZ-ELQ_20251231_233846.log
2025-12-31 23:38:46 | INFO     | Enhanced logging: Capturing both logging.info() and print()
2025-12-31 23:38:46 | INFO     | ======================================================================
2025-12-31 23:38:46 | INFO     | Starting LF search for route: ATZ-ELQ
2025-12-31 23:38:46 | INFO     | [START] LF Search
2025-12-31 23:38:47 | INFO     | [HEALTH CHECK] [OK] Chrome connection is healthy
2025-12-31 23:38:47 | INFO     | [DAY_START] Processing 16FEB
2025-12-31 23:38:47 | INFO     | [lf.day.start] Processing ATZ-ELQ for 16FEB
2025-12-31 23:38:48 | WARNING  | [lf.day.no_flights] No direct flights on 16FEB
2025-12-31 23:38:48 | INFO     | [SUCCESS] Day 16FEB
2025-12-31 23:38:48 | INFO     | [DAY_START] Processing 15FEB
2025-12-31 23:38:48 | INFO     | [lf.day.start] Processing ATZ-ELQ for 15FEB
2025-12-31 23:38:49 | WARNING  | [lf.day.no_flights] No direct flights on 15FEB
2025-12-31 23:38:49 | INFO     | [SUCCESS] Day 15FEB
2025-12-31 23:38:49 | INFO     | [DAY_START] Processing 14FEB
2025-12-31 23:38:49 | INFO     | [lf.day.start] Processing ATZ-ELQ for 14FEB
2025-12-31 23:38:51 | INFO     | [lf.day.flights_found] Found 1 flights on 14FEB
2025-12-31 23:38:53 | INFO     | [lf.flight.extracted] SM435 on 14FEB: BKG=3, LF=1.7%
2025-12-31 23:38:56 | INFO     | [SUCCESS] Day 14FEB
2025-12-31 23:38:56 | INFO     | [DAY_START] Processing 13FEB
2025-12-31 23:38:56 | INFO     | [lf.day.start] Processing ATZ-ELQ for 13FEB
2025-12-31 23:38:57 | WARNING  | [lf.day.no_flights] No direct flights on 13FEB
2025-12-31 23:38:57 | INFO     | [SUCCESS] Day 13FEB
2025-12-31 23:38:57 | INFO     | [DAY_START] Processing 12FEB
2025-12-31 23:38:57 | INFO     | [lf.day.start] Processing ATZ-ELQ for 12FEB
2025-12-31 23:38:58 | WARNING  | [lf.day.no_flights] No direct flights on 12FEB
2025-12-31 23:38:58 | INFO     | [SUCCESS] Day 12FEB
2025-12-31 23:38:58 | INFO     | [DAY_START] Processing 11FEB
2025-12-31 23:38:58 | INFO     | [lf.day.start] Processing ATZ-ELQ for 11FEB
2025-12-31 23:38:59 | WARNING  | [lf.day.no_flights] No direct flights on 11FEB
2025-12-31 23:39:00 | INFO     | [SUCCESS] Day 11FEB
2025-12-31 23:39:00 | INFO     | [SUCCESS] LF Search Complete
2025-12-31 23:39:02 | INFO     | [Worker_9222] Completed: ATZ-ELQ - 6 results, 0 errors
2025-12-31 23:39:02 | INFO     | [Worker_9222] Processing: MED-HBE
2025-12-31 23:39:02 | INFO     |   Tier 0: Range 3, Chunk 4/5 (5 days)
