2025-12-31 23:48:13 | INFO     | ======================================================================
2025-12-31 23:48:13 | INFO     | Load Factor Scraper Started - Route: AJF-CAI
2025-12-31 23:48:13 | INFO     | Log file: D:\CODERED\LAB\market_insights\outputs\run_generated_311225_at_23.27\logs\LF_AJF-CAI_20251231_234813.log
2025-12-31 23:48:13 | INFO     | Enhanced logging: Capturing both logging.info() and print()
2025-12-31 23:48:13 | INFO     | ======================================================================
2025-12-31 23:48:13 | INFO     | Starting LF search for route: AJF-CAI
2025-12-31 23:48:13 | INFO     | [START] LF Search
2025-12-31 23:48:15 | INFO     | [HEALTH CHECK] [OK] Chrome connection is healthy
2025-12-31 23:48:15 | INFO     | [DAY_START] Processing 31JAN
2025-12-31 23:48:15 | INFO     | [lf.day.start] Processing AJF-CAI for 31JAN
2025-12-31 23:48:16 | INFO     | [lf.day.flights_found] Found 1 flights on 31JAN
2025-12-31 23:48:18 | INFO     | [lf.flight.extracted] SM322 on 31JAN: BKG=10, LF=5.7%
2025-12-31 23:48:21 | INFO     | [SUCCESS] Day 31JAN
2025-12-31 23:48:21 | INFO     | [DAY_START] Processing 30JAN
2025-12-31 23:48:21 | INFO     | [lf.day.start] Processing AJF-CAI for 30JAN
2025-12-31 23:48:22 | WARNING  | [lf.day.no_flights] No direct flights on 30JAN
2025-12-31 23:48:22 | INFO     | [SUCCESS] Day 30JAN
2025-12-31 23:48:22 | INFO     | [DAY_START] Processing 29JAN
2025-12-31 23:48:22 | INFO     | [lf.day.start] Processing AJF-CAI for 29JAN
2025-12-31 23:48:23 | INFO     | [lf.day.flights_found] Found 1 flights on 29JAN
2025-12-31 23:48:26 | INFO     | [lf.flight.extracted] SM322 on 29JAN: BKG=11, LF=6.3%
2025-12-31 23:48:28 | INFO     | [SUCCESS] Day 29JAN
2025-12-31 23:48:28 | INFO     | [DAY_START] Processing 28JAN
2025-12-31 23:48:28 | INFO     | [lf.day.start] Processing AJF-CAI for 28JAN
2025-12-31 23:48:30 | WARNING  | [lf.day.no_flights] No direct flights on 28JAN
2025-12-31 23:48:30 | INFO     | [SUCCESS] Day 28JAN
2025-12-31 23:48:30 | INFO     | [DAY_START] Processing 27JAN
2025-12-31 23:48:30 | INFO     | [lf.day.start] Processing AJF-CAI for 27JAN
2025-12-31 23:48:31 | INFO     | [lf.day.flights_found] Found 1 flights on 27JAN
2025-12-31 23:48:33 | INFO     | [lf.flight.extracted] SM322 on 27JAN: BKG=12, LF=6.9%
2025-12-31 23:48:36 | INFO     | [SUCCESS] Day 27JAN
2025-12-31 23:48:36 | INFO     | [DAY_START] Processing 26JAN
2025-12-31 23:48:36 | INFO     | [lf.day.start] Processing AJF-CAI for 26JAN
2025-12-31 23:48:37 | WARNING  | [lf.day.no_flights] No direct flights on 26JAN
2025-12-31 23:48:37 | INFO     | [SUCCESS] Day 26JAN
2025-12-31 23:48:37 | INFO     | [DAY_START] Processing 25JAN
2025-12-31 23:48:37 | INFO     | [lf.day.start] Processing AJF-CAI for 25JAN
2025-12-31 23:48:38 | WARNING  | [lf.day.no_flights] No direct flights on 25JAN
2025-12-31 23:48:38 | INFO     | [SUCCESS] Day 25JAN
2025-12-31 23:48:38 | INFO     | [SUCCESS] LF Search Complete
2025-12-31 23:48:40 | INFO     | [Worker_9233] Completed: AJF-CAI - 7 results, 0 errors
2025-12-31 23:48:40 | INFO     | [Worker_9233] Processing: ELQ-CAI
2025-12-31 23:48:40 | INFO     |   Tier 0: Range 2, Chunk 1/5 (7 days)
