2026-01-01 00:12:59 | INFO     | ======================================================================
2026-01-01 00:12:59 | INFO     | Load Factor Scraper Started - Route: AJF-CAI
2026-01-01 00:12:59 | INFO     | Log file: D:\CODERED\LAB\market_insights\outputs\run_generated_311225_at_23.27\logs\LF_AJF-CAI_20260101_001259.log
2026-01-01 00:12:59 | INFO     | Enhanced logging: Capturing both logging.info() and print()
2026-01-01 00:12:59 | INFO     | ======================================================================
2026-01-01 00:12:59 | INFO     | Starting LF search for route: AJF-CAI
2026-01-01 00:12:59 | INFO     | [START] LF Search
2026-01-01 00:13:01 | INFO     | [HEALTH CHECK] [OK] Chrome connection is healthy
2026-01-01 00:13:01 | INFO     | [DAY_START] Processing 11JAN
2026-01-01 00:13:01 | INFO     | [lf.day.start] Processing AJF-CAI for 11JAN
2026-01-01 00:13:02 | WARNING  | [lf.day.no_flights] No direct flights on 11JAN
2026-01-01 00:13:02 | INFO     | [SUCCESS] Day 11JAN
2026-01-01 00:13:02 | INFO     | [DAY_START] Processing 10JAN
2026-01-01 00:13:02 | INFO     | [lf.day.start] Processing AJF-CAI for 10JAN
2026-01-01 00:13:03 | INFO     | [lf.day.flights_found] Found 1 flights on 10JAN
2026-01-01 00:13:05 | INFO     | [lf.flight.extracted] SM322 on 10JAN: BKG=66, LF=37.7%
2026-01-01 00:13:10 | INFO     | [SUCCESS] Day 10JAN
2026-01-01 00:13:10 | INFO     | [DAY_START] Processing 09JAN
2026-01-01 00:13:10 | INFO     | [lf.day.start] Processing AJF-CAI for 09JAN
2026-01-01 00:13:11 | WARNING  | [lf.day.no_flights] No direct flights on 09JAN
2026-01-01 00:13:11 | INFO     | [SUCCESS] Day 09JAN
2026-01-01 00:13:11 | INFO     | [DAY_START] Processing 08JAN
2026-01-01 00:13:11 | INFO     | [lf.day.start] Processing AJF-CAI for 08JAN
2026-01-01 00:13:12 | INFO     | [lf.day.flights_found] Found 1 flights on 08JAN
2026-01-01 00:13:14 | INFO     | [lf.flight.extracted] SM322 on 08JAN: BKG=104, LF=59.4%
2026-01-01 00:13:22 | INFO     | [SUCCESS] Day 08JAN
2026-01-01 00:13:22 | INFO     | [DAY_START] Processing 07JAN
2026-01-01 00:13:22 | INFO     | [lf.day.start] Processing AJF-CAI for 07JAN
2026-01-01 00:13:23 | WARNING  | [lf.day.no_flights] No direct flights on 07JAN
2026-01-01 00:13:23 | INFO     | [SUCCESS] Day 07JAN
2026-01-01 00:13:23 | INFO     | [DAY_START] Processing 06JAN
2026-01-01 00:13:23 | INFO     | [lf.day.start] Processing AJF-CAI for 06JAN
2026-01-01 00:13:24 | INFO     | [lf.day.flights_found] Found 1 flights on 06JAN
2026-01-01 00:13:26 | INFO     | [lf.flight.extracted] SM322 on 06JAN: BKG=85, LF=48.6%
2026-01-01 00:13:33 | INFO     | [SUCCESS] Day 06JAN
2026-01-01 00:13:33 | INFO     | [SUCCESS] LF Search Complete
2026-01-01 00:13:35 | INFO     | [Worker_9232] Completed: AJF-CAI - 6 results, 0 errors
2026-01-01 00:13:35 | INFO     | [Worker_9232] Processing: CAI-MED
2026-01-01 00:13:35 | INFO     |   Tier 0: Range 1, Chunk 4/5 (6 days)
