2025-12-31 23:57:03 | INFO     | ======================================================================
2025-12-31 23:57:03 | INFO     | Load Factor Scraper Started - Route: ATZ-JED
2025-12-31 23:57:03 | INFO     | Log file: D:\CODERED\LAB\market_insights\outputs\run_generated_311225_at_23.27\logs\LF_ATZ-JED_20251231_235703.log
2025-12-31 23:57:03 | INFO     | Enhanced logging: Capturing both logging.info() and print()
2025-12-31 23:57:03 | INFO     | ======================================================================
2025-12-31 23:57:03 | INFO     | Starting LF search for route: ATZ-JED
2025-12-31 23:57:03 | INFO     | [START] LF Search
2025-12-31 23:57:04 | INFO     | [HEALTH CHECK] [OK] Chrome connection is healthy
2025-12-31 23:57:05 | INFO     | [DAY_START] Processing 24JAN
2025-12-31 23:57:05 | INFO     | [lf.day.start] Processing ATZ-JED for 24JAN
2025-12-31 23:57:06 | INFO     | [lf.day.flights_found] Found 4 flights on 24JAN
2025-12-31 23:57:08 | INFO     | [lf.flight.extracted] SM491 on 24JAN: BKG=182, LF=101.7%
2025-12-31 23:57:11 | INFO     | [lf.flight.extracted] SM453 on 24JAN: BKG=147, LF=82.1%
2025-12-31 23:57:14 | INFO     | [lf.flight.extracted] SM957 on 24JAN: BKG=180, LF=100.6%
2025-12-31 23:57:18 | INFO     | [lf.flight.extracted] SM455 on 24JAN: BKG=150, LF=83.8%
2025-12-31 23:57:25 | INFO     | [SUCCESS] Day 24JAN
2025-12-31 23:57:25 | INFO     | [DAY_START] Processing 23JAN
2025-12-31 23:57:25 | INFO     | [lf.day.start] Processing ATZ-JED for 23JAN
2025-12-31 23:57:25 | INFO     | [lf.day.flights_found] Found 2 flights on 23JAN
2025-12-31 23:57:27 | INFO     | [lf.flight.extracted] SM491 on 23JAN: BKG=171, LF=95.5%
2025-12-31 23:57:31 | INFO     | [lf.flight.extracted] SM955 on 23JAN: BKG=180, LF=100.6%
2025-12-31 23:57:36 | INFO     | [SUCCESS] Day 23JAN
2025-12-31 23:57:36 | INFO     | [DAY_START] Processing 22JAN
2025-12-31 23:57:36 | INFO     | [lf.day.start] Processing ATZ-JED for 22JAN
2025-12-31 23:57:38 | INFO     | [lf.day.flights_found] Found 3 flights on 22JAN
2025-12-31 23:57:40 | INFO     | [lf.flight.extracted] SM963 on 22JAN: BKG=177, LF=98.9%
2025-12-31 23:57:44 | INFO     | [lf.flight.extracted] SM453 on 22JAN: BKG=155, LF=86.6%
2025-12-31 23:57:47 | INFO     | [lf.flight.extracted] SM455 on 22JAN: BKG=115, LF=64.2%
2025-12-31 23:57:58 | INFO     | [SUCCESS] Day 22JAN
2025-12-31 23:57:58 | INFO     | [DAY_START] Processing 21JAN
2025-12-31 23:57:58 | INFO     | [lf.day.start] Processing ATZ-JED for 21JAN
2025-12-31 23:57:59 | INFO     | [lf.day.flights_found] Found 3 flights on 21JAN
2025-12-31 23:58:01 | INFO     | [lf.flight.extracted] SM453 on 21JAN: BKG=179, LF=100.0%
2025-12-31 23:58:04 | INFO     | [lf.flight.extracted] SM491 on 21JAN: BKG=180, LF=100.6%
2025-12-31 23:58:08 | INFO     | [lf.flight.extracted] SM421 on 21JAN: BKG=180, LF=100.6%
2025-12-31 23:58:13 | INFO     | [SUCCESS] Day 21JAN
2025-12-31 23:58:13 | INFO     | [DAY_START] Processing 20JAN
2025-12-31 23:58:13 | INFO     | [lf.day.start] Processing ATZ-JED for 20JAN
2025-12-31 23:58:14 | INFO     | [lf.day.flights_found] Found 2 flights on 20JAN
2025-12-31 23:58:16 | INFO     | [lf.flight.extracted] SM453 on 20JAN: BKG=150, LF=83.8%
2025-12-31 23:58:20 | INFO     | [lf.flight.extracted] SM455 on 20JAN: BKG=173, LF=96.7%
2025-12-31 23:58:25 | INFO     | [SUCCESS] Day 20JAN
2025-12-31 23:58:25 | INFO     | [DAY_START] Processing 19JAN
2025-12-31 23:58:25 | INFO     | [lf.day.start] Processing ATZ-JED for 19JAN
2025-12-31 23:58:26 | INFO     | [lf.day.flights_found] Found 4 flights on 19JAN
2025-12-31 23:58:29 | INFO     | [lf.flight.extracted] SM491 on 19JAN: BKG=123, LF=68.7%
2025-12-31 23:58:32 | INFO     | [lf.flight.extracted] SM455 on 19JAN: BKG=138, LF=77.1%
2025-12-31 23:58:35 | INFO     | [lf.flight.extracted] SM421 on 19JAN: BKG=127, LF=71.0%
2025-12-31 23:58:39 | INFO     | [lf.flight.extracted] SM453 on 19JAN: BKG=180, LF=100.6%
2025-12-31 23:58:48 | INFO     | [SUCCESS] Day 19JAN
2025-12-31 23:58:48 | INFO     | [SUCCESS] LF Search Complete
2025-12-31 23:58:51 | INFO     | [Worker_9233] Completed: ATZ-JED - 6 results, 0 errors
2025-12-31 23:58:51 | INFO     | [Worker_9233] Processing: ATZ-TUU
2025-12-31 23:58:51 | INFO     |   Tier 0: Range 2, Chunk 2/5 (6 days)
