2026-01-01 00:02:38 | INFO     | ======================================================================
2026-01-01 00:02:38 | INFO     | Load Factor Scraper Started - Route: ASW-JED
2026-01-01 00:02:38 | INFO     | Log file: D:\CODERED\LAB\market_insights\outputs\run_generated_311225_at_23.27\logs\LF_ASW-JED_20260101_000238.log
2026-01-01 00:02:38 | INFO     | Enhanced logging: Capturing both logging.info() and print()
2026-01-01 00:02:38 | INFO     | ======================================================================
2026-01-01 00:02:38 | INFO     | Starting LF search for route: ASW-JED
2026-01-01 00:02:38 | INFO     | [START] LF Search
2026-01-01 00:02:39 | INFO     | [HEALTH CHECK] [OK] Chrome connection is healthy
2026-01-01 00:02:39 | INFO     | [DAY_START] Processing 18JAN
2026-01-01 00:02:39 | INFO     | [lf.day.start] Processing ASW-JED for 18JAN
2026-01-01 00:02:41 | WARNING  | [lf.day.no_flights] No direct flights on 18JAN
2026-01-01 00:02:41 | INFO     | [SUCCESS] Day 18JAN
2026-01-01 00:02:41 | INFO     | [DAY_START] Processing 17JAN
2026-01-01 00:02:41 | INFO     | [lf.day.start] Processing ASW-JED for 17JAN
2026-01-01 00:02:42 | WARNING  | [lf.day.no_flights] No direct flights on 17JAN
2026-01-01 00:02:42 | INFO     | [SUCCESS] Day 17JAN
2026-01-01 00:02:42 | INFO     | [DAY_START] Processing 16JAN
2026-01-01 00:02:42 | INFO     | [lf.day.start] Processing ASW-JED for 16JAN
2026-01-01 00:02:43 | WARNING  | [lf.day.no_flights] No direct flights on 16JAN
2026-01-01 00:02:43 | INFO     | [SUCCESS] Day 16JAN
2026-01-01 00:02:43 | INFO     | [DAY_START] Processing 15JAN
2026-01-01 00:02:43 | INFO     | [lf.day.start] Processing ASW-JED for 15JAN
2026-01-01 00:02:45 | WARNING  | [lf.day.no_flights] No direct flights on 15JAN
2026-01-01 00:02:45 | INFO     | [SUCCESS] Day 15JAN
2026-01-01 00:02:45 | INFO     | [DAY_START] Processing 14JAN
2026-01-01 00:02:45 | INFO     | [lf.day.start] Processing ASW-JED for 14JAN
2026-01-01 00:02:46 | WARNING  | [lf.day.no_flights] No direct flights on 14JAN
2026-01-01 00:02:46 | INFO     | [SUCCESS] Day 14JAN
2026-01-01 00:02:46 | INFO     | [DAY_START] Processing 13JAN
2026-01-01 00:02:46 | INFO     | [lf.day.start] Processing ASW-JED for 13JAN
2026-01-01 00:02:47 | INFO     | [lf.day.flights_found] Found 1 flights on 13JAN
2026-01-01 00:02:49 | INFO     | [lf.flight.extracted] SM985 on 13JAN: BKG=0, LF=0.0%
2026-01-01 00:02:50 | INFO     | [SUCCESS] Day 13JAN
2026-01-01 00:02:50 | INFO     | [SUCCESS] LF Search Complete
2026-01-01 00:02:53 | INFO     | [Worker_9225] Completed: ASW-JED - 6 results, 0 errors
2026-01-01 00:02:53 | INFO     | [Worker_9225] Processing: CAI-DMM
2026-01-01 00:02:53 | INFO     |   Tier 0: Range 2, Chunk 3/5 (6 days)
