2026-01-01 00:13:52 | INFO     | ======================================================================
2026-01-01 00:13:52 | INFO     | Load Factor Scraper Started - Route: ATZ-JED
2026-01-01 00:13:52 | INFO     | Log file: D:\CODERED\LAB\market_insights\outputs\run_generated_311225_at_23.27\logs\LF_ATZ-JED_20260101_001352.log
2026-01-01 00:13:52 | INFO     | Enhanced logging: Capturing both logging.info() and print()
2026-01-01 00:13:52 | INFO     | ======================================================================
2026-01-01 00:13:52 | INFO     | Starting LF search for route: ATZ-JED
2026-01-01 00:13:52 | INFO     | [START] LF Search
2026-01-01 00:13:53 | INFO     | [HEALTH CHECK] [OK] Chrome connection is healthy
2026-01-01 00:13:53 | INFO     | [DAY_START] Processing 11JAN
2026-01-01 00:13:53 | INFO     | [lf.day.start] Processing ATZ-JED for 11JAN
2026-01-01 00:13:54 | INFO     | [lf.day.flights_found] Found 2 flights on 11JAN
2026-01-01 00:13:56 | INFO     | [lf.flight.extracted] SM491 on 11JAN: BKG=180, LF=100.6%
2026-01-01 00:13:59 | INFO     | [lf.flight.extracted] SM455 on 11JAN: BKG=172, LF=96.1%
2026-01-01 00:14:05 | INFO     | [SUCCESS] Day 11JAN
2026-01-01 00:14:05 | INFO     | [DAY_START] Processing 10JAN
2026-01-01 00:14:05 | INFO     | [lf.day.start] Processing ATZ-JED for 10JAN
2026-01-01 00:14:06 | INFO     | [lf.day.flights_found] Found 3 flights on 10JAN
2026-01-01 00:14:08 | INFO     | [lf.flight.extracted] SM491 on 10JAN: BKG=180, LF=100.6%
2026-01-01 00:14:11 | INFO     | [lf.flight.extracted] SM453 on 10JAN: BKG=179, LF=100.0%
2026-01-01 00:14:15 | INFO     | [lf.flight.extracted] SM455 on 10JAN: BKG=163, LF=91.1%
2026-01-01 00:14:22 | INFO     | [SUCCESS] Day 10JAN
2026-01-01 00:14:22 | INFO     | [DAY_START] Processing 09JAN
2026-01-01 00:14:22 | INFO     | [lf.day.start] Processing ATZ-JED for 09JAN
2026-01-01 00:14:23 | INFO     | [lf.day.flights_found] Found 1 flights on 09JAN
2026-01-01 00:14:25 | INFO     | [lf.flight.extracted] SM491 on 09JAN: BKG=36, LF=20.1%
2026-01-01 00:14:29 | INFO     | [SUCCESS] Day 09JAN
2026-01-01 00:14:29 | INFO     | [DAY_START] Processing 08JAN
2026-01-01 00:14:29 | INFO     | [lf.day.start] Processing ATZ-JED for 08JAN
2026-01-01 00:14:30 | INFO     | [lf.day.flights_found] Found 2 flights on 08JAN
2026-01-01 00:14:32 | INFO     | [lf.flight.extracted] SM453 on 08JAN: BKG=160, LF=89.4%
2026-01-01 00:14:35 | INFO     | [lf.flight.extracted] SM455 on 08JAN: BKG=120, LF=67.0%
2026-01-01 00:14:43 | INFO     | [SUCCESS] Day 08JAN
2026-01-01 00:14:43 | INFO     | [DAY_START] Processing 07JAN
2026-01-01 00:14:43 | INFO     | [lf.day.start] Processing ATZ-JED for 07JAN
2026-01-01 00:14:44 | INFO     | [lf.day.flights_found] Found 3 flights on 07JAN
2026-01-01 00:14:47 | INFO     | [lf.flight.extracted] SM453 on 07JAN: BKG=170, LF=95.0%
2026-01-01 00:14:50 | INFO     | [lf.flight.extracted] SM491 on 07JAN: BKG=176, LF=98.3%
2026-01-01 00:14:55 | INFO     | [lf.flight.extracted] SM421 on 07JAN: BKG=43, LF=24.0%
2026-01-01 00:15:04 | INFO     | [SUCCESS] Day 07JAN
2026-01-01 00:15:04 | INFO     | [DAY_START] Processing 06JAN
2026-01-01 00:15:04 | INFO     | [lf.day.start] Processing ATZ-JED for 06JAN
2026-01-01 00:15:05 | INFO     | [lf.day.flights_found] Found 2 flights on 06JAN
2026-01-01 00:15:07 | INFO     | [lf.flight.extracted] SM453 on 06JAN: BKG=142, LF=79.3%
2026-01-01 00:15:10 | INFO     | [lf.flight.extracted] SM455 on 06JAN: BKG=178, LF=99.4%
2026-01-01 00:15:19 | INFO     | [SUCCESS] Day 06JAN
2026-01-01 00:15:19 | INFO     | [SUCCESS] LF Search Complete
2026-01-01 00:15:22 | INFO     | [Worker_9226] Completed: ATZ-JED - 6 results, 0 errors
2026-01-01 00:15:22 | INFO     | [Worker_9226] Processing: MED-HBE
2026-01-01 00:15:22 | INFO     |   Tier 0: Range 2, Chunk 5/5 (6 days)
