2025-12-31 23:41:35 | INFO     | ======================================================================
2025-12-31 23:41:35 | INFO     | Load Factor Scraper Started - Route: CAI-YNB
2025-12-31 23:41:35 | INFO     | Log file: D:\CODERED\LAB\market_insights\outputs\run_generated_311225_at_23.27\logs\LF_CAI-YNB_20251231_234135.log
2025-12-31 23:41:35 | INFO     | Enhanced logging: Capturing both logging.info() and print()
2025-12-31 23:41:35 | INFO     | ======================================================================
2025-12-31 23:41:35 | INFO     | Starting LF search for route: CAI-YNB
2025-12-31 23:41:35 | INFO     | [START] LF Search
2025-12-31 23:41:36 | INFO     | [HEALTH CHECK] [OK] Chrome connection is healthy
2025-12-31 23:41:36 | INFO     | [DAY_START] Processing 10FEB
2025-12-31 23:41:36 | INFO     | [lf.day.start] Processing CAI-YNB for 10FEB
2025-12-31 23:41:37 | INFO     | [lf.day.flights_found] Found 1 flights on 10FEB
2025-12-31 23:41:40 | INFO     | [lf.flight.extracted] SM441 on 10FEB: BKG=177, LF=98.9%
2025-12-31 23:41:43 | INFO     | [SUCCESS] Day 10FEB
2025-12-31 23:41:43 | INFO     | [DAY_START] Processing 09FEB
2025-12-31 23:41:43 | INFO     | [lf.day.start] Processing CAI-YNB for 09FEB
2025-12-31 23:41:44 | INFO     | [lf.day.flights_found] Found 1 flights on 09FEB
2025-12-31 23:41:47 | INFO     | [lf.flight.extracted] SM441 on 09FEB: BKG=171, LF=95.5%
2025-12-31 23:41:50 | INFO     | [SUCCESS] Day 09FEB
2025-12-31 23:41:50 | INFO     | [DAY_START] Processing 08FEB
2025-12-31 23:41:50 | INFO     | [lf.day.start] Processing CAI-YNB for 08FEB
2025-12-31 23:41:51 | INFO     | [lf.day.flights_found] Found 1 flights on 08FEB
2025-12-31 23:41:53 | INFO     | [lf.flight.extracted] SM441 on 08FEB: BKG=152, LF=86.4%
2025-12-31 23:41:57 | INFO     | [SUCCESS] Day 08FEB
2025-12-31 23:41:57 | INFO     | [DAY_START] Processing 07FEB
2025-12-31 23:41:57 | INFO     | [lf.day.start] Processing CAI-YNB for 07FEB
2025-12-31 23:41:58 | INFO     | [lf.day.flights_found] Found 1 flights on 07FEB
2025-12-31 23:42:00 | INFO     | [lf.flight.extracted] SM441 on 07FEB: BKG=145, LF=81.0%
2025-12-31 23:42:04 | INFO     | [SUCCESS] Day 07FEB
2025-12-31 23:42:04 | INFO     | [DAY_START] Processing 06FEB
2025-12-31 23:42:04 | INFO     | [lf.day.start] Processing CAI-YNB for 06FEB
2025-12-31 23:42:05 | INFO     | [lf.day.flights_found] Found 1 flights on 06FEB
2025-12-31 23:42:08 | INFO     | [lf.flight.extracted] SM441 on 06FEB: BKG=147, LF=82.1%
2025-12-31 23:42:11 | INFO     | [SUCCESS] Day 06FEB
2025-12-31 23:42:11 | INFO     | [SUCCESS] LF Search Complete
2025-12-31 23:42:13 | INFO     | [Worker_9226] Completed: CAI-YNB - 5 results, 0 errors
2025-12-31 23:42:13 | INFO     | [Worker_9226] Processing: JED-LXR
2025-12-31 23:42:13 | INFO     |   Tier 0: Range 3, Chunk 5/5 (5 days)
