2025-12-31 23:49:09 | INFO     | ======================================================================
2025-12-31 23:49:09 | INFO     | Load Factor Scraper Started - Route: CAI-MED
2025-12-31 23:49:09 | INFO     | Log file: D:\CODERED\LAB\market_insights\outputs\run_generated_311225_at_23.27\logs\LF_CAI-MED_20251231_234909.log
2025-12-31 23:49:09 | INFO     | Enhanced logging: Capturing both logging.info() and print()
2025-12-31 23:49:09 | INFO     | ======================================================================
2025-12-31 23:49:09 | INFO     | Starting LF search for route: CAI-MED
2025-12-31 23:49:09 | INFO     | [START] LF Search
2025-12-31 23:49:10 | INFO     | [HEALTH CHECK] [OK] Chrome connection is healthy
2025-12-31 23:49:10 | INFO     | [DAY_START] Processing 31JAN
2025-12-31 23:49:10 | INFO     | [lf.day.start] Processing CAI-MED for 31JAN
2025-12-31 23:49:11 | INFO     | [lf.day.flights_found] Found 1 flights on 31JAN
2025-12-31 23:49:14 | INFO     | [lf.flight.extracted] SM493 on 31JAN: BKG=15, LF=8.5%
2025-12-31 23:49:17 | INFO     | [SUCCESS] Day 31JAN
2025-12-31 23:49:17 | INFO     | [DAY_START] Processing 30JAN
2025-12-31 23:49:17 | INFO     | [lf.day.start] Processing CAI-MED for 30JAN
2025-12-31 23:49:18 | WARNING  | [lf.day.no_flights] No direct flights on 30JAN
2025-12-31 23:49:18 | INFO     | [SUCCESS] Day 30JAN
2025-12-31 23:49:18 | INFO     | [DAY_START] Processing 29JAN
2025-12-31 23:49:18 | INFO     | [lf.day.start] Processing CAI-MED for 29JAN
2025-12-31 23:49:19 | INFO     | [lf.day.flights_found] Found 1 flights on 29JAN
2025-12-31 23:49:21 | INFO     | [lf.flight.extracted] SM493 on 29JAN: BKG=164, LF=93.2%
2025-12-31 23:49:25 | INFO     | [SUCCESS] Day 29JAN
2025-12-31 23:49:25 | INFO     | [DAY_START] Processing 28JAN
2025-12-31 23:49:25 | INFO     | [lf.day.start] Processing CAI-MED for 28JAN
2025-12-31 23:49:26 | WARNING  | [lf.day.no_flights] No direct flights on 28JAN
2025-12-31 23:49:26 | INFO     | [SUCCESS] Day 28JAN
2025-12-31 23:49:26 | INFO     | [DAY_START] Processing 27JAN
2025-12-31 23:49:26 | INFO     | [lf.day.start] Processing CAI-MED for 27JAN
2025-12-31 23:49:28 | INFO     | [lf.day.flights_found] Found 1 flights on 27JAN
2025-12-31 23:49:30 | INFO     | [lf.flight.extracted] SM493 on 27JAN: BKG=181, LF=102.8%
2025-12-31 23:49:32 | INFO     | [SUCCESS] Day 27JAN
2025-12-31 23:49:32 | INFO     | [DAY_START] Processing 26JAN
2025-12-31 23:49:32 | INFO     | [lf.day.start] Processing CAI-MED for 26JAN
2025-12-31 23:49:34 | INFO     | [lf.day.flights_found] Found 1 flights on 26JAN
2025-12-31 23:49:36 | INFO     | [lf.flight.extracted] SM495 on 26JAN: BKG=175, LF=97.8%
2025-12-31 23:49:40 | INFO     | [SUCCESS] Day 26JAN
2025-12-31 23:49:40 | INFO     | [DAY_START] Processing 25JAN
2025-12-31 23:49:40 | INFO     | [lf.day.start] Processing CAI-MED for 25JAN
2025-12-31 23:49:41 | INFO     | [lf.day.flights_found] Found 1 flights on 25JAN
2025-12-31 23:49:43 | INFO     | [lf.flight.extracted] SM493 on 25JAN: BKG=176, LF=98.3%
2025-12-31 23:49:47 | INFO     | [SUCCESS] Day 25JAN
2025-12-31 23:49:47 | INFO     | [SUCCESS] LF Search Complete
2025-12-31 23:49:49 | INFO     | [Worker_9233] Completed: CAI-MED - 7 results, 0 errors
2025-12-31 23:49:49 | INFO     | [Worker_9233] Processing: ATZ-JED
2025-12-31 23:49:49 | INFO     |   Tier 0: Range 1, Chunk 1/5 (7 days)
