2025-12-31 23:34:04 | INFO     | ======================================================================
2025-12-31 23:34:04 | INFO     | Load Factor Scraper Started - Route: CAI-MED
2025-12-31 23:34:04 | INFO     | Log file: D:\CODERED\LAB\market_insights\outputs\run_generated_311225_at_23.27\logs\LF_CAI-MED_20251231_233404.log
2025-12-31 23:34:04 | INFO     | Enhanced logging: Capturing both logging.info() and print()
2025-12-31 23:34:04 | INFO     | ======================================================================
2025-12-31 23:34:04 | INFO     | Starting LF search for route: CAI-MED
2025-12-31 23:34:04 | INFO     | [START] LF Search
2025-12-31 23:34:05 | INFO     | [HEALTH CHECK] [OK] Chrome connection is healthy
2025-12-31 23:34:05 | INFO     | [DAY_START] Processing 22FEB
2025-12-31 23:34:05 | INFO     | [lf.day.start] Processing CAI-MED for 22FEB
2025-12-31 23:34:06 | INFO     | [lf.day.flights_found] Found 1 flights on 22FEB
2025-12-31 23:34:09 | INFO     | [lf.flight.extracted] SM493 on 22FEB: BKG=176, LF=98.3%
2025-12-31 23:34:13 | INFO     | [SUCCESS] Day 22FEB
2025-12-31 23:34:13 | INFO     | [DAY_START] Processing 21FEB
2025-12-31 23:34:13 | INFO     | [lf.day.start] Processing CAI-MED for 21FEB
2025-12-31 23:34:14 | INFO     | [lf.day.flights_found] Found 1 flights on 21FEB
2025-12-31 23:34:16 | INFO     | [lf.flight.extracted] SM493 on 21FEB: BKG=177, LF=98.9%
2025-12-31 23:34:20 | INFO     | [SUCCESS] Day 21FEB
2025-12-31 23:34:20 | INFO     | [DAY_START] Processing 20FEB
2025-12-31 23:34:20 | INFO     | [lf.day.start] Processing CAI-MED for 20FEB
2025-12-31 23:34:22 | INFO     | [lf.day.flights_found] Found 2 flights on 20FEB
2025-12-31 23:34:24 | INFO     | [lf.flight.extracted] SM971 on 20FEB: BKG=170, LF=96.6%
2025-12-31 23:34:27 | INFO     | [lf.flight.extracted] SM983 on 20FEB: BKG=170, LF=95.0%
2025-12-31 23:34:31 | INFO     | [SUCCESS] Day 20FEB
2025-12-31 23:34:31 | INFO     | [DAY_START] Processing 19FEB
2025-12-31 23:34:31 | INFO     | [lf.day.start] Processing CAI-MED for 19FEB
2025-12-31 23:34:32 | INFO     | [lf.day.flights_found] Found 1 flights on 19FEB
2025-12-31 23:34:34 | INFO     | [lf.flight.extracted] SM493 on 19FEB: BKG=153, LF=85.5%
2025-12-31 23:34:38 | INFO     | [SUCCESS] Day 19FEB
2025-12-31 23:34:38 | INFO     | [DAY_START] Processing 18FEB
2025-12-31 23:34:38 | INFO     | [lf.day.start] Processing CAI-MED for 18FEB
2025-12-31 23:34:39 | INFO     | [lf.day.flights_found] Found 2 flights on 18FEB
2025-12-31 23:34:42 | INFO     | [lf.flight.extracted] SM951 on 18FEB: BKG=170, LF=95.0%
2025-12-31 23:34:45 | INFO     | [lf.flight.extracted] SM953 on 18FEB: BKG=170, LF=95.0%
2025-12-31 23:34:49 | INFO     | [SUCCESS] Day 18FEB
2025-12-31 23:34:49 | INFO     | [DAY_START] Processing 17FEB
2025-12-31 23:34:49 | INFO     | [lf.day.start] Processing CAI-MED for 17FEB
2025-12-31 23:34:50 | INFO     | [lf.day.flights_found] Found 2 flights on 17FEB
2025-12-31 23:34:53 | INFO     | [lf.flight.extracted] SM971 on 17FEB: BKG=180, LF=100.6%
2025-12-31 23:34:56 | INFO     | [lf.flight.extracted] SM493 on 17FEB: BKG=166, LF=92.7%
2025-12-31 23:35:03 | INFO     | [SUCCESS] Day 17FEB
2025-12-31 23:35:03 | INFO     | [SUCCESS] LF Search Complete
2025-12-31 23:35:06 | INFO     | [Worker_9234] Completed: CAI-MED - 6 results, 0 errors
2025-12-31 23:35:06 | INFO     | [Worker_9234] Processing: CAI-TUU
2025-12-31 23:35:06 | INFO     |   Tier 0: Range 3, Chunk 2/5 (6 days)
