2026-01-01 00:07:44 | INFO     | ======================================================================
2026-01-01 00:07:44 | INFO     | Load Factor Scraper Started - Route: CAI-ELQ
2026-01-01 00:07:44 | INFO     | Log file: D:\CODERED\LAB\market_insights\outputs\run_generated_311225_at_23.27\logs\LF_CAI-ELQ_20260101_000744.log
2026-01-01 00:07:44 | INFO     | Enhanced logging: Capturing both logging.info() and print()
2026-01-01 00:07:44 | INFO     | ======================================================================
2026-01-01 00:07:44 | INFO     | Starting LF search for route: CAI-ELQ
2026-01-01 00:07:44 | INFO     | [START] LF Search
2026-01-01 00:07:46 | INFO     | [HEALTH CHECK] [OK] Chrome connection is healthy
2026-01-01 00:07:46 | INFO     | [DAY_START] Processing 17JAN
2026-01-01 00:07:46 | INFO     | [lf.day.start] Processing CAI-ELQ for 17JAN
2026-01-01 00:07:47 | WARNING  | [lf.day.no_flights] No direct flights on 17JAN
2026-01-01 00:07:47 | INFO     | [SUCCESS] Day 17JAN
2026-01-01 00:07:47 | INFO     | [DAY_START] Processing 16JAN
2026-01-01 00:07:47 | INFO     | [lf.day.start] Processing CAI-ELQ for 16JAN
2026-01-01 00:07:48 | INFO     | [lf.day.flights_found] Found 1 flights on 16JAN
2026-01-01 00:07:50 | INFO     | [lf.flight.extracted] SM427 on 16JAN: BKG=105, LF=58.7%
2026-01-01 00:07:56 | INFO     | [SUCCESS] Day 16JAN
2026-01-01 00:07:56 | INFO     | [DAY_START] Processing 15JAN
2026-01-01 00:07:56 | INFO     | [lf.day.start] Processing CAI-ELQ for 15JAN
2026-01-01 00:07:57 | INFO     | [lf.day.flights_found] Found 1 flights on 15JAN
2026-01-01 00:07:59 | INFO     | [lf.flight.extracted] SM427 on 15JAN: BKG=88, LF=49.2%
2026-01-01 00:08:04 | INFO     | [SUCCESS] Day 15JAN
2026-01-01 00:08:04 | INFO     | [DAY_START] Processing 14JAN
2026-01-01 00:08:04 | INFO     | [lf.day.start] Processing CAI-ELQ for 14JAN
2026-01-01 00:08:06 | WARNING  | [lf.day.no_flights] No direct flights on 14JAN
2026-01-01 00:08:06 | INFO     | [SUCCESS] Day 14JAN
2026-01-01 00:08:06 | INFO     | [DAY_START] Processing 13JAN
2026-01-01 00:08:06 | INFO     | [lf.day.start] Processing CAI-ELQ for 13JAN
2026-01-01 00:08:07 | WARNING  | [lf.day.no_flights] No direct flights on 13JAN
2026-01-01 00:08:07 | INFO     | [SUCCESS] Day 13JAN
2026-01-01 00:08:07 | INFO     | [DAY_START] Processing 12JAN
2026-01-01 00:08:07 | INFO     | [lf.day.start] Processing CAI-ELQ for 12JAN
2026-01-01 00:08:08 | WARNING  | [lf.day.no_flights] No direct flights on 12JAN
2026-01-01 00:08:08 | INFO     | [SUCCESS] Day 12JAN
2026-01-01 00:08:08 | INFO     | [SUCCESS] LF Search Complete
2026-01-01 00:08:10 | INFO     | [Worker_9224] Completed: CAI-ELQ - 6 results, 0 errors
2026-01-01 00:08:10 | INFO     | [Worker_9224] Processing: MED-ATZ
2026-01-01 00:08:10 | INFO     |   Tier 0: Range 2, Chunk 4/5 (6 days)
