2025-12-31 23:52:04 | INFO     | ======================================================================
2025-12-31 23:52:04 | INFO     | Load Factor Scraper Started - Route: CAI-YNB
2025-12-31 23:52:04 | INFO     | Log file: D:\CODERED\LAB\market_insights\outputs\run_generated_311225_at_23.27\logs\LF_CAI-YNB_20251231_235204.log
2025-12-31 23:52:04 | INFO     | Enhanced logging: Capturing both logging.info() and print()
2025-12-31 23:52:04 | INFO     | ======================================================================
2025-12-31 23:52:04 | INFO     | Starting LF search for route: CAI-YNB
2025-12-31 23:52:04 | INFO     | [START] LF Search
2025-12-31 23:52:05 | INFO     | [HEALTH CHECK] [OK] Chrome connection is healthy
2025-12-31 23:52:05 | INFO     | [DAY_START] Processing 31JAN
2025-12-31 23:52:05 | INFO     | [lf.day.start] Processing CAI-YNB for 31JAN
2025-12-31 23:52:07 | INFO     | [lf.day.flights_found] Found 1 flights on 31JAN
2025-12-31 23:52:09 | INFO     | [lf.flight.extracted] SM441 on 31JAN: BKG=152, LF=84.9%
2025-12-31 23:52:13 | INFO     | [SUCCESS] Day 31JAN
2025-12-31 23:52:13 | INFO     | [DAY_START] Processing 30JAN
2025-12-31 23:52:13 | INFO     | [lf.day.start] Processing CAI-YNB for 30JAN
2025-12-31 23:52:14 | INFO     | [lf.day.flights_found] Found 1 flights on 30JAN
2025-12-31 23:52:16 | INFO     | [lf.flight.extracted] SM441 on 30JAN: BKG=54, LF=30.2%
2025-12-31 23:52:19 | INFO     | [SUCCESS] Day 30JAN
2025-12-31 23:52:19 | INFO     | [DAY_START] Processing 29JAN
2025-12-31 23:52:19 | INFO     | [lf.day.start] Processing CAI-YNB for 29JAN
2025-12-31 23:52:20 | INFO     | [lf.day.flights_found] Found 1 flights on 29JAN
2025-12-31 23:52:22 | INFO     | [lf.flight.extracted] SM441 on 29JAN: BKG=138, LF=77.1%
2025-12-31 23:52:25 | INFO     | [SUCCESS] Day 29JAN
2025-12-31 23:52:25 | INFO     | [DAY_START] Processing 28JAN
2025-12-31 23:52:25 | INFO     | [lf.day.start] Processing CAI-YNB for 28JAN
2025-12-31 23:52:27 | INFO     | [lf.day.flights_found] Found 1 flights on 28JAN
2025-12-31 23:52:29 | INFO     | [lf.flight.extracted] SM441 on 28JAN: BKG=145, LF=81.0%
2025-12-31 23:52:32 | INFO     | [SUCCESS] Day 28JAN
2025-12-31 23:52:32 | INFO     | [DAY_START] Processing 27JAN
2025-12-31 23:52:32 | INFO     | [lf.day.start] Processing CAI-YNB for 27JAN
2025-12-31 23:52:34 | INFO     | [lf.day.flights_found] Found 1 flights on 27JAN
2025-12-31 23:52:37 | INFO     | [lf.flight.extracted] SM441 on 27JAN: BKG=145, LF=81.0%
2025-12-31 23:52:40 | INFO     | [SUCCESS] Day 27JAN
2025-12-31 23:52:40 | INFO     | [DAY_START] Processing 26JAN
2025-12-31 23:52:40 | INFO     | [lf.day.start] Processing CAI-YNB for 26JAN
2025-12-31 23:52:41 | INFO     | [lf.day.flights_found] Found 1 flights on 26JAN
2025-12-31 23:52:43 | INFO     | [lf.flight.extracted] SM441 on 26JAN: BKG=145, LF=81.0%
2025-12-31 23:52:46 | INFO     | [SUCCESS] Day 26JAN
2025-12-31 23:52:46 | INFO     | [DAY_START] Processing 25JAN
2025-12-31 23:52:46 | INFO     | [lf.day.start] Processing CAI-YNB for 25JAN
2025-12-31 23:52:47 | INFO     | [lf.day.flights_found] Found 1 flights on 25JAN
2025-12-31 23:52:50 | INFO     | [lf.flight.extracted] SM441 on 25JAN: BKG=159, LF=88.8%
2025-12-31 23:52:53 | INFO     | [SUCCESS] Day 25JAN
2025-12-31 23:52:53 | INFO     | [SUCCESS] LF Search Complete
2025-12-31 23:52:55 | INFO     | [Worker_9222] Completed: CAI-YNB - 7 results, 0 errors
2025-12-31 23:52:55 | INFO     | [Worker_9222] Processing: MED-HBE
2025-12-31 23:52:55 | INFO     |   Tier 0: Range 2, Chunk 2/5 (6 days)
