2026-01-01 00:20:30 | INFO     | ======================================================================
2026-01-01 00:20:30 | INFO     | Load Factor Scraper Started - Route: CAI-JED
2026-01-01 00:20:30 | INFO     | Log file: D:\CODERED\LAB\market_insights\outputs\run_generated_311225_at_23.27\logs\LF_CAI-JED_20260101_002030.log
2026-01-01 00:20:30 | INFO     | Enhanced logging: Capturing both logging.info() and print()
2026-01-01 00:20:30 | INFO     | ======================================================================
2026-01-01 00:20:30 | INFO     | Starting LF search for route: CAI-JED
2026-01-01 00:20:30 | INFO     | [START] LF Search
2026-01-01 00:20:31 | INFO     | [HEALTH CHECK] [OK] Chrome connection is healthy
2026-01-01 00:20:31 | INFO     | [DAY_START] Processing 05JAN
2026-01-01 00:20:31 | INFO     | [lf.day.start] Processing CAI-JED for 05JAN
2026-01-01 00:20:33 | INFO     | [lf.day.flights_found] Found 3 flights on 05JAN
2026-01-01 00:20:35 | INFO     | [lf.flight.extracted] SM475 on 05JAN: BKG=137, LF=76.5%
2026-01-01 00:20:38 | INFO     | [lf.flight.extracted] SM477 on 05JAN: BKG=118, LF=65.9%
2026-01-01 00:20:42 | INFO     | [lf.flight.extracted] SM459 on 05JAN: BKG=133, LF=74.3%
2026-01-01 00:20:57 | INFO     | [SUCCESS] Day 05JAN
2026-01-01 00:20:57 | INFO     | [DAY_START] Processing 04JAN
2026-01-01 00:20:57 | INFO     | [lf.day.start] Processing CAI-JED for 04JAN
2026-01-01 00:20:58 | INFO     | [lf.day.flights_found] Found 5 flights on 04JAN
2026-01-01 00:21:00 | INFO     | [lf.flight.extracted] SM475 on 04JAN: BKG=39, LF=21.8%
2026-01-01 00:21:04 | INFO     | [lf.flight.extracted] SM431 on 04JAN: BKG=64, LF=35.8%
2026-01-01 00:21:07 | INFO     | [lf.flight.extracted] SM459 on 04JAN: BKG=169, LF=94.4%
2026-01-01 00:21:11 | INFO     | [lf.flight.extracted] SM477 on 04JAN: BKG=111, LF=62.0%
2026-01-01 00:21:15 | INFO     | [lf.flight.extracted] SM479 on 04JAN: BKG=69, LF=38.6%
2026-01-01 00:21:36 | INFO     | [SUCCESS] Day 04JAN
2026-01-01 00:21:36 | INFO     | [DAY_START] Processing 03JAN
2026-01-01 00:21:36 | INFO     | [lf.day.start] Processing CAI-JED for 03JAN
2026-01-01 00:21:37 | INFO     | [lf.day.flights_found] Found 4 flights on 03JAN
2026-01-01 00:21:39 | INFO     | [lf.flight.extracted] SM449 on 03JAN: BKG=80, LF=44.7%
2026-01-01 00:21:42 | INFO     | [lf.flight.extracted] SM475 on 03JAN: BKG=88, LF=49.2%
2026-01-01 00:21:46 | INFO     | [lf.flight.extracted] SM477 on 03JAN: BKG=174, LF=97.2%
2026-01-01 00:21:50 | INFO     | [lf.flight.extracted] SM423 on 03JAN: BKG=104, LF=58.1%
2026-01-01 00:22:09 | INFO     | [SUCCESS] Day 03JAN
2026-01-01 00:22:09 | INFO     | [DAY_START] Processing 02JAN
2026-01-01 00:22:09 | INFO     | [lf.day.start] Processing CAI-JED for 02JAN
2026-01-01 00:22:10 | INFO     | [lf.day.flights_found] Found 4 flights on 02JAN
2026-01-01 00:22:12 | INFO     | [lf.flight.extracted] SM475 on 02JAN: BKG=154, LF=86.0%
2026-01-01 00:22:16 | INFO     | [lf.flight.extracted] SM479 on 02JAN: BKG=65, LF=36.3%
2026-01-01 00:22:19 | INFO     | [lf.flight.extracted] SM471 on 02JAN: BKG=54, LF=30.2%
2026-01-01 00:22:23 | INFO     | [lf.flight.extracted] SM459 on 02JAN: BKG=67, LF=37.4%
2026-01-01 00:22:39 | INFO     | [SUCCESS] Day 02JAN
2026-01-01 00:22:39 | INFO     | [DAY_START] Processing 31DEC
2026-01-01 00:22:39 | INFO     | [lf.day.start] Processing CAI-JED for 31DEC
2026-01-01 00:22:40 | INFO     | [lf.day.flights_found] Found 1 flights on 31DEC
2026-01-01 00:22:42 | INFO     | [lf.flight.extracted] SM471 on 31DEC: BKG=176, LF=100.0%
2026-01-01 00:22:47 | INFO     | [SUCCESS] Day 31DEC
2026-01-01 00:22:47 | INFO     | [SUCCESS] LF Search Complete
2026-01-01 00:22:49 | INFO     | [Worker_9232] Completed: CAI-JED - 5 results, 0 errors
2026-01-01 00:42:41 | INFO     | [Worker_9232] Shutdown signal received, exiting...
2026-01-01 00:42:41 | INFO     | [Worker_9232] Finished. Processed 80 groups.
