2026-01-01 00:21:07 | INFO     | ======================================================================
2026-01-01 00:21:07 | INFO     | Load Factor Scraper Started - Route: CAI-AJF
2026-01-01 00:21:07 | INFO     | Log file: D:\CODERED\LAB\market_insights\outputs\run_generated_311225_at_23.27\logs\LF_CAI-AJF_20260101_002107.log
2026-01-01 00:21:07 | INFO     | Enhanced logging: Capturing both logging.info() and print()
2026-01-01 00:21:07 | INFO     | ======================================================================
2026-01-01 00:21:07 | INFO     | Starting LF search for route: CAI-AJF
2026-01-01 00:21:07 | INFO     | [START] LF Search
2026-01-01 00:21:09 | INFO     | [HEALTH CHECK] [OK] Chrome connection is healthy
2026-01-01 00:21:09 | INFO     | [DAY_START] Processing 05JAN
2026-01-01 00:21:09 | INFO     | [lf.day.start] Processing CAI-AJF for 05JAN
2026-01-01 00:21:10 | WARNING  | [lf.day.no_flights] No direct flights on 05JAN
2026-01-01 00:21:10 | INFO     | [SUCCESS] Day 05JAN
2026-01-01 00:21:10 | INFO     | [DAY_START] Processing 04JAN
2026-01-01 00:21:10 | INFO     | [lf.day.start] Processing CAI-AJF for 04JAN
2026-01-01 00:21:11 | WARNING  | [lf.day.no_flights] No direct flights on 04JAN
2026-01-01 00:21:11 | INFO     | [SUCCESS] Day 04JAN
2026-01-01 00:21:11 | INFO     | [DAY_START] Processing 03JAN
2026-01-01 00:21:11 | INFO     | [lf.day.start] Processing CAI-AJF for 03JAN
2026-01-01 00:21:13 | INFO     | [lf.day.flights_found] Found 1 flights on 03JAN
2026-01-01 00:21:15 | INFO     | [lf.flight.extracted] SM321 on 03JAN: BKG=151, LF=84.4%
2026-01-01 00:21:22 | INFO     | [SUCCESS] Day 03JAN
2026-01-01 00:21:22 | INFO     | [DAY_START] Processing 02JAN
2026-01-01 00:21:22 | INFO     | [lf.day.start] Processing CAI-AJF for 02JAN
2026-01-01 00:21:23 | WARNING  | [lf.day.no_flights] No direct flights on 02JAN
2026-01-01 00:21:23 | INFO     | [SUCCESS] Day 02JAN
2026-01-01 00:21:23 | INFO     | [DAY_START] Processing 31DEC
2026-01-01 00:21:23 | INFO     | [lf.day.start] Processing CAI-AJF for 31DEC
2026-01-01 00:21:24 | WARNING  | [lf.day.no_flights] No direct flights on 31DEC
2026-01-01 00:21:24 | INFO     | [SUCCESS] Day 31DEC
2026-01-01 00:21:24 | INFO     | [SUCCESS] LF Search Complete
2026-01-01 00:21:26 | INFO     | [Worker_9223] Completed: CAI-AJF - 5 results, 0 errors
2026-01-01 00:21:26 | INFO     | [Worker_9223] Processing: ATZ-AHB
2026-01-01 00:21:26 | INFO     |   Tier 0: Range 1, Chunk 5/5 (6 days)
