2026-01-01 00:15:18 | INFO     | ======================================================================
2026-01-01 00:15:18 | INFO     | Load Factor Scraper Started - Route: CAI-GIZ
2026-01-01 00:15:18 | INFO     | Log file: D:\CODERED\LAB\market_insights\outputs\run_generated_311225_at_23.27\logs\LF_CAI-GIZ_20260101_001518.log
2026-01-01 00:15:18 | INFO     | Enhanced logging: Capturing both logging.info() and print()
2026-01-01 00:15:18 | INFO     | ======================================================================
2026-01-01 00:15:18 | INFO     | Starting LF search for route: CAI-GIZ
2026-01-01 00:15:18 | INFO     | [START] LF Search
2026-01-01 00:15:20 | INFO     | [HEALTH CHECK] [OK] Chrome connection is healthy
2026-01-01 00:15:20 | INFO     | [DAY_START] Processing 11JAN
2026-01-01 00:15:20 | INFO     | [lf.day.start] Processing CAI-GIZ for 11JAN
2026-01-01 00:15:21 | WARNING  | [lf.day.no_flights] No direct flights on 11JAN
2026-01-01 00:15:21 | INFO     | [SUCCESS] Day 11JAN
2026-01-01 00:15:21 | INFO     | [DAY_START] Processing 10JAN
2026-01-01 00:15:21 | INFO     | [lf.day.start] Processing CAI-GIZ for 10JAN
2026-01-01 00:15:22 | INFO     | [lf.day.flights_found] Found 1 flights on 10JAN
2026-01-01 00:15:24 | INFO     | [lf.flight.extracted] SM329 on 10JAN: BKG=64, LF=35.8%
2026-01-01 00:15:28 | INFO     | [SUCCESS] Day 10JAN
2026-01-01 00:15:28 | INFO     | [DAY_START] Processing 09JAN
2026-01-01 00:15:28 | INFO     | [lf.day.start] Processing CAI-GIZ for 09JAN
2026-01-01 00:15:29 | WARNING  | [lf.day.no_flights] No direct flights on 09JAN
2026-01-01 00:15:29 | INFO     | [SUCCESS] Day 09JAN
2026-01-01 00:15:29 | INFO     | [DAY_START] Processing 08JAN
2026-01-01 00:15:29 | INFO     | [lf.day.start] Processing CAI-GIZ for 08JAN
2026-01-01 00:15:30 | INFO     | [lf.day.flights_found] Found 1 flights on 08JAN
2026-01-01 00:15:32 | INFO     | [lf.flight.extracted] SM329 on 08JAN: BKG=80, LF=44.7%
2026-01-01 00:15:37 | INFO     | [SUCCESS] Day 08JAN
2026-01-01 00:15:37 | INFO     | [DAY_START] Processing 07JAN
2026-01-01 00:15:37 | INFO     | [lf.day.start] Processing CAI-GIZ for 07JAN
2026-01-01 00:15:39 | WARNING  | [lf.day.no_flights] No direct flights on 07JAN
2026-01-01 00:15:39 | INFO     | [SUCCESS] Day 07JAN
2026-01-01 00:15:39 | INFO     | [DAY_START] Processing 06JAN
2026-01-01 00:15:39 | INFO     | [lf.day.start] Processing CAI-GIZ for 06JAN
2026-01-01 00:15:40 | WARNING  | [lf.day.no_flights] No direct flights on 06JAN
2026-01-01 00:15:40 | INFO     | [SUCCESS] Day 06JAN
2026-01-01 00:15:40 | INFO     | [SUCCESS] LF Search Complete
2026-01-01 00:15:42 | INFO     | [Worker_9232] Completed: CAI-GIZ - 6 results, 0 errors
2026-01-01 00:15:42 | INFO     | [Worker_9232] Processing: JED-LXR
2026-01-01 00:15:42 | INFO     |   Tier 0: Range 2, Chunk 5/5 (6 days)
