2025-12-31 23:32:04 | INFO     | ======================================================================
2025-12-31 23:32:04 | INFO     | Load Factor Scraper Started - Route: CAI-AJF
2025-12-31 23:32:04 | INFO     | Log file: D:\CODERED\LAB\market_insights\outputs\run_generated_311225_at_23.27\logs\LF_CAI-AJF_20251231_233204.log
2025-12-31 23:32:04 | INFO     | Enhanced logging: Capturing both logging.info() and print()
2025-12-31 23:32:04 | INFO     | ======================================================================
2025-12-31 23:32:04 | INFO     | Starting LF search for route: CAI-AJF
2025-12-31 23:32:04 | INFO     | [START] LF Search
2025-12-31 23:32:05 | INFO     | [HEALTH CHECK] [OK] Chrome connection is healthy
2025-12-31 23:32:05 | INFO     | [DAY_START] Processing 28FEB
2025-12-31 23:32:05 | INFO     | [lf.day.start] Processing CAI-AJF for 28FEB
2025-12-31 23:32:06 | INFO     | [lf.day.flights_found] Found 1 flights on 28FEB
2025-12-31 23:32:08 | INFO     | [lf.flight.extracted] SM321 on 28FEB: BKG=2, LF=1.1%
2025-12-31 23:32:11 | INFO     | [SUCCESS] Day 28FEB
2025-12-31 23:32:11 | INFO     | [DAY_START] Processing 27FEB
2025-12-31 23:32:11 | INFO     | [lf.day.start] Processing CAI-AJF for 27FEB
2025-12-31 23:32:12 | WARNING  | [lf.day.no_flights] No direct flights on 27FEB
2025-12-31 23:32:12 | INFO     | [SUCCESS] Day 27FEB
2025-12-31 23:32:12 | INFO     | [DAY_START] Processing 26FEB
2025-12-31 23:32:12 | INFO     | [lf.day.start] Processing CAI-AJF for 26FEB
2025-12-31 23:32:14 | INFO     | [lf.day.flights_found] Found 1 flights on 26FEB
2025-12-31 23:32:16 | INFO     | [lf.flight.extracted] SM321 on 26FEB: BKG=1, LF=0.6%
2025-12-31 23:32:18 | INFO     | [SUCCESS] Day 26FEB
2025-12-31 23:32:18 | INFO     | [DAY_START] Processing 25FEB
2025-12-31 23:32:18 | INFO     | [lf.day.start] Processing CAI-AJF for 25FEB
2025-12-31 23:32:20 | WARNING  | [lf.day.no_flights] No direct flights on 25FEB
2025-12-31 23:32:20 | INFO     | [SUCCESS] Day 25FEB
2025-12-31 23:32:20 | INFO     | [DAY_START] Processing 24FEB
2025-12-31 23:32:20 | INFO     | [lf.day.start] Processing CAI-AJF for 24FEB
2025-12-31 23:32:21 | INFO     | [lf.day.flights_found] Found 1 flights on 24FEB
2025-12-31 23:32:23 | INFO     | [lf.flight.extracted] SM321 on 24FEB: BKG=1, LF=0.6%
2025-12-31 23:32:25 | INFO     | [SUCCESS] Day 24FEB
2025-12-31 23:32:25 | INFO     | [DAY_START] Processing 23FEB
2025-12-31 23:32:25 | INFO     | [lf.day.start] Processing CAI-AJF for 23FEB
2025-12-31 23:32:27 | WARNING  | [lf.day.no_flights] No direct flights on 23FEB
2025-12-31 23:32:27 | INFO     | [SUCCESS] Day 23FEB
2025-12-31 23:32:27 | INFO     | [SUCCESS] LF Search Complete
2025-12-31 23:32:29 | INFO     | [Worker_9222] Completed: CAI-AJF - 6 results, 0 errors
2025-12-31 23:32:29 | INFO     | [Worker_9222] Processing: MED-CAI
2025-12-31 23:32:29 | INFO     |   Tier 0: Range 3, Chunk 2/5 (6 days)
