2026-01-01 00:07:09 | INFO     | ======================================================================
2026-01-01 00:07:09 | INFO     | Load Factor Scraper Started - Route: CAI-TUU
2026-01-01 00:07:09 | INFO     | Log file: D:\CODERED\LAB\market_insights\outputs\run_generated_311225_at_23.27\logs\LF_CAI-TUU_20260101_000709.log
2026-01-01 00:07:09 | INFO     | Enhanced logging: Capturing both logging.info() and print()
2026-01-01 00:07:09 | INFO     | ======================================================================
2026-01-01 00:07:09 | INFO     | Starting LF search for route: CAI-TUU
2026-01-01 00:07:09 | INFO     | [START] LF Search
2026-01-01 00:07:10 | INFO     | [HEALTH CHECK] [OK] Chrome connection is healthy
2026-01-01 00:07:10 | INFO     | [DAY_START] Processing 17JAN
2026-01-01 00:07:10 | INFO     | [lf.day.start] Processing CAI-TUU for 17JAN
2026-01-01 00:07:11 | INFO     | [lf.day.flights_found] Found 1 flights on 17JAN
2026-01-01 00:07:13 | INFO     | [lf.flight.extracted] SM325 on 17JAN: BKG=90, LF=50.3%
2026-01-01 00:07:20 | INFO     | [SUCCESS] Day 17JAN
2026-01-01 00:07:20 | INFO     | [DAY_START] Processing 16JAN
2026-01-01 00:07:20 | INFO     | [lf.day.start] Processing CAI-TUU for 16JAN
2026-01-01 00:07:21 | WARNING  | [lf.day.no_flights] No direct flights on 16JAN
2026-01-01 00:07:21 | INFO     | [SUCCESS] Day 16JAN
2026-01-01 00:07:21 | INFO     | [DAY_START] Processing 15JAN
2026-01-01 00:07:21 | INFO     | [lf.day.start] Processing CAI-TUU for 15JAN
2026-01-01 00:07:22 | INFO     | [lf.day.flights_found] Found 1 flights on 15JAN
2026-01-01 00:07:24 | INFO     | [lf.flight.extracted] SM325 on 15JAN: BKG=42, LF=23.5%
2026-01-01 00:07:28 | INFO     | [SUCCESS] Day 15JAN
2026-01-01 00:07:28 | INFO     | [DAY_START] Processing 14JAN
2026-01-01 00:07:28 | INFO     | [lf.day.start] Processing CAI-TUU for 14JAN
2026-01-01 00:07:29 | INFO     | [lf.day.flights_found] Found 1 flights on 14JAN
2026-01-01 00:07:31 | INFO     | [lf.flight.extracted] SM325 on 14JAN: BKG=28, LF=15.6%
2026-01-01 00:07:34 | INFO     | [SUCCESS] Day 14JAN
2026-01-01 00:07:34 | INFO     | [DAY_START] Processing 13JAN
2026-01-01 00:07:34 | INFO     | [lf.day.start] Processing CAI-TUU for 13JAN
2026-01-01 00:07:35 | WARNING  | [lf.day.no_flights] No direct flights on 13JAN
2026-01-01 00:07:35 | INFO     | [SUCCESS] Day 13JAN
2026-01-01 00:07:35 | INFO     | [DAY_START] Processing 12JAN
2026-01-01 00:07:35 | INFO     | [lf.day.start] Processing CAI-TUU for 12JAN
2026-01-01 00:07:36 | WARNING  | [lf.day.no_flights] No direct flights on 12JAN
2026-01-01 00:07:37 | INFO     | [SUCCESS] Day 12JAN
2026-01-01 00:07:37 | INFO     | [SUCCESS] LF Search Complete
2026-01-01 00:07:39 | INFO     | [Worker_9222] Completed: CAI-TUU - 6 results, 0 errors
2026-01-01 00:07:39 | INFO     | [Worker_9222] Processing: CAI-AHB
2026-01-01 00:07:39 | INFO     |   Tier 0: Range 1, Chunk 3/5 (6 days)
