2026-01-01 00:06:29 | INFO     | ======================================================================
2026-01-01 00:06:29 | INFO     | Load Factor Scraper Started - Route: CAI-JED
2026-01-01 00:06:29 | INFO     | Log file: D:\CODERED\LAB\market_insights\outputs\run_generated_311225_at_23.27\logs\LF_CAI-JED_20260101_000629.log
2026-01-01 00:06:29 | INFO     | Enhanced logging: Capturing both logging.info() and print()
2026-01-01 00:06:29 | INFO     | ======================================================================
2026-01-01 00:06:29 | INFO     | Starting LF search for route: CAI-JED
2026-01-01 00:06:29 | INFO     | [START] LF Search
2026-01-01 00:06:30 | INFO     | [HEALTH CHECK] [OK] Chrome connection is healthy
2026-01-01 00:06:30 | INFO     | [DAY_START] Processing 17JAN
2026-01-01 00:06:30 | INFO     | [lf.day.start] Processing CAI-JED for 17JAN
2026-01-01 00:06:31 | INFO     | [lf.day.flights_found] Found 4 flights on 17JAN
2026-01-01 00:06:33 | INFO     | [lf.flight.extracted] SM449 on 17JAN: BKG=180, LF=100.6%
2026-01-01 00:06:37 | INFO     | [lf.flight.extracted] SM475 on 17JAN: BKG=179, LF=100.0%
2026-01-01 00:06:41 | INFO     | [lf.flight.extracted] SM477 on 17JAN: BKG=179, LF=100.0%
2026-01-01 00:06:45 | INFO     | [lf.flight.extracted] SM423 on 17JAN: BKG=178, LF=99.4%
2026-01-01 00:07:05 | INFO     | [SUCCESS] Day 17JAN
2026-01-01 00:07:05 | INFO     | [DAY_START] Processing 16JAN
2026-01-01 00:07:05 | INFO     | [lf.day.start] Processing CAI-JED for 16JAN
2026-01-01 00:07:06 | INFO     | [lf.day.flights_found] Found 5 flights on 16JAN
2026-01-01 00:07:08 | INFO     | [lf.flight.extracted] SM475 on 16JAN: BKG=173, LF=96.7%
2026-01-01 00:07:11 | INFO     | [lf.flight.extracted] SM477 on 16JAN: BKG=155, LF=86.6%
2026-01-01 00:07:15 | INFO     | [lf.flight.extracted] SM479 on 16JAN: BKG=145, LF=81.0%
2026-01-01 00:07:19 | INFO     | [lf.flight.extracted] SM471 on 16JAN: BKG=102, LF=57.0%
2026-01-01 00:07:22 | INFO     | [lf.flight.extracted] SM459 on 16JAN: BKG=155, LF=86.6%
2026-01-01 00:07:49 | INFO     | [SUCCESS] Day 16JAN
2026-01-01 00:07:49 | INFO     | [DAY_START] Processing 15JAN
2026-01-01 00:07:49 | INFO     | [lf.day.start] Processing CAI-JED for 15JAN
2026-01-01 00:07:50 | INFO     | [lf.day.flights_found] Found 6 flights on 15JAN
2026-01-01 00:07:52 | INFO     | [lf.flight.extracted] SM449 on 15JAN: BKG=127, LF=71.0%
2026-01-01 00:07:55 | INFO     | [lf.flight.extracted] SM475 on 15JAN: BKG=179, LF=100.0%
2026-01-01 00:07:59 | INFO     | [lf.flight.extracted] SM431 on 15JAN: BKG=175, LF=99.4%
2026-01-01 00:08:02 | INFO     | [lf.flight.extracted] SM477 on 15JAN: BKG=179, LF=100.0%
2026-01-01 00:08:06 | INFO     | [lf.flight.extracted] SM479 on 15JAN: BKG=179, LF=100.0%
2026-01-01 00:08:09 | INFO     | [lf.flight.extracted] SM423 on 15JAN: BKG=95, LF=53.1%
2026-01-01 00:08:34 | INFO     | [SUCCESS] Day 15JAN
2026-01-01 00:08:34 | INFO     | [DAY_START] Processing 14JAN
2026-01-01 00:08:34 | INFO     | [lf.day.start] Processing CAI-JED for 14JAN
2026-01-01 00:08:35 | INFO     | [lf.day.flights_found] Found 5 flights on 14JAN
2026-01-01 00:08:38 | INFO     | [lf.flight.extracted] SM423 on 14JAN: BKG=168, LF=93.8%
2026-01-01 00:08:42 | INFO     | [lf.flight.extracted] SM475 on 14JAN: BKG=94, LF=52.5%
2026-01-01 00:08:45 | INFO     | [lf.flight.extracted] SM459 on 14JAN: BKG=129, LF=72.1%
2026-01-01 00:08:48 | INFO     | [lf.flight.extracted] SM477 on 14JAN: BKG=176, LF=97.8%
2026-01-01 00:08:52 | INFO     | [lf.flight.extracted] SM471 on 14JAN: BKG=150, LF=83.8%
2026-01-01 00:09:10 | INFO     | [SUCCESS] Day 14JAN
2026-01-01 00:09:10 | INFO     | [DAY_START] Processing 13JAN
2026-01-01 00:09:10 | INFO     | [lf.day.start] Processing CAI-JED for 13JAN
2026-01-01 00:09:11 | INFO     | [lf.day.flights_found] Found 6 flights on 13JAN
2026-01-01 00:09:13 | INFO     | [lf.flight.extracted] SM471 on 13JAN: BKG=88, LF=49.2%
2026-01-01 00:09:16 | INFO     | [lf.flight.extracted] SM479 on 13JAN: BKG=177, LF=98.9%
2026-01-01 00:09:19 | INFO     | [lf.flight.extracted] SM477 on 13JAN: BKG=149, LF=83.2%
2026-01-01 00:09:23 | INFO     | [lf.flight.extracted] SM459 on 13JAN: BKG=63, LF=35.2%
2026-01-01 00:09:26 | INFO     | [lf.flight.extracted] SM423 on 13JAN: BKG=64, LF=35.8%
2026-01-01 00:09:29 | INFO     | [lf.flight.extracted] SM475 on 13JAN: BKG=83, LF=46.4%
2026-01-01 00:09:47 | INFO     | [SUCCESS] Day 13JAN
2026-01-01 00:09:47 | INFO     | [DAY_START] Processing 12JAN
2026-01-01 00:09:47 | INFO     | [lf.day.start] Processing CAI-JED for 12JAN
2026-01-01 00:09:48 | INFO     | [lf.day.flights_found] Found 3 flights on 12JAN
2026-01-01 00:09:50 | INFO     | [lf.flight.extracted] SM475 on 12JAN: BKG=115, LF=64.2%
2026-01-01 00:09:54 | INFO     | [lf.flight.extracted] SM477 on 12JAN: BKG=159, LF=88.8%
2026-01-01 00:09:57 | INFO     | [lf.flight.extracted] SM459 on 12JAN: BKG=40, LF=22.4%
2026-01-01 00:10:06 | INFO     | [SUCCESS] Day 12JAN
2026-01-01 00:10:06 | INFO     | [SUCCESS] LF Search Complete
2026-01-01 00:10:08 | INFO     | [Worker_9226] Completed: CAI-JED - 6 results, 0 errors
2026-01-01 00:10:08 | INFO     | [Worker_9226] Processing: CAI-JED
2026-01-01 00:10:08 | INFO     |   Tier 0: Range 2, Chunk 4/5 (6 days)
