2025-12-31 23:59:17 | INFO     | ======================================================================
2025-12-31 23:59:17 | INFO     | Load Factor Scraper Started - Route: CAI-AHB
2025-12-31 23:59:17 | INFO     | Log file: D:\CODERED\LAB\market_insights\outputs\run_generated_311225_at_23.27\logs\LF_CAI-AHB_20251231_235917.log
2025-12-31 23:59:17 | INFO     | Enhanced logging: Capturing both logging.info() and print()
2025-12-31 23:59:17 | INFO     | ======================================================================
2025-12-31 23:59:17 | INFO     | Starting LF search for route: CAI-AHB
2025-12-31 23:59:17 | INFO     | [START] LF Search
2025-12-31 23:59:18 | INFO     | [HEALTH CHECK] [OK] Chrome connection is healthy
2025-12-31 23:59:19 | INFO     | [DAY_START] Processing 24JAN
2025-12-31 23:59:19 | INFO     | [lf.day.start] Processing CAI-AHB for 24JAN
2025-12-31 23:59:20 | INFO     | [lf.day.flights_found] Found 1 flights on 24JAN
2025-12-31 23:59:22 | INFO     | [lf.flight.extracted] SM443 on 24JAN: BKG=53, LF=29.6%
2025-12-31 23:59:26 | INFO     | [SUCCESS] Day 24JAN
2025-12-31 23:59:26 | INFO     | [DAY_START] Processing 23JAN
2025-12-31 23:59:26 | INFO     | [lf.day.start] Processing CAI-AHB for 23JAN
2025-12-31 23:59:27 | WARNING  | [lf.day.no_flights] No direct flights on 23JAN
2025-12-31 23:59:27 | INFO     | [SUCCESS] Day 23JAN
2025-12-31 23:59:27 | INFO     | [DAY_START] Processing 22JAN
2025-12-31 23:59:27 | INFO     | [lf.day.start] Processing CAI-AHB for 22JAN
2025-12-31 23:59:28 | INFO     | [lf.day.flights_found] Found 1 flights on 22JAN
2025-12-31 23:59:31 | INFO     | [lf.flight.extracted] SM443 on 22JAN: BKG=54, LF=30.2%
2025-12-31 23:59:35 | INFO     | [SUCCESS] Day 22JAN
2025-12-31 23:59:35 | INFO     | [DAY_START] Processing 21JAN
2025-12-31 23:59:35 | INFO     | [lf.day.start] Processing CAI-AHB for 21JAN
2025-12-31 23:59:36 | INFO     | [lf.day.flights_found] Found 1 flights on 21JAN
2025-12-31 23:59:38 | INFO     | [lf.flight.extracted] SM447 on 21JAN: BKG=66, LF=37.5%
2025-12-31 23:59:43 | INFO     | [SUCCESS] Day 21JAN
2025-12-31 23:59:43 | INFO     | [DAY_START] Processing 20JAN
2025-12-31 23:59:43 | INFO     | [lf.day.start] Processing CAI-AHB for 20JAN
2025-12-31 23:59:45 | WARNING  | [lf.day.no_flights] No direct flights on 20JAN
2025-12-31 23:59:45 | INFO     | [SUCCESS] Day 20JAN
2025-12-31 23:59:45 | INFO     | [DAY_START] Processing 19JAN
2025-12-31 23:59:45 | INFO     | [lf.day.start] Processing CAI-AHB for 19JAN
2025-12-31 23:59:46 | WARNING  | [lf.day.no_flights] No direct flights on 19JAN
2025-12-31 23:59:46 | INFO     | [SUCCESS] Day 19JAN
2025-12-31 23:59:46 | INFO     | [SUCCESS] LF Search Complete
2025-12-31 23:59:48 | INFO     | [Worker_9222] Completed: CAI-AHB - 6 results, 0 errors
2025-12-31 23:59:48 | INFO     | [Worker_9222] Processing: ATZ-ELQ
2025-12-31 23:59:48 | INFO     |   Tier 0: Range 1, Chunk 2/5 (7 days)
