2025-12-31 23:41:33 | INFO     | ======================================================================
2025-12-31 23:41:33 | INFO     | Load Factor Scraper Started - Route: CAI-AJF
2025-12-31 23:41:33 | INFO     | Log file: D:\CODERED\LAB\market_insights\outputs\run_generated_311225_at_23.27\logs\LF_CAI-AJF_20251231_234133.log
2025-12-31 23:41:33 | INFO     | Enhanced logging: Capturing both logging.info() and print()
2025-12-31 23:41:33 | INFO     | ======================================================================
2025-12-31 23:41:33 | INFO     | Starting LF search for route: CAI-AJF
2025-12-31 23:41:33 | INFO     | [START] LF Search
2025-12-31 23:41:35 | INFO     | [HEALTH CHECK] [OK] Chrome connection is healthy
2025-12-31 23:41:35 | INFO     | [DAY_START] Processing 10FEB
2025-12-31 23:41:35 | INFO     | [lf.day.start] Processing CAI-AJF for 10FEB
2025-12-31 23:41:36 | INFO     | [lf.day.flights_found] Found 1 flights on 10FEB
2025-12-31 23:41:38 | INFO     | [lf.flight.extracted] SM321 on 10FEB: BKG=0, LF=0.0%
2025-12-31 23:41:39 | INFO     | [SUCCESS] Day 10FEB
2025-12-31 23:41:39 | INFO     | [DAY_START] Processing 09FEB
2025-12-31 23:41:39 | INFO     | [lf.day.start] Processing CAI-AJF for 09FEB
2025-12-31 23:41:41 | WARNING  | [lf.day.no_flights] No direct flights on 09FEB
2025-12-31 23:41:41 | INFO     | [SUCCESS] Day 09FEB
2025-12-31 23:41:41 | INFO     | [DAY_START] Processing 08FEB
2025-12-31 23:41:41 | INFO     | [lf.day.start] Processing CAI-AJF for 08FEB
2025-12-31 23:41:42 | WARNING  | [lf.day.no_flights] No direct flights on 08FEB
2025-12-31 23:41:42 | INFO     | [SUCCESS] Day 08FEB
2025-12-31 23:41:42 | INFO     | [DAY_START] Processing 07FEB
2025-12-31 23:41:42 | INFO     | [lf.day.start] Processing CAI-AJF for 07FEB
2025-12-31 23:41:43 | INFO     | [lf.day.flights_found] Found 1 flights on 07FEB
2025-12-31 23:41:46 | INFO     | [lf.flight.extracted] SM321 on 07FEB: BKG=8, LF=4.5%
2025-12-31 23:41:49 | INFO     | [SUCCESS] Day 07FEB
2025-12-31 23:41:49 | INFO     | [DAY_START] Processing 06FEB
2025-12-31 23:41:49 | INFO     | [lf.day.start] Processing CAI-AJF for 06FEB
2025-12-31 23:41:50 | WARNING  | [lf.day.no_flights] No direct flights on 06FEB
2025-12-31 23:41:50 | INFO     | [SUCCESS] Day 06FEB
2025-12-31 23:41:50 | INFO     | [SUCCESS] LF Search Complete
2025-12-31 23:41:52 | INFO     | [Worker_9223] Completed: CAI-AJF - 5 results, 0 errors
2025-12-31 23:41:52 | INFO     | [Worker_9223] Processing: ATZ-ELQ
2025-12-31 23:41:52 | INFO     |   Tier 0: Range 3, Chunk 4/5 (5 days)
