2026-01-01 00:10:23 | INFO     | ======================================================================
2026-01-01 00:10:23 | INFO     | Load Factor Scraper Started - Route: CAI-RUH
2026-01-01 00:10:23 | INFO     | Log file: D:\CODERED\LAB\market_insights\outputs\run_generated_311225_at_23.27\logs\LF_CAI-RUH_20260101_001023.log
2026-01-01 00:10:23 | INFO     | Enhanced logging: Capturing both logging.info() and print()
2026-01-01 00:10:23 | INFO     | ======================================================================
2026-01-01 00:10:23 | INFO     | Starting LF search for route: CAI-RUH
2026-01-01 00:10:23 | INFO     | [START] LF Search
2026-01-01 00:10:24 | INFO     | [HEALTH CHECK] [OK] Chrome connection is healthy
2026-01-01 00:10:24 | INFO     | [DAY_START] Processing 12JAN
2026-01-01 00:10:24 | INFO     | [lf.day.start] Processing CAI-RUH for 12JAN
2026-01-01 00:10:25 | INFO     | [lf.day.flights_found] Found 1 flights on 12JAN
2026-01-01 00:10:27 | INFO     | [lf.flight.extracted] SM469 on 12JAN: BKG=72, LF=40.2%
2026-01-01 00:10:32 | INFO     | [SUCCESS] Day 12JAN
2026-01-01 00:10:32 | INFO     | [DAY_START] Processing 11JAN
2026-01-01 00:10:32 | INFO     | [lf.day.start] Processing CAI-RUH for 11JAN
2026-01-01 00:10:33 | INFO     | [lf.day.flights_found] Found 1 flights on 11JAN
2026-01-01 00:10:35 | INFO     | [lf.flight.extracted] SM461 on 11JAN: BKG=64, LF=35.8%
2026-01-01 00:10:40 | INFO     | [SUCCESS] Day 11JAN
2026-01-01 00:10:40 | INFO     | [DAY_START] Processing 10JAN
2026-01-01 00:10:40 | INFO     | [lf.day.start] Processing CAI-RUH for 10JAN
2026-01-01 00:10:41 | INFO     | [lf.day.flights_found] Found 1 flights on 10JAN
2026-01-01 00:10:43 | INFO     | [lf.flight.extracted] SM461 on 10JAN: BKG=63, LF=35.2%
2026-01-01 00:10:47 | INFO     | [SUCCESS] Day 10JAN
2026-01-01 00:10:47 | INFO     | [DAY_START] Processing 09JAN
2026-01-01 00:10:47 | INFO     | [lf.day.start] Processing CAI-RUH for 09JAN
2026-01-01 00:10:48 | INFO     | [lf.day.flights_found] Found 2 flights on 09JAN
2026-01-01 00:10:50 | INFO     | [lf.flight.extracted] SM461 on 09JAN: BKG=56, LF=31.3%
2026-01-01 00:10:54 | INFO     | [lf.flight.extracted] SM469 on 09JAN: BKG=46, LF=25.7%
2026-01-01 00:11:02 | INFO     | [SUCCESS] Day 09JAN
2026-01-01 00:11:02 | INFO     | [DAY_START] Processing 08JAN
2026-01-01 00:11:02 | INFO     | [lf.day.start] Processing CAI-RUH for 08JAN
2026-01-01 00:11:03 | INFO     | [lf.day.flights_found] Found 1 flights on 08JAN
2026-01-01 00:11:05 | INFO     | [lf.flight.extracted] SM461 on 08JAN: BKG=87, LF=48.6%
2026-01-01 00:11:10 | INFO     | [SUCCESS] Day 08JAN
2026-01-01 00:11:10 | INFO     | [DAY_START] Processing 07JAN
2026-01-01 00:11:10 | INFO     | [lf.day.start] Processing CAI-RUH for 07JAN
2026-01-01 00:11:11 | INFO     | [lf.day.flights_found] Found 2 flights on 07JAN
2026-01-01 00:11:13 | INFO     | [lf.flight.extracted] SM461 on 07JAN: BKG=92, LF=51.4%
2026-01-01 00:11:17 | INFO     | [lf.flight.extracted] SM469 on 07JAN: BKG=65, LF=36.3%
2026-01-01 00:11:26 | INFO     | [SUCCESS] Day 07JAN
2026-01-01 00:11:26 | INFO     | [SUCCESS] LF Search Complete
2026-01-01 00:11:28 | INFO     | [Worker_9234] Completed: CAI-RUH - 6 results, 0 errors
2026-01-01 00:11:28 | INFO     | [Worker_9234] Processing: ATZ-ELQ
2026-01-01 00:11:28 | INFO     |   Tier 0: Range 2, Chunk 4/5 (6 days)
