2026-01-01 00:07:39 | INFO     | ======================================================================
2026-01-01 00:07:39 | INFO     | Load Factor Scraper Started - Route: CAI-AHB
2026-01-01 00:07:39 | INFO     | Log file: D:\CODERED\LAB\market_insights\outputs\run_generated_311225_at_23.27\logs\LF_CAI-AHB_20260101_000739.log
2026-01-01 00:07:39 | INFO     | Enhanced logging: Capturing both logging.info() and print()
2026-01-01 00:07:39 | INFO     | ======================================================================
2026-01-01 00:07:39 | INFO     | Starting LF search for route: CAI-AHB
2026-01-01 00:07:39 | INFO     | [START] LF Search
2026-01-01 00:07:40 | INFO     | [HEALTH CHECK] [OK] Chrome connection is healthy
2026-01-01 00:07:40 | INFO     | [DAY_START] Processing 17JAN
2026-01-01 00:07:40 | INFO     | [lf.day.start] Processing CAI-AHB for 17JAN
2026-01-01 00:07:41 | INFO     | [lf.day.flights_found] Found 1 flights on 17JAN
2026-01-01 00:07:43 | INFO     | [lf.flight.extracted] SM443 on 17JAN: BKG=87, LF=48.6%
2026-01-01 00:07:49 | INFO     | [SUCCESS] Day 17JAN
2026-01-01 00:07:49 | INFO     | [DAY_START] Processing 16JAN
2026-01-01 00:07:49 | INFO     | [lf.day.start] Processing CAI-AHB for 16JAN
2026-01-01 00:07:50 | WARNING  | [lf.day.no_flights] No direct flights on 16JAN
2026-01-01 00:07:50 | INFO     | [SUCCESS] Day 16JAN
2026-01-01 00:07:50 | INFO     | [DAY_START] Processing 15JAN
2026-01-01 00:07:50 | INFO     | [lf.day.start] Processing CAI-AHB for 15JAN
2026-01-01 00:07:51 | INFO     | [lf.day.flights_found] Found 1 flights on 15JAN
2026-01-01 00:07:53 | INFO     | [lf.flight.extracted] SM443 on 15JAN: BKG=82, LF=45.8%
2026-01-01 00:07:58 | INFO     | [SUCCESS] Day 15JAN
2026-01-01 00:07:58 | INFO     | [DAY_START] Processing 14JAN
2026-01-01 00:07:58 | INFO     | [lf.day.start] Processing CAI-AHB for 14JAN
2026-01-01 00:07:59 | INFO     | [lf.day.flights_found] Found 1 flights on 14JAN
2026-01-01 00:08:01 | INFO     | [lf.flight.extracted] SM447 on 14JAN: BKG=114, LF=63.7%
2026-01-01 00:08:07 | INFO     | [SUCCESS] Day 14JAN
2026-01-01 00:08:07 | INFO     | [DAY_START] Processing 13JAN
2026-01-01 00:08:07 | INFO     | [lf.day.start] Processing CAI-AHB for 13JAN
2026-01-01 00:08:08 | WARNING  | [lf.day.no_flights] No direct flights on 13JAN
2026-01-01 00:08:09 | INFO     | [SUCCESS] Day 13JAN
2026-01-01 00:08:09 | INFO     | [DAY_START] Processing 12JAN
2026-01-01 00:08:09 | INFO     | [lf.day.start] Processing CAI-AHB for 12JAN
2026-01-01 00:08:10 | WARNING  | [lf.day.no_flights] No direct flights on 12JAN
2026-01-01 00:08:10 | INFO     | [SUCCESS] Day 12JAN
2026-01-01 00:08:10 | INFO     | [SUCCESS] LF Search Complete
2026-01-01 00:08:12 | INFO     | [Worker_9222] Completed: CAI-AHB - 6 results, 0 errors
2026-01-01 00:08:12 | INFO     | [Worker_9222] Processing: JED-CAI
2026-01-01 00:08:12 | INFO     |   Tier 0: Range 2, Chunk 4/5 (6 days)
