2025-12-31 23:38:51 | INFO     | ======================================================================
2025-12-31 23:38:51 | INFO     | Load Factor Scraper Started - Route: CAI-GIZ
2025-12-31 23:38:51 | INFO     | Log file: D:\CODERED\LAB\market_insights\outputs\run_generated_311225_at_23.27\logs\LF_CAI-GIZ_20251231_233851.log
2025-12-31 23:38:51 | INFO     | Enhanced logging: Capturing both logging.info() and print()
2025-12-31 23:38:51 | INFO     | ======================================================================
2025-12-31 23:38:51 | INFO     | Starting LF search for route: CAI-GIZ
2025-12-31 23:38:51 | INFO     | [START] LF Search
2025-12-31 23:38:52 | INFO     | [HEALTH CHECK] [OK] Chrome connection is healthy
2025-12-31 23:38:52 | INFO     | [DAY_START] Processing 16FEB
2025-12-31 23:38:52 | INFO     | [lf.day.start] Processing CAI-GIZ for 16FEB
2025-12-31 23:38:53 | WARNING  | [lf.day.no_flights] No direct flights on 16FEB
2025-12-31 23:38:53 | INFO     | [SUCCESS] Day 16FEB
2025-12-31 23:38:53 | INFO     | [DAY_START] Processing 15FEB
2025-12-31 23:38:53 | INFO     | [lf.day.start] Processing CAI-GIZ for 15FEB
2025-12-31 23:38:55 | WARNING  | [lf.day.no_flights] No direct flights on 15FEB
2025-12-31 23:38:55 | INFO     | [SUCCESS] Day 15FEB
2025-12-31 23:38:55 | INFO     | [DAY_START] Processing 14FEB
2025-12-31 23:38:55 | INFO     | [lf.day.start] Processing CAI-GIZ for 14FEB
2025-12-31 23:38:56 | INFO     | [lf.day.flights_found] Found 1 flights on 14FEB
2025-12-31 23:38:58 | INFO     | [lf.flight.extracted] SM329 on 14FEB: BKG=8, LF=4.5%
2025-12-31 23:39:01 | INFO     | [SUCCESS] Day 14FEB
2025-12-31 23:39:01 | INFO     | [DAY_START] Processing 13FEB
2025-12-31 23:39:01 | INFO     | [lf.day.start] Processing CAI-GIZ for 13FEB
2025-12-31 23:39:02 | WARNING  | [lf.day.no_flights] No direct flights on 13FEB
2025-12-31 23:39:02 | INFO     | [SUCCESS] Day 13FEB
2025-12-31 23:39:02 | INFO     | [DAY_START] Processing 12FEB
2025-12-31 23:39:02 | INFO     | [lf.day.start] Processing CAI-GIZ for 12FEB
2025-12-31 23:39:03 | INFO     | [lf.day.flights_found] Found 1 flights on 12FEB
2025-12-31 23:39:05 | INFO     | [lf.flight.extracted] SM329 on 12FEB: BKG=5, LF=2.8%
2025-12-31 23:39:08 | INFO     | [SUCCESS] Day 12FEB
2025-12-31 23:39:08 | INFO     | [DAY_START] Processing 11FEB
2025-12-31 23:39:08 | INFO     | [lf.day.start] Processing CAI-GIZ for 11FEB
2025-12-31 23:39:09 | WARNING  | [lf.day.no_flights] No direct flights on 11FEB
2025-12-31 23:39:10 | INFO     | [SUCCESS] Day 11FEB
2025-12-31 23:39:10 | INFO     | [SUCCESS] LF Search Complete
2025-12-31 23:39:12 | INFO     | [Worker_9227] Completed: CAI-GIZ - 6 results, 0 errors
2025-12-31 23:39:12 | INFO     | [Worker_9227] Processing: JED-ATZ
2025-12-31 23:39:12 | INFO     |   Tier 0: Range 3, Chunk 4/5 (5 days)
