2025-12-31 23:44:34 | INFO     | ======================================================================
2025-12-31 23:44:34 | INFO     | Load Factor Scraper Started - Route: CAI-AHB
2025-12-31 23:44:34 | INFO     | Log file: D:\CODERED\LAB\market_insights\outputs\run_generated_311225_at_23.27\logs\LF_CAI-AHB_20251231_234434.log
2025-12-31 23:44:34 | INFO     | Enhanced logging: Capturing both logging.info() and print()
2025-12-31 23:44:34 | INFO     | ======================================================================
2025-12-31 23:44:34 | INFO     | Starting LF search for route: CAI-AHB
2025-12-31 23:44:34 | INFO     | [START] LF Search
2025-12-31 23:44:37 | INFO     | [HEALTH CHECK] [OK] Chrome connection is healthy
2025-12-31 23:44:37 | INFO     | [DAY_START] Processing 05FEB
2025-12-31 23:44:37 | INFO     | [lf.day.start] Processing CAI-AHB for 05FEB
2025-12-31 23:44:38 | INFO     | [lf.day.flights_found] Found 1 flights on 05FEB
2025-12-31 23:44:41 | INFO     | [lf.flight.extracted] SM443 on 05FEB: BKG=17, LF=9.5%
2025-12-31 23:44:44 | INFO     | [SUCCESS] Day 05FEB
2025-12-31 23:44:44 | INFO     | [DAY_START] Processing 04FEB
2025-12-31 23:44:44 | INFO     | [lf.day.start] Processing CAI-AHB for 04FEB
2025-12-31 23:44:46 | INFO     | [lf.day.flights_found] Found 1 flights on 04FEB
2025-12-31 23:44:48 | INFO     | [lf.flight.extracted] SM447 on 04FEB: BKG=14, LF=7.8%
2025-12-31 23:44:51 | INFO     | [SUCCESS] Day 04FEB
2025-12-31 23:44:51 | INFO     | [DAY_START] Processing 03FEB
2025-12-31 23:44:51 | INFO     | [lf.day.start] Processing CAI-AHB for 03FEB
2025-12-31 23:44:53 | WARNING  | [lf.day.no_flights] No direct flights on 03FEB
2025-12-31 23:44:53 | INFO     | [SUCCESS] Day 03FEB
2025-12-31 23:44:53 | INFO     | [DAY_START] Processing 02FEB
2025-12-31 23:44:53 | INFO     | [lf.day.start] Processing CAI-AHB for 02FEB
2025-12-31 23:44:54 | WARNING  | [lf.day.no_flights] No direct flights on 02FEB
2025-12-31 23:44:54 | INFO     | [SUCCESS] Day 02FEB
2025-12-31 23:44:54 | INFO     | [DAY_START] Processing 01FEB
2025-12-31 23:44:54 | INFO     | [lf.day.start] Processing CAI-AHB for 01FEB
2025-12-31 23:44:56 | WARNING  | [lf.day.no_flights] No direct flights on 01FEB
2025-12-31 23:44:56 | INFO     | [SUCCESS] Day 01FEB
2025-12-31 23:44:56 | INFO     | [SUCCESS] LF Search Complete
2025-12-31 23:44:58 | INFO     | [Worker_9223] Completed: CAI-AHB - 5 results, 0 errors
2025-12-31 23:44:58 | INFO     | [Worker_9223] Processing: MED-CAI
2025-12-31 23:44:58 | INFO     |   Tier 0: Range 1, Chunk 1/5 (7 days)
