2025-12-31 23:38:45 | INFO     | ======================================================================
2025-12-31 23:38:45 | INFO     | Load Factor Scraper Started - Route: CAI-ELQ
2025-12-31 23:38:45 | INFO     | Log file: D:\CODERED\LAB\market_insights\outputs\run_generated_311225_at_23.27\logs\LF_CAI-ELQ_20251231_233845.log
2025-12-31 23:38:45 | INFO     | Enhanced logging: Capturing both logging.info() and print()
2025-12-31 23:38:45 | INFO     | ======================================================================
2025-12-31 23:38:45 | INFO     | Starting LF search for route: CAI-ELQ
2025-12-31 23:38:45 | INFO     | [START] LF Search
2025-12-31 23:38:46 | INFO     | [HEALTH CHECK] [OK] Chrome connection is healthy
2025-12-31 23:38:46 | INFO     | [DAY_START] Processing 16FEB
2025-12-31 23:38:46 | INFO     | [lf.day.start] Processing CAI-ELQ for 16FEB
2025-12-31 23:38:47 | WARNING  | [lf.day.no_flights] No direct flights on 16FEB
2025-12-31 23:38:48 | INFO     | [SUCCESS] Day 16FEB
2025-12-31 23:38:48 | INFO     | [DAY_START] Processing 15FEB
2025-12-31 23:38:48 | INFO     | [lf.day.start] Processing CAI-ELQ for 15FEB
2025-12-31 23:38:49 | INFO     | [lf.day.flights_found] Found 1 flights on 15FEB
2025-12-31 23:38:51 | INFO     | [lf.flight.extracted] SM427 on 15FEB: BKG=3, LF=1.7%
2025-12-31 23:38:54 | INFO     | [SUCCESS] Day 15FEB
2025-12-31 23:38:54 | INFO     | [DAY_START] Processing 14FEB
2025-12-31 23:38:54 | INFO     | [lf.day.start] Processing CAI-ELQ for 14FEB
2025-12-31 23:38:55 | WARNING  | [lf.day.no_flights] No direct flights on 14FEB
2025-12-31 23:38:55 | INFO     | [SUCCESS] Day 14FEB
2025-12-31 23:38:55 | INFO     | [DAY_START] Processing 13FEB
2025-12-31 23:38:55 | INFO     | [lf.day.start] Processing CAI-ELQ for 13FEB
2025-12-31 23:38:56 | INFO     | [lf.day.flights_found] Found 1 flights on 13FEB
2025-12-31 23:38:58 | INFO     | [lf.flight.extracted] SM427 on 13FEB: BKG=5, LF=2.8%
2025-12-31 23:39:01 | INFO     | [SUCCESS] Day 13FEB
2025-12-31 23:39:01 | INFO     | [DAY_START] Processing 12FEB
2025-12-31 23:39:01 | INFO     | [lf.day.start] Processing CAI-ELQ for 12FEB
2025-12-31 23:39:02 | INFO     | [lf.day.flights_found] Found 1 flights on 12FEB
2025-12-31 23:39:04 | INFO     | [lf.flight.extracted] SM427 on 12FEB: BKG=1, LF=0.6%
2025-12-31 23:39:07 | INFO     | [SUCCESS] Day 12FEB
2025-12-31 23:39:07 | INFO     | [DAY_START] Processing 11FEB
2025-12-31 23:39:07 | INFO     | [lf.day.start] Processing CAI-ELQ for 11FEB
2025-12-31 23:39:08 | WARNING  | [lf.day.no_flights] No direct flights on 11FEB
2025-12-31 23:39:09 | INFO     | [SUCCESS] Day 11FEB
2025-12-31 23:39:09 | INFO     | [SUCCESS] LF Search Complete
2025-12-31 23:39:11 | INFO     | [Worker_9226] Completed: CAI-ELQ - 6 results, 0 errors
2025-12-31 23:39:11 | INFO     | [Worker_9226] Processing: JED-HBE
2025-12-31 23:39:11 | INFO     |   Tier 0: Range 3, Chunk 4/5 (5 days)
