2025-12-31 23:52:35 | INFO     | ======================================================================
2025-12-31 23:52:35 | INFO     | Load Factor Scraper Started - Route: CAI-ELQ
2025-12-31 23:52:35 | INFO     | Log file: D:\CODERED\LAB\market_insights\outputs\run_generated_311225_at_23.27\logs\LF_CAI-ELQ_20251231_235235.log
2025-12-31 23:52:35 | INFO     | Enhanced logging: Capturing both logging.info() and print()
2025-12-31 23:52:35 | INFO     | ======================================================================
2025-12-31 23:52:35 | INFO     | Starting LF search for route: CAI-ELQ
2025-12-31 23:52:35 | INFO     | [START] LF Search
2025-12-31 23:52:38 | INFO     | [HEALTH CHECK] [OK] Chrome connection is healthy
2025-12-31 23:52:38 | INFO     | [DAY_START] Processing 31JAN
2025-12-31 23:52:38 | INFO     | [lf.day.start] Processing CAI-ELQ for 31JAN
2025-12-31 23:52:39 | WARNING  | [lf.day.no_flights] No direct flights on 31JAN
2025-12-31 23:52:39 | INFO     | [SUCCESS] Day 31JAN
2025-12-31 23:52:39 | INFO     | [DAY_START] Processing 30JAN
2025-12-31 23:52:39 | INFO     | [lf.day.start] Processing CAI-ELQ for 30JAN
2025-12-31 23:52:40 | INFO     | [lf.day.flights_found] Found 1 flights on 30JAN
2025-12-31 23:52:43 | INFO     | [lf.flight.extracted] SM427 on 30JAN: BKG=18, LF=10.1%
2025-12-31 23:52:46 | INFO     | [SUCCESS] Day 30JAN
2025-12-31 23:52:46 | INFO     | [DAY_START] Processing 29JAN
2025-12-31 23:52:46 | INFO     | [lf.day.start] Processing CAI-ELQ for 29JAN
2025-12-31 23:52:47 | INFO     | [lf.day.flights_found] Found 1 flights on 29JAN
2025-12-31 23:52:49 | INFO     | [lf.flight.extracted] SM427 on 29JAN: BKG=8, LF=4.5%
2025-12-31 23:52:52 | INFO     | [SUCCESS] Day 29JAN
2025-12-31 23:52:52 | INFO     | [DAY_START] Processing 28JAN
2025-12-31 23:52:52 | INFO     | [lf.day.start] Processing CAI-ELQ for 28JAN
2025-12-31 23:52:53 | WARNING  | [lf.day.no_flights] No direct flights on 28JAN
2025-12-31 23:52:54 | INFO     | [SUCCESS] Day 28JAN
2025-12-31 23:52:54 | INFO     | [DAY_START] Processing 27JAN
2025-12-31 23:52:54 | INFO     | [lf.day.start] Processing CAI-ELQ for 27JAN
2025-12-31 23:52:55 | WARNING  | [lf.day.no_flights] No direct flights on 27JAN
2025-12-31 23:52:55 | INFO     | [SUCCESS] Day 27JAN
2025-12-31 23:52:55 | INFO     | [DAY_START] Processing 26JAN
2025-12-31 23:52:55 | INFO     | [lf.day.start] Processing CAI-ELQ for 26JAN
2025-12-31 23:52:56 | WARNING  | [lf.day.no_flights] No direct flights on 26JAN
2025-12-31 23:52:56 | INFO     | [SUCCESS] Day 26JAN
2025-12-31 23:52:56 | INFO     | [DAY_START] Processing 25JAN
2025-12-31 23:52:56 | INFO     | [lf.day.start] Processing CAI-ELQ for 25JAN
2025-12-31 23:52:58 | INFO     | [lf.day.flights_found] Found 1 flights on 25JAN
2025-12-31 23:53:00 | INFO     | [lf.flight.extracted] SM427 on 25JAN: BKG=43, LF=24.0%
2025-12-31 23:53:05 | INFO     | [SUCCESS] Day 25JAN
2025-12-31 23:53:05 | INFO     | [SUCCESS] LF Search Complete
2025-12-31 23:53:07 | INFO     | [Worker_9234] Completed: CAI-ELQ - 7 results, 0 errors
2025-12-31 23:53:07 | INFO     | [Worker_9234] Processing: JED-CAI
2025-12-31 23:53:07 | INFO     |   Tier 0: Range 2, Chunk 2/5 (6 days)
