2026-01-01 00:10:08 | INFO     | ======================================================================
2026-01-01 00:10:08 | INFO     | Load Factor Scraper Started - Route: CAI-JED
2026-01-01 00:10:08 | INFO     | Log file: D:\CODERED\LAB\market_insights\outputs\run_generated_311225_at_23.27\logs\LF_CAI-JED_20260101_001008.log
2026-01-01 00:10:08 | INFO     | Enhanced logging: Capturing both logging.info() and print()
2026-01-01 00:10:08 | INFO     | ======================================================================
2026-01-01 00:10:08 | INFO     | Starting LF search for route: CAI-JED
2026-01-01 00:10:08 | INFO     | [START] LF Search
2026-01-01 00:10:09 | INFO     | [HEALTH CHECK] [OK] Chrome connection is healthy
2026-01-01 00:10:09 | INFO     | [DAY_START] Processing 12JAN
2026-01-01 00:10:09 | INFO     | [lf.day.start] Processing CAI-JED for 12JAN
2026-01-01 00:10:10 | INFO     | [lf.day.flights_found] Found 3 flights on 12JAN
2026-01-01 00:10:13 | INFO     | [lf.flight.extracted] SM475 on 12JAN: BKG=115, LF=64.2%
2026-01-01 00:10:16 | INFO     | [lf.flight.extracted] SM477 on 12JAN: BKG=159, LF=88.8%
2026-01-01 00:10:19 | INFO     | [lf.flight.extracted] SM459 on 12JAN: BKG=40, LF=22.4%
2026-01-01 00:10:28 | INFO     | [SUCCESS] Day 12JAN
2026-01-01 00:10:28 | INFO     | [DAY_START] Processing 11JAN
2026-01-01 00:10:28 | INFO     | [lf.day.start] Processing CAI-JED for 11JAN
2026-01-01 00:10:29 | INFO     | [lf.day.flights_found] Found 5 flights on 11JAN
2026-01-01 00:10:31 | INFO     | [lf.flight.extracted] SM475 on 11JAN: BKG=78, LF=43.6%
2026-01-01 00:10:35 | INFO     | [lf.flight.extracted] SM431 on 11JAN: BKG=32, LF=17.9%
2026-01-01 00:10:38 | INFO     | [lf.flight.extracted] SM459 on 11JAN: BKG=104, LF=58.1%
2026-01-01 00:10:41 | INFO     | [lf.flight.extracted] SM477 on 11JAN: BKG=173, LF=96.7%
2026-01-01 00:10:45 | INFO     | [lf.flight.extracted] SM479 on 11JAN: BKG=45, LF=25.6%
2026-01-01 00:11:00 | INFO     | [SUCCESS] Day 11JAN
2026-01-01 00:11:00 | INFO     | [DAY_START] Processing 10JAN
2026-01-01 00:11:00 | INFO     | [lf.day.start] Processing CAI-JED for 10JAN
2026-01-01 00:11:01 | INFO     | [lf.day.flights_found] Found 4 flights on 10JAN
2026-01-01 00:11:03 | INFO     | [lf.flight.extracted] SM449 on 10JAN: BKG=170, LF=95.0%
2026-01-01 00:11:07 | INFO     | [lf.flight.extracted] SM475 on 10JAN: BKG=179, LF=100.0%
2026-01-01 00:11:10 | INFO     | [lf.flight.extracted] SM477 on 10JAN: BKG=180, LF=100.0%
2026-01-01 00:11:14 | INFO     | [lf.flight.extracted] SM423 on 10JAN: BKG=51, LF=28.5%
2026-01-01 00:11:28 | INFO     | [SUCCESS] Day 10JAN
2026-01-01 00:11:28 | INFO     | [DAY_START] Processing 09JAN
2026-01-01 00:11:28 | INFO     | [lf.day.start] Processing CAI-JED for 09JAN
2026-01-01 00:11:29 | INFO     | [lf.day.flights_found] Found 5 flights on 09JAN
2026-01-01 00:11:31 | INFO     | [lf.flight.extracted] SM475 on 09JAN: BKG=31, LF=17.3%
2026-01-01 00:11:34 | INFO     | [lf.flight.extracted] SM477 on 09JAN: BKG=25, LF=14.0%
2026-01-01 00:11:38 | INFO     | [lf.flight.extracted] SM479 on 09JAN: BKG=79, LF=44.1%
2026-01-01 00:11:41 | INFO     | [lf.flight.extracted] SM471 on 09JAN: BKG=51, LF=28.5%
2026-01-01 00:11:45 | INFO     | [lf.flight.extracted] SM459 on 09JAN: BKG=54, LF=30.2%
2026-01-01 00:12:02 | INFO     | [SUCCESS] Day 09JAN
2026-01-01 00:12:02 | INFO     | [DAY_START] Processing 08JAN
2026-01-01 00:12:02 | INFO     | [lf.day.start] Processing CAI-JED for 08JAN
2026-01-01 00:12:03 | INFO     | [lf.day.flights_found] Found 6 flights on 08JAN
2026-01-01 00:12:05 | INFO     | [lf.flight.extracted] SM449 on 08JAN: BKG=39, LF=21.8%
2026-01-01 00:12:08 | INFO     | [lf.flight.extracted] SM475 on 08JAN: BKG=64, LF=35.8%
2026-01-01 00:12:12 | INFO     | [lf.flight.extracted] SM431 on 08JAN: BKG=65, LF=36.3%
2026-01-01 00:12:15 | INFO     | [lf.flight.extracted] SM477 on 08JAN: BKG=103, LF=57.2%
2026-01-01 00:12:19 | INFO     | [lf.flight.extracted] SM479 on 08JAN: BKG=179, LF=100.0%
2026-01-01 00:12:22 | INFO     | [lf.flight.extracted] SM423 on 08JAN: BKG=71, LF=39.7%
2026-01-01 00:12:43 | INFO     | [SUCCESS] Day 08JAN
2026-01-01 00:12:43 | INFO     | [DAY_START] Processing 07JAN
2026-01-01 00:12:43 | INFO     | [lf.day.start] Processing CAI-JED for 07JAN
2026-01-01 00:12:44 | INFO     | [lf.day.flights_found] Found 5 flights on 07JAN
2026-01-01 00:12:46 | INFO     | [lf.flight.extracted] SM423 on 07JAN: BKG=137, LF=76.5%
2026-01-01 00:12:49 | INFO     | [lf.flight.extracted] SM475 on 07JAN: BKG=103, LF=57.5%
2026-01-01 00:12:53 | INFO     | [lf.flight.extracted] SM459 on 07JAN: BKG=106, LF=59.2%
2026-01-01 00:12:56 | INFO     | [lf.flight.extracted] SM477 on 07JAN: BKG=142, LF=79.3%
2026-01-01 00:12:59 | INFO     | [lf.flight.extracted] SM471 on 07JAN: BKG=61, LF=34.1%
2026-01-01 00:13:19 | INFO     | [SUCCESS] Day 07JAN
2026-01-01 00:13:19 | INFO     | [SUCCESS] LF Search Complete
2026-01-01 00:13:21 | INFO     | [Worker_9226] Completed: CAI-JED - 6 results, 0 errors
2026-01-01 00:13:21 | INFO     | [Worker_9226] Processing: ELQ-CAI
2026-01-01 00:13:21 | INFO     |   Tier 0: Range 1, Chunk 4/5 (6 days)
