2025-12-31 23:41:49 | INFO     | ======================================================================
2025-12-31 23:41:49 | INFO     | Load Factor Scraper Started - Route: CAI-ELQ
2025-12-31 23:41:49 | INFO     | Log file: D:\CODERED\LAB\market_insights\outputs\run_generated_311225_at_23.27\logs\LF_CAI-ELQ_20251231_234149.log
2025-12-31 23:41:49 | INFO     | Enhanced logging: Capturing both logging.info() and print()
2025-12-31 23:41:49 | INFO     | ======================================================================
2025-12-31 23:41:49 | INFO     | Starting LF search for route: CAI-ELQ
2025-12-31 23:41:49 | INFO     | [START] LF Search
2025-12-31 23:41:51 | INFO     | [HEALTH CHECK] [OK] Chrome connection is healthy
2025-12-31 23:41:51 | INFO     | [DAY_START] Processing 10FEB
2025-12-31 23:41:51 | INFO     | [lf.day.start] Processing CAI-ELQ for 10FEB
2025-12-31 23:41:52 | WARNING  | [lf.day.no_flights] No direct flights on 10FEB
2025-12-31 23:41:52 | INFO     | [SUCCESS] Day 10FEB
2025-12-31 23:41:52 | INFO     | [DAY_START] Processing 09FEB
2025-12-31 23:41:52 | INFO     | [lf.day.start] Processing CAI-ELQ for 09FEB
2025-12-31 23:41:53 | WARNING  | [lf.day.no_flights] No direct flights on 09FEB
2025-12-31 23:41:53 | INFO     | [SUCCESS] Day 09FEB
2025-12-31 23:41:53 | INFO     | [DAY_START] Processing 08FEB
2025-12-31 23:41:53 | INFO     | [lf.day.start] Processing CAI-ELQ for 08FEB
2025-12-31 23:41:54 | INFO     | [lf.day.flights_found] Found 1 flights on 08FEB
2025-12-31 23:41:57 | INFO     | [lf.flight.extracted] SM427 on 08FEB: BKG=6, LF=3.4%
2025-12-31 23:42:00 | INFO     | [SUCCESS] Day 08FEB
2025-12-31 23:42:00 | INFO     | [DAY_START] Processing 07FEB
2025-12-31 23:42:00 | INFO     | [lf.day.start] Processing CAI-ELQ for 07FEB
2025-12-31 23:42:01 | WARNING  | [lf.day.no_flights] No direct flights on 07FEB
2025-12-31 23:42:02 | INFO     | [SUCCESS] Day 07FEB
2025-12-31 23:42:02 | INFO     | [DAY_START] Processing 06FEB
2025-12-31 23:42:02 | INFO     | [lf.day.start] Processing CAI-ELQ for 06FEB
2025-12-31 23:42:03 | INFO     | [lf.day.flights_found] Found 1 flights on 06FEB
2025-12-31 23:42:05 | INFO     | [lf.flight.extracted] SM427 on 06FEB: BKG=12, LF=6.7%
2025-12-31 23:42:08 | INFO     | [SUCCESS] Day 06FEB
2025-12-31 23:42:08 | INFO     | [SUCCESS] LF Search Complete
2025-12-31 23:42:10 | INFO     | [Worker_9232] Completed: CAI-ELQ - 5 results, 0 errors
2025-12-31 23:42:10 | INFO     | [Worker_9232] Processing: JED-HBE
2025-12-31 23:42:10 | INFO     |   Tier 0: Range 3, Chunk 5/5 (5 days)
