2026-01-01 00:14:55 | INFO     | ======================================================================
2026-01-01 00:14:55 | INFO     | Load Factor Scraper Started - Route: CAI-AHB
2026-01-01 00:14:55 | INFO     | Log file: D:\CODERED\LAB\market_insights\outputs\run_generated_311225_at_23.27\logs\LF_CAI-AHB_20260101_001455.log
2026-01-01 00:14:55 | INFO     | Enhanced logging: Capturing both logging.info() and print()
2026-01-01 00:14:55 | INFO     | ======================================================================
2026-01-01 00:14:55 | INFO     | Starting LF search for route: CAI-AHB
2026-01-01 00:14:55 | INFO     | [START] LF Search
2026-01-01 00:14:56 | INFO     | [HEALTH CHECK] [OK] Chrome connection is healthy
2026-01-01 00:14:56 | INFO     | [DAY_START] Processing 11JAN
2026-01-01 00:14:56 | INFO     | [lf.day.start] Processing CAI-AHB for 11JAN
2026-01-01 00:14:57 | WARNING  | [lf.day.no_flights] No direct flights on 11JAN
2026-01-01 00:14:57 | INFO     | [SUCCESS] Day 11JAN
2026-01-01 00:14:57 | INFO     | [DAY_START] Processing 10JAN
2026-01-01 00:14:57 | INFO     | [lf.day.start] Processing CAI-AHB for 10JAN
2026-01-01 00:14:59 | INFO     | [lf.day.flights_found] Found 1 flights on 10JAN
2026-01-01 00:15:01 | INFO     | [lf.flight.extracted] SM443 on 10JAN: BKG=90, LF=50.3%
2026-01-01 00:15:06 | INFO     | [SUCCESS] Day 10JAN
2026-01-01 00:15:06 | INFO     | [DAY_START] Processing 09JAN
2026-01-01 00:15:06 | INFO     | [lf.day.start] Processing CAI-AHB for 09JAN
2026-01-01 00:15:07 | WARNING  | [lf.day.no_flights] No direct flights on 09JAN
2026-01-01 00:15:08 | INFO     | [SUCCESS] Day 09JAN
2026-01-01 00:15:08 | INFO     | [DAY_START] Processing 08JAN
2026-01-01 00:15:08 | INFO     | [lf.day.start] Processing CAI-AHB for 08JAN
2026-01-01 00:15:09 | INFO     | [lf.day.flights_found] Found 1 flights on 08JAN
2026-01-01 00:15:11 | INFO     | [lf.flight.extracted] SM443 on 08JAN: BKG=106, LF=59.2%
2026-01-01 00:15:17 | INFO     | [SUCCESS] Day 08JAN
2026-01-01 00:15:17 | INFO     | [DAY_START] Processing 07JAN
2026-01-01 00:15:17 | INFO     | [lf.day.start] Processing CAI-AHB for 07JAN
2026-01-01 00:15:18 | INFO     | [lf.day.flights_found] Found 1 flights on 07JAN
2026-01-01 00:15:20 | INFO     | [lf.flight.extracted] SM447 on 07JAN: BKG=86, LF=48.0%
2026-01-01 00:15:25 | INFO     | [SUCCESS] Day 07JAN
2026-01-01 00:15:25 | INFO     | [DAY_START] Processing 06JAN
2026-01-01 00:15:25 | INFO     | [lf.day.start] Processing CAI-AHB for 06JAN
2026-01-01 00:15:26 | WARNING  | [lf.day.no_flights] No direct flights on 06JAN
2026-01-01 00:15:26 | INFO     | [SUCCESS] Day 06JAN
2026-01-01 00:15:26 | INFO     | [SUCCESS] LF Search Complete
2026-01-01 00:15:28 | INFO     | [Worker_9225] Completed: CAI-AHB - 6 results, 0 errors
2026-01-01 00:15:28 | INFO     | [Worker_9225] Processing: MED-ATZ
2026-01-01 00:15:28 | INFO     |   Tier 0: Range 2, Chunk 5/5 (6 days)
