2025-12-31 23:31:00 | INFO     | ======================================================================
2025-12-31 23:31:00 | INFO     | Load Factor Scraper Started - Route: CAI-MED
2025-12-31 23:31:00 | INFO     | Log file: D:\CODERED\LAB\market_insights\outputs\run_generated_311225_at_23.27\logs\LF_CAI-MED_20251231_233100.log
2025-12-31 23:31:00 | INFO     | Enhanced logging: Capturing both logging.info() and print()
2025-12-31 23:31:00 | INFO     | ======================================================================
2025-12-31 23:31:00 | INFO     | Starting LF search for route: CAI-MED
2025-12-31 23:31:00 | INFO     | [START] LF Search
2025-12-31 23:31:02 | INFO     | [HEALTH CHECK] [OK] Chrome connection is healthy
2025-12-31 23:31:02 | INFO     | [DAY_START] Processing 28FEB
2025-12-31 23:31:02 | INFO     | [lf.day.start] Processing CAI-MED for 28FEB
2025-12-31 23:31:03 | INFO     | [lf.day.flights_found] Found 1 flights on 28FEB
2025-12-31 23:31:05 | INFO     | [lf.flight.extracted] SM493 on 28FEB: BKG=177, LF=98.9%
2025-12-31 23:31:10 | INFO     | [SUCCESS] Day 28FEB
2025-12-31 23:31:10 | INFO     | [DAY_START] Processing 27FEB
2025-12-31 23:31:10 | INFO     | [lf.day.start] Processing CAI-MED for 27FEB
2025-12-31 23:31:11 | WARNING  | [lf.day.no_flights] No direct flights on 27FEB
2025-12-31 23:31:11 | INFO     | [SUCCESS] Day 27FEB
2025-12-31 23:31:11 | INFO     | [DAY_START] Processing 26FEB
2025-12-31 23:31:11 | INFO     | [lf.day.start] Processing CAI-MED for 26FEB
2025-12-31 23:31:12 | INFO     | [lf.day.flights_found] Found 1 flights on 26FEB
2025-12-31 23:31:14 | INFO     | [lf.flight.extracted] SM493 on 26FEB: BKG=140, LF=79.5%
2025-12-31 23:31:19 | INFO     | [SUCCESS] Day 26FEB
2025-12-31 23:31:19 | INFO     | [DAY_START] Processing 25FEB
2025-12-31 23:31:19 | INFO     | [lf.day.start] Processing CAI-MED for 25FEB
2025-12-31 23:31:20 | WARNING  | [lf.day.no_flights] No direct flights on 25FEB
2025-12-31 23:31:20 | INFO     | [SUCCESS] Day 25FEB
2025-12-31 23:31:20 | INFO     | [DAY_START] Processing 24FEB
2025-12-31 23:31:20 | INFO     | [lf.day.start] Processing CAI-MED for 24FEB
2025-12-31 23:31:21 | INFO     | [lf.day.flights_found] Found 1 flights on 24FEB
2025-12-31 23:31:23 | INFO     | [lf.flight.extracted] SM493 on 24FEB: BKG=170, LF=95.0%
2025-12-31 23:31:27 | INFO     | [SUCCESS] Day 24FEB
2025-12-31 23:31:27 | INFO     | [DAY_START] Processing 23FEB
2025-12-31 23:31:27 | INFO     | [lf.day.start] Processing CAI-MED for 23FEB
2025-12-31 23:31:28 | INFO     | [lf.day.flights_found] Found 1 flights on 23FEB
2025-12-31 23:31:30 | INFO     | [lf.flight.extracted] SM495 on 23FEB: BKG=153, LF=85.5%
2025-12-31 23:31:34 | INFO     | [SUCCESS] Day 23FEB
2025-12-31 23:31:34 | INFO     | [SUCCESS] LF Search Complete
2025-12-31 23:31:36 | INFO     | [Worker_9222] Completed: CAI-MED - 6 results, 0 errors
2025-12-31 23:31:36 | INFO     | [Worker_9222] Processing: CAI-DMM
2025-12-31 23:31:36 | INFO     |   Tier 0: Range 3, Chunk 1/5 (6 days)
