2026-01-01 00:17:19 | INFO     | ======================================================================
2026-01-01 00:17:19 | INFO     | Load Factor Scraper Started - Route: CAI-JED
2026-01-01 00:17:19 | INFO     | Log file: D:\CODERED\LAB\market_insights\outputs\run_generated_311225_at_23.27\logs\LF_CAI-JED_20260101_001719.log
2026-01-01 00:17:19 | INFO     | Enhanced logging: Capturing both logging.info() and print()
2026-01-01 00:17:19 | INFO     | ======================================================================
2026-01-01 00:17:19 | INFO     | Starting LF search for route: CAI-JED
2026-01-01 00:17:19 | INFO     | [START] LF Search
2026-01-01 00:17:20 | INFO     | [HEALTH CHECK] [OK] Chrome connection is healthy
2026-01-01 00:17:20 | INFO     | [DAY_START] Processing 06JAN
2026-01-01 00:17:20 | INFO     | [lf.day.start] Processing CAI-JED for 06JAN
2026-01-01 00:17:23 | INFO     | [lf.day.flights_found] Found 6 flights on 06JAN
2026-01-01 00:17:25 | INFO     | [lf.flight.extracted] SM471 on 06JAN: BKG=82, LF=45.8%
2026-01-01 00:17:29 | INFO     | [lf.flight.extracted] SM479 on 06JAN: BKG=113, LF=63.1%
2026-01-01 00:17:32 | INFO     | [lf.flight.extracted] SM477 on 06JAN: BKG=123, LF=68.7%
2026-01-01 00:17:36 | INFO     | [lf.flight.extracted] SM459 on 06JAN: BKG=179, LF=100.0%
2026-01-01 00:17:39 | INFO     | [lf.flight.extracted] SM423 on 06JAN: BKG=64, LF=35.8%
2026-01-01 00:17:43 | INFO     | [lf.flight.extracted] SM475 on 06JAN: BKG=85, LF=47.2%
2026-01-01 00:18:04 | INFO     | [SUCCESS] Day 06JAN
2026-01-01 00:18:04 | INFO     | [DAY_START] Processing 05JAN
2026-01-01 00:18:04 | INFO     | [lf.day.start] Processing CAI-JED for 05JAN
2026-01-01 00:18:05 | INFO     | [lf.day.flights_found] Found 3 flights on 05JAN
2026-01-01 00:18:07 | INFO     | [lf.flight.extracted] SM475 on 05JAN: BKG=137, LF=76.5%
2026-01-01 00:18:11 | INFO     | [lf.flight.extracted] SM477 on 05JAN: BKG=118, LF=65.9%
2026-01-01 00:18:15 | INFO     | [lf.flight.extracted] SM459 on 05JAN: BKG=133, LF=74.3%
2026-01-01 00:18:31 | INFO     | [SUCCESS] Day 05JAN
2026-01-01 00:18:31 | INFO     | [DAY_START] Processing 04JAN
2026-01-01 00:18:31 | INFO     | [lf.day.start] Processing CAI-JED for 04JAN
2026-01-01 00:18:32 | INFO     | [lf.day.flights_found] Found 5 flights on 04JAN
2026-01-01 00:18:34 | INFO     | [lf.flight.extracted] SM475 on 04JAN: BKG=39, LF=21.8%
2026-01-01 00:18:38 | INFO     | [lf.flight.extracted] SM431 on 04JAN: BKG=64, LF=35.8%
2026-01-01 00:18:42 | INFO     | [lf.flight.extracted] SM459 on 04JAN: BKG=169, LF=94.4%
2026-01-01 00:18:45 | INFO     | [lf.flight.extracted] SM477 on 04JAN: BKG=111, LF=62.0%
2026-01-01 00:18:49 | INFO     | [lf.flight.extracted] SM479 on 04JAN: BKG=69, LF=38.6%
2026-01-01 00:19:11 | INFO     | [SUCCESS] Day 04JAN
2026-01-01 00:19:11 | INFO     | [DAY_START] Processing 03JAN
2026-01-01 00:19:11 | INFO     | [lf.day.start] Processing CAI-JED for 03JAN
2026-01-01 00:19:12 | INFO     | [lf.day.flights_found] Found 4 flights on 03JAN
2026-01-01 00:19:14 | INFO     | [lf.flight.extracted] SM449 on 03JAN: BKG=80, LF=44.7%
2026-01-01 00:19:17 | INFO     | [lf.flight.extracted] SM475 on 03JAN: BKG=88, LF=49.2%
2026-01-01 00:19:21 | INFO     | [lf.flight.extracted] SM477 on 03JAN: BKG=174, LF=97.2%
2026-01-01 00:19:26 | INFO     | [lf.flight.extracted] SM423 on 03JAN: BKG=104, LF=58.1%
2026-01-01 00:19:47 | INFO     | [SUCCESS] Day 03JAN
2026-01-01 00:19:47 | INFO     | [DAY_START] Processing 02JAN
2026-01-01 00:19:47 | INFO     | [lf.day.start] Processing CAI-JED for 02JAN
2026-01-01 00:19:48 | INFO     | [lf.day.flights_found] Found 4 flights on 02JAN
2026-01-01 00:19:50 | INFO     | [lf.flight.extracted] SM475 on 02JAN: BKG=154, LF=86.0%
2026-01-01 00:19:53 | INFO     | [lf.flight.extracted] SM479 on 02JAN: BKG=65, LF=36.3%
2026-01-01 00:19:57 | INFO     | [lf.flight.extracted] SM471 on 02JAN: BKG=54, LF=30.2%
2026-01-01 00:20:01 | INFO     | [lf.flight.extracted] SM459 on 02JAN: BKG=67, LF=37.4%
2026-01-01 00:20:19 | INFO     | [SUCCESS] Day 02JAN
2026-01-01 00:20:19 | INFO     | [SUCCESS] LF Search Complete
2026-01-01 00:20:21 | INFO     | [Worker_9225] Completed: CAI-JED - 5 results, 0 errors
2026-01-01 00:20:21 | INFO     | [Worker_9225] Processing: ATZ-MED
2026-01-01 00:20:21 | INFO     |   Tier 0: Range 1, Chunk 5/5 (6 days)
