2026-01-01 00:10:59 | INFO     | ======================================================================
2026-01-01 00:10:59 | INFO     | Load Factor Scraper Started - Route: CAI-AJF
2026-01-01 00:10:59 | INFO     | Log file: D:\CODERED\LAB\market_insights\outputs\run_generated_311225_at_23.27\logs\LF_CAI-AJF_20260101_001059.log
2026-01-01 00:10:59 | INFO     | Enhanced logging: Capturing both logging.info() and print()
2026-01-01 00:10:59 | INFO     | ======================================================================
2026-01-01 00:10:59 | INFO     | Starting LF search for route: CAI-AJF
2026-01-01 00:10:59 | INFO     | [START] LF Search
2026-01-01 00:11:00 | INFO     | [HEALTH CHECK] [OK] Chrome connection is healthy
2026-01-01 00:11:01 | INFO     | [DAY_START] Processing 12JAN
2026-01-01 00:11:01 | INFO     | [lf.day.start] Processing CAI-AJF for 12JAN
2026-01-01 00:11:02 | WARNING  | [lf.day.no_flights] No direct flights on 12JAN
2026-01-01 00:11:02 | INFO     | [SUCCESS] Day 12JAN
2026-01-01 00:11:02 | INFO     | [DAY_START] Processing 11JAN
2026-01-01 00:11:02 | INFO     | [lf.day.start] Processing CAI-AJF for 11JAN
2026-01-01 00:11:03 | WARNING  | [lf.day.no_flights] No direct flights on 11JAN
2026-01-01 00:11:03 | INFO     | [SUCCESS] Day 11JAN
2026-01-01 00:11:03 | INFO     | [DAY_START] Processing 10JAN
2026-01-01 00:11:03 | INFO     | [lf.day.start] Processing CAI-AJF for 10JAN
2026-01-01 00:11:04 | INFO     | [lf.day.flights_found] Found 1 flights on 10JAN
2026-01-01 00:11:06 | INFO     | [lf.flight.extracted] SM321 on 10JAN: BKG=97, LF=54.2%
2026-01-01 00:11:12 | INFO     | [SUCCESS] Day 10JAN
2026-01-01 00:11:12 | INFO     | [DAY_START] Processing 09JAN
2026-01-01 00:11:12 | INFO     | [lf.day.start] Processing CAI-AJF for 09JAN
2026-01-01 00:11:13 | WARNING  | [lf.day.no_flights] No direct flights on 09JAN
2026-01-01 00:11:13 | INFO     | [SUCCESS] Day 09JAN
2026-01-01 00:11:13 | INFO     | [DAY_START] Processing 08JAN
2026-01-01 00:11:13 | INFO     | [lf.day.start] Processing CAI-AJF for 08JAN
2026-01-01 00:11:14 | INFO     | [lf.day.flights_found] Found 1 flights on 08JAN
2026-01-01 00:11:16 | INFO     | [lf.flight.extracted] SM321 on 08JAN: BKG=89, LF=49.7%
2026-01-01 00:11:21 | INFO     | [SUCCESS] Day 08JAN
2026-01-01 00:11:21 | INFO     | [DAY_START] Processing 07JAN
2026-01-01 00:11:21 | INFO     | [lf.day.start] Processing CAI-AJF for 07JAN
2026-01-01 00:11:22 | WARNING  | [lf.day.no_flights] No direct flights on 07JAN
2026-01-01 00:11:22 | INFO     | [SUCCESS] Day 07JAN
2026-01-01 00:11:22 | INFO     | [SUCCESS] LF Search Complete
2026-01-01 00:11:24 | INFO     | [Worker_9223] Completed: CAI-AJF - 6 results, 0 errors
2026-01-01 00:11:24 | INFO     | [Worker_9223] Processing: CAI-ELQ
2026-01-01 00:11:24 | INFO     |   Tier 0: Range 2, Chunk 4/5 (6 days)
