2025-12-31 23:57:38 | INFO     | ======================================================================
2025-12-31 23:57:38 | INFO     | Load Factor Scraper Started - Route: CAI-RUH
2025-12-31 23:57:38 | INFO     | Log file: D:\CODERED\LAB\market_insights\outputs\run_generated_311225_at_23.27\logs\LF_CAI-RUH_20251231_235738.log
2025-12-31 23:57:38 | INFO     | Enhanced logging: Capturing both logging.info() and print()
2025-12-31 23:57:38 | INFO     | ======================================================================
2025-12-31 23:57:38 | INFO     | Starting LF search for route: CAI-RUH
2025-12-31 23:57:38 | INFO     | [START] LF Search
2025-12-31 23:57:39 | INFO     | [HEALTH CHECK] [OK] Chrome connection is healthy
2025-12-31 23:57:39 | INFO     | [DAY_START] Processing 24JAN
2025-12-31 23:57:39 | INFO     | [lf.day.start] Processing CAI-RUH for 24JAN
2025-12-31 23:57:40 | INFO     | [lf.day.flights_found] Found 1 flights on 24JAN
2025-12-31 23:57:43 | INFO     | [lf.flight.extracted] SM461 on 24JAN: BKG=29, LF=16.2%
2025-12-31 23:57:46 | INFO     | [SUCCESS] Day 24JAN
2025-12-31 23:57:46 | INFO     | [DAY_START] Processing 23JAN
2025-12-31 23:57:46 | INFO     | [lf.day.start] Processing CAI-RUH for 23JAN
2025-12-31 23:57:47 | INFO     | [lf.day.flights_found] Found 2 flights on 23JAN
2025-12-31 23:57:50 | INFO     | [lf.flight.extracted] SM461 on 23JAN: BKG=36, LF=20.1%
2025-12-31 23:57:53 | INFO     | [lf.flight.extracted] SM469 on 23JAN: BKG=45, LF=25.1%
2025-12-31 23:58:01 | INFO     | [SUCCESS] Day 23JAN
2025-12-31 23:58:01 | INFO     | [DAY_START] Processing 22JAN
2025-12-31 23:58:01 | INFO     | [lf.day.start] Processing CAI-RUH for 22JAN
2025-12-31 23:58:02 | INFO     | [lf.day.flights_found] Found 1 flights on 22JAN
2025-12-31 23:58:04 | INFO     | [lf.flight.extracted] SM461 on 22JAN: BKG=31, LF=17.3%
2025-12-31 23:58:08 | INFO     | [SUCCESS] Day 22JAN
2025-12-31 23:58:08 | INFO     | [DAY_START] Processing 21JAN
2025-12-31 23:58:08 | INFO     | [lf.day.start] Processing CAI-RUH for 21JAN
2025-12-31 23:58:09 | INFO     | [lf.day.flights_found] Found 2 flights on 21JAN
2025-12-31 23:58:11 | INFO     | [lf.flight.extracted] SM461 on 21JAN: BKG=40, LF=22.4%
2025-12-31 23:58:15 | INFO     | [lf.flight.extracted] SM469 on 21JAN: BKG=56, LF=31.3%
2025-12-31 23:58:22 | INFO     | [SUCCESS] Day 21JAN
2025-12-31 23:58:22 | INFO     | [DAY_START] Processing 20JAN
2025-12-31 23:58:22 | INFO     | [lf.day.start] Processing CAI-RUH for 20JAN
2025-12-31 23:58:24 | INFO     | [lf.day.flights_found] Found 1 flights on 20JAN
2025-12-31 23:58:26 | INFO     | [lf.flight.extracted] SM469 on 20JAN: BKG=50, LF=27.9%
2025-12-31 23:58:30 | INFO     | [SUCCESS] Day 20JAN
2025-12-31 23:58:30 | INFO     | [DAY_START] Processing 19JAN
2025-12-31 23:58:30 | INFO     | [lf.day.start] Processing CAI-RUH for 19JAN
2025-12-31 23:58:31 | INFO     | [lf.day.flights_found] Found 1 flights on 19JAN
2025-12-31 23:58:34 | INFO     | [lf.flight.extracted] SM469 on 19JAN: BKG=35, LF=19.6%
2025-12-31 23:58:37 | INFO     | [SUCCESS] Day 19JAN
2025-12-31 23:58:37 | INFO     | [DAY_START] Processing 18JAN
2025-12-31 23:58:37 | INFO     | [lf.day.start] Processing CAI-RUH for 18JAN
2025-12-31 23:58:38 | INFO     | [lf.day.flights_found] Found 1 flights on 18JAN
2025-12-31 23:58:40 | INFO     | [lf.flight.extracted] SM461 on 18JAN: BKG=45, LF=25.1%
2025-12-31 23:58:45 | INFO     | [SUCCESS] Day 18JAN
2025-12-31 23:58:45 | INFO     | [SUCCESS] LF Search Complete
2025-12-31 23:58:47 | INFO     | [Worker_9225] Completed: CAI-RUH - 7 results, 0 errors
2025-12-31 23:58:47 | INFO     | [Worker_9225] Processing: CAI-TUU
2025-12-31 23:58:47 | INFO     |   Tier 0: Range 1, Chunk 2/5 (7 days)
