2025-12-31 23:51:52 | INFO     | ======================================================================
2025-12-31 23:51:52 | INFO     | Load Factor Scraper Started - Route: CAI-AJF
2025-12-31 23:51:52 | INFO     | Log file: D:\CODERED\LAB\market_insights\outputs\run_generated_311225_at_23.27\logs\LF_CAI-AJF_20251231_235152.log
2025-12-31 23:51:52 | INFO     | Enhanced logging: Capturing both logging.info() and print()
2025-12-31 23:51:52 | INFO     | ======================================================================
2025-12-31 23:51:52 | INFO     | Starting LF search for route: CAI-AJF
2025-12-31 23:51:52 | INFO     | [START] LF Search
2025-12-31 23:51:54 | INFO     | [HEALTH CHECK] [OK] Chrome connection is healthy
2025-12-31 23:51:54 | INFO     | [DAY_START] Processing 31JAN
2025-12-31 23:51:54 | INFO     | [lf.day.start] Processing CAI-AJF for 31JAN
2025-12-31 23:51:55 | INFO     | [lf.day.flights_found] Found 1 flights on 31JAN
2025-12-31 23:51:57 | INFO     | [lf.flight.extracted] SM321 on 31JAN: BKG=17, LF=9.5%
2025-12-31 23:52:00 | INFO     | [SUCCESS] Day 31JAN
2025-12-31 23:52:00 | INFO     | [DAY_START] Processing 30JAN
2025-12-31 23:52:00 | INFO     | [lf.day.start] Processing CAI-AJF for 30JAN
2025-12-31 23:52:02 | WARNING  | [lf.day.no_flights] No direct flights on 30JAN
2025-12-31 23:52:02 | INFO     | [SUCCESS] Day 30JAN
2025-12-31 23:52:02 | INFO     | [DAY_START] Processing 29JAN
2025-12-31 23:52:02 | INFO     | [lf.day.start] Processing CAI-AJF for 29JAN
2025-12-31 23:52:03 | INFO     | [lf.day.flights_found] Found 1 flights on 29JAN
2025-12-31 23:52:05 | INFO     | [lf.flight.extracted] SM321 on 29JAN: BKG=10, LF=5.6%
2025-12-31 23:52:08 | INFO     | [SUCCESS] Day 29JAN
2025-12-31 23:52:08 | INFO     | [DAY_START] Processing 28JAN
2025-12-31 23:52:08 | INFO     | [lf.day.start] Processing CAI-AJF for 28JAN
2025-12-31 23:52:10 | WARNING  | [lf.day.no_flights] No direct flights on 28JAN
2025-12-31 23:52:10 | INFO     | [SUCCESS] Day 28JAN
2025-12-31 23:52:10 | INFO     | [DAY_START] Processing 27JAN
2025-12-31 23:52:10 | INFO     | [lf.day.start] Processing CAI-AJF for 27JAN
2025-12-31 23:52:11 | INFO     | [lf.day.flights_found] Found 1 flights on 27JAN
2025-12-31 23:52:13 | INFO     | [lf.flight.extracted] SM321 on 27JAN: BKG=11, LF=6.2%
2025-12-31 23:52:16 | INFO     | [SUCCESS] Day 27JAN
2025-12-31 23:52:16 | INFO     | [DAY_START] Processing 26JAN
2025-12-31 23:52:16 | INFO     | [lf.day.start] Processing CAI-AJF for 26JAN
2025-12-31 23:52:17 | WARNING  | [lf.day.no_flights] No direct flights on 26JAN
2025-12-31 23:52:18 | INFO     | [SUCCESS] Day 26JAN
2025-12-31 23:52:18 | INFO     | [DAY_START] Processing 25JAN
2025-12-31 23:52:18 | INFO     | [lf.day.start] Processing CAI-AJF for 25JAN
2025-12-31 23:52:19 | WARNING  | [lf.day.no_flights] No direct flights on 25JAN
2025-12-31 23:52:19 | INFO     | [SUCCESS] Day 25JAN
2025-12-31 23:52:19 | INFO     | [SUCCESS] LF Search Complete
2025-12-31 23:52:21 | INFO     | [Worker_9223] Completed: CAI-AJF - 7 results, 0 errors
2025-12-31 23:52:21 | INFO     | [Worker_9223] Processing: CAI-ELQ
2025-12-31 23:52:21 | INFO     |   Tier 0: Range 2, Chunk 1/5 (7 days)
