2026-01-01 00:11:12 | INFO     | ======================================================================
2026-01-01 00:11:12 | INFO     | Load Factor Scraper Started - Route: CAI-AHB
2026-01-01 00:11:12 | INFO     | Log file: D:\CODERED\LAB\market_insights\outputs\run_generated_311225_at_23.27\logs\LF_CAI-AHB_20260101_001112.log
2026-01-01 00:11:12 | INFO     | Enhanced logging: Capturing both logging.info() and print()
2026-01-01 00:11:12 | INFO     | ======================================================================
2026-01-01 00:11:12 | INFO     | Starting LF search for route: CAI-AHB
2026-01-01 00:11:12 | INFO     | [START] LF Search
2026-01-01 00:11:13 | INFO     | [HEALTH CHECK] [OK] Chrome connection is healthy
2026-01-01 00:11:13 | INFO     | [DAY_START] Processing 12JAN
2026-01-01 00:11:13 | INFO     | [lf.day.start] Processing CAI-AHB for 12JAN
2026-01-01 00:11:14 | WARNING  | [lf.day.no_flights] No direct flights on 12JAN
2026-01-01 00:11:15 | INFO     | [SUCCESS] Day 12JAN
2026-01-01 00:11:15 | INFO     | [DAY_START] Processing 11JAN
2026-01-01 00:11:15 | INFO     | [lf.day.start] Processing CAI-AHB for 11JAN
2026-01-01 00:11:16 | WARNING  | [lf.day.no_flights] No direct flights on 11JAN
2026-01-01 00:11:16 | INFO     | [SUCCESS] Day 11JAN
2026-01-01 00:11:16 | INFO     | [DAY_START] Processing 10JAN
2026-01-01 00:11:16 | INFO     | [lf.day.start] Processing CAI-AHB for 10JAN
2026-01-01 00:11:17 | INFO     | [lf.day.flights_found] Found 1 flights on 10JAN
2026-01-01 00:11:19 | INFO     | [lf.flight.extracted] SM443 on 10JAN: BKG=90, LF=50.3%
2026-01-01 00:11:24 | INFO     | [SUCCESS] Day 10JAN
2026-01-01 00:11:24 | INFO     | [DAY_START] Processing 09JAN
2026-01-01 00:11:24 | INFO     | [lf.day.start] Processing CAI-AHB for 09JAN
2026-01-01 00:11:25 | WARNING  | [lf.day.no_flights] No direct flights on 09JAN
2026-01-01 00:11:26 | INFO     | [SUCCESS] Day 09JAN
2026-01-01 00:11:26 | INFO     | [DAY_START] Processing 08JAN
2026-01-01 00:11:26 | INFO     | [lf.day.start] Processing CAI-AHB for 08JAN
2026-01-01 00:11:27 | INFO     | [lf.day.flights_found] Found 1 flights on 08JAN
2026-01-01 00:11:28 | INFO     | [lf.flight.extracted] SM443 on 08JAN: BKG=106, LF=59.2%
2026-01-01 00:11:34 | INFO     | [SUCCESS] Day 08JAN
2026-01-01 00:11:34 | INFO     | [DAY_START] Processing 07JAN
2026-01-01 00:11:34 | INFO     | [lf.day.start] Processing CAI-AHB for 07JAN
2026-01-01 00:11:35 | INFO     | [lf.day.flights_found] Found 1 flights on 07JAN
2026-01-01 00:11:37 | INFO     | [lf.flight.extracted] SM447 on 07JAN: BKG=87, LF=48.6%
2026-01-01 00:11:42 | INFO     | [SUCCESS] Day 07JAN
2026-01-01 00:11:42 | INFO     | [SUCCESS] LF Search Complete
2026-01-01 00:11:44 | INFO     | [Worker_9227] Completed: CAI-AHB - 6 results, 0 errors
2026-01-01 00:11:44 | INFO     | [Worker_9227] Processing: MED-HBE
2026-01-01 00:11:44 | INFO     |   Tier 0: Range 1, Chunk 4/5 (6 days)
