2025-12-31 23:43:22 | INFO     | ======================================================================
2025-12-31 23:43:22 | INFO     | Load Factor Scraper Started - Route: CAI-MED
2025-12-31 23:43:22 | INFO     | Log file: D:\CODERED\LAB\market_insights\outputs\run_generated_311225_at_23.27\logs\LF_CAI-MED_20251231_234322.log
2025-12-31 23:43:22 | INFO     | Enhanced logging: Capturing both logging.info() and print()
2025-12-31 23:43:22 | INFO     | ======================================================================
2025-12-31 23:43:22 | INFO     | Starting LF search for route: CAI-MED
2025-12-31 23:43:22 | INFO     | [START] LF Search
2025-12-31 23:43:23 | INFO     | [HEALTH CHECK] [OK] Chrome connection is healthy
2025-12-31 23:43:24 | INFO     | [DAY_START] Processing 05FEB
2025-12-31 23:43:24 | INFO     | [lf.day.start] Processing CAI-MED for 05FEB
2025-12-31 23:43:25 | INFO     | [lf.day.flights_found] Found 1 flights on 05FEB
2025-12-31 23:43:27 | INFO     | [lf.flight.extracted] SM493 on 05FEB: BKG=150, LF=85.2%
2025-12-31 23:43:31 | INFO     | [SUCCESS] Day 05FEB
2025-12-31 23:43:31 | INFO     | [DAY_START] Processing 04FEB
2025-12-31 23:43:31 | INFO     | [lf.day.start] Processing CAI-MED for 04FEB
2025-12-31 23:43:32 | WARNING  | [lf.day.no_flights] No direct flights on 04FEB
2025-12-31 23:43:33 | INFO     | [SUCCESS] Day 04FEB
2025-12-31 23:43:33 | INFO     | [DAY_START] Processing 03FEB
2025-12-31 23:43:33 | INFO     | [lf.day.start] Processing CAI-MED for 03FEB
2025-12-31 23:43:34 | INFO     | [lf.day.flights_found] Found 1 flights on 03FEB
2025-12-31 23:43:37 | INFO     | [lf.flight.extracted] SM493 on 03FEB: BKG=37, LF=20.7%
2025-12-31 23:43:41 | INFO     | [SUCCESS] Day 03FEB
2025-12-31 23:43:41 | INFO     | [DAY_START] Processing 02FEB
2025-12-31 23:43:41 | INFO     | [lf.day.start] Processing CAI-MED for 02FEB
2025-12-31 23:43:42 | INFO     | [lf.day.flights_found] Found 1 flights on 02FEB
2025-12-31 23:43:44 | INFO     | [lf.flight.extracted] SM495 on 02FEB: BKG=20, LF=11.4%
2025-12-31 23:43:48 | INFO     | [SUCCESS] Day 02FEB
2025-12-31 23:43:48 | INFO     | [DAY_START] Processing 01FEB
2025-12-31 23:43:48 | INFO     | [lf.day.start] Processing CAI-MED for 01FEB
2025-12-31 23:43:50 | INFO     | [lf.day.flights_found] Found 1 flights on 01FEB
2025-12-31 23:43:52 | INFO     | [lf.flight.extracted] SM493 on 01FEB: BKG=72, LF=40.2%
2025-12-31 23:43:57 | INFO     | [SUCCESS] Day 01FEB
2025-12-31 23:43:57 | INFO     | [SUCCESS] LF Search Complete
2025-12-31 23:43:59 | INFO     | [Worker_9224] Completed: CAI-MED - 5 results, 0 errors
2025-12-31 23:43:59 | INFO     | [Worker_9224] Processing: ATZ-RUH
2025-12-31 23:43:59 | INFO     |   Tier 0: Range 3, Chunk 5/5 (5 days)
