2025-12-31 23:33:25 | INFO     | ======================================================================
2025-12-31 23:33:25 | INFO     | Load Factor Scraper Started - Route: DMM-ATZ
2025-12-31 23:33:25 | INFO     | Log file: D:\CODERED\LAB\market_insights\outputs\run_generated_311225_at_23.27\logs\LF_DMM-ATZ_20251231_233325.log
2025-12-31 23:33:25 | INFO     | Enhanced logging: Capturing both logging.info() and print()
2025-12-31 23:33:25 | INFO     | ======================================================================
2025-12-31 23:33:25 | INFO     | Starting LF search for route: DMM-ATZ
2025-12-31 23:33:25 | INFO     | [START] LF Search
2025-12-31 23:33:27 | INFO     | [HEALTH CHECK] [OK] Chrome connection is healthy
2025-12-31 23:33:27 | INFO     | [DAY_START] Processing 22FEB
2025-12-31 23:33:27 | INFO     | [lf.day.start] Processing DMM-ATZ for 22FEB
2025-12-31 23:33:28 | WARNING  | [lf.day.no_flights] No direct flights on 22FEB
2025-12-31 23:33:28 | INFO     | [SUCCESS] Day 22FEB
2025-12-31 23:33:28 | INFO     | [DAY_START] Processing 21FEB
2025-12-31 23:33:28 | INFO     | [lf.day.start] Processing DMM-ATZ for 21FEB
2025-12-31 23:33:29 | WARNING  | [lf.day.no_flights] No direct flights on 21FEB
2025-12-31 23:33:29 | INFO     | [SUCCESS] Day 21FEB
2025-12-31 23:33:29 | INFO     | [DAY_START] Processing 20FEB
2025-12-31 23:33:29 | INFO     | [lf.day.start] Processing DMM-ATZ for 20FEB
2025-12-31 23:33:30 | INFO     | [lf.day.flights_found] Found 1 flights on 20FEB
2025-12-31 23:33:32 | INFO     | [lf.flight.extracted] SM438 on 20FEB: BKG=11, LF=6.3%
2025-12-31 23:33:35 | INFO     | [SUCCESS] Day 20FEB
2025-12-31 23:33:35 | INFO     | [DAY_START] Processing 19FEB
2025-12-31 23:33:35 | INFO     | [lf.day.start] Processing DMM-ATZ for 19FEB
2025-12-31 23:33:36 | WARNING  | [lf.day.no_flights] No direct flights on 19FEB
2025-12-31 23:33:37 | INFO     | [SUCCESS] Day 19FEB
2025-12-31 23:33:37 | INFO     | [DAY_START] Processing 18FEB
2025-12-31 23:33:37 | INFO     | [lf.day.start] Processing DMM-ATZ for 18FEB
2025-12-31 23:33:38 | WARNING  | [lf.day.no_flights] No direct flights on 18FEB
2025-12-31 23:33:38 | INFO     | [SUCCESS] Day 18FEB
2025-12-31 23:33:38 | INFO     | [DAY_START] Processing 17FEB
2025-12-31 23:33:38 | INFO     | [lf.day.start] Processing DMM-ATZ for 17FEB
2025-12-31 23:33:39 | WARNING  | [lf.day.no_flights] No direct flights on 17FEB
2025-12-31 23:33:39 | INFO     | [SUCCESS] Day 17FEB
2025-12-31 23:33:39 | INFO     | [SUCCESS] LF Search Complete
2025-12-31 23:33:41 | INFO     | [Worker_9222] Completed: DMM-ATZ - 6 results, 0 errors
2025-12-31 23:33:41 | INFO     | [Worker_9222] Processing: AJF-CAI
2025-12-31 23:33:41 | INFO     |   Tier 0: Range 3, Chunk 2/5 (6 days)
