2025-12-31 23:39:35 | INFO     | ======================================================================
2025-12-31 23:39:35 | INFO     | Load Factor Scraper Started - Route: DMM-CAI
2025-12-31 23:39:35 | INFO     | Log file: D:\CODERED\LAB\market_insights\outputs\run_generated_311225_at_23.27\logs\LF_DMM-CAI_20251231_233935.log
2025-12-31 23:39:35 | INFO     | Enhanced logging: Capturing both logging.info() and print()
2025-12-31 23:39:35 | INFO     | ======================================================================
2025-12-31 23:39:35 | INFO     | Starting LF search for route: DMM-CAI
2025-12-31 23:39:35 | INFO     | [START] LF Search
2025-12-31 23:39:37 | INFO     | [HEALTH CHECK] [OK] Chrome connection is healthy
2025-12-31 23:39:37 | INFO     | [DAY_START] Processing 10FEB
2025-12-31 23:39:37 | INFO     | [lf.day.start] Processing DMM-CAI for 10FEB
2025-12-31 23:39:39 | INFO     | [lf.day.flights_found] Found 1 flights on 10FEB
2025-12-31 23:39:41 | INFO     | [lf.flight.extracted] SM434 on 10FEB: BKG=12, LF=6.9%
2025-12-31 23:39:44 | INFO     | [SUCCESS] Day 10FEB
2025-12-31 23:39:44 | INFO     | [DAY_START] Processing 09FEB
2025-12-31 23:39:44 | INFO     | [lf.day.start] Processing DMM-CAI for 09FEB
2025-12-31 23:39:45 | WARNING  | [lf.day.no_flights] No direct flights on 09FEB
2025-12-31 23:39:46 | INFO     | [SUCCESS] Day 09FEB
2025-12-31 23:39:46 | INFO     | [DAY_START] Processing 08FEB
2025-12-31 23:39:46 | INFO     | [lf.day.start] Processing DMM-CAI for 08FEB
2025-12-31 23:39:47 | WARNING  | [lf.day.no_flights] No direct flights on 08FEB
2025-12-31 23:39:47 | INFO     | [SUCCESS] Day 08FEB
2025-12-31 23:39:47 | INFO     | [DAY_START] Processing 07FEB
2025-12-31 23:39:47 | INFO     | [lf.day.start] Processing DMM-CAI for 07FEB
2025-12-31 23:39:48 | INFO     | [lf.day.flights_found] Found 1 flights on 07FEB
2025-12-31 23:39:50 | INFO     | [lf.flight.extracted] SM434 on 07FEB: BKG=10, LF=5.9%
2025-12-31 23:39:53 | INFO     | [SUCCESS] Day 07FEB
2025-12-31 23:39:53 | INFO     | [DAY_START] Processing 06FEB
2025-12-31 23:39:53 | INFO     | [lf.day.start] Processing DMM-CAI for 06FEB
2025-12-31 23:39:55 | INFO     | [lf.day.flights_found] Found 1 flights on 06FEB
2025-12-31 23:39:57 | INFO     | [lf.flight.extracted] SM434 on 06FEB: BKG=25, LF=14.3%
2025-12-31 23:40:04 | INFO     | [SUCCESS] Day 06FEB
2025-12-31 23:40:04 | INFO     | [SUCCESS] LF Search Complete
2025-12-31 23:40:06 | INFO     | [Worker_9224] Completed: DMM-CAI - 5 results, 0 errors
2025-12-31 23:40:06 | INFO     | [Worker_9224] Processing: AHB-CAI
2025-12-31 23:40:06 | INFO     |   Tier 0: Range 3, Chunk 4/5 (5 days)
