2026-01-01 00:12:34 | INFO     | ======================================================================
2026-01-01 00:12:34 | INFO     | Load Factor Scraper Started - Route: DMM-CAI
2026-01-01 00:12:34 | INFO     | Log file: D:\CODERED\LAB\market_insights\outputs\run_generated_311225_at_23.27\logs\LF_DMM-CAI_20260101_001234.log
2026-01-01 00:12:34 | INFO     | Enhanced logging: Capturing both logging.info() and print()
2026-01-01 00:12:34 | INFO     | ======================================================================
2026-01-01 00:12:34 | INFO     | Starting LF search for route: DMM-CAI
2026-01-01 00:12:34 | INFO     | [START] LF Search
2026-01-01 00:12:35 | INFO     | [HEALTH CHECK] [OK] Chrome connection is healthy
2026-01-01 00:12:35 | INFO     | [DAY_START] Processing 11JAN
2026-01-01 00:12:35 | INFO     | [lf.day.start] Processing DMM-CAI for 11JAN
2026-01-01 00:12:36 | WARNING  | [lf.day.no_flights] No direct flights on 11JAN
2026-01-01 00:12:36 | INFO     | [SUCCESS] Day 11JAN
2026-01-01 00:12:36 | INFO     | [DAY_START] Processing 10JAN
2026-01-01 00:12:36 | INFO     | [lf.day.start] Processing DMM-CAI for 10JAN
2026-01-01 00:12:37 | INFO     | [lf.day.flights_found] Found 1 flights on 10JAN
2026-01-01 00:12:39 | INFO     | [lf.flight.extracted] SM434 on 10JAN: BKG=25, LF=14.3%
2026-01-01 00:12:42 | INFO     | [SUCCESS] Day 10JAN
2026-01-01 00:12:42 | INFO     | [DAY_START] Processing 09JAN
2026-01-01 00:12:42 | INFO     | [lf.day.start] Processing DMM-CAI for 09JAN
2026-01-01 00:12:43 | INFO     | [lf.day.flights_found] Found 1 flights on 09JAN
2026-01-01 00:12:45 | INFO     | [lf.flight.extracted] SM434 on 09JAN: BKG=45, LF=25.7%
2026-01-01 00:12:49 | INFO     | [SUCCESS] Day 09JAN
2026-01-01 00:12:49 | INFO     | [DAY_START] Processing 08JAN
2026-01-01 00:12:49 | INFO     | [lf.day.start] Processing DMM-CAI for 08JAN
2026-01-01 00:12:50 | INFO     | [lf.day.flights_found] Found 1 flights on 08JAN
2026-01-01 00:12:52 | INFO     | [lf.flight.extracted] SM434 on 08JAN: BKG=59, LF=33.7%
2026-01-01 00:12:55 | INFO     | [SUCCESS] Day 08JAN
2026-01-01 00:12:55 | INFO     | [DAY_START] Processing 07JAN
2026-01-01 00:12:55 | INFO     | [lf.day.start] Processing DMM-CAI for 07JAN
2026-01-01 00:12:56 | WARNING  | [lf.day.no_flights] No direct flights on 07JAN
2026-01-01 00:12:57 | INFO     | [SUCCESS] Day 07JAN
2026-01-01 00:12:57 | INFO     | [DAY_START] Processing 06JAN
2026-01-01 00:12:57 | INFO     | [lf.day.start] Processing DMM-CAI for 06JAN
2026-01-01 00:12:58 | INFO     | [lf.day.flights_found] Found 1 flights on 06JAN
2026-01-01 00:13:00 | INFO     | [lf.flight.extracted] SM434 on 06JAN: BKG=27, LF=15.4%
2026-01-01 00:13:03 | INFO     | [SUCCESS] Day 06JAN
2026-01-01 00:13:03 | INFO     | [SUCCESS] LF Search Complete
2026-01-01 00:13:05 | INFO     | [Worker_9233] Completed: DMM-CAI - 6 results, 0 errors
2026-01-01 00:13:05 | INFO     | [Worker_9233] Processing: AJF-ATZ
2026-01-01 00:13:05 | INFO     |   Tier 0: Range 1, Chunk 4/5 (6 days)
