2025-12-31 23:55:03 | INFO     | ======================================================================
2025-12-31 23:55:03 | INFO     | Load Factor Scraper Started - Route: DMM-ATZ
2025-12-31 23:55:03 | INFO     | Log file: D:\CODERED\LAB\market_insights\outputs\run_generated_311225_at_23.27\logs\LF_DMM-ATZ_20251231_235503.log
2025-12-31 23:55:03 | INFO     | Enhanced logging: Capturing both logging.info() and print()
2025-12-31 23:55:03 | INFO     | ======================================================================
2025-12-31 23:55:03 | INFO     | Starting LF search for route: DMM-ATZ
2025-12-31 23:55:03 | INFO     | [START] LF Search
2025-12-31 23:55:05 | INFO     | [HEALTH CHECK] [OK] Chrome connection is healthy
2025-12-31 23:55:05 | INFO     | [DAY_START] Processing 24JAN
2025-12-31 23:55:05 | INFO     | [lf.day.start] Processing DMM-ATZ for 24JAN
2025-12-31 23:55:06 | WARNING  | [lf.day.no_flights] No direct flights on 24JAN
2025-12-31 23:55:06 | INFO     | [SUCCESS] Day 24JAN
2025-12-31 23:55:06 | INFO     | [DAY_START] Processing 23JAN
2025-12-31 23:55:06 | INFO     | [lf.day.start] Processing DMM-ATZ for 23JAN
2025-12-31 23:55:08 | INFO     | [lf.day.flights_found] Found 1 flights on 23JAN
2025-12-31 23:55:10 | INFO     | [lf.flight.extracted] SM438 on 23JAN: BKG=36, LF=20.6%
2025-12-31 23:55:13 | INFO     | [SUCCESS] Day 23JAN
2025-12-31 23:55:13 | INFO     | [DAY_START] Processing 22JAN
2025-12-31 23:55:13 | INFO     | [lf.day.start] Processing DMM-ATZ for 22JAN
2025-12-31 23:55:14 | WARNING  | [lf.day.no_flights] No direct flights on 22JAN
2025-12-31 23:55:14 | INFO     | [SUCCESS] Day 22JAN
2025-12-31 23:55:14 | INFO     | [DAY_START] Processing 21JAN
2025-12-31 23:55:14 | INFO     | [lf.day.start] Processing DMM-ATZ for 21JAN
2025-12-31 23:55:16 | WARNING  | [lf.day.no_flights] No direct flights on 21JAN
2025-12-31 23:55:16 | INFO     | [SUCCESS] Day 21JAN
2025-12-31 23:55:16 | INFO     | [DAY_START] Processing 20JAN
2025-12-31 23:55:16 | INFO     | [lf.day.start] Processing DMM-ATZ for 20JAN
2025-12-31 23:55:17 | WARNING  | [lf.day.no_flights] No direct flights on 20JAN
2025-12-31 23:55:17 | INFO     | [SUCCESS] Day 20JAN
2025-12-31 23:55:17 | INFO     | [DAY_START] Processing 19JAN
2025-12-31 23:55:17 | INFO     | [lf.day.start] Processing DMM-ATZ for 19JAN
2025-12-31 23:55:18 | INFO     | [lf.day.flights_found] Found 1 flights on 19JAN
2025-12-31 23:55:20 | INFO     | [lf.flight.extracted] SM438 on 19JAN: BKG=49, LF=28.0%
2025-12-31 23:55:24 | INFO     | [SUCCESS] Day 19JAN
2025-12-31 23:55:24 | INFO     | [SUCCESS] LF Search Complete
2025-12-31 23:55:26 | INFO     | [Worker_9227] Completed: DMM-ATZ - 6 results, 0 errors
2025-12-31 23:55:26 | INFO     | [Worker_9227] Processing: TUU-ATZ
2025-12-31 23:55:26 | INFO     |   Tier 0: Range 2, Chunk 2/5 (6 days)
