2026-01-01 00:01:54 | INFO     | ======================================================================
2026-01-01 00:01:54 | INFO     | Load Factor Scraper Started - Route: ELQ-CAI
2026-01-01 00:01:54 | INFO     | Log file: D:\CODERED\LAB\market_insights\outputs\run_generated_311225_at_23.27\logs\LF_ELQ-CAI_20260101_000154.log
2026-01-01 00:01:54 | INFO     | Enhanced logging: Capturing both logging.info() and print()
2026-01-01 00:01:54 | INFO     | ======================================================================
2026-01-01 00:01:54 | INFO     | Starting LF search for route: ELQ-CAI
2026-01-01 00:01:54 | INFO     | [START] LF Search
2026-01-01 00:01:55 | INFO     | [HEALTH CHECK] [OK] Chrome connection is healthy
2026-01-01 00:01:55 | INFO     | [DAY_START] Processing 18JAN
2026-01-01 00:01:55 | INFO     | [lf.day.start] Processing ELQ-CAI for 18JAN
2026-01-01 00:01:56 | INFO     | [lf.day.flights_found] Found 1 flights on 18JAN
2026-01-01 00:01:59 | INFO     | [lf.flight.extracted] SM428 on 18JAN: BKG=14, LF=8.4%
2026-01-01 00:02:03 | INFO     | [SUCCESS] Day 18JAN
2026-01-01 00:02:03 | INFO     | [DAY_START] Processing 17JAN
2026-01-01 00:02:03 | INFO     | [lf.day.start] Processing ELQ-CAI for 17JAN
2026-01-01 00:02:04 | INFO     | [lf.day.flights_found] Found 1 flights on 17JAN
2026-01-01 00:02:06 | INFO     | [lf.flight.extracted] SM428 on 17JAN: BKG=14, LF=8.4%
2026-01-01 00:02:09 | INFO     | [SUCCESS] Day 17JAN
2026-01-01 00:02:09 | INFO     | [DAY_START] Processing 16JAN
2026-01-01 00:02:09 | INFO     | [lf.day.start] Processing ELQ-CAI for 16JAN
2026-01-01 00:02:10 | WARNING  | [lf.day.no_flights] No direct flights on 16JAN
2026-01-01 00:02:10 | INFO     | [SUCCESS] Day 16JAN
2026-01-01 00:02:10 | INFO     | [DAY_START] Processing 15JAN
2026-01-01 00:02:10 | INFO     | [lf.day.start] Processing ELQ-CAI for 15JAN
2026-01-01 00:02:11 | INFO     | [lf.day.flights_found] Found 1 flights on 15JAN
2026-01-01 00:02:13 | INFO     | [lf.flight.extracted] SM428 on 15JAN: BKG=28, LF=16.8%
2026-01-01 00:02:17 | INFO     | [SUCCESS] Day 15JAN
2026-01-01 00:02:17 | INFO     | [DAY_START] Processing 14JAN
2026-01-01 00:02:17 | INFO     | [lf.day.start] Processing ELQ-CAI for 14JAN
2026-01-01 00:02:18 | WARNING  | [lf.day.no_flights] No direct flights on 14JAN
2026-01-01 00:02:18 | INFO     | [SUCCESS] Day 14JAN
2026-01-01 00:02:18 | INFO     | [DAY_START] Processing 13JAN
2026-01-01 00:02:18 | INFO     | [lf.day.start] Processing ELQ-CAI for 13JAN
2026-01-01 00:02:19 | WARNING  | [lf.day.no_flights] No direct flights on 13JAN
2026-01-01 00:02:19 | INFO     | [SUCCESS] Day 13JAN
2026-01-01 00:02:19 | INFO     | [SUCCESS] LF Search Complete
2026-01-01 00:02:21 | INFO     | [Worker_9232] Completed: ELQ-CAI - 6 results, 0 errors
2026-01-01 00:02:21 | INFO     | [Worker_9232] Processing: CAI-JED
2026-01-01 00:02:21 | INFO     |   Tier 0: Range 2, Chunk 3/5 (6 days)
