2026-01-01 00:13:22 | INFO     | ======================================================================
2026-01-01 00:13:22 | INFO     | Load Factor Scraper Started - Route: ELQ-ATZ
2026-01-01 00:13:22 | INFO     | Log file: D:\CODERED\LAB\market_insights\outputs\run_generated_311225_at_23.27\logs\LF_ELQ-ATZ_20260101_001322.log
2026-01-01 00:13:22 | INFO     | Enhanced logging: Capturing both logging.info() and print()
2026-01-01 00:13:22 | INFO     | ======================================================================
2026-01-01 00:13:22 | INFO     | Starting LF search for route: ELQ-ATZ
2026-01-01 00:13:22 | INFO     | [START] LF Search
2026-01-01 00:13:23 | INFO     | [HEALTH CHECK] [OK] Chrome connection is healthy
2026-01-01 00:13:23 | INFO     | [DAY_START] Processing 11JAN
2026-01-01 00:13:23 | INFO     | [lf.day.start] Processing ELQ-ATZ for 11JAN
2026-01-01 00:13:24 | WARNING  | [lf.day.no_flights] No direct flights on 11JAN
2026-01-01 00:13:24 | INFO     | [SUCCESS] Day 11JAN
2026-01-01 00:13:24 | INFO     | [DAY_START] Processing 10JAN
2026-01-01 00:13:24 | INFO     | [lf.day.start] Processing ELQ-ATZ for 10JAN
2026-01-01 00:13:25 | INFO     | [lf.day.flights_found] Found 1 flights on 10JAN
2026-01-01 00:13:27 | INFO     | [lf.flight.extracted] SM436 on 10JAN: BKG=66, LF=39.5%
2026-01-01 00:13:32 | INFO     | [SUCCESS] Day 10JAN
2026-01-01 00:13:32 | INFO     | [DAY_START] Processing 09JAN
2026-01-01 00:13:32 | INFO     | [lf.day.start] Processing ELQ-ATZ for 09JAN
2026-01-01 00:13:33 | WARNING  | [lf.day.no_flights] No direct flights on 09JAN
2026-01-01 00:13:33 | INFO     | [SUCCESS] Day 09JAN
2026-01-01 00:13:33 | INFO     | [DAY_START] Processing 08JAN
2026-01-01 00:13:33 | INFO     | [lf.day.start] Processing ELQ-ATZ for 08JAN
2026-01-01 00:13:34 | WARNING  | [lf.day.no_flights] No direct flights on 08JAN
2026-01-01 00:13:35 | INFO     | [SUCCESS] Day 08JAN
2026-01-01 00:13:35 | INFO     | [DAY_START] Processing 07JAN
2026-01-01 00:13:35 | INFO     | [lf.day.start] Processing ELQ-ATZ for 07JAN
2026-01-01 00:13:36 | INFO     | [lf.day.flights_found] Found 1 flights on 07JAN
2026-01-01 00:13:38 | INFO     | [lf.flight.extracted] SM436 on 07JAN: BKG=64, LF=38.3%
2026-01-01 00:13:42 | INFO     | [SUCCESS] Day 07JAN
2026-01-01 00:13:42 | INFO     | [DAY_START] Processing 06JAN
2026-01-01 00:13:42 | INFO     | [lf.day.start] Processing ELQ-ATZ for 06JAN
2026-01-01 00:13:43 | WARNING  | [lf.day.no_flights] No direct flights on 06JAN
2026-01-01 00:13:43 | INFO     | [SUCCESS] Day 06JAN
2026-01-01 00:13:43 | INFO     | [SUCCESS] LF Search Complete
2026-01-01 00:13:45 | INFO     | [Worker_9233] Completed: ELQ-ATZ - 6 results, 0 errors
2026-01-01 00:13:45 | INFO     | [Worker_9233] Processing: ATZ-MED
2026-01-01 00:13:45 | INFO     |   Tier 0: Range 1, Chunk 4/5 (6 days)
