2025-12-31 23:30:50 | INFO     | ======================================================================
2025-12-31 23:30:50 | INFO     | Load Factor Scraper Started - Route: ELQ-ATZ
2025-12-31 23:30:50 | INFO     | Log file: D:\CODERED\LAB\market_insights\outputs\run_generated_311225_at_23.27\logs\LF_ELQ-ATZ_20251231_233050.log
2025-12-31 23:30:50 | INFO     | Enhanced logging: Capturing both logging.info() and print()
2025-12-31 23:30:50 | INFO     | ======================================================================
2025-12-31 23:30:50 | INFO     | Starting LF search for route: ELQ-ATZ
2025-12-31 23:30:50 | INFO     | [START] LF Search
2025-12-31 23:30:52 | INFO     | [HEALTH CHECK] [OK] Chrome connection is healthy
2025-12-31 23:30:52 | INFO     | [DAY_START] Processing 28FEB
2025-12-31 23:30:52 | INFO     | [lf.day.start] Processing ELQ-ATZ for 28FEB
2025-12-31 23:30:53 | INFO     | [lf.day.flights_found] Found 1 flights on 28FEB
2025-12-31 23:30:55 | INFO     | [lf.flight.extracted] SM436 on 28FEB: BKG=4, LF=2.4%
2025-12-31 23:30:58 | INFO     | [SUCCESS] Day 28FEB
2025-12-31 23:30:58 | INFO     | [DAY_START] Processing 27FEB
2025-12-31 23:30:58 | INFO     | [lf.day.start] Processing ELQ-ATZ for 27FEB
2025-12-31 23:30:59 | WARNING  | [lf.day.no_flights] No direct flights on 27FEB
2025-12-31 23:30:59 | INFO     | [SUCCESS] Day 27FEB
2025-12-31 23:30:59 | INFO     | [DAY_START] Processing 26FEB
2025-12-31 23:30:59 | INFO     | [lf.day.start] Processing ELQ-ATZ for 26FEB
2025-12-31 23:31:00 | WARNING  | [lf.day.no_flights] No direct flights on 26FEB
2025-12-31 23:31:00 | INFO     | [SUCCESS] Day 26FEB
2025-12-31 23:31:00 | INFO     | [DAY_START] Processing 25FEB
2025-12-31 23:31:00 | INFO     | [lf.day.start] Processing ELQ-ATZ for 25FEB
2025-12-31 23:31:01 | INFO     | [lf.day.flights_found] Found 1 flights on 25FEB
2025-12-31 23:31:04 | INFO     | [lf.flight.extracted] SM436 on 25FEB: BKG=33, LF=19.8%
2025-12-31 23:31:07 | INFO     | [SUCCESS] Day 25FEB
2025-12-31 23:31:07 | INFO     | [DAY_START] Processing 24FEB
2025-12-31 23:31:07 | INFO     | [lf.day.start] Processing ELQ-ATZ for 24FEB
2025-12-31 23:31:08 | WARNING  | [lf.day.no_flights] No direct flights on 24FEB
2025-12-31 23:31:09 | INFO     | [SUCCESS] Day 24FEB
2025-12-31 23:31:09 | INFO     | [DAY_START] Processing 23FEB
2025-12-31 23:31:09 | INFO     | [lf.day.start] Processing ELQ-ATZ for 23FEB
2025-12-31 23:31:10 | WARNING  | [lf.day.no_flights] No direct flights on 23FEB
2025-12-31 23:31:10 | INFO     | [SUCCESS] Day 23FEB
2025-12-31 23:31:10 | INFO     | [SUCCESS] LF Search Complete
2025-12-31 23:31:12 | INFO     | [Worker_9226] Completed: ELQ-ATZ - 6 results, 0 errors
2025-12-31 23:31:12 | INFO     | [Worker_9226] Processing: ATZ-JED
2025-12-31 23:31:12 | INFO     |   Tier 0: Range 3, Chunk 1/5 (6 days)
