2026-01-01 00:09:40 | INFO     | ======================================================================
2026-01-01 00:09:40 | INFO     | Load Factor Scraper Started - Route: ELQ-CAI
2026-01-01 00:09:40 | INFO     | Log file: D:\CODERED\LAB\market_insights\outputs\run_generated_311225_at_23.27\logs\LF_ELQ-CAI_20260101_000940.log
2026-01-01 00:09:40 | INFO     | Enhanced logging: Capturing both logging.info() and print()
2026-01-01 00:09:40 | INFO     | ======================================================================
2026-01-01 00:09:40 | INFO     | Starting LF search for route: ELQ-CAI
2026-01-01 00:09:40 | INFO     | [START] LF Search
2026-01-01 00:09:41 | INFO     | [HEALTH CHECK] [OK] Chrome connection is healthy
2026-01-01 00:09:41 | INFO     | [DAY_START] Processing 12JAN
2026-01-01 00:09:41 | INFO     | [lf.day.start] Processing ELQ-CAI for 12JAN
2026-01-01 00:09:42 | WARNING  | [lf.day.no_flights] No direct flights on 12JAN
2026-01-01 00:09:42 | INFO     | [SUCCESS] Day 12JAN
2026-01-01 00:09:42 | INFO     | [DAY_START] Processing 11JAN
2026-01-01 00:09:42 | INFO     | [lf.day.start] Processing ELQ-CAI for 11JAN
2026-01-01 00:09:43 | INFO     | [lf.day.flights_found] Found 1 flights on 11JAN
2026-01-01 00:09:45 | INFO     | [lf.flight.extracted] SM428 on 11JAN: BKG=45, LF=27.0%
2026-01-01 00:09:51 | INFO     | [SUCCESS] Day 11JAN
2026-01-01 00:09:51 | INFO     | [DAY_START] Processing 10JAN
2026-01-01 00:09:51 | INFO     | [lf.day.start] Processing ELQ-CAI for 10JAN
2026-01-01 00:09:52 | INFO     | [lf.day.flights_found] Found 1 flights on 10JAN
2026-01-01 00:09:54 | INFO     | [lf.flight.extracted] SM428 on 10JAN: BKG=53, LF=31.7%
2026-01-01 00:09:58 | INFO     | [SUCCESS] Day 10JAN
2026-01-01 00:09:58 | INFO     | [DAY_START] Processing 09JAN
2026-01-01 00:09:58 | INFO     | [lf.day.start] Processing ELQ-CAI for 09JAN
2026-01-01 00:09:59 | WARNING  | [lf.day.no_flights] No direct flights on 09JAN
2026-01-01 00:09:59 | INFO     | [SUCCESS] Day 09JAN
2026-01-01 00:09:59 | INFO     | [DAY_START] Processing 08JAN
2026-01-01 00:09:59 | INFO     | [lf.day.start] Processing ELQ-CAI for 08JAN
2026-01-01 00:10:00 | INFO     | [lf.day.flights_found] Found 1 flights on 08JAN
2026-01-01 00:10:02 | INFO     | [lf.flight.extracted] SM428 on 08JAN: BKG=85, LF=48.6%
2026-01-01 00:10:07 | INFO     | [SUCCESS] Day 08JAN
2026-01-01 00:10:07 | INFO     | [DAY_START] Processing 07JAN
2026-01-01 00:10:07 | INFO     | [lf.day.start] Processing ELQ-CAI for 07JAN
2026-01-01 00:10:08 | WARNING  | [lf.day.no_flights] No direct flights on 07JAN
2026-01-01 00:10:09 | INFO     | [SUCCESS] Day 07JAN
2026-01-01 00:10:09 | INFO     | [SUCCESS] LF Search Complete
2026-01-01 00:10:11 | INFO     | [Worker_9232] Completed: ELQ-CAI - 6 results, 0 errors
2026-01-01 00:10:11 | INFO     | [Worker_9232] Processing: HBE-JED
2026-01-01 00:10:11 | INFO     |   Tier 0: Range 2, Chunk 4/5 (6 days)
