2025-12-31 23:37:16 | INFO     | ======================================================================
2025-12-31 23:37:16 | INFO     | Load Factor Scraper Started - Route: GIZ-CAI
2025-12-31 23:37:16 | INFO     | Log file: D:\CODERED\LAB\market_insights\outputs\run_generated_311225_at_23.27\logs\LF_GIZ-CAI_20251231_233716.log
2025-12-31 23:37:16 | INFO     | Enhanced logging: Capturing both logging.info() and print()
2025-12-31 23:37:16 | INFO     | ======================================================================
2025-12-31 23:37:16 | INFO     | Starting LF search for route: GIZ-CAI
2025-12-31 23:37:16 | INFO     | [START] LF Search
2025-12-31 23:37:18 | INFO     | [HEALTH CHECK] [OK] Chrome connection is healthy
2025-12-31 23:37:18 | INFO     | [DAY_START] Processing 16FEB
2025-12-31 23:37:18 | INFO     | [lf.day.start] Processing GIZ-CAI for 16FEB
2025-12-31 23:37:19 | WARNING  | [lf.day.no_flights] No direct flights on 16FEB
2025-12-31 23:37:19 | INFO     | [SUCCESS] Day 16FEB
2025-12-31 23:37:19 | INFO     | [DAY_START] Processing 15FEB
2025-12-31 23:37:19 | INFO     | [lf.day.start] Processing GIZ-CAI for 15FEB
2025-12-31 23:37:20 | INFO     | [lf.day.flights_found] Found 1 flights on 15FEB
2025-12-31 23:37:23 | INFO     | [lf.flight.extracted] SM330 on 15FEB: BKG=12, LF=6.9%
2025-12-31 23:37:26 | INFO     | [SUCCESS] Day 15FEB
2025-12-31 23:37:26 | INFO     | [DAY_START] Processing 14FEB
2025-12-31 23:37:26 | INFO     | [lf.day.start] Processing GIZ-CAI for 14FEB
2025-12-31 23:37:27 | WARNING  | [lf.day.no_flights] No direct flights on 14FEB
2025-12-31 23:37:27 | INFO     | [SUCCESS] Day 14FEB
2025-12-31 23:37:27 | INFO     | [DAY_START] Processing 13FEB
2025-12-31 23:37:27 | INFO     | [lf.day.start] Processing GIZ-CAI for 13FEB
2025-12-31 23:37:28 | INFO     | [lf.day.flights_found] Found 1 flights on 13FEB
2025-12-31 23:37:31 | INFO     | [lf.flight.extracted] SM330 on 13FEB: BKG=6, LF=3.4%
2025-12-31 23:37:34 | INFO     | [SUCCESS] Day 13FEB
2025-12-31 23:37:34 | INFO     | [DAY_START] Processing 12FEB
2025-12-31 23:37:34 | INFO     | [lf.day.start] Processing GIZ-CAI for 12FEB
2025-12-31 23:37:35 | WARNING  | [lf.day.no_flights] No direct flights on 12FEB
2025-12-31 23:37:35 | INFO     | [SUCCESS] Day 12FEB
2025-12-31 23:37:35 | INFO     | [DAY_START] Processing 11FEB
2025-12-31 23:37:35 | INFO     | [lf.day.start] Processing GIZ-CAI for 11FEB
2025-12-31 23:37:37 | WARNING  | [lf.day.no_flights] No direct flights on 11FEB
2025-12-31 23:37:37 | INFO     | [SUCCESS] Day 11FEB
2025-12-31 23:37:37 | INFO     | [SUCCESS] LF Search Complete
2025-12-31 23:37:39 | INFO     | [Worker_9223] Completed: GIZ-CAI - 6 results, 0 errors
2025-12-31 23:37:39 | INFO     | [Worker_9223] Processing: LXR-JED
2025-12-31 23:37:39 | INFO     |   Tier 0: Range 3, Chunk 3/5 (6 days)
