2025-12-31 23:49:01 | INFO     | ======================================================================
2025-12-31 23:49:01 | INFO     | Load Factor Scraper Started - Route: GIZ-CAI
2025-12-31 23:49:01 | INFO     | Log file: D:\CODERED\LAB\market_insights\outputs\run_generated_311225_at_23.27\logs\LF_GIZ-CAI_20251231_234901.log
2025-12-31 23:49:01 | INFO     | Enhanced logging: Capturing both logging.info() and print()
2025-12-31 23:49:01 | INFO     | ======================================================================
2025-12-31 23:49:01 | INFO     | Starting LF search for route: GIZ-CAI
2025-12-31 23:49:01 | INFO     | [START] LF Search
2025-12-31 23:49:02 | INFO     | [HEALTH CHECK] [OK] Chrome connection is healthy
2025-12-31 23:49:02 | INFO     | [DAY_START] Processing 31JAN
2025-12-31 23:49:02 | INFO     | [lf.day.start] Processing GIZ-CAI for 31JAN
2025-12-31 23:49:03 | WARNING  | [lf.day.no_flights] No direct flights on 31JAN
2025-12-31 23:49:04 | INFO     | [SUCCESS] Day 31JAN
2025-12-31 23:49:04 | INFO     | [DAY_START] Processing 30JAN
2025-12-31 23:49:04 | INFO     | [lf.day.start] Processing GIZ-CAI for 30JAN
2025-12-31 23:49:05 | INFO     | [lf.day.flights_found] Found 1 flights on 30JAN
2025-12-31 23:49:07 | INFO     | [lf.flight.extracted] SM330 on 30JAN: BKG=22, LF=12.6%
2025-12-31 23:49:11 | INFO     | [SUCCESS] Day 30JAN
2025-12-31 23:49:11 | INFO     | [DAY_START] Processing 29JAN
2025-12-31 23:49:11 | INFO     | [lf.day.start] Processing GIZ-CAI for 29JAN
2025-12-31 23:49:12 | WARNING  | [lf.day.no_flights] No direct flights on 29JAN
2025-12-31 23:49:12 | INFO     | [SUCCESS] Day 29JAN
2025-12-31 23:49:12 | INFO     | [DAY_START] Processing 28JAN
2025-12-31 23:49:12 | INFO     | [lf.day.start] Processing GIZ-CAI for 28JAN
2025-12-31 23:49:13 | WARNING  | [lf.day.no_flights] No direct flights on 28JAN
2025-12-31 23:49:13 | INFO     | [SUCCESS] Day 28JAN
2025-12-31 23:49:13 | INFO     | [DAY_START] Processing 27JAN
2025-12-31 23:49:13 | INFO     | [lf.day.start] Processing GIZ-CAI for 27JAN
2025-12-31 23:49:14 | WARNING  | [lf.day.no_flights] No direct flights on 27JAN
2025-12-31 23:49:15 | INFO     | [SUCCESS] Day 27JAN
2025-12-31 23:49:15 | INFO     | [DAY_START] Processing 26JAN
2025-12-31 23:49:15 | INFO     | [lf.day.start] Processing GIZ-CAI for 26JAN
2025-12-31 23:49:16 | WARNING  | [lf.day.no_flights] No direct flights on 26JAN
2025-12-31 23:49:16 | INFO     | [SUCCESS] Day 26JAN
2025-12-31 23:49:16 | INFO     | [DAY_START] Processing 25JAN
2025-12-31 23:49:16 | INFO     | [lf.day.start] Processing GIZ-CAI for 25JAN
2025-12-31 23:49:17 | INFO     | [lf.day.flights_found] Found 1 flights on 25JAN
2025-12-31 23:49:19 | INFO     | [lf.flight.extracted] SM330 on 25JAN: BKG=24, LF=13.7%
2025-12-31 23:49:25 | INFO     | [SUCCESS] Day 25JAN
2025-12-31 23:49:25 | INFO     | [SUCCESS] LF Search Complete
2025-12-31 23:49:27 | INFO     | [Worker_9232] Completed: GIZ-CAI - 7 results, 0 errors
2025-12-31 23:49:27 | INFO     | [Worker_9232] Processing: CAI-JED
2025-12-31 23:49:27 | INFO     |   Tier 0: Range 1, Chunk 1/5 (7 days)
