2026-01-01 00:06:13 | INFO     | ======================================================================
2026-01-01 00:06:13 | INFO     | Load Factor Scraper Started - Route: GIZ-CAI
2026-01-01 00:06:13 | INFO     | Log file: D:\CODERED\LAB\market_insights\outputs\run_generated_311225_at_23.27\logs\LF_GIZ-CAI_20260101_000613.log
2026-01-01 00:06:13 | INFO     | Enhanced logging: Capturing both logging.info() and print()
2026-01-01 00:06:13 | INFO     | ======================================================================
2026-01-01 00:06:13 | INFO     | Starting LF search for route: GIZ-CAI
2026-01-01 00:06:13 | INFO     | [START] LF Search
2026-01-01 00:06:14 | INFO     | [HEALTH CHECK] [OK] Chrome connection is healthy
2026-01-01 00:06:14 | INFO     | [DAY_START] Processing 17JAN
2026-01-01 00:06:14 | INFO     | [lf.day.start] Processing GIZ-CAI for 17JAN
2026-01-01 00:06:15 | WARNING  | [lf.day.no_flights] No direct flights on 17JAN
2026-01-01 00:06:15 | INFO     | [SUCCESS] Day 17JAN
2026-01-01 00:06:15 | INFO     | [DAY_START] Processing 16JAN
2026-01-01 00:06:15 | INFO     | [lf.day.start] Processing GIZ-CAI for 16JAN
2026-01-01 00:06:16 | INFO     | [lf.day.flights_found] Found 1 flights on 16JAN
2026-01-01 00:06:18 | INFO     | [lf.flight.extracted] SM330 on 16JAN: BKG=42, LF=24.0%
2026-01-01 00:06:22 | INFO     | [SUCCESS] Day 16JAN
2026-01-01 00:06:22 | INFO     | [DAY_START] Processing 15JAN
2026-01-01 00:06:22 | INFO     | [lf.day.start] Processing GIZ-CAI for 15JAN
2026-01-01 00:06:23 | WARNING  | [lf.day.no_flights] No direct flights on 15JAN
2026-01-01 00:06:23 | INFO     | [SUCCESS] Day 15JAN
2026-01-01 00:06:23 | INFO     | [DAY_START] Processing 14JAN
2026-01-01 00:06:23 | INFO     | [lf.day.start] Processing GIZ-CAI for 14JAN
2026-01-01 00:06:24 | WARNING  | [lf.day.no_flights] No direct flights on 14JAN
2026-01-01 00:06:24 | INFO     | [SUCCESS] Day 14JAN
2026-01-01 00:06:24 | INFO     | [DAY_START] Processing 13JAN
2026-01-01 00:06:24 | INFO     | [lf.day.start] Processing GIZ-CAI for 13JAN
2026-01-01 00:06:25 | WARNING  | [lf.day.no_flights] No direct flights on 13JAN
2026-01-01 00:06:26 | INFO     | [SUCCESS] Day 13JAN
2026-01-01 00:06:26 | INFO     | [DAY_START] Processing 12JAN
2026-01-01 00:06:26 | INFO     | [lf.day.start] Processing GIZ-CAI for 12JAN
2026-01-01 00:06:27 | WARNING  | [lf.day.no_flights] No direct flights on 12JAN
2026-01-01 00:06:27 | INFO     | [SUCCESS] Day 12JAN
2026-01-01 00:06:27 | INFO     | [SUCCESS] LF Search Complete
2026-01-01 00:06:29 | INFO     | [Worker_9226] Completed: GIZ-CAI - 6 results, 0 errors
2026-01-01 00:06:29 | INFO     | [Worker_9226] Processing: CAI-JED
2026-01-01 00:06:29 | INFO     |   Tier 0: Range 1, Chunk 3/5 (6 days)
