2026-01-01 00:02:01 | INFO     | ======================================================================
2026-01-01 00:02:01 | INFO     | Load Factor Scraper Started - Route: GIZ-CAI
2026-01-01 00:02:01 | INFO     | Log file: D:\CODERED\LAB\market_insights\outputs\run_generated_311225_at_23.27\logs\LF_GIZ-CAI_20260101_000201.log
2026-01-01 00:02:01 | INFO     | Enhanced logging: Capturing both logging.info() and print()
2026-01-01 00:02:01 | INFO     | ======================================================================
2026-01-01 00:02:01 | INFO     | Starting LF search for route: GIZ-CAI
2026-01-01 00:02:01 | INFO     | [START] LF Search
2026-01-01 00:02:03 | INFO     | [HEALTH CHECK] [OK] Chrome connection is healthy
2026-01-01 00:02:03 | INFO     | [DAY_START] Processing 18JAN
2026-01-01 00:02:03 | INFO     | [lf.day.start] Processing GIZ-CAI for 18JAN
2026-01-01 00:02:04 | INFO     | [lf.day.flights_found] Found 1 flights on 18JAN
2026-01-01 00:02:06 | INFO     | [lf.flight.extracted] SM330 on 18JAN: BKG=25, LF=14.3%
2026-01-01 00:02:09 | INFO     | [SUCCESS] Day 18JAN
2026-01-01 00:02:09 | INFO     | [DAY_START] Processing 17JAN
2026-01-01 00:02:09 | INFO     | [lf.day.start] Processing GIZ-CAI for 17JAN
2026-01-01 00:02:11 | WARNING  | [lf.day.no_flights] No direct flights on 17JAN
2026-01-01 00:02:11 | INFO     | [SUCCESS] Day 17JAN
2026-01-01 00:02:11 | INFO     | [DAY_START] Processing 16JAN
2026-01-01 00:02:11 | INFO     | [lf.day.start] Processing GIZ-CAI for 16JAN
2026-01-01 00:02:12 | INFO     | [lf.day.flights_found] Found 1 flights on 16JAN
2026-01-01 00:02:14 | INFO     | [lf.flight.extracted] SM330 on 16JAN: BKG=42, LF=24.0%
2026-01-01 00:02:18 | INFO     | [SUCCESS] Day 16JAN
2026-01-01 00:02:18 | INFO     | [DAY_START] Processing 15JAN
2026-01-01 00:02:18 | INFO     | [lf.day.start] Processing GIZ-CAI for 15JAN
2026-01-01 00:02:19 | WARNING  | [lf.day.no_flights] No direct flights on 15JAN
2026-01-01 00:02:19 | INFO     | [SUCCESS] Day 15JAN
2026-01-01 00:02:19 | INFO     | [DAY_START] Processing 14JAN
2026-01-01 00:02:19 | INFO     | [lf.day.start] Processing GIZ-CAI for 14JAN
2026-01-01 00:02:20 | WARNING  | [lf.day.no_flights] No direct flights on 14JAN
2026-01-01 00:02:20 | INFO     | [SUCCESS] Day 14JAN
2026-01-01 00:02:20 | INFO     | [DAY_START] Processing 13JAN
2026-01-01 00:02:20 | INFO     | [lf.day.start] Processing GIZ-CAI for 13JAN
2026-01-01 00:02:21 | WARNING  | [lf.day.no_flights] No direct flights on 13JAN
2026-01-01 00:02:21 | INFO     | [SUCCESS] Day 13JAN
2026-01-01 00:02:21 | INFO     | [SUCCESS] LF Search Complete
2026-01-01 00:02:23 | INFO     | [Worker_9227] Completed: GIZ-CAI - 6 results, 0 errors
2026-01-01 00:02:23 | INFO     | [Worker_9227] Processing: HBE-JED
2026-01-01 00:02:23 | INFO     |   Tier 0: Range 2, Chunk 3/5 (6 days)
