2025-12-31 23:30:52 | INFO     | ======================================================================
2025-12-31 23:30:52 | INFO     | Load Factor Scraper Started - Route: GIZ-CAI
2025-12-31 23:30:52 | INFO     | Log file: D:\CODERED\LAB\market_insights\outputs\run_generated_311225_at_23.27\logs\LF_GIZ-CAI_20251231_233052.log
2025-12-31 23:30:52 | INFO     | Enhanced logging: Capturing both logging.info() and print()
2025-12-31 23:30:52 | INFO     | ======================================================================
2025-12-31 23:30:52 | INFO     | Starting LF search for route: GIZ-CAI
2025-12-31 23:30:52 | INFO     | [START] LF Search
2025-12-31 23:30:54 | INFO     | [HEALTH CHECK] [OK] Chrome connection is healthy
2025-12-31 23:30:54 | INFO     | [DAY_START] Processing 28FEB
2025-12-31 23:30:54 | INFO     | [lf.day.start] Processing GIZ-CAI for 28FEB
2025-12-31 23:30:55 | WARNING  | [lf.day.no_flights] No direct flights on 28FEB
2025-12-31 23:30:55 | INFO     | [SUCCESS] Day 28FEB
2025-12-31 23:30:55 | INFO     | [DAY_START] Processing 27FEB
2025-12-31 23:30:55 | INFO     | [lf.day.start] Processing GIZ-CAI for 27FEB
2025-12-31 23:30:56 | INFO     | [lf.day.flights_found] Found 1 flights on 27FEB
2025-12-31 23:30:59 | INFO     | [lf.flight.extracted] SM330 on 27FEB: BKG=3, LF=1.7%
2025-12-31 23:31:01 | INFO     | [SUCCESS] Day 27FEB
2025-12-31 23:31:01 | INFO     | [DAY_START] Processing 26FEB
2025-12-31 23:31:01 | INFO     | [lf.day.start] Processing GIZ-CAI for 26FEB
2025-12-31 23:31:03 | WARNING  | [lf.day.no_flights] No direct flights on 26FEB
2025-12-31 23:31:03 | INFO     | [SUCCESS] Day 26FEB
2025-12-31 23:31:03 | INFO     | [DAY_START] Processing 25FEB
2025-12-31 23:31:03 | INFO     | [lf.day.start] Processing GIZ-CAI for 25FEB
2025-12-31 23:31:04 | WARNING  | [lf.day.no_flights] No direct flights on 25FEB
2025-12-31 23:31:04 | INFO     | [SUCCESS] Day 25FEB
2025-12-31 23:31:04 | INFO     | [DAY_START] Processing 24FEB
2025-12-31 23:31:04 | INFO     | [lf.day.start] Processing GIZ-CAI for 24FEB
2025-12-31 23:31:05 | WARNING  | [lf.day.no_flights] No direct flights on 24FEB
2025-12-31 23:31:05 | INFO     | [SUCCESS] Day 24FEB
2025-12-31 23:31:05 | INFO     | [DAY_START] Processing 23FEB
2025-12-31 23:31:05 | INFO     | [lf.day.start] Processing GIZ-CAI for 23FEB
2025-12-31 23:31:06 | WARNING  | [lf.day.no_flights] No direct flights on 23FEB
2025-12-31 23:31:06 | INFO     | [SUCCESS] Day 23FEB
2025-12-31 23:31:06 | INFO     | [SUCCESS] LF Search Complete
2025-12-31 23:31:09 | INFO     | [Worker_9234] Completed: GIZ-CAI - 6 results, 0 errors
2025-12-31 23:31:09 | INFO     | [Worker_9234] Processing: CAI-JED
2025-12-31 23:31:09 | INFO     |   Tier 0: Range 3, Chunk 1/5 (6 days)
