2025-12-31 23:49:29 | INFO     | ======================================================================
2025-12-31 23:49:29 | INFO     | Load Factor Scraper Started - Route: HBE-JED
2025-12-31 23:49:29 | INFO     | Log file: D:\CODERED\LAB\market_insights\outputs\run_generated_311225_at_23.27\logs\LF_HBE-JED_20251231_234929.log
2025-12-31 23:49:29 | INFO     | Enhanced logging: Capturing both logging.info() and print()
2025-12-31 23:49:29 | INFO     | ======================================================================
2025-12-31 23:49:29 | INFO     | Starting LF search for route: HBE-JED
2025-12-31 23:49:29 | INFO     | [START] LF Search
2025-12-31 23:49:30 | INFO     | [HEALTH CHECK] [OK] Chrome connection is healthy
2025-12-31 23:49:30 | INFO     | [DAY_START] Processing 31JAN
2025-12-31 23:49:30 | INFO     | [lf.day.start] Processing HBE-JED for 31JAN
2025-12-31 23:49:32 | INFO     | [lf.day.flights_found] Found 2 flights on 31JAN
2025-12-31 23:49:34 | INFO     | [lf.flight.extracted] SM457 on 31JAN: BKG=103, LF=57.5%
2025-12-31 23:49:37 | INFO     | [lf.flight.extracted] SM451 on 31JAN: BKG=66, LF=36.9%
2025-12-31 23:49:43 | INFO     | [SUCCESS] Day 31JAN
2025-12-31 23:49:43 | INFO     | [DAY_START] Processing 30JAN
2025-12-31 23:49:43 | INFO     | [lf.day.start] Processing HBE-JED for 30JAN
2025-12-31 23:49:44 | INFO     | [lf.day.flights_found] Found 1 flights on 30JAN
2025-12-31 23:49:46 | INFO     | [lf.flight.extracted] SM451 on 30JAN: BKG=98, LF=54.8%
2025-12-31 23:49:49 | INFO     | [SUCCESS] Day 30JAN
2025-12-31 23:49:49 | INFO     | [DAY_START] Processing 29JAN
2025-12-31 23:49:49 | INFO     | [lf.day.start] Processing HBE-JED for 29JAN
2025-12-31 23:49:50 | INFO     | [lf.day.flights_found] Found 1 flights on 29JAN
2025-12-31 23:49:52 | INFO     | [lf.flight.extracted] SM451 on 29JAN: BKG=150, LF=83.8%
2025-12-31 23:49:55 | INFO     | [SUCCESS] Day 29JAN
2025-12-31 23:49:55 | INFO     | [DAY_START] Processing 28JAN
2025-12-31 23:49:55 | INFO     | [lf.day.start] Processing HBE-JED for 28JAN
2025-12-31 23:49:56 | INFO     | [lf.day.flights_found] Found 3 flights on 28JAN
2025-12-31 23:49:58 | INFO     | [lf.flight.extracted] SM451 on 28JAN: BKG=149, LF=83.2%
2025-12-31 23:50:02 | INFO     | [lf.flight.extracted] SM457 on 28JAN: BKG=99, LF=55.3%
2025-12-31 23:50:06 | INFO     | [lf.flight.extracted] SM473 on 28JAN: BKG=180, LF=100.6%
2025-12-31 23:50:12 | INFO     | [SUCCESS] Day 28JAN
2025-12-31 23:50:12 | INFO     | [DAY_START] Processing 27JAN
2025-12-31 23:50:12 | INFO     | [lf.day.start] Processing HBE-JED for 27JAN
2025-12-31 23:50:13 | INFO     | [lf.day.flights_found] Found 2 flights on 27JAN
2025-12-31 23:50:15 | INFO     | [lf.flight.extracted] SM479 on 27JAN: BKG=175, LF=99.4%
2025-12-31 23:50:19 | INFO     | [lf.flight.extracted] SM451 on 27JAN: BKG=179, LF=100.0%
2025-12-31 23:50:25 | INFO     | [SUCCESS] Day 27JAN
2025-12-31 23:50:25 | INFO     | [DAY_START] Processing 26JAN
2025-12-31 23:50:25 | INFO     | [lf.day.start] Processing HBE-JED for 26JAN
2025-12-31 23:50:26 | INFO     | [lf.day.flights_found] Found 5 flights on 26JAN
2025-12-31 23:50:28 | INFO     | [lf.flight.extracted] SM953 on 26JAN: BKG=175, LF=99.4%
2025-12-31 23:50:32 | INFO     | [lf.flight.extracted] SM457 on 26JAN: BKG=170, LF=95.0%
2025-12-31 23:50:35 | INFO     | [lf.flight.extracted] SM451 on 26JAN: BKG=144, LF=81.8%
2025-12-31 23:50:39 | INFO     | [lf.flight.extracted] SM955 on 26JAN: BKG=175, LF=97.8%
2025-12-31 23:50:42 | INFO     | [lf.flight.extracted] SM957 on 26JAN: BKG=175, LF=97.8%
2025-12-31 23:50:52 | INFO     | [SUCCESS] Day 26JAN
2025-12-31 23:50:52 | INFO     | [DAY_START] Processing 25JAN
2025-12-31 23:50:52 | INFO     | [lf.day.start] Processing HBE-JED for 25JAN
2025-12-31 23:50:53 | INFO     | [lf.day.flights_found] Found 2 flights on 25JAN
2025-12-31 23:50:55 | INFO     | [lf.flight.extracted] SM451 on 25JAN: BKG=176, LF=99.4%
2025-12-31 23:50:59 | INFO     | [lf.flight.extracted] SM457 on 25JAN: BKG=179, LF=100.0%
2025-12-31 23:51:07 | INFO     | [SUCCESS] Day 25JAN
2025-12-31 23:51:07 | INFO     | [SUCCESS] LF Search Complete
2025-12-31 23:51:09 | INFO     | [Worker_9226] Completed: HBE-JED - 7 results, 0 errors
2025-12-31 23:51:09 | INFO     | [Worker_9226] Processing: CAI-DMM
2025-12-31 23:51:09 | INFO     |   Tier 0: Range 2, Chunk 1/5 (7 days)
