2026-01-01 00:06:18 | INFO     | ======================================================================
2026-01-01 00:06:18 | INFO     | Load Factor Scraper Started - Route: HBE-MED
2026-01-01 00:06:18 | INFO     | Log file: D:\CODERED\LAB\market_insights\outputs\run_generated_311225_at_23.27\logs\LF_HBE-MED_20260101_000618.log
2026-01-01 00:06:18 | INFO     | Enhanced logging: Capturing both logging.info() and print()
2026-01-01 00:06:18 | INFO     | ======================================================================
2026-01-01 00:06:18 | INFO     | Starting LF search for route: HBE-MED
2026-01-01 00:06:18 | INFO     | [START] LF Search
2026-01-01 00:06:19 | INFO     | [HEALTH CHECK] [OK] Chrome connection is healthy
2026-01-01 00:06:19 | INFO     | [DAY_START] Processing 17JAN
2026-01-01 00:06:19 | INFO     | [lf.day.start] Processing HBE-MED for 17JAN
2026-01-01 00:06:21 | WARNING  | [lf.day.no_flights] No direct flights on 17JAN
2026-01-01 00:06:21 | INFO     | [SUCCESS] Day 17JAN
2026-01-01 00:06:21 | INFO     | [DAY_START] Processing 16JAN
2026-01-01 00:06:21 | INFO     | [lf.day.start] Processing HBE-MED for 16JAN
2026-01-01 00:06:22 | WARNING  | [lf.day.no_flights] No direct flights on 16JAN
2026-01-01 00:06:22 | INFO     | [SUCCESS] Day 16JAN
2026-01-01 00:06:22 | INFO     | [DAY_START] Processing 15JAN
2026-01-01 00:06:22 | INFO     | [lf.day.start] Processing HBE-MED for 15JAN
2026-01-01 00:06:23 | INFO     | [lf.day.flights_found] Found 1 flights on 15JAN
2026-01-01 00:06:25 | INFO     | [lf.flight.extracted] SM485 on 15JAN: BKG=176, LF=99.4%
2026-01-01 00:06:29 | INFO     | [SUCCESS] Day 15JAN
2026-01-01 00:06:29 | INFO     | [DAY_START] Processing 14JAN
2026-01-01 00:06:29 | INFO     | [lf.day.start] Processing HBE-MED for 14JAN
2026-01-01 00:06:30 | INFO     | [lf.day.flights_found] Found 1 flights on 14JAN
2026-01-01 00:06:32 | INFO     | [lf.flight.extracted] SM485 on 14JAN: BKG=151, LF=85.8%
2026-01-01 00:06:35 | INFO     | [SUCCESS] Day 14JAN
2026-01-01 00:06:35 | INFO     | [DAY_START] Processing 13JAN
2026-01-01 00:06:35 | INFO     | [lf.day.start] Processing HBE-MED for 13JAN
2026-01-01 00:06:36 | INFO     | [lf.day.flights_found] Found 1 flights on 13JAN
2026-01-01 00:06:38 | INFO     | [lf.flight.extracted] SM485 on 13JAN: BKG=145, LF=82.4%
2026-01-01 00:06:44 | INFO     | [SUCCESS] Day 13JAN
2026-01-01 00:06:44 | INFO     | [DAY_START] Processing 12JAN
2026-01-01 00:06:44 | INFO     | [lf.day.start] Processing HBE-MED for 12JAN
2026-01-01 00:06:45 | WARNING  | [lf.day.no_flights] No direct flights on 12JAN
2026-01-01 00:06:45 | INFO     | [SUCCESS] Day 12JAN
2026-01-01 00:06:45 | INFO     | [SUCCESS] LF Search Complete
2026-01-01 00:06:47 | INFO     | [Worker_9224] Completed: HBE-MED - 6 results, 0 errors
2026-01-01 00:06:47 | INFO     | [Worker_9224] Processing: CAI-RUH
2026-01-01 00:06:47 | INFO     |   Tier 0: Range 1, Chunk 3/5 (6 days)
