2025-12-31 23:40:41 | INFO     | ======================================================================
2025-12-31 23:40:41 | INFO     | Load Factor Scraper Started - Route: HBE-JED
2025-12-31 23:40:41 | INFO     | Log file: D:\CODERED\LAB\market_insights\outputs\run_generated_311225_at_23.27\logs\LF_HBE-JED_20251231_234041.log
2025-12-31 23:40:41 | INFO     | Enhanced logging: Capturing both logging.info() and print()
2025-12-31 23:40:41 | INFO     | ======================================================================
2025-12-31 23:40:41 | INFO     | Starting LF search for route: HBE-JED
2025-12-31 23:40:41 | INFO     | [START] LF Search
2025-12-31 23:40:43 | INFO     | [HEALTH CHECK] [OK] Chrome connection is healthy
2025-12-31 23:40:43 | INFO     | [DAY_START] Processing 10FEB
2025-12-31 23:40:43 | INFO     | [lf.day.start] Processing HBE-JED for 10FEB
2025-12-31 23:40:44 | INFO     | [lf.day.flights_found] Found 3 flights on 10FEB
2025-12-31 23:40:47 | INFO     | [lf.flight.extracted] SM471 on 10FEB: BKG=170, LF=95.0%
2025-12-31 23:40:51 | INFO     | [lf.flight.extracted] SM479 on 10FEB: BKG=170, LF=95.0%
2025-12-31 23:40:54 | INFO     | [lf.flight.extracted] SM451 on 10FEB: BKG=179, LF=100.0%
2025-12-31 23:41:00 | INFO     | [SUCCESS] Day 10FEB
2025-12-31 23:41:00 | INFO     | [DAY_START] Processing 09FEB
2025-12-31 23:41:00 | INFO     | [lf.day.start] Processing HBE-JED for 09FEB
2025-12-31 23:41:01 | INFO     | [lf.day.flights_found] Found 4 flights on 09FEB
2025-12-31 23:41:04 | INFO     | [lf.flight.extracted] SM457 on 09FEB: BKG=174, LF=97.2%
2025-12-31 23:41:08 | INFO     | [lf.flight.extracted] SM477 on 09FEB: BKG=170, LF=95.0%
2025-12-31 23:41:11 | INFO     | [lf.flight.extracted] SM451 on 09FEB: BKG=175, LF=97.8%
2025-12-31 23:41:15 | INFO     | [lf.flight.extracted] SM957 on 09FEB: BKG=170, LF=95.0%
2025-12-31 23:41:22 | INFO     | [SUCCESS] Day 09FEB
2025-12-31 23:41:22 | INFO     | [DAY_START] Processing 08FEB
2025-12-31 23:41:22 | INFO     | [lf.day.start] Processing HBE-JED for 08FEB
2025-12-31 23:41:24 | INFO     | [lf.day.flights_found] Found 2 flights on 08FEB
2025-12-31 23:41:26 | INFO     | [lf.flight.extracted] SM451 on 08FEB: BKG=175, LF=97.8%
2025-12-31 23:41:30 | INFO     | [lf.flight.extracted] SM457 on 08FEB: BKG=172, LF=96.1%
2025-12-31 23:41:34 | INFO     | [SUCCESS] Day 08FEB
2025-12-31 23:41:34 | INFO     | [DAY_START] Processing 07FEB
2025-12-31 23:41:34 | INFO     | [lf.day.start] Processing HBE-JED for 07FEB
2025-12-31 23:41:35 | INFO     | [lf.day.flights_found] Found 2 flights on 07FEB
2025-12-31 23:41:38 | INFO     | [lf.flight.extracted] SM457 on 07FEB: BKG=168, LF=93.8%
2025-12-31 23:41:41 | INFO     | [lf.flight.extracted] SM451 on 07FEB: BKG=169, LF=94.4%
2025-12-31 23:41:46 | INFO     | [SUCCESS] Day 07FEB
2025-12-31 23:41:46 | INFO     | [DAY_START] Processing 06FEB
2025-12-31 23:41:46 | INFO     | [lf.day.start] Processing HBE-JED for 06FEB
2025-12-31 23:41:47 | INFO     | [lf.day.flights_found] Found 1 flights on 06FEB
2025-12-31 23:41:49 | INFO     | [lf.flight.extracted] SM451 on 06FEB: BKG=177, LF=98.9%
2025-12-31 23:41:52 | INFO     | [SUCCESS] Day 06FEB
2025-12-31 23:41:52 | INFO     | [SUCCESS] LF Search Complete
2025-12-31 23:41:54 | INFO     | [Worker_9222] Completed: HBE-JED - 5 results, 0 errors
2025-12-31 23:41:54 | INFO     | [Worker_9222] Processing: CAI-GIZ
2025-12-31 23:41:54 | INFO     |   Tier 0: Range 3, Chunk 4/5 (5 days)
