2026-01-01 00:13:51 | INFO     | ======================================================================
2026-01-01 00:13:51 | INFO     | Load Factor Scraper Started - Route: HBE-JED
2026-01-01 00:13:51 | INFO     | Log file: D:\CODERED\LAB\market_insights\outputs\run_generated_311225_at_23.27\logs\LF_HBE-JED_20260101_001351.log
2026-01-01 00:13:51 | INFO     | Enhanced logging: Capturing both logging.info() and print()
2026-01-01 00:13:51 | INFO     | ======================================================================
2026-01-01 00:13:51 | INFO     | Starting LF search for route: HBE-JED
2026-01-01 00:13:51 | INFO     | [START] LF Search
2026-01-01 00:13:52 | INFO     | [HEALTH CHECK] [OK] Chrome connection is healthy
2026-01-01 00:13:52 | INFO     | [DAY_START] Processing 11JAN
2026-01-01 00:13:52 | INFO     | [lf.day.start] Processing HBE-JED for 11JAN
2026-01-01 00:13:53 | INFO     | [lf.day.flights_found] Found 2 flights on 11JAN
2026-01-01 00:13:55 | INFO     | [lf.flight.extracted] SM451 on 11JAN: BKG=151, LF=85.3%
2026-01-01 00:13:59 | INFO     | [lf.flight.extracted] SM457 on 11JAN: BKG=105, LF=58.7%
2026-01-01 00:14:06 | INFO     | [SUCCESS] Day 11JAN
2026-01-01 00:14:06 | INFO     | [DAY_START] Processing 10JAN
2026-01-01 00:14:06 | INFO     | [lf.day.start] Processing HBE-JED for 10JAN
2026-01-01 00:14:07 | INFO     | [lf.day.flights_found] Found 2 flights on 10JAN
2026-01-01 00:14:09 | INFO     | [lf.flight.extracted] SM457 on 10JAN: BKG=135, LF=76.7%
2026-01-01 00:14:12 | INFO     | [lf.flight.extracted] SM451 on 10JAN: BKG=154, LF=87.5%
2026-01-01 00:14:19 | INFO     | [SUCCESS] Day 10JAN
2026-01-01 00:14:19 | INFO     | [DAY_START] Processing 09JAN
2026-01-01 00:14:19 | INFO     | [lf.day.start] Processing HBE-JED for 09JAN
2026-01-01 00:14:20 | INFO     | [lf.day.flights_found] Found 1 flights on 09JAN
2026-01-01 00:14:22 | INFO     | [lf.flight.extracted] SM451 on 09JAN: BKG=71, LF=40.3%
2026-01-01 00:14:27 | INFO     | [SUCCESS] Day 09JAN
2026-01-01 00:14:27 | INFO     | [DAY_START] Processing 08JAN
2026-01-01 00:14:27 | INFO     | [lf.day.start] Processing HBE-JED for 08JAN
2026-01-01 00:14:28 | INFO     | [lf.day.flights_found] Found 1 flights on 08JAN
2026-01-01 00:14:30 | INFO     | [lf.flight.extracted] SM451 on 08JAN: BKG=158, LF=89.8%
2026-01-01 00:14:33 | INFO     | [SUCCESS] Day 08JAN
2026-01-01 00:14:33 | INFO     | [DAY_START] Processing 07JAN
2026-01-01 00:14:33 | INFO     | [lf.day.start] Processing HBE-JED for 07JAN
2026-01-01 00:14:34 | INFO     | [lf.day.flights_found] Found 3 flights on 07JAN
2026-01-01 00:14:36 | INFO     | [lf.flight.extracted] SM451 on 07JAN: BKG=161, LF=91.5%
2026-01-01 00:14:40 | INFO     | [lf.flight.extracted] SM457 on 07JAN: BKG=133, LF=74.3%
2026-01-01 00:14:43 | INFO     | [lf.flight.extracted] SM473 on 07JAN: BKG=176, LF=98.3%
2026-01-01 00:14:58 | INFO     | [SUCCESS] Day 07JAN
2026-01-01 00:14:58 | INFO     | [DAY_START] Processing 06JAN
2026-01-01 00:14:58 | INFO     | [lf.day.start] Processing HBE-JED for 06JAN
2026-01-01 00:14:59 | INFO     | [lf.day.flights_found] Found 1 flights on 06JAN
2026-01-01 00:15:01 | INFO     | [lf.flight.extracted] SM451 on 06JAN: BKG=171, LF=96.6%
2026-01-01 00:15:06 | INFO     | [SUCCESS] Day 06JAN
2026-01-01 00:15:06 | INFO     | [SUCCESS] LF Search Complete
2026-01-01 00:15:08 | INFO     | [Worker_9234] Completed: HBE-JED - 6 results, 0 errors
2026-01-01 00:15:08 | INFO     | [Worker_9234] Processing: CAI-ELQ
2026-01-01 00:15:08 | INFO     |   Tier 0: Range 1, Chunk 4/5 (6 days)
