2026-01-01 00:10:11 | INFO     | ======================================================================
2026-01-01 00:10:11 | INFO     | Load Factor Scraper Started - Route: HBE-JED
2026-01-01 00:10:11 | INFO     | Log file: D:\CODERED\LAB\market_insights\outputs\run_generated_311225_at_23.27\logs\LF_HBE-JED_20260101_001011.log
2026-01-01 00:10:11 | INFO     | Enhanced logging: Capturing both logging.info() and print()
2026-01-01 00:10:11 | INFO     | ======================================================================
2026-01-01 00:10:11 | INFO     | Starting LF search for route: HBE-JED
2026-01-01 00:10:11 | INFO     | [START] LF Search
2026-01-01 00:10:12 | INFO     | [HEALTH CHECK] [OK] Chrome connection is healthy
2026-01-01 00:10:12 | INFO     | [DAY_START] Processing 12JAN
2026-01-01 00:10:12 | INFO     | [lf.day.start] Processing HBE-JED for 12JAN
2026-01-01 00:10:13 | INFO     | [lf.day.flights_found] Found 2 flights on 12JAN
2026-01-01 00:10:15 | INFO     | [lf.flight.extracted] SM457 on 12JAN: BKG=177, LF=100.6%
2026-01-01 00:10:18 | INFO     | [lf.flight.extracted] SM451 on 12JAN: BKG=156, LF=88.6%
2026-01-01 00:10:23 | INFO     | [SUCCESS] Day 12JAN
2026-01-01 00:10:23 | INFO     | [DAY_START] Processing 11JAN
2026-01-01 00:10:23 | INFO     | [lf.day.start] Processing HBE-JED for 11JAN
2026-01-01 00:10:24 | INFO     | [lf.day.flights_found] Found 2 flights on 11JAN
2026-01-01 00:10:26 | INFO     | [lf.flight.extracted] SM451 on 11JAN: BKG=151, LF=85.3%
2026-01-01 00:10:30 | INFO     | [lf.flight.extracted] SM457 on 11JAN: BKG=105, LF=58.7%
2026-01-01 00:10:37 | INFO     | [SUCCESS] Day 11JAN
2026-01-01 00:10:37 | INFO     | [DAY_START] Processing 10JAN
2026-01-01 00:10:37 | INFO     | [lf.day.start] Processing HBE-JED for 10JAN
2026-01-01 00:10:38 | INFO     | [lf.day.flights_found] Found 2 flights on 10JAN
2026-01-01 00:10:40 | INFO     | [lf.flight.extracted] SM457 on 10JAN: BKG=135, LF=76.7%
2026-01-01 00:10:43 | INFO     | [lf.flight.extracted] SM451 on 10JAN: BKG=154, LF=87.5%
2026-01-01 00:10:50 | INFO     | [SUCCESS] Day 10JAN
2026-01-01 00:10:50 | INFO     | [DAY_START] Processing 09JAN
2026-01-01 00:10:50 | INFO     | [lf.day.start] Processing HBE-JED for 09JAN
2026-01-01 00:10:51 | INFO     | [lf.day.flights_found] Found 1 flights on 09JAN
2026-01-01 00:10:53 | INFO     | [lf.flight.extracted] SM451 on 09JAN: BKG=71, LF=40.3%
2026-01-01 00:10:57 | INFO     | [SUCCESS] Day 09JAN
2026-01-01 00:10:57 | INFO     | [DAY_START] Processing 08JAN
2026-01-01 00:10:57 | INFO     | [lf.day.start] Processing HBE-JED for 08JAN
2026-01-01 00:10:58 | INFO     | [lf.day.flights_found] Found 1 flights on 08JAN
2026-01-01 00:11:00 | INFO     | [lf.flight.extracted] SM451 on 08JAN: BKG=158, LF=89.8%
2026-01-01 00:11:04 | INFO     | [SUCCESS] Day 08JAN
2026-01-01 00:11:04 | INFO     | [DAY_START] Processing 07JAN
2026-01-01 00:11:04 | INFO     | [lf.day.start] Processing HBE-JED for 07JAN
2026-01-01 00:11:05 | INFO     | [lf.day.flights_found] Found 3 flights on 07JAN
2026-01-01 00:11:07 | INFO     | [lf.flight.extracted] SM451 on 07JAN: BKG=161, LF=91.5%
2026-01-01 00:11:10 | INFO     | [lf.flight.extracted] SM457 on 07JAN: BKG=133, LF=74.3%
2026-01-01 00:11:13 | INFO     | [lf.flight.extracted] SM473 on 07JAN: BKG=176, LF=98.3%
2026-01-01 00:11:28 | INFO     | [SUCCESS] Day 07JAN
2026-01-01 00:11:28 | INFO     | [SUCCESS] LF Search Complete
2026-01-01 00:11:30 | INFO     | [Worker_9232] Completed: HBE-JED - 6 results, 0 errors
2026-01-01 00:11:30 | INFO     | [Worker_9232] Processing: CAI-GIZ
2026-01-01 00:11:30 | INFO     |   Tier 0: Range 2, Chunk 4/5 (6 days)
