2026-01-01 00:20:32 | INFO     | ======================================================================
2026-01-01 00:20:32 | INFO     | Load Factor Scraper Started - Route: HBE-JED
2026-01-01 00:20:32 | INFO     | Log file: D:\CODERED\LAB\market_insights\outputs\run_generated_311225_at_23.27\logs\LF_HBE-JED_20260101_002032.log
2026-01-01 00:20:32 | INFO     | Enhanced logging: Capturing both logging.info() and print()
2026-01-01 00:20:32 | INFO     | ======================================================================
2026-01-01 00:20:32 | INFO     | Starting LF search for route: HBE-JED
2026-01-01 00:20:32 | INFO     | [START] LF Search
2026-01-01 00:20:33 | INFO     | [HEALTH CHECK] [OK] Chrome connection is healthy
2026-01-01 00:20:33 | INFO     | [DAY_START] Processing 05JAN
2026-01-01 00:20:33 | INFO     | [lf.day.start] Processing HBE-JED for 05JAN
2026-01-01 00:20:34 | INFO     | [lf.day.flights_found] Found 2 flights on 05JAN
2026-01-01 00:20:37 | INFO     | [lf.flight.extracted] SM457 on 05JAN: BKG=175, LF=99.4%
2026-01-01 00:20:40 | INFO     | [lf.flight.extracted] SM451 on 05JAN: BKG=159, LF=89.8%
2026-01-01 00:20:51 | INFO     | [SUCCESS] Day 05JAN
2026-01-01 00:20:51 | INFO     | [DAY_START] Processing 04JAN
2026-01-01 00:20:51 | INFO     | [lf.day.start] Processing HBE-JED for 04JAN
2026-01-01 00:20:52 | INFO     | [lf.day.flights_found] Found 2 flights on 04JAN
2026-01-01 00:20:54 | INFO     | [lf.flight.extracted] SM451 on 04JAN: BKG=141, LF=79.7%
2026-01-01 00:20:57 | INFO     | [lf.flight.extracted] SM457 on 04JAN: BKG=172, LF=96.1%
2026-01-01 00:21:07 | INFO     | [SUCCESS] Day 04JAN
2026-01-01 00:21:07 | INFO     | [DAY_START] Processing 03JAN
2026-01-01 00:21:07 | INFO     | [lf.day.start] Processing HBE-JED for 03JAN
2026-01-01 00:21:09 | INFO     | [lf.day.flights_found] Found 2 flights on 03JAN
2026-01-01 00:21:11 | INFO     | [lf.flight.extracted] SM457 on 03JAN: BKG=139, LF=77.6%
2026-01-01 00:21:15 | INFO     | [lf.flight.extracted] SM451 on 03JAN: BKG=116, LF=65.9%
2026-01-01 00:21:27 | INFO     | [SUCCESS] Day 03JAN
2026-01-01 00:21:27 | INFO     | [DAY_START] Processing 02JAN
2026-01-01 00:21:27 | INFO     | [lf.day.start] Processing HBE-JED for 02JAN
2026-01-01 00:21:28 | INFO     | [lf.day.flights_found] Found 1 flights on 02JAN
2026-01-01 00:21:30 | INFO     | [lf.flight.extracted] SM451 on 02JAN: BKG=114, LF=63.7%
2026-01-01 00:21:36 | INFO     | [SUCCESS] Day 02JAN
2026-01-01 00:21:36 | INFO     | [DAY_START] Processing 31DEC
2026-01-01 00:21:36 | INFO     | [lf.day.start] Processing HBE-JED for 31DEC
2026-01-01 00:21:37 | WARNING  | [lf.day.no_flights] No direct flights on 31DEC
2026-01-01 00:21:37 | INFO     | [SUCCESS] Day 31DEC
2026-01-01 00:21:37 | INFO     | [SUCCESS] LF Search Complete
2026-01-01 00:21:39 | INFO     | [Worker_9227] Completed: HBE-JED - 5 results, 0 errors
2026-01-01 00:21:39 | INFO     | [Worker_9227] Processing: CAI-GIZ
2026-01-01 00:21:39 | INFO     |   Tier 0: Range 1, Chunk 5/5 (6 days)
