2026-01-01 00:04:21 | INFO     | ======================================================================
2026-01-01 00:04:21 | INFO     | Load Factor Scraper Started - Route: JED-LXR
2026-01-01 00:04:21 | INFO     | Log file: D:\CODERED\LAB\market_insights\outputs\run_generated_311225_at_23.27\logs\LF_JED-LXR_20260101_000421.log
2026-01-01 00:04:21 | INFO     | Enhanced logging: Capturing both logging.info() and print()
2026-01-01 00:04:21 | INFO     | ======================================================================
2026-01-01 00:04:21 | INFO     | Starting LF search for route: JED-LXR
2026-01-01 00:04:21 | INFO     | [START] LF Search
2026-01-01 00:04:22 | INFO     | [HEALTH CHECK] [OK] Chrome connection is healthy
2026-01-01 00:04:22 | INFO     | [DAY_START] Processing 17JAN
2026-01-01 00:04:22 | INFO     | [lf.day.start] Processing JED-LXR for 17JAN
2026-01-01 00:04:23 | WARNING  | [lf.day.no_flights] No direct flights on 17JAN
2026-01-01 00:04:24 | INFO     | [SUCCESS] Day 17JAN
2026-01-01 00:04:24 | INFO     | [DAY_START] Processing 16JAN
2026-01-01 00:04:24 | INFO     | [lf.day.start] Processing JED-LXR for 16JAN
2026-01-01 00:04:25 | WARNING  | [lf.day.no_flights] No direct flights on 16JAN
2026-01-01 00:04:25 | INFO     | [SUCCESS] Day 16JAN
2026-01-01 00:04:25 | INFO     | [DAY_START] Processing 15JAN
2026-01-01 00:04:25 | INFO     | [lf.day.start] Processing JED-LXR for 15JAN
2026-01-01 00:04:26 | WARNING  | [lf.day.no_flights] No direct flights on 15JAN
2026-01-01 00:04:27 | INFO     | [SUCCESS] Day 15JAN
2026-01-01 00:04:27 | INFO     | [DAY_START] Processing 14JAN
2026-01-01 00:04:27 | INFO     | [lf.day.start] Processing JED-LXR for 14JAN
2026-01-01 00:04:28 | INFO     | [lf.day.flights_found] Found 2 flights on 14JAN
2026-01-01 00:04:30 | INFO     | [lf.flight.extracted] SM960 on 14JAN: BKG=171, LF=104.3%
2026-01-01 00:04:33 | INFO     | [lf.flight.extracted] SM962 on 14JAN: BKG=52, LF=31.7%
2026-01-01 00:05:02 | INFO     | [SUCCESS] Day 14JAN
2026-01-01 00:05:02 | INFO     | [DAY_START] Processing 13JAN
2026-01-01 00:05:02 | INFO     | [lf.day.start] Processing JED-LXR for 13JAN
2026-01-01 00:05:04 | INFO     | [lf.day.flights_found] Found 4 flights on 13JAN
2026-01-01 00:05:06 | INFO     | [lf.flight.extracted] SM482 on 13JAN: BKG=179, LF=109.1%
2026-01-01 00:05:10 | INFO     | [lf.flight.extracted] SM430 on 13JAN: BKG=148, LF=84.6%
2026-01-01 00:05:13 | INFO     | [lf.flight.extracted] SM982 on 13JAN: BKG=170, LF=95.5%
2026-01-01 00:05:17 | INFO     | [lf.flight.extracted] SM484 on 13JAN: BKG=179, LF=109.1%
2026-01-01 00:06:25 | ERROR    | Atomic write failed for D:\CODERED\LAB\market_insights\outputs\run_generated_311225_at_23.27\checkpoints\flight_booking_data.json: [WinError 5] Access is denied: 'D:\\CODERED\\LAB\\market_insights\\outputs\\run_generated_311225_at_23.27\\checkpoints\\flight_booking_data.tmp' -> 'D:\\CODERED\\LAB\\market_insights\\outputs\\run_generated_311225_at_23.27\\checkpoints\\flight_booking_data.json'
2026-01-01 00:06:48 | INFO     | [SUCCESS] Day 13JAN
2026-01-01 00:06:48 | INFO     | [DAY_START] Processing 12JAN
2026-01-01 00:06:48 | INFO     | [lf.day.start] Processing JED-LXR for 12JAN
2026-01-01 00:06:49 | WARNING  | [lf.day.no_flights] No direct flights on 12JAN
2026-01-01 00:06:49 | INFO     | [SUCCESS] Day 12JAN
2026-01-01 00:06:49 | INFO     | [SUCCESS] LF Search Complete
2026-01-01 00:06:51 | INFO     | [Worker_9223] Completed: JED-LXR - 6 results, 0 errors
2026-01-01 00:06:51 | INFO     | [Worker_9223] Processing: ATZ-RUH
2026-01-01 00:06:51 | INFO     |   Tier 0: Range 1, Chunk 3/5 (6 days)
