2025-12-31 23:32:42 | INFO     | ======================================================================
2025-12-31 23:32:42 | INFO     | Load Factor Scraper Started - Route: JED-ATZ
2025-12-31 23:32:42 | INFO     | Log file: D:\CODERED\LAB\market_insights\outputs\run_generated_311225_at_23.27\logs\LF_JED-ATZ_20251231_233242.log
2025-12-31 23:32:42 | INFO     | Enhanced logging: Capturing both logging.info() and print()
2025-12-31 23:32:42 | INFO     | ======================================================================
2025-12-31 23:32:42 | INFO     | Starting LF search for route: JED-ATZ
2025-12-31 23:32:42 | INFO     | [START] LF Search
2025-12-31 23:32:43 | INFO     | [HEALTH CHECK] [OK] Chrome connection is healthy
2025-12-31 23:32:43 | INFO     | [DAY_START] Processing 22FEB
2025-12-31 23:32:43 | INFO     | [lf.day.start] Processing JED-ATZ for 22FEB
2025-12-31 23:32:44 | INFO     | [lf.day.flights_found] Found 2 flights on 22FEB
2025-12-31 23:32:47 | INFO     | [lf.flight.extracted] SM492 on 22FEB: BKG=182, LF=104.0%
2025-12-31 23:32:50 | INFO     | [lf.flight.extracted] SM456 on 22FEB: BKG=146, LF=86.9%
2025-12-31 23:32:54 | INFO     | [SUCCESS] Day 22FEB
2025-12-31 23:32:54 | INFO     | [DAY_START] Processing 21FEB
2025-12-31 23:32:54 | INFO     | [lf.day.start] Processing JED-ATZ for 21FEB
2025-12-31 23:32:55 | INFO     | [lf.day.flights_found] Found 4 flights on 21FEB
2025-12-31 23:32:57 | INFO     | [lf.flight.extracted] SM956 on 21FEB: BKG=180, LF=107.8%
2025-12-31 23:33:00 | INFO     | [lf.flight.extracted] SM492 on 21FEB: BKG=136, LF=77.7%
2025-12-31 23:33:04 | INFO     | [lf.flight.extracted] SM454 on 21FEB: BKG=136, LF=77.7%
2025-12-31 23:33:08 | INFO     | [lf.flight.extracted] SM456 on 21FEB: BKG=138, LF=78.9%
2025-12-31 23:33:14 | INFO     | [SUCCESS] Day 21FEB
2025-12-31 23:33:14 | INFO     | [DAY_START] Processing 20FEB
2025-12-31 23:33:14 | INFO     | [lf.day.start] Processing JED-ATZ for 20FEB
2025-12-31 23:33:16 | INFO     | [lf.day.flights_found] Found 1 flights on 20FEB
2025-12-31 23:33:18 | INFO     | [lf.flight.extracted] SM492 on 20FEB: BKG=5, LF=2.9%
2025-12-31 23:33:22 | INFO     | [SUCCESS] Day 20FEB
2025-12-31 23:33:22 | INFO     | [DAY_START] Processing 19FEB
2025-12-31 23:33:22 | INFO     | [lf.day.start] Processing JED-ATZ for 19FEB
2025-12-31 23:33:23 | INFO     | [lf.day.flights_found] Found 3 flights on 19FEB
2025-12-31 23:33:25 | INFO     | [lf.flight.extracted] SM422 on 19FEB: BKG=180, LF=102.9%
2025-12-31 23:33:28 | INFO     | [lf.flight.extracted] SM454 on 19FEB: BKG=181, LF=103.4%
2025-12-31 23:33:32 | INFO     | [lf.flight.extracted] SM456 on 19FEB: BKG=180, LF=102.9%
2025-12-31 23:33:37 | INFO     | [SUCCESS] Day 19FEB
2025-12-31 23:33:37 | INFO     | [DAY_START] Processing 18FEB
2025-12-31 23:33:37 | INFO     | [lf.day.start] Processing JED-ATZ for 18FEB
2025-12-31 23:33:38 | INFO     | [lf.day.flights_found] Found 2 flights on 18FEB
2025-12-31 23:33:40 | INFO     | [lf.flight.extracted] SM454 on 18FEB: BKG=143, LF=81.7%
2025-12-31 23:33:44 | INFO     | [lf.flight.extracted] SM492 on 18FEB: BKG=142, LF=81.1%
2025-12-31 23:33:48 | INFO     | [SUCCESS] Day 18FEB
2025-12-31 23:33:48 | INFO     | [DAY_START] Processing 17FEB
2025-12-31 23:33:48 | INFO     | [lf.day.start] Processing JED-ATZ for 17FEB
2025-12-31 23:33:49 | INFO     | [lf.day.flights_found] Found 2 flights on 17FEB
2025-12-31 23:33:51 | INFO     | [lf.flight.extracted] SM454 on 17FEB: BKG=13, LF=7.4%
2025-12-31 23:33:54 | INFO     | [lf.flight.extracted] SM456 on 17FEB: BKG=1, LF=0.6%
2025-12-31 23:33:58 | INFO     | [SUCCESS] Day 17FEB
2025-12-31 23:33:58 | INFO     | [SUCCESS] LF Search Complete
2025-12-31 23:34:00 | INFO     | [Worker_9226] Completed: JED-ATZ - 6 results, 0 errors
2025-12-31 23:34:00 | INFO     | [Worker_9226] Processing: ELQ-ATZ
2025-12-31 23:34:00 | INFO     |   Tier 0: Range 3, Chunk 2/5 (6 days)
