2026-01-01 00:15:39 | INFO     | ======================================================================
2026-01-01 00:15:39 | INFO     | Load Factor Scraper Started - Route: JED-HBE
2026-01-01 00:15:39 | INFO     | Log file: D:\CODERED\LAB\market_insights\outputs\run_generated_311225_at_23.27\logs\LF_JED-HBE_20260101_001539.log
2026-01-01 00:15:39 | INFO     | Enhanced logging: Capturing both logging.info() and print()
2026-01-01 00:15:39 | INFO     | ======================================================================
2026-01-01 00:15:39 | INFO     | Starting LF search for route: JED-HBE
2026-01-01 00:15:39 | INFO     | [START] LF Search
2026-01-01 00:15:40 | INFO     | [HEALTH CHECK] [OK] Chrome connection is healthy
2026-01-01 00:15:40 | INFO     | [DAY_START] Processing 06JAN
2026-01-01 00:15:40 | INFO     | [lf.day.start] Processing JED-HBE for 06JAN
2026-01-01 00:15:41 | INFO     | [lf.day.flights_found] Found 1 flights on 06JAN
2026-01-01 00:15:43 | INFO     | [lf.flight.extracted] SM452 on 06JAN: BKG=170, LF=98.8%
2026-01-01 00:15:49 | INFO     | [SUCCESS] Day 06JAN
2026-01-01 00:15:49 | INFO     | [DAY_START] Processing 05JAN
2026-01-01 00:15:49 | INFO     | [lf.day.start] Processing JED-HBE for 05JAN
2026-01-01 00:15:50 | INFO     | [lf.day.flights_found] Found 2 flights on 05JAN
2026-01-01 00:15:52 | INFO     | [lf.flight.extracted] SM458 on 05JAN: BKG=168, LF=97.7%
2026-01-01 00:15:56 | INFO     | [lf.flight.extracted] SM452 on 05JAN: BKG=173, LF=100.6%
2026-01-01 00:16:06 | INFO     | [SUCCESS] Day 05JAN
2026-01-01 00:16:06 | INFO     | [DAY_START] Processing 04JAN
2026-01-01 00:16:06 | INFO     | [lf.day.start] Processing JED-HBE for 04JAN
2026-01-01 00:16:07 | INFO     | [lf.day.flights_found] Found 2 flights on 04JAN
2026-01-01 00:16:09 | INFO     | [lf.flight.extracted] SM458 on 04JAN: BKG=165, LF=92.7%
2026-01-01 00:16:13 | INFO     | [lf.flight.extracted] SM452 on 04JAN: BKG=164, LF=93.7%
2026-01-01 00:16:23 | INFO     | [SUCCESS] Day 04JAN
2026-01-01 00:16:23 | INFO     | [DAY_START] Processing 03JAN
2026-01-01 00:16:23 | INFO     | [lf.day.start] Processing JED-HBE for 03JAN
2026-01-01 00:16:25 | INFO     | [lf.day.flights_found] Found 2 flights on 03JAN
2026-01-01 00:16:27 | INFO     | [lf.flight.extracted] SM458 on 03JAN: BKG=165, LF=94.3%
2026-01-01 00:16:30 | INFO     | [lf.flight.extracted] SM452 on 03JAN: BKG=104, LF=60.5%
2026-01-01 00:16:41 | INFO     | [SUCCESS] Day 03JAN
2026-01-01 00:16:41 | INFO     | [DAY_START] Processing 02JAN
2026-01-01 00:16:41 | INFO     | [lf.day.start] Processing JED-HBE for 02JAN
2026-01-01 00:16:42 | INFO     | [lf.day.flights_found] Found 1 flights on 02JAN
2026-01-01 00:16:44 | INFO     | [lf.flight.extracted] SM452 on 02JAN: BKG=167, LF=95.4%
2026-01-01 00:16:49 | INFO     | [SUCCESS] Day 02JAN
2026-01-01 00:16:49 | INFO     | [SUCCESS] LF Search Complete
2026-01-01 00:16:51 | INFO     | [Worker_9227] Completed: JED-HBE - 5 results, 0 errors
2026-01-01 00:16:51 | INFO     | [Worker_9227] Processing: ELQ-CAI
2026-01-01 00:16:51 | INFO     |   Tier 0: Range 2, Chunk 5/5 (6 days)
