2025-12-31 23:39:17 | INFO     | ======================================================================
2025-12-31 23:39:17 | INFO     | Load Factor Scraper Started - Route: JED-LXR
2025-12-31 23:39:17 | INFO     | Log file: D:\CODERED\LAB\market_insights\outputs\run_generated_311225_at_23.27\logs\LF_JED-LXR_20251231_233917.log
2025-12-31 23:39:17 | INFO     | Enhanced logging: Capturing both logging.info() and print()
2025-12-31 23:39:17 | INFO     | ======================================================================
2025-12-31 23:39:17 | INFO     | Starting LF search for route: JED-LXR
2025-12-31 23:39:17 | INFO     | [START] LF Search
2025-12-31 23:39:18 | INFO     | [HEALTH CHECK] [OK] Chrome connection is healthy
2025-12-31 23:39:18 | INFO     | [DAY_START] Processing 10FEB
2025-12-31 23:39:18 | INFO     | [lf.day.start] Processing JED-LXR for 10FEB
2025-12-31 23:39:19 | INFO     | [lf.day.flights_found] Found 4 flights on 10FEB
2025-12-31 23:39:21 | INFO     | [lf.flight.extracted] SM482 on 10FEB: BKG=0, LF=0.0%
2025-12-31 23:39:25 | INFO     | [lf.flight.extracted] SM430 on 10FEB: BKG=0, LF=0.0%
2025-12-31 23:39:29 | INFO     | [lf.flight.extracted] SM982 on 10FEB: BKG=0, LF=0.0%
2025-12-31 23:39:32 | INFO     | [lf.flight.extracted] SM484 on 10FEB: BKG=0, LF=0.0%
2025-12-31 23:39:34 | INFO     | [SUCCESS] Day 10FEB
2025-12-31 23:39:34 | INFO     | [DAY_START] Processing 09FEB
2025-12-31 23:39:34 | INFO     | [lf.day.start] Processing JED-LXR for 09FEB
2025-12-31 23:39:35 | WARNING  | [lf.day.no_flights] No direct flights on 09FEB
2025-12-31 23:39:35 | INFO     | [SUCCESS] Day 09FEB
2025-12-31 23:39:35 | INFO     | [DAY_START] Processing 08FEB
2025-12-31 23:39:35 | INFO     | [lf.day.start] Processing JED-LXR for 08FEB
2025-12-31 23:39:36 | WARNING  | [lf.day.no_flights] No direct flights on 08FEB
2025-12-31 23:39:36 | INFO     | [SUCCESS] Day 08FEB
2025-12-31 23:39:36 | INFO     | [DAY_START] Processing 07FEB
2025-12-31 23:39:36 | INFO     | [lf.day.start] Processing JED-LXR for 07FEB
2025-12-31 23:39:38 | WARNING  | [lf.day.no_flights] No direct flights on 07FEB
2025-12-31 23:39:38 | INFO     | [SUCCESS] Day 07FEB
2025-12-31 23:39:38 | INFO     | [DAY_START] Processing 06FEB
2025-12-31 23:39:38 | INFO     | [lf.day.start] Processing JED-LXR for 06FEB
2025-12-31 23:39:39 | WARNING  | [lf.day.no_flights] No direct flights on 06FEB
2025-12-31 23:39:39 | INFO     | [SUCCESS] Day 06FEB
2025-12-31 23:39:39 | INFO     | [SUCCESS] LF Search Complete
2025-12-31 23:39:41 | INFO     | [Worker_9232] Completed: JED-LXR - 5 results, 0 errors
2025-12-31 23:39:41 | INFO     | [Worker_9232] Processing: DMM-ATZ
2025-12-31 23:39:41 | INFO     |   Tier 0: Range 3, Chunk 4/5 (5 days)
