2026-01-01 00:12:17 | INFO     | ======================================================================
2026-01-01 00:12:17 | INFO     | Load Factor Scraper Started - Route: JED-ASW
2026-01-01 00:12:17 | INFO     | Log file: D:\CODERED\LAB\market_insights\outputs\run_generated_311225_at_23.27\logs\LF_JED-ASW_20260101_001217.log
2026-01-01 00:12:17 | INFO     | Enhanced logging: Capturing both logging.info() and print()
2026-01-01 00:12:17 | INFO     | ======================================================================
2026-01-01 00:12:17 | INFO     | Starting LF search for route: JED-ASW
2026-01-01 00:12:17 | INFO     | [START] LF Search
2026-01-01 00:12:18 | INFO     | [HEALTH CHECK] [OK] Chrome connection is healthy
2026-01-01 00:12:18 | INFO     | [DAY_START] Processing 11JAN
2026-01-01 00:12:18 | INFO     | [lf.day.start] Processing JED-ASW for 11JAN
2026-01-01 00:12:19 | WARNING  | [lf.day.no_flights] No direct flights on 11JAN
2026-01-01 00:12:19 | INFO     | [SUCCESS] Day 11JAN
2026-01-01 00:12:19 | INFO     | [DAY_START] Processing 10JAN
2026-01-01 00:12:19 | INFO     | [lf.day.start] Processing JED-ASW for 10JAN
2026-01-01 00:12:20 | WARNING  | [lf.day.no_flights] No direct flights on 10JAN
2026-01-01 00:12:21 | INFO     | [SUCCESS] Day 10JAN
2026-01-01 00:12:21 | INFO     | [DAY_START] Processing 09JAN
2026-01-01 00:12:21 | INFO     | [lf.day.start] Processing JED-ASW for 09JAN
2026-01-01 00:12:22 | WARNING  | [lf.day.no_flights] No direct flights on 09JAN
2026-01-01 00:12:22 | INFO     | [SUCCESS] Day 09JAN
2026-01-01 00:12:22 | INFO     | [DAY_START] Processing 08JAN
2026-01-01 00:12:22 | INFO     | [lf.day.start] Processing JED-ASW for 08JAN
2026-01-01 00:12:23 | WARNING  | [lf.day.no_flights] No direct flights on 08JAN
2026-01-01 00:12:23 | INFO     | [SUCCESS] Day 08JAN
2026-01-01 00:12:23 | INFO     | [DAY_START] Processing 07JAN
2026-01-01 00:12:23 | INFO     | [lf.day.start] Processing JED-ASW for 07JAN
2026-01-01 00:12:24 | WARNING  | [lf.day.no_flights] No direct flights on 07JAN
2026-01-01 00:12:24 | INFO     | [SUCCESS] Day 07JAN
2026-01-01 00:12:24 | INFO     | [DAY_START] Processing 06JAN
2026-01-01 00:12:24 | INFO     | [lf.day.start] Processing JED-ASW for 06JAN
2026-01-01 00:12:25 | WARNING  | [lf.day.no_flights] No direct flights on 06JAN
2026-01-01 00:12:25 | INFO     | [SUCCESS] Day 06JAN
2026-01-01 00:12:25 | INFO     | [SUCCESS] LF Search Complete
2026-01-01 00:12:27 | INFO     | [Worker_9234] Completed: JED-ASW - 6 results, 0 errors
2026-01-01 00:12:27 | INFO     | [Worker_9234] Processing: RUH-ATZ
2026-01-01 00:12:27 | INFO     |   Tier 0: Range 1, Chunk 4/5 (6 days)
