2025-12-31 23:53:29 | INFO     | ======================================================================
2025-12-31 23:53:29 | INFO     | Load Factor Scraper Started - Route: JED-HBE
2025-12-31 23:53:29 | INFO     | Log file: D:\CODERED\LAB\market_insights\outputs\run_generated_311225_at_23.27\logs\LF_JED-HBE_20251231_235329.log
2025-12-31 23:53:29 | INFO     | Enhanced logging: Capturing both logging.info() and print()
2025-12-31 23:53:29 | INFO     | ======================================================================
2025-12-31 23:53:29 | INFO     | Starting LF search for route: JED-HBE
2025-12-31 23:53:29 | INFO     | [START] LF Search
2025-12-31 23:53:31 | INFO     | [HEALTH CHECK] [OK] Chrome connection is healthy
2025-12-31 23:53:31 | INFO     | [DAY_START] Processing 24JAN
2025-12-31 23:53:31 | INFO     | [lf.day.start] Processing JED-HBE for 24JAN
2025-12-31 23:53:32 | INFO     | [lf.day.flights_found] Found 2 flights on 24JAN
2025-12-31 23:53:34 | INFO     | [lf.flight.extracted] SM458 on 24JAN: BKG=171, LF=99.4%
2025-12-31 23:53:37 | INFO     | [lf.flight.extracted] SM452 on 24JAN: BKG=162, LF=94.2%
2025-12-31 23:53:45 | INFO     | [SUCCESS] Day 24JAN
2025-12-31 23:53:45 | INFO     | [DAY_START] Processing 23JAN
2025-12-31 23:53:45 | INFO     | [lf.day.start] Processing JED-HBE for 23JAN
2025-12-31 23:53:46 | INFO     | [lf.day.flights_found] Found 1 flights on 23JAN
2025-12-31 23:53:48 | INFO     | [lf.flight.extracted] SM452 on 23JAN: BKG=37, LF=22.4%
2025-12-31 23:53:51 | INFO     | [SUCCESS] Day 23JAN
2025-12-31 23:53:51 | INFO     | [DAY_START] Processing 22JAN
2025-12-31 23:53:51 | INFO     | [lf.day.start] Processing JED-HBE for 22JAN
2025-12-31 23:53:52 | INFO     | [lf.day.flights_found] Found 1 flights on 22JAN
2025-12-31 23:53:55 | INFO     | [lf.flight.extracted] SM452 on 22JAN: BKG=151, LF=87.8%
2025-12-31 23:53:59 | INFO     | [SUCCESS] Day 22JAN
2025-12-31 23:53:59 | INFO     | [DAY_START] Processing 21JAN
2025-12-31 23:53:59 | INFO     | [lf.day.start] Processing JED-HBE for 21JAN
2025-12-31 23:54:00 | INFO     | [lf.day.flights_found] Found 3 flights on 21JAN
2025-12-31 23:54:02 | INFO     | [lf.flight.extracted] SM452 on 21JAN: BKG=129, LF=75.0%
2025-12-31 23:54:05 | INFO     | [lf.flight.extracted] SM474 on 21JAN: BKG=147, LF=84.0%
2025-12-31 23:54:08 | INFO     | [lf.flight.extracted] SM458 on 21JAN: BKG=170, LF=97.1%
2025-12-31 23:54:23 | INFO     | [SUCCESS] Day 21JAN
2025-12-31 23:54:23 | INFO     | [DAY_START] Processing 20JAN
2025-12-31 23:54:23 | INFO     | [lf.day.start] Processing JED-HBE for 20JAN
2025-12-31 23:54:24 | INFO     | [lf.day.flights_found] Found 1 flights on 20JAN
2025-12-31 23:54:26 | INFO     | [lf.flight.extracted] SM452 on 20JAN: BKG=160, LF=93.0%
2025-12-31 23:54:32 | INFO     | [SUCCESS] Day 20JAN
2025-12-31 23:54:32 | INFO     | [DAY_START] Processing 19JAN
2025-12-31 23:54:32 | INFO     | [lf.day.start] Processing JED-HBE for 19JAN
2025-12-31 23:54:33 | INFO     | [lf.day.flights_found] Found 2 flights on 19JAN
2025-12-31 23:54:35 | INFO     | [lf.flight.extracted] SM458 on 19JAN: BKG=137, LF=79.7%
2025-12-31 23:54:38 | INFO     | [lf.flight.extracted] SM452 on 19JAN: BKG=146, LF=84.9%
2025-12-31 23:54:49 | INFO     | [SUCCESS] Day 19JAN
2025-12-31 23:54:49 | INFO     | [DAY_START] Processing 18JAN
2025-12-31 23:54:49 | INFO     | [lf.day.start] Processing JED-HBE for 18JAN
2025-12-31 23:54:50 | INFO     | [lf.day.flights_found] Found 2 flights on 18JAN
2025-12-31 23:54:53 | INFO     | [lf.flight.extracted] SM458 on 18JAN: BKG=116, LF=66.3%
2025-12-31 23:54:56 | INFO     | [lf.flight.extracted] SM452 on 18JAN: BKG=122, LF=70.9%
2025-12-31 23:55:07 | INFO     | [SUCCESS] Day 18JAN
2025-12-31 23:55:07 | INFO     | [SUCCESS] LF Search Complete
2025-12-31 23:55:09 | INFO     | [Worker_9222] Completed: JED-HBE - 7 results, 0 errors
2025-12-31 23:55:09 | INFO     | [Worker_9222] Processing: TUU-CAI
2025-12-31 23:55:09 | INFO     |   Tier 0: Range 1, Chunk 2/5 (7 days)
