2026-01-01 00:00:16 | INFO     | ======================================================================
2026-01-01 00:00:16 | INFO     | Load Factor Scraper Started - Route: JED-HBE
2026-01-01 00:00:16 | INFO     | Log file: D:\CODERED\LAB\market_insights\outputs\run_generated_311225_at_23.27\logs\LF_JED-HBE_20260101_000016.log
2026-01-01 00:00:16 | INFO     | Enhanced logging: Capturing both logging.info() and print()
2026-01-01 00:00:16 | INFO     | ======================================================================
2026-01-01 00:00:16 | INFO     | Starting LF search for route: JED-HBE
2026-01-01 00:00:16 | INFO     | [START] LF Search
2026-01-01 00:00:18 | INFO     | [HEALTH CHECK] [OK] Chrome connection is healthy
2026-01-01 00:00:18 | INFO     | [DAY_START] Processing 18JAN
2026-01-01 00:00:18 | INFO     | [lf.day.start] Processing JED-HBE for 18JAN
2026-01-01 00:00:19 | INFO     | [lf.day.flights_found] Found 2 flights on 18JAN
2026-01-01 00:00:21 | INFO     | [lf.flight.extracted] SM458 on 18JAN: BKG=116, LF=66.3%
2026-01-01 00:00:25 | INFO     | [lf.flight.extracted] SM452 on 18JAN: BKG=122, LF=70.9%
2026-01-01 00:00:36 | INFO     | [SUCCESS] Day 18JAN
2026-01-01 00:00:36 | INFO     | [DAY_START] Processing 17JAN
2026-01-01 00:00:36 | INFO     | [lf.day.start] Processing JED-HBE for 17JAN
2026-01-01 00:00:37 | INFO     | [lf.day.flights_found] Found 2 flights on 17JAN
2026-01-01 00:00:39 | INFO     | [lf.flight.extracted] SM458 on 17JAN: BKG=52, LF=30.2%
2026-01-01 00:00:43 | INFO     | [lf.flight.extracted] SM452 on 17JAN: BKG=115, LF=66.9%
2026-01-01 00:00:52 | INFO     | [SUCCESS] Day 17JAN
2026-01-01 00:00:52 | INFO     | [DAY_START] Processing 16JAN
2026-01-01 00:00:52 | INFO     | [lf.day.start] Processing JED-HBE for 16JAN
2026-01-01 00:00:53 | INFO     | [lf.day.flights_found] Found 1 flights on 16JAN
2026-01-01 00:00:56 | INFO     | [lf.flight.extracted] SM452 on 16JAN: BKG=75, LF=43.6%
2026-01-01 00:01:00 | INFO     | [SUCCESS] Day 16JAN
2026-01-01 00:01:00 | INFO     | [DAY_START] Processing 15JAN
2026-01-01 00:01:00 | INFO     | [lf.day.start] Processing JED-HBE for 15JAN
2026-01-01 00:01:02 | INFO     | [lf.day.flights_found] Found 1 flights on 15JAN
2026-01-01 00:01:13 | INFO     | [lf.flight.extracted] SM452 on 15JAN: BKG=84, LF=48.8%
2026-01-01 00:01:17 | INFO     | [SUCCESS] Day 15JAN
2026-01-01 00:01:17 | INFO     | [DAY_START] Processing 14JAN
2026-01-01 00:01:17 | INFO     | [lf.day.start] Processing JED-HBE for 14JAN
2026-01-01 00:01:18 | INFO     | [lf.day.flights_found] Found 3 flights on 14JAN
2026-01-01 00:01:20 | INFO     | [lf.flight.extracted] SM452 on 14JAN: BKG=152, LF=88.4%
2026-01-01 00:01:23 | INFO     | [lf.flight.extracted] SM474 on 14JAN: BKG=136, LF=77.7%
2026-01-01 00:01:27 | INFO     | [lf.flight.extracted] SM458 on 14JAN: BKG=120, LF=68.6%
2026-01-01 00:01:43 | INFO     | [SUCCESS] Day 14JAN
2026-01-01 00:01:43 | INFO     | [DAY_START] Processing 13JAN
2026-01-01 00:01:43 | INFO     | [lf.day.start] Processing JED-HBE for 13JAN
2026-01-01 00:01:44 | INFO     | [lf.day.flights_found] Found 1 flights on 13JAN
2026-01-01 00:01:46 | INFO     | [lf.flight.extracted] SM452 on 13JAN: BKG=166, LF=96.5%
2026-01-01 00:01:52 | INFO     | [SUCCESS] Day 13JAN
2026-01-01 00:01:52 | INFO     | [SUCCESS] LF Search Complete
2026-01-01 00:01:54 | INFO     | [Worker_9232] Completed: JED-HBE - 6 results, 0 errors
2026-01-01 00:01:54 | INFO     | [Worker_9232] Processing: ELQ-CAI
2026-01-01 00:01:54 | INFO     |   Tier 0: Range 2, Chunk 3/5 (6 days)
