2025-12-31 23:45:43 | INFO     | ======================================================================
2025-12-31 23:45:43 | INFO     | Load Factor Scraper Started - Route: JED-ATZ
2025-12-31 23:45:43 | INFO     | Log file: D:\CODERED\LAB\market_insights\outputs\run_generated_311225_at_23.27\logs\LF_JED-ATZ_20251231_234543.log
2025-12-31 23:45:43 | INFO     | Enhanced logging: Capturing both logging.info() and print()
2025-12-31 23:45:43 | INFO     | ======================================================================
2025-12-31 23:45:43 | INFO     | Starting LF search for route: JED-ATZ
2025-12-31 23:45:43 | INFO     | [START] LF Search
2025-12-31 23:45:45 | INFO     | [HEALTH CHECK] [OK] Chrome connection is healthy
2025-12-31 23:45:45 | INFO     | [DAY_START] Processing 31JAN
2025-12-31 23:45:45 | INFO     | [lf.day.start] Processing JED-ATZ for 31JAN
2025-12-31 23:45:46 | INFO     | [lf.day.flights_found] Found 3 flights on 31JAN
2025-12-31 23:45:48 | INFO     | [lf.flight.extracted] SM492 on 31JAN: BKG=151, LF=86.3%
2025-12-31 23:45:52 | INFO     | [lf.flight.extracted] SM454 on 31JAN: BKG=162, LF=92.6%
2025-12-31 23:45:56 | INFO     | [lf.flight.extracted] SM456 on 31JAN: BKG=82, LF=46.9%
2025-12-31 23:46:06 | INFO     | [SUCCESS] Day 31JAN
2025-12-31 23:46:06 | INFO     | [DAY_START] Processing 30JAN
2025-12-31 23:46:06 | INFO     | [lf.day.start] Processing JED-ATZ for 30JAN
2025-12-31 23:46:07 | INFO     | [lf.day.flights_found] Found 1 flights on 30JAN
2025-12-31 23:46:09 | INFO     | [lf.flight.extracted] SM492 on 30JAN: BKG=76, LF=43.4%
2025-12-31 23:46:13 | INFO     | [SUCCESS] Day 30JAN
2025-12-31 23:46:13 | INFO     | [DAY_START] Processing 29JAN
2025-12-31 23:46:13 | INFO     | [lf.day.start] Processing JED-ATZ for 29JAN
2025-12-31 23:46:14 | INFO     | [lf.day.flights_found] Found 4 flights on 29JAN
2025-12-31 23:46:17 | INFO     | [lf.flight.extracted] SM982 on 29JAN: BKG=145, LF=86.8%
2025-12-31 23:46:21 | INFO     | [lf.flight.extracted] SM422 on 29JAN: BKG=142, LF=81.1%
2025-12-31 23:46:24 | INFO     | [lf.flight.extracted] SM454 on 29JAN: BKG=168, LF=96.0%
2025-12-31 23:46:28 | INFO     | [lf.flight.extracted] SM456 on 29JAN: BKG=157, LF=93.5%
2025-12-31 23:46:39 | INFO     | [SUCCESS] Day 29JAN
2025-12-31 23:46:39 | INFO     | [DAY_START] Processing 28JAN
2025-12-31 23:46:39 | INFO     | [lf.day.start] Processing JED-ATZ for 28JAN
2025-12-31 23:46:40 | INFO     | [lf.day.flights_found] Found 2 flights on 28JAN
2025-12-31 23:46:42 | INFO     | [lf.flight.extracted] SM454 on 28JAN: BKG=154, LF=88.0%
2025-12-31 23:46:46 | INFO     | [lf.flight.extracted] SM492 on 28JAN: BKG=164, LF=93.7%
2025-12-31 23:46:53 | INFO     | [SUCCESS] Day 28JAN
2025-12-31 23:46:53 | INFO     | [DAY_START] Processing 27JAN
2025-12-31 23:46:53 | INFO     | [lf.day.start] Processing JED-ATZ for 27JAN
2025-12-31 23:46:55 | INFO     | [lf.day.flights_found] Found 3 flights on 27JAN
2025-12-31 23:46:57 | INFO     | [lf.flight.extracted] SM976 on 27JAN: BKG=2, LF=1.2%
2025-12-31 23:47:01 | INFO     | [lf.flight.extracted] SM454 on 27JAN: BKG=141, LF=80.6%
2025-12-31 23:47:05 | INFO     | [lf.flight.extracted] SM456 on 27JAN: BKG=144, LF=82.3%
2025-12-31 23:47:12 | INFO     | [SUCCESS] Day 27JAN
2025-12-31 23:47:12 | INFO     | [DAY_START] Processing 26JAN
2025-12-31 23:47:12 | INFO     | [lf.day.start] Processing JED-ATZ for 26JAN
2025-12-31 23:47:14 | INFO     | [lf.day.flights_found] Found 4 flights on 26JAN
2025-12-31 23:47:16 | INFO     | [lf.flight.extracted] SM974 on 26JAN: BKG=96, LF=57.5%
2025-12-31 23:47:20 | INFO     | [lf.flight.extracted] SM456 on 26JAN: BKG=62, LF=36.9%
2025-12-31 23:47:24 | INFO     | [lf.flight.extracted] SM492 on 26JAN: BKG=115, LF=65.7%
2025-12-31 23:47:28 | INFO     | [lf.flight.extracted] SM454 on 26JAN: BKG=103, LF=58.9%
2025-12-31 23:47:39 | INFO     | [SUCCESS] Day 26JAN
2025-12-31 23:47:39 | INFO     | [DAY_START] Processing 25JAN
2025-12-31 23:47:39 | INFO     | [lf.day.start] Processing JED-ATZ for 25JAN
2025-12-31 23:47:40 | INFO     | [lf.day.flights_found] Found 2 flights on 25JAN
2025-12-31 23:47:42 | INFO     | [lf.flight.extracted] SM492 on 25JAN: BKG=168, LF=96.0%
2025-12-31 23:47:45 | INFO     | [lf.flight.extracted] SM456 on 25JAN: BKG=175, LF=100.0%
2025-12-31 23:47:51 | INFO     | [SUCCESS] Day 25JAN
2025-12-31 23:47:51 | INFO     | [SUCCESS] LF Search Complete
2025-12-31 23:47:53 | INFO     | [Worker_9225] Completed: JED-ATZ - 7 results, 0 errors
2025-12-31 23:47:53 | INFO     | [Worker_9225] Processing: TUU-CAI
2025-12-31 23:47:53 | INFO     |   Tier 0: Range 2, Chunk 1/5 (7 days)
