2025-12-31 23:39:11 | INFO     | ======================================================================
2025-12-31 23:39:11 | INFO     | Load Factor Scraper Started - Route: JED-HBE
2025-12-31 23:39:11 | INFO     | Log file: D:\CODERED\LAB\market_insights\outputs\run_generated_311225_at_23.27\logs\LF_JED-HBE_20251231_233911.log
2025-12-31 23:39:11 | INFO     | Enhanced logging: Capturing both logging.info() and print()
2025-12-31 23:39:11 | INFO     | ======================================================================
2025-12-31 23:39:11 | INFO     | Starting LF search for route: JED-HBE
2025-12-31 23:39:11 | INFO     | [START] LF Search
2025-12-31 23:39:12 | INFO     | [HEALTH CHECK] [OK] Chrome connection is healthy
2025-12-31 23:39:12 | INFO     | [DAY_START] Processing 10FEB
2025-12-31 23:39:12 | INFO     | [lf.day.start] Processing JED-HBE for 10FEB
2025-12-31 23:39:13 | INFO     | [lf.day.flights_found] Found 2 flights on 10FEB
2025-12-31 23:39:15 | INFO     | [lf.flight.extracted] SM472 on 10FEB: BKG=175, LF=100.0%
2025-12-31 23:39:19 | INFO     | [lf.flight.extracted] SM452 on 10FEB: BKG=166, LF=94.9%
2025-12-31 23:39:25 | INFO     | [SUCCESS] Day 10FEB
2025-12-31 23:39:25 | INFO     | [DAY_START] Processing 09FEB
2025-12-31 23:39:25 | INFO     | [lf.day.start] Processing JED-HBE for 09FEB
2025-12-31 23:39:26 | INFO     | [lf.day.flights_found] Found 5 flights on 09FEB
2025-12-31 23:39:29 | INFO     | [lf.flight.extracted] SM952 on 09FEB: BKG=175, LF=104.8%
2025-12-31 23:39:33 | INFO     | [lf.flight.extracted] SM458 on 09FEB: BKG=153, LF=91.1%
2025-12-31 23:39:37 | INFO     | [lf.flight.extracted] SM478 on 09FEB: BKG=144, LF=82.3%
2025-12-31 23:39:40 | INFO     | [lf.flight.extracted] SM452 on 09FEB: BKG=162, LF=92.6%
2025-12-31 23:39:45 | INFO     | [lf.flight.extracted] SM958 on 09FEB: BKG=175, LF=104.8%
2025-12-31 23:39:58 | INFO     | [SUCCESS] Day 09FEB
2025-12-31 23:39:58 | INFO     | [DAY_START] Processing 08FEB
2025-12-31 23:39:58 | INFO     | [lf.day.start] Processing JED-HBE for 08FEB
2025-12-31 23:39:59 | INFO     | [lf.day.flights_found] Found 2 flights on 08FEB
2025-12-31 23:40:02 | INFO     | [lf.flight.extracted] SM458 on 08FEB: BKG=168, LF=96.0%
2025-12-31 23:40:06 | INFO     | [lf.flight.extracted] SM452 on 08FEB: BKG=166, LF=94.9%
2025-12-31 23:40:12 | INFO     | [SUCCESS] Day 08FEB
2025-12-31 23:40:12 | INFO     | [DAY_START] Processing 07FEB
2025-12-31 23:40:12 | INFO     | [lf.day.start] Processing JED-HBE for 07FEB
2025-12-31 23:40:14 | INFO     | [lf.day.flights_found] Found 2 flights on 07FEB
2025-12-31 23:40:16 | INFO     | [lf.flight.extracted] SM458 on 07FEB: BKG=168, LF=96.0%
2025-12-31 23:40:20 | INFO     | [lf.flight.extracted] SM452 on 07FEB: BKG=174, LF=103.6%
2025-12-31 23:40:29 | INFO     | [SUCCESS] Day 07FEB
2025-12-31 23:40:29 | INFO     | [DAY_START] Processing 06FEB
2025-12-31 23:40:29 | INFO     | [lf.day.start] Processing JED-HBE for 06FEB
2025-12-31 23:40:30 | INFO     | [lf.day.flights_found] Found 1 flights on 06FEB
2025-12-31 23:40:33 | INFO     | [lf.flight.extracted] SM452 on 06FEB: BKG=168, LF=96.0%
2025-12-31 23:40:37 | INFO     | [SUCCESS] Day 06FEB
2025-12-31 23:40:37 | INFO     | [SUCCESS] LF Search Complete
2025-12-31 23:40:39 | INFO     | [Worker_9226] Completed: JED-HBE - 5 results, 0 errors
2025-12-31 23:40:39 | INFO     | [Worker_9226] Processing: ATZ-MED
2025-12-31 23:40:39 | INFO     |   Tier 0: Range 3, Chunk 4/5 (5 days)
