2025-12-31 23:42:09 | INFO     | ======================================================================
2025-12-31 23:42:09 | INFO     | Load Factor Scraper Started - Route: JED-CAI
2025-12-31 23:42:09 | INFO     | Log file: D:\CODERED\LAB\market_insights\outputs\run_generated_311225_at_23.27\logs\LF_JED-CAI_20251231_234209.log
2025-12-31 23:42:09 | INFO     | Enhanced logging: Capturing both logging.info() and print()
2025-12-31 23:42:09 | INFO     | ======================================================================
2025-12-31 23:42:09 | INFO     | Starting LF search for route: JED-CAI
2025-12-31 23:42:09 | INFO     | [START] LF Search
2025-12-31 23:42:11 | INFO     | [HEALTH CHECK] [OK] Chrome connection is healthy
2025-12-31 23:42:11 | INFO     | [DAY_START] Processing 05FEB
2025-12-31 23:42:11 | INFO     | [lf.day.start] Processing JED-CAI for 05FEB
2025-12-31 23:42:12 | INFO     | [lf.day.flights_found] Found 8 flights on 05FEB
2025-12-31 23:42:14 | INFO     | [lf.flight.extracted] SM424 on 05FEB: BKG=151, LF=90.4%
2025-12-31 23:42:18 | INFO     | [lf.flight.extracted] SM472 on 05FEB: BKG=148, LF=86.1%
2025-12-31 23:42:24 | INFO     | [lf.flight.extracted] SM450 on 05FEB: BKG=100, LF=59.9%
2025-12-31 23:42:27 | INFO     | [lf.flight.extracted] SM476 on 05FEB: BKG=146, LF=83.4%
2025-12-31 23:42:31 | INFO     | [lf.flight.extracted] SM432 on 05FEB: BKG=155, LF=88.6%
2025-12-31 23:42:35 | INFO     | [lf.flight.extracted] SM962 on 05FEB: BKG=89, LF=54.3%
2025-12-31 23:42:39 | INFO     | [lf.flight.extracted] SM478 on 05FEB: BKG=168, LF=96.0%
2025-12-31 23:42:43 | INFO     | [lf.flight.extracted] SM480 on 05FEB: BKG=168, LF=96.0%
2025-12-31 23:43:08 | INFO     | [SUCCESS] Day 05FEB
2025-12-31 23:43:08 | INFO     | [DAY_START] Processing 04FEB
2025-12-31 23:43:08 | INFO     | [lf.day.start] Processing JED-CAI for 04FEB
2025-12-31 23:43:10 | INFO     | [lf.day.flights_found] Found 3 flights on 04FEB
2025-12-31 23:43:13 | INFO     | [lf.flight.extracted] SM476 on 04FEB: BKG=168, LF=100.0%
2025-12-31 23:43:17 | INFO     | [lf.flight.extracted] SM460 on 04FEB: BKG=167, LF=100.0%
2025-12-31 23:43:22 | INFO     | [lf.flight.extracted] SM478 on 04FEB: BKG=166, LF=98.8%
2025-12-31 23:43:35 | INFO     | [SUCCESS] Day 04FEB
2025-12-31 23:43:35 | INFO     | [DAY_START] Processing 03FEB
2025-12-31 23:43:35 | INFO     | [lf.day.start] Processing JED-CAI for 03FEB
2025-12-31 23:43:37 | INFO     | [lf.day.flights_found] Found 7 flights on 03FEB
2025-12-31 23:43:40 | INFO     | [lf.flight.extracted] SM472 on 03FEB: BKG=143, LF=81.7%
2025-12-31 23:43:44 | INFO     | [lf.flight.extracted] SM954 on 03FEB: BKG=96, LF=57.5%
2025-12-31 23:43:48 | INFO     | [lf.flight.extracted] SM480 on 03FEB: BKG=158, LF=90.3%
2025-12-31 23:43:51 | INFO     | [lf.flight.extracted] SM478 on 03FEB: BKG=168, LF=96.0%
2025-12-31 23:43:56 | INFO     | [lf.flight.extracted] SM460 on 03FEB: BKG=164, LF=100.0%
2025-12-31 23:44:00 | INFO     | [lf.flight.extracted] SM424 on 03FEB: BKG=144, LF=86.2%
2025-12-31 23:44:04 | INFO     | [lf.flight.extracted] SM476 on 03FEB: BKG=150, LF=85.7%
2025-12-31 23:44:22 | INFO     | [SUCCESS] Day 03FEB
2025-12-31 23:44:22 | INFO     | [DAY_START] Processing 02FEB
2025-12-31 23:44:22 | INFO     | [lf.day.start] Processing JED-CAI for 02FEB
2025-12-31 23:44:24 | INFO     | [lf.day.flights_found] Found 4 flights on 02FEB
2025-12-31 23:44:26 | INFO     | [lf.flight.extracted] SM480 on 02FEB: BKG=154, LF=88.0%
2025-12-31 23:44:30 | INFO     | [lf.flight.extracted] SM476 on 02FEB: BKG=167, LF=95.4%
2025-12-31 23:44:35 | INFO     | [lf.flight.extracted] SM478 on 02FEB: BKG=173, LF=98.9%
2025-12-31 23:44:39 | INFO     | [lf.flight.extracted] SM460 on 02FEB: BKG=167, LF=100.0%
2025-12-31 23:44:52 | INFO     | [SUCCESS] Day 02FEB
2025-12-31 23:44:52 | INFO     | [DAY_START] Processing 01FEB
2025-12-31 23:44:52 | INFO     | [lf.day.start] Processing JED-CAI for 01FEB
2025-12-31 23:44:54 | INFO     | [lf.day.flights_found] Found 5 flights on 01FEB
2025-12-31 23:44:56 | INFO     | [lf.flight.extracted] SM424 on 01FEB: BKG=136, LF=81.4%
2025-12-31 23:45:02 | INFO     | [lf.flight.extracted] SM476 on 01FEB: BKG=123, LF=70.3%
2025-12-31 23:45:06 | INFO     | [lf.flight.extracted] SM432 on 01FEB: BKG=114, LF=66.3%
2025-12-31 23:45:10 | INFO     | [lf.flight.extracted] SM460 on 01FEB: BKG=167, LF=100.0%
2025-12-31 23:45:15 | INFO     | [lf.flight.extracted] SM478 on 01FEB: BKG=168, LF=96.0%
2025-12-31 23:45:33 | INFO     | [SUCCESS] Day 01FEB
2025-12-31 23:45:33 | INFO     | [SUCCESS] LF Search Complete
2025-12-31 23:45:35 | INFO     | [Worker_9227] Completed: JED-CAI - 5 results, 0 errors
2025-12-31 23:45:35 | INFO     | [Worker_9227] Processing: JED-CAI
2025-12-31 23:45:35 | INFO     |   Tier 0: Range 1, Chunk 1/5 (7 days)
