2026-01-01 00:19:04 | INFO     | ======================================================================
2026-01-01 00:19:04 | INFO     | Load Factor Scraper Started - Route: JED-LXR
2026-01-01 00:19:04 | INFO     | Log file: D:\CODERED\LAB\market_insights\outputs\run_generated_311225_at_23.27\logs\LF_JED-LXR_20260101_001904.log
2026-01-01 00:19:04 | INFO     | Enhanced logging: Capturing both logging.info() and print()
2026-01-01 00:19:04 | INFO     | ======================================================================
2026-01-01 00:19:04 | INFO     | Starting LF search for route: JED-LXR
2026-01-01 00:19:04 | INFO     | [START] LF Search
2026-01-01 00:19:05 | INFO     | [HEALTH CHECK] [OK] Chrome connection is healthy
2026-01-01 00:19:06 | INFO     | [DAY_START] Processing 05JAN
2026-01-01 00:19:06 | INFO     | [lf.day.start] Processing JED-LXR for 05JAN
2026-01-01 00:19:07 | WARNING  | [lf.day.no_flights] No direct flights on 05JAN
2026-01-01 00:19:07 | INFO     | [SUCCESS] Day 05JAN
2026-01-01 00:19:07 | INFO     | [DAY_START] Processing 04JAN
2026-01-01 00:19:07 | INFO     | [lf.day.start] Processing JED-LXR for 04JAN
2026-01-01 00:19:08 | WARNING  | [lf.day.no_flights] No direct flights on 04JAN
2026-01-01 00:19:08 | INFO     | [SUCCESS] Day 04JAN
2026-01-01 00:19:08 | INFO     | [DAY_START] Processing 03JAN
2026-01-01 00:19:08 | INFO     | [lf.day.start] Processing JED-LXR for 03JAN
2026-01-01 00:19:09 | WARNING  | [lf.day.no_flights] No direct flights on 03JAN
2026-01-01 00:19:09 | INFO     | [SUCCESS] Day 03JAN
2026-01-01 00:19:09 | INFO     | [DAY_START] Processing 02JAN
2026-01-01 00:19:09 | INFO     | [lf.day.start] Processing JED-LXR for 02JAN
2026-01-01 00:19:10 | WARNING  | [lf.day.no_flights] No direct flights on 02JAN
2026-01-01 00:19:10 | INFO     | [SUCCESS] Day 02JAN
2026-01-01 00:19:10 | INFO     | [DAY_START] Processing 31DEC
2026-01-01 00:19:10 | INFO     | [lf.day.start] Processing JED-LXR for 31DEC
2026-01-01 00:19:11 | WARNING  | [lf.day.no_flights] No direct flights on 31DEC
2026-01-01 00:19:12 | INFO     | [SUCCESS] Day 31DEC
2026-01-01 00:19:12 | INFO     | [SUCCESS] LF Search Complete
2026-01-01 00:19:14 | INFO     | [Worker_9224] Completed: JED-LXR - 5 results, 0 errors
2026-01-01 00:19:14 | INFO     | [Worker_9224] Processing: DMM-CAI
2026-01-01 00:19:14 | INFO     |   Tier 0: Range 1, Chunk 5/5 (6 days)
