2025-12-31 23:53:35 | INFO     | ======================================================================
2025-12-31 23:53:35 | INFO     | Load Factor Scraper Started - Route: JED-ATZ
2025-12-31 23:53:35 | INFO     | Log file: D:\CODERED\LAB\market_insights\outputs\run_generated_311225_at_23.27\logs\LF_JED-ATZ_20251231_235335.log
2025-12-31 23:53:35 | INFO     | Enhanced logging: Capturing both logging.info() and print()
2025-12-31 23:53:35 | INFO     | ======================================================================
2025-12-31 23:53:35 | INFO     | Starting LF search for route: JED-ATZ
2025-12-31 23:53:35 | INFO     | [START] LF Search
2025-12-31 23:53:36 | INFO     | [HEALTH CHECK] [OK] Chrome connection is healthy
2025-12-31 23:53:36 | INFO     | [DAY_START] Processing 24JAN
2025-12-31 23:53:36 | INFO     | [lf.day.start] Processing JED-ATZ for 24JAN
2025-12-31 23:53:37 | INFO     | [lf.day.flights_found] Found 5 flights on 24JAN
2025-12-31 23:53:39 | INFO     | [lf.flight.extracted] SM956 on 24JAN: BKG=132, LF=79.0%
2025-12-31 23:53:43 | INFO     | [lf.flight.extracted] SM492 on 24JAN: BKG=112, LF=64.0%
2025-12-31 23:53:46 | INFO     | [lf.flight.extracted] SM454 on 24JAN: BKG=180, LF=102.9%
2025-12-31 23:53:50 | INFO     | [lf.flight.extracted] SM958 on 24JAN: BKG=0, LF=0.0%
2025-12-31 23:53:53 | INFO     | [lf.flight.extracted] SM456 on 24JAN: BKG=168, LF=100.0%
2025-12-31 23:54:03 | INFO     | [SUCCESS] Day 24JAN
2025-12-31 23:54:03 | INFO     | [DAY_START] Processing 23JAN
2025-12-31 23:54:03 | INFO     | [lf.day.start] Processing JED-ATZ for 23JAN
2025-12-31 23:54:04 | INFO     | [lf.day.flights_found] Found 1 flights on 23JAN
2025-12-31 23:54:06 | INFO     | [lf.flight.extracted] SM492 on 23JAN: BKG=25, LF=14.3%
2025-12-31 23:54:10 | INFO     | [SUCCESS] Day 23JAN
2025-12-31 23:54:10 | INFO     | [DAY_START] Processing 22JAN
2025-12-31 23:54:10 | INFO     | [lf.day.start] Processing JED-ATZ for 22JAN
2025-12-31 23:54:11 | INFO     | [lf.day.flights_found] Found 4 flights on 22JAN
2025-12-31 23:54:13 | INFO     | [lf.flight.extracted] SM422 on 22JAN: BKG=156, LF=89.1%
2025-12-31 23:54:17 | INFO     | [lf.flight.extracted] SM964 on 22JAN: BKG=18, LF=10.8%
2025-12-31 23:54:20 | INFO     | [lf.flight.extracted] SM454 on 22JAN: BKG=161, LF=92.0%
2025-12-31 23:54:24 | INFO     | [lf.flight.extracted] SM456 on 22JAN: BKG=31, LF=17.7%
2025-12-31 23:54:35 | INFO     | [SUCCESS] Day 22JAN
2025-12-31 23:54:35 | INFO     | [DAY_START] Processing 21JAN
2025-12-31 23:54:35 | INFO     | [lf.day.start] Processing JED-ATZ for 21JAN
2025-12-31 23:54:36 | INFO     | [lf.day.flights_found] Found 2 flights on 21JAN
2025-12-31 23:54:38 | INFO     | [lf.flight.extracted] SM454 on 21JAN: BKG=181, LF=103.4%
2025-12-31 23:54:42 | INFO     | [lf.flight.extracted] SM492 on 21JAN: BKG=171, LF=97.7%
2025-12-31 23:54:46 | INFO     | [SUCCESS] Day 21JAN
2025-12-31 23:54:46 | INFO     | [DAY_START] Processing 20JAN
2025-12-31 23:54:46 | INFO     | [lf.day.start] Processing JED-ATZ for 20JAN
2025-12-31 23:54:47 | INFO     | [lf.day.flights_found] Found 2 flights on 20JAN
2025-12-31 23:54:49 | INFO     | [lf.flight.extracted] SM454 on 20JAN: BKG=136, LF=77.7%
2025-12-31 23:54:53 | INFO     | [lf.flight.extracted] SM456 on 20JAN: BKG=167, LF=99.4%
2025-12-31 23:55:02 | INFO     | [SUCCESS] Day 20JAN
2025-12-31 23:55:02 | INFO     | [DAY_START] Processing 19JAN
2025-12-31 23:55:02 | INFO     | [lf.day.start] Processing JED-ATZ for 19JAN
2025-12-31 23:55:03 | INFO     | [lf.day.flights_found] Found 4 flights on 19JAN
2025-12-31 23:55:05 | INFO     | [lf.flight.extracted] SM492 on 19JAN: BKG=75, LF=42.9%
2025-12-31 23:55:09 | INFO     | [lf.flight.extracted] SM456 on 19JAN: BKG=21, LF=12.0%
2025-12-31 23:55:13 | INFO     | [lf.flight.extracted] SM422 on 19JAN: BKG=31, LF=17.7%
2025-12-31 23:55:16 | INFO     | [lf.flight.extracted] SM454 on 19JAN: BKG=121, LF=69.1%
2025-12-31 23:55:33 | INFO     | [SUCCESS] Day 19JAN
2025-12-31 23:55:33 | INFO     | [SUCCESS] LF Search Complete
2025-12-31 23:55:35 | INFO     | [Worker_9223] Completed: JED-ATZ - 6 results, 0 errors
2025-12-31 23:55:35 | INFO     | [Worker_9223] Processing: AJF-CAI
2025-12-31 23:55:35 | INFO     |   Tier 0: Range 1, Chunk 2/5 (7 days)
