2025-12-31 23:45:41 | INFO     | ======================================================================
2025-12-31 23:45:41 | INFO     | Load Factor Scraper Started - Route: JED-HBE
2025-12-31 23:45:41 | INFO     | Log file: D:\CODERED\LAB\market_insights\outputs\run_generated_311225_at_23.27\logs\LF_JED-HBE_20251231_234541.log
2025-12-31 23:45:41 | INFO     | Enhanced logging: Capturing both logging.info() and print()
2025-12-31 23:45:41 | INFO     | ======================================================================
2025-12-31 23:45:41 | INFO     | Starting LF search for route: JED-HBE
2025-12-31 23:45:41 | INFO     | [START] LF Search
2025-12-31 23:45:43 | INFO     | [HEALTH CHECK] [OK] Chrome connection is healthy
2025-12-31 23:45:43 | INFO     | [DAY_START] Processing 31JAN
2025-12-31 23:45:43 | INFO     | [lf.day.start] Processing JED-HBE for 31JAN
2025-12-31 23:45:44 | INFO     | [lf.day.flights_found] Found 2 flights on 31JAN
2025-12-31 23:45:47 | INFO     | [lf.flight.extracted] SM458 on 31JAN: BKG=167, LF=95.4%
2025-12-31 23:45:51 | INFO     | [lf.flight.extracted] SM452 on 31JAN: BKG=171, LF=97.7%
2025-12-31 23:46:02 | INFO     | [SUCCESS] Day 31JAN
2025-12-31 23:46:02 | INFO     | [DAY_START] Processing 30JAN
2025-12-31 23:46:02 | INFO     | [lf.day.start] Processing JED-HBE for 30JAN
2025-12-31 23:46:03 | INFO     | [lf.day.flights_found] Found 1 flights on 30JAN
2025-12-31 23:46:06 | INFO     | [lf.flight.extracted] SM452 on 30JAN: BKG=56, LF=32.0%
2025-12-31 23:46:11 | INFO     | [SUCCESS] Day 30JAN
2025-12-31 23:46:11 | INFO     | [DAY_START] Processing 29JAN
2025-12-31 23:46:11 | INFO     | [lf.day.start] Processing JED-HBE for 29JAN
2025-12-31 23:46:12 | INFO     | [lf.day.flights_found] Found 1 flights on 29JAN
2025-12-31 23:46:14 | INFO     | [lf.flight.extracted] SM452 on 29JAN: BKG=116, LF=66.3%
2025-12-31 23:46:18 | INFO     | [SUCCESS] Day 29JAN
2025-12-31 23:46:18 | INFO     | [DAY_START] Processing 28JAN
2025-12-31 23:46:18 | INFO     | [lf.day.start] Processing JED-HBE for 28JAN
2025-12-31 23:46:19 | INFO     | [lf.day.flights_found] Found 3 flights on 28JAN
2025-12-31 23:46:22 | INFO     | [lf.flight.extracted] SM452 on 28JAN: BKG=140, LF=80.0%
2025-12-31 23:46:26 | INFO     | [lf.flight.extracted] SM474 on 28JAN: BKG=167, LF=95.4%
2025-12-31 23:46:29 | INFO     | [lf.flight.extracted] SM458 on 28JAN: BKG=171, LF=97.7%
2025-12-31 23:46:36 | INFO     | [SUCCESS] Day 28JAN
2025-12-31 23:46:36 | INFO     | [DAY_START] Processing 27JAN
2025-12-31 23:46:36 | INFO     | [lf.day.start] Processing JED-HBE for 27JAN
2025-12-31 23:46:38 | INFO     | [lf.day.flights_found] Found 2 flights on 27JAN
2025-12-31 23:46:40 | INFO     | [lf.flight.extracted] SM958 on 27JAN: BKG=1, LF=0.6%
2025-12-31 23:46:44 | INFO     | [lf.flight.extracted] SM452 on 27JAN: BKG=151, LF=86.3%
2025-12-31 23:46:52 | INFO     | [SUCCESS] Day 27JAN
2025-12-31 23:46:52 | INFO     | [DAY_START] Processing 26JAN
2025-12-31 23:46:52 | INFO     | [lf.day.start] Processing JED-HBE for 26JAN
2025-12-31 23:46:53 | INFO     | [lf.day.flights_found] Found 5 flights on 26JAN
2025-12-31 23:46:56 | INFO     | [lf.flight.extracted] SM952 on 26JAN: BKG=45, LF=27.0%
2025-12-31 23:47:00 | INFO     | [lf.flight.extracted] SM954 on 26JAN: BKG=2, LF=1.2%
2025-12-31 23:47:03 | INFO     | [lf.flight.extracted] SM458 on 26JAN: BKG=139, LF=79.4%
2025-12-31 23:47:08 | INFO     | [lf.flight.extracted] SM452 on 26JAN: BKG=106, LF=61.6%
2025-12-31 23:47:12 | INFO     | [lf.flight.extracted] SM956 on 26JAN: BKG=82, LF=49.1%
2025-12-31 23:47:21 | INFO     | [SUCCESS] Day 26JAN
2025-12-31 23:47:21 | INFO     | [DAY_START] Processing 25JAN
2025-12-31 23:47:21 | INFO     | [lf.day.start] Processing JED-HBE for 25JAN
2025-12-31 23:47:22 | INFO     | [lf.day.flights_found] Found 2 flights on 25JAN
2025-12-31 23:47:25 | INFO     | [lf.flight.extracted] SM458 on 25JAN: BKG=152, LF=86.9%
2025-12-31 23:47:29 | INFO     | [lf.flight.extracted] SM452 on 25JAN: BKG=158, LF=91.9%
2025-12-31 23:47:39 | INFO     | [SUCCESS] Day 25JAN
2025-12-31 23:47:39 | INFO     | [SUCCESS] LF Search Complete
2025-12-31 23:47:41 | INFO     | [Worker_9226] Completed: JED-HBE - 7 results, 0 errors
2025-12-31 23:47:41 | INFO     | [Worker_9226] Processing: DMM-CAI
2025-12-31 23:47:41 | INFO     |   Tier 0: Range 1, Chunk 1/5 (7 days)
