2026-01-01 00:19:01 | INFO     | ======================================================================
2026-01-01 00:19:01 | INFO     | Load Factor Scraper Started - Route: JED-HBE
2026-01-01 00:19:01 | INFO     | Log file: D:\CODERED\LAB\market_insights\outputs\run_generated_311225_at_23.27\logs\LF_JED-HBE_20260101_001901.log
2026-01-01 00:19:01 | INFO     | Enhanced logging: Capturing both logging.info() and print()
2026-01-01 00:19:01 | INFO     | ======================================================================
2026-01-01 00:19:01 | INFO     | Starting LF search for route: JED-HBE
2026-01-01 00:19:01 | INFO     | [START] LF Search
2026-01-01 00:19:02 | INFO     | [HEALTH CHECK] [OK] Chrome connection is healthy
2026-01-01 00:19:02 | INFO     | [DAY_START] Processing 05JAN
2026-01-01 00:19:02 | INFO     | [lf.day.start] Processing JED-HBE for 05JAN
2026-01-01 00:19:03 | INFO     | [lf.day.flights_found] Found 2 flights on 05JAN
2026-01-01 00:19:05 | INFO     | [lf.flight.extracted] SM458 on 05JAN: BKG=168, LF=97.7%
2026-01-01 00:19:09 | INFO     | [lf.flight.extracted] SM452 on 05JAN: BKG=173, LF=100.6%
2026-01-01 00:19:19 | INFO     | [SUCCESS] Day 05JAN
2026-01-01 00:19:19 | INFO     | [DAY_START] Processing 04JAN
2026-01-01 00:19:19 | INFO     | [lf.day.start] Processing JED-HBE for 04JAN
2026-01-01 00:19:21 | INFO     | [lf.day.flights_found] Found 2 flights on 04JAN
2026-01-01 00:19:23 | INFO     | [lf.flight.extracted] SM458 on 04JAN: BKG=165, LF=92.7%
2026-01-01 00:19:26 | INFO     | [lf.flight.extracted] SM452 on 04JAN: BKG=164, LF=93.7%
2026-01-01 00:19:37 | INFO     | [SUCCESS] Day 04JAN
2026-01-01 00:19:37 | INFO     | [DAY_START] Processing 03JAN
2026-01-01 00:19:37 | INFO     | [lf.day.start] Processing JED-HBE for 03JAN
2026-01-01 00:19:38 | INFO     | [lf.day.flights_found] Found 2 flights on 03JAN
2026-01-01 00:19:40 | INFO     | [lf.flight.extracted] SM458 on 03JAN: BKG=165, LF=94.3%
2026-01-01 00:19:44 | INFO     | [lf.flight.extracted] SM452 on 03JAN: BKG=104, LF=60.5%
2026-01-01 00:19:54 | INFO     | [SUCCESS] Day 03JAN
2026-01-01 00:19:54 | INFO     | [DAY_START] Processing 02JAN
2026-01-01 00:19:54 | INFO     | [lf.day.start] Processing JED-HBE for 02JAN
2026-01-01 00:19:56 | INFO     | [lf.day.flights_found] Found 1 flights on 02JAN
2026-01-01 00:19:58 | INFO     | [lf.flight.extracted] SM452 on 02JAN: BKG=167, LF=95.4%
2026-01-01 00:20:03 | INFO     | [SUCCESS] Day 02JAN
2026-01-01 00:20:03 | INFO     | [DAY_START] Processing 31DEC
2026-01-01 00:20:03 | INFO     | [lf.day.start] Processing JED-HBE for 31DEC
2026-01-01 00:20:04 | INFO     | [lf.day.flights_found] Found 3 flights on 31DEC
2026-01-01 00:20:07 | INFO     | [lf.flight.extracted] SM474 on 31DEC: BKG=175, LF=98.3%
2026-01-01 00:20:10 | INFO     | [lf.flight.extracted] SM452 on 31DEC: BKG=178, LF=100.0%
2026-01-01 00:20:14 | INFO     | [lf.flight.extracted] SM458 on 31DEC: BKG=177, LF=98.9%
2026-01-01 00:20:30 | INFO     | [SUCCESS] Day 31DEC
2026-01-01 00:20:30 | INFO     | [SUCCESS] LF Search Complete
2026-01-01 00:20:32 | INFO     | [Worker_9227] Completed: JED-HBE - 5 results, 0 errors
2026-01-01 00:20:32 | INFO     | [Worker_9227] Processing: HBE-JED
2026-01-01 00:20:32 | INFO     |   Tier 0: Range 1, Chunk 5/5 (6 days)
