2025-12-31 23:40:46 | INFO     | ======================================================================
2025-12-31 23:40:46 | INFO     | Load Factor Scraper Started - Route: LXR-JED
2025-12-31 23:40:46 | INFO     | Log file: D:\CODERED\LAB\market_insights\outputs\run_generated_311225_at_23.27\logs\LF_LXR-JED_20251231_234046.log
2025-12-31 23:40:46 | INFO     | Enhanced logging: Capturing both logging.info() and print()
2025-12-31 23:40:46 | INFO     | ======================================================================
2025-12-31 23:40:46 | INFO     | Starting LF search for route: LXR-JED
2025-12-31 23:40:46 | INFO     | [START] LF Search
2025-12-31 23:40:47 | INFO     | [HEALTH CHECK] [OK] Chrome connection is healthy
2025-12-31 23:40:48 | INFO     | [DAY_START] Processing 10FEB
2025-12-31 23:40:48 | INFO     | [lf.day.start] Processing LXR-JED for 10FEB
2025-12-31 23:40:49 | INFO     | [lf.day.flights_found] Found 4 flights on 10FEB
2025-12-31 23:40:51 | INFO     | [lf.flight.extracted] SM429 on 10FEB: BKG=0, LF=0.0%
2025-12-31 23:40:55 | INFO     | [lf.flight.extracted] SM483 on 10FEB: BKG=0, LF=0.0%
2025-12-31 23:40:59 | INFO     | [lf.flight.extracted] SM981 on 10FEB: BKG=0, LF=0.0%
2025-12-31 23:41:03 | INFO     | [lf.flight.extracted] SM959 on 10FEB: BKG=0, LF=0.0%
2025-12-31 23:41:04 | INFO     | [SUCCESS] Day 10FEB
2025-12-31 23:41:04 | INFO     | [DAY_START] Processing 09FEB
2025-12-31 23:41:04 | INFO     | [lf.day.start] Processing LXR-JED for 09FEB
2025-12-31 23:41:06 | INFO     | [lf.day.flights_found] Found 1 flights on 09FEB
2025-12-31 23:41:08 | INFO     | [lf.flight.extracted] SM481 on 09FEB: BKG=0, LF=0.0%
2025-12-31 23:41:10 | INFO     | [SUCCESS] Day 09FEB
2025-12-31 23:41:10 | INFO     | [DAY_START] Processing 08FEB
2025-12-31 23:41:10 | INFO     | [lf.day.start] Processing LXR-JED for 08FEB
2025-12-31 23:41:11 | WARNING  | [lf.day.no_flights] No direct flights on 08FEB
2025-12-31 23:41:11 | INFO     | [SUCCESS] Day 08FEB
2025-12-31 23:41:11 | INFO     | [DAY_START] Processing 07FEB
2025-12-31 23:41:11 | INFO     | [lf.day.start] Processing LXR-JED for 07FEB
2025-12-31 23:41:12 | WARNING  | [lf.day.no_flights] No direct flights on 07FEB
2025-12-31 23:41:12 | INFO     | [SUCCESS] Day 07FEB
2025-12-31 23:41:12 | INFO     | [DAY_START] Processing 06FEB
2025-12-31 23:41:12 | INFO     | [lf.day.start] Processing LXR-JED for 06FEB
2025-12-31 23:41:13 | WARNING  | [lf.day.no_flights] No direct flights on 06FEB
2025-12-31 23:41:13 | INFO     | [SUCCESS] Day 06FEB
2025-12-31 23:41:13 | INFO     | [SUCCESS] LF Search Complete
2025-12-31 23:41:15 | INFO     | [Worker_9232] Completed: LXR-JED - 5 results, 0 errors
2025-12-31 23:41:15 | INFO     | [Worker_9232] Processing: CAI-TUU
2025-12-31 23:41:15 | INFO     |   Tier 0: Range 3, Chunk 4/5 (5 days)
