2026-01-01 00:10:17 | INFO     | ======================================================================
2026-01-01 00:10:17 | INFO     | Load Factor Scraper Started - Route: LXR-JED
2026-01-01 00:10:17 | INFO     | Log file: D:\CODERED\LAB\market_insights\outputs\run_generated_311225_at_23.27\logs\LF_LXR-JED_20260101_001017.log
2026-01-01 00:10:17 | INFO     | Enhanced logging: Capturing both logging.info() and print()
2026-01-01 00:10:17 | INFO     | ======================================================================
2026-01-01 00:10:17 | INFO     | Starting LF search for route: LXR-JED
2026-01-01 00:10:17 | INFO     | [START] LF Search
2026-01-01 00:10:18 | INFO     | [HEALTH CHECK] [OK] Chrome connection is healthy
2026-01-01 00:10:18 | INFO     | [DAY_START] Processing 12JAN
2026-01-01 00:10:18 | INFO     | [lf.day.start] Processing LXR-JED for 12JAN
2026-01-01 00:10:19 | INFO     | [lf.day.flights_found] Found 1 flights on 12JAN
2026-01-01 00:10:21 | INFO     | [lf.flight.extracted] SM481 on 12JAN: BKG=0, LF=0.0%
2026-01-01 00:10:22 | INFO     | [SUCCESS] Day 12JAN
2026-01-01 00:10:22 | INFO     | [DAY_START] Processing 11JAN
2026-01-01 00:10:22 | INFO     | [lf.day.start] Processing LXR-JED for 11JAN
2026-01-01 00:10:24 | WARNING  | [lf.day.no_flights] No direct flights on 11JAN
2026-01-01 00:10:24 | INFO     | [SUCCESS] Day 11JAN
2026-01-01 00:10:24 | INFO     | [DAY_START] Processing 10JAN
2026-01-01 00:10:24 | INFO     | [lf.day.start] Processing LXR-JED for 10JAN
2026-01-01 00:10:25 | WARNING  | [lf.day.no_flights] No direct flights on 10JAN
2026-01-01 00:10:25 | INFO     | [SUCCESS] Day 10JAN
2026-01-01 00:10:25 | INFO     | [DAY_START] Processing 09JAN
2026-01-01 00:10:25 | INFO     | [lf.day.start] Processing LXR-JED for 09JAN
2026-01-01 00:10:26 | WARNING  | [lf.day.no_flights] No direct flights on 09JAN
2026-01-01 00:10:26 | INFO     | [SUCCESS] Day 09JAN
2026-01-01 00:10:26 | INFO     | [DAY_START] Processing 08JAN
2026-01-01 00:10:26 | INFO     | [lf.day.start] Processing LXR-JED for 08JAN
2026-01-01 00:10:27 | WARNING  | [lf.day.no_flights] No direct flights on 08JAN
2026-01-01 00:10:27 | INFO     | [SUCCESS] Day 08JAN
2026-01-01 00:10:27 | INFO     | [DAY_START] Processing 07JAN
2026-01-01 00:10:27 | INFO     | [lf.day.start] Processing LXR-JED for 07JAN
2026-01-01 00:10:28 | WARNING  | [lf.day.no_flights] No direct flights on 07JAN
2026-01-01 00:10:28 | INFO     | [SUCCESS] Day 07JAN
2026-01-01 00:10:28 | INFO     | [SUCCESS] LF Search Complete
2026-01-01 00:10:30 | INFO     | [Worker_9227] Completed: LXR-JED - 6 results, 0 errors
2026-01-01 00:10:30 | INFO     | [Worker_9227] Processing: ATZ-RUH
2026-01-01 00:10:30 | INFO     |   Tier 0: Range 2, Chunk 4/5 (6 days)
