2026-01-01 00:18:48 | INFO     | ======================================================================
2026-01-01 00:18:48 | INFO     | Load Factor Scraper Started - Route: MED-ATZ
2026-01-01 00:18:48 | INFO     | Log file: D:\CODERED\LAB\market_insights\outputs\run_generated_311225_at_23.27\logs\LF_MED-ATZ_20260101_001848.log
2026-01-01 00:18:48 | INFO     | Enhanced logging: Capturing both logging.info() and print()
2026-01-01 00:18:48 | INFO     | ======================================================================
2026-01-01 00:18:48 | INFO     | Starting LF search for route: MED-ATZ
2026-01-01 00:18:48 | INFO     | [START] LF Search
2026-01-01 00:18:49 | INFO     | [HEALTH CHECK] [OK] Chrome connection is healthy
2026-01-01 00:18:49 | INFO     | [DAY_START] Processing 05JAN
2026-01-01 00:18:49 | INFO     | [lf.day.start] Processing MED-ATZ for 05JAN
2026-01-01 00:18:50 | INFO     | [lf.day.flights_found] Found 1 flights on 05JAN
2026-01-01 00:18:52 | INFO     | [lf.flight.extracted] SM488 on 05JAN: BKG=168, LF=96.0%
2026-01-01 00:18:58 | INFO     | [SUCCESS] Day 05JAN
2026-01-01 00:18:58 | INFO     | [DAY_START] Processing 04JAN
2026-01-01 00:18:58 | INFO     | [lf.day.start] Processing MED-ATZ for 04JAN
2026-01-01 00:18:59 | WARNING  | [lf.day.no_flights] No direct flights on 04JAN
2026-01-01 00:18:59 | INFO     | [SUCCESS] Day 04JAN
2026-01-01 00:18:59 | INFO     | [DAY_START] Processing 03JAN
2026-01-01 00:18:59 | INFO     | [lf.day.start] Processing MED-ATZ for 03JAN
2026-01-01 00:19:00 | INFO     | [lf.day.flights_found] Found 1 flights on 03JAN
2026-01-01 00:19:02 | INFO     | [lf.flight.extracted] SM488 on 03JAN: BKG=79, LF=45.1%
2026-01-01 00:19:09 | INFO     | [SUCCESS] Day 03JAN
2026-01-01 00:19:09 | INFO     | [DAY_START] Processing 02JAN
2026-01-01 00:19:09 | INFO     | [lf.day.start] Processing MED-ATZ for 02JAN
2026-01-01 00:19:10 | WARNING  | [lf.day.no_flights] No direct flights on 02JAN
2026-01-01 00:19:10 | INFO     | [SUCCESS] Day 02JAN
2026-01-01 00:19:10 | INFO     | [DAY_START] Processing 31DEC
2026-01-01 00:19:10 | INFO     | [lf.day.start] Processing MED-ATZ for 31DEC
2026-01-01 00:19:11 | INFO     | [lf.day.flights_found] Found 1 flights on 31DEC
2026-01-01 00:19:13 | INFO     | [lf.flight.extracted] SM490 on 31DEC: BKG=113, LF=64.9%
2026-01-01 00:19:19 | INFO     | [SUCCESS] Day 31DEC
2026-01-01 00:19:19 | INFO     | [SUCCESS] LF Search Complete
2026-01-01 00:19:21 | INFO     | [Worker_9232] Completed: MED-ATZ - 5 results, 0 errors
2026-01-01 00:19:21 | INFO     | [Worker_9232] Processing: TUU-CAI
2026-01-01 00:19:21 | INFO     |   Tier 0: Range 1, Chunk 5/5 (6 days)
