2025-12-31 23:44:48 | INFO     | ======================================================================
2025-12-31 23:44:48 | INFO     | Load Factor Scraper Started - Route: MED-CAI
2025-12-31 23:44:48 | INFO     | Log file: D:\CODERED\LAB\market_insights\outputs\run_generated_311225_at_23.27\logs\LF_MED-CAI_20251231_234448.log
2025-12-31 23:44:48 | INFO     | Enhanced logging: Capturing both logging.info() and print()
2025-12-31 23:44:48 | INFO     | ======================================================================
2025-12-31 23:44:48 | INFO     | Starting LF search for route: MED-CAI
2025-12-31 23:44:48 | INFO     | [START] LF Search
2025-12-31 23:44:50 | INFO     | [HEALTH CHECK] [OK] Chrome connection is healthy
2025-12-31 23:44:50 | INFO     | [DAY_START] Processing 31JAN
2025-12-31 23:44:50 | INFO     | [lf.day.start] Processing MED-CAI for 31JAN
2025-12-31 23:44:51 | INFO     | [lf.day.flights_found] Found 1 flights on 31JAN
2025-12-31 23:44:54 | INFO     | [lf.flight.extracted] SM494 on 31JAN: BKG=167, LF=97.1%
2025-12-31 23:45:03 | INFO     | [SUCCESS] Day 31JAN
2025-12-31 23:45:03 | INFO     | [DAY_START] Processing 30JAN
2025-12-31 23:45:03 | INFO     | [lf.day.start] Processing MED-CAI for 30JAN
2025-12-31 23:45:04 | WARNING  | [lf.day.no_flights] No direct flights on 30JAN
2025-12-31 23:45:04 | INFO     | [SUCCESS] Day 30JAN
2025-12-31 23:45:04 | INFO     | [DAY_START] Processing 29JAN
2025-12-31 23:45:04 | INFO     | [lf.day.start] Processing MED-CAI for 29JAN
2025-12-31 23:45:06 | INFO     | [lf.day.flights_found] Found 1 flights on 29JAN
2025-12-31 23:45:08 | INFO     | [lf.flight.extracted] SM494 on 29JAN: BKG=168, LF=101.8%
2025-12-31 23:45:14 | INFO     | [SUCCESS] Day 29JAN
2025-12-31 23:45:14 | INFO     | [DAY_START] Processing 28JAN
2025-12-31 23:45:14 | INFO     | [lf.day.start] Processing MED-CAI for 28JAN
2025-12-31 23:45:15 | WARNING  | [lf.day.no_flights] No direct flights on 28JAN
2025-12-31 23:45:15 | INFO     | [SUCCESS] Day 28JAN
2025-12-31 23:45:15 | INFO     | [DAY_START] Processing 27JAN
2025-12-31 23:45:15 | INFO     | [lf.day.start] Processing MED-CAI for 27JAN
2025-12-31 23:45:17 | INFO     | [lf.day.flights_found] Found 2 flights on 27JAN
2025-12-31 23:45:19 | INFO     | [lf.flight.extracted] SM496 on 27JAN: BKG=168, LF=96.0%
2025-12-31 23:45:23 | INFO     | [lf.flight.extracted] SM494 on 27JAN: BKG=145, LF=84.3%
2025-12-31 23:45:32 | INFO     | [SUCCESS] Day 27JAN
2025-12-31 23:45:32 | INFO     | [DAY_START] Processing 26JAN
2025-12-31 23:45:32 | INFO     | [lf.day.start] Processing MED-CAI for 26JAN
2025-12-31 23:45:33 | WARNING  | [lf.day.no_flights] No direct flights on 26JAN
2025-12-31 23:45:33 | INFO     | [SUCCESS] Day 26JAN
2025-12-31 23:45:33 | INFO     | [DAY_START] Processing 25JAN
2025-12-31 23:45:33 | INFO     | [lf.day.start] Processing MED-CAI for 25JAN
2025-12-31 23:45:34 | INFO     | [lf.day.flights_found] Found 1 flights on 25JAN
2025-12-31 23:45:37 | INFO     | [lf.flight.extracted] SM494 on 25JAN: BKG=168, LF=96.0%
2025-12-31 23:45:41 | INFO     | [SUCCESS] Day 25JAN
2025-12-31 23:45:41 | INFO     | [SUCCESS] LF Search Complete
2025-12-31 23:45:43 | INFO     | [Worker_9225] Completed: MED-CAI - 7 results, 0 errors
2025-12-31 23:45:43 | INFO     | [Worker_9225] Processing: JED-ATZ
2025-12-31 23:45:43 | INFO     |   Tier 0: Range 2, Chunk 1/5 (7 days)
