2025-12-31 23:45:05 | INFO     | ======================================================================
2025-12-31 23:45:05 | INFO     | Load Factor Scraper Started - Route: MED-ATZ
2025-12-31 23:45:05 | INFO     | Log file: D:\CODERED\LAB\market_insights\outputs\run_generated_311225_at_23.27\logs\LF_MED-ATZ_20251231_234505.log
2025-12-31 23:45:05 | INFO     | Enhanced logging: Capturing both logging.info() and print()
2025-12-31 23:45:05 | INFO     | ======================================================================
2025-12-31 23:45:05 | INFO     | Starting LF search for route: MED-ATZ
2025-12-31 23:45:05 | INFO     | [START] LF Search
2025-12-31 23:45:07 | INFO     | [HEALTH CHECK] [OK] Chrome connection is healthy
2025-12-31 23:45:08 | INFO     | [DAY_START] Processing 31JAN
2025-12-31 23:45:08 | INFO     | [lf.day.start] Processing MED-ATZ for 31JAN
2025-12-31 23:45:09 | INFO     | [lf.day.flights_found] Found 1 flights on 31JAN
2025-12-31 23:45:11 | INFO     | [lf.flight.extracted] SM488 on 31JAN: BKG=174, LF=99.4%
2025-12-31 23:45:18 | INFO     | [SUCCESS] Day 31JAN
2025-12-31 23:45:18 | INFO     | [DAY_START] Processing 30JAN
2025-12-31 23:45:18 | INFO     | [lf.day.start] Processing MED-ATZ for 30JAN
2025-12-31 23:45:20 | WARNING  | [lf.day.no_flights] No direct flights on 30JAN
2025-12-31 23:45:20 | INFO     | [SUCCESS] Day 30JAN
2025-12-31 23:45:20 | INFO     | [DAY_START] Processing 29JAN
2025-12-31 23:45:20 | INFO     | [lf.day.start] Processing MED-ATZ for 29JAN
2025-12-31 23:45:21 | WARNING  | [lf.day.no_flights] No direct flights on 29JAN
2025-12-31 23:45:21 | INFO     | [SUCCESS] Day 29JAN
2025-12-31 23:45:21 | INFO     | [DAY_START] Processing 28JAN
2025-12-31 23:45:21 | INFO     | [lf.day.start] Processing MED-ATZ for 28JAN
2025-12-31 23:45:22 | INFO     | [lf.day.flights_found] Found 1 flights on 28JAN
2025-12-31 23:45:25 | INFO     | [lf.flight.extracted] SM490 on 28JAN: BKG=47, LF=26.9%
2025-12-31 23:45:30 | INFO     | [SUCCESS] Day 28JAN
2025-12-31 23:45:30 | INFO     | [DAY_START] Processing 27JAN
2025-12-31 23:45:30 | INFO     | [lf.day.start] Processing MED-ATZ for 27JAN
2025-12-31 23:45:31 | INFO     | [lf.day.flights_found] Found 1 flights on 27JAN
2025-12-31 23:45:33 | INFO     | [lf.flight.extracted] SM488 on 27JAN: BKG=65, LF=37.1%
2025-12-31 23:45:38 | INFO     | [SUCCESS] Day 27JAN
2025-12-31 23:45:38 | INFO     | [DAY_START] Processing 26JAN
2025-12-31 23:45:38 | INFO     | [lf.day.start] Processing MED-ATZ for 26JAN
2025-12-31 23:45:39 | INFO     | [lf.day.flights_found] Found 1 flights on 26JAN
2025-12-31 23:45:41 | INFO     | [lf.flight.extracted] SM488 on 26JAN: BKG=68, LF=40.5%
2025-12-31 23:45:45 | INFO     | [SUCCESS] Day 26JAN
2025-12-31 23:45:45 | INFO     | [DAY_START] Processing 25JAN
2025-12-31 23:45:45 | INFO     | [lf.day.start] Processing MED-ATZ for 25JAN
2025-12-31 23:45:46 | WARNING  | [lf.day.no_flights] No direct flights on 25JAN
2025-12-31 23:45:46 | INFO     | [SUCCESS] Day 25JAN
2025-12-31 23:45:46 | INFO     | [SUCCESS] LF Search Complete
2025-12-31 23:45:48 | INFO     | [Worker_9232] Completed: MED-ATZ - 7 results, 0 errors
2025-12-31 23:45:48 | INFO     | [Worker_9232] Processing: JED-LXR
2025-12-31 23:45:48 | INFO     |   Tier 0: Range 2, Chunk 1/5 (7 days)
