2025-12-31 23:53:03 | INFO     | ======================================================================
2025-12-31 23:53:03 | INFO     | Load Factor Scraper Started - Route: MED-ATZ
2025-12-31 23:53:03 | INFO     | Log file: D:\CODERED\LAB\market_insights\outputs\run_generated_311225_at_23.27\logs\LF_MED-ATZ_20251231_235303.log
2025-12-31 23:53:03 | INFO     | Enhanced logging: Capturing both logging.info() and print()
2025-12-31 23:53:03 | INFO     | ======================================================================
2025-12-31 23:53:03 | INFO     | Starting LF search for route: MED-ATZ
2025-12-31 23:53:03 | INFO     | [START] LF Search
2025-12-31 23:53:05 | INFO     | [HEALTH CHECK] [OK] Chrome connection is healthy
2025-12-31 23:53:05 | INFO     | [DAY_START] Processing 24JAN
2025-12-31 23:53:05 | INFO     | [lf.day.start] Processing MED-ATZ for 24JAN
2025-12-31 23:53:06 | INFO     | [lf.day.flights_found] Found 1 flights on 24JAN
2025-12-31 23:53:08 | INFO     | [lf.flight.extracted] SM488 on 24JAN: BKG=88, LF=50.3%
2025-12-31 23:53:14 | INFO     | [SUCCESS] Day 24JAN
2025-12-31 23:53:14 | INFO     | [DAY_START] Processing 23JAN
2025-12-31 23:53:14 | INFO     | [lf.day.start] Processing MED-ATZ for 23JAN
2025-12-31 23:53:15 | WARNING  | [lf.day.no_flights] No direct flights on 23JAN
2025-12-31 23:53:15 | INFO     | [SUCCESS] Day 23JAN
2025-12-31 23:53:15 | INFO     | [DAY_START] Processing 22JAN
2025-12-31 23:53:15 | INFO     | [lf.day.start] Processing MED-ATZ for 22JAN
2025-12-31 23:53:16 | WARNING  | [lf.day.no_flights] No direct flights on 22JAN
2025-12-31 23:53:17 | INFO     | [SUCCESS] Day 22JAN
2025-12-31 23:53:17 | INFO     | [DAY_START] Processing 21JAN
2025-12-31 23:53:17 | INFO     | [lf.day.start] Processing MED-ATZ for 21JAN
2025-12-31 23:53:18 | INFO     | [lf.day.flights_found] Found 1 flights on 21JAN
2025-12-31 23:53:20 | INFO     | [lf.flight.extracted] SM490 on 21JAN: BKG=38, LF=21.7%
2025-12-31 23:53:24 | INFO     | [SUCCESS] Day 21JAN
2025-12-31 23:53:24 | INFO     | [DAY_START] Processing 20JAN
2025-12-31 23:53:24 | INFO     | [lf.day.start] Processing MED-ATZ for 20JAN
2025-12-31 23:53:25 | INFO     | [lf.day.flights_found] Found 1 flights on 20JAN
2025-12-31 23:53:27 | INFO     | [lf.flight.extracted] SM488 on 20JAN: BKG=39, LF=22.3%
2025-12-31 23:53:30 | INFO     | [SUCCESS] Day 20JAN
2025-12-31 23:53:30 | INFO     | [DAY_START] Processing 19JAN
2025-12-31 23:53:30 | INFO     | [lf.day.start] Processing MED-ATZ for 19JAN
2025-12-31 23:53:31 | INFO     | [lf.day.flights_found] Found 1 flights on 19JAN
2025-12-31 23:53:34 | INFO     | [lf.flight.extracted] SM488 on 19JAN: BKG=37, LF=21.1%
2025-12-31 23:53:37 | INFO     | [SUCCESS] Day 19JAN
2025-12-31 23:53:37 | INFO     | [DAY_START] Processing 18JAN
2025-12-31 23:53:37 | INFO     | [lf.day.start] Processing MED-ATZ for 18JAN
2025-12-31 23:53:38 | WARNING  | [lf.day.no_flights] No direct flights on 18JAN
2025-12-31 23:53:38 | INFO     | [SUCCESS] Day 18JAN
2025-12-31 23:53:38 | INFO     | [SUCCESS] LF Search Complete
2025-12-31 23:53:40 | INFO     | [Worker_9227] Completed: MED-ATZ - 7 results, 0 errors
2025-12-31 23:53:40 | INFO     | [Worker_9227] Processing: JED-LXR
2025-12-31 23:53:40 | INFO     |   Tier 0: Range 1, Chunk 2/5 (7 days)
