2025-12-31 23:59:57 | INFO     | ======================================================================
2025-12-31 23:59:57 | INFO     | Load Factor Scraper Started - Route: MED-CAI
2025-12-31 23:59:57 | INFO     | Log file: D:\CODERED\LAB\market_insights\outputs\run_generated_311225_at_23.27\logs\LF_MED-CAI_20251231_235957.log
2025-12-31 23:59:57 | INFO     | Enhanced logging: Capturing both logging.info() and print()
2025-12-31 23:59:57 | INFO     | ======================================================================
2025-12-31 23:59:57 | INFO     | Starting LF search for route: MED-CAI
2025-12-31 23:59:57 | INFO     | [START] LF Search
2025-12-31 23:59:59 | INFO     | [HEALTH CHECK] [OK] Chrome connection is healthy
2025-12-31 23:59:59 | INFO     | [DAY_START] Processing 18JAN
2025-12-31 23:59:59 | INFO     | [lf.day.start] Processing MED-CAI for 18JAN
2026-01-01 00:00:00 | INFO     | [lf.day.flights_found] Found 1 flights on 18JAN
2026-01-01 00:00:02 | INFO     | [lf.flight.extracted] SM494 on 18JAN: BKG=121, LF=69.1%
2026-01-01 00:00:06 | INFO     | [SUCCESS] Day 18JAN
2026-01-01 00:00:06 | INFO     | [DAY_START] Processing 17JAN
2026-01-01 00:00:06 | INFO     | [lf.day.start] Processing MED-CAI for 17JAN
2026-01-01 00:00:07 | INFO     | [lf.day.flights_found] Found 1 flights on 17JAN
2026-01-01 00:00:09 | INFO     | [lf.flight.extracted] SM494 on 17JAN: BKG=134, LF=76.6%
2026-01-01 00:00:15 | INFO     | [SUCCESS] Day 17JAN
2026-01-01 00:00:15 | INFO     | [DAY_START] Processing 16JAN
2026-01-01 00:00:15 | INFO     | [lf.day.start] Processing MED-CAI for 16JAN
2026-01-01 00:00:16 | WARNING  | [lf.day.no_flights] No direct flights on 16JAN
2026-01-01 00:00:16 | INFO     | [SUCCESS] Day 16JAN
2026-01-01 00:00:16 | INFO     | [DAY_START] Processing 15JAN
2026-01-01 00:00:16 | INFO     | [lf.day.start] Processing MED-CAI for 15JAN
2026-01-01 00:00:17 | INFO     | [lf.day.flights_found] Found 1 flights on 15JAN
2026-01-01 00:00:19 | INFO     | [lf.flight.extracted] SM494 on 15JAN: BKG=109, LF=62.3%
2026-01-01 00:00:25 | INFO     | [SUCCESS] Day 15JAN
2026-01-01 00:00:25 | INFO     | [DAY_START] Processing 14JAN
2026-01-01 00:00:25 | INFO     | [lf.day.start] Processing MED-CAI for 14JAN
2026-01-01 00:00:26 | WARNING  | [lf.day.no_flights] No direct flights on 14JAN
2026-01-01 00:00:26 | INFO     | [SUCCESS] Day 14JAN
2026-01-01 00:00:26 | INFO     | [DAY_START] Processing 13JAN
2026-01-01 00:00:26 | INFO     | [lf.day.start] Processing MED-CAI for 13JAN
2026-01-01 00:00:27 | INFO     | [lf.day.flights_found] Found 2 flights on 13JAN
2026-01-01 00:00:29 | INFO     | [lf.flight.extracted] SM496 on 13JAN: BKG=153, LF=87.4%
2026-01-01 00:00:34 | INFO     | [lf.flight.extracted] SM494 on 13JAN: BKG=153, LF=87.4%
2026-01-01 00:00:45 | INFO     | [SUCCESS] Day 13JAN
2026-01-01 00:00:45 | INFO     | [SUCCESS] LF Search Complete
2026-01-01 00:00:47 | INFO     | [Worker_9227] Completed: MED-CAI - 6 results, 0 errors
2026-01-01 00:00:47 | INFO     | [Worker_9227] Processing: RUH-ATZ
2026-01-01 00:00:47 | INFO     |   Tier 0: Range 2, Chunk 3/5 (6 days)
