2026-01-01 00:11:36 | INFO     | ======================================================================
2026-01-01 00:11:36 | INFO     | Load Factor Scraper Started - Route: MED-CAI
2026-01-01 00:11:36 | INFO     | Log file: D:\CODERED\LAB\market_insights\outputs\run_generated_311225_at_23.27\logs\LF_MED-CAI_20260101_001136.log
2026-01-01 00:11:36 | INFO     | Enhanced logging: Capturing both logging.info() and print()
2026-01-01 00:11:36 | INFO     | ======================================================================
2026-01-01 00:11:36 | INFO     | Starting LF search for route: MED-CAI
2026-01-01 00:11:36 | INFO     | [START] LF Search
2026-01-01 00:11:37 | INFO     | [HEALTH CHECK] [OK] Chrome connection is healthy
2026-01-01 00:11:37 | INFO     | [DAY_START] Processing 11JAN
2026-01-01 00:11:37 | INFO     | [lf.day.start] Processing MED-CAI for 11JAN
2026-01-01 00:11:38 | INFO     | [lf.day.flights_found] Found 1 flights on 11JAN
2026-01-01 00:11:40 | INFO     | [lf.flight.extracted] SM494 on 11JAN: BKG=173, LF=97.2%
2026-01-01 00:11:47 | INFO     | [SUCCESS] Day 11JAN
2026-01-01 00:11:47 | INFO     | [DAY_START] Processing 10JAN
2026-01-01 00:11:47 | INFO     | [lf.day.start] Processing MED-CAI for 10JAN
2026-01-01 00:11:48 | INFO     | [lf.day.flights_found] Found 1 flights on 10JAN
2026-01-01 00:11:50 | INFO     | [lf.flight.extracted] SM494 on 10JAN: BKG=129, LF=73.7%
2026-01-01 00:11:58 | INFO     | [SUCCESS] Day 10JAN
2026-01-01 00:11:58 | INFO     | [DAY_START] Processing 09JAN
2026-01-01 00:11:58 | INFO     | [lf.day.start] Processing MED-CAI for 09JAN
2026-01-01 00:11:59 | WARNING  | [lf.day.no_flights] No direct flights on 09JAN
2026-01-01 00:11:59 | INFO     | [SUCCESS] Day 09JAN
2026-01-01 00:11:59 | INFO     | [DAY_START] Processing 08JAN
2026-01-01 00:11:59 | INFO     | [lf.day.start] Processing MED-CAI for 08JAN
2026-01-01 00:12:00 | INFO     | [lf.day.flights_found] Found 1 flights on 08JAN
2026-01-01 00:12:02 | INFO     | [lf.flight.extracted] SM494 on 08JAN: BKG=178, LF=106.6%
2026-01-01 00:12:07 | INFO     | [SUCCESS] Day 08JAN
2026-01-01 00:12:07 | INFO     | [DAY_START] Processing 07JAN
2026-01-01 00:12:07 | INFO     | [lf.day.start] Processing MED-CAI for 07JAN
2026-01-01 00:12:08 | WARNING  | [lf.day.no_flights] No direct flights on 07JAN
2026-01-01 00:12:08 | INFO     | [SUCCESS] Day 07JAN
2026-01-01 00:12:08 | INFO     | [DAY_START] Processing 06JAN
2026-01-01 00:12:08 | INFO     | [lf.day.start] Processing MED-CAI for 06JAN
2026-01-01 00:12:09 | INFO     | [lf.day.flights_found] Found 2 flights on 06JAN
2026-01-01 00:12:11 | INFO     | [lf.flight.extracted] SM496 on 06JAN: BKG=169, LF=96.6%
2026-01-01 00:12:21 | INFO     | [lf.flight.extracted] SM494 on 06JAN: BKG=180, LF=102.9%
2026-01-01 00:12:32 | INFO     | [SUCCESS] Day 06JAN
2026-01-01 00:12:32 | INFO     | [SUCCESS] LF Search Complete
2026-01-01 00:12:34 | INFO     | [Worker_9233] Completed: MED-CAI - 6 results, 0 errors
2026-01-01 00:12:34 | INFO     | [Worker_9233] Processing: DMM-CAI
2026-01-01 00:12:34 | INFO     |   Tier 0: Range 1, Chunk 4/5 (6 days)
