2026-01-01 00:11:45 | INFO     | ======================================================================
2026-01-01 00:11:45 | INFO     | Load Factor Scraper Started - Route: MED-ATZ
2026-01-01 00:11:45 | INFO     | Log file: D:\CODERED\LAB\market_insights\outputs\run_generated_311225_at_23.27\logs\LF_MED-ATZ_20260101_001145.log
2026-01-01 00:11:45 | INFO     | Enhanced logging: Capturing both logging.info() and print()
2026-01-01 00:11:45 | INFO     | ======================================================================
2026-01-01 00:11:45 | INFO     | Starting LF search for route: MED-ATZ
2026-01-01 00:11:45 | INFO     | [START] LF Search
2026-01-01 00:11:46 | INFO     | [HEALTH CHECK] [OK] Chrome connection is healthy
2026-01-01 00:11:46 | INFO     | [DAY_START] Processing 11JAN
2026-01-01 00:11:46 | INFO     | [lf.day.start] Processing MED-ATZ for 11JAN
2026-01-01 00:11:47 | WARNING  | [lf.day.no_flights] No direct flights on 11JAN
2026-01-01 00:11:48 | INFO     | [SUCCESS] Day 11JAN
2026-01-01 00:11:48 | INFO     | [DAY_START] Processing 10JAN
2026-01-01 00:11:48 | INFO     | [lf.day.start] Processing MED-ATZ for 10JAN
2026-01-01 00:11:49 | INFO     | [lf.day.flights_found] Found 1 flights on 10JAN
2026-01-01 00:11:51 | INFO     | [lf.flight.extracted] SM488 on 10JAN: BKG=60, LF=34.3%
2026-01-01 00:11:57 | INFO     | [SUCCESS] Day 10JAN
2026-01-01 00:11:57 | INFO     | [DAY_START] Processing 09JAN
2026-01-01 00:11:57 | INFO     | [lf.day.start] Processing MED-ATZ for 09JAN
2026-01-01 00:11:58 | WARNING  | [lf.day.no_flights] No direct flights on 09JAN
2026-01-01 00:11:58 | INFO     | [SUCCESS] Day 09JAN
2026-01-01 00:11:58 | INFO     | [DAY_START] Processing 08JAN
2026-01-01 00:11:58 | INFO     | [lf.day.start] Processing MED-ATZ for 08JAN
2026-01-01 00:11:59 | WARNING  | [lf.day.no_flights] No direct flights on 08JAN
2026-01-01 00:12:00 | INFO     | [SUCCESS] Day 08JAN
2026-01-01 00:12:00 | INFO     | [DAY_START] Processing 07JAN
2026-01-01 00:12:00 | INFO     | [lf.day.start] Processing MED-ATZ for 07JAN
2026-01-01 00:12:01 | INFO     | [lf.day.flights_found] Found 1 flights on 07JAN
2026-01-01 00:12:03 | INFO     | [lf.flight.extracted] SM490 on 07JAN: BKG=167, LF=95.4%
2026-01-01 00:12:08 | INFO     | [SUCCESS] Day 07JAN
2026-01-01 00:12:08 | INFO     | [DAY_START] Processing 06JAN
2026-01-01 00:12:08 | INFO     | [lf.day.start] Processing MED-ATZ for 06JAN
2026-01-01 00:12:09 | INFO     | [lf.day.flights_found] Found 1 flights on 06JAN
2026-01-01 00:12:11 | INFO     | [lf.flight.extracted] SM488 on 06JAN: BKG=38, LF=21.7%
2026-01-01 00:12:15 | INFO     | [SUCCESS] Day 06JAN
2026-01-01 00:12:15 | INFO     | [SUCCESS] LF Search Complete
2026-01-01 00:12:17 | INFO     | [Worker_9234] Completed: MED-ATZ - 6 results, 0 errors
2026-01-01 00:12:17 | INFO     | [Worker_9234] Processing: JED-ASW
2026-01-01 00:12:17 | INFO     |   Tier 0: Range 1, Chunk 4/5 (6 days)
