2025-12-31 23:52:54 | INFO     | ======================================================================
2025-12-31 23:52:54 | INFO     | Load Factor Scraper Started - Route: MED-CAI
2025-12-31 23:52:54 | INFO     | Log file: D:\CODERED\LAB\market_insights\outputs\run_generated_311225_at_23.27\logs\LF_MED-CAI_20251231_235254.log
2025-12-31 23:52:54 | INFO     | Enhanced logging: Capturing both logging.info() and print()
2025-12-31 23:52:54 | INFO     | ======================================================================
2025-12-31 23:52:54 | INFO     | Starting LF search for route: MED-CAI
2025-12-31 23:52:54 | INFO     | [START] LF Search
2025-12-31 23:52:55 | INFO     | [HEALTH CHECK] [OK] Chrome connection is healthy
2025-12-31 23:52:56 | INFO     | [DAY_START] Processing 24JAN
2025-12-31 23:52:56 | INFO     | [lf.day.start] Processing MED-CAI for 24JAN
2025-12-31 23:52:57 | INFO     | [lf.day.flights_found] Found 1 flights on 24JAN
2025-12-31 23:52:59 | INFO     | [lf.flight.extracted] SM494 on 24JAN: BKG=168, LF=96.0%
2025-12-31 23:53:03 | INFO     | [SUCCESS] Day 24JAN
2025-12-31 23:53:03 | INFO     | [DAY_START] Processing 23JAN
2025-12-31 23:53:03 | INFO     | [lf.day.start] Processing MED-CAI for 23JAN
2025-12-31 23:53:04 | WARNING  | [lf.day.no_flights] No direct flights on 23JAN
2025-12-31 23:53:05 | INFO     | [SUCCESS] Day 23JAN
2025-12-31 23:53:05 | INFO     | [DAY_START] Processing 22JAN
2025-12-31 23:53:05 | INFO     | [lf.day.start] Processing MED-CAI for 22JAN
2025-12-31 23:53:06 | INFO     | [lf.day.flights_found] Found 1 flights on 22JAN
2025-12-31 23:53:08 | INFO     | [lf.flight.extracted] SM494 on 22JAN: BKG=168, LF=96.0%
2025-12-31 23:53:14 | INFO     | [SUCCESS] Day 22JAN
2025-12-31 23:53:14 | INFO     | [DAY_START] Processing 21JAN
2025-12-31 23:53:14 | INFO     | [lf.day.start] Processing MED-CAI for 21JAN
2025-12-31 23:53:15 | WARNING  | [lf.day.no_flights] No direct flights on 21JAN
2025-12-31 23:53:16 | INFO     | [SUCCESS] Day 21JAN
2025-12-31 23:53:16 | INFO     | [DAY_START] Processing 20JAN
2025-12-31 23:53:16 | INFO     | [lf.day.start] Processing MED-CAI for 20JAN
2025-12-31 23:53:17 | INFO     | [lf.day.flights_found] Found 2 flights on 20JAN
2025-12-31 23:53:19 | INFO     | [lf.flight.extracted] SM496 on 20JAN: BKG=155, LF=88.6%
2025-12-31 23:53:23 | INFO     | [lf.flight.extracted] SM494 on 20JAN: BKG=100, LF=57.1%
2025-12-31 23:53:32 | INFO     | [SUCCESS] Day 20JAN
2025-12-31 23:53:32 | INFO     | [DAY_START] Processing 19JAN
2025-12-31 23:53:32 | INFO     | [lf.day.start] Processing MED-CAI for 19JAN
2025-12-31 23:53:33 | WARNING  | [lf.day.no_flights] No direct flights on 19JAN
2025-12-31 23:53:33 | INFO     | [SUCCESS] Day 19JAN
2025-12-31 23:53:33 | INFO     | [DAY_START] Processing 18JAN
2025-12-31 23:53:33 | INFO     | [lf.day.start] Processing MED-CAI for 18JAN
2025-12-31 23:53:34 | INFO     | [lf.day.flights_found] Found 1 flights on 18JAN
2025-12-31 23:53:36 | INFO     | [lf.flight.extracted] SM494 on 18JAN: BKG=121, LF=69.1%
2025-12-31 23:53:39 | INFO     | [SUCCESS] Day 18JAN
2025-12-31 23:53:39 | INFO     | [SUCCESS] LF Search Complete
2025-12-31 23:53:41 | INFO     | [Worker_9233] Completed: MED-CAI - 7 results, 0 errors
2025-12-31 23:53:41 | INFO     | [Worker_9233] Processing: JED-ASW
2025-12-31 23:53:41 | INFO     |   Tier 0: Range 2, Chunk 2/5 (6 days)
