2026-01-01 00:03:59 | INFO     | ======================================================================
2026-01-01 00:03:59 | INFO     | Load Factor Scraper Started - Route: MED-CAI
2026-01-01 00:03:59 | INFO     | Log file: D:\CODERED\LAB\market_insights\outputs\run_generated_311225_at_23.27\logs\LF_MED-CAI_20260101_000359.log
2026-01-01 00:03:59 | INFO     | Enhanced logging: Capturing both logging.info() and print()
2026-01-01 00:03:59 | INFO     | ======================================================================
2026-01-01 00:03:59 | INFO     | Starting LF search for route: MED-CAI
2026-01-01 00:03:59 | INFO     | [START] LF Search
2026-01-01 00:04:00 | INFO     | [HEALTH CHECK] [OK] Chrome connection is healthy
2026-01-01 00:04:00 | INFO     | [DAY_START] Processing 17JAN
2026-01-01 00:04:00 | INFO     | [lf.day.start] Processing MED-CAI for 17JAN
2026-01-01 00:04:01 | INFO     | [lf.day.flights_found] Found 1 flights on 17JAN
2026-01-01 00:04:04 | INFO     | [lf.flight.extracted] SM494 on 17JAN: BKG=134, LF=76.6%
2026-01-01 00:04:10 | INFO     | [SUCCESS] Day 17JAN
2026-01-01 00:04:10 | INFO     | [DAY_START] Processing 16JAN
2026-01-01 00:04:10 | INFO     | [lf.day.start] Processing MED-CAI for 16JAN
2026-01-01 00:04:11 | WARNING  | [lf.day.no_flights] No direct flights on 16JAN
2026-01-01 00:04:11 | INFO     | [SUCCESS] Day 16JAN
2026-01-01 00:04:11 | INFO     | [DAY_START] Processing 15JAN
2026-01-01 00:04:11 | INFO     | [lf.day.start] Processing MED-CAI for 15JAN
2026-01-01 00:04:12 | INFO     | [lf.day.flights_found] Found 1 flights on 15JAN
2026-01-01 00:04:14 | INFO     | [lf.flight.extracted] SM494 on 15JAN: BKG=109, LF=62.3%
2026-01-01 00:04:20 | INFO     | [SUCCESS] Day 15JAN
2026-01-01 00:04:20 | INFO     | [DAY_START] Processing 14JAN
2026-01-01 00:04:20 | INFO     | [lf.day.start] Processing MED-CAI for 14JAN
2026-01-01 00:04:21 | WARNING  | [lf.day.no_flights] No direct flights on 14JAN
2026-01-01 00:04:21 | INFO     | [SUCCESS] Day 14JAN
2026-01-01 00:04:21 | INFO     | [DAY_START] Processing 13JAN
2026-01-01 00:04:21 | INFO     | [lf.day.start] Processing MED-CAI for 13JAN
2026-01-01 00:04:22 | INFO     | [lf.day.flights_found] Found 2 flights on 13JAN
2026-01-01 00:04:24 | INFO     | [lf.flight.extracted] SM496 on 13JAN: BKG=153, LF=87.4%
2026-01-01 00:04:29 | INFO     | [lf.flight.extracted] SM494 on 13JAN: BKG=153, LF=87.4%
2026-01-01 00:04:40 | INFO     | [SUCCESS] Day 13JAN
2026-01-01 00:04:40 | INFO     | [DAY_START] Processing 12JAN
2026-01-01 00:04:40 | INFO     | [lf.day.start] Processing MED-CAI for 12JAN
2026-01-01 00:04:41 | WARNING  | [lf.day.no_flights] No direct flights on 12JAN
2026-01-01 00:04:41 | INFO     | [SUCCESS] Day 12JAN
2026-01-01 00:04:41 | INFO     | [SUCCESS] LF Search Complete
2026-01-01 00:04:43 | INFO     | [Worker_9227] Completed: MED-CAI - 6 results, 0 errors
2026-01-01 00:04:43 | INFO     | [Worker_9227] Processing: RUH-ATZ
2026-01-01 00:04:43 | INFO     |   Tier 0: Range 1, Chunk 3/5 (6 days)
