2025-12-31 23:41:55 | INFO     | ======================================================================
2025-12-31 23:41:55 | INFO     | Load Factor Scraper Started - Route: MED-CAI
2025-12-31 23:41:55 | INFO     | Log file: D:\CODERED\LAB\market_insights\outputs\run_generated_311225_at_23.27\logs\LF_MED-CAI_20251231_234155.log
2025-12-31 23:41:55 | INFO     | Enhanced logging: Capturing both logging.info() and print()
2025-12-31 23:41:55 | INFO     | ======================================================================
2025-12-31 23:41:55 | INFO     | Starting LF search for route: MED-CAI
2025-12-31 23:41:55 | INFO     | [START] LF Search
2025-12-31 23:41:57 | INFO     | [HEALTH CHECK] [OK] Chrome connection is healthy
2025-12-31 23:41:57 | INFO     | [DAY_START] Processing 05FEB
2025-12-31 23:41:57 | INFO     | [lf.day.start] Processing MED-CAI for 05FEB
2025-12-31 23:41:58 | INFO     | [lf.day.flights_found] Found 1 flights on 05FEB
2025-12-31 23:42:01 | INFO     | [lf.flight.extracted] SM494 on 05FEB: BKG=168, LF=97.7%
2025-12-31 23:42:06 | INFO     | [SUCCESS] Day 05FEB
2025-12-31 23:42:06 | INFO     | [DAY_START] Processing 04FEB
2025-12-31 23:42:06 | INFO     | [lf.day.start] Processing MED-CAI for 04FEB
2025-12-31 23:42:07 | WARNING  | [lf.day.no_flights] No direct flights on 04FEB
2025-12-31 23:42:07 | INFO     | [SUCCESS] Day 04FEB
2025-12-31 23:42:07 | INFO     | [DAY_START] Processing 03FEB
2025-12-31 23:42:07 | INFO     | [lf.day.start] Processing MED-CAI for 03FEB
2025-12-31 23:42:08 | INFO     | [lf.day.flights_found] Found 2 flights on 03FEB
2025-12-31 23:42:11 | INFO     | [lf.flight.extracted] SM496 on 03FEB: BKG=178, LF=108.5%
2025-12-31 23:42:16 | INFO     | [lf.flight.extracted] SM494 on 03FEB: BKG=171, LF=97.7%
2025-12-31 23:42:24 | INFO     | [SUCCESS] Day 03FEB
2025-12-31 23:42:24 | INFO     | [DAY_START] Processing 02FEB
2025-12-31 23:42:24 | INFO     | [lf.day.start] Processing MED-CAI for 02FEB
2025-12-31 23:42:26 | WARNING  | [lf.day.no_flights] No direct flights on 02FEB
2025-12-31 23:42:26 | INFO     | [SUCCESS] Day 02FEB
2025-12-31 23:42:26 | INFO     | [DAY_START] Processing 01FEB
2025-12-31 23:42:26 | INFO     | [lf.day.start] Processing MED-CAI for 01FEB
2025-12-31 23:42:27 | INFO     | [lf.day.flights_found] Found 1 flights on 01FEB
2025-12-31 23:42:29 | INFO     | [lf.flight.extracted] SM494 on 01FEB: BKG=168, LF=96.0%
2025-12-31 23:42:34 | INFO     | [SUCCESS] Day 01FEB
2025-12-31 23:42:34 | INFO     | [SUCCESS] LF Search Complete
2025-12-31 23:42:36 | INFO     | [Worker_9225] Completed: MED-CAI - 5 results, 0 errors
2025-12-31 23:42:36 | INFO     | [Worker_9225] Processing: DMM-CAI
2025-12-31 23:42:36 | INFO     |   Tier 0: Range 3, Chunk 5/5 (5 days)
