2025-12-31 23:35:40 | INFO     | ======================================================================
2025-12-31 23:35:40 | INFO     | Load Factor Scraper Started - Route: MED-ATZ
2025-12-31 23:35:40 | INFO     | Log file: D:\CODERED\LAB\market_insights\outputs\run_generated_311225_at_23.27\logs\LF_MED-ATZ_20251231_233540.log
2025-12-31 23:35:40 | INFO     | Enhanced logging: Capturing both logging.info() and print()
2025-12-31 23:35:40 | INFO     | ======================================================================
2025-12-31 23:35:40 | INFO     | Starting LF search for route: MED-ATZ
2025-12-31 23:35:40 | INFO     | [START] LF Search
2025-12-31 23:35:42 | INFO     | [HEALTH CHECK] [OK] Chrome connection is healthy
2025-12-31 23:35:42 | INFO     | [DAY_START] Processing 16FEB
2025-12-31 23:35:42 | INFO     | [lf.day.start] Processing MED-ATZ for 16FEB
2025-12-31 23:35:43 | INFO     | [lf.day.flights_found] Found 2 flights on 16FEB
2025-12-31 23:35:45 | INFO     | [lf.flight.extracted] SM964 on 16FEB: BKG=0, LF=0.0%
2025-12-31 23:35:48 | INFO     | [lf.flight.extracted] SM488 on 16FEB: BKG=45, LF=25.7%
2025-12-31 23:35:53 | INFO     | [SUCCESS] Day 16FEB
2025-12-31 23:35:53 | INFO     | [DAY_START] Processing 15FEB
2025-12-31 23:35:53 | INFO     | [lf.day.start] Processing MED-ATZ for 15FEB
2025-12-31 23:35:54 | WARNING  | [lf.day.no_flights] No direct flights on 15FEB
2025-12-31 23:35:55 | INFO     | [SUCCESS] Day 15FEB
2025-12-31 23:35:55 | INFO     | [DAY_START] Processing 14FEB
2025-12-31 23:35:55 | INFO     | [lf.day.start] Processing MED-ATZ for 14FEB
2025-12-31 23:35:56 | INFO     | [lf.day.flights_found] Found 1 flights on 14FEB
2025-12-31 23:35:58 | INFO     | [lf.flight.extracted] SM488 on 14FEB: BKG=61, LF=34.9%
2025-12-31 23:36:03 | INFO     | [SUCCESS] Day 14FEB
2025-12-31 23:36:03 | INFO     | [DAY_START] Processing 13FEB
2025-12-31 23:36:03 | INFO     | [lf.day.start] Processing MED-ATZ for 13FEB
2025-12-31 23:36:04 | INFO     | [lf.day.flights_found] Found 1 flights on 13FEB
2025-12-31 23:36:06 | INFO     | [lf.flight.extracted] SM964 on 13FEB: BKG=0, LF=0.0%
2025-12-31 23:36:07 | INFO     | [SUCCESS] Day 13FEB
2025-12-31 23:36:07 | INFO     | [DAY_START] Processing 12FEB
2025-12-31 23:36:07 | INFO     | [lf.day.start] Processing MED-ATZ for 12FEB
2025-12-31 23:36:08 | WARNING  | [lf.day.no_flights] No direct flights on 12FEB
2025-12-31 23:36:08 | INFO     | [SUCCESS] Day 12FEB
2025-12-31 23:36:08 | INFO     | [DAY_START] Processing 11FEB
2025-12-31 23:36:08 | INFO     | [lf.day.start] Processing MED-ATZ for 11FEB
2025-12-31 23:36:10 | INFO     | [lf.day.flights_found] Found 1 flights on 11FEB
2025-12-31 23:36:12 | INFO     | [lf.flight.extracted] SM490 on 11FEB: BKG=168, LF=96.0%
2025-12-31 23:36:15 | INFO     | [SUCCESS] Day 11FEB
2025-12-31 23:36:15 | INFO     | [SUCCESS] LF Search Complete
2025-12-31 23:36:17 | INFO     | [Worker_9234] Completed: MED-ATZ - 6 results, 0 errors
2025-12-31 23:36:17 | INFO     | [Worker_9234] Processing: DMM-CAI
2025-12-31 23:36:17 | INFO     |   Tier 0: Range 3, Chunk 3/5 (6 days)
