2026-01-01 00:00:47 | INFO     | ======================================================================
2026-01-01 00:00:47 | INFO     | Load Factor Scraper Started - Route: RUH-ATZ
2026-01-01 00:00:47 | INFO     | Log file: D:\CODERED\LAB\market_insights\outputs\run_generated_311225_at_23.27\logs\LF_RUH-ATZ_20260101_000047.log
2026-01-01 00:00:47 | INFO     | Enhanced logging: Capturing both logging.info() and print()
2026-01-01 00:00:47 | INFO     | ======================================================================
2026-01-01 00:00:47 | INFO     | Starting LF search for route: RUH-ATZ
2026-01-01 00:00:47 | INFO     | [START] LF Search
2026-01-01 00:00:49 | INFO     | [HEALTH CHECK] [OK] Chrome connection is healthy
2026-01-01 00:00:49 | INFO     | [DAY_START] Processing 18JAN
2026-01-01 00:00:49 | INFO     | [lf.day.start] Processing RUH-ATZ for 18JAN
2026-01-01 00:00:50 | INFO     | [lf.day.flights_found] Found 1 flights on 18JAN
2026-01-01 00:00:52 | INFO     | [lf.flight.extracted] SM464 on 18JAN: BKG=62, LF=35.4%
2026-01-01 00:00:57 | INFO     | [SUCCESS] Day 18JAN
2026-01-01 00:00:57 | INFO     | [DAY_START] Processing 17JAN
2026-01-01 00:00:57 | INFO     | [lf.day.start] Processing RUH-ATZ for 17JAN
2026-01-01 00:00:58 | WARNING  | [lf.day.no_flights] No direct flights on 17JAN
2026-01-01 00:00:58 | INFO     | [SUCCESS] Day 17JAN
2026-01-01 00:00:58 | INFO     | [DAY_START] Processing 16JAN
2026-01-01 00:00:58 | INFO     | [lf.day.start] Processing RUH-ATZ for 16JAN
2026-01-01 00:00:59 | WARNING  | [lf.day.no_flights] No direct flights on 16JAN
2026-01-01 00:00:59 | INFO     | [SUCCESS] Day 16JAN
2026-01-01 00:00:59 | INFO     | [DAY_START] Processing 15JAN
2026-01-01 00:00:59 | INFO     | [lf.day.start] Processing RUH-ATZ for 15JAN
2026-01-01 00:01:00 | WARNING  | [lf.day.no_flights] No direct flights on 15JAN
2026-01-01 00:01:00 | INFO     | [SUCCESS] Day 15JAN
2026-01-01 00:01:00 | INFO     | [DAY_START] Processing 14JAN
2026-01-01 00:01:00 | INFO     | [lf.day.start] Processing RUH-ATZ for 14JAN
2026-01-01 00:01:01 | INFO     | [lf.day.flights_found] Found 1 flights on 14JAN
2026-01-01 00:01:13 | INFO     | [lf.flight.extracted] SM466 on 14JAN: BKG=50, LF=28.6%
2026-01-01 00:01:18 | INFO     | [SUCCESS] Day 14JAN
2026-01-01 00:01:18 | INFO     | [DAY_START] Processing 13JAN
2026-01-01 00:01:18 | INFO     | [lf.day.start] Processing RUH-ATZ for 13JAN
2026-01-01 00:01:19 | INFO     | [lf.day.flights_found] Found 1 flights on 13JAN
2026-01-01 00:01:21 | INFO     | [lf.flight.extracted] SM464 on 13JAN: BKG=64, LF=36.6%
2026-01-01 00:01:25 | INFO     | [SUCCESS] Day 13JAN
2026-01-01 00:01:25 | INFO     | [SUCCESS] LF Search Complete
2026-01-01 00:01:27 | INFO     | [Worker_9227] Completed: RUH-ATZ - 6 results, 0 errors
2026-01-01 00:01:27 | INFO     | [Worker_9227] Processing: TUU-ATZ
2026-01-01 00:01:27 | INFO     |   Tier 0: Range 2, Chunk 3/5 (6 days)
