2025-12-31 23:46:29 | INFO     | ======================================================================
2025-12-31 23:46:29 | INFO     | Load Factor Scraper Started - Route: RUH-CAI
2025-12-31 23:46:29 | INFO     | Log file: D:\CODERED\LAB\market_insights\outputs\run_generated_311225_at_23.27\logs\LF_RUH-CAI_20251231_234629.log
2025-12-31 23:46:29 | INFO     | Enhanced logging: Capturing both logging.info() and print()
2025-12-31 23:46:29 | INFO     | ======================================================================
2025-12-31 23:46:29 | INFO     | Starting LF search for route: RUH-CAI
2025-12-31 23:46:29 | INFO     | [START] LF Search
2025-12-31 23:46:31 | INFO     | [HEALTH CHECK] [OK] Chrome connection is healthy
2025-12-31 23:46:31 | INFO     | [DAY_START] Processing 31JAN
2025-12-31 23:46:31 | INFO     | [lf.day.start] Processing RUH-CAI for 31JAN
2025-12-31 23:46:32 | INFO     | [lf.day.flights_found] Found 1 flights on 31JAN
2025-12-31 23:46:34 | INFO     | [lf.flight.extracted] SM462 on 31JAN: BKG=38, LF=21.7%
2025-12-31 23:46:41 | INFO     | [SUCCESS] Day 31JAN
2025-12-31 23:46:41 | INFO     | [DAY_START] Processing 30JAN
2025-12-31 23:46:41 | INFO     | [lf.day.start] Processing RUH-CAI for 30JAN
2025-12-31 23:46:42 | INFO     | [lf.day.flights_found] Found 2 flights on 30JAN
2025-12-31 23:46:45 | INFO     | [lf.flight.extracted] SM462 on 30JAN: BKG=31, LF=17.7%
2025-12-31 23:46:49 | INFO     | [lf.flight.extracted] SM470 on 30JAN: BKG=29, LF=17.4%
2025-12-31 23:46:56 | INFO     | [SUCCESS] Day 30JAN
2025-12-31 23:46:56 | INFO     | [DAY_START] Processing 29JAN
2025-12-31 23:46:56 | INFO     | [lf.day.start] Processing RUH-CAI for 29JAN
2025-12-31 23:46:57 | INFO     | [lf.day.flights_found] Found 1 flights on 29JAN
2025-12-31 23:47:00 | INFO     | [lf.flight.extracted] SM462 on 29JAN: BKG=18, LF=10.3%
2025-12-31 23:47:03 | INFO     | [SUCCESS] Day 29JAN
2025-12-31 23:47:03 | INFO     | [DAY_START] Processing 28JAN
2025-12-31 23:47:03 | INFO     | [lf.day.start] Processing RUH-CAI for 28JAN
2025-12-31 23:47:04 | INFO     | [lf.day.flights_found] Found 2 flights on 28JAN
2025-12-31 23:47:07 | INFO     | [lf.flight.extracted] SM462 on 28JAN: BKG=24, LF=13.7%
2025-12-31 23:47:11 | INFO     | [lf.flight.extracted] SM470 on 28JAN: BKG=24, LF=14.4%
2025-12-31 23:47:19 | INFO     | [SUCCESS] Day 28JAN
2025-12-31 23:47:19 | INFO     | [DAY_START] Processing 27JAN
2025-12-31 23:47:19 | INFO     | [lf.day.start] Processing RUH-CAI for 27JAN
2025-12-31 23:47:21 | INFO     | [lf.day.flights_found] Found 1 flights on 27JAN
2025-12-31 23:47:23 | INFO     | [lf.flight.extracted] SM470 on 27JAN: BKG=16, LF=9.6%
2025-12-31 23:47:26 | INFO     | [SUCCESS] Day 27JAN
2025-12-31 23:47:26 | INFO     | [DAY_START] Processing 26JAN
2025-12-31 23:47:26 | INFO     | [lf.day.start] Processing RUH-CAI for 26JAN
2025-12-31 23:47:28 | INFO     | [lf.day.flights_found] Found 1 flights on 26JAN
2025-12-31 23:47:30 | INFO     | [lf.flight.extracted] SM470 on 26JAN: BKG=11, LF=6.6%
2025-12-31 23:47:33 | INFO     | [SUCCESS] Day 26JAN
2025-12-31 23:47:33 | INFO     | [DAY_START] Processing 25JAN
2025-12-31 23:47:33 | INFO     | [lf.day.start] Processing RUH-CAI for 25JAN
2025-12-31 23:47:34 | INFO     | [lf.day.flights_found] Found 1 flights on 25JAN
2025-12-31 23:47:36 | INFO     | [lf.flight.extracted] SM462 on 25JAN: BKG=24, LF=13.7%
2025-12-31 23:47:40 | INFO     | [SUCCESS] Day 25JAN
2025-12-31 23:47:40 | INFO     | [SUCCESS] LF Search Complete
2025-12-31 23:47:42 | INFO     | [Worker_9223] Completed: RUH-CAI - 7 results, 0 errors
2025-12-31 23:47:42 | INFO     | [Worker_9223] Processing: DMM-ATZ
2025-12-31 23:47:42 | INFO     |   Tier 0: Range 2, Chunk 1/5 (7 days)
