2025-12-31 23:29:59 | INFO     | ======================================================================
2025-12-31 23:29:59 | INFO     | Load Factor Scraper Started - Route: RUH-ATZ
2025-12-31 23:29:59 | INFO     | Log file: D:\CODERED\LAB\market_insights\outputs\run_generated_311225_at_23.27\logs\LF_RUH-ATZ_20251231_232959.log
2025-12-31 23:29:59 | INFO     | Enhanced logging: Capturing both logging.info() and print()
2025-12-31 23:29:59 | INFO     | ======================================================================
2025-12-31 23:29:59 | INFO     | Starting LF search for route: RUH-ATZ
2025-12-31 23:29:59 | INFO     | [START] LF Search
2025-12-31 23:30:01 | INFO     | [HEALTH CHECK] [OK] Chrome connection is healthy
2025-12-31 23:30:01 | INFO     | [DAY_START] Processing 28FEB
2025-12-31 23:30:01 | INFO     | [lf.day.start] Processing RUH-ATZ for 28FEB
2025-12-31 23:30:02 | WARNING  | [lf.day.no_flights] No direct flights on 28FEB
2025-12-31 23:30:02 | INFO     | [SUCCESS] Day 28FEB
2025-12-31 23:30:02 | INFO     | [DAY_START] Processing 27FEB
2025-12-31 23:30:02 | INFO     | [lf.day.start] Processing RUH-ATZ for 27FEB
2025-12-31 23:30:03 | WARNING  | [lf.day.no_flights] No direct flights on 27FEB
2025-12-31 23:30:03 | INFO     | [SUCCESS] Day 27FEB
2025-12-31 23:30:03 | INFO     | [DAY_START] Processing 26FEB
2025-12-31 23:30:03 | INFO     | [lf.day.start] Processing RUH-ATZ for 26FEB
2025-12-31 23:30:05 | WARNING  | [lf.day.no_flights] No direct flights on 26FEB
2025-12-31 23:30:05 | INFO     | [SUCCESS] Day 26FEB
2025-12-31 23:30:05 | INFO     | [DAY_START] Processing 25FEB
2025-12-31 23:30:05 | INFO     | [lf.day.start] Processing RUH-ATZ for 25FEB
2025-12-31 23:30:06 | INFO     | [lf.day.flights_found] Found 1 flights on 25FEB
2025-12-31 23:30:08 | INFO     | [lf.flight.extracted] SM466 on 25FEB: BKG=36, LF=21.6%
2025-12-31 23:30:13 | INFO     | [SUCCESS] Day 25FEB
2025-12-31 23:30:13 | INFO     | [DAY_START] Processing 24FEB
2025-12-31 23:30:13 | INFO     | [lf.day.start] Processing RUH-ATZ for 24FEB
2025-12-31 23:30:14 | INFO     | [lf.day.flights_found] Found 1 flights on 24FEB
2025-12-31 23:30:26 | INFO     | [lf.flight.extracted] SM464 on 24FEB: BKG=27, LF=15.4%
2025-12-31 23:30:30 | INFO     | [SUCCESS] Day 24FEB
2025-12-31 23:30:30 | INFO     | [DAY_START] Processing 23FEB
2025-12-31 23:30:30 | INFO     | [lf.day.start] Processing RUH-ATZ for 23FEB
2025-12-31 23:30:31 | WARNING  | [lf.day.no_flights] No direct flights on 23FEB
2025-12-31 23:30:31 | INFO     | [SUCCESS] Day 23FEB
2025-12-31 23:30:31 | INFO     | [SUCCESS] LF Search Complete
2025-12-31 23:30:34 | INFO     | [Worker_9222] Completed: RUH-ATZ - 6 results, 0 errors
2025-12-31 23:30:34 | INFO     | [Worker_9222] Processing: AJF-CAI
2025-12-31 23:30:34 | INFO     |   Tier 0: Range 3, Chunk 1/5 (6 days)
