2026-01-01 00:08:38 | INFO     | ======================================================================
2026-01-01 00:08:38 | INFO     | Load Factor Scraper Started - Route: RUH-CAI
2026-01-01 00:08:38 | INFO     | Log file: D:\CODERED\LAB\market_insights\outputs\run_generated_311225_at_23.27\logs\LF_RUH-CAI_20260101_000838.log
2026-01-01 00:08:38 | INFO     | Enhanced logging: Capturing both logging.info() and print()
2026-01-01 00:08:38 | INFO     | ======================================================================
2026-01-01 00:08:38 | INFO     | Starting LF search for route: RUH-CAI
2026-01-01 00:08:38 | INFO     | [START] LF Search
2026-01-01 00:08:39 | INFO     | [HEALTH CHECK] [OK] Chrome connection is healthy
2026-01-01 00:08:39 | INFO     | [DAY_START] Processing 12JAN
2026-01-01 00:08:39 | INFO     | [lf.day.start] Processing RUH-CAI for 12JAN
2026-01-01 00:08:40 | INFO     | [lf.day.flights_found] Found 1 flights on 12JAN
2026-01-01 00:08:42 | INFO     | [lf.flight.extracted] SM470 on 12JAN: BKG=21, LF=12.6%
2026-01-01 00:08:45 | INFO     | [SUCCESS] Day 12JAN
2026-01-01 00:08:45 | INFO     | [DAY_START] Processing 11JAN
2026-01-01 00:08:45 | INFO     | [lf.day.start] Processing RUH-CAI for 11JAN
2026-01-01 00:08:46 | INFO     | [lf.day.flights_found] Found 1 flights on 11JAN
2026-01-01 00:08:48 | INFO     | [lf.flight.extracted] SM462 on 11JAN: BKG=40, LF=22.9%
2026-01-01 00:08:52 | INFO     | [SUCCESS] Day 11JAN
2026-01-01 00:08:52 | INFO     | [DAY_START] Processing 10JAN
2026-01-01 00:08:52 | INFO     | [lf.day.start] Processing RUH-CAI for 10JAN
2026-01-01 00:08:53 | INFO     | [lf.day.flights_found] Found 1 flights on 10JAN
2026-01-01 00:08:55 | INFO     | [lf.flight.extracted] SM462 on 10JAN: BKG=71, LF=40.6%
2026-01-01 00:08:58 | INFO     | [SUCCESS] Day 10JAN
2026-01-01 00:08:58 | INFO     | [DAY_START] Processing 09JAN
2026-01-01 00:08:58 | INFO     | [lf.day.start] Processing RUH-CAI for 09JAN
2026-01-01 00:08:59 | INFO     | [lf.day.flights_found] Found 2 flights on 09JAN
2026-01-01 00:09:01 | INFO     | [lf.flight.extracted] SM462 on 09JAN: BKG=94, LF=56.3%
2026-01-01 00:09:06 | INFO     | [lf.flight.extracted] SM470 on 09JAN: BKG=82, LF=49.1%
2026-01-01 00:09:16 | INFO     | [SUCCESS] Day 09JAN
2026-01-01 00:09:16 | INFO     | [DAY_START] Processing 08JAN
2026-01-01 00:09:16 | INFO     | [lf.day.start] Processing RUH-CAI for 08JAN
2026-01-01 00:09:17 | INFO     | [lf.day.flights_found] Found 1 flights on 08JAN
2026-01-01 00:09:19 | INFO     | [lf.flight.extracted] SM462 on 08JAN: BKG=58, LF=33.1%
2026-01-01 00:09:22 | INFO     | [SUCCESS] Day 08JAN
2026-01-01 00:09:22 | INFO     | [DAY_START] Processing 07JAN
2026-01-01 00:09:22 | INFO     | [lf.day.start] Processing RUH-CAI for 07JAN
2026-01-01 00:09:23 | INFO     | [lf.day.flights_found] Found 2 flights on 07JAN
2026-01-01 00:09:25 | INFO     | [lf.flight.extracted] SM462 on 07JAN: BKG=68, LF=38.9%
2026-01-01 00:09:29 | INFO     | [lf.flight.extracted] SM470 on 07JAN: BKG=62, LF=37.1%
2026-01-01 00:09:38 | INFO     | [SUCCESS] Day 07JAN
2026-01-01 00:09:38 | INFO     | [SUCCESS] LF Search Complete
2026-01-01 00:09:40 | INFO     | [Worker_9232] Completed: RUH-CAI - 6 results, 0 errors
2026-01-01 00:09:40 | INFO     | [Worker_9232] Processing: ELQ-CAI
2026-01-01 00:09:40 | INFO     |   Tier 0: Range 2, Chunk 4/5 (6 days)
