2025-12-31 23:36:13 | INFO     | ======================================================================
2025-12-31 23:36:13 | INFO     | Load Factor Scraper Started - Route: RUH-ATZ
2025-12-31 23:36:13 | INFO     | Log file: D:\CODERED\LAB\market_insights\outputs\run_generated_311225_at_23.27\logs\LF_RUH-ATZ_20251231_233613.log
2025-12-31 23:36:13 | INFO     | Enhanced logging: Capturing both logging.info() and print()
2025-12-31 23:36:13 | INFO     | ======================================================================
2025-12-31 23:36:13 | INFO     | Starting LF search for route: RUH-ATZ
2025-12-31 23:36:13 | INFO     | [START] LF Search
2025-12-31 23:36:15 | INFO     | [HEALTH CHECK] [OK] Chrome connection is healthy
2025-12-31 23:36:15 | INFO     | [DAY_START] Processing 16FEB
2025-12-31 23:36:15 | INFO     | [lf.day.start] Processing RUH-ATZ for 16FEB
2025-12-31 23:36:16 | WARNING  | [lf.day.no_flights] No direct flights on 16FEB
2025-12-31 23:36:16 | INFO     | [SUCCESS] Day 16FEB
2025-12-31 23:36:16 | INFO     | [DAY_START] Processing 15FEB
2025-12-31 23:36:16 | INFO     | [lf.day.start] Processing RUH-ATZ for 15FEB
2025-12-31 23:36:17 | INFO     | [lf.day.flights_found] Found 1 flights on 15FEB
2025-12-31 23:36:19 | INFO     | [lf.flight.extracted] SM464 on 15FEB: BKG=27, LF=15.4%
2025-12-31 23:36:23 | INFO     | [SUCCESS] Day 15FEB
2025-12-31 23:36:23 | INFO     | [DAY_START] Processing 14FEB
2025-12-31 23:36:23 | INFO     | [lf.day.start] Processing RUH-ATZ for 14FEB
2025-12-31 23:36:24 | WARNING  | [lf.day.no_flights] No direct flights on 14FEB
2025-12-31 23:36:24 | INFO     | [SUCCESS] Day 14FEB
2025-12-31 23:36:24 | INFO     | [DAY_START] Processing 13FEB
2025-12-31 23:36:24 | INFO     | [lf.day.start] Processing RUH-ATZ for 13FEB
2025-12-31 23:36:25 | WARNING  | [lf.day.no_flights] No direct flights on 13FEB
2025-12-31 23:36:25 | INFO     | [SUCCESS] Day 13FEB
2025-12-31 23:36:25 | INFO     | [DAY_START] Processing 12FEB
2025-12-31 23:36:25 | INFO     | [lf.day.start] Processing RUH-ATZ for 12FEB
2025-12-31 23:36:26 | WARNING  | [lf.day.no_flights] No direct flights on 12FEB
2025-12-31 23:36:27 | INFO     | [SUCCESS] Day 12FEB
2025-12-31 23:36:27 | INFO     | [DAY_START] Processing 11FEB
2025-12-31 23:36:27 | INFO     | [lf.day.start] Processing RUH-ATZ for 11FEB
2025-12-31 23:36:28 | INFO     | [lf.day.flights_found] Found 1 flights on 11FEB
2025-12-31 23:36:30 | INFO     | [lf.flight.extracted] SM466 on 11FEB: BKG=22, LF=12.6%
2025-12-31 23:36:34 | INFO     | [SUCCESS] Day 11FEB
2025-12-31 23:36:34 | INFO     | [SUCCESS] LF Search Complete
2025-12-31 23:36:36 | INFO     | [Worker_9232] Completed: RUH-ATZ - 6 results, 0 errors
2025-12-31 23:36:36 | INFO     | [Worker_9232] Processing: TUU-ATZ
2025-12-31 23:36:36 | INFO     |   Tier 0: Range 3, Chunk 3/5 (6 days)
