2026-01-01 00:15:54 | INFO     | ======================================================================
2026-01-01 00:15:54 | INFO     | Load Factor Scraper Started - Route: RUH-CAI
2026-01-01 00:15:54 | INFO     | Log file: D:\CODERED\LAB\market_insights\outputs\run_generated_311225_at_23.27\logs\LF_RUH-CAI_20260101_001554.log
2026-01-01 00:15:54 | INFO     | Enhanced logging: Capturing both logging.info() and print()
2026-01-01 00:15:54 | INFO     | ======================================================================
2026-01-01 00:15:54 | INFO     | Starting LF search for route: RUH-CAI
2026-01-01 00:15:54 | INFO     | [START] LF Search
2026-01-01 00:15:56 | INFO     | [HEALTH CHECK] [OK] Chrome connection is healthy
2026-01-01 00:15:56 | INFO     | [DAY_START] Processing 06JAN
2026-01-01 00:15:56 | INFO     | [lf.day.start] Processing RUH-CAI for 06JAN
2026-01-01 00:15:57 | INFO     | [lf.day.flights_found] Found 1 flights on 06JAN
2026-01-01 00:15:59 | INFO     | [lf.flight.extracted] SM470 on 06JAN: BKG=91, LF=54.5%
2026-01-01 00:16:04 | INFO     | [SUCCESS] Day 06JAN
2026-01-01 00:16:04 | INFO     | [DAY_START] Processing 05JAN
2026-01-01 00:16:04 | INFO     | [lf.day.start] Processing RUH-CAI for 05JAN
2026-01-01 00:16:05 | INFO     | [lf.day.flights_found] Found 1 flights on 05JAN
2026-01-01 00:16:07 | INFO     | [lf.flight.extracted] SM470 on 05JAN: BKG=50, LF=29.9%
2026-01-01 00:16:13 | INFO     | [SUCCESS] Day 05JAN
2026-01-01 00:16:13 | INFO     | [DAY_START] Processing 04JAN
2026-01-01 00:16:13 | INFO     | [lf.day.start] Processing RUH-CAI for 04JAN
2026-01-01 00:16:14 | INFO     | [lf.day.flights_found] Found 1 flights on 04JAN
2026-01-01 00:16:16 | INFO     | [lf.flight.extracted] SM462 on 04JAN: BKG=63, LF=65.0%
2026-01-01 00:16:21 | INFO     | [SUCCESS] Day 04JAN
2026-01-01 00:16:21 | INFO     | [DAY_START] Processing 03JAN
2026-01-01 00:16:21 | INFO     | [lf.day.start] Processing RUH-CAI for 03JAN
2026-01-01 00:16:22 | INFO     | [lf.day.flights_found] Found 1 flights on 03JAN
2026-01-01 00:16:24 | INFO     | [lf.flight.extracted] SM462 on 03JAN: BKG=76, LF=43.4%
2026-01-01 00:16:31 | INFO     | [SUCCESS] Day 03JAN
2026-01-01 00:16:31 | INFO     | [DAY_START] Processing 02JAN
2026-01-01 00:16:31 | INFO     | [lf.day.start] Processing RUH-CAI for 02JAN
2026-01-01 00:16:32 | INFO     | [lf.day.flights_found] Found 1 flights on 02JAN
2026-01-01 00:16:34 | INFO     | [lf.flight.extracted] SM470 on 02JAN: BKG=92, LF=55.1%
2026-01-01 00:16:40 | INFO     | [SUCCESS] Day 02JAN
2026-01-01 00:16:40 | INFO     | [SUCCESS] LF Search Complete
2026-01-01 00:16:42 | INFO     | [Worker_9226] Completed: RUH-CAI - 5 results, 0 errors
2026-01-01 00:16:42 | INFO     | [Worker_9226] Processing: AJF-CAI
2026-01-01 00:16:42 | INFO     |   Tier 0: Range 2, Chunk 5/5 (6 days)
