2026-01-01 00:08:38 | INFO     | ======================================================================
2026-01-01 00:08:38 | INFO     | Load Factor Scraper Started - Route: RUH-ATZ
2026-01-01 00:08:38 | INFO     | Log file: D:\CODERED\LAB\market_insights\outputs\run_generated_311225_at_23.27\logs\LF_RUH-ATZ_20260101_000838.log
2026-01-01 00:08:38 | INFO     | Enhanced logging: Capturing both logging.info() and print()
2026-01-01 00:08:38 | INFO     | ======================================================================
2026-01-01 00:08:38 | INFO     | Starting LF search for route: RUH-ATZ
2026-01-01 00:08:38 | INFO     | [START] LF Search
2026-01-01 00:08:40 | INFO     | [HEALTH CHECK] [OK] Chrome connection is healthy
2026-01-01 00:08:40 | INFO     | [DAY_START] Processing 12JAN
2026-01-01 00:08:40 | INFO     | [lf.day.start] Processing RUH-ATZ for 12JAN
2026-01-01 00:08:41 | WARNING  | [lf.day.no_flights] No direct flights on 12JAN
2026-01-01 00:08:41 | INFO     | [SUCCESS] Day 12JAN
2026-01-01 00:08:41 | INFO     | [DAY_START] Processing 11JAN
2026-01-01 00:08:41 | INFO     | [lf.day.start] Processing RUH-ATZ for 11JAN
2026-01-01 00:08:42 | INFO     | [lf.day.flights_found] Found 1 flights on 11JAN
2026-01-01 00:08:44 | INFO     | [lf.flight.extracted] SM464 on 11JAN: BKG=72, LF=41.1%
2026-01-01 00:08:49 | INFO     | [SUCCESS] Day 11JAN
2026-01-01 00:08:49 | INFO     | [DAY_START] Processing 10JAN
2026-01-01 00:08:49 | INFO     | [lf.day.start] Processing RUH-ATZ for 10JAN
2026-01-01 00:08:50 | WARNING  | [lf.day.no_flights] No direct flights on 10JAN
2026-01-01 00:08:50 | INFO     | [SUCCESS] Day 10JAN
2026-01-01 00:08:50 | INFO     | [DAY_START] Processing 09JAN
2026-01-01 00:08:50 | INFO     | [lf.day.start] Processing RUH-ATZ for 09JAN
2026-01-01 00:08:51 | WARNING  | [lf.day.no_flights] No direct flights on 09JAN
2026-01-01 00:08:51 | INFO     | [SUCCESS] Day 09JAN
2026-01-01 00:08:51 | INFO     | [DAY_START] Processing 08JAN
2026-01-01 00:08:51 | INFO     | [lf.day.start] Processing RUH-ATZ for 08JAN
2026-01-01 00:08:52 | WARNING  | [lf.day.no_flights] No direct flights on 08JAN
2026-01-01 00:08:52 | INFO     | [SUCCESS] Day 08JAN
2026-01-01 00:08:52 | INFO     | [DAY_START] Processing 07JAN
2026-01-01 00:08:52 | INFO     | [lf.day.start] Processing RUH-ATZ for 07JAN
2026-01-01 00:08:53 | INFO     | [lf.day.flights_found] Found 1 flights on 07JAN
2026-01-01 00:08:55 | INFO     | [lf.flight.extracted] SM466 on 07JAN: BKG=80, LF=45.7%
2026-01-01 00:09:00 | INFO     | [SUCCESS] Day 07JAN
2026-01-01 00:09:00 | INFO     | [SUCCESS] LF Search Complete
2026-01-01 00:09:02 | INFO     | [Worker_9233] Completed: RUH-ATZ - 6 results, 0 errors
2026-01-01 00:09:02 | INFO     | [Worker_9233] Processing: TUU-CAI
2026-01-01 00:09:02 | INFO     |   Tier 0: Range 2, Chunk 4/5 (6 days)
