2026-01-01 00:05:28 | INFO     | ======================================================================
2026-01-01 00:05:28 | INFO     | Load Factor Scraper Started - Route: TUU-ATZ
2026-01-01 00:05:28 | INFO     | Log file: D:\CODERED\LAB\market_insights\outputs\run_generated_311225_at_23.27\logs\LF_TUU-ATZ_20260101_000528.log
2026-01-01 00:05:28 | INFO     | Enhanced logging: Capturing both logging.info() and print()
2026-01-01 00:05:28 | INFO     | ======================================================================
2026-01-01 00:05:28 | INFO     | Starting LF search for route: TUU-ATZ
2026-01-01 00:05:28 | INFO     | [START] LF Search
2026-01-01 00:05:29 | INFO     | [HEALTH CHECK] [OK] Chrome connection is healthy
2026-01-01 00:05:29 | INFO     | [DAY_START] Processing 17JAN
2026-01-01 00:05:29 | INFO     | [lf.day.start] Processing TUU-ATZ for 17JAN
2026-01-01 00:05:30 | WARNING  | [lf.day.no_flights] No direct flights on 17JAN
2026-01-01 00:05:30 | INFO     | [SUCCESS] Day 17JAN
2026-01-01 00:05:30 | INFO     | [DAY_START] Processing 16JAN
2026-01-01 00:05:30 | INFO     | [lf.day.start] Processing TUU-ATZ for 16JAN
2026-01-01 00:05:31 | INFO     | [lf.day.flights_found] Found 1 flights on 16JAN
2026-01-01 00:05:34 | INFO     | [lf.flight.extracted] SM328 on 16JAN: BKG=34, LF=19.4%
2026-01-01 00:05:37 | INFO     | [SUCCESS] Day 16JAN
2026-01-01 00:05:37 | INFO     | [DAY_START] Processing 15JAN
2026-01-01 00:05:37 | INFO     | [lf.day.start] Processing TUU-ATZ for 15JAN
2026-01-01 00:05:38 | WARNING  | [lf.day.no_flights] No direct flights on 15JAN
2026-01-01 00:05:38 | INFO     | [SUCCESS] Day 15JAN
2026-01-01 00:05:38 | INFO     | [DAY_START] Processing 14JAN
2026-01-01 00:05:38 | INFO     | [lf.day.start] Processing TUU-ATZ for 14JAN
2026-01-01 00:05:39 | WARNING  | [lf.day.no_flights] No direct flights on 14JAN
2026-01-01 00:05:39 | INFO     | [SUCCESS] Day 14JAN
2026-01-01 00:05:39 | INFO     | [DAY_START] Processing 13JAN
2026-01-01 00:05:39 | INFO     | [lf.day.start] Processing TUU-ATZ for 13JAN
2026-01-01 00:05:40 | WARNING  | [lf.day.no_flights] No direct flights on 13JAN
2026-01-01 00:05:40 | INFO     | [SUCCESS] Day 13JAN
2026-01-01 00:05:40 | INFO     | [DAY_START] Processing 12JAN
2026-01-01 00:05:40 | INFO     | [lf.day.start] Processing TUU-ATZ for 12JAN
2026-01-01 00:05:42 | WARNING  | [lf.day.no_flights] No direct flights on 12JAN
2026-01-01 00:05:42 | INFO     | [SUCCESS] Day 12JAN
2026-01-01 00:05:42 | INFO     | [SUCCESS] LF Search Complete
2026-01-01 00:05:44 | INFO     | [Worker_9222] Completed: TUU-ATZ - 6 results, 0 errors
2026-01-01 00:05:44 | INFO     | [Worker_9222] Processing: YNB-CAI
2026-01-01 00:05:44 | INFO     |   Tier 0: Range 1, Chunk 3/5 (6 days)
