2025-12-31 23:55:09 | INFO     | ======================================================================
2025-12-31 23:55:09 | INFO     | Load Factor Scraper Started - Route: TUU-CAI
2025-12-31 23:55:09 | INFO     | Log file: D:\CODERED\LAB\market_insights\outputs\run_generated_311225_at_23.27\logs\LF_TUU-CAI_20251231_235509.log
2025-12-31 23:55:09 | INFO     | Enhanced logging: Capturing both logging.info() and print()
2025-12-31 23:55:09 | INFO     | ======================================================================
2025-12-31 23:55:09 | INFO     | Starting LF search for route: TUU-CAI
2025-12-31 23:55:09 | INFO     | [START] LF Search
2025-12-31 23:55:09 | INFO     | ======================================================================
2025-12-31 23:55:09 | INFO     | Load Factor Scraper Started - Route: TUU-CAI
2025-12-31 23:55:09 | INFO     | Log file: D:\CODERED\LAB\market_insights\outputs\run_generated_311225_at_23.27\logs\LF_TUU-CAI_20251231_235509.log
2025-12-31 23:55:09 | INFO     | Enhanced logging: Capturing both logging.info() and print()
2025-12-31 23:55:09 | INFO     | ======================================================================
2025-12-31 23:55:09 | INFO     | Starting LF search for route: TUU-CAI
2025-12-31 23:55:09 | INFO     | [START] LF Search
2025-12-31 23:55:11 | INFO     | [HEALTH CHECK] [OK] Chrome connection is healthy
2025-12-31 23:55:11 | INFO     | [DAY_START] Processing 24JAN
2025-12-31 23:55:11 | INFO     | [lf.day.start] Processing TUU-CAI for 24JAN
2025-12-31 23:55:11 | INFO     | [HEALTH CHECK] [OK] Chrome connection is healthy
2025-12-31 23:55:11 | INFO     | [DAY_START] Processing 24JAN
2025-12-31 23:55:11 | INFO     | [lf.day.start] Processing TUU-CAI for 24JAN
2025-12-31 23:55:12 | INFO     | [lf.day.flights_found] Found 1 flights on 24JAN
2025-12-31 23:55:12 | INFO     | [lf.day.flights_found] Found 1 flights on 24JAN
2025-12-31 23:55:14 | INFO     | [lf.flight.extracted] SM326 on 24JAN: BKG=6, LF=3.4%
2025-12-31 23:55:14 | INFO     | [lf.flight.extracted] SM326 on 24JAN: BKG=6, LF=3.4%
2025-12-31 23:55:17 | INFO     | [SUCCESS] Day 24JAN
2025-12-31 23:55:17 | INFO     | [DAY_START] Processing 23JAN
2025-12-31 23:55:17 | INFO     | [lf.day.start] Processing TUU-CAI for 23JAN
2025-12-31 23:55:17 | INFO     | [SUCCESS] Day 24JAN
2025-12-31 23:55:17 | INFO     | [DAY_START] Processing 23JAN
2025-12-31 23:55:17 | INFO     | [lf.day.start] Processing TUU-CAI for 23JAN
2025-12-31 23:55:18 | WARNING  | [lf.day.no_flights] No direct flights on 23JAN
2025-12-31 23:55:18 | INFO     | [SUCCESS] Day 23JAN
2025-12-31 23:55:18 | INFO     | [DAY_START] Processing 22JAN
2025-12-31 23:55:18 | INFO     | [lf.day.start] Processing TUU-CAI for 22JAN
2025-12-31 23:55:18 | WARNING  | [lf.day.no_flights] No direct flights on 23JAN
2025-12-31 23:55:18 | INFO     | [SUCCESS] Day 23JAN
2025-12-31 23:55:18 | INFO     | [DAY_START] Processing 22JAN
2025-12-31 23:55:18 | INFO     | [lf.day.start] Processing TUU-CAI for 22JAN
2025-12-31 23:55:19 | INFO     | [lf.day.flights_found] Found 1 flights on 22JAN
2025-12-31 23:55:19 | INFO     | [lf.day.flights_found] Found 1 flights on 22JAN
2025-12-31 23:55:21 | INFO     | [lf.flight.extracted] SM326 on 22JAN: BKG=26, LF=14.9%
2025-12-31 23:55:22 | INFO     | [lf.flight.extracted] SM326 on 22JAN: BKG=26, LF=14.9%
2025-12-31 23:55:25 | INFO     | [SUCCESS] Day 22JAN
2025-12-31 23:55:25 | INFO     | [DAY_START] Processing 21JAN
2025-12-31 23:55:25 | INFO     | [lf.day.start] Processing TUU-CAI for 21JAN
2025-12-31 23:55:25 | INFO     | [SUCCESS] Day 22JAN
2025-12-31 23:55:25 | INFO     | [DAY_START] Processing 21JAN
2025-12-31 23:55:25 | INFO     | [lf.day.start] Processing TUU-CAI for 21JAN
2025-12-31 23:55:26 | INFO     | [lf.day.flights_found] Found 1 flights on 21JAN
2025-12-31 23:55:26 | INFO     | [lf.day.flights_found] Found 1 flights on 21JAN
2025-12-31 23:55:28 | INFO     | [lf.flight.extracted] SM326 on 21JAN: BKG=11, LF=6.3%
2025-12-31 23:55:28 | INFO     | [lf.flight.extracted] SM326 on 21JAN: BKG=11, LF=6.3%
2025-12-31 23:55:31 | INFO     | [SUCCESS] Day 21JAN
2025-12-31 23:55:31 | INFO     | [DAY_START] Processing 20JAN
2025-12-31 23:55:31 | INFO     | [lf.day.start] Processing TUU-CAI for 20JAN
2025-12-31 23:55:31 | INFO     | [SUCCESS] Day 21JAN
2025-12-31 23:55:31 | INFO     | [DAY_START] Processing 20JAN
2025-12-31 23:55:31 | INFO     | [lf.day.start] Processing TUU-CAI for 20JAN
2025-12-31 23:55:32 | WARNING  | [lf.day.no_flights] No direct flights on 20JAN
2025-12-31 23:55:32 | INFO     | [SUCCESS] Day 20JAN
2025-12-31 23:55:32 | INFO     | [DAY_START] Processing 19JAN
2025-12-31 23:55:32 | INFO     | [lf.day.start] Processing TUU-CAI for 19JAN
2025-12-31 23:55:32 | WARNING  | [lf.day.no_flights] No direct flights on 20JAN
2025-12-31 23:55:32 | INFO     | [SUCCESS] Day 20JAN
2025-12-31 23:55:32 | INFO     | [DAY_START] Processing 19JAN
2025-12-31 23:55:32 | INFO     | [lf.day.start] Processing TUU-CAI for 19JAN
2025-12-31 23:55:33 | WARNING  | [lf.day.no_flights] No direct flights on 19JAN
2025-12-31 23:55:33 | INFO     | [SUCCESS] Day 19JAN
2025-12-31 23:55:33 | INFO     | [SUCCESS] LF Search Complete
2025-12-31 23:55:33 | WARNING  | [lf.day.no_flights] No direct flights on 19JAN
2025-12-31 23:55:33 | INFO     | [SUCCESS] Day 19JAN
2025-12-31 23:55:33 | INFO     | [DAY_START] Processing 18JAN
2025-12-31 23:55:33 | INFO     | [lf.day.start] Processing TUU-CAI for 18JAN
2025-12-31 23:55:34 | WARNING  | [lf.day.no_flights] No direct flights on 18JAN
2025-12-31 23:55:35 | INFO     | [SUCCESS] Day 18JAN
2025-12-31 23:55:35 | INFO     | [SUCCESS] LF Search Complete
2025-12-31 23:55:36 | INFO     | [Worker_9232] Completed: TUU-CAI - 6 results, 0 errors
2025-12-31 23:55:36 | INFO     | [Worker_9232] Processing: AJF-ATZ
2025-12-31 23:55:36 | INFO     |   Tier 0: Range 2, Chunk 2/5 (6 days)
2025-12-31 23:55:37 | INFO     | [Worker_9222] Completed: TUU-CAI - 7 results, 0 errors
2025-12-31 23:55:37 | INFO     | [Worker_9222] Processing: AJF-ATZ
2025-12-31 23:55:37 | INFO     |   Tier 0: Range 1, Chunk 2/5 (7 days)
