2025-12-31 23:30:14 | INFO     | ======================================================================
2025-12-31 23:30:14 | INFO     | Load Factor Scraper Started - Route: TUU-CAI
2025-12-31 23:30:14 | INFO     | Log file: D:\CODERED\LAB\market_insights\outputs\run_generated_311225_at_23.27\logs\LF_TUU-CAI_20251231_233014.log
2025-12-31 23:30:14 | INFO     | Enhanced logging: Capturing both logging.info() and print()
2025-12-31 23:30:14 | INFO     | ======================================================================
2025-12-31 23:30:14 | INFO     | Starting LF search for route: TUU-CAI
2025-12-31 23:30:14 | INFO     | [START] LF Search
2025-12-31 23:30:25 | INFO     | [HEALTH CHECK] [OK] Chrome connection is healthy
2025-12-31 23:30:25 | INFO     | [DAY_START] Processing 28FEB
2025-12-31 23:30:25 | INFO     | [lf.day.start] Processing TUU-CAI for 28FEB
2025-12-31 23:30:26 | INFO     | [lf.day.flights_found] Found 1 flights on 28FEB
2025-12-31 23:30:29 | INFO     | [lf.flight.extracted] SM326 on 28FEB: BKG=2, LF=1.1%
2025-12-31 23:30:31 | INFO     | [SUCCESS] Day 28FEB
2025-12-31 23:30:31 | INFO     | [DAY_START] Processing 27FEB
2025-12-31 23:30:31 | INFO     | [lf.day.start] Processing TUU-CAI for 27FEB
2025-12-31 23:30:32 | WARNING  | [lf.day.no_flights] No direct flights on 27FEB
2025-12-31 23:30:33 | INFO     | [SUCCESS] Day 27FEB
2025-12-31 23:30:33 | INFO     | [DAY_START] Processing 26FEB
2025-12-31 23:30:33 | INFO     | [lf.day.start] Processing TUU-CAI for 26FEB
2025-12-31 23:30:34 | INFO     | [lf.day.flights_found] Found 1 flights on 26FEB
2025-12-31 23:30:36 | INFO     | [lf.flight.extracted] SM326 on 26FEB: BKG=0, LF=0.0%
2025-12-31 23:30:37 | INFO     | [SUCCESS] Day 26FEB
2025-12-31 23:30:37 | INFO     | [DAY_START] Processing 25FEB
2025-12-31 23:30:37 | INFO     | [lf.day.start] Processing TUU-CAI for 25FEB
2025-12-31 23:30:38 | INFO     | [lf.day.flights_found] Found 1 flights on 25FEB
2025-12-31 23:30:41 | INFO     | [lf.flight.extracted] SM326 on 25FEB: BKG=14, LF=8.1%
2025-12-31 23:30:43 | INFO     | [SUCCESS] Day 25FEB
2025-12-31 23:30:43 | INFO     | [DAY_START] Processing 24FEB
2025-12-31 23:30:43 | INFO     | [lf.day.start] Processing TUU-CAI for 24FEB
2025-12-31 23:30:44 | WARNING  | [lf.day.no_flights] No direct flights on 24FEB
2025-12-31 23:30:45 | INFO     | [SUCCESS] Day 24FEB
2025-12-31 23:30:45 | INFO     | [DAY_START] Processing 23FEB
2025-12-31 23:30:45 | INFO     | [lf.day.start] Processing TUU-CAI for 23FEB
2025-12-31 23:30:46 | WARNING  | [lf.day.no_flights] No direct flights on 23FEB
2025-12-31 23:30:46 | INFO     | [SUCCESS] Day 23FEB
2025-12-31 23:30:46 | INFO     | [SUCCESS] LF Search Complete
2025-12-31 23:30:48 | INFO     | [Worker_9225] Completed: TUU-CAI - 6 results, 0 errors
2025-12-31 23:30:48 | INFO     | [Worker_9225] Processing: ELQ-CAI
2025-12-31 23:30:48 | INFO     |   Tier 0: Range 3, Chunk 1/5 (6 days)
