2025-12-31 23:36:36 | INFO     | ======================================================================
2025-12-31 23:36:36 | INFO     | Load Factor Scraper Started - Route: TUU-ATZ
2025-12-31 23:36:36 | INFO     | Log file: D:\CODERED\LAB\market_insights\outputs\run_generated_311225_at_23.27\logs\LF_TUU-ATZ_20251231_233636.log
2025-12-31 23:36:36 | INFO     | Enhanced logging: Capturing both logging.info() and print()
2025-12-31 23:36:36 | INFO     | ======================================================================
2025-12-31 23:36:36 | INFO     | Starting LF search for route: TUU-ATZ
2025-12-31 23:36:36 | INFO     | [START] LF Search
2025-12-31 23:36:37 | INFO     | [HEALTH CHECK] [OK] Chrome connection is healthy
2025-12-31 23:36:37 | INFO     | [DAY_START] Processing 16FEB
2025-12-31 23:36:37 | INFO     | [lf.day.start] Processing TUU-ATZ for 16FEB
2025-12-31 23:36:38 | WARNING  | [lf.day.no_flights] No direct flights on 16FEB
2025-12-31 23:36:38 | INFO     | [SUCCESS] Day 16FEB
2025-12-31 23:36:38 | INFO     | [DAY_START] Processing 15FEB
2025-12-31 23:36:38 | INFO     | [lf.day.start] Processing TUU-ATZ for 15FEB
2025-12-31 23:36:39 | WARNING  | [lf.day.no_flights] No direct flights on 15FEB
2025-12-31 23:36:40 | INFO     | [SUCCESS] Day 15FEB
2025-12-31 23:36:40 | INFO     | [DAY_START] Processing 14FEB
2025-12-31 23:36:40 | INFO     | [lf.day.start] Processing TUU-ATZ for 14FEB
2025-12-31 23:36:41 | WARNING  | [lf.day.no_flights] No direct flights on 14FEB
2025-12-31 23:36:41 | INFO     | [SUCCESS] Day 14FEB
2025-12-31 23:36:41 | INFO     | [DAY_START] Processing 13FEB
2025-12-31 23:36:41 | INFO     | [lf.day.start] Processing TUU-ATZ for 13FEB
2025-12-31 23:36:42 | INFO     | [lf.day.flights_found] Found 1 flights on 13FEB
2025-12-31 23:36:44 | INFO     | [lf.flight.extracted] SM328 on 13FEB: BKG=2, LF=1.1%
2025-12-31 23:36:47 | INFO     | [SUCCESS] Day 13FEB
2025-12-31 23:36:47 | INFO     | [DAY_START] Processing 12FEB
2025-12-31 23:36:47 | INFO     | [lf.day.start] Processing TUU-ATZ for 12FEB
2025-12-31 23:36:48 | WARNING  | [lf.day.no_flights] No direct flights on 12FEB
2025-12-31 23:36:48 | INFO     | [SUCCESS] Day 12FEB
2025-12-31 23:36:48 | INFO     | [DAY_START] Processing 11FEB
2025-12-31 23:36:48 | INFO     | [lf.day.start] Processing TUU-ATZ for 11FEB
2025-12-31 23:36:49 | WARNING  | [lf.day.no_flights] No direct flights on 11FEB
2025-12-31 23:36:49 | INFO     | [SUCCESS] Day 11FEB
2025-12-31 23:36:49 | INFO     | [SUCCESS] LF Search Complete
2025-12-31 23:36:51 | INFO     | [Worker_9232] Completed: TUU-ATZ - 6 results, 0 errors
2025-12-31 23:36:51 | INFO     | [Worker_9232] Processing: YNB-CAI
2025-12-31 23:36:51 | INFO     |   Tier 0: Range 3, Chunk 3/5 (6 days)
