2026-01-01 00:01:13 | INFO     | ======================================================================
2026-01-01 00:01:13 | INFO     | Load Factor Scraper Started - Route: TUU-CAI
2026-01-01 00:01:13 | INFO     | Log file: D:\CODERED\LAB\market_insights\outputs\run_generated_311225_at_23.27\logs\LF_TUU-CAI_20260101_000113.log
2026-01-01 00:01:13 | INFO     | Enhanced logging: Capturing both logging.info() and print()
2026-01-01 00:01:13 | INFO     | ======================================================================
2026-01-01 00:01:13 | INFO     | Starting LF search for route: TUU-CAI
2026-01-01 00:01:13 | INFO     | [START] LF Search
2026-01-01 00:01:14 | INFO     | [HEALTH CHECK] [OK] Chrome connection is healthy
2026-01-01 00:01:14 | INFO     | [DAY_START] Processing 18JAN
2026-01-01 00:01:14 | INFO     | [lf.day.start] Processing TUU-CAI for 18JAN
2026-01-01 00:01:15 | WARNING  | [lf.day.no_flights] No direct flights on 18JAN
2026-01-01 00:01:16 | INFO     | [SUCCESS] Day 18JAN
2026-01-01 00:01:16 | INFO     | [DAY_START] Processing 17JAN
2026-01-01 00:01:16 | INFO     | [lf.day.start] Processing TUU-CAI for 17JAN
2026-01-01 00:01:17 | INFO     | [lf.day.flights_found] Found 1 flights on 17JAN
2026-01-01 00:01:19 | INFO     | [lf.flight.extracted] SM326 on 17JAN: BKG=1, LF=0.6%
2026-01-01 00:01:22 | INFO     | [SUCCESS] Day 17JAN
2026-01-01 00:01:22 | INFO     | [DAY_START] Processing 16JAN
2026-01-01 00:01:22 | INFO     | [lf.day.start] Processing TUU-CAI for 16JAN
2026-01-01 00:01:23 | WARNING  | [lf.day.no_flights] No direct flights on 16JAN
2026-01-01 00:01:23 | INFO     | [SUCCESS] Day 16JAN
2026-01-01 00:01:23 | INFO     | [DAY_START] Processing 15JAN
2026-01-01 00:01:23 | INFO     | [lf.day.start] Processing TUU-CAI for 15JAN
2026-01-01 00:01:24 | INFO     | [lf.day.flights_found] Found 1 flights on 15JAN
2026-01-01 00:01:26 | INFO     | [lf.flight.extracted] SM326 on 15JAN: BKG=40, LF=22.9%
2026-01-01 00:01:29 | INFO     | [SUCCESS] Day 15JAN
2026-01-01 00:01:29 | INFO     | [DAY_START] Processing 14JAN
2026-01-01 00:01:29 | INFO     | [lf.day.start] Processing TUU-CAI for 14JAN
2026-01-01 00:01:31 | INFO     | [lf.day.flights_found] Found 1 flights on 14JAN
2026-01-01 00:01:33 | INFO     | [lf.flight.extracted] SM326 on 14JAN: BKG=7, LF=4.0%
2026-01-01 00:01:36 | INFO     | [SUCCESS] Day 14JAN
2026-01-01 00:01:36 | INFO     | [DAY_START] Processing 13JAN
2026-01-01 00:01:36 | INFO     | [lf.day.start] Processing TUU-CAI for 13JAN
2026-01-01 00:01:37 | WARNING  | [lf.day.no_flights] No direct flights on 13JAN
2026-01-01 00:01:37 | INFO     | [SUCCESS] Day 13JAN
2026-01-01 00:01:37 | INFO     | [SUCCESS] LF Search Complete
2026-01-01 00:01:39 | INFO     | [Worker_9224] Completed: TUU-CAI - 6 results, 0 errors
2026-01-01 00:01:39 | INFO     | [Worker_9224] Processing: YNB-CAI
2026-01-01 00:01:39 | INFO     |   Tier 0: Range 2, Chunk 3/5 (6 days)
