2025-12-31 23:42:47 | INFO     | ======================================================================
2025-12-31 23:42:47 | INFO     | Load Factor Scraper Started - Route: TUU-ATZ
2025-12-31 23:42:47 | INFO     | Log file: D:\CODERED\LAB\market_insights\outputs\run_generated_311225_at_23.27\logs\LF_TUU-ATZ_20251231_234247.log
2025-12-31 23:42:47 | INFO     | Enhanced logging: Capturing both logging.info() and print()
2025-12-31 23:42:47 | INFO     | ======================================================================
2025-12-31 23:42:47 | INFO     | Starting LF search for route: TUU-ATZ
2025-12-31 23:42:47 | INFO     | [START] LF Search
2025-12-31 23:42:49 | INFO     | [HEALTH CHECK] [OK] Chrome connection is healthy
2025-12-31 23:42:49 | INFO     | [DAY_START] Processing 05FEB
2025-12-31 23:42:49 | INFO     | [lf.day.start] Processing TUU-ATZ for 05FEB
2025-12-31 23:42:50 | WARNING  | [lf.day.no_flights] No direct flights on 05FEB
2025-12-31 23:42:50 | INFO     | [SUCCESS] Day 05FEB
2025-12-31 23:42:50 | INFO     | [DAY_START] Processing 04FEB
2025-12-31 23:42:50 | INFO     | [lf.day.start] Processing TUU-ATZ for 04FEB
2025-12-31 23:42:52 | WARNING  | [lf.day.no_flights] No direct flights on 04FEB
2025-12-31 23:42:52 | INFO     | [SUCCESS] Day 04FEB
2025-12-31 23:42:52 | INFO     | [DAY_START] Processing 03FEB
2025-12-31 23:42:52 | INFO     | [lf.day.start] Processing TUU-ATZ for 03FEB
2025-12-31 23:42:53 | WARNING  | [lf.day.no_flights] No direct flights on 03FEB
2025-12-31 23:42:53 | INFO     | [SUCCESS] Day 03FEB
2025-12-31 23:42:53 | INFO     | [DAY_START] Processing 02FEB
2025-12-31 23:42:53 | INFO     | [lf.day.start] Processing TUU-ATZ for 02FEB
2025-12-31 23:42:54 | WARNING  | [lf.day.no_flights] No direct flights on 02FEB
2025-12-31 23:42:54 | INFO     | [SUCCESS] Day 02FEB
2025-12-31 23:42:54 | INFO     | [DAY_START] Processing 01FEB
2025-12-31 23:42:54 | INFO     | [lf.day.start] Processing TUU-ATZ for 01FEB
2025-12-31 23:42:56 | WARNING  | [lf.day.no_flights] No direct flights on 01FEB
2025-12-31 23:42:56 | INFO     | [SUCCESS] Day 01FEB
2025-12-31 23:42:56 | INFO     | [SUCCESS] LF Search Complete
2025-12-31 23:42:58 | INFO     | [Worker_9233] Completed: TUU-ATZ - 5 results, 0 errors
2025-12-31 23:42:58 | INFO     | [Worker_9233] Processing: AHB-CAI
2025-12-31 23:42:58 | INFO     |   Tier 0: Range 3, Chunk 5/5 (5 days)
