2025-12-31 23:36:34 | INFO     | ======================================================================
2025-12-31 23:36:34 | INFO     | Load Factor Scraper Started - Route: TUU-CAI
2025-12-31 23:36:34 | INFO     | Log file: D:\CODERED\LAB\market_insights\outputs\run_generated_311225_at_23.27\logs\LF_TUU-CAI_20251231_233634.log
2025-12-31 23:36:34 | INFO     | Enhanced logging: Capturing both logging.info() and print()
2025-12-31 23:36:34 | INFO     | ======================================================================
2025-12-31 23:36:34 | INFO     | Starting LF search for route: TUU-CAI
2025-12-31 23:36:34 | INFO     | [START] LF Search
2025-12-31 23:36:35 | INFO     | [HEALTH CHECK] [OK] Chrome connection is healthy
2025-12-31 23:36:35 | INFO     | [DAY_START] Processing 16FEB
2025-12-31 23:36:35 | INFO     | [lf.day.start] Processing TUU-CAI for 16FEB
2025-12-31 23:36:36 | WARNING  | [lf.day.no_flights] No direct flights on 16FEB
2025-12-31 23:36:37 | INFO     | [SUCCESS] Day 16FEB
2025-12-31 23:36:37 | INFO     | [DAY_START] Processing 15FEB
2025-12-31 23:36:37 | INFO     | [lf.day.start] Processing TUU-CAI for 15FEB
2025-12-31 23:36:38 | WARNING  | [lf.day.no_flights] No direct flights on 15FEB
2025-12-31 23:36:38 | INFO     | [SUCCESS] Day 15FEB
2025-12-31 23:36:38 | INFO     | [DAY_START] Processing 14FEB
2025-12-31 23:36:38 | INFO     | [lf.day.start] Processing TUU-CAI for 14FEB
2025-12-31 23:36:39 | INFO     | [lf.day.flights_found] Found 1 flights on 14FEB
2025-12-31 23:36:41 | INFO     | [lf.flight.extracted] SM326 on 14FEB: BKG=1, LF=0.6%
2025-12-31 23:36:44 | INFO     | [SUCCESS] Day 14FEB
2025-12-31 23:36:44 | INFO     | [DAY_START] Processing 13FEB
2025-12-31 23:36:44 | INFO     | [lf.day.start] Processing TUU-CAI for 13FEB
2025-12-31 23:36:45 | WARNING  | [lf.day.no_flights] No direct flights on 13FEB
2025-12-31 23:36:45 | INFO     | [SUCCESS] Day 13FEB
2025-12-31 23:36:45 | INFO     | [DAY_START] Processing 12FEB
2025-12-31 23:36:45 | INFO     | [lf.day.start] Processing TUU-CAI for 12FEB
2025-12-31 23:36:46 | INFO     | [lf.day.flights_found] Found 1 flights on 12FEB
2025-12-31 23:36:48 | INFO     | [lf.flight.extracted] SM326 on 12FEB: BKG=4, LF=2.3%
2025-12-31 23:36:51 | INFO     | [SUCCESS] Day 12FEB
2025-12-31 23:36:51 | INFO     | [DAY_START] Processing 11FEB
2025-12-31 23:36:51 | INFO     | [lf.day.start] Processing TUU-CAI for 11FEB
2025-12-31 23:36:52 | INFO     | [lf.day.flights_found] Found 1 flights on 11FEB
2025-12-31 23:36:54 | INFO     | [lf.flight.extracted] SM326 on 11FEB: BKG=0, LF=0.0%
2025-12-31 23:36:56 | INFO     | [SUCCESS] Day 11FEB
2025-12-31 23:36:56 | INFO     | [SUCCESS] LF Search Complete
2025-12-31 23:36:58 | INFO     | [Worker_9233] Completed: TUU-CAI - 6 results, 0 errors
2025-12-31 23:36:58 | INFO     | [Worker_9233] Processing: AHB-CAI
2025-12-31 23:36:58 | INFO     |   Tier 0: Range 3, Chunk 3/5 (6 days)
