2025-12-31 23:42:42 | INFO     | ======================================================================
2025-12-31 23:42:42 | INFO     | Load Factor Scraper Started - Route: TUU-CAI
2025-12-31 23:42:42 | INFO     | Log file: D:\CODERED\LAB\market_insights\outputs\run_generated_311225_at_23.27\logs\LF_TUU-CAI_20251231_234242.log
2025-12-31 23:42:42 | INFO     | Enhanced logging: Capturing both logging.info() and print()
2025-12-31 23:42:42 | INFO     | ======================================================================
2025-12-31 23:42:42 | INFO     | Starting LF search for route: TUU-CAI
2025-12-31 23:42:42 | INFO     | [START] LF Search
2025-12-31 23:42:44 | INFO     | [HEALTH CHECK] [OK] Chrome connection is healthy
2025-12-31 23:42:44 | INFO     | [DAY_START] Processing 05FEB
2025-12-31 23:42:44 | INFO     | [lf.day.start] Processing TUU-CAI for 05FEB
2025-12-31 23:42:45 | INFO     | [lf.day.flights_found] Found 1 flights on 05FEB
2025-12-31 23:42:47 | INFO     | [lf.flight.extracted] SM326 on 05FEB: BKG=3, LF=1.7%
2025-12-31 23:42:50 | INFO     | [SUCCESS] Day 05FEB
2025-12-31 23:42:50 | INFO     | [DAY_START] Processing 04FEB
2025-12-31 23:42:50 | INFO     | [lf.day.start] Processing TUU-CAI for 04FEB
2025-12-31 23:42:52 | INFO     | [lf.day.flights_found] Found 1 flights on 04FEB
2025-12-31 23:42:54 | INFO     | [lf.flight.extracted] SM326 on 04FEB: BKG=0, LF=0.0%
2025-12-31 23:42:55 | INFO     | [SUCCESS] Day 04FEB
2025-12-31 23:42:55 | INFO     | [DAY_START] Processing 03FEB
2025-12-31 23:42:55 | INFO     | [lf.day.start] Processing TUU-CAI for 03FEB
2025-12-31 23:42:56 | WARNING  | [lf.day.no_flights] No direct flights on 03FEB
2025-12-31 23:42:57 | INFO     | [SUCCESS] Day 03FEB
2025-12-31 23:42:57 | INFO     | [DAY_START] Processing 02FEB
2025-12-31 23:42:57 | INFO     | [lf.day.start] Processing TUU-CAI for 02FEB
2025-12-31 23:42:58 | WARNING  | [lf.day.no_flights] No direct flights on 02FEB
2025-12-31 23:42:58 | INFO     | [SUCCESS] Day 02FEB
2025-12-31 23:42:58 | INFO     | [DAY_START] Processing 01FEB
2025-12-31 23:42:58 | INFO     | [lf.day.start] Processing TUU-CAI for 01FEB
2025-12-31 23:42:59 | WARNING  | [lf.day.no_flights] No direct flights on 01FEB
2025-12-31 23:42:59 | INFO     | [SUCCESS] Day 01FEB
2025-12-31 23:42:59 | INFO     | [SUCCESS] LF Search Complete
2025-12-31 23:43:01 | INFO     | [Worker_9226] Completed: TUU-CAI - 5 results, 0 errors
2025-12-31 23:43:01 | INFO     | [Worker_9226] Processing: AHB-ATZ
2025-12-31 23:43:01 | INFO     |   Tier 0: Range 3, Chunk 5/5 (5 days)
