2026-01-01 00:09:23 | INFO     | ======================================================================
2026-01-01 00:09:23 | INFO     | Load Factor Scraper Started - Route: YNB-CAI
2026-01-01 00:09:23 | INFO     | Log file: D:\CODERED\LAB\market_insights\outputs\run_generated_311225_at_23.27\logs\LF_YNB-CAI_20260101_000923.log
2026-01-01 00:09:23 | INFO     | Enhanced logging: Capturing both logging.info() and print()
2026-01-01 00:09:23 | INFO     | ======================================================================
2026-01-01 00:09:23 | INFO     | Starting LF search for route: YNB-CAI
2026-01-01 00:09:23 | INFO     | [START] LF Search
2026-01-01 00:09:25 | INFO     | [HEALTH CHECK] [OK] Chrome connection is healthy
2026-01-01 00:09:25 | INFO     | [DAY_START] Processing 12JAN
2026-01-01 00:09:25 | INFO     | [lf.day.start] Processing YNB-CAI for 12JAN
2026-01-01 00:09:26 | INFO     | [lf.day.flights_found] Found 1 flights on 12JAN
2026-01-01 00:09:28 | INFO     | [lf.flight.extracted] SM442 on 12JAN: BKG=178, LF=101.7%
2026-01-01 00:09:33 | INFO     | [SUCCESS] Day 12JAN
2026-01-01 00:09:33 | INFO     | [DAY_START] Processing 11JAN
2026-01-01 00:09:33 | INFO     | [lf.day.start] Processing YNB-CAI for 11JAN
2026-01-01 00:09:34 | INFO     | [lf.day.flights_found] Found 1 flights on 11JAN
2026-01-01 00:09:36 | INFO     | [lf.flight.extracted] SM442 on 11JAN: BKG=113, LF=64.6%
2026-01-01 00:09:42 | INFO     | [SUCCESS] Day 11JAN
2026-01-01 00:09:42 | INFO     | [DAY_START] Processing 10JAN
2026-01-01 00:09:42 | INFO     | [lf.day.start] Processing YNB-CAI for 10JAN
2026-01-01 00:09:43 | INFO     | [lf.day.flights_found] Found 1 flights on 10JAN
2026-01-01 00:09:45 | INFO     | [lf.flight.extracted] SM442 on 10JAN: BKG=175, LF=100.0%
2026-01-01 00:09:50 | INFO     | [SUCCESS] Day 10JAN
2026-01-01 00:09:50 | INFO     | [DAY_START] Processing 09JAN
2026-01-01 00:09:50 | INFO     | [lf.day.start] Processing YNB-CAI for 09JAN
2026-01-01 00:09:51 | INFO     | [lf.day.flights_found] Found 1 flights on 09JAN
2026-01-01 00:09:53 | INFO     | [lf.flight.extracted] SM442 on 09JAN: BKG=153, LF=87.4%
2026-01-01 00:10:00 | INFO     | [SUCCESS] Day 09JAN
2026-01-01 00:10:00 | INFO     | [DAY_START] Processing 08JAN
2026-01-01 00:10:00 | INFO     | [lf.day.start] Processing YNB-CAI for 08JAN
2026-01-01 00:10:01 | INFO     | [lf.day.flights_found] Found 1 flights on 08JAN
2026-01-01 00:10:03 | INFO     | [lf.flight.extracted] SM442 on 08JAN: BKG=166, LF=94.9%
2026-01-01 00:10:06 | INFO     | [SUCCESS] Day 08JAN
2026-01-01 00:10:06 | INFO     | [DAY_START] Processing 07JAN
2026-01-01 00:10:07 | INFO     | [lf.day.start] Processing YNB-CAI for 07JAN
2026-01-01 00:10:08 | INFO     | [lf.day.flights_found] Found 1 flights on 07JAN
2026-01-01 00:10:10 | INFO     | [lf.flight.extracted] SM442 on 07JAN: BKG=164, LF=98.2%
2026-01-01 00:10:15 | INFO     | [SUCCESS] Day 07JAN
2026-01-01 00:10:15 | INFO     | [SUCCESS] LF Search Complete
2026-01-01 00:10:17 | INFO     | [Worker_9227] Completed: YNB-CAI - 6 results, 0 errors
2026-01-01 00:10:17 | INFO     | [Worker_9227] Processing: LXR-JED
2026-01-01 00:10:17 | INFO     |   Tier 0: Range 2, Chunk 4/5 (6 days)
