2025-12-31 23:55:49 | INFO     | ======================================================================
2025-12-31 23:55:49 | INFO     | Load Factor Scraper Started - Route: YNB-CAI
2025-12-31 23:55:49 | INFO     | Log file: D:\CODERED\LAB\market_insights\outputs\run_generated_311225_at_23.27\logs\LF_YNB-CAI_20251231_235549.log
2025-12-31 23:55:49 | INFO     | Enhanced logging: Capturing both logging.info() and print()
2025-12-31 23:55:49 | INFO     | ======================================================================
2025-12-31 23:55:49 | INFO     | Starting LF search for route: YNB-CAI
2025-12-31 23:55:49 | INFO     | [START] LF Search
2025-12-31 23:55:51 | INFO     | [HEALTH CHECK] [OK] Chrome connection is healthy
2025-12-31 23:55:51 | INFO     | [DAY_START] Processing 24JAN
2025-12-31 23:55:51 | INFO     | [lf.day.start] Processing YNB-CAI for 24JAN
2025-12-31 23:55:52 | INFO     | [lf.day.flights_found] Found 1 flights on 24JAN
2025-12-31 23:55:54 | INFO     | [lf.flight.extracted] SM442 on 24JAN: BKG=164, LF=93.7%
2025-12-31 23:55:58 | INFO     | [SUCCESS] Day 24JAN
2025-12-31 23:55:58 | INFO     | [DAY_START] Processing 23JAN
2025-12-31 23:55:58 | INFO     | [lf.day.start] Processing YNB-CAI for 23JAN
2025-12-31 23:55:59 | INFO     | [lf.day.flights_found] Found 1 flights on 23JAN
2025-12-31 23:56:01 | INFO     | [lf.flight.extracted] SM442 on 23JAN: BKG=36, LF=20.6%
2025-12-31 23:56:04 | INFO     | [SUCCESS] Day 23JAN
2025-12-31 23:56:04 | INFO     | [DAY_START] Processing 22JAN
2025-12-31 23:56:04 | INFO     | [lf.day.start] Processing YNB-CAI for 22JAN
2025-12-31 23:56:06 | INFO     | [lf.day.flights_found] Found 1 flights on 22JAN
2025-12-31 23:56:08 | INFO     | [lf.flight.extracted] SM442 on 22JAN: BKG=109, LF=62.3%
2025-12-31 23:56:12 | INFO     | [SUCCESS] Day 22JAN
2025-12-31 23:56:12 | INFO     | [DAY_START] Processing 21JAN
2025-12-31 23:56:12 | INFO     | [lf.day.start] Processing YNB-CAI for 21JAN
2025-12-31 23:56:14 | INFO     | [lf.day.flights_found] Found 1 flights on 21JAN
2025-12-31 23:56:16 | INFO     | [lf.flight.extracted] SM442 on 21JAN: BKG=145, LF=82.9%
2025-12-31 23:56:18 | INFO     | [SUCCESS] Day 21JAN
2025-12-31 23:56:18 | INFO     | [DAY_START] Processing 20JAN
2025-12-31 23:56:18 | INFO     | [lf.day.start] Processing YNB-CAI for 20JAN
2025-12-31 23:56:20 | INFO     | [lf.day.flights_found] Found 1 flights on 20JAN
2025-12-31 23:56:22 | INFO     | [lf.flight.extracted] SM442 on 20JAN: BKG=139, LF=79.4%
2025-12-31 23:56:26 | INFO     | [SUCCESS] Day 20JAN
2025-12-31 23:56:26 | INFO     | [DAY_START] Processing 19JAN
2025-12-31 23:56:26 | INFO     | [lf.day.start] Processing YNB-CAI for 19JAN
2025-12-31 23:56:27 | INFO     | [lf.day.flights_found] Found 1 flights on 19JAN
2025-12-31 23:56:29 | INFO     | [lf.flight.extracted] SM442 on 19JAN: BKG=115, LF=65.7%
2025-12-31 23:56:34 | INFO     | [SUCCESS] Day 19JAN
2025-12-31 23:56:34 | INFO     | [DAY_START] Processing 18JAN
2025-12-31 23:56:34 | INFO     | [lf.day.start] Processing YNB-CAI for 18JAN
2025-12-31 23:56:35 | INFO     | [lf.day.flights_found] Found 1 flights on 18JAN
2025-12-31 23:56:37 | INFO     | [lf.flight.extracted] SM442 on 18JAN: BKG=172, LF=98.3%
2025-12-31 23:56:46 | INFO     | [SUCCESS] Day 18JAN
2025-12-31 23:56:46 | INFO     | [SUCCESS] LF Search Complete
2025-12-31 23:56:48 | INFO     | [Worker_9224] Completed: YNB-CAI - 7 results, 0 errors
2025-12-31 23:56:48 | INFO     | [Worker_9224] Processing: CAI-JED
2025-12-31 23:56:48 | INFO     |   Tier 0: Range 1, Chunk 2/5 (7 days)
