2025-12-31 23:42:58 | INFO     | ======================================================================
2025-12-31 23:42:58 | INFO     | Load Factor Scraper Started - Route: YNB-CAI
2025-12-31 23:42:58 | INFO     | Log file: D:\CODERED\LAB\market_insights\outputs\run_generated_311225_at_23.27\logs\LF_YNB-CAI_20251231_234257.log
2025-12-31 23:42:58 | INFO     | Enhanced logging: Capturing both logging.info() and print()
2025-12-31 23:42:58 | INFO     | ======================================================================
2025-12-31 23:42:58 | INFO     | Starting LF search for route: YNB-CAI
2025-12-31 23:42:58 | INFO     | [START] LF Search
2025-12-31 23:42:59 | INFO     | [HEALTH CHECK] [OK] Chrome connection is healthy
2025-12-31 23:43:00 | INFO     | [DAY_START] Processing 05FEB
2025-12-31 23:43:00 | INFO     | [lf.day.start] Processing YNB-CAI for 05FEB
2025-12-31 23:43:01 | INFO     | [lf.day.flights_found] Found 1 flights on 05FEB
2025-12-31 23:43:04 | INFO     | [lf.flight.extracted] SM442 on 05FEB: BKG=168, LF=96.0%
2025-12-31 23:43:08 | INFO     | [SUCCESS] Day 05FEB
2025-12-31 23:43:08 | INFO     | [DAY_START] Processing 04FEB
2025-12-31 23:43:08 | INFO     | [lf.day.start] Processing YNB-CAI for 04FEB
2025-12-31 23:43:10 | INFO     | [lf.day.flights_found] Found 1 flights on 04FEB
2025-12-31 23:43:13 | INFO     | [lf.flight.extracted] SM442 on 04FEB: BKG=145, LF=82.9%
2025-12-31 23:43:17 | INFO     | [SUCCESS] Day 04FEB
2025-12-31 23:43:17 | INFO     | [DAY_START] Processing 03FEB
2025-12-31 23:43:17 | INFO     | [lf.day.start] Processing YNB-CAI for 03FEB
2025-12-31 23:43:18 | INFO     | [lf.day.flights_found] Found 1 flights on 03FEB
2025-12-31 23:43:21 | INFO     | [lf.flight.extracted] SM442 on 03FEB: BKG=138, LF=80.2%
2025-12-31 23:43:24 | INFO     | [SUCCESS] Day 03FEB
2025-12-31 23:43:24 | INFO     | [DAY_START] Processing 02FEB
2025-12-31 23:43:24 | INFO     | [lf.day.start] Processing YNB-CAI for 02FEB
2025-12-31 23:43:26 | INFO     | [lf.day.flights_found] Found 1 flights on 02FEB
2025-12-31 23:43:28 | INFO     | [lf.flight.extracted] SM442 on 02FEB: BKG=160, LF=91.4%
2025-12-31 23:43:32 | INFO     | [SUCCESS] Day 02FEB
2025-12-31 23:43:32 | INFO     | [DAY_START] Processing 01FEB
2025-12-31 23:43:32 | INFO     | [lf.day.start] Processing YNB-CAI for 01FEB
2025-12-31 23:43:34 | INFO     | [lf.day.flights_found] Found 1 flights on 01FEB
2025-12-31 23:43:36 | INFO     | [lf.flight.extracted] SM442 on 01FEB: BKG=149, LF=85.1%
2025-12-31 23:43:40 | INFO     | [SUCCESS] Day 01FEB
2025-12-31 23:43:40 | INFO     | [SUCCESS] LF Search Complete
2025-12-31 23:43:42 | INFO     | [Worker_9225] Completed: YNB-CAI - 5 results, 0 errors
2025-12-31 23:43:42 | INFO     | [Worker_9225] Processing: LXR-JED
2025-12-31 23:43:42 | INFO     |   Tier 0: Range 3, Chunk 5/5 (5 days)
