2025-12-24 18:29:51,253 | INFO     | [Worker_9222] Completed: MED-ATZ - 6 results, 0 errors
2025-12-24 18:29:51,255 | INFO     | [Worker_9222] Processing: DMM-ATZ
2025-12-24 18:29:51,256 | INFO     |   Tier 0: Range 1, Chunk 1/3 (6 days)
2025-12-24 18:30:12,907 | INFO     | [Worker_9222] Completed: DMM-ATZ - 6 results, 0 errors
2025-12-24 18:30:12,909 | INFO     | [Worker_9222] Processing: AJF-CAI
2025-12-24 18:30:12,909 | INFO     |   Tier 0: Range 1, Chunk 1/3 (6 days)
2025-12-24 18:30:41,109 | INFO     | [Worker_9222] Completed: AJF-CAI - 6 results, 0 errors
2025-12-24 18:30:41,110 | INFO     | [Worker_9222] Processing: MED-CAI
2025-12-24 18:30:41,110 | INFO     |   Tier 0: Range 1, Chunk 2/3 (6 days)
2025-12-24 18:31:47,586 | INFO     | [Worker_9222] Completed: MED-CAI - 6 results, 0 errors
2025-12-24 18:31:47,721 | INFO     | [Worker_9222] Processing: DMM-ATZ
2025-12-24 18:31:47,721 | INFO     |   Tier 0: Range 1, Chunk 2/3 (6 days)
2025-12-24 18:32:07,534 | INFO     | [Worker_9222] Completed: DMM-ATZ - 6 results, 0 errors
2025-12-24 18:32:07,535 | INFO     | [Worker_9222] Processing: TUU-ATZ
2025-12-24 18:32:07,536 | INFO     |   Tier 0: Range 1, Chunk 2/3 (6 days)
2025-12-24 18:32:24,050 | INFO     | [Worker_9222] Completed: TUU-ATZ - 6 results, 0 errors
2025-12-24 18:32:24,052 | INFO     | [Worker_9222] Processing: YNB-CAI
2025-12-24 18:32:24,053 | INFO     |   Tier 0: Range 1, Chunk 2/3 (6 days)
2025-12-24 18:33:29,353 | INFO     | [Worker_9222] Completed: YNB-CAI - 6 results, 0 errors
2025-12-24 18:33:29,355 | INFO     | [Worker_9222] Processing: JED-ASW
2025-12-24 18:33:29,355 | INFO     |   Tier 0: Range 1, Chunk 3/3 (5 days)
2025-12-24 18:33:55,961 | INFO     | [Worker_9222] Completed: JED-ASW - 5 results, 0 errors
2025-12-24 18:33:55,963 | INFO     | [Worker_9222] Processing: TUU-CAI
2025-12-24 18:33:55,963 | INFO     |   Tier 0: Range 1, Chunk 3/3 (5 days)
2025-12-24 18:34:13,170 | INFO     | [Worker_9222] Completed: TUU-CAI - 5 results, 0 errors
2025-12-24 18:34:13,171 | INFO     | [Worker_9222] Processing: AJF-ATZ
2025-12-24 18:34:13,171 | INFO     |   Tier 0: Range 1, Chunk 3/3 (5 days)
2025-12-24 18:34:29,674 | INFO     | [Worker_9222] Completed: AJF-ATZ - 5 results, 0 errors
2025-12-24 18:34:29,675 | INFO     | [Worker_9222] Processing: AHB-ATZ
2025-12-24 18:34:29,676 | INFO     |   Tier 0: Range 1, Chunk 3/3 (5 days)
2025-12-24 18:34:45,614 | INFO     | [Worker_9222] Completed: AHB-ATZ - 5 results, 0 errors
2025-12-24 18:41:16,268 | INFO     | [Worker_9222] Shutdown signal received, exiting...
2025-12-24 18:41:16,270 | INFO     | [Worker_9222] Finished. Processed 11 groups.
