2025-12-24 18:29:22,878 | INFO     | [Worker_9233] Completed: JED-ASW - 6 results, 0 errors
2025-12-24 18:29:22,879 | INFO     | [Worker_9233] Processing: JED-HRG
2025-12-24 18:29:22,879 | INFO     |   Tier 0: Range 1, Chunk 1/3 (6 days)
2025-12-24 18:29:32,491 | INFO     | [Worker_9233] Completed: JED-HRG - 6 results, 0 errors
2025-12-24 18:29:32,492 | INFO     | [Worker_9233] Processing: RUH-ATZ
2025-12-24 18:29:32,492 | INFO     |   Tier 0: Range 1, Chunk 1/3 (6 days)
2025-12-24 18:29:54,143 | INFO     | [Worker_9233] Completed: RUH-ATZ - 6 results, 0 errors
2025-12-24 18:29:54,144 | INFO     | [Worker_9233] Processing: TUU-CAI
2025-12-24 18:29:54,144 | INFO     |   Tier 0: Range 1, Chunk 1/3 (6 days)
2025-12-24 18:30:21,904 | INFO     | [Worker_9233] Completed: TUU-CAI - 6 results, 0 errors
2025-12-24 18:30:21,905 | INFO     | [Worker_9233] Processing: AHB-CAI
2025-12-24 18:30:21,906 | INFO     |   Tier 0: Range 1, Chunk 1/3 (6 days)
2025-12-24 18:30:46,487 | INFO     | [Worker_9233] Completed: AHB-CAI - 6 results, 0 errors
2025-12-24 18:30:46,488 | INFO     | [Worker_9233] Processing: MED-HBE
2025-12-24 18:30:46,489 | INFO     |   Tier 0: Range 1, Chunk 2/3 (6 days)
2025-12-24 18:31:29,793 | INFO     | [Worker_9233] Completed: MED-HBE - 6 results, 0 errors
2025-12-24 18:31:29,794 | INFO     | [Worker_9233] Processing: JED-HRG
2025-12-24 18:31:29,794 | INFO     |   Tier 0: Range 1, Chunk 2/3 (6 days)
2025-12-24 18:31:40,598 | INFO     | [Worker_9233] Completed: JED-HRG - 6 results, 0 errors
2025-12-24 18:31:40,599 | INFO     | [Worker_9233] Processing: DMM-CAI
2025-12-24 18:31:40,599 | INFO     |   Tier 0: Range 1, Chunk 2/3 (6 days)
2025-12-24 18:32:19,748 | INFO     | [Worker_9233] Completed: DMM-CAI - 6 results, 0 errors
2025-12-24 18:32:19,749 | INFO     | [Worker_9233] Processing: AJF-ATZ
2025-12-24 18:32:19,750 | INFO     |   Tier 0: Range 1, Chunk 2/3 (6 days)
2025-12-24 18:32:37,203 | INFO     | [Worker_9233] Completed: AJF-ATZ - 6 results, 0 errors
2025-12-24 18:32:37,204 | INFO     | [Worker_9233] Processing: ELQ-ATZ
2025-12-24 18:32:37,204 | INFO     |   Tier 0: Range 1, Chunk 2/3 (6 days)
2025-12-24 18:33:01,894 | INFO     | [Worker_9233] Completed: ELQ-ATZ - 6 results, 0 errors
2025-12-24 18:33:01,897 | INFO     | [Worker_9233] Processing: MED-ATZ
2025-12-24 18:33:01,898 | INFO     |   Tier 0: Range 1, Chunk 3/3 (5 days)
2025-12-24 18:33:28,222 | INFO     | [Worker_9233] Completed: MED-ATZ - 5 results, 0 errors
2025-12-24 18:33:28,223 | INFO     | [Worker_9233] Processing: JED-LXR
2025-12-24 18:33:28,223 | INFO     |   Tier 0: Range 1, Chunk 3/3 (5 days)
2025-12-24 18:33:38,116 | INFO     | [Worker_9233] Completed: JED-LXR - 5 results, 0 errors
2025-12-24 18:33:38,117 | INFO     | [Worker_9233] Processing: JED-HRG
2025-12-24 18:33:38,117 | INFO     |   Tier 0: Range 1, Chunk 3/3 (5 days)
2025-12-24 18:33:47,481 | INFO     | [Worker_9233] Completed: JED-HRG - 5 results, 0 errors
2025-12-24 18:33:47,482 | INFO     | [Worker_9233] Processing: DMM-ATZ
2025-12-24 18:33:47,482 | INFO     |   Tier 0: Range 1, Chunk 3/3 (5 days)
2025-12-24 18:34:12,373 | INFO     | [Worker_9233] Completed: DMM-ATZ - 5 results, 0 errors
2025-12-24 18:34:12,376 | INFO     | [Worker_9233] Processing: AJF-CAI
2025-12-24 18:34:12,376 | INFO     |   Tier 0: Range 1, Chunk 3/3 (5 days)
2025-12-24 18:34:32,495 | INFO     | [Worker_9233] Completed: AJF-CAI - 5 results, 0 errors
2025-12-24 18:34:32,496 | INFO     | [Worker_9233] Processing: GIZ-CAI
2025-12-24 18:34:32,496 | INFO     |   Tier 0: Range 1, Chunk 3/3 (5 days)
2025-12-24 18:34:54,087 | INFO     | [Worker_9233] Completed: GIZ-CAI - 5 results, 0 errors
2025-12-24 18:41:14,758 | INFO     | [Worker_9233] Shutdown signal received, exiting...
2025-12-24 18:41:14,761 | INFO     | [Worker_9233] Finished. Processed 16 groups.
