2026-01-10 07:34:07 | INFO     | ======================================================================
2026-01-10 07:34:07 | INFO     | Load Factor Scraper Started - Route: AHB-CAI
2026-01-10 07:34:07 | INFO     | Log file: D:\CODERED\LAB\Artifacts\run_100126_at_07.32\logs\LF_AHB-CAI_20260110_073407.log
2026-01-10 07:34:07 | INFO     | Enhanced logging: Capturing both logging.info() and print()
2026-01-10 07:34:07 | INFO     | ======================================================================
2026-01-10 07:34:07 | INFO     | Starting LF search for route: AHB-CAI
2026-01-10 07:34:07 | INFO     | [START] LF Search
2026-01-10 07:34:08 | INFO     | [HEALTH CHECK] [OK] Chrome connection is healthy
2026-01-10 07:34:08 | INFO     | [DAY_START] Processing 31JAN
2026-01-10 07:34:08 | INFO     | [lf.day.start] Processing AHB-CAI for 31JAN
2026-01-10 07:34:09 | WARNING  | [lf.day.no_flights] No direct flights on 31JAN
2026-01-10 07:34:09 | INFO     | [SUCCESS] Day 31JAN
2026-01-10 07:34:09 | INFO     | [DAY_START] Processing 30JAN
2026-01-10 07:34:09 | INFO     | [lf.day.start] Processing AHB-CAI for 30JAN
2026-01-10 07:34:10 | INFO     | [lf.day.flights_found] Found 1 flights on 30JAN
2026-01-10 07:34:11 | INFO     | [lf.flight.extracted] SM444 on 30JAN: BKG=50, LF=28.6%
2026-01-10 07:34:15 | INFO     | [SUCCESS] Day 30JAN
2026-01-10 07:34:15 | INFO     | [DAY_START] Processing 29JAN
2026-01-10 07:34:15 | INFO     | [lf.day.start] Processing AHB-CAI for 29JAN
2026-01-10 07:34:16 | INFO     | [lf.day.flights_found] Found 1 flights on 29JAN
2026-01-10 07:34:17 | INFO     | [lf.flight.extracted] SM448 on 29JAN: BKG=56, LF=32.0%
2026-01-10 07:34:23 | INFO     | [SUCCESS] Day 29JAN
2026-01-10 07:34:23 | INFO     | [DAY_START] Processing 28JAN
2026-01-10 07:34:23 | INFO     | [lf.day.start] Processing AHB-CAI for 28JAN
2026-01-10 07:34:24 | WARNING  | [lf.day.no_flights] No direct flights on 28JAN
2026-01-10 07:34:24 | INFO     | [SUCCESS] Day 28JAN
2026-01-10 07:34:24 | INFO     | [DAY_START] Processing 27JAN
2026-01-10 07:34:24 | INFO     | [lf.day.start] Processing AHB-CAI for 27JAN
2026-01-10 07:34:25 | WARNING  | [lf.day.no_flights] No direct flights on 27JAN
2026-01-10 07:34:25 | INFO     | [SUCCESS] Day 27JAN
2026-01-10 07:34:25 | INFO     | [DAY_START] Processing 26JAN
2026-01-10 07:34:25 | INFO     | [lf.day.start] Processing AHB-CAI for 26JAN
2026-01-10 07:34:26 | WARNING  | [lf.day.no_flights] No direct flights on 26JAN
2026-01-10 07:34:26 | INFO     | [SUCCESS] Day 26JAN
2026-01-10 07:34:26 | INFO     | [DAY_START] Processing 25JAN
2026-01-10 07:34:26 | INFO     | [lf.day.start] Processing AHB-CAI for 25JAN
2026-01-10 07:34:27 | INFO     | [lf.day.flights_found] Found 1 flights on 25JAN
2026-01-10 07:34:29 | INFO     | [lf.flight.extracted] SM444 on 25JAN: BKG=35, LF=20.0%
2026-01-10 07:34:32 | INFO     | [SUCCESS] Day 25JAN
2026-01-10 07:34:32 | INFO     | [SUCCESS] LF Search Complete
2026-01-10 07:34:34 | INFO     | [Worker_9223] Completed: AHB-CAI - 7 results, 0 errors
2026-01-10 07:34:34 | INFO     | [Worker_9223] Processing: HBE-MED
2026-01-10 07:34:34 | INFO     |   Tier 0: Range 2, Chunk 1/3 (7 days)
