2026-01-10 07:34:04 | INFO     | ======================================================================
2026-01-10 07:34:04 | INFO     | Load Factor Scraper Started - Route: AJF-ATZ
2026-01-10 07:34:04 | INFO     | Log file: D:\CODERED\LAB\Artifacts\run_100126_at_07.32\logs\LF_AJF-ATZ_20260110_073404.log
2026-01-10 07:34:04 | INFO     | Enhanced logging: Capturing both logging.info() and print()
2026-01-10 07:34:04 | INFO     | ======================================================================
2026-01-10 07:34:04 | INFO     | Starting LF search for route: AJF-ATZ
2026-01-10 07:34:04 | INFO     | [START] LF Search
2026-01-10 07:34:05 | INFO     | [HEALTH CHECK] [OK] Chrome connection is healthy
2026-01-10 07:34:05 | INFO     | [DAY_START] Processing 31JAN
2026-01-10 07:34:05 | INFO     | [lf.day.start] Processing AJF-ATZ for 31JAN
2026-01-10 07:34:06 | WARNING  | [lf.day.no_flights] No direct flights on 31JAN
2026-01-10 07:34:07 | INFO     | [SUCCESS] Day 31JAN
2026-01-10 07:34:07 | INFO     | [DAY_START] Processing 30JAN
2026-01-10 07:34:07 | INFO     | [lf.day.start] Processing AJF-ATZ for 30JAN
2026-01-10 07:34:07 | INFO     | [lf.day.flights_found] Found 1 flights on 30JAN
2026-01-10 07:34:09 | INFO     | [lf.flight.extracted] SM324 on 30JAN: BKG=83, LF=47.4%
2026-01-10 07:34:14 | INFO     | [SUCCESS] Day 30JAN
2026-01-10 07:34:14 | INFO     | [DAY_START] Processing 29JAN
2026-01-10 07:34:14 | INFO     | [lf.day.start] Processing AJF-ATZ for 29JAN
2026-01-10 07:34:15 | WARNING  | [lf.day.no_flights] No direct flights on 29JAN
2026-01-10 07:34:15 | INFO     | [SUCCESS] Day 29JAN
2026-01-10 07:34:15 | INFO     | [DAY_START] Processing 28JAN
2026-01-10 07:34:15 | INFO     | [lf.day.start] Processing AJF-ATZ for 28JAN
2026-01-10 07:34:16 | WARNING  | [lf.day.no_flights] No direct flights on 28JAN
2026-01-10 07:34:16 | INFO     | [SUCCESS] Day 28JAN
2026-01-10 07:34:16 | INFO     | [DAY_START] Processing 27JAN
2026-01-10 07:34:16 | INFO     | [lf.day.start] Processing AJF-ATZ for 27JAN
2026-01-10 07:34:17 | WARNING  | [lf.day.no_flights] No direct flights on 27JAN
2026-01-10 07:34:17 | INFO     | [SUCCESS] Day 27JAN
2026-01-10 07:34:17 | INFO     | [DAY_START] Processing 26JAN
2026-01-10 07:34:17 | INFO     | [lf.day.start] Processing AJF-ATZ for 26JAN
2026-01-10 07:34:18 | WARNING  | [lf.day.no_flights] No direct flights on 26JAN
2026-01-10 07:34:18 | INFO     | [SUCCESS] Day 26JAN
2026-01-10 07:34:18 | INFO     | [DAY_START] Processing 25JAN
2026-01-10 07:34:18 | INFO     | [lf.day.start] Processing AJF-ATZ for 25JAN
2026-01-10 07:34:19 | WARNING  | [lf.day.no_flights] No direct flights on 25JAN
2026-01-10 07:34:19 | INFO     | [SUCCESS] Day 25JAN
2026-01-10 07:34:19 | INFO     | [SUCCESS] LF Search Complete
2026-01-10 07:34:21 | INFO     | [Worker_9234] Completed: AJF-ATZ - 7 results, 0 errors
2026-01-10 07:34:21 | INFO     | [Worker_9234] Processing: GIZ-CAI
2026-01-10 07:34:21 | INFO     |   Tier 0: Range 2, Chunk 1/3 (7 days)
