2026-01-10 07:33:35 | INFO     | ======================================================================
2026-01-10 07:33:35 | INFO     | Load Factor Scraper Started - Route: DMM-CAI
2026-01-10 07:33:35 | INFO     | Log file: D:\CODERED\LAB\Artifacts\run_100126_at_07.32\logs\LF_DMM-CAI_20260110_073335.log
2026-01-10 07:33:35 | INFO     | Enhanced logging: Capturing both logging.info() and print()
2026-01-10 07:33:35 | INFO     | ======================================================================
2026-01-10 07:33:35 | INFO     | Starting LF search for route: DMM-CAI
2026-01-10 07:33:35 | INFO     | [START] LF Search
2026-01-10 07:33:37 | INFO     | [HEALTH CHECK] [OK] Chrome connection is healthy
2026-01-10 07:33:37 | INFO     | [DAY_START] Processing 31JAN
2026-01-10 07:33:37 | INFO     | [lf.day.start] Processing DMM-CAI for 31JAN
2026-01-10 07:33:38 | INFO     | [lf.day.flights_found] Found 1 flights on 31JAN
2026-01-10 07:33:39 | INFO     | [lf.flight.extracted] SM434 on 31JAN: BKG=22, LF=12.6%
2026-01-10 07:33:43 | INFO     | [SUCCESS] Day 31JAN
2026-01-10 07:33:43 | INFO     | [DAY_START] Processing 30JAN
2026-01-10 07:33:43 | INFO     | [lf.day.start] Processing DMM-CAI for 30JAN
2026-01-10 07:33:43 | INFO     | [lf.day.flights_found] Found 1 flights on 30JAN
2026-01-10 07:33:45 | INFO     | [lf.flight.extracted] SM434 on 30JAN: BKG=39, LF=22.3%
2026-01-10 07:33:48 | INFO     | [SUCCESS] Day 30JAN
2026-01-10 07:33:48 | INFO     | [DAY_START] Processing 29JAN
2026-01-10 07:33:48 | INFO     | [lf.day.start] Processing DMM-CAI for 29JAN
2026-01-10 07:33:49 | INFO     | [lf.day.flights_found] Found 1 flights on 29JAN
2026-01-10 07:33:51 | INFO     | [lf.flight.extracted] SM434 on 29JAN: BKG=19, LF=10.9%
2026-01-10 07:33:53 | INFO     | [SUCCESS] Day 29JAN
2026-01-10 07:33:53 | INFO     | [DAY_START] Processing 28JAN
2026-01-10 07:33:53 | INFO     | [lf.day.start] Processing DMM-CAI for 28JAN
2026-01-10 07:33:54 | WARNING  | [lf.day.no_flights] No direct flights on 28JAN
2026-01-10 07:33:54 | INFO     | [SUCCESS] Day 28JAN
2026-01-10 07:33:54 | INFO     | [DAY_START] Processing 27JAN
2026-01-10 07:33:54 | INFO     | [lf.day.start] Processing DMM-CAI for 27JAN
2026-01-10 07:33:55 | INFO     | [lf.day.flights_found] Found 1 flights on 27JAN
2026-01-10 07:33:57 | INFO     | [lf.flight.extracted] SM434 on 27JAN: BKG=26, LF=15.5%
2026-01-10 07:34:00 | INFO     | [SUCCESS] Day 27JAN
2026-01-10 07:34:00 | INFO     | [DAY_START] Processing 26JAN
2026-01-10 07:34:00 | INFO     | [lf.day.start] Processing DMM-CAI for 26JAN
2026-01-10 07:34:01 | WARNING  | [lf.day.no_flights] No direct flights on 26JAN
2026-01-10 07:34:01 | INFO     | [SUCCESS] Day 26JAN
2026-01-10 07:34:01 | INFO     | [DAY_START] Processing 25JAN
2026-01-10 07:34:01 | INFO     | [lf.day.start] Processing DMM-CAI for 25JAN
2026-01-10 07:34:02 | WARNING  | [lf.day.no_flights] No direct flights on 25JAN
2026-01-10 07:34:02 | INFO     | [SUCCESS] Day 25JAN
2026-01-10 07:34:02 | INFO     | [SUCCESS] LF Search Complete
2026-01-10 07:34:04 | INFO     | [Worker_9234] Completed: DMM-CAI - 7 results, 0 errors
2026-01-10 07:34:04 | INFO     | [Worker_9234] Processing: AJF-ATZ
2026-01-10 07:34:04 | INFO     |   Tier 0: Range 2, Chunk 1/3 (7 days)
