2026-01-10 07:34:20 | INFO     | ======================================================================
2026-01-10 07:34:20 | INFO     | Load Factor Scraper Started - Route: ELQ-ATZ
2026-01-10 07:34:20 | INFO     | Log file: D:\CODERED\LAB\Artifacts\run_100126_at_07.32\logs\LF_ELQ-ATZ_20260110_073420.log
2026-01-10 07:34:20 | INFO     | Enhanced logging: Capturing both logging.info() and print()
2026-01-10 07:34:20 | INFO     | ======================================================================
2026-01-10 07:34:20 | INFO     | Starting LF search for route: ELQ-ATZ
2026-01-10 07:34:20 | INFO     | [START] LF Search
2026-01-10 07:34:21 | INFO     | [HEALTH CHECK] [OK] Chrome connection is healthy
2026-01-10 07:34:21 | INFO     | [DAY_START] Processing 31JAN
2026-01-10 07:34:21 | INFO     | [lf.day.start] Processing ELQ-ATZ for 31JAN
2026-01-10 07:34:22 | INFO     | [lf.day.flights_found] Found 1 flights on 31JAN
2026-01-10 07:34:24 | INFO     | [lf.flight.extracted] SM436 on 31JAN: BKG=63, LF=36.0%
2026-01-10 07:34:28 | INFO     | [SUCCESS] Day 31JAN
2026-01-10 07:34:28 | INFO     | [DAY_START] Processing 30JAN
2026-01-10 07:34:28 | INFO     | [lf.day.start] Processing ELQ-ATZ for 30JAN
2026-01-10 07:34:29 | WARNING  | [lf.day.no_flights] No direct flights on 30JAN
2026-01-10 07:34:29 | INFO     | [SUCCESS] Day 30JAN
2026-01-10 07:34:29 | INFO     | [DAY_START] Processing 29JAN
2026-01-10 07:34:29 | INFO     | [lf.day.start] Processing ELQ-ATZ for 29JAN
2026-01-10 07:34:29 | WARNING  | [lf.day.no_flights] No direct flights on 29JAN
2026-01-10 07:34:30 | INFO     | [SUCCESS] Day 29JAN
2026-01-10 07:34:30 | INFO     | [DAY_START] Processing 28JAN
2026-01-10 07:34:30 | INFO     | [lf.day.start] Processing ELQ-ATZ for 28JAN
2026-01-10 07:34:31 | INFO     | [lf.day.flights_found] Found 1 flights on 28JAN
2026-01-10 07:34:32 | INFO     | [lf.flight.extracted] SM436 on 28JAN: BKG=90, LF=51.4%
2026-01-10 07:34:38 | INFO     | [SUCCESS] Day 28JAN
2026-01-10 07:34:38 | INFO     | [DAY_START] Processing 27JAN
2026-01-10 07:34:38 | INFO     | [lf.day.start] Processing ELQ-ATZ for 27JAN
2026-01-10 07:34:39 | WARNING  | [lf.day.no_flights] No direct flights on 27JAN
2026-01-10 07:34:39 | INFO     | [SUCCESS] Day 27JAN
2026-01-10 07:34:39 | INFO     | [DAY_START] Processing 26JAN
2026-01-10 07:34:39 | INFO     | [lf.day.start] Processing ELQ-ATZ for 26JAN
2026-01-10 07:34:40 | WARNING  | [lf.day.no_flights] No direct flights on 26JAN
2026-01-10 07:34:40 | INFO     | [SUCCESS] Day 26JAN
2026-01-10 07:34:40 | INFO     | [DAY_START] Processing 25JAN
2026-01-10 07:34:40 | INFO     | [lf.day.start] Processing ELQ-ATZ for 25JAN
2026-01-10 07:34:41 | WARNING  | [lf.day.no_flights] No direct flights on 25JAN
2026-01-10 07:34:41 | INFO     | [SUCCESS] Day 25JAN
2026-01-10 07:34:41 | INFO     | [SUCCESS] LF Search Complete
2026-01-10 07:34:43 | INFO     | [Worker_9227] Completed: ELQ-ATZ - 7 results, 0 errors
2026-01-10 07:34:43 | INFO     | [Worker_9227] Processing: HBE-JED
2026-01-10 07:34:43 | INFO     |   Tier 0: Range 2, Chunk 1/3 (7 days)
