2026-01-10 07:34:34 | INFO     | ======================================================================
2026-01-10 07:34:34 | INFO     | Load Factor Scraper Started - Route: HBE-MED
2026-01-10 07:34:34 | INFO     | Log file: D:\CODERED\LAB\Artifacts\run_100126_at_07.32\logs\LF_HBE-MED_20260110_073434.log
2026-01-10 07:34:34 | INFO     | Enhanced logging: Capturing both logging.info() and print()
2026-01-10 07:34:34 | INFO     | ======================================================================
2026-01-10 07:34:34 | INFO     | Starting LF search for route: HBE-MED
2026-01-10 07:34:34 | INFO     | [START] LF Search
2026-01-10 07:34:35 | INFO     | [HEALTH CHECK] [OK] Chrome connection is healthy
2026-01-10 07:34:35 | INFO     | [DAY_START] Processing 31JAN
2026-01-10 07:34:35 | INFO     | [lf.day.start] Processing HBE-MED for 31JAN
2026-01-10 07:34:36 | WARNING  | [lf.day.no_flights] No direct flights on 31JAN
2026-01-10 07:34:36 | INFO     | [SUCCESS] Day 31JAN
2026-01-10 07:34:36 | INFO     | [DAY_START] Processing 30JAN
2026-01-10 07:34:36 | INFO     | [lf.day.start] Processing HBE-MED for 30JAN
2026-01-10 07:34:37 | WARNING  | [lf.day.no_flights] No direct flights on 30JAN
2026-01-10 07:34:37 | INFO     | [SUCCESS] Day 30JAN
2026-01-10 07:34:37 | INFO     | [DAY_START] Processing 29JAN
2026-01-10 07:34:37 | INFO     | [lf.day.start] Processing HBE-MED for 29JAN
2026-01-10 07:34:38 | INFO     | [lf.day.flights_found] Found 1 flights on 29JAN
2026-01-10 07:34:40 | INFO     | [lf.flight.extracted] SM485 on 29JAN: BKG=179, LF=100.0%
2026-01-10 07:34:44 | INFO     | [SUCCESS] Day 29JAN
2026-01-10 07:34:44 | INFO     | [DAY_START] Processing 28JAN
2026-01-10 07:34:44 | INFO     | [lf.day.start] Processing HBE-MED for 28JAN
2026-01-10 07:34:44 | INFO     | [lf.day.flights_found] Found 1 flights on 28JAN
2026-01-10 07:34:46 | INFO     | [lf.flight.extracted] SM485 on 28JAN: BKG=179, LF=100.0%
2026-01-10 07:34:49 | INFO     | [SUCCESS] Day 28JAN
2026-01-10 07:34:49 | INFO     | [DAY_START] Processing 27JAN
2026-01-10 07:34:49 | INFO     | [lf.day.start] Processing HBE-MED for 27JAN
2026-01-10 07:34:50 | INFO     | [lf.day.flights_found] Found 1 flights on 27JAN
2026-01-10 07:34:52 | INFO     | [lf.flight.extracted] SM485 on 27JAN: BKG=179, LF=100.0%
