2026-01-10 07:33:44 | INFO     | ======================================================================
2026-01-10 07:33:44 | INFO     | Load Factor Scraper Started - Route: TUU-CAI
2026-01-10 07:33:44 | INFO     | Log file: D:\CODERED\LAB\Artifacts\run_100126_at_07.32\logs\LF_TUU-CAI_20260110_073344.log
2026-01-10 07:33:44 | INFO     | Enhanced logging: Capturing both logging.info() and print()
2026-01-10 07:33:44 | INFO     | ======================================================================
2026-01-10 07:33:44 | INFO     | Starting LF search for route: TUU-CAI
2026-01-10 07:33:44 | INFO     | [START] LF Search
2026-01-10 07:33:45 | INFO     | [HEALTH CHECK] [OK] Chrome connection is healthy
2026-01-10 07:33:45 | INFO     | [DAY_START] Processing 31JAN
2026-01-10 07:33:45 | INFO     | [lf.day.start] Processing TUU-CAI for 31JAN
2026-01-10 07:33:45 | INFO     | [lf.day.flights_found] Found 1 flights on 31JAN
2026-01-10 07:33:47 | INFO     | [lf.flight.extracted] SM326 on 31JAN: BKG=10, LF=5.7%
2026-01-10 07:33:50 | INFO     | [SUCCESS] Day 31JAN
2026-01-10 07:33:50 | INFO     | [DAY_START] Processing 30JAN
2026-01-10 07:33:50 | INFO     | [lf.day.start] Processing TUU-CAI for 30JAN
2026-01-10 07:33:51 | WARNING  | [lf.day.no_flights] No direct flights on 30JAN
2026-01-10 07:33:51 | INFO     | [SUCCESS] Day 30JAN
2026-01-10 07:33:51 | INFO     | [DAY_START] Processing 29JAN
2026-01-10 07:33:51 | INFO     | [lf.day.start] Processing TUU-CAI for 29JAN
2026-01-10 07:33:52 | INFO     | [lf.day.flights_found] Found 1 flights on 29JAN
2026-01-10 07:33:53 | INFO     | [lf.flight.extracted] SM326 on 29JAN: BKG=26, LF=14.9%
2026-01-10 07:33:57 | INFO     | [SUCCESS] Day 29JAN
2026-01-10 07:33:57 | INFO     | [DAY_START] Processing 28JAN
2026-01-10 07:33:57 | INFO     | [lf.day.start] Processing TUU-CAI for 28JAN
2026-01-10 07:33:57 | INFO     | [lf.day.flights_found] Found 1 flights on 28JAN
2026-01-10 07:33:59 | INFO     | [lf.flight.extracted] SM326 on 28JAN: BKG=9, LF=5.1%
2026-01-10 07:34:02 | INFO     | [SUCCESS] Day 28JAN
2026-01-10 07:34:02 | INFO     | [DAY_START] Processing 27JAN
2026-01-10 07:34:02 | INFO     | [lf.day.start] Processing TUU-CAI for 27JAN
2026-01-10 07:34:03 | WARNING  | [lf.day.no_flights] No direct flights on 27JAN
2026-01-10 07:34:03 | INFO     | [SUCCESS] Day 27JAN
2026-01-10 07:34:03 | INFO     | [DAY_START] Processing 26JAN
2026-01-10 07:34:03 | INFO     | [lf.day.start] Processing TUU-CAI for 26JAN
2026-01-10 07:34:04 | WARNING  | [lf.day.no_flights] No direct flights on 26JAN
2026-01-10 07:34:04 | INFO     | [SUCCESS] Day 26JAN
2026-01-10 07:34:04 | INFO     | [DAY_START] Processing 25JAN
2026-01-10 07:34:04 | INFO     | [lf.day.start] Processing TUU-CAI for 25JAN
2026-01-10 07:34:05 | WARNING  | [lf.day.no_flights] No direct flights on 25JAN
2026-01-10 07:34:05 | INFO     | [SUCCESS] Day 25JAN
2026-01-10 07:34:05 | INFO     | [SUCCESS] LF Search Complete
2026-01-10 07:34:07 | INFO     | [Worker_9223] Completed: TUU-CAI - 7 results, 0 errors
2026-01-10 07:34:07 | INFO     | [Worker_9223] Processing: AHB-CAI
2026-01-10 07:34:07 | INFO     |   Tier 0: Range 2, Chunk 1/3 (7 days)
