
============================================================
     LF WORKER - PORT 9225
============================================================
Worker: Worker_9225
Status: READY
Waiting for tasks...
============================================================


============================================================
[Worker_9225] Processing: HBE-JED
  Tier 0: Range 1, Chunk 2/3
  Dates: 4 days
  Date Range: 2026-01-01 to 2025-12-29
============================================================

2025-12-25 08:13:06 | INFO     | ======================================================================
2025-12-25 08:13:06 | INFO     | Load Factor Scraper Started - Route: HBE-JED
2025-12-25 08:13:06 | INFO     | Log file: D:\CODERED\OUTPUTS\logs\LF_HBE-JED_20251225_081306.log
2025-12-25 08:13:06 | INFO     | Enhanced logging: Capturing both logging.info() and print()
2025-12-25 08:13:06 | INFO     | ======================================================================
[LF] Processing dates (override): ['01JAN', '31DEC', '30DEC', '29DEC']
[LF] Attaching to Chrome for Altea access
[LF][[OK] SUCCESS] Connected to Chrome on 127.0.0.1:9225 (after 1 attempts)
[LF][[OK] SUCCESS] Found Amadeus Altea window: Altéa Reservation Desktop
[LF][[INFO] INFO] URL: https://tc212.resdesktop.altea.amadeus.com/app_ard/apf/init/login?SITE=ESMPESMP&LANGUAGE=GB&MARKETS=ARDW_PROD_WBP&ACTION=clpLogin
[LF] Processing HBE-JED for 01JAN
[LF][ERROR] Amadeus command error detected: UNKNOWN TRANSACTION
[LF][ERROR] Command: SN01JANHBEJED/ASM
[LF][RESYNC] Triggering immediate resync to last successful SN command
============================================================
[LF][RESYNC] Command 'SN01JANHBEJED/ASM' failed: TECH_ERROR:UNKNOWN TRANSACTION
[LF][RESYNC] Re-running entire day from SN command for HBE-JED 01JAN
[LF][RESYNC] Attempt 1/50 (waiting 1.0s before retry...)
============================================================
[LF][RESYNC] Sending IG to clear session state...
[LF][RESYNC] Session cleared with IG
[LF] Processing HBE-JED for 01JAN
[LF] 01JAN: found 1 direct flights
[LF] SM451 01JAN: BKG=178, GRP=160, CAP=180, LF%=98.9%, Brd-Off=HBE-JED, Classes: P:160, X:1, T:17
[LPC] SM451 01JAN: Found 1 outbound flights with connecting passengers
[LF] Getting WEEKLY/LASTSOLD data for 1 flights
[LF] SM451 01JAN: LASTSOLD=2025-12-21 00:00:00, WEEKLY=1, TODAY=0, YDAY=0
[LF] Processing HBE-JED for 31DEC
[LF] 31DEC: found 3 direct flights
[LF] SM451 31DEC: BKG=151, GRP=128, CAP=180, LF%=83.9%, Brd-Off=HBE-JED, Classes: P:128, X:20, T:2, S:1
[LF] SM457 31DEC: BKG=160, GRP=141, CAP=180, LF%=88.9%, Brd-Off=HBE-JED, Classes: P:141, X:17, T:2
[LF] SM473 31DEC: BKG=166, GRP=148, CAP=180, LF%=92.2%, Brd-Off=HBE-JED, Classes: P:148, X:10, T:5, W:3
[LF] Getting WEEKLY/LASTSOLD data for 3 flights
[LF] SM451 31DEC: LASTSOLD=2025-12-24 00:00:00, WEEKLY=6, TODAY=0, YDAY=1
[LF] SM457 31DEC: LASTSOLD=2025-12-23 00:00:00, WEEKLY=5, TODAY=0, YDAY=0
[LF] SM473 31DEC: LASTSOLD=2025-12-24 00:00:00, WEEKLY=10, TODAY=0, YDAY=4
[LF] Processing HBE-JED for 30DEC
[LF] 30DEC: found 1 direct flights
[LF] SM451 30DEC: BKG=169, GRP=137, CAP=180, LF%=93.9%, Brd-Off=HBE-JED, Classes: P:137, I:5, O:5, U:5, X:5, T:10, W:1, K:1
[LPC] SM451 30DEC: Found 0 outbound flights with connecting passengers
[LF] Getting WEEKLY/LASTSOLD data for 1 flights
[LF] SM451 30DEC: LASTSOLD=2025-12-22 00:00:00, WEEKLY=1, TODAY=0, YDAY=0
[LF] Processing HBE-JED for 29DEC
[LF] 29DEC: found 2 direct flights
[LF] SM457 29DEC: BKG=158, GRP=129, CAP=180, LF%=87.8%, Brd-Off=HBE-JED, Classes: P:129, U:10, X:10, T:7, W:2
[LF] SM451 29DEC: BKG=180, GRP=160, CAP=180, LF%=100.0%, Brd-Off=HBE-JED, Classes: P:160, X:10, T:9, K:1
[LF] Getting WEEKLY/LASTSOLD data for 2 flights
[LF] SM457 29DEC: LASTSOLD=2025-12-25 00:00:00, WEEKLY=22, TODAY=1, YDAY=5
[LF] SM451 29DEC: LASTSOLD=2025-12-24 00:00:00, WEEKLY=6, TODAY=0, YDAY=6
[LF] Results summary:
  2026-01-01: 1 flights
  2025-12-31: 3 flights
  2025-12-30: 1 flights
  2025-12-29: 2 flights

============================================================
[Worker_9225] ✓ COMPLETED: HBE-JED
  Results: 4 dates
  Errors: 0 dates
  Total Processed: 1 groups
============================================================

[Worker_9225] Waiting for tasks...

============================================================
[Worker_9225] Shutdown signal received
Exiting...
============================================================

============================================================
[Worker_9225] FINISHED
  Total Groups Processed: 1
============================================================

