
============================================================
     LF WORKER - PORT 9233
============================================================
Worker: Worker_9233
Status: READY
Waiting for tasks...
============================================================


============================================================
[Worker_9233] Processing: JED-CAI
  Tier 0: Range 1, Chunk 3/3
  Dates: 3 days
  Date Range: 2025-12-28 to 2025-12-26
============================================================

2025-12-25 08:13:06 | INFO     | ======================================================================
2025-12-25 08:13:06 | INFO     | Load Factor Scraper Started - Route: JED-CAI
2025-12-25 08:13:06 | INFO     | Log file: D:\CODERED\OUTPUTS\logs\LF_JED-CAI_20251225_081306.log
2025-12-25 08:13:06 | INFO     | Enhanced logging: Capturing both logging.info() and print()
2025-12-25 08:13:06 | INFO     | ======================================================================
[LF] Processing dates (override): ['28DEC', '27DEC', '26DEC']
[LF] Attaching to Chrome for Altea access
[LF][[OK] SUCCESS] Connected to Chrome on 127.0.0.1:9233 (after 1 attempts)
[LF][[OK] SUCCESS] Found Amadeus Altea window: Altéa Reservation Desktop
[LF][[INFO] INFO] URL: https://tc212.resdesktop.altea.amadeus.com/app_ard/apf/init/login?SITE=ESMPESMP&LANGUAGE=GB&MARKETS=ARDW_PROD_WBP&ACTION=clpLogin
[LF] Processing JED-CAI for 28DEC
[LF][ERROR] Amadeus command error detected: UNKNOWN TRANSACTION
[LF][ERROR] Command: SN28DECJEDCAI/ASM
[LF][RESYNC] Triggering immediate resync to last successful SN command
============================================================
[LF][RESYNC] Command 'SN28DECJEDCAI/ASM' failed: TECH_ERROR:UNKNOWN TRANSACTION
[LF][RESYNC] Re-running entire day from SN command for JED-CAI 28DEC
[LF][RESYNC] Attempt 1/50 (waiting 1.0s before retry...)
============================================================
[LF][RESYNC] Sending IG to clear session state...
[LF][RESYNC] Session cleared with IG
[LF] Processing JED-CAI for 28DEC
[LF] 28DEC: 1 cancelled flight(s) detected from SN
[LF] 28DEC: found 4 direct flights
[LF] SM424 28DEC: BKG=179, GRP=129, CAP=176, LF%=101.7%, Brd-Off=JED-CAI, Classes: N:2, P:27, E:100, I:25, O:14, U:5, X:1, S:5
[LPC] SM424 28DEC: Found 2 outbound flights with connecting passengers
[LF] SM476 28DEC: BKG=176, GRP=145, CAP=179, LF%=98.3%, Brd-Off=JED-CAI, Classes: P:96, E:50, I:19, O:10, W:1
[LF] SM460 28DEC: BKG=177, GRP=130, CAP=179, LF%=98.9%, Brd-Off=JED-CAI, Classes: P:130, I:18, O:10, U:9, X:1, S:9
[LPC] SM460 28DEC: Found 0 outbound flights with connecting passengers
[LF] SM478 28DEC: BKG=166, GRP=130, CAP=179, LF%=92.7%, Brd-Off=JED-CAI, Classes: P:130, I:20, O:9, U:4, S:2, L:1
[LF] Getting WEEKLY/LASTSOLD data for 4 flights
[LF] SM424 28DEC: LASTSOLD=2025-12-24 00:00:00, WEEKLY=19, TODAY=0, YDAY=4
[LF] SM476 28DEC: LASTSOLD=2025-12-24 00:00:00, WEEKLY=11, TODAY=0, YDAY=3
[LF] SM460 28DEC: LASTSOLD=2025-12-23 00:00:00, WEEKLY=12, TODAY=0, YDAY=0
[LF] SM478 28DEC: LASTSOLD=2025-12-22 00:00:00, WEEKLY=10, TODAY=0, YDAY=0
[LF] Processing JED-CAI for 27DEC
[LF] 27DEC: found 3 direct flights
[LF] SM450 27DEC: BKG=73, GRP=0, CAP=179, LF%=40.8%, Brd-Off=JED-CAI, Classes: I:40, O:24, U:6, W:1, S:2
[LPC] SM450 27DEC: Found 1 outbound flights with connecting passengers
[LF] SM476 27DEC: BKG=165, GRP=126, CAP=179, LF%=92.2%, Brd-Off=JED-CAI, Classes: P:126, I:16, O:10, U:12, X:1
[LF] SM478 27DEC: BKG=177, GRP=133, CAP=179, LF%=98.9%, Brd-Off=JED-CAI, Classes: N:4, P:86, E:45, I:12, O:9, U:9, X:1, S:11
[LPC] SM478 27DEC: Found 0 outbound flights with connecting passengers
[LF] Getting WEEKLY/LASTSOLD data for 3 flights
[LF] SM450 27DEC: LASTSOLD=2025-12-24 00:00:00, WEEKLY=35, TODAY=0, YDAY=19
[LF] SM476 27DEC: LASTSOLD=2025-12-23 00:00:00, WEEKLY=10, TODAY=0, YDAY=0
[LF] SM478 27DEC: LASTSOLD=2025-12-24 00:00:00, WEEKLY=5, TODAY=0, YDAY=2
[LF] Processing JED-CAI for 26DEC
[LF] 26DEC: 2 cancelled flight(s) detected from SN
[LF] 26DEC: found 4 direct flights
[LF] SM424 26DEC: BKG=45, GRP=0, CAP=179, LF%=25.1%, Brd-Off=JED-CAI, Classes: I:35, O:9, W:1
[LF] SM476 26DEC: BKG=50, GRP=0, CAP=179, LF%=27.9%, Brd-Off=JED-CAI, Classes: I:42, O:4, U:2, S:2
[LPC] SM476 26DEC: Found 1 outbound flights with connecting passengers
[LF] SM480 26DEC: BKG=127, GRP=1, CAP=179, LF%=71.0%, Brd-Off=JED-CAI, Classes: P:1, I:75, O:37, U:5, X:1, W:1, S:7
[LF] SM460 26DEC: BKG=164, GRP=45, CAP=179, LF%=91.6%, Brd-Off=JED-CAI, Classes: P:45, I:57, O:39, U:20, X:1, S:2
[LPC] SM460 26DEC: Found 0 outbound flights with connecting passengers
[LF] Getting WEEKLY/LASTSOLD data for 4 flights
[LF] SM424 26DEC: LASTSOLD=2025-12-24 00:00:00, WEEKLY=23, TODAY=0, YDAY=7
[LF] SM476 26DEC: LASTSOLD=2025-12-24 00:00:00, WEEKLY=26, TODAY=0, YDAY=7
[LF] SM480 26DEC: LASTSOLD=2025-12-24 00:00:00, WEEKLY=55, TODAY=0, YDAY=12
[LF] SM460 26DEC: LASTSOLD=2025-12-24 00:00:00, WEEKLY=48, TODAY=0, YDAY=21
[LF] Results summary:
  2025-12-28: 4 flights
  2025-12-27: 3 flights
  2025-12-26: 4 flights
[LF] Cancelled flights found: 3
  - SM432 28DEC (SN)
  - SM478 26DEC (SN)
  - SM472 26DEC (SN)
[Worker_9233] Cancelled flights collected: 3

============================================================
[Worker_9233] ✓ COMPLETED: JED-CAI
  Results: 3 dates
  Errors: 0 dates
  Total Processed: 1 groups
============================================================

[Worker_9233] Waiting for tasks...

============================================================
[Worker_9233] Shutdown signal received
Exiting...
============================================================

============================================================
[Worker_9233] FINISHED
  Total Groups Processed: 1
============================================================

