2026-01-10 08:39:01 | INFO     | ======================================================================
2026-01-10 08:39:01 | INFO     | Load Factor Scraper Started - Route: ATZ-DMM
2026-01-10 08:39:01 | INFO     | Log file: D:\CODERED\LAB\Artifacts\run_generated_100126_at_08.36\logs\LF_ATZ-DMM_20260110_083901.log
2026-01-10 08:39:01 | INFO     | Enhanced logging: Capturing both logging.info() and print()
2026-01-10 08:39:01 | INFO     | ======================================================================
2026-01-10 08:39:01 | INFO     | Starting LF search for route: ATZ-DMM
2026-01-10 08:39:01 | INFO     | [START] LF Search
2026-01-10 08:39:02 | INFO     | [HEALTH CHECK] [OK] Chrome connection is healthy
2026-01-10 08:39:02 | INFO     | [DAY_START] Processing 20JAN
2026-01-10 08:39:02 | INFO     | [lf.day.start] Processing ATZ-DMM for 20JAN
2026-01-10 08:39:03 | WARNING  | [lf.day.no_flights] No direct flights on 20JAN
2026-01-10 08:39:03 | INFO     | [SUCCESS] Day 20JAN
2026-01-10 08:39:03 | INFO     | [DAY_START] Processing 19JAN
2026-01-10 08:39:03 | INFO     | [lf.day.start] Processing ATZ-DMM for 19JAN
2026-01-10 08:39:05 | INFO     | [lf.day.flights_found] Found 1 flights on 19JAN
2026-01-10 08:39:07 | INFO     | [lf.flight.extracted] SM437 on 19JAN: BKG=112, LF=62.6%
2026-01-10 08:39:14 | INFO     | [SUCCESS] Day 19JAN
2026-01-10 08:39:14 | INFO     | [DAY_START] Processing 18JAN
2026-01-10 08:39:14 | INFO     | [lf.day.start] Processing ATZ-DMM for 18JAN
2026-01-10 08:39:14 | WARNING  | [lf.day.no_flights] No direct flights on 18JAN
2026-01-10 08:39:15 | INFO     | [SUCCESS] Day 18JAN
2026-01-10 08:39:15 | INFO     | [DAY_START] Processing 17JAN
2026-01-10 08:39:15 | INFO     | [lf.day.start] Processing ATZ-DMM for 17JAN
2026-01-10 08:39:15 | WARNING  | [lf.day.no_flights] No direct flights on 17JAN
2026-01-10 08:39:16 | INFO     | [SUCCESS] Day 17JAN
2026-01-10 08:39:16 | INFO     | [DAY_START] Processing 16JAN
2026-01-10 08:39:16 | INFO     | [lf.day.start] Processing ATZ-DMM for 16JAN
2026-01-10 08:39:17 | INFO     | [lf.day.flights_found] Found 1 flights on 16JAN
2026-01-10 08:39:19 | INFO     | [lf.flight.extracted] SM437 on 16JAN: BKG=149, LF=83.2%
2026-01-10 08:39:25 | INFO     | [SUCCESS] Day 16JAN
2026-01-10 08:39:25 | INFO     | [DAY_START] Processing 15JAN
2026-01-10 08:39:25 | INFO     | [lf.day.start] Processing ATZ-DMM for 15JAN
2026-01-10 08:39:26 | WARNING  | [lf.day.no_flights] No direct flights on 15JAN
2026-01-10 08:39:26 | INFO     | [SUCCESS] Day 15JAN
2026-01-10 08:39:26 | INFO     | [DAY_START] Processing 14JAN
2026-01-10 08:39:26 | INFO     | [lf.day.start] Processing ATZ-DMM for 14JAN
2026-01-10 08:39:27 | WARNING  | [lf.day.no_flights] No direct flights on 14JAN
2026-01-10 08:39:27 | INFO     | [SUCCESS] Day 14JAN
2026-01-10 08:39:27 | INFO     | [DAY_START] Processing 13JAN
2026-01-10 08:39:27 | INFO     | [lf.day.start] Processing ATZ-DMM for 13JAN
2026-01-10 08:39:28 | WARNING  | [lf.day.no_flights] No direct flights on 13JAN
2026-01-10 08:39:28 | INFO     | [SUCCESS] Day 13JAN
2026-01-10 08:39:28 | INFO     | [DAY_START] Processing 12JAN
2026-01-10 08:39:28 | INFO     | [lf.day.start] Processing ATZ-DMM for 12JAN
2026-01-10 08:39:29 | INFO     | [lf.day.flights_found] Found 1 flights on 12JAN
2026-01-10 08:39:32 | INFO     | [lf.flight.extracted] SM437 on 12JAN: BKG=158, LF=88.3%
2026-01-10 08:39:40 | INFO     | [SUCCESS] Day 12JAN
2026-01-10 08:39:40 | INFO     | [DAY_START] Processing 11JAN
2026-01-10 08:39:40 | INFO     | [lf.day.start] Processing ATZ-DMM for 11JAN
2026-01-10 08:39:41 | WARNING  | [lf.day.no_flights] No direct flights on 11JAN
2026-01-10 08:39:41 | INFO     | [SUCCESS] Day 11JAN
2026-01-10 08:39:41 | INFO     | [SUCCESS] LF Search Complete
2026-01-10 08:39:43 | INFO     | [Worker_9225] Completed: ATZ-DMM - 10 results, 0 errors
2026-01-10 08:45:33 | INFO     | [Worker_9225] Shutdown signal received, exiting...
2026-01-10 08:45:33 | INFO     | [Worker_9225] Finished. Processed 4 groups.
