2026-01-10 08:38:03 | INFO     | ======================================================================
2026-01-10 08:38:03 | INFO     | Load Factor Scraper Started - Route: CAI-DMM
2026-01-10 08:38:03 | INFO     | Log file: D:\CODERED\LAB\Artifacts\run_generated_100126_at_08.36\logs\LF_CAI-DMM_20260110_083803.log
2026-01-10 08:38:03 | INFO     | Enhanced logging: Capturing both logging.info() and print()
2026-01-10 08:38:03 | INFO     | ======================================================================
2026-01-10 08:38:03 | INFO     | Starting LF search for route: CAI-DMM
2026-01-10 08:38:03 | INFO     | [START] LF Search
2026-01-10 08:38:05 | INFO     | [HEALTH CHECK] [OK] Chrome connection is healthy
2026-01-10 08:38:05 | INFO     | [DAY_START] Processing 20JAN
2026-01-10 08:38:05 | INFO     | [lf.day.start] Processing CAI-DMM for 20JAN
2026-01-10 08:38:06 | INFO     | [lf.day.flights_found] Found 1 flights on 20JAN
2026-01-10 08:38:09 | INFO     | [lf.flight.extracted] SM433 on 20JAN: BKG=122, LF=68.2%
2026-01-10 08:38:15 | INFO     | [SUCCESS] Day 20JAN
2026-01-10 08:38:15 | INFO     | [DAY_START] Processing 19JAN
2026-01-10 08:38:15 | INFO     | [lf.day.start] Processing CAI-DMM for 19JAN
2026-01-10 08:38:16 | WARNING  | [lf.day.no_flights] No direct flights on 19JAN
2026-01-10 08:38:16 | INFO     | [SUCCESS] Day 19JAN
2026-01-10 08:38:16 | INFO     | [DAY_START] Processing 18JAN
2026-01-10 08:38:16 | INFO     | [lf.day.start] Processing CAI-DMM for 18JAN
2026-01-10 08:38:17 | WARNING  | [lf.day.no_flights] No direct flights on 18JAN
2026-01-10 08:38:17 | INFO     | [SUCCESS] Day 18JAN
2026-01-10 08:38:17 | INFO     | [DAY_START] Processing 17JAN
2026-01-10 08:38:17 | INFO     | [lf.day.start] Processing CAI-DMM for 17JAN
2026-01-10 08:38:18 | INFO     | [lf.day.flights_found] Found 1 flights on 17JAN
2026-01-10 08:38:20 | INFO     | [lf.flight.extracted] SM433 on 17JAN: BKG=102, LF=57.0%
2026-01-10 08:38:26 | INFO     | [SUCCESS] Day 17JAN
2026-01-10 08:38:26 | INFO     | [DAY_START] Processing 16JAN
2026-01-10 08:38:26 | INFO     | [lf.day.start] Processing CAI-DMM for 16JAN
2026-01-10 08:38:27 | INFO     | [lf.day.flights_found] Found 1 flights on 16JAN
2026-01-10 08:38:29 | INFO     | [lf.flight.extracted] SM433 on 16JAN: BKG=121, LF=67.6%
2026-01-10 08:38:34 | INFO     | [SUCCESS] Day 16JAN
2026-01-10 08:38:34 | INFO     | [DAY_START] Processing 15JAN
2026-01-10 08:38:34 | INFO     | [lf.day.start] Processing CAI-DMM for 15JAN
2026-01-10 08:38:35 | INFO     | [lf.day.flights_found] Found 1 flights on 15JAN
2026-01-10 08:38:37 | INFO     | [lf.flight.extracted] SM433 on 15JAN: BKG=112, LF=62.6%
2026-01-10 08:38:43 | INFO     | [SUCCESS] Day 15JAN
2026-01-10 08:38:43 | INFO     | [DAY_START] Processing 14JAN
2026-01-10 08:38:43 | INFO     | [lf.day.start] Processing CAI-DMM for 14JAN
2026-01-10 08:38:45 | WARNING  | [lf.day.no_flights] No direct flights on 14JAN
2026-01-10 08:38:45 | INFO     | [SUCCESS] Day 14JAN
2026-01-10 08:38:45 | INFO     | [DAY_START] Processing 13JAN
2026-01-10 08:38:45 | INFO     | [lf.day.start] Processing CAI-DMM for 13JAN
2026-01-10 08:38:46 | INFO     | [lf.day.flights_found] Found 1 flights on 13JAN
2026-01-10 08:38:51 | INFO     | [lf.flight.extracted] SM433 on 13JAN: BKG=138, LF=77.1%
2026-01-10 08:38:57 | INFO     | [SUCCESS] Day 13JAN
2026-01-10 08:38:57 | INFO     | [DAY_START] Processing 12JAN
2026-01-10 08:38:57 | INFO     | [lf.day.start] Processing CAI-DMM for 12JAN
2026-01-10 08:38:58 | WARNING  | [lf.day.no_flights] No direct flights on 12JAN
2026-01-10 08:38:58 | INFO     | [SUCCESS] Day 12JAN
2026-01-10 08:38:58 | INFO     | [DAY_START] Processing 11JAN
2026-01-10 08:38:58 | INFO     | [lf.day.start] Processing CAI-DMM for 11JAN
2026-01-10 08:38:59 | WARNING  | [lf.day.no_flights] No direct flights on 11JAN
2026-01-10 08:38:59 | INFO     | [SUCCESS] Day 11JAN
2026-01-10 08:38:59 | INFO     | [SUCCESS] LF Search Complete
2026-01-10 08:39:01 | INFO     | [Worker_9225] Completed: CAI-DMM - 10 results, 0 errors
2026-01-10 08:39:01 | INFO     | [Worker_9225] Processing: ATZ-DMM
2026-01-10 08:39:01 | INFO     |   Tier 0: Range 1, Chunk 2/2 (11 days)
