
============================================================
     LF WORKER - PORT 9223
============================================================
Worker: Worker_9223
Status: READY
Waiting for tasks...
============================================================


============================================================
[Worker_9223] Processing: JED-ATZ
  Tier 0: Range 1, Chunk 1/2
  Dates: 13 days
  Date Range: 2026-01-31 to 2026-01-19
============================================================

2026-01-06 07:53:47 | INFO     | ======================================================================
2026-01-06 07:53:47 | INFO     | Load Factor Scraper Started - Route: JED-ATZ
2026-01-06 07:53:47 | INFO     | Log file: D:\CODERED\LAB\market_insights\outputs\run_generated_060126_at_07.53\logs\LF_JED-ATZ_20260106_075347.log
2026-01-06 07:53:47 | INFO     | Enhanced logging: Capturing both logging.info() and print()
2026-01-06 07:53:47 | INFO     | ======================================================================
[LF] Processing dates (override): ['31JAN', '30JAN', '29JAN', '28JAN', '27JAN', '26JAN', '25JAN', '24JAN', '23JAN', '22JAN', '21JAN', '20JAN', '19JAN']
[LF] Attaching to Chrome for Altea access
[LF][[OK] SUCCESS] Connected to Chrome on 127.0.0.1:9223 (after 1 attempts)
[LF][[OK] SUCCESS] Found Amadeus Altea window: Altéa Reservation Desktop
[LF][[INFO] INFO] URL: https://tc212.resdesktop.altea.amadeus.com/app_ard/apf/init/login?SITE=ESMPESMP&LANGUAGE=GB&MARKETS=ARDW_PROD_WBP&ACTION=clpLogin
[LF] Processing JED-ATZ for 31JAN
[LF][ERROR] Amadeus command error detected: UNKNOWN TRANSACTION
[LF][ERROR] Command: SN31JANJEDATZ/ASM
[LF][RESYNC] Triggering immediate resync to last successful SN command
============================================================
[LF][RESYNC] Command 'SN31JANJEDATZ/ASM' failed: TECH_ERROR:UNKNOWN TRANSACTION
[LF][RESYNC] Re-running entire day from SN command for JED-ATZ 31JAN
[LF][RESYNC] Attempt 1/50 (waiting 1.0s before retry...)
============================================================
[LF][RESYNC] Sending IG to clear session state...
[LF][RESYNC] Session cleared with IG
[LF] Processing JED-ATZ for 31JAN
[LF] 31JAN: found 3 direct flights
[LF][ERROR] Amadeus command error detected: REQUESTED DISPLAY NOT AVAILABLE
[LF][ERROR] Command: M
[LF][RESYNC] Triggering immediate resync to last successful SN command
============================================================
[LF][RESYNC] Command 'M' failed: TECH_ERROR:REQUESTED DISPLAY NOT AVAILABLE
[LF][RESYNC] Re-running entire day from SN command for JED-ATZ 31JAN
[LF][RESYNC] Attempt 2/50 (waiting 1.0s before retry...)
============================================================
[LF][RESYNC] Sending IG to clear session state...
[LF][RESYNC] Session cleared with IG
[LF] Processing JED-ATZ for 31JAN
[LF] 31JAN: found 3 direct flights
[LF] SM492 31JAN: BKG=168, GRP=135, CAP=175, LF%=96.0%, Brd-Off=JED-ATZ, Classes: P:135, I:17, O:13, U:3
[LF] SM454 31JAN: BKG=168, GRP=135, CAP=175, LF%=96.0%, Brd-Off=JED-ATZ, Classes: P:135, I:17, O:13, U:3
[LF] SM456 31JAN: BKG=98, GRP=45, CAP=175, LF%=56.0%, Brd-Off=JED-ATZ, Classes: P:45, I:17, O:17, U:10, X:8, S:1
[LF] Getting WEEKLY/LASTSOLD data for 3 flights
[LF] SM492 31JAN: LASTSOLD=2026-01-04 00:00:00, WEEKLY=18, TODAY=0, YDAY=0
[LF] SM454 31JAN: LASTSOLD=2026-01-03 00:00:00, WEEKLY=9, TODAY=0, YDAY=0
[LF] SM456 31JAN: LASTSOLD=2026-01-05 00:00:00, WEEKLY=19, TODAY=0, YDAY=4
[LF] Processing JED-ATZ for 30JAN
[LF] 30JAN: found 1 direct flights
[LF] SM492 30JAN: BKG=150, GRP=95, CAP=175, LF%=85.7%, Brd-Off=JED-ATZ, Classes: P:90, E:5, I:27, O:19, U:5, T:1, L:2, K:1
[LF] Getting WEEKLY/LASTSOLD data for 1 flights
[LF] SM492 30JAN: LASTSOLD=2026-01-05 00:00:00, WEEKLY=27, TODAY=0, YDAY=15
[LF] Processing JED-ATZ for 29JAN
[LF] 29JAN: found 4 direct flights
[LF] SM982 29JAN: BKG=152, GRP=130, CAP=167, LF%=91.0%, Brd-Off=JED-ATZ, Classes: P:90, E:40, I:20, O:2
[LF] SM422 29JAN: BKG=153, GRP=130, CAP=175, LF%=87.4%, Brd-Off=JED-ATZ, Classes: P:130, I:17, O:2, T:2, S:1, Y:1
[LF] SM454 29JAN: BKG=168, GRP=146, CAP=175, LF%=96.0%, Brd-Off=JED-ATZ, Classes: P:96, E:50, I:17, O:1, U:4
[LF] SM456 29JAN: BKG=158, GRP=135, CAP=168, LF%=94.0%, Brd-Off=JED-ATZ, Classes: P:90, E:45, I:17, O:4, T:1, K:1
[LF] Getting WEEKLY/LASTSOLD data for 4 flights
[LF] SM982 29JAN: LASTSOLD=2026-01-05 00:00:00, WEEKLY=7, TODAY=0, YDAY=5
[LF] SM422 29JAN: LASTSOLD=2026-01-05 00:00:00, WEEKLY=15, TODAY=0, YDAY=3
[LF] SM454 29JAN: LASTSOLD=2025-12-30 00:00:00, WEEKLY=1, TODAY=0, YDAY=0
[LF] SM456 29JAN: LASTSOLD=2026-01-03 00:00:00, WEEKLY=4, TODAY=0, YDAY=0
[LF] Processing JED-ATZ for 28JAN
[LF] 28JAN: found 2 direct flights
[LF] SM454 28JAN: BKG=159, GRP=139, CAP=175, LF%=90.9%, Brd-Off=JED-ATZ, Classes: P:139, I:17, O:2, G:1
[LF] SM492 28JAN: BKG=168, GRP=135, CAP=175, LF%=96.0%, Brd-Off=JED-ATZ, Classes: P:136, I:17, O:14, U:1
[LF] Getting WEEKLY/LASTSOLD data for 2 flights
[LF] SM454 28JAN: LASTSOLD=2026-01-05 00:00:00, WEEKLY=6, TODAY=0, YDAY=1
[LF] SM492 28JAN: LASTSOLD=2026-01-05 00:00:00, WEEKLY=14, TODAY=0, YDAY=1
[LF] Processing JED-ATZ for 27JAN
[LF] 27JAN: found 3 direct flights
[LF] SM976 27JAN: BKG=53, GRP=35, CAP=167, LF%=31.7%, Brd-Off=JED-ATZ, Classes: E:35, I:17, O:1
[LF] SM454 27JAN: BKG=146, GRP=126, CAP=175, LF%=83.4%, Brd-Off=JED-ATZ, Classes: P:126, I:17, O:2, G:1
[LF] SM456 27JAN: BKG=152, GRP=125, CAP=175, LF%=86.9%, Brd-Off=JED-ATZ, Classes: P:125, I:17, O:8, T:2
[LF] Getting WEEKLY/LASTSOLD data for 3 flights
[LF] SM976 27JAN: LASTSOLD=2026-01-05 00:00:00, WEEKLY=18, TODAY=0, YDAY=2
[LF] SM454 27JAN: LASTSOLD=2026-01-02 00:00:00, WEEKLY=12, TODAY=0, YDAY=0
[LF] SM456 27JAN: LASTSOLD=2026-01-04 00:00:00, WEEKLY=9, TODAY=0, YDAY=0
[LF] Processing JED-ATZ for 26JAN
[LF] 26JAN: found 4 direct flights
[LF] SM974 26JAN: BKG=111, GRP=90, CAP=167, LF%=66.5%, Brd-Off=JED-ATZ, Classes: P:90, I:16, O:4, K:1
[LF] SM456 26JAN: BKG=72, GRP=45, CAP=168, LF%=42.9%, Brd-Off=JED-ATZ, Classes: P:45, I:17, O:9, L:1
[LF] SM492 26JAN: BKG=130, GRP=94, CAP=175, LF%=74.3%, Brd-Off=JED-ATZ, Classes: P:94, I:17, O:17, U:2
[LF] SM454 26JAN: BKG=115, GRP=89, CAP=175, LF%=65.7%, Brd-Off=JED-ATZ, Classes: P:49, E:45, I:17, O:4
[LF] Getting WEEKLY/LASTSOLD data for 4 flights
[LF] SM974 26JAN: LASTSOLD=2026-01-05 00:00:00, WEEKLY=15, TODAY=0, YDAY=1
[LF] SM456 26JAN: LASTSOLD=2026-01-05 00:00:00, WEEKLY=13, TODAY=0, YDAY=3
[LF] SM492 26JAN: LASTSOLD=2026-01-05 00:00:00, WEEKLY=15, TODAY=0, YDAY=1
[LF] SM454 26JAN: LASTSOLD=2026-01-05 00:00:00, WEEKLY=12, TODAY=0, YDAY=6
[LF] Processing JED-ATZ for 25JAN
[LF] 25JAN: found 2 direct flights
[LF] SM492 25JAN: BKG=168, GRP=151, CAP=175, LF%=96.0%, Brd-Off=JED-ATZ, Classes: P:151, I:14, O:2, S:1
[LF] SM456 25JAN: BKG=175, GRP=172, CAP=175, LF%=100.0%, Brd-Off=JED-ATZ, Classes: P:172, I:3
[LF] Getting WEEKLY/LASTSOLD data for 2 flights
[LF] SM492 25JAN: LASTSOLD=2025-12-24 00:00:00, WEEKLY=0, TODAY=0, YDAY=0
[LF] SM456 25JAN: LASTSOLD=2025-12-22 00:00:00, WEEKLY=0, TODAY=0, YDAY=0
[LF] Processing JED-ATZ for 24JAN
[LF] 24JAN: found 5 direct flights
[LF] SM956 24JAN: BKG=139, GRP=120, CAP=167, LF%=83.2%, Brd-Off=JED-ATZ, Classes: P:90, E:30, I:16, O:3
[LF] SM492 24JAN: BKG=117, GRP=90, CAP=175, LF%=66.9%, Brd-Off=JED-ATZ, Classes: P:90, I:17, O:9, S:1
[LF] SM454 24JAN: BKG=180, GRP=171, CAP=175, LF%=102.9%, Brd-Off=JED-ATZ, Classes: P:171, I:7, O:2
[LF] SM958 24JAN: BKG=7, GRP=0, CAP=175, LF%=4.0%, Brd-Off=JED-ATZ, Classes: O:1, U:6
[LF] SM456 24JAN: BKG=168, GRP=150, CAP=168, LF%=100.0%, Brd-Off=JED-ATZ, Classes: P:90, E:60, I:13, O:2, U:2, S:1
[LF] Getting WEEKLY/LASTSOLD data for 5 flights
[LF] SM956 24JAN: LASTSOLD=2026-01-05 00:00:00, WEEKLY=9, TODAY=0, YDAY=1
[LF] SM492 24JAN: LASTSOLD=2026-01-05 00:00:00, WEEKLY=6, TODAY=0, YDAY=2
[LF] SM454 24JAN: LASTSOLD=2025-12-23 00:00:00, WEEKLY=0, TODAY=0, YDAY=0
[LF] SM958 24JAN: LASTSOLD=2026-01-05 00:00:00, WEEKLY=8, TODAY=0, YDAY=1
[LF] SM456 24JAN: LASTSOLD=2025-12-25 00:00:00, WEEKLY=0, TODAY=0, YDAY=0
[LF] Processing JED-ATZ for 23JAN
[LF] 23JAN: found 1 direct flights
[LF] SM492 23JAN: BKG=40, GRP=0, CAP=175, LF%=22.9%, Brd-Off=JED-ATZ, Classes: I:20, O:16, X:2, W:1, S:1
[LF] Getting WEEKLY/LASTSOLD data for 1 flights
[LF] SM492 23JAN: LASTSOLD=2026-01-05 00:00:00, WEEKLY=15, TODAY=0, YDAY=3
[LF] Processing JED-ATZ for 22JAN
[LF] 22JAN: 1 cancelled flight(s) detected from SN
[LF] 22JAN: found 4 direct flights
[LF] SM422 22JAN: BKG=159, GRP=135, CAP=175, LF%=90.9%, Brd-Off=JED-ATZ, Classes: P:135, I:17, O:7
[LF] SM964 22JAN: BKG=40, GRP=0, CAP=167, LF%=23.9%, Brd-Off=JED-ATZ, Classes: I:21, O:15, U:4
[LF] SM454 22JAN: BKG=168, GRP=135, CAP=175, LF%=96.0%, Brd-Off=JED-ATZ, Classes: P:135, I:17, O:10, W:1, G:1, K:4
[LF] SM456 22JAN: BKG=43, GRP=0, CAP=175, LF%=24.6%, Brd-Off=JED-ATZ, Classes: E:4, I:17, O:17, U:5
[LF] Getting WEEKLY/LASTSOLD data for 4 flights
[LF] SM422 22JAN: LASTSOLD=2026-01-05 00:00:00, WEEKLY=4, TODAY=0, YDAY=1
[LF] SM964 22JAN: LASTSOLD=2026-01-05 00:00:00, WEEKLY=24, TODAY=0, YDAY=6
[LF] SM454 22JAN: LASTSOLD=2026-01-03 00:00:00, WEEKLY=7, TODAY=0, YDAY=0
[LF] SM456 22JAN: LASTSOLD=2026-01-04 00:00:00, WEEKLY=17, TODAY=0, YDAY=0
[LF] Processing JED-ATZ for 21JAN
[LF] 21JAN: found 2 direct flights
[LF] SM454 21JAN: BKG=170, GRP=169, CAP=175, LF%=97.1%, Brd-Off=JED-ATZ, Classes: P:125, E:44, I:1
[LF] SM492 21JAN: BKG=168, GRP=160, CAP=175, LF%=96.0%, Brd-Off=JED-ATZ, Classes: P:160, I:4, S:4
[LF] Getting WEEKLY/LASTSOLD data for 2 flights
[LF] SM454 21JAN: LASTSOLD=2025-12-03 00:00:00, WEEKLY=0, TODAY=0, YDAY=0
[LF] SM492 21JAN: LASTSOLD=2026-01-05 00:00:00, WEEKLY=4, TODAY=0, YDAY=4
[LF] Processing JED-ATZ for 20JAN
[LF] 20JAN: found 2 direct flights
[LF] SM454 20JAN: BKG=151, GRP=98, CAP=175, LF%=86.3%, Brd-Off=JED-ATZ, Classes: P:95, E:3, I:28, O:21, U:3, S:1
[LF] SM456 20JAN: BKG=168, GRP=134, CAP=168, LF%=100.0%, Brd-Off=JED-ATZ, Classes: P:90, E:44, I:27, O:4, U:3
[LF] Getting WEEKLY/LASTSOLD data for 2 flights
[LF] SM454 20JAN: LASTSOLD=2026-01-05 00:00:00, WEEKLY=77, TODAY=0, YDAY=1
[LF] SM456 20JAN: LASTSOLD=2026-01-04 00:00:00, WEEKLY=48, TODAY=0, YDAY=0
[LF] Processing JED-ATZ for 19JAN
[LF] 19JAN: found 4 direct flights
[LF] SM492 19JAN: BKG=77, GRP=48, CAP=175, LF%=44.0%, Brd-Off=JED-ATZ, Classes: P:48, I:24, O:4, S:1
[LF] SM456 19JAN: BKG=35, GRP=0, CAP=175, LF%=20.0%, Brd-Off=JED-ATZ, Classes: I:27, O:8
[LF] SM422 19JAN: BKG=49, GRP=0, CAP=175, LF%=28.0%, Brd-Off=JED-ATZ, Classes: I:30, O:17, U:1, K:1
[LF] SM454 19JAN: BKG=130, GRP=91, CAP=175, LF%=74.3%, Brd-Off=JED-ATZ, Classes: E:91, I:17, O:17, U:4, S:1
[LF] Getting WEEKLY/LASTSOLD data for 4 flights
[LF] SM492 19JAN: LASTSOLD=2026-01-02 00:00:00, WEEKLY=10, TODAY=0, YDAY=0
[LF] SM456 19JAN: LASTSOLD=2026-01-05 00:00:00, WEEKLY=15, TODAY=0, YDAY=1
[LF] SM422 19JAN: LASTSOLD=2026-01-05 00:00:00, WEEKLY=21, TODAY=0, YDAY=5
[LF] SM454 19JAN: LASTSOLD=2026-01-05 00:00:00, WEEKLY=12, TODAY=0, YDAY=1
[LF] Results summary:
  2026-01-31: 3 flights
  2026-01-30: 1 flights
  2026-01-29: 4 flights
  2026-01-28: 2 flights
  2026-01-27: 3 flights
  2026-01-26: 4 flights
  2026-01-25: 2 flights
  2026-01-24: 5 flights
  2026-01-23: 1 flights
  2026-01-22: 4 flights
  2026-01-21: 2 flights
  2026-01-20: 2 flights
  2026-01-19: 4 flights
[LF] Cancelled flights found: 1
  - SM492 22JAN (SN)
[Worker_9223] Cancelled flights collected: 1

============================================================
[Worker_9223] ✓ COMPLETED: JED-ATZ
  Results: 13 dates
  Errors: 0 dates
  Total Processed: 1 groups
============================================================

[Worker_9223] Waiting for tasks...

============================================================
[Worker_9223] Shutdown signal received
Exiting...
============================================================

============================================================
[Worker_9223] FINISHED
  Total Groups Processed: 1
============================================================

