
============================================================
     LF WORKER - PORT 9224
============================================================
Worker: Worker_9224
Status: READY
Waiting for tasks...
============================================================


============================================================
[Worker_9224] Processing: ATZ-RUH
  Tier 0: Range 1, Chunk 1/2
  Dates: 13 days
  Date Range: 2026-01-31 to 2026-01-19
============================================================

2026-01-06 07:53:47 | INFO     | ======================================================================
2026-01-06 07:53:47 | INFO     | Load Factor Scraper Started - Route: ATZ-RUH
2026-01-06 07:53:47 | INFO     | Log file: D:\CODERED\LAB\market_insights\outputs\run_generated_060126_at_07.53\logs\LF_ATZ-RUH_20260106_075347.log
2026-01-06 07:53:47 | INFO     | Enhanced logging: Capturing both logging.info() and print()
2026-01-06 07:53:47 | INFO     | ======================================================================
[LF] Processing dates (override): ['31JAN', '30JAN', '29JAN', '28JAN', '27JAN', '26JAN', '25JAN', '24JAN', '23JAN', '22JAN', '21JAN', '20JAN', '19JAN']
[LF] Attaching to Chrome for Altea access
[LF][[OK] SUCCESS] Connected to Chrome on 127.0.0.1:9224 (after 1 attempts)
[LF][[OK] SUCCESS] Found Amadeus Altea window: Altéa Reservation Desktop
[LF][[INFO] INFO] URL: https://tc212.resdesktop.altea.amadeus.com/app_ard/apf/init/login?SITE=ESMPESMP&LANGUAGE=GB&MARKETS=ARDW_PROD_WBP&ACTION=clpLogin
[LF] Processing ATZ-RUH for 31JAN
[LF][ERROR] Amadeus command error detected: UNKNOWN TRANSACTION
[LF][ERROR] Command: SN31JANATZRUH/ASM
[LF][RESYNC] Triggering immediate resync to last successful SN command
============================================================
[LF][RESYNC] Command 'SN31JANATZRUH/ASM' failed: TECH_ERROR:UNKNOWN TRANSACTION
[LF][RESYNC] Re-running entire day from SN command for ATZ-RUH 31JAN
[LF][RESYNC] Attempt 1/50 (waiting 1.0s before retry...)
============================================================
[LF][RESYNC] Sending IG to clear session state...
[LF][RESYNC] Session cleared with IG
[LF] Processing ATZ-RUH for 31JAN
[LF] No direct flights on 31JAN for ATZ-RUH
[LF] Processing ATZ-RUH for 30JAN
[LF] No direct flights on 30JAN for ATZ-RUH
[LF] Processing ATZ-RUH for 29JAN
[LF] No direct flights on 29JAN for ATZ-RUH
[LF] Processing ATZ-RUH for 28JAN
[LF] 28JAN: found 1 direct flights
[LF][ERROR] Amadeus command error detected: REQUESTED DISPLAY NOT AVAILABLE
[LF][ERROR] Command: M
[LF][RESYNC] Triggering immediate resync to last successful SN command
============================================================
[LF][RESYNC] Command 'M' failed: TECH_ERROR:REQUESTED DISPLAY NOT AVAILABLE
[LF][RESYNC] Re-running entire day from SN command for ATZ-RUH 28JAN
[LF][RESYNC] Attempt 1/50 (waiting 1.0s before retry...)
============================================================
[LF][RESYNC] Sending IG to clear session state...
[LF][RESYNC] Session cleared with IG
[LF] Processing ATZ-RUH for 28JAN
[LF] 28JAN: found 1 direct flights
[LF] SM465 28JAN: BKG=69, GRP=0, CAP=179, LF%=38.6%, Brd-Off=ATZ-RUH, Classes: O:12, U:18, X:12, T:7, W:10, S:7, G:3
[LF] Getting WEEKLY/LASTSOLD data for 1 flights
[LF] SM465 28JAN: LASTSOLD=2026-01-06 00:00:00, WEEKLY=23, TODAY=5, YDAY=2
[LF] Processing ATZ-RUH for 27JAN
[LF] 27JAN: found 1 direct flights
[LF] SM463 27JAN: BKG=69, GRP=0, CAP=179, LF%=38.6%, Brd-Off=ATZ-RUH, Classes: O:1, U:14, X:10, T:10, W:19, S:14, K:1
[LF] Getting WEEKLY/LASTSOLD data for 1 flights
[LF] SM463 27JAN: LASTSOLD=2026-01-05 00:00:00, WEEKLY=38, TODAY=0, YDAY=8
[LF] Processing ATZ-RUH for 26JAN
[LF] No direct flights on 26JAN for ATZ-RUH
[LF] Processing ATZ-RUH for 25JAN
[LF] 25JAN: found 1 direct flights
[LF] SM463 25JAN: BKG=55, GRP=0, CAP=179, LF%=30.7%, Brd-Off=ATZ-RUH, Classes: X:5, W:10, S:15, G:15, L:7, V:2, K:1
[LF] Getting WEEKLY/LASTSOLD data for 1 flights
[LF] SM463 25JAN: LASTSOLD=2026-01-05 00:00:00, WEEKLY=18, TODAY=0, YDAY=2
[LF] Processing ATZ-RUH for 24JAN
[LF] No direct flights on 24JAN for ATZ-RUH
[LF] Processing ATZ-RUH for 23JAN
[LF] No direct flights on 23JAN for ATZ-RUH
[LF] Processing ATZ-RUH for 22JAN
[LF] No direct flights on 22JAN for ATZ-RUH
[LF] Processing ATZ-RUH for 21JAN
[LF] 21JAN: found 1 direct flights
[LF] SM465 21JAN: BKG=73, GRP=0, CAP=179, LF%=40.8%, Brd-Off=ATZ-RUH, Classes: O:2, U:5, X:24, T:9, W:8, S:9, G:7, L:8, V:1
[LF] Getting WEEKLY/LASTSOLD data for 1 flights
[LF] SM465 21JAN: LASTSOLD=2026-01-05 00:00:00, WEEKLY=12, TODAY=0, YDAY=4
[LF] Processing ATZ-RUH for 20JAN
[LF] 20JAN: found 1 direct flights
[LF] SM463 20JAN: BKG=85, GRP=0, CAP=179, LF%=47.5%, Brd-Off=ATZ-RUH, Classes: O:4, U:8, X:3, T:5, W:10, S:30, G:5, L:18, V:2
[LF] Getting WEEKLY/LASTSOLD data for 1 flights
[LF] SM463 20JAN: LASTSOLD=2026-01-04 00:00:00, WEEKLY=22, TODAY=0, YDAY=0
[LF] Processing ATZ-RUH for 19JAN
[LF] No direct flights on 19JAN for ATZ-RUH
[LF] Results summary:
  2026-01-31: 0 flights
  2026-01-30: 0 flights
  2026-01-29: 0 flights
  2026-01-28: 1 flights
  2026-01-27: 1 flights
  2026-01-26: 0 flights
  2026-01-25: 1 flights
  2026-01-24: 0 flights
  2026-01-23: 0 flights
  2026-01-22: 0 flights
  2026-01-21: 1 flights
  2026-01-20: 1 flights
  2026-01-19: 0 flights

============================================================
[Worker_9224] ✓ COMPLETED: ATZ-RUH
  Results: 13 dates
  Errors: 0 dates
  Total Processed: 1 groups
============================================================


============================================================
[Worker_9224] Processing: DMM-CAI
  Tier 0: Range 1, Chunk 2/2
  Dates: 13 days
  Date Range: 2026-01-18 to 2026-01-06
============================================================

2026-01-06 07:54:47 | INFO     | ======================================================================
2026-01-06 07:54:47 | INFO     | Load Factor Scraper Started - Route: DMM-CAI
2026-01-06 07:54:47 | INFO     | Log file: D:\CODERED\LAB\market_insights\outputs\run_generated_060126_at_07.53\logs\LF_DMM-CAI_20260106_075447.log
2026-01-06 07:54:47 | INFO     | Enhanced logging: Capturing both logging.info() and print()
2026-01-06 07:54:47 | INFO     | ======================================================================
[LF] Processing dates (override): ['18JAN', '17JAN', '16JAN', '15JAN', '14JAN', '13JAN', '12JAN', '11JAN', '10JAN', '09JAN', '08JAN', '07JAN', '06JAN']
[LF] Attaching to Chrome for Altea access
2026-01-06 07:54:47 | INFO     | Starting LF search for route: DMM-CAI
2026-01-06 07:54:47 | INFO     | [START] LF Search
[LF][[OK] SUCCESS] Connected to Chrome on 127.0.0.1:9224 (after 1 attempts)
2026-01-06 07:54:48 | INFO     | [HEALTH CHECK] [OK] Chrome connection is healthy
[LF][[OK] SUCCESS] Found Amadeus Altea window: Altéa Reservation Desktop
[LF][[INFO] INFO] URL: https://tc212.resdesktop.altea.amadeus.com/app_ard/apf/init/login?SITE=ESMPESMP&LANGUAGE=GB&MARKETS=ARDW_PROD_WBP&ACTION=clpLogin
2026-01-06 07:54:48 | INFO     | [DAY_START] Processing 18JAN
[LF] Processing DMM-CAI for 18JAN
2026-01-06 07:54:48 | INFO     | [lf.day.start] Processing DMM-CAI for 18JAN
[LF] No direct flights on 18JAN for DMM-CAI
2026-01-06 07:54:49 | WARNING  | [lf.day.no_flights] No direct flights on 18JAN
2026-01-06 07:54:50 | INFO     | [SUCCESS] Day 18JAN
2026-01-06 07:54:50 | INFO     | [DAY_START] Processing 17JAN
[LF] Processing DMM-CAI for 17JAN
2026-01-06 07:54:50 | INFO     | [lf.day.start] Processing DMM-CAI for 17JAN
[LF] 17JAN: found 1 direct flights
2026-01-06 07:54:51 | INFO     | [lf.day.flights_found] Found 1 flights on 17JAN
2026-01-06 07:54:53 | INFO     | [lf.flight.extracted] SM434 on 17JAN: BKG=22, LF=12.6%
[LF] SM434 17JAN: BKG=22, GRP=0, CAP=175, LF%=12.6%, Brd-Off=DMM-CAI, Classes: O:7, U:7, X:3, W:5
[LF] Getting WEEKLY/LASTSOLD data for 1 flights
[LF] SM434 17JAN: LASTSOLD=2026-01-02 00:00:00, WEEKLY=4, TODAY=0, YDAY=0
2026-01-06 07:54:56 | INFO     | [SUCCESS] Day 17JAN
2026-01-06 07:54:56 | INFO     | [DAY_START] Processing 16JAN
[LF] Processing DMM-CAI for 16JAN
2026-01-06 07:54:56 | INFO     | [lf.day.start] Processing DMM-CAI for 16JAN
[LF] 16JAN: found 1 direct flights
2026-01-06 07:54:57 | INFO     | [lf.day.flights_found] Found 1 flights on 16JAN
2026-01-06 07:54:59 | INFO     | [lf.flight.extracted] SM434 on 16JAN: BKG=60, LF=35.7%
[LF] SM434 16JAN: BKG=60, GRP=0, CAP=168, LF%=35.7%, Brd-Off=DMM-CAI, Classes: I:21, O:12, U:10, X:8, T:8, W:1
[LF] Getting WEEKLY/LASTSOLD data for 1 flights
[LF] SM434 16JAN: LASTSOLD=2026-01-05 00:00:00, WEEKLY=24, TODAY=0, YDAY=7
2026-01-06 07:55:03 | INFO     | [SUCCESS] Day 16JAN
2026-01-06 07:55:03 | INFO     | [DAY_START] Processing 15JAN
[LF] Processing DMM-CAI for 15JAN
2026-01-06 07:55:03 | INFO     | [lf.day.start] Processing DMM-CAI for 15JAN
[LF] 15JAN: found 1 direct flights
2026-01-06 07:55:05 | INFO     | [lf.day.flights_found] Found 1 flights on 15JAN
2026-01-06 07:55:07 | INFO     | [lf.flight.extracted] SM434 on 15JAN: BKG=41, LF=23.4%
[LF] SM434 15JAN: BKG=41, GRP=0, CAP=175, LF%=23.4%, Brd-Off=DMM-CAI, Classes: I:8, U:4, X:15, T:5, S:4, G:5
[LF] Getting WEEKLY/LASTSOLD data for 1 flights
[LF] SM434 15JAN: LASTSOLD=2026-01-05 00:00:00, WEEKLY=14, TODAY=0, YDAY=8
2026-01-06 07:55:11 | INFO     | [SUCCESS] Day 15JAN
2026-01-06 07:55:11 | INFO     | [DAY_START] Processing 14JAN
[LF] Processing DMM-CAI for 14JAN
2026-01-06 07:55:11 | INFO     | [lf.day.start] Processing DMM-CAI for 14JAN
[LF] No direct flights on 14JAN for DMM-CAI
2026-01-06 07:55:12 | WARNING  | [lf.day.no_flights] No direct flights on 14JAN
2026-01-06 07:55:12 | INFO     | [SUCCESS] Day 14JAN
2026-01-06 07:55:12 | INFO     | [DAY_START] Processing 13JAN
[LF] Processing DMM-CAI for 13JAN
2026-01-06 07:55:12 | INFO     | [lf.day.start] Processing DMM-CAI for 13JAN
[LF] 13JAN: found 1 direct flights
2026-01-06 07:55:13 | INFO     | [lf.day.flights_found] Found 1 flights on 13JAN
2026-01-06 07:55:16 | INFO     | [lf.flight.extracted] SM434 on 13JAN: BKG=30, LF=17.1%
[LF] SM434 13JAN: BKG=30, GRP=0, CAP=175, LF%=17.1%, Brd-Off=DMM-CAI, Classes: O:1, U:12, X:11, T:3, G:3
[LF] Getting WEEKLY/LASTSOLD data for 1 flights
[LF] SM434 13JAN: LASTSOLD=2026-01-05 00:00:00, WEEKLY=6, TODAY=0, YDAY=3
2026-01-06 07:55:19 | INFO     | [SUCCESS] Day 13JAN
2026-01-06 07:55:19 | INFO     | [DAY_START] Processing 12JAN
[LF] Processing DMM-CAI for 12JAN
2026-01-06 07:55:19 | INFO     | [lf.day.start] Processing DMM-CAI for 12JAN
[LF] No direct flights on 12JAN for DMM-CAI
2026-01-06 07:55:20 | WARNING  | [lf.day.no_flights] No direct flights on 12JAN
2026-01-06 07:55:20 | INFO     | [SUCCESS] Day 12JAN
2026-01-06 07:55:21 | INFO     | [DAY_START] Processing 11JAN
[LF] Processing DMM-CAI for 11JAN
2026-01-06 07:55:21 | INFO     | [lf.day.start] Processing DMM-CAI for 11JAN
[LF] No direct flights on 11JAN for DMM-CAI
2026-01-06 07:55:22 | WARNING  | [lf.day.no_flights] No direct flights on 11JAN
2026-01-06 07:55:22 | INFO     | [SUCCESS] Day 11JAN
2026-01-06 07:55:22 | INFO     | [DAY_START] Processing 10JAN
[LF] Processing DMM-CAI for 10JAN
2026-01-06 07:55:22 | INFO     | [lf.day.start] Processing DMM-CAI for 10JAN
[LF] 10JAN: found 1 direct flights
2026-01-06 07:55:23 | INFO     | [lf.day.flights_found] Found 1 flights on 10JAN
2026-01-06 07:55:25 | INFO     | [lf.flight.extracted] SM434 on 10JAN: BKG=36, LF=20.6%
[LF] SM434 10JAN: BKG=36, GRP=0, CAP=175, LF%=20.6%, Brd-Off=DMM-CAI, Classes: U:5, X:5, T:1, W:9, S:11, G:5
[LF] Getting WEEKLY/LASTSOLD data for 1 flights
[LF] SM434 10JAN: LASTSOLD=2026-01-05 00:00:00, WEEKLY=11, TODAY=0, YDAY=2
2026-01-06 07:55:28 | INFO     | [SUCCESS] Day 10JAN
2026-01-06 07:55:28 | INFO     | [DAY_START] Processing 09JAN
[LF] Processing DMM-CAI for 09JAN
2026-01-06 07:55:28 | INFO     | [lf.day.start] Processing DMM-CAI for 09JAN
[LF] 09JAN: found 1 direct flights
2026-01-06 07:55:29 | INFO     | [lf.day.flights_found] Found 1 flights on 09JAN
2026-01-06 07:55:32 | INFO     | [lf.flight.extracted] SM434 on 09JAN: BKG=74, LF=42.3%
[LF] SM434 09JAN: BKG=74, GRP=0, CAP=175, LF%=42.3%, Brd-Off=DMM-CAI, Classes: I:3, W:6, S:19, G:32, L:10, V:4
[LF] Getting WEEKLY/LASTSOLD data for 1 flights
[LF] SM434 09JAN: LASTSOLD=2026-01-05 00:00:00, WEEKLY=30, TODAY=0, YDAY=3
2026-01-06 07:55:37 | INFO     | [SUCCESS] Day 09JAN
2026-01-06 07:55:37 | INFO     | [DAY_START] Processing 08JAN
[LF] Processing DMM-CAI for 08JAN
2026-01-06 07:55:37 | INFO     | [lf.day.start] Processing DMM-CAI for 08JAN
[LF] 08JAN: found 1 direct flights
2026-01-06 07:55:38 | INFO     | [lf.day.flights_found] Found 1 flights on 08JAN
2026-01-06 07:55:40 | INFO     | [lf.flight.extracted] SM434 on 08JAN: BKG=72, LF=41.1%
[LF] SM434 08JAN: BKG=72, GRP=0, CAP=175, LF%=41.1%, Brd-Off=DMM-CAI, Classes: S:12, G:35, L:12, V:13
[LPC] SM434 08JAN: Found 0 outbound flights with connecting passengers
[LF] Getting WEEKLY/LASTSOLD data for 1 flights
[LF] SM434 08JAN: LASTSOLD=2026-01-04 00:00:00, WEEKLY=19, TODAY=0, YDAY=0
2026-01-06 07:55:48 | INFO     | [SUCCESS] Day 08JAN
2026-01-06 07:55:48 | INFO     | [DAY_START] Processing 07JAN
[LF] Processing DMM-CAI for 07JAN
2026-01-06 07:55:48 | INFO     | [lf.day.start] Processing DMM-CAI for 07JAN
[LF] No direct flights on 07JAN for DMM-CAI
2026-01-06 07:55:49 | WARNING  | [lf.day.no_flights] No direct flights on 07JAN
2026-01-06 07:55:49 | INFO     | [SUCCESS] Day 07JAN
[LF] Skipping 06JAN (Today) - will be processed by supplement scan
[LF] Results summary:
  2026-01-18: 0 flights
  2026-01-17: 1 flights
  2026-01-16: 1 flights
  2026-01-15: 1 flights
  2026-01-14: 0 flights
  2026-01-13: 1 flights
  2026-01-12: 0 flights
  2026-01-11: 0 flights
  2026-01-10: 1 flights
  2026-01-09: 1 flights
  2026-01-08: 1 flights
  2026-01-07: 0 flights
2026-01-06 07:55:49 | INFO     | [SUCCESS] LF Search Complete

============================================================
[Worker_9224] ✓ COMPLETED: DMM-CAI
  Results: 12 dates
  Errors: 0 dates
  Total Processed: 2 groups
============================================================

2026-01-06 07:55:49 | INFO     | [Worker_9224] Completed: DMM-CAI - 12 results, 0 errors

============================================================
[Worker_9224] Processing: ATZ-RUH
  Tier 0: Range 1, Chunk 2/2
  Dates: 13 days
  Date Range: 2026-01-18 to 2026-01-06
============================================================

2026-01-06 07:55:49 | INFO     | [Worker_9224] Processing: ATZ-RUH
2026-01-06 07:55:49 | INFO     |   Tier 0: Range 1, Chunk 2/2 (13 days)
2026-01-06 07:55:49 | INFO     | ======================================================================
2026-01-06 07:55:49 | INFO     | Load Factor Scraper Started - Route: ATZ-RUH
2026-01-06 07:55:49 | INFO     | Log file: D:\CODERED\LAB\market_insights\outputs\run_generated_060126_at_07.53\logs\LF_ATZ-RUH_20260106_075549.log
2026-01-06 07:55:49 | INFO     | Enhanced logging: Capturing both logging.info() and print()
2026-01-06 07:55:49 | INFO     | ======================================================================
[LF] Processing dates (override): ['18JAN', '17JAN', '16JAN', '15JAN', '14JAN', '13JAN', '12JAN', '11JAN', '10JAN', '09JAN', '08JAN', '07JAN', '06JAN']
[LF] Attaching to Chrome for Altea access
2026-01-06 07:55:49 | INFO     | Starting LF search for route: ATZ-RUH
2026-01-06 07:55:49 | INFO     | [START] LF Search
[LF][[OK] SUCCESS] Connected to Chrome on 127.0.0.1:9224 (after 1 attempts)
2026-01-06 07:55:54 | INFO     | [HEALTH CHECK] [OK] Chrome connection is healthy
[LF][[OK] SUCCESS] Found Amadeus Altea window: Altéa Reservation Desktop
[LF][[INFO] INFO] URL: https://tc212.resdesktop.altea.amadeus.com/app_ard/apf/init/login?SITE=ESMPESMP&LANGUAGE=GB&MARKETS=ARDW_PROD_WBP&ACTION=clpLogin
2026-01-06 07:55:54 | INFO     | [DAY_START] Processing 18JAN
[LF] Processing ATZ-RUH for 18JAN
2026-01-06 07:55:54 | INFO     | [lf.day.start] Processing ATZ-RUH for 18JAN
[LF] 18JAN: found 1 direct flights
2026-01-06 07:55:56 | INFO     | [lf.day.flights_found] Found 1 flights on 18JAN
2026-01-06 07:55:58 | INFO     | [lf.flight.extracted] SM463 on 18JAN: BKG=97, LF=54.2%
[LF] SM463 18JAN: BKG=97, GRP=0, CAP=179, LF%=54.2%, Brd-Off=ATZ-RUH, Classes: U:1, X:16, T:13, W:10, S:10, G:10, L:25, V:10, K:2
[LF] Getting WEEKLY/LASTSOLD data for 1 flights
[LF] SM463 18JAN: LASTSOLD=2026-01-05 00:00:00, WEEKLY=12, TODAY=0, YDAY=1
2026-01-06 07:56:05 | INFO     | [SUCCESS] Day 18JAN
2026-01-06 07:56:05 | INFO     | [DAY_START] Processing 17JAN
[LF] Processing ATZ-RUH for 17JAN
2026-01-06 07:56:05 | INFO     | [lf.day.start] Processing ATZ-RUH for 17JAN
[LF] No direct flights on 17JAN for ATZ-RUH
2026-01-06 07:56:06 | WARNING  | [lf.day.no_flights] No direct flights on 17JAN
2026-01-06 07:56:06 | INFO     | [SUCCESS] Day 17JAN
2026-01-06 07:56:06 | INFO     | [DAY_START] Processing 16JAN
[LF] Processing ATZ-RUH for 16JAN
2026-01-06 07:56:06 | INFO     | [lf.day.start] Processing ATZ-RUH for 16JAN
[LF] No direct flights on 16JAN for ATZ-RUH
2026-01-06 07:56:07 | WARNING  | [lf.day.no_flights] No direct flights on 16JAN
2026-01-06 07:56:07 | INFO     | [SUCCESS] Day 16JAN
2026-01-06 07:56:07 | INFO     | [DAY_START] Processing 15JAN
[LF] Processing ATZ-RUH for 15JAN
2026-01-06 07:56:07 | INFO     | [lf.day.start] Processing ATZ-RUH for 15JAN
[LF] No direct flights on 15JAN for ATZ-RUH
2026-01-06 07:56:08 | WARNING  | [lf.day.no_flights] No direct flights on 15JAN
2026-01-06 07:56:08 | INFO     | [SUCCESS] Day 15JAN
2026-01-06 07:56:08 | INFO     | [DAY_START] Processing 14JAN
[LF] Processing ATZ-RUH for 14JAN
2026-01-06 07:56:08 | INFO     | [lf.day.start] Processing ATZ-RUH for 14JAN
[LF] 14JAN: found 1 direct flights
2026-01-06 07:56:09 | INFO     | [lf.day.flights_found] Found 1 flights on 14JAN
2026-01-06 07:56:12 | INFO     | [lf.flight.extracted] SM465 on 14JAN: BKG=120, LF=67.0%
[LF] SM465 14JAN: BKG=120, GRP=0, CAP=179, LF%=67.0%, Brd-Off=ATZ-RUH, Classes: I:1, O:9, U:17, X:14, T:9, W:7, S:9, G:19, L:20, V:10, K:5
[LF] Getting WEEKLY/LASTSOLD data for 1 flights
[LF] SM465 14JAN: LASTSOLD=2026-01-05 00:00:00, WEEKLY=37, TODAY=0, YDAY=10
2026-01-06 07:56:18 | INFO     | [SUCCESS] Day 14JAN
2026-01-06 07:56:18 | INFO     | [DAY_START] Processing 13JAN
[LF] Processing ATZ-RUH for 13JAN
2026-01-06 07:56:18 | INFO     | [lf.day.start] Processing ATZ-RUH for 13JAN
[LF] 13JAN: found 1 direct flights
2026-01-06 07:56:19 | INFO     | [lf.day.flights_found] Found 1 flights on 13JAN
2026-01-06 07:56:21 | INFO     | [lf.flight.extracted] SM463 on 13JAN: BKG=98, LF=54.8%
[LF] SM463 13JAN: BKG=98, GRP=0, CAP=179, LF%=54.8%, Brd-Off=ATZ-RUH, Classes: I:4, O:4, X:12, T:20, W:7, S:13, G:20, L:16, V:2
[LF] Getting WEEKLY/LASTSOLD data for 1 flights
[LF] SM463 13JAN: LASTSOLD=2026-01-06 00:00:00, WEEKLY=26, TODAY=1, YDAY=7
2026-01-06 07:56:27 | INFO     | [SUCCESS] Day 13JAN
2026-01-06 07:56:27 | INFO     | [DAY_START] Processing 12JAN
[LF] Processing ATZ-RUH for 12JAN
2026-01-06 07:56:27 | INFO     | [lf.day.start] Processing ATZ-RUH for 12JAN
[LF] No direct flights on 12JAN for ATZ-RUH
2026-01-06 07:56:28 | WARNING  | [lf.day.no_flights] No direct flights on 12JAN
2026-01-06 07:56:28 | INFO     | [SUCCESS] Day 12JAN
2026-01-06 07:56:28 | INFO     | [DAY_START] Processing 11JAN
[LF] Processing ATZ-RUH for 11JAN
2026-01-06 07:56:28 | INFO     | [lf.day.start] Processing ATZ-RUH for 11JAN
[LF] 11JAN: found 1 direct flights
2026-01-06 07:56:29 | INFO     | [lf.day.flights_found] Found 1 flights on 11JAN
2026-01-06 07:56:31 | INFO     | [lf.flight.extracted] SM463 on 11JAN: BKG=122, LF=68.2%
[LF] SM463 11JAN: BKG=122, GRP=0, CAP=179, LF%=68.2%, Brd-Off=ATZ-RUH, Classes: I:1, O:4, U:3, X:12, T:10, W:10, S:28, G:17, L:15, V:14, K:8
[LF] Getting WEEKLY/LASTSOLD data for 1 flights
[LF] SM463 11JAN: LASTSOLD=2026-01-06 00:00:00, WEEKLY=36, TODAY=3, YDAY=1
2026-01-06 07:56:37 | INFO     | [SUCCESS] Day 11JAN
2026-01-06 07:56:37 | INFO     | [DAY_START] Processing 10JAN
[LF] Processing ATZ-RUH for 10JAN
2026-01-06 07:56:37 | INFO     | [lf.day.start] Processing ATZ-RUH for 10JAN
[LF] No direct flights on 10JAN for ATZ-RUH
2026-01-06 07:56:38 | WARNING  | [lf.day.no_flights] No direct flights on 10JAN
2026-01-06 07:56:38 | INFO     | [SUCCESS] Day 10JAN
2026-01-06 07:56:38 | INFO     | [DAY_START] Processing 09JAN
[LF] Processing ATZ-RUH for 09JAN
2026-01-06 07:56:38 | INFO     | [lf.day.start] Processing ATZ-RUH for 09JAN
[LF] No direct flights on 09JAN for ATZ-RUH
2026-01-06 07:56:39 | WARNING  | [lf.day.no_flights] No direct flights on 09JAN
2026-01-06 07:56:39 | INFO     | [SUCCESS] Day 09JAN
2026-01-06 07:56:39 | INFO     | [DAY_START] Processing 08JAN
[LF] Processing ATZ-RUH for 08JAN
2026-01-06 07:56:39 | INFO     | [lf.day.start] Processing ATZ-RUH for 08JAN
[LF] 08JAN: 1 cancelled flight(s) detected from SN
[LF] No direct flights on 08JAN for ATZ-RUH
2026-01-06 07:56:40 | WARNING  | [lf.day.no_flights] No direct flights on 08JAN
2026-01-06 07:56:40 | INFO     | [SUCCESS] Day 08JAN
2026-01-06 07:56:40 | INFO     | [DAY_START] Processing 07JAN
[LF] Processing ATZ-RUH for 07JAN
2026-01-06 07:56:40 | INFO     | [lf.day.start] Processing ATZ-RUH for 07JAN
[LF] 07JAN: found 1 direct flights
2026-01-06 07:56:41 | INFO     | [lf.day.flights_found] Found 1 flights on 07JAN
2026-01-06 07:56:43 | INFO     | [lf.flight.extracted] SM465 on 07JAN: BKG=118, LF=65.9%
[LF] SM465 07JAN: BKG=118, GRP=0, CAP=179, LF%=65.9%, Brd-Off=ATZ-RUH, Classes: I:1, O:7, U:10, X:8, T:9, W:14, S:8, G:23, L:20, V:12, K:5, Y:1
[LF] Getting WEEKLY/LASTSOLD data for 1 flights
[LF] SM465 07JAN: LASTSOLD=2026-01-05 00:00:00, WEEKLY=26, TODAY=0, YDAY=2
2026-01-06 07:56:49 | INFO     | [SUCCESS] Day 07JAN
[LF] Skipping 06JAN (Today) - will be processed by supplement scan
[LF] Results summary:
  2026-01-18: 1 flights
  2026-01-17: 0 flights
  2026-01-16: 0 flights
  2026-01-15: 0 flights
  2026-01-14: 1 flights
  2026-01-13: 1 flights
  2026-01-12: 0 flights
  2026-01-11: 1 flights
  2026-01-10: 0 flights
  2026-01-09: 0 flights
  2026-01-08: 0 flights
  2026-01-07: 1 flights
[LF] Cancelled flights found: 1
  - SM415 08JAN (SN)
2026-01-06 07:56:49 | INFO     | [SUCCESS] LF Search Complete
[Worker_9224] Cancelled flights collected: 1

============================================================
[Worker_9224] ✓ COMPLETED: ATZ-RUH
  Results: 12 dates
  Errors: 0 dates
  Total Processed: 3 groups
============================================================

2026-01-06 07:56:49 | INFO     | [Worker_9224] Completed: ATZ-RUH - 12 results, 0 errors
[Worker_9224] Waiting for tasks...

============================================================
[Worker_9224] Shutdown signal received
Exiting...
============================================================
2026-01-06 08:05:30 | INFO     | [Worker_9224] Shutdown signal received, exiting...

============================================================
[Worker_9224] FINISHED
  Total Groups Processed: 3
============================================================

2026-01-06 08:05:30 | INFO     | [Worker_9224] Finished. Processed 3 groups.
