
============================================================
     LF WORKER - PORT 9225
============================================================
Worker: Worker_9225
Status: READY
Waiting for tasks...
============================================================


============================================================
[Worker_9225] Processing: CAI-RUH
  Tier 0: Range 1, Chunk 1/2
  Dates: 13 days
  Date Range: 2026-01-31 to 2026-01-19
============================================================

2026-01-06 07:53:47 | INFO     | ======================================================================
2026-01-06 07:53:47 | INFO     | Load Factor Scraper Started - Route: CAI-RUH
2026-01-06 07:53:47 | INFO     | Log file: D:\CODERED\LAB\market_insights\outputs\run_generated_060126_at_07.53\logs\LF_CAI-RUH_20260106_075347.log
2026-01-06 07:53:47 | INFO     | Enhanced logging: Capturing both logging.info() and print()
2026-01-06 07:53:47 | INFO     | ======================================================================
[LF] Processing dates (override): ['31JAN', '30JAN', '29JAN', '28JAN', '27JAN', '26JAN', '25JAN', '24JAN', '23JAN', '22JAN', '21JAN', '20JAN', '19JAN']
[LF] Attaching to Chrome for Altea access
[LF][[OK] SUCCESS] Connected to Chrome on 127.0.0.1:9225 (after 1 attempts)
[LF][[OK] SUCCESS] Found Amadeus Altea window: Altéa Reservation Desktop
[LF][[INFO] INFO] URL: https://tc212.resdesktop.altea.amadeus.com/app_ard/apf/init/login?SITE=ESMPESMP&LANGUAGE=GB&MARKETS=ARDW_PROD_WBP&ACTION=clpLogin
[LF] Processing CAI-RUH for 31JAN
[LF][ERROR] Amadeus command error detected: UNKNOWN TRANSACTION
[LF][ERROR] Command: SN31JANCAIRUH/ASM
[LF][RESYNC] Triggering immediate resync to last successful SN command
============================================================
[LF][RESYNC] Command 'SN31JANCAIRUH/ASM' failed: TECH_ERROR:UNKNOWN TRANSACTION
[LF][RESYNC] Re-running entire day from SN command for CAI-RUH 31JAN
[LF][RESYNC] Attempt 1/50 (waiting 1.0s before retry...)
============================================================
[LF][RESYNC] Sending IG to clear session state...
[LF][RESYNC] Session cleared with IG
[LF] Processing CAI-RUH for 31JAN
[LF] 31JAN: found 1 direct flights
[LF][ERROR] Amadeus command error detected: REQUESTED DISPLAY NOT AVAILABLE
[LF][ERROR] Command: M
[LF][RESYNC] Triggering immediate resync to last successful SN command
============================================================
[LF][RESYNC] Command 'M' failed: TECH_ERROR:REQUESTED DISPLAY NOT AVAILABLE
[LF][RESYNC] Re-running entire day from SN command for CAI-RUH 31JAN
[LF][RESYNC] Attempt 2/50 (waiting 1.0s before retry...)
============================================================
[LF][RESYNC] Sending IG to clear session state...
[LF][RESYNC] Session cleared with IG
[LF] Processing CAI-RUH for 31JAN
[LF] 31JAN: found 1 direct flights
[LF] SM461 31JAN: BKG=31, GRP=0, CAP=179, LF%=17.3%, Brd-Off=CAI-RUH, Classes: O:6, U:7, X:9, T:7, W:2
[LF] Getting WEEKLY/LASTSOLD data for 1 flights
[LF] SM461 31JAN: LASTSOLD=2026-01-04 00:00:00, WEEKLY=4, TODAY=0, YDAY=0
[LF] Processing CAI-RUH for 30JAN
[LF] 30JAN: found 2 direct flights
[LF] SM461 30JAN: BKG=29, GRP=0, CAP=179, LF%=16.2%, Brd-Off=CAI-RUH, Classes: N:1, O:7, U:7, X:14
[LF] SM469 30JAN: BKG=25, GRP=0, CAP=179, LF%=14.0%, Brd-Off=CAI-RUH, Classes: O:7, U:7, X:9, T:2
[LF] Getting WEEKLY/LASTSOLD data for 2 flights
[LF] SM461 30JAN: LASTSOLD=2026-01-05 00:00:00, WEEKLY=12, TODAY=0, YDAY=8
[LF] SM469 30JAN: LASTSOLD=2026-01-04 00:00:00, WEEKLY=2, TODAY=0, YDAY=0
[LF] Processing CAI-RUH for 29JAN
[LF] 29JAN: found 1 direct flights
[LF] SM461 29JAN: BKG=38, GRP=0, CAP=179, LF%=21.2%, Brd-Off=CAI-RUH, Classes: O:21, U:10, X:7
[LF] Getting WEEKLY/LASTSOLD data for 1 flights
[LF] SM461 29JAN: LASTSOLD=2026-01-05 00:00:00, WEEKLY=15, TODAY=0, YDAY=5
[LF] Processing CAI-RUH for 28JAN
[LF] 28JAN: found 2 direct flights
[LF] SM461 28JAN: BKG=46, GRP=0, CAP=179, LF%=25.7%, Brd-Off=CAI-RUH, Classes: O:17, U:17, X:10, T:2
[LF] SM469 28JAN: BKG=31, GRP=0, CAP=176, LF%=17.6%, Brd-Off=CAI-RUH, Classes: O:5, U:19, X:7
[LF] Getting WEEKLY/LASTSOLD data for 2 flights
[LF] SM461 28JAN: LASTSOLD=2026-01-05 00:00:00, WEEKLY=23, TODAY=0, YDAY=9
[LF] SM469 28JAN: LASTSOLD=2026-01-05 00:00:00, WEEKLY=16, TODAY=0, YDAY=4
[LF] Processing CAI-RUH for 27JAN
[LF] 27JAN: found 1 direct flights
[LF] SM469 27JAN: BKG=28, GRP=0, CAP=179, LF%=15.6%, Brd-Off=CAI-RUH, Classes: O:1, X:19, T:3, W:2, S:3
[LF] Getting WEEKLY/LASTSOLD data for 1 flights
[LF] SM469 27JAN: LASTSOLD=2026-01-04 00:00:00, WEEKLY=25, TODAY=0, YDAY=0
[LF] Processing CAI-RUH for 26JAN
[LF] 26JAN: found 1 direct flights
[LF] SM469 26JAN: BKG=53, GRP=0, CAP=179, LF%=29.6%, Brd-Off=CAI-RUH, Classes: O:6, X:14, T:22, W:7, S:4
[LF] Getting WEEKLY/LASTSOLD data for 1 flights
[LF] SM469 26JAN: LASTSOLD=2026-01-05 00:00:00, WEEKLY=34, TODAY=0, YDAY=6
[LF] Processing CAI-RUH for 25JAN
[LF] 25JAN: found 1 direct flights
[LF] SM461 25JAN: BKG=70, GRP=0, CAP=179, LF%=39.1%, Brd-Off=CAI-RUH, Classes: O:15, U:15, X:10, T:10, W:10, S:10
[LF] Getting WEEKLY/LASTSOLD data for 1 flights
[LF] SM461 25JAN: LASTSOLD=2026-01-02 00:00:00, WEEKLY=11, TODAY=0, YDAY=0
[LF] Processing CAI-RUH for 24JAN
[LF] 24JAN: found 1 direct flights
[LF] SM461 24JAN: BKG=34, GRP=0, CAP=179, LF%=19.0%, Brd-Off=CAI-RUH, Classes: W:19, S:10, G:5
[LF] Getting WEEKLY/LASTSOLD data for 1 flights
[LF] SM461 24JAN: LASTSOLD=2026-01-02 00:00:00, WEEKLY=12, TODAY=0, YDAY=0
[LF] Processing CAI-RUH for 23JAN
[LF] 23JAN: found 2 direct flights
[LF] SM461 23JAN: BKG=45, GRP=0, CAP=179, LF%=25.1%, Brd-Off=CAI-RUH, Classes: W:18, S:10, G:10, L:7
[LF] SM469 23JAN: BKG=52, GRP=0, CAP=179, LF%=29.0%, Brd-Off=CAI-RUH, Classes: W:21, S:10, G:10, L:10, K:1
[LF] Getting WEEKLY/LASTSOLD data for 2 flights
[LF] SM461 23JAN: LASTSOLD=2026-01-05 00:00:00, WEEKLY=10, TODAY=0, YDAY=2
[LF] SM469 23JAN: LASTSOLD=2026-01-05 00:00:00, WEEKLY=14, TODAY=0, YDAY=6
[LF] Processing CAI-RUH for 22JAN
[LF] 22JAN: found 1 direct flights
[LF] SM461 22JAN: BKG=42, GRP=0, CAP=179, LF%=23.5%, Brd-Off=CAI-RUH, Classes: X:10, T:15, W:17
[LF] Getting WEEKLY/LASTSOLD data for 1 flights
[LF] SM461 22JAN: LASTSOLD=2026-01-05 00:00:00, WEEKLY=15, TODAY=0, YDAY=2
[LF] Processing CAI-RUH for 21JAN
[LF] 21JAN: found 2 direct flights
[LF] SM461 21JAN: BKG=64, GRP=0, CAP=179, LF%=35.8%, Brd-Off=CAI-RUH, Classes: O:20, U:10, X:29, T:5
[LF] SM469 21JAN: BKG=75, GRP=0, CAP=179, LF%=41.9%, Brd-Off=CAI-RUH, Classes: O:19, U:15, X:15, T:10, W:10, S:6
[LF] Getting WEEKLY/LASTSOLD data for 2 flights
[LF] SM461 21JAN: LASTSOLD=2026-01-05 00:00:00, WEEKLY=26, TODAY=0, YDAY=20
[LF] SM469 21JAN: LASTSOLD=2026-01-05 00:00:00, WEEKLY=22, TODAY=0, YDAY=1
[LF] Processing CAI-RUH for 20JAN
[LF] 20JAN: found 1 direct flights
[LF] SM469 20JAN: BKG=82, GRP=0, CAP=179, LF%=45.8%, Brd-Off=CAI-RUH, Classes: O:20, U:15, X:10, T:19, W:14, S:4
[LF] Getting WEEKLY/LASTSOLD data for 1 flights
[LF] SM469 20JAN: LASTSOLD=2026-01-05 00:00:00, WEEKLY=34, TODAY=0, YDAY=13
[LF] Processing CAI-RUH for 19JAN
[LF] 19JAN: found 1 direct flights
[LF] SM469 19JAN: BKG=70, GRP=0, CAP=179, LF%=39.1%, Brd-Off=CAI-RUH, Classes: O:5, U:8, X:6, T:10, W:29, S:11, G:1
[LF] Getting WEEKLY/LASTSOLD data for 1 flights
[LF] SM469 19JAN: LASTSOLD=2026-01-05 00:00:00, WEEKLY=35, TODAY=0, YDAY=2
[LF] Results summary:
  2026-01-31: 1 flights
  2026-01-30: 2 flights
  2026-01-29: 1 flights
  2026-01-28: 2 flights
  2026-01-27: 1 flights
  2026-01-26: 1 flights
  2026-01-25: 1 flights
  2026-01-24: 1 flights
  2026-01-23: 2 flights
  2026-01-22: 1 flights
  2026-01-21: 2 flights
  2026-01-20: 1 flights
  2026-01-19: 1 flights

============================================================
[Worker_9225] ✓ COMPLETED: CAI-RUH
  Results: 13 dates
  Errors: 0 dates
  Total Processed: 1 groups
============================================================

[Worker_9225] Waiting for tasks...

============================================================
[Worker_9225] Shutdown signal received
Exiting...
============================================================

============================================================
[Worker_9225] FINISHED
  Total Groups Processed: 1
============================================================

