
============================================================
     LF WORKER - PORT 9233
============================================================
Worker: Worker_9233
Status: READY
Waiting for tasks...
============================================================


============================================================
[Worker_9233] Processing: MED-HBE
  Tier 0: Range 1, Chunk 2/2
  Dates: 13 days
  Date Range: 2026-01-18 to 2026-01-06
============================================================

2026-01-06 07:53:47 | INFO     | ======================================================================
2026-01-06 07:53:47 | INFO     | Load Factor Scraper Started - Route: MED-HBE
2026-01-06 07:53:47 | INFO     | Log file: D:\CODERED\LAB\market_insights\outputs\run_generated_060126_at_07.53\logs\LF_MED-HBE_20260106_075347.log
2026-01-06 07:53:47 | INFO     | Enhanced logging: Capturing both logging.info() and print()
2026-01-06 07:53:47 | INFO     | ======================================================================
[LF] Processing dates (override): ['18JAN', '17JAN', '16JAN', '15JAN', '14JAN', '13JAN', '12JAN', '11JAN', '10JAN', '09JAN', '08JAN', '07JAN', '06JAN']
[LF] Attaching to Chrome for Altea access
[LF][[OK] SUCCESS] Connected to Chrome on 127.0.0.1:9233 (after 1 attempts)
[LF][[OK] SUCCESS] Found Amadeus Altea window: Altéa Reservation Desktop
[LF][[INFO] INFO] URL: https://tc212.resdesktop.altea.amadeus.com/app_ard/apf/init/login?SITE=ESMPESMP&LANGUAGE=GB&MARKETS=ARDW_PROD_WBP&ACTION=clpLogin
[LF] Processing MED-HBE for 18JAN
[LF][ERROR] Amadeus command error detected: UNKNOWN TRANSACTION
[LF][ERROR] Command: SN18JANMEDHBE/ASM
[LF][RESYNC] Triggering immediate resync to last successful SN command
============================================================
[LF][RESYNC] Command 'SN18JANMEDHBE/ASM' failed: TECH_ERROR:UNKNOWN TRANSACTION
[LF][RESYNC] Re-running entire day from SN command for MED-HBE 18JAN
[LF][RESYNC] Attempt 1/50 (waiting 1.0s before retry...)
============================================================
[LF][RESYNC] Sending IG to clear session state...
[LF][RESYNC] Session cleared with IG
[LF] Processing MED-HBE for 18JAN
[LF] 18JAN: found 1 direct flights
[LF] SM486 18JAN: BKG=134, GRP=77, CAP=172, LF%=77.9%, Brd-Off=MED-HBE, Classes: P:77, I:17, O:25, U:13, G:1, K:1
[LF] Getting WEEKLY/LASTSOLD data for 1 flights
[LF] SM486 18JAN: LASTSOLD=2026-01-05 00:00:00, WEEKLY=17, TODAY=0, YDAY=2
[LF] Processing MED-HBE for 17JAN
[LF] No direct flights on 17JAN for MED-HBE
[LF] Processing MED-HBE for 16JAN
[LF] No direct flights on 16JAN for MED-HBE
[LF] Processing MED-HBE for 15JAN
[LF] 15JAN: found 1 direct flights
[LF] SM486 15JAN: BKG=121, GRP=108, CAP=172, LF%=70.3%, Brd-Off=MED-HBE, Classes: P:108, W:9, S:2, G:2
[LF] Getting WEEKLY/LASTSOLD data for 1 flights
[LF] SM486 15JAN: LASTSOLD=2026-01-04 00:00:00, WEEKLY=6, TODAY=0, YDAY=0
[LF] Processing MED-HBE for 14JAN
[LF] 14JAN: found 1 direct flights
[LF] SM486 14JAN: BKG=153, GRP=138, CAP=172, LF%=88.9%, Brd-Off=MED-HBE, Classes: P:138, W:13, L:2
[LF] Getting WEEKLY/LASTSOLD data for 1 flights
[LF] SM486 14JAN: LASTSOLD=2026-01-05 00:00:00, WEEKLY=2, TODAY=0, YDAY=2
[LF] Processing MED-HBE for 13JAN
[LF] 13JAN: found 1 direct flights
[LF] SM486 13JAN: BKG=160, GRP=136, CAP=172, LF%=93.0%, Brd-Off=MED-HBE, Classes: P:136, I:8, U:5, X:5, T:3, S:2, M:1
[LF] Getting WEEKLY/LASTSOLD data for 1 flights
[LF] SM486 13JAN: LASTSOLD=2025-12-25 00:00:00, WEEKLY=0, TODAY=0, YDAY=0
[LF] Processing MED-HBE for 12JAN
[LF] No direct flights on 12JAN for MED-HBE
[LF] Processing MED-HBE for 11JAN
[LF] 11JAN: found 1 direct flights
[LF] SM486 11JAN: BKG=167, GRP=125, CAP=172, LF%=97.1%, Brd-Off=MED-HBE, Classes: P:125, I:23, O:10, U:6, S:3
[LF] Getting WEEKLY/LASTSOLD data for 1 flights
[LF] SM486 11JAN: LASTSOLD=2026-01-05 00:00:00, WEEKLY=21, TODAY=0, YDAY=1
[LF] Processing MED-HBE for 10JAN
[LF] No direct flights on 10JAN for MED-HBE
[LF] Processing MED-HBE for 09JAN
[LF] No direct flights on 09JAN for MED-HBE
[LF] Processing MED-HBE for 08JAN
[LF] 08JAN: found 1 direct flights
[LF] SM486 08JAN: BKG=167, GRP=140, CAP=165, LF%=101.2%, Brd-Off=MED-HBE, Classes: P:140, T:1, S:22, K:3, H:1
[LF] Getting WEEKLY/LASTSOLD data for 1 flights
[LF] SM486 08JAN: LASTSOLD=2025-12-31 00:00:00, WEEKLY=3, TODAY=0, YDAY=0
[LF] Processing MED-HBE for 07JAN
[LF] 07JAN: found 1 direct flights
[LF] SM486 07JAN: BKG=170, GRP=137, CAP=176, LF%=96.6%, Brd-Off=MED-HBE, Classes: P:137, T:9, W:3, S:17, G:1, L:1, K:2
[LF] Getting WEEKLY/LASTSOLD data for 1 flights
[LF] SM486 07JAN: LASTSOLD=2026-01-04 00:00:00, WEEKLY=1, TODAY=0, YDAY=0
[LF] Skipping 06JAN (Today) - will be processed by supplement scan
[LF] Results summary:
  2026-01-18: 1 flights
  2026-01-17: 0 flights
  2026-01-16: 0 flights
  2026-01-15: 1 flights
  2026-01-14: 1 flights
  2026-01-13: 1 flights
  2026-01-12: 0 flights
  2026-01-11: 1 flights
  2026-01-10: 0 flights
  2026-01-09: 0 flights
  2026-01-08: 1 flights
  2026-01-07: 1 flights

============================================================
[Worker_9233] ✓ COMPLETED: MED-HBE
  Results: 12 dates
  Errors: 0 dates
  Total Processed: 1 groups
============================================================


============================================================
[Worker_9233] Processing: CAI-RUH
  Tier 0: Range 1, Chunk 2/2
  Dates: 13 days
  Date Range: 2026-01-18 to 2026-01-06
============================================================

2026-01-06 07:55:00 | INFO     | ======================================================================
2026-01-06 07:55:00 | INFO     | Load Factor Scraper Started - Route: CAI-RUH
2026-01-06 07:55:00 | INFO     | Log file: D:\CODERED\LAB\market_insights\outputs\run_generated_060126_at_07.53\logs\LF_CAI-RUH_20260106_075500.log
2026-01-06 07:55:00 | INFO     | Enhanced logging: Capturing both logging.info() and print()
2026-01-06 07:55:00 | INFO     | ======================================================================
[LF] Processing dates (override): ['18JAN', '17JAN', '16JAN', '15JAN', '14JAN', '13JAN', '12JAN', '11JAN', '10JAN', '09JAN', '08JAN', '07JAN', '06JAN']
[LF] Attaching to Chrome for Altea access
2026-01-06 07:55:00 | INFO     | Starting LF search for route: CAI-RUH
2026-01-06 07:55:00 | INFO     | [START] LF Search
[LF][[OK] SUCCESS] Connected to Chrome on 127.0.0.1:9233 (after 1 attempts)
2026-01-06 07:55:01 | INFO     | [HEALTH CHECK] [OK] Chrome connection is healthy
[LF][[OK] SUCCESS] Found Amadeus Altea window: Altéa Reservation Desktop
[LF][[INFO] INFO] URL: https://tc212.resdesktop.altea.amadeus.com/app_ard/apf/init/login?SITE=ESMPESMP&LANGUAGE=GB&MARKETS=ARDW_PROD_WBP&ACTION=clpLogin
2026-01-06 07:55:01 | INFO     | [DAY_START] Processing 18JAN
[LF] Processing CAI-RUH for 18JAN
2026-01-06 07:55:01 | INFO     | [lf.day.start] Processing CAI-RUH for 18JAN
[LF] 18JAN: found 1 direct flights
2026-01-06 07:55:03 | INFO     | [lf.day.flights_found] Found 1 flights on 18JAN
2026-01-06 07:55:05 | INFO     | [lf.flight.extracted] SM461 on 18JAN: BKG=59, LF=33.0%
[LF] SM461 18JAN: BKG=59, GRP=0, CAP=179, LF%=33.0%, Brd-Off=CAI-RUH, Classes: O:1, U:6, X:9, T:9, W:11, S:14, G:9
[LF] Getting WEEKLY/LASTSOLD data for 1 flights
[LF] SM461 18JAN: LASTSOLD=2026-01-06 00:00:00, WEEKLY=14, TODAY=1, YDAY=0
2026-01-06 07:55:10 | INFO     | [SUCCESS] Day 18JAN
2026-01-06 07:55:10 | INFO     | [DAY_START] Processing 17JAN
[LF] Processing CAI-RUH for 17JAN
2026-01-06 07:55:10 | INFO     | [lf.day.start] Processing CAI-RUH for 17JAN
[LF] 17JAN: found 1 direct flights
2026-01-06 07:55:11 | INFO     | [lf.day.flights_found] Found 1 flights on 17JAN
2026-01-06 07:55:13 | INFO     | [lf.flight.extracted] SM461 on 17JAN: BKG=67, LF=37.4%
[LF] SM461 17JAN: BKG=67, GRP=0, CAP=179, LF%=37.4%, Brd-Off=CAI-RUH, Classes: N:1, X:1, W:3, S:5, G:9, L:15, V:20, K:10, Q:1, Y:2
[LF] Getting WEEKLY/LASTSOLD data for 1 flights
[LF] SM461 17JAN: LASTSOLD=2026-01-05 00:00:00, WEEKLY=17, TODAY=0, YDAY=3
2026-01-06 07:55:18 | INFO     | [SUCCESS] Day 17JAN
2026-01-06 07:55:18 | INFO     | [DAY_START] Processing 16JAN
[LF] Processing CAI-RUH for 16JAN
2026-01-06 07:55:18 | INFO     | [lf.day.start] Processing CAI-RUH for 16JAN
[LF] 16JAN: found 2 direct flights
2026-01-06 07:55:19 | INFO     | [lf.day.flights_found] Found 2 flights on 16JAN
2026-01-06 07:55:22 | INFO     | [lf.flight.extracted] SM461 on 16JAN: BKG=66, LF=36.9%
[LF] SM461 16JAN: BKG=66, GRP=0, CAP=179, LF%=36.9%, Brd-Off=CAI-RUH, Classes: U:6, W:1, G:41, L:13, V:5
2026-01-06 07:55:25 | INFO     | [lf.flight.extracted] SM469 on 16JAN: BKG=76, LF=42.5%
[LF] SM469 16JAN: BKG=76, GRP=0, CAP=179, LF%=42.5%, Brd-Off=CAI-RUH, Classes: W:5, S:2, G:25, L:29, V:11, K:4
[LF] Getting WEEKLY/LASTSOLD data for 2 flights
[LF] SM461 16JAN: LASTSOLD=2026-01-05 00:00:00, WEEKLY=20, TODAY=0, YDAY=1
[LF] SM469 16JAN: LASTSOLD=2026-01-04 00:00:00, WEEKLY=48, TODAY=0, YDAY=0
2026-01-06 07:55:35 | INFO     | [SUCCESS] Day 16JAN
2026-01-06 07:55:35 | INFO     | [DAY_START] Processing 15JAN
[LF] Processing CAI-RUH for 15JAN
2026-01-06 07:55:35 | INFO     | [lf.day.start] Processing CAI-RUH for 15JAN
[LF] 15JAN: found 1 direct flights
2026-01-06 07:55:36 | INFO     | [lf.day.flights_found] Found 1 flights on 15JAN
2026-01-06 07:55:39 | INFO     | [lf.flight.extracted] SM461 on 15JAN: BKG=84, LF=46.9%
[LF] SM461 15JAN: BKG=84, GRP=0, CAP=179, LF%=46.9%, Brd-Off=CAI-RUH, Classes: O:1, X:1, W:14, S:31, G:33, L:4
[LF] Getting WEEKLY/LASTSOLD data for 1 flights
[LF] SM461 15JAN: LASTSOLD=2026-01-06 00:00:00, WEEKLY=49, TODAY=1, YDAY=24
2026-01-06 07:55:45 | INFO     | [SUCCESS] Day 15JAN
2026-01-06 07:55:45 | INFO     | [DAY_START] Processing 14JAN
[LF] Processing CAI-RUH for 14JAN
2026-01-06 07:55:45 | INFO     | [lf.day.start] Processing CAI-RUH for 14JAN
[LF] 14JAN: 1 cancelled flight(s) detected from SN
[LF] 14JAN: found 1 direct flights
2026-01-06 07:55:46 | INFO     | [lf.day.flights_found] Found 1 flights on 14JAN
2026-01-06 07:55:49 | INFO     | [lf.flight.extracted] SM469 on 14JAN: BKG=126, LF=70.4%
[LF] SM469 14JAN: BKG=126, GRP=0, CAP=179, LF%=70.4%, Brd-Off=CAI-RUH, Classes: I:11, O:17, U:23, X:13, T:15, W:15, S:25, G:7
[LF] Getting WEEKLY/LASTSOLD data for 1 flights
[LF] SM469 14JAN: LASTSOLD=2026-01-05 00:00:00, WEEKLY=55, TODAY=0, YDAY=5
2026-01-06 07:55:56 | INFO     | [SUCCESS] Day 14JAN
2026-01-06 07:55:56 | INFO     | [DAY_START] Processing 13JAN
[LF] Processing CAI-RUH for 13JAN
2026-01-06 07:55:56 | INFO     | [lf.day.start] Processing CAI-RUH for 13JAN
[LF] 13JAN: found 1 direct flights
2026-01-06 07:55:57 | INFO     | [lf.day.flights_found] Found 1 flights on 13JAN
2026-01-06 07:55:59 | INFO     | [lf.flight.extracted] SM469 on 13JAN: BKG=92, LF=51.4%
[LF] SM469 13JAN: BKG=92, GRP=0, CAP=179, LF%=51.4%, Brd-Off=CAI-RUH, Classes: I:16, O:15, U:15, X:25, T:10, W:8, S:3
[LF] Getting WEEKLY/LASTSOLD data for 1 flights
[LF] SM469 13JAN: LASTSOLD=2026-01-05 00:00:00, WEEKLY=32, TODAY=0, YDAY=7
2026-01-06 07:56:06 | INFO     | [SUCCESS] Day 13JAN
2026-01-06 07:56:06 | INFO     | [DAY_START] Processing 12JAN
[LF] Processing CAI-RUH for 12JAN
2026-01-06 07:56:06 | INFO     | [lf.day.start] Processing CAI-RUH for 12JAN
[LF] 12JAN: found 1 direct flights
2026-01-06 07:56:09 | INFO     | [lf.day.flights_found] Found 1 flights on 12JAN
2026-01-06 07:56:11 | INFO     | [lf.flight.extracted] SM469 on 12JAN: BKG=94, LF=52.5%
[LF] SM469 12JAN: BKG=94, GRP=0, CAP=179, LF%=52.5%, Brd-Off=CAI-RUH, Classes: I:15, O:25, U:15, X:20, T:16, S:3
[LF] Getting WEEKLY/LASTSOLD data for 1 flights
[LF] SM469 12JAN: LASTSOLD=2026-01-05 00:00:00, WEEKLY=28, TODAY=0, YDAY=12
2026-01-06 07:56:17 | INFO     | [SUCCESS] Day 12JAN
2026-01-06 07:56:17 | INFO     | [DAY_START] Processing 11JAN
[LF] Processing CAI-RUH for 11JAN
2026-01-06 07:56:17 | INFO     | [lf.day.start] Processing CAI-RUH for 11JAN
[LF] 11JAN: found 1 direct flights
2026-01-06 07:56:18 | INFO     | [lf.day.flights_found] Found 1 flights on 11JAN
2026-01-06 07:56:20 | INFO     | [lf.flight.extracted] SM461 on 11JAN: BKG=87, LF=48.6%
[LF] SM461 11JAN: BKG=87, GRP=0, CAP=179, LF%=48.6%, Brd-Off=CAI-RUH, Classes: I:16, O:24, U:15, X:26, T:6
[LF] Getting WEEKLY/LASTSOLD data for 1 flights
[LF] SM461 11JAN: LASTSOLD=2026-01-05 00:00:00, WEEKLY=27, TODAY=0, YDAY=13
2026-01-06 07:56:25 | INFO     | [SUCCESS] Day 11JAN
2026-01-06 07:56:25 | INFO     | [DAY_START] Processing 10JAN
[LF] Processing CAI-RUH for 10JAN
2026-01-06 07:56:25 | INFO     | [lf.day.start] Processing CAI-RUH for 10JAN
[LF] 10JAN: found 1 direct flights
2026-01-06 07:56:26 | INFO     | [lf.day.flights_found] Found 1 flights on 10JAN
2026-01-06 07:56:28 | INFO     | [lf.flight.extracted] SM461 on 10JAN: BKG=85, LF=47.5%
[LF] SM461 10JAN: BKG=85, GRP=0, CAP=179, LF%=47.5%, Brd-Off=CAI-RUH, Classes: I:5, O:9, U:19, X:19, T:9, W:8, S:15, G:1
[LF] Getting WEEKLY/LASTSOLD data for 1 flights
[LF] SM461 10JAN: LASTSOLD=2026-01-05 00:00:00, WEEKLY=33, TODAY=0, YDAY=5
2026-01-06 07:56:33 | INFO     | [SUCCESS] Day 10JAN
2026-01-06 07:56:33 | INFO     | [DAY_START] Processing 09JAN
[LF] Processing CAI-RUH for 09JAN
2026-01-06 07:56:33 | INFO     | [lf.day.start] Processing CAI-RUH for 09JAN
[LF] 09JAN: found 2 direct flights
2026-01-06 07:56:34 | INFO     | [lf.day.flights_found] Found 2 flights on 09JAN
2026-01-06 07:56:36 | INFO     | [lf.flight.extracted] SM461 on 09JAN: BKG=80, LF=44.7%
[LF] SM461 09JAN: BKG=80, GRP=0, CAP=179, LF%=44.7%, Brd-Off=CAI-RUH, Classes: I:18, O:15, U:15, X:12, T:11, W:6, Q:3
2026-01-06 07:56:39 | INFO     | [lf.flight.extracted] SM469 on 09JAN: BKG=62, LF=34.6%
[LF] SM469 09JAN: BKG=62, GRP=0, CAP=179, LF%=34.6%, Brd-Off=CAI-RUH, Classes: I:4, O:10, U:19, X:9, T:12, W:6, S:2
[LF] Getting WEEKLY/LASTSOLD data for 2 flights
[LF] SM461 09JAN: LASTSOLD=2026-01-05 00:00:00, WEEKLY=31, TODAY=0, YDAY=4
[LF] SM469 09JAN: LASTSOLD=2026-01-05 00:00:00, WEEKLY=21, TODAY=0, YDAY=4
2026-01-06 07:56:48 | INFO     | [SUCCESS] Day 09JAN
2026-01-06 07:56:48 | INFO     | [DAY_START] Processing 08JAN
[LF] Processing CAI-RUH for 08JAN
2026-01-06 07:56:48 | INFO     | [lf.day.start] Processing CAI-RUH for 08JAN
[LF] 08JAN: found 1 direct flights
2026-01-06 07:56:49 | INFO     | [lf.day.flights_found] Found 1 flights on 08JAN
2026-01-06 07:56:51 | INFO     | [lf.flight.extracted] SM461 on 08JAN: BKG=109, LF=60.9%
[LF] SM461 08JAN: BKG=109, GRP=0, CAP=179, LF%=60.9%, Brd-Off=CAI-RUH, Classes: I:15, O:45, U:15, X:15, T:10, W:9
[LF] Getting WEEKLY/LASTSOLD data for 1 flights
[LF] SM461 08JAN: LASTSOLD=2026-01-04 00:00:00, WEEKLY=34, TODAY=0, YDAY=0
2026-01-06 07:56:57 | INFO     | [SUCCESS] Day 08JAN
2026-01-06 07:56:57 | INFO     | [DAY_START] Processing 07JAN
[LF] Processing CAI-RUH for 07JAN
2026-01-06 07:56:57 | INFO     | [lf.day.start] Processing CAI-RUH for 07JAN
[LF] 07JAN: found 2 direct flights
2026-01-06 07:56:58 | INFO     | [lf.day.flights_found] Found 2 flights on 07JAN
2026-01-06 07:57:00 | INFO     | [lf.flight.extracted] SM461 on 07JAN: BKG=117, LF=65.4%
[LF] SM461 07JAN: BKG=117, GRP=0, CAP=179, LF%=65.4%, Brd-Off=CAI-RUH, Classes: I:18, O:44, U:15, X:23, T:13, W:1, S:3
2026-01-06 07:57:04 | INFO     | [lf.flight.extracted] SM469 on 07JAN: BKG=82, LF=45.8%
[LF] SM469 07JAN: BKG=82, GRP=0, CAP=179, LF%=45.8%, Brd-Off=CAI-RUH, Classes: I:10, O:20, U:15, X:10, T:22, W:3, S:2
[LF] Getting WEEKLY/LASTSOLD data for 2 flights
[LF] SM461 07JAN: LASTSOLD=2026-01-05 00:00:00, WEEKLY=39, TODAY=0, YDAY=6
[LF] SM469 07JAN: LASTSOLD=2026-01-06 00:00:00, WEEKLY=24, TODAY=2, YDAY=2
2026-01-06 07:57:14 | INFO     | [SUCCESS] Day 07JAN
[LF] Skipping 06JAN (Today) - will be processed by supplement scan
[LF] Results summary:
  2026-01-18: 1 flights
  2026-01-17: 1 flights
  2026-01-16: 2 flights
  2026-01-15: 1 flights
  2026-01-14: 1 flights
  2026-01-13: 1 flights
  2026-01-12: 1 flights
  2026-01-11: 1 flights
  2026-01-10: 1 flights
  2026-01-09: 2 flights
  2026-01-08: 1 flights
  2026-01-07: 2 flights
[LF] Cancelled flights found: 1
  - SM461 14JAN (SN)
2026-01-06 07:57:14 | INFO     | [SUCCESS] LF Search Complete
[Worker_9233] Cancelled flights collected: 1

============================================================
[Worker_9233] ✓ COMPLETED: CAI-RUH
  Results: 12 dates
  Errors: 0 dates
  Total Processed: 2 groups
============================================================

2026-01-06 07:57:14 | INFO     | [Worker_9233] Completed: CAI-RUH - 12 results, 0 errors
[Worker_9233] Waiting for tasks...

============================================================
[Worker_9233] Shutdown signal received
Exiting...
============================================================
2026-01-06 08:05:30 | INFO     | [Worker_9233] Shutdown signal received, exiting...

============================================================
[Worker_9233] FINISHED
  Total Groups Processed: 2
============================================================

2026-01-06 08:05:30 | INFO     | [Worker_9233] Finished. Processed 2 groups.
