2025-12-28 03:28:36 | INFO     | ======================================================================
2025-12-28 03:28:36 | INFO     | Load Factor Scraper Started - Route: ATZ-TUU
2025-12-28 03:28:36 | INFO     | Log file: D:\CODERED\LAB\market_insights\outputs\run_generated_281225_at_03.27\logs\LF_ATZ-TUU_20251228_032836.log
2025-12-28 03:28:36 | INFO     | Enhanced logging: Capturing both logging.info() and print()
2025-12-28 03:28:36 | INFO     | ======================================================================
2025-12-28 03:28:36 | INFO     | Starting LF search for route: ATZ-TUU
2025-12-28 03:28:36 | INFO     | [START] LF Search
2025-12-28 03:28:37 | INFO     | [HEALTH CHECK] [OK] Chrome connection is healthy
2025-12-28 03:28:37 | INFO     | [DAY_START] Processing 15JAN
2025-12-28 03:28:37 | INFO     | [lf.day.start] Processing ATZ-TUU for 15JAN
2025-12-28 03:28:38 | WARNING  | [lf.day.no_flights] No direct flights on 15JAN
2025-12-28 03:28:38 | INFO     | [SUCCESS] Day 15JAN
2025-12-28 03:28:38 | INFO     | [DAY_START] Processing 14JAN
2025-12-28 03:28:38 | INFO     | [lf.day.start] Processing ATZ-TUU for 14JAN
2025-12-28 03:28:39 | WARNING  | [lf.day.no_flights] No direct flights on 14JAN
2025-12-28 03:28:39 | INFO     | [SUCCESS] Day 14JAN
2025-12-28 03:28:39 | INFO     | [DAY_START] Processing 13JAN
2025-12-28 03:28:39 | INFO     | [lf.day.start] Processing ATZ-TUU for 13JAN
2025-12-28 03:28:40 | WARNING  | [lf.day.no_flights] No direct flights on 13JAN
2025-12-28 03:28:40 | INFO     | [SUCCESS] Day 13JAN
2025-12-28 03:28:40 | INFO     | [DAY_START] Processing 12JAN
2025-12-28 03:28:40 | INFO     | [lf.day.start] Processing ATZ-TUU for 12JAN
2025-12-28 03:28:41 | WARNING  | [lf.day.no_flights] No direct flights on 12JAN
2025-12-28 03:28:42 | INFO     | [SUCCESS] Day 12JAN
2025-12-28 03:28:42 | INFO     | [DAY_START] Processing 11JAN
2025-12-28 03:28:42 | INFO     | [lf.day.start] Processing ATZ-TUU for 11JAN
2025-12-28 03:28:43 | WARNING  | [lf.day.no_flights] No direct flights on 11JAN
2025-12-28 03:28:43 | INFO     | [SUCCESS] Day 11JAN
2025-12-28 03:28:43 | INFO     | [SUCCESS] LF Search Complete
2025-12-28 03:28:45 | INFO     | [Worker_9233] Completed: ATZ-TUU - 5 results, 0 errors
2025-12-28 03:28:45 | INFO     | [Worker_9233] Processing: RUH-CAI
2025-12-28 03:28:45 | INFO     |   Tier 0: Range 1, Chunk 1/2 (7 days)
