2025-12-28 03:29:18 | INFO     | ======================================================================
2025-12-28 03:29:18 | INFO     | Load Factor Scraper Started - Route: JED-CAI
2025-12-28 03:29:18 | INFO     | Log file: D:\CODERED\LAB\market_insights\outputs\run_generated_281225_at_03.27\logs\LF_JED-CAI_20251228_032918.log
2025-12-28 03:29:18 | INFO     | Enhanced logging: Capturing both logging.info() and print()
2025-12-28 03:29:18 | INFO     | ======================================================================
2025-12-28 03:29:18 | INFO     | Starting LF search for route: JED-CAI
2025-12-28 03:29:18 | INFO     | [START] LF Search
2025-12-28 03:29:19 | INFO     | [HEALTH CHECK] [OK] Chrome connection is healthy
2025-12-28 03:29:19 | INFO     | [DAY_START] Processing 03JAN
2025-12-28 03:29:19 | INFO     | [lf.day.start] Processing JED-CAI for 03JAN
2025-12-28 03:29:20 | INFO     | [lf.day.flights_found] Found 3 flights on 03JAN
2025-12-28 03:29:22 | INFO     | [lf.flight.extracted] SM450 on 03JAN: BKG=162, LF=97.0%
2025-12-28 03:29:27 | INFO     | [lf.flight.extracted] SM476 on 03JAN: BKG=162, LF=91.0%
2025-12-28 03:29:30 | INFO     | [lf.flight.extracted] SM478 on 03JAN: BKG=167, LF=95.4%
2025-12-28 03:29:44 | INFO     | [SUCCESS] Day 03JAN
2025-12-28 03:29:44 | INFO     | [DAY_START] Processing 02JAN
2025-12-28 03:29:44 | INFO     | [lf.day.start] Processing JED-CAI for 02JAN
2025-12-28 03:29:45 | INFO     | [lf.day.flights_found] Found 5 flights on 02JAN
2025-12-28 03:29:47 | INFO     | [lf.flight.extracted] SM424 on 02JAN: BKG=69, LF=41.3%
2025-12-28 03:29:52 | INFO     | [lf.flight.extracted] SM476 on 02JAN: BKG=78, LF=46.7%
2025-12-28 03:29:55 | INFO     | [lf.flight.extracted] SM480 on 02JAN: BKG=166, LF=99.4%
2025-12-28 03:29:58 | INFO     | [lf.flight.extracted] SM472 on 02JAN: BKG=160, LF=95.8%
2025-12-28 03:30:02 | INFO     | [lf.flight.extracted] SM460 on 02JAN: BKG=159, LF=95.2%
2025-12-28 03:30:25 | INFO     | [SUCCESS] Day 02JAN
2025-12-28 03:30:25 | INFO     | [DAY_START] Processing 01JAN
2025-12-28 03:30:25 | INFO     | [lf.day.start] Processing JED-CAI for 01JAN
2025-12-28 03:30:26 | INFO     | [lf.day.flights_found] Found 7 flights on 01JAN
2025-12-28 03:30:28 | INFO     | [lf.flight.extracted] SM424 on 01JAN: BKG=23, LF=13.8%
2025-12-28 03:30:32 | INFO     | [lf.flight.extracted] SM472 on 01JAN: BKG=96, LF=58.5%
2025-12-28 03:30:37 | INFO     | [lf.flight.extracted] SM450 on 01JAN: BKG=179, LF=107.2%
2025-12-28 03:30:47 | INFO     | [lf.flight.extracted] SM476 on 01JAN: BKG=168, LF=96.5%
2025-12-28 03:30:54 | INFO     | [lf.flight.extracted] SM432 on 01JAN: BKG=0, LF=0.0%
2025-12-28 03:31:07 | INFO     | [lf.flight.extracted] SM478 on 01JAN: BKG=160, LF=97.6%
2025-12-28 03:31:11 | INFO     | [lf.flight.extracted] SM480 on 01JAN: BKG=168, LF=94.4%
2025-12-28 03:31:36 | INFO     | [SUCCESS] Day 01JAN
2025-12-28 03:31:36 | INFO     | [DAY_START] Processing 31DEC
2025-12-28 03:31:36 | INFO     | [lf.day.start] Processing JED-CAI for 31DEC
2025-12-28 03:31:37 | INFO     | [lf.day.flights_found] Found 3 flights on 31DEC
2025-12-28 03:31:39 | INFO     | [lf.flight.extracted] SM476 on 31DEC: BKG=176, LF=98.9%
2025-12-28 03:31:42 | INFO     | [lf.flight.extracted] SM460 on 31DEC: BKG=126, LF=70.8%
2025-12-28 03:31:47 | INFO     | [lf.flight.extracted] SM478 on 31DEC: BKG=164, LF=92.1%
2025-12-28 03:32:02 | INFO     | [SUCCESS] Day 31DEC
2025-12-28 03:32:02 | INFO     | [DAY_START] Processing 30DEC
2025-12-28 03:32:02 | INFO     | [lf.day.start] Processing JED-CAI for 30DEC
2025-12-28 03:32:03 | INFO     | [lf.day.flights_found] Found 6 flights on 30DEC
2025-12-28 03:32:05 | INFO     | [lf.flight.extracted] SM472 on 30DEC: BKG=161, LF=90.5%
2025-12-28 03:32:10 | INFO     | [lf.flight.extracted] SM480 on 30DEC: BKG=175, LF=98.3%
2025-12-28 03:32:13 | INFO     | [lf.flight.extracted] SM478 on 30DEC: BKG=170, LF=95.5%
2025-12-28 03:32:17 | INFO     | [lf.flight.extracted] SM460 on 30DEC: BKG=168, LF=96.0%
2025-12-28 03:32:21 | INFO     | [lf.flight.extracted] SM424 on 30DEC: BKG=174, LF=97.8%
2025-12-28 03:32:24 | INFO     | [lf.flight.extracted] SM476 on 30DEC: BKG=173, LF=98.9%
2025-12-28 03:32:53 | INFO     | [SUCCESS] Day 30DEC
2025-12-28 03:32:53 | INFO     | [DAY_START] Processing 29DEC
2025-12-28 03:32:53 | INFO     | [lf.day.start] Processing JED-CAI for 29DEC
2025-12-28 03:32:54 | INFO     | [lf.day.flights_found] Found 4 flights on 29DEC
2025-12-28 03:32:56 | INFO     | [lf.flight.extracted] SM480 on 29DEC: BKG=114, LF=64.8%
2025-12-28 03:33:00 | INFO     | [lf.flight.extracted] SM476 on 29DEC: BKG=171, LF=96.1%
2025-12-28 03:33:04 | INFO     | [lf.flight.extracted] SM478 on 29DEC: BKG=176, LF=100.6%
2025-12-28 03:33:07 | INFO     | [lf.flight.extracted] SM460 on 29DEC: BKG=177, LF=101.1%
2025-12-28 03:33:29 | INFO     | [SUCCESS] Day 29DEC
2025-12-28 03:33:29 | INFO     | [SUCCESS] LF Search Complete
2025-12-28 03:33:31 | INFO     | [Worker_9232] Completed: JED-CAI - 6 results, 0 errors
2025-12-28 03:34:46 | INFO     | [Worker_9232] Shutdown signal received, exiting...
2025-12-28 03:34:46 | INFO     | [Worker_9232] Finished. Processed 3 groups.
