2025-12-28 03:28:40 | INFO     | ======================================================================
2025-12-28 03:28:40 | INFO     | Load Factor Scraper Started - Route: JED-CAI
2025-12-28 03:28:40 | INFO     | Log file: D:\CODERED\LAB\market_insights\outputs\run_generated_281225_at_03.27\logs\LF_JED-CAI_20251228_032840.log
2025-12-28 03:28:40 | INFO     | Enhanced logging: Capturing both logging.info() and print()
2025-12-28 03:28:40 | INFO     | ======================================================================
2025-12-28 03:28:40 | INFO     | Starting LF search for route: JED-CAI
2025-12-28 03:28:40 | INFO     | [START] LF Search
2025-12-28 03:28:41 | INFO     | [HEALTH CHECK] [OK] Chrome connection is healthy
2025-12-28 03:28:41 | INFO     | [DAY_START] Processing 10JAN
2025-12-28 03:28:41 | INFO     | [lf.day.start] Processing JED-CAI for 10JAN
2025-12-28 03:28:42 | INFO     | [lf.day.flights_found] Found 3 flights on 10JAN
2025-12-28 03:28:44 | INFO     | [lf.flight.extracted] SM450 on 10JAN: BKG=151, LF=90.4%
2025-12-28 03:28:50 | INFO     | [lf.flight.extracted] SM476 on 10JAN: BKG=154, LF=92.2%
2025-12-28 03:28:55 | INFO     | [lf.flight.extracted] SM478 on 10JAN: BKG=155, LF=94.5%
2025-12-28 03:29:10 | INFO     | [SUCCESS] Day 10JAN
2025-12-28 03:29:10 | INFO     | [DAY_START] Processing 09JAN
2025-12-28 03:29:10 | INFO     | [lf.day.start] Processing JED-CAI for 09JAN
2025-12-28 03:29:11 | INFO     | [lf.day.flights_found] Found 6 flights on 09JAN
2025-12-28 03:29:13 | INFO     | [lf.flight.extracted] SM424 on 09JAN: BKG=100, LF=61.0%
2025-12-28 03:29:18 | INFO     | [lf.flight.extracted] SM476 on 09JAN: BKG=166, LF=99.4%
2025-12-28 03:29:24 | INFO     | [lf.flight.extracted] SM478 on 09JAN: BKG=125, LF=74.9%
2025-12-28 03:29:29 | INFO     | [lf.flight.extracted] SM480 on 09JAN: BKG=148, LF=88.6%
2025-12-28 03:29:32 | INFO     | [lf.flight.extracted] SM472 on 09JAN: BKG=121, LF=72.5%
2025-12-28 03:29:37 | INFO     | [lf.flight.extracted] SM460 on 09JAN: BKG=165, LF=100.6%
2025-12-28 03:30:05 | INFO     | [SUCCESS] Day 09JAN
2025-12-28 03:30:05 | INFO     | [DAY_START] Processing 08JAN
2025-12-28 03:30:05 | INFO     | [lf.day.start] Processing JED-CAI for 08JAN
2025-12-28 03:30:06 | INFO     | [lf.day.flights_found] Found 6 flights on 08JAN
2025-12-28 03:30:08 | INFO     | [lf.flight.extracted] SM472 on 08JAN: BKG=121, LF=72.5%
2025-12-28 03:30:13 | INFO     | [lf.flight.extracted] SM450 on 08JAN: BKG=141, LF=86.0%
2025-12-28 03:30:22 | INFO     | [lf.flight.extracted] SM476 on 08JAN: BKG=174, LF=97.8%
2025-12-28 03:30:27 | INFO     | [lf.flight.extracted] SM432 on 08JAN: BKG=158, LF=94.6%
2025-12-28 03:30:30 | INFO     | [lf.flight.extracted] SM478 on 08JAN: BKG=164, LF=100.0%
2025-12-28 03:30:33 | INFO     | [lf.flight.extracted] SM480 on 08JAN: BKG=174, LF=100.0%
2025-12-28 03:31:01 | INFO     | [SUCCESS] Day 08JAN
2025-12-28 03:31:01 | INFO     | [DAY_START] Processing 07JAN
2025-12-28 03:31:01 | INFO     | [lf.day.start] Processing JED-CAI for 07JAN
2025-12-28 03:31:02 | INFO     | [lf.day.flights_found] Found 4 flights on 07JAN
2025-12-28 03:31:04 | INFO     | [lf.flight.extracted] SM476 on 07JAN: BKG=168, LF=96.0%
2025-12-28 03:31:07 | INFO     | [lf.flight.extracted] SM478 on 07JAN: BKG=167, LF=100.0%
2025-12-28 03:31:10 | INFO     | [lf.flight.extracted] SM460 on 07JAN: BKG=168, LF=94.4%
2025-12-28 03:31:14 | INFO     | [lf.flight.extracted] SM424 on 07JAN: BKG=178, LF=100.0%
2025-12-28 03:31:32 | INFO     | [SUCCESS] Day 07JAN
2025-12-28 03:31:32 | INFO     | [DAY_START] Processing 06JAN
2025-12-28 03:31:32 | INFO     | [lf.day.start] Processing JED-CAI for 06JAN
2025-12-28 03:31:33 | INFO     | [lf.day.flights_found] Found 6 flights on 06JAN
2025-12-28 03:31:35 | INFO     | [lf.flight.extracted] SM472 on 06JAN: BKG=151, LF=90.4%
2025-12-28 03:31:39 | INFO     | [lf.flight.extracted] SM480 on 06JAN: BKG=114, LF=68.3%
2025-12-28 03:31:42 | INFO     | [lf.flight.extracted] SM478 on 06JAN: BKG=120, LF=73.2%
2025-12-28 03:31:45 | INFO     | [lf.flight.extracted] SM460 on 06JAN: BKG=127, LF=76.0%
2025-12-28 03:31:48 | INFO     | [lf.flight.extracted] SM424 on 06JAN: BKG=155, LF=92.8%
2025-12-28 03:31:51 | INFO     | [lf.flight.extracted] SM476 on 06JAN: BKG=112, LF=68.3%
2025-12-28 03:32:17 | INFO     | [SUCCESS] Day 06JAN
2025-12-28 03:32:17 | INFO     | [DAY_START] Processing 05JAN
2025-12-28 03:32:17 | INFO     | [lf.day.start] Processing JED-CAI for 05JAN
2025-12-28 03:32:18 | INFO     | [lf.day.flights_found] Found 4 flights on 05JAN
2025-12-28 03:32:20 | INFO     | [lf.flight.extracted] SM480 on 05JAN: BKG=71, LF=42.5%
2025-12-28 03:32:23 | INFO     | [lf.flight.extracted] SM476 on 05JAN: BKG=177, LF=98.9%
2025-12-28 03:32:26 | INFO     | [lf.flight.extracted] SM478 on 05JAN: BKG=168, LF=100.6%
2025-12-28 03:32:29 | INFO     | [lf.flight.extracted] SM460 on 05JAN: BKG=167, LF=100.0%
2025-12-28 03:32:49 | INFO     | [SUCCESS] Day 05JAN
2025-12-28 03:32:49 | INFO     | [DAY_START] Processing 04JAN
2025-12-28 03:32:49 | INFO     | [lf.day.start] Processing JED-CAI for 04JAN
2025-12-28 03:32:50 | INFO     | [lf.day.flights_found] Found 5 flights on 04JAN
2025-12-28 03:32:52 | INFO     | [lf.flight.extracted] SM424 on 04JAN: BKG=168, LF=100.6%
2025-12-28 03:33:05 | INFO     | [lf.flight.extracted] SM476 on 04JAN: BKG=81, LF=48.5%
2025-12-28 03:33:09 | INFO     | [lf.flight.extracted] SM432 on 04JAN: BKG=118, LF=70.7%
2025-12-28 03:33:12 | INFO     | [lf.flight.extracted] SM460 on 04JAN: BKG=133, LF=79.6%
2025-12-28 03:33:15 | INFO     | [lf.flight.extracted] SM478 on 04JAN: BKG=133, LF=79.6%
2025-12-28 03:33:38 | INFO     | [SUCCESS] Day 04JAN
2025-12-28 03:33:38 | INFO     | [SUCCESS] LF Search Complete
2025-12-28 03:33:40 | INFO     | [Worker_9227] Completed: JED-CAI - 7 results, 0 errors
2025-12-28 03:34:46 | INFO     | [Worker_9227] Shutdown signal received, exiting...
2025-12-28 03:34:46 | INFO     | [Worker_9227] Finished. Processed 3 groups.
