2025-12-28 03:29:41 | INFO     | ======================================================================
2025-12-28 03:29:41 | INFO     | Load Factor Scraper Started - Route: RUH-ATZ
2025-12-28 03:29:41 | INFO     | Log file: D:\CODERED\LAB\market_insights\outputs\run_generated_281225_at_03.27\logs\LF_RUH-ATZ_20251228_032941.log
2025-12-28 03:29:41 | INFO     | Enhanced logging: Capturing both logging.info() and print()
2025-12-28 03:29:41 | INFO     | ======================================================================
2025-12-28 03:29:41 | INFO     | Starting LF search for route: RUH-ATZ
2025-12-28 03:29:41 | INFO     | [START] LF Search
2025-12-28 03:29:42 | INFO     | [HEALTH CHECK] [OK] Chrome connection is healthy
2025-12-28 03:29:42 | INFO     | [DAY_START] Processing 03JAN
2025-12-28 03:29:42 | INFO     | [lf.day.start] Processing RUH-ATZ for 03JAN
2025-12-28 03:29:43 | WARNING  | [lf.day.no_flights] No direct flights on 03JAN
2025-12-28 03:29:43 | INFO     | [SUCCESS] Day 03JAN
2025-12-28 03:29:43 | INFO     | [DAY_START] Processing 02JAN
2025-12-28 03:29:43 | INFO     | [lf.day.start] Processing RUH-ATZ for 02JAN
2025-12-28 03:29:44 | WARNING  | [lf.day.no_flights] No direct flights on 02JAN
2025-12-28 03:29:45 | INFO     | [SUCCESS] Day 02JAN
2025-12-28 03:29:45 | INFO     | [DAY_START] Processing 01JAN
2025-12-28 03:29:45 | INFO     | [lf.day.start] Processing RUH-ATZ for 01JAN
2025-12-28 03:29:45 | WARNING  | [lf.day.no_flights] No direct flights on 01JAN
2025-12-28 03:29:46 | INFO     | [SUCCESS] Day 01JAN
2025-12-28 03:29:46 | INFO     | [DAY_START] Processing 31DEC
2025-12-28 03:29:46 | INFO     | [lf.day.start] Processing RUH-ATZ for 31DEC
2025-12-28 03:29:47 | INFO     | [lf.day.flights_found] Found 1 flights on 31DEC
2025-12-28 03:29:52 | INFO     | [lf.flight.extracted] SM466 on 31DEC: BKG=116, LF=69.5%
2025-12-28 03:29:58 | INFO     | [SUCCESS] Day 31DEC
2025-12-28 03:29:58 | INFO     | [DAY_START] Processing 30DEC
2025-12-28 03:29:58 | INFO     | [lf.day.start] Processing RUH-ATZ for 30DEC
2025-12-28 03:29:59 | INFO     | [lf.day.flights_found] Found 1 flights on 30DEC
2025-12-28 03:30:01 | INFO     | [lf.flight.extracted] SM464 on 30DEC: BKG=121, LF=72.5%
2025-12-28 03:30:07 | INFO     | [SUCCESS] Day 30DEC
2025-12-28 03:30:07 | INFO     | [DAY_START] Processing 29DEC
2025-12-28 03:30:07 | INFO     | [lf.day.start] Processing RUH-ATZ for 29DEC
2025-12-28 03:30:10 | WARNING  | [lf.day.no_flights] No direct flights on 29DEC
2025-12-28 03:30:10 | INFO     | [SUCCESS] Day 29DEC
2025-12-28 03:30:10 | INFO     | [SUCCESS] LF Search Complete
2025-12-28 03:30:12 | INFO     | [Worker_9226] Completed: RUH-ATZ - 6 results, 0 errors
2025-12-28 03:30:12 | INFO     | [Worker_9226] Processing: CAI-TUU
2025-12-28 03:30:12 | INFO     |   Tier 0: Range 1, Chunk 2/2 (7 days)
