2025-12-28 03:28:14 | INFO     | ======================================================================
2025-12-28 03:28:14 | INFO     | Load Factor Scraper Started - Route: RUH-ATZ
2025-12-28 03:28:14 | INFO     | Log file: D:\CODERED\LAB\market_insights\outputs\run_generated_281225_at_03.27\logs\LF_RUH-ATZ_20251228_032814.log
2025-12-28 03:28:14 | INFO     | Enhanced logging: Capturing both logging.info() and print()
2025-12-28 03:28:14 | INFO     | ======================================================================
2025-12-28 03:28:14 | INFO     | Starting LF search for route: RUH-ATZ
2025-12-28 03:28:14 | INFO     | [START] LF Search
2025-12-28 03:28:15 | INFO     | [HEALTH CHECK] [OK] Chrome connection is healthy
2025-12-28 03:28:15 | INFO     | [DAY_START] Processing 15JAN
2025-12-28 03:28:15 | INFO     | [lf.day.start] Processing RUH-ATZ for 15JAN
2025-12-28 03:28:16 | WARNING  | [lf.day.no_flights] No direct flights on 15JAN
2025-12-28 03:28:16 | INFO     | [SUCCESS] Day 15JAN
2025-12-28 03:28:16 | INFO     | [DAY_START] Processing 14JAN
2025-12-28 03:28:16 | INFO     | [lf.day.start] Processing RUH-ATZ for 14JAN
2025-12-28 03:28:17 | INFO     | [lf.day.flights_found] Found 1 flights on 14JAN
2025-12-28 03:28:19 | INFO     | [lf.flight.extracted] SM466 on 14JAN: BKG=34, LF=20.4%
2025-12-28 03:28:23 | INFO     | [SUCCESS] Day 14JAN
2025-12-28 03:28:23 | INFO     | [DAY_START] Processing 13JAN
2025-12-28 03:28:23 | INFO     | [lf.day.start] Processing RUH-ATZ for 13JAN
2025-12-28 03:28:24 | INFO     | [lf.day.flights_found] Found 1 flights on 13JAN
2025-12-28 03:28:26 | INFO     | [lf.flight.extracted] SM464 on 13JAN: BKG=59, LF=35.3%
2025-12-28 03:28:30 | INFO     | [SUCCESS] Day 13JAN
2025-12-28 03:28:30 | INFO     | [DAY_START] Processing 12JAN
2025-12-28 03:28:30 | INFO     | [lf.day.start] Processing RUH-ATZ for 12JAN
2025-12-28 03:28:31 | WARNING  | [lf.day.no_flights] No direct flights on 12JAN
2025-12-28 03:28:31 | INFO     | [SUCCESS] Day 12JAN
2025-12-28 03:28:31 | INFO     | [DAY_START] Processing 11JAN
2025-12-28 03:28:31 | INFO     | [lf.day.start] Processing RUH-ATZ for 11JAN
2025-12-28 03:28:32 | INFO     | [lf.day.flights_found] Found 1 flights on 11JAN
2025-12-28 03:28:34 | INFO     | [lf.flight.extracted] SM464 on 11JAN: BKG=47, LF=28.1%
2025-12-28 03:28:38 | INFO     | [SUCCESS] Day 11JAN
2025-12-28 03:28:38 | INFO     | [SUCCESS] LF Search Complete
2025-12-28 03:28:40 | INFO     | [Worker_9227] Completed: RUH-ATZ - 5 results, 0 errors
2025-12-28 03:28:40 | INFO     | [Worker_9227] Processing: JED-CAI
2025-12-28 03:28:40 | INFO     |   Tier 0: Range 1, Chunk 1/2 (7 days)
