
============================================================
     LF WORKER - PORT 9224
============================================================
Worker: Worker_9224
Status: READY
Waiting for tasks...
============================================================


============================================================
[Worker_9224] Processing: JED-CAI
  Tier 0: Range 1, Chunk 3/10
  Dates: 1 days
  Date Range: 2026-01-07 to 2026-01-07
============================================================

2025-12-31 02:44:51 | INFO     | ======================================================================
2025-12-31 02:44:51 | INFO     | Load Factor Scraper Started - Route: JED-CAI
2025-12-31 02:44:51 | INFO     | Log file: D:\CODERED\LAB\market_insights\outputs\run_generated_311225_at_02.44\logs\LF_JED-CAI_20251231_024451.log
2025-12-31 02:44:51 | INFO     | Enhanced logging: Capturing both logging.info() and print()
2025-12-31 02:44:51 | INFO     | ======================================================================
[LF] Processing dates (override): ['07JAN']
[LF] Attaching to Chrome for Altea access
[LF][[OK] SUCCESS] Connected to Chrome on 127.0.0.1:9224 (after 1 attempts)
[LF][[OK] SUCCESS] Found Amadeus Altea window: Altéa Reservation Desktop
[LF][[INFO] INFO] URL: https://tc212.resdesktop.altea.amadeus.com/app_ard/apf/init/login?SITE=ESMPESMP&LANGUAGE=GB&MARKETS=ARDW_PROD_WBP&ACTION=clpLogin
[LF] Processing JED-CAI for 07JAN
[LF][ERROR] Amadeus command error detected: UNKNOWN TRANSACTION
[LF][ERROR] Command: SN07JANJEDCAI/ASM
[LF][RESYNC] Triggering immediate resync to last successful SN command
============================================================
[LF][RESYNC] Command 'SN07JANJEDCAI/ASM' failed: TECH_ERROR:UNKNOWN TRANSACTION
[LF][RESYNC] Re-running entire day from SN command for JED-CAI 07JAN
[LF][RESYNC] Attempt 1/50 (waiting 1.0s before retry...)
============================================================
[LF][RESYNC] Sending IG to clear session state...
[LF][RESYNC] Session cleared with IG
[LF] Processing JED-CAI for 07JAN
[LF] 07JAN: found 4 direct flights
[LF] SM476 07JAN: BKG=175, GRP=136, CAP=175, LF%=100.0%, Brd-Off=JED-CAI, Classes: P:136, U:10, X:12, T:2, W:8, S:7
[LF] SM478 07JAN: BKG=167, GRP=95, CAP=167, LF%=100.0%, Brd-Off=JED-CAI, Classes: P:48, E:47, U:10, X:12, T:17, W:22, S:10, K:1
[LF] SM460 07JAN: BKG=178, GRP=137, CAP=178, LF%=100.0%, Brd-Off=JED-CAI, Classes: P:137, U:10, X:12, T:14, S:5
[LF] SM424 07JAN: BKG=177, GRP=142, CAP=178, LF%=99.4%, Brd-Off=JED-CAI, Classes: P:142, U:10, X:10, T:5, W:5, S:5
[LF] Getting WEEKLY/LASTSOLD data for 4 flights
[LF] SM476 07JAN: LASTSOLD=2025-12-30 00:00:00, WEEKLY=14, TODAY=0, YDAY=1
[LF] SM478 07JAN: LASTSOLD=2025-12-30 00:00:00, WEEKLY=30, TODAY=0, YDAY=4
[LF] SM460 07JAN: LASTSOLD=2025-12-30 00:00:00, WEEKLY=16, TODAY=0, YDAY=2
[LF] SM424 07JAN: LASTSOLD=2025-12-30 00:00:00, WEEKLY=4, TODAY=0, YDAY=3
[LF] Results summary:
  2026-01-07: 4 flights

============================================================
[Worker_9224] ✓ COMPLETED: JED-CAI
  Results: 1 dates
  Errors: 0 dates
  Total Processed: 1 groups
============================================================

[Worker_9224] Waiting for tasks...

============================================================
[Worker_9224] Shutdown signal received
Exiting...
============================================================

============================================================
[Worker_9224] FINISHED
  Total Groups Processed: 1
============================================================

