
============================================================
     LF WORKER - PORT 9225
============================================================
Worker: Worker_9225
Status: READY
Waiting for tasks...
============================================================


============================================================
[Worker_9225] Processing: JED-CAI
  Tier 0: Range 2, Chunk 1/3
  Dates: 7 days
  Date Range: 2026-01-31 to 2026-01-25
============================================================

2026-01-10 07:33:03 | INFO     | ======================================================================
2026-01-10 07:33:03 | INFO     | Load Factor Scraper Started - Route: JED-CAI
2026-01-10 07:33:03 | INFO     | Log file: D:\CODERED\LAB\Artifacts\run_100126_at_07.32\logs\LF_JED-CAI_20260110_073303.log
2026-01-10 07:33:03 | INFO     | Enhanced logging: Capturing both logging.info() and print()
2026-01-10 07:33:03 | INFO     | ======================================================================
[LF] Processing dates (override): ['31JAN', '30JAN', '29JAN', '28JAN', '27JAN', '26JAN', '25JAN']
[LF] Attaching to Chrome for Altea access
[LF][[OK] SUCCESS] Connected to Chrome on 127.0.0.1:9225 (after 1 attempts)
[LF][[OK] SUCCESS] Found Amadeus Altea window: Altéa Reservation Desktop
[LF][[INFO] INFO] URL: https://tc212.resdesktop.altea.amadeus.com/app_ard/apf/init/login?SITE=ESMPESMP&LANGUAGE=GB&MARKETS=ARDW_PROD_WBP&ACTION=clpLogin
[LF] Processing JED-CAI for 31JAN
[LF][ERROR] Amadeus command error detected: UNKNOWN TRANSACTION
[LF][ERROR] Command: SN31JANJEDCAI/ASM
[LF][RESYNC] Triggering immediate resync to last successful SN command
============================================================
[LF][RESYNC] Command 'SN31JANJEDCAI/ASM' failed: TECH_ERROR:UNKNOWN TRANSACTION
[LF][RESYNC] Re-running entire day from SN command for JED-CAI 31JAN
[LF][RESYNC] Attempt 1/50 (waiting 1.0s before retry...)
============================================================
[LF][RESYNC] Sending IG to clear session state...
[LF][RESYNC] Session cleared with IG
[LF] Processing JED-CAI for 31JAN
[LF] 31JAN: found 3 direct flights
[LF] SM450 31JAN: BKG=158, GRP=127, CAP=175, LF%=90.3%, Brd-Off=JED-CAI, Classes: N:2, E:125, I:6, U:18, X:7
[LPC] SM450 31JAN: Found 1 outbound flights with connecting passengers
[LF] SM476 31JAN: BKG=168, GRP=135, CAP=175, LF%=96.0%, Brd-Off=JED-CAI, Classes: P:135, I:17, O:1, U:3, X:3, W:5, S:4
[LPC] SM476 31JAN: Found 1 outbound flights with connecting passengers
[LF] SM478 31JAN: BKG=105, GRP=70, CAP=175, LF%=60.0%, Brd-Off=JED-CAI, Classes: N:4, P:70, U:9, X:21, K:1
[LPC] SM478 31JAN: Found 0 outbound flights with connecting passengers
[LF] Getting WEEKLY/LASTSOLD data for 3 flights
[LF] SM450 31JAN: LASTSOLD=2026-01-09 00:00:00, WEEKLY=18, TODAY=0, YDAY=8
[LF] SM476 31JAN: LASTSOLD=2026-01-05 00:00:00, WEEKLY=3, TODAY=0, YDAY=0
[LF] SM478 31JAN: LASTSOLD=2026-01-08 00:00:00, WEEKLY=20, TODAY=0, YDAY=0
[LF] Processing JED-CAI for 30JAN
[LF] 30JAN: found 6 direct flights
[LF] SM424 30JAN: BKG=55, GRP=45, CAP=172, LF%=32.0%, Brd-Off=JED-CAI, Classes: P:45, I:1, U:4, X:3, Q:2
[LPC] SM424 30JAN: Found 2 outbound flights with connecting passengers
[LF] SM476 30JAN: BKG=32, GRP=0, CAP=175, LF%=18.3%, Brd-Off=JED-CAI, Classes: I:11, O:15, U:6
[LF] SM478 30JAN: BKG=34, GRP=0, CAP=175, LF%=19.4%, Brd-Off=JED-CAI, Classes: I:1, O:25, U:8
[LF] SM480 30JAN: BKG=20, GRP=0, CAP=175, LF%=11.4%, Brd-Off=JED-CAI, Classes: I:8, U:12
[LF] SM472 30JAN: BKG=97, GRP=52, CAP=175, LF%=55.4%, Brd-Off=JED-CAI, Classes: P:7, E:45, I:14, U:15, X:16
[LF] SM460 30JAN: BKG=138, GRP=90, CAP=168, LF%=82.1%, Brd-Off=JED-CAI, Classes: N:1, P:90, I:17, O:2, U:18, X:9, K:1
[LF] Getting WEEKLY/LASTSOLD data for 6 flights
[LF] SM424 30JAN: LASTSOLD=2026-01-06 00:00:00, WEEKLY=2, TODAY=0, YDAY=0
[LF] SM476 30JAN: LASTSOLD=2026-01-09 00:00:00, WEEKLY=22, TODAY=0, YDAY=4
[LF] SM478 30JAN: LASTSOLD=2026-01-08 00:00:00, WEEKLY=9, TODAY=0, YDAY=0
[LF] SM480 30JAN: LASTSOLD=2026-01-08 00:00:00, WEEKLY=2, TODAY=0, YDAY=0
[LF] SM472 30JAN: LASTSOLD=2026-01-08 00:00:00, WEEKLY=11, TODAY=0, YDAY=0
[LF] SM460 30JAN: LASTSOLD=2026-01-09 00:00:00, WEEKLY=12, TODAY=0, YDAY=1
[LF] Processing JED-CAI for 29JAN
[LF] 29JAN: found 6 direct flights
[LF] SM472 29JAN: BKG=71, GRP=48, CAP=175, LF%=40.6%, Brd-Off=JED-CAI, Classes: P:48, I:18, U:5
[LF] SM450 29JAN: BKG=123, GRP=108, CAP=172, LF%=71.5%, Brd-Off=JED-CAI, Classes: E:108, I:11, U:4
[LPC] SM450 29JAN: Found 2 outbound flights with connecting passengers
[LF] SM476 29JAN: BKG=77, GRP=55, CAP=175, LF%=44.0%, Brd-Off=JED-CAI, Classes: P:55, I:20, U:2
[LF] SM432 29JAN: BKG=168, GRP=140, CAP=175, LF%=96.0%, Brd-Off=JED-CAI, Classes: P:140, I:27, K:1
[LF] SM478 29JAN: BKG=152, GRP=135, CAP=168, LF%=90.5%, Brd-Off=JED-CAI, Classes: P:135, I:2, U:15
[LF] SM480 29JAN: BKG=123, GRP=90, CAP=175, LF%=70.3%, Brd-Off=JED-CAI, Classes: N:4, P:90, I:10, U:10, X:8, K:1
[LF] Getting WEEKLY/LASTSOLD data for 6 flights
[LF] SM472 29JAN: LASTSOLD=2026-01-08 00:00:00, WEEKLY=8, TODAY=0, YDAY=0
[LF] SM450 29JAN: LASTSOLD=2026-01-09 00:00:00, WEEKLY=13, TODAY=0, YDAY=2
[LF] SM476 29JAN: LASTSOLD=2026-01-09 00:00:00, WEEKLY=15, TODAY=0, YDAY=9
[LF] SM432 29JAN: LASTSOLD=2026-01-04 00:00:00, WEEKLY=1, TODAY=0, YDAY=0
[LF] SM478 29JAN: LASTSOLD=2026-01-09 00:00:00, WEEKLY=7, TODAY=0, YDAY=1
[LF] SM480 29JAN: LASTSOLD=2026-01-05 00:00:00, WEEKLY=2, TODAY=0, YDAY=0
[LF] Processing JED-CAI for 28JAN
[LF] 28JAN: found 4 direct flights
[LF] SM476 28JAN: BKG=120, GRP=90, CAP=175, LF%=68.6%, Brd-Off=JED-CAI, Classes: P:90, I:27, U:2, X:1
