
============================================================
     LF WORKER - PORT 9232
============================================================
Worker: Worker_9232
Status: READY
Waiting for tasks...
============================================================


============================================================
[Worker_9232] Processing: JED-SSH
  Tier 0: Range 2, Chunk 1/3
  Dates: 7 days
  Date Range: 2026-01-31 to 2026-01-25
============================================================

2026-01-10 07:33:03 | INFO     | ======================================================================
2026-01-10 07:33:03 | INFO     | Load Factor Scraper Started - Route: JED-SSH
2026-01-10 07:33:03 | INFO     | Log file: D:\CODERED\LAB\Artifacts\run_100126_at_07.32\logs\LF_JED-SSH_20260110_073303.log
2026-01-10 07:33:03 | INFO     | Enhanced logging: Capturing both logging.info() and print()
2026-01-10 07:33:03 | INFO     | ======================================================================
[LF] Processing dates (override): ['31JAN', '30JAN', '29JAN', '28JAN', '27JAN', '26JAN', '25JAN']
[LF] Attaching to Chrome for Altea access
[LF][[OK] SUCCESS] Connected to Chrome on 127.0.0.1:9232 (after 1 attempts)
[LF][[OK] SUCCESS] Found Amadeus Altea window: Altéa Reservation Desktop
[LF][[INFO] INFO] URL: https://tc212.resdesktop.altea.amadeus.com/app_ard/apf/init/login?SITE=ESMPESMP&LANGUAGE=GB&MARKETS=ARDW_PROD_WBP&ACTION=clpLogin
[LF] Processing JED-SSH for 31JAN
[LF][ERROR] Amadeus command error detected: UNKNOWN TRANSACTION
[LF][ERROR] Command: SN31JANJEDSSH/ASM
[LF][RESYNC] Triggering immediate resync to last successful SN command
============================================================
[LF][RESYNC] Command 'SN31JANJEDSSH/ASM' failed: TECH_ERROR:UNKNOWN TRANSACTION
[LF][RESYNC] Re-running entire day from SN command for JED-SSH 31JAN
[LF][RESYNC] Attempt 1/50 (waiting 1.0s before retry...)
============================================================
[LF][RESYNC] Sending IG to clear session state...
[LF][RESYNC] Session cleared with IG
[LF] Processing JED-SSH for 31JAN
[LF] No direct flights on 31JAN for JED-SSH
[LF] Processing JED-SSH for 30JAN
[LF] No direct flights on 30JAN for JED-SSH
[LF] Processing JED-SSH for 29JAN
[LF] No direct flights on 29JAN for JED-SSH
[LF] Processing JED-SSH for 28JAN
[LF] No direct flights on 28JAN for JED-SSH
[LF] Processing JED-SSH for 27JAN
[LF] No direct flights on 27JAN for JED-SSH
[LF] Processing JED-SSH for 26JAN
[LF] No direct flights on 26JAN for JED-SSH
[LF] Processing JED-SSH for 25JAN
[LF] No direct flights on 25JAN for JED-SSH
[LF] Results summary:
  2026-01-31: 0 flights
  2026-01-30: 0 flights
  2026-01-29: 0 flights
  2026-01-28: 0 flights
  2026-01-27: 0 flights
  2026-01-26: 0 flights
  2026-01-25: 0 flights

============================================================
[Worker_9232] ✓ COMPLETED: JED-SSH
  Results: 7 dates
  Errors: 0 dates
  Total Processed: 1 groups
============================================================


============================================================
[Worker_9232] Processing: RUH-CAI
  Tier 0: Range 2, Chunk 1/3
  Dates: 7 days
  Date Range: 2026-01-31 to 2026-01-25
============================================================

2026-01-10 07:33:18 | INFO     | ======================================================================
2026-01-10 07:33:18 | INFO     | Load Factor Scraper Started - Route: RUH-CAI
2026-01-10 07:33:18 | INFO     | Log file: D:\CODERED\LAB\Artifacts\run_100126_at_07.32\logs\LF_RUH-CAI_20260110_073318.log
2026-01-10 07:33:18 | INFO     | Enhanced logging: Capturing both logging.info() and print()
2026-01-10 07:33:18 | INFO     | ======================================================================
[LF] Processing dates (override): ['31JAN', '30JAN', '29JAN', '28JAN', '27JAN', '26JAN', '25JAN']
[LF] Attaching to Chrome for Altea access
2026-01-10 07:33:18 | INFO     | Starting LF search for route: RUH-CAI
2026-01-10 07:33:18 | INFO     | [START] LF Search
[LF][[OK] SUCCESS] Connected to Chrome on 127.0.0.1:9232 (after 1 attempts)
2026-01-10 07:33:19 | INFO     | [HEALTH CHECK] [OK] Chrome connection is healthy
[LF][[OK] SUCCESS] Found Amadeus Altea window: Altéa Reservation Desktop
[LF][[INFO] INFO] URL: https://tc212.resdesktop.altea.amadeus.com/app_ard/apf/init/login?SITE=ESMPESMP&LANGUAGE=GB&MARKETS=ARDW_PROD_WBP&ACTION=clpLogin
2026-01-10 07:33:19 | INFO     | [DAY_START] Processing 31JAN
[LF] Processing RUH-CAI for 31JAN
2026-01-10 07:33:19 | INFO     | [lf.day.start] Processing RUH-CAI for 31JAN
[LF] 31JAN: found 1 direct flights
2026-01-10 07:33:20 | INFO     | [lf.day.flights_found] Found 1 flights on 31JAN
2026-01-10 07:33:22 | INFO     | [lf.flight.extracted] SM462 on 31JAN: BKG=50, LF=28.6%
[LF] SM462 31JAN: BKG=50, GRP=0, CAP=175, LF%=28.6%, Brd-Off=RUH-CAI, Classes: I:20, O:10, U:10, X:10
[LPC] SM462 31JAN: Found 1 outbound flights with connecting passengers
[LF] Getting WEEKLY/LASTSOLD data for 1 flights
[LF] SM462 31JAN: LASTSOLD=2026-01-09 00:00:00, WEEKLY=12, TODAY=0, YDAY=1
2026-01-10 07:33:28 | INFO     | [SUCCESS] Day 31JAN
2026-01-10 07:33:28 | INFO     | [DAY_START] Processing 30JAN
[LF] Processing RUH-CAI for 30JAN
2026-01-10 07:33:28 | INFO     | [lf.day.start] Processing RUH-CAI for 30JAN
[LF] 30JAN: found 2 direct flights
2026-01-10 07:33:29 | INFO     | [lf.day.flights_found] Found 2 flights on 30JAN
2026-01-10 07:33:30 | INFO     | [lf.flight.extracted] SM462 on 30JAN: BKG=40, LF=22.9%
[LF] SM462 30JAN: BKG=40, GRP=0, CAP=175, LF%=22.9%, Brd-Off=RUH-CAI, Classes: I:20, O:10, U:9, S:1
2026-01-10 07:33:33 | INFO     | [lf.flight.extracted] SM470 on 30JAN: BKG=40, LF=23.9%
[LF] SM470 30JAN: BKG=40, GRP=0, CAP=167, LF%=23.9%, Brd-Off=RUH-CAI, Classes: N:1, I:20, O:10, U:9
[LF] Getting WEEKLY/LASTSOLD data for 2 flights
[LF] SM462 30JAN: LASTSOLD=2026-01-09 00:00:00, WEEKLY=7, TODAY=0, YDAY=1
[LF] SM470 30JAN: LASTSOLD=2026-01-09 00:00:00, WEEKLY=10, TODAY=0, YDAY=1
2026-01-10 07:33:40 | INFO     | [SUCCESS] Day 30JAN
2026-01-10 07:33:40 | INFO     | [DAY_START] Processing 29JAN
[LF] Processing RUH-CAI for 29JAN
2026-01-10 07:33:40 | INFO     | [lf.day.start] Processing RUH-CAI for 29JAN
[LF] 29JAN: found 1 direct flights
2026-01-10 07:33:41 | INFO     | [lf.day.flights_found] Found 1 flights on 29JAN
2026-01-10 07:33:43 | INFO     | [lf.flight.extracted] SM462 on 29JAN: BKG=31, LF=17.7%
[LF] SM462 29JAN: BKG=31, GRP=0, CAP=175, LF%=17.7%, Brd-Off=RUH-CAI, Classes: O:25, U:5, K:1
[LF] Getting WEEKLY/LASTSOLD data for 1 flights
[LF] SM462 29JAN: LASTSOLD=2026-01-09 00:00:00, WEEKLY=7, TODAY=0, YDAY=1
2026-01-10 07:33:46 | INFO     | [SUCCESS] Day 29JAN
2026-01-10 07:33:46 | INFO     | [DAY_START] Processing 28JAN
[LF] Processing RUH-CAI for 28JAN
2026-01-10 07:33:46 | INFO     | [lf.day.start] Processing RUH-CAI for 28JAN
[LF] 28JAN: found 2 direct flights
2026-01-10 07:33:47 | INFO     | [lf.day.flights_found] Found 2 flights on 28JAN
2026-01-10 07:33:49 | INFO     | [lf.flight.extracted] SM462 on 28JAN: BKG=33, LF=19.2%
[LF] SM462 28JAN: BKG=33, GRP=0, CAP=172, LF%=19.2%, Brd-Off=RUH-CAI, Classes: I:24, O:7, T:1, S:1
2026-01-10 07:33:52 | INFO     | [lf.flight.extracted] SM470 on 28JAN: BKG=33, LF=18.9%
[LF] SM470 28JAN: BKG=33, GRP=0, CAP=175, LF%=18.9%, Brd-Off=RUH-CAI, Classes: I:22, O:10, U:1
[LF] Getting WEEKLY/LASTSOLD data for 2 flights
[LF] SM462 28JAN: LASTSOLD=2026-01-09 00:00:00, WEEKLY=8, TODAY=0, YDAY=2
[LF] SM470 28JAN: LASTSOLD=2026-01-07 00:00:00, WEEKLY=10, TODAY=0, YDAY=0
2026-01-10 07:33:58 | INFO     | [SUCCESS] Day 28JAN
2026-01-10 07:33:58 | INFO     | [DAY_START] Processing 27JAN
[LF] Processing RUH-CAI for 27JAN
2026-01-10 07:33:58 | INFO     | [lf.day.start] Processing RUH-CAI for 27JAN
[LF] 27JAN: found 1 direct flights
2026-01-10 07:33:59 | INFO     | [lf.day.flights_found] Found 1 flights on 27JAN
2026-01-10 07:34:01 | INFO     | [lf.flight.extracted] SM470 on 27JAN: BKG=32, LF=19.2%
[LF] SM470 27JAN: BKG=32, GRP=0, CAP=167, LF%=19.2%, Brd-Off=RUH-CAI, Classes: I:20, O:8, K:4
[LF] Getting WEEKLY/LASTSOLD data for 1 flights
[LF] SM470 27JAN: LASTSOLD=2026-01-08 00:00:00, WEEKLY=12, TODAY=0, YDAY=0
2026-01-10 07:34:04 | INFO     | [SUCCESS] Day 27JAN
2026-01-10 07:34:04 | INFO     | [DAY_START] Processing 26JAN
[LF] Processing RUH-CAI for 26JAN
2026-01-10 07:34:04 | INFO     | [lf.day.start] Processing RUH-CAI for 26JAN
[LF] 26JAN: found 1 direct flights
2026-01-10 07:34:05 | INFO     | [lf.day.flights_found] Found 1 flights on 26JAN
2026-01-10 07:34:07 | INFO     | [lf.flight.extracted] SM470 on 26JAN: BKG=17, LF=10.2%
[LF] SM470 26JAN: BKG=17, GRP=0, CAP=167, LF%=10.2%, Brd-Off=RUH-CAI, Classes: I:16, O:1
[LF] Getting WEEKLY/LASTSOLD data for 1 flights
[LF] SM470 26JAN: LASTSOLD=2026-01-09 00:00:00, WEEKLY=5, TODAY=0, YDAY=1
2026-01-10 07:34:09 | INFO     | [SUCCESS] Day 26JAN
2026-01-10 07:34:09 | INFO     | [DAY_START] Processing 25JAN
[LF] Processing RUH-CAI for 25JAN
2026-01-10 07:34:09 | INFO     | [lf.day.start] Processing RUH-CAI for 25JAN
[LF] 25JAN: found 1 direct flights
2026-01-10 07:34:10 | INFO     | [lf.day.flights_found] Found 1 flights on 25JAN
2026-01-10 07:34:12 | INFO     | [lf.flight.extracted] SM462 on 25JAN: BKG=32, LF=18.3%
[LF] SM462 25JAN: BKG=32, GRP=0, CAP=175, LF%=18.3%, Brd-Off=RUH-CAI, Classes: I:27, O:5
[LF] Getting WEEKLY/LASTSOLD data for 1 flights
[LF] SM462 25JAN: LASTSOLD=2026-01-10 00:00:00, WEEKLY=9, TODAY=1, YDAY=0
2026-01-10 07:34:15 | INFO     | [SUCCESS] Day 25JAN
[LF] Results summary:
  2026-01-31: 1 flights
  2026-01-30: 2 flights
  2026-01-29: 1 flights
  2026-01-28: 2 flights
  2026-01-27: 1 flights
  2026-01-26: 1 flights
  2026-01-25: 1 flights
2026-01-10 07:34:15 | INFO     | [SUCCESS] LF Search Complete

============================================================
[Worker_9232] ✓ COMPLETED: RUH-CAI
  Results: 7 dates
  Errors: 0 dates
  Total Processed: 2 groups
============================================================

2026-01-10 07:34:17 | INFO     | [Worker_9232] Completed: RUH-CAI - 7 results, 0 errors

============================================================
[Worker_9232] Processing: ELQ-CAI
  Tier 0: Range 2, Chunk 1/3
  Dates: 7 days
  Date Range: 2026-01-31 to 2026-01-25
============================================================

2026-01-10 07:34:17 | INFO     | [Worker_9232] Processing: ELQ-CAI
2026-01-10 07:34:17 | INFO     |   Tier 0: Range 2, Chunk 1/3 (7 days)
2026-01-10 07:34:17 | INFO     | ======================================================================
2026-01-10 07:34:17 | INFO     | Load Factor Scraper Started - Route: ELQ-CAI
2026-01-10 07:34:17 | INFO     | Log file: D:\CODERED\LAB\Artifacts\run_100126_at_07.32\logs\LF_ELQ-CAI_20260110_073417.log
2026-01-10 07:34:17 | INFO     | Enhanced logging: Capturing both logging.info() and print()
2026-01-10 07:34:17 | INFO     | ======================================================================
[LF] Processing dates (override): ['31JAN', '30JAN', '29JAN', '28JAN', '27JAN', '26JAN', '25JAN']
[LF] Attaching to Chrome for Altea access
2026-01-10 07:34:17 | INFO     | Starting LF search for route: ELQ-CAI
2026-01-10 07:34:17 | INFO     | [START] LF Search
[LF][[OK] SUCCESS] Connected to Chrome on 127.0.0.1:9232 (after 1 attempts)
2026-01-10 07:34:18 | INFO     | [HEALTH CHECK] [OK] Chrome connection is healthy
[LF][[OK] SUCCESS] Found Amadeus Altea window: Altéa Reservation Desktop
[LF][[INFO] INFO] URL: https://tc212.resdesktop.altea.amadeus.com/app_ard/apf/init/login?SITE=ESMPESMP&LANGUAGE=GB&MARKETS=ARDW_PROD_WBP&ACTION=clpLogin
2026-01-10 07:34:18 | INFO     | [DAY_START] Processing 31JAN
[LF] Processing ELQ-CAI for 31JAN
2026-01-10 07:34:18 | INFO     | [lf.day.start] Processing ELQ-CAI for 31JAN
[LF] 31JAN: found 1 direct flights
2026-01-10 07:34:19 | INFO     | [lf.day.flights_found] Found 1 flights on 31JAN
2026-01-10 07:34:21 | INFO     | [lf.flight.extracted] SM428 on 31JAN: BKG=18, LF=10.3%
[LF] SM428 31JAN: BKG=18, GRP=0, CAP=175, LF%=10.3%, Brd-Off=ELQ-CAI, Classes: O:7, U:8, S:3
[LF] Getting WEEKLY/LASTSOLD data for 1 flights
[LF] SM428 31JAN: LASTSOLD=2026-01-08 00:00:00, WEEKLY=2, TODAY=0, YDAY=0
2026-01-10 07:34:23 | INFO     | [SUCCESS] Day 31JAN
2026-01-10 07:34:23 | INFO     | [DAY_START] Processing 30JAN
[LF] Processing ELQ-CAI for 30JAN
2026-01-10 07:34:24 | INFO     | [lf.day.start] Processing ELQ-CAI for 30JAN
[LF] No direct flights on 30JAN for ELQ-CAI
2026-01-10 07:34:24 | WARNING  | [lf.day.no_flights] No direct flights on 30JAN
2026-01-10 07:34:24 | INFO     | [SUCCESS] Day 30JAN
2026-01-10 07:34:24 | INFO     | [DAY_START] Processing 29JAN
[LF] Processing ELQ-CAI for 29JAN
2026-01-10 07:34:24 | INFO     | [lf.day.start] Processing ELQ-CAI for 29JAN
[LF] 29JAN: found 1 direct flights
2026-01-10 07:34:25 | INFO     | [lf.day.flights_found] Found 1 flights on 29JAN
2026-01-10 07:34:27 | INFO     | [lf.flight.extracted] SM428 on 29JAN: BKG=12, LF=7.0%
[LF] SM428 29JAN: BKG=12, GRP=0, CAP=172, LF%=7.0%, Brd-Off=ELQ-CAI, Classes: O:6, U:6
[LF] Getting WEEKLY/LASTSOLD data for 1 flights
[LF] SM428 29JAN: LASTSOLD=2026-01-08 00:00:00, WEEKLY=2, TODAY=0, YDAY=0
2026-01-10 07:34:30 | INFO     | [SUCCESS] Day 29JAN
2026-01-10 07:34:30 | INFO     | [DAY_START] Processing 28JAN
[LF] Processing ELQ-CAI for 28JAN
2026-01-10 07:34:30 | INFO     | [lf.day.start] Processing ELQ-CAI for 28JAN
[LF] No direct flights on 28JAN for ELQ-CAI
2026-01-10 07:34:31 | WARNING  | [lf.day.no_flights] No direct flights on 28JAN
2026-01-10 07:34:31 | INFO     | [SUCCESS] Day 28JAN
2026-01-10 07:34:31 | INFO     | [DAY_START] Processing 27JAN
[LF] Processing ELQ-CAI for 27JAN
2026-01-10 07:34:31 | INFO     | [lf.day.start] Processing ELQ-CAI for 27JAN
[LF] No direct flights on 27JAN for ELQ-CAI
2026-01-10 07:34:32 | WARNING  | [lf.day.no_flights] No direct flights on 27JAN
2026-01-10 07:34:32 | INFO     | [SUCCESS] Day 27JAN
2026-01-10 07:34:32 | INFO     | [DAY_START] Processing 26JAN
[LF] Processing ELQ-CAI for 26JAN
2026-01-10 07:34:32 | INFO     | [lf.day.start] Processing ELQ-CAI for 26JAN
[LF] No direct flights on 26JAN for ELQ-CAI
2026-01-10 07:34:33 | WARNING  | [lf.day.no_flights] No direct flights on 26JAN
2026-01-10 07:34:33 | INFO     | [SUCCESS] Day 26JAN
2026-01-10 07:34:33 | INFO     | [DAY_START] Processing 25JAN
[LF] Processing ELQ-CAI for 25JAN
2026-01-10 07:34:33 | INFO     | [lf.day.start] Processing ELQ-CAI for 25JAN
[LF] 25JAN: found 1 direct flights
2026-01-10 07:34:34 | INFO     | [lf.day.flights_found] Found 1 flights on 25JAN
2026-01-10 07:34:35 | INFO     | [lf.flight.extracted] SM428 on 25JAN: BKG=16, LF=9.1%
[LF] SM428 25JAN: BKG=16, GRP=0, CAP=175, LF%=9.1%, Brd-Off=ELQ-CAI, Classes: O:6, U:7, X:3
[LF] Getting WEEKLY/LASTSOLD data for 1 flights
[LF] SM428 25JAN: LASTSOLD=2026-01-09 00:00:00, WEEKLY=2, TODAY=0, YDAY=2
2026-01-10 07:34:38 | INFO     | [SUCCESS] Day 25JAN
[LF] Results summary:
  2026-01-31: 1 flights
  2026-01-30: 0 flights
  2026-01-29: 1 flights
  2026-01-28: 0 flights
  2026-01-27: 0 flights
  2026-01-26: 0 flights
  2026-01-25: 1 flights
2026-01-10 07:34:38 | INFO     | [SUCCESS] LF Search Complete

============================================================
[Worker_9232] ✓ COMPLETED: ELQ-CAI
  Results: 7 dates
  Errors: 0 dates
  Total Processed: 3 groups
============================================================

2026-01-10 07:34:40 | INFO     | [Worker_9232] Completed: ELQ-CAI - 7 results, 0 errors

============================================================
[Worker_9232] Processing: ATZ-MED
  Tier 0: Range 2, Chunk 1/3
  Dates: 7 days
  Date Range: 2026-01-31 to 2026-01-25
============================================================

2026-01-10 07:34:40 | INFO     | [Worker_9232] Processing: ATZ-MED
2026-01-10 07:34:40 | INFO     |   Tier 0: Range 2, Chunk 1/3 (7 days)
2026-01-10 07:34:40 | INFO     | ======================================================================
2026-01-10 07:34:40 | INFO     | Load Factor Scraper Started - Route: ATZ-MED
2026-01-10 07:34:40 | INFO     | Log file: D:\CODERED\LAB\Artifacts\run_100126_at_07.32\logs\LF_ATZ-MED_20260110_073440.log
2026-01-10 07:34:40 | INFO     | Enhanced logging: Capturing both logging.info() and print()
2026-01-10 07:34:40 | INFO     | ======================================================================
[LF] Processing dates (override): ['31JAN', '30JAN', '29JAN', '28JAN', '27JAN', '26JAN', '25JAN']
[LF] Attaching to Chrome for Altea access
2026-01-10 07:34:40 | INFO     | Starting LF search for route: ATZ-MED
2026-01-10 07:34:40 | INFO     | [START] LF Search
[LF][[OK] SUCCESS] Connected to Chrome on 127.0.0.1:9232 (after 1 attempts)
2026-01-10 07:34:41 | INFO     | [HEALTH CHECK] [OK] Chrome connection is healthy
[LF][[OK] SUCCESS] Found Amadeus Altea window: Altéa Reservation Desktop
[LF][[INFO] INFO] URL: https://tc212.resdesktop.altea.amadeus.com/app_ard/apf/init/login?SITE=ESMPESMP&LANGUAGE=GB&MARKETS=ARDW_PROD_WBP&ACTION=clpLogin
2026-01-10 07:34:41 | INFO     | [DAY_START] Processing 31JAN
[LF] Processing ATZ-MED for 31JAN
2026-01-10 07:34:41 | INFO     | [lf.day.start] Processing ATZ-MED for 31JAN
[LF] 31JAN: found 1 direct flights
2026-01-10 07:34:42 | INFO     | [lf.day.flights_found] Found 1 flights on 31JAN
2026-01-10 07:34:44 | INFO     | [lf.flight.extracted] SM487 on 31JAN: BKG=127, LF=71.0%
[LF] SM487 31JAN: BKG=127, GRP=90, CAP=179, LF%=71.0%, Brd-Off=ATZ-MED, Classes: P:90, I:20, O:16, X:1
[LF] Getting WEEKLY/LASTSOLD data for 1 flights
[LF] SM487 31JAN: LASTSOLD=2026-01-09 00:00:00, WEEKLY=23, TODAY=0, YDAY=2
2026-01-10 07:34:47 | INFO     | [SUCCESS] Day 31JAN
2026-01-10 07:34:47 | INFO     | [DAY_START] Processing 30JAN
[LF] Processing ATZ-MED for 30JAN
2026-01-10 07:34:47 | INFO     | [lf.day.start] Processing ATZ-MED for 30JAN
[LF] No direct flights on 30JAN for ATZ-MED
2026-01-10 07:34:48 | WARNING  | [lf.day.no_flights] No direct flights on 30JAN
2026-01-10 07:34:48 | INFO     | [SUCCESS] Day 30JAN
2026-01-10 07:34:48 | INFO     | [DAY_START] Processing 29JAN
[LF] Processing ATZ-MED for 29JAN
2026-01-10 07:34:48 | INFO     | [lf.day.start] Processing ATZ-MED for 29JAN
[LF] No direct flights on 29JAN for ATZ-MED
2026-01-10 07:34:49 | WARNING  | [lf.day.no_flights] No direct flights on 29JAN
2026-01-10 07:34:49 | INFO     | [SUCCESS] Day 29JAN
2026-01-10 07:34:49 | INFO     | [DAY_START] Processing 28JAN
[LF] Processing ATZ-MED for 28JAN
2026-01-10 07:34:49 | INFO     | [lf.day.start] Processing ATZ-MED for 28JAN
[LF] 28JAN: found 1 direct flights
2026-01-10 07:34:50 | INFO     | [lf.day.flights_found] Found 1 flights on 28JAN
2026-01-10 07:34:52 | INFO     | [lf.flight.extracted] SM489 on 28JAN: BKG=160, LF=89.4%
[LF] SM489 28JAN: BKG=160, GRP=135, CAP=179, LF%=89.4%, Brd-Off=ATZ-MED, Classes: P:135, I:9, O:9, U:6, X:1
[LF] Getting WEEKLY/LASTSOLD data for 1 flights
[LF] SM489 28JAN: LASTSOLD=2026-01-10 00:00:00, WEEKLY=17, TODAY=1, YDAY=1
2026-01-10 07:34:55 | INFO     | [SUCCESS] Day 28JAN
2026-01-10 07:34:55 | INFO     | [DAY_START] Processing 27JAN
[LF] Processing ATZ-MED for 27JAN
2026-01-10 07:34:55 | INFO     | [lf.day.start] Processing ATZ-MED for 27JAN
[LF] 27JAN: found 1 direct flights
2026-01-10 07:34:56 | INFO     | [lf.day.flights_found] Found 1 flights on 27JAN
