2026-01-04 07:18:38 | INFO     | ======================================================================
2026-01-04 07:18:38 | INFO     | Load Factor Scraper Started - Route: CAI-TUU
2026-01-04 07:18:38 | INFO     | Log file: D:\CODERED\LAB\market_insights\outputs\run_generated_040126_at_07.15\logs\LF_CAI-TUU_20260104_071838.log
2026-01-04 07:18:38 | INFO     | Enhanced logging: Capturing both logging.info() and print()
2026-01-04 07:18:38 | INFO     | ======================================================================
2026-01-04 07:18:38 | INFO     | Starting LF search for route: CAI-TUU
2026-01-04 07:18:38 | INFO     | [START] LF Search
2026-01-04 07:18:39 | INFO     | [HEALTH CHECK] [OK] Chrome connection is healthy
2026-01-04 07:18:39 | INFO     | [DAY_START] Processing 12JAN
2026-01-04 07:18:39 | INFO     | [lf.day.start] Processing CAI-TUU for 12JAN
2026-01-04 07:18:40 | WARNING  | [lf.day.no_flights] No direct flights on 12JAN
2026-01-04 07:18:40 | INFO     | [SUCCESS] Day 12JAN
2026-01-04 07:18:40 | INFO     | [DAY_START] Processing 11JAN
2026-01-04 07:18:40 | INFO     | [lf.day.start] Processing CAI-TUU for 11JAN
2026-01-04 07:18:42 | WARNING  | [lf.day.no_flights] No direct flights on 11JAN
2026-01-04 07:18:42 | INFO     | [SUCCESS] Day 11JAN
2026-01-04 07:18:42 | INFO     | [DAY_START] Processing 10JAN
2026-01-04 07:18:42 | INFO     | [lf.day.start] Processing CAI-TUU for 10JAN
2026-01-04 07:18:43 | INFO     | [lf.day.flights_found] Found 1 flights on 10JAN
2026-01-04 07:18:45 | INFO     | [lf.flight.extracted] SM325 on 10JAN: BKG=60, LF=33.5%
2026-01-04 07:18:51 | INFO     | [SUCCESS] Day 10JAN
2026-01-04 07:18:51 | INFO     | [DAY_START] Processing 09JAN
2026-01-04 07:18:51 | INFO     | [lf.day.start] Processing CAI-TUU for 09JAN
2026-01-04 07:18:52 | WARNING  | [lf.day.no_flights] No direct flights on 09JAN
2026-01-04 07:18:52 | INFO     | [SUCCESS] Day 09JAN
2026-01-04 07:18:52 | INFO     | [DAY_START] Processing 08JAN
2026-01-04 07:18:52 | INFO     | [lf.day.start] Processing CAI-TUU for 08JAN
2026-01-04 07:18:53 | INFO     | [lf.day.flights_found] Found 1 flights on 08JAN
2026-01-04 07:18:56 | INFO     | [lf.flight.extracted] SM325 on 08JAN: BKG=48, LF=26.8%
2026-01-04 07:19:00 | INFO     | [SUCCESS] Day 08JAN
2026-01-04 07:19:00 | INFO     | [DAY_START] Processing 07JAN
2026-01-04 07:19:00 | INFO     | [lf.day.start] Processing CAI-TUU for 07JAN
2026-01-04 07:19:01 | INFO     | [lf.day.flights_found] Found 1 flights on 07JAN
2026-01-04 07:19:03 | INFO     | [lf.flight.extracted] SM325 on 07JAN: BKG=63, LF=35.2%
2026-01-04 07:19:07 | INFO     | [SUCCESS] Day 07JAN
2026-01-04 07:19:07 | INFO     | [DAY_START] Processing 06JAN
2026-01-04 07:19:07 | INFO     | [lf.day.start] Processing CAI-TUU for 06JAN
2026-01-04 07:19:08 | WARNING  | [lf.day.no_flights] No direct flights on 06JAN
2026-01-04 07:19:08 | INFO     | [SUCCESS] Day 06JAN
2026-01-04 07:19:08 | INFO     | [DAY_START] Processing 05JAN
2026-01-04 07:19:08 | INFO     | [lf.day.start] Processing CAI-TUU for 05JAN
2026-01-04 07:19:09 | WARNING  | [lf.day.no_flights] No direct flights on 05JAN
2026-01-04 07:19:09 | INFO     | [SUCCESS] Day 05JAN
2026-01-04 07:19:09 | INFO     | [SUCCESS] LF Search Complete
2026-01-04 07:19:11 | INFO     | [Worker_9225] Completed: CAI-TUU - 8 results, 0 errors
2026-01-04 07:25:27 | INFO     | [Worker_9225] Shutdown signal received, exiting...
2026-01-04 07:25:27 | INFO     | [Worker_9225] Finished. Processed 2 groups.
