2026-01-04 07:17:07 | INFO     | ======================================================================
2026-01-04 07:17:07 | INFO     | Load Factor Scraper Started - Route: JED-HBE
2026-01-04 07:17:07 | INFO     | Log file: D:\CODERED\LAB\market_insights\outputs\run_generated_040126_at_07.15\logs\LF_JED-HBE_20260104_071707.log
2026-01-04 07:17:07 | INFO     | Enhanced logging: Capturing both logging.info() and print()
2026-01-04 07:17:07 | INFO     | ======================================================================
2026-01-04 07:17:07 | INFO     | Starting LF search for route: JED-HBE
2026-01-04 07:17:07 | INFO     | [START] LF Search
2026-01-04 07:17:08 | INFO     | [HEALTH CHECK] [OK] Chrome connection is healthy
2026-01-04 07:17:08 | INFO     | [DAY_START] Processing 21JAN
2026-01-04 07:17:08 | INFO     | [lf.day.start] Processing JED-HBE for 21JAN
2026-01-04 07:17:09 | INFO     | [lf.day.flights_found] Found 3 flights on 21JAN
2026-01-04 07:17:11 | INFO     | [lf.flight.extracted] SM452 on 21JAN: BKG=132, LF=76.7%
2026-01-04 07:17:14 | INFO     | [lf.flight.extracted] SM474 on 21JAN: BKG=149, LF=85.1%
2026-01-04 07:17:16 | INFO     | [lf.flight.extracted] SM458 on 21JAN: BKG=170, LF=97.1%
2026-01-04 07:17:30 | INFO     | [SUCCESS] Day 21JAN
2026-01-04 07:17:30 | INFO     | [DAY_START] Processing 20JAN
2026-01-04 07:17:30 | INFO     | [lf.day.start] Processing JED-HBE for 20JAN
2026-01-04 07:17:32 | INFO     | [lf.day.flights_found] Found 1 flights on 20JAN
2026-01-04 07:17:33 | INFO     | [lf.flight.extracted] SM452 on 20JAN: BKG=162, LF=94.2%
2026-01-04 07:17:39 | INFO     | [SUCCESS] Day 20JAN
2026-01-04 07:17:39 | INFO     | [DAY_START] Processing 19JAN
2026-01-04 07:17:39 | INFO     | [lf.day.start] Processing JED-HBE for 19JAN
2026-01-04 07:17:39 | INFO     | [lf.day.flights_found] Found 2 flights on 19JAN
2026-01-04 07:17:41 | INFO     | [lf.flight.extracted] SM458 on 19JAN: BKG=138, LF=80.2%
2026-01-04 07:17:44 | INFO     | [lf.flight.extracted] SM452 on 19JAN: BKG=146, LF=84.9%
2026-01-04 07:17:55 | INFO     | [SUCCESS] Day 19JAN
2026-01-04 07:17:55 | INFO     | [DAY_START] Processing 18JAN
2026-01-04 07:17:55 | INFO     | [lf.day.start] Processing JED-HBE for 18JAN
2026-01-04 07:17:56 | INFO     | [lf.day.flights_found] Found 2 flights on 18JAN
2026-01-04 07:17:58 | INFO     | [lf.flight.extracted] SM458 on 18JAN: BKG=121, LF=69.1%
2026-01-04 07:18:02 | INFO     | [lf.flight.extracted] SM452 on 18JAN: BKG=127, LF=73.8%
2026-01-04 07:18:13 | INFO     | [SUCCESS] Day 18JAN
2026-01-04 07:18:13 | INFO     | [DAY_START] Processing 17JAN
2026-01-04 07:18:13 | INFO     | [lf.day.start] Processing JED-HBE for 17JAN
2026-01-04 07:18:14 | INFO     | [lf.day.flights_found] Found 2 flights on 17JAN
2026-01-04 07:18:17 | INFO     | [lf.flight.extracted] SM458 on 17JAN: BKG=53, LF=30.8%
2026-01-04 07:18:20 | INFO     | [lf.flight.extracted] SM452 on 17JAN: BKG=117, LF=68.0%
2026-01-04 07:18:30 | INFO     | [SUCCESS] Day 17JAN
2026-01-04 07:18:30 | INFO     | [DAY_START] Processing 16JAN
2026-01-04 07:18:30 | INFO     | [lf.day.start] Processing JED-HBE for 16JAN
2026-01-04 07:18:32 | INFO     | [lf.day.flights_found] Found 1 flights on 16JAN
2026-01-04 07:18:34 | INFO     | [lf.flight.extracted] SM452 on 16JAN: BKG=75, LF=43.6%
2026-01-04 07:18:40 | INFO     | [SUCCESS] Day 16JAN
2026-01-04 07:18:40 | INFO     | [DAY_START] Processing 15JAN
2026-01-04 07:18:40 | INFO     | [lf.day.start] Processing JED-HBE for 15JAN
2026-01-04 07:18:41 | INFO     | [lf.day.flights_found] Found 1 flights on 15JAN
2026-01-04 07:18:43 | INFO     | [lf.flight.extracted] SM452 on 15JAN: BKG=93, LF=54.1%
2026-01-04 07:18:50 | INFO     | [SUCCESS] Day 15JAN
2026-01-04 07:18:50 | INFO     | [DAY_START] Processing 14JAN
2026-01-04 07:18:50 | INFO     | [lf.day.start] Processing JED-HBE for 14JAN
2026-01-04 07:18:51 | INFO     | [lf.day.flights_found] Found 3 flights on 14JAN
2026-01-04 07:18:54 | INFO     | [lf.flight.extracted] SM452 on 14JAN: BKG=157, LF=91.3%
2026-01-04 07:18:58 | INFO     | [lf.flight.extracted] SM474 on 14JAN: BKG=148, LF=84.6%
2026-01-04 07:19:01 | INFO     | [lf.flight.extracted] SM458 on 14JAN: BKG=121, LF=69.1%
2026-01-04 07:19:15 | INFO     | [SUCCESS] Day 14JAN
2026-01-04 07:19:15 | INFO     | [DAY_START] Processing 13JAN
2026-01-04 07:19:15 | INFO     | [lf.day.start] Processing JED-HBE for 13JAN
2026-01-04 07:19:15 | INFO     | [lf.day.flights_found] Found 1 flights on 13JAN
2026-01-04 07:19:17 | INFO     | [lf.flight.extracted] SM452 on 13JAN: BKG=171, LF=99.4%
2026-01-04 07:19:22 | INFO     | [SUCCESS] Day 13JAN
2026-01-04 07:19:22 | INFO     | [SUCCESS] LF Search Complete
2026-01-04 07:19:24 | INFO     | [Worker_9224] Completed: JED-HBE - 9 results, 0 errors
2026-01-04 07:25:25 | INFO     | [Worker_9224] Shutdown signal received, exiting...
2026-01-04 07:25:25 | INFO     | [Worker_9224] Finished. Processed 2 groups.
