2026-01-04 07:17:47 | INFO     | ======================================================================
2026-01-04 07:17:47 | INFO     | Load Factor Scraper Started - Route: MED-HBE
2026-01-04 07:17:47 | INFO     | Log file: D:\CODERED\LAB\market_insights\outputs\run_generated_040126_at_07.15\logs\LF_MED-HBE_20260104_071747.log
2026-01-04 07:17:47 | INFO     | Enhanced logging: Capturing both logging.info() and print()
2026-01-04 07:17:47 | INFO     | ======================================================================
2026-01-04 07:17:47 | INFO     | Starting LF search for route: MED-HBE
2026-01-04 07:17:47 | INFO     | [START] LF Search
2026-01-04 07:17:48 | INFO     | [HEALTH CHECK] [OK] Chrome connection is healthy
2026-01-04 07:17:48 | INFO     | [DAY_START] Processing 12JAN
2026-01-04 07:17:48 | INFO     | [lf.day.start] Processing MED-HBE for 12JAN
2026-01-04 07:17:49 | WARNING  | [lf.day.no_flights] No direct flights on 12JAN
2026-01-04 07:17:49 | INFO     | [SUCCESS] Day 12JAN
2026-01-04 07:17:49 | INFO     | [DAY_START] Processing 11JAN
2026-01-04 07:17:49 | INFO     | [lf.day.start] Processing MED-HBE for 11JAN
2026-01-04 07:17:51 | INFO     | [lf.day.flights_found] Found 1 flights on 11JAN
2026-01-04 07:17:53 | INFO     | [lf.flight.extracted] SM486 on 11JAN: BKG=165, LF=95.9%
2026-01-04 07:17:59 | INFO     | [SUCCESS] Day 11JAN
2026-01-04 07:17:59 | INFO     | [DAY_START] Processing 10JAN
2026-01-04 07:17:59 | INFO     | [lf.day.start] Processing MED-HBE for 10JAN
2026-01-04 07:18:00 | WARNING  | [lf.day.no_flights] No direct flights on 10JAN
2026-01-04 07:18:00 | INFO     | [SUCCESS] Day 10JAN
2026-01-04 07:18:00 | INFO     | [DAY_START] Processing 09JAN
2026-01-04 07:18:00 | INFO     | [lf.day.start] Processing MED-HBE for 09JAN
2026-01-04 07:18:01 | WARNING  | [lf.day.no_flights] No direct flights on 09JAN
2026-01-04 07:18:01 | INFO     | [SUCCESS] Day 09JAN
2026-01-04 07:18:01 | INFO     | [DAY_START] Processing 08JAN
2026-01-04 07:18:01 | INFO     | [lf.day.start] Processing MED-HBE for 08JAN
2026-01-04 07:18:02 | INFO     | [lf.day.flights_found] Found 1 flights on 08JAN
2026-01-04 07:18:04 | INFO     | [lf.flight.extracted] SM486 on 08JAN: BKG=168, LF=101.8%
2026-01-04 07:18:10 | INFO     | [SUCCESS] Day 08JAN
2026-01-04 07:18:10 | INFO     | [DAY_START] Processing 07JAN
2026-01-04 07:18:10 | INFO     | [lf.day.start] Processing MED-HBE for 07JAN
2026-01-04 07:18:11 | INFO     | [lf.day.flights_found] Found 1 flights on 07JAN
2026-01-04 07:18:13 | INFO     | [lf.flight.extracted] SM486 on 07JAN: BKG=169, LF=102.4%
2026-01-04 07:18:20 | INFO     | [SUCCESS] Day 07JAN
2026-01-04 07:18:20 | INFO     | [DAY_START] Processing 06JAN
2026-01-04 07:18:20 | INFO     | [lf.day.start] Processing MED-HBE for 06JAN
2026-01-04 07:18:21 | INFO     | [lf.day.flights_found] Found 1 flights on 06JAN
2026-01-04 07:18:23 | INFO     | [lf.flight.extracted] SM486 on 06JAN: BKG=177, LF=101.1%
2026-01-04 07:18:29 | INFO     | [SUCCESS] Day 06JAN
2026-01-04 07:18:29 | INFO     | [DAY_START] Processing 05JAN
2026-01-04 07:18:29 | INFO     | [lf.day.start] Processing MED-HBE for 05JAN
2026-01-04 07:18:30 | WARNING  | [lf.day.no_flights] No direct flights on 05JAN
2026-01-04 07:18:30 | INFO     | [SUCCESS] Day 05JAN
2026-01-04 07:18:30 | INFO     | [SUCCESS] LF Search Complete
2026-01-04 07:18:32 | INFO     | [Worker_9234] Completed: MED-HBE - 8 results, 0 errors
2026-01-04 07:18:32 | INFO     | [Worker_9234] Processing: HBE-MED
2026-01-04 07:18:32 | INFO     |   Tier 0: Range 1, Chunk 3/3 (9 days)
