2026-01-04 07:17:42 | INFO     | ======================================================================
2026-01-04 07:17:42 | INFO     | Load Factor Scraper Started - Route: MED-CAI
2026-01-04 07:17:42 | INFO     | Log file: D:\CODERED\LAB\market_insights\outputs\run_generated_040126_at_07.15\logs\LF_MED-CAI_20260104_071742.log
2026-01-04 07:17:42 | INFO     | Enhanced logging: Capturing both logging.info() and print()
2026-01-04 07:17:42 | INFO     | ======================================================================
2026-01-04 07:17:42 | INFO     | Starting LF search for route: MED-CAI
2026-01-04 07:17:42 | INFO     | [START] LF Search
2026-01-04 07:17:44 | INFO     | [HEALTH CHECK] [OK] Chrome connection is healthy
2026-01-04 07:17:44 | INFO     | [DAY_START] Processing 12JAN
2026-01-04 07:17:44 | INFO     | [lf.day.start] Processing MED-CAI for 12JAN
2026-01-04 07:17:45 | WARNING  | [lf.day.no_flights] No direct flights on 12JAN
2026-01-04 07:17:45 | INFO     | [SUCCESS] Day 12JAN
2026-01-04 07:17:45 | INFO     | [DAY_START] Processing 11JAN
2026-01-04 07:17:45 | INFO     | [lf.day.start] Processing MED-CAI for 11JAN
2026-01-04 07:17:46 | INFO     | [lf.day.flights_found] Found 1 flights on 11JAN
2026-01-04 07:17:47 | INFO     | [lf.flight.extracted] SM494 on 11JAN: BKG=174, LF=97.8%
2026-01-04 07:17:56 | INFO     | [SUCCESS] Day 11JAN
2026-01-04 07:17:56 | INFO     | [DAY_START] Processing 10JAN
2026-01-04 07:17:56 | INFO     | [lf.day.start] Processing MED-CAI for 10JAN
2026-01-04 07:17:57 | INFO     | [lf.day.flights_found] Found 1 flights on 10JAN
2026-01-04 07:17:59 | INFO     | [lf.flight.extracted] SM494 on 10JAN: BKG=129, LF=73.7%
2026-01-04 07:18:06 | INFO     | [SUCCESS] Day 10JAN
2026-01-04 07:18:06 | INFO     | [DAY_START] Processing 09JAN
2026-01-04 07:18:06 | INFO     | [lf.day.start] Processing MED-CAI for 09JAN
2026-01-04 07:18:07 | WARNING  | [lf.day.no_flights] No direct flights on 09JAN
2026-01-04 07:18:07 | INFO     | [SUCCESS] Day 09JAN
2026-01-04 07:18:07 | INFO     | [DAY_START] Processing 08JAN
2026-01-04 07:18:07 | INFO     | [lf.day.start] Processing MED-CAI for 08JAN
2026-01-04 07:18:08 | INFO     | [lf.day.flights_found] Found 1 flights on 08JAN
2026-01-04 07:18:11 | INFO     | [lf.flight.extracted] SM494 on 08JAN: BKG=178, LF=106.6%
2026-01-04 07:18:17 | INFO     | [SUCCESS] Day 08JAN
2026-01-04 07:18:17 | INFO     | [DAY_START] Processing 07JAN
2026-01-04 07:18:17 | INFO     | [lf.day.start] Processing MED-CAI for 07JAN
2026-01-04 07:18:18 | WARNING  | [lf.day.no_flights] No direct flights on 07JAN
2026-01-04 07:18:18 | INFO     | [SUCCESS] Day 07JAN
2026-01-04 07:18:18 | INFO     | [DAY_START] Processing 06JAN
2026-01-04 07:18:18 | INFO     | [lf.day.start] Processing MED-CAI for 06JAN
2026-01-04 07:18:19 | INFO     | [lf.day.flights_found] Found 2 flights on 06JAN
2026-01-04 07:18:21 | INFO     | [lf.flight.extracted] SM496 on 06JAN: BKG=170, LF=95.5%
2026-01-04 07:18:33 | INFO     | [lf.flight.extracted] SM494 on 06JAN: BKG=180, LF=102.9%
2026-01-04 07:18:47 | INFO     | [SUCCESS] Day 06JAN
2026-01-04 07:18:47 | INFO     | [DAY_START] Processing 05JAN
2026-01-04 07:18:47 | INFO     | [lf.day.start] Processing MED-CAI for 05JAN
2026-01-04 07:18:48 | WARNING  | [lf.day.no_flights] No direct flights on 05JAN
2026-01-04 07:18:49 | INFO     | [SUCCESS] Day 05JAN
2026-01-04 07:18:49 | INFO     | [SUCCESS] LF Search Complete
2026-01-04 07:18:51 | INFO     | [Worker_9227] Completed: MED-CAI - 8 results, 0 errors
2026-01-04 07:18:51 | INFO     | [Worker_9227] Processing: ATZ-TUU
2026-01-04 07:18:51 | INFO     |   Tier 0: Range 1, Chunk 3/3 (9 days)
