2026-01-05 00:19:36 | INFO     | ======================================================================
2026-01-05 00:19:36 | INFO     | Load Factor Scraper Started - Route: ATZ-JED
2026-01-05 00:19:36 | INFO     | Log file: D:\CODERED\LAB\market_insights\outputs\run_generated_050126_at_00.18\logs\LF_ATZ-JED_20260105_001936.log
2026-01-05 00:19:36 | INFO     | Enhanced logging: Capturing both logging.info() and print()
2026-01-05 00:19:36 | INFO     | ======================================================================
2026-01-05 00:19:36 | INFO     | Starting LF search for route: ATZ-JED
2026-01-05 00:19:36 | INFO     | [START] LF Search
2026-01-05 00:19:38 | INFO     | [HEALTH CHECK] [OK] Chrome connection is healthy
2026-01-05 00:19:38 | INFO     | [DAY_START] Processing 31JAN
2026-01-05 00:19:38 | INFO     | [lf.day.start] Processing ATZ-JED for 31JAN
2026-01-05 00:19:39 | INFO     | [lf.day.flights_found] Found 3 flights on 31JAN
2026-01-05 00:19:41 | INFO     | [lf.flight.extracted] SM491 on 31JAN: BKG=4, LF=2.2%
2026-01-05 00:19:44 | INFO     | [lf.flight.extracted] SM453 on 31JAN: BKG=11, LF=6.2%
2026-01-05 00:19:47 | INFO     | [lf.flight.extracted] SM455 on 31JAN: BKG=16, LF=8.9%
2026-01-05 00:19:53 | INFO     | [SUCCESS] Day 31JAN
2026-01-05 00:19:53 | INFO     | [DAY_START] Processing 30JAN
2026-01-05 00:19:53 | INFO     | [lf.day.start] Processing ATZ-JED for 30JAN
2026-01-05 00:19:54 | INFO     | [lf.day.flights_found] Found 1 flights on 30JAN
2026-01-05 00:19:56 | INFO     | [lf.flight.extracted] SM491 on 30JAN: BKG=104, LF=58.1%
2026-01-05 00:19:58 | INFO     | [SUCCESS] Day 30JAN
2026-01-05 00:19:58 | INFO     | [DAY_START] Processing 29JAN
2026-01-05 00:19:58 | INFO     | [lf.day.start] Processing ATZ-JED for 29JAN
2026-01-05 00:19:59 | INFO     | [lf.day.flights_found] Found 2 flights on 29JAN
2026-01-05 00:20:01 | INFO     | [lf.flight.extracted] SM453 on 29JAN: BKG=145, LF=81.0%
2026-01-05 00:20:05 | INFO     | [lf.flight.extracted] SM455 on 29JAN: BKG=146, LF=81.6%
2026-01-05 00:20:08 | INFO     | [SUCCESS] Day 29JAN
2026-01-05 00:20:08 | INFO     | [DAY_START] Processing 28JAN
2026-01-05 00:20:08 | INFO     | [lf.day.start] Processing ATZ-JED for 28JAN
2026-01-05 00:20:09 | INFO     | [lf.day.flights_found] Found 4 flights on 28JAN
2026-01-05 00:20:11 | INFO     | [lf.flight.extracted] SM453 on 28JAN: BKG=179, LF=100.0%
2026-01-05 00:20:14 | INFO     | [lf.flight.extracted] SM491 on 28JAN: BKG=151, LF=84.4%
2026-01-05 00:20:17 | INFO     | [lf.flight.extracted] SM981 on 28JAN: BKG=143, LF=79.9%
2026-01-05 00:20:20 | INFO     | [lf.flight.extracted] SM421 on 28JAN: BKG=98, LF=54.8%
2026-01-05 00:20:28 | INFO     | [SUCCESS] Day 28JAN
2026-01-05 00:20:28 | INFO     | [DAY_START] Processing 27JAN
2026-01-05 00:20:28 | INFO     | [lf.day.start] Processing ATZ-JED for 27JAN
2026-01-05 00:20:29 | INFO     | [lf.day.flights_found] Found 2 flights on 27JAN
2026-01-05 00:20:32 | INFO     | [lf.flight.extracted] SM453 on 27JAN: BKG=147, LF=82.1%
2026-01-05 00:20:35 | INFO     | [lf.flight.extracted] SM455 on 27JAN: BKG=151, LF=84.4%
2026-01-05 00:20:39 | INFO     | [SUCCESS] Day 27JAN
2026-01-05 00:20:39 | INFO     | [DAY_START] Processing 26JAN
2026-01-05 00:20:39 | INFO     | [lf.day.start] Processing ATZ-JED for 26JAN
2026-01-05 00:20:40 | INFO     | [lf.day.flights_found] Found 4 flights on 26JAN
2026-01-05 00:20:43 | INFO     | [lf.flight.extracted] SM491 on 26JAN: BKG=145, LF=81.0%
2026-01-05 00:20:46 | INFO     | [lf.flight.extracted] SM455 on 26JAN: BKG=179, LF=100.0%
2026-01-05 00:20:50 | INFO     | [lf.flight.extracted] SM453 on 26JAN: BKG=150, LF=83.8%
2026-01-05 00:20:54 | INFO     | [lf.flight.extracted] SM975 on 26JAN: BKG=180, LF=100.6%
2026-01-05 00:21:01 | INFO     | [SUCCESS] Day 26JAN
2026-01-05 00:21:01 | INFO     | [DAY_START] Processing 25JAN
2026-01-05 00:21:01 | INFO     | [lf.day.start] Processing ATZ-JED for 25JAN
2026-01-05 00:21:02 | INFO     | [lf.day.flights_found] Found 3 flights on 25JAN
2026-01-05 00:21:05 | INFO     | [lf.flight.extracted] SM491 on 25JAN: BKG=154, LF=86.0%
2026-01-05 00:21:11 | INFO     | [lf.flight.extracted] SM455 on 25JAN: BKG=153, LF=85.5%
2026-01-05 00:21:15 | INFO     | [lf.flight.extracted] SM973 on 25JAN: BKG=180, LF=100.6%
2026-01-05 00:21:24 | INFO     | [SUCCESS] Day 25JAN
2026-01-05 00:21:24 | INFO     | [DAY_START] Processing 24JAN
2026-01-05 00:21:24 | INFO     | [lf.day.start] Processing ATZ-JED for 24JAN
2026-01-05 00:21:26 | INFO     | [lf.day.flights_found] Found 4 flights on 24JAN
2026-01-05 00:21:29 | INFO     | [lf.flight.extracted] SM491 on 24JAN: BKG=182, LF=101.7%
2026-01-05 00:21:33 | INFO     | [lf.flight.extracted] SM453 on 24JAN: BKG=151, LF=84.4%
2026-01-05 00:21:37 | INFO     | [lf.flight.extracted] SM957 on 24JAN: BKG=180, LF=100.6%
2026-01-05 00:21:41 | INFO     | [lf.flight.extracted] SM455 on 24JAN: BKG=165, LF=92.2%
2026-01-05 00:21:51 | INFO     | [SUCCESS] Day 24JAN
2026-01-05 00:21:51 | INFO     | [DAY_START] Processing 23JAN
2026-01-05 00:21:51 | INFO     | [lf.day.start] Processing ATZ-JED for 23JAN
2026-01-05 00:21:53 | INFO     | [lf.day.flights_found] Found 2 flights on 23JAN
2026-01-05 00:21:55 | INFO     | [lf.flight.extracted] SM491 on 23JAN: BKG=176, LF=98.3%
2026-01-05 00:21:59 | INFO     | [lf.flight.extracted] SM955 on 23JAN: BKG=180, LF=100.6%
2026-01-05 00:22:06 | INFO     | [SUCCESS] Day 23JAN
2026-01-05 00:22:06 | INFO     | [SUCCESS] LF Search Complete
2026-01-05 00:22:08 | INFO     | [Worker_9222] Completed: ATZ-JED - 9 results, 0 errors
2026-01-05 00:22:08 | INFO     | [Worker_9222] Processing: HBE-MED
2026-01-05 00:22:08 | INFO     |   Tier 0: Range 1, Chunk 2/3 (9 days)
