2026-01-05 00:19:55 | INFO     | ======================================================================
2026-01-05 00:19:55 | INFO     | Load Factor Scraper Started - Route: ATZ-TUU
2026-01-05 00:19:55 | INFO     | Log file: D:\CODERED\LAB\market_insights\outputs\run_generated_050126_at_00.18\logs\LF_ATZ-TUU_20260105_001955.log
2026-01-05 00:19:55 | INFO     | Enhanced logging: Capturing both logging.info() and print()
2026-01-05 00:19:55 | INFO     | ======================================================================
2026-01-05 00:19:55 | INFO     | Starting LF search for route: ATZ-TUU
2026-01-05 00:19:55 | INFO     | [START] LF Search
2026-01-05 00:19:56 | INFO     | [HEALTH CHECK] [OK] Chrome connection is healthy
2026-01-05 00:19:56 | INFO     | [DAY_START] Processing 31JAN
2026-01-05 00:19:56 | INFO     | [lf.day.start] Processing ATZ-TUU for 31JAN
2026-01-05 00:19:57 | WARNING  | [lf.day.no_flights] No direct flights on 31JAN
2026-01-05 00:19:57 | INFO     | [SUCCESS] Day 31JAN
2026-01-05 00:19:57 | INFO     | [DAY_START] Processing 30JAN
2026-01-05 00:19:57 | INFO     | [lf.day.start] Processing ATZ-TUU for 30JAN
2026-01-05 00:19:58 | INFO     | [lf.day.flights_found] Found 1 flights on 30JAN
2026-01-05 00:20:00 | INFO     | [lf.flight.extracted] SM327 on 30JAN: BKG=11, LF=6.2%
2026-01-05 00:20:03 | INFO     | [SUCCESS] Day 30JAN
2026-01-05 00:20:03 | INFO     | [DAY_START] Processing 29JAN
2026-01-05 00:20:03 | INFO     | [lf.day.start] Processing ATZ-TUU for 29JAN
2026-01-05 00:20:04 | WARNING  | [lf.day.no_flights] No direct flights on 29JAN
2026-01-05 00:20:04 | INFO     | [SUCCESS] Day 29JAN
2026-01-05 00:20:04 | INFO     | [DAY_START] Processing 28JAN
2026-01-05 00:20:04 | INFO     | [lf.day.start] Processing ATZ-TUU for 28JAN
2026-01-05 00:20:05 | WARNING  | [lf.day.no_flights] No direct flights on 28JAN
2026-01-05 00:20:06 | INFO     | [SUCCESS] Day 28JAN
2026-01-05 00:20:06 | INFO     | [DAY_START] Processing 27JAN
2026-01-05 00:20:06 | INFO     | [lf.day.start] Processing ATZ-TUU for 27JAN
2026-01-05 00:20:07 | WARNING  | [lf.day.no_flights] No direct flights on 27JAN
2026-01-05 00:20:07 | INFO     | [SUCCESS] Day 27JAN
2026-01-05 00:20:07 | INFO     | [DAY_START] Processing 26JAN
2026-01-05 00:20:07 | INFO     | [lf.day.start] Processing ATZ-TUU for 26JAN
2026-01-05 00:20:08 | WARNING  | [lf.day.no_flights] No direct flights on 26JAN
2026-01-05 00:20:08 | INFO     | [SUCCESS] Day 26JAN
2026-01-05 00:20:08 | INFO     | [DAY_START] Processing 25JAN
2026-01-05 00:20:08 | INFO     | [lf.day.start] Processing ATZ-TUU for 25JAN
2026-01-05 00:20:09 | WARNING  | [lf.day.no_flights] No direct flights on 25JAN
2026-01-05 00:20:09 | INFO     | [SUCCESS] Day 25JAN
2026-01-05 00:20:09 | INFO     | [DAY_START] Processing 24JAN
2026-01-05 00:20:09 | INFO     | [lf.day.start] Processing ATZ-TUU for 24JAN
2026-01-05 00:20:10 | WARNING  | [lf.day.no_flights] No direct flights on 24JAN
2026-01-05 00:20:10 | INFO     | [SUCCESS] Day 24JAN
2026-01-05 00:20:10 | INFO     | [DAY_START] Processing 23JAN
2026-01-05 00:20:10 | INFO     | [lf.day.start] Processing ATZ-TUU for 23JAN
2026-01-05 00:20:11 | INFO     | [lf.day.flights_found] Found 1 flights on 23JAN
2026-01-05 00:20:13 | INFO     | [lf.flight.extracted] SM327 on 23JAN: BKG=12, LF=6.7%
2026-01-05 00:20:15 | INFO     | [SUCCESS] Day 23JAN
2026-01-05 00:20:15 | INFO     | [SUCCESS] LF Search Complete
2026-01-05 00:20:17 | INFO     | [Worker_9227] Completed: ATZ-TUU - 9 results, 0 errors
2026-01-05 00:20:17 | INFO     | [Worker_9227] Processing: MED-HBE
2026-01-05 00:20:17 | INFO     |   Tier 0: Range 1, Chunk 2/3 (9 days)
