2026-01-05 00:27:00 | INFO     | ======================================================================
2026-01-05 00:27:00 | INFO     | Load Factor Scraper Started - Route: CAI-JED
2026-01-05 00:27:00 | INFO     | Log file: D:\CODERED\LAB\market_insights\outputs\run_generated_050126_at_00.18\logs\LF_CAI-JED_20260105_002700.log
2026-01-05 00:27:00 | INFO     | Enhanced logging: Capturing both logging.info() and print()
2026-01-05 00:27:00 | INFO     | ======================================================================
2026-01-05 00:27:00 | INFO     | Starting LF search for route: CAI-JED
2026-01-05 00:27:00 | INFO     | [START] LF Search
2026-01-05 00:27:01 | INFO     | [HEALTH CHECK] [OK] Chrome connection is healthy
2026-01-05 00:27:01 | INFO     | [DAY_START] Processing 13JAN
2026-01-05 00:27:01 | INFO     | [lf.day.start] Processing CAI-JED for 13JAN
2026-01-05 00:27:02 | INFO     | [lf.day.flights_found] Found 6 flights on 13JAN
2026-01-05 00:27:04 | INFO     | [lf.flight.extracted] SM471 on 13JAN: BKG=110, LF=61.5%
2026-01-05 00:27:08 | INFO     | [lf.flight.extracted] SM479 on 13JAN: BKG=178, LF=99.4%
2026-01-05 00:27:11 | INFO     | [lf.flight.extracted] SM477 on 13JAN: BKG=172, LF=96.1%
2026-01-05 00:27:14 | INFO     | [lf.flight.extracted] SM459 on 13JAN: BKG=89, LF=49.7%
2026-01-05 00:27:18 | INFO     | [lf.flight.extracted] SM423 on 13JAN: BKG=89, LF=49.7%
2026-01-05 00:27:21 | INFO     | [lf.flight.extracted] SM475 on 13JAN: BKG=111, LF=62.0%
2026-01-05 00:28:08 | INFO     | [SUCCESS] Day 13JAN
2026-01-05 00:28:08 | INFO     | [DAY_START] Processing 12JAN
2026-01-05 00:28:08 | INFO     | [lf.day.start] Processing CAI-JED for 12JAN
2026-01-05 00:28:09 | INFO     | [lf.day.flights_found] Found 3 flights on 12JAN
2026-01-05 00:28:11 | INFO     | [lf.flight.extracted] SM475 on 12JAN: BKG=130, LF=72.6%
2026-01-05 00:28:14 | INFO     | [lf.flight.extracted] SM477 on 12JAN: BKG=176, LF=98.3%
2026-01-05 00:28:17 | INFO     | [lf.flight.extracted] SM459 on 12JAN: BKG=57, LF=31.8%
2026-01-05 00:28:27 | INFO     | [SUCCESS] Day 12JAN
2026-01-05 00:28:27 | INFO     | [DAY_START] Processing 11JAN
2026-01-05 00:28:27 | INFO     | [lf.day.start] Processing CAI-JED for 11JAN
2026-01-05 00:28:28 | INFO     | [lf.day.flights_found] Found 5 flights on 11JAN
2026-01-05 00:28:30 | INFO     | [lf.flight.extracted] SM475 on 11JAN: BKG=112, LF=62.6%
2026-01-05 00:28:34 | INFO     | [lf.flight.extracted] SM431 on 11JAN: BKG=103, LF=57.5%
2026-01-05 00:28:37 | INFO     | [lf.flight.extracted] SM459 on 11JAN: BKG=147, LF=82.1%
2026-01-05 00:28:41 | INFO     | [lf.flight.extracted] SM477 on 11JAN: BKG=137, LF=76.5%
2026-01-05 00:28:46 | INFO     | [lf.flight.extracted] SM479 on 11JAN: BKG=68, LF=38.6%
2026-01-05 00:29:06 | INFO     | [SUCCESS] Day 11JAN
2026-01-05 00:29:06 | INFO     | [DAY_START] Processing 10JAN
2026-01-05 00:29:06 | INFO     | [lf.day.start] Processing CAI-JED for 10JAN
2026-01-05 00:29:07 | INFO     | [lf.day.flights_found] Found 4 flights on 10JAN
2026-01-05 00:29:09 | INFO     | [lf.flight.extracted] SM449 on 10JAN: BKG=179, LF=100.0%
2026-01-05 00:29:12 | INFO     | [lf.flight.extracted] SM475 on 10JAN: BKG=179, LF=100.0%
2026-01-05 00:29:15 | INFO     | [lf.flight.extracted] SM477 on 10JAN: BKG=176, LF=97.8%
2026-01-05 00:29:19 | INFO     | [lf.flight.extracted] SM423 on 10JAN: BKG=80, LF=44.7%
2026-01-05 00:29:34 | INFO     | [SUCCESS] Day 10JAN
2026-01-05 00:29:34 | INFO     | [DAY_START] Processing 09JAN
2026-01-05 00:29:34 | INFO     | [lf.day.start] Processing CAI-JED for 09JAN
2026-01-05 00:29:35 | INFO     | [lf.day.flights_found] Found 5 flights on 09JAN
2026-01-05 00:29:37 | INFO     | [lf.flight.extracted] SM475 on 09JAN: BKG=61, LF=34.1%
2026-01-05 00:29:40 | INFO     | [lf.flight.extracted] SM477 on 09JAN: BKG=58, LF=32.4%
2026-01-05 00:29:43 | INFO     | [lf.flight.extracted] SM479 on 09JAN: BKG=109, LF=60.6%
2026-01-05 00:29:46 | INFO     | [lf.flight.extracted] SM471 on 09JAN: BKG=70, LF=39.1%
2026-01-05 00:29:49 | INFO     | [lf.flight.extracted] SM459 on 09JAN: BKG=77, LF=43.0%
2026-01-05 00:30:09 | INFO     | [SUCCESS] Day 09JAN
2026-01-05 00:30:09 | INFO     | [DAY_START] Processing 08JAN
2026-01-05 00:30:09 | INFO     | [lf.day.start] Processing CAI-JED for 08JAN
2026-01-05 00:30:10 | INFO     | [lf.day.flights_found] Found 6 flights on 08JAN
2026-01-05 00:30:12 | INFO     | [lf.flight.extracted] SM449 on 08JAN: BKG=58, LF=32.4%
2026-01-05 00:30:16 | INFO     | [lf.flight.extracted] SM475 on 08JAN: BKG=97, LF=54.2%
2026-01-05 00:30:19 | INFO     | [lf.flight.extracted] SM431 on 08JAN: BKG=101, LF=56.4%
2026-01-05 00:30:22 | INFO     | [lf.flight.extracted] SM477 on 08JAN: BKG=121, LF=67.2%
2026-01-05 00:30:25 | INFO     | [lf.flight.extracted] SM479 on 08JAN: BKG=179, LF=100.0%
2026-01-05 00:30:29 | INFO     | [lf.flight.extracted] SM423 on 08JAN: BKG=82, LF=45.8%
2026-01-05 00:30:53 | INFO     | [SUCCESS] Day 08JAN
2026-01-05 00:30:53 | INFO     | [DAY_START] Processing 07JAN
2026-01-05 00:30:53 | INFO     | [lf.day.start] Processing CAI-JED for 07JAN
2026-01-05 00:30:54 | INFO     | [lf.day.flights_found] Found 5 flights on 07JAN
2026-01-05 00:30:56 | INFO     | [lf.flight.extracted] SM423 on 07JAN: BKG=164, LF=93.2%
2026-01-05 00:30:59 | INFO     | [lf.flight.extracted] SM475 on 07JAN: BKG=122, LF=68.2%
2026-01-05 00:31:03 | INFO     | [lf.flight.extracted] SM459 on 07JAN: BKG=150, LF=83.8%
2026-01-05 00:31:06 | INFO     | [lf.flight.extracted] SM477 on 07JAN: BKG=169, LF=94.4%
2026-01-05 00:31:09 | INFO     | [lf.flight.extracted] SM471 on 07JAN: BKG=77, LF=43.0%
2026-01-05 00:31:32 | INFO     | [SUCCESS] Day 07JAN
2026-01-05 00:31:32 | INFO     | [DAY_START] Processing 06JAN
2026-01-05 00:31:32 | INFO     | [lf.day.start] Processing CAI-JED for 06JAN
2026-01-05 00:31:33 | INFO     | [lf.day.flights_found] Found 6 flights on 06JAN
2026-01-05 00:31:34 | INFO     | [lf.flight.extracted] SM471 on 06JAN: BKG=126, LF=70.4%
2026-01-05 00:31:38 | INFO     | [lf.flight.extracted] SM479 on 06JAN: BKG=136, LF=81.0%
2026-01-05 00:31:41 | INFO     | [lf.flight.extracted] SM477 on 06JAN: BKG=156, LF=87.2%
2026-01-05 00:31:44 | INFO     | [lf.flight.extracted] SM459 on 06JAN: BKG=182, LF=101.7%
2026-01-05 00:31:47 | INFO     | [lf.flight.extracted] SM423 on 06JAN: BKG=102, LF=57.0%
2026-01-05 00:31:51 | INFO     | [lf.flight.extracted] SM475 on 06JAN: BKG=127, LF=70.6%
2026-01-05 00:32:29 | INFO     | [SUCCESS] Day 06JAN
2026-01-05 00:32:29 | INFO     | [SUCCESS] LF Search Complete
2026-01-05 00:32:31 | INFO     | [Worker_9234] Completed: CAI-JED - 8 results, 0 errors
2026-01-05 00:33:56 | INFO     | [Worker_9234] Shutdown signal received, exiting...
2026-01-05 00:33:56 | INFO     | [Worker_9234] Finished. Processed 7 groups.
