2026-01-05 00:26:36 | INFO     | ======================================================================
2026-01-05 00:26:36 | INFO     | Load Factor Scraper Started - Route: TUU-ATZ
2026-01-05 00:26:36 | INFO     | Log file: D:\CODERED\LAB\market_insights\outputs\run_generated_050126_at_00.18\logs\LF_TUU-ATZ_20260105_002636.log
2026-01-05 00:26:36 | INFO     | Enhanced logging: Capturing both logging.info() and print()
2026-01-05 00:26:36 | INFO     | ======================================================================
2026-01-05 00:26:36 | INFO     | Starting LF search for route: TUU-ATZ
2026-01-05 00:26:36 | INFO     | [START] LF Search
2026-01-05 00:26:37 | INFO     | [HEALTH CHECK] [OK] Chrome connection is healthy
2026-01-05 00:26:38 | INFO     | [DAY_START] Processing 13JAN
2026-01-05 00:26:38 | INFO     | [lf.day.start] Processing TUU-ATZ for 13JAN
2026-01-05 00:26:39 | WARNING  | [lf.day.no_flights] No direct flights on 13JAN
2026-01-05 00:26:39 | INFO     | [SUCCESS] Day 13JAN
2026-01-05 00:26:39 | INFO     | [DAY_START] Processing 12JAN
2026-01-05 00:26:39 | INFO     | [lf.day.start] Processing TUU-ATZ for 12JAN
2026-01-05 00:26:40 | WARNING  | [lf.day.no_flights] No direct flights on 12JAN
2026-01-05 00:26:40 | INFO     | [SUCCESS] Day 12JAN
2026-01-05 00:26:40 | INFO     | [DAY_START] Processing 11JAN
2026-01-05 00:26:40 | INFO     | [lf.day.start] Processing TUU-ATZ for 11JAN
2026-01-05 00:26:41 | WARNING  | [lf.day.no_flights] No direct flights on 11JAN
2026-01-05 00:26:41 | INFO     | [SUCCESS] Day 11JAN
2026-01-05 00:26:41 | INFO     | [DAY_START] Processing 10JAN
2026-01-05 00:26:41 | INFO     | [lf.day.start] Processing TUU-ATZ for 10JAN
2026-01-05 00:26:42 | WARNING  | [lf.day.no_flights] No direct flights on 10JAN
2026-01-05 00:26:42 | INFO     | [SUCCESS] Day 10JAN
2026-01-05 00:26:42 | INFO     | [DAY_START] Processing 09JAN
2026-01-05 00:26:42 | INFO     | [lf.day.start] Processing TUU-ATZ for 09JAN
2026-01-05 00:26:43 | INFO     | [lf.day.flights_found] Found 1 flights on 09JAN
2026-01-05 00:26:45 | INFO     | [lf.flight.extracted] SM328 on 09JAN: BKG=68, LF=38.9%
2026-01-05 00:26:49 | INFO     | [SUCCESS] Day 09JAN
2026-01-05 00:26:49 | INFO     | [DAY_START] Processing 08JAN
2026-01-05 00:26:49 | INFO     | [lf.day.start] Processing TUU-ATZ for 08JAN
2026-01-05 00:26:50 | WARNING  | [lf.day.no_flights] No direct flights on 08JAN
2026-01-05 00:26:51 | INFO     | [SUCCESS] Day 08JAN
2026-01-05 00:26:51 | INFO     | [DAY_START] Processing 07JAN
2026-01-05 00:26:51 | INFO     | [lf.day.start] Processing TUU-ATZ for 07JAN
2026-01-05 00:26:52 | WARNING  | [lf.day.no_flights] No direct flights on 07JAN
2026-01-05 00:26:52 | INFO     | [SUCCESS] Day 07JAN
2026-01-05 00:26:52 | INFO     | [DAY_START] Processing 06JAN
2026-01-05 00:26:52 | INFO     | [lf.day.start] Processing TUU-ATZ for 06JAN
2026-01-05 00:26:53 | WARNING  | [lf.day.no_flights] No direct flights on 06JAN
2026-01-05 00:26:53 | INFO     | [SUCCESS] Day 06JAN
2026-01-05 00:26:53 | INFO     | [SUCCESS] LF Search Complete
2026-01-05 00:26:55 | INFO     | [Worker_9227] Completed: TUU-ATZ - 8 results, 0 errors
2026-01-05 00:26:55 | INFO     | [Worker_9227] Processing: HBE-MED
2026-01-05 00:26:55 | INFO     |   Tier 0: Range 1, Chunk 3/3 (9 days)
