2026-01-05 00:21:49 | INFO     | ======================================================================
2026-01-05 00:21:49 | INFO     | Load Factor Scraper Started - Route: TUU-ATZ
2026-01-05 00:21:49 | INFO     | Log file: D:\CODERED\LAB\market_insights\outputs\run_generated_050126_at_00.18\logs\LF_TUU-ATZ_20260105_002149.log
2026-01-05 00:21:49 | INFO     | Enhanced logging: Capturing both logging.info() and print()
2026-01-05 00:21:49 | INFO     | ======================================================================
2026-01-05 00:21:49 | INFO     | Starting LF search for route: TUU-ATZ
2026-01-05 00:21:49 | INFO     | [START] LF Search
2026-01-05 00:21:52 | INFO     | [HEALTH CHECK] [OK] Chrome connection is healthy
2026-01-05 00:21:52 | INFO     | [DAY_START] Processing 22JAN
2026-01-05 00:21:52 | INFO     | [lf.day.start] Processing TUU-ATZ for 22JAN
2026-01-05 00:21:53 | WARNING  | [lf.day.no_flights] No direct flights on 22JAN
2026-01-05 00:21:53 | INFO     | [SUCCESS] Day 22JAN
2026-01-05 00:21:53 | INFO     | [DAY_START] Processing 21JAN
2026-01-05 00:21:53 | INFO     | [lf.day.start] Processing TUU-ATZ for 21JAN
2026-01-05 00:21:54 | WARNING  | [lf.day.no_flights] No direct flights on 21JAN
2026-01-05 00:21:55 | INFO     | [SUCCESS] Day 21JAN
2026-01-05 00:21:55 | INFO     | [DAY_START] Processing 20JAN
2026-01-05 00:21:55 | INFO     | [lf.day.start] Processing TUU-ATZ for 20JAN
2026-01-05 00:21:56 | WARNING  | [lf.day.no_flights] No direct flights on 20JAN
2026-01-05 00:21:56 | INFO     | [SUCCESS] Day 20JAN
2026-01-05 00:21:56 | INFO     | [DAY_START] Processing 19JAN
2026-01-05 00:21:56 | INFO     | [lf.day.start] Processing TUU-ATZ for 19JAN
2026-01-05 00:21:57 | WARNING  | [lf.day.no_flights] No direct flights on 19JAN
2026-01-05 00:21:58 | INFO     | [SUCCESS] Day 19JAN
2026-01-05 00:21:58 | INFO     | [DAY_START] Processing 18JAN
2026-01-05 00:21:58 | INFO     | [lf.day.start] Processing TUU-ATZ for 18JAN
2026-01-05 00:21:59 | WARNING  | [lf.day.no_flights] No direct flights on 18JAN
2026-01-05 00:21:59 | INFO     | [SUCCESS] Day 18JAN
2026-01-05 00:21:59 | INFO     | [DAY_START] Processing 17JAN
2026-01-05 00:21:59 | INFO     | [lf.day.start] Processing TUU-ATZ for 17JAN
2026-01-05 00:22:00 | WARNING  | [lf.day.no_flights] No direct flights on 17JAN
2026-01-05 00:22:00 | INFO     | [SUCCESS] Day 17JAN
2026-01-05 00:22:00 | INFO     | [DAY_START] Processing 16JAN
2026-01-05 00:22:00 | INFO     | [lf.day.start] Processing TUU-ATZ for 16JAN
2026-01-05 00:22:02 | INFO     | [lf.day.flights_found] Found 1 flights on 16JAN
2026-01-05 00:22:04 | INFO     | [lf.flight.extracted] SM328 on 16JAN: BKG=53, LF=30.3%
2026-01-05 00:22:09 | INFO     | [SUCCESS] Day 16JAN
2026-01-05 00:22:09 | INFO     | [DAY_START] Processing 15JAN
2026-01-05 00:22:09 | INFO     | [lf.day.start] Processing TUU-ATZ for 15JAN
2026-01-05 00:22:10 | WARNING  | [lf.day.no_flights] No direct flights on 15JAN
2026-01-05 00:22:11 | INFO     | [SUCCESS] Day 15JAN
2026-01-05 00:22:11 | INFO     | [DAY_START] Processing 14JAN
2026-01-05 00:22:11 | INFO     | [lf.day.start] Processing TUU-ATZ for 14JAN
2026-01-05 00:22:12 | WARNING  | [lf.day.no_flights] No direct flights on 14JAN
2026-01-05 00:22:12 | INFO     | [SUCCESS] Day 14JAN
2026-01-05 00:22:12 | INFO     | [SUCCESS] LF Search Complete
2026-01-05 00:22:14 | INFO     | [Worker_9234] Completed: TUU-ATZ - 9 results, 0 errors
2026-01-05 00:22:14 | INFO     | [Worker_9234] Processing: ATZ-MED
2026-01-05 00:22:14 | INFO     |   Tier 0: Range 1, Chunk 2/3 (9 days)
