2025-12-30 15:27:47 | INFO     | ======================================================================
2025-12-30 15:27:47 | INFO     | Load Factor Scraper Started - Route: RUH-CAI
2025-12-30 15:27:47 | INFO     | Log file: D:\CODERED\LAB\market_insights\outputs\run_generated_301225_at_15.26\logs\LF_RUH-CAI_20251230_152747.log
2025-12-30 15:27:47 | INFO     | Enhanced logging: Capturing both logging.info() and print()
2025-12-30 15:27:47 | INFO     | ======================================================================
2025-12-30 15:27:47 | INFO     | Starting LF search for route: RUH-CAI
2025-12-30 15:27:47 | INFO     | [START] LF Search
2025-12-30 15:27:48 | INFO     | [HEALTH CHECK] [OK] Chrome connection is healthy
2025-12-30 15:27:48 | INFO     | [DAY_START] Processing 31JAN
2025-12-30 15:27:48 | INFO     | [lf.day.start] Processing RUH-CAI for 31JAN
2025-12-30 15:27:49 | INFO     | [lf.day.flights_found] Found 1 flights on 31JAN
2025-12-30 15:36:47 | INFO     | [lf.day.start] Processing RUH-CAI for 31JAN
2025-12-30 15:36:49 | INFO     | [lf.day.flights_found] Found 1 flights on 31JAN
2025-12-30 15:45:44 | INFO     | [lf.day.start] Processing RUH-CAI for 31JAN
2025-12-30 15:45:45 | INFO     | [lf.day.flights_found] Found 1 flights on 31JAN
2025-12-30 15:54:40 | INFO     | [lf.day.start] Processing RUH-CAI for 31JAN
2025-12-30 15:54:41 | INFO     | [lf.day.flights_found] Found 1 flights on 31JAN
2025-12-30 16:03:40 | INFO     | [lf.day.start] Processing RUH-CAI for 31JAN
2025-12-30 16:03:41 | INFO     | [lf.day.flights_found] Found 1 flights on 31JAN
2025-12-30 16:12:36 | INFO     | [lf.day.start] Processing RUH-CAI for 31JAN
2025-12-30 16:12:38 | INFO     | [lf.day.flights_found] Found 1 flights on 31JAN
2025-12-30 16:21:33 | INFO     | [lf.day.start] Processing RUH-CAI for 31JAN
2025-12-30 16:21:35 | INFO     | [lf.day.flights_found] Found 1 flights on 31JAN
