2026-01-05 16:51:46,638 | INFO     | [Worker_9225] Completed: JED-CAI - 8 results, 0 errors
2026-01-05 16:51:46,639 | INFO     | [Worker_9225] Processing: JED-LXR
2026-01-05 16:51:46,640 | INFO     |   Tier 0: Range 3, Chunk 2/4 (8 days)
2026-01-05 16:52:11,665 | INFO     | [Worker_9225] Completed: JED-LXR - 8 results, 0 errors
2026-01-05 16:52:11,666 | INFO     | [Worker_9225] Processing: TUU-CAI
2026-01-05 16:52:11,666 | INFO     |   Tier 0: Range 3, Chunk 2/4 (8 days)
2026-01-05 16:52:37,929 | INFO     | [Worker_9225] Completed: TUU-CAI - 8 results, 0 errors
2026-01-05 16:52:37,930 | INFO     | [Worker_9225] Processing: YNB-CAI
2026-01-05 16:52:37,931 | INFO     |   Tier 0: Range 3, Chunk 2/4 (8 days)
2026-01-05 16:53:57,724 | INFO     | [Worker_9225] Completed: YNB-CAI - 8 results, 0 errors
2026-01-05 16:53:57,725 | INFO     | [Worker_9225] Processing: ATZ-DMM
2026-01-05 16:53:57,725 | INFO     |   Tier 0: Range 3, Chunk 2/4 (8 days)
2026-01-05 16:54:22,563 | INFO     | [Worker_9225] Completed: ATZ-DMM - 8 results, 0 errors
2026-01-05 16:54:22,564 | INFO     | [Worker_9225] Processing: CAI-YNB
2026-01-05 16:54:22,564 | INFO     |   Tier 0: Range 3, Chunk 2/4 (8 days)
2026-01-05 16:55:27,864 | INFO     | [Worker_9225] Completed: CAI-YNB - 8 results, 0 errors
2026-01-05 16:55:27,865 | INFO     | [Worker_9225] Processing: RUH-CAI
2026-01-05 16:55:27,865 | INFO     |   Tier 0: Range 3, Chunk 3/4 (8 days)
2026-01-05 16:56:26,030 | INFO     | [Worker_9225] Completed: RUH-CAI - 8 results, 0 errors
2026-01-05 16:56:26,031 | INFO     | [Worker_9225] Processing: ELQ-ATZ
2026-01-05 16:56:26,031 | INFO     |   Tier 0: Range 3, Chunk 3/4 (8 days)
2026-01-05 16:56:46,196 | INFO     | [Worker_9225] Completed: ELQ-ATZ - 8 results, 0 errors
2026-01-05 16:56:46,198 | INFO     | [Worker_9225] Processing: CAI-JED
2026-01-05 16:56:46,198 | INFO     |   Tier 0: Range 3, Chunk 3/4 (8 days)
2026-01-05 16:59:30,628 | INFO     | [Worker_9225] Completed: CAI-JED - 8 results, 0 errors
2026-01-05 16:59:30,629 | INFO     | [Worker_9225] Processing: AHB-CAI
2026-01-05 16:59:30,629 | INFO     |   Tier 0: Range 3, Chunk 4/4 (7 days)
2026-01-05 16:59:59,234 | INFO     | [Worker_9225] Completed: AHB-CAI - 7 results, 0 errors
2026-01-05 16:59:59,236 | INFO     | [Worker_9225] Processing: ATZ-MED
2026-01-05 16:59:59,236 | INFO     |   Tier 0: Range 3, Chunk 4/4 (7 days)
2026-01-05 17:00:28,634 | INFO     | [Worker_9225] Completed: ATZ-MED - 7 results, 0 errors
2026-01-05 17:00:28,636 | INFO     | [Worker_9225] Processing: ATZ-RUH
2026-01-05 17:00:28,636 | INFO     |   Tier 0: Range 3, Chunk 4/4 (7 days)
2026-01-05 17:00:53,069 | INFO     | [Worker_9225] Completed: ATZ-RUH - 7 results, 0 errors
2026-01-05 17:00:53,070 | INFO     | [Worker_9225] Processing: ATZ-TUU
2026-01-05 17:00:53,070 | INFO     |   Tier 0: Range 3, Chunk 4/4 (7 days)
2026-01-05 17:01:10,176 | INFO     | [Worker_9225] Completed: ATZ-TUU - 7 results, 0 errors
2026-01-05 17:01:10,178 | INFO     | [Worker_9225] Processing: CAI-AHB
2026-01-05 17:01:10,178 | INFO     |   Tier 0: Range 3, Chunk 4/4 (7 days)
2026-01-05 17:01:38,030 | INFO     | [Worker_9225] Completed: CAI-AHB - 7 results, 0 errors
2026-01-05 17:01:38,031 | INFO     | [Worker_9225] Processing: MED-ATZ
2026-01-05 17:01:38,031 | INFO     |   Tier 0: Range 2, Chunk 1/3 (10 days)
2026-01-05 17:02:30,073 | INFO     | [Worker_9225] Completed: MED-ATZ - 10 results, 0 errors
2026-01-05 17:02:30,076 | INFO     | [Worker_9225] Processing: DMM-CAI
2026-01-05 17:02:30,076 | INFO     |   Tier 0: Range 2, Chunk 1/3 (10 days)
2026-01-05 17:03:23,849 | INFO     | [Worker_9225] Completed: DMM-CAI - 10 results, 0 errors
2026-01-05 17:03:23,850 | INFO     | [Worker_9225] Processing: AHB-ATZ
2026-01-05 17:03:23,850 | INFO     |   Tier 0: Range 2, Chunk 1/3 (10 days)
2026-01-05 17:03:50,115 | INFO     | [Worker_9225] Completed: AHB-ATZ - 10 results, 0 errors
2026-01-05 17:03:50,116 | INFO     | [Worker_9225] Processing: HBE-MED
2026-01-05 17:03:50,116 | INFO     |   Tier 0: Range 2, Chunk 1/3 (10 days)
2026-01-05 17:04:42,933 | INFO     | [Worker_9225] Completed: HBE-MED - 10 results, 0 errors
2026-01-05 17:04:42,934 | INFO     | [Worker_9225] Processing: CAI-RUH
2026-01-05 17:04:42,934 | INFO     |   Tier 0: Range 2, Chunk 1/3 (10 days)
2026-01-05 17:06:26,855 | INFO     | [Worker_9225] Completed: CAI-RUH - 10 results, 0 errors
2026-01-05 17:06:26,857 | INFO     | [Worker_9225] Processing: CAI-AHB
2026-01-05 17:06:26,857 | INFO     |   Tier 0: Range 2, Chunk 1/3 (10 days)
2026-01-05 17:07:07,223 | INFO     | [Worker_9225] Completed: CAI-AHB - 10 results, 0 errors
2026-01-05 17:07:07,225 | INFO     | [Worker_9225] Processing: MED-ATZ
2026-01-05 17:07:07,225 | INFO     |   Tier 0: Range 2, Chunk 2/3 (9 days)
2026-01-05 17:08:06,299 | INFO     | [Worker_9225] Completed: MED-ATZ - 9 results, 0 errors
2026-01-05 17:08:06,301 | INFO     | [Worker_9225] Processing: RUH-ATZ
2026-01-05 17:08:06,302 | INFO     |   Tier 0: Range 2, Chunk 2/3 (9 days)
2026-01-05 17:08:56,733 | INFO     | [Worker_9225] Completed: RUH-ATZ - 9 results, 0 errors
2026-01-05 17:08:56,733 | INFO     | [Worker_9225] Processing: AJF-CAI
2026-01-05 17:08:56,734 | INFO     |   Tier 0: Range 2, Chunk 2/3 (9 days)
2026-01-05 17:09:37,027 | INFO     | [Worker_9225] Completed: AJF-CAI - 9 results, 0 errors
2026-01-05 17:09:37,028 | INFO     | [Worker_9225] Processing: ELQ-ATZ
2026-01-05 17:09:37,029 | INFO     |   Tier 0: Range 2, Chunk 2/3 (9 days)
2026-01-05 17:10:36,642 | INFO     | [Worker_9225] Completed: ELQ-ATZ - 9 results, 0 errors
2026-01-05 17:10:36,642 | INFO     | [Worker_9225] Processing: ATZ-JED
2026-01-05 17:10:36,643 | INFO     |   Tier 0: Range 2, Chunk 2/3 (9 days)
2026-01-05 17:13:31,240 | INFO     | [Worker_9225] Completed: ATZ-JED - 9 results, 0 errors
2026-01-05 17:13:31,242 | INFO     | [Worker_9225] Processing: JED-ASW
2026-01-05 17:13:31,242 | INFO     |   Tier 0: Range 2, Chunk 3/3 (9 days)
2026-01-05 17:13:56,709 | INFO     | [Worker_9225] Completed: JED-ASW - 9 results, 0 errors
2026-01-05 17:13:56,710 | INFO     | [Worker_9225] Processing: TUU-CAI
2026-01-05 17:13:56,710 | INFO     |   Tier 0: Range 2, Chunk 3/3 (9 days)
2026-01-05 17:14:28,634 | INFO     | [Worker_9225] Completed: TUU-CAI - 9 results, 0 errors
2026-01-05 17:14:28,637 | INFO     | [Worker_9225] Processing: YNB-CAI
2026-01-05 17:14:28,638 | INFO     |   Tier 0: Range 2, Chunk 3/3 (9 days)
2026-01-05 17:15:45,682 | INFO     | [Worker_9225] Completed: YNB-CAI - 9 results, 0 errors
2026-01-05 17:15:45,684 | INFO     | [Worker_9225] Processing: HBE-JED
2026-01-05 17:15:45,684 | INFO     |   Tier 0: Range 2, Chunk 3/3 (9 days)
2026-01-05 17:17:53,728 | INFO     | [Worker_9225] Completed: HBE-JED - 9 results, 0 errors
2026-01-05 17:17:53,730 | INFO     | [Worker_9225] Processing: MED-CAI
2026-01-05 17:17:53,730 | INFO     |   Tier 0: Range 1, Chunk 1/3 (9 days)
2026-01-05 17:19:02,106 | INFO     | [Worker_9225] Completed: MED-CAI - 9 results, 0 errors
2026-01-05 17:19:02,107 | INFO     | [Worker_9225] Processing: RUH-ATZ
2026-01-05 17:19:02,107 | INFO     |   Tier 0: Range 1, Chunk 1/3 (9 days)
2026-01-05 17:19:51,767 | INFO     | [Worker_9225] Completed: RUH-ATZ - 9 results, 0 errors
2026-01-05 17:19:51,770 | INFO     | [Worker_9225] Processing: AJF-CAI
2026-01-05 17:19:51,771 | INFO     |   Tier 0: Range 1, Chunk 1/3 (9 days)
2026-01-05 17:20:46,844 | INFO     | [Worker_9225] Completed: AJF-CAI - 9 results, 0 errors
2026-01-05 17:20:46,845 | INFO     | [Worker_9225] Processing: ELQ-ATZ
2026-01-05 17:20:46,845 | INFO     |   Tier 0: Range 1, Chunk 1/3 (9 days)
2026-01-05 17:21:30,749 | INFO     | [Worker_9225] Completed: ELQ-ATZ - 9 results, 0 errors
2026-01-05 17:21:30,751 | INFO     | [Worker_9225] Processing: ATZ-JED
2026-01-05 17:21:30,752 | INFO     |   Tier 0: Range 1, Chunk 1/3 (9 days)
2026-01-05 17:24:39,348 | INFO     | [Worker_9225] Completed: ATZ-JED - 9 results, 0 errors
2026-01-05 17:24:39,350 | INFO     | [Worker_9225] Processing: JED-ASW
2026-01-05 17:24:39,350 | INFO     |   Tier 0: Range 1, Chunk 2/3 (9 days)
2026-01-05 17:24:57,916 | INFO     | [Worker_9225] Completed: JED-ASW - 9 results, 0 errors
2026-01-05 17:24:57,917 | INFO     | [Worker_9225] Processing: RUH-CAI
2026-01-05 17:24:57,918 | INFO     |   Tier 0: Range 1, Chunk 2/3 (9 days)
2026-01-05 17:26:47,328 | INFO     | [Worker_9225] Completed: RUH-CAI - 9 results, 0 errors
2026-01-05 17:26:47,330 | INFO     | [Worker_9225] Processing: ELQ-ATZ
2026-01-05 17:26:47,331 | INFO     |   Tier 0: Range 1, Chunk 2/3 (9 days)
2026-01-05 17:27:32,679 | INFO     | [Worker_9225] Completed: ELQ-ATZ - 9 results, 0 errors
2026-01-05 17:27:32,680 | INFO     | [Worker_9225] Processing: HBE-JED
2026-01-05 17:27:32,680 | INFO     |   Tier 0: Range 1, Chunk 2/3 (9 days)
2026-01-05 17:30:18,087 | INFO     | [Worker_9225] Completed: HBE-JED - 9 results, 0 errors
2026-01-05 17:30:18,097 | INFO     | [Worker_9225] Processing: ATZ-ELQ
2026-01-05 17:30:18,097 | INFO     |   Tier 0: Range 1, Chunk 2/3 (9 days)
2026-01-05 17:30:57,405 | INFO     | [Worker_9225] Completed: ATZ-ELQ - 9 results, 0 errors
2026-01-05 17:30:57,407 | INFO     | [Worker_9225] Processing: JED-HBE
2026-01-05 17:30:57,407 | INFO     |   Tier 0: Range 1, Chunk 3/3 (9 days)
2026-01-05 17:33:39,264 | INFO     | [Worker_9225] Completed: JED-HBE - 8 results, 0 errors
2026-01-05 17:33:39,266 | INFO     | [Worker_9225] Processing: AHB-ATZ
2026-01-05 17:33:39,266 | INFO     |   Tier 0: Range 1, Chunk 3/3 (9 days)
2026-01-05 17:34:08,002 | INFO     | [Worker_9225] Completed: AHB-ATZ - 8 results, 0 errors
2026-01-05 17:34:08,004 | INFO     | [Worker_9225] Processing: GIZ-CAI
2026-01-05 17:34:08,004 | INFO     |   Tier 0: Range 1, Chunk 3/3 (9 days)
2026-01-05 17:34:46,692 | INFO     | [Worker_9225] Completed: GIZ-CAI - 8 results, 0 errors
2026-01-05 17:34:46,694 | INFO     | [Worker_9225] Processing: LXR-JED
2026-01-05 17:34:46,694 | INFO     |   Tier 0: Range 1, Chunk 3/3 (9 days)
2026-01-05 17:35:58,507 | INFO     | [Worker_9225] Completed: LXR-JED - 8 results, 0 errors
2026-01-05 17:35:58,509 | INFO     | [Worker_9225] Processing: CAI-TUU
2026-01-05 17:35:58,509 | INFO     |   Tier 0: Range 1, Chunk 3/3 (9 days)
2026-01-05 17:36:52,957 | INFO     | [Worker_9225] Completed: CAI-TUU - 8 results, 0 errors
2026-01-05 17:36:52,960 | INFO     | [Worker_9225] Processing: ATZ-AJF
2026-01-05 17:36:52,960 | INFO     |   Tier 0: Range 1, Chunk 3/3 (9 days)
2026-01-05 17:37:34,650 | INFO     | [Worker_9225] Completed: ATZ-AJF - 8 results, 0 errors
2026-01-05 17:37:34,653 | INFO     | [Worker_9225] Processing: CAI-ELQ
2026-01-05 17:37:34,653 | INFO     |   Tier 0: Range 1, Chunk 3/3 (9 days)
2026-01-05 17:38:22,166 | INFO     | [Worker_9225] Completed: CAI-ELQ - 8 results, 0 errors
2026-01-05 18:38:28,423 | INFO     | [Worker_9225] Shutdown signal received, exiting...
2026-01-05 18:38:28,424 | INFO     | [Worker_9225] Finished. Processed 46 groups.
