2026-01-05 16:48:35,432 | INFO     | [Worker_9226] Completed: JED-LXR - 8 results, 0 errors
2026-01-05 16:48:35,433 | INFO     | [Worker_9226] Processing: TUU-CAI
2026-01-05 16:48:35,433 | INFO     |   Tier 0: Range 3, Chunk 1/4 (8 days)
2026-01-05 16:49:02,318 | INFO     | [Worker_9226] Completed: TUU-CAI - 8 results, 0 errors
2026-01-05 16:49:02,319 | INFO     | [Worker_9226] Processing: AHB-ATZ
2026-01-05 16:49:02,319 | INFO     |   Tier 0: Range 3, Chunk 1/4 (8 days)
2026-01-05 16:49:19,448 | INFO     | [Worker_9226] Completed: AHB-ATZ - 8 results, 0 errors
2026-01-05 16:49:19,449 | INFO     | [Worker_9226] Processing: HBE-MED
2026-01-05 16:49:19,449 | INFO     |   Tier 0: Range 3, Chunk 1/4 (8 days)
2026-01-05 16:49:55,969 | INFO     | [Worker_9226] Completed: HBE-MED - 8 results, 0 errors
2026-01-05 16:49:55,970 | INFO     | [Worker_9226] Processing: ATZ-RUH
2026-01-05 16:49:55,970 | INFO     |   Tier 0: Range 3, Chunk 1/4 (8 days)
2026-01-05 16:50:20,530 | INFO     | [Worker_9226] Completed: ATZ-RUH - 8 results, 0 errors
2026-01-05 16:50:20,532 | INFO     | [Worker_9226] Processing: ATZ-TUU
2026-01-05 16:50:20,532 | INFO     |   Tier 0: Range 3, Chunk 1/4 (8 days)
2026-01-05 16:50:39,076 | INFO     | [Worker_9226] Completed: ATZ-TUU - 8 results, 0 errors
2026-01-05 16:50:39,077 | INFO     | [Worker_9226] Processing: ATZ-AJF
2026-01-05 16:50:39,077 | INFO     |   Tier 0: Range 3, Chunk 1/4 (8 days)
2026-01-05 16:50:56,202 | INFO     | [Worker_9226] Completed: ATZ-AJF - 8 results, 0 errors
2026-01-05 16:50:56,203 | INFO     | [Worker_9226] Processing: ATZ-ELQ
2026-01-05 16:50:56,203 | INFO     |   Tier 0: Range 3, Chunk 1/4 (8 days)
2026-01-05 16:51:17,764 | INFO     | [Worker_9226] Completed: ATZ-ELQ - 8 results, 0 errors
2026-01-05 16:51:17,765 | INFO     | [Worker_9226] Processing: JED-CAI
2026-01-05 16:51:17,765 | INFO     |   Tier 0: Range 3, Chunk 2/4 (8 days)
2026-01-05 16:55:55,549 | INFO     | [Worker_9226] Completed: JED-CAI - 8 results, 0 errors
2026-01-05 16:55:55,551 | INFO     | [Worker_9226] Processing: TUU-CAI
2026-01-05 16:55:55,551 | INFO     |   Tier 0: Range 3, Chunk 3/4 (8 days)
2026-01-05 16:56:18,013 | INFO     | [Worker_9226] Completed: TUU-CAI - 8 results, 0 errors
2026-01-05 16:56:18,014 | INFO     | [Worker_9226] Processing: AHB-CAI
2026-01-05 16:56:18,015 | INFO     |   Tier 0: Range 3, Chunk 3/4 (8 days)
2026-01-05 16:56:49,463 | INFO     | [Worker_9226] Completed: AHB-CAI - 8 results, 0 errors
2026-01-05 16:56:49,464 | INFO     | [Worker_9226] Processing: HBE-JED
2026-01-05 16:56:49,464 | INFO     |   Tier 0: Range 3, Chunk 3/4 (8 days)
2026-01-05 16:58:03,683 | INFO     | [Worker_9226] Completed: HBE-JED - 8 results, 0 errors
2026-01-05 16:58:03,685 | INFO     | [Worker_9226] Processing: CAI-GIZ
2026-01-05 16:58:03,685 | INFO     |   Tier 0: Range 3, Chunk 3/4 (8 days)
2026-01-05 16:58:24,476 | INFO     | [Worker_9226] Completed: CAI-GIZ - 8 results, 0 errors
2026-01-05 16:58:24,478 | INFO     | [Worker_9226] Processing: JED-HBE
2026-01-05 16:58:24,478 | INFO     |   Tier 0: Range 3, Chunk 4/4 (7 days)
2026-01-05 16:59:43,682 | INFO     | [Worker_9226] Completed: JED-HBE - 7 results, 0 errors
2026-01-05 16:59:43,683 | INFO     | [Worker_9226] Processing: ELQ-ATZ
2026-01-05 16:59:43,683 | INFO     |   Tier 0: Range 3, Chunk 4/4 (7 days)
2026-01-05 17:00:03,841 | INFO     | [Worker_9226] Completed: ELQ-ATZ - 7 results, 0 errors
2026-01-05 17:00:03,843 | INFO     | [Worker_9226] Processing: CAI-JED
2026-01-05 17:00:03,843 | INFO     |   Tier 0: Range 3, Chunk 4/4 (7 days)
2026-01-05 17:02:34,663 | INFO     | [Worker_9226] Completed: CAI-JED - 7 results, 0 errors
2026-01-05 17:02:34,664 | INFO     | [Worker_9226] Processing: TUU-CAI
2026-01-05 17:02:34,664 | INFO     |   Tier 0: Range 2, Chunk 1/3 (10 days)
2026-01-05 17:03:15,652 | INFO     | [Worker_9226] Completed: TUU-CAI - 10 results, 0 errors
2026-01-05 17:03:15,654 | INFO     | [Worker_9226] Processing: AHB-CAI
2026-01-05 17:03:15,654 | INFO     |   Tier 0: Range 2, Chunk 1/3 (10 days)
2026-01-05 17:03:57,172 | INFO     | [Worker_9226] Completed: AHB-CAI - 10 results, 0 errors
2026-01-05 17:03:57,173 | INFO     | [Worker_9226] Processing: ATZ-MED
2026-01-05 17:03:57,174 | INFO     |   Tier 0: Range 2, Chunk 1/3 (10 days)
2026-01-05 17:04:46,567 | INFO     | [Worker_9226] Completed: ATZ-MED - 10 results, 0 errors
2026-01-05 17:04:46,568 | INFO     | [Worker_9226] Processing: ATZ-RUH
2026-01-05 17:04:46,569 | INFO     |   Tier 0: Range 2, Chunk 1/3 (10 days)
2026-01-05 17:05:32,985 | INFO     | [Worker_9226] Completed: ATZ-RUH - 10 results, 0 errors
2026-01-05 17:05:32,986 | INFO     | [Worker_9226] Processing: CAI-TUU
2026-01-05 17:05:32,986 | INFO     |   Tier 0: Range 2, Chunk 1/3 (10 days)
2026-01-05 17:06:08,776 | INFO     | [Worker_9226] Completed: CAI-TUU - 10 results, 0 errors
2026-01-05 17:06:08,778 | INFO     | [Worker_9226] Processing: CAI-AJF
2026-01-05 17:06:08,778 | INFO     |   Tier 0: Range 2, Chunk 1/3 (10 days)
2026-01-05 17:06:46,763 | INFO     | [Worker_9226] Completed: CAI-AJF - 10 results, 0 errors
2026-01-05 17:06:46,764 | INFO     | [Worker_9226] Processing: CAI-GIZ
2026-01-05 17:06:46,765 | INFO     |   Tier 0: Range 2, Chunk 1/3 (10 days)
2026-01-05 17:07:19,764 | INFO     | [Worker_9226] Completed: CAI-GIZ - 10 results, 0 errors
2026-01-05 17:07:19,765 | INFO     | [Worker_9226] Processing: JED-ATZ
2026-01-05 17:07:19,766 | INFO     |   Tier 0: Range 2, Chunk 2/3 (9 days)
2026-01-05 17:10:44,584 | INFO     | [Worker_9226] Completed: JED-ATZ - 9 results, 0 errors
2026-01-05 17:10:44,586 | INFO     | [Worker_9226] Processing: ASW-JED
2026-01-05 17:10:44,587 | INFO     |   Tier 0: Range 2, Chunk 2/3 (9 days)
2026-01-05 17:11:03,143 | INFO     | [Worker_9226] Completed: ASW-JED - 9 results, 0 errors
2026-01-05 17:11:03,144 | INFO     | [Worker_9226] Processing: CAI-RUH
2026-01-05 17:11:03,144 | INFO     |   Tier 0: Range 2, Chunk 2/3 (9 days)
2026-01-05 17:12:05,742 | INFO     | [Worker_9226] Completed: CAI-RUH - 9 results, 0 errors
2026-01-05 17:12:05,744 | INFO     | [Worker_9226] Processing: CAI-YNB
2026-01-05 17:12:05,744 | INFO     |   Tier 0: Range 2, Chunk 2/3 (9 days)
2026-01-05 17:13:15,590 | INFO     | [Worker_9226] Completed: CAI-YNB - 9 results, 0 errors
2026-01-05 17:13:15,593 | INFO     | [Worker_9226] Processing: JED-ATZ
2026-01-05 17:13:15,593 | INFO     |   Tier 0: Range 2, Chunk 3/3 (9 days)
2026-01-05 17:16:09,879 | INFO     | [Worker_9226] Completed: JED-ATZ - 9 results, 0 errors
2026-01-05 17:16:09,880 | INFO     | [Worker_9226] Processing: LXR-JED
2026-01-05 17:16:09,880 | INFO     |   Tier 0: Range 2, Chunk 3/3 (9 days)
2026-01-05 17:16:44,841 | INFO     | [Worker_9226] Completed: LXR-JED - 9 results, 0 errors
2026-01-05 17:16:44,842 | INFO     | [Worker_9226] Processing: CAI-TUU
2026-01-05 17:16:44,842 | INFO     |   Tier 0: Range 2, Chunk 3/3 (9 days)
2026-01-05 17:17:14,066 | INFO     | [Worker_9226] Completed: CAI-TUU - 9 results, 0 errors
2026-01-05 17:17:14,067 | INFO     | [Worker_9226] Processing: ATZ-AJF
2026-01-05 17:17:14,067 | INFO     |   Tier 0: Range 2, Chunk 3/3 (9 days)
2026-01-05 17:17:33,509 | INFO     | [Worker_9226] Completed: ATZ-AJF - 9 results, 0 errors
2026-01-05 17:17:33,511 | INFO     | [Worker_9226] Processing: ATZ-AHB
2026-01-05 17:17:33,511 | INFO     |   Tier 0: Range 2, Chunk 3/3 (9 days)
2026-01-05 17:17:53,712 | INFO     | [Worker_9226] Completed: ATZ-AHB - 9 results, 0 errors
2026-01-05 17:17:53,713 | INFO     | [Worker_9226] Processing: CAI-GIZ
2026-01-05 17:17:53,713 | INFO     |   Tier 0: Range 2, Chunk 3/3 (9 days)
2026-01-05 17:18:18,935 | INFO     | [Worker_9226] Completed: CAI-GIZ - 9 results, 0 errors
2026-01-05 17:18:18,937 | INFO     | [Worker_9226] Processing: JED-HBE
2026-01-05 17:18:18,937 | INFO     |   Tier 0: Range 1, Chunk 1/3 (9 days)
2026-01-05 17:20:48,999 | INFO     | [Worker_9226] Completed: JED-HBE - 9 results, 0 errors
2026-01-05 17:20:49,000 | INFO     | [Worker_9226] Processing: GIZ-CAI
2026-01-05 17:20:49,000 | INFO     |   Tier 0: Range 1, Chunk 1/3 (9 days)
2026-01-05 17:21:22,292 | INFO     | [Worker_9226] Completed: GIZ-CAI - 9 results, 0 errors
2026-01-05 17:21:22,295 | INFO     | [Worker_9226] Processing: HBE-JED
2026-01-05 17:21:22,295 | INFO     |   Tier 0: Range 1, Chunk 1/3 (9 days)
2026-01-05 17:23:37,125 | INFO     | [Worker_9226] Completed: HBE-JED - 9 results, 0 errors
2026-01-05 17:23:37,127 | INFO     | [Worker_9226] Processing: ATZ-AHB
2026-01-05 17:23:37,127 | INFO     |   Tier 0: Range 1, Chunk 1/3 (9 days)
2026-01-05 17:24:06,357 | INFO     | [Worker_9226] Completed: ATZ-AHB - 9 results, 0 errors
2026-01-05 17:24:06,357 | INFO     | [Worker_9226] Processing: MED-CAI
2026-01-05 17:24:06,358 | INFO     |   Tier 0: Range 1, Chunk 2/3 (9 days)
2026-01-05 17:25:46,067 | INFO     | [Worker_9226] Completed: MED-CAI - 9 results, 0 errors
2026-01-05 17:25:46,068 | INFO     | [Worker_9226] Processing: DMM-ATZ
2026-01-05 17:25:46,068 | INFO     |   Tier 0: Range 1, Chunk 2/3 (9 days)
2026-01-05 17:26:19,248 | INFO     | [Worker_9226] Completed: DMM-ATZ - 9 results, 0 errors
2026-01-05 17:26:19,251 | INFO     | [Worker_9226] Processing: AJF-ATZ
2026-01-05 17:26:19,252 | INFO     |   Tier 0: Range 1, Chunk 2/3 (9 days)
2026-01-05 17:26:41,880 | INFO     | [Worker_9226] Completed: AJF-ATZ - 9 results, 0 errors
2026-01-05 17:26:41,881 | INFO     | [Worker_9226] Processing: AHB-ATZ
2026-01-05 17:26:41,881 | INFO     |   Tier 0: Range 1, Chunk 2/3 (9 days)
2026-01-05 17:27:05,585 | INFO     | [Worker_9226] Completed: AHB-ATZ - 9 results, 0 errors
2026-01-05 17:27:05,587 | INFO     | [Worker_9226] Processing: GIZ-CAI
2026-01-05 17:27:05,587 | INFO     |   Tier 0: Range 1, Chunk 2/3 (9 days)
2026-01-05 17:27:32,744 | INFO     | [Worker_9226] Completed: GIZ-CAI - 9 results, 0 errors
2026-01-05 17:27:32,746 | INFO     | [Worker_9226] Processing: ATZ-JED
2026-01-05 17:27:32,747 | INFO     |   Tier 0: Range 1, Chunk 2/3 (9 days)
2026-01-05 17:30:19,628 | INFO     | [Worker_9226] Completed: ATZ-JED - 9 results, 0 errors
2026-01-05 17:30:19,629 | INFO     | [Worker_9226] Processing: CAI-GIZ
2026-01-05 17:30:19,630 | INFO     |   Tier 0: Range 1, Chunk 2/3 (9 days)
2026-01-05 17:30:57,016 | INFO     | [Worker_9226] Completed: CAI-GIZ - 9 results, 0 errors
2026-01-05 17:30:57,017 | INFO     | [Worker_9226] Processing: JED-CAI
2026-01-05 17:30:57,018 | INFO     |   Tier 0: Range 1, Chunk 3/3 (9 days)
2026-01-05 17:38:54,334 | INFO     | [Worker_9226] Completed: JED-CAI - 8 results, 0 errors
2026-01-05 18:38:25,740 | INFO     | [Worker_9226] Shutdown signal received, exiting...
2026-01-05 18:38:25,740 | INFO     | [Worker_9226] Finished. Processed 45 groups.
