2026-01-05 16:48:53,026 | INFO     | [Worker_9227] Completed: RUH-CAI - 8 results, 0 errors
2026-01-05 16:48:53,027 | INFO     | [Worker_9227] Processing: AHB-CAI
2026-01-05 16:48:53,027 | INFO     |   Tier 0: Range 3, Chunk 1/4 (8 days)
2026-01-05 16:49:20,539 | INFO     | [Worker_9227] Completed: AHB-CAI - 8 results, 0 errors
2026-01-05 16:49:20,540 | INFO     | [Worker_9227] Processing: ATZ-MED
2026-01-05 16:49:20,540 | INFO     |   Tier 0: Range 3, Chunk 1/4 (8 days)
2026-01-05 16:49:54,955 | INFO     | [Worker_9227] Completed: ATZ-MED - 8 results, 0 errors
2026-01-05 16:49:54,956 | INFO     | [Worker_9227] Processing: CAI-RUH
2026-01-05 16:49:54,956 | INFO     |   Tier 0: Range 3, Chunk 1/4 (8 days)
2026-01-05 16:50:56,578 | INFO     | [Worker_9227] Completed: CAI-RUH - 8 results, 0 errors
2026-01-05 16:50:56,581 | INFO     | [Worker_9227] Processing: CAI-GIZ
2026-01-05 16:50:56,581 | INFO     |   Tier 0: Range 3, Chunk 1/4 (8 days)
2026-01-05 16:51:19,303 | INFO     | [Worker_9227] Completed: CAI-GIZ - 8 results, 0 errors
2026-01-05 16:51:19,304 | INFO     | [Worker_9227] Processing: JED-HBE
2026-01-05 16:51:19,304 | INFO     |   Tier 0: Range 3, Chunk 2/4 (8 days)
2026-01-05 16:52:55,786 | INFO     | [Worker_9227] Completed: JED-HBE - 8 results, 0 errors
2026-01-05 16:52:55,787 | INFO     | [Worker_9227] Processing: CAI-MED
2026-01-05 16:52:55,787 | INFO     |   Tier 0: Range 3, Chunk 2/4 (8 days)
2026-01-05 16:53:33,552 | INFO     | [Worker_9227] Completed: CAI-MED - 8 results, 0 errors
2026-01-05 16:53:33,555 | INFO     | [Worker_9227] Processing: ASW-JED
2026-01-05 16:53:33,555 | INFO     |   Tier 0: Range 3, Chunk 2/4 (8 days)
2026-01-05 16:53:45,926 | INFO     | [Worker_9227] Completed: ASW-JED - 8 results, 0 errors
2026-01-05 16:53:45,927 | INFO     | [Worker_9227] Processing: CAI-DMM
2026-01-05 16:53:45,927 | INFO     |   Tier 0: Range 3, Chunk 2/4 (8 days)
2026-01-05 16:54:15,609 | INFO     | [Worker_9227] Completed: CAI-DMM - 8 results, 0 errors
2026-01-05 16:54:15,611 | INFO     | [Worker_9227] Processing: CAI-AJF
2026-01-05 16:54:15,611 | INFO     |   Tier 0: Range 3, Chunk 2/4 (8 days)
2026-01-05 16:54:41,178 | INFO     | [Worker_9227] Completed: CAI-AJF - 8 results, 0 errors
2026-01-05 16:54:41,179 | INFO     | [Worker_9227] Processing: CAI-GIZ
2026-01-05 16:54:41,179 | INFO     |   Tier 0: Range 3, Chunk 2/4 (8 days)
2026-01-05 16:55:03,024 | INFO     | [Worker_9227] Completed: CAI-GIZ - 8 results, 0 errors
2026-01-05 16:55:03,027 | INFO     | [Worker_9227] Processing: JED-ATZ
2026-01-05 16:55:03,027 | INFO     |   Tier 0: Range 3, Chunk 3/4 (8 days)
2026-01-05 16:56:43,322 | INFO     | [Worker_9227] Completed: JED-ATZ - 8 results, 0 errors
2026-01-05 16:56:43,323 | INFO     | [Worker_9227] Processing: ATZ-MED
2026-01-05 16:56:43,323 | INFO     |   Tier 0: Range 3, Chunk 3/4 (8 days)
2026-01-05 16:57:07,831 | INFO     | [Worker_9227] Completed: ATZ-MED - 8 results, 0 errors
2026-01-05 16:57:07,832 | INFO     | [Worker_9227] Processing: CAI-RUH
2026-01-05 16:57:07,832 | INFO     |   Tier 0: Range 3, Chunk 3/4 (8 days)
2026-01-05 16:58:01,941 | INFO     | [Worker_9227] Completed: CAI-RUH - 8 results, 0 errors
2026-01-05 16:58:01,942 | INFO     | [Worker_9227] Processing: ATZ-ELQ
2026-01-05 16:58:01,942 | INFO     |   Tier 0: Range 3, Chunk 3/4 (8 days)
2026-01-05 16:58:23,370 | INFO     | [Worker_9227] Completed: ATZ-ELQ - 8 results, 0 errors
2026-01-05 16:58:23,372 | INFO     | [Worker_9227] Processing: JED-CAI
2026-01-05 16:58:23,372 | INFO     |   Tier 0: Range 3, Chunk 4/4 (7 days)
2026-01-05 17:02:08,935 | INFO     | [Worker_9227] Completed: JED-CAI - 7 results, 0 errors
2026-01-05 17:02:08,937 | INFO     | [Worker_9227] Processing: JED-ASW
2026-01-05 17:02:08,937 | INFO     |   Tier 0: Range 2, Chunk 1/3 (10 days)
2026-01-05 17:02:33,994 | INFO     | [Worker_9227] Completed: JED-ASW - 10 results, 0 errors
2026-01-05 17:02:33,995 | INFO     | [Worker_9227] Processing: DMM-ATZ
2026-01-05 17:02:33,996 | INFO     |   Tier 0: Range 2, Chunk 1/3 (10 days)
2026-01-05 17:03:04,994 | INFO     | [Worker_9227] Completed: DMM-ATZ - 10 results, 0 errors
2026-01-05 17:03:04,996 | INFO     | [Worker_9227] Processing: AJF-ATZ
2026-01-05 17:03:04,996 | INFO     |   Tier 0: Range 2, Chunk 1/3 (10 days)
2026-01-05 17:03:29,316 | INFO     | [Worker_9227] Completed: AJF-ATZ - 10 results, 0 errors
2026-01-05 17:03:29,317 | INFO     | [Worker_9227] Processing: ELQ-ATZ
2026-01-05 17:03:29,317 | INFO     |   Tier 0: Range 2, Chunk 1/3 (10 days)
2026-01-05 17:04:00,704 | INFO     | [Worker_9227] Completed: ELQ-ATZ - 10 results, 0 errors
2026-01-05 17:04:00,707 | INFO     | [Worker_9227] Processing: CAI-JED
2026-01-05 17:04:00,707 | INFO     |   Tier 0: Range 2, Chunk 1/3 (10 days)
2026-01-05 17:10:29,934 | INFO     | [Worker_9227] Completed: CAI-JED - 10 results, 0 errors
2026-01-05 17:10:29,936 | INFO     | [Worker_9227] Processing: HBE-JED
2026-01-05 17:10:29,936 | INFO     |   Tier 0: Range 2, Chunk 2/3 (9 days)
2026-01-05 17:13:15,668 | INFO     | [Worker_9227] Completed: HBE-JED - 9 results, 0 errors
2026-01-05 17:13:15,688 | INFO     | [Worker_9227] Processing: JED-LXR
2026-01-05 17:13:15,688 | INFO     |   Tier 0: Range 2, Chunk 3/3 (9 days)
2026-01-05 17:13:49,792 | INFO     | [Worker_9227] Completed: JED-LXR - 9 results, 0 errors
2026-01-05 17:13:49,793 | INFO     | [Worker_9227] Processing: DMM-ATZ
2026-01-05 17:13:49,793 | INFO     |   Tier 0: Range 2, Chunk 3/3 (9 days)
2026-01-05 17:14:23,571 | INFO     | [Worker_9227] Completed: DMM-ATZ - 9 results, 0 errors
2026-01-05 17:14:23,573 | INFO     | [Worker_9227] Processing: TUU-ATZ
2026-01-05 17:14:23,573 | INFO     |   Tier 0: Range 2, Chunk 3/3 (9 days)
2026-01-05 17:14:43,028 | INFO     | [Worker_9227] Completed: TUU-ATZ - 9 results, 0 errors
2026-01-05 17:14:43,029 | INFO     | [Worker_9227] Processing: AHB-CAI
2026-01-05 17:14:43,029 | INFO     |   Tier 0: Range 2, Chunk 3/3 (9 days)
2026-01-05 17:15:20,942 | INFO     | [Worker_9227] Completed: AHB-CAI - 9 results, 0 errors
2026-01-05 17:15:20,944 | INFO     | [Worker_9227] Processing: CAI-MED
2026-01-05 17:15:20,944 | INFO     |   Tier 0: Range 2, Chunk 3/3 (9 days)
2026-01-05 17:16:22,747 | INFO     | [Worker_9227] Completed: CAI-MED - 9 results, 0 errors
2026-01-05 17:16:22,750 | INFO     | [Worker_9227] Processing: ATZ-RUH
2026-01-05 17:16:22,750 | INFO     |   Tier 0: Range 2, Chunk 3/3 (9 days)
2026-01-05 17:17:03,089 | INFO     | [Worker_9227] Completed: ATZ-RUH - 9 results, 0 errors
2026-01-05 17:17:03,090 | INFO     | [Worker_9227] Processing: ATZ-TUU
2026-01-05 17:17:03,090 | INFO     |   Tier 0: Range 2, Chunk 3/3 (9 days)
2026-01-05 17:17:25,095 | INFO     | [Worker_9227] Completed: ATZ-TUU - 9 results, 0 errors
2026-01-05 17:17:25,097 | INFO     | [Worker_9227] Processing: CAI-AHB
2026-01-05 17:17:25,097 | INFO     |   Tier 0: Range 2, Chunk 3/3 (9 days)
2026-01-05 17:17:57,967 | INFO     | [Worker_9227] Completed: CAI-AHB - 9 results, 0 errors
2026-01-05 17:17:57,968 | INFO     | [Worker_9227] Processing: MED-HBE
2026-01-05 17:17:57,968 | INFO     |   Tier 0: Range 1, Chunk 1/3 (9 days)
2026-01-05 17:18:39,473 | INFO     | [Worker_9227] Completed: MED-HBE - 9 results, 0 errors
2026-01-05 17:18:39,475 | INFO     | [Worker_9227] Processing: JED-LXR
2026-01-05 17:18:39,475 | INFO     |   Tier 0: Range 1, Chunk 1/3 (9 days)
2026-01-05 17:19:16,703 | INFO     | [Worker_9227] Completed: JED-LXR - 9 results, 0 errors
2026-01-05 17:19:16,707 | INFO     | [Worker_9227] Processing: TUU-CAI
2026-01-05 17:19:16,707 | INFO     |   Tier 0: Range 1, Chunk 1/3 (9 days)
2026-01-05 17:20:00,248 | INFO     | [Worker_9227] Completed: TUU-CAI - 9 results, 0 errors
2026-01-05 17:20:00,265 | INFO     | [Worker_9227] Processing: AJF-ATZ
2026-01-05 17:20:00,266 | INFO     |   Tier 0: Range 1, Chunk 1/3 (9 days)
2026-01-05 17:20:34,118 | INFO     | [Worker_9227] Completed: AJF-ATZ - 9 results, 0 errors
2026-01-05 17:20:34,120 | INFO     | [Worker_9227] Processing: ELQ-CAI
2026-01-05 17:20:34,120 | INFO     |   Tier 0: Range 1, Chunk 1/3 (9 days)
2026-01-05 17:21:12,411 | INFO     | [Worker_9227] Completed: ELQ-CAI - 9 results, 0 errors
2026-01-05 17:21:12,416 | INFO     | [Worker_9227] Processing: CAI-JED
2026-01-05 17:21:12,416 | INFO     |   Tier 0: Range 1, Chunk 1/3 (9 days)
2026-01-05 17:26:24,346 | INFO     | [Worker_9227] Completed: CAI-JED - 9 results, 0 errors
2026-01-05 17:26:24,349 | INFO     | [Worker_9227] Processing: YNB-CAI
2026-01-05 17:26:24,349 | INFO     |   Tier 0: Range 1, Chunk 2/3 (9 days)
2026-01-05 17:27:58,454 | INFO     | [Worker_9227] Completed: YNB-CAI - 9 results, 0 errors
2026-01-05 17:27:58,455 | INFO     | [Worker_9227] Processing: LXR-JED
2026-01-05 17:27:58,455 | INFO     |   Tier 0: Range 1, Chunk 2/3 (9 days)
2026-01-05 17:28:36,047 | INFO     | [Worker_9227] Completed: LXR-JED - 9 results, 0 errors
2026-01-05 17:28:36,048 | INFO     | [Worker_9227] Processing: ATZ-DMM
2026-01-05 17:28:36,048 | INFO     |   Tier 0: Range 1, Chunk 2/3 (9 days)
2026-01-05 17:29:07,811 | INFO     | [Worker_9227] Completed: ATZ-DMM - 9 results, 0 errors
2026-01-05 17:29:07,815 | INFO     | [Worker_9227] Processing: ATZ-TUU
2026-01-05 17:29:07,815 | INFO     |   Tier 0: Range 1, Chunk 2/3 (9 days)
2026-01-05 17:29:28,613 | INFO     | [Worker_9227] Completed: ATZ-TUU - 9 results, 0 errors
2026-01-05 17:29:28,616 | INFO     | [Worker_9227] Processing: ATZ-AJF
2026-01-05 17:29:28,617 | INFO     |   Tier 0: Range 1, Chunk 2/3 (9 days)
2026-01-05 17:29:54,421 | INFO     | [Worker_9227] Completed: ATZ-AJF - 9 results, 0 errors
2026-01-05 17:29:54,422 | INFO     | [Worker_9227] Processing: CAI-AHB
2026-01-05 17:29:54,422 | INFO     |   Tier 0: Range 1, Chunk 2/3 (9 days)
2026-01-05 17:30:55,196 | INFO     | [Worker_9227] Completed: CAI-AHB - 9 results, 0 errors
2026-01-05 17:30:55,198 | INFO     | [Worker_9227] Processing: MED-ATZ
2026-01-05 17:30:55,198 | INFO     |   Tier 0: Range 1, Chunk 3/3 (9 days)
2026-01-05 17:31:47,156 | INFO     | [Worker_9227] Completed: MED-ATZ - 8 results, 0 errors
2026-01-05 17:31:47,157 | INFO     | [Worker_9227] Processing: RUH-ATZ
2026-01-05 17:31:47,157 | INFO     |   Tier 0: Range 1, Chunk 3/3 (9 days)
2026-01-05 17:32:35,585 | INFO     | [Worker_9227] Completed: RUH-ATZ - 8 results, 0 errors
2026-01-05 17:32:35,587 | INFO     | [Worker_9227] Processing: TUU-CAI
2026-01-05 17:32:35,587 | INFO     |   Tier 0: Range 1, Chunk 3/3 (9 days)
2026-01-05 17:33:15,028 | INFO     | [Worker_9227] Completed: TUU-CAI - 8 results, 0 errors
2026-01-05 17:33:15,029 | INFO     | [Worker_9227] Processing: AJF-ATZ
2026-01-05 17:33:15,029 | INFO     |   Tier 0: Range 1, Chunk 3/3 (9 days)
2026-01-05 17:33:37,833 | INFO     | [Worker_9227] Completed: AJF-ATZ - 8 results, 0 errors
2026-01-05 17:33:37,834 | INFO     | [Worker_9227] Processing: AHB-CAI
2026-01-05 17:33:37,834 | INFO     |   Tier 0: Range 1, Chunk 3/3 (9 days)
2026-01-05 17:34:20,627 | INFO     | [Worker_9227] Completed: AHB-CAI - 8 results, 0 errors
2026-01-05 17:34:20,629 | INFO     | [Worker_9227] Processing: CAI-MED
2026-01-05 17:34:20,629 | INFO     |   Tier 0: Range 1, Chunk 3/3 (9 days)
2026-01-05 17:35:18,280 | INFO     | [Worker_9227] Completed: CAI-MED - 8 results, 0 errors
2026-01-05 17:35:18,284 | INFO     | [Worker_9227] Processing: ASW-JED
2026-01-05 17:35:18,284 | INFO     |   Tier 0: Range 1, Chunk 3/3 (9 days)
2026-01-05 17:35:43,900 | INFO     | [Worker_9227] Completed: ASW-JED - 8 results, 0 errors
2026-01-05 17:35:43,902 | INFO     | [Worker_9227] Processing: CAI-DMM
2026-01-05 17:35:43,902 | INFO     |   Tier 0: Range 1, Chunk 3/3 (9 days)
2026-01-05 17:36:45,605 | INFO     | [Worker_9227] Completed: CAI-DMM - 8 results, 0 errors
2026-01-05 17:36:45,607 | INFO     | [Worker_9227] Processing: CAI-AJF
2026-01-05 17:36:45,608 | INFO     |   Tier 0: Range 1, Chunk 3/3 (9 days)
2026-01-05 17:37:50,104 | INFO     | [Worker_9227] Completed: CAI-AJF - 8 results, 0 errors
2026-01-05 17:37:50,106 | INFO     | [Worker_9227] Processing: CAI-GIZ
2026-01-05 17:37:50,106 | INFO     |   Tier 0: Range 1, Chunk 3/3 (9 days)
2026-01-05 17:38:20,046 | INFO     | [Worker_9227] Completed: CAI-GIZ - 8 results, 0 errors
2026-01-05 18:38:26,501 | INFO     | [Worker_9227] Shutdown signal received, exiting...
2026-01-05 18:38:26,501 | INFO     | [Worker_9227] Finished. Processed 52 groups.
