2026-01-05 16:49:36,178 | INFO     | [Worker_9234] Completed: JED-ATZ - 8 results, 0 errors
2026-01-05 16:49:36,179 | INFO     | [Worker_9234] Processing: LXR-JED
2026-01-05 16:49:36,180 | INFO     |   Tier 0: Range 3, Chunk 1/4 (8 days)
2026-01-05 16:50:07,728 | INFO     | [Worker_9234] Completed: LXR-JED - 8 results, 0 errors
2026-01-05 16:50:07,730 | INFO     | [Worker_9234] Processing: ATZ-DMM
2026-01-05 16:50:07,730 | INFO     |   Tier 0: Range 3, Chunk 1/4 (8 days)
2026-01-05 16:50:27,214 | INFO     | [Worker_9234] Completed: ATZ-DMM - 8 results, 0 errors
2026-01-05 16:50:27,215 | INFO     | [Worker_9234] Processing: CAI-AJF
2026-01-05 16:50:27,215 | INFO     |   Tier 0: Range 3, Chunk 1/4 (8 days)
2026-01-05 16:50:55,938 | INFO     | [Worker_9234] Completed: CAI-AJF - 8 results, 0 errors
2026-01-05 16:50:55,939 | INFO     | [Worker_9234] Processing: CAI-ELQ
2026-01-05 16:50:55,940 | INFO     |   Tier 0: Range 3, Chunk 1/4 (8 days)
2026-01-05 16:51:23,575 | INFO     | [Worker_9234] Completed: CAI-ELQ - 8 results, 0 errors
2026-01-05 16:51:23,578 | INFO     | [Worker_9234] Processing: JED-ATZ
2026-01-05 16:51:23,578 | INFO     |   Tier 0: Range 3, Chunk 2/4 (8 days)
2026-01-05 16:53:35,932 | INFO     | [Worker_9234] Completed: JED-ATZ - 8 results, 0 errors
2026-01-05 16:53:35,933 | INFO     | [Worker_9234] Processing: CAI-RUH
2026-01-05 16:53:35,933 | INFO     |   Tier 0: Range 3, Chunk 2/4 (8 days)
2026-01-05 16:54:32,083 | INFO     | [Worker_9234] Completed: CAI-RUH - 8 results, 0 errors
2026-01-05 16:54:32,083 | INFO     | [Worker_9234] Processing: CAI-ELQ
2026-01-05 16:54:32,084 | INFO     |   Tier 0: Range 3, Chunk 2/4 (8 days)
2026-01-05 16:54:57,273 | INFO     | [Worker_9234] Completed: CAI-ELQ - 8 results, 0 errors
2026-01-05 16:54:57,274 | INFO     | [Worker_9234] Processing: JED-CAI
2026-01-05 16:54:57,274 | INFO     |   Tier 0: Range 3, Chunk 3/4 (8 days)
2026-01-05 16:58:45,712 | INFO     | [Worker_9234] Completed: JED-CAI - 8 results, 0 errors
2026-01-05 16:58:45,715 | INFO     | [Worker_9234] Processing: JED-ASW
2026-01-05 16:58:45,715 | INFO     |   Tier 0: Range 3, Chunk 4/4 (7 days)
2026-01-05 16:58:57,025 | INFO     | [Worker_9234] Completed: JED-ASW - 7 results, 0 errors
2026-01-05 16:58:57,026 | INFO     | [Worker_9234] Processing: DMM-ATZ
2026-01-05 16:58:57,026 | INFO     |   Tier 0: Range 3, Chunk 4/4 (7 days)
2026-01-05 16:59:19,257 | INFO     | [Worker_9234] Completed: DMM-ATZ - 7 results, 0 errors
2026-01-05 16:59:19,258 | INFO     | [Worker_9234] Processing: TUU-ATZ
2026-01-05 16:59:19,258 | INFO     |   Tier 0: Range 3, Chunk 4/4 (7 days)
2026-01-05 16:59:35,384 | INFO     | [Worker_9234] Completed: TUU-ATZ - 7 results, 0 errors
2026-01-05 16:59:35,386 | INFO     | [Worker_9234] Processing: AHB-ATZ
2026-01-05 16:59:35,386 | INFO     |   Tier 0: Range 3, Chunk 4/4 (7 days)
2026-01-05 16:59:51,385 | INFO     | [Worker_9234] Completed: AHB-ATZ - 7 results, 0 errors
2026-01-05 16:59:51,386 | INFO     | [Worker_9234] Processing: CAI-MED
2026-01-05 16:59:51,386 | INFO     |   Tier 0: Range 3, Chunk 4/4 (7 days)
2026-01-05 17:00:33,310 | INFO     | [Worker_9234] Completed: CAI-MED - 7 results, 0 errors
2026-01-05 17:00:33,311 | INFO     | [Worker_9234] Processing: ATZ-DMM
2026-01-05 17:00:33,311 | INFO     |   Tier 0: Range 3, Chunk 4/4 (7 days)
2026-01-05 17:00:54,620 | INFO     | [Worker_9234] Completed: ATZ-DMM - 7 results, 0 errors
2026-01-05 17:00:54,621 | INFO     | [Worker_9234] Processing: CAI-AJF
2026-01-05 17:00:54,621 | INFO     |   Tier 0: Range 3, Chunk 4/4 (7 days)
2026-01-05 17:01:19,860 | INFO     | [Worker_9234] Completed: CAI-AJF - 7 results, 0 errors
2026-01-05 17:01:19,863 | INFO     | [Worker_9234] Processing: CAI-GIZ
2026-01-05 17:01:19,864 | INFO     |   Tier 0: Range 3, Chunk 4/4 (7 days)
2026-01-05 17:01:41,169 | INFO     | [Worker_9234] Completed: CAI-GIZ - 7 results, 0 errors
2026-01-05 17:01:41,171 | INFO     | [Worker_9234] Processing: JED-HBE
2026-01-05 17:01:41,172 | INFO     |   Tier 0: Range 2, Chunk 1/3 (10 days)
2026-01-05 17:03:26,937 | INFO     | [Worker_9234] Completed: JED-HBE - 10 results, 0 errors
2026-01-05 17:03:26,938 | INFO     | [Worker_9234] Processing: ELQ-CAI
2026-01-05 17:03:26,939 | INFO     |   Tier 0: Range 2, Chunk 1/3 (10 days)
2026-01-05 17:04:08,599 | INFO     | [Worker_9234] Completed: ELQ-CAI - 10 results, 0 errors
2026-01-05 17:04:08,601 | INFO     | [Worker_9234] Processing: HBE-JED
2026-01-05 17:04:08,601 | INFO     |   Tier 0: Range 2, Chunk 1/3 (10 days)
2026-01-05 17:06:29,802 | INFO     | [Worker_9234] Completed: HBE-JED - 10 results, 0 errors
2026-01-05 17:06:29,803 | INFO     | [Worker_9234] Processing: CAI-ELQ
2026-01-05 17:06:29,803 | INFO     |   Tier 0: Range 2, Chunk 1/3 (10 days)
2026-01-05 17:07:08,237 | INFO     | [Worker_9234] Completed: CAI-ELQ - 10 results, 0 errors
2026-01-05 17:07:08,239 | INFO     | [Worker_9234] Processing: JED-CAI
2026-01-05 17:07:08,239 | INFO     |   Tier 0: Range 2, Chunk 2/3 (9 days)
2026-01-05 17:12:37,502 | INFO     | [Worker_9234] Completed: JED-CAI - 9 results, 0 errors
2026-01-05 17:12:37,505 | INFO     | [Worker_9234] Processing: ATZ-ELQ
2026-01-05 17:12:37,505 | INFO     |   Tier 0: Range 2, Chunk 2/3 (9 days)
2026-01-05 17:13:07,073 | INFO     | [Worker_9234] Completed: ATZ-ELQ - 9 results, 0 errors
2026-01-05 17:13:07,076 | INFO     | [Worker_9234] Processing: JED-HBE
2026-01-05 17:13:07,076 | INFO     |   Tier 0: Range 2, Chunk 3/3 (9 days)
2026-01-05 17:15:26,161 | INFO     | [Worker_9234] Completed: JED-HBE - 9 results, 0 errors
2026-01-05 17:15:26,162 | INFO     | [Worker_9234] Processing: HBE-MED
2026-01-05 17:15:26,163 | INFO     |   Tier 0: Range 2, Chunk 3/3 (9 days)
2026-01-05 17:16:11,450 | INFO     | [Worker_9234] Completed: HBE-MED - 9 results, 0 errors
2026-01-05 17:16:11,451 | INFO     | [Worker_9234] Processing: ASW-JED
2026-01-05 17:16:11,452 | INFO     |   Tier 0: Range 2, Chunk 3/3 (9 days)
2026-01-05 17:16:33,610 | INFO     | [Worker_9234] Completed: ASW-JED - 9 results, 0 errors
2026-01-05 17:16:33,613 | INFO     | [Worker_9234] Processing: ATZ-DMM
2026-01-05 17:16:33,613 | INFO     |   Tier 0: Range 2, Chunk 3/3 (9 days)
2026-01-05 17:17:06,671 | INFO     | [Worker_9234] Completed: ATZ-DMM - 9 results, 0 errors
2026-01-05 17:17:06,673 | INFO     | [Worker_9234] Processing: CAI-AJF
2026-01-05 17:17:06,673 | INFO     |   Tier 0: Range 2, Chunk 3/3 (9 days)
2026-01-05 17:17:37,836 | INFO     | [Worker_9234] Completed: CAI-AJF - 9 results, 0 errors
2026-01-05 17:17:37,838 | INFO     | [Worker_9234] Processing: CAI-ELQ
2026-01-05 17:17:37,838 | INFO     |   Tier 0: Range 2, Chunk 3/3 (9 days)
2026-01-05 17:18:15,556 | INFO     | [Worker_9234] Completed: CAI-ELQ - 9 results, 0 errors
2026-01-05 17:18:15,557 | INFO     | [Worker_9234] Processing: MED-ATZ
2026-01-05 17:18:15,557 | INFO     |   Tier 0: Range 1, Chunk 1/3 (9 days)
2026-01-05 17:19:09,732 | INFO     | [Worker_9234] Completed: MED-ATZ - 9 results, 0 errors
2026-01-05 17:19:09,736 | INFO     | [Worker_9234] Processing: DMM-ATZ
2026-01-05 17:19:09,736 | INFO     |   Tier 0: Range 1, Chunk 1/3 (9 days)
2026-01-05 17:19:50,696 | INFO     | [Worker_9234] Completed: DMM-ATZ - 9 results, 0 errors
2026-01-05 17:19:50,697 | INFO     | [Worker_9234] Processing: TUU-ATZ
2026-01-05 17:19:50,697 | INFO     |   Tier 0: Range 1, Chunk 1/3 (9 days)
2026-01-05 17:20:23,649 | INFO     | [Worker_9234] Completed: TUU-ATZ - 9 results, 0 errors
2026-01-05 17:20:23,652 | INFO     | [Worker_9234] Processing: AHB-CAI
2026-01-05 17:20:23,652 | INFO     |   Tier 0: Range 1, Chunk 1/3 (9 days)
2026-01-05 17:21:07,171 | INFO     | [Worker_9234] Completed: AHB-CAI - 9 results, 0 errors
2026-01-05 17:21:07,177 | INFO     | [Worker_9234] Processing: ATZ-MED
2026-01-05 17:21:07,177 | INFO     |   Tier 0: Range 1, Chunk 1/3 (9 days)
2026-01-05 17:21:51,152 | INFO     | [Worker_9234] Completed: ATZ-MED - 9 results, 0 errors
2026-01-05 17:21:51,154 | INFO     | [Worker_9234] Processing: LXR-JED
2026-01-05 17:21:51,154 | INFO     |   Tier 0: Range 1, Chunk 1/3 (9 days)
2026-01-05 17:22:30,863 | INFO     | [Worker_9234] Completed: LXR-JED - 9 results, 0 errors
2026-01-05 17:22:30,864 | INFO     | [Worker_9234] Processing: CAI-TUU
2026-01-05 17:22:30,865 | INFO     |   Tier 0: Range 1, Chunk 1/3 (9 days)
2026-01-05 17:23:09,818 | INFO     | [Worker_9234] Completed: CAI-TUU - 9 results, 0 errors
2026-01-05 17:23:09,820 | INFO     | [Worker_9234] Processing: ATZ-AJF
2026-01-05 17:23:09,821 | INFO     |   Tier 0: Range 1, Chunk 1/3 (9 days)
2026-01-05 17:23:37,437 | INFO     | [Worker_9234] Completed: ATZ-AJF - 9 results, 0 errors
2026-01-05 17:23:37,439 | INFO     | [Worker_9234] Processing: CAI-ELQ
2026-01-05 17:23:37,439 | INFO     |   Tier 0: Range 1, Chunk 1/3 (9 days)
2026-01-05 17:24:20,494 | INFO     | [Worker_9234] Completed: CAI-ELQ - 9 results, 0 errors
2026-01-05 17:24:20,495 | INFO     | [Worker_9234] Processing: MED-ATZ
2026-01-05 17:24:20,495 | INFO     |   Tier 0: Range 1, Chunk 2/3 (9 days)
2026-01-05 17:25:12,916 | INFO     | [Worker_9234] Completed: MED-ATZ - 9 results, 0 errors
2026-01-05 17:25:12,917 | INFO     | [Worker_9234] Processing: RUH-ATZ
2026-01-05 17:25:12,917 | INFO     |   Tier 0: Range 1, Chunk 2/3 (9 days)
2026-01-05 17:25:57,660 | INFO     | [Worker_9234] Completed: RUH-ATZ - 9 results, 0 errors
2026-01-05 17:25:57,661 | INFO     | [Worker_9234] Processing: TUU-CAI
2026-01-05 17:25:57,661 | INFO     |   Tier 0: Range 1, Chunk 2/3 (9 days)
2026-01-05 17:26:43,905 | INFO     | [Worker_9234] Completed: TUU-CAI - 9 results, 0 errors
2026-01-05 17:26:43,907 | INFO     | [Worker_9234] Processing: ELQ-CAI
2026-01-05 17:26:43,907 | INFO     |   Tier 0: Range 1, Chunk 2/3 (9 days)
2026-01-05 17:27:20,810 | INFO     | [Worker_9234] Completed: ELQ-CAI - 9 results, 0 errors
2026-01-05 17:27:20,814 | INFO     | [Worker_9234] Processing: ATZ-MED
2026-01-05 17:27:20,815 | INFO     |   Tier 0: Range 1, Chunk 2/3 (9 days)
2026-01-05 17:28:07,080 | INFO     | [Worker_9234] Completed: ATZ-MED - 9 results, 0 errors
2026-01-05 17:28:07,081 | INFO     | [Worker_9234] Processing: ASW-JED
2026-01-05 17:28:07,081 | INFO     |   Tier 0: Range 1, Chunk 2/3 (9 days)
2026-01-05 17:28:23,166 | INFO     | [Worker_9234] Completed: ASW-JED - 9 results, 0 errors
2026-01-05 17:28:23,169 | INFO     | [Worker_9234] Processing: CAI-RUH
2026-01-05 17:28:23,169 | INFO     |   Tier 0: Range 1, Chunk 2/3 (9 days)
2026-01-05 17:30:06,789 | INFO     | [Worker_9234] Completed: CAI-RUH - 9 results, 0 errors
2026-01-05 17:30:06,791 | INFO     | [Worker_9234] Processing: ATZ-AHB
2026-01-05 17:30:06,791 | INFO     |   Tier 0: Range 1, Chunk 2/3 (9 days)
2026-01-05 17:30:31,172 | INFO     | [Worker_9234] Completed: ATZ-AHB - 9 results, 0 errors
2026-01-05 17:30:31,175 | INFO     | [Worker_9234] Processing: MED-HBE
2026-01-05 17:30:31,175 | INFO     |   Tier 0: Range 1, Chunk 3/3 (9 days)
2026-01-05 17:31:29,608 | INFO     | [Worker_9234] Completed: MED-HBE - 8 results, 0 errors
2026-01-05 17:31:29,611 | INFO     | [Worker_9234] Processing: JED-ASW
2026-01-05 17:31:29,612 | INFO     |   Tier 0: Range 1, Chunk 3/3 (9 days)
2026-01-05 17:32:27,441 | INFO     | [Worker_9234] Completed: JED-ASW - 8 results, 0 errors
2026-01-05 17:32:27,443 | INFO     | [Worker_9234] Processing: DMM-ATZ
2026-01-05 17:32:27,443 | INFO     |   Tier 0: Range 1, Chunk 3/3 (9 days)
2026-01-05 17:32:58,962 | INFO     | [Worker_9234] Completed: DMM-ATZ - 8 results, 0 errors
2026-01-05 17:32:58,964 | INFO     | [Worker_9234] Processing: TUU-ATZ
2026-01-05 17:32:58,965 | INFO     |   Tier 0: Range 1, Chunk 3/3 (9 days)
2026-01-05 17:33:22,399 | INFO     | [Worker_9234] Completed: TUU-ATZ - 8 results, 0 errors
2026-01-05 17:33:22,402 | INFO     | [Worker_9234] Processing: YNB-CAI
2026-01-05 17:33:22,402 | INFO     |   Tier 0: Range 1, Chunk 3/3 (9 days)
2026-01-05 17:34:45,915 | INFO     | [Worker_9234] Completed: YNB-CAI - 8 results, 0 errors
2026-01-05 17:34:45,916 | INFO     | [Worker_9234] Processing: ATZ-JED
2026-01-05 17:34:45,916 | INFO     |   Tier 0: Range 1, Chunk 3/3 (9 days)
2026-01-05 17:37:44,475 | INFO     | [Worker_9234] Completed: ATZ-JED - 8 results, 0 errors
2026-01-05 17:37:44,480 | INFO     | [Worker_9234] Processing: ATZ-ELQ
2026-01-05 17:37:44,481 | INFO     |   Tier 0: Range 1, Chunk 3/3 (9 days)
2026-01-05 17:38:22,550 | INFO     | [Worker_9234] Completed: ATZ-ELQ - 8 results, 0 errors
2026-01-05 18:38:28,796 | INFO     | [Worker_9234] Shutdown signal received, exiting...
2026-01-05 18:38:28,797 | INFO     | [Worker_9234] Finished. Processed 53 groups.
