2026-01-10 07:30:18 | INFO     | ======================================================================
2026-01-10 07:30:18 | INFO     | Load Factor Scraper Started - Route: AHB-CAI
2026-01-10 07:30:18 | INFO     | Log file: D:\CODERED\LAB\Artifacts\run_100126_at_07.29\logs\LF_AHB-CAI_20260110_073018.log
2026-01-10 07:30:18 | INFO     | Enhanced logging: Capturing both logging.info() and print()
2026-01-10 07:30:18 | INFO     | ======================================================================
2026-01-10 07:30:18 | INFO     | Starting LF search for route: AHB-CAI
2026-01-10 07:30:18 | ERROR    | [Worker_9222] Failed: AHB-CAI - 'Logger' object has no attribute 'operation_start'
2026-01-10 07:30:18 | INFO     | [Worker_9222] Processing: ELQ-ATZ
2026-01-10 07:30:18 | INFO     |   Tier 0: Range 2, Chunk 1/3 (7 days)
2026-01-10 07:30:18 | INFO     | ======================================================================
2026-01-10 07:30:18 | INFO     | Load Factor Scraper Started - Route: AHB-CAI
2026-01-10 07:30:18 | INFO     | Log file: D:\CODERED\LAB\Artifacts\run_100126_at_07.29\logs\LF_AHB-CAI_20260110_073018.log
2026-01-10 07:30:18 | INFO     | Enhanced logging: Capturing both logging.info() and print()
2026-01-10 07:30:18 | INFO     | ======================================================================
2026-01-10 07:30:18 | INFO     | Starting LF search for route: AHB-CAI
2026-01-10 07:30:18 | ERROR    | [Worker_9223] Failed: AHB-CAI - 'Logger' object has no attribute 'operation_start'
2026-01-10 07:30:18 | INFO     | [Worker_9223] Processing: HBE-MED
2026-01-10 07:30:18 | INFO     |   Tier 0: Range 2, Chunk 2/3 (7 days)
2026-01-10 07:30:18 | INFO     | ======================================================================
2026-01-10 07:30:18 | INFO     | Load Factor Scraper Started - Route: AHB-CAI
2026-01-10 07:30:18 | INFO     | Log file: D:\CODERED\LAB\Artifacts\run_100126_at_07.29\logs\LF_AHB-CAI_20260110_073018.log
2026-01-10 07:30:18 | INFO     | Enhanced logging: Capturing both logging.info() and print()
2026-01-10 07:30:18 | INFO     | ======================================================================
2026-01-10 07:30:18 | INFO     | Starting LF search for route: AHB-CAI
2026-01-10 07:30:18 | ERROR    | [Worker_9227] Failed: AHB-CAI - 'Logger' object has no attribute 'operation_start'
2026-01-10 07:30:18 | INFO     | [Worker_9227] Processing: HBE-MED
2026-01-10 07:30:18 | INFO     |   Tier 0: Range 2, Chunk 3/3 (7 days)
2026-01-10 07:30:18 | INFO     | ======================================================================
2026-01-10 07:30:18 | INFO     | Load Factor Scraper Started - Route: AHB-CAI
2026-01-10 07:30:18 | INFO     | Log file: D:\CODERED\LAB\Artifacts\run_100126_at_07.29\logs\LF_AHB-CAI_20260110_073018.log
2026-01-10 07:30:18 | INFO     | Enhanced logging: Capturing both logging.info() and print()
2026-01-10 07:30:18 | INFO     | ======================================================================
2026-01-10 07:30:18 | INFO     | Starting LF search for route: AHB-CAI
2026-01-10 07:30:18 | ERROR    | [Worker_9223] Failed: AHB-CAI - 'Logger' object has no attribute 'operation_start'
2026-01-10 07:30:18 | INFO     | [Worker_9223] Processing: CAI-JED
2026-01-10 07:30:18 | INFO     |   Tier 0: Range 1, Chunk 1/3 (8 days)
2026-01-10 07:30:18 | INFO     | ======================================================================
2026-01-10 07:30:18 | INFO     | Load Factor Scraper Started - Route: AHB-CAI
2026-01-10 07:30:18 | INFO     | Log file: D:\CODERED\LAB\Artifacts\run_100126_at_07.29\logs\LF_AHB-CAI_20260110_073018.log
2026-01-10 07:30:18 | INFO     | Enhanced logging: Capturing both logging.info() and print()
2026-01-10 07:30:18 | INFO     | ======================================================================
2026-01-10 07:30:18 | INFO     | Starting LF search for route: AHB-CAI
2026-01-10 07:30:18 | ERROR    | [Worker_9227] Failed: AHB-CAI - 'Logger' object has no attribute 'operation_start'
2026-01-10 07:30:18 | INFO     | [Worker_9227] Processing: ATZ-MED
2026-01-10 07:30:18 | INFO     |   Tier 0: Range 1, Chunk 2/3 (7 days)
2026-01-10 07:30:18 | INFO     | ======================================================================
2026-01-10 07:30:18 | INFO     | Load Factor Scraper Started - Route: AHB-CAI
2026-01-10 07:30:18 | INFO     | Log file: D:\CODERED\LAB\Artifacts\run_100126_at_07.29\logs\LF_AHB-CAI_20260110_073018.log
2026-01-10 07:30:18 | INFO     | Enhanced logging: Capturing both logging.info() and print()
2026-01-10 07:30:18 | INFO     | ======================================================================
2026-01-10 07:30:18 | INFO     | Starting LF search for route: AHB-CAI
2026-01-10 07:30:18 | ERROR    | [Worker_9226] Failed: AHB-CAI - 'Logger' object has no attribute 'operation_start'
2026-01-10 07:30:18 | INFO     | [Worker_9226] Processing: CAI-JED
2026-01-10 07:30:18 | INFO     |   Tier 0: Range 1, Chunk 3/3 (7 days)
