2026-01-10 07:30:18 | INFO     | ======================================================================
2026-01-10 07:30:18 | INFO     | Load Factor Scraper Started - Route: AHB-ATZ
2026-01-10 07:30:18 | INFO     | Log file: D:\CODERED\LAB\Artifacts\run_100126_at_07.29\logs\LF_AHB-ATZ_20260110_073018.log
2026-01-10 07:30:18 | INFO     | Enhanced logging: Capturing both logging.info() and print()
2026-01-10 07:30:18 | INFO     | ======================================================================
2026-01-10 07:30:18 | INFO     | Starting LF search for route: AHB-ATZ
2026-01-10 07:30:18 | ERROR    | [Worker_9223] Failed: AHB-ATZ - 'Logger' object has no attribute 'operation_start'
2026-01-10 07:30:18 | INFO     | [Worker_9223] Processing: GIZ-CAI
2026-01-10 07:30:18 | INFO     |   Tier 0: Range 2, Chunk 1/3 (7 days)
2026-01-10 07:30:18 | INFO     | ======================================================================
2026-01-10 07:30:18 | INFO     | Load Factor Scraper Started - Route: AHB-ATZ
2026-01-10 07:30:18 | INFO     | Log file: D:\CODERED\LAB\Artifacts\run_100126_at_07.29\logs\LF_AHB-ATZ_20260110_073018.log
2026-01-10 07:30:18 | INFO     | Enhanced logging: Capturing both logging.info() and print()
2026-01-10 07:30:18 | INFO     | ======================================================================
2026-01-10 07:30:18 | INFO     | Starting LF search for route: AHB-ATZ
2026-01-10 07:30:18 | ERROR    | [Worker_9224] Failed: AHB-ATZ - 'Logger' object has no attribute 'operation_start'
2026-01-10 07:30:18 | INFO     | [Worker_9224] Processing: CAI-MED
2026-01-10 07:30:18 | INFO     |   Tier 0: Range 2, Chunk 2/3 (7 days)
2026-01-10 07:30:18 | INFO     | ======================================================================
2026-01-10 07:30:18 | INFO     | Load Factor Scraper Started - Route: AHB-ATZ
2026-01-10 07:30:18 | INFO     | Log file: D:\CODERED\LAB\Artifacts\run_100126_at_07.29\logs\LF_AHB-ATZ_20260110_073018.log
2026-01-10 07:30:18 | INFO     | Enhanced logging: Capturing both logging.info() and print()
2026-01-10 07:30:18 | INFO     | ======================================================================
2026-01-10 07:30:18 | INFO     | Starting LF search for route: AHB-ATZ
2026-01-10 07:30:18 | ERROR    | [Worker_9224] Failed: AHB-ATZ - 'Logger' object has no attribute 'operation_start'
2026-01-10 07:30:18 | INFO     | [Worker_9224] Processing: ATZ-MED
2026-01-10 07:30:18 | INFO     |   Tier 0: Range 2, Chunk 3/3 (7 days)
2026-01-10 07:30:18 | INFO     | ======================================================================
2026-01-10 07:30:18 | INFO     | Load Factor Scraper Started - Route: AHB-ATZ
2026-01-10 07:30:18 | INFO     | Log file: D:\CODERED\LAB\Artifacts\run_100126_at_07.29\logs\LF_AHB-ATZ_20260110_073018.log
2026-01-10 07:30:18 | INFO     | Enhanced logging: Capturing both logging.info() and print()
2026-01-10 07:30:18 | INFO     | ======================================================================
2026-01-10 07:30:18 | INFO     | Starting LF search for route: AHB-ATZ
2026-01-10 07:30:18 | ERROR    | [Worker_9225] Failed: AHB-ATZ - 'Logger' object has no attribute 'operation_start'
2026-01-10 07:30:18 | INFO     | [Worker_9225] Processing: ATZ-MED
2026-01-10 07:30:18 | INFO     |   Tier 0: Range 1, Chunk 1/3 (8 days)
2026-01-10 07:30:18 | INFO     | ======================================================================
2026-01-10 07:30:18 | INFO     | Load Factor Scraper Started - Route: AHB-ATZ
2026-01-10 07:30:18 | INFO     | Log file: D:\CODERED\LAB\Artifacts\run_100126_at_07.29\logs\LF_AHB-ATZ_20260110_073018.log
2026-01-10 07:30:18 | INFO     | Enhanced logging: Capturing both logging.info() and print()
2026-01-10 07:30:18 | INFO     | ======================================================================
2026-01-10 07:30:18 | INFO     | Starting LF search for route: AHB-ATZ
2026-01-10 07:30:18 | ERROR    | [Worker_9224] Failed: AHB-ATZ - 'Logger' object has no attribute 'operation_start'
2026-01-10 07:30:18 | INFO     | [Worker_9224] Processing: CAI-JED
2026-01-10 07:30:18 | INFO     |   Tier 0: Range 1, Chunk 2/3 (7 days)
2026-01-10 07:30:18 | INFO     | ======================================================================
2026-01-10 07:30:18 | INFO     | Load Factor Scraper Started - Route: AHB-ATZ
2026-01-10 07:30:18 | INFO     | Log file: D:\CODERED\LAB\Artifacts\run_100126_at_07.29\logs\LF_AHB-ATZ_20260110_073018.log
2026-01-10 07:30:18 | INFO     | Enhanced logging: Capturing both logging.info() and print()
2026-01-10 07:30:18 | INFO     | ======================================================================
2026-01-10 07:30:18 | INFO     | Starting LF search for route: AHB-ATZ
2026-01-10 07:30:18 | ERROR    | [Worker_9225] Failed: AHB-ATZ - 'Logger' object has no attribute 'operation_start'
2026-01-10 07:30:18 | INFO     | [Worker_9225] Processing: ATZ-MED
2026-01-10 07:30:18 | INFO     |   Tier 0: Range 1, Chunk 3/3 (7 days)
