2026-01-10 07:30:18 | INFO     | ======================================================================
2026-01-10 07:30:18 | INFO     | Load Factor Scraper Started - Route: CAI-ELQ
2026-01-10 07:30:18 | INFO     | Log file: D:\CODERED\LAB\Artifacts\run_100126_at_07.29\logs\LF_CAI-ELQ_20260110_073018.log
2026-01-10 07:30:18 | INFO     | Enhanced logging: Capturing both logging.info() and print()
2026-01-10 07:30:18 | INFO     | ======================================================================
2026-01-10 07:30:18 | INFO     | ======================================================================
2026-01-10 07:30:18 | INFO     | Load Factor Scraper Started - Route: CAI-ELQ
2026-01-10 07:30:18 | INFO     | Log file: D:\CODERED\LAB\Artifacts\run_100126_at_07.29\logs\LF_CAI-ELQ_20260110_073018.log
2026-01-10 07:30:18 | INFO     | Enhanced logging: Capturing both logging.info() and print()
2026-01-10 07:30:18 | INFO     | ======================================================================
2026-01-10 07:30:18 | INFO     | Starting LF search for route: CAI-ELQ
2026-01-10 07:30:18 | ERROR    | [Worker_9223] Failed: CAI-ELQ - 'Logger' object has no attribute 'operation_start'
2026-01-10 07:30:18 | INFO     | [Worker_9223] Processing: MED-ATZ
2026-01-10 07:30:18 | INFO     |   Tier 0: Range 2, Chunk 3/3 (7 days)
2026-01-10 07:30:18 | INFO     | ======================================================================
2026-01-10 07:30:18 | INFO     | Load Factor Scraper Started - Route: CAI-ELQ
2026-01-10 07:30:18 | INFO     | Log file: D:\CODERED\LAB\Artifacts\run_100126_at_07.29\logs\LF_CAI-ELQ_20260110_073018.log
2026-01-10 07:30:18 | INFO     | Enhanced logging: Capturing both logging.info() and print()
2026-01-10 07:30:18 | INFO     | ======================================================================
2026-01-10 07:30:18 | INFO     | Starting LF search for route: CAI-ELQ
2026-01-10 07:30:18 | ERROR    | [Worker_9226] Failed: CAI-ELQ - 'Logger' object has no attribute 'operation_start'
2026-01-10 07:30:18 | INFO     | [Worker_9226] Processing: JED-ATZ
2026-01-10 07:30:18 | INFO     |   Tier 0: Range 1, Chunk 1/3 (8 days)
2026-01-10 07:30:18 | INFO     | ======================================================================
2026-01-10 07:30:18 | INFO     | Load Factor Scraper Started - Route: CAI-ELQ
2026-01-10 07:30:18 | INFO     | Log file: D:\CODERED\LAB\Artifacts\run_100126_at_07.29\logs\LF_CAI-ELQ_20260110_073018.log
2026-01-10 07:30:18 | INFO     | Enhanced logging: Capturing both logging.info() and print()
2026-01-10 07:30:18 | INFO     | ======================================================================
2026-01-10 07:30:18 | INFO     | Starting LF search for route: CAI-ELQ
2026-01-10 07:30:18 | ERROR    | [Worker_9222] Failed: CAI-ELQ - 'Logger' object has no attribute 'operation_start'
2026-01-10 07:30:18 | INFO     | [Worker_9222] Processing: JED-CAI
2026-01-10 07:30:18 | INFO     |   Tier 0: Range 1, Chunk 2/3 (7 days)
2026-01-10 07:30:18 | INFO     | ======================================================================
2026-01-10 07:30:18 | INFO     | Load Factor Scraper Started - Route: CAI-ELQ
2026-01-10 07:30:18 | INFO     | Log file: D:\CODERED\LAB\Artifacts\run_100126_at_07.29\logs\LF_CAI-ELQ_20260110_073018.log
2026-01-10 07:30:18 | INFO     | Enhanced logging: Capturing both logging.info() and print()
2026-01-10 07:30:18 | INFO     | ======================================================================
2026-01-10 07:30:18 | INFO     | Starting LF search for route: CAI-ELQ
2026-01-10 07:30:18 | ERROR    | [Worker_9225] Failed: CAI-ELQ - 'Logger' object has no attribute 'operation_start'
2026-01-10 07:30:18 | INFO     | [Worker_9225] Processing: JED-HBE
2026-01-10 07:30:18 | INFO     |   Tier 0: Range 1, Chunk 3/3 (7 days)
2026-01-10 07:30:18 | INFO     | ======================================================================
2026-01-10 07:30:18 | INFO     | Load Factor Scraper Started - Route: CAI-ELQ
2026-01-10 07:30:18 | INFO     | Log file: D:\CODERED\LAB\Artifacts\run_100126_at_07.29\logs\LF_CAI-ELQ_20260110_073018.log
2026-01-10 07:30:18 | INFO     | Enhanced logging: Capturing both logging.info() and print()
2026-01-10 07:30:18 | INFO     | ======================================================================
2026-01-10 07:30:18 | INFO     | Starting LF search for route: CAI-ELQ
2026-01-10 07:30:18 | ERROR    | [Worker_9222] Failed: CAI-ELQ - 'Logger' object has no attribute 'operation_start'
