
============================================================
     LF WORKER - PORT 9233
============================================================
Worker: Worker_9233
Status: READY
Waiting for tasks...
============================================================


============================================================
[Worker_9233] Processing: HBE-MED
  Tier 0: Range 2, Chunk 1/2
  Dates: 6 days
  Date Range: 2026-01-21 to 2026-01-16
============================================================

2025-12-28 05:25:37 | INFO     | ======================================================================
2025-12-28 05:25:37 | INFO     | Load Factor Scraper Started - Route: HBE-MED
2025-12-28 05:25:37 | INFO     | Log file: D:\CODERED\LAB\market_insights\outputs\run_generated_281225_at_05.25\logs\LF_HBE-MED_20251228_052537.log
2025-12-28 05:25:37 | INFO     | Enhanced logging: Capturing both logging.info() and print()
2025-12-28 05:25:37 | INFO     | ======================================================================
[LF] Processing dates (override): ['21JAN', '20JAN', '19JAN', '18JAN', '17JAN', '16JAN']
[LF] Attaching to Chrome for Altea access
[LF][[OK] SUCCESS] Connected to Chrome on 127.0.0.1:9233 (after 1 attempts)
[LF][[OK] SUCCESS] Found Amadeus Altea window: Altéa Reservation Desktop
[LF][[INFO] INFO] URL: https://tc212.resdesktop.altea.amadeus.com/app_ard/apf/init/login?SITE=ESMPESMP&LANGUAGE=GB&MARKETS=ARDW_PROD_WBP&ACTION=clpLogin
[LF] Processing HBE-MED for 21JAN
[LF][ERROR] Amadeus command error detected: UNKNOWN TRANSACTION
[LF][ERROR] Command: SN21JANHBEMED/ASM
[LF][RESYNC] Triggering immediate resync to last successful SN command
============================================================
[LF][RESYNC] Command 'SN21JANHBEMED/ASM' failed: TECH_ERROR:UNKNOWN TRANSACTION
[LF][RESYNC] Re-running entire day from SN command for HBE-MED 21JAN
[LF][RESYNC] Attempt 1/50 (waiting 1.0s before retry...)
============================================================
[LF][RESYNC] Sending IG to clear session state...
[LF][RESYNC] Session cleared with IG
[LF] Processing HBE-MED for 21JAN
[LF] 21JAN: found 1 direct flights
[LF] SM485 21JAN: BKG=160, GRP=138, CAP=179, LF%=89.4%, Brd-Off=HBE-MED, Classes: P:138, X:9, T:4, W:5, S:4
[LF] Getting WEEKLY/LASTSOLD data for 1 flights
[LF] SM485 21JAN: LASTSOLD=2025-12-27 00:00:00, WEEKLY=12, TODAY=0, YDAY=4
[LF] Processing HBE-MED for 20JAN
[LF] 20JAN: found 1 direct flights
[LF] SM485 20JAN: BKG=159, GRP=130, CAP=179, LF%=88.8%, Brd-Off=HBE-MED, Classes: P:130, X:9, T:3, W:6, S:5, K:6
[LF] Getting WEEKLY/LASTSOLD data for 1 flights
[LF] SM485 20JAN: LASTSOLD=2025-12-25 00:00:00, WEEKLY=11, TODAY=0, YDAY=0
[LF] Processing HBE-MED for 19JAN
[LF] No direct flights on 19JAN for HBE-MED
[LF] Processing HBE-MED for 18JAN
[LF] 18JAN: found 1 direct flights
[LF] SM485 18JAN: BKG=172, GRP=135, CAP=179, LF%=96.1%, Brd-Off=HBE-MED, Classes: P:90, E:45, T:10, W:15, S:10, G:2
[LF] Getting WEEKLY/LASTSOLD data for 1 flights
[LF] SM485 18JAN: LASTSOLD=2025-12-27 00:00:00, WEEKLY=6, TODAY=0, YDAY=4
[LF] Processing HBE-MED for 17JAN
[LF] No direct flights on 17JAN for HBE-MED
[LF] Processing HBE-MED for 16JAN
[LF] No direct flights on 16JAN for HBE-MED
[LF] Results summary:
  2026-01-21: 1 flights
  2026-01-20: 1 flights
  2026-01-19: 0 flights
  2026-01-18: 1 flights
  2026-01-17: 0 flights
  2026-01-16: 0 flights

============================================================
[Worker_9233] ✓ COMPLETED: HBE-MED
  Results: 6 dates
  Errors: 0 dates
  Total Processed: 1 groups
============================================================


============================================================
[Worker_9233] Processing: CAI-TUU
  Tier 0: Range 2, Chunk 2/2
  Dates: 5 days
  Date Range: 2026-01-15 to 2026-01-11
============================================================

2025-12-28 05:26:10 | INFO     | ======================================================================
2025-12-28 05:26:10 | INFO     | Load Factor Scraper Started - Route: CAI-TUU
2025-12-28 05:26:10 | INFO     | Log file: D:\CODERED\LAB\market_insights\outputs\run_generated_281225_at_05.25\logs\LF_CAI-TUU_20251228_052610.log
2025-12-28 05:26:10 | INFO     | Enhanced logging: Capturing both logging.info() and print()
2025-12-28 05:26:10 | INFO     | ======================================================================
[LF] Processing dates (override): ['15JAN', '14JAN', '13JAN', '12JAN', '11JAN']
[LF] Attaching to Chrome for Altea access
2025-12-28 05:26:10 | INFO     | Starting LF search for route: CAI-TUU
2025-12-28 05:26:10 | INFO     | [START] LF Search
[LF][[OK] SUCCESS] Connected to Chrome on 127.0.0.1:9233 (after 1 attempts)
2025-12-28 05:26:12 | INFO     | [HEALTH CHECK] [OK] Chrome connection is healthy
[LF][[OK] SUCCESS] Found Amadeus Altea window: Altéa Reservation Desktop
[LF][[INFO] INFO] URL: https://tc212.resdesktop.altea.amadeus.com/app_ard/apf/init/login?SITE=ESMPESMP&LANGUAGE=GB&MARKETS=ARDW_PROD_WBP&ACTION=clpLogin
2025-12-28 05:26:12 | INFO     | [DAY_START] Processing 15JAN
[LF] Processing CAI-TUU for 15JAN
2025-12-28 05:26:12 | INFO     | [lf.day.start] Processing CAI-TUU for 15JAN
[LF] 15JAN: found 1 direct flights
2025-12-28 05:26:13 | INFO     | [lf.day.flights_found] Found 1 flights on 15JAN
2025-12-28 05:26:15 | INFO     | [lf.flight.extracted] SM325 on 15JAN: BKG=27, LF=15.1%
[LF] SM325 15JAN: BKG=27, GRP=0, CAP=179, LF%=15.1%, Brd-Off=CAI-TUU, Classes: I:10, O:10, U:4, X:3
[LF] Getting WEEKLY/LASTSOLD data for 1 flights
[LF] SM325 15JAN: LASTSOLD=2025-12-27 00:00:00, WEEKLY=16, TODAY=0, YDAY=2
2025-12-28 05:26:18 | INFO     | [SUCCESS] Day 15JAN
2025-12-28 05:26:18 | INFO     | [DAY_START] Processing 14JAN
[LF] Processing CAI-TUU for 14JAN
2025-12-28 05:26:18 | INFO     | [lf.day.start] Processing CAI-TUU for 14JAN
[LF] 14JAN: found 1 direct flights
2025-12-28 05:26:19 | INFO     | [lf.day.flights_found] Found 1 flights on 14JAN
2025-12-28 05:26:21 | INFO     | [lf.flight.extracted] SM325 on 14JAN: BKG=20, LF=11.2%
[LF] SM325 14JAN: BKG=20, GRP=0, CAP=179, LF%=11.2%, Brd-Off=CAI-TUU, Classes: I:19, S:1
[LF] Getting WEEKLY/LASTSOLD data for 1 flights
[LF] SM325 14JAN: LASTSOLD=2025-12-28 00:00:00, WEEKLY=12, TODAY=6, YDAY=0
2025-12-28 05:26:25 | INFO     | [SUCCESS] Day 14JAN
2025-12-28 05:26:25 | INFO     | [DAY_START] Processing 13JAN
[LF] Processing CAI-TUU for 13JAN
2025-12-28 05:26:25 | INFO     | [lf.day.start] Processing CAI-TUU for 13JAN
[LF] No direct flights on 13JAN for CAI-TUU
2025-12-28 05:26:26 | WARNING  | [lf.day.no_flights] No direct flights on 13JAN
2025-12-28 05:26:26 | INFO     | [SUCCESS] Day 13JAN
2025-12-28 05:26:26 | INFO     | [DAY_START] Processing 12JAN
[LF] Processing CAI-TUU for 12JAN
2025-12-28 05:26:26 | INFO     | [lf.day.start] Processing CAI-TUU for 12JAN
[LF] No direct flights on 12JAN for CAI-TUU
2025-12-28 05:26:27 | WARNING  | [lf.day.no_flights] No direct flights on 12JAN
2025-12-28 05:26:28 | INFO     | [SUCCESS] Day 12JAN
2025-12-28 05:26:28 | INFO     | [DAY_START] Processing 11JAN
[LF] Processing CAI-TUU for 11JAN
2025-12-28 05:26:28 | INFO     | [lf.day.start] Processing CAI-TUU for 11JAN
[LF] No direct flights on 11JAN for CAI-TUU
2025-12-28 05:26:29 | WARNING  | [lf.day.no_flights] No direct flights on 11JAN
2025-12-28 05:26:29 | INFO     | [SUCCESS] Day 11JAN
[LF] Results summary:
  2026-01-15: 1 flights
  2026-01-14: 1 flights
  2026-01-13: 0 flights
  2026-01-12: 0 flights
  2026-01-11: 0 flights
2025-12-28 05:26:29 | INFO     | [SUCCESS] LF Search Complete

============================================================
[Worker_9233] ✓ COMPLETED: CAI-TUU
  Results: 5 dates
  Errors: 0 dates
  Total Processed: 2 groups
============================================================

2025-12-28 05:26:31 | INFO     | [Worker_9233] Completed: CAI-TUU - 5 results, 0 errors

============================================================
[Worker_9233] Processing: JED-ATZ
  Tier 0: Range 1, Chunk 1/2
  Dates: 7 days
  Date Range: 2026-01-10 to 2026-01-04
============================================================

2025-12-28 05:26:31 | INFO     | [Worker_9233] Processing: JED-ATZ
2025-12-28 05:26:31 | INFO     |   Tier 0: Range 1, Chunk 1/2 (7 days)
2025-12-28 05:26:31 | INFO     | ======================================================================
2025-12-28 05:26:31 | INFO     | Load Factor Scraper Started - Route: JED-ATZ
2025-12-28 05:26:31 | INFO     | Log file: D:\CODERED\LAB\market_insights\outputs\run_generated_281225_at_05.25\logs\LF_JED-ATZ_20251228_052631.log
2025-12-28 05:26:31 | INFO     | Enhanced logging: Capturing both logging.info() and print()
2025-12-28 05:26:31 | INFO     | ======================================================================
[LF] Processing dates (override): ['10JAN', '09JAN', '08JAN', '07JAN', '06JAN', '05JAN', '04JAN']
[LF] Attaching to Chrome for Altea access
2025-12-28 05:26:31 | INFO     | Starting LF search for route: JED-ATZ
2025-12-28 05:26:31 | INFO     | [START] LF Search
[LF][[OK] SUCCESS] Connected to Chrome on 127.0.0.1:9233 (after 1 attempts)
2025-12-28 05:26:32 | INFO     | [HEALTH CHECK] [OK] Chrome connection is healthy
[LF][[OK] SUCCESS] Found Amadeus Altea window: Altéa Reservation Desktop
[LF][[INFO] INFO] URL: https://tc212.resdesktop.altea.amadeus.com/app_ard/apf/init/login?SITE=ESMPESMP&LANGUAGE=GB&MARKETS=ARDW_PROD_WBP&ACTION=clpLogin
2025-12-28 05:26:32 | INFO     | [DAY_START] Processing 10JAN
[LF] Processing JED-ATZ for 10JAN
2025-12-28 05:26:32 | INFO     | [lf.day.start] Processing JED-ATZ for 10JAN
[LF] 10JAN: found 3 direct flights
2025-12-28 05:26:33 | INFO     | [lf.day.flights_found] Found 3 flights on 10JAN
2025-12-28 05:26:35 | INFO     | [lf.flight.extracted] SM492 on 10JAN: BKG=152, LF=91.0%
[LF] SM492 10JAN: BKG=152, GRP=139, CAP=167, LF%=91.0%, Brd-Off=JED-ATZ, Classes: P:139, I:4, O:2, U:3, S:4
2025-12-28 05:26:39 | INFO     | [lf.flight.extracted] SM454 on 10JAN: BKG=154, LF=92.2%
[LF] SM454 10JAN: BKG=154, GRP=139, CAP=167, LF%=92.2%, Brd-Off=JED-ATZ, Classes: P:139, I:4, O:2, U:3, X:5, W:1
2025-12-28 05:26:42 | INFO     | [lf.flight.extracted] SM456 on 10JAN: BKG=161, LF=96.4%
[LF] SM456 10JAN: BKG=161, GRP=142, CAP=167, LF%=96.4%, Brd-Off=JED-ATZ, Classes: P:142, I:4, O:2, U:3, X:5, S:2, V:1, K:2
[LF] Getting WEEKLY/LASTSOLD data for 3 flights
[LF] SM492 10JAN: LASTSOLD=2025-12-25 00:00:00, WEEKLY=52, TODAY=0, YDAY=0
[LF] SM454 10JAN: LASTSOLD=2025-12-23 00:00:00, WEEKLY=52, TODAY=0, YDAY=0
[LF] SM456 10JAN: LASTSOLD=2025-12-23 00:00:00, WEEKLY=5, TODAY=0, YDAY=0
2025-12-28 05:26:58 | INFO     | [SUCCESS] Day 10JAN
2025-12-28 05:26:58 | INFO     | [DAY_START] Processing 09JAN
[LF] Processing JED-ATZ for 09JAN
2025-12-28 05:26:58 | INFO     | [lf.day.start] Processing JED-ATZ for 09JAN
[LF] 09JAN: found 1 direct flights
2025-12-28 05:26:59 | INFO     | [lf.day.flights_found] Found 1 flights on 09JAN
2025-12-28 05:27:01 | INFO     | [lf.flight.extracted] SM492 on 09JAN: BKG=43, LF=25.8%
[LF] SM492 09JAN: BKG=43, GRP=2, CAP=167, LF%=25.8%, Brd-Off=JED-ATZ, Classes: E:2, I:4, O:2, U:3, X:5, T:14, W:10, S:1, V:1, K:1
[LF] Getting WEEKLY/LASTSOLD data for 1 flights
[LF] SM492 09JAN: LASTSOLD=2025-12-27 00:00:00, WEEKLY=23, TODAY=0, YDAY=1
2025-12-28 05:27:04 | INFO     | [SUCCESS] Day 09JAN
2025-12-28 05:27:04 | INFO     | [DAY_START] Processing 08JAN
[LF] Processing JED-ATZ for 08JAN
2025-12-28 05:27:04 | INFO     | [lf.day.start] Processing JED-ATZ for 08JAN
[LF] 08JAN: 1 cancelled flight(s) detected from SN
[LF] 08JAN: found 3 direct flights
2025-12-28 05:27:05 | INFO     | [lf.day.flights_found] Found 3 flights on 08JAN
2025-12-28 05:27:07 | INFO     | [lf.flight.extracted] SM422 on 08JAN: BKG=167, LF=100.0%
[LF] SM422 08JAN: BKG=167, GRP=139, CAP=167, LF%=100.0%, Brd-Off=JED-ATZ, Classes: P:135, E:4, I:10, O:9, U:3, X:1, W:2, S:3
2025-12-28 05:27:11 | INFO     | [lf.flight.extracted] SM454 on 08JAN: BKG=142, LF=85.0%
[LF] SM454 08JAN: BKG=142, GRP=86, CAP=167, LF%=85.0%, Brd-Off=JED-ATZ, Classes: P:86, I:4, O:2, U:3, X:8, T:23, W:2, S:13, K:1
2025-12-28 05:27:14 | INFO     | [lf.flight.extracted] SM456 on 08JAN: BKG=179, LF=107.2%
[LF] SM456 08JAN: BKG=179, GRP=171, CAP=167, LF%=107.2%, Brd-Off=JED-ATZ, Classes: P:171, I:4, O:1, U:3
[LF] Getting WEEKLY/LASTSOLD data for 3 flights
[LF] SM422 08JAN: LASTSOLD=2025-12-17 00:00:00, WEEKLY=0, TODAY=0, YDAY=0
[LF] SM454 08JAN: LASTSOLD=2025-12-27 00:00:00, WEEKLY=22, TODAY=0, YDAY=5
[LF] SM456 08JAN: LASTSOLD=2025-12-24 00:00:00, WEEKLY=3, TODAY=0, YDAY=0
2025-12-28 05:27:29 | INFO     | [SUCCESS] Day 08JAN
2025-12-28 05:27:29 | INFO     | [DAY_START] Processing 07JAN
[LF] Processing JED-ATZ for 07JAN
2025-12-28 05:27:29 | INFO     | [lf.day.start] Processing JED-ATZ for 07JAN
[LF] 07JAN: found 2 direct flights
2025-12-28 05:27:30 | INFO     | [lf.day.flights_found] Found 2 flights on 07JAN
2025-12-28 05:27:32 | INFO     | [lf.flight.extracted] SM454 on 07JAN: BKG=174, LF=97.8%
[LF] SM454 07JAN: BKG=174, GRP=173, CAP=178, LF%=97.8%, Brd-Off=JED-ATZ, Classes: P:173, S:1
2025-12-28 05:27:35 | INFO     | [lf.flight.extracted] SM492 on 07JAN: BKG=183, LF=109.6%
[LF] SM492 07JAN: BKG=183, GRP=179, CAP=167, LF%=109.6%, Brd-Off=JED-ATZ, Classes: P:134, E:45, I:3, O:1
[LF] Getting WEEKLY/LASTSOLD data for 2 flights
[LF] SM454 07JAN: LASTSOLD=2025-12-26 00:00:00, WEEKLY=3, TODAY=0, YDAY=0
[LF] SM492 07JAN: LASTSOLD=2025-12-14 00:00:00, WEEKLY=0, TODAY=0, YDAY=0
2025-12-28 05:27:46 | INFO     | [SUCCESS] Day 07JAN
2025-12-28 05:27:46 | INFO     | [DAY_START] Processing 06JAN
[LF] Processing JED-ATZ for 06JAN
2025-12-28 05:27:46 | INFO     | [lf.day.start] Processing JED-ATZ for 06JAN
[LF] 06JAN: found 2 direct flights
2025-12-28 05:27:47 | INFO     | [lf.day.flights_found] Found 2 flights on 06JAN
2025-12-28 05:27:49 | INFO     | [lf.flight.extracted] SM454 on 06JAN: BKG=178, LF=106.6%
[LF] SM454 06JAN: BKG=178, GRP=177, CAP=167, LF%=106.6%, Brd-Off=JED-ATZ, Classes: P:177, I:1
2025-12-28 05:27:52 | INFO     | [lf.flight.extracted] SM456 on 06JAN: BKG=180, LF=107.8%
[LF] SM456 06JAN: BKG=180, GRP=180, CAP=167, LF%=107.8%, Brd-Off=JED-ATZ, Classes: P:180
[LF] Getting WEEKLY/LASTSOLD data for 2 flights
[LF] SM454 06JAN: LASTSOLD=2025-11-19 00:00:00, WEEKLY=0, TODAY=0, YDAY=0
[LF] SM456 06JAN: LASTSOLD=2025-11-12 00:00:00, WEEKLY=0, TODAY=0, YDAY=0
2025-12-28 05:28:02 | INFO     | [SUCCESS] Day 06JAN
2025-12-28 05:28:02 | INFO     | [DAY_START] Processing 05JAN
[LF] Processing JED-ATZ for 05JAN
2025-12-28 05:28:02 | INFO     | [lf.day.start] Processing JED-ATZ for 05JAN
[LF] 05JAN: found 4 direct flights
2025-12-28 05:28:03 | INFO     | [lf.day.flights_found] Found 4 flights on 05JAN
2025-12-28 05:28:08 | INFO     | [lf.flight.extracted] SM492 on 05JAN: BKG=92, LF=55.1%
[LF] SM492 05JAN: BKG=92, GRP=71, CAP=167, LF%=55.1%, Brd-Off=JED-ATZ, Classes: P:69, E:2, I:4, O:2, U:3, X:1, W:9, S:1, K:1
2025-12-28 05:28:11 | INFO     | [lf.flight.extracted] SM456 on 05JAN: BKG=121, LF=72.5%
[LF] SM456 05JAN: BKG=121, GRP=92, CAP=167, LF%=72.5%, Brd-Off=JED-ATZ, Classes: P:48, E:45, I:4, O:2, U:3, X:7, T:1, W:9, S:1, G:1
2025-12-28 05:28:15 | INFO     | [lf.flight.extracted] SM422 on 05JAN: BKG=171, LF=102.4%
[LF] SM422 05JAN: BKG=171, GRP=159, CAP=167, LF%=102.4%, Brd-Off=JED-ATZ, Classes: P:112, E:47, I:4, O:2, U:3, X:2, S:1
2025-12-28 05:28:18 | INFO     | [lf.flight.extracted] SM454 on 05JAN: BKG=170, LF=101.8%
[LF] SM454 05JAN: BKG=170, GRP=152, CAP=167, LF%=101.8%, Brd-Off=JED-ATZ, Classes: P:63, E:89, I:8, O:1, X:5, W:1, K:3
[LF] Getting WEEKLY/LASTSOLD data for 4 flights
[LF] SM492 05JAN: LASTSOLD=2025-12-27 00:00:00, WEEKLY=11, TODAY=0, YDAY=2
[LF] SM456 05JAN: LASTSOLD=2025-12-26 00:00:00, WEEKLY=4, TODAY=0, YDAY=0
[LF] SM422 05JAN: LASTSOLD=2025-12-17 00:00:00, WEEKLY=0, TODAY=0, YDAY=0
[LF] SM454 05JAN: LASTSOLD=2025-12-14 00:00:00, WEEKLY=0, TODAY=0, YDAY=0
2025-12-28 05:28:37 | INFO     | [SUCCESS] Day 05JAN
2025-12-28 05:28:37 | INFO     | [DAY_START] Processing 04JAN
[LF] Processing JED-ATZ for 04JAN
2025-12-28 05:28:37 | INFO     | [lf.day.start] Processing JED-ATZ for 04JAN
[LF] 04JAN: found 2 direct flights
2025-12-28 05:28:37 | INFO     | [lf.day.flights_found] Found 2 flights on 04JAN
2025-12-28 05:28:39 | INFO     | [lf.flight.extracted] SM492 on 04JAN: BKG=175, LF=104.8%
[LF] SM492 04JAN: BKG=175, GRP=175, CAP=167, LF%=104.8%, Brd-Off=JED-ATZ, Classes: P:175
2025-12-28 05:28:43 | INFO     | [lf.flight.extracted] SM456 on 04JAN: BKG=121, LF=72.5%
[LF] SM456 04JAN: BKG=121, GRP=92, CAP=167, LF%=72.5%, Brd-Off=JED-ATZ, Classes: P:92, I:4, O:2, U:6, X:4, W:9, S:3, K:1
[LF] Getting WEEKLY/LASTSOLD data for 2 flights
[LF] SM492 04JAN: LASTSOLD=2025-12-20 00:00:00, WEEKLY=0, TODAY=0, YDAY=0
[LF] SM456 04JAN: LASTSOLD=2025-12-27 00:00:00, WEEKLY=15, TODAY=0, YDAY=2
2025-12-28 05:28:52 | INFO     | [SUCCESS] Day 04JAN
[LF] Results summary:
  2026-01-10: 3 flights
  2026-01-09: 1 flights
  2026-01-08: 3 flights
  2026-01-07: 2 flights
  2026-01-06: 2 flights
  2026-01-05: 4 flights
  2026-01-04: 2 flights
[LF] Cancelled flights found: 1
  - SM492 08JAN (SN)
2025-12-28 05:28:52 | INFO     | [SUCCESS] LF Search Complete
[Worker_9233] Cancelled flights collected: 1

============================================================
[Worker_9233] ✓ COMPLETED: JED-ATZ
  Results: 7 dates
  Errors: 0 dates
  Total Processed: 3 groups
============================================================

2025-12-28 05:28:54 | INFO     | [Worker_9233] Completed: JED-ATZ - 7 results, 0 errors
[Worker_9233] Waiting for tasks...

============================================================
[Worker_9233] Shutdown signal received
Exiting...
============================================================
2025-12-28 05:29:54 | INFO     | [Worker_9233] Shutdown signal received, exiting...

============================================================
[Worker_9233] FINISHED
  Total Groups Processed: 3
============================================================

2025-12-28 05:29:54 | INFO     | [Worker_9233] Finished. Processed 3 groups.
