
============================================================
     LF WORKER - PORT 9234
============================================================
Worker: Worker_9234
Status: READY
Waiting for tasks...
============================================================


============================================================
[Worker_9234] Processing: JED-ATZ
  Tier 0: Range 2, Chunk 2/2
  Dates: 5 days
  Date Range: 2026-01-15 to 2026-01-11
============================================================

2025-12-28 05:25:37 | INFO     | ======================================================================
2025-12-28 05:25:37 | INFO     | Load Factor Scraper Started - Route: JED-ATZ
2025-12-28 05:25:37 | INFO     | Log file: D:\CODERED\LAB\market_insights\outputs\run_generated_281225_at_05.25\logs\LF_JED-ATZ_20251228_052537.log
2025-12-28 05:25:37 | INFO     | Enhanced logging: Capturing both logging.info() and print()
2025-12-28 05:25:37 | INFO     | ======================================================================
[LF] Processing dates (override): ['15JAN', '14JAN', '13JAN', '12JAN', '11JAN']
[LF] Attaching to Chrome for Altea access
[LF][[OK] SUCCESS] Connected to Chrome on 127.0.0.1:9234 (after 1 attempts)
[LF][[OK] SUCCESS] Found Amadeus Altea window: Altéa Reservation Desktop
[LF][[INFO] INFO] URL: https://tc212.resdesktop.altea.amadeus.com/app_ard/apf/init/login?SITE=ESMPESMP&LANGUAGE=GB&MARKETS=ARDW_PROD_WBP&ACTION=clpLogin
[LF] Processing JED-ATZ for 15JAN
[LF][ERROR] Amadeus command error detected: UNKNOWN TRANSACTION
[LF][ERROR] Command: SN15JANJEDATZ/ASM
[LF][RESYNC] Triggering immediate resync to last successful SN command
============================================================
[LF][RESYNC] Command 'SN15JANJEDATZ/ASM' failed: TECH_ERROR:UNKNOWN TRANSACTION
[LF][RESYNC] Re-running entire day from SN command for JED-ATZ 15JAN
[LF][RESYNC] Attempt 1/50 (waiting 1.0s before retry...)
============================================================
[LF][RESYNC] Sending IG to clear session state...
[LF][RESYNC] Session cleared with IG
[LF] Processing JED-ATZ for 15JAN
[LF] 15JAN: found 3 direct flights
[LF][ERROR] Amadeus command error detected: REQUESTED DISPLAY NOT AVAILABLE
[LF][ERROR] Command: M
[LF][RESYNC] Triggering immediate resync to last successful SN command
============================================================
[LF][RESYNC] Command 'M' failed: TECH_ERROR:REQUESTED DISPLAY NOT AVAILABLE
[LF][RESYNC] Re-running entire day from SN command for JED-ATZ 15JAN
[LF][RESYNC] Attempt 2/50 (waiting 1.0s before retry...)
============================================================
[LF][RESYNC] Sending IG to clear session state...
[LF][RESYNC] Session cleared with IG
[LF] Processing JED-ATZ for 15JAN
[LF] 15JAN: found 3 direct flights
[LF] SM422 15JAN: BKG=151, GRP=130, CAP=167, LF%=90.4%, Brd-Off=JED-ATZ, Classes: P:130, I:20, K:1
[LF] SM454 15JAN: BKG=149, GRP=135, CAP=167, LF%=89.2%, Brd-Off=JED-ATZ, Classes: P:135, I:4, O:2, U:3, S:2, V:2, K:1
[LF] SM456 15JAN: BKG=144, GRP=135, CAP=167, LF%=86.2%, Brd-Off=JED-ATZ, Classes: P:135, I:4, O:2, U:1, S:2
[LF] Getting WEEKLY/LASTSOLD data for 3 flights
[LF] SM422 15JAN: LASTSOLD=2025-12-16 00:00:00, WEEKLY=0, TODAY=0, YDAY=0
[LF] SM454 15JAN: LASTSOLD=2025-12-22 00:00:00, WEEKLY=1, TODAY=0, YDAY=0
[LF] SM456 15JAN: LASTSOLD=2025-12-14 00:00:00, WEEKLY=0, TODAY=0, YDAY=0
[LF] Processing JED-ATZ for 14JAN
[LF] 14JAN: found 2 direct flights
[LF] SM454 14JAN: BKG=178, GRP=171, CAP=167, LF%=106.6%, Brd-Off=JED-ATZ, Classes: P:135, E:36, I:4, O:2, U:1
[LF] SM492 14JAN: BKG=130, GRP=90, CAP=167, LF%=77.8%, Brd-Off=JED-ATZ, Classes: P:90, I:18, O:18, U:3, W:1
[LF] Getting WEEKLY/LASTSOLD data for 2 flights
[LF] SM454 14JAN: LASTSOLD=2025-12-21 00:00:00, WEEKLY=1, TODAY=0, YDAY=0
[LF] SM492 14JAN: LASTSOLD=2025-12-27 00:00:00, WEEKLY=34, TODAY=0, YDAY=11
[LF] Processing JED-ATZ for 13JAN
[LF] 13JAN: found 2 direct flights
[LF] SM454 13JAN: BKG=173, GRP=169, CAP=167, LF%=103.6%, Brd-Off=JED-ATZ, Classes: P:169, I:2, W:1, S:1
[LF] SM456 13JAN: BKG=137, GRP=127, CAP=167, LF%=82.0%, Brd-Off=JED-ATZ, Classes: P:81, E:46, I:4, O:2, U:3, G:1
[LF] Getting WEEKLY/LASTSOLD data for 2 flights
[LF] SM454 13JAN: LASTSOLD=2025-12-07 00:00:00, WEEKLY=0, TODAY=0, YDAY=0
[LF] SM456 13JAN: LASTSOLD=2025-12-10 00:00:00, WEEKLY=0, TODAY=0, YDAY=0
[LF] Processing JED-ATZ for 12JAN
[LF] 12JAN: found 3 direct flights
[LF] SM456 12JAN: BKG=138, GRP=129, CAP=167, LF%=82.6%, Brd-Off=JED-ATZ, Classes: P:129, I:4, O:2, U:3
[LF] SM492 12JAN: BKG=112, GRP=94, CAP=167, LF%=67.1%, Brd-Off=JED-ATZ, Classes: P:45, E:49, I:4, O:2, U:3, X:1, W:8
[LF] SM454 12JAN: BKG=144, GRP=135, CAP=167, LF%=86.2%, Brd-Off=JED-ATZ, Classes: P:94, E:41, I:4, O:2, U:3
[LF] Getting WEEKLY/LASTSOLD data for 3 flights
[LF] SM456 12JAN: LASTSOLD=2025-12-16 00:00:00, WEEKLY=0, TODAY=0, YDAY=0
[LF] SM492 12JAN: LASTSOLD=2025-12-24 00:00:00, WEEKLY=8, TODAY=0, YDAY=0
[LF] SM454 12JAN: LASTSOLD=2025-12-25 00:00:00, WEEKLY=5, TODAY=0, YDAY=0
[LF] Processing JED-ATZ for 11JAN
[LF] 11JAN: found 2 direct flights
[LF] SM492 11JAN: BKG=179, GRP=179, CAP=167, LF%=107.2%, Brd-Off=JED-ATZ, Classes: P:179
[LF] SM456 11JAN: BKG=156, GRP=141, CAP=167, LF%=93.4%, Brd-Off=JED-ATZ, Classes: P:141, I:4, O:2, U:3, X:1, V:4, K:1
[LF] Getting WEEKLY/LASTSOLD data for 2 flights
[LF] SM492 11JAN: LASTSOLD=2025-11-23 00:00:00, WEEKLY=0, TODAY=0, YDAY=0
[LF] SM456 11JAN: LASTSOLD=2025-12-24 00:00:00, WEEKLY=6, TODAY=0, YDAY=0
[LF] Results summary:
  2026-01-15: 3 flights
  2026-01-14: 2 flights
  2026-01-13: 2 flights
  2026-01-12: 3 flights
  2026-01-11: 2 flights

============================================================
[Worker_9234] ✓ COMPLETED: JED-ATZ
  Results: 5 dates
  Errors: 0 dates
  Total Processed: 1 groups
============================================================


============================================================
[Worker_9234] Processing: CAI-TUU
  Tier 0: Range 1, Chunk 1/2
  Dates: 7 days
  Date Range: 2026-01-10 to 2026-01-04
============================================================

2025-12-28 05:27:14 | INFO     | ======================================================================
2025-12-28 05:27:14 | INFO     | Load Factor Scraper Started - Route: CAI-TUU
2025-12-28 05:27:14 | INFO     | Log file: D:\CODERED\LAB\market_insights\outputs\run_generated_281225_at_05.25\logs\LF_CAI-TUU_20251228_052714.log
2025-12-28 05:27:14 | INFO     | Enhanced logging: Capturing both logging.info() and print()
2025-12-28 05:27:14 | INFO     | ======================================================================
[LF] Processing dates (override): ['10JAN', '09JAN', '08JAN', '07JAN', '06JAN', '05JAN', '04JAN']
[LF] Attaching to Chrome for Altea access
2025-12-28 05:27:14 | INFO     | Starting LF search for route: CAI-TUU
2025-12-28 05:27:14 | INFO     | [START] LF Search
[LF][[OK] SUCCESS] Connected to Chrome on 127.0.0.1:9234 (after 1 attempts)
2025-12-28 05:27:15 | INFO     | [HEALTH CHECK] [OK] Chrome connection is healthy
[LF][[OK] SUCCESS] Found Amadeus Altea window: Altéa Reservation Desktop
[LF][[INFO] INFO] URL: https://tc212.resdesktop.altea.amadeus.com/app_ard/apf/init/login?SITE=ESMPESMP&LANGUAGE=GB&MARKETS=ARDW_PROD_WBP&ACTION=clpLogin
2025-12-28 05:27:15 | INFO     | [DAY_START] Processing 10JAN
[LF] Processing CAI-TUU for 10JAN
2025-12-28 05:27:15 | INFO     | [lf.day.start] Processing CAI-TUU for 10JAN
[LF] 10JAN: found 1 direct flights
2025-12-28 05:27:16 | INFO     | [lf.day.flights_found] Found 1 flights on 10JAN
2025-12-28 05:27:18 | INFO     | [lf.flight.extracted] SM325 on 10JAN: BKG=36, LF=20.1%
[LF] SM325 10JAN: BKG=36, GRP=0, CAP=179, LF%=20.1%, Brd-Off=CAI-TUU, Classes: I:27, O:9
[LF] Getting WEEKLY/LASTSOLD data for 1 flights
[LF] SM325 10JAN: LASTSOLD=2025-12-27 00:00:00, WEEKLY=16, TODAY=0, YDAY=1
2025-12-28 05:27:21 | INFO     | [SUCCESS] Day 10JAN
2025-12-28 05:27:21 | INFO     | [DAY_START] Processing 09JAN
[LF] Processing CAI-TUU for 09JAN
2025-12-28 05:27:21 | INFO     | [lf.day.start] Processing CAI-TUU for 09JAN
[LF] No direct flights on 09JAN for CAI-TUU
2025-12-28 05:27:22 | WARNING  | [lf.day.no_flights] No direct flights on 09JAN
2025-12-28 05:27:23 | INFO     | [SUCCESS] Day 09JAN
2025-12-28 05:27:23 | INFO     | [DAY_START] Processing 08JAN
[LF] Processing CAI-TUU for 08JAN
2025-12-28 05:27:23 | INFO     | [lf.day.start] Processing CAI-TUU for 08JAN
[LF] 08JAN: found 1 direct flights
2025-12-28 05:27:23 | INFO     | [lf.day.flights_found] Found 1 flights on 08JAN
2025-12-28 05:27:25 | INFO     | [lf.flight.extracted] SM325 on 08JAN: BKG=23, LF=12.8%
[LF] SM325 08JAN: BKG=23, GRP=0, CAP=179, LF%=12.8%, Brd-Off=CAI-TUU, Classes: I:21, O:2
[LF] Getting WEEKLY/LASTSOLD data for 1 flights
[LF] SM325 08JAN: LASTSOLD=2025-12-27 00:00:00, WEEKLY=11, TODAY=0, YDAY=2
2025-12-28 05:27:29 | INFO     | [SUCCESS] Day 08JAN
2025-12-28 05:27:29 | INFO     | [DAY_START] Processing 07JAN
[LF] Processing CAI-TUU for 07JAN
2025-12-28 05:27:29 | INFO     | [lf.day.start] Processing CAI-TUU for 07JAN
[LF] 07JAN: found 1 direct flights
2025-12-28 05:27:30 | INFO     | [lf.day.flights_found] Found 1 flights on 07JAN
[LF][[SYNC] RETRYING] Cannot focus on command line
[LF][[INFO] INFO] Will try 50 times before pausing...
2025-12-28 05:27:33 | INFO     | [lf.flight.extracted] SM325 on 07JAN: BKG=17, LF=9.5%
[LF] SM325 07JAN: BKG=17, GRP=0, CAP=179, LF%=9.5%, Brd-Off=CAI-TUU, Classes: I:15, T:2
[LF] Getting WEEKLY/LASTSOLD data for 1 flights
[LF] SM325 07JAN: LASTSOLD=2025-12-27 00:00:00, WEEKLY=6, TODAY=0, YDAY=1
2025-12-28 05:27:35 | INFO     | [SUCCESS] Day 07JAN
2025-12-28 05:27:35 | INFO     | [DAY_START] Processing 06JAN
[LF] Processing CAI-TUU for 06JAN
2025-12-28 05:27:35 | INFO     | [lf.day.start] Processing CAI-TUU for 06JAN
[LF] No direct flights on 06JAN for CAI-TUU
2025-12-28 05:27:36 | WARNING  | [lf.day.no_flights] No direct flights on 06JAN
2025-12-28 05:27:36 | INFO     | [SUCCESS] Day 06JAN
2025-12-28 05:27:36 | INFO     | [DAY_START] Processing 05JAN
[LF] Processing CAI-TUU for 05JAN
2025-12-28 05:27:36 | INFO     | [lf.day.start] Processing CAI-TUU for 05JAN
[LF] No direct flights on 05JAN for CAI-TUU
2025-12-28 05:27:37 | WARNING  | [lf.day.no_flights] No direct flights on 05JAN
2025-12-28 05:27:37 | INFO     | [SUCCESS] Day 05JAN
2025-12-28 05:27:37 | INFO     | [DAY_START] Processing 04JAN
[LF] Processing CAI-TUU for 04JAN
2025-12-28 05:27:37 | INFO     | [lf.day.start] Processing CAI-TUU for 04JAN
[LF] No direct flights on 04JAN for CAI-TUU
2025-12-28 05:27:39 | WARNING  | [lf.day.no_flights] No direct flights on 04JAN
2025-12-28 05:27:39 | INFO     | [SUCCESS] Day 04JAN
[LF] Results summary:
  2026-01-10: 1 flights
  2026-01-09: 0 flights
  2026-01-08: 1 flights
  2026-01-07: 1 flights
  2026-01-06: 0 flights
  2026-01-05: 0 flights
  2026-01-04: 0 flights
2025-12-28 05:27:39 | INFO     | [SUCCESS] LF Search Complete

============================================================
[Worker_9234] ✓ COMPLETED: CAI-TUU
  Results: 7 dates
  Errors: 0 dates
  Total Processed: 2 groups
============================================================

2025-12-28 05:27:41 | INFO     | [Worker_9234] Completed: CAI-TUU - 7 results, 0 errors

============================================================
[Worker_9234] Processing: MED-HBE
  Tier 0: Range 1, Chunk 2/2
  Dates: 7 days
  Date Range: 2026-01-03 to 2025-12-28
============================================================

2025-12-28 05:27:41 | INFO     | [Worker_9234] Processing: MED-HBE
2025-12-28 05:27:41 | INFO     |   Tier 0: Range 1, Chunk 2/2 (7 days)
2025-12-28 05:27:41 | INFO     | ======================================================================
2025-12-28 05:27:41 | INFO     | Load Factor Scraper Started - Route: MED-HBE
2025-12-28 05:27:41 | INFO     | Log file: D:\CODERED\LAB\market_insights\outputs\run_generated_281225_at_05.25\logs\LF_MED-HBE_20251228_052741.log
2025-12-28 05:27:41 | INFO     | Enhanced logging: Capturing both logging.info() and print()
2025-12-28 05:27:41 | INFO     | ======================================================================
[LF] Processing dates (override): ['03JAN', '02JAN', '01JAN', '31DEC', '30DEC', '29DEC', '28DEC']
[LF] Attaching to Chrome for Altea access
2025-12-28 05:27:41 | INFO     | Starting LF search for route: MED-HBE
2025-12-28 05:27:41 | INFO     | [START] LF Search
[LF][[OK] SUCCESS] Connected to Chrome on 127.0.0.1:9234 (after 1 attempts)
2025-12-28 05:27:42 | INFO     | [HEALTH CHECK] [OK] Chrome connection is healthy
[LF][[OK] SUCCESS] Found Amadeus Altea window: Altéa Reservation Desktop
[LF][[INFO] INFO] URL: https://tc212.resdesktop.altea.amadeus.com/app_ard/apf/init/login?SITE=ESMPESMP&LANGUAGE=GB&MARKETS=ARDW_PROD_WBP&ACTION=clpLogin
2025-12-28 05:27:42 | INFO     | [DAY_START] Processing 03JAN
[LF] Processing MED-HBE for 03JAN
2025-12-28 05:27:42 | INFO     | [lf.day.start] Processing MED-HBE for 03JAN
[LF] No direct flights on 03JAN for MED-HBE
2025-12-28 05:27:43 | WARNING  | [lf.day.no_flights] No direct flights on 03JAN
2025-12-28 05:27:43 | INFO     | [SUCCESS] Day 03JAN
2025-12-28 05:27:43 | INFO     | [DAY_START] Processing 02JAN
[LF] Processing MED-HBE for 02JAN
2025-12-28 05:27:43 | INFO     | [lf.day.start] Processing MED-HBE for 02JAN
[LF] No direct flights on 02JAN for MED-HBE
2025-12-28 05:27:44 | WARNING  | [lf.day.no_flights] No direct flights on 02JAN
2025-12-28 05:27:44 | INFO     | [SUCCESS] Day 02JAN
2025-12-28 05:27:44 | INFO     | [DAY_START] Processing 01JAN
[LF] Processing MED-HBE for 01JAN
2025-12-28 05:27:44 | INFO     | [lf.day.start] Processing MED-HBE for 01JAN
[LF] 01JAN: found 1 direct flights
2025-12-28 05:27:45 | INFO     | [lf.day.flights_found] Found 1 flights on 01JAN
2025-12-28 05:27:47 | INFO     | [lf.flight.extracted] SM486 on 01JAN: BKG=123, LF=73.7%
[LF] SM486 01JAN: BKG=123, GRP=86, CAP=167, LF%=73.7%, Brd-Off=MED-HBE, Classes: N:1, P:86, U:5, X:10, T:7, S:14
[LF] Getting WEEKLY/LASTSOLD data for 1 flights
[LF] SM486 01JAN: LASTSOLD=2025-12-27 00:00:00, WEEKLY=20, TODAY=0, YDAY=8
2025-12-28 05:27:52 | INFO     | [SUCCESS] Day 01JAN
2025-12-28 05:27:52 | INFO     | [DAY_START] Processing 31DEC
[LF] Processing MED-HBE for 31DEC
2025-12-28 05:27:52 | INFO     | [lf.day.start] Processing MED-HBE for 31DEC
[LF] 31DEC: found 1 direct flights
2025-12-28 05:27:53 | INFO     | [lf.day.flights_found] Found 1 flights on 31DEC
2025-12-28 05:27:55 | INFO     | [lf.flight.extracted] SM486 on 31DEC: BKG=155, LF=87.1%
[LF] SM486 31DEC: BKG=155, GRP=123, CAP=178, LF%=87.1%, Brd-Off=MED-HBE, Classes: P:123, I:10, U:2, X:18, T:2
[LF] Getting WEEKLY/LASTSOLD data for 1 flights
[LF] SM486 31DEC: LASTSOLD=2025-12-27 00:00:00, WEEKLY=7, TODAY=0, YDAY=2
2025-12-28 05:28:01 | INFO     | [SUCCESS] Day 31DEC
2025-12-28 05:28:01 | INFO     | [DAY_START] Processing 30DEC
[LF] Processing MED-HBE for 30DEC
2025-12-28 05:28:01 | INFO     | [lf.day.start] Processing MED-HBE for 30DEC
[LF] 30DEC: found 1 direct flights
2025-12-28 05:28:02 | INFO     | [lf.day.flights_found] Found 1 flights on 30DEC
2025-12-28 05:28:03 | INFO     | [lf.flight.extracted] SM486 on 30DEC: BKG=168, LF=94.4%
[LF] SM486 30DEC: BKG=168, GRP=137, CAP=178, LF%=94.4%, Brd-Off=MED-HBE, Classes: P:92, E:45, X:10, T:10, W:6, S:3, V:2
[LF] Getting WEEKLY/LASTSOLD data for 1 flights
[LF] SM486 30DEC: LASTSOLD=2025-12-24 00:00:00, WEEKLY=3, TODAY=0, YDAY=0
2025-12-28 05:28:09 | INFO     | [SUCCESS] Day 30DEC
2025-12-28 05:28:09 | INFO     | [DAY_START] Processing 29DEC
[LF] Processing MED-HBE for 29DEC
2025-12-28 05:28:09 | INFO     | [lf.day.start] Processing MED-HBE for 29DEC
[LF] No direct flights on 29DEC for MED-HBE
2025-12-28 05:28:10 | WARNING  | [lf.day.no_flights] No direct flights on 29DEC
2025-12-28 05:28:10 | INFO     | [SUCCESS] Day 29DEC
[LF] Skipping 28DEC (Today) - will be processed by supplement scan
[LF] Results summary:
  2026-01-03: 0 flights
  2026-01-02: 0 flights
  2026-01-01: 1 flights
  2025-12-31: 1 flights
  2025-12-30: 1 flights
  2025-12-29: 0 flights
2025-12-28 05:28:10 | INFO     | [SUCCESS] LF Search Complete

============================================================
[Worker_9234] ✓ COMPLETED: MED-HBE
  Results: 6 dates
  Errors: 0 dates
  Total Processed: 3 groups
============================================================

2025-12-28 05:28:12 | INFO     | [Worker_9234] Completed: MED-HBE - 6 results, 0 errors

============================================================
[Worker_9234] Processing: HBE-MED
  Tier 0: Range 1, Chunk 2/2
  Dates: 7 days
  Date Range: 2026-01-03 to 2025-12-28
============================================================

2025-12-28 05:28:12 | INFO     | [Worker_9234] Processing: HBE-MED
2025-12-28 05:28:12 | INFO     |   Tier 0: Range 1, Chunk 2/2 (7 days)
2025-12-28 05:28:12 | INFO     | ======================================================================
2025-12-28 05:28:12 | INFO     | Load Factor Scraper Started - Route: HBE-MED
2025-12-28 05:28:12 | INFO     | Log file: D:\CODERED\LAB\market_insights\outputs\run_generated_281225_at_05.25\logs\LF_HBE-MED_20251228_052812.log
2025-12-28 05:28:12 | INFO     | Enhanced logging: Capturing both logging.info() and print()
2025-12-28 05:28:12 | INFO     | ======================================================================
[LF] Processing dates (override): ['03JAN', '02JAN', '01JAN', '31DEC', '30DEC', '29DEC', '28DEC']
[LF] Attaching to Chrome for Altea access
2025-12-28 05:28:12 | INFO     | Starting LF search for route: HBE-MED
2025-12-28 05:28:12 | INFO     | [START] LF Search
[LF][[OK] SUCCESS] Connected to Chrome on 127.0.0.1:9234 (after 1 attempts)
2025-12-28 05:28:13 | INFO     | [HEALTH CHECK] [OK] Chrome connection is healthy
[LF][[OK] SUCCESS] Found Amadeus Altea window: Altéa Reservation Desktop
[LF][[INFO] INFO] URL: https://tc212.resdesktop.altea.amadeus.com/app_ard/apf/init/login?SITE=ESMPESMP&LANGUAGE=GB&MARKETS=ARDW_PROD_WBP&ACTION=clpLogin
2025-12-28 05:28:13 | INFO     | [DAY_START] Processing 03JAN
[LF] Processing HBE-MED for 03JAN
2025-12-28 05:28:13 | INFO     | [lf.day.start] Processing HBE-MED for 03JAN
[LF] No direct flights on 03JAN for HBE-MED
2025-12-28 05:28:14 | WARNING  | [lf.day.no_flights] No direct flights on 03JAN
2025-12-28 05:28:14 | INFO     | [SUCCESS] Day 03JAN
2025-12-28 05:28:14 | INFO     | [DAY_START] Processing 02JAN
[LF] Processing HBE-MED for 02JAN
2025-12-28 05:28:14 | INFO     | [lf.day.start] Processing HBE-MED for 02JAN
[LF] No direct flights on 02JAN for HBE-MED
2025-12-28 05:28:15 | WARNING  | [lf.day.no_flights] No direct flights on 02JAN
2025-12-28 05:28:15 | INFO     | [SUCCESS] Day 02JAN
2025-12-28 05:28:15 | INFO     | [DAY_START] Processing 01JAN
[LF] Processing HBE-MED for 01JAN
2025-12-28 05:28:15 | INFO     | [lf.day.start] Processing HBE-MED for 01JAN
[LF] 01JAN: found 1 direct flights
2025-12-28 05:28:16 | INFO     | [lf.day.flights_found] Found 1 flights on 01JAN
2025-12-28 05:28:18 | INFO     | [lf.flight.extracted] SM485 on 01JAN: BKG=103, LF=57.5%
[LF] SM485 01JAN: BKG=103, GRP=90, CAP=179, LF%=57.5%, Brd-Off=HBE-MED, Classes: P:90, X:7, T:6
[LF] Getting WEEKLY/LASTSOLD data for 1 flights
[LF] SM485 01JAN: LASTSOLD=2025-12-27 00:00:00, WEEKLY=5, TODAY=0, YDAY=2
2025-12-28 05:28:21 | INFO     | [SUCCESS] Day 01JAN
2025-12-28 05:28:21 | INFO     | [DAY_START] Processing 31DEC
[LF] Processing HBE-MED for 31DEC
2025-12-28 05:28:21 | INFO     | [lf.day.start] Processing HBE-MED for 31DEC
[LF] 31DEC: found 1 direct flights
2025-12-28 05:28:22 | INFO     | [lf.day.flights_found] Found 1 flights on 31DEC
2025-12-28 05:28:24 | INFO     | [lf.flight.extracted] SM485 on 31DEC: BKG=158, LF=88.3%
[LF] SM485 31DEC: BKG=158, GRP=140, CAP=179, LF%=88.3%, Brd-Off=HBE-MED, Classes: P:140, X:7, T:10, W:1
[LF] Getting WEEKLY/LASTSOLD data for 1 flights
[LF] SM485 31DEC: LASTSOLD=2025-12-27 00:00:00, WEEKLY=15, TODAY=0, YDAY=2
2025-12-28 05:28:29 | INFO     | [SUCCESS] Day 31DEC
2025-12-28 05:28:29 | INFO     | [DAY_START] Processing 30DEC
[LF] Processing HBE-MED for 30DEC
2025-12-28 05:28:29 | INFO     | [lf.day.start] Processing HBE-MED for 30DEC
[LF] 30DEC: found 1 direct flights
2025-12-28 05:28:30 | INFO     | [lf.day.flights_found] Found 1 flights on 30DEC
2025-12-28 05:28:31 | INFO     | [lf.flight.extracted] SM485 on 30DEC: BKG=173, LF=96.7%
[LF] SM485 30DEC: BKG=173, GRP=131, CAP=179, LF%=96.7%, Brd-Off=HBE-MED, Classes: P:131, I:5, O:10, U:15, X:6, T:1, W:3, S:2
[LF] Getting WEEKLY/LASTSOLD data for 1 flights
[LF] SM485 30DEC: LASTSOLD=2025-12-27 00:00:00, WEEKLY=5, TODAY=0, YDAY=3
2025-12-28 05:28:36 | INFO     | [SUCCESS] Day 30DEC
2025-12-28 05:28:36 | INFO     | [DAY_START] Processing 29DEC
[LF] Processing HBE-MED for 29DEC
2025-12-28 05:28:36 | INFO     | [lf.day.start] Processing HBE-MED for 29DEC
[LF] No direct flights on 29DEC for HBE-MED
2025-12-28 05:28:37 | WARNING  | [lf.day.no_flights] No direct flights on 29DEC
2025-12-28 05:28:37 | INFO     | [SUCCESS] Day 29DEC
[LF] Skipping 28DEC (Today) - will be processed by supplement scan
[LF] Results summary:
  2026-01-03: 0 flights
  2026-01-02: 0 flights
  2026-01-01: 1 flights
  2025-12-31: 1 flights
  2025-12-30: 1 flights
  2025-12-29: 0 flights
2025-12-28 05:28:37 | INFO     | [SUCCESS] LF Search Complete

============================================================
[Worker_9234] ✓ COMPLETED: HBE-MED
  Results: 6 dates
  Errors: 0 dates
  Total Processed: 4 groups
============================================================

2025-12-28 05:28:40 | INFO     | [Worker_9234] Completed: HBE-MED - 6 results, 0 errors
[Worker_9234] Waiting for tasks...

============================================================
[Worker_9234] Shutdown signal received
Exiting...
============================================================
2025-12-28 05:29:55 | INFO     | [Worker_9234] Shutdown signal received, exiting...

============================================================
[Worker_9234] FINISHED
  Total Groups Processed: 4
============================================================

2025-12-28 05:29:55 | INFO     | [Worker_9234] Finished. Processed 4 groups.
