2025-12-29 07:55:59 | INFO     | ======================================================================
2025-12-29 07:55:59 | INFO     | Load Factor Scraper Started - Route: JED-ATZ
2025-12-29 07:55:59 | INFO     | Log file: D:\CODERED\LAB\market_insights\outputs\run_generated_291225_at_07.54\logs\LF_JED-ATZ_20251229_075559.log
2025-12-29 07:55:59 | INFO     | Enhanced logging: Capturing both logging.info() and print()
2025-12-29 07:55:59 | INFO     | ======================================================================
2025-12-29 07:55:59 | INFO     | Starting LF search for route: JED-ATZ
2025-12-29 07:55:59 | INFO     | [START] LF Search
2025-12-29 07:56:01 | INFO     | [HEALTH CHECK] [OK] Chrome connection is healthy
2025-12-29 07:56:01 | INFO     | [DAY_START] Processing 05JAN
2025-12-29 07:56:01 | INFO     | [lf.day.start] Processing JED-ATZ for 05JAN
2025-12-29 07:56:02 | INFO     | [lf.day.flights_found] Found 4 flights on 05JAN
2025-12-29 07:56:04 | INFO     | [lf.flight.extracted] SM492 on 05JAN: BKG=93, LF=55.7%
2025-12-29 07:56:07 | INFO     | [lf.flight.extracted] SM456 on 05JAN: BKG=123, LF=73.7%
2025-12-29 07:56:11 | INFO     | [lf.flight.extracted] SM422 on 05JAN: BKG=171, LF=102.4%
2025-12-29 07:56:14 | INFO     | [lf.flight.extracted] SM454 on 05JAN: BKG=167, LF=100.0%
2025-12-29 07:56:34 | INFO     | [SUCCESS] Day 05JAN
2025-12-29 07:56:34 | INFO     | [DAY_START] Processing 04JAN
2025-12-29 07:56:34 | INFO     | [lf.day.start] Processing JED-ATZ for 04JAN
2025-12-29 07:56:35 | INFO     | [lf.day.flights_found] Found 2 flights on 04JAN
2025-12-29 07:56:37 | INFO     | [lf.flight.extracted] SM492 on 04JAN: BKG=175, LF=104.8%
2025-12-29 07:56:40 | INFO     | [lf.flight.extracted] SM456 on 04JAN: BKG=134, LF=80.2%
