2026-01-05 16:20:40,523 | INFO     | [Worker_9223] Completed: JED-CAI - 8 results, 0 errors
2026-01-05 16:20:40,525 | INFO     | [Worker_9223] Processing: JED-HRG
2026-01-05 16:20:40,525 | INFO     |   Tier 0: Range 3, Chunk 2/4 (8 days)
2026-01-05 16:20:52,705 | INFO     | [Worker_9223] Completed: JED-HRG - 8 results, 0 errors
2026-01-05 16:20:52,706 | INFO     | [Worker_9223] Processing: DMM-CAI
2026-01-05 16:20:52,707 | INFO     |   Tier 0: Range 3, Chunk 2/4 (8 days)
2026-01-05 16:21:20,621 | INFO     | [Worker_9223] Completed: DMM-CAI - 8 results, 0 errors
2026-01-05 16:21:20,622 | INFO     | [Worker_9223] Processing: AJF-ATZ
2026-01-05 16:21:20,623 | INFO     |   Tier 0: Range 3, Chunk 2/4 (8 days)
2026-01-05 16:21:35,442 | INFO     | [Worker_9223] Completed: AJF-ATZ - 8 results, 0 errors
2026-01-05 16:21:35,446 | INFO     | [Worker_9223] Processing: ELQ-ATZ
2026-01-05 16:21:35,446 | INFO     |   Tier 0: Range 3, Chunk 2/4 (8 days)
2026-01-05 16:21:59,284 | INFO     | [Worker_9223] Completed: ELQ-ATZ - 8 results, 0 errors
2026-01-05 16:21:59,284 | INFO     | [Worker_9223] Processing: HBE-JED
2026-01-05 16:21:59,284 | INFO     |   Tier 0: Range 3, Chunk 2/4 (8 days)
2026-01-05 16:23:04,698 | INFO     | [Worker_9223] Completed: HBE-JED - 8 results, 0 errors
2026-01-05 16:23:04,699 | INFO     | [Worker_9223] Processing: CAI-AHB
2026-01-05 16:23:04,699 | INFO     |   Tier 0: Range 3, Chunk 2/4 (8 days)
2026-01-05 16:23:29,399 | INFO     | [Worker_9223] Completed: CAI-AHB - 8 results, 0 errors
2026-01-05 16:23:29,400 | INFO     | [Worker_9223] Processing: MED-HBE
2026-01-05 16:23:29,400 | INFO     |   Tier 0: Range 3, Chunk 3/4 (8 days)
2026-01-05 16:24:05,946 | INFO     | [Worker_9223] Completed: MED-HBE - 8 results, 0 errors
2026-01-05 16:24:05,947 | INFO     | [Worker_9223] Processing: RUH-CAI
2026-01-05 16:24:05,947 | INFO     |   Tier 0: Range 3, Chunk 3/4 (8 days)
2026-01-05 16:25:02,424 | INFO     | [Worker_9223] Completed: RUH-CAI - 8 results, 0 errors
2026-01-05 16:25:02,425 | INFO     | [Worker_9223] Processing: GIZ-CAI
2026-01-05 16:25:02,425 | INFO     |   Tier 0: Range 3, Chunk 3/4 (8 days)
2026-01-05 16:25:28,374 | INFO     | [Worker_9223] Completed: GIZ-CAI - 8 results, 0 errors
2026-01-05 16:25:28,376 | INFO     | [Worker_9223] Processing: LXR-JED
2026-01-05 16:25:28,376 | INFO     |   Tier 0: Range 3, Chunk 3/4 (8 days)
2026-01-05 16:25:53,494 | INFO     | [Worker_9223] Completed: LXR-JED - 8 results, 0 errors
2026-01-05 16:25:53,495 | INFO     | [Worker_9223] Processing: CAI-TUU
2026-01-05 16:25:53,495 | INFO     |   Tier 0: Range 3, Chunk 3/4 (8 days)
2026-01-05 16:26:16,316 | INFO     | [Worker_9223] Completed: CAI-TUU - 8 results, 0 errors
2026-01-05 16:26:16,317 | INFO     | [Worker_9223] Processing: CAI-YNB
2026-01-05 16:26:16,318 | INFO     |   Tier 0: Range 3, Chunk 3/4 (8 days)
2026-01-05 16:26:57,908 | INFO     | [Worker_9223] Completed: CAI-YNB - 8 results, 0 errors
2026-01-05 16:26:57,909 | INFO     | [Worker_9223] Processing: JED-ATZ
2026-01-05 16:26:57,909 | INFO     |   Tier 0: Range 3, Chunk 4/4 (7 days)
2026-01-05 16:28:34,687 | INFO     | [Worker_9223] Completed: JED-ATZ - 7 results, 0 errors
2026-01-05 16:28:34,688 | INFO     | [Worker_9223] Processing: LXR-JED
2026-01-05 16:28:34,688 | INFO     |   Tier 0: Range 3, Chunk 4/4 (7 days)
2026-01-05 16:28:59,779 | INFO     | [Worker_9223] Completed: LXR-JED - 7 results, 0 errors
2026-01-05 16:28:59,780 | INFO     | [Worker_9223] Processing: CAI-TUU
2026-01-05 16:28:59,780 | INFO     |   Tier 0: Range 3, Chunk 4/4 (7 days)
2026-01-05 16:29:23,815 | INFO     | [Worker_9223] Completed: CAI-TUU - 7 results, 0 errors
2026-01-05 16:29:23,816 | INFO     | [Worker_9223] Processing: CAI-YNB
2026-01-05 16:29:23,816 | INFO     |   Tier 0: Range 3, Chunk 4/4 (7 days)
2026-01-05 16:30:02,631 | INFO     | [Worker_9223] Completed: CAI-YNB - 7 results, 0 errors
2026-01-05 16:30:02,632 | INFO     | [Worker_9223] Processing: JED-LXR
2026-01-05 16:30:02,632 | INFO     |   Tier 0: Range 2, Chunk 1/3 (10 days)
2026-01-05 16:30:32,740 | INFO     | [Worker_9223] Completed: JED-LXR - 10 results, 0 errors
2026-01-05 16:30:32,741 | INFO     | [Worker_9223] Processing: JED-ASW
2026-01-05 16:30:32,741 | INFO     |   Tier 0: Range 2, Chunk 1/3 (10 days)
2026-01-05 16:30:55,810 | INFO     | [Worker_9223] Completed: JED-ASW - 10 results, 0 errors
2026-01-05 16:30:55,811 | INFO     | [Worker_9223] Processing: TUU-ATZ
2026-01-05 16:30:55,811 | INFO     |   Tier 0: Range 2, Chunk 1/3 (10 days)
2026-01-05 16:31:18,370 | INFO     | [Worker_9223] Completed: TUU-ATZ - 10 results, 0 errors
2026-01-05 16:31:18,371 | INFO     | [Worker_9223] Processing: YNB-CAI
2026-01-05 16:31:18,371 | INFO     |   Tier 0: Range 2, Chunk 1/3 (10 days)
