2026-01-05 16:17:43,744 | INFO     | [Worker_9224] Completed: JED-HBE - 8 results, 0 errors
2026-01-05 16:17:43,745 | INFO     | [Worker_9224] Processing: GIZ-CAI
2026-01-05 16:17:43,745 | INFO     |   Tier 0: Range 3, Chunk 1/4 (8 days)
2026-01-05 16:18:05,520 | INFO     | [Worker_9224] Completed: GIZ-CAI - 8 results, 0 errors
2026-01-05 16:18:05,521 | INFO     | [Worker_9224] Processing: HBE-JED
2026-01-05 16:18:05,521 | INFO     |   Tier 0: Range 3, Chunk 1/4 (8 days)
2026-01-05 16:19:22,791 | INFO     | [Worker_9224] Completed: HBE-JED - 8 results, 0 errors
2026-01-05 16:19:22,792 | INFO     | [Worker_9224] Processing: CAI-YNB
2026-01-05 16:19:22,793 | INFO     |   Tier 0: Range 3, Chunk 1/4 (8 days)
2026-01-05 16:20:26,424 | INFO     | [Worker_9224] Completed: CAI-YNB - 8 results, 0 errors
2026-01-05 16:20:26,425 | INFO     | [Worker_9224] Processing: JED-LXR
2026-01-05 16:20:26,425 | INFO     |   Tier 0: Range 3, Chunk 2/4 (8 days)
2026-01-05 16:20:55,898 | INFO     | [Worker_9224] Completed: JED-LXR - 8 results, 0 errors
2026-01-05 16:20:55,899 | INFO     | [Worker_9224] Processing: TUU-CAI
2026-01-05 16:20:55,899 | INFO     |   Tier 0: Range 3, Chunk 2/4 (8 days)
2026-01-05 16:21:20,762 | INFO     | [Worker_9224] Completed: TUU-CAI - 8 results, 0 errors
2026-01-05 16:21:20,763 | INFO     | [Worker_9224] Processing: YNB-CAI
2026-01-05 16:21:20,763 | INFO     |   Tier 0: Range 3, Chunk 2/4 (8 days)
2026-01-05 16:22:34,675 | INFO     | [Worker_9224] Completed: YNB-CAI - 8 results, 0 errors
2026-01-05 16:22:34,676 | INFO     | [Worker_9224] Processing: ATZ-DMM
2026-01-05 16:22:34,676 | INFO     |   Tier 0: Range 3, Chunk 2/4 (8 days)
2026-01-05 16:23:00,540 | INFO     | [Worker_9224] Completed: ATZ-DMM - 8 results, 0 errors
2026-01-05 16:23:00,541 | INFO     | [Worker_9224] Processing: CAI-YNB
2026-01-05 16:23:00,541 | INFO     |   Tier 0: Range 3, Chunk 2/4 (8 days)
2026-01-05 16:24:04,421 | INFO     | [Worker_9224] Completed: CAI-YNB - 8 results, 0 errors
2026-01-05 16:24:04,422 | INFO     | [Worker_9224] Processing: JED-ASW
2026-01-05 16:24:04,422 | INFO     |   Tier 0: Range 3, Chunk 3/4 (8 days)
2026-01-05 16:24:16,630 | INFO     | [Worker_9224] Completed: JED-ASW - 8 results, 0 errors
2026-01-05 16:24:16,631 | INFO     | [Worker_9224] Processing: RUH-ATZ
2026-01-05 16:24:16,631 | INFO     |   Tier 0: Range 3, Chunk 3/4 (8 days)
2026-01-05 16:24:51,057 | INFO     | [Worker_9224] Completed: RUH-ATZ - 8 results, 0 errors
2026-01-05 16:24:51,059 | INFO     | [Worker_9224] Processing: YNB-CAI
2026-01-05 16:24:51,059 | INFO     |   Tier 0: Range 3, Chunk 3/4 (8 days)
2026-01-05 16:25:41,695 | INFO     | [Worker_9224] Completed: YNB-CAI - 8 results, 0 errors
2026-01-05 16:25:41,696 | INFO     | [Worker_9224] Processing: ATZ-RUH
2026-01-05 16:25:41,696 | INFO     |   Tier 0: Range 3, Chunk 3/4 (8 days)
2026-01-05 16:26:09,996 | INFO     | [Worker_9224] Completed: ATZ-RUH - 8 results, 0 errors
2026-01-05 16:26:09,997 | INFO     | [Worker_9224] Processing: CAI-AJF
2026-01-05 16:26:09,997 | INFO     |   Tier 0: Range 3, Chunk 3/4 (8 days)
2026-01-05 16:26:32,888 | INFO     | [Worker_9224] Completed: CAI-AJF - 8 results, 0 errors
2026-01-05 16:26:32,889 | INFO     | [Worker_9224] Processing: CAI-GIZ
2026-01-05 16:26:32,889 | INFO     |   Tier 0: Range 3, Chunk 3/4 (8 days)
2026-01-05 16:26:53,630 | INFO     | [Worker_9224] Completed: CAI-GIZ - 8 results, 0 errors
2026-01-05 16:26:53,631 | INFO     | [Worker_9224] Processing: JED-CAI
2026-01-05 16:26:53,631 | INFO     |   Tier 0: Range 3, Chunk 4/4 (7 days)
2026-01-05 16:30:37,556 | INFO     | [Worker_9224] Completed: JED-CAI - 7 results, 0 errors
2026-01-05 16:30:37,557 | INFO     | [Worker_9224] Processing: RUH-CAI
2026-01-05 16:30:37,557 | INFO     |   Tier 0: Range 2, Chunk 1/3 (10 days)
2026-01-05 16:31:48,041 | INFO     | [Worker_9224] Completed: RUH-CAI - 10 results, 0 errors
2026-01-05 16:31:48,042 | INFO     | [Worker_9224] Processing: ATZ-MED
2026-01-05 16:31:48,042 | INFO     |   Tier 0: Range 2, Chunk 1/3 (10 days)
