2026-01-05 16:18:15,706 | INFO     | [Worker_9232] Completed: JED-ATZ - 8 results, 0 errors
2026-01-05 16:18:15,708 | INFO     | [Worker_9232] Processing: LXR-JED
2026-01-05 16:18:15,709 | INFO     |   Tier 0: Range 3, Chunk 1/4 (8 days)
2026-01-05 16:18:51,740 | INFO     | [Worker_9232] Completed: LXR-JED - 8 results, 0 errors
2026-01-05 16:18:51,742 | INFO     | [Worker_9232] Processing: ATZ-DMM
2026-01-05 16:18:51,742 | INFO     |   Tier 0: Range 3, Chunk 1/4 (8 days)
2026-01-05 16:19:13,427 | INFO     | [Worker_9232] Completed: ATZ-DMM - 8 results, 0 errors
2026-01-05 16:19:13,428 | INFO     | [Worker_9232] Processing: CAI-AJF
2026-01-05 16:19:13,428 | INFO     |   Tier 0: Range 3, Chunk 1/4 (8 days)
2026-01-05 16:19:40,248 | INFO     | [Worker_9232] Completed: CAI-AJF - 8 results, 0 errors
2026-01-05 16:19:40,250 | INFO     | [Worker_9232] Processing: CAI-GIZ
2026-01-05 16:19:40,251 | INFO     |   Tier 0: Range 3, Chunk 1/4 (8 days)
2026-01-05 16:20:02,169 | INFO     | [Worker_9232] Completed: CAI-GIZ - 8 results, 0 errors
2026-01-05 16:20:02,170 | INFO     | [Worker_9232] Processing: JED-HBE
2026-01-05 16:20:02,171 | INFO     |   Tier 0: Range 3, Chunk 2/4 (8 days)
2026-01-05 16:21:40,475 | INFO     | [Worker_9232] Completed: JED-HBE - 8 results, 0 errors
2026-01-05 16:21:40,476 | INFO     | [Worker_9232] Processing: CAI-MED
2026-01-05 16:21:40,476 | INFO     |   Tier 0: Range 3, Chunk 2/4 (8 days)
2026-01-05 16:22:17,312 | INFO     | [Worker_9232] Completed: CAI-MED - 8 results, 0 errors
2026-01-05 16:22:17,313 | INFO     | [Worker_9232] Processing: ATZ-RUH
2026-01-05 16:22:17,313 | INFO     |   Tier 0: Range 3, Chunk 2/4 (8 days)
2026-01-05 16:22:42,748 | INFO     | [Worker_9232] Completed: ATZ-RUH - 8 results, 0 errors
2026-01-05 16:22:42,749 | INFO     | [Worker_9232] Processing: CAI-TUU
2026-01-05 16:22:42,749 | INFO     |   Tier 0: Range 3, Chunk 2/4 (8 days)
2026-01-05 16:23:06,362 | INFO     | [Worker_9232] Completed: CAI-TUU - 8 results, 0 errors
2026-01-05 16:23:06,364 | INFO     | [Worker_9232] Processing: ATZ-AHB
2026-01-05 16:23:06,364 | INFO     |   Tier 0: Range 3, Chunk 2/4 (8 days)
2026-01-05 16:23:23,955 | INFO     | [Worker_9232] Completed: ATZ-AHB - 8 results, 0 errors
2026-01-05 16:23:23,956 | INFO     | [Worker_9232] Processing: MED-CAI
2026-01-05 16:23:23,956 | INFO     |   Tier 0: Range 3, Chunk 3/4 (8 days)
2026-01-05 16:24:05,900 | INFO     | [Worker_9232] Completed: MED-CAI - 8 results, 0 errors
2026-01-05 16:24:05,900 | INFO     | [Worker_9232] Processing: JED-HRG
2026-01-05 16:24:05,901 | INFO     |   Tier 0: Range 3, Chunk 3/4 (8 days)
2026-01-05 16:24:18,905 | INFO     | [Worker_9232] Completed: JED-HRG - 8 results, 0 errors
2026-01-05 16:24:18,905 | INFO     | [Worker_9232] Processing: DMM-CAI
2026-01-05 16:24:18,906 | INFO     |   Tier 0: Range 3, Chunk 3/4 (8 days)
2026-01-05 16:24:49,355 | INFO     | [Worker_9232] Completed: DMM-CAI - 8 results, 0 errors
2026-01-05 16:24:49,356 | INFO     | [Worker_9232] Processing: AJF-ATZ
2026-01-05 16:24:49,356 | INFO     |   Tier 0: Range 3, Chunk 3/4 (8 days)
2026-01-05 16:25:05,787 | INFO     | [Worker_9232] Completed: AJF-ATZ - 8 results, 0 errors
2026-01-05 16:25:05,787 | INFO     | [Worker_9232] Processing: CAI-MED
2026-01-05 16:25:05,787 | INFO     |   Tier 0: Range 3, Chunk 3/4 (8 days)
2026-01-05 16:25:45,580 | INFO     | [Worker_9232] Completed: CAI-MED - 8 results, 0 errors
2026-01-05 16:25:45,581 | INFO     | [Worker_9232] Processing: CAI-DMM
2026-01-05 16:25:45,581 | INFO     |   Tier 0: Range 3, Chunk 3/4 (8 days)
2026-01-05 16:26:15,441 | INFO     | [Worker_9232] Completed: CAI-DMM - 8 results, 0 errors
2026-01-05 16:26:15,442 | INFO     | [Worker_9232] Processing: ATZ-AJF
2026-01-05 16:26:15,442 | INFO     |   Tier 0: Range 3, Chunk 3/4 (8 days)
2026-01-05 16:26:30,747 | INFO     | [Worker_9232] Completed: ATZ-AJF - 8 results, 0 errors
2026-01-05 16:26:30,748 | INFO     | [Worker_9232] Processing: ATZ-AHB
2026-01-05 16:26:30,749 | INFO     |   Tier 0: Range 3, Chunk 3/4 (8 days)
2026-01-05 16:26:47,526 | INFO     | [Worker_9232] Completed: ATZ-AHB - 8 results, 0 errors
2026-01-05 16:26:47,527 | INFO     | [Worker_9232] Processing: MED-CAI
2026-01-05 16:26:47,527 | INFO     |   Tier 0: Range 3, Chunk 4/4 (7 days)
2026-01-05 16:27:28,207 | INFO     | [Worker_9232] Completed: MED-CAI - 7 results, 0 errors
2026-01-05 16:27:28,208 | INFO     | [Worker_9232] Processing: DMM-ATZ
2026-01-05 16:27:28,208 | INFO     |   Tier 0: Range 3, Chunk 4/4 (7 days)
2026-01-05 16:27:49,977 | INFO     | [Worker_9232] Completed: DMM-ATZ - 7 results, 0 errors
2026-01-05 16:27:49,977 | INFO     | [Worker_9232] Processing: AJF-CAI
2026-01-05 16:27:49,978 | INFO     |   Tier 0: Range 3, Chunk 4/4 (7 days)
2026-01-05 16:28:18,495 | INFO     | [Worker_9232] Completed: AJF-CAI - 7 results, 0 errors
2026-01-05 16:28:18,497 | INFO     | [Worker_9232] Processing: ATZ-MED
2026-01-05 16:28:18,498 | INFO     |   Tier 0: Range 3, Chunk 4/4 (7 days)
2026-01-05 16:28:46,327 | INFO     | [Worker_9232] Completed: ATZ-MED - 7 results, 0 errors
2026-01-05 16:28:46,328 | INFO     | [Worker_9232] Processing: ATZ-RUH
2026-01-05 16:28:46,328 | INFO     |   Tier 0: Range 3, Chunk 4/4 (7 days)
2026-01-05 16:29:09,340 | INFO     | [Worker_9232] Completed: ATZ-RUH - 7 results, 0 errors
2026-01-05 16:29:09,341 | INFO     | [Worker_9232] Processing: ATZ-TUU
2026-01-05 16:29:09,341 | INFO     |   Tier 0: Range 3, Chunk 4/4 (7 days)
2026-01-05 16:29:25,201 | INFO     | [Worker_9232] Completed: ATZ-TUU - 7 results, 0 errors
2026-01-05 16:29:25,202 | INFO     | [Worker_9232] Processing: CAI-AHB
2026-01-05 16:29:25,202 | INFO     |   Tier 0: Range 3, Chunk 4/4 (7 days)
2026-01-05 16:29:49,344 | INFO     | [Worker_9232] Completed: CAI-AHB - 7 results, 0 errors
2026-01-05 16:29:49,345 | INFO     | [Worker_9232] Processing: MED-ATZ
2026-01-05 16:29:49,345 | INFO     |   Tier 0: Range 2, Chunk 1/3 (10 days)
2026-01-05 16:30:37,964 | INFO     | [Worker_9232] Completed: MED-ATZ - 10 results, 0 errors
2026-01-05 16:30:37,965 | INFO     | [Worker_9232] Processing: RUH-ATZ
2026-01-05 16:30:37,965 | INFO     |   Tier 0: Range 2, Chunk 1/3 (10 days)
2026-01-05 16:31:09,151 | INFO     | [Worker_9232] Completed: RUH-ATZ - 10 results, 0 errors
2026-01-05 16:31:09,153 | INFO     | [Worker_9232] Processing: AJF-CAI
2026-01-05 16:31:09,153 | INFO     |   Tier 0: Range 2, Chunk 1/3 (10 days)
2026-01-05 16:31:45,709 | INFO     | [Worker_9232] Completed: AJF-CAI - 10 results, 0 errors
2026-01-05 16:31:45,710 | INFO     | [Worker_9232] Processing: HBE-MED
2026-01-05 16:31:45,710 | INFO     |   Tier 0: Range 2, Chunk 1/3 (10 days)
