2026-01-05 16:16:43,495 | INFO     | [Worker_9234] Completed: JED-ASW - 8 results, 0 errors
2026-01-05 16:16:43,498 | INFO     | [Worker_9234] Processing: RUH-ATZ
2026-01-05 16:16:43,499 | INFO     |   Tier 0: Range 3, Chunk 1/4 (8 days)
2026-01-05 16:17:07,699 | INFO     | [Worker_9234] Completed: RUH-ATZ - 8 results, 0 errors
2026-01-05 16:17:07,701 | INFO     | [Worker_9234] Processing: TUU-ATZ
2026-01-05 16:17:07,701 | INFO     |   Tier 0: Range 3, Chunk 1/4 (8 days)
2026-01-05 16:17:24,548 | INFO     | [Worker_9234] Completed: TUU-ATZ - 8 results, 0 errors
2026-01-05 16:17:24,549 | INFO     | [Worker_9234] Processing: AJF-ATZ
2026-01-05 16:17:24,549 | INFO     |   Tier 0: Range 3, Chunk 1/4 (8 days)
2026-01-05 16:17:41,786 | INFO     | [Worker_9234] Completed: AJF-ATZ - 8 results, 0 errors
2026-01-05 16:17:41,788 | INFO     | [Worker_9234] Processing: ELQ-CAI
2026-01-05 16:17:41,788 | INFO     |   Tier 0: Range 3, Chunk 1/4 (8 days)
2026-01-05 16:18:10,438 | INFO     | [Worker_9234] Completed: ELQ-CAI - 8 results, 0 errors
2026-01-05 16:18:10,438 | INFO     | [Worker_9234] Processing: ATZ-JED
2026-01-05 16:18:10,439 | INFO     |   Tier 0: Range 3, Chunk 1/4 (8 days)
2026-01-05 16:19:49,272 | INFO     | [Worker_9234] Completed: ATZ-JED - 8 results, 0 errors
2026-01-05 16:19:49,273 | INFO     | [Worker_9234] Processing: MED-CAI
2026-01-05 16:19:49,273 | INFO     |   Tier 0: Range 3, Chunk 2/4 (8 days)
2026-01-05 16:20:45,384 | INFO     | [Worker_9234] Completed: MED-CAI - 8 results, 0 errors
2026-01-05 16:20:45,386 | INFO     | [Worker_9234] Processing: RUH-ATZ
2026-01-05 16:20:45,386 | INFO     |   Tier 0: Range 3, Chunk 2/4 (8 days)
2026-01-05 16:21:11,178 | INFO     | [Worker_9234] Completed: RUH-ATZ - 8 results, 0 errors
2026-01-05 16:21:11,179 | INFO     | [Worker_9234] Processing: TUU-ATZ
2026-01-05 16:21:11,179 | INFO     |   Tier 0: Range 3, Chunk 2/4 (8 days)
2026-01-05 16:21:27,584 | INFO     | [Worker_9234] Completed: TUU-ATZ - 8 results, 0 errors
2026-01-05 16:21:27,584 | INFO     | [Worker_9234] Processing: AHB-ATZ
2026-01-05 16:21:27,585 | INFO     |   Tier 0: Range 3, Chunk 2/4 (8 days)
2026-01-05 16:21:43,575 | INFO     | [Worker_9234] Completed: AHB-ATZ - 8 results, 0 errors
2026-01-05 16:21:43,576 | INFO     | [Worker_9234] Processing: HBE-MED
2026-01-05 16:21:43,577 | INFO     |   Tier 0: Range 3, Chunk 2/4 (8 days)
2026-01-05 16:22:13,885 | INFO     | [Worker_9234] Completed: HBE-MED - 8 results, 0 errors
2026-01-05 16:22:13,885 | INFO     | [Worker_9234] Processing: LXR-JED
2026-01-05 16:22:13,885 | INFO     |   Tier 0: Range 3, Chunk 2/4 (8 days)
2026-01-05 16:22:43,477 | INFO     | [Worker_9234] Completed: LXR-JED - 8 results, 0 errors
2026-01-05 16:22:43,478 | INFO     | [Worker_9234] Processing: ATZ-TUU
2026-01-05 16:22:43,479 | INFO     |   Tier 0: Range 3, Chunk 2/4 (8 days)
2026-01-05 16:22:58,767 | INFO     | [Worker_9234] Completed: ATZ-TUU - 8 results, 0 errors
2026-01-05 16:22:58,767 | INFO     | [Worker_9234] Processing: ATZ-AJF
2026-01-05 16:22:58,768 | INFO     |   Tier 0: Range 3, Chunk 2/4 (8 days)
2026-01-05 16:23:15,195 | INFO     | [Worker_9234] Completed: ATZ-AJF - 8 results, 0 errors
2026-01-05 16:23:15,196 | INFO     | [Worker_9234] Processing: ATZ-ELQ
2026-01-05 16:23:15,196 | INFO     |   Tier 0: Range 3, Chunk 2/4 (8 days)
2026-01-05 16:23:34,979 | INFO     | [Worker_9234] Completed: ATZ-ELQ - 8 results, 0 errors
2026-01-05 16:23:34,980 | INFO     | [Worker_9234] Processing: JED-HBE
2026-01-05 16:23:34,980 | INFO     |   Tier 0: Range 3, Chunk 3/4 (8 days)
2026-01-05 16:24:59,006 | INFO     | [Worker_9234] Completed: JED-HBE - 8 results, 0 errors
2026-01-05 16:24:59,008 | INFO     | [Worker_9234] Processing: ELQ-ATZ
2026-01-05 16:24:59,008 | INFO     |   Tier 0: Range 3, Chunk 3/4 (8 days)
2026-01-05 16:25:19,105 | INFO     | [Worker_9234] Completed: ELQ-ATZ - 8 results, 0 errors
2026-01-05 16:25:19,106 | INFO     | [Worker_9234] Processing: HBE-JED
2026-01-05 16:25:19,106 | INFO     |   Tier 0: Range 3, Chunk 3/4 (8 days)
2026-01-05 16:26:31,403 | INFO     | [Worker_9234] Completed: HBE-JED - 8 results, 0 errors
2026-01-05 16:26:31,405 | INFO     | [Worker_9234] Processing: CAI-ELQ
2026-01-05 16:26:31,405 | INFO     |   Tier 0: Range 3, Chunk 3/4 (8 days)
2026-01-05 16:26:59,699 | INFO     | [Worker_9234] Completed: CAI-ELQ - 8 results, 0 errors
2026-01-05 16:26:59,700 | INFO     | [Worker_9234] Processing: JED-LXR
2026-01-05 16:26:59,700 | INFO     |   Tier 0: Range 3, Chunk 4/4 (7 days)
2026-01-05 16:27:24,197 | INFO     | [Worker_9234] Completed: JED-LXR - 7 results, 0 errors
2026-01-05 16:27:24,198 | INFO     | [Worker_9234] Processing: RUH-ATZ
2026-01-05 16:27:24,198 | INFO     |   Tier 0: Range 3, Chunk 4/4 (7 days)
2026-01-05 16:27:51,000 | INFO     | [Worker_9234] Completed: RUH-ATZ - 7 results, 0 errors
2026-01-05 16:27:51,001 | INFO     | [Worker_9234] Processing: AJF-ATZ
2026-01-05 16:27:51,001 | INFO     |   Tier 0: Range 3, Chunk 4/4 (7 days)
2026-01-05 16:28:06,346 | INFO     | [Worker_9234] Completed: AJF-ATZ - 7 results, 0 errors
2026-01-05 16:28:06,347 | INFO     | [Worker_9234] Processing: ELQ-ATZ
2026-01-05 16:28:06,347 | INFO     |   Tier 0: Range 3, Chunk 4/4 (7 days)
2026-01-05 16:28:25,752 | INFO     | [Worker_9234] Completed: ELQ-ATZ - 7 results, 0 errors
2026-01-05 16:28:25,753 | INFO     | [Worker_9234] Processing: CAI-JED
2026-01-05 16:28:25,753 | INFO     |   Tier 0: Range 3, Chunk 4/4 (7 days)
2026-01-05 16:30:45,759 | INFO     | [Worker_9234] Completed: CAI-JED - 7 results, 0 errors
2026-01-05 16:30:45,760 | INFO     | [Worker_9234] Processing: DMM-ATZ
2026-01-05 16:30:45,760 | INFO     |   Tier 0: Range 2, Chunk 1/3 (10 days)
2026-01-05 16:31:14,402 | INFO     | [Worker_9234] Completed: DMM-ATZ - 10 results, 0 errors
2026-01-05 16:31:14,403 | INFO     | [Worker_9234] Processing: AJF-ATZ
2026-01-05 16:31:14,403 | INFO     |   Tier 0: Range 2, Chunk 1/3 (10 days)
2026-01-05 16:31:36,880 | INFO     | [Worker_9234] Completed: AJF-ATZ - 10 results, 0 errors
2026-01-05 16:31:36,881 | INFO     | [Worker_9234] Processing: GIZ-CAI
2026-01-05 16:31:36,881 | INFO     |   Tier 0: Range 2, Chunk 1/3 (10 days)
2026-01-05 16:32:03,948 | INFO     | [Worker_9234] Completed: GIZ-CAI - 10 results, 0 errors
2026-01-05 16:32:03,950 | INFO     | [Worker_9234] Processing: ATZ-JED
2026-01-05 16:32:03,951 | INFO     |   Tier 0: Range 2, Chunk 1/3 (10 days)
