2025-12-31 21:02:47 | INFO     | ======================================================================
2025-12-31 21:02:47 | INFO     | Load Factor Scraper Started - Route: AJF-CAI
2025-12-31 21:02:47 | INFO     | Log file: D:\CODERED\LAB\market_insights\outputs\run_generated_311225_at_20.48\logs\LF_AJF-CAI_20251231_210247.log
2025-12-31 21:02:47 | INFO     | Enhanced logging: Capturing both logging.info() and print()
2025-12-31 21:02:47 | INFO     | ======================================================================
2025-12-31 21:02:47 | INFO     | Starting LF search for route: AJF-CAI
2025-12-31 21:02:47 | INFO     | [START] LF Search
2025-12-31 21:02:49 | INFO     | [HEALTH CHECK] [OK] Chrome connection is healthy
2025-12-31 21:02:49 | INFO     | [DAY_START] Processing 11JAN
2025-12-31 21:02:49 | INFO     | [lf.day.start] Processing AJF-CAI for 11JAN
2025-12-31 21:02:50 | WARNING  | [lf.day.no_flights] No direct flights on 11JAN
2025-12-31 21:02:50 | INFO     | [SUCCESS] Day 11JAN
2025-12-31 21:02:50 | INFO     | [DAY_START] Processing 10JAN
2025-12-31 21:02:50 | INFO     | [lf.day.start] Processing AJF-CAI for 10JAN
2025-12-31 21:02:51 | INFO     | [lf.day.flights_found] Found 1 flights on 10JAN
2025-12-31 21:02:53 | INFO     | [lf.flight.extracted] SM322 on 10JAN: BKG=64, LF=36.6%
2025-12-31 21:03:02 | INFO     | [SUCCESS] Day 10JAN
2025-12-31 21:03:02 | INFO     | [DAY_START] Processing 09JAN
2025-12-31 21:03:02 | INFO     | [lf.day.start] Processing AJF-CAI for 09JAN
2025-12-31 21:03:04 | WARNING  | [lf.day.no_flights] No direct flights on 09JAN
2025-12-31 21:03:04 | INFO     | [SUCCESS] Day 09JAN
2025-12-31 21:03:04 | INFO     | [DAY_START] Processing 08JAN
2025-12-31 21:03:04 | INFO     | [lf.day.start] Processing AJF-CAI for 08JAN
2025-12-31 21:03:12 | INFO     | [lf.day.flights_found] Found 1 flights on 08JAN
2025-12-31 21:03:16 | INFO     | [lf.flight.extracted] SM322 on 08JAN: BKG=101, LF=57.7%
2025-12-31 21:03:32 | INFO     | [SUCCESS] Day 08JAN
2025-12-31 21:03:32 | INFO     | [DAY_START] Processing 07JAN
2025-12-31 21:03:32 | INFO     | [lf.day.start] Processing AJF-CAI for 07JAN
2025-12-31 21:03:34 | WARNING  | [lf.day.no_flights] No direct flights on 07JAN
2025-12-31 21:03:34 | INFO     | [SUCCESS] Day 07JAN
2025-12-31 21:03:34 | INFO     | [DAY_START] Processing 06JAN
2025-12-31 21:03:34 | INFO     | [lf.day.start] Processing AJF-CAI for 06JAN
2025-12-31 21:03:36 | INFO     | [lf.day.flights_found] Found 1 flights on 06JAN
2025-12-31 21:03:39 | INFO     | [lf.flight.extracted] SM322 on 06JAN: BKG=84, LF=48.0%
2025-12-31 21:03:46 | INFO     | [SUCCESS] Day 06JAN
2025-12-31 21:03:46 | INFO     | [SUCCESS] LF Search Complete
2025-12-31 21:03:48 | INFO     | [Worker_9225] Completed: AJF-CAI - 6 results, 0 errors
2025-12-31 21:03:48 | INFO     | [Worker_9225] Processing: CAI-MED
2025-12-31 21:03:48 | INFO     |   Tier 0: Range 1, Chunk 4/5 (6 days)
