2025-12-31 21:04:31 | INFO     | ======================================================================
2025-12-31 21:04:31 | INFO     | Load Factor Scraper Started - Route: ATZ-RUH
2025-12-31 21:04:31 | INFO     | Log file: D:\CODERED\LAB\market_insights\outputs\run_generated_311225_at_20.48\logs\LF_ATZ-RUH_20251231_210431.log
2025-12-31 21:04:31 | INFO     | Enhanced logging: Capturing both logging.info() and print()
2025-12-31 21:04:31 | INFO     | ======================================================================
2025-12-31 21:04:31 | INFO     | Starting LF search for route: ATZ-RUH
2025-12-31 21:04:31 | INFO     | [START] LF Search
2025-12-31 21:04:32 | INFO     | [HEALTH CHECK] [OK] Chrome connection is healthy
2025-12-31 21:04:32 | INFO     | [DAY_START] Processing 11JAN
2025-12-31 21:04:32 | INFO     | [lf.day.start] Processing ATZ-RUH for 11JAN
2025-12-31 21:04:33 | INFO     | [lf.day.flights_found] Found 1 flights on 11JAN
2025-12-31 21:04:35 | INFO     | [lf.flight.extracted] SM463 on 11JAN: BKG=93, LF=52.0%
2025-12-31 21:04:42 | INFO     | [SUCCESS] Day 11JAN
2025-12-31 21:04:42 | INFO     | [DAY_START] Processing 10JAN
2025-12-31 21:04:42 | INFO     | [lf.day.start] Processing ATZ-RUH for 10JAN
2025-12-31 21:04:43 | WARNING  | [lf.day.no_flights] No direct flights on 10JAN
2025-12-31 21:04:43 | INFO     | [SUCCESS] Day 10JAN
2025-12-31 21:04:43 | INFO     | [DAY_START] Processing 09JAN
2025-12-31 21:04:43 | INFO     | [lf.day.start] Processing ATZ-RUH for 09JAN
2025-12-31 21:04:44 | WARNING  | [lf.day.no_flights] No direct flights on 09JAN
2025-12-31 21:04:44 | INFO     | [SUCCESS] Day 09JAN
2025-12-31 21:04:44 | INFO     | [DAY_START] Processing 08JAN
2025-12-31 21:04:44 | INFO     | [lf.day.start] Processing ATZ-RUH for 08JAN
2025-12-31 21:04:45 | WARNING  | [lf.day.no_flights] No direct flights on 08JAN
2025-12-31 21:04:45 | INFO     | [SUCCESS] Day 08JAN
2025-12-31 21:04:45 | INFO     | [DAY_START] Processing 07JAN
2025-12-31 21:04:45 | INFO     | [lf.day.start] Processing ATZ-RUH for 07JAN
2025-12-31 21:04:46 | INFO     | [lf.day.flights_found] Found 1 flights on 07JAN
2025-12-31 21:04:49 | INFO     | [lf.flight.extracted] SM465 on 07JAN: BKG=103, LF=57.5%
2025-12-31 21:04:55 | INFO     | [SUCCESS] Day 07JAN
2025-12-31 21:04:55 | INFO     | [DAY_START] Processing 06JAN
2025-12-31 21:04:55 | INFO     | [lf.day.start] Processing ATZ-RUH for 06JAN
2025-12-31 21:04:57 | INFO     | [lf.day.flights_found] Found 1 flights on 06JAN
2025-12-31 21:05:00 | INFO     | [lf.flight.extracted] SM463 on 06JAN: BKG=107, LF=59.8%
2025-12-31 21:05:08 | INFO     | [SUCCESS] Day 06JAN
2025-12-31 21:05:08 | INFO     | [SUCCESS] LF Search Complete
2025-12-31 21:05:10 | INFO     | [Worker_9227] Completed: ATZ-RUH - 6 results, 0 errors
2025-12-31 21:05:10 | INFO     | [Worker_9227] Processing: CAI-AJF
2025-12-31 21:05:10 | INFO     |   Tier 0: Range 1, Chunk 4/5 (6 days)
