2025-12-31 21:01:04 | INFO     | ======================================================================
2025-12-31 21:01:04 | INFO     | Load Factor Scraper Started - Route: ATZ-ELQ
2025-12-31 21:01:04 | INFO     | Log file: D:\CODERED\LAB\market_insights\outputs\run_generated_311225_at_20.48\logs\LF_ATZ-ELQ_20251231_210104.log
2025-12-31 21:01:04 | INFO     | Enhanced logging: Capturing both logging.info() and print()
2025-12-31 21:01:04 | INFO     | ======================================================================
2025-12-31 21:01:04 | INFO     | Starting LF search for route: ATZ-ELQ
2025-12-31 21:01:04 | INFO     | [START] LF Search
2025-12-31 21:01:06 | INFO     | [HEALTH CHECK] [OK] Chrome connection is healthy
2025-12-31 21:01:06 | INFO     | [DAY_START] Processing 17JAN
2025-12-31 21:01:06 | INFO     | [lf.day.start] Processing ATZ-ELQ for 17JAN
2025-12-31 21:01:07 | INFO     | [lf.day.flights_found] Found 1 flights on 17JAN
2025-12-31 21:01:09 | INFO     | [lf.flight.extracted] SM435 on 17JAN: BKG=50, LF=27.9%
2025-12-31 21:01:14 | INFO     | [SUCCESS] Day 17JAN
2025-12-31 21:01:14 | INFO     | [DAY_START] Processing 16JAN
2025-12-31 21:01:14 | INFO     | [lf.day.start] Processing ATZ-ELQ for 16JAN
2025-12-31 21:01:15 | WARNING  | [lf.day.no_flights] No direct flights on 16JAN
2025-12-31 21:01:15 | INFO     | [SUCCESS] Day 16JAN
2025-12-31 21:01:15 | INFO     | [DAY_START] Processing 15JAN
2025-12-31 21:01:15 | INFO     | [lf.day.start] Processing ATZ-ELQ for 15JAN
2025-12-31 21:01:16 | WARNING  | [lf.day.no_flights] No direct flights on 15JAN
2025-12-31 21:01:16 | INFO     | [SUCCESS] Day 15JAN
2025-12-31 21:01:16 | INFO     | [DAY_START] Processing 14JAN
2025-12-31 21:01:16 | INFO     | [lf.day.start] Processing ATZ-ELQ for 14JAN
2025-12-31 21:01:17 | WARNING  | [lf.day.no_flights] No direct flights on 14JAN
2025-12-31 21:01:17 | INFO     | [SUCCESS] Day 14JAN
2025-12-31 21:01:17 | INFO     | [DAY_START] Processing 13JAN
2025-12-31 21:01:17 | INFO     | [lf.day.start] Processing ATZ-ELQ for 13JAN
2025-12-31 21:01:18 | INFO     | [lf.day.flights_found] Found 1 flights on 13JAN
2025-12-31 21:01:20 | INFO     | [lf.flight.extracted] SM435 on 13JAN: BKG=42, LF=23.5%
2025-12-31 21:01:24 | INFO     | [SUCCESS] Day 13JAN
2025-12-31 21:01:24 | INFO     | [DAY_START] Processing 12JAN
2025-12-31 21:01:24 | INFO     | [lf.day.start] Processing ATZ-ELQ for 12JAN
2025-12-31 21:01:25 | WARNING  | [lf.day.no_flights] No direct flights on 12JAN
2025-12-31 21:01:25 | INFO     | [SUCCESS] Day 12JAN
2025-12-31 21:01:25 | INFO     | [SUCCESS] LF Search Complete
2025-12-31 21:01:27 | INFO     | [Worker_9227] Completed: ATZ-ELQ - 6 results, 0 errors
2025-12-31 21:01:27 | INFO     | [Worker_9227] Processing: MED-ATZ
2025-12-31 21:01:27 | INFO     |   Tier 0: Range 1, Chunk 4/5 (6 days)
