2025-12-31 21:05:43 | INFO     | ======================================================================
2025-12-31 21:05:43 | INFO     | Load Factor Scraper Started - Route: ATZ-ELQ
2025-12-31 21:05:43 | INFO     | Log file: D:\CODERED\LAB\market_insights\outputs\run_generated_311225_at_20.48\logs\LF_ATZ-ELQ_20251231_210543.log
2025-12-31 21:05:43 | INFO     | Enhanced logging: Capturing both logging.info() and print()
2025-12-31 21:05:43 | INFO     | ======================================================================
2025-12-31 21:05:43 | INFO     | Starting LF search for route: ATZ-ELQ
2025-12-31 21:05:43 | INFO     | [START] LF Search
2025-12-31 21:05:45 | INFO     | [HEALTH CHECK] [OK] Chrome connection is healthy
2025-12-31 21:05:45 | INFO     | [DAY_START] Processing 11JAN
2025-12-31 21:05:45 | INFO     | [lf.day.start] Processing ATZ-ELQ for 11JAN
2025-12-31 21:05:46 | WARNING  | [lf.day.no_flights] No direct flights on 11JAN
2025-12-31 21:05:46 | INFO     | [SUCCESS] Day 11JAN
2025-12-31 21:05:46 | INFO     | [DAY_START] Processing 10JAN
2025-12-31 21:05:46 | INFO     | [lf.day.start] Processing ATZ-ELQ for 10JAN
2025-12-31 21:05:47 | INFO     | [lf.day.flights_found] Found 1 flights on 10JAN
2025-12-31 21:05:50 | INFO     | [lf.flight.extracted] SM435 on 10JAN: BKG=74, LF=41.3%
2025-12-31 21:05:57 | INFO     | [SUCCESS] Day 10JAN
2025-12-31 21:05:57 | INFO     | [DAY_START] Processing 09JAN
2025-12-31 21:05:57 | INFO     | [lf.day.start] Processing ATZ-ELQ for 09JAN
2025-12-31 21:05:58 | WARNING  | [lf.day.no_flights] No direct flights on 09JAN
2025-12-31 21:05:58 | INFO     | [SUCCESS] Day 09JAN
2025-12-31 21:05:58 | INFO     | [DAY_START] Processing 08JAN
2025-12-31 21:05:58 | INFO     | [lf.day.start] Processing ATZ-ELQ for 08JAN
2025-12-31 21:05:59 | WARNING  | [lf.day.no_flights] No direct flights on 08JAN
2025-12-31 21:06:00 | INFO     | [SUCCESS] Day 08JAN
2025-12-31 21:06:00 | INFO     | [DAY_START] Processing 07JAN
2025-12-31 21:06:00 | INFO     | [lf.day.start] Processing ATZ-ELQ for 07JAN
2025-12-31 21:06:01 | WARNING  | [lf.day.no_flights] No direct flights on 07JAN
2025-12-31 21:06:01 | INFO     | [SUCCESS] Day 07JAN
2025-12-31 21:06:01 | INFO     | [DAY_START] Processing 06JAN
2025-12-31 21:06:01 | INFO     | [lf.day.start] Processing ATZ-ELQ for 06JAN
2025-12-31 21:06:03 | INFO     | [lf.day.flights_found] Found 1 flights on 06JAN
2025-12-31 21:06:05 | INFO     | [lf.flight.extracted] SM435 on 06JAN: BKG=72, LF=40.2%
2025-12-31 21:06:11 | INFO     | [SUCCESS] Day 06JAN
2025-12-31 21:06:11 | INFO     | [SUCCESS] LF Search Complete
2025-12-31 21:06:13 | INFO     | [Worker_9225] Completed: ATZ-ELQ - 6 results, 0 errors
2025-12-31 21:06:13 | INFO     | [Worker_9225] Processing: JED-HBE
2025-12-31 21:06:13 | INFO     |   Tier 0: Range 1, Chunk 5/5 (6 days)
