2025-12-31 21:08:21 | INFO     | ======================================================================
2025-12-31 21:08:21 | INFO     | Load Factor Scraper Started - Route: ASW-JED
2025-12-31 21:08:21 | INFO     | Log file: D:\CODERED\LAB\market_insights\outputs\run_generated_311225_at_20.48\logs\LF_ASW-JED_20251231_210821.log
2025-12-31 21:08:21 | INFO     | Enhanced logging: Capturing both logging.info() and print()
2025-12-31 21:08:21 | INFO     | ======================================================================
2025-12-31 21:08:21 | INFO     | Starting LF search for route: ASW-JED
2025-12-31 21:08:21 | INFO     | [START] LF Search
2025-12-31 21:08:22 | INFO     | [HEALTH CHECK] [OK] Chrome connection is healthy
2025-12-31 21:08:22 | INFO     | [DAY_START] Processing 05JAN
2025-12-31 21:08:22 | INFO     | [lf.day.start] Processing ASW-JED for 05JAN
2025-12-31 21:08:23 | WARNING  | [lf.day.no_flights] No direct flights on 05JAN
2025-12-31 21:08:23 | INFO     | [SUCCESS] Day 05JAN
2025-12-31 21:08:23 | INFO     | [DAY_START] Processing 04JAN
2025-12-31 21:08:23 | INFO     | [lf.day.start] Processing ASW-JED for 04JAN
2025-12-31 21:08:24 | WARNING  | [lf.day.no_flights] No direct flights on 04JAN
2025-12-31 21:08:24 | INFO     | [SUCCESS] Day 04JAN
2025-12-31 21:08:24 | INFO     | [DAY_START] Processing 03JAN
2025-12-31 21:08:24 | INFO     | [lf.day.start] Processing ASW-JED for 03JAN
2025-12-31 21:08:25 | WARNING  | [lf.day.no_flights] No direct flights on 03JAN
2025-12-31 21:08:26 | INFO     | [SUCCESS] Day 03JAN
2025-12-31 21:08:26 | INFO     | [DAY_START] Processing 02JAN
2025-12-31 21:08:26 | INFO     | [lf.day.start] Processing ASW-JED for 02JAN
2025-12-31 21:08:27 | WARNING  | [lf.day.no_flights] No direct flights on 02JAN
2025-12-31 21:08:27 | INFO     | [SUCCESS] Day 02JAN
2025-12-31 21:08:27 | INFO     | [DAY_START] Processing 01JAN
2025-12-31 21:08:27 | INFO     | [lf.day.start] Processing ASW-JED for 01JAN
2025-12-31 21:08:28 | WARNING  | [lf.day.no_flights] No direct flights on 01JAN
2025-12-31 21:08:28 | INFO     | [SUCCESS] Day 01JAN
2025-12-31 21:08:28 | INFO     | [SUCCESS] LF Search Complete
2025-12-31 21:08:30 | INFO     | [Worker_9234] Completed: ASW-JED - 5 results, 0 errors
2025-12-31 21:08:30 | INFO     | [Worker_9234] Processing: ATZ-DMM
2025-12-31 21:08:30 | INFO     |   Tier 0: Range 1, Chunk 5/5 (6 days)
