2025-12-31 20:55:30 | INFO     | ======================================================================
2025-12-31 20:55:30 | INFO     | Load Factor Scraper Started - Route: ASW-JED
2025-12-31 20:55:30 | INFO     | Log file: D:\CODERED\LAB\market_insights\outputs\run_generated_311225_at_20.48\logs\LF_ASW-JED_20251231_205530.log
2025-12-31 20:55:30 | INFO     | Enhanced logging: Capturing both logging.info() and print()
2025-12-31 20:55:30 | INFO     | ======================================================================
2025-12-31 20:55:30 | INFO     | Starting LF search for route: ASW-JED
2025-12-31 20:55:30 | INFO     | [START] LF Search
2025-12-31 20:55:32 | INFO     | [HEALTH CHECK] [OK] Chrome connection is healthy
2025-12-31 20:55:32 | INFO     | [DAY_START] Processing 24JAN
2025-12-31 20:55:32 | INFO     | [lf.day.start] Processing ASW-JED for 24JAN
2025-12-31 20:55:33 | WARNING  | [lf.day.no_flights] No direct flights on 24JAN
2025-12-31 20:55:33 | INFO     | [SUCCESS] Day 24JAN
2025-12-31 20:55:33 | INFO     | [DAY_START] Processing 23JAN
2025-12-31 20:55:33 | INFO     | [lf.day.start] Processing ASW-JED for 23JAN
2025-12-31 20:55:34 | WARNING  | [lf.day.no_flights] No direct flights on 23JAN
2025-12-31 20:55:34 | INFO     | [SUCCESS] Day 23JAN
2025-12-31 20:55:34 | INFO     | [DAY_START] Processing 22JAN
2025-12-31 20:55:34 | INFO     | [lf.day.start] Processing ASW-JED for 22JAN
2025-12-31 20:55:35 | WARNING  | [lf.day.no_flights] No direct flights on 22JAN
2025-12-31 20:55:35 | INFO     | [SUCCESS] Day 22JAN
2025-12-31 20:55:35 | INFO     | [DAY_START] Processing 21JAN
2025-12-31 20:55:35 | INFO     | [lf.day.start] Processing ASW-JED for 21JAN
2025-12-31 20:55:36 | WARNING  | [lf.day.no_flights] No direct flights on 21JAN
2025-12-31 20:55:36 | INFO     | [SUCCESS] Day 21JAN
2025-12-31 20:55:36 | INFO     | [DAY_START] Processing 20JAN
2025-12-31 20:55:36 | INFO     | [lf.day.start] Processing ASW-JED for 20JAN
2025-12-31 20:55:38 | WARNING  | [lf.day.no_flights] No direct flights on 20JAN
2025-12-31 20:55:38 | INFO     | [SUCCESS] Day 20JAN
2025-12-31 20:55:38 | INFO     | [DAY_START] Processing 19JAN
2025-12-31 20:55:38 | INFO     | [lf.day.start] Processing ASW-JED for 19JAN
2025-12-31 20:55:39 | WARNING  | [lf.day.no_flights] No direct flights on 19JAN
2025-12-31 20:55:39 | INFO     | [SUCCESS] Day 19JAN
2025-12-31 20:55:39 | INFO     | [DAY_START] Processing 18JAN
2025-12-31 20:55:39 | INFO     | [lf.day.start] Processing ASW-JED for 18JAN
2025-12-31 20:55:40 | WARNING  | [lf.day.no_flights] No direct flights on 18JAN
2025-12-31 20:55:40 | INFO     | [SUCCESS] Day 18JAN
2025-12-31 20:55:40 | INFO     | [SUCCESS] LF Search Complete
2025-12-31 20:55:42 | INFO     | [Worker_9233] Completed: ASW-JED - 7 results, 0 errors
2025-12-31 20:55:42 | INFO     | [Worker_9233] Processing: ATZ-DMM
2025-12-31 20:55:42 | INFO     |   Tier 0: Range 1, Chunk 2/5 (7 days)
