2025-12-31 20:51:03 | INFO     | ======================================================================
2025-12-31 20:51:03 | INFO     | Load Factor Scraper Started - Route: ATZ-JED
2025-12-31 20:51:03 | INFO     | Log file: D:\CODERED\LAB\market_insights\outputs\run_generated_311225_at_20.48\logs\LF_ATZ-JED_20251231_205103.log
2025-12-31 20:51:03 | INFO     | Enhanced logging: Capturing both logging.info() and print()
2025-12-31 20:51:03 | INFO     | ======================================================================
2025-12-31 20:51:03 | INFO     | Starting LF search for route: ATZ-JED
2025-12-31 20:51:03 | INFO     | [START] LF Search
2025-12-31 20:51:05 | INFO     | [HEALTH CHECK] [OK] Chrome connection is healthy
2025-12-31 20:51:05 | INFO     | [DAY_START] Processing 31JAN
2025-12-31 20:51:05 | INFO     | [lf.day.start] Processing ATZ-JED for 31JAN
2025-12-31 20:51:06 | INFO     | [lf.day.flights_found] Found 3 flights on 31JAN
2025-12-31 20:51:09 | INFO     | [lf.flight.extracted] SM491 on 31JAN: BKG=8, LF=4.5%
2025-12-31 20:51:13 | INFO     | [lf.flight.extracted] SM453 on 31JAN: BKG=5, LF=2.8%
2025-12-31 20:51:17 | INFO     | [lf.flight.extracted] SM455 on 31JAN: BKG=10, LF=5.6%
2025-12-31 20:51:23 | INFO     | [SUCCESS] Day 31JAN
2025-12-31 20:51:23 | INFO     | [DAY_START] Processing 30JAN
2025-12-31 20:51:23 | INFO     | [lf.day.start] Processing ATZ-JED for 30JAN
2025-12-31 20:51:24 | INFO     | [lf.day.flights_found] Found 1 flights on 30JAN
2025-12-31 20:51:27 | INFO     | [lf.flight.extracted] SM491 on 30JAN: BKG=104, LF=58.1%
2025-12-31 20:51:30 | INFO     | [SUCCESS] Day 30JAN
2025-12-31 20:51:30 | INFO     | [DAY_START] Processing 29JAN
2025-12-31 20:51:30 | INFO     | [lf.day.start] Processing ATZ-JED for 29JAN
2025-12-31 20:51:31 | INFO     | [lf.day.flights_found] Found 2 flights on 29JAN
2025-12-31 20:51:33 | INFO     | [lf.flight.extracted] SM453 on 29JAN: BKG=145, LF=81.0%
2025-12-31 20:51:37 | INFO     | [lf.flight.extracted] SM455 on 29JAN: BKG=145, LF=81.0%
2025-12-31 20:51:41 | INFO     | [SUCCESS] Day 29JAN
2025-12-31 20:51:41 | INFO     | [DAY_START] Processing 28JAN
2025-12-31 20:51:41 | INFO     | [lf.day.start] Processing ATZ-JED for 28JAN
2025-12-31 20:51:43 | INFO     | [lf.day.flights_found] Found 4 flights on 28JAN
2025-12-31 20:51:45 | INFO     | [lf.flight.extracted] SM453 on 28JAN: BKG=179, LF=100.0%
2025-12-31 20:51:48 | INFO     | [lf.flight.extracted] SM491 on 28JAN: BKG=145, LF=81.0%
2025-12-31 20:51:52 | INFO     | [lf.flight.extracted] SM981 on 28JAN: BKG=143, LF=79.9%
2025-12-31 20:51:56 | INFO     | [lf.flight.extracted] SM421 on 28JAN: BKG=98, LF=54.8%
2025-12-31 20:52:02 | INFO     | [SUCCESS] Day 28JAN
2025-12-31 20:52:02 | INFO     | [DAY_START] Processing 27JAN
2025-12-31 20:52:02 | INFO     | [lf.day.start] Processing ATZ-JED for 27JAN
2025-12-31 20:52:03 | INFO     | [lf.day.flights_found] Found 2 flights on 27JAN
2025-12-31 20:52:06 | INFO     | [lf.flight.extracted] SM453 on 27JAN: BKG=141, LF=78.8%
2025-12-31 20:52:09 | INFO     | [lf.flight.extracted] SM455 on 27JAN: BKG=150, LF=83.8%
2025-12-31 20:52:13 | INFO     | [SUCCESS] Day 27JAN
2025-12-31 20:52:13 | INFO     | [DAY_START] Processing 26JAN
2025-12-31 20:52:13 | INFO     | [lf.day.start] Processing ATZ-JED for 26JAN
2025-12-31 20:52:14 | INFO     | [lf.day.flights_found] Found 4 flights on 26JAN
2025-12-31 20:52:18 | INFO     | [lf.flight.extracted] SM491 on 26JAN: BKG=144, LF=80.5%
2025-12-31 20:52:24 | INFO     | [lf.flight.extracted] SM455 on 26JAN: BKG=179, LF=100.0%
2025-12-31 20:52:28 | INFO     | [lf.flight.extracted] SM453 on 26JAN: BKG=149, LF=83.2%
2025-12-31 20:52:32 | INFO     | [lf.flight.extracted] SM975 on 26JAN: BKG=180, LF=100.6%
2025-12-31 20:52:40 | INFO     | [SUCCESS] Day 26JAN
2025-12-31 20:52:40 | INFO     | [DAY_START] Processing 25JAN
2025-12-31 20:52:40 | INFO     | [lf.day.start] Processing ATZ-JED for 25JAN
2025-12-31 20:52:42 | INFO     | [lf.day.flights_found] Found 3 flights on 25JAN
2025-12-31 20:52:44 | INFO     | [lf.flight.extracted] SM491 on 25JAN: BKG=147, LF=82.1%
2025-12-31 20:52:49 | INFO     | [lf.flight.extracted] SM455 on 25JAN: BKG=148, LF=82.7%
2025-12-31 20:52:54 | INFO     | [lf.flight.extracted] SM973 on 25JAN: BKG=180, LF=100.6%
2025-12-31 20:53:00 | INFO     | [SUCCESS] Day 25JAN
2025-12-31 20:53:00 | INFO     | [SUCCESS] LF Search Complete
2025-12-31 20:53:03 | INFO     | [Worker_9234] Completed: ATZ-JED - 7 results, 0 errors
2025-12-31 20:53:03 | INFO     | [Worker_9234] Processing: JED-CAI
2025-12-31 20:53:03 | INFO     |   Tier 0: Range 1, Chunk 2/5 (7 days)
