2025-12-31 21:08:30 | INFO     | ======================================================================
2025-12-31 21:08:30 | INFO     | Load Factor Scraper Started - Route: ATZ-DMM
2025-12-31 21:08:30 | INFO     | Log file: D:\CODERED\LAB\market_insights\outputs\run_generated_311225_at_20.48\logs\LF_ATZ-DMM_20251231_210830.log
2025-12-31 21:08:30 | INFO     | Enhanced logging: Capturing both logging.info() and print()
2025-12-31 21:08:30 | INFO     | ======================================================================
2025-12-31 21:08:30 | INFO     | Starting LF search for route: ATZ-DMM
2025-12-31 21:08:30 | INFO     | [START] LF Search
2025-12-31 21:08:32 | INFO     | [HEALTH CHECK] [OK] Chrome connection is healthy
2025-12-31 21:08:32 | INFO     | [DAY_START] Processing 05JAN
2025-12-31 21:08:32 | INFO     | [lf.day.start] Processing ATZ-DMM for 05JAN
2025-12-31 21:08:33 | INFO     | [lf.day.flights_found] Found 1 flights on 05JAN
2025-12-31 21:08:35 | INFO     | [lf.flight.extracted] SM437 on 05JAN: BKG=110, LF=61.5%
2025-12-31 21:08:41 | INFO     | [SUCCESS] Day 05JAN
2025-12-31 21:08:41 | INFO     | [DAY_START] Processing 04JAN
2025-12-31 21:08:41 | INFO     | [lf.day.start] Processing ATZ-DMM for 04JAN
2025-12-31 21:08:43 | WARNING  | [lf.day.no_flights] No direct flights on 04JAN
2025-12-31 21:08:43 | INFO     | [SUCCESS] Day 04JAN
2025-12-31 21:08:43 | INFO     | [DAY_START] Processing 03JAN
2025-12-31 21:08:43 | INFO     | [lf.day.start] Processing ATZ-DMM for 03JAN
2025-12-31 21:08:44 | WARNING  | [lf.day.no_flights] No direct flights on 03JAN
2025-12-31 21:08:44 | INFO     | [SUCCESS] Day 03JAN
2025-12-31 21:08:44 | INFO     | [DAY_START] Processing 02JAN
2025-12-31 21:08:44 | INFO     | [lf.day.start] Processing ATZ-DMM for 02JAN
2025-12-31 21:08:45 | INFO     | [lf.day.flights_found] Found 1 flights on 02JAN
2025-12-31 21:08:47 | INFO     | [lf.flight.extracted] SM437 on 02JAN: BKG=160, LF=89.4%
2025-12-31 21:08:54 | INFO     | [SUCCESS] Day 02JAN
2025-12-31 21:08:54 | INFO     | [DAY_START] Processing 01JAN
2025-12-31 21:08:54 | INFO     | [lf.day.start] Processing ATZ-DMM for 01JAN
2025-12-31 21:08:55 | WARNING  | [lf.day.no_flights] No direct flights on 01JAN
2025-12-31 21:08:55 | INFO     | [SUCCESS] Day 01JAN
2025-12-31 21:08:55 | INFO     | [SUCCESS] LF Search Complete
2025-12-31 21:08:57 | INFO     | [Worker_9234] Completed: ATZ-DMM - 5 results, 0 errors
2025-12-31 21:08:57 | INFO     | [Worker_9234] Processing: CAI-AJF
2025-12-31 21:08:57 | INFO     |   Tier 0: Range 1, Chunk 5/5 (6 days)
