2025-12-31 20:52:00 | INFO     | ======================================================================
2025-12-31 20:52:00 | INFO     | Load Factor Scraper Started - Route: ATZ-TUU
2025-12-31 20:52:00 | INFO     | Log file: D:\CODERED\LAB\market_insights\outputs\run_generated_311225_at_20.48\logs\LF_ATZ-TUU_20251231_205200.log
2025-12-31 20:52:00 | INFO     | Enhanced logging: Capturing both logging.info() and print()
2025-12-31 20:52:00 | INFO     | ======================================================================
2025-12-31 20:52:00 | INFO     | Starting LF search for route: ATZ-TUU
2025-12-31 20:52:00 | INFO     | [START] LF Search
2025-12-31 20:52:02 | INFO     | [HEALTH CHECK] [OK] Chrome connection is healthy
2025-12-31 20:52:02 | INFO     | [DAY_START] Processing 31JAN
2025-12-31 20:52:02 | INFO     | [lf.day.start] Processing ATZ-TUU for 31JAN
2025-12-31 20:52:03 | WARNING  | [lf.day.no_flights] No direct flights on 31JAN
2025-12-31 20:52:04 | INFO     | [SUCCESS] Day 31JAN
2025-12-31 20:52:04 | INFO     | [DAY_START] Processing 30JAN
2025-12-31 20:52:04 | INFO     | [lf.day.start] Processing ATZ-TUU for 30JAN
2025-12-31 20:52:05 | INFO     | [lf.day.flights_found] Found 1 flights on 30JAN
2025-12-31 20:52:07 | INFO     | [lf.flight.extracted] SM327 on 30JAN: BKG=11, LF=6.2%
2025-12-31 20:52:10 | INFO     | [SUCCESS] Day 30JAN
2025-12-31 20:52:10 | INFO     | [DAY_START] Processing 29JAN
2025-12-31 20:52:10 | INFO     | [lf.day.start] Processing ATZ-TUU for 29JAN
2025-12-31 20:52:11 | WARNING  | [lf.day.no_flights] No direct flights on 29JAN
2025-12-31 20:52:11 | INFO     | [SUCCESS] Day 29JAN
2025-12-31 20:52:11 | INFO     | [DAY_START] Processing 28JAN
2025-12-31 20:52:11 | INFO     | [lf.day.start] Processing ATZ-TUU for 28JAN
2025-12-31 20:52:12 | WARNING  | [lf.day.no_flights] No direct flights on 28JAN
2025-12-31 20:52:12 | INFO     | [SUCCESS] Day 28JAN
2025-12-31 20:52:12 | INFO     | [DAY_START] Processing 27JAN
2025-12-31 20:52:12 | INFO     | [lf.day.start] Processing ATZ-TUU for 27JAN
2025-12-31 20:52:14 | WARNING  | [lf.day.no_flights] No direct flights on 27JAN
2025-12-31 20:52:14 | INFO     | [SUCCESS] Day 27JAN
2025-12-31 20:52:14 | INFO     | [DAY_START] Processing 26JAN
2025-12-31 20:52:14 | INFO     | [lf.day.start] Processing ATZ-TUU for 26JAN
2025-12-31 20:52:15 | WARNING  | [lf.day.no_flights] No direct flights on 26JAN
2025-12-31 20:52:15 | INFO     | [SUCCESS] Day 26JAN
2025-12-31 20:52:15 | INFO     | [DAY_START] Processing 25JAN
2025-12-31 20:52:15 | INFO     | [lf.day.start] Processing ATZ-TUU for 25JAN
2025-12-31 20:52:17 | WARNING  | [lf.day.no_flights] No direct flights on 25JAN
2025-12-31 20:52:17 | INFO     | [SUCCESS] Day 25JAN
2025-12-31 20:52:17 | INFO     | [SUCCESS] LF Search Complete
2025-12-31 20:52:20 | INFO     | [Worker_9223] Completed: ATZ-TUU - 7 results, 0 errors
2025-12-31 20:52:20 | INFO     | [Worker_9223] Processing: CAI-AHB
2025-12-31 20:52:20 | INFO     |   Tier 0: Range 1, Chunk 1/5 (7 days)
