2025-12-31 21:04:20 | INFO     | ======================================================================
2025-12-31 21:04:20 | INFO     | Load Factor Scraper Started - Route: ASW-JED
2025-12-31 21:04:20 | INFO     | Log file: D:\CODERED\LAB\market_insights\outputs\run_generated_311225_at_20.48\logs\LF_ASW-JED_20251231_210420.log
2025-12-31 21:04:20 | INFO     | Enhanced logging: Capturing both logging.info() and print()
2025-12-31 21:04:20 | INFO     | ======================================================================
2025-12-31 21:04:20 | INFO     | Starting LF search for route: ASW-JED
2025-12-31 21:04:20 | INFO     | [START] LF Search
2025-12-31 21:04:21 | INFO     | [HEALTH CHECK] [OK] Chrome connection is healthy
2025-12-31 21:04:21 | INFO     | [DAY_START] Processing 11JAN
2025-12-31 21:04:21 | INFO     | [lf.day.start] Processing ASW-JED for 11JAN
2025-12-31 21:04:22 | WARNING  | [lf.day.no_flights] No direct flights on 11JAN
2025-12-31 21:04:22 | INFO     | [SUCCESS] Day 11JAN
2025-12-31 21:04:22 | INFO     | [DAY_START] Processing 10JAN
2025-12-31 21:04:22 | INFO     | [lf.day.start] Processing ASW-JED for 10JAN
2025-12-31 21:04:23 | WARNING  | [lf.day.no_flights] No direct flights on 10JAN
2025-12-31 21:04:23 | INFO     | [SUCCESS] Day 10JAN
2025-12-31 21:04:23 | INFO     | [DAY_START] Processing 09JAN
2025-12-31 21:04:23 | INFO     | [lf.day.start] Processing ASW-JED for 09JAN
2025-12-31 21:04:24 | WARNING  | [lf.day.no_flights] No direct flights on 09JAN
2025-12-31 21:04:25 | INFO     | [SUCCESS] Day 09JAN
2025-12-31 21:04:25 | INFO     | [DAY_START] Processing 08JAN
2025-12-31 21:04:25 | INFO     | [lf.day.start] Processing ASW-JED for 08JAN
2025-12-31 21:04:26 | WARNING  | [lf.day.no_flights] No direct flights on 08JAN
2025-12-31 21:04:26 | INFO     | [SUCCESS] Day 08JAN
2025-12-31 21:04:26 | INFO     | [DAY_START] Processing 07JAN
2025-12-31 21:04:26 | INFO     | [lf.day.start] Processing ASW-JED for 07JAN
2025-12-31 21:04:27 | WARNING  | [lf.day.no_flights] No direct flights on 07JAN
2025-12-31 21:04:27 | INFO     | [SUCCESS] Day 07JAN
2025-12-31 21:04:27 | INFO     | [DAY_START] Processing 06JAN
2025-12-31 21:04:27 | INFO     | [lf.day.start] Processing ASW-JED for 06JAN
2025-12-31 21:04:28 | WARNING  | [lf.day.no_flights] No direct flights on 06JAN
2025-12-31 21:04:29 | INFO     | [SUCCESS] Day 06JAN
2025-12-31 21:04:29 | INFO     | [SUCCESS] LF Search Complete
2025-12-31 21:04:31 | INFO     | [Worker_9227] Completed: ASW-JED - 6 results, 0 errors
2025-12-31 21:04:31 | INFO     | [Worker_9227] Processing: ATZ-RUH
2025-12-31 21:04:31 | INFO     |   Tier 0: Range 1, Chunk 4/5 (6 days)
