2025-12-31 21:03:19 | INFO     | ======================================================================
2025-12-31 21:03:19 | INFO     | Load Factor Scraper Started - Route: AHB-CAI
2025-12-31 21:03:19 | INFO     | Log file: D:\CODERED\LAB\market_insights\outputs\run_generated_311225_at_20.48\logs\LF_AHB-CAI_20251231_210319.log
2025-12-31 21:03:19 | INFO     | Enhanced logging: Capturing both logging.info() and print()
2025-12-31 21:03:19 | INFO     | ======================================================================
2025-12-31 21:03:19 | INFO     | Starting LF search for route: AHB-CAI
2025-12-31 21:03:19 | INFO     | [START] LF Search
2025-12-31 21:03:22 | INFO     | [HEALTH CHECK] [OK] Chrome connection is healthy
2025-12-31 21:03:23 | INFO     | [DAY_START] Processing 11JAN
2025-12-31 21:03:23 | INFO     | [lf.day.start] Processing AHB-CAI for 11JAN
2025-12-31 21:03:25 | INFO     | [lf.day.flights_found] Found 1 flights on 11JAN
2025-12-31 21:03:28 | INFO     | [lf.flight.extracted] SM444 on 11JAN: BKG=51, LF=29.1%
2025-12-31 21:03:34 | INFO     | [SUCCESS] Day 11JAN
2025-12-31 21:03:34 | INFO     | [DAY_START] Processing 10JAN
2025-12-31 21:03:34 | INFO     | [lf.day.start] Processing AHB-CAI for 10JAN
2025-12-31 21:03:36 | WARNING  | [lf.day.no_flights] No direct flights on 10JAN
2025-12-31 21:03:36 | INFO     | [SUCCESS] Day 10JAN
2025-12-31 21:03:36 | INFO     | [DAY_START] Processing 09JAN
2025-12-31 21:03:36 | INFO     | [lf.day.start] Processing AHB-CAI for 09JAN
2025-12-31 21:03:38 | INFO     | [lf.day.flights_found] Found 1 flights on 09JAN
2025-12-31 21:03:40 | INFO     | [lf.flight.extracted] SM444 on 09JAN: BKG=73, LF=41.7%
2025-12-31 21:03:49 | INFO     | [SUCCESS] Day 09JAN
2025-12-31 21:03:49 | INFO     | [DAY_START] Processing 08JAN
2025-12-31 21:03:49 | INFO     | [lf.day.start] Processing AHB-CAI for 08JAN
2025-12-31 21:03:50 | INFO     | [lf.day.flights_found] Found 1 flights on 08JAN
2025-12-31 21:03:52 | INFO     | [lf.flight.extracted] SM448 on 08JAN: BKG=70, LF=40.0%
2025-12-31 21:04:00 | INFO     | [SUCCESS] Day 08JAN
2025-12-31 21:04:00 | INFO     | [DAY_START] Processing 07JAN
2025-12-31 21:04:00 | INFO     | [lf.day.start] Processing AHB-CAI for 07JAN
2025-12-31 21:04:01 | WARNING  | [lf.day.no_flights] No direct flights on 07JAN
2025-12-31 21:04:01 | INFO     | [SUCCESS] Day 07JAN
2025-12-31 21:04:01 | INFO     | [DAY_START] Processing 06JAN
2025-12-31 21:04:01 | INFO     | [lf.day.start] Processing AHB-CAI for 06JAN
2025-12-31 21:04:02 | WARNING  | [lf.day.no_flights] No direct flights on 06JAN
2025-12-31 21:04:02 | INFO     | [SUCCESS] Day 06JAN
2025-12-31 21:04:02 | INFO     | [SUCCESS] LF Search Complete
2025-12-31 21:04:04 | INFO     | [Worker_9223] Completed: AHB-CAI - 6 results, 0 errors
2025-12-31 21:04:04 | INFO     | [Worker_9223] Processing: ATZ-JED
2025-12-31 21:04:04 | INFO     |   Tier 0: Range 1, Chunk 4/5 (6 days)
