2025-12-31 20:55:10 | INFO     | ======================================================================
2025-12-31 20:55:10 | INFO     | Load Factor Scraper Started - Route: ATZ-JED
2025-12-31 20:55:10 | INFO     | Log file: D:\CODERED\LAB\market_insights\outputs\run_generated_311225_at_20.48\logs\LF_ATZ-JED_20251231_205510.log
2025-12-31 20:55:10 | INFO     | Enhanced logging: Capturing both logging.info() and print()
2025-12-31 20:55:10 | INFO     | ======================================================================
2025-12-31 20:55:10 | INFO     | Starting LF search for route: ATZ-JED
2025-12-31 20:55:10 | INFO     | [START] LF Search
2025-12-31 20:55:11 | INFO     | [HEALTH CHECK] [OK] Chrome connection is healthy
2025-12-31 20:55:11 | INFO     | [DAY_START] Processing 24JAN
2025-12-31 20:55:11 | INFO     | [lf.day.start] Processing ATZ-JED for 24JAN
2025-12-31 20:55:12 | INFO     | [lf.day.flights_found] Found 4 flights on 24JAN
2025-12-31 20:55:15 | INFO     | [lf.flight.extracted] SM491 on 24JAN: BKG=182, LF=101.7%
2025-12-31 20:55:19 | INFO     | [lf.flight.extracted] SM453 on 24JAN: BKG=150, LF=83.8%
2025-12-31 20:55:22 | INFO     | [lf.flight.extracted] SM957 on 24JAN: BKG=180, LF=100.6%
2025-12-31 20:55:25 | INFO     | [lf.flight.extracted] SM455 on 24JAN: BKG=150, LF=83.8%
2025-12-31 20:55:33 | INFO     | [SUCCESS] Day 24JAN
2025-12-31 20:55:33 | INFO     | [DAY_START] Processing 23JAN
2025-12-31 20:55:33 | INFO     | [lf.day.start] Processing ATZ-JED for 23JAN
2025-12-31 20:55:34 | INFO     | [lf.day.flights_found] Found 2 flights on 23JAN
2025-12-31 20:55:36 | INFO     | [lf.flight.extracted] SM491 on 23JAN: BKG=171, LF=95.5%
2025-12-31 20:55:39 | INFO     | [lf.flight.extracted] SM955 on 23JAN: BKG=180, LF=100.6%
2025-12-31 20:55:45 | INFO     | [SUCCESS] Day 23JAN
2025-12-31 20:55:45 | INFO     | [DAY_START] Processing 22JAN
2025-12-31 20:55:45 | INFO     | [lf.day.start] Processing ATZ-JED for 22JAN
2025-12-31 20:55:46 | INFO     | [lf.day.flights_found] Found 3 flights on 22JAN
2025-12-31 20:55:48 | INFO     | [lf.flight.extracted] SM963 on 22JAN: BKG=176, LF=98.3%
2025-12-31 20:55:52 | INFO     | [lf.flight.extracted] SM453 on 22JAN: BKG=155, LF=86.6%
2025-12-31 20:55:55 | INFO     | [lf.flight.extracted] SM455 on 22JAN: BKG=114, LF=63.7%
2025-12-31 20:56:05 | INFO     | [SUCCESS] Day 22JAN
2025-12-31 20:56:05 | INFO     | [DAY_START] Processing 21JAN
2025-12-31 20:56:05 | INFO     | [lf.day.start] Processing ATZ-JED for 21JAN
2025-12-31 20:56:06 | INFO     | [lf.day.flights_found] Found 3 flights on 21JAN
2025-12-31 20:56:08 | INFO     | [lf.flight.extracted] SM453 on 21JAN: BKG=179, LF=100.0%
2025-12-31 20:56:12 | INFO     | [lf.flight.extracted] SM491 on 21JAN: BKG=180, LF=100.6%
2025-12-31 20:56:15 | INFO     | [lf.flight.extracted] SM421 on 21JAN: BKG=180, LF=100.6%
2025-12-31 20:56:20 | INFO     | [SUCCESS] Day 21JAN
2025-12-31 20:56:20 | INFO     | [DAY_START] Processing 20JAN
2025-12-31 20:56:20 | INFO     | [lf.day.start] Processing ATZ-JED for 20JAN
2025-12-31 20:56:21 | INFO     | [lf.day.flights_found] Found 2 flights on 20JAN
2025-12-31 20:56:23 | INFO     | [lf.flight.extracted] SM453 on 20JAN: BKG=150, LF=83.8%
2025-12-31 20:56:27 | INFO     | [lf.flight.extracted] SM455 on 20JAN: BKG=177, LF=98.9%
2025-12-31 20:56:35 | INFO     | [SUCCESS] Day 20JAN
2025-12-31 20:56:35 | INFO     | [DAY_START] Processing 19JAN
2025-12-31 20:56:35 | INFO     | [lf.day.start] Processing ATZ-JED for 19JAN
2025-12-31 20:56:36 | INFO     | [lf.day.flights_found] Found 4 flights on 19JAN
2025-12-31 20:56:39 | INFO     | [lf.flight.extracted] SM491 on 19JAN: BKG=123, LF=68.7%
2025-12-31 20:56:43 | INFO     | [lf.flight.extracted] SM455 on 19JAN: BKG=138, LF=77.1%
2025-12-31 20:56:47 | INFO     | [lf.flight.extracted] SM421 on 19JAN: BKG=127, LF=71.0%
2025-12-31 20:56:50 | INFO     | [lf.flight.extracted] SM453 on 19JAN: BKG=180, LF=100.6%
2025-12-31 20:57:00 | INFO     | [SUCCESS] Day 19JAN
2025-12-31 20:57:00 | INFO     | [DAY_START] Processing 18JAN
2025-12-31 20:57:00 | INFO     | [lf.day.start] Processing ATZ-JED for 18JAN
2025-12-31 20:57:01 | INFO     | [lf.day.flights_found] Found 2 flights on 18JAN
2025-12-31 20:57:04 | INFO     | [lf.flight.extracted] SM491 on 18JAN: BKG=150, LF=83.8%
2025-12-31 20:57:07 | INFO     | [lf.flight.extracted] SM455 on 18JAN: BKG=166, LF=92.7%
2025-12-31 20:57:12 | INFO     | [SUCCESS] Day 18JAN
2025-12-31 20:57:12 | INFO     | [SUCCESS] LF Search Complete
2025-12-31 20:57:15 | INFO     | [Worker_9232] Completed: ATZ-JED - 7 results, 0 errors
2025-12-31 20:57:15 | INFO     | [Worker_9232] Processing: JED-ASW
2025-12-31 20:57:15 | INFO     |   Tier 0: Range 1, Chunk 3/5 (6 days)
