2025-12-31 21:00:42 | INFO     | ======================================================================
2025-12-31 21:00:42 | INFO     | Load Factor Scraper Started - Route: ATZ-AJF
2025-12-31 21:00:42 | INFO     | Log file: D:\CODERED\LAB\market_insights\outputs\run_generated_311225_at_20.48\logs\LF_ATZ-AJF_20251231_210042.log
2025-12-31 21:00:42 | INFO     | Enhanced logging: Capturing both logging.info() and print()
2025-12-31 21:00:42 | INFO     | ======================================================================
2025-12-31 21:00:42 | INFO     | Starting LF search for route: ATZ-AJF
2025-12-31 21:00:42 | INFO     | [START] LF Search
2025-12-31 21:00:44 | INFO     | [HEALTH CHECK] [OK] Chrome connection is healthy
2025-12-31 21:00:44 | INFO     | [DAY_START] Processing 17JAN
2025-12-31 21:00:44 | INFO     | [lf.day.start] Processing ATZ-AJF for 17JAN
2025-12-31 21:00:46 | WARNING  | [lf.day.no_flights] No direct flights on 17JAN
2025-12-31 21:00:46 | INFO     | [SUCCESS] Day 17JAN
2025-12-31 21:00:46 | INFO     | [DAY_START] Processing 16JAN
2025-12-31 21:00:46 | INFO     | [lf.day.start] Processing ATZ-AJF for 16JAN
2025-12-31 21:00:48 | INFO     | [lf.day.flights_found] Found 1 flights on 16JAN
2025-12-31 21:00:51 | INFO     | [lf.flight.extracted] SM323 on 16JAN: BKG=38, LF=21.2%
2025-12-31 21:00:55 | INFO     | [SUCCESS] Day 16JAN
2025-12-31 21:00:55 | INFO     | [DAY_START] Processing 15JAN
2025-12-31 21:00:55 | INFO     | [lf.day.start] Processing ATZ-AJF for 15JAN
2025-12-31 21:00:56 | WARNING  | [lf.day.no_flights] No direct flights on 15JAN
2025-12-31 21:00:57 | INFO     | [SUCCESS] Day 15JAN
2025-12-31 21:00:57 | INFO     | [DAY_START] Processing 14JAN
2025-12-31 21:00:57 | INFO     | [lf.day.start] Processing ATZ-AJF for 14JAN
2025-12-31 21:00:58 | WARNING  | [lf.day.no_flights] No direct flights on 14JAN
2025-12-31 21:00:58 | INFO     | [SUCCESS] Day 14JAN
2025-12-31 21:00:58 | INFO     | [DAY_START] Processing 13JAN
2025-12-31 21:00:58 | INFO     | [lf.day.start] Processing ATZ-AJF for 13JAN
2025-12-31 21:00:59 | WARNING  | [lf.day.no_flights] No direct flights on 13JAN
2025-12-31 21:00:59 | INFO     | [SUCCESS] Day 13JAN
2025-12-31 21:00:59 | INFO     | [DAY_START] Processing 12JAN
2025-12-31 21:00:59 | INFO     | [lf.day.start] Processing ATZ-AJF for 12JAN
2025-12-31 21:01:00 | WARNING  | [lf.day.no_flights] No direct flights on 12JAN
2025-12-31 21:01:01 | INFO     | [SUCCESS] Day 12JAN
2025-12-31 21:01:01 | INFO     | [SUCCESS] LF Search Complete
2025-12-31 21:01:03 | INFO     | [Worker_9226] Completed: ATZ-AJF - 6 results, 0 errors
2025-12-31 21:01:03 | INFO     | [Worker_9226] Processing: CAI-ELQ
2025-12-31 21:01:03 | INFO     |   Tier 0: Range 1, Chunk 3/5 (6 days)
