2025-12-31 20:50:18 | INFO     | ======================================================================
2025-12-31 20:50:18 | INFO     | Load Factor Scraper Started - Route: AHB-CAI
2025-12-31 20:50:18 | INFO     | Log file: D:\CODERED\LAB\market_insights\outputs\run_generated_311225_at_20.48\logs\LF_AHB-CAI_20251231_205018.log
2025-12-31 20:50:18 | INFO     | Enhanced logging: Capturing both logging.info() and print()
2025-12-31 20:50:18 | INFO     | ======================================================================
2025-12-31 20:50:18 | INFO     | Starting LF search for route: AHB-CAI
2025-12-31 20:50:18 | INFO     | [START] LF Search
2025-12-31 20:50:20 | INFO     | [HEALTH CHECK] [OK] Chrome connection is healthy
2025-12-31 20:50:20 | INFO     | [DAY_START] Processing 31JAN
2025-12-31 20:50:20 | INFO     | [lf.day.start] Processing AHB-CAI for 31JAN
2025-12-31 20:50:21 | WARNING  | [lf.day.no_flights] No direct flights on 31JAN
2025-12-31 20:50:21 | INFO     | [SUCCESS] Day 31JAN
2025-12-31 20:50:21 | INFO     | [DAY_START] Processing 30JAN
2025-12-31 20:50:21 | INFO     | [lf.day.start] Processing AHB-CAI for 30JAN
2025-12-31 20:50:22 | INFO     | [lf.day.flights_found] Found 1 flights on 30JAN
2025-12-31 20:50:24 | INFO     | [lf.flight.extracted] SM444 on 30JAN: BKG=37, LF=21.1%
2025-12-31 20:50:28 | INFO     | [SUCCESS] Day 30JAN
2025-12-31 20:50:28 | INFO     | [DAY_START] Processing 29JAN
2025-12-31 20:50:28 | INFO     | [lf.day.start] Processing AHB-CAI for 29JAN
2025-12-31 20:50:29 | INFO     | [lf.day.flights_found] Found 1 flights on 29JAN
2025-12-31 20:50:31 | INFO     | [lf.flight.extracted] SM448 on 29JAN: BKG=28, LF=16.0%
2025-12-31 20:50:35 | INFO     | [SUCCESS] Day 29JAN
2025-12-31 20:50:35 | INFO     | [DAY_START] Processing 28JAN
2025-12-31 20:50:35 | INFO     | [lf.day.start] Processing AHB-CAI for 28JAN
2025-12-31 20:50:36 | WARNING  | [lf.day.no_flights] No direct flights on 28JAN
2025-12-31 20:50:36 | INFO     | [SUCCESS] Day 28JAN
2025-12-31 20:50:36 | INFO     | [DAY_START] Processing 27JAN
2025-12-31 20:50:36 | INFO     | [lf.day.start] Processing AHB-CAI for 27JAN
2025-12-31 20:50:37 | WARNING  | [lf.day.no_flights] No direct flights on 27JAN
2025-12-31 20:50:37 | INFO     | [SUCCESS] Day 27JAN
2025-12-31 20:50:37 | INFO     | [DAY_START] Processing 26JAN
2025-12-31 20:50:37 | INFO     | [lf.day.start] Processing AHB-CAI for 26JAN
2025-12-31 20:50:39 | WARNING  | [lf.day.no_flights] No direct flights on 26JAN
2025-12-31 20:50:39 | INFO     | [SUCCESS] Day 26JAN
2025-12-31 20:50:39 | INFO     | [DAY_START] Processing 25JAN
2025-12-31 20:50:39 | INFO     | [lf.day.start] Processing AHB-CAI for 25JAN
2025-12-31 20:50:40 | INFO     | [lf.day.flights_found] Found 1 flights on 25JAN
2025-12-31 20:50:42 | INFO     | [lf.flight.extracted] SM444 on 25JAN: BKG=20, LF=11.4%
2025-12-31 20:50:46 | INFO     | [SUCCESS] Day 25JAN
2025-12-31 20:50:46 | INFO     | [SUCCESS] LF Search Complete
2025-12-31 20:50:48 | INFO     | [Worker_9223] Completed: AHB-CAI - 7 results, 0 errors
2025-12-31 20:50:48 | INFO     | [Worker_9223] Processing: HBE-MED
2025-12-31 20:50:48 | INFO     |   Tier 0: Range 1, Chunk 1/5 (7 days)
