2025-12-31 20:54:32 | INFO     | ======================================================================
2025-12-31 20:54:32 | INFO     | Load Factor Scraper Started - Route: AHB-ATZ
2025-12-31 20:54:32 | INFO     | Log file: D:\CODERED\LAB\market_insights\outputs\run_generated_311225_at_20.48\logs\LF_AHB-ATZ_20251231_205432.log
2025-12-31 20:54:32 | INFO     | Enhanced logging: Capturing both logging.info() and print()
2025-12-31 20:54:32 | INFO     | ======================================================================
2025-12-31 20:54:32 | INFO     | Starting LF search for route: AHB-ATZ
2025-12-31 20:54:32 | INFO     | [START] LF Search
2025-12-31 20:54:34 | INFO     | [HEALTH CHECK] [OK] Chrome connection is healthy
2025-12-31 20:54:34 | INFO     | [DAY_START] Processing 24JAN
2025-12-31 20:54:34 | INFO     | [lf.day.start] Processing AHB-ATZ for 24JAN
2025-12-31 20:54:35 | WARNING  | [lf.day.no_flights] No direct flights on 24JAN
2025-12-31 20:54:35 | INFO     | [SUCCESS] Day 24JAN
2025-12-31 20:54:35 | INFO     | [DAY_START] Processing 23JAN
2025-12-31 20:54:35 | INFO     | [lf.day.start] Processing AHB-ATZ for 23JAN
2025-12-31 20:54:36 | INFO     | [lf.day.flights_found] Found 1 flights on 23JAN
2025-12-31 20:54:38 | INFO     | [lf.flight.extracted] SM446 on 23JAN: BKG=47, LF=26.9%
2025-12-31 20:54:44 | INFO     | [SUCCESS] Day 23JAN
2025-12-31 20:54:44 | INFO     | [DAY_START] Processing 22JAN
2025-12-31 20:54:44 | INFO     | [lf.day.start] Processing AHB-ATZ for 22JAN
2025-12-31 20:54:45 | WARNING  | [lf.day.no_flights] No direct flights on 22JAN
2025-12-31 20:54:45 | INFO     | [SUCCESS] Day 22JAN
2025-12-31 20:54:45 | INFO     | [DAY_START] Processing 21JAN
2025-12-31 20:54:45 | INFO     | [lf.day.start] Processing AHB-ATZ for 21JAN
2025-12-31 20:54:46 | WARNING  | [lf.day.no_flights] No direct flights on 21JAN
2025-12-31 20:54:46 | INFO     | [SUCCESS] Day 21JAN
2025-12-31 20:54:46 | INFO     | [DAY_START] Processing 20JAN
2025-12-31 20:54:46 | INFO     | [lf.day.start] Processing AHB-ATZ for 20JAN
2025-12-31 20:54:47 | WARNING  | [lf.day.no_flights] No direct flights on 20JAN
2025-12-31 20:54:47 | INFO     | [SUCCESS] Day 20JAN
2025-12-31 20:54:47 | INFO     | [DAY_START] Processing 19JAN
2025-12-31 20:54:47 | INFO     | [lf.day.start] Processing AHB-ATZ for 19JAN
2025-12-31 20:54:49 | WARNING  | [lf.day.no_flights] No direct flights on 19JAN
2025-12-31 20:54:49 | INFO     | [SUCCESS] Day 19JAN
2025-12-31 20:54:49 | INFO     | [DAY_START] Processing 18JAN
2025-12-31 20:54:49 | INFO     | [lf.day.start] Processing AHB-ATZ for 18JAN
2025-12-31 20:54:50 | WARNING  | [lf.day.no_flights] No direct flights on 18JAN
2025-12-31 20:54:50 | INFO     | [SUCCESS] Day 18JAN
2025-12-31 20:54:50 | INFO     | [SUCCESS] LF Search Complete
2025-12-31 20:54:52 | INFO     | [Worker_9223] Completed: AHB-ATZ - 7 results, 0 errors
2025-12-31 20:54:52 | INFO     | [Worker_9223] Processing: CAI-MED
2025-12-31 20:54:52 | INFO     |   Tier 0: Range 1, Chunk 2/5 (7 days)
