2025-12-31 20:50:21 | INFO     | ======================================================================
2025-12-31 20:50:21 | INFO     | Load Factor Scraper Started - Route: AHB-ATZ
2025-12-31 20:50:21 | INFO     | Log file: D:\CODERED\LAB\market_insights\outputs\run_generated_311225_at_20.48\logs\LF_AHB-ATZ_20251231_205021.log
2025-12-31 20:50:21 | INFO     | Enhanced logging: Capturing both logging.info() and print()
2025-12-31 20:50:21 | INFO     | ======================================================================
2025-12-31 20:50:21 | INFO     | Starting LF search for route: AHB-ATZ
2025-12-31 20:50:21 | INFO     | [START] LF Search
2025-12-31 20:50:22 | INFO     | [HEALTH CHECK] [OK] Chrome connection is healthy
2025-12-31 20:50:22 | INFO     | [DAY_START] Processing 31JAN
2025-12-31 20:50:22 | INFO     | [lf.day.start] Processing AHB-ATZ for 31JAN
2025-12-31 20:50:23 | WARNING  | [lf.day.no_flights] No direct flights on 31JAN
2025-12-31 20:50:23 | INFO     | [SUCCESS] Day 31JAN
2025-12-31 20:50:23 | INFO     | [DAY_START] Processing 30JAN
2025-12-31 20:50:23 | INFO     | [lf.day.start] Processing AHB-ATZ for 30JAN
2025-12-31 20:50:24 | INFO     | [lf.day.flights_found] Found 1 flights on 30JAN
2025-12-31 20:50:26 | INFO     | [lf.flight.extracted] SM446 on 30JAN: BKG=28, LF=16.8%
2025-12-31 20:50:30 | INFO     | [SUCCESS] Day 30JAN
2025-12-31 20:50:30 | INFO     | [DAY_START] Processing 29JAN
2025-12-31 20:50:30 | INFO     | [lf.day.start] Processing AHB-ATZ for 29JAN
2025-12-31 20:50:31 | WARNING  | [lf.day.no_flights] No direct flights on 29JAN
2025-12-31 20:50:31 | INFO     | [SUCCESS] Day 29JAN
2025-12-31 20:50:31 | INFO     | [DAY_START] Processing 28JAN
2025-12-31 20:50:31 | INFO     | [lf.day.start] Processing AHB-ATZ for 28JAN
2025-12-31 20:50:32 | WARNING  | [lf.day.no_flights] No direct flights on 28JAN
2025-12-31 20:50:32 | INFO     | [SUCCESS] Day 28JAN
2025-12-31 20:50:32 | INFO     | [DAY_START] Processing 27JAN
2025-12-31 20:50:32 | INFO     | [lf.day.start] Processing AHB-ATZ for 27JAN
2025-12-31 20:50:33 | WARNING  | [lf.day.no_flights] No direct flights on 27JAN
2025-12-31 20:50:33 | INFO     | [SUCCESS] Day 27JAN
2025-12-31 20:50:33 | INFO     | [DAY_START] Processing 26JAN
2025-12-31 20:50:33 | INFO     | [lf.day.start] Processing AHB-ATZ for 26JAN
2025-12-31 20:50:34 | WARNING  | [lf.day.no_flights] No direct flights on 26JAN
2025-12-31 20:50:35 | INFO     | [SUCCESS] Day 26JAN
2025-12-31 20:50:35 | INFO     | [DAY_START] Processing 25JAN
2025-12-31 20:50:35 | INFO     | [lf.day.start] Processing AHB-ATZ for 25JAN
2025-12-31 20:50:36 | WARNING  | [lf.day.no_flights] No direct flights on 25JAN
2025-12-31 20:50:36 | INFO     | [SUCCESS] Day 25JAN
2025-12-31 20:50:36 | INFO     | [SUCCESS] LF Search Complete
2025-12-31 20:50:38 | INFO     | [Worker_9225] Completed: AHB-ATZ - 7 results, 0 errors
2025-12-31 20:50:38 | INFO     | [Worker_9225] Processing: CAI-MED
2025-12-31 20:50:38 | INFO     |   Tier 0: Range 1, Chunk 1/5 (7 days)
