2025-12-31 20:56:40 | INFO     | ======================================================================
2025-12-31 20:56:40 | INFO     | Load Factor Scraper Started - Route: ATZ-ELQ
2025-12-31 20:56:40 | INFO     | Log file: D:\CODERED\LAB\market_insights\outputs\run_generated_311225_at_20.48\logs\LF_ATZ-ELQ_20251231_205640.log
2025-12-31 20:56:40 | INFO     | Enhanced logging: Capturing both logging.info() and print()
2025-12-31 20:56:40 | INFO     | ======================================================================
2025-12-31 20:56:40 | INFO     | Starting LF search for route: ATZ-ELQ
2025-12-31 20:56:40 | INFO     | [START] LF Search
2025-12-31 20:56:42 | INFO     | [HEALTH CHECK] [OK] Chrome connection is healthy
2025-12-31 20:56:42 | INFO     | [DAY_START] Processing 24JAN
2025-12-31 20:56:42 | INFO     | [lf.day.start] Processing ATZ-ELQ for 24JAN
2025-12-31 20:56:44 | INFO     | [lf.day.flights_found] Found 1 flights on 24JAN
2025-12-31 20:56:46 | INFO     | [lf.flight.extracted] SM435 on 24JAN: BKG=37, LF=20.7%
2025-12-31 20:56:50 | INFO     | [SUCCESS] Day 24JAN
2025-12-31 20:56:50 | INFO     | [DAY_START] Processing 23JAN
2025-12-31 20:56:50 | INFO     | [lf.day.start] Processing ATZ-ELQ for 23JAN
2025-12-31 20:56:51 | WARNING  | [lf.day.no_flights] No direct flights on 23JAN
2025-12-31 20:56:51 | INFO     | [SUCCESS] Day 23JAN
2025-12-31 20:56:51 | INFO     | [DAY_START] Processing 22JAN
2025-12-31 20:56:51 | INFO     | [lf.day.start] Processing ATZ-ELQ for 22JAN
2025-12-31 20:56:52 | WARNING  | [lf.day.no_flights] No direct flights on 22JAN
2025-12-31 20:56:53 | INFO     | [SUCCESS] Day 22JAN
2025-12-31 20:56:53 | INFO     | [DAY_START] Processing 21JAN
2025-12-31 20:56:53 | INFO     | [lf.day.start] Processing ATZ-ELQ for 21JAN
2025-12-31 20:56:54 | WARNING  | [lf.day.no_flights] No direct flights on 21JAN
2025-12-31 20:56:54 | INFO     | [SUCCESS] Day 21JAN
2025-12-31 20:56:54 | INFO     | [DAY_START] Processing 20JAN
2025-12-31 20:56:54 | INFO     | [lf.day.start] Processing ATZ-ELQ for 20JAN
2025-12-31 20:56:55 | INFO     | [lf.day.flights_found] Found 1 flights on 20JAN
2025-12-31 20:56:57 | INFO     | [lf.flight.extracted] SM435 on 20JAN: BKG=25, LF=14.0%
2025-12-31 20:57:01 | INFO     | [SUCCESS] Day 20JAN
2025-12-31 20:57:01 | INFO     | [DAY_START] Processing 19JAN
2025-12-31 20:57:01 | INFO     | [lf.day.start] Processing ATZ-ELQ for 19JAN
2025-12-31 20:57:02 | WARNING  | [lf.day.no_flights] No direct flights on 19JAN
2025-12-31 20:57:02 | INFO     | [SUCCESS] Day 19JAN
2025-12-31 20:57:02 | INFO     | [DAY_START] Processing 18JAN
2025-12-31 20:57:02 | INFO     | [lf.day.start] Processing ATZ-ELQ for 18JAN
2025-12-31 20:57:03 | WARNING  | [lf.day.no_flights] No direct flights on 18JAN
2025-12-31 20:57:04 | INFO     | [SUCCESS] Day 18JAN
2025-12-31 20:57:04 | INFO     | [SUCCESS] LF Search Complete
2025-12-31 20:57:06 | INFO     | [Worker_9233] Completed: ATZ-ELQ - 7 results, 0 errors
2025-12-31 20:57:06 | INFO     | [Worker_9233] Processing: JED-CAI
2025-12-31 20:57:06 | INFO     |   Tier 0: Range 1, Chunk 3/5 (6 days)
