2025-12-31 20:54:11 | INFO     | ======================================================================
2025-12-31 20:54:11 | INFO     | Load Factor Scraper Started - Route: AJF-CAI
2025-12-31 20:54:11 | INFO     | Log file: D:\CODERED\LAB\market_insights\outputs\run_generated_311225_at_20.48\logs\LF_AJF-CAI_20251231_205411.log
2025-12-31 20:54:11 | INFO     | Enhanced logging: Capturing both logging.info() and print()
2025-12-31 20:54:11 | INFO     | ======================================================================
2025-12-31 20:54:11 | INFO     | Starting LF search for route: AJF-CAI
2025-12-31 20:54:11 | INFO     | [START] LF Search
2025-12-31 20:54:13 | INFO     | [HEALTH CHECK] [OK] Chrome connection is healthy
2025-12-31 20:54:13 | INFO     | [DAY_START] Processing 24JAN
2025-12-31 20:54:13 | INFO     | [lf.day.start] Processing AJF-CAI for 24JAN
2025-12-31 20:54:14 | INFO     | [lf.day.flights_found] Found 1 flights on 24JAN
2025-12-31 20:54:16 | INFO     | [lf.flight.extracted] SM322 on 24JAN: BKG=8, LF=4.6%
2025-12-31 20:54:19 | INFO     | [SUCCESS] Day 24JAN
2025-12-31 20:54:19 | INFO     | [DAY_START] Processing 23JAN
2025-12-31 20:54:19 | INFO     | [lf.day.start] Processing AJF-CAI for 23JAN
2025-12-31 20:54:20 | WARNING  | [lf.day.no_flights] No direct flights on 23JAN
2025-12-31 20:54:20 | INFO     | [SUCCESS] Day 23JAN
2025-12-31 20:54:20 | INFO     | [DAY_START] Processing 22JAN
2025-12-31 20:54:20 | INFO     | [lf.day.start] Processing AJF-CAI for 22JAN
2025-12-31 20:54:21 | INFO     | [lf.day.flights_found] Found 1 flights on 22JAN
2025-12-31 20:54:24 | INFO     | [lf.flight.extracted] SM322 on 22JAN: BKG=5, LF=2.9%
2025-12-31 20:54:27 | INFO     | [SUCCESS] Day 22JAN
2025-12-31 20:54:27 | INFO     | [DAY_START] Processing 21JAN
2025-12-31 20:54:27 | INFO     | [lf.day.start] Processing AJF-CAI for 21JAN
2025-12-31 20:54:30 | WARNING  | [lf.day.no_flights] No direct flights on 21JAN
2025-12-31 20:54:30 | INFO     | [SUCCESS] Day 21JAN
2025-12-31 20:54:30 | INFO     | [DAY_START] Processing 20JAN
2025-12-31 20:54:30 | INFO     | [lf.day.start] Processing AJF-CAI for 20JAN
2025-12-31 20:54:31 | INFO     | [lf.day.flights_found] Found 1 flights on 20JAN
2025-12-31 20:54:33 | INFO     | [lf.flight.extracted] SM322 on 20JAN: BKG=19, LF=10.9%
2025-12-31 20:54:37 | INFO     | [SUCCESS] Day 20JAN
2025-12-31 20:54:37 | INFO     | [DAY_START] Processing 19JAN
2025-12-31 20:54:37 | INFO     | [lf.day.start] Processing AJF-CAI for 19JAN
2025-12-31 20:54:38 | WARNING  | [lf.day.no_flights] No direct flights on 19JAN
2025-12-31 20:54:38 | INFO     | [SUCCESS] Day 19JAN
2025-12-31 20:54:38 | INFO     | [DAY_START] Processing 18JAN
2025-12-31 20:54:38 | INFO     | [lf.day.start] Processing AJF-CAI for 18JAN
2025-12-31 20:54:39 | WARNING  | [lf.day.no_flights] No direct flights on 18JAN
2025-12-31 20:54:39 | INFO     | [SUCCESS] Day 18JAN
2025-12-31 20:54:39 | INFO     | [SUCCESS] LF Search Complete
2025-12-31 20:54:41 | INFO     | [Worker_9232] Completed: AJF-CAI - 7 results, 0 errors
2025-12-31 20:54:41 | INFO     | [Worker_9232] Processing: ELQ-ATZ
2025-12-31 20:54:41 | INFO     |   Tier 0: Range 1, Chunk 2/5 (7 days)
