2025-12-31 21:05:16 | INFO     | ======================================================================
2025-12-31 21:05:16 | INFO     | Load Factor Scraper Started - Route: ATZ-AJF
2025-12-31 21:05:16 | INFO     | Log file: D:\CODERED\LAB\market_insights\outputs\run_generated_311225_at_20.48\logs\LF_ATZ-AJF_20251231_210515.log
2025-12-31 21:05:16 | INFO     | Enhanced logging: Capturing both logging.info() and print()
2025-12-31 21:05:16 | INFO     | ======================================================================
2025-12-31 21:05:16 | INFO     | Starting LF search for route: ATZ-AJF
2025-12-31 21:05:16 | INFO     | [START] LF Search
2025-12-31 21:05:18 | INFO     | [HEALTH CHECK] [OK] Chrome connection is healthy
2025-12-31 21:05:18 | INFO     | [DAY_START] Processing 11JAN
2025-12-31 21:05:18 | INFO     | [lf.day.start] Processing ATZ-AJF for 11JAN
2025-12-31 21:05:19 | WARNING  | [lf.day.no_flights] No direct flights on 11JAN
2025-12-31 21:05:19 | INFO     | [SUCCESS] Day 11JAN
2025-12-31 21:05:19 | INFO     | [DAY_START] Processing 10JAN
2025-12-31 21:05:19 | INFO     | [lf.day.start] Processing ATZ-AJF for 10JAN
2025-12-31 21:05:20 | WARNING  | [lf.day.no_flights] No direct flights on 10JAN
2025-12-31 21:05:21 | INFO     | [SUCCESS] Day 10JAN
2025-12-31 21:05:21 | INFO     | [DAY_START] Processing 09JAN
2025-12-31 21:05:21 | INFO     | [lf.day.start] Processing ATZ-AJF for 09JAN
2025-12-31 21:05:22 | INFO     | [lf.day.flights_found] Found 1 flights on 09JAN
2025-12-31 21:05:24 | INFO     | [lf.flight.extracted] SM323 on 09JAN: BKG=54, LF=30.2%
2025-12-31 21:05:30 | INFO     | [SUCCESS] Day 09JAN
2025-12-31 21:05:30 | INFO     | [DAY_START] Processing 08JAN
2025-12-31 21:05:30 | INFO     | [lf.day.start] Processing ATZ-AJF for 08JAN
2025-12-31 21:05:31 | WARNING  | [lf.day.no_flights] No direct flights on 08JAN
2025-12-31 21:05:31 | INFO     | [SUCCESS] Day 08JAN
2025-12-31 21:05:31 | INFO     | [DAY_START] Processing 07JAN
2025-12-31 21:05:31 | INFO     | [lf.day.start] Processing ATZ-AJF for 07JAN
2025-12-31 21:05:33 | WARNING  | [lf.day.no_flights] No direct flights on 07JAN
2025-12-31 21:05:33 | INFO     | [SUCCESS] Day 07JAN
2025-12-31 21:05:33 | INFO     | [DAY_START] Processing 06JAN
2025-12-31 21:05:33 | INFO     | [lf.day.start] Processing ATZ-AJF for 06JAN
2025-12-31 21:05:34 | WARNING  | [lf.day.no_flights] No direct flights on 06JAN
2025-12-31 21:05:34 | INFO     | [SUCCESS] Day 06JAN
2025-12-31 21:05:34 | INFO     | [SUCCESS] LF Search Complete
2025-12-31 21:05:36 | INFO     | [Worker_9224] Completed: ATZ-AJF - 6 results, 0 errors
2025-12-31 21:05:36 | INFO     | [Worker_9224] Processing: CAI-ELQ
2025-12-31 21:05:36 | INFO     |   Tier 0: Range 1, Chunk 4/5 (6 days)
