2025-12-31 20:59:53 | INFO     | ======================================================================
2025-12-31 20:59:53 | INFO     | Load Factor Scraper Started - Route: ATZ-RUH
2025-12-31 20:59:53 | INFO     | Log file: D:\CODERED\LAB\market_insights\outputs\run_generated_311225_at_20.48\logs\LF_ATZ-RUH_20251231_205953.log
2025-12-31 20:59:53 | INFO     | Enhanced logging: Capturing both logging.info() and print()
2025-12-31 20:59:53 | INFO     | ======================================================================
2025-12-31 20:59:53 | INFO     | Starting LF search for route: ATZ-RUH
2025-12-31 20:59:53 | INFO     | [START] LF Search
2025-12-31 20:59:55 | INFO     | [HEALTH CHECK] [OK] Chrome connection is healthy
2025-12-31 20:59:56 | INFO     | [DAY_START] Processing 17JAN
2025-12-31 20:59:56 | INFO     | [lf.day.start] Processing ATZ-RUH for 17JAN
2025-12-31 20:59:57 | WARNING  | [lf.day.no_flights] No direct flights on 17JAN
2025-12-31 20:59:57 | INFO     | [SUCCESS] Day 17JAN
2025-12-31 20:59:57 | INFO     | [DAY_START] Processing 16JAN
2025-12-31 20:59:57 | INFO     | [lf.day.start] Processing ATZ-RUH for 16JAN
2025-12-31 20:59:59 | WARNING  | [lf.day.no_flights] No direct flights on 16JAN
2025-12-31 20:59:59 | INFO     | [SUCCESS] Day 16JAN
2025-12-31 20:59:59 | INFO     | [DAY_START] Processing 15JAN
2025-12-31 20:59:59 | INFO     | [lf.day.start] Processing ATZ-RUH for 15JAN
2025-12-31 21:00:00 | WARNING  | [lf.day.no_flights] No direct flights on 15JAN
2025-12-31 21:00:00 | INFO     | [SUCCESS] Day 15JAN
2025-12-31 21:00:00 | INFO     | [DAY_START] Processing 14JAN
2025-12-31 21:00:00 | INFO     | [lf.day.start] Processing ATZ-RUH for 14JAN
2025-12-31 21:00:02 | INFO     | [lf.day.flights_found] Found 1 flights on 14JAN
2025-12-31 21:00:04 | INFO     | [lf.flight.extracted] SM465 on 14JAN: BKG=91, LF=50.8%
2025-12-31 21:00:11 | INFO     | [SUCCESS] Day 14JAN
2025-12-31 21:00:11 | INFO     | [DAY_START] Processing 13JAN
2025-12-31 21:00:11 | INFO     | [lf.day.start] Processing ATZ-RUH for 13JAN
2025-12-31 21:00:12 | INFO     | [lf.day.flights_found] Found 1 flights on 13JAN
2025-12-31 21:00:14 | INFO     | [lf.flight.extracted] SM463 on 13JAN: BKG=83, LF=46.4%
2025-12-31 21:00:20 | INFO     | [SUCCESS] Day 13JAN
2025-12-31 21:00:20 | INFO     | [DAY_START] Processing 12JAN
2025-12-31 21:00:20 | INFO     | [lf.day.start] Processing ATZ-RUH for 12JAN
2025-12-31 21:00:21 | WARNING  | [lf.day.no_flights] No direct flights on 12JAN
2025-12-31 21:00:21 | INFO     | [SUCCESS] Day 12JAN
2025-12-31 21:00:21 | INFO     | [SUCCESS] LF Search Complete
2025-12-31 21:00:23 | INFO     | [Worker_9223] Completed: ATZ-RUH - 6 results, 0 errors
2025-12-31 21:00:23 | INFO     | [Worker_9223] Processing: ATZ-TUU
2025-12-31 21:00:23 | INFO     |   Tier 0: Range 1, Chunk 3/5 (6 days)
