2025-12-31 21:09:19 | INFO     | ======================================================================
2025-12-31 21:09:19 | INFO     | Load Factor Scraper Started - Route: CAI-ELQ
2025-12-31 21:09:19 | INFO     | Log file: D:\CODERED\LAB\market_insights\outputs\run_generated_311225_at_20.48\logs\LF_CAI-ELQ_20251231_210919.log
2025-12-31 21:09:19 | INFO     | Enhanced logging: Capturing both logging.info() and print()
2025-12-31 21:09:19 | INFO     | ======================================================================
2025-12-31 21:09:19 | INFO     | Starting LF search for route: CAI-ELQ
2025-12-31 21:09:19 | INFO     | [START] LF Search
2025-12-31 21:09:21 | INFO     | [HEALTH CHECK] [OK] Chrome connection is healthy
2025-12-31 21:09:21 | INFO     | [DAY_START] Processing 05JAN
2025-12-31 21:09:21 | INFO     | [lf.day.start] Processing CAI-ELQ for 05JAN
2025-12-31 21:09:22 | WARNING  | [lf.day.no_flights] No direct flights on 05JAN
2025-12-31 21:09:22 | INFO     | [SUCCESS] Day 05JAN
2025-12-31 21:09:22 | INFO     | [DAY_START] Processing 04JAN
2025-12-31 21:09:22 | INFO     | [lf.day.start] Processing CAI-ELQ for 04JAN
2025-12-31 21:09:23 | WARNING  | [lf.day.no_flights] No direct flights on 04JAN
2025-12-31 21:09:23 | INFO     | [SUCCESS] Day 04JAN
2025-12-31 21:09:23 | INFO     | [DAY_START] Processing 03JAN
2025-12-31 21:09:23 | INFO     | [lf.day.start] Processing CAI-ELQ for 03JAN
2025-12-31 21:09:24 | WARNING  | [lf.day.no_flights] No direct flights on 03JAN
2025-12-31 21:09:25 | INFO     | [SUCCESS] Day 03JAN
2025-12-31 21:09:25 | INFO     | [DAY_START] Processing 02JAN
2025-12-31 21:09:25 | INFO     | [lf.day.start] Processing CAI-ELQ for 02JAN
2025-12-31 21:09:26 | INFO     | [lf.day.flights_found] Found 1 flights on 02JAN
2025-12-31 21:09:28 | INFO     | [lf.flight.extracted] SM427 on 02JAN: BKG=122, LF=68.2%
2025-12-31 21:09:35 | INFO     | [SUCCESS] Day 02JAN
2025-12-31 21:09:35 | INFO     | [DAY_START] Processing 01JAN
2025-12-31 21:09:35 | INFO     | [lf.day.start] Processing CAI-ELQ for 01JAN
2025-12-31 21:09:36 | INFO     | [lf.day.flights_found] Found 1 flights on 01JAN
2025-12-31 21:09:38 | INFO     | [lf.flight.extracted] SM427 on 01JAN: BKG=105, LF=58.7%
2025-12-31 21:09:44 | INFO     | [SUCCESS] Day 01JAN
2025-12-31 21:09:44 | INFO     | [SUCCESS] LF Search Complete
2025-12-31 21:09:46 | INFO     | [Worker_9223] Completed: CAI-ELQ - 5 results, 0 errors
2025-12-31 21:34:19 | INFO     | [Worker_9223] Shutdown signal received, exiting...
2025-12-31 21:34:19 | INFO     | [Worker_9223] Finished. Processed 37 groups.
