2025-12-31 20:55:34 | INFO     | ======================================================================
2025-12-31 20:55:34 | INFO     | Load Factor Scraper Started - Route: CAI-DMM
2025-12-31 20:55:34 | INFO     | Log file: D:\CODERED\LAB\market_insights\outputs\run_generated_311225_at_20.48\logs\LF_CAI-DMM_20251231_205534.log
2025-12-31 20:55:34 | INFO     | Enhanced logging: Capturing both logging.info() and print()
2025-12-31 20:55:34 | INFO     | ======================================================================
2025-12-31 20:55:34 | INFO     | Starting LF search for route: CAI-DMM
2025-12-31 20:55:34 | INFO     | [START] LF Search
2025-12-31 20:55:36 | INFO     | [HEALTH CHECK] [OK] Chrome connection is healthy
2025-12-31 20:55:36 | INFO     | [DAY_START] Processing 24JAN
2025-12-31 20:55:36 | INFO     | [lf.day.start] Processing CAI-DMM for 24JAN
2025-12-31 20:55:37 | INFO     | [lf.day.flights_found] Found 1 flights on 24JAN
2025-12-31 20:55:39 | INFO     | [lf.flight.extracted] SM433 on 24JAN: BKG=28, LF=15.6%
2025-12-31 20:55:43 | INFO     | [SUCCESS] Day 24JAN
2025-12-31 20:55:43 | INFO     | [DAY_START] Processing 23JAN
2025-12-31 20:55:43 | INFO     | [lf.day.start] Processing CAI-DMM for 23JAN
2025-12-31 20:55:44 | INFO     | [lf.day.flights_found] Found 1 flights on 23JAN
2025-12-31 20:55:46 | INFO     | [lf.flight.extracted] SM433 on 23JAN: BKG=44, LF=24.6%
2025-12-31 20:55:50 | INFO     | [SUCCESS] Day 23JAN
2025-12-31 20:55:50 | INFO     | [DAY_START] Processing 22JAN
2025-12-31 20:55:50 | INFO     | [lf.day.start] Processing CAI-DMM for 22JAN
2025-12-31 20:55:52 | INFO     | [lf.day.flights_found] Found 1 flights on 22JAN
2025-12-31 20:55:54 | INFO     | [lf.flight.extracted] SM433 on 22JAN: BKG=34, LF=19.0%
2025-12-31 20:55:57 | INFO     | [SUCCESS] Day 22JAN
2025-12-31 20:55:57 | INFO     | [DAY_START] Processing 21JAN
2025-12-31 20:55:57 | INFO     | [lf.day.start] Processing CAI-DMM for 21JAN
2025-12-31 20:55:58 | WARNING  | [lf.day.no_flights] No direct flights on 21JAN
2025-12-31 20:55:58 | INFO     | [SUCCESS] Day 21JAN
2025-12-31 20:55:58 | INFO     | [DAY_START] Processing 20JAN
2025-12-31 20:55:58 | INFO     | [lf.day.start] Processing CAI-DMM for 20JAN
2025-12-31 20:55:59 | INFO     | [lf.day.flights_found] Found 1 flights on 20JAN
2025-12-31 20:56:01 | INFO     | [lf.flight.extracted] SM433 on 20JAN: BKG=58, LF=32.4%
2025-12-31 20:56:05 | INFO     | [SUCCESS] Day 20JAN
2025-12-31 20:56:05 | INFO     | [DAY_START] Processing 19JAN
2025-12-31 20:56:05 | INFO     | [lf.day.start] Processing CAI-DMM for 19JAN
2025-12-31 20:56:06 | WARNING  | [lf.day.no_flights] No direct flights on 19JAN
2025-12-31 20:56:07 | INFO     | [SUCCESS] Day 19JAN
2025-12-31 20:56:07 | INFO     | [DAY_START] Processing 18JAN
2025-12-31 20:56:07 | INFO     | [lf.day.start] Processing CAI-DMM for 18JAN
2025-12-31 20:56:07 | WARNING  | [lf.day.no_flights] No direct flights on 18JAN
2025-12-31 20:56:08 | INFO     | [SUCCESS] Day 18JAN
2025-12-31 20:56:08 | INFO     | [SUCCESS] LF Search Complete
2025-12-31 20:56:10 | INFO     | [Worker_9223] Completed: CAI-DMM - 7 results, 0 errors
2025-12-31 20:56:10 | INFO     | [Worker_9223] Processing: ATZ-AJF
2025-12-31 20:56:10 | INFO     |   Tier 0: Range 1, Chunk 2/5 (7 days)
