2025-12-31 20:56:08 | INFO     | ======================================================================
2025-12-31 20:56:08 | INFO     | Load Factor Scraper Started - Route: CAI-AJF
2025-12-31 20:56:08 | INFO     | Log file: D:\CODERED\LAB\market_insights\outputs\run_generated_311225_at_20.48\logs\LF_CAI-AJF_20251231_205608.log
2025-12-31 20:56:08 | INFO     | Enhanced logging: Capturing both logging.info() and print()
2025-12-31 20:56:08 | INFO     | ======================================================================
2025-12-31 20:56:08 | INFO     | Starting LF search for route: CAI-AJF
2025-12-31 20:56:08 | INFO     | [START] LF Search
2025-12-31 20:56:09 | INFO     | [HEALTH CHECK] [OK] Chrome connection is healthy
2025-12-31 20:56:09 | INFO     | [DAY_START] Processing 24JAN
2025-12-31 20:56:09 | INFO     | [lf.day.start] Processing CAI-AJF for 24JAN
2025-12-31 20:56:10 | INFO     | [lf.day.flights_found] Found 1 flights on 24JAN
2025-12-31 20:56:12 | INFO     | [lf.flight.extracted] SM321 on 24JAN: BKG=41, LF=22.9%
2025-12-31 20:56:16 | INFO     | [SUCCESS] Day 24JAN
2025-12-31 20:56:16 | INFO     | [DAY_START] Processing 23JAN
2025-12-31 20:56:16 | INFO     | [lf.day.start] Processing CAI-AJF for 23JAN
2025-12-31 20:56:17 | WARNING  | [lf.day.no_flights] No direct flights on 23JAN
2025-12-31 20:56:17 | INFO     | [SUCCESS] Day 23JAN
2025-12-31 20:56:17 | INFO     | [DAY_START] Processing 22JAN
2025-12-31 20:56:17 | INFO     | [lf.day.start] Processing CAI-AJF for 22JAN
2025-12-31 20:56:18 | INFO     | [lf.day.flights_found] Found 1 flights on 22JAN
2025-12-31 20:56:20 | INFO     | [lf.flight.extracted] SM321 on 22JAN: BKG=51, LF=28.5%
2025-12-31 20:56:25 | INFO     | [SUCCESS] Day 22JAN
2025-12-31 20:56:25 | INFO     | [DAY_START] Processing 21JAN
2025-12-31 20:56:25 | INFO     | [lf.day.start] Processing CAI-AJF for 21JAN
2025-12-31 20:56:26 | WARNING  | [lf.day.no_flights] No direct flights on 21JAN
2025-12-31 20:56:26 | INFO     | [SUCCESS] Day 21JAN
2025-12-31 20:56:26 | INFO     | [DAY_START] Processing 20JAN
2025-12-31 20:56:26 | INFO     | [lf.day.start] Processing CAI-AJF for 20JAN
2025-12-31 20:56:28 | INFO     | [lf.day.flights_found] Found 1 flights on 20JAN
2025-12-31 20:56:31 | INFO     | [lf.flight.extracted] SM321 on 20JAN: BKG=32, LF=17.9%
2025-12-31 20:56:36 | INFO     | [SUCCESS] Day 20JAN
2025-12-31 20:56:36 | INFO     | [DAY_START] Processing 19JAN
2025-12-31 20:56:36 | INFO     | [lf.day.start] Processing CAI-AJF for 19JAN
2025-12-31 20:56:37 | WARNING  | [lf.day.no_flights] No direct flights on 19JAN
2025-12-31 20:56:37 | INFO     | [SUCCESS] Day 19JAN
2025-12-31 20:56:37 | INFO     | [DAY_START] Processing 18JAN
2025-12-31 20:56:37 | INFO     | [lf.day.start] Processing CAI-AJF for 18JAN
2025-12-31 20:56:38 | WARNING  | [lf.day.no_flights] No direct flights on 18JAN
2025-12-31 20:56:38 | INFO     | [SUCCESS] Day 18JAN
2025-12-31 20:56:38 | INFO     | [SUCCESS] LF Search Complete
2025-12-31 20:56:40 | INFO     | [Worker_9233] Completed: CAI-AJF - 7 results, 0 errors
2025-12-31 20:56:40 | INFO     | [Worker_9233] Processing: ATZ-ELQ
2025-12-31 20:56:40 | INFO     |   Tier 0: Range 1, Chunk 2/5 (7 days)
