2025-12-31 21:08:23 | INFO     | ======================================================================
2025-12-31 21:08:23 | INFO     | Load Factor Scraper Started - Route: CAI-DMM
2025-12-31 21:08:23 | INFO     | Log file: D:\CODERED\LAB\market_insights\outputs\run_generated_311225_at_20.48\logs\LF_CAI-DMM_20251231_210823.log
2025-12-31 21:08:23 | INFO     | Enhanced logging: Capturing both logging.info() and print()
2025-12-31 21:08:23 | INFO     | ======================================================================
2025-12-31 21:08:23 | INFO     | Starting LF search for route: CAI-DMM
2025-12-31 21:08:23 | INFO     | [START] LF Search
2025-12-31 21:08:25 | INFO     | [HEALTH CHECK] [OK] Chrome connection is healthy
2025-12-31 21:08:25 | INFO     | [DAY_START] Processing 05JAN
2025-12-31 21:08:25 | INFO     | [lf.day.start] Processing CAI-DMM for 05JAN
2025-12-31 21:08:26 | WARNING  | [lf.day.no_flights] No direct flights on 05JAN
2025-12-31 21:08:26 | INFO     | [SUCCESS] Day 05JAN
2025-12-31 21:08:26 | INFO     | [DAY_START] Processing 04JAN
2025-12-31 21:08:26 | INFO     | [lf.day.start] Processing CAI-DMM for 04JAN
2025-12-31 21:08:27 | WARNING  | [lf.day.no_flights] No direct flights on 04JAN
2025-12-31 21:08:27 | INFO     | [SUCCESS] Day 04JAN
2025-12-31 21:08:27 | INFO     | [DAY_START] Processing 03JAN
2025-12-31 21:08:27 | INFO     | [lf.day.start] Processing CAI-DMM for 03JAN
2025-12-31 21:08:28 | INFO     | [lf.day.flights_found] Found 1 flights on 03JAN
2025-12-31 21:08:31 | INFO     | [lf.flight.extracted] SM433 on 03JAN: BKG=161, LF=89.9%
2025-12-31 21:08:38 | INFO     | [SUCCESS] Day 03JAN
2025-12-31 21:08:38 | INFO     | [DAY_START] Processing 02JAN
2025-12-31 21:08:38 | INFO     | [lf.day.start] Processing CAI-DMM for 02JAN
2025-12-31 21:08:39 | INFO     | [lf.day.flights_found] Found 1 flights on 02JAN
2025-12-31 21:08:41 | INFO     | [lf.flight.extracted] SM433 on 02JAN: BKG=138, LF=76.7%
2025-12-31 21:08:48 | INFO     | [SUCCESS] Day 02JAN
2025-12-31 21:08:48 | INFO     | [DAY_START] Processing 01JAN
2025-12-31 21:08:48 | INFO     | [lf.day.start] Processing CAI-DMM for 01JAN
2025-12-31 21:08:49 | INFO     | [lf.day.flights_found] Found 1 flights on 01JAN
2025-12-31 21:08:51 | INFO     | [lf.flight.extracted] SM433 on 01JAN: BKG=142, LF=79.3%
2025-12-31 21:08:57 | INFO     | [SUCCESS] Day 01JAN
2025-12-31 21:08:57 | INFO     | [SUCCESS] LF Search Complete
2025-12-31 21:09:00 | INFO     | [Worker_9223] Completed: CAI-DMM - 5 results, 0 errors
2025-12-31 21:09:00 | INFO     | [Worker_9223] Processing: ATZ-AJF
2025-12-31 21:09:00 | INFO     |   Tier 0: Range 1, Chunk 5/5 (6 days)
