2025-12-31 20:51:29 | INFO     | ======================================================================
2025-12-31 20:51:29 | INFO     | Load Factor Scraper Started - Route: CAI-DMM
2025-12-31 20:51:29 | INFO     | Log file: D:\CODERED\LAB\market_insights\outputs\run_generated_311225_at_20.48\logs\LF_CAI-DMM_20251231_205129.log
2025-12-31 20:51:29 | INFO     | Enhanced logging: Capturing both logging.info() and print()
2025-12-31 20:51:29 | INFO     | ======================================================================
2025-12-31 20:51:29 | INFO     | Starting LF search for route: CAI-DMM
2025-12-31 20:51:29 | INFO     | [START] LF Search
2025-12-31 20:51:31 | INFO     | [HEALTH CHECK] [OK] Chrome connection is healthy
2025-12-31 20:51:31 | INFO     | [DAY_START] Processing 31JAN
2025-12-31 20:51:31 | INFO     | [lf.day.start] Processing CAI-DMM for 31JAN
2025-12-31 20:51:32 | INFO     | [lf.day.flights_found] Found 1 flights on 31JAN
2025-12-31 20:51:34 | INFO     | [lf.flight.extracted] SM433 on 31JAN: BKG=41, LF=22.9%
2025-12-31 20:51:38 | INFO     | [SUCCESS] Day 31JAN
2025-12-31 20:51:38 | INFO     | [DAY_START] Processing 30JAN
2025-12-31 20:51:38 | INFO     | [lf.day.start] Processing CAI-DMM for 30JAN
2025-12-31 20:51:39 | INFO     | [lf.day.flights_found] Found 1 flights on 30JAN
2025-12-31 20:51:41 | INFO     | [lf.flight.extracted] SM433 on 30JAN: BKG=19, LF=10.6%
2025-12-31 20:51:44 | INFO     | [SUCCESS] Day 30JAN
2025-12-31 20:51:44 | INFO     | [DAY_START] Processing 29JAN
2025-12-31 20:51:44 | INFO     | [lf.day.start] Processing CAI-DMM for 29JAN
2025-12-31 20:51:45 | INFO     | [lf.day.flights_found] Found 1 flights on 29JAN
2025-12-31 20:51:48 | INFO     | [lf.flight.extracted] SM433 on 29JAN: BKG=25, LF=14.0%
2025-12-31 20:51:51 | INFO     | [SUCCESS] Day 29JAN
2025-12-31 20:51:51 | INFO     | [DAY_START] Processing 28JAN
2025-12-31 20:51:51 | INFO     | [lf.day.start] Processing CAI-DMM for 28JAN
2025-12-31 20:51:52 | WARNING  | [lf.day.no_flights] No direct flights on 28JAN
2025-12-31 20:51:53 | INFO     | [SUCCESS] Day 28JAN
2025-12-31 20:51:53 | INFO     | [DAY_START] Processing 27JAN
2025-12-31 20:51:53 | INFO     | [lf.day.start] Processing CAI-DMM for 27JAN
2025-12-31 20:51:54 | INFO     | [lf.day.flights_found] Found 1 flights on 27JAN
2025-12-31 20:51:56 | INFO     | [lf.flight.extracted] SM433 on 27JAN: BKG=19, LF=10.6%
2025-12-31 20:51:58 | INFO     | [SUCCESS] Day 27JAN
2025-12-31 20:51:58 | INFO     | [DAY_START] Processing 26JAN
2025-12-31 20:51:58 | INFO     | [lf.day.start] Processing CAI-DMM for 26JAN
2025-12-31 20:51:59 | WARNING  | [lf.day.no_flights] No direct flights on 26JAN
2025-12-31 20:52:00 | INFO     | [SUCCESS] Day 26JAN
2025-12-31 20:52:00 | INFO     | [DAY_START] Processing 25JAN
2025-12-31 20:52:00 | INFO     | [lf.day.start] Processing CAI-DMM for 25JAN
2025-12-31 20:52:01 | WARNING  | [lf.day.no_flights] No direct flights on 25JAN
2025-12-31 20:52:01 | INFO     | [SUCCESS] Day 25JAN
2025-12-31 20:52:01 | INFO     | [SUCCESS] LF Search Complete
2025-12-31 20:52:03 | INFO     | [Worker_9227] Completed: CAI-DMM - 7 results, 0 errors
2025-12-31 20:52:03 | INFO     | [Worker_9227] Processing: CAI-AJF
2025-12-31 20:52:03 | INFO     |   Tier 0: Range 1, Chunk 1/5 (7 days)
