2025-12-31 21:04:03 | INFO     | ======================================================================
2025-12-31 21:04:03 | INFO     | Load Factor Scraper Started - Route: CAI-JED
2025-12-31 21:04:03 | INFO     | Log file: D:\CODERED\LAB\market_insights\outputs\run_generated_311225_at_20.48\logs\LF_CAI-JED_20251231_210403.log
2025-12-31 21:04:03 | INFO     | Enhanced logging: Capturing both logging.info() and print()
2025-12-31 21:04:03 | INFO     | ======================================================================
2025-12-31 21:04:03 | INFO     | Starting LF search for route: CAI-JED
2025-12-31 21:04:03 | INFO     | [START] LF Search
2025-12-31 21:04:05 | INFO     | [HEALTH CHECK] [OK] Chrome connection is healthy
2025-12-31 21:04:05 | INFO     | [DAY_START] Processing 11JAN
2025-12-31 21:04:05 | INFO     | [lf.day.start] Processing CAI-JED for 11JAN
2025-12-31 21:04:06 | INFO     | [lf.day.flights_found] Found 5 flights on 11JAN
2025-12-31 21:04:08 | INFO     | [lf.flight.extracted] SM475 on 11JAN: BKG=76, LF=42.5%
2025-12-31 21:04:12 | INFO     | [lf.flight.extracted] SM431 on 11JAN: BKG=32, LF=17.9%
2025-12-31 21:04:15 | INFO     | [lf.flight.extracted] SM459 on 11JAN: BKG=102, LF=57.0%
2025-12-31 21:04:19 | INFO     | [lf.flight.extracted] SM477 on 11JAN: BKG=172, LF=96.1%
2025-12-31 21:04:22 | INFO     | [lf.flight.extracted] SM479 on 11JAN: BKG=45, LF=25.6%
2025-12-31 21:04:39 | INFO     | [SUCCESS] Day 11JAN
2025-12-31 21:04:39 | INFO     | [DAY_START] Processing 10JAN
2025-12-31 21:04:39 | INFO     | [lf.day.start] Processing CAI-JED for 10JAN
2025-12-31 21:04:41 | INFO     | [lf.day.flights_found] Found 4 flights on 10JAN
2025-12-31 21:04:43 | INFO     | [lf.flight.extracted] SM449 on 10JAN: BKG=171, LF=95.5%
2025-12-31 21:04:46 | INFO     | [lf.flight.extracted] SM475 on 10JAN: BKG=179, LF=100.0%
2025-12-31 21:04:50 | INFO     | [lf.flight.extracted] SM477 on 10JAN: BKG=180, LF=100.0%
2025-12-31 21:04:54 | INFO     | [lf.flight.extracted] SM423 on 10JAN: BKG=51, LF=28.5%
2025-12-31 21:05:14 | INFO     | [SUCCESS] Day 10JAN
2025-12-31 21:05:14 | INFO     | [DAY_START] Processing 09JAN
2025-12-31 21:05:14 | INFO     | [lf.day.start] Processing CAI-JED for 09JAN
2025-12-31 21:05:16 | INFO     | [lf.day.flights_found] Found 5 flights on 09JAN
2025-12-31 21:05:19 | INFO     | [lf.flight.extracted] SM475 on 09JAN: BKG=30, LF=16.8%
2025-12-31 21:05:23 | INFO     | [lf.flight.extracted] SM477 on 09JAN: BKG=25, LF=14.0%
2025-12-31 21:05:27 | INFO     | [lf.flight.extracted] SM479 on 09JAN: BKG=77, LF=43.0%
2025-12-31 21:05:31 | INFO     | [lf.flight.extracted] SM471 on 09JAN: BKG=52, LF=29.0%
2025-12-31 21:05:36 | INFO     | [lf.flight.extracted] SM459 on 09JAN: BKG=54, LF=30.2%
2025-12-31 21:05:58 | INFO     | [SUCCESS] Day 09JAN
2025-12-31 21:05:58 | INFO     | [DAY_START] Processing 08JAN
2025-12-31 21:05:58 | INFO     | [lf.day.start] Processing CAI-JED for 08JAN
2025-12-31 21:06:00 | INFO     | [lf.day.flights_found] Found 6 flights on 08JAN
2025-12-31 21:06:02 | INFO     | [lf.flight.extracted] SM449 on 08JAN: BKG=38, LF=21.2%
2025-12-31 21:06:07 | INFO     | [lf.flight.extracted] SM475 on 08JAN: BKG=63, LF=35.2%
2025-12-31 21:06:11 | INFO     | [lf.flight.extracted] SM431 on 08JAN: BKG=65, LF=36.3%
2025-12-31 21:06:15 | INFO     | [lf.flight.extracted] SM477 on 08JAN: BKG=102, LF=56.7%
2025-12-31 21:06:19 | INFO     | [lf.flight.extracted] SM479 on 08JAN: BKG=179, LF=100.0%
2025-12-31 21:06:24 | INFO     | [lf.flight.extracted] SM423 on 08JAN: BKG=71, LF=39.7%
2025-12-31 21:06:44 | INFO     | [SUCCESS] Day 08JAN
2025-12-31 21:06:44 | INFO     | [DAY_START] Processing 07JAN
2025-12-31 21:06:44 | INFO     | [lf.day.start] Processing CAI-JED for 07JAN
2025-12-31 21:06:45 | INFO     | [lf.day.flights_found] Found 5 flights on 07JAN
2025-12-31 21:06:48 | INFO     | [lf.flight.extracted] SM423 on 07JAN: BKG=137, LF=76.5%
2025-12-31 21:06:52 | INFO     | [lf.flight.extracted] SM475 on 07JAN: BKG=103, LF=57.5%
2025-12-31 21:06:56 | INFO     | [lf.flight.extracted] SM459 on 07JAN: BKG=105, LF=58.7%
2025-12-31 21:06:59 | INFO     | [lf.flight.extracted] SM477 on 07JAN: BKG=135, LF=75.4%
2025-12-31 21:07:03 | INFO     | [lf.flight.extracted] SM471 on 07JAN: BKG=61, LF=34.1%
2025-12-31 21:07:22 | INFO     | [SUCCESS] Day 07JAN
2025-12-31 21:07:22 | INFO     | [DAY_START] Processing 06JAN
2025-12-31 21:07:22 | INFO     | [lf.day.start] Processing CAI-JED for 06JAN
2025-12-31 21:07:24 | INFO     | [lf.day.flights_found] Found 6 flights on 06JAN
2025-12-31 21:07:26 | INFO     | [lf.flight.extracted] SM471 on 06JAN: BKG=80, LF=44.7%
2025-12-31 21:07:29 | INFO     | [lf.flight.extracted] SM479 on 06JAN: BKG=113, LF=63.1%
2025-12-31 21:07:33 | INFO     | [lf.flight.extracted] SM477 on 06JAN: BKG=121, LF=67.6%
2025-12-31 21:07:37 | INFO     | [lf.flight.extracted] SM459 on 06JAN: BKG=179, LF=100.0%
2025-12-31 21:07:40 | INFO     | [lf.flight.extracted] SM423 on 06JAN: BKG=63, LF=35.2%
2025-12-31 21:07:43 | INFO     | [lf.flight.extracted] SM475 on 06JAN: BKG=83, LF=46.1%
2025-12-31 21:08:06 | INFO     | [SUCCESS] Day 06JAN
2025-12-31 21:08:06 | INFO     | [SUCCESS] LF Search Complete
2025-12-31 21:08:08 | INFO     | [Worker_9222] Completed: CAI-JED - 6 results, 0 errors
2025-12-31 21:08:08 | INFO     | [Worker_9222] Processing: ATZ-JED
2025-12-31 21:08:08 | INFO     |   Tier 0: Range 1, Chunk 5/5 (6 days)
