2025-12-31 20:50:58 | INFO     | ======================================================================
2025-12-31 20:50:58 | INFO     | Load Factor Scraper Started - Route: CAI-JED
2025-12-31 20:50:58 | INFO     | Log file: D:\CODERED\LAB\market_insights\outputs\run_generated_311225_at_20.48\logs\LF_CAI-JED_20251231_205058.log
2025-12-31 20:50:58 | INFO     | Enhanced logging: Capturing both logging.info() and print()
2025-12-31 20:50:58 | INFO     | ======================================================================
2025-12-31 20:50:58 | INFO     | Starting LF search for route: CAI-JED
2025-12-31 20:50:58 | INFO     | [START] LF Search
2025-12-31 20:51:00 | INFO     | [HEALTH CHECK] [OK] Chrome connection is healthy
2025-12-31 20:51:00 | INFO     | [DAY_START] Processing 31JAN
2025-12-31 20:51:00 | INFO     | [lf.day.start] Processing CAI-JED for 31JAN
2025-12-31 20:51:02 | INFO     | [lf.day.flights_found] Found 4 flights on 31JAN
2025-12-31 20:51:04 | INFO     | [lf.flight.extracted] SM449 on 31JAN: BKG=100, LF=55.9%
2025-12-31 20:51:08 | INFO     | [lf.flight.extracted] SM475 on 31JAN: BKG=54, LF=30.2%
2025-12-31 20:51:12 | INFO     | [lf.flight.extracted] SM477 on 31JAN: BKG=20, LF=11.2%
2025-12-31 20:51:16 | INFO     | [lf.flight.extracted] SM423 on 31JAN: BKG=16, LF=8.9%
2025-12-31 20:51:28 | INFO     | [SUCCESS] Day 31JAN
2025-12-31 20:51:28 | INFO     | [DAY_START] Processing 30JAN
2025-12-31 20:51:28 | INFO     | [lf.day.start] Processing CAI-JED for 30JAN
2025-12-31 20:51:30 | INFO     | [lf.day.flights_found] Found 5 flights on 30JAN
2025-12-31 20:51:32 | INFO     | [lf.flight.extracted] SM475 on 30JAN: BKG=19, LF=10.6%
2025-12-31 20:51:35 | INFO     | [lf.flight.extracted] SM477 on 30JAN: BKG=6, LF=3.4%
2025-12-31 20:51:38 | INFO     | [lf.flight.extracted] SM479 on 30JAN: BKG=18, LF=10.1%
2025-12-31 20:51:42 | INFO     | [lf.flight.extracted] SM471 on 30JAN: BKG=11, LF=6.2%
2025-12-31 20:51:46 | INFO     | [lf.flight.extracted] SM459 on 30JAN: BKG=25, LF=14.0%
2025-12-31 20:51:58 | INFO     | [SUCCESS] Day 30JAN
2025-12-31 20:51:58 | INFO     | [DAY_START] Processing 29JAN
2025-12-31 20:51:58 | INFO     | [lf.day.start] Processing CAI-JED for 29JAN
2025-12-31 20:51:59 | INFO     | [lf.day.flights_found] Found 6 flights on 29JAN
2025-12-31 20:52:01 | INFO     | [lf.flight.extracted] SM449 on 29JAN: BKG=6, LF=3.4%
2025-12-31 20:52:04 | INFO     | [lf.flight.extracted] SM475 on 29JAN: BKG=171, LF=95.5%
2025-12-31 20:52:08 | INFO     | [lf.flight.extracted] SM431 on 29JAN: BKG=95, LF=53.1%
2025-12-31 20:52:11 | INFO     | [lf.flight.extracted] SM477 on 29JAN: BKG=180, LF=100.6%
2025-12-31 20:52:15 | INFO     | [lf.flight.extracted] SM479 on 29JAN: BKG=165, LF=92.2%
2025-12-31 20:52:20 | INFO     | [lf.flight.extracted] SM423 on 29JAN: BKG=21, LF=11.9%
2025-12-31 20:52:38 | INFO     | [SUCCESS] Day 29JAN
2025-12-31 20:52:38 | INFO     | [DAY_START] Processing 28JAN
2025-12-31 20:52:38 | INFO     | [lf.day.start] Processing CAI-JED for 28JAN
2025-12-31 20:52:40 | INFO     | [lf.day.flights_found] Found 5 flights on 28JAN
2025-12-31 20:52:42 | INFO     | [lf.flight.extracted] SM423 on 28JAN: BKG=149, LF=83.2%
2025-12-31 20:52:46 | INFO     | [lf.flight.extracted] SM475 on 28JAN: BKG=146, LF=81.6%
2025-12-31 20:52:49 | INFO     | [lf.flight.extracted] SM459 on 28JAN: BKG=141, LF=78.8%
2025-12-31 20:52:55 | INFO     | [lf.flight.extracted] SM477 on 28JAN: BKG=169, LF=94.4%
2025-12-31 20:52:59 | INFO     | [lf.flight.extracted] SM471 on 28JAN: BKG=109, LF=60.9%
2025-12-31 20:53:12 | INFO     | [SUCCESS] Day 28JAN
2025-12-31 20:53:12 | INFO     | [DAY_START] Processing 27JAN
2025-12-31 20:53:12 | INFO     | [lf.day.start] Processing CAI-JED for 27JAN
2025-12-31 20:53:14 | INFO     | [lf.day.flights_found] Found 5 flights on 27JAN
2025-12-31 20:53:16 | INFO     | [lf.flight.extracted] SM471 on 27JAN: BKG=149, LF=83.2%
2025-12-31 20:53:21 | INFO     | [lf.flight.extracted] SM477 on 27JAN: BKG=158, LF=88.3%
2025-12-31 20:53:24 | INFO     | [lf.flight.extracted] SM459 on 27JAN: BKG=162, LF=90.5%
2025-12-31 20:53:29 | INFO     | [lf.flight.extracted] SM423 on 27JAN: BKG=148, LF=82.7%
2025-12-31 20:53:32 | INFO     | [lf.flight.extracted] SM475 on 27JAN: BKG=159, LF=88.8%
2025-12-31 20:53:45 | INFO     | [SUCCESS] Day 27JAN
2025-12-31 20:53:45 | INFO     | [DAY_START] Processing 26JAN
2025-12-31 20:53:45 | INFO     | [lf.day.start] Processing CAI-JED for 26JAN
2025-12-31 20:53:46 | INFO     | [lf.day.flights_found] Found 3 flights on 26JAN
2025-12-31 20:53:48 | INFO     | [lf.flight.extracted] SM475 on 26JAN: BKG=176, LF=98.3%
2025-12-31 20:53:52 | INFO     | [lf.flight.extracted] SM477 on 26JAN: BKG=166, LF=92.7%
2025-12-31 20:53:56 | INFO     | [lf.flight.extracted] SM459 on 26JAN: BKG=164, LF=91.6%
2025-12-31 20:54:06 | INFO     | [SUCCESS] Day 26JAN
2025-12-31 20:54:06 | INFO     | [DAY_START] Processing 25JAN
2025-12-31 20:54:06 | INFO     | [lf.day.start] Processing CAI-JED for 25JAN
2025-12-31 20:54:07 | INFO     | [lf.day.flights_found] Found 6 flights on 25JAN
2025-12-31 20:54:09 | INFO     | [lf.flight.extracted] SM475 on 25JAN: BKG=151, LF=84.4%
2025-12-31 20:54:13 | INFO     | [lf.flight.extracted] SM431 on 25JAN: BKG=179, LF=100.0%
2025-12-31 20:54:16 | INFO     | [lf.flight.extracted] SM459 on 25JAN: BKG=164, LF=91.6%
2025-12-31 20:54:20 | INFO     | [lf.flight.extracted] SM477 on 25JAN: BKG=164, LF=91.6%
2025-12-31 20:54:24 | INFO     | [lf.flight.extracted] SM479 on 25JAN: BKG=158, LF=88.3%
2025-12-31 20:54:27 | INFO     | [lf.flight.extracted] SM951 on 25JAN: BKG=135, LF=75.4%
2025-12-31 20:54:42 | INFO     | [SUCCESS] Day 25JAN
2025-12-31 20:54:42 | INFO     | [SUCCESS] LF Search Complete
2025-12-31 20:54:44 | INFO     | [Worker_9226] Completed: CAI-JED - 7 results, 0 errors
2025-12-31 20:54:44 | INFO     | [Worker_9226] Processing: GIZ-CAI
2025-12-31 20:54:44 | INFO     |   Tier 0: Range 1, Chunk 2/5 (7 days)
