2025-12-31 21:06:39 | INFO     | ======================================================================
2025-12-31 21:06:39 | INFO     | Load Factor Scraper Started - Route: DMM-CAI
2025-12-31 21:06:39 | INFO     | Log file: D:\CODERED\LAB\market_insights\outputs\run_generated_311225_at_20.48\logs\LF_DMM-CAI_20251231_210639.log
2025-12-31 21:06:39 | INFO     | Enhanced logging: Capturing both logging.info() and print()
2025-12-31 21:06:39 | INFO     | ======================================================================
2025-12-31 21:06:39 | INFO     | Starting LF search for route: DMM-CAI
2025-12-31 21:06:39 | INFO     | [START] LF Search
2025-12-31 21:06:40 | INFO     | [HEALTH CHECK] [OK] Chrome connection is healthy
2025-12-31 21:06:40 | INFO     | [DAY_START] Processing 05JAN
2025-12-31 21:06:40 | INFO     | [lf.day.start] Processing DMM-CAI for 05JAN
2025-12-31 21:06:41 | WARNING  | [lf.day.no_flights] No direct flights on 05JAN
2025-12-31 21:06:41 | INFO     | [SUCCESS] Day 05JAN
2025-12-31 21:06:41 | INFO     | [DAY_START] Processing 04JAN
2025-12-31 21:06:41 | INFO     | [lf.day.start] Processing DMM-CAI for 04JAN
2025-12-31 21:06:42 | WARNING  | [lf.day.no_flights] No direct flights on 04JAN
2025-12-31 21:06:42 | INFO     | [SUCCESS] Day 04JAN
2025-12-31 21:06:42 | INFO     | [DAY_START] Processing 03JAN
2025-12-31 21:06:42 | INFO     | [lf.day.start] Processing DMM-CAI for 03JAN
2025-12-31 21:06:43 | INFO     | [lf.day.flights_found] Found 1 flights on 03JAN
2025-12-31 21:06:46 | INFO     | [lf.flight.extracted] SM434 on 03JAN: BKG=30, LF=17.1%
2025-12-31 21:06:52 | INFO     | [SUCCESS] Day 03JAN
2025-12-31 21:06:52 | INFO     | [DAY_START] Processing 02JAN
2025-12-31 21:06:52 | INFO     | [lf.day.start] Processing DMM-CAI for 02JAN
2025-12-31 21:06:53 | INFO     | [lf.day.flights_found] Found 1 flights on 02JAN
2025-12-31 21:06:55 | INFO     | [lf.flight.extracted] SM434 on 02JAN: BKG=107, LF=61.1%
2025-12-31 21:07:01 | INFO     | [SUCCESS] Day 02JAN
2025-12-31 21:07:01 | INFO     | [DAY_START] Processing 01JAN
2025-12-31 21:07:01 | INFO     | [lf.day.start] Processing DMM-CAI for 01JAN
2025-12-31 21:07:02 | INFO     | [lf.day.flights_found] Found 1 flights on 01JAN
2025-12-31 21:07:04 | INFO     | [lf.flight.extracted] SM434 on 01JAN: BKG=74, LF=42.3%
2025-12-31 21:07:07 | ERROR    | Atomic write failed for D:\CODERED\LAB\market_insights\outputs\run_generated_311225_at_20.48\checkpoints\flight_booking_data.json: [WinError 2] The system cannot find the file specified: 'D:\\CODERED\\LAB\\market_insights\\outputs\\run_generated_311225_at_20.48\\checkpoints\\flight_booking_data.tmp' -> 'D:\\CODERED\\LAB\\market_insights\\outputs\\run_generated_311225_at_20.48\\checkpoints\\flight_booking_data.json'
2025-12-31 21:07:07 | INFO     | [SUCCESS] Day 01JAN
2025-12-31 21:07:07 | INFO     | [SUCCESS] LF Search Complete
2025-12-31 21:07:09 | INFO     | [Worker_9232] Completed: DMM-CAI - 5 results, 0 errors
2025-12-31 21:07:09 | INFO     | [Worker_9232] Processing: AJF-CAI
2025-12-31 21:07:10 | INFO     |   Tier 0: Range 1, Chunk 5/5 (6 days)
