2025-12-31 20:54:35 | INFO     | ======================================================================
2025-12-31 20:54:35 | INFO     | Load Factor Scraper Started - Route: ELQ-CAI
2025-12-31 20:54:35 | INFO     | Log file: D:\CODERED\LAB\market_insights\outputs\run_generated_311225_at_20.48\logs\LF_ELQ-CAI_20251231_205435.log
2025-12-31 20:54:35 | INFO     | Enhanced logging: Capturing both logging.info() and print()
2025-12-31 20:54:35 | INFO     | ======================================================================
2025-12-31 20:54:35 | INFO     | Starting LF search for route: ELQ-CAI
2025-12-31 20:54:35 | INFO     | [START] LF Search
2025-12-31 20:54:37 | INFO     | [HEALTH CHECK] [OK] Chrome connection is healthy
2025-12-31 20:54:37 | INFO     | [DAY_START] Processing 24JAN
2025-12-31 20:54:37 | INFO     | [lf.day.start] Processing ELQ-CAI for 24JAN
2025-12-31 20:54:38 | INFO     | [lf.day.flights_found] Found 1 flights on 24JAN
2025-12-31 20:54:40 | INFO     | [lf.flight.extracted] SM428 on 24JAN: BKG=5, LF=3.0%
2025-12-31 20:54:43 | INFO     | [SUCCESS] Day 24JAN
2025-12-31 20:54:43 | INFO     | [DAY_START] Processing 23JAN
2025-12-31 20:54:43 | INFO     | [lf.day.start] Processing ELQ-CAI for 23JAN
2025-12-31 20:54:45 | WARNING  | [lf.day.no_flights] No direct flights on 23JAN
2025-12-31 20:54:45 | INFO     | [SUCCESS] Day 23JAN
2025-12-31 20:54:45 | INFO     | [DAY_START] Processing 22JAN
2025-12-31 20:54:45 | INFO     | [lf.day.start] Processing ELQ-CAI for 22JAN
2025-12-31 20:54:46 | INFO     | [lf.day.flights_found] Found 1 flights on 22JAN
2025-12-31 20:54:49 | INFO     | [lf.flight.extracted] SM428 on 22JAN: BKG=14, LF=8.0%
2025-12-31 20:54:52 | INFO     | [SUCCESS] Day 22JAN
2025-12-31 20:54:52 | INFO     | [DAY_START] Processing 21JAN
2025-12-31 20:54:52 | INFO     | [lf.day.start] Processing ELQ-CAI for 21JAN
2025-12-31 20:54:53 | WARNING  | [lf.day.no_flights] No direct flights on 21JAN
2025-12-31 20:54:53 | INFO     | [SUCCESS] Day 21JAN
2025-12-31 20:54:53 | INFO     | [DAY_START] Processing 20JAN
2025-12-31 20:54:53 | INFO     | [lf.day.start] Processing ELQ-CAI for 20JAN
2025-12-31 20:54:54 | WARNING  | [lf.day.no_flights] No direct flights on 20JAN
2025-12-31 20:54:54 | INFO     | [SUCCESS] Day 20JAN
2025-12-31 20:54:54 | INFO     | [DAY_START] Processing 19JAN
2025-12-31 20:54:54 | INFO     | [lf.day.start] Processing ELQ-CAI for 19JAN
2025-12-31 20:54:55 | WARNING  | [lf.day.no_flights] No direct flights on 19JAN
2025-12-31 20:54:55 | INFO     | [SUCCESS] Day 19JAN
2025-12-31 20:54:55 | INFO     | [DAY_START] Processing 18JAN
2025-12-31 20:54:55 | INFO     | [lf.day.start] Processing ELQ-CAI for 18JAN
2025-12-31 20:54:57 | INFO     | [lf.day.flights_found] Found 1 flights on 18JAN
2025-12-31 20:55:00 | INFO     | [lf.flight.extracted] SM428 on 18JAN: BKG=14, LF=8.4%
2025-12-31 20:55:04 | INFO     | [SUCCESS] Day 18JAN
2025-12-31 20:55:04 | INFO     | [SUCCESS] LF Search Complete
2025-12-31 20:55:06 | INFO     | [Worker_9222] Completed: ELQ-CAI - 7 results, 0 errors
2025-12-31 20:55:06 | INFO     | [Worker_9222] Processing: CAI-JED
2025-12-31 20:55:06 | INFO     |   Tier 0: Range 1, Chunk 2/5 (7 days)
