2025-12-31 21:07:42 | INFO     | ======================================================================
2025-12-31 21:07:42 | INFO     | Load Factor Scraper Started - Route: GIZ-CAI
2025-12-31 21:07:42 | INFO     | Log file: D:\CODERED\LAB\market_insights\outputs\run_generated_311225_at_20.48\logs\LF_GIZ-CAI_20251231_210742.log
2025-12-31 21:07:42 | INFO     | Enhanced logging: Capturing both logging.info() and print()
2025-12-31 21:07:42 | INFO     | ======================================================================
2025-12-31 21:07:42 | INFO     | Starting LF search for route: GIZ-CAI
2025-12-31 21:07:42 | INFO     | [START] LF Search
2025-12-31 21:07:44 | INFO     | [HEALTH CHECK] [OK] Chrome connection is healthy
2025-12-31 21:07:44 | INFO     | [DAY_START] Processing 05JAN
2025-12-31 21:07:44 | INFO     | [lf.day.start] Processing GIZ-CAI for 05JAN
2025-12-31 21:07:45 | WARNING  | [lf.day.no_flights] No direct flights on 05JAN
2025-12-31 21:07:45 | INFO     | [SUCCESS] Day 05JAN
2025-12-31 21:07:45 | INFO     | [DAY_START] Processing 04JAN
2025-12-31 21:07:45 | INFO     | [lf.day.start] Processing GIZ-CAI for 04JAN
2025-12-31 21:07:46 | INFO     | [lf.day.flights_found] Found 1 flights on 04JAN
2025-12-31 21:07:49 | INFO     | [lf.flight.extracted] SM330 on 04JAN: BKG=91, LF=52.0%
2025-12-31 21:07:53 | INFO     | [SUCCESS] Day 04JAN
2025-12-31 21:07:53 | INFO     | [DAY_START] Processing 03JAN
2025-12-31 21:07:53 | INFO     | [lf.day.start] Processing GIZ-CAI for 03JAN
2025-12-31 21:07:54 | WARNING  | [lf.day.no_flights] No direct flights on 03JAN
2025-12-31 21:07:54 | INFO     | [SUCCESS] Day 03JAN
2025-12-31 21:07:54 | INFO     | [DAY_START] Processing 02JAN
2025-12-31 21:07:54 | INFO     | [lf.day.start] Processing GIZ-CAI for 02JAN
2025-12-31 21:07:55 | INFO     | [lf.day.flights_found] Found 1 flights on 02JAN
2025-12-31 21:07:57 | INFO     | [lf.flight.extracted] SM330 on 02JAN: BKG=57, LF=54.3%
2025-12-31 21:08:01 | INFO     | [SUCCESS] Day 02JAN
2025-12-31 21:08:01 | INFO     | [DAY_START] Processing 01JAN
2025-12-31 21:08:01 | INFO     | [lf.day.start] Processing GIZ-CAI for 01JAN
2025-12-31 21:08:03 | WARNING  | [lf.day.no_flights] No direct flights on 01JAN
2025-12-31 21:08:03 | INFO     | [SUCCESS] Day 01JAN
2025-12-31 21:08:03 | INFO     | [SUCCESS] LF Search Complete
2025-12-31 21:08:05 | INFO     | [Worker_9227] Completed: GIZ-CAI - 5 results, 0 errors
2025-12-31 21:08:05 | INFO     | [Worker_9227] Processing: HBE-JED
2025-12-31 21:08:05 | INFO     |   Tier 0: Range 1, Chunk 5/5 (6 days)
