2025-12-31 20:59:12 | INFO     | ======================================================================
2025-12-31 20:59:12 | INFO     | Load Factor Scraper Started - Route: GIZ-CAI
2025-12-31 20:59:12 | INFO     | Log file: D:\CODERED\LAB\market_insights\outputs\run_generated_311225_at_20.48\logs\LF_GIZ-CAI_20251231_205912.log
2025-12-31 20:59:12 | INFO     | Enhanced logging: Capturing both logging.info() and print()
2025-12-31 20:59:12 | INFO     | ======================================================================
2025-12-31 20:59:12 | INFO     | Starting LF search for route: GIZ-CAI
2025-12-31 20:59:12 | INFO     | [START] LF Search
2025-12-31 20:59:14 | INFO     | [HEALTH CHECK] [OK] Chrome connection is healthy
2025-12-31 20:59:14 | INFO     | [DAY_START] Processing 17JAN
2025-12-31 20:59:14 | INFO     | [lf.day.start] Processing GIZ-CAI for 17JAN
2025-12-31 20:59:15 | WARNING  | [lf.day.no_flights] No direct flights on 17JAN
2025-12-31 20:59:15 | INFO     | [SUCCESS] Day 17JAN
2025-12-31 20:59:15 | INFO     | [DAY_START] Processing 16JAN
2025-12-31 20:59:15 | INFO     | [lf.day.start] Processing GIZ-CAI for 16JAN
2025-12-31 20:59:17 | INFO     | [lf.day.flights_found] Found 1 flights on 16JAN
2025-12-31 20:59:19 | INFO     | [lf.flight.extracted] SM330 on 16JAN: BKG=42, LF=24.0%
2025-12-31 20:59:23 | INFO     | [SUCCESS] Day 16JAN
2025-12-31 20:59:23 | INFO     | [DAY_START] Processing 15JAN
2025-12-31 20:59:23 | INFO     | [lf.day.start] Processing GIZ-CAI for 15JAN
2025-12-31 20:59:24 | WARNING  | [lf.day.no_flights] No direct flights on 15JAN
2025-12-31 20:59:25 | INFO     | [SUCCESS] Day 15JAN
2025-12-31 20:59:25 | INFO     | [DAY_START] Processing 14JAN
2025-12-31 20:59:25 | INFO     | [lf.day.start] Processing GIZ-CAI for 14JAN
2025-12-31 20:59:26 | WARNING  | [lf.day.no_flights] No direct flights on 14JAN
2025-12-31 20:59:26 | INFO     | [SUCCESS] Day 14JAN
2025-12-31 20:59:26 | INFO     | [DAY_START] Processing 13JAN
2025-12-31 20:59:26 | INFO     | [lf.day.start] Processing GIZ-CAI for 13JAN
2025-12-31 20:59:28 | WARNING  | [lf.day.no_flights] No direct flights on 13JAN
2025-12-31 20:59:28 | INFO     | [SUCCESS] Day 13JAN
2025-12-31 20:59:28 | INFO     | [DAY_START] Processing 12JAN
2025-12-31 20:59:28 | INFO     | [lf.day.start] Processing GIZ-CAI for 12JAN
2025-12-31 20:59:29 | WARNING  | [lf.day.no_flights] No direct flights on 12JAN
2025-12-31 20:59:29 | INFO     | [SUCCESS] Day 12JAN
2025-12-31 20:59:29 | INFO     | [SUCCESS] LF Search Complete
2025-12-31 20:59:31 | INFO     | [Worker_9232] Completed: GIZ-CAI - 6 results, 0 errors
2025-12-31 20:59:31 | INFO     | [Worker_9232] Processing: CAI-JED
2025-12-31 20:59:31 | INFO     |   Tier 0: Range 1, Chunk 3/5 (6 days)
