2025-12-31 20:54:54 | INFO     | ======================================================================
2025-12-31 20:54:54 | INFO     | Load Factor Scraper Started - Route: HBE-MED
2025-12-31 20:54:54 | INFO     | Log file: D:\CODERED\LAB\market_insights\outputs\run_generated_311225_at_20.48\logs\LF_HBE-MED_20251231_205454.log
2025-12-31 20:54:54 | INFO     | Enhanced logging: Capturing both logging.info() and print()
2025-12-31 20:54:54 | INFO     | ======================================================================
2025-12-31 20:54:54 | INFO     | Starting LF search for route: HBE-MED
2025-12-31 20:54:54 | INFO     | [START] LF Search
2025-12-31 20:54:56 | INFO     | [HEALTH CHECK] [OK] Chrome connection is healthy
2025-12-31 20:54:56 | INFO     | [DAY_START] Processing 24JAN
2025-12-31 20:54:56 | INFO     | [lf.day.start] Processing HBE-MED for 24JAN
2025-12-31 20:54:57 | WARNING  | [lf.day.no_flights] No direct flights on 24JAN
2025-12-31 20:54:57 | INFO     | [SUCCESS] Day 24JAN
2025-12-31 20:54:57 | INFO     | [DAY_START] Processing 23JAN
2025-12-31 20:54:57 | INFO     | [lf.day.start] Processing HBE-MED for 23JAN
2025-12-31 20:54:58 | WARNING  | [lf.day.no_flights] No direct flights on 23JAN
2025-12-31 20:54:59 | INFO     | [SUCCESS] Day 23JAN
2025-12-31 20:54:59 | INFO     | [DAY_START] Processing 22JAN
2025-12-31 20:54:59 | INFO     | [lf.day.start] Processing HBE-MED for 22JAN
2025-12-31 20:55:00 | INFO     | [lf.day.flights_found] Found 1 flights on 22JAN
2025-12-31 20:55:02 | INFO     | [lf.flight.extracted] SM485 on 22JAN: BKG=177, LF=100.0%
2025-12-31 20:55:07 | INFO     | [SUCCESS] Day 22JAN
2025-12-31 20:55:07 | INFO     | [DAY_START] Processing 21JAN
2025-12-31 20:55:07 | INFO     | [lf.day.start] Processing HBE-MED for 21JAN
2025-12-31 20:55:08 | INFO     | [lf.day.flights_found] Found 1 flights on 21JAN
2025-12-31 20:55:10 | INFO     | [lf.flight.extracted] SM485 on 21JAN: BKG=176, LF=100.0%
2025-12-31 20:55:14 | INFO     | [SUCCESS] Day 21JAN
2025-12-31 20:55:14 | INFO     | [DAY_START] Processing 20JAN
2025-12-31 20:55:14 | INFO     | [lf.day.start] Processing HBE-MED for 20JAN
2025-12-31 20:55:15 | INFO     | [lf.day.flights_found] Found 1 flights on 20JAN
2025-12-31 20:55:17 | INFO     | [lf.flight.extracted] SM485 on 20JAN: BKG=171, LF=97.2%
2025-12-31 20:55:22 | INFO     | [SUCCESS] Day 20JAN
2025-12-31 20:55:22 | INFO     | [DAY_START] Processing 19JAN
2025-12-31 20:55:22 | INFO     | [lf.day.start] Processing HBE-MED for 19JAN
2025-12-31 20:55:23 | WARNING  | [lf.day.no_flights] No direct flights on 19JAN
2025-12-31 20:55:23 | INFO     | [SUCCESS] Day 19JAN
2025-12-31 20:55:23 | INFO     | [DAY_START] Processing 18JAN
2025-12-31 20:55:23 | INFO     | [lf.day.start] Processing HBE-MED for 18JAN
2025-12-31 20:55:24 | INFO     | [lf.day.flights_found] Found 1 flights on 18JAN
2025-12-31 20:55:26 | INFO     | [lf.flight.extracted] SM485 on 18JAN: BKG=177, LF=100.0%
2025-12-31 20:55:31 | INFO     | [SUCCESS] Day 18JAN
2025-12-31 20:55:31 | INFO     | [SUCCESS] LF Search Complete
2025-12-31 20:55:33 | INFO     | [Worker_9225] Completed: HBE-MED - 7 results, 0 errors
2025-12-31 20:55:33 | INFO     | [Worker_9225] Processing: ATZ-RUH
2025-12-31 20:55:33 | INFO     |   Tier 0: Range 1, Chunk 2/5 (7 days)
