2025-12-31 21:01:31 | INFO     | ======================================================================
2025-12-31 21:01:31 | INFO     | Load Factor Scraper Started - Route: JED-ATZ
2025-12-31 21:01:31 | INFO     | Log file: D:\CODERED\LAB\market_insights\outputs\run_generated_311225_at_20.48\logs\LF_JED-ATZ_20251231_210131.log
2025-12-31 21:01:31 | INFO     | Enhanced logging: Capturing both logging.info() and print()
2025-12-31 21:01:31 | INFO     | ======================================================================
2025-12-31 21:01:31 | INFO     | Starting LF search for route: JED-ATZ
2025-12-31 21:01:31 | INFO     | [START] LF Search
2025-12-31 21:01:32 | INFO     | [HEALTH CHECK] [OK] Chrome connection is healthy
2025-12-31 21:01:33 | INFO     | [DAY_START] Processing 11JAN
2025-12-31 21:01:33 | INFO     | [lf.day.start] Processing JED-ATZ for 11JAN
2025-12-31 21:01:34 | INFO     | [lf.day.flights_found] Found 2 flights on 11JAN
2025-12-31 21:01:36 | INFO     | [lf.flight.extracted] SM492 on 11JAN: BKG=179, LF=102.3%
2025-12-31 21:01:39 | INFO     | [lf.flight.extracted] SM456 on 11JAN: BKG=156, LF=89.1%
2025-12-31 21:01:52 | INFO     | [SUCCESS] Day 11JAN
2025-12-31 21:01:52 | INFO     | [DAY_START] Processing 10JAN
2025-12-31 21:01:52 | INFO     | [lf.day.start] Processing JED-ATZ for 10JAN
2025-12-31 21:01:53 | INFO     | [lf.day.flights_found] Found 3 flights on 10JAN
2025-12-31 21:01:56 | INFO     | [lf.flight.extracted] SM492 on 10JAN: BKG=152, LF=86.9%
2025-12-31 21:02:00 | INFO     | [lf.flight.extracted] SM454 on 10JAN: BKG=156, LF=89.1%
2025-12-31 21:02:06 | INFO     | [lf.flight.extracted] SM456 on 10JAN: BKG=163, LF=93.1%
2025-12-31 21:02:26 | INFO     | [SUCCESS] Day 10JAN
2025-12-31 21:02:26 | INFO     | [DAY_START] Processing 09JAN
2025-12-31 21:02:26 | INFO     | [lf.day.start] Processing JED-ATZ for 09JAN
2025-12-31 21:02:27 | INFO     | [lf.day.flights_found] Found 1 flights on 09JAN
2025-12-31 21:02:29 | INFO     | [lf.flight.extracted] SM492 on 09JAN: BKG=50, LF=28.6%
2025-12-31 21:02:33 | INFO     | [SUCCESS] Day 09JAN
2025-12-31 21:02:33 | INFO     | [DAY_START] Processing 08JAN
2025-12-31 21:02:33 | INFO     | [lf.day.start] Processing JED-ATZ for 08JAN
2025-12-31 21:02:34 | INFO     | [lf.day.flights_found] Found 3 flights on 08JAN
2025-12-31 21:02:36 | INFO     | [lf.flight.extracted] SM422 on 08JAN: BKG=168, LF=96.0%
2025-12-31 21:02:40 | INFO     | [lf.flight.extracted] SM454 on 08JAN: BKG=164, LF=93.7%
2025-12-31 21:02:44 | INFO     | [lf.flight.extracted] SM456 on 08JAN: BKG=179, LF=106.5%
2025-12-31 21:03:15 | INFO     | [SUCCESS] Day 08JAN
2025-12-31 21:03:15 | INFO     | [DAY_START] Processing 07JAN
2025-12-31 21:03:15 | INFO     | [lf.day.start] Processing JED-ATZ for 07JAN
2025-12-31 21:03:16 | INFO     | [lf.day.flights_found] Found 2 flights on 07JAN
2025-12-31 21:03:20 | INFO     | [lf.flight.extracted] SM454 on 07JAN: BKG=179, LF=102.3%
2025-12-31 21:03:26 | INFO     | [lf.flight.extracted] SM492 on 07JAN: BKG=183, LF=104.6%
2025-12-31 21:03:42 | INFO     | [SUCCESS] Day 07JAN
2025-12-31 21:03:42 | INFO     | [DAY_START] Processing 06JAN
2025-12-31 21:03:42 | INFO     | [lf.day.start] Processing JED-ATZ for 06JAN
2025-12-31 21:03:43 | INFO     | [lf.day.flights_found] Found 2 flights on 06JAN
2025-12-31 21:03:46 | INFO     | [lf.flight.extracted] SM454 on 06JAN: BKG=178, LF=101.7%
2025-12-31 21:03:50 | INFO     | [lf.flight.extracted] SM456 on 06JAN: BKG=180, LF=102.9%
2025-12-31 21:04:01 | INFO     | [SUCCESS] Day 06JAN
2025-12-31 21:04:01 | INFO     | [SUCCESS] LF Search Complete
2025-12-31 21:04:03 | INFO     | [Worker_9222] Completed: JED-ATZ - 6 results, 0 errors
2025-12-31 21:04:03 | INFO     | [Worker_9222] Processing: CAI-JED
2025-12-31 21:04:03 | INFO     |   Tier 0: Range 1, Chunk 4/5 (6 days)
