2025-12-31 20:53:03 | INFO     | ======================================================================
2025-12-31 20:53:03 | INFO     | Load Factor Scraper Started - Route: JED-CAI
2025-12-31 20:53:03 | INFO     | Log file: D:\CODERED\LAB\market_insights\outputs\run_generated_311225_at_20.48\logs\LF_JED-CAI_20251231_205303.log
2025-12-31 20:53:03 | INFO     | Enhanced logging: Capturing both logging.info() and print()
2025-12-31 20:53:03 | INFO     | ======================================================================
2025-12-31 20:53:03 | INFO     | Starting LF search for route: JED-CAI
2025-12-31 20:53:03 | INFO     | [START] LF Search
2025-12-31 20:53:04 | INFO     | [HEALTH CHECK] [OK] Chrome connection is healthy
2025-12-31 20:53:04 | INFO     | [DAY_START] Processing 24JAN
2025-12-31 20:53:04 | INFO     | [lf.day.start] Processing JED-CAI for 24JAN
2025-12-31 20:53:05 | INFO     | [lf.day.flights_found] Found 3 flights on 24JAN
2025-12-31 20:53:08 | INFO     | [lf.flight.extracted] SM450 on 24JAN: BKG=15, LF=9.0%
2025-12-31 20:53:12 | INFO     | [lf.flight.extracted] SM476 on 24JAN: BKG=140, LF=83.3%
2025-12-31 20:53:15 | INFO     | [lf.flight.extracted] SM478 on 24JAN: BKG=123, LF=70.3%
2025-12-31 20:53:24 | INFO     | [SUCCESS] Day 24JAN
2025-12-31 20:53:24 | INFO     | [DAY_START] Processing 23JAN
2025-12-31 20:53:24 | INFO     | [lf.day.start] Processing JED-CAI for 23JAN
2025-12-31 20:53:25 | INFO     | [lf.day.flights_found] Found 6 flights on 23JAN
2025-12-31 20:53:27 | INFO     | [lf.flight.extracted] SM424 on 23JAN: BKG=7, LF=4.0%
2025-12-31 20:53:31 | INFO     | [lf.flight.extracted] SM476 on 23JAN: BKG=3, LF=1.7%
2025-12-31 20:53:35 | INFO     | [lf.flight.extracted] SM478 on 23JAN: BKG=5, LF=2.9%
2025-12-31 20:53:38 | INFO     | [lf.flight.extracted] SM480 on 23JAN: BKG=52, LF=29.7%
2025-12-31 20:53:42 | INFO     | [lf.flight.extracted] SM472 on 23JAN: BKG=94, LF=53.7%
2025-12-31 20:53:45 | INFO     | [lf.flight.extracted] SM460 on 23JAN: BKG=58, LF=34.7%
2025-12-31 20:53:57 | INFO     | [SUCCESS] Day 23JAN
2025-12-31 20:53:57 | INFO     | [DAY_START] Processing 22JAN
2025-12-31 20:53:57 | INFO     | [lf.day.start] Processing JED-CAI for 22JAN
2025-12-31 20:53:58 | INFO     | [lf.day.flights_found] Found 7 flights on 22JAN
2025-12-31 20:54:01 | INFO     | [lf.flight.extracted] SM472 on 22JAN: BKG=6, LF=3.4%
2025-12-31 20:54:05 | INFO     | [lf.flight.extracted] SM450 on 22JAN: BKG=2, LF=1.2%
2025-12-31 20:54:08 | INFO     | [lf.flight.extracted] SM476 on 22JAN: BKG=22, LF=12.6%
2025-12-31 20:54:12 | INFO     | [lf.flight.extracted] SM432 on 22JAN: BKG=7, LF=4.0%
2025-12-31 20:54:15 | INFO     | [lf.flight.extracted] SM962 on 22JAN: BKG=15, LF=9.2%
2025-12-31 20:54:19 | INFO     | [lf.flight.extracted] SM478 on 22JAN: BKG=137, LF=78.3%
2025-12-31 20:54:22 | INFO     | [lf.flight.extracted] SM480 on 22JAN: BKG=143, LF=81.7%
2025-12-31 20:54:35 | INFO     | [SUCCESS] Day 22JAN
2025-12-31 20:54:35 | INFO     | [DAY_START] Processing 21JAN
2025-12-31 20:54:35 | INFO     | [lf.day.start] Processing JED-CAI for 21JAN
2025-12-31 20:54:36 | INFO     | [lf.day.flights_found] Found 4 flights on 21JAN
2025-12-31 20:54:39 | INFO     | [lf.flight.extracted] SM476 on 21JAN: BKG=45, LF=25.7%
2025-12-31 20:54:42 | INFO     | [lf.flight.extracted] SM478 on 21JAN: BKG=144, LF=82.3%
2025-12-31 20:54:46 | INFO     | [lf.flight.extracted] SM460 on 21JAN: BKG=149, LF=89.2%
2025-12-31 20:54:49 | INFO     | [lf.flight.extracted] SM424 on 21JAN: BKG=12, LF=7.2%
2025-12-31 20:55:03 | INFO     | [SUCCESS] Day 21JAN
2025-12-31 20:55:03 | INFO     | [DAY_START] Processing 20JAN
2025-12-31 20:55:03 | INFO     | [lf.day.start] Processing JED-CAI for 20JAN
2025-12-31 20:55:04 | INFO     | [lf.day.flights_found] Found 7 flights on 20JAN
2025-12-31 20:55:06 | INFO     | [lf.flight.extracted] SM472 on 20JAN: BKG=9, LF=5.1%
2025-12-31 20:55:09 | INFO     | [lf.flight.extracted] SM954 on 20JAN: BKG=8, LF=4.8%
2025-12-31 20:55:12 | INFO     | [lf.flight.extracted] SM480 on 20JAN: BKG=109, LF=62.3%
2025-12-31 20:55:16 | INFO     | [lf.flight.extracted] SM478 on 20JAN: BKG=141, LF=83.9%
2025-12-31 20:55:19 | INFO     | [lf.flight.extracted] SM460 on 20JAN: BKG=116, LF=66.3%
2025-12-31 20:55:23 | INFO     | [lf.flight.extracted] SM424 on 20JAN: BKG=12, LF=7.2%
2025-12-31 20:55:26 | INFO     | [lf.flight.extracted] SM476 on 20JAN: BKG=49, LF=28.0%
2025-12-31 20:55:40 | INFO     | [SUCCESS] Day 20JAN
2025-12-31 20:55:40 | INFO     | [DAY_START] Processing 19JAN
2025-12-31 20:55:40 | INFO     | [lf.day.start] Processing JED-CAI for 19JAN
2025-12-31 20:55:41 | INFO     | [lf.day.flights_found] Found 4 flights on 19JAN
2025-12-31 20:55:43 | INFO     | [lf.flight.extracted] SM480 on 19JAN: BKG=2, LF=1.1%
2025-12-31 20:55:47 | INFO     | [lf.flight.extracted] SM476 on 19JAN: BKG=147, LF=84.0%
2025-12-31 20:55:51 | INFO     | [lf.flight.extracted] SM478 on 19JAN: BKG=67, LF=38.3%
2025-12-31 20:55:54 | INFO     | [lf.flight.extracted] SM460 on 19JAN: BKG=148, LF=88.6%
2025-12-31 20:56:07 | INFO     | [SUCCESS] Day 19JAN
2025-12-31 20:56:07 | INFO     | [DAY_START] Processing 18JAN
2025-12-31 20:56:07 | INFO     | [lf.day.start] Processing JED-CAI for 18JAN
2025-12-31 20:56:08 | INFO     | [lf.day.flights_found] Found 5 flights on 18JAN
2025-12-31 20:56:10 | INFO     | [lf.flight.extracted] SM424 on 18JAN: BKG=101, LF=60.5%
2025-12-31 20:56:13 | INFO     | [lf.flight.extracted] SM476 on 18JAN: BKG=4, LF=2.3%
2025-12-31 20:56:16 | INFO     | [lf.flight.extracted] SM432 on 18JAN: BKG=48, LF=27.4%
2025-12-31 20:56:19 | INFO     | [lf.flight.extracted] SM460 on 18JAN: BKG=60, LF=35.9%
2025-12-31 20:56:23 | INFO     | [lf.flight.extracted] SM478 on 18JAN: BKG=171, LF=101.8%
2025-12-31 20:56:45 | INFO     | [SUCCESS] Day 18JAN
2025-12-31 20:56:45 | INFO     | [SUCCESS] LF Search Complete
2025-12-31 20:56:47 | INFO     | [Worker_9234] Completed: JED-CAI - 7 results, 0 errors
2025-12-31 20:56:47 | INFO     | [Worker_9234] Processing: MED-CAI
2025-12-31 20:56:47 | INFO     |   Tier 0: Range 1, Chunk 3/5 (6 days)
