2025-12-31 21:01:37 | INFO     | ======================================================================
2025-12-31 21:01:37 | INFO     | Load Factor Scraper Started - Route: JED-ASW
2025-12-31 21:01:37 | INFO     | Log file: D:\CODERED\LAB\market_insights\outputs\run_generated_311225_at_20.48\logs\LF_JED-ASW_20251231_210137.log
2025-12-31 21:01:37 | INFO     | Enhanced logging: Capturing both logging.info() and print()
2025-12-31 21:01:37 | INFO     | ======================================================================
2025-12-31 21:01:37 | INFO     | Starting LF search for route: JED-ASW
2025-12-31 21:01:37 | INFO     | [START] LF Search
2025-12-31 21:01:39 | INFO     | [HEALTH CHECK] [OK] Chrome connection is healthy
2025-12-31 21:01:39 | INFO     | [DAY_START] Processing 11JAN
2025-12-31 21:01:39 | INFO     | [lf.day.start] Processing JED-ASW for 11JAN
2025-12-31 21:01:40 | WARNING  | [lf.day.no_flights] No direct flights on 11JAN
2025-12-31 21:01:40 | INFO     | [SUCCESS] Day 11JAN
2025-12-31 21:01:40 | INFO     | [DAY_START] Processing 10JAN
2025-12-31 21:01:40 | INFO     | [lf.day.start] Processing JED-ASW for 10JAN
2025-12-31 21:01:41 | WARNING  | [lf.day.no_flights] No direct flights on 10JAN
2025-12-31 21:01:41 | INFO     | [SUCCESS] Day 10JAN
2025-12-31 21:01:41 | INFO     | [DAY_START] Processing 09JAN
2025-12-31 21:01:41 | INFO     | [lf.day.start] Processing JED-ASW for 09JAN
2025-12-31 21:01:42 | WARNING  | [lf.day.no_flights] No direct flights on 09JAN
2025-12-31 21:01:42 | INFO     | [SUCCESS] Day 09JAN
2025-12-31 21:01:42 | INFO     | [DAY_START] Processing 08JAN
2025-12-31 21:01:42 | INFO     | [lf.day.start] Processing JED-ASW for 08JAN
2025-12-31 21:01:44 | WARNING  | [lf.day.no_flights] No direct flights on 08JAN
2025-12-31 21:01:44 | INFO     | [SUCCESS] Day 08JAN
2025-12-31 21:01:44 | INFO     | [DAY_START] Processing 07JAN
2025-12-31 21:01:44 | INFO     | [lf.day.start] Processing JED-ASW for 07JAN
2025-12-31 21:01:45 | WARNING  | [lf.day.no_flights] No direct flights on 07JAN
2025-12-31 21:01:45 | INFO     | [SUCCESS] Day 07JAN
2025-12-31 21:01:45 | INFO     | [DAY_START] Processing 06JAN
2025-12-31 21:01:45 | INFO     | [lf.day.start] Processing JED-ASW for 06JAN
2025-12-31 21:01:46 | WARNING  | [lf.day.no_flights] No direct flights on 06JAN
2025-12-31 21:01:47 | INFO     | [SUCCESS] Day 06JAN
2025-12-31 21:01:47 | INFO     | [SUCCESS] LF Search Complete
2025-12-31 21:01:49 | INFO     | [Worker_9233] Completed: JED-ASW - 6 results, 0 errors
2025-12-31 21:01:49 | INFO     | [Worker_9233] Processing: RUH-CAI
2025-12-31 21:01:49 | INFO     |   Tier 0: Range 1, Chunk 4/5 (6 days)
