2025-12-31 20:53:04 | INFO     | ======================================================================
2025-12-31 20:53:04 | INFO     | Load Factor Scraper Started - Route: JED-HBE
2025-12-31 20:53:04 | INFO     | Log file: D:\CODERED\LAB\market_insights\outputs\run_generated_311225_at_20.48\logs\LF_JED-HBE_20251231_205304.log
2025-12-31 20:53:04 | INFO     | Enhanced logging: Capturing both logging.info() and print()
2025-12-31 20:53:04 | INFO     | ======================================================================
2025-12-31 20:53:04 | INFO     | Starting LF search for route: JED-HBE
2025-12-31 20:53:04 | INFO     | [START] LF Search
2025-12-31 20:53:06 | INFO     | [HEALTH CHECK] [OK] Chrome connection is healthy
2025-12-31 20:53:06 | INFO     | [DAY_START] Processing 24JAN
2025-12-31 20:53:06 | INFO     | [lf.day.start] Processing JED-HBE for 24JAN
2025-12-31 20:53:07 | INFO     | [lf.day.flights_found] Found 2 flights on 24JAN
2025-12-31 20:53:10 | INFO     | [lf.flight.extracted] SM458 on 24JAN: BKG=171, LF=99.4%
2025-12-31 20:53:14 | INFO     | [lf.flight.extracted] SM452 on 24JAN: BKG=162, LF=94.2%
2025-12-31 20:53:23 | INFO     | [SUCCESS] Day 24JAN
2025-12-31 20:53:23 | INFO     | [DAY_START] Processing 23JAN
2025-12-31 20:53:23 | INFO     | [lf.day.start] Processing JED-HBE for 23JAN
2025-12-31 20:53:25 | INFO     | [lf.day.flights_found] Found 1 flights on 23JAN
2025-12-31 20:53:27 | INFO     | [lf.flight.extracted] SM452 on 23JAN: BKG=37, LF=22.4%
2025-12-31 20:53:31 | INFO     | [SUCCESS] Day 23JAN
2025-12-31 20:53:31 | INFO     | [DAY_START] Processing 22JAN
2025-12-31 20:53:31 | INFO     | [lf.day.start] Processing JED-HBE for 22JAN
2025-12-31 20:53:32 | INFO     | [lf.day.flights_found] Found 1 flights on 22JAN
2025-12-31 20:53:34 | INFO     | [lf.flight.extracted] SM452 on 22JAN: BKG=151, LF=87.8%
2025-12-31 20:53:39 | INFO     | [SUCCESS] Day 22JAN
2025-12-31 20:53:39 | INFO     | [DAY_START] Processing 21JAN
2025-12-31 20:53:39 | INFO     | [lf.day.start] Processing JED-HBE for 21JAN
2025-12-31 20:53:40 | INFO     | [lf.day.flights_found] Found 3 flights on 21JAN
2025-12-31 20:53:43 | INFO     | [lf.flight.extracted] SM452 on 21JAN: BKG=129, LF=75.0%
2025-12-31 20:53:47 | INFO     | [lf.flight.extracted] SM474 on 21JAN: BKG=147, LF=84.0%
2025-12-31 20:53:50 | INFO     | [lf.flight.extracted] SM458 on 21JAN: BKG=170, LF=97.1%
2025-12-31 20:54:06 | INFO     | [SUCCESS] Day 21JAN
2025-12-31 20:54:06 | INFO     | [DAY_START] Processing 20JAN
2025-12-31 20:54:06 | INFO     | [lf.day.start] Processing JED-HBE for 20JAN
2025-12-31 20:54:07 | INFO     | [lf.day.flights_found] Found 1 flights on 20JAN
2025-12-31 20:54:09 | INFO     | [lf.flight.extracted] SM452 on 20JAN: BKG=160, LF=93.0%
2025-12-31 20:54:15 | INFO     | [SUCCESS] Day 20JAN
2025-12-31 20:54:15 | INFO     | [DAY_START] Processing 19JAN
2025-12-31 20:54:15 | INFO     | [lf.day.start] Processing JED-HBE for 19JAN
2025-12-31 20:54:16 | INFO     | [lf.day.flights_found] Found 2 flights on 19JAN
2025-12-31 20:54:18 | INFO     | [lf.flight.extracted] SM458 on 19JAN: BKG=137, LF=79.7%
2025-12-31 20:54:22 | INFO     | [lf.flight.extracted] SM452 on 19JAN: BKG=146, LF=84.9%
2025-12-31 20:54:33 | INFO     | [SUCCESS] Day 19JAN
2025-12-31 20:54:33 | INFO     | [DAY_START] Processing 18JAN
2025-12-31 20:54:33 | INFO     | [lf.day.start] Processing JED-HBE for 18JAN
2025-12-31 20:54:34 | INFO     | [lf.day.flights_found] Found 2 flights on 18JAN
2025-12-31 20:54:36 | INFO     | [lf.flight.extracted] SM458 on 18JAN: BKG=116, LF=66.3%
2025-12-31 20:54:40 | INFO     | [lf.flight.extracted] SM452 on 18JAN: BKG=122, LF=70.9%
2025-12-31 20:54:52 | INFO     | [SUCCESS] Day 18JAN
2025-12-31 20:54:52 | INFO     | [SUCCESS] LF Search Complete
2025-12-31 20:54:54 | INFO     | [Worker_9225] Completed: JED-HBE - 7 results, 0 errors
2025-12-31 20:54:54 | INFO     | [Worker_9225] Processing: HBE-MED
2025-12-31 20:54:54 | INFO     |   Tier 0: Range 1, Chunk 2/5 (7 days)
