2025-12-31 20:57:15 | INFO     | ======================================================================
2025-12-31 20:57:15 | INFO     | Load Factor Scraper Started - Route: JED-ASW
2025-12-31 20:57:15 | INFO     | Log file: D:\CODERED\LAB\market_insights\outputs\run_generated_311225_at_20.48\logs\LF_JED-ASW_20251231_205715.log
2025-12-31 20:57:15 | INFO     | Enhanced logging: Capturing both logging.info() and print()
2025-12-31 20:57:15 | INFO     | ======================================================================
2025-12-31 20:57:15 | INFO     | Starting LF search for route: JED-ASW
2025-12-31 20:57:15 | INFO     | [START] LF Search
2025-12-31 20:57:16 | INFO     | [HEALTH CHECK] [OK] Chrome connection is healthy
2025-12-31 20:57:16 | INFO     | [DAY_START] Processing 17JAN
2025-12-31 20:57:16 | INFO     | [lf.day.start] Processing JED-ASW for 17JAN
2025-12-31 20:57:17 | WARNING  | [lf.day.no_flights] No direct flights on 17JAN
2025-12-31 20:57:18 | INFO     | [SUCCESS] Day 17JAN
2025-12-31 20:57:18 | INFO     | [DAY_START] Processing 16JAN
2025-12-31 20:57:18 | INFO     | [lf.day.start] Processing JED-ASW for 16JAN
2025-12-31 20:57:19 | WARNING  | [lf.day.no_flights] No direct flights on 16JAN
2025-12-31 20:57:19 | INFO     | [SUCCESS] Day 16JAN
2025-12-31 20:57:19 | INFO     | [DAY_START] Processing 15JAN
2025-12-31 20:57:19 | INFO     | [lf.day.start] Processing JED-ASW for 15JAN
2025-12-31 20:57:20 | WARNING  | [lf.day.no_flights] No direct flights on 15JAN
2025-12-31 20:57:20 | INFO     | [SUCCESS] Day 15JAN
2025-12-31 20:57:20 | INFO     | [DAY_START] Processing 14JAN
2025-12-31 20:57:20 | INFO     | [lf.day.start] Processing JED-ASW for 14JAN
2025-12-31 20:57:21 | WARNING  | [lf.day.no_flights] No direct flights on 14JAN
2025-12-31 20:57:22 | INFO     | [SUCCESS] Day 14JAN
2025-12-31 20:57:22 | INFO     | [DAY_START] Processing 13JAN
2025-12-31 20:57:22 | INFO     | [lf.day.start] Processing JED-ASW for 13JAN
2025-12-31 20:57:23 | INFO     | [lf.day.flights_found] Found 1 flights on 13JAN
2025-12-31 20:57:25 | INFO     | [lf.flight.extracted] SM986 on 13JAN: BKG=152, LF=91.0%
2025-12-31 20:57:52 | INFO     | [SUCCESS] Day 13JAN
2025-12-31 20:57:52 | INFO     | [DAY_START] Processing 12JAN
2025-12-31 20:57:52 | INFO     | [lf.day.start] Processing JED-ASW for 12JAN
2025-12-31 20:57:53 | INFO     | [lf.day.flights_found] Found 2 flights on 12JAN
2025-12-31 20:57:55 | INFO     | [lf.flight.extracted] SM426 on 12JAN: BKG=175, LF=104.8%
2025-12-31 20:57:59 | INFO     | [lf.flight.extracted] SM950 on 12JAN: BKG=180, LF=107.8%
2025-12-31 20:58:50 | INFO     | [SUCCESS] Day 12JAN
2025-12-31 20:58:50 | INFO     | [SUCCESS] LF Search Complete
2025-12-31 20:58:52 | INFO     | [Worker_9232] Completed: JED-ASW - 6 results, 0 errors
2025-12-31 20:58:52 | INFO     | [Worker_9232] Processing: AHB-ATZ
2025-12-31 20:58:52 | INFO     |   Tier 0: Range 1, Chunk 3/5 (6 days)
