2025-12-31 20:51:11 | INFO     | ======================================================================
2025-12-31 20:51:11 | INFO     | Load Factor Scraper Started - Route: LXR-JED
2025-12-31 20:51:11 | INFO     | Log file: D:\CODERED\LAB\market_insights\outputs\run_generated_311225_at_20.48\logs\LF_LXR-JED_20251231_205111.log
2025-12-31 20:51:11 | INFO     | Enhanced logging: Capturing both logging.info() and print()
2025-12-31 20:51:11 | INFO     | ======================================================================
2025-12-31 20:51:11 | INFO     | Starting LF search for route: LXR-JED
2025-12-31 20:51:11 | INFO     | [START] LF Search
2025-12-31 20:51:13 | INFO     | [HEALTH CHECK] [OK] Chrome connection is healthy
2025-12-31 20:51:13 | INFO     | [DAY_START] Processing 31JAN
2025-12-31 20:51:13 | INFO     | [lf.day.start] Processing LXR-JED for 31JAN
2025-12-31 20:51:14 | WARNING  | [lf.day.no_flights] No direct flights on 31JAN
2025-12-31 20:51:14 | INFO     | [SUCCESS] Day 31JAN
2025-12-31 20:51:14 | INFO     | [DAY_START] Processing 30JAN
2025-12-31 20:51:14 | INFO     | [lf.day.start] Processing LXR-JED for 30JAN
2025-12-31 20:51:16 | WARNING  | [lf.day.no_flights] No direct flights on 30JAN
2025-12-31 20:51:16 | INFO     | [SUCCESS] Day 30JAN
2025-12-31 20:51:16 | INFO     | [DAY_START] Processing 29JAN
2025-12-31 20:51:16 | INFO     | [lf.day.start] Processing LXR-JED for 29JAN
2025-12-31 20:51:17 | WARNING  | [lf.day.no_flights] No direct flights on 29JAN
2025-12-31 20:51:17 | INFO     | [SUCCESS] Day 29JAN
2025-12-31 20:51:17 | INFO     | [DAY_START] Processing 28JAN
2025-12-31 20:51:17 | INFO     | [lf.day.start] Processing LXR-JED for 28JAN
2025-12-31 20:51:19 | WARNING  | [lf.day.no_flights] No direct flights on 28JAN
2025-12-31 20:51:19 | INFO     | [SUCCESS] Day 28JAN
2025-12-31 20:51:19 | INFO     | [DAY_START] Processing 27JAN
2025-12-31 20:51:19 | INFO     | [lf.day.start] Processing LXR-JED for 27JAN
2025-12-31 20:51:20 | INFO     | [lf.day.flights_found] Found 5 flights on 27JAN
2025-12-31 20:51:23 | INFO     | [lf.flight.extracted] SM429 on 27JAN: BKG=0, LF=0.0%
2025-12-31 20:51:27 | INFO     | [lf.flight.extracted] SM483 on 27JAN: BKG=0, LF=0.0%
2025-12-31 20:51:31 | INFO     | [lf.flight.extracted] SM959 on 27JAN: BKG=0, LF=0.0%
2025-12-31 20:51:34 | INFO     | [lf.flight.extracted] SM981 on 27JAN: BKG=0, LF=0.0%
2025-12-31 20:51:38 | INFO     | [lf.flight.extracted] SM961 on 27JAN: BKG=0, LF=0.0%
2025-12-31 20:51:39 | INFO     | [SUCCESS] Day 27JAN
2025-12-31 20:51:39 | INFO     | [DAY_START] Processing 26JAN
2025-12-31 20:51:39 | INFO     | [lf.day.start] Processing LXR-JED for 26JAN
2025-12-31 20:51:40 | INFO     | [lf.day.flights_found] Found 1 flights on 26JAN
2025-12-31 20:51:43 | INFO     | [lf.flight.extracted] SM481 on 26JAN: BKG=0, LF=0.0%
2025-12-31 20:51:44 | INFO     | [SUCCESS] Day 26JAN
2025-12-31 20:51:44 | INFO     | [DAY_START] Processing 25JAN
2025-12-31 20:51:44 | INFO     | [lf.day.start] Processing LXR-JED for 25JAN
2025-12-31 20:51:45 | WARNING  | [lf.day.no_flights] No direct flights on 25JAN
2025-12-31 20:51:45 | INFO     | [SUCCESS] Day 25JAN
2025-12-31 20:51:45 | INFO     | [SUCCESS] LF Search Complete
2025-12-31 20:51:47 | INFO     | [Worker_9224] Completed: LXR-JED - 7 results, 0 errors
2025-12-31 20:51:47 | INFO     | [Worker_9224] Processing: CAI-TUU
2025-12-31 20:51:47 | INFO     |   Tier 0: Range 1, Chunk 1/5 (7 days)
