2025-12-31 20:56:59 | INFO     | ======================================================================
2025-12-31 20:56:59 | INFO     | Load Factor Scraper Started - Route: MED-ATZ
2025-12-31 20:56:59 | INFO     | Log file: D:\CODERED\LAB\market_insights\outputs\run_generated_311225_at_20.48\logs\LF_MED-ATZ_20251231_205659.log
2025-12-31 20:56:59 | INFO     | Enhanced logging: Capturing both logging.info() and print()
2025-12-31 20:56:59 | INFO     | ======================================================================
2025-12-31 20:56:59 | INFO     | Starting LF search for route: MED-ATZ
2025-12-31 20:56:59 | INFO     | [START] LF Search
2025-12-31 20:57:01 | INFO     | [HEALTH CHECK] [OK] Chrome connection is healthy
2025-12-31 20:57:01 | INFO     | [DAY_START] Processing 17JAN
2025-12-31 20:57:01 | INFO     | [lf.day.start] Processing MED-ATZ for 17JAN
2025-12-31 20:57:02 | INFO     | [lf.day.flights_found] Found 1 flights on 17JAN
2025-12-31 20:57:05 | INFO     | [lf.flight.extracted] SM488 on 17JAN: BKG=18, LF=10.3%
2025-12-31 20:57:07 | INFO     | [SUCCESS] Day 17JAN
2025-12-31 20:57:07 | INFO     | [DAY_START] Processing 16JAN
2025-12-31 20:57:07 | INFO     | [lf.day.start] Processing MED-ATZ for 16JAN
2025-12-31 20:57:08 | WARNING  | [lf.day.no_flights] No direct flights on 16JAN
2025-12-31 20:57:09 | INFO     | [SUCCESS] Day 16JAN
2025-12-31 20:57:09 | INFO     | [DAY_START] Processing 15JAN
2025-12-31 20:57:09 | INFO     | [lf.day.start] Processing MED-ATZ for 15JAN
2025-12-31 20:57:10 | WARNING  | [lf.day.no_flights] No direct flights on 15JAN
2025-12-31 20:57:10 | INFO     | [SUCCESS] Day 15JAN
2025-12-31 20:57:10 | INFO     | [DAY_START] Processing 14JAN
2025-12-31 20:57:10 | INFO     | [lf.day.start] Processing MED-ATZ for 14JAN
2025-12-31 20:57:11 | INFO     | [lf.day.flights_found] Found 1 flights on 14JAN
2025-12-31 20:57:13 | INFO     | [lf.flight.extracted] SM490 on 14JAN: BKG=102, LF=58.3%
2025-12-31 20:57:19 | INFO     | [SUCCESS] Day 14JAN
2025-12-31 20:57:19 | INFO     | [DAY_START] Processing 13JAN
2025-12-31 20:57:19 | INFO     | [lf.day.start] Processing MED-ATZ for 13JAN
2025-12-31 20:57:20 | INFO     | [lf.day.flights_found] Found 1 flights on 13JAN
2025-12-31 20:57:22 | INFO     | [lf.flight.extracted] SM488 on 13JAN: BKG=73, LF=41.7%
2025-12-31 20:57:27 | INFO     | [SUCCESS] Day 13JAN
2025-12-31 20:57:27 | INFO     | [DAY_START] Processing 12JAN
2025-12-31 20:57:27 | INFO     | [lf.day.start] Processing MED-ATZ for 12JAN
2025-12-31 20:57:29 | INFO     | [lf.day.flights_found] Found 1 flights on 12JAN
2025-12-31 20:57:31 | INFO     | [lf.flight.extracted] SM488 on 12JAN: BKG=145, LF=82.9%
2025-12-31 20:57:38 | INFO     | [SUCCESS] Day 12JAN
2025-12-31 20:57:38 | INFO     | [SUCCESS] LF Search Complete
2025-12-31 20:57:40 | INFO     | [Worker_9225] Completed: MED-ATZ - 6 results, 0 errors
2025-12-31 20:57:40 | INFO     | [Worker_9225] Processing: DMM-CAI
2025-12-31 20:57:40 | INFO     |   Tier 0: Range 1, Chunk 3/5 (6 days)
