2025-12-31 21:01:21 | INFO     | ======================================================================
2025-12-31 21:01:21 | INFO     | Load Factor Scraper Started - Route: MED-HBE
2025-12-31 21:01:21 | INFO     | Log file: D:\CODERED\LAB\market_insights\outputs\run_generated_311225_at_20.48\logs\LF_MED-HBE_20251231_210121.log
2025-12-31 21:01:21 | INFO     | Enhanced logging: Capturing both logging.info() and print()
2025-12-31 21:01:21 | INFO     | ======================================================================
2025-12-31 21:01:21 | INFO     | Starting LF search for route: MED-HBE
2025-12-31 21:01:21 | INFO     | [START] LF Search
2025-12-31 21:01:22 | INFO     | [HEALTH CHECK] [OK] Chrome connection is healthy
2025-12-31 21:01:22 | INFO     | [DAY_START] Processing 11JAN
2025-12-31 21:01:22 | INFO     | [lf.day.start] Processing MED-HBE for 11JAN
2025-12-31 21:01:23 | INFO     | [lf.day.flights_found] Found 1 flights on 11JAN
2025-12-31 21:01:26 | INFO     | [lf.flight.extracted] SM486 on 11JAN: BKG=149, LF=86.6%
2025-12-31 21:01:32 | INFO     | [SUCCESS] Day 11JAN
2025-12-31 21:01:32 | INFO     | [DAY_START] Processing 10JAN
2025-12-31 21:01:32 | INFO     | [lf.day.start] Processing MED-HBE for 10JAN
2025-12-31 21:01:33 | WARNING  | [lf.day.no_flights] No direct flights on 10JAN
2025-12-31 21:01:33 | INFO     | [SUCCESS] Day 10JAN
2025-12-31 21:01:33 | INFO     | [DAY_START] Processing 09JAN
2025-12-31 21:01:33 | INFO     | [lf.day.start] Processing MED-HBE for 09JAN
2025-12-31 21:01:34 | WARNING  | [lf.day.no_flights] No direct flights on 09JAN
2025-12-31 21:01:34 | INFO     | [SUCCESS] Day 09JAN
2025-12-31 21:01:34 | INFO     | [DAY_START] Processing 08JAN
2025-12-31 21:01:34 | INFO     | [lf.day.start] Processing MED-HBE for 08JAN
2025-12-31 21:01:35 | INFO     | [lf.day.flights_found] Found 1 flights on 08JAN
2025-12-31 21:01:38 | INFO     | [lf.flight.extracted] SM486 on 08JAN: BKG=169, LF=98.3%
2025-12-31 21:01:43 | INFO     | [SUCCESS] Day 08JAN
2025-12-31 21:01:43 | INFO     | [DAY_START] Processing 07JAN
2025-12-31 21:01:43 | INFO     | [lf.day.start] Processing MED-HBE for 07JAN
2025-12-31 21:01:45 | INFO     | [lf.day.flights_found] Found 1 flights on 07JAN
2025-12-31 21:01:48 | INFO     | [lf.flight.extracted] SM486 on 07JAN: BKG=170, LF=98.8%
2025-12-31 21:01:53 | INFO     | [SUCCESS] Day 07JAN
2025-12-31 21:01:53 | INFO     | [DAY_START] Processing 06JAN
2025-12-31 21:01:53 | INFO     | [lf.day.start] Processing MED-HBE for 06JAN
2025-12-31 21:01:55 | INFO     | [lf.day.flights_found] Found 1 flights on 06JAN
2025-12-31 21:01:59 | INFO     | [lf.flight.extracted] SM486 on 06JAN: BKG=177, LF=101.1%
2025-12-31 21:02:09 | INFO     | [SUCCESS] Day 06JAN
2025-12-31 21:02:09 | INFO     | [SUCCESS] LF Search Complete
2025-12-31 21:02:11 | INFO     | [Worker_9225] Completed: MED-HBE - 6 results, 0 errors
2025-12-31 21:02:11 | INFO     | [Worker_9225] Processing: DMM-CAI
2025-12-31 21:02:11 | INFO     |   Tier 0: Range 1, Chunk 4/5 (6 days)
