2025-12-31 20:57:33 | INFO     | ======================================================================
2025-12-31 20:57:33 | INFO     | Load Factor Scraper Started - Route: RUH-ATZ
2025-12-31 20:57:33 | INFO     | Log file: D:\CODERED\LAB\market_insights\outputs\run_generated_311225_at_20.48\logs\LF_RUH-ATZ_20251231_205733.log
2025-12-31 20:57:33 | INFO     | Enhanced logging: Capturing both logging.info() and print()
2025-12-31 20:57:33 | INFO     | ======================================================================
2025-12-31 20:57:33 | INFO     | Starting LF search for route: RUH-ATZ
2025-12-31 20:57:33 | INFO     | [START] LF Search
2025-12-31 20:57:34 | INFO     | [HEALTH CHECK] [OK] Chrome connection is healthy
2025-12-31 20:57:34 | INFO     | [DAY_START] Processing 17JAN
2025-12-31 20:57:34 | INFO     | [lf.day.start] Processing RUH-ATZ for 17JAN
2025-12-31 20:57:35 | WARNING  | [lf.day.no_flights] No direct flights on 17JAN
2025-12-31 20:57:36 | INFO     | [SUCCESS] Day 17JAN
2025-12-31 20:57:36 | INFO     | [DAY_START] Processing 16JAN
2025-12-31 20:57:36 | INFO     | [lf.day.start] Processing RUH-ATZ for 16JAN
2025-12-31 20:57:37 | WARNING  | [lf.day.no_flights] No direct flights on 16JAN
2025-12-31 20:57:37 | INFO     | [SUCCESS] Day 16JAN
2025-12-31 20:57:37 | INFO     | [DAY_START] Processing 15JAN
2025-12-31 20:57:37 | INFO     | [lf.day.start] Processing RUH-ATZ for 15JAN
2025-12-31 20:57:39 | WARNING  | [lf.day.no_flights] No direct flights on 15JAN
2025-12-31 20:57:39 | INFO     | [SUCCESS] Day 15JAN
2025-12-31 20:57:39 | INFO     | [DAY_START] Processing 14JAN
2025-12-31 20:57:39 | INFO     | [lf.day.start] Processing RUH-ATZ for 14JAN
2025-12-31 20:57:40 | INFO     | [lf.day.flights_found] Found 1 flights on 14JAN
2025-12-31 20:57:43 | INFO     | [lf.flight.extracted] SM466 on 14JAN: BKG=48, LF=27.4%
2025-12-31 20:57:48 | INFO     | [SUCCESS] Day 14JAN
2025-12-31 20:57:48 | INFO     | [DAY_START] Processing 13JAN
2025-12-31 20:57:48 | INFO     | [lf.day.start] Processing RUH-ATZ for 13JAN
2025-12-31 20:57:49 | INFO     | [lf.day.flights_found] Found 1 flights on 13JAN
2025-12-31 20:57:52 | INFO     | [lf.flight.extracted] SM464 on 13JAN: BKG=63, LF=36.0%
2025-12-31 20:57:57 | INFO     | [SUCCESS] Day 13JAN
2025-12-31 20:57:57 | INFO     | [DAY_START] Processing 12JAN
2025-12-31 20:57:57 | INFO     | [lf.day.start] Processing RUH-ATZ for 12JAN
2025-12-31 20:57:59 | WARNING  | [lf.day.no_flights] No direct flights on 12JAN
2025-12-31 20:58:00 | INFO     | [SUCCESS] Day 12JAN
2025-12-31 20:58:00 | INFO     | [SUCCESS] LF Search Complete
2025-12-31 20:58:02 | INFO     | [Worker_9234] Completed: RUH-ATZ - 6 results, 0 errors
2025-12-31 20:58:02 | INFO     | [Worker_9234] Processing: DMM-ATZ
2025-12-31 20:58:02 | INFO     |   Tier 0: Range 1, Chunk 3/5 (6 days)
