2025-12-31 21:06:32 | INFO     | ======================================================================
2025-12-31 21:06:32 | INFO     | Load Factor Scraper Started - Route: RUH-ATZ
2025-12-31 21:06:32 | INFO     | Log file: D:\CODERED\LAB\market_insights\outputs\run_generated_311225_at_20.48\logs\LF_RUH-ATZ_20251231_210632.log
2025-12-31 21:06:32 | INFO     | Enhanced logging: Capturing both logging.info() and print()
2025-12-31 21:06:32 | INFO     | ======================================================================
2025-12-31 21:06:32 | INFO     | Starting LF search for route: RUH-ATZ
2025-12-31 21:06:32 | INFO     | [START] LF Search
2025-12-31 21:06:33 | INFO     | [HEALTH CHECK] [OK] Chrome connection is healthy
2025-12-31 21:06:33 | INFO     | [DAY_START] Processing 05JAN
2025-12-31 21:06:33 | INFO     | [lf.day.start] Processing RUH-ATZ for 05JAN
2025-12-31 21:06:34 | WARNING  | [lf.day.no_flights] No direct flights on 05JAN
2025-12-31 21:06:34 | INFO     | [SUCCESS] Day 05JAN
2025-12-31 21:06:34 | INFO     | [DAY_START] Processing 04JAN
2025-12-31 21:06:34 | INFO     | [lf.day.start] Processing RUH-ATZ for 04JAN
2025-12-31 21:06:35 | INFO     | [lf.day.flights_found] Found 1 flights on 04JAN
2025-12-31 21:06:37 | INFO     | [lf.flight.extracted] SM464 on 04JAN: BKG=114, LF=65.1%
2025-12-31 21:06:44 | INFO     | [SUCCESS] Day 04JAN
2025-12-31 21:06:44 | INFO     | [DAY_START] Processing 03JAN
2025-12-31 21:06:44 | INFO     | [lf.day.start] Processing RUH-ATZ for 03JAN
2025-12-31 21:06:45 | WARNING  | [lf.day.no_flights] No direct flights on 03JAN
2025-12-31 21:06:45 | INFO     | [SUCCESS] Day 03JAN
2025-12-31 21:06:45 | INFO     | [DAY_START] Processing 02JAN
2025-12-31 21:06:45 | INFO     | [lf.day.start] Processing RUH-ATZ for 02JAN
2025-12-31 21:06:46 | WARNING  | [lf.day.no_flights] No direct flights on 02JAN
2025-12-31 21:06:46 | INFO     | [SUCCESS] Day 02JAN
2025-12-31 21:06:46 | INFO     | [DAY_START] Processing 01JAN
2025-12-31 21:06:46 | INFO     | [lf.day.start] Processing RUH-ATZ for 01JAN
2025-12-31 21:06:47 | WARNING  | [lf.day.no_flights] No direct flights on 01JAN
2025-12-31 21:06:48 | INFO     | [SUCCESS] Day 01JAN
2025-12-31 21:06:48 | INFO     | [SUCCESS] LF Search Complete
2025-12-31 21:06:50 | INFO     | [Worker_9233] Completed: RUH-ATZ - 5 results, 0 errors
2025-12-31 21:06:50 | INFO     | [Worker_9233] Processing: TUU-CAI
2025-12-31 21:06:50 | INFO     |   Tier 0: Range 1, Chunk 5/5 (6 days)
