2025-12-31 20:50:02 | INFO     | ======================================================================
2025-12-31 20:50:02 | INFO     | Load Factor Scraper Started - Route: TUU-ATZ
2025-12-31 20:50:02 | INFO     | Log file: D:\CODERED\LAB\market_insights\outputs\run_generated_311225_at_20.48\logs\LF_TUU-ATZ_20251231_205002.log
2025-12-31 20:50:02 | INFO     | Enhanced logging: Capturing both logging.info() and print()
2025-12-31 20:50:02 | INFO     | ======================================================================
2025-12-31 20:50:02 | INFO     | Starting LF search for route: TUU-ATZ
2025-12-31 20:50:02 | INFO     | [START] LF Search
2025-12-31 20:50:04 | INFO     | [HEALTH CHECK] [OK] Chrome connection is healthy
2025-12-31 20:50:04 | INFO     | [DAY_START] Processing 31JAN
2025-12-31 20:50:04 | INFO     | [lf.day.start] Processing TUU-ATZ for 31JAN
2025-12-31 20:50:05 | WARNING  | [lf.day.no_flights] No direct flights on 31JAN
2025-12-31 20:50:05 | INFO     | [SUCCESS] Day 31JAN
2025-12-31 20:50:05 | INFO     | [DAY_START] Processing 30JAN
2025-12-31 20:50:05 | INFO     | [lf.day.start] Processing TUU-ATZ for 30JAN
2025-12-31 20:50:06 | INFO     | [lf.day.flights_found] Found 1 flights on 30JAN
2025-12-31 20:50:09 | INFO     | [lf.flight.extracted] SM328 on 30JAN: BKG=39, LF=22.3%
2025-12-31 20:50:12 | INFO     | [SUCCESS] Day 30JAN
2025-12-31 20:50:12 | INFO     | [DAY_START] Processing 29JAN
2025-12-31 20:50:12 | INFO     | [lf.day.start] Processing TUU-ATZ for 29JAN
2025-12-31 20:50:14 | WARNING  | [lf.day.no_flights] No direct flights on 29JAN
2025-12-31 20:50:14 | INFO     | [SUCCESS] Day 29JAN
2025-12-31 20:50:14 | INFO     | [DAY_START] Processing 28JAN
2025-12-31 20:50:14 | INFO     | [lf.day.start] Processing TUU-ATZ for 28JAN
2025-12-31 20:50:15 | WARNING  | [lf.day.no_flights] No direct flights on 28JAN
2025-12-31 20:50:15 | INFO     | [SUCCESS] Day 28JAN
2025-12-31 20:50:15 | INFO     | [DAY_START] Processing 27JAN
2025-12-31 20:50:15 | INFO     | [lf.day.start] Processing TUU-ATZ for 27JAN
2025-12-31 20:50:16 | WARNING  | [lf.day.no_flights] No direct flights on 27JAN
2025-12-31 20:50:16 | INFO     | [SUCCESS] Day 27JAN
2025-12-31 20:50:16 | INFO     | [DAY_START] Processing 26JAN
2025-12-31 20:50:16 | INFO     | [lf.day.start] Processing TUU-ATZ for 26JAN
2025-12-31 20:50:17 | WARNING  | [lf.day.no_flights] No direct flights on 26JAN
2025-12-31 20:50:17 | INFO     | [SUCCESS] Day 26JAN
2025-12-31 20:50:17 | INFO     | [DAY_START] Processing 25JAN
2025-12-31 20:50:17 | INFO     | [lf.day.start] Processing TUU-ATZ for 25JAN
2025-12-31 20:50:18 | WARNING  | [lf.day.no_flights] No direct flights on 25JAN
2025-12-31 20:50:19 | INFO     | [SUCCESS] Day 25JAN
2025-12-31 20:50:19 | INFO     | [SUCCESS] LF Search Complete
2025-12-31 20:50:21 | INFO     | [Worker_9225] Completed: TUU-ATZ - 7 results, 0 errors
2025-12-31 20:50:21 | INFO     | [Worker_9225] Processing: AHB-ATZ
2025-12-31 20:50:21 | INFO     |   Tier 0: Range 1, Chunk 1/5 (7 days)
