2025-12-31 21:07:21 | INFO     | ======================================================================
2025-12-31 21:07:21 | INFO     | Load Factor Scraper Started - Route: YNB-CAI
2025-12-31 21:07:21 | INFO     | Log file: D:\CODERED\LAB\market_insights\outputs\run_generated_311225_at_20.48\logs\LF_YNB-CAI_20251231_210721.log
2025-12-31 21:07:21 | INFO     | Enhanced logging: Capturing both logging.info() and print()
2025-12-31 21:07:21 | INFO     | ======================================================================
2025-12-31 21:07:21 | INFO     | Starting LF search for route: YNB-CAI
2025-12-31 21:07:21 | INFO     | [START] LF Search
2025-12-31 21:07:23 | INFO     | [HEALTH CHECK] [OK] Chrome connection is healthy
2025-12-31 21:07:23 | INFO     | [DAY_START] Processing 05JAN
2025-12-31 21:07:23 | INFO     | [lf.day.start] Processing YNB-CAI for 05JAN
2025-12-31 21:07:24 | INFO     | [lf.day.flights_found] Found 1 flights on 05JAN
2025-12-31 21:07:26 | INFO     | [lf.flight.extracted] SM442 on 05JAN: BKG=167, LF=93.8%
2025-12-31 21:07:30 | INFO     | [SUCCESS] Day 05JAN
2025-12-31 21:07:30 | INFO     | [DAY_START] Processing 04JAN
2025-12-31 21:07:30 | INFO     | [lf.day.start] Processing YNB-CAI for 04JAN
2025-12-31 21:07:31 | INFO     | [lf.day.flights_found] Found 1 flights on 04JAN
2025-12-31 21:07:33 | INFO     | [lf.flight.extracted] SM442 on 04JAN: BKG=167, LF=93.8%
2025-12-31 21:07:39 | INFO     | [SUCCESS] Day 04JAN
2025-12-31 21:07:39 | INFO     | [DAY_START] Processing 03JAN
2025-12-31 21:07:39 | INFO     | [lf.day.start] Processing YNB-CAI for 03JAN
2025-12-31 21:07:40 | INFO     | [lf.day.flights_found] Found 1 flights on 03JAN
2025-12-31 21:07:42 | INFO     | [lf.flight.extracted] SM442 on 03JAN: BKG=166, LF=93.3%
2025-12-31 21:07:49 | INFO     | [SUCCESS] Day 03JAN
2025-12-31 21:07:49 | INFO     | [DAY_START] Processing 02JAN
2025-12-31 21:07:49 | INFO     | [lf.day.start] Processing YNB-CAI for 02JAN
2025-12-31 21:07:50 | INFO     | [lf.day.flights_found] Found 1 flights on 02JAN
2025-12-31 21:07:52 | INFO     | [lf.flight.extracted] SM442 on 02JAN: BKG=154, LF=88.5%
2025-12-31 21:07:58 | INFO     | [SUCCESS] Day 02JAN
2025-12-31 21:07:58 | INFO     | [DAY_START] Processing 01JAN
2025-12-31 21:07:58 | INFO     | [lf.day.start] Processing YNB-CAI for 01JAN
2025-12-31 21:07:59 | INFO     | [lf.day.flights_found] Found 1 flights on 01JAN
2025-12-31 21:08:02 | INFO     | [lf.flight.extracted] SM442 on 01JAN: BKG=172, LF=96.6%
2025-12-31 21:08:08 | INFO     | [SUCCESS] Day 01JAN
2025-12-31 21:08:08 | INFO     | [SUCCESS] LF Search Complete
2025-12-31 21:08:10 | INFO     | [Worker_9223] Completed: YNB-CAI - 5 results, 0 errors
2025-12-31 21:08:10 | INFO     | [Worker_9223] Processing: LXR-JED
2025-12-31 21:08:10 | INFO     |   Tier 0: Range 1, Chunk 5/5 (6 days)
