2025-12-31 20:50:18 | INFO     | ======================================================================
2025-12-31 20:50:18 | INFO     | Load Factor Scraper Started - Route: YNB-CAI
2025-12-31 20:50:18 | INFO     | Log file: D:\CODERED\LAB\market_insights\outputs\run_generated_311225_at_20.48\logs\LF_YNB-CAI_20251231_205018.log
2025-12-31 20:50:18 | INFO     | Enhanced logging: Capturing both logging.info() and print()
2025-12-31 20:50:18 | INFO     | ======================================================================
2025-12-31 20:50:18 | INFO     | Starting LF search for route: YNB-CAI
2025-12-31 20:50:18 | INFO     | [START] LF Search
2025-12-31 20:50:19 | INFO     | [HEALTH CHECK] [OK] Chrome connection is healthy
2025-12-31 20:50:19 | INFO     | [DAY_START] Processing 31JAN
2025-12-31 20:50:19 | INFO     | [lf.day.start] Processing YNB-CAI for 31JAN
2025-12-31 20:50:20 | INFO     | [lf.day.flights_found] Found 1 flights on 31JAN
2025-12-31 20:50:22 | INFO     | [lf.flight.extracted] SM442 on 31JAN: BKG=142, LF=81.1%
2025-12-31 20:50:25 | INFO     | [SUCCESS] Day 31JAN
2025-12-31 20:50:25 | INFO     | [DAY_START] Processing 30JAN
2025-12-31 20:50:25 | INFO     | [lf.day.start] Processing YNB-CAI for 30JAN
2025-12-31 20:50:26 | INFO     | [lf.day.flights_found] Found 1 flights on 30JAN
2025-12-31 20:50:29 | INFO     | [lf.flight.extracted] SM442 on 30JAN: BKG=120, LF=68.6%
2025-12-31 20:50:32 | INFO     | [SUCCESS] Day 30JAN
2025-12-31 20:50:32 | INFO     | [DAY_START] Processing 29JAN
2025-12-31 20:50:32 | INFO     | [lf.day.start] Processing YNB-CAI for 29JAN
2025-12-31 20:50:33 | INFO     | [lf.day.flights_found] Found 1 flights on 29JAN
2025-12-31 20:50:35 | INFO     | [lf.flight.extracted] SM442 on 29JAN: BKG=155, LF=88.6%
2025-12-31 20:50:39 | INFO     | [SUCCESS] Day 29JAN
2025-12-31 20:50:39 | INFO     | [DAY_START] Processing 28JAN
2025-12-31 20:50:39 | INFO     | [lf.day.start] Processing YNB-CAI for 28JAN
2025-12-31 20:50:40 | INFO     | [lf.day.flights_found] Found 1 flights on 28JAN
2025-12-31 20:50:42 | INFO     | [lf.flight.extracted] SM442 on 28JAN: BKG=152, LF=86.9%
2025-12-31 20:50:45 | INFO     | [SUCCESS] Day 28JAN
2025-12-31 20:50:45 | INFO     | [DAY_START] Processing 27JAN
2025-12-31 20:50:45 | INFO     | [lf.day.start] Processing YNB-CAI for 27JAN
2025-12-31 20:50:47 | INFO     | [lf.day.flights_found] Found 1 flights on 27JAN
2025-12-31 20:50:49 | INFO     | [lf.flight.extracted] SM442 on 27JAN: BKG=172, LF=103.0%
2025-12-31 20:50:53 | INFO     | [SUCCESS] Day 27JAN
2025-12-31 20:50:53 | INFO     | [DAY_START] Processing 26JAN
2025-12-31 20:50:53 | INFO     | [lf.day.start] Processing YNB-CAI for 26JAN
2025-12-31 20:50:54 | INFO     | [lf.day.flights_found] Found 1 flights on 26JAN
2025-12-31 20:50:56 | INFO     | [lf.flight.extracted] SM442 on 26JAN: BKG=92, LF=52.6%
2025-12-31 20:51:00 | INFO     | [SUCCESS] Day 26JAN
2025-12-31 20:51:00 | INFO     | [DAY_START] Processing 25JAN
2025-12-31 20:51:00 | INFO     | [lf.day.start] Processing YNB-CAI for 25JAN
2025-12-31 20:51:02 | INFO     | [lf.day.flights_found] Found 1 flights on 25JAN
2025-12-31 20:51:04 | INFO     | [lf.flight.extracted] SM442 on 25JAN: BKG=95, LF=56.9%
2025-12-31 20:51:09 | INFO     | [SUCCESS] Day 25JAN
2025-12-31 20:51:09 | INFO     | [SUCCESS] LF Search Complete
2025-12-31 20:51:11 | INFO     | [Worker_9224] Completed: YNB-CAI - 7 results, 0 errors
2025-12-31 20:51:11 | INFO     | [Worker_9224] Processing: LXR-JED
2025-12-31 20:51:11 | INFO     |   Tier 0: Range 1, Chunk 1/5 (7 days)
