2025-12-31 20:58:41 | INFO     | ======================================================================
2025-12-31 20:58:41 | INFO     | Load Factor Scraper Started - Route: YNB-CAI
2025-12-31 20:58:41 | INFO     | Log file: D:\CODERED\LAB\market_insights\outputs\run_generated_311225_at_20.48\logs\LF_YNB-CAI_20251231_205841.log
2025-12-31 20:58:41 | INFO     | Enhanced logging: Capturing both logging.info() and print()
2025-12-31 20:58:41 | INFO     | ======================================================================
2025-12-31 20:58:41 | INFO     | Starting LF search for route: YNB-CAI
2025-12-31 20:58:41 | INFO     | [START] LF Search
2025-12-31 20:58:43 | INFO     | [HEALTH CHECK] [OK] Chrome connection is healthy
2025-12-31 20:58:43 | INFO     | [DAY_START] Processing 17JAN
2025-12-31 20:58:43 | INFO     | [lf.day.start] Processing YNB-CAI for 17JAN
2025-12-31 20:58:45 | INFO     | [lf.day.flights_found] Found 1 flights on 17JAN
2025-12-31 20:58:47 | INFO     | [lf.flight.extracted] SM442 on 17JAN: BKG=76, LF=43.4%
2025-12-31 20:58:54 | INFO     | [SUCCESS] Day 17JAN
2025-12-31 20:58:54 | INFO     | [DAY_START] Processing 16JAN
2025-12-31 20:58:54 | INFO     | [lf.day.start] Processing YNB-CAI for 16JAN
2025-12-31 20:58:55 | INFO     | [lf.day.flights_found] Found 1 flights on 16JAN
2025-12-31 20:58:58 | INFO     | [lf.flight.extracted] SM442 on 16JAN: BKG=65, LF=37.1%
2025-12-31 20:59:03 | INFO     | [SUCCESS] Day 16JAN
2025-12-31 20:59:03 | INFO     | [DAY_START] Processing 15JAN
2025-12-31 20:59:03 | INFO     | [lf.day.start] Processing YNB-CAI for 15JAN
2025-12-31 20:59:04 | INFO     | [lf.day.flights_found] Found 1 flights on 15JAN
2025-12-31 20:59:06 | INFO     | [lf.flight.extracted] SM442 on 15JAN: BKG=128, LF=73.1%
2025-12-31 20:59:12 | INFO     | [SUCCESS] Day 15JAN
2025-12-31 20:59:12 | INFO     | [DAY_START] Processing 14JAN
2025-12-31 20:59:12 | INFO     | [lf.day.start] Processing YNB-CAI for 14JAN
2025-12-31 20:59:13 | INFO     | [lf.day.flights_found] Found 1 flights on 14JAN
2025-12-31 20:59:15 | INFO     | [lf.flight.extracted] SM442 on 14JAN: BKG=183, LF=104.6%
2025-12-31 20:59:22 | INFO     | [SUCCESS] Day 14JAN
2025-12-31 20:59:22 | INFO     | [DAY_START] Processing 13JAN
2025-12-31 20:59:22 | INFO     | [lf.day.start] Processing YNB-CAI for 13JAN
2025-12-31 20:59:23 | INFO     | [lf.day.flights_found] Found 1 flights on 13JAN
2025-12-31 20:59:26 | INFO     | [lf.flight.extracted] SM442 on 13JAN: BKG=148, LF=84.6%
2025-12-31 20:59:32 | INFO     | [SUCCESS] Day 13JAN
2025-12-31 20:59:32 | INFO     | [DAY_START] Processing 12JAN
2025-12-31 20:59:32 | INFO     | [lf.day.start] Processing YNB-CAI for 12JAN
2025-12-31 20:59:33 | INFO     | [lf.day.flights_found] Found 1 flights on 12JAN
2025-12-31 20:59:36 | INFO     | [lf.flight.extracted] SM442 on 12JAN: BKG=178, LF=101.7%
2025-12-31 20:59:42 | INFO     | [SUCCESS] Day 12JAN
2025-12-31 20:59:42 | INFO     | [SUCCESS] LF Search Complete
2025-12-31 20:59:44 | INFO     | [Worker_9224] Completed: YNB-CAI - 6 results, 0 errors
2025-12-31 20:59:44 | INFO     | [Worker_9224] Processing: LXR-JED
2025-12-31 20:59:44 | INFO     |   Tier 0: Range 1, Chunk 3/5 (6 days)
