
============================================================
     LF WORKER - PORT 9224
============================================================
Worker: Worker_9224
Status: READY
Waiting for tasks...
============================================================


============================================================
[Worker_9224] Processing: JED-CAI
  Tier 0: Range 2, Chunk 1/3
  Dates: 4 days
  Date Range: 2026-01-21 to 2026-01-18
============================================================

2025-12-29 08:11:31 | INFO     | ======================================================================
2025-12-29 08:11:31 | INFO     | Load Factor Scraper Started - Route: JED-CAI
2025-12-29 08:11:31 | INFO     | Log file: D:\CODERED\LAB\market_insights\outputs\run_generated_291225_at_08.11\logs\LF_JED-CAI_20251229_081131.log
2025-12-29 08:11:31 | INFO     | Enhanced logging: Capturing both logging.info() and print()
2025-12-29 08:11:31 | INFO     | ======================================================================
[LF] Processing dates (override): ['21JAN', '20JAN', '19JAN', '18JAN']
[LF] Attaching to Chrome for Altea access
[LF][[OK] SUCCESS] Connected to Chrome on 127.0.0.1:9224 (after 1 attempts)
[LF][[OK] SUCCESS] Found Amadeus Altea window: Altéa Reservation Desktop
[LF][[INFO] INFO] URL: https://tc212.resdesktop.altea.amadeus.com/app_ard/apf/init/login?SITE=ESMPESMP&LANGUAGE=GB&MARKETS=ARDW_PROD_WBP&ACTION=clpLogin
[LF] Processing JED-CAI for 21JAN
[LF][ERROR] Amadeus command error detected: UNKNOWN TRANSACTION
[LF][ERROR] Command: SN21JANJEDCAI/ASM
[LF][RESYNC] Triggering immediate resync to last successful SN command
============================================================
[LF][RESYNC] Command 'SN21JANJEDCAI/ASM' failed: TECH_ERROR:UNKNOWN TRANSACTION
[LF][RESYNC] Re-running entire day from SN command for JED-CAI 21JAN
[LF][RESYNC] Attempt 1/50 (waiting 1.0s before retry...)
============================================================
[LF][RESYNC] Sending IG to clear session state...
[LF][RESYNC] Session cleared with IG
[LF] Processing JED-CAI for 21JAN
[LF] 21JAN: found 4 direct flights
[LF] SM476 21JAN: BKG=80, GRP=75, CAP=167, LF%=47.9%, Brd-Off=JED-CAI, Classes: P:75, I:1, U:4
[LF] SM478 21JAN: BKG=143, GRP=140, CAP=167, LF%=85.6%, Brd-Off=JED-CAI, Classes: P:140, O:3
[LF] SM460 21JAN: BKG=149, GRP=143, CAP=167, LF%=89.2%, Brd-Off=JED-CAI, Classes: P:98, E:45, I:1, O:3, U:2
[LF] SM424 21JAN: BKG=4, GRP=0, CAP=167, LF%=2.4%, Brd-Off=JED-CAI, Classes: I:3, U:1
[LF] Getting WEEKLY/LASTSOLD data for 4 flights
[LF] SM476 21JAN: LASTSOLD=2025-12-21 00:00:00, WEEKLY=0, TODAY=0, YDAY=0
[LF] SM478 21JAN: LASTSOLD=2025-12-26 00:00:00, WEEKLY=4, TODAY=0, YDAY=0
[LF] SM460 21JAN: LASTSOLD=2025-12-25 00:00:00, WEEKLY=4, TODAY=0, YDAY=0
[LF] SM424 21JAN: LASTSOLD=2025-12-25 00:00:00, WEEKLY=1, TODAY=0, YDAY=0
[LF] Processing JED-CAI for 20JAN
[LF] 20JAN: found 7 direct flights
[LF] SM472 20JAN: BKG=3, GRP=0, CAP=175, LF%=1.7%, Brd-Off=JED-CAI, Classes: I:1, U:2
[LF] SM954 20JAN: BKG=8, GRP=0, CAP=167, LF%=4.8%, Brd-Off=JED-CAI, Classes: I:8
[LF] SM480 20JAN: BKG=105, GRP=93, CAP=175, LF%=60.0%, Brd-Off=JED-CAI, Classes: P:93, I:3, O:1, U:8
[LF] SM478 20JAN: BKG=141, GRP=130, CAP=167, LF%=84.4%, Brd-Off=JED-CAI, Classes: P:130, I:2, O:1, U:7, L:1
[LF] SM460 20JAN: BKG=107, GRP=90, CAP=175, LF%=61.1%, Brd-Off=JED-CAI, Classes: N:3, P:90, I:3, O:1, U:10
[LF] SM424 20JAN: BKG=10, GRP=0, CAP=167, LF%=6.0%, Brd-Off=JED-CAI, Classes: I:7, U:3
[LF] SM476 20JAN: BKG=48, GRP=45, CAP=167, LF%=28.7%, Brd-Off=JED-CAI, Classes: P:45, U:3
[LF] Getting WEEKLY/LASTSOLD data for 7 flights
[LF] SM472 20JAN: LASTSOLD=2025-12-20 00:00:00, WEEKLY=0, TODAY=0, YDAY=0
[LF] SM954 20JAN: LASTSOLD=2025-12-28 00:00:00, WEEKLY=6, TODAY=0, YDAY=2
[LF] SM480 20JAN: LASTSOLD=2025-12-27 00:00:00, WEEKLY=5, TODAY=0, YDAY=0
[LF] SM478 20JAN: LASTSOLD=2025-12-28 00:00:00, WEEKLY=3, TODAY=0, YDAY=2
[LF] SM460 20JAN: LASTSOLD=2025-12-28 00:00:00, WEEKLY=7, TODAY=0, YDAY=1
[LF] SM424 20JAN: LASTSOLD=2025-12-28 00:00:00, WEEKLY=5, TODAY=0, YDAY=4
[LF] SM476 20JAN: LASTSOLD=2025-12-07 00:00:00, WEEKLY=0, TODAY=0, YDAY=0
[LF] Processing JED-CAI for 19JAN
[LF] 19JAN: found 4 direct flights
[LF] SM480 19JAN: BKG=1, GRP=0, CAP=167, LF%=0.6%, Brd-Off=JED-CAI, Classes: U:1
[LF] SM476 19JAN: BKG=152, GRP=139, CAP=167, LF%=91.0%, Brd-Off=JED-CAI, Classes: P:139, I:7, U:6
[LF] SM478 19JAN: BKG=64, GRP=51, CAP=167, LF%=38.3%, Brd-Off=JED-CAI, Classes: P:51, I:7, U:6
[LF] SM460 19JAN: BKG=141, GRP=140, CAP=167, LF%=84.4%, Brd-Off=JED-CAI, Classes: P:90, E:50, I:1
[LPC] SM460 19JAN: Found 0 outbound flights with connecting passengers
[LF] Getting WEEKLY/LASTSOLD data for 4 flights
[LF] SM480 19JAN: LASTSOLD=2025-10-22 00:00:00, WEEKLY=0, TODAY=0, YDAY=0
[LF] SM476 19JAN: LASTSOLD=2025-12-25 00:00:00, WEEKLY=7, TODAY=0, YDAY=0
[LF] SM478 19JAN: LASTSOLD=2025-12-28 00:00:00, WEEKLY=1, TODAY=0, YDAY=1
[LF] SM460 19JAN: LASTSOLD=2025-12-25 00:00:00, WEEKLY=4, TODAY=0, YDAY=0
[LF] Processing JED-CAI for 18JAN
[LF] 18JAN: found 5 direct flights
[LF] SM424 18JAN: BKG=99, GRP=90, CAP=167, LF%=59.3%, Brd-Off=JED-CAI, Classes: P:90, I:9
[LF] SM476 18JAN: BKG=2, GRP=0, CAP=168, LF%=1.2%, Brd-Off=JED-CAI, Classes: U:2
[LF] SM432 18JAN: BKG=44, GRP=40, CAP=167, LF%=26.4%, Brd-Off=JED-CAI, Classes: P:40, U:4
[LF] SM460 18JAN: BKG=52, GRP=49, CAP=167, LF%=31.1%, Brd-Off=JED-CAI, Classes: P:49, I:1, O:1, U:1
[LF] SM478 18JAN: BKG=156, GRP=135, CAP=167, LF%=93.4%, Brd-Off=JED-CAI, Classes: P:135, I:13, O:1, U:4, S:3
[LF] Getting WEEKLY/LASTSOLD data for 5 flights
[LF] SM424 18JAN: LASTSOLD=2025-12-28 00:00:00, WEEKLY=2, TODAY=0, YDAY=2
[LF] SM476 18JAN: LASTSOLD=2025-10-26 00:00:00, WEEKLY=0, TODAY=0, YDAY=0
[LF] SM432 18JAN: LASTSOLD=2025-12-28 00:00:00, WEEKLY=5, TODAY=0, YDAY=4
[LF] SM460 18JAN: LASTSOLD=2025-12-28 00:00:00, WEEKLY=2, TODAY=0, YDAY=1
[LF] SM478 18JAN: LASTSOLD=2025-12-28 00:00:00, WEEKLY=9, TODAY=0, YDAY=1
[LF] Results summary:
  2026-01-21: 4 flights
  2026-01-20: 7 flights
  2026-01-19: 4 flights
  2026-01-18: 5 flights

============================================================
[Worker_9224] ✓ COMPLETED: JED-CAI
  Results: 4 dates
  Errors: 0 dates
  Total Processed: 1 groups
============================================================


============================================================
[Worker_9224] Processing: ATZ-RUH
  Tier 0: Range 1, Chunk 2/3
  Dates: 4 days
  Date Range: 2026-01-05 to 2026-01-02
============================================================

2025-12-29 08:13:29 | INFO     | ======================================================================
2025-12-29 08:13:29 | INFO     | Load Factor Scraper Started - Route: ATZ-RUH
2025-12-29 08:13:29 | INFO     | Log file: D:\CODERED\LAB\market_insights\outputs\run_generated_291225_at_08.11\logs\LF_ATZ-RUH_20251229_081329.log
2025-12-29 08:13:29 | INFO     | Enhanced logging: Capturing both logging.info() and print()
2025-12-29 08:13:29 | INFO     | ======================================================================
[LF] Processing dates (override): ['05JAN', '04JAN', '03JAN', '02JAN']
[LF] Attaching to Chrome for Altea access
2025-12-29 08:13:29 | INFO     | Starting LF search for route: ATZ-RUH
2025-12-29 08:13:29 | INFO     | [START] LF Search
[LF][[OK] SUCCESS] Connected to Chrome on 127.0.0.1:9224 (after 1 attempts)
2025-12-29 08:13:30 | INFO     | [HEALTH CHECK] [OK] Chrome connection is healthy
[LF][[OK] SUCCESS] Found Amadeus Altea window: Altéa Reservation Desktop
[LF][[INFO] INFO] URL: https://tc212.resdesktop.altea.amadeus.com/app_ard/apf/init/login?SITE=ESMPESMP&LANGUAGE=GB&MARKETS=ARDW_PROD_WBP&ACTION=clpLogin
2025-12-29 08:13:30 | INFO     | [DAY_START] Processing 05JAN
[LF] Processing ATZ-RUH for 05JAN
2025-12-29 08:13:30 | INFO     | [lf.day.start] Processing ATZ-RUH for 05JAN
[LF] No direct flights on 05JAN for ATZ-RUH
2025-12-29 08:13:31 | WARNING  | [lf.day.no_flights] No direct flights on 05JAN
2025-12-29 08:13:31 | INFO     | [SUCCESS] Day 05JAN
2025-12-29 08:13:31 | INFO     | [DAY_START] Processing 04JAN
[LF] Processing ATZ-RUH for 04JAN
2025-12-29 08:13:31 | INFO     | [lf.day.start] Processing ATZ-RUH for 04JAN
[LF] 04JAN: found 1 direct flights
2025-12-29 08:13:32 | INFO     | [lf.day.flights_found] Found 1 flights on 04JAN
2025-12-29 08:13:34 | INFO     | [lf.flight.extracted] SM463 on 04JAN: BKG=127, LF=71.0%
[LF] SM463 04JAN: BKG=127, GRP=0, CAP=179, LF%=71.0%, Brd-Off=ATZ-RUH, Classes: O:6, U:7, X:17, T:20, W:10, S:10, G:19, L:37, K:1
[LF] Getting WEEKLY/LASTSOLD data for 1 flights
[LF] SM463 04JAN: LASTSOLD=2025-12-28 00:00:00, WEEKLY=31, TODAY=0, YDAY=8
2025-12-29 08:13:40 | INFO     | [SUCCESS] Day 04JAN
2025-12-29 08:13:40 | INFO     | [DAY_START] Processing 03JAN
[LF] Processing ATZ-RUH for 03JAN
2025-12-29 08:13:40 | INFO     | [lf.day.start] Processing ATZ-RUH for 03JAN
[LF] No direct flights on 03JAN for ATZ-RUH
2025-12-29 08:13:41 | WARNING  | [lf.day.no_flights] No direct flights on 03JAN
2025-12-29 08:13:41 | INFO     | [SUCCESS] Day 03JAN
2025-12-29 08:13:41 | INFO     | [DAY_START] Processing 02JAN
[LF] Processing ATZ-RUH for 02JAN
2025-12-29 08:13:41 | INFO     | [lf.day.start] Processing ATZ-RUH for 02JAN
[LF] No direct flights on 02JAN for ATZ-RUH
2025-12-29 08:13:42 | WARNING  | [lf.day.no_flights] No direct flights on 02JAN
2025-12-29 08:13:42 | INFO     | [SUCCESS] Day 02JAN
[LF] Results summary:
  2026-01-05: 0 flights
  2026-01-04: 1 flights
  2026-01-03: 0 flights
  2026-01-02: 0 flights
2025-12-29 08:13:42 | INFO     | [SUCCESS] LF Search Complete

============================================================
[Worker_9224] ✓ COMPLETED: ATZ-RUH
  Results: 4 dates
  Errors: 0 dates
  Total Processed: 2 groups
============================================================

2025-12-29 08:13:44 | INFO     | [Worker_9224] Completed: ATZ-RUH - 4 results, 0 errors

============================================================
[Worker_9224] Processing: CAI-RUH
  Tier 0: Range 1, Chunk 3/3
  Dates: 4 days
  Date Range: 2026-01-01 to 2025-12-29
============================================================

2025-12-29 08:13:44 | INFO     | [Worker_9224] Processing: CAI-RUH
2025-12-29 08:13:44 | INFO     |   Tier 0: Range 1, Chunk 3/3 (4 days)
2025-12-29 08:13:44 | INFO     | ======================================================================
2025-12-29 08:13:44 | INFO     | Load Factor Scraper Started - Route: CAI-RUH
2025-12-29 08:13:44 | INFO     | Log file: D:\CODERED\LAB\market_insights\outputs\run_generated_291225_at_08.11\logs\LF_CAI-RUH_20251229_081344.log
2025-12-29 08:13:44 | INFO     | Enhanced logging: Capturing both logging.info() and print()
2025-12-29 08:13:44 | INFO     | ======================================================================
[LF] Processing dates (override): ['01JAN', '31DEC', '30DEC', '29DEC']
[LF] Attaching to Chrome for Altea access
2025-12-29 08:13:44 | INFO     | Starting LF search for route: CAI-RUH
2025-12-29 08:13:44 | INFO     | [START] LF Search
[LF][[OK] SUCCESS] Connected to Chrome on 127.0.0.1:9224 (after 1 attempts)
2025-12-29 08:13:46 | INFO     | [HEALTH CHECK] [OK] Chrome connection is healthy
[LF][[OK] SUCCESS] Found Amadeus Altea window: Altéa Reservation Desktop
[LF][[INFO] INFO] URL: https://tc212.resdesktop.altea.amadeus.com/app_ard/apf/init/login?SITE=ESMPESMP&LANGUAGE=GB&MARKETS=ARDW_PROD_WBP&ACTION=clpLogin
2025-12-29 08:13:46 | INFO     | [DAY_START] Processing 01JAN
[LF] Processing CAI-RUH for 01JAN
2025-12-29 08:13:46 | INFO     | [lf.day.start] Processing CAI-RUH for 01JAN
[LF] 01JAN: found 1 direct flights
2025-12-29 08:13:47 | INFO     | [lf.day.flights_found] Found 1 flights on 01JAN
2025-12-29 08:13:49 | INFO     | [lf.flight.extracted] SM461 on 01JAN: BKG=136, LF=76.0%
[LF] SM461 01JAN: BKG=136, GRP=0, CAP=179, LF%=76.0%, Brd-Off=CAI-RUH, Classes: I:32, O:20, U:20, X:31, T:18, W:14, S:1
[LF] Getting WEEKLY/LASTSOLD data for 1 flights
[LF] SM461 01JAN: LASTSOLD=2025-12-28 00:00:00, WEEKLY=53, TODAY=0, YDAY=15
2025-12-29 08:13:55 | INFO     | [SUCCESS] Day 01JAN
2025-12-29 08:13:55 | INFO     | [DAY_START] Processing 31DEC
[LF] Processing CAI-RUH for 31DEC
2025-12-29 08:13:55 | INFO     | [lf.day.start] Processing CAI-RUH for 31DEC
[LF] 31DEC: found 2 direct flights
2025-12-29 08:13:56 | INFO     | [lf.day.flights_found] Found 2 flights on 31DEC
2025-12-29 08:13:58 | INFO     | [lf.flight.extracted] SM461 on 31DEC: BKG=92, LF=51.4%
[LF] SM461 31DEC: BKG=92, GRP=0, CAP=179, LF%=51.4%, Brd-Off=CAI-RUH, Classes: I:20, O:10, U:15, X:20, T:24, W:3
2025-12-29 08:14:02 | INFO     | [lf.flight.extracted] SM469 on 31DEC: BKG=100, LF=55.9%
[LF] SM469 31DEC: BKG=100, GRP=0, CAP=179, LF%=55.9%, Brd-Off=CAI-RUH, Classes: I:20, O:18, U:1, X:30, T:15, W:11, S:5
[LF] Getting WEEKLY/LASTSOLD data for 2 flights
[LF] SM461 31DEC: LASTSOLD=2025-12-28 00:00:00, WEEKLY=42, TODAY=0, YDAY=18
[LF] SM469 31DEC: LASTSOLD=2025-12-28 00:00:00, WEEKLY=50, TODAY=0, YDAY=1
2025-12-29 08:14:14 | INFO     | [SUCCESS] Day 31DEC
2025-12-29 08:14:14 | INFO     | [DAY_START] Processing 30DEC
[LF] Processing CAI-RUH for 30DEC
2025-12-29 08:14:14 | INFO     | [lf.day.start] Processing CAI-RUH for 30DEC
[LF] 30DEC: found 1 direct flights
2025-12-29 08:14:15 | INFO     | [lf.day.flights_found] Found 1 flights on 30DEC
2025-12-29 08:14:16 | INFO     | [lf.flight.extracted] SM469 on 30DEC: BKG=94, LF=52.5%
[LF] SM469 30DEC: BKG=94, GRP=0, CAP=179, LF%=52.5%, Brd-Off=CAI-RUH, Classes: I:28, O:15, U:10, X:18, T:17, W:5, S:1
[LF] Getting WEEKLY/LASTSOLD data for 1 flights
[LF] SM469 30DEC: LASTSOLD=2025-12-28 00:00:00, WEEKLY=29, TODAY=0, YDAY=6
2025-12-29 08:14:22 | INFO     | [SUCCESS] Day 30DEC
[LF] Skipping 29DEC (Today) - will be processed by supplement scan
[LF] Results summary:
  2026-01-01: 1 flights
  2025-12-31: 2 flights
  2025-12-30: 1 flights
2025-12-29 08:14:22 | INFO     | [SUCCESS] LF Search Complete

============================================================
[Worker_9224] ✓ COMPLETED: CAI-RUH
  Results: 3 dates
  Errors: 0 dates
  Total Processed: 3 groups
============================================================

2025-12-29 08:14:24 | INFO     | [Worker_9224] Completed: CAI-RUH - 3 results, 0 errors
[Worker_9224] Waiting for tasks...
