
============================================================
     LF WORKER - PORT 9226
============================================================
Worker: Worker_9226
Status: READY
Waiting for tasks...
============================================================


============================================================
[Worker_9226] Processing: ATZ-RUH
  Tier 0: Range 2, Chunk 2/3
  Dates: 4 days
  Date Range: 2026-01-17 to 2026-01-14
============================================================

2025-12-29 08:11:31 | INFO     | ======================================================================
2025-12-29 08:11:31 | INFO     | Load Factor Scraper Started - Route: ATZ-RUH
2025-12-29 08:11:31 | INFO     | Log file: D:\CODERED\LAB\market_insights\outputs\run_generated_291225_at_08.11\logs\LF_ATZ-RUH_20251229_081131.log
2025-12-29 08:11:31 | INFO     | Enhanced logging: Capturing both logging.info() and print()
2025-12-29 08:11:31 | INFO     | ======================================================================
[LF] Processing dates (override): ['17JAN', '16JAN', '15JAN', '14JAN']
[LF] Attaching to Chrome for Altea access
[LF][[OK] SUCCESS] Connected to Chrome on 127.0.0.1:9226 (after 1 attempts)
[LF][[OK] SUCCESS] Found Amadeus Altea window: Altéa Reservation Desktop
[LF][[INFO] INFO] URL: https://tc212.resdesktop.altea.amadeus.com/app_ard/apf/init/login?SITE=ESMPESMP&LANGUAGE=GB&MARKETS=ARDW_PROD_WBP&ACTION=clpLogin
[LF] Processing ATZ-RUH for 17JAN
[LF][ERROR] Amadeus command error detected: UNKNOWN TRANSACTION
[LF][ERROR] Command: SN17JANATZRUH/ASM
[LF][RESYNC] Triggering immediate resync to last successful SN command
============================================================
[LF][RESYNC] Command 'SN17JANATZRUH/ASM' failed: TECH_ERROR:UNKNOWN TRANSACTION
[LF][RESYNC] Re-running entire day from SN command for ATZ-RUH 17JAN
[LF][RESYNC] Attempt 1/50 (waiting 1.0s before retry...)
============================================================
[LF][RESYNC] Sending IG to clear session state...
[LF][RESYNC] Session cleared with IG
[LF] Processing ATZ-RUH for 17JAN
[LF] No direct flights on 17JAN for ATZ-RUH
[LF] Processing ATZ-RUH for 16JAN
[LF] No direct flights on 16JAN for ATZ-RUH
[LF] Processing ATZ-RUH for 15JAN
[LF] No direct flights on 15JAN for ATZ-RUH
[LF] Processing ATZ-RUH for 14JAN
[LF] 14JAN: found 1 direct flights
[LF] SM465 14JAN: BKG=84, GRP=0, CAP=179, LF%=46.9%, Brd-Off=ATZ-RUH, Classes: I:1, O:9, U:17, X:15, T:9, W:7, S:9, G:9, L:8
[LF] Getting WEEKLY/LASTSOLD data for 1 flights
[LF] SM465 14JAN: LASTSOLD=2025-12-28 00:00:00, WEEKLY=18, TODAY=0, YDAY=7
[LF] Results summary:
  2026-01-17: 0 flights
  2026-01-16: 0 flights
  2026-01-15: 0 flights
  2026-01-14: 1 flights

============================================================
[Worker_9226] ✓ COMPLETED: ATZ-RUH
  Results: 4 dates
  Errors: 0 dates
  Total Processed: 1 groups
============================================================


============================================================
[Worker_9226] Processing: JED-ATZ
  Tier 0: Range 2, Chunk 3/3
  Dates: 3 days
  Date Range: 2026-01-13 to 2026-01-11
============================================================

2025-12-29 08:11:49 | INFO     | ======================================================================
2025-12-29 08:11:49 | INFO     | Load Factor Scraper Started - Route: JED-ATZ
2025-12-29 08:11:49 | INFO     | Log file: D:\CODERED\LAB\market_insights\outputs\run_generated_291225_at_08.11\logs\LF_JED-ATZ_20251229_081149.log
2025-12-29 08:11:49 | INFO     | Enhanced logging: Capturing both logging.info() and print()
2025-12-29 08:11:49 | INFO     | ======================================================================
[LF] Processing dates (override): ['13JAN', '12JAN', '11JAN']
[LF] Attaching to Chrome for Altea access
2025-12-29 08:11:49 | INFO     | Starting LF search for route: JED-ATZ
2025-12-29 08:11:49 | INFO     | [START] LF Search
[LF][[OK] SUCCESS] Connected to Chrome on 127.0.0.1:9226 (after 1 attempts)
2025-12-29 08:11:51 | INFO     | [HEALTH CHECK] [OK] Chrome connection is healthy
[LF][[OK] SUCCESS] Found Amadeus Altea window: Altéa Reservation Desktop
[LF][[INFO] INFO] URL: https://tc212.resdesktop.altea.amadeus.com/app_ard/apf/init/login?SITE=ESMPESMP&LANGUAGE=GB&MARKETS=ARDW_PROD_WBP&ACTION=clpLogin
2025-12-29 08:11:51 | INFO     | [DAY_START] Processing 13JAN
[LF] Processing JED-ATZ for 13JAN
2025-12-29 08:11:51 | INFO     | [lf.day.start] Processing JED-ATZ for 13JAN
[LF] 13JAN: found 2 direct flights
2025-12-29 08:11:53 | INFO     | [lf.day.flights_found] Found 2 flights on 13JAN
2025-12-29 08:11:55 | INFO     | [lf.flight.extracted] SM454 on 13JAN: BKG=165, LF=98.8%
[LF] SM454 13JAN: BKG=165, GRP=160, CAP=167, LF%=98.8%, Brd-Off=JED-ATZ, Classes: P:160, I:2, W:2, S:1
2025-12-29 08:11:58 | INFO     | [lf.flight.extracted] SM456 on 13JAN: BKG=146, LF=87.4%
[LF] SM456 13JAN: BKG=146, GRP=135, CAP=167, LF%=87.4%, Brd-Off=JED-ATZ, Classes: P:91, E:45, I:4, O:2, U:3, G:1
[LF] Getting WEEKLY/LASTSOLD data for 2 flights
[LF] SM454 13JAN: LASTSOLD=2025-12-28 00:00:00, WEEKLY=38, TODAY=0, YDAY=38
[LF] SM456 13JAN: LASTSOLD=2025-12-28 00:00:00, WEEKLY=47, TODAY=0, YDAY=47
2025-12-29 08:12:09 | INFO     | [SUCCESS] Day 13JAN
2025-12-29 08:12:09 | INFO     | [DAY_START] Processing 12JAN
[LF] Processing JED-ATZ for 12JAN
2025-12-29 08:12:09 | INFO     | [lf.day.start] Processing JED-ATZ for 12JAN
[LF] 12JAN: found 3 direct flights
2025-12-29 08:12:10 | INFO     | [lf.day.flights_found] Found 3 flights on 12JAN
2025-12-29 08:12:13 | INFO     | [lf.flight.extracted] SM456 on 12JAN: BKG=138, LF=82.6%
[LF] SM456 12JAN: BKG=138, GRP=129, CAP=167, LF%=82.6%, Brd-Off=JED-ATZ, Classes: P:129, I:4, O:2, U:3
2025-12-29 08:12:16 | INFO     | [lf.flight.extracted] SM492 on 12JAN: BKG=112, LF=67.1%
[LF] SM492 12JAN: BKG=112, GRP=94, CAP=167, LF%=67.1%, Brd-Off=JED-ATZ, Classes: P:45, E:49, I:4, O:2, U:3, X:1, W:8
2025-12-29 08:12:20 | INFO     | [lf.flight.extracted] SM454 on 12JAN: BKG=144, LF=86.2%
[LF] SM454 12JAN: BKG=144, GRP=135, CAP=167, LF%=86.2%, Brd-Off=JED-ATZ, Classes: P:94, E:41, I:4, O:2, U:3
[LF] Getting WEEKLY/LASTSOLD data for 3 flights
[LF] SM456 12JAN: LASTSOLD=2025-12-16 00:00:00, WEEKLY=0, TODAY=0, YDAY=0
[LF] SM492 12JAN: LASTSOLD=2025-12-24 00:00:00, WEEKLY=8, TODAY=0, YDAY=0
[LF] SM454 12JAN: LASTSOLD=2025-12-25 00:00:00, WEEKLY=5, TODAY=0, YDAY=0
2025-12-29 08:12:37 | ERROR    | Atomic write failed for D:\CODERED\LAB\market_insights\outputs\run_generated_291225_at_08.11\checkpoints\flight_booking_data.json: [WinError 32] The process cannot access the file because it is being used by another process: 'D:\\CODERED\\LAB\\market_insights\\outputs\\run_generated_291225_at_08.11\\checkpoints\\flight_booking_data.tmp' -> 'D:\\CODERED\\LAB\\market_insights\\outputs\\run_generated_291225_at_08.11\\checkpoints\\flight_booking_data.json'
2025-12-29 08:12:37 | INFO     | [SUCCESS] Day 12JAN
2025-12-29 08:12:37 | INFO     | [DAY_START] Processing 11JAN
[LF] Processing JED-ATZ for 11JAN
2025-12-29 08:12:37 | INFO     | [lf.day.start] Processing JED-ATZ for 11JAN
[LF] 11JAN: found 2 direct flights
2025-12-29 08:12:38 | INFO     | [lf.day.flights_found] Found 2 flights on 11JAN
2025-12-29 08:12:41 | INFO     | [lf.flight.extracted] SM492 on 11JAN: BKG=179, LF=107.2%
[LF] SM492 11JAN: BKG=179, GRP=179, CAP=167, LF%=107.2%, Brd-Off=JED-ATZ, Classes: P:179
2025-12-29 08:12:45 | INFO     | [lf.flight.extracted] SM456 on 11JAN: BKG=156, LF=87.6%
[LF] SM456 11JAN: BKG=156, GRP=141, CAP=178, LF%=87.6%, Brd-Off=JED-ATZ, Classes: P:141, I:4, O:2, U:3, X:1, V:4, K:1
[LF] Getting WEEKLY/LASTSOLD data for 2 flights
[LF] SM492 11JAN: LASTSOLD=2025-11-23 00:00:00, WEEKLY=0, TODAY=0, YDAY=0
[LF] SM456 11JAN: LASTSOLD=2025-12-24 00:00:00, WEEKLY=2, TODAY=0, YDAY=0
2025-12-29 08:12:57 | INFO     | [SUCCESS] Day 11JAN
[LF] Results summary:
  2026-01-13: 2 flights
  2026-01-12: 3 flights
  2026-01-11: 2 flights
2025-12-29 08:12:57 | INFO     | [SUCCESS] LF Search Complete

============================================================
[Worker_9226] ✓ COMPLETED: JED-ATZ
  Results: 3 dates
  Errors: 0 dates
  Total Processed: 2 groups
============================================================

2025-12-29 08:12:59 | INFO     | [Worker_9226] Completed: JED-ATZ - 3 results, 0 errors

============================================================
[Worker_9226] Processing: JED-ATZ
  Tier 0: Range 1, Chunk 2/3
  Dates: 4 days
  Date Range: 2026-01-05 to 2026-01-02
============================================================

2025-12-29 08:12:59 | INFO     | [Worker_9226] Processing: JED-ATZ
2025-12-29 08:12:59 | INFO     |   Tier 0: Range 1, Chunk 2/3 (4 days)
2025-12-29 08:12:59 | INFO     | ======================================================================
2025-12-29 08:12:59 | INFO     | Load Factor Scraper Started - Route: JED-ATZ
2025-12-29 08:12:59 | INFO     | Log file: D:\CODERED\LAB\market_insights\outputs\run_generated_291225_at_08.11\logs\LF_JED-ATZ_20251229_081259.log
2025-12-29 08:12:59 | INFO     | Enhanced logging: Capturing both logging.info() and print()
2025-12-29 08:12:59 | INFO     | ======================================================================
[LF] Processing dates (override): ['05JAN', '04JAN', '03JAN', '02JAN']
[LF] Attaching to Chrome for Altea access
2025-12-29 08:12:59 | INFO     | Starting LF search for route: JED-ATZ
2025-12-29 08:12:59 | INFO     | [START] LF Search
[LF][[OK] SUCCESS] Connected to Chrome on 127.0.0.1:9226 (after 1 attempts)
2025-12-29 08:13:01 | INFO     | [HEALTH CHECK] [OK] Chrome connection is healthy
[LF][[OK] SUCCESS] Found Amadeus Altea window: Altéa Reservation Desktop
[LF][[INFO] INFO] URL: https://tc212.resdesktop.altea.amadeus.com/app_ard/apf/init/login?SITE=ESMPESMP&LANGUAGE=GB&MARKETS=ARDW_PROD_WBP&ACTION=clpLogin
2025-12-29 08:13:01 | INFO     | [DAY_START] Processing 05JAN
[LF] Processing JED-ATZ for 05JAN
2025-12-29 08:13:01 | INFO     | [lf.day.start] Processing JED-ATZ for 05JAN
[LF] 05JAN: found 4 direct flights
2025-12-29 08:13:02 | INFO     | [lf.day.flights_found] Found 4 flights on 05JAN
2025-12-29 08:13:04 | INFO     | [lf.flight.extracted] SM492 on 05JAN: BKG=93, LF=55.7%
[LF] SM492 05JAN: BKG=93, GRP=71, CAP=167, LF%=55.7%, Brd-Off=JED-ATZ, Classes: P:69, E:2, I:4, O:2, U:3, X:1, T:1, W:9, S:1, K:1
2025-12-29 08:13:08 | INFO     | [lf.flight.extracted] SM456 on 05JAN: BKG=123, LF=73.7%
[LF] SM456 05JAN: BKG=123, GRP=92, CAP=167, LF%=73.7%, Brd-Off=JED-ATZ, Classes: P:48, E:45, I:4, O:2, U:3, X:7, T:3, W:9, S:1, G:1
2025-12-29 08:13:11 | INFO     | [lf.flight.extracted] SM422 on 05JAN: BKG=171, LF=102.4%
[LF] SM422 05JAN: BKG=171, GRP=159, CAP=167, LF%=102.4%, Brd-Off=JED-ATZ, Classes: P:112, E:47, I:4, O:2, U:3, X:2, S:1
2025-12-29 08:13:14 | INFO     | [lf.flight.extracted] SM454 on 05JAN: BKG=167, LF=100.0%
[LF] SM454 05JAN: BKG=167, GRP=152, CAP=167, LF%=100.0%, Brd-Off=JED-ATZ, Classes: P:63, E:89, I:8, O:1, X:5, W:1
[LF] Getting WEEKLY/LASTSOLD data for 4 flights
[LF] SM492 05JAN: LASTSOLD=2025-12-28 00:00:00, WEEKLY=11, TODAY=0, YDAY=2
[LF] SM456 05JAN: LASTSOLD=2025-12-28 00:00:00, WEEKLY=5, TODAY=0, YDAY=2
[LF] SM422 05JAN: LASTSOLD=2025-12-17 00:00:00, WEEKLY=0, TODAY=0, YDAY=0
[LF] SM454 05JAN: LASTSOLD=2025-12-14 00:00:00, WEEKLY=0, TODAY=0, YDAY=0
2025-12-29 08:13:35 | INFO     | [SUCCESS] Day 05JAN
2025-12-29 08:13:35 | INFO     | [DAY_START] Processing 04JAN
[LF] Processing JED-ATZ for 04JAN
2025-12-29 08:13:35 | INFO     | [lf.day.start] Processing JED-ATZ for 04JAN
[LF] 04JAN: found 2 direct flights
2025-12-29 08:13:36 | INFO     | [lf.day.flights_found] Found 2 flights on 04JAN
2025-12-29 08:13:38 | INFO     | [lf.flight.extracted] SM492 on 04JAN: BKG=175, LF=104.8%
[LF] SM492 04JAN: BKG=175, GRP=175, CAP=167, LF%=104.8%, Brd-Off=JED-ATZ, Classes: P:175
2025-12-29 08:13:42 | INFO     | [lf.flight.extracted] SM456 on 04JAN: BKG=133, LF=79.6%
[LF] SM456 04JAN: BKG=133, GRP=92, CAP=167, LF%=79.6%, Brd-Off=JED-ATZ, Classes: P:92, I:4, O:2, U:6, X:4, T:12, W:9, S:3, K:1
[LF] Getting WEEKLY/LASTSOLD data for 2 flights
[LF] SM492 04JAN: LASTSOLD=2025-12-20 00:00:00, WEEKLY=0, TODAY=0, YDAY=0
[LF] SM456 04JAN: LASTSOLD=2025-12-28 00:00:00, WEEKLY=18, TODAY=0, YDAY=13
2025-12-29 08:13:53 | INFO     | [SUCCESS] Day 04JAN
2025-12-29 08:13:53 | INFO     | [DAY_START] Processing 03JAN
[LF] Processing JED-ATZ for 03JAN
2025-12-29 08:13:53 | INFO     | [lf.day.start] Processing JED-ATZ for 03JAN
[LF] 03JAN: found 3 direct flights
2025-12-29 08:13:54 | INFO     | [lf.day.flights_found] Found 3 flights on 03JAN
2025-12-29 08:13:56 | INFO     | [lf.flight.extracted] SM492 on 03JAN: BKG=168, LF=94.4%
[LF] SM492 03JAN: BKG=168, GRP=135, CAP=178, LF%=94.4%, Brd-Off=JED-ATZ, Classes: P:135, I:4, O:2, U:7, T:4, W:15, S:1
2025-12-29 08:14:00 | INFO     | [lf.flight.extracted] SM454 on 03JAN: BKG=169, LF=94.9%
[LF] SM454 03JAN: BKG=169, GRP=140, CAP=178, LF%=94.9%, Brd-Off=JED-ATZ, Classes: P:140, I:2, O:4, U:2, X:4, T:6, W:10, G:1
2025-12-29 08:14:04 | INFO     | [lf.flight.extracted] SM456 on 03JAN: BKG=131, LF=78.4%
[LF] SM456 03JAN: BKG=131, GRP=90, CAP=167, LF%=78.4%, Brd-Off=JED-ATZ, Classes: P:90, I:8, O:8, U:8, X:7, S:8, G:2
[LF] Getting WEEKLY/LASTSOLD data for 3 flights
[LF] SM492 03JAN: LASTSOLD=2025-12-28 00:00:00, WEEKLY=13, TODAY=0, YDAY=7
[LF] SM454 03JAN: LASTSOLD=2025-12-28 00:00:00, WEEKLY=10, TODAY=0, YDAY=7
[LF] SM456 03JAN: LASTSOLD=2025-12-28 00:00:00, WEEKLY=1, TODAY=0, YDAY=1
2025-12-29 08:14:20 | INFO     | [SUCCESS] Day 03JAN
2025-12-29 08:14:20 | INFO     | [DAY_START] Processing 02JAN
[LF] Processing JED-ATZ for 02JAN
2025-12-29 08:14:20 | INFO     | [lf.day.start] Processing JED-ATZ for 02JAN
[LF] 02JAN: found 1 direct flights
2025-12-29 08:14:21 | INFO     | [lf.day.flights_found] Found 1 flights on 02JAN
2025-12-29 08:14:23 | INFO     | [lf.flight.extracted] SM492 on 02JAN: BKG=166, LF=99.4%
[LF] SM492 02JAN: BKG=166, GRP=130, CAP=167, LF%=99.4%, Brd-Off=JED-ATZ, Classes: P:130, I:4, O:1, U:4, X:8, T:7, W:2, S:10
[LF] Getting WEEKLY/LASTSOLD data for 1 flights
[LF] SM492 02JAN: LASTSOLD=2025-12-27 00:00:00, WEEKLY=5, TODAY=0, YDAY=0
2025-12-29 08:14:29 | INFO     | [SUCCESS] Day 02JAN
[LF] Results summary:
  2026-01-05: 4 flights
  2026-01-04: 2 flights
  2026-01-03: 3 flights
  2026-01-02: 1 flights
2025-12-29 08:14:29 | INFO     | [SUCCESS] LF Search Complete

============================================================
[Worker_9226] ✓ COMPLETED: JED-ATZ
  Results: 4 dates
  Errors: 0 dates
  Total Processed: 3 groups
============================================================

2025-12-29 08:14:31 | INFO     | [Worker_9226] Completed: JED-ATZ - 4 results, 0 errors
[Worker_9226] Waiting for tasks...
