
============================================================
     LF WORKER - PORT 9227
============================================================
Worker: Worker_9227
Status: READY
Waiting for tasks...
============================================================


============================================================
[Worker_9227] Processing: CAI-RUH
  Tier 0: Range 2, Chunk 2/3
  Dates: 4 days
  Date Range: 2026-01-17 to 2026-01-14
============================================================

2025-12-29 08:11:31 | INFO     | ======================================================================
2025-12-29 08:11:31 | INFO     | Load Factor Scraper Started - Route: CAI-RUH
2025-12-29 08:11:31 | INFO     | Log file: D:\CODERED\LAB\market_insights\outputs\run_generated_291225_at_08.11\logs\LF_CAI-RUH_20251229_081131.log
2025-12-29 08:11:31 | INFO     | Enhanced logging: Capturing both logging.info() and print()
2025-12-29 08:11:31 | INFO     | ======================================================================
[LF] Processing dates (override): ['17JAN', '16JAN', '15JAN', '14JAN']
[LF] Attaching to Chrome for Altea access
[LF][[OK] SUCCESS] Connected to Chrome on 127.0.0.1:9227 (after 1 attempts)
[LF][[OK] SUCCESS] Found Amadeus Altea window: Altéa Reservation Desktop
[LF][[INFO] INFO] URL: https://tc212.resdesktop.altea.amadeus.com/app_ard/apf/init/login?SITE=ESMPESMP&LANGUAGE=GB&MARKETS=ARDW_PROD_WBP&ACTION=clpLogin
[LF] Processing CAI-RUH for 17JAN
[LF][ERROR] Amadeus command error detected: UNKNOWN TRANSACTION
[LF][ERROR] Command: SN17JANCAIRUH/ASM
[LF][RESYNC] Triggering immediate resync to last successful SN command
============================================================
[LF][RESYNC] Command 'SN17JANCAIRUH/ASM' failed: TECH_ERROR:UNKNOWN TRANSACTION
[LF][RESYNC] Re-running entire day from SN command for CAI-RUH 17JAN
[LF][RESYNC] Attempt 1/50 (waiting 1.0s before retry...)
============================================================
[LF][RESYNC] Sending IG to clear session state...
[LF][RESYNC] Session cleared with IG
[LF] Processing CAI-RUH for 17JAN
[LF] 17JAN: found 1 direct flights
[LF] SM461 17JAN: BKG=50, GRP=0, CAP=179, LF%=27.9%, Brd-Off=CAI-RUH, Classes: N:1, X:1, W:3, S:5, G:9, L:15, V:10, K:5, Q:1
[LF] Getting WEEKLY/LASTSOLD data for 1 flights
[LF] SM461 17JAN: LASTSOLD=2025-12-24 00:00:00, WEEKLY=2, TODAY=0, YDAY=0
[LF] Processing CAI-RUH for 16JAN
[LF] 16JAN: found 2 direct flights
[LF] SM461 16JAN: BKG=43, GRP=0, CAP=179, LF%=24.0%, Brd-Off=CAI-RUH, Classes: W:1, G:32, L:9, V:1
[LF] SM469 16JAN: BKG=26, GRP=0, CAP=179, LF%=14.5%, Brd-Off=CAI-RUH, Classes: W:5, S:2, G:11, L:4, K:4
[LF] Getting WEEKLY/LASTSOLD data for 2 flights
[LF] SM461 16JAN: LASTSOLD=2025-12-29 00:00:00, WEEKLY=19, TODAY=3, YDAY=5
[LF] SM469 16JAN: LASTSOLD=2025-12-28 00:00:00, WEEKLY=5, TODAY=0, YDAY=4
[LF] Processing CAI-RUH for 15JAN
[LF] 15JAN: found 1 direct flights
[LF] SM461 15JAN: BKG=35, GRP=0, CAP=179, LF%=19.6%, Brd-Off=CAI-RUH, Classes: X:1, W:14, S:10, G:10
[LF] Getting WEEKLY/LASTSOLD data for 1 flights
[LF] SM461 15JAN: LASTSOLD=2025-12-28 00:00:00, WEEKLY=23, TODAY=0, YDAY=4
[LF] Processing CAI-RUH for 14JAN
[LF] 14JAN: 1 cancelled flight(s) detected from SN
[LF] 14JAN: found 1 direct flights
[LF] SM469 14JAN: BKG=74, GRP=0, CAP=179, LF%=41.3%, Brd-Off=CAI-RUH, Classes: I:11, O:19, U:29, X:13, S:2
[LF] Getting WEEKLY/LASTSOLD data for 1 flights
[LF] SM469 14JAN: LASTSOLD=2025-12-27 00:00:00, WEEKLY=43, TODAY=0, YDAY=0
[LF] Results summary:
  2026-01-17: 1 flights
  2026-01-16: 2 flights
  2026-01-15: 1 flights
  2026-01-14: 1 flights
[LF] Cancelled flights found: 1
  - SM461 14JAN (SN)
[Worker_9227] Cancelled flights collected: 1

============================================================
[Worker_9227] ✓ COMPLETED: CAI-RUH
  Results: 4 dates
  Errors: 0 dates
  Total Processed: 1 groups
============================================================


============================================================
[Worker_9227] Processing: JED-CAI
  Tier 0: Range 1, Chunk 1/3
  Dates: 5 days
  Date Range: 2026-01-10 to 2026-01-06
============================================================

2025-12-29 08:12:15 | INFO     | ======================================================================
2025-12-29 08:12:15 | INFO     | Load Factor Scraper Started - Route: JED-CAI
2025-12-29 08:12:15 | INFO     | Log file: D:\CODERED\LAB\market_insights\outputs\run_generated_291225_at_08.11\logs\LF_JED-CAI_20251229_081215.log
2025-12-29 08:12:15 | INFO     | Enhanced logging: Capturing both logging.info() and print()
2025-12-29 08:12:15 | INFO     | ======================================================================
[LF] Processing dates (override): ['10JAN', '09JAN', '08JAN', '07JAN', '06JAN']
[LF] Attaching to Chrome for Altea access
2025-12-29 08:12:15 | INFO     | Starting LF search for route: JED-CAI
2025-12-29 08:12:15 | INFO     | [START] LF Search
[LF][[OK] SUCCESS] Connected to Chrome on 127.0.0.1:9227 (after 1 attempts)
2025-12-29 08:12:16 | INFO     | [HEALTH CHECK] [OK] Chrome connection is healthy
[LF][[OK] SUCCESS] Found Amadeus Altea window: Altéa Reservation Desktop
[LF][[INFO] INFO] URL: https://tc212.resdesktop.altea.amadeus.com/app_ard/apf/init/login?SITE=ESMPESMP&LANGUAGE=GB&MARKETS=ARDW_PROD_WBP&ACTION=clpLogin
2025-12-29 08:12:16 | INFO     | [DAY_START] Processing 10JAN
[LF] Processing JED-CAI for 10JAN
2025-12-29 08:12:16 | INFO     | [lf.day.start] Processing JED-CAI for 10JAN
[LF] 10JAN: found 3 direct flights
2025-12-29 08:12:18 | INFO     | [lf.day.flights_found] Found 3 flights on 10JAN
2025-12-29 08:12:20 | INFO     | [lf.flight.extracted] SM450 on 10JAN: BKG=154, LF=92.2%
[LF] SM450 10JAN: BKG=154, GRP=79, CAP=167, LF%=92.2%, Brd-Off=JED-CAI, Classes: P:79, U:10, X:12, T:5, W:8, S:4, G:7, L:6, V:20, K:3
[LPC] SM450 10JAN: Found 1 outbound flights with connecting passengers
2025-12-29 08:12:28 | INFO     | [lf.flight.extracted] SM476 on 10JAN: BKG=146, LF=87.4%
[LF] SM476 10JAN: BKG=146, GRP=87, CAP=167, LF%=87.4%, Brd-Off=JED-CAI, Classes: P:87, U:10, X:12, T:12, W:1, G:13, L:10, V:1
[LPC] SM476 10JAN: Found 0 outbound flights with connecting passengers
2025-12-29 08:12:33 | INFO     | [lf.flight.extracted] SM478 on 10JAN: BKG=168, LF=96.0%
[LF] SM478 10JAN: BKG=168, GRP=123, CAP=175, LF%=96.0%, Brd-Off=JED-CAI, Classes: P:123, U:10, X:12, T:18, W:2, K:3
[LF] Getting WEEKLY/LASTSOLD data for 3 flights
[LF] SM450 10JAN: LASTSOLD=2025-12-28 00:00:00, WEEKLY=13, TODAY=0, YDAY=3
[LF] SM476 10JAN: LASTSOLD=2025-12-28 00:00:00, WEEKLY=19, TODAY=0, YDAY=1
[LF] SM478 10JAN: LASTSOLD=2025-12-28 00:00:00, WEEKLY=16, TODAY=0, YDAY=13
2025-12-29 08:12:51 | INFO     | [SUCCESS] Day 10JAN
2025-12-29 08:12:51 | INFO     | [DAY_START] Processing 09JAN
[LF] Processing JED-CAI for 09JAN
2025-12-29 08:12:51 | INFO     | [lf.day.start] Processing JED-CAI for 09JAN
[LF] 09JAN: found 6 direct flights
2025-12-29 08:12:52 | INFO     | [lf.day.flights_found] Found 6 flights on 09JAN
2025-12-29 08:12:54 | INFO     | [lf.flight.extracted] SM424 on 09JAN: BKG=96, LF=54.9%
[LF] SM424 09JAN: BKG=96, GRP=1, CAP=175, LF%=54.9%, Brd-Off=JED-CAI, Classes: P:1, U:10, X:12, T:7, W:11, S:8, G:5, L:27, V:15
[LPC] SM424 09JAN: Found 1 outbound flights with connecting passengers
2025-12-29 08:13:00 | INFO     | [lf.flight.extracted] SM476 on 09JAN: BKG=162, LF=97.0%
[LF] SM476 09JAN: BKG=162, GRP=58, CAP=167, LF%=97.0%, Brd-Off=JED-CAI, Classes: P:58, U:10, X:12, T:10, W:8, S:29, G:14, L:15, V:6
[LPC] SM476 09JAN: Found 1 outbound flights with connecting passengers
2025-12-29 08:13:06 | INFO     | [lf.flight.extracted] SM478 on 09JAN: BKG=125, LF=74.9%
[LF] SM478 09JAN: BKG=125, GRP=0, CAP=167, LF%=74.9%, Brd-Off=JED-CAI, Classes: U:10, X:12, T:12, W:12, S:11, G:11, L:27, V:13, K:16, Q:1
[LPC] SM478 09JAN: Found 2 outbound flights with connecting passengers
2025-12-29 08:13:11 | INFO     | [lf.flight.extracted] SM480 on 09JAN: BKG=145, LF=86.8%
[LF] SM480 09JAN: BKG=145, GRP=45, CAP=167, LF%=86.8%, Brd-Off=JED-CAI, Classes: P:45, U:10, X:12, T:12, W:10, S:14, G:21, L:10, V:9, K:2
2025-12-29 08:13:14 | INFO     | [lf.flight.extracted] SM472 on 09JAN: BKG=128, LF=76.6%
[LF] SM472 09JAN: BKG=128, GRP=54, CAP=167, LF%=76.6%, Brd-Off=JED-CAI, Classes: P:54, U:10, X:12, T:12, W:12, S:11, G:7, V:7, K:3
[LPC] SM472 09JAN: Found 0 outbound flights with connecting passengers
2025-12-29 08:13:19 | INFO     | [lf.flight.extracted] SM460 on 09JAN: BKG=165, LF=94.3%
[LF] SM460 09JAN: BKG=165, GRP=135, CAP=175, LF%=94.3%, Brd-Off=JED-CAI, Classes: P:135, U:10, X:12, T:8
[LF] Getting WEEKLY/LASTSOLD data for 6 flights
[LF] SM424 09JAN: LASTSOLD=2025-12-28 00:00:00, WEEKLY=24, TODAY=0, YDAY=1
[LF] SM476 09JAN: LASTSOLD=2025-12-27 00:00:00, WEEKLY=26, TODAY=0, YDAY=0
[LF] SM478 09JAN: LASTSOLD=2025-12-28 00:00:00, WEEKLY=38, TODAY=0, YDAY=1
[LF] SM480 09JAN: LASTSOLD=2025-12-27 00:00:00, WEEKLY=19, TODAY=0, YDAY=0
[LF] SM472 09JAN: LASTSOLD=2025-12-28 00:00:00, WEEKLY=12, TODAY=0, YDAY=7
[LF] SM460 09JAN: LASTSOLD=2025-12-15 00:00:00, WEEKLY=0, TODAY=0, YDAY=0
2025-12-29 08:13:49 | INFO     | [SUCCESS] Day 09JAN
2025-12-29 08:13:49 | INFO     | [DAY_START] Processing 08JAN
[LF] Processing JED-CAI for 08JAN
2025-12-29 08:13:49 | INFO     | [lf.day.start] Processing JED-CAI for 08JAN
[LF] 08JAN: found 6 direct flights
2025-12-29 08:13:50 | INFO     | [lf.day.flights_found] Found 6 flights on 08JAN
2025-12-29 08:13:52 | INFO     | [lf.flight.extracted] SM472 on 08JAN: BKG=124, LF=74.2%
[LF] SM472 08JAN: BKG=124, GRP=47, CAP=167, LF%=74.2%, Brd-Off=JED-CAI, Classes: P:47, U:19, X:23, T:6, W:6, S:21, G:2
[LPC] SM472 08JAN: Found 3 outbound flights with connecting passengers
2025-12-29 08:13:57 | INFO     | [lf.flight.extracted] SM450 on 08JAN: BKG=156, LF=89.1%
[LF] SM450 08JAN: BKG=156, GRP=15, CAP=175, LF%=89.1%, Brd-Off=JED-CAI, Classes: E:15, U:10, X:12, T:19, W:1, S:22, G:8, L:15, V:23, K:19, Q:10, H:2
[LPC] SM450 08JAN: Found 3 outbound flights with connecting passengers
2025-12-29 08:14:09 | INFO     | [lf.flight.extracted] SM476 on 08JAN: BKG=175, LF=98.3%
[LF] SM476 08JAN: BKG=175, GRP=120, CAP=178, LF%=98.3%, Brd-Off=JED-CAI, Classes: P:120, U:10, X:17, T:8, W:5, S:15
[LPC] SM476 08JAN: Found 1 outbound flights with connecting passengers
2025-12-29 08:14:13 | INFO     | [lf.flight.extracted] SM432 on 08JAN: BKG=167, LF=100.0%
[LF] SM432 08JAN: BKG=167, GRP=120, CAP=167, LF%=100.0%, Brd-Off=JED-CAI, Classes: P:121, X:12, T:15, W:6, S:5, G:8
2025-12-29 08:14:17 | INFO     | [lf.flight.extracted] SM478 on 08JAN: BKG=164, LF=93.7%
[LF] SM478 08JAN: BKG=164, GRP=92, CAP=175, LF%=93.7%, Brd-Off=JED-CAI, Classes: P:92, U:10, X:12, T:11, W:12, S:12, G:13, L:1, Q:1
2025-12-29 08:14:20 | INFO     | [lf.flight.extracted] SM480 on 08JAN: BKG=174, LF=100.0%
[LF] SM480 08JAN: BKG=174, GRP=90, CAP=174, LF%=100.0%, Brd-Off=JED-CAI, Classes: P:90, U:10, X:12, T:12, W:11, S:11, G:18, L:4, V:6
[LF] Getting WEEKLY/LASTSOLD data for 6 flights
[LF] SM472 08JAN: LASTSOLD=2025-12-29 00:00:00, WEEKLY=28, TODAY=1, YDAY=7
[LF] SM450 08JAN: LASTSOLD=2025-12-29 00:00:00, WEEKLY=44, TODAY=1, YDAY=20
[LF] SM476 08JAN: LASTSOLD=2025-12-28 00:00:00, WEEKLY=15, TODAY=0, YDAY=1
[LF] SM432 08JAN: LASTSOLD=2025-12-28 00:00:00, WEEKLY=16, TODAY=0, YDAY=11
[LF] SM478 08JAN: LASTSOLD=2025-12-25 00:00:00, WEEKLY=1, TODAY=0, YDAY=0
[LF] SM480 08JAN: LASTSOLD=2025-12-27 00:00:00, WEEKLY=6, TODAY=0, YDAY=0
2025-12-29 08:14:50 | INFO     | [SUCCESS] Day 08JAN
2025-12-29 08:14:50 | INFO     | [DAY_START] Processing 07JAN
[LF] Processing JED-CAI for 07JAN
2025-12-29 08:14:50 | INFO     | [lf.day.start] Processing JED-CAI for 07JAN
[LF] 07JAN: found 4 direct flights
2025-12-29 08:14:51 | INFO     | [lf.day.flights_found] Found 4 flights on 07JAN
2025-12-29 08:14:53 | INFO     | [lf.flight.extracted] SM476 on 07JAN: BKG=175, LF=100.0%
[LF] SM476 07JAN: BKG=175, GRP=136, CAP=175, LF%=100.0%, Brd-Off=JED-CAI, Classes: P:136, U:10, X:12, T:2, W:8, S:7
2025-12-29 08:14:56 | INFO     | [lf.flight.extracted] SM478 on 07JAN: BKG=165, LF=98.8%
[LF] SM478 07JAN: BKG=165, GRP=95, CAP=167, LF%=98.8%, Brd-Off=JED-CAI, Classes: P:48, E:47, U:10, X:12, T:15, W:23, S:10
2025-12-29 08:14:59 | INFO     | [lf.flight.extracted] SM460 on 07JAN: BKG=178, LF=100.0%
[LF] SM460 07JAN: BKG=178, GRP=137, CAP=178, LF%=100.0%, Brd-Off=JED-CAI, Classes: P:137, U:10, X:12, T:14, S:5
2025-12-29 08:15:03 | INFO     | [lf.flight.extracted] SM424 on 07JAN: BKG=178, LF=100.0%
[LF] SM424 07JAN: BKG=178, GRP=142, CAP=178, LF%=100.0%, Brd-Off=JED-CAI, Classes: P:142, U:10, X:10, T:1, W:6, S:9
[LF] Getting WEEKLY/LASTSOLD data for 4 flights
[LF] SM476 07JAN: LASTSOLD=2025-12-28 00:00:00, WEEKLY=15, TODAY=0, YDAY=7
[LF] SM478 07JAN: LASTSOLD=2025-12-29 00:00:00, WEEKLY=31, TODAY=2, YDAY=3
[LF] SM460 07JAN: LASTSOLD=2025-12-28 00:00:00, WEEKLY=16, TODAY=0, YDAY=10
2025-12-29 08:15:18 | ERROR    | Failed to load D:\CODERED\LAB\market_insights\outputs\run_generated_291225_at_08.11\checkpoints\flight_booking_data.json: Extra data: line 286 column 2 (char 7223)
[LF] SM424 07JAN: LASTSOLD=2025-12-23 00:00:00, WEEKLY=4, TODAY=0, YDAY=0
2025-12-29 08:15:23 | INFO     | [SUCCESS] Day 07JAN
2025-12-29 08:15:23 | INFO     | [DAY_START] Processing 06JAN
[LF] Processing JED-CAI for 06JAN
2025-12-29 08:15:23 | INFO     | [lf.day.start] Processing JED-CAI for 06JAN
[LF] 06JAN: found 6 direct flights
2025-12-29 08:15:24 | INFO     | [lf.day.flights_found] Found 6 flights on 06JAN
2025-12-29 08:15:25 | INFO     | [lf.flight.extracted] SM472 on 06JAN: BKG=155, LF=92.8%
[LF] SM472 06JAN: BKG=155, GRP=106, CAP=167, LF%=92.8%, Brd-Off=JED-CAI, Classes: P:69, E:37, U:20, X:11, W:8, S:7, K:3
[LPC] SM472 06JAN: Found 1 outbound flights with connecting passengers
2025-12-29 08:15:30 | INFO     | [lf.flight.extracted] SM480 on 06JAN: BKG=115, LF=68.9%
[LF] SM480 06JAN: BKG=115, GRP=88, CAP=167, LF%=68.9%, Brd-Off=JED-CAI, Classes: P:48, E:40, U:14, X:3, T:8, W:1, S:1
2025-12-29 08:15:34 | INFO     | [lf.flight.extracted] SM478 on 06JAN: BKG=130, LF=77.4%
[LF] SM478 06JAN: BKG=130, GRP=96, CAP=168, LF%=77.4%, Brd-Off=JED-CAI, Classes: P:46, E:50, U:7, X:17, T:10
2025-12-29 08:15:38 | INFO     | [lf.flight.extracted] SM460 on 06JAN: BKG=141, LF=84.4%
[LF] SM460 06JAN: BKG=141, GRP=91, CAP=167, LF%=84.4%, Brd-Off=JED-CAI, Classes: N:4, P:91, U:10, X:27, T:9
2025-12-29 08:15:41 | INFO     | [lf.flight.extracted] SM424 on 06JAN: BKG=160, LF=95.8%
[LF] SM424 06JAN: BKG=160, GRP=136, CAP=167, LF%=95.8%, Brd-Off=JED-CAI, Classes: P:136, U:9, X:12, T:3
2025-12-29 08:15:44 | INFO     | [lf.flight.extracted] SM476 on 06JAN: BKG=120, LF=68.6%
[LF] SM476 06JAN: BKG=120, GRP=86, CAP=175, LF%=68.6%, Brd-Off=JED-CAI, Classes: P:86, U:10, X:5, T:10, W:8, S:1
[LPC] SM476 06JAN: Found 0 outbound flights with connecting passengers
[LF] Getting WEEKLY/LASTSOLD data for 6 flights
[LF] SM472 06JAN: LASTSOLD=2025-12-28 00:00:00, WEEKLY=16, TODAY=0, YDAY=5
[LF] SM480 06JAN: LASTSOLD=2025-12-28 00:00:00, WEEKLY=10, TODAY=0, YDAY=1
[LF] SM478 06JAN: LASTSOLD=2025-12-28 00:00:00, WEEKLY=19, TODAY=0, YDAY=11
[LF] SM460 06JAN: WEEKLY=99 → LP/T MANDATORY
[DEBUG] SM460 06JAN: Match #1: TK 25DEC | Line: 001  02ALHASHMI/HASHIMIY          	8LNLXV T  TK 25DEC RUHS228YD
[DEBUG] SM460 06JAN: Match #2: TK 25DEC | Line: 002  02ALJAYZANI/SHAHAD           	8LNLXV T  TK 25DEC RUHS228YD
[DEBUG] SM460 06JAN: Match #3: TK 25DEC | Line: 003  03AWAD/RAMY SAYED M          	8O59AA T  TK 25DEC CAIEG351U
[DEBUG] SM460 06JAN: Match #4: TK 25DEC | Line: 004  03AYOUB/SALEH SAYED          	8O59AA T  TK 25DEC CAIEG351U
[DEBUG] SM460 06JAN: Match #5: TK 26DEC | Line: 005  01ELAZIZI/HUSSEIN M          	95DLU5 T  TK 26DEC JEDSM08AA
[DEBUG] SM460 06JAN: Match #6: TK 26DEC | Line: 006  03HESHAM/ALAFGHANI           	8XMFWB T  TK 26DEC JEDSM08AA
[DEBUG] SM460 06JAN: DUPLICATE #1: 001 TK 25DEC | Skipping
[DEBUG] SM460 06JAN: DUPLICATE #2: 002 TK 25DEC | Skipping
[DEBUG] SM460 06JAN: DUPLICATE #3: 003 TK 25DEC | Skipping
[DEBUG] SM460 06JAN: DUPLICATE #4: 004 TK 25DEC | Skipping
[DEBUG] SM460 06JAN: DUPLICATE #5: 005 TK 26DEC | Skipping
[DEBUG] SM460 06JAN: DUPLICATE #6: 006 TK 26DEC | Skipping
[DEBUG] SM460 06JAN: Match #7: TK 26DEC | Line: 007  03SAMYAH/ALQURASHI           	8XMFWB T  TK 26DEC JEDSM08AA
[DEBUG] SM460 06JAN: Match #8: TK 26DEC | Line: 008  03YASMIN/ALAFGHANI           	8XMFWB T  TK 26DEC JEDSM08AA
[DEBUG] SM460 06JAN: Match #9: TK 25DEC | Line: 009  03YASSIN/IBRAHIM GA          	8O59AA T  TK 25DEC CAIEG351U
[DEBUG] SM460 06JAN: Match #10: HK 28DEC | Line: 010  02ABDELTAWWAB/ALY H          	74H9G8 X  HK 28DEC RUHAA28WH
[DEBUG] SM460 06JAN: Match #11: HK 28DEC | Line: 013  05AHMED/ALANOOD MRS          	74LUKZ X  HK 28DEC JEDSM08AA
[DEBUG] SM460 06JAN: Match #12: HK 28DEC | Line: 014  05AHMED/MOHAMMED MR          	74LUKZ X  HK 28DEC JEDSM08AA
[DEBUG] SM460 06JAN: Match #13: HK 28DEC | Line: 015  05AHMED/RINAD MRS            	74LUKZ X  HK 28DEC JEDSM08AA
[DEBUG] SM460 06JAN: Match #14: HK 28DEC | Line: 017  03ALLAHYANI/HAMDI A          	756OFT X  HK 28DEC RUHAA28WH
[DEBUG] SM460 06JAN: Match #15: HK 28DEC | Line: 018  03ALLAHYANI/MESHARI          	756OFT X  HK 28DEC RUHAA28WH
[DEBUG] SM460 06JAN: Match #16: HK 28DEC | Line: 019  03ALLAHYANI/MOHAMME          	756OFT X  HK 28DEC RUHAA28WH
[DEBUG] SM460 06JAN: Match #17: HK 28DEC | Line: 022  05BADYAN/TOLLEN MRS          	74LUKZ X  HK 28DEC JEDSM08AA
[DEBUG] SM460 06JAN: Match #18: HK 28DEC | Line: 023  01BAJBAIR/HASSAN MR          	72IX68 X  HK 28DEC CAIEG3517
[DEBUG] SM460 06JAN: Match #19: HK 28DEC | Line: 025  05DAMDAM/FATIMA MRS          	74LUKZ X  HK 28DEC JEDSM08AA
[DEBUG] SM460 06JAN: Match #20: HK 28DEC | Line: 028  01ELRUBY/MAHMOUD AH          	75UFWR X  HK 28DEC TIFS22102
[DEBUG] SM460 06JAN: Match #21: HK 28DEC | Line: 032  02HASSAN/RAGAB M             	74H9G8 X  HK 28DEC RUHAA28WH
[DEBUG] SM460 06JAN: Match #22: HK 28DEC | Line: 034  01METAWIE/YASSER S           	745BMD X  HK 28DEC RUHAA28WH
[DEBUG] SM460 06JAN: Match #23: HK 28DEC | Line: 035  01SOLIMAN/MOHAMED M          	73CZGN X  HK 28DEC JEDSM08AA
[LF] SM460 06JAN: LP/T count complete. True WEEKLY: 23, TODAY: 0, YDAY: 14 | Removed 6 duplicates
[LF] SM460 06JAN: LP/T result: WEEKLY=23, TODAY=0, YDAY=14
[LF] SM460 06JAN: LASTSOLD=2025-12-28 00:00:00, WEEKLY=23, TODAY=0, YDAY=14
[LF] SM424 06JAN: LASTSOLD=2025-12-29 00:00:00, WEEKLY=14, TODAY=1, YDAY=4
[LF] SM476 06JAN: LASTSOLD=2025-12-28 00:00:00, WEEKLY=15, TODAY=0, YDAY=8
2025-12-29 08:16:21 | INFO     | [SUCCESS] Day 06JAN
[LF] Results summary:
  2026-01-10: 3 flights
  2026-01-09: 6 flights
  2026-01-08: 6 flights
  2026-01-07: 4 flights
  2026-01-06: 6 flights
2025-12-29 08:16:21 | INFO     | [SUCCESS] LF Search Complete

============================================================
[Worker_9227] ✓ COMPLETED: JED-CAI
  Results: 5 dates
  Errors: 0 dates
  Total Processed: 2 groups
============================================================

2025-12-29 08:16:23 | INFO     | [Worker_9227] Completed: JED-CAI - 5 results, 0 errors
[Worker_9227] Waiting for tasks...
