
============================================================
     LF WORKER - PORT 9233
============================================================
Worker: Worker_9233
Status: READY
Waiting for tasks...
============================================================


============================================================
[Worker_9233] Processing: JED-CAI
  Tier 0: Range 2, Chunk 2/3
  Dates: 4 days
  Date Range: 2026-01-17 to 2026-01-14
============================================================

2025-12-29 08:11:31 | INFO     | ======================================================================
2025-12-29 08:11:31 | INFO     | Load Factor Scraper Started - Route: JED-CAI
2025-12-29 08:11:31 | INFO     | Log file: D:\CODERED\LAB\market_insights\outputs\run_generated_291225_at_08.11\logs\LF_JED-CAI_20251229_081131.log
2025-12-29 08:11:31 | INFO     | Enhanced logging: Capturing both logging.info() and print()
2025-12-29 08:11:31 | INFO     | ======================================================================
[LF] Processing dates (override): ['17JAN', '16JAN', '15JAN', '14JAN']
[LF] Attaching to Chrome for Altea access
[LF][[OK] SUCCESS] Connected to Chrome on 127.0.0.1:9233 (after 1 attempts)
[LF][[OK] SUCCESS] Found Amadeus Altea window: Altéa Reservation Desktop
[LF][[INFO] INFO] URL: https://tc212.resdesktop.altea.amadeus.com/app_ard/apf/init/login?SITE=ESMPESMP&LANGUAGE=GB&MARKETS=ARDW_PROD_WBP&ACTION=clpLogin
[LF] Processing JED-CAI for 17JAN
[LF][ERROR] Amadeus command error detected: UNKNOWN TRANSACTION
[LF][ERROR] Command: SN17JANJEDCAI/ASM
[LF][RESYNC] Triggering immediate resync to last successful SN command
============================================================
[LF][RESYNC] Command 'SN17JANJEDCAI/ASM' failed: TECH_ERROR:UNKNOWN TRANSACTION
[LF][RESYNC] Re-running entire day from SN command for JED-CAI 17JAN
[LF][RESYNC] Attempt 1/50 (waiting 1.0s before retry...)
============================================================
[LF][RESYNC] Sending IG to clear session state...
[LF][RESYNC] Session cleared with IG
[LF] Processing JED-CAI for 17JAN
[LF] 17JAN: found 3 direct flights
[LF] SM450 17JAN: BKG=5, GRP=0, CAP=167, LF%=3.0%, Brd-Off=JED-CAI, Classes: U:5
[LF] SM476 17JAN: BKG=113, GRP=90, CAP=167, LF%=67.7%, Brd-Off=JED-CAI, Classes: P:90, O:3, U:10, X:10
[LF] SM478 17JAN: BKG=125, GRP=87, CAP=168, LF%=74.4%, Brd-Off=JED-CAI, Classes: P:87, I:15, O:7, U:7, X:9
[LF] Getting WEEKLY/LASTSOLD data for 3 flights
[LF] SM450 17JAN: LASTSOLD=2025-12-06 00:00:00, WEEKLY=0, TODAY=0, YDAY=0
[LF] SM476 17JAN: LASTSOLD=2025-12-28 00:00:00, WEEKLY=3, TODAY=0, YDAY=3
[LF] SM478 17JAN: LASTSOLD=2025-12-29 00:00:00, WEEKLY=22, TODAY=1, YDAY=18
[LF] Processing JED-CAI for 16JAN
[LF] 16JAN: found 6 direct flights
[LF] SM424 16JAN: BKG=4, GRP=0, CAP=167, LF%=2.4%, Brd-Off=JED-CAI, Classes: I:2, O:1, U:1
[LF] SM476 16JAN: BKG=6, GRP=0, CAP=167, LF%=3.6%, Brd-Off=JED-CAI, Classes: O:2, U:4
[LF] SM478 16JAN: BKG=0, GRP=0, CAP=167, LF%=0.0%, Brd-Off=JED-CAI
[LF] SM480 16JAN: BKG=19, GRP=0, CAP=167, LF%=11.4%, Brd-Off=JED-CAI, Classes: O:7, U:7, G:1, K:4
[LF] SM472 16JAN: BKG=76, GRP=49, CAP=167, LF%=45.5%, Brd-Off=JED-CAI, Classes: E:49, O:16, U:10, X:1
[LF] SM460 16JAN: BKG=50, GRP=42, CAP=167, LF%=29.9%, Brd-Off=JED-CAI, Classes: P:42, O:2, U:5, G:1
[LF] Getting WEEKLY/LASTSOLD data for 5 flights
[LF] SM424 16JAN: LASTSOLD=2025-12-28 00:00:00, WEEKLY=3, TODAY=0, YDAY=2
[LF] SM476 16JAN: LASTSOLD=2025-12-27 00:00:00, WEEKLY=2, TODAY=0, YDAY=0
[LF] SM480 16JAN: LASTSOLD=2025-12-28 00:00:00, WEEKLY=11, TODAY=0, YDAY=1
[LF] SM472 16JAN: LASTSOLD=2025-12-29 00:00:00, WEEKLY=16, TODAY=9, YDAY=4
[LF] SM460 16JAN: LASTSOLD=2025-12-28 00:00:00, WEEKLY=46, TODAY=0, YDAY=45
[LF] Processing JED-CAI for 15JAN
[LF] 15JAN: found 6 direct flights
[LF] SM472 15JAN: BKG=55, GRP=45, CAP=167, LF%=32.9%, Brd-Off=JED-CAI, Classes: P:45, U:9, X:1
[LF] SM450 15JAN: BKG=1, GRP=0, CAP=167, LF%=0.6%, Brd-Off=JED-CAI, Classes: U:1
[LF] SM476 15JAN: BKG=2, GRP=0, CAP=167, LF%=1.2%, Brd-Off=JED-CAI, Classes: I:2
[LF] SM432 15JAN: BKG=0, GRP=0, CAP=164, LF%=0.0%, Brd-Off=JED-CAI
[LF] SM478 15JAN: BKG=108, GRP=94, CAP=167, LF%=64.7%, Brd-Off=JED-CAI, Classes: P:94, I:5, U:9
[LF] SM480 15JAN: BKG=106, GRP=92, CAP=167, LF%=63.5%, Brd-Off=JED-CAI, Classes: P:92, I:5, U:7, S:1, L:1
[LF] Getting WEEKLY/LASTSOLD data for 5 flights
[LF] SM472 15JAN: LASTSOLD=2025-12-15 00:00:00, WEEKLY=0, TODAY=0, YDAY=0
[LF] SM450 15JAN: LASTSOLD=2025-11-03 00:00:00, WEEKLY=0, TODAY=0, YDAY=0
[LF] SM476 15JAN: LASTSOLD=2025-12-28 00:00:00, WEEKLY=2, TODAY=0, YDAY=2
[LF] SM478 15JAN: LASTSOLD=2025-12-29 00:00:00, WEEKLY=5, TODAY=1, YDAY=4
[LF] SM480 15JAN: LASTSOLD=2025-12-28 00:00:00, WEEKLY=10, TODAY=0, YDAY=5
[LF] Processing JED-CAI for 14JAN
[LF] 14JAN: found 4 direct flights
[LF] SM476 14JAN: BKG=58, GRP=47, CAP=167, LF%=34.7%, Brd-Off=JED-CAI, Classes: P:47, I:5, U:6
[LF] SM478 14JAN: BKG=117, GRP=96, CAP=175, LF%=66.9%, Brd-Off=JED-CAI, Classes: P:51, E:45, I:6, U:13, X:2
[LF] SM460 14JAN: BKG=143, GRP=135, CAP=167, LF%=85.6%, Brd-Off=JED-CAI, Classes: P:135, I:2, U:6
[LF] SM424 14JAN: BKG=10, GRP=0, CAP=167, LF%=6.0%, Brd-Off=JED-CAI, Classes: I:6, U:3, G:1
[LF] Getting WEEKLY/LASTSOLD data for 4 flights
[LF] SM476 14JAN: LASTSOLD=2025-12-28 00:00:00, WEEKLY=8, TODAY=0, YDAY=5
[LF] SM478 14JAN: LASTSOLD=2025-12-28 00:00:00, WEEKLY=16, TODAY=0, YDAY=16
[LF] SM460 14JAN: LASTSOLD=2025-12-28 00:00:00, WEEKLY=2, TODAY=0, YDAY=2
[LF] SM424 14JAN: LASTSOLD=2025-12-28 00:00:00, WEEKLY=3, TODAY=0, YDAY=2
[LF] Results summary:
  2026-01-17: 3 flights
  2026-01-16: 6 flights
  2026-01-15: 6 flights
  2026-01-14: 4 flights

============================================================
[Worker_9233] ✓ COMPLETED: JED-CAI
  Results: 4 dates
  Errors: 0 dates
  Total Processed: 1 groups
============================================================


============================================================
[Worker_9233] Processing: JED-ATZ
  Tier 0: Range 1, Chunk 3/3
  Dates: 4 days
  Date Range: 2026-01-01 to 2025-12-29
============================================================

2025-12-29 08:13:41 | INFO     | ======================================================================
2025-12-29 08:13:41 | INFO     | Load Factor Scraper Started - Route: JED-ATZ
2025-12-29 08:13:41 | INFO     | Log file: D:\CODERED\LAB\market_insights\outputs\run_generated_291225_at_08.11\logs\LF_JED-ATZ_20251229_081341.log
2025-12-29 08:13:41 | INFO     | Enhanced logging: Capturing both logging.info() and print()
2025-12-29 08:13:41 | INFO     | ======================================================================
[LF] Processing dates (override): ['01JAN', '31DEC', '30DEC', '29DEC']
[LF] Attaching to Chrome for Altea access
2025-12-29 08:13:41 | INFO     | Starting LF search for route: JED-ATZ
2025-12-29 08:13:41 | INFO     | [START] LF Search
[LF][[OK] SUCCESS] Connected to Chrome on 127.0.0.1:9233 (after 1 attempts)
2025-12-29 08:13:42 | INFO     | [HEALTH CHECK] [OK] Chrome connection is healthy
[LF][[OK] SUCCESS] Found Amadeus Altea window: Altéa Reservation Desktop
[LF][[INFO] INFO] URL: https://tc212.resdesktop.altea.amadeus.com/app_ard/apf/init/login?SITE=ESMPESMP&LANGUAGE=GB&MARKETS=ARDW_PROD_WBP&ACTION=clpLogin
2025-12-29 08:13:42 | INFO     | [DAY_START] Processing 01JAN
[LF] Processing JED-ATZ for 01JAN
2025-12-29 08:13:42 | INFO     | [lf.day.start] Processing JED-ATZ for 01JAN
[LF] 01JAN: found 3 direct flights
2025-12-29 08:13:43 | INFO     | [lf.day.flights_found] Found 3 flights on 01JAN
2025-12-29 08:13:46 | INFO     | [lf.flight.extracted] SM422 on 01JAN: BKG=155, LF=92.8%
[LF] SM422 01JAN: BKG=155, GRP=126, CAP=167, LF%=92.8%, Brd-Off=JED-ATZ, Classes: P:126, I:4, O:2, U:2, X:7, T:5, W:8, S:1
2025-12-29 08:13:49 | INFO     | [lf.flight.extracted] SM454 on 01JAN: BKG=117, LF=70.1%
[LF] SM454 01JAN: BKG=117, GRP=79, CAP=167, LF%=70.1%, Brd-Off=JED-ATZ, Classes: P:80, I:4, O:2, U:2, X:10, T:6, W:8, S:3, K:2
2025-12-29 08:13:54 | INFO     | [lf.flight.extracted] SM456 on 01JAN: BKG=128, LF=76.2%
[LF] SM456 01JAN: BKG=128, GRP=91, CAP=168, LF%=76.2%, Brd-Off=JED-ATZ, Classes: P:91, I:4, O:2, U:3, X:8, T:1, W:13, S:5, K:1
[LF] Getting WEEKLY/LASTSOLD data for 3 flights
[LF] SM422 01JAN: LASTSOLD=2025-12-28 00:00:00, WEEKLY=12, TODAY=0, YDAY=7
[LF] SM454 01JAN: LASTSOLD=2025-12-28 00:00:00, WEEKLY=16, TODAY=0, YDAY=9
[LF] SM456 01JAN: LASTSOLD=2025-12-28 00:00:00, WEEKLY=11, TODAY=0, YDAY=2
2025-12-29 08:14:11 | INFO     | [SUCCESS] Day 01JAN
2025-12-29 08:14:11 | INFO     | [DAY_START] Processing 31DEC
[LF] Processing JED-ATZ for 31DEC
2025-12-29 08:14:11 | INFO     | [lf.day.start] Processing JED-ATZ for 31DEC
[LF] 31DEC: found 2 direct flights
2025-12-29 08:14:12 | INFO     | [lf.day.flights_found] Found 2 flights on 31DEC
2025-12-29 08:14:14 | INFO     | [lf.flight.extracted] SM454 on 31DEC: BKG=168, LF=94.4%
[LF] SM454 31DEC: BKG=168, GRP=147, CAP=178, LF%=94.4%, Brd-Off=JED-ATZ, Classes: P:140, E:7, I:3, O:2, U:3, X:7, T:2, S:4
2025-12-29 08:14:18 | INFO     | [lf.flight.extracted] SM492 on 31DEC: BKG=179, LF=107.2%
[LF] SM492 31DEC: BKG=179, GRP=178, CAP=167, LF%=107.2%, Brd-Off=JED-ATZ, Classes: P:133, E:45, I:1
[LF] Getting WEEKLY/LASTSOLD data for 2 flights
[LF] SM454 31DEC: LASTSOLD=2025-12-23 00:00:00, WEEKLY=4, TODAY=0, YDAY=0
[LF] SM492 31DEC: LASTSOLD=2025-11-10 00:00:00, WEEKLY=0, TODAY=0, YDAY=0
2025-12-29 08:14:28 | INFO     | [SUCCESS] Day 31DEC
2025-12-29 08:14:28 | INFO     | [DAY_START] Processing 30DEC
[LF] Processing JED-ATZ for 30DEC
2025-12-29 08:14:28 | INFO     | [lf.day.start] Processing JED-ATZ for 30DEC
[LF] 30DEC: found 2 direct flights
2025-12-29 08:14:29 | INFO     | [lf.day.flights_found] Found 2 flights on 30DEC
2025-12-29 08:14:31 | INFO     | [lf.flight.extracted] SM454 on 30DEC: BKG=168, LF=100.6%
[LF] SM454 30DEC: BKG=168, GRP=142, CAP=167, LF%=100.6%, Brd-Off=JED-ATZ, Classes: P:97, I:2, O:4, U:48, X:6, T:11
2025-12-29 08:14:34 | INFO     | [lf.flight.extracted] SM456 on 30DEC: BKG=170, LF=95.5%
[LF] SM456 30DEC: BKG=170, GRP=139, CAP=178, LF%=95.5%, Brd-Off=JED-ATZ, Classes: P:137, E:2, I:4, O:1, U:3, X:8, T:3, W:2, S:3, L:7
[LF] Getting WEEKLY/LASTSOLD data for 2 flights
[LF] SM454 30DEC: LASTSOLD=2025-12-22 00:00:00, WEEKLY=3, TODAY=0, YDAY=0
[LF] SM456 30DEC: LASTSOLD=2025-12-27 00:00:00, WEEKLY=7, TODAY=0, YDAY=0
2025-12-29 08:14:45 | INFO     | [SUCCESS] Day 30DEC
[LF] Skipping 29DEC (Today) - will be processed by supplement scan
[LF] Results summary:
  2026-01-01: 3 flights
  2025-12-31: 2 flights
  2025-12-30: 2 flights
2025-12-29 08:14:45 | INFO     | [SUCCESS] LF Search Complete

============================================================
[Worker_9233] ✓ COMPLETED: JED-ATZ
  Results: 3 dates
  Errors: 0 dates
  Total Processed: 2 groups
============================================================

2025-12-29 08:14:47 | INFO     | [Worker_9233] Completed: JED-ATZ - 3 results, 0 errors
[Worker_9233] Waiting for tasks...
