
============================================================
     LF WORKER - PORT 9226
============================================================
Worker: Worker_9226
Status: READY
Waiting for tasks...
============================================================


============================================================
[Worker_9226] Processing: JED-CAI
  Tier 0: Range 2, Chunk 1/3
  Dates: 10 days
  Date Range: 2026-02-28 to 2026-02-19
============================================================

2025-12-30 08:06:14 | INFO     | ======================================================================
2025-12-30 08:06:14 | INFO     | Load Factor Scraper Started - Route: JED-CAI
2025-12-30 08:06:14 | INFO     | Log file: D:\CODERED\LAB\market_insights\outputs\run_generated_301225_at_08.05\logs\LF_JED-CAI_20251230_080614.log
2025-12-30 08:06:14 | INFO     | Enhanced logging: Capturing both logging.info() and print()
2025-12-30 08:06:14 | INFO     | ======================================================================
[LF] Processing dates (override): ['28FEB', '27FEB', '26FEB', '25FEB', '24FEB', '23FEB', '22FEB', '21FEB', '20FEB', '19FEB']
[LF] Attaching to Chrome for Altea access
[LF][[OK] SUCCESS] Connected to Chrome on 127.0.0.1:9226 (after 1 attempts)
[LF][[OK] SUCCESS] Found Amadeus Altea window: Altéa Reservation Desktop
[LF][[INFO] INFO] URL: https://tc212.resdesktop.altea.amadeus.com/app_ard/apf/init/login?SITE=ESMPESMP&LANGUAGE=GB&MARKETS=ARDW_PROD_WBP&ACTION=clpLogin
[LF] Processing JED-CAI for 28FEB
[LF][ERROR] Amadeus command error detected: UNKNOWN TRANSACTION
[LF][ERROR] Command: SN28FEBJEDCAI/ASM
[LF][RESYNC] Triggering immediate resync to last successful SN command
============================================================
[LF][RESYNC] Command 'SN28FEBJEDCAI/ASM' failed: TECH_ERROR:UNKNOWN TRANSACTION
[LF][RESYNC] Re-running entire day from SN command for JED-CAI 28FEB
[LF][RESYNC] Attempt 1/50 (waiting 1.0s before retry...)
============================================================
[LF][RESYNC] Sending IG to clear session state...
[LF][RESYNC] Session cleared with IG
[LF] Processing JED-CAI for 28FEB
[LF] 28FEB: found 3 direct flights
============================================================
[LF][RESYNC] Command 'LL/I/SM450/28FEB' failed: TIMEOUT: No response after 50 attempts
[LF][RESYNC] Re-running entire day from SN command for JED-CAI 28FEB
[LF][RESYNC] Attempt 2/50 (waiting 1.0s before retry...)
============================================================
[LF][RESYNC] Sending IG to clear session state...
[LF][RESYNC] Session cleared with IG
[LF] Processing JED-CAI for 28FEB
[LF] 28FEB: found 3 direct flights
[LF][RETRY] Error processing 2026-02-28: ('Connection aborted.', ConnectionResetError(10054, 'An existing connection was forcibly closed by the remote host', None, 10054, None))
[LF][INFO] Program will keep trying until successful...
