
============================================================
     LF WORKER - PORT 9225
============================================================
Worker: Worker_9225
Status: READY
Waiting for tasks...
============================================================


============================================================
[Worker_9225] Processing: JED-HBE
  Tier 0: Range 1, Chunk 1/3
  Dates: 10 days
  Date Range: 2026-01-31 to 2026-01-22
============================================================

2026-01-04 07:16:15 | INFO     | ======================================================================
2026-01-04 07:16:15 | INFO     | Load Factor Scraper Started - Route: JED-HBE
2026-01-04 07:16:15 | INFO     | Log file: D:\CODERED\LAB\market_insights\outputs\run_generated_040126_at_07.15\logs\LF_JED-HBE_20260104_071615.log
2026-01-04 07:16:15 | INFO     | Enhanced logging: Capturing both logging.info() and print()
2026-01-04 07:16:15 | INFO     | ======================================================================
[LF] Processing dates (override): ['31JAN', '30JAN', '29JAN', '28JAN', '27JAN', '26JAN', '25JAN', '24JAN', '23JAN', '22JAN']
[LF] Attaching to Chrome for Altea access
[LF][[OK] SUCCESS] Connected to Chrome on 127.0.0.1:9225 (after 1 attempts)
[LF][[OK] SUCCESS] Found Amadeus Altea window: Altéa Reservation Desktop
[LF][[INFO] INFO] URL: https://tc212.resdesktop.altea.amadeus.com/app_ard/apf/init/login?SITE=ESMPESMP&LANGUAGE=GB&MARKETS=ARDW_PROD_WBP&ACTION=clpLogin
[LF] Processing JED-HBE for 31JAN
[LF][ERROR] Amadeus command error detected: UNKNOWN TRANSACTION
[LF][ERROR] Command: SN31JANJEDHBE/ASM
[LF][RESYNC] Triggering immediate resync to last successful SN command
============================================================
[LF][RESYNC] Command 'SN31JANJEDHBE/ASM' failed: TECH_ERROR:UNKNOWN TRANSACTION
[LF][RESYNC] Re-running entire day from SN command for JED-HBE 31JAN
[LF][RESYNC] Attempt 1/50 (waiting 1.0s before retry...)
============================================================
[LF][RESYNC] Sending IG to clear session state...
[LF][RESYNC] Session cleared with IG
[LF] Processing JED-HBE for 31JAN
[LF] 31JAN: found 2 direct flights
[LF] SM458 31JAN: BKG=168, GRP=134, CAP=175, LF%=96.0%, Brd-Off=JED-HBE, Classes: P:134, I:17, O:14, X:3
[LF] SM452 31JAN: BKG=171, GRP=132, CAP=175, LF%=97.7%, Brd-Off=JED-HBE, Classes: P:132, I:17, O:9, X:11, K:2
[LF] Getting WEEKLY/LASTSOLD data for 2 flights
[LF] SM458 31JAN: LASTSOLD=2026-01-02 00:00:00, WEEKLY=13, TODAY=0, YDAY=0
[LF] SM452 31JAN: LASTSOLD=2025-12-31 00:00:00, WEEKLY=7, TODAY=0, YDAY=0
[LF] Processing JED-HBE for 30JAN
[LF] 30JAN: found 1 direct flights
[LF] SM452 30JAN: BKG=61, GRP=0, CAP=175, LF%=34.9%, Brd-Off=JED-HBE, Classes: I:17, O:17, U:7, X:16, T:1, S:3
[LF] Getting WEEKLY/LASTSOLD data for 1 flights
[LF] SM452 30JAN: LASTSOLD=2026-01-03 00:00:00, WEEKLY=15, TODAY=0, YDAY=1
[LF] Processing JED-HBE for 29JAN
[LF] 29JAN: found 1 direct flights
[LF] SM452 29JAN: BKG=116, GRP=93, CAP=175, LF%=66.3%, Brd-Off=JED-HBE, Classes: P:93, I:14, O:5, X:3, K:1
[LF] Getting WEEKLY/LASTSOLD data for 1 flights
[LF] SM452 29JAN: LASTSOLD=2025-12-29 00:00:00, WEEKLY=7, TODAY=0, YDAY=0
[LF] Processing JED-HBE for 28JAN
[LF] 28JAN: found 3 direct flights
[LF] SM452 28JAN: BKG=135, GRP=130, CAP=175, LF%=77.1%, Brd-Off=JED-HBE, Classes: P:130, I:5
[LF] SM474 28JAN: BKG=168, GRP=137, CAP=175, LF%=96.0%, Brd-Off=JED-HBE, Classes: P:137, I:17, X:14
[LF] SM458 28JAN: BKG=171, GRP=170, CAP=175, LF%=97.7%, Brd-Off=JED-HBE, Classes: P:170, X:1
[LF] Getting WEEKLY/LASTSOLD data for 3 flights
[LF] SM452 28JAN: LASTSOLD=2026-01-03 00:00:00, WEEKLY=5, TODAY=0, YDAY=2
[LF] SM474 28JAN: LASTSOLD=2026-01-03 00:00:00, WEEKLY=8, TODAY=0, YDAY=1
[LF] SM458 28JAN: LASTSOLD=2025-11-21 00:00:00, WEEKLY=0, TODAY=0, YDAY=0
[LF] Processing JED-HBE for 27JAN
[LF] 27JAN: found 2 direct flights
[LF] SM958 27JAN: BKG=9, GRP=0, CAP=167, LF%=5.4%, Brd-Off=JED-HBE, Classes: I:9
[LF] SM452 27JAN: BKG=160, GRP=130, CAP=175, LF%=91.4%, Brd-Off=JED-HBE, Classes: P:130, I:17, O:6, X:5, T:1, K:1
[LF] Getting WEEKLY/LASTSOLD data for 2 flights
[LF] SM958 27JAN: LASTSOLD=2026-01-03 00:00:00, WEEKLY=8, TODAY=0, YDAY=2
[LF] SM452 27JAN: LASTSOLD=2026-01-03 00:00:00, WEEKLY=18, TODAY=0, YDAY=7
[LF] Processing JED-HBE for 26JAN
[LF] 26JAN: found 5 direct flights
[LF] SM952 26JAN: BKG=45, GRP=45, CAP=167, LF%=27.0%, Brd-Off=JED-HBE, Classes: E:45
[LF] SM954 26JAN: BKG=2, GRP=0, CAP=165, LF%=1.2%, Brd-Off=JED-HBE, Classes: I:2
[LF] SM458 26JAN: BKG=130, GRP=125, CAP=175, LF%=74.3%, Brd-Off=JED-HBE, Classes: P:125, I:5
[LF] SM452 26JAN: BKG=110, GRP=90, CAP=172, LF%=63.9%, Brd-Off=JED-HBE, Classes: P:90, I:11, X:6, K:3
[LF] SM956 26JAN: BKG=83, GRP=80, CAP=167, LF%=49.7%, Brd-Off=JED-HBE, Classes: P:80, I:3
[LF] Getting WEEKLY/LASTSOLD data for 5 flights
[LF] SM952 26JAN: LASTSOLD=2025-12-04 00:00:00, WEEKLY=0, TODAY=0, YDAY=0
[LF] SM954 26JAN: LASTSOLD=2025-12-17 00:00:00, WEEKLY=0, TODAY=0, YDAY=0
[LF] SM458 26JAN: LASTSOLD=2026-01-03 00:00:00, WEEKLY=4, TODAY=0, YDAY=1
[LF] SM452 26JAN: LASTSOLD=2026-01-03 00:00:00, WEEKLY=6, TODAY=0, YDAY=4
[LF] SM956 26JAN: LASTSOLD=2026-01-02 00:00:00, WEEKLY=3, TODAY=0, YDAY=0
[LF] Processing JED-HBE for 25JAN
[LF] 25JAN: found 2 direct flights
[LF] SM458 25JAN: BKG=155, GRP=139, CAP=175, LF%=88.6%, Brd-Off=JED-HBE, Classes: N:1, P:139, I:9, X:2, W:1, K:3
[LF] SM452 25JAN: BKG=159, GRP=125, CAP=172, LF%=92.4%, Brd-Off=JED-HBE, Classes: P:125, I:17, O:10, U:1, X:4, K:2
[LF] Getting WEEKLY/LASTSOLD data for 2 flights
[LF] SM458 25JAN: LASTSOLD=2026-01-03 00:00:00, WEEKLY=8, TODAY=0, YDAY=1
[LF] SM452 25JAN: LASTSOLD=2026-01-03 00:00:00, WEEKLY=18, TODAY=0, YDAY=7
[LF] Processing JED-HBE for 24JAN
[LF] 24JAN: found 2 direct flights
[LF] SM458 24JAN: BKG=171, GRP=170, CAP=172, LF%=99.4%, Brd-Off=JED-HBE, Classes: P:170, X:1
[LF] SM452 24JAN: BKG=167, GRP=135, CAP=172, LF%=97.1%, Brd-Off=JED-HBE, Classes: P:135, I:17, O:5, U:2, X:6, S:2
[LF] Getting WEEKLY/LASTSOLD data for 2 flights
[LF] SM458 24JAN: LASTSOLD=2025-12-03 00:00:00, WEEKLY=0, TODAY=0, YDAY=0
[LF] SM452 24JAN: LASTSOLD=2026-01-03 00:00:00, WEEKLY=9, TODAY=0, YDAY=3
[LF] Processing JED-HBE for 23JAN
[LF] 23JAN: found 1 direct flights
[LF] SM452 23JAN: BKG=40, GRP=0, CAP=165, LF%=24.2%, Brd-Off=JED-HBE, Classes: I:17, O:10, X:11, S:1, K:1
[LF] Getting WEEKLY/LASTSOLD data for 1 flights
[LF] SM452 23JAN: LASTSOLD=2026-01-03 00:00:00, WEEKLY=9, TODAY=0, YDAY=4
[LF] Processing JED-HBE for 22JAN
[LF] 22JAN: found 1 direct flights
[LF] SM452 22JAN: BKG=144, GRP=131, CAP=172, LF%=83.7%, Brd-Off=JED-HBE, Classes: P:131, I:8, X:3, K:2
[LF] Getting WEEKLY/LASTSOLD data for 1 flights
[LF] SM452 22JAN: LASTSOLD=2026-01-03 00:00:00, WEEKLY=5, TODAY=0, YDAY=2
[LF] Results summary:
  2026-01-31: 2 flights
  2026-01-30: 1 flights
  2026-01-29: 1 flights
  2026-01-28: 3 flights
  2026-01-27: 2 flights
  2026-01-26: 5 flights
  2026-01-25: 2 flights
  2026-01-24: 2 flights
  2026-01-23: 1 flights
  2026-01-22: 1 flights

============================================================
[Worker_9225] ✓ COMPLETED: JED-HBE
  Results: 10 dates
  Errors: 0 dates
  Total Processed: 1 groups
============================================================


============================================================
[Worker_9225] Processing: CAI-TUU
  Tier 0: Range 1, Chunk 3/3
  Dates: 9 days
  Date Range: 2026-01-12 to 2026-01-04
============================================================

2026-01-04 07:18:38 | INFO     | ======================================================================
2026-01-04 07:18:38 | INFO     | Load Factor Scraper Started - Route: CAI-TUU
2026-01-04 07:18:38 | INFO     | Log file: D:\CODERED\LAB\market_insights\outputs\run_generated_040126_at_07.15\logs\LF_CAI-TUU_20260104_071838.log
2026-01-04 07:18:38 | INFO     | Enhanced logging: Capturing both logging.info() and print()
2026-01-04 07:18:38 | INFO     | ======================================================================
[LF] Processing dates (override): ['12JAN', '11JAN', '10JAN', '09JAN', '08JAN', '07JAN', '06JAN', '05JAN', '04JAN']
[LF] Attaching to Chrome for Altea access
2026-01-04 07:18:38 | INFO     | Starting LF search for route: CAI-TUU
2026-01-04 07:18:38 | INFO     | [START] LF Search
[LF][[OK] SUCCESS] Connected to Chrome on 127.0.0.1:9225 (after 1 attempts)
2026-01-04 07:18:39 | INFO     | [HEALTH CHECK] [OK] Chrome connection is healthy
[LF][[OK] SUCCESS] Found Amadeus Altea window: Altéa Reservation Desktop
[LF][[INFO] INFO] URL: https://tc212.resdesktop.altea.amadeus.com/app_ard/apf/init/login?SITE=ESMPESMP&LANGUAGE=GB&MARKETS=ARDW_PROD_WBP&ACTION=clpLogin
2026-01-04 07:18:39 | INFO     | [DAY_START] Processing 12JAN
[LF] Processing CAI-TUU for 12JAN
2026-01-04 07:18:39 | INFO     | [lf.day.start] Processing CAI-TUU for 12JAN
[LF] No direct flights on 12JAN for CAI-TUU
2026-01-04 07:18:40 | WARNING  | [lf.day.no_flights] No direct flights on 12JAN
2026-01-04 07:18:40 | INFO     | [SUCCESS] Day 12JAN
2026-01-04 07:18:40 | INFO     | [DAY_START] Processing 11JAN
[LF] Processing CAI-TUU for 11JAN
2026-01-04 07:18:40 | INFO     | [lf.day.start] Processing CAI-TUU for 11JAN
[LF] No direct flights on 11JAN for CAI-TUU
2026-01-04 07:18:42 | WARNING  | [lf.day.no_flights] No direct flights on 11JAN
2026-01-04 07:18:42 | INFO     | [SUCCESS] Day 11JAN
2026-01-04 07:18:42 | INFO     | [DAY_START] Processing 10JAN
[LF] Processing CAI-TUU for 10JAN
2026-01-04 07:18:42 | INFO     | [lf.day.start] Processing CAI-TUU for 10JAN
[LF] 10JAN: found 1 direct flights
2026-01-04 07:18:43 | INFO     | [lf.day.flights_found] Found 1 flights on 10JAN
2026-01-04 07:18:45 | INFO     | [lf.flight.extracted] SM325 on 10JAN: BKG=60, LF=33.5%
[LF] SM325 10JAN: BKG=60, GRP=0, CAP=179, LF%=33.5%, Brd-Off=CAI-TUU, Classes: I:27, O:31, U:2
[LF] Getting WEEKLY/LASTSOLD data for 1 flights
[LF] SM325 10JAN: LASTSOLD=2026-01-03 00:00:00, WEEKLY=24, TODAY=0, YDAY=3
2026-01-04 07:18:51 | INFO     | [SUCCESS] Day 10JAN
2026-01-04 07:18:51 | INFO     | [DAY_START] Processing 09JAN
[LF] Processing CAI-TUU for 09JAN
2026-01-04 07:18:51 | INFO     | [lf.day.start] Processing CAI-TUU for 09JAN
[LF] No direct flights on 09JAN for CAI-TUU
2026-01-04 07:18:52 | WARNING  | [lf.day.no_flights] No direct flights on 09JAN
2026-01-04 07:18:52 | INFO     | [SUCCESS] Day 09JAN
2026-01-04 07:18:52 | INFO     | [DAY_START] Processing 08JAN
[LF] Processing CAI-TUU for 08JAN
2026-01-04 07:18:52 | INFO     | [lf.day.start] Processing CAI-TUU for 08JAN
[LF] 08JAN: found 1 direct flights
2026-01-04 07:18:53 | INFO     | [lf.day.flights_found] Found 1 flights on 08JAN
2026-01-04 07:18:56 | INFO     | [lf.flight.extracted] SM325 on 08JAN: BKG=48, LF=26.8%
[LF] SM325 08JAN: BKG=48, GRP=0, CAP=179, LF%=26.8%, Brd-Off=CAI-TUU, Classes: I:45, O:3
[LF] Getting WEEKLY/LASTSOLD data for 1 flights
[LF] SM325 08JAN: LASTSOLD=2026-01-04 00:00:00, WEEKLY=28, TODAY=1, YDAY=4
2026-01-04 07:19:00 | INFO     | [SUCCESS] Day 08JAN
2026-01-04 07:19:00 | INFO     | [DAY_START] Processing 07JAN
[LF] Processing CAI-TUU for 07JAN
2026-01-04 07:19:00 | INFO     | [lf.day.start] Processing CAI-TUU for 07JAN
[LF] 07JAN: found 1 direct flights
2026-01-04 07:19:01 | INFO     | [lf.day.flights_found] Found 1 flights on 07JAN
2026-01-04 07:19:03 | INFO     | [lf.flight.extracted] SM325 on 07JAN: BKG=63, LF=35.2%
[LF] SM325 07JAN: BKG=63, GRP=0, CAP=179, LF%=35.2%, Brd-Off=CAI-TUU, Classes: I:45, O:15, U:1, T:2
[LF] Getting WEEKLY/LASTSOLD data for 1 flights
[LF] SM325 07JAN: LASTSOLD=2026-01-03 00:00:00, WEEKLY=47, TODAY=0, YDAY=2
2026-01-04 07:19:07 | INFO     | [SUCCESS] Day 07JAN
2026-01-04 07:19:07 | INFO     | [DAY_START] Processing 06JAN
[LF] Processing CAI-TUU for 06JAN
2026-01-04 07:19:07 | INFO     | [lf.day.start] Processing CAI-TUU for 06JAN
[LF] No direct flights on 06JAN for CAI-TUU
2026-01-04 07:19:08 | WARNING  | [lf.day.no_flights] No direct flights on 06JAN
2026-01-04 07:19:08 | INFO     | [SUCCESS] Day 06JAN
2026-01-04 07:19:08 | INFO     | [DAY_START] Processing 05JAN
[LF] Processing CAI-TUU for 05JAN
2026-01-04 07:19:08 | INFO     | [lf.day.start] Processing CAI-TUU for 05JAN
[LF] No direct flights on 05JAN for CAI-TUU
2026-01-04 07:19:09 | WARNING  | [lf.day.no_flights] No direct flights on 05JAN
2026-01-04 07:19:09 | INFO     | [SUCCESS] Day 05JAN
[LF] Skipping 04JAN (Today) - will be processed by supplement scan
[LF] Results summary:
  2026-01-12: 0 flights
  2026-01-11: 0 flights
  2026-01-10: 1 flights
  2026-01-09: 0 flights
  2026-01-08: 1 flights
  2026-01-07: 1 flights
  2026-01-06: 0 flights
  2026-01-05: 0 flights
2026-01-04 07:19:09 | INFO     | [SUCCESS] LF Search Complete

============================================================
[Worker_9225] ✓ COMPLETED: CAI-TUU
  Results: 8 dates
  Errors: 0 dates
  Total Processed: 2 groups
============================================================

2026-01-04 07:19:11 | INFO     | [Worker_9225] Completed: CAI-TUU - 8 results, 0 errors
[Worker_9225] Waiting for tasks...

============================================================
[Worker_9225] Shutdown signal received
Exiting...
============================================================
2026-01-04 07:25:27 | INFO     | [Worker_9225] Shutdown signal received, exiting...

============================================================
[Worker_9225] FINISHED
  Total Groups Processed: 2
============================================================

2026-01-04 07:25:27 | INFO     | [Worker_9225] Finished. Processed 2 groups.
