
============================================================
     LF WORKER - PORT 9232
============================================================
Worker: Worker_9232
Status: READY
Waiting for tasks...
============================================================


============================================================
[Worker_9232] Processing: MED-HBE
  Tier 0: Range 1, Chunk 1/3
  Dates: 10 days
  Date Range: 2026-01-31 to 2026-01-22
============================================================

2026-01-04 07:16:15 | INFO     | ======================================================================
2026-01-04 07:16:15 | INFO     | Load Factor Scraper Started - Route: MED-HBE
2026-01-04 07:16:15 | INFO     | Log file: D:\CODERED\LAB\market_insights\outputs\run_generated_040126_at_07.15\logs\LF_MED-HBE_20260104_071615.log
2026-01-04 07:16:15 | INFO     | Enhanced logging: Capturing both logging.info() and print()
2026-01-04 07:16:15 | INFO     | ======================================================================
[LF] Processing dates (override): ['31JAN', '30JAN', '29JAN', '28JAN', '27JAN', '26JAN', '25JAN', '24JAN', '23JAN', '22JAN']
[LF] Attaching to Chrome for Altea access
[LF][[OK] SUCCESS] Connected to Chrome on 127.0.0.1:9232 (after 1 attempts)
[LF][[OK] SUCCESS] Found Amadeus Altea window: Altéa Reservation Desktop
[LF][[INFO] INFO] URL: https://tc212.resdesktop.altea.amadeus.com/app_ard/apf/init/login?SITE=ESMPESMP&LANGUAGE=GB&MARKETS=ARDW_PROD_WBP&ACTION=clpLogin
[LF] Processing MED-HBE for 31JAN
[LF][ERROR] Amadeus command error detected: UNKNOWN TRANSACTION
[LF][ERROR] Command: SN31JANMEDHBE/ASM
[LF][RESYNC] Triggering immediate resync to last successful SN command
============================================================
[LF][RESYNC] Command 'SN31JANMEDHBE/ASM' failed: TECH_ERROR:UNKNOWN TRANSACTION
[LF][RESYNC] Re-running entire day from SN command for MED-HBE 31JAN
[LF][RESYNC] Attempt 1/50 (waiting 1.0s before retry...)
============================================================
[LF][RESYNC] Sending IG to clear session state...
[LF][RESYNC] Session cleared with IG
[LF] Processing MED-HBE for 31JAN
[LF] No direct flights on 31JAN for MED-HBE
[LF] Processing MED-HBE for 30JAN
[LF] No direct flights on 30JAN for MED-HBE
[LF] Processing MED-HBE for 29JAN
[LF] 29JAN: found 1 direct flights
[LF] SM486 29JAN: BKG=169, GRP=140, CAP=175, LF%=96.6%, Brd-Off=MED-HBE, Classes: P:140, I:8, O:14, U:3, K:4
[LF] Getting WEEKLY/LASTSOLD data for 1 flights
[LF] SM486 29JAN: LASTSOLD=2025-12-30 00:00:00, WEEKLY=3, TODAY=0, YDAY=0
[LF] Processing MED-HBE for 28JAN
[LF] 28JAN: found 1 direct flights
[LF] SM486 28JAN: BKG=168, GRP=135, CAP=175, LF%=96.0%, Brd-Off=MED-HBE, Classes: P:137, I:17, O:11, K:3
[LF] Getting WEEKLY/LASTSOLD data for 1 flights
[LF] SM486 28JAN: LASTSOLD=2025-12-30 00:00:00, WEEKLY=11, TODAY=0, YDAY=0
[LF] Processing MED-HBE for 27JAN
[LF] 27JAN: found 1 direct flights
[LF] SM486 27JAN: BKG=169, GRP=150, CAP=175, LF%=96.6%, Brd-Off=MED-HBE, Classes: P:150, I:3, O:16
[LF] Getting WEEKLY/LASTSOLD data for 1 flights
[LF] SM486 27JAN: LASTSOLD=2025-12-29 00:00:00, WEEKLY=2, TODAY=0, YDAY=0
[LF] Processing MED-HBE for 26JAN
[LF] No direct flights on 26JAN for MED-HBE
[LF] Processing MED-HBE for 25JAN
[LF] 25JAN: found 1 direct flights
[LF] SM486 25JAN: BKG=168, GRP=135, CAP=172, LF%=97.7%, Brd-Off=MED-HBE, Classes: P:135, I:16, O:13, S:1, K:3
[LF] Getting WEEKLY/LASTSOLD data for 1 flights
[LF] SM486 25JAN: LASTSOLD=2026-01-01 00:00:00, WEEKLY=1, TODAY=0, YDAY=0
[LF] Processing MED-HBE for 24JAN
[LF] No direct flights on 24JAN for MED-HBE
[LF] Processing MED-HBE for 23JAN
[LF] No direct flights on 23JAN for MED-HBE
[LF] Processing MED-HBE for 22JAN
[LF] 22JAN: found 1 direct flights
[LF] SM486 22JAN: BKG=163, GRP=130, CAP=172, LF%=94.8%, Brd-Off=MED-HBE, Classes: P:130, I:17, O:15, S:1
[LF] Getting WEEKLY/LASTSOLD data for 1 flights
[LF] SM486 22JAN: LASTSOLD=2026-01-03 00:00:00, WEEKLY=16, TODAY=0, YDAY=1
[LF] Results summary:
  2026-01-31: 0 flights
  2026-01-30: 0 flights
  2026-01-29: 1 flights
  2026-01-28: 1 flights
  2026-01-27: 1 flights
  2026-01-26: 0 flights
  2026-01-25: 1 flights
  2026-01-24: 0 flights
  2026-01-23: 0 flights
  2026-01-22: 1 flights

============================================================
[Worker_9232] ✓ COMPLETED: MED-HBE
  Results: 10 dates
  Errors: 0 dates
  Total Processed: 1 groups
============================================================


============================================================
[Worker_9232] Processing: CAI-MED
  Tier 0: Range 1, Chunk 2/3
  Dates: 9 days
  Date Range: 2026-01-21 to 2026-01-13
============================================================

2026-01-04 07:17:08 | INFO     | ======================================================================
2026-01-04 07:17:08 | INFO     | Load Factor Scraper Started - Route: CAI-MED
2026-01-04 07:17:08 | INFO     | Log file: D:\CODERED\LAB\market_insights\outputs\run_generated_040126_at_07.15\logs\LF_CAI-MED_20260104_071708.log
2026-01-04 07:17:08 | INFO     | Enhanced logging: Capturing both logging.info() and print()
2026-01-04 07:17:08 | INFO     | ======================================================================
[LF] Processing dates (override): ['21JAN', '20JAN', '19JAN', '18JAN', '17JAN', '16JAN', '15JAN', '14JAN', '13JAN']
[LF] Attaching to Chrome for Altea access
2026-01-04 07:17:08 | INFO     | Starting LF search for route: CAI-MED
2026-01-04 07:17:08 | INFO     | [START] LF Search
[LF][[OK] SUCCESS] Connected to Chrome on 127.0.0.1:9232 (after 1 attempts)
2026-01-04 07:17:09 | INFO     | [HEALTH CHECK] [OK] Chrome connection is healthy
[LF][[OK] SUCCESS] Found Amadeus Altea window: Altéa Reservation Desktop
[LF][[INFO] INFO] URL: https://tc212.resdesktop.altea.amadeus.com/app_ard/apf/init/login?SITE=ESMPESMP&LANGUAGE=GB&MARKETS=ARDW_PROD_WBP&ACTION=clpLogin
2026-01-04 07:17:09 | INFO     | [DAY_START] Processing 21JAN
[LF] Processing CAI-MED for 21JAN
2026-01-04 07:17:09 | INFO     | [lf.day.start] Processing CAI-MED for 21JAN
[LF] No direct flights on 21JAN for CAI-MED
2026-01-04 07:17:10 | WARNING  | [lf.day.no_flights] No direct flights on 21JAN
2026-01-04 07:17:11 | INFO     | [SUCCESS] Day 21JAN
2026-01-04 07:17:11 | INFO     | [DAY_START] Processing 20JAN
[LF] Processing CAI-MED for 20JAN
2026-01-04 07:17:11 | INFO     | [lf.day.start] Processing CAI-MED for 20JAN
[LF] 20JAN: found 1 direct flights
2026-01-04 07:17:11 | INFO     | [lf.day.flights_found] Found 1 flights on 20JAN
2026-01-04 07:17:13 | INFO     | [lf.flight.extracted] SM493 on 20JAN: BKG=177, LF=98.9%
[LF] SM493 20JAN: BKG=177, GRP=160, CAP=179, LF%=98.9%, Brd-Off=CAI-MED, Classes: P:135, E:25, T:10, W:7
[LF] Getting WEEKLY/LASTSOLD data for 1 flights
[LF] SM493 20JAN: LASTSOLD=2025-12-31 00:00:00, WEEKLY=5, TODAY=0, YDAY=0
2026-01-04 07:17:16 | INFO     | [SUCCESS] Day 20JAN
2026-01-04 07:17:16 | INFO     | [DAY_START] Processing 19JAN
[LF] Processing CAI-MED for 19JAN
2026-01-04 07:17:16 | INFO     | [lf.day.start] Processing CAI-MED for 19JAN
[LF] 19JAN: found 1 direct flights
2026-01-04 07:17:17 | INFO     | [lf.day.flights_found] Found 1 flights on 19JAN
2026-01-04 07:17:19 | INFO     | [lf.flight.extracted] SM495 on 19JAN: BKG=178, LF=99.4%
[LF] SM495 19JAN: BKG=178, GRP=175, CAP=179, LF%=99.4%, Brd-Off=CAI-MED, Classes: P:90, E:85, T:2, K:1
[LF] Getting WEEKLY/LASTSOLD data for 1 flights
[LF] SM495 19JAN: LASTSOLD=2025-12-31 00:00:00, WEEKLY=1, TODAY=0, YDAY=0
2026-01-04 07:17:22 | INFO     | [SUCCESS] Day 19JAN
2026-01-04 07:17:22 | INFO     | [DAY_START] Processing 18JAN
[LF] Processing CAI-MED for 18JAN
2026-01-04 07:17:22 | INFO     | [lf.day.start] Processing CAI-MED for 18JAN
[LF] 18JAN: found 1 direct flights
2026-01-04 07:17:23 | INFO     | [lf.day.flights_found] Found 1 flights on 18JAN
2026-01-04 07:17:24 | INFO     | [lf.flight.extracted] SM493 on 18JAN: BKG=175, LF=97.8%
[LF] SM493 18JAN: BKG=175, GRP=155, CAP=179, LF%=97.8%, Brd-Off=CAI-MED, Classes: N:2, P:90, E:65, T:10, W:8
[LF] Getting WEEKLY/LASTSOLD data for 1 flights
[LF] SM493 18JAN: LASTSOLD=2025-12-29 00:00:00, WEEKLY=2, TODAY=0, YDAY=0
2026-01-04 07:17:28 | INFO     | [SUCCESS] Day 18JAN
2026-01-04 07:17:28 | INFO     | [DAY_START] Processing 17JAN
[LF] Processing CAI-MED for 17JAN
2026-01-04 07:17:28 | INFO     | [lf.day.start] Processing CAI-MED for 17JAN
[LF] 17JAN: found 1 direct flights
2026-01-04 07:17:29 | INFO     | [lf.day.flights_found] Found 1 flights on 17JAN
2026-01-04 07:17:31 | INFO     | [lf.flight.extracted] SM493 on 17JAN: BKG=166, LF=92.2%
[LF] SM493 17JAN: BKG=166, GRP=135, CAP=180, LF%=92.2%, Brd-Off=CAI-MED, Classes: P:135, T:10, W:15, S:6
[LF] Getting WEEKLY/LASTSOLD data for 1 flights
[LF] SM493 17JAN: LASTSOLD=2026-01-03 00:00:00, WEEKLY=17, TODAY=0, YDAY=2
2026-01-04 07:17:34 | INFO     | [SUCCESS] Day 17JAN
2026-01-04 07:17:34 | INFO     | [DAY_START] Processing 16JAN
[LF] Processing CAI-MED for 16JAN
2026-01-04 07:17:34 | INFO     | [lf.day.start] Processing CAI-MED for 16JAN
[LF] No direct flights on 16JAN for CAI-MED
2026-01-04 07:17:35 | WARNING  | [lf.day.no_flights] No direct flights on 16JAN
2026-01-04 07:17:35 | INFO     | [SUCCESS] Day 16JAN
2026-01-04 07:17:35 | INFO     | [DAY_START] Processing 15JAN
[LF] Processing CAI-MED for 15JAN
2026-01-04 07:17:35 | INFO     | [lf.day.start] Processing CAI-MED for 15JAN
[LF] 15JAN: found 1 direct flights
2026-01-04 07:17:36 | INFO     | [lf.day.flights_found] Found 1 flights on 15JAN
2026-01-04 07:17:38 | INFO     | [lf.flight.extracted] SM493 on 15JAN: BKG=179, LF=100.0%
[LF] SM493 15JAN: BKG=179, GRP=135, CAP=179, LF%=100.0%, Brd-Off=CAI-MED, Classes: N:3, P:135, T:10, W:15, S:6, G:8, K:2
[LF] Getting WEEKLY/LASTSOLD data for 1 flights
[LF] SM493 15JAN: LASTSOLD=2025-12-29 00:00:00, WEEKLY=10, TODAY=0, YDAY=0
2026-01-04 07:17:42 | INFO     | [SUCCESS] Day 15JAN
2026-01-04 07:17:42 | INFO     | [DAY_START] Processing 14JAN
[LF] Processing CAI-MED for 14JAN
2026-01-04 07:17:42 | INFO     | [lf.day.start] Processing CAI-MED for 14JAN
[LF] No direct flights on 14JAN for CAI-MED
2026-01-04 07:17:43 | WARNING  | [lf.day.no_flights] No direct flights on 14JAN
2026-01-04 07:17:43 | INFO     | [SUCCESS] Day 14JAN
2026-01-04 07:17:43 | INFO     | [DAY_START] Processing 13JAN
[LF] Processing CAI-MED for 13JAN
2026-01-04 07:17:43 | INFO     | [lf.day.start] Processing CAI-MED for 13JAN
[LF] 13JAN: found 1 direct flights
2026-01-04 07:17:44 | INFO     | [lf.day.flights_found] Found 1 flights on 13JAN
2026-01-04 07:17:46 | INFO     | [lf.flight.extracted] SM493 on 13JAN: BKG=109, LF=60.9%
[LF] SM493 13JAN: BKG=109, GRP=93, CAP=179, LF%=60.9%, Brd-Off=CAI-MED, Classes: P:93, I:1, T:14, W:1
[LF] Getting WEEKLY/LASTSOLD data for 1 flights
[LF] SM493 13JAN: LASTSOLD=2026-01-03 00:00:00, WEEKLY=49, TODAY=0, YDAY=39
2026-01-04 07:17:51 | INFO     | [SUCCESS] Day 13JAN
[LF] Results summary:
  2026-01-21: 0 flights
  2026-01-20: 1 flights
  2026-01-19: 1 flights
  2026-01-18: 1 flights
  2026-01-17: 1 flights
  2026-01-16: 0 flights
  2026-01-15: 1 flights
  2026-01-14: 0 flights
  2026-01-13: 1 flights
2026-01-04 07:17:51 | INFO     | [SUCCESS] LF Search Complete

============================================================
[Worker_9232] ✓ COMPLETED: CAI-MED
  Results: 9 dates
  Errors: 0 dates
  Total Processed: 2 groups
============================================================

2026-01-04 07:17:53 | INFO     | [Worker_9232] Completed: CAI-MED - 9 results, 0 errors

============================================================
[Worker_9232] Processing: JED-CAI
  Tier 0: Range 1, Chunk 3/3
  Dates: 9 days
  Date Range: 2026-01-12 to 2026-01-04
============================================================

2026-01-04 07:17:53 | INFO     | [Worker_9232] Processing: JED-CAI
2026-01-04 07:17:53 | INFO     |   Tier 0: Range 1, Chunk 3/3 (9 days)
2026-01-04 07:17:53 | INFO     | ======================================================================
2026-01-04 07:17:53 | INFO     | Load Factor Scraper Started - Route: JED-CAI
2026-01-04 07:17:53 | INFO     | Log file: D:\CODERED\LAB\market_insights\outputs\run_generated_040126_at_07.15\logs\LF_JED-CAI_20260104_071753.log
2026-01-04 07:17:53 | INFO     | Enhanced logging: Capturing both logging.info() and print()
2026-01-04 07:17:53 | INFO     | ======================================================================
[LF] Processing dates (override): ['12JAN', '11JAN', '10JAN', '09JAN', '08JAN', '07JAN', '06JAN', '05JAN', '04JAN']
[LF] Attaching to Chrome for Altea access
2026-01-04 07:17:53 | INFO     | Starting LF search for route: JED-CAI
2026-01-04 07:17:53 | INFO     | [START] LF Search
[LF][[OK] SUCCESS] Connected to Chrome on 127.0.0.1:9232 (after 1 attempts)
2026-01-04 07:17:54 | INFO     | [HEALTH CHECK] [OK] Chrome connection is healthy
[LF][[OK] SUCCESS] Found Amadeus Altea window: Altéa Reservation Desktop
[LF][[INFO] INFO] URL: https://tc212.resdesktop.altea.amadeus.com/app_ard/apf/init/login?SITE=ESMPESMP&LANGUAGE=GB&MARKETS=ARDW_PROD_WBP&ACTION=clpLogin
2026-01-04 07:17:54 | INFO     | [DAY_START] Processing 12JAN
[LF] Processing JED-CAI for 12JAN
2026-01-04 07:17:54 | INFO     | [lf.day.start] Processing JED-CAI for 12JAN
[LF] 12JAN: found 4 direct flights
2026-01-04 07:17:55 | INFO     | [lf.day.flights_found] Found 4 flights on 12JAN
2026-01-04 07:17:58 | INFO     | [lf.flight.extracted] SM480 on 12JAN: BKG=164, LF=93.7%
[LF] SM480 12JAN: BKG=164, GRP=131, CAP=175, LF%=93.7%, Brd-Off=JED-CAI, Classes: P:131, U:24, X:8, W:1
2026-01-04 07:18:01 | INFO     | [lf.flight.extracted] SM476 on 12JAN: BKG=157, LF=94.0%
[LF] SM476 12JAN: BKG=157, GRP=117, CAP=167, LF%=94.0%, Brd-Off=JED-CAI, Classes: P:117, U:12, X:13, T:13, G:1, K:1
2026-01-04 07:18:05 | INFO     | [lf.flight.extracted] SM478 on 12JAN: BKG=151, LF=86.3%
[LF] SM478 12JAN: BKG=151, GRP=125, CAP=175, LF%=86.3%, Brd-Off=JED-CAI, Classes: P:125, U:10, X:11, T:2, S:2, K:1
[LPC] SM478 12JAN: Found 1 outbound flights with connecting passengers
2026-01-04 07:18:09 | INFO     | [lf.flight.extracted] SM460 on 12JAN: BKG=146, LF=83.4%
[LF] SM460 12JAN: BKG=146, GRP=113, CAP=175, LF%=83.4%, Brd-Off=JED-CAI, Classes: P:113, U:19, X:12, G:1, L:1
[LPC] SM460 12JAN: Found 0 outbound flights with connecting passengers
[LF] Getting WEEKLY/LASTSOLD data for 4 flights
[LF] SM480 12JAN: LASTSOLD=2026-01-01 00:00:00, WEEKLY=25, TODAY=0, YDAY=0
[LF] SM476 12JAN: LASTSOLD=2026-01-04 00:00:00, WEEKLY=34, TODAY=5, YDAY=6
[LF] SM478 12JAN: LASTSOLD=2026-01-03 00:00:00, WEEKLY=14, TODAY=0, YDAY=2
[LF] SM460 12JAN: LASTSOLD=2026-01-03 00:00:00, WEEKLY=25, TODAY=0, YDAY=1
2026-01-04 07:18:35 | INFO     | [SUCCESS] Day 12JAN
2026-01-04 07:18:35 | INFO     | [DAY_START] Processing 11JAN
[LF] Processing JED-CAI for 11JAN
2026-01-04 07:18:35 | INFO     | [lf.day.start] Processing JED-CAI for 11JAN
[LF] 11JAN: found 5 direct flights
2026-01-04 07:18:37 | INFO     | [lf.day.flights_found] Found 5 flights on 11JAN
2026-01-04 07:18:39 | INFO     | [lf.flight.extracted] SM424 on 11JAN: BKG=174, LF=99.4%
[LF] SM424 11JAN: BKG=174, GRP=128, CAP=175, LF%=99.4%, Brd-Off=JED-CAI, Classes: N:1, P:65, E:62, U:10, X:12, T:18, V:6
[LPC] SM424 11JAN: Found 1 outbound flights with connecting passengers
2026-01-04 07:18:50 | INFO     | [lf.flight.extracted] SM476 on 11JAN: BKG=155, LF=88.6%
[LF] SM476 11JAN: BKG=155, GRP=66, CAP=175, LF%=88.6%, Brd-Off=JED-CAI, Classes: P:66, I:1, U:23, X:21, T:16, W:15, S:13
[LPC] SM476 11JAN: Found 1 outbound flights with connecting passengers
2026-01-04 07:18:56 | INFO     | [lf.flight.extracted] SM432 on 11JAN: BKG=167, LF=95.4%
[LF] SM432 11JAN: BKG=167, GRP=140, CAP=175, LF%=95.4%, Brd-Off=JED-CAI, Classes: P:140, O:7, U:12, X:8
2026-01-04 07:19:00 | INFO     | [lf.flight.extracted] SM460 on 11JAN: BKG=142, LF=81.1%
[LF] SM460 11JAN: BKG=142, GRP=94, CAP=175, LF%=81.1%, Brd-Off=JED-CAI, Classes: P:94, I:7, O:7, U:7, X:7, T:7, W:7, S:4, G:2
[LPC] SM460 11JAN: Found 0 outbound flights with connecting passengers
2026-01-04 07:19:04 | INFO     | [lf.flight.extracted] SM478 on 11JAN: BKG=165, LF=94.3%
[LF] SM478 11JAN: BKG=165, GRP=137, CAP=175, LF%=94.3%, Brd-Off=JED-CAI, Classes: P:43, E:94, U:13, X:11, S:4
[LF] Getting WEEKLY/LASTSOLD data for 5 flights
[LF] SM424 11JAN: LASTSOLD=2026-01-04 00:00:00, WEEKLY=32, TODAY=1, YDAY=1
[LF] SM476 11JAN: LASTSOLD=2026-01-03 00:00:00, WEEKLY=74, TODAY=0, YDAY=19
[LF] SM432 11JAN: LASTSOLD=2026-01-01 00:00:00, WEEKLY=14, TODAY=0, YDAY=0
[LF] SM460 11JAN: LASTSOLD=2026-01-03 00:00:00, WEEKLY=22, TODAY=0, YDAY=6
[LF] SM478 11JAN: LASTSOLD=2026-01-01 00:00:00, WEEKLY=7, TODAY=0, YDAY=0
2026-01-04 07:19:28 | INFO     | [SUCCESS] Day 11JAN
2026-01-04 07:19:28 | INFO     | [DAY_START] Processing 10JAN
[LF] Processing JED-CAI for 10JAN
2026-01-04 07:19:28 | INFO     | [lf.day.start] Processing JED-CAI for 10JAN
[LF] 10JAN: found 3 direct flights
2026-01-04 07:19:29 | INFO     | [lf.day.flights_found] Found 3 flights on 10JAN
2026-01-04 07:19:30 | INFO     | [lf.flight.extracted] SM450 on 10JAN: BKG=163, LF=93.1%
[LF] SM450 10JAN: BKG=163, GRP=79, CAP=175, LF%=93.1%, Brd-Off=JED-CAI, Classes: P:79, U:10, X:12, T:5, W:8, S:4, G:7, L:11, V:24, K:3
[LPC] SM450 10JAN: Found 1 outbound flights with connecting passengers
2026-01-04 07:19:37 | INFO     | [lf.flight.extracted] SM476 on 10JAN: BKG=156, LF=89.1%
[LF] SM476 10JAN: BKG=156, GRP=87, CAP=175, LF%=89.1%, Brd-Off=JED-CAI, Classes: P:87, U:10, X:12, T:12, W:1, G:13, L:11, V:10
[LPC] SM476 10JAN: Found 1 outbound flights with connecting passengers
2026-01-04 07:19:41 | INFO     | [lf.flight.extracted] SM478 on 10JAN: BKG=168, LF=96.0%
[LF] SM478 10JAN: BKG=168, GRP=123, CAP=175, LF%=96.0%, Brd-Off=JED-CAI, Classes: P:123, U:10, X:13, T:17, W:2, K:3
[LF] Getting WEEKLY/LASTSOLD data for 3 flights
[LF] SM450 10JAN: LASTSOLD=2026-01-03 00:00:00, WEEKLY=12, TODAY=0, YDAY=3
[LF] SM476 10JAN: LASTSOLD=2026-01-03 00:00:00, WEEKLY=13, TODAY=0, YDAY=4
[LF] SM478 10JAN: LASTSOLD=2025-12-30 00:00:00, WEEKLY=13, TODAY=0, YDAY=0
2026-01-04 07:19:56 | INFO     | [SUCCESS] Day 10JAN
2026-01-04 07:19:56 | INFO     | [DAY_START] Processing 09JAN
[LF] Processing JED-CAI for 09JAN
2026-01-04 07:19:56 | INFO     | [lf.day.start] Processing JED-CAI for 09JAN
[LF] 09JAN: found 6 direct flights
2026-01-04 07:19:57 | INFO     | [lf.day.flights_found] Found 6 flights on 09JAN
2026-01-04 07:19:59 | INFO     | [lf.flight.extracted] SM424 on 09JAN: BKG=114, LF=65.1%
[LF] SM424 09JAN: BKG=114, GRP=1, CAP=175, LF%=65.1%, Brd-Off=JED-CAI, Classes: P:1, U:10, X:12, T:7, W:11, S:8, G:5, L:27, V:31, K:2
[LPC] SM424 09JAN: Found 2 outbound flights with connecting passengers
2026-01-04 07:20:04 | INFO     | [lf.flight.extracted] SM476 on 09JAN: BKG=170, LF=97.1%
[LF] SM476 09JAN: BKG=170, GRP=58, CAP=175, LF%=97.1%, Brd-Off=JED-CAI, Classes: P:58, U:10, X:12, T:10, W:8, S:29, G:14, L:15, V:14
[LPC] SM476 09JAN: Found 1 outbound flights with connecting passengers
2026-01-04 07:20:09 | INFO     | [lf.flight.extracted] SM478 on 09JAN: BKG=136, LF=77.7%
[LF] SM478 09JAN: BKG=136, GRP=0, CAP=175, LF%=77.7%, Brd-Off=JED-CAI, Classes: U:10, X:12, T:12, W:12, S:11, G:11, L:27, V:22, K:19
[LPC] SM478 09JAN: Found 2 outbound flights with connecting passengers
2026-01-04 07:20:16 | INFO     | [lf.flight.extracted] SM480 on 09JAN: BKG=169, LF=96.6%
[LF] SM480 09JAN: BKG=169, GRP=45, CAP=175, LF%=96.6%, Brd-Off=JED-CAI, Classes: P:45, U:10, X:12, T:12, W:10, S:14, G:21, L:10, V:32, K:3
2026-01-04 07:20:19 | INFO     | [lf.flight.extracted] SM472 on 09JAN: BKG=145, LF=82.9%
[LF] SM472 09JAN: BKG=145, GRP=54, CAP=175, LF%=82.9%, Brd-Off=JED-CAI, Classes: P:54, U:10, X:12, T:12, W:12, S:11, G:7, L:6, V:18, K:3
[LPC] SM472 09JAN: Found 0 outbound flights with connecting passengers
2026-01-04 07:20:23 | INFO     | [lf.flight.extracted] SM460 on 09JAN: BKG=169, LF=96.6%
[LF] SM460 09JAN: BKG=169, GRP=135, CAP=175, LF%=96.6%, Brd-Off=JED-CAI, Classes: P:135, U:10, X:12, T:8, V:4
[LF] Getting WEEKLY/LASTSOLD data for 6 flights
[LF] SM424 09JAN: LASTSOLD=2026-01-03 00:00:00, WEEKLY=19, TODAY=0, YDAY=3
[LF] SM476 09JAN: LASTSOLD=2026-01-02 00:00:00, WEEKLY=8, TODAY=0, YDAY=0
[LF] SM478 09JAN: LASTSOLD=2026-01-02 00:00:00, WEEKLY=12, TODAY=0, YDAY=0
[LF] SM480 09JAN: LASTSOLD=2026-01-03 00:00:00, WEEKLY=24, TODAY=0, YDAY=1
[LF] SM472 09JAN: LASTSOLD=2026-01-03 00:00:00, WEEKLY=24, TODAY=0, YDAY=6
[LF] SM460 09JAN: LASTSOLD=2026-01-02 00:00:00, WEEKLY=4, TODAY=0, YDAY=0
2026-01-04 07:20:52 | INFO     | [SUCCESS] Day 09JAN
2026-01-04 07:20:52 | INFO     | [DAY_START] Processing 08JAN
[LF] Processing JED-CAI for 08JAN
2026-01-04 07:20:52 | INFO     | [lf.day.start] Processing JED-CAI for 08JAN
[LF] 08JAN: found 6 direct flights
2026-01-04 07:20:52 | INFO     | [lf.day.flights_found] Found 6 flights on 08JAN
2026-01-04 07:20:54 | INFO     | [lf.flight.extracted] SM472 on 08JAN: BKG=168, LF=96.0%
[LF] SM472 08JAN: BKG=168, GRP=47, CAP=175, LF%=96.0%, Brd-Off=JED-CAI, Classes: P:49, U:19, X:21, T:28, W:15, S:34, K:2
[LPC] SM472 08JAN: Found 4 outbound flights with connecting passengers
2026-01-04 07:20:59 | INFO     | [lf.flight.extracted] SM450 on 08JAN: BKG=165, LF=94.3%
[LF] SM450 08JAN: BKG=165, GRP=15, CAP=175, LF%=94.3%, Brd-Off=JED-CAI, Classes: E:15, U:10, X:12, T:25, W:1, S:25, G:8, L:15, V:23, K:19, Q:10, H:2
[LPC] SM450 08JAN: Found 3 outbound flights with connecting passengers
2026-01-04 07:21:08 | INFO     | [lf.flight.extracted] SM476 on 08JAN: BKG=175, LF=100.0%
[LF] SM476 08JAN: BKG=175, GRP=120, CAP=175, LF%=100.0%, Brd-Off=JED-CAI, Classes: P:120, U:10, X:17, T:7, W:5, S:16
[LPC] SM476 08JAN: Found 1 outbound flights with connecting passengers
2026-01-04 07:21:13 | INFO     | [lf.flight.extracted] SM432 on 08JAN: BKG=168, LF=96.0%
[LF] SM432 08JAN: BKG=168, GRP=120, CAP=175, LF%=96.0%, Brd-Off=JED-CAI, Classes: P:121, X:12, T:17, W:6, S:5, G:7
2026-01-04 07:21:16 | INFO     | [lf.flight.extracted] SM478 on 08JAN: BKG=175, LF=100.0%
[LF] SM478 08JAN: BKG=175, GRP=92, CAP=175, LF%=100.0%, Brd-Off=JED-CAI, Classes: P:92, U:10, X:12, T:11, W:12, S:12, G:12, L:12, K:1, Q:1
2026-01-04 07:21:19 | INFO     | [lf.flight.extracted] SM480 on 08JAN: BKG=175, LF=100.0%
[LF] SM480 08JAN: BKG=175, GRP=90, CAP=175, LF%=100.0%, Brd-Off=JED-CAI, Classes: P:90, U:10, X:12, T:12, W:11, S:11, G:18, L:3, V:8
[LF] Getting WEEKLY/LASTSOLD data for 6 flights
[LF] SM472 08JAN: LASTSOLD=2026-01-01 00:00:00, WEEKLY=54, TODAY=0, YDAY=0
[LF] SM450 08JAN: LASTSOLD=2025-12-30 00:00:00, WEEKLY=30, TODAY=0, YDAY=0
[LF] SM476 08JAN: LASTSOLD=2026-01-01 00:00:00, WEEKLY=1, TODAY=0, YDAY=0
[LF] SM432 08JAN: LASTSOLD=2025-12-29 00:00:00, WEEKLY=12, TODAY=0, YDAY=0
[LF] SM478 08JAN: LASTSOLD=2026-01-03 00:00:00, WEEKLY=12, TODAY=0, YDAY=1
[LF] SM480 08JAN: LASTSOLD=2026-01-02 00:00:00, WEEKLY=2, TODAY=0, YDAY=0
2026-01-04 07:21:48 | INFO     | [SUCCESS] Day 08JAN
2026-01-04 07:21:48 | INFO     | [DAY_START] Processing 07JAN
[LF] Processing JED-CAI for 07JAN
2026-01-04 07:21:48 | INFO     | [lf.day.start] Processing JED-CAI for 07JAN
[LF] 07JAN: found 4 direct flights
2026-01-04 07:21:48 | INFO     | [lf.day.flights_found] Found 4 flights on 07JAN
2026-01-04 07:21:50 | INFO     | [lf.flight.extracted] SM476 on 07JAN: BKG=175, LF=100.0%
[LF] SM476 07JAN: BKG=175, GRP=136, CAP=175, LF%=100.0%, Brd-Off=JED-CAI, Classes: P:136, U:10, X:11, T:3, W:8, S:7
2026-01-04 07:21:54 | INFO     | [lf.flight.extracted] SM478 on 07JAN: BKG=170, LF=97.1%
[LF] SM478 07JAN: BKG=170, GRP=95, CAP=175, LF%=97.1%, Brd-Off=JED-CAI, Classes: P:48, E:47, U:10, X:12, T:20, W:22, S:10, K:1
2026-01-04 07:21:57 | INFO     | [lf.flight.extracted] SM460 on 07JAN: BKG=175, LF=104.2%
[LF] SM460 07JAN: BKG=175, GRP=137, CAP=168, LF%=104.2%, Brd-Off=JED-CAI, Classes: P:137, U:10, X:11, T:14, S:3
2026-01-04 07:22:00 | INFO     | [lf.flight.extracted] SM424 on 07JAN: BKG=176, LF=100.6%
[LF] SM424 07JAN: BKG=176, GRP=142, CAP=175, LF%=100.6%, Brd-Off=JED-CAI, Classes: P:142, U:10, X:9, T:5, W:5, S:5
[LF] Getting WEEKLY/LASTSOLD data for 4 flights
[LF] SM476 07JAN: LASTSOLD=2025-12-31 00:00:00, WEEKLY=8, TODAY=0, YDAY=0
[LF] SM478 07JAN: LASTSOLD=2026-01-02 00:00:00, WEEKLY=11, TODAY=0, YDAY=0
2026-01-04 07:22:10 | ERROR    | Atomic write failed for D:\CODERED\LAB\market_insights\outputs\run_generated_040126_at_07.15\checkpoints\flight_booking_data.json: [WinError 5] Access is denied: 'D:\\CODERED\\LAB\\market_insights\\outputs\\run_generated_040126_at_07.15\\checkpoints\\flight_booking_data.tmp_310c4e46' -> 'D:\\CODERED\\LAB\\market_insights\\outputs\\run_generated_040126_at_07.15\\checkpoints\\flight_booking_data.json'
[LF] SM460 07JAN: LASTSOLD=2025-12-30 00:00:00, WEEKLY=9, TODAY=0, YDAY=0
[LF] SM424 07JAN: LASTSOLD=2025-12-31 00:00:00, WEEKLY=4, TODAY=0, YDAY=0
2026-01-04 07:22:19 | INFO     | [SUCCESS] Day 07JAN
2026-01-04 07:22:19 | INFO     | [DAY_START] Processing 06JAN
[LF] Processing JED-CAI for 06JAN
2026-01-04 07:22:19 | INFO     | [lf.day.start] Processing JED-CAI for 06JAN
[LF] 06JAN: found 6 direct flights
2026-01-04 07:22:20 | INFO     | [lf.day.flights_found] Found 6 flights on 06JAN
2026-01-04 07:22:21 | INFO     | [lf.flight.extracted] SM472 on 06JAN: BKG=168, LF=96.0%
[LF] SM472 06JAN: BKG=168, GRP=106, CAP=175, LF%=96.0%, Brd-Off=JED-CAI, Classes: P:69, E:37, U:33, X:11, T:1, W:8, S:8, K:1
[LPC] SM472 06JAN: Found 1 outbound flights with connecting passengers
2026-01-04 07:22:26 | INFO     | [lf.flight.extracted] SM480 on 06JAN: BKG=165, LF=94.3%
[LF] SM480 06JAN: BKG=165, GRP=88, CAP=175, LF%=94.3%, Brd-Off=JED-CAI, Classes: P:48, E:40, U:14, X:8, T:27, W:17, S:11
2026-01-04 07:22:29 | INFO     | [lf.flight.extracted] SM478 on 06JAN: BKG=164, LF=93.7%
[LF] SM478 06JAN: BKG=164, GRP=95, CAP=175, LF%=93.7%, Brd-Off=JED-CAI, Classes: P:45, E:50, U:7, X:25, T:25, W:11, K:1
2026-01-04 07:22:32 | INFO     | [lf.flight.extracted] SM460 on 06JAN: BKG=168, LF=97.7%
[LF] SM460 06JAN: BKG=168, GRP=85, CAP=172, LF%=97.7%, Brd-Off=JED-CAI, Classes: N:4, P:85, U:10, X:25, T:33, W:11
2026-01-04 07:22:35 | INFO     | [lf.flight.extracted] SM424 on 06JAN: BKG=168, LF=96.0%
[LF] SM424 06JAN: BKG=168, GRP=136, CAP=175, LF%=96.0%, Brd-Off=JED-CAI, Classes: P:136, U:8, X:10, T:14
2026-01-04 07:22:39 | INFO     | [lf.flight.extracted] SM476 on 06JAN: BKG=149, LF=88.7%
[LF] SM476 06JAN: BKG=149, GRP=86, CAP=168, LF%=88.7%, Brd-Off=JED-CAI, Classes: P:86, U:10, X:4, T:23, W:19, S:5, K:2
[LPC] SM476 06JAN: Found 0 outbound flights with connecting passengers
[LF] Getting WEEKLY/LASTSOLD data for 6 flights
[LF] SM472 06JAN: LASTSOLD=2026-01-03 00:00:00, WEEKLY=20, TODAY=0, YDAY=1
[LF] SM480 06JAN: LASTSOLD=2026-01-04 00:00:00, WEEKLY=51, TODAY=2, YDAY=10
[LF] SM478 06JAN: LASTSOLD=2026-01-03 00:00:00, WEEKLY=51, TODAY=0, YDAY=3
[LF] SM460 06JAN: LASTSOLD=2026-01-03 00:00:00, WEEKLY=49, TODAY=0, YDAY=2
[LF] SM424 06JAN: LASTSOLD=2026-01-01 00:00:00, WEEKLY=14, TODAY=0, YDAY=0
[LF] SM476 06JAN: LASTSOLD=2026-01-03 00:00:00, WEEKLY=37, TODAY=0, YDAY=4
2026-01-04 07:23:08 | INFO     | [SUCCESS] Day 06JAN
2026-01-04 07:23:08 | INFO     | [DAY_START] Processing 05JAN
[LF] Processing JED-CAI for 05JAN
2026-01-04 07:23:08 | INFO     | [lf.day.start] Processing JED-CAI for 05JAN
[LF] 05JAN: found 4 direct flights
2026-01-04 07:23:09 | INFO     | [lf.day.flights_found] Found 4 flights on 05JAN
2026-01-04 07:23:11 | INFO     | [lf.flight.extracted] SM480 on 05JAN: BKG=176, LF=100.0%
[LF] SM480 05JAN: BKG=176, GRP=44, CAP=176, LF%=100.0%, Brd-Off=JED-CAI, Classes: P:44, U:50, X:39, T:30, W:5, S:7, L:1
2026-01-04 07:23:15 | INFO     | [lf.flight.extracted] SM476 on 05JAN: BKG=178, LF=99.4%
[LF] SM476 05JAN: BKG=178, GRP=142, CAP=179, LF%=99.4%, Brd-Off=JED-CAI, Classes: P:142, U:20, X:12, W:1, S:2, L:1
[LPC] SM476 05JAN: Found 1 outbound flights with connecting passengers
2026-01-04 07:23:19 | INFO     | [lf.flight.extracted] SM478 on 05JAN: BKG=175, LF=100.0%
[LF] SM478 05JAN: BKG=175, GRP=139, CAP=175, LF%=100.0%, Brd-Off=JED-CAI, Classes: P:139, U:16, X:12, W:7, K:1
2026-01-04 07:23:24 | INFO     | [lf.flight.extracted] SM460 on 05JAN: BKG=177, LF=101.1%
[LF] SM460 05JAN: BKG=177, GRP=132, CAP=175, LF%=101.1%, Brd-Off=JED-CAI, Classes: P:132, U:15, X:2, W:1, S:20, Q:2, H:5
[LPC] SM460 05JAN: Found 0 outbound flights with connecting passengers
[LF] Getting WEEKLY/LASTSOLD data for 4 flights
[LF] SM480 05JAN: WEEKLY=99 → LP/T MANDATORY
[DEBUG] SM480 05JAN: Match #1: HK 01JAN | Line: 001  01BATTECHA/KADRYA            	7G5WA7 L  HK 01JAN RUHAA28WH
[DEBUG] SM480 05JAN: Match #2: HK 30DEC | Line: 002  04AHMED/RASHA AHMED          	8UM59R S  HK 30DEC RUHAA28WH
[DEBUG] SM480 05JAN: DUPLICATE #1: 001 HK 01JAN | Skipping
[DEBUG] SM480 05JAN: DUPLICATE #2: 002 HK 30DEC | Skipping
[DEBUG] SM480 05JAN: Match #3: HK 30DEC | Line: 006  04MANSOUR/ABDELRAHM          	8UM59R S  HK 30DEC RUHAA28WH
[DEBUG] SM480 05JAN: Match #4: HK 30DEC | Line: 007  04MANSOUR/AHMED TAH          	8UM59R S  HK 30DEC RUHAA28WH
[DEBUG] SM480 05JAN: Match #5: HK 30DEC | Line: 008  04MANSOUR/MARYAM TA          	8UM59R S  HK 30DEC RUHAA28WH
[DEBUG] SM480 05JAN: Match #6: HK 02JAN | Line: 009  02ELREFAEI/RADWA MO          	9KAJKI W  HK 02JAN CAISM0100
[DEBUG] SM480 05JAN: Match #7: HK 02JAN | Line: 010  02ELREFAI/RAMI MOHA          	9KAJKI W  HK 02JAN CAISM0100
[DEBUG] SM480 05JAN: Match #8: HK 02JAN | Line: 011  02GAHIN/AHMED MR             	9OC66U W  HK 02JAN ISTSM07TP
[DEBUG] SM480 05JAN: Match #9: HK 02JAN | Line: 012  02GOMAA/EMAN AHMED           	9OC66U W  HK 02JAN ISTSM07TP
[DEBUG] SM480 05JAN: Match #10: HK 02JAN | Line: 013  01ISMAIL/MAHDY IBRA          	932TV7 W  HK 02JAN QCAS22124
[DEBUG] SM480 05JAN: Match #11: HK 01JAN | Line: 014  01ABDALLAH/AHMED E           	96QTLY T  HK 01JAN RUHAA28WH
[DEBUG] SM480 05JAN: Match #12: HK 31DEC | Line: 015  01ABDELGAWWAD/ABIR           	8MB7KX T  HK 31DEC JEDSM08AA
[DEBUG] SM480 05JAN: Match #13: HK 02JAN | Line: 016  01ABOALRAHILA/RANEE          	9JCLC9 T  HK 02JAN RUHAA28WH
[DEBUG] SM480 05JAN: Match #14: HK 31DEC | Line: 017  01ALANSARI/ABDULRAH          	8BOXSC T  HK 31DEC RUHS228YD
[DEBUG] SM480 05JAN: Match #15: HK 02JAN | Line: 018  05ALBISHER/ALYAA MS          	85A8WO T  HK 02JAN JEDAK38AC
[DEBUG] SM480 05JAN: Match #16: HK 02JAN | Line: 019  03ALBSHRI/HANA AHME          	9GFW73 T  HK 02JAN RUHAA28WH
[DEBUG] SM480 05JAN: Match #17: HK 02JAN | Line: 020  05ALESAYI/EISSA MST          	85A8WO T  HK 02JAN JEDAK38AC
[DEBUG] SM480 05JAN: Match #18: HK 02JAN | Line: 021  05ALESAYI/HANA MS            	85A8WO T  HK 02JAN JEDAK38AC
[DEBUG] SM480 05JAN: Match #19: HK 02JAN | Line: 022  05ALESAYI/MARYM MS           	85A8WO T  HK 02JAN JEDAK38AC
[DEBUG] SM480 05JAN: Match #20: HK 31DEC | Line: 023  02ALHAKAMI/YAZEED            	85LIJB T  HK 31DEC RUHS228YD
[DEBUG] SM480 05JAN: Match #21: HK 31DEC | Line: 024  01ALI/MOAMEN MR              	89Q49O T  HK 31DEC JEDSM08MB
[DEBUG] SM480 05JAN: Match #22: HK 02JAN | Line: 025  03ALJOHANI/ABDULLAH          	9GFW73 T  HK 02JAN RUHAA28WH
[DEBUG] SM480 05JAN: Match #23: HK 02JAN | Line: 026  03ALJOHANI/NAHIR AB          	9GFW73 T  HK 02JAN RUHAA28WH
[DEBUG] SM480 05JAN: Match #24: HK 02JAN | Line: 027  01ALRAZEQEE/TURKI M          	9K5IUN T  HK 02JAN RUHAA28WH
[DEBUG] SM480 05JAN: Match #25: HK 03JAN | Line: 028  01ALZAHRANI/AHMED M          	9XU7RL T  HK 03JAN ISTSM07TP
[DEBUG] SM480 05JAN: Match #26: HK 02JAN | Line: 029  01ALZAHRANI/EMAD S           	9HYVPP T  HK 02JAN RUHAA28WH
[DEBUG] SM480 05JAN: Match #27: HK 31DEC | Line: 030  02BALADI/MUHANNAD            	85LIJB T  HK 31DEC RUHS228YD
[DEBUG] SM480 05JAN: Match #28: HK 03JAN | Line: 031  01ELDEMIRY/HANY MR           	9VZYTN T  HK 03JAN YNBS222Z8
[DEBUG] SM480 05JAN: Match #29: HK 02JAN | Line: 032  01ELKAMONY/AYMAN             	9K5PRK T  HK 02JAN RUHS228YD
[DEBUG] SM480 05JAN: Match #30: HK 30DEC | Line: 033  01ELSHAERI/MAHMOUD           	83WKGD T  HK 30DEC RUHAA28WH
[DEBUG] SM480 05JAN: Match #31: HK 01JAN | Line: 034  02HASSANE/HASSANE F          	97YMQB T  HK 01JAN RUHS2232V
[DEBUG] SM480 05JAN: Match #32: HK 02JAN | Line: 035  05HERMAYANTI/FITRI           	85A8WO T  HK 02JAN JEDAK38AC
[DEBUG] SM480 05JAN: Match #33: HK 30DEC | Line: 036  01ISMAIL/IBRAHIM I           	86MYFS T  HK 30DEC RUHAA28WH
[DEBUG] SM480 05JAN: Match #34: HK 30DEC | Line: 037  01MANSOUR/TAHA               	85SC4B T  HK 30DEC RUHAA28WH
[DEBUG] SM480 05JAN: Match #35: HK 01JAN | Line: 038  02MOHAMED HASSANE/R          	97YMQB T  HK 01JAN RUHS2232V
[DEBUG] SM480 05JAN: Match #36: HK 01JAN | Line: 039  04REWENY/EMAN A              	98D5RE T  HK 01JAN RUHAA28WH
[DEBUG] SM480 05JAN: Match #37: HK 01JAN | Line: 040  01SAYED/HASSAN MOHA          	959ZDS T  HK 01JAN DMMS22325
[DEBUG] SM480 05JAN: Match #38: HK 01JAN | Line: 041  04SHAABAN/MOHAMED I          	98D5RE T  HK 01JAN RUHAA28WH
[DEBUG] SM480 05JAN: Match #39: HK 01JAN | Line: 042  04SHAABAN/NADA I             	98D5RE T  HK 01JAN RUHAA28WH
[DEBUG] SM480 05JAN: Match #40: HK 01JAN | Line: 043  04SHABAAN/IBRAHIM G          	98D5RE T  HK 01JAN RUHAA28WH
[DEBUG] SM480 05JAN: Match #41: HK 02JAN | Line: 044  04ABDELKAFI/DIAA AL          	9EGOZB X  HK 02JAN RUHS2232V
[DEBUG] SM480 05JAN: Match #42: HK 02JAN | Line: 045  04ABOELREGAL/ABOELE          	9EGOZB X  HK 02JAN RUHS2232V
[DEBUG] SM480 05JAN: Match #43: HK 02JAN | Line: 046  04ABOELREGAL/MOHAME          	9EGOZB X  HK 02JAN RUHS2232V
[DEBUG] SM480 05JAN: Match #44: HK 01JAN | Line: 047  01AFIFI/HAZEM MAHMO          	94IGEY X  HK 01JAN ELQS228WE
[DEBUG] SM480 05JAN: Match #45: HK 02JAN | Line: 048  01AL SIBYANI/MOAYAD          	99N9PN X  HK 02JAN RUHS228YD
[DEBUG] SM480 05JAN: Match #46: HK 28DEC | Line: 049  01ALAMOUDI/MOHAMMED          	75UGXO X  HK 28DEC RUHAA28WH
[DEBUG] SM480 05JAN: Match #47: HK 28DEC | Line: 050  02ALBARAKAH/WAAD             	9UG7G7 X  HK 28DEC RUHS228YD
[DEBUG] SM480 05JAN: Match #48: HK 01JAN | Line: 051  02ALBUSAYSI/IBRAHIM          	94VK8E X  HK 01JAN RUHS228YD
[DEBUG] SM480 05JAN: Match #49: HK 01JAN | Line: 052  01ALHUJURL/ABDULRAH          	92SEQ7 X  HK 01JAN RUHS228YD
[DEBUG] SM480 05JAN: Match #50: HK 01JAN | Line: 053  01ALI/MOHAMED ELSAY          	92BFRQ X  HK 01JAN TIFS2222K
[DEBUG] SM480 05JAN: Match #51: HK 30DEC | Line: 054  01ALMAHDI/OMER ABDA          	7WSFHV X  HK 30DEC JEDS22212
[DEBUG] SM480 05JAN: Match #52: HK 29DEC | Line: 055  01ALODAYNI/HAMEED M          	7F7X3D X  HK 29DEC JEDS2255P
[DEBUG] SM480 05JAN: Match #53: HK 28DEC | Line: 056  01AYYAD/WAEL MOHAME          	78XNOP X  HK 28DEC RUHAA28WH
[DEBUG] SM480 05JAN: Match #54: HK 01JAN | Line: 057  01BEHARY/AHMED A             	93QAE3 X  HK 01JAN RUHAA28WH
[DEBUG] SM480 05JAN: Match #55: HK 02JAN | Line: 058  04DARWISH/MOHAMED N          	9EGOZB X  HK 02JAN RUHS2232V
[DEBUG] SM480 05JAN: Match #56: HK 28DEC | Line: 059  02DOUSHI/AMJAD               	9UG7G7 X  HK 28DEC RUHS228YD
[DEBUG] SM480 05JAN: Match #57: HK 29DEC | Line: 060  01ELSHAZLY/AHMED MR          	7CZ9XR X  HK 29DEC LONSM07TP
[DEBUG] SM480 05JAN: Match #58: HK 29DEC | Line: 061  01GHAZY/AHMED MR             	7GWGM9 X  HK 29DEC RUHSG38AA
[DEBUG] SM480 05JAN: Match #59: HK 01JAN | Line: 062  01GHITH/GHITH MABRO          	8QAL35 X  HK 01JAN RUHS228YD
[DEBUG] SM480 05JAN: Match #60: HK 01JAN | Line: 063  01HASAN/RAHO MUSTAF          	94NBO7 X  HK 01JAN JEDS2241H
[DEBUG] SM480 05JAN: Match #61: HK 28DEC | Line: 065  01IBRAHIM/DINA ALY           	72OPZE X  HK 28DEC LAXSM07NI
[DEBUG] SM480 05JAN: Match #62: HK 30DEC | Line: 066  01IBRAHIM/MOSTAFA M          	9LDHV5 X  HK 30DEC CAI3C28CL
[DEBUG] SM480 05JAN: Match #63: HK 29DEC | Line: 067  01IBRAHIM/SAFAA N            	7DBVAW X  HK 29DEC RUHAA28WH
[DEBUG] SM480 05JAN: Match #64: HK 01JAN | Line: 068  02KOMO/ALI                   	94VK8E X  HK 01JAN RUHS228YD
[DEBUG] SM480 05JAN: Match #65: HK 01JAN | Line: 069  03MA/KULI MS                 	AJ5PVC X  HK 01JAN LAX1S24C3
[DEBUG] SM480 05JAN: Match #66: HK 01JAN | Line: 070  03MA/XIAOMEI MS              	AJ5PVC X  HK 01JAN LAX1S24C3
[DEBUG] SM480 05JAN: Match #67: HK 01JAN | Line: 071  03MA/XUEJUN MR               	AJ5PVC X  HK 01JAN LAX1S24C3
[DEBUG] SM480 05JAN: Match #68: HK 30DEC | Line: 072  01MASOUD/MAHMOUD SH          	7ZYRFK X  HK 30DEC RUHS228WF
[DEBUG] SM480 05JAN: Match #69: HK 01JAN | Line: 073  01MOHAMED/HANY K             	92N7MS X  HK 01JAN RUHAA28WH
[DEBUG] SM480 05JAN: Match #70: HK 30DEC | Line: 074  03SAKR/MAHMOUD A             	7ZPM2T X  HK 30DEC RUHAA28WH
[DEBUG] SM480 05JAN: Match #71: HK 30DEC | Line: 075  03SAKR/MOHAMED A             	7ZPM2T X  HK 30DEC RUHAA28WH
[DEBUG] SM480 05JAN: Match #72: HK 01JAN | Line: 076  01SALEH/WALID RABIE          	92ZAY7 X  HK 01JAN YNBS228B6
[DEBUG] SM480 05JAN: Match #73: HK 30DEC | Line: 078  03TOLBA/HEND S               	7ZPM2T X  HK 30DEC RUHAA28WH
[DEBUG] SM480 05JAN: Match #74: HK 28DEC | Line: 079  01YAHYA/ABDULAZIZ S          	75UZRS X  HK 28DEC RUHAA28WH
[DEBUG] SM480 05JAN: Match #75: HK 01JAN | Line: 080  01ZAAWARI/MOHAMMED           	9388WZ X  HK 01JAN JEDAK38AC
[DEBUG] SM480 05JAN: Match #76: HK 01JAN | Line: 081  01ZABILAH/MOHAMMED           	92YGSQ X  HK 01JAN JEDAK38AC
[DEBUG] SM480 05JAN: Match #77: HK 29DEC | Line: 083  01ABD ELKHALEK/AHME          	7NZPAW U  HK 29DEC RUHAA28WH
[DEBUG] SM480 05JAN: Match #78: HK 29DEC | Line: 084  01ABDELSALAM/HUSSEI          	7OKW4U U  HK 29DEC RUHAA28WH
[DEBUG] SM480 05JAN: Match #79: HK 01JAN | Line: 087  01ABOUZAID/BASSAM M          	8XYT9R U  HK 01JAN RUHS2236X
[DEBUG] SM480 05JAN: Match #80: HK 30DEC | Line: 089  01AHMED MOHAMED NAD          	7YJGX6 U  HK 30DEC CAISM08AA
[DEBUG] SM480 05JAN: Match #81: HK 30DEC | Line: 090  01ALI/ABOELOYOUN IB          	7QTWOF U  HK 30DEC RUHS228YD
[DEBUG] SM480 05JAN: Match #82: HK 01JAN | Line: 091  02ALJOHANI/HASSAN A          	8PHKNK U  HK 01JAN RUHS228YD
[DEBUG] SM480 05JAN: Match #83: HK 01JAN | Line: 092  02ALJOHANI/SAUD              	8PHKNK U  HK 01JAN RUHS228YD
[DEBUG] SM480 05JAN: Match #84: HK 01JAN | Line: 093  05ALRASHIDY/JANA MS          	8X8TH7 U  HK 01JAN JEDSM08AA
[DEBUG] SM480 05JAN: Match #85: HK 30DEC | Line: 095  01ALSHARABI/RIHAM S          	7R3DKS U  HK 30DEC RUHAA28WH
[DEBUG] SM480 05JAN: Match #86: HK 01JAN | Line: 098  02BANTAN/NAIF ABDUL          	8YSWTZ U  HK 01JAN YNBS228B6
[DEBUG] SM480 05JAN: Match #87: HK 29DEC | Line: 101  01ELDESSAWY/ABDELRA          	7IGHPY U  HK 29DEC CAISM0727
[DEBUG] SM480 05JAN: Match #88: HK 29DEC | Line: 102  04ELKHOULY/ABDELRAH          	7M266Q U  HK 29DEC JEDSM08AA
[DEBUG] SM480 05JAN: Match #89: HK 29DEC | Line: 103  04ELKHOULY/OMAR MST          	7M266Q U  HK 29DEC JEDSM08AA
[DEBUG] SM480 05JAN: Match #90: HK 29DEC | Line: 104  04ELKHOULY/ROUVAN M          	7M266Q U  HK 29DEC JEDSM08AA
[DEBUG] SM480 05JAN: Match #91: HK 01JAN | Line: 107  05ELRASHIDY/AHMED M          	8X8TH7 U  HK 01JAN JEDSM08AA
[DEBUG] SM480 05JAN: Match #92: HK 01JAN | Line: 108  05ELRASHIDY/OMAR MS          	8X8TH7 U  HK 01JAN JEDSM08AA
[DEBUG] SM480 05JAN: Match #93: HK 28DEC | Line: 110  01ELSHEIKH/SARA MRS          	9Y3QZ3 U  HK 28DEC CAIEG3121
[DEBUG] SM480 05JAN: Match #94: HK 29DEC | Line: 113  01GABR/SAMIA MRS             	7IU2EE U  HK 29DEC KWISM07TP
[DEBUG] SM480 05JAN: Match #95: HK 01JAN | Line: 114  02GENADY/SAMAH ABDE          	8YSWTZ U  HK 01JAN YNBS228B6
[DEBUG] SM480 05JAN: Match #96: HK 29DEC | Line: 115  01GHAITH/MOHAMED MR          	7MWCNJ U  HK 29DEC JEDS228MR
[DEBUG] SM480 05JAN: Match #97: HK 01JAN | Line: 116  01GHANEM/NABIL ABDE          	8YXPQY U  HK 01JAN RUHSG38AA
[DEBUG] SM480 05JAN: Match #98: HK 28DEC | Line: 118  01IBRAHIM/AHMED MR           	9Y6ZIX U  HK 28DEC CAISM08AA
[DEBUG] SM480 05JAN: Match #99: HK 01JAN | Line: 119  01KAMEL/MOHAMMED             	8YHCNR U  HK 01JAN RUHS228YD
[DEBUG] SM480 05JAN: Match #100: HK 01JAN | Line: 120  05KOTB/IMAN MRS              	8X8TH7 U  HK 01JAN JEDSM08AA
[DEBUG] SM480 05JAN: Match #101: HK 29DEC | Line: 121  02MAHFOUZ/MONTASER           	7MA6AD U  HK 29DEC RUHS2232V
[DEBUG] SM480 05JAN: Match #102: HK 29DEC | Line: 124  01MOHAMMED/SENA              	7NITMC U  HK 29DEC RUHS228YD
[DEBUG] SM480 05JAN: Match #103: HK 28DEC | Line: 127  01OTHMAN/EMAN MRS            	9X34WM U  HK 28DEC CAIEG265U
[DEBUG] SM480 05JAN: Match #104: HK 29DEC | Line: 128  04SAHALY/AMANY MRS           	7M266Q U  HK 29DEC JEDSM08AA
[DEBUG] SM480 05JAN: Match #105: HK 29DEC | Line: 129  02SALEH/ASHRAF FATH          	7MA6AD U  HK 29DEC RUHS2232V
[DEBUG] SM480 05JAN: Match #106: HK 01JAN | Line: 131  05SHEHATA/MOHAMED M          	8X8TH7 U  HK 01JAN JEDSM08AA
[LF] SM480 05JAN: LP/T count complete. True WEEKLY: 106, TODAY: 0, YDAY: 2 | Removed 2 duplicates
[LF] SM480 05JAN: LP/T result: WEEKLY=106, TODAY=0, YDAY=2
[LF] SM480 05JAN: LASTSOLD=2026-01-03 00:00:00, WEEKLY=106, TODAY=0, YDAY=2
[LF] SM476 05JAN: LASTSOLD=2026-01-03 00:00:00, WEEKLY=4, TODAY=0, YDAY=4
[LF] SM478 05JAN: LASTSOLD=2026-01-03 00:00:00, WEEKLY=8, TODAY=0, YDAY=1
[LF] SM460 05JAN: LASTSOLD=2026-01-01 00:00:00, WEEKLY=11, TODAY=0, YDAY=0
2026-01-04 07:24:47 | INFO     | [SUCCESS] Day 05JAN
[LF] Skipping 04JAN (Today) - will be processed by supplement scan
[LF] Results summary:
  2026-01-12: 4 flights
  2026-01-11: 5 flights
  2026-01-10: 3 flights
  2026-01-09: 6 flights
  2026-01-08: 6 flights
  2026-01-07: 4 flights
  2026-01-06: 6 flights
  2026-01-05: 4 flights
2026-01-04 07:24:47 | INFO     | [SUCCESS] LF Search Complete

============================================================
[Worker_9232] ✓ COMPLETED: JED-CAI
  Results: 8 dates
  Errors: 0 dates
  Total Processed: 3 groups
============================================================

2026-01-04 07:24:49 | INFO     | [Worker_9232] Completed: JED-CAI - 8 results, 0 errors
[Worker_9232] Waiting for tasks...

============================================================
[Worker_9232] Shutdown signal received
Exiting...
============================================================
2026-01-04 07:25:24 | INFO     | [Worker_9232] Shutdown signal received, exiting...

============================================================
[Worker_9232] FINISHED
  Total Groups Processed: 3
============================================================

2026-01-04 07:25:24 | INFO     | [Worker_9232] Finished. Processed 3 groups.
