
============================================================
     LF WORKER - PORT 9225
============================================================
Worker: Worker_9225
Status: READY
Waiting for tasks...
============================================================


============================================================
[Worker_9225] Processing: CAI-JED
  Tier 0: Range 1, Chunk 1/2
  Dates: 11 days
  Date Range: 2026-01-31 to 2026-01-21
============================================================

2026-01-10 07:43:01 | INFO     | ======================================================================
2026-01-10 07:43:01 | INFO     | Load Factor Scraper Started - Route: CAI-JED
2026-01-10 07:43:01 | INFO     | Log file: D:\CODERED\LAB\Artifacts\run_generated_100126_at_07.42\logs\LF_CAI-JED_20260110_074301.log
2026-01-10 07:43:01 | INFO     | Enhanced logging: Capturing both logging.info() and print()
2026-01-10 07:43:01 | INFO     | ======================================================================
[LF] Processing dates (override): ['31JAN', '30JAN', '29JAN', '28JAN', '27JAN', '26JAN', '25JAN', '24JAN', '23JAN', '22JAN', '21JAN']
[LF] Attaching to Chrome for Altea access
[LF][[OK] SUCCESS] Connected to Chrome on 127.0.0.1:9225 (after 1 attempts)
[LF][[OK] SUCCESS] Found Amadeus Altea window: Altéa Reservation Desktop
[LF][[INFO] INFO] URL: https://tc212.resdesktop.altea.amadeus.com/app_ard/apf/init/login?SITE=ESMPESMP&LANGUAGE=GB&MARKETS=ARDW_PROD_WBP&ACTION=clpLogin
[LF] Processing CAI-JED for 31JAN
[LF][ERROR] Amadeus command error detected: UNKNOWN TRANSACTION
[LF][ERROR] Command: SN31JANCAIJED/ASM
[LF][RESYNC] Triggering immediate resync to last successful SN command
============================================================
[LF][RESYNC] Command 'SN31JANCAIJED/ASM' failed: TECH_ERROR:UNKNOWN TRANSACTION
[LF][RESYNC] Re-running entire day from SN command for CAI-JED 31JAN
[LF][RESYNC] Attempt 1/50 (waiting 1.0s before retry...)
============================================================
[LF][RESYNC] Sending IG to clear session state...
[LF][RESYNC] Session cleared with IG
[LF] Processing CAI-JED for 31JAN
[LF] 31JAN: found 4 direct flights
[LF] SM449 31JAN: BKG=145, GRP=45, CAP=179, LF%=81.0%, Brd-Off=CAI-JED, Classes: P:45, U:10, X:40, T:21, W:15, S:5, G:9
[LF] SM475 31JAN: BKG=70, GRP=45, CAP=179, LF%=39.1%, Brd-Off=CAI-JED, Classes: P:45, U:6, X:13, T:6
[LF] SM477 31JAN: BKG=55, GRP=0, CAP=179, LF%=30.7%, Brd-Off=CAI-JED, Classes: U:6, X:44, T:5
[LF] SM423 31JAN: BKG=27, GRP=0, CAP=179, LF%=15.1%, Brd-Off=CAI-JED, Classes: U:6, X:19, T:2
[LF] Getting WEEKLY/LASTSOLD data for 4 flights
[LF] SM449 31JAN: LASTSOLD=2026-01-08 00:00:00, WEEKLY=25, TODAY=0, YDAY=0
[LF] SM475 31JAN: LASTSOLD=2026-01-08 00:00:00, WEEKLY=15, TODAY=0, YDAY=0
[LF] SM477 31JAN: LASTSOLD=2026-01-09 00:00:00, WEEKLY=24, TODAY=0, YDAY=4
[LF] SM423 31JAN: LASTSOLD=2026-01-09 00:00:00, WEEKLY=12, TODAY=0, YDAY=2
[LF] Processing CAI-JED for 30JAN
[LF] 30JAN: found 5 direct flights
[LF] SM475 30JAN: BKG=33, GRP=4, CAP=179, LF%=18.4%, Brd-Off=CAI-JED, Classes: I:4, U:7, X:22
[LF] SM477 30JAN: BKG=17, GRP=0, CAP=179, LF%=9.5%, Brd-Off=CAI-JED, Classes: U:6, X:11
[LF] SM479 30JAN: BKG=28, GRP=0, CAP=179, LF%=15.6%, Brd-Off=CAI-JED, Classes: U:6, X:22
[LF] SM471 30JAN: BKG=23, GRP=0, CAP=179, LF%=12.8%, Brd-Off=CAI-JED, Classes: U:8, X:15
[LF] SM459 30JAN: BKG=36, GRP=0, CAP=179, LF%=20.1%, Brd-Off=CAI-JED, Classes: U:14, X:19, S:1, G:2
[LF] Getting WEEKLY/LASTSOLD data for 5 flights
[LF] SM475 30JAN: LASTSOLD=2026-01-08 00:00:00, WEEKLY=14, TODAY=0, YDAY=0
[LF] SM477 30JAN: LASTSOLD=2026-01-09 00:00:00, WEEKLY=11, TODAY=0, YDAY=8
[LF] SM479 30JAN: LASTSOLD=2026-01-09 00:00:00, WEEKLY=10, TODAY=0, YDAY=6
[LF] SM471 30JAN: LASTSOLD=2026-01-07 00:00:00, WEEKLY=11, TODAY=0, YDAY=0
[LF] SM459 30JAN: LASTSOLD=2026-01-09 00:00:00, WEEKLY=10, TODAY=0, YDAY=1
[LF] Processing CAI-JED for 29JAN
[LF] 29JAN: found 6 direct flights
[LF] SM449 29JAN: BKG=58, GRP=40, CAP=176, LF%=33.0%, Brd-Off=CAI-JED, Classes: P:40, U:6, X:12
[LF] SM475 29JAN: BKG=178, GRP=160, CAP=179, LF%=99.4%, Brd-Off=CAI-JED, Classes: P:115, E:45, U:6, X:12
[LF] SM431 29JAN: BKG=116, GRP=90, CAP=179, LF%=64.8%, Brd-Off=CAI-JED, Classes: P:90, X:26
[LF] SM477 29JAN: BKG=180, GRP=160, CAP=179, LF%=100.6%, Brd-Off=CAI-JED, Classes: P:160, U:6, X:13, K:1
[LF] SM479 29JAN: BKG=179, GRP=135, CAP=179, LF%=100.0%, Brd-Off=CAI-JED, Classes: P:135, U:14, X:28, T:2
[LF] SM423 29JAN: BKG=61, GRP=25, CAP=176, LF%=34.7%, Brd-Off=CAI-JED, Classes: E:25, U:12, X:24
[LF] Getting WEEKLY/LASTSOLD data for 6 flights
[LF] SM449 29JAN: LASTSOLD=2026-01-09 00:00:00, WEEKLY=10, TODAY=0, YDAY=7
[LF] SM475 29JAN: LASTSOLD=2026-01-09 00:00:00, WEEKLY=7, TODAY=0, YDAY=2
[LF] SM431 29JAN: LASTSOLD=2026-01-09 00:00:00, WEEKLY=17, TODAY=0, YDAY=2
[LF] SM477 29JAN: LASTSOLD=2025-12-23 00:00:00, WEEKLY=0, TODAY=0, YDAY=0
[LF] SM479 29JAN: LASTSOLD=2026-01-05 00:00:00, WEEKLY=3, TODAY=0, YDAY=0
[LF] SM423 29JAN: LASTSOLD=2026-01-08 00:00:00, WEEKLY=16, TODAY=0, YDAY=0
[LF] Processing CAI-JED for 28JAN
[LF] 28JAN: found 5 direct flights
[LF] SM423 28JAN: BKG=137, GRP=90, CAP=179, LF%=76.5%, Brd-Off=CAI-JED, Classes: P:90, U:6, X:31, T:10
[LF] SM475 28JAN: BKG=172, GRP=135, CAP=179, LF%=96.1%, Brd-Off=CAI-JED, Classes: P:135, U:6, X:26, W:5
[LF] SM459 28JAN: BKG=175, GRP=135, CAP=179, LF%=97.8%, Brd-Off=CAI-JED, Classes: P:135, U:6, X:25, T:9
[LF] SM477 28JAN: BKG=179, GRP=135, CAP=179, LF%=100.0%, Brd-Off=CAI-JED, Classes: P:135, U:6, X:27, T:10, K:1
[LF] SM471 28JAN: BKG=136, GRP=90, CAP=179, LF%=76.0%, Brd-Off=CAI-JED, Classes: P:90, I:1, U:6, X:30, T:8, W:1
[LF] Getting WEEKLY/LASTSOLD data for 5 flights
[LF] SM423 28JAN: LASTSOLD=2026-01-09 00:00:00, WEEKLY=25, TODAY=0, YDAY=8
[LF] SM475 28JAN: LASTSOLD=2026-01-08 00:00:00, WEEKLY=19, TODAY=0, YDAY=0
[LF] SM459 28JAN: LASTSOLD=2026-01-07 00:00:00, WEEKLY=16, TODAY=0, YDAY=0
[LF] SM477 28JAN: LASTSOLD=2026-01-09 00:00:00, WEEKLY=10, TODAY=0, YDAY=2
[LF] SM471 28JAN: LASTSOLD=2026-01-10 00:00:00, WEEKLY=26, TODAY=1, YDAY=3
[LF] Processing CAI-JED for 27JAN
[LF] 27JAN: found 5 direct flights
[LF] SM471 27JAN: BKG=174, GRP=135, CAP=176, LF%=98.9%, Brd-Off=CAI-JED, Classes: P:45, E:90, U:6, X:8, T:17, W:8
[LF] SM477 27JAN: BKG=179, GRP=135, CAP=179, LF%=100.0%, Brd-Off=CAI-JED, Classes: P:135, U:6, X:22, T:15, W:1
[LF] SM459 27JAN: BKG=179, GRP=135, CAP=176, LF%=101.7%, Brd-Off=CAI-JED, Classes: N:3, P:135, U:6, X:26, T:8, S:1
[LF] SM423 27JAN: BKG=156, GRP=135, CAP=179, LF%=87.2%, Brd-Off=CAI-JED, Classes: P:135, U:7, X:4, T:4, W:4, S:2
[LF] SM475 27JAN: BKG=179, GRP=135, CAP=179, LF%=100.0%, Brd-Off=CAI-JED, Classes: P:135, U:5, X:33, T:6
[LF] Getting WEEKLY/LASTSOLD data for 5 flights
[LF] SM471 27JAN: LASTSOLD=2026-01-08 00:00:00, WEEKLY=24, TODAY=0, YDAY=0
[LF] SM477 27JAN: LASTSOLD=2026-01-06 00:00:00, WEEKLY=13, TODAY=0, YDAY=0
[LF] SM459 27JAN: LASTSOLD=2026-01-06 00:00:00, WEEKLY=4, TODAY=0, YDAY=0
[LF] SM423 27JAN: LASTSOLD=2026-01-06 00:00:00, WEEKLY=6, TODAY=0, YDAY=0
[LF] SM475 27JAN: LASTSOLD=2026-01-05 00:00:00, WEEKLY=15, TODAY=0, YDAY=0
[LF] Processing CAI-JED for 26JAN
[LF] 26JAN: found 3 direct flights
[LF] SM475 26JAN: BKG=179, GRP=135, CAP=176, LF%=101.7%, Brd-Off=CAI-JED, Classes: P:135, I:5, U:6, X:16, T:1, W:9, S:5, L:2
[LF] SM477 26JAN: BKG=179, GRP=135, CAP=179, LF%=100.0%, Brd-Off=CAI-JED, Classes: P:135, U:9, X:19, W:14, L:2
[LF] SM459 26JAN: BKG=153, GRP=90, CAP=179, LF%=85.5%, Brd-Off=CAI-JED, Classes: P:90, U:6, X:17, T:17, W:20, S:3
[LF] Getting WEEKLY/LASTSOLD data for 3 flights
[LF] SM475 26JAN: LASTSOLD=2026-01-04 00:00:00, WEEKLY=1, TODAY=0, YDAY=0
[LF] SM477 26JAN: LASTSOLD=2026-01-05 00:00:00, WEEKLY=3, TODAY=0, YDAY=0
[LF] SM459 26JAN: LASTSOLD=2026-01-08 00:00:00, WEEKLY=20, TODAY=0, YDAY=0
[LF] Processing CAI-JED for 25JAN
[LF] 25JAN: found 6 direct flights
[LF] SM475 25JAN: BKG=179, GRP=135, CAP=179, LF%=100.0%, Brd-Off=CAI-JED, Classes: P:135, U:6, X:6, T:2, W:29, K:1
[LF] SM431 25JAN: BKG=179, GRP=175, CAP=179, LF%=100.0%, Brd-Off=CAI-JED, Classes: P:85, E:90, X:4
[LF] SM459 25JAN: BKG=179, GRP=90, CAP=179, LF%=100.0%, Brd-Off=CAI-JED, Classes: N:4, P:90, U:6, X:11, T:20, W:47, L:1
[LF] SM477 25JAN: BKG=178, GRP=135, CAP=179, LF%=99.4%, Brd-Off=CAI-JED, Classes: P:135, U:6, X:7, T:2, W:17, S:11
[LF] SM479 25JAN: BKG=141, GRP=85, CAP=179, LF%=78.8%, Brd-Off=CAI-JED, Classes: P:85, U:5, X:7, T:5, W:29, S:10
[LF] SM951 25JAN: BKG=135, GRP=135, CAP=179, LF%=75.4%, Brd-Off=CAI-JED, Classes: P:135
[LF] Getting WEEKLY/LASTSOLD data for 6 flights
[LF] SM475 25JAN: LASTSOLD=2026-01-08 00:00:00, WEEKLY=19, TODAY=0, YDAY=0
[LF] SM431 25JAN: LASTSOLD=2025-12-25 00:00:00, WEEKLY=0, TODAY=0, YDAY=0
[LF] SM459 25JAN: LASTSOLD=2026-01-10 00:00:00, WEEKLY=56, TODAY=2, YDAY=14
[LF] SM477 25JAN: LASTSOLD=2026-01-07 00:00:00, WEEKLY=13, TODAY=0, YDAY=0
[LF] SM479 25JAN: LASTSOLD=2026-01-09 00:00:00, WEEKLY=28, TODAY=0, YDAY=2
[LF] SM951 25JAN: LASTSOLD=2025-12-10 00:00:00, WEEKLY=0, TODAY=0, YDAY=0
[LF] Processing CAI-JED for 24JAN
[LF] 24JAN: found 4 direct flights
[LF] SM449 24JAN: BKG=179, GRP=135, CAP=179, LF%=100.0%, Brd-Off=CAI-JED, Classes: P:135, I:9, X:5, T:4, W:10, S:16
[LF] SM475 24JAN: BKG=178, GRP=135, CAP=176, LF%=101.1%, Brd-Off=CAI-JED, Classes: P:135, I:9, X:3, T:19, W:6, S:3, K:3
[LF] SM477 24JAN: BKG=176, GRP=135, CAP=179, LF%=98.3%, Brd-Off=CAI-JED, Classes: P:135, U:6, X:7, T:11, W:9, L:7, K:1
[LF] SM423 24JAN: BKG=179, GRP=135, CAP=179, LF%=100.0%, Brd-Off=CAI-JED, Classes: P:135, I:9, O:7, U:8, X:5, T:9, W:5, S:1
[LF] Getting WEEKLY/LASTSOLD data for 4 flights
[LF] SM449 24JAN: LASTSOLD=2026-01-06 00:00:00, WEEKLY=8, TODAY=0, YDAY=0
[LF] SM475 24JAN: LASTSOLD=2026-01-07 00:00:00, WEEKLY=4, TODAY=0, YDAY=0
[LF] SM477 24JAN: LASTSOLD=2026-01-08 00:00:00, WEEKLY=2, TODAY=0, YDAY=0
[LF] SM423 24JAN: LASTSOLD=2025-12-28 00:00:00, WEEKLY=0, TODAY=0, YDAY=0
[LF] Processing CAI-JED for 23JAN
[LF] 23JAN: found 5 direct flights
[LF] SM475 23JAN: BKG=179, GRP=135, CAP=179, LF%=100.0%, Brd-Off=CAI-JED, Classes: P:135, I:8, X:5, T:14, W:10, S:3, L:4
[LF] SM477 23JAN: BKG=179, GRP=135, CAP=179, LF%=100.0%, Brd-Off=CAI-JED, Classes: P:135, I:5, U:1, X:7, T:16, W:8, S:7
[LF] SM479 23JAN: BKG=179, GRP=90, CAP=179, LF%=100.0%, Brd-Off=CAI-JED, Classes: N:2, P:90, I:10, X:3, T:28, W:20, S:21, G:4, K:1
[LF] SM471 23JAN: BKG=101, GRP=0, CAP=179, LF%=56.4%, Brd-Off=CAI-JED, Classes: I:9, X:15, T:24, W:10, S:26, G:17
[LF] SM459 23JAN: BKG=108, GRP=0, CAP=179, LF%=60.3%, Brd-Off=CAI-JED, Classes: I:7, X:3, T:26, W:8, S:37, G:14, L:13
[LF] Getting WEEKLY/LASTSOLD data for 5 flights
[LF] SM475 23JAN: LASTSOLD=2026-01-01 00:00:00, WEEKLY=0, TODAY=0, YDAY=0
[LF] SM477 23JAN: LASTSOLD=2025-12-31 00:00:00, WEEKLY=0, TODAY=0, YDAY=0
[LF][RECONNECT] Connection lost. Attempting reconnect #1...
[LF][INFO] Make sure Chrome is open with remote debugging port
[LF][[OK] SUCCESS] Connected to Chrome on 127.0.0.1:9225 (after 1 attempts)
[LF][[OK] SUCCESS] Found Amadeus Altea window: Altéa Reservation Desktop
[LF][[INFO] INFO] URL: https://tc212.resdesktop.altea.amadeus.com/app_ard/apf/init/login?SITE=ESMPESMP&LANGUAGE=GB&MARKETS=ARDW_PROD_WBP&ACTION=clpLogin
[LF][SUCCESS] Chrome reconnected successfully!
[LF][RESUME] Restoring session context with: SN23JANCAIJED/ASM
[LF][RESUME] Session context restored!
[LF] Processing CAI-JED for 23JAN
[LF] 23JAN: found 5 direct flights
[LF] SM475 23JAN: BKG=179, GRP=135, CAP=179, LF%=100.0%, Brd-Off=CAI-JED, Classes: P:135, I:8, X:5, T:14, W:10, S:3, L:4
[LF] SM477 23JAN: BKG=179, GRP=135, CAP=179, LF%=100.0%, Brd-Off=CAI-JED, Classes: P:135, I:5, U:1, X:7, T:16, W:8, S:7
[LF] SM479 23JAN: BKG=179, GRP=90, CAP=179, LF%=100.0%, Brd-Off=CAI-JED, Classes: N:2, P:90, I:10, X:3, T:28, W:20, S:21, G:4, K:1
[LF] SM471 23JAN: BKG=101, GRP=0, CAP=179, LF%=56.4%, Brd-Off=CAI-JED, Classes: I:9, X:15, T:24, W:10, S:26, G:17
[LF] SM459 23JAN: BKG=108, GRP=0, CAP=179, LF%=60.3%, Brd-Off=CAI-JED, Classes: I:7, X:3, T:26, W:8, S:37, G:14, L:13
[LF] Getting WEEKLY/LASTSOLD data for 5 flights
[LF][SYNC] RETRYING: Cannot focus on command line
[LF][INFO] Will try 50 times before pausing...
[LF] SM475 23JAN: LASTSOLD=2026-01-01 00:00:00, WEEKLY=0, TODAY=0, YDAY=0
[LF] SM477 23JAN: LASTSOLD=2025-12-31 00:00:00, WEEKLY=0, TODAY=0, YDAY=0
[LF] SM479 23JAN: LASTSOLD=2026-01-08 00:00:00, WEEKLY=23, TODAY=0, YDAY=0
[LF] SM471 23JAN: LASTSOLD=2026-01-09 00:00:00, WEEKLY=37, TODAY=0, YDAY=8
[LF] SM459 23JAN: LASTSOLD=2026-01-08 00:00:00, WEEKLY=26, TODAY=0, YDAY=0
[LF] Processing CAI-JED for 22JAN
[LF] 22JAN: found 7 direct flights
[LF] SM449 22JAN: BKG=145, GRP=45, CAP=179, LF%=81.0%, Brd-Off=CAI-JED, Classes: P:45, U:6, X:47, T:19, W:16, S:11, G:1
[LF] SM475 22JAN: BKG=179, GRP=130, CAP=179, LF%=100.0%, Brd-Off=CAI-JED, Classes: P:130, U:7, X:30, T:11, W:1
[LF] SM961 22JAN: BKG=175, GRP=135, CAP=176, LF%=99.4%, Brd-Off=CAI-JED, Classes: P:135, U:2, T:10, W:22, S:6
[LF] SM431 22JAN: BKG=179, GRP=120, CAP=179, LF%=100.0%, Brd-Off=CAI-JED, Classes: N:4, P:120, X:43, T:7, W:3, S:1, K:1
[LF] SM477 22JAN: BKG=180, GRP=143, CAP=179, LF%=100.6%, Brd-Off=CAI-JED, Classes: P:143, U:6, X:7, T:12, S:6, K:6
[LF] SM479 22JAN: BKG=178, GRP=90, CAP=179, LF%=99.4%, Brd-Off=CAI-JED, Classes: N:2, P:90, I:9, X:3, T:26, W:18, S:22, G:7, K:1
[LF] SM423 22JAN: BKG=156, GRP=115, CAP=176, LF%=88.6%, Brd-Off=CAI-JED, Classes: P:90, E:25, I:8, O:1, X:2, T:10, W:4, S:4, G:4, L:4, V:4
[LF] Getting WEEKLY/LASTSOLD data for 7 flights
[LF] SM449 22JAN: LASTSOLD=2026-01-08 00:00:00, WEEKLY=36, TODAY=0, YDAY=0
[LF] SM475 22JAN: LASTSOLD=2026-01-01 00:00:00, WEEKLY=0, TODAY=0, YDAY=0
[LF] SM961 22JAN: LASTSOLD=2026-01-09 00:00:00, WEEKLY=23, TODAY=0, YDAY=1
[LF] SM431 22JAN: LASTSOLD=2026-01-07 00:00:00, WEEKLY=6, TODAY=0, YDAY=0
[LF] SM477 22JAN: LASTSOLD=2025-12-25 00:00:00, WEEKLY=0, TODAY=0, YDAY=0
[LF] SM479 22JAN: LASTSOLD=2026-01-09 00:00:00, WEEKLY=13, TODAY=0, YDAY=3
[LF] SM423 22JAN: LASTSOLD=2026-01-08 00:00:00, WEEKLY=4, TODAY=0, YDAY=0
[LF] Processing CAI-JED for 21JAN
[LF] 21JAN: found 5 direct flights
[LF] SM423 21JAN: BKG=95, GRP=25, CAP=179, LF%=53.1%, Brd-Off=CAI-JED, Classes: E:25, U:5, X:9, T:23, W:29, S:4
[LF] SM475 21JAN: BKG=179, GRP=139, CAP=179, LF%=100.0%, Brd-Off=CAI-JED, Classes: P:94, E:45, U:5, X:20, T:6, W:2, S:7
[LF] SM459 21JAN: BKG=174, GRP=135, CAP=179, LF%=97.2%, Brd-Off=CAI-JED, Classes: P:135, U:6, X:26, T:7
[LF] SM477 21JAN: BKG=179, GRP=135, CAP=179, LF%=100.0%, Brd-Off=CAI-JED, Classes: P:135, U:6, X:32, T:1, K:5
[LF] SM471 21JAN: BKG=179, GRP=135, CAP=179, LF%=100.0%, Brd-Off=CAI-JED, Classes: P:135, U:6, X:35, S:3
[LF] Getting WEEKLY/LASTSOLD data for 5 flights
[LF] SM423 21JAN: LASTSOLD=2026-01-10 00:00:00, WEEKLY=58, TODAY=8, YDAY=17
[LF] SM475 21JAN: LASTSOLD=2026-01-07 00:00:00, WEEKLY=14, TODAY=0, YDAY=0
[LF] SM459 21JAN: LASTSOLD=2026-01-05 00:00:00, WEEKLY=6, TODAY=0, YDAY=0
[LF] SM477 21JAN: LASTSOLD=2026-01-07 00:00:00, WEEKLY=1, TODAY=0, YDAY=0
[LF] SM471 21JAN: LASTSOLD=2026-01-03 00:00:00, WEEKLY=1, TODAY=0, YDAY=0
[LF] Results summary:
  2026-01-31: 4 flights
  2026-01-30: 5 flights
  2026-01-29: 6 flights
  2026-01-28: 5 flights
  2026-01-27: 5 flights
  2026-01-26: 3 flights
  2026-01-25: 6 flights
  2026-01-24: 4 flights
  2026-01-23: 5 flights
  2026-01-22: 7 flights
  2026-01-21: 5 flights

============================================================
[Worker_9225] ✓ COMPLETED: CAI-JED
  Results: 11 dates
  Errors: 0 dates
  Total Processed: 1 groups
============================================================

[Worker_9225] Waiting for tasks...

============================================================
[Worker_9225] Shutdown signal received
Exiting...
============================================================

============================================================
[Worker_9225] FINISHED
  Total Groups Processed: 1
============================================================

