2025-12-31 02:15:11 | INFO     | ======================================================================
2025-12-31 02:15:11 | INFO     | Load Factor Scraper Started - Route: AJF-CAI
2025-12-31 02:15:11 | INFO     | Log file: D:\CODERED\LAB\market_insights\outputs\run_generated_311225_at_02.13\logs\LF_AJF-CAI_20251231_021511.log
2025-12-31 02:15:11 | INFO     | Enhanced logging: Capturing both logging.info() and print()
2025-12-31 02:15:11 | INFO     | ======================================================================
2025-12-31 02:15:11 | INFO     | Starting LF search for route: AJF-CAI
2025-12-31 02:15:11 | INFO     | [START] LF Search
2025-12-31 02:15:12 | INFO     | [HEALTH CHECK] [OK] Chrome connection is healthy
2025-12-31 02:15:12 | INFO     | [DAY_START] Processing 28FEB
2025-12-31 02:15:12 | INFO     | [lf.day.start] Processing AJF-CAI for 28FEB
2025-12-31 02:15:13 | INFO     | [lf.day.flights_found] Found 1 flights on 28FEB
2025-12-31 02:15:15 | INFO     | [lf.flight.extracted] SM322 on 28FEB: BKG=11, LF=6.3%
2025-12-31 02:15:17 | INFO     | [SUCCESS] Day 28FEB
2025-12-31 02:15:17 | INFO     | [DAY_START] Processing 27FEB
2025-12-31 02:15:17 | INFO     | [lf.day.start] Processing AJF-CAI for 27FEB
2025-12-31 02:15:18 | WARNING  | [lf.day.no_flights] No direct flights on 27FEB
2025-12-31 02:15:18 | INFO     | [SUCCESS] Day 27FEB
2025-12-31 02:15:18 | INFO     | [DAY_START] Processing 26FEB
2025-12-31 02:15:18 | INFO     | [lf.day.start] Processing AJF-CAI for 26FEB
2025-12-31 02:15:19 | INFO     | [lf.day.flights_found] Found 1 flights on 26FEB
2025-12-31 02:15:21 | INFO     | [lf.flight.extracted] SM322 on 26FEB: BKG=15, LF=9.0%
2025-12-31 02:15:24 | INFO     | [SUCCESS] Day 26FEB
2025-12-31 02:15:24 | INFO     | [DAY_START] Processing 25FEB
2025-12-31 02:15:24 | INFO     | [lf.day.start] Processing AJF-CAI for 25FEB
2025-12-31 02:15:25 | WARNING  | [lf.day.no_flights] No direct flights on 25FEB
2025-12-31 02:15:25 | INFO     | [SUCCESS] Day 25FEB
2025-12-31 02:15:25 | INFO     | [DAY_START] Processing 24FEB
2025-12-31 02:15:25 | INFO     | [lf.day.start] Processing AJF-CAI for 24FEB
2025-12-31 02:15:26 | INFO     | [lf.day.flights_found] Found 1 flights on 24FEB
2025-12-31 02:15:28 | INFO     | [lf.flight.extracted] SM322 on 24FEB: BKG=17, LF=9.7%
2025-12-31 02:15:31 | INFO     | [SUCCESS] Day 24FEB
2025-12-31 02:15:31 | INFO     | [DAY_START] Processing 23FEB
2025-12-31 02:15:31 | INFO     | [lf.day.start] Processing AJF-CAI for 23FEB
2025-12-31 02:15:32 | WARNING  | [lf.day.no_flights] No direct flights on 23FEB
2025-12-31 02:15:32 | INFO     | [SUCCESS] Day 23FEB
2025-12-31 02:15:32 | INFO     | [DAY_START] Processing 22FEB
2025-12-31 02:15:32 | INFO     | [lf.day.start] Processing AJF-CAI for 22FEB
2025-12-31 02:15:33 | WARNING  | [lf.day.no_flights] No direct flights on 22FEB
2025-12-31 02:15:33 | INFO     | [SUCCESS] Day 22FEB
2025-12-31 02:15:33 | INFO     | [DAY_START] Processing 21FEB
2025-12-31 02:15:33 | INFO     | [lf.day.start] Processing AJF-CAI for 21FEB
2025-12-31 02:15:34 | INFO     | [lf.day.flights_found] Found 1 flights on 21FEB
2025-12-31 02:15:36 | INFO     | [lf.flight.extracted] SM322 on 21FEB: BKG=17, LF=9.7%
2025-12-31 02:15:39 | INFO     | [SUCCESS] Day 21FEB
2025-12-31 02:15:39 | INFO     | [DAY_START] Processing 20FEB
2025-12-31 02:15:39 | INFO     | [lf.day.start] Processing AJF-CAI for 20FEB
2025-12-31 02:15:40 | WARNING  | [lf.day.no_flights] No direct flights on 20FEB
2025-12-31 02:15:40 | INFO     | [SUCCESS] Day 20FEB
2025-12-31 02:15:40 | INFO     | [DAY_START] Processing 19FEB
2025-12-31 02:15:40 | INFO     | [lf.day.start] Processing AJF-CAI for 19FEB
2025-12-31 02:15:41 | INFO     | [lf.day.flights_found] Found 1 flights on 19FEB
2025-12-31 02:15:43 | INFO     | [lf.flight.extracted] SM322 on 19FEB: BKG=3, LF=1.7%
2025-12-31 02:15:45 | INFO     | [SUCCESS] Day 19FEB
2025-12-31 02:15:45 | INFO     | [SUCCESS] LF Search Complete
2025-12-31 02:15:47 | INFO     | [Worker_9222] Completed: AJF-CAI - 10 results, 0 errors
2025-12-31 02:15:47 | INFO     | [Worker_9222] Processing: CAI-MED
2025-12-31 02:15:47 | INFO     |   Tier 0: Range 2, Chunk 1/3 (10 days)
