2025-12-31 02:17:03 | INFO     | ======================================================================
2025-12-31 02:17:03 | INFO     | Load Factor Scraper Started - Route: ATZ-DMM
2025-12-31 02:17:03 | INFO     | Log file: D:\CODERED\LAB\market_insights\outputs\run_generated_311225_at_02.13\logs\LF_ATZ-DMM_20251231_021703.log
2025-12-31 02:17:03 | INFO     | Enhanced logging: Capturing both logging.info() and print()
2025-12-31 02:17:03 | INFO     | ======================================================================
2025-12-31 02:17:03 | INFO     | Starting LF search for route: ATZ-DMM
2025-12-31 02:17:03 | INFO     | [START] LF Search
2025-12-31 02:17:08 | INFO     | [HEALTH CHECK] [OK] Chrome connection is healthy
2025-12-31 02:17:10 | INFO     | [DAY_START] Processing 28FEB
2025-12-31 02:17:10 | INFO     | [lf.day.start] Processing ATZ-DMM for 28FEB
2025-12-31 02:17:14 | WARNING  | [lf.day.no_flights] No direct flights on 28FEB
2025-12-31 02:17:14 | INFO     | [SUCCESS] Day 28FEB
2025-12-31 02:17:14 | INFO     | [DAY_START] Processing 27FEB
2025-12-31 02:17:14 | INFO     | [lf.day.start] Processing ATZ-DMM for 27FEB
2025-12-31 02:17:17 | INFO     | [lf.day.flights_found] Found 1 flights on 27FEB
2025-12-31 02:17:23 | INFO     | [lf.flight.extracted] SM437 on 27FEB: BKG=3, LF=1.7%
2025-12-31 02:17:28 | INFO     | [SUCCESS] Day 27FEB
2025-12-31 02:17:28 | INFO     | [DAY_START] Processing 26FEB
2025-12-31 02:17:28 | INFO     | [lf.day.start] Processing ATZ-DMM for 26FEB
2025-12-31 02:17:29 | WARNING  | [lf.day.no_flights] No direct flights on 26FEB
2025-12-31 02:17:29 | INFO     | [SUCCESS] Day 26FEB
2025-12-31 02:17:29 | INFO     | [DAY_START] Processing 25FEB
2025-12-31 02:17:29 | INFO     | [lf.day.start] Processing ATZ-DMM for 25FEB
2025-12-31 02:17:31 | WARNING  | [lf.day.no_flights] No direct flights on 25FEB
2025-12-31 02:17:31 | INFO     | [SUCCESS] Day 25FEB
2025-12-31 02:17:31 | INFO     | [DAY_START] Processing 24FEB
2025-12-31 02:17:31 | INFO     | [lf.day.start] Processing ATZ-DMM for 24FEB
2025-12-31 02:17:33 | WARNING  | [lf.day.no_flights] No direct flights on 24FEB
2025-12-31 02:17:33 | INFO     | [SUCCESS] Day 24FEB
2025-12-31 02:17:33 | INFO     | [DAY_START] Processing 23FEB
2025-12-31 02:17:33 | INFO     | [lf.day.start] Processing ATZ-DMM for 23FEB
2025-12-31 02:17:35 | INFO     | [lf.day.flights_found] Found 1 flights on 23FEB
