2025-12-31 02:17:01 | INFO     | ======================================================================
2025-12-31 02:17:01 | INFO     | Load Factor Scraper Started - Route: CAI-DMM
2025-12-31 02:17:01 | INFO     | Log file: D:\CODERED\LAB\market_insights\outputs\run_generated_311225_at_02.13\logs\LF_CAI-DMM_20251231_021701.log
2025-12-31 02:17:01 | INFO     | Enhanced logging: Capturing both logging.info() and print()
2025-12-31 02:17:01 | INFO     | ======================================================================
2025-12-31 02:17:01 | INFO     | Starting LF search for route: CAI-DMM
2025-12-31 02:17:01 | INFO     | [START] LF Search
2025-12-31 02:17:08 | INFO     | [HEALTH CHECK] [OK] Chrome connection is healthy
2025-12-31 02:17:10 | INFO     | [DAY_START] Processing 28FEB
2025-12-31 02:17:10 | INFO     | [lf.day.start] Processing CAI-DMM for 28FEB
2025-12-31 02:17:14 | INFO     | [lf.day.flights_found] Found 1 flights on 28FEB
2025-12-31 02:17:20 | INFO     | [lf.flight.extracted] SM433 on 28FEB: BKG=19, LF=10.8%
2025-12-31 02:17:26 | INFO     | [SUCCESS] Day 28FEB
2025-12-31 02:17:26 | INFO     | [DAY_START] Processing 27FEB
2025-12-31 02:17:26 | INFO     | [lf.day.start] Processing CAI-DMM for 27FEB
2025-12-31 02:17:27 | INFO     | [lf.day.flights_found] Found 1 flights on 27FEB
2025-12-31 02:17:30 | INFO     | [lf.flight.extracted] SM433 on 27FEB: BKG=0, LF=0.0%
2025-12-31 02:17:32 | INFO     | [SUCCESS] Day 27FEB
2025-12-31 02:17:32 | INFO     | [DAY_START] Processing 26FEB
2025-12-31 02:17:32 | INFO     | [lf.day.start] Processing CAI-DMM for 26FEB
2025-12-31 02:17:35 | INFO     | [lf.day.flights_found] Found 1 flights on 26FEB
