2025-12-31 02:15:42 | INFO     | ======================================================================
2025-12-31 02:15:42 | INFO     | Load Factor Scraper Started - Route: GIZ-CAI
2025-12-31 02:15:42 | INFO     | Log file: D:\CODERED\LAB\market_insights\outputs\run_generated_311225_at_02.13\logs\LF_GIZ-CAI_20251231_021542.log
2025-12-31 02:15:42 | INFO     | Enhanced logging: Capturing both logging.info() and print()
2025-12-31 02:15:42 | INFO     | ======================================================================
2025-12-31 02:15:42 | INFO     | Starting LF search for route: GIZ-CAI
2025-12-31 02:15:42 | INFO     | [START] LF Search
2025-12-31 02:15:44 | INFO     | [HEALTH CHECK] [OK] Chrome connection is healthy
2025-12-31 02:15:44 | INFO     | [DAY_START] Processing 28FEB
2025-12-31 02:15:44 | INFO     | [lf.day.start] Processing GIZ-CAI for 28FEB
2025-12-31 02:15:45 | WARNING  | [lf.day.no_flights] No direct flights on 28FEB
2025-12-31 02:15:45 | INFO     | [SUCCESS] Day 28FEB
2025-12-31 02:15:45 | INFO     | [DAY_START] Processing 27FEB
2025-12-31 02:15:45 | INFO     | [lf.day.start] Processing GIZ-CAI for 27FEB
2025-12-31 02:15:46 | INFO     | [lf.day.flights_found] Found 1 flights on 27FEB
2025-12-31 02:15:48 | INFO     | [lf.flight.extracted] SM330 on 27FEB: BKG=3, LF=1.7%
2025-12-31 02:15:50 | INFO     | [SUCCESS] Day 27FEB
2025-12-31 02:15:50 | INFO     | [DAY_START] Processing 26FEB
2025-12-31 02:15:50 | INFO     | [lf.day.start] Processing GIZ-CAI for 26FEB
2025-12-31 02:15:51 | WARNING  | [lf.day.no_flights] No direct flights on 26FEB
2025-12-31 02:15:52 | INFO     | [SUCCESS] Day 26FEB
2025-12-31 02:15:52 | INFO     | [DAY_START] Processing 25FEB
2025-12-31 02:15:52 | INFO     | [lf.day.start] Processing GIZ-CAI for 25FEB
2025-12-31 02:15:53 | WARNING  | [lf.day.no_flights] No direct flights on 25FEB
2025-12-31 02:15:53 | INFO     | [SUCCESS] Day 25FEB
2025-12-31 02:15:53 | INFO     | [DAY_START] Processing 24FEB
2025-12-31 02:15:53 | INFO     | [lf.day.start] Processing GIZ-CAI for 24FEB
2025-12-31 02:15:54 | WARNING  | [lf.day.no_flights] No direct flights on 24FEB
2025-12-31 02:15:54 | INFO     | [SUCCESS] Day 24FEB
2025-12-31 02:15:54 | INFO     | [DAY_START] Processing 23FEB
2025-12-31 02:15:54 | INFO     | [lf.day.start] Processing GIZ-CAI for 23FEB
2025-12-31 02:15:55 | WARNING  | [lf.day.no_flights] No direct flights on 23FEB
2025-12-31 02:15:55 | INFO     | [SUCCESS] Day 23FEB
2025-12-31 02:15:55 | INFO     | [DAY_START] Processing 22FEB
2025-12-31 02:15:55 | INFO     | [lf.day.start] Processing GIZ-CAI for 22FEB
2025-12-31 02:15:56 | INFO     | [lf.day.flights_found] Found 1 flights on 22FEB
2025-12-31 02:15:58 | INFO     | [lf.flight.extracted] SM330 on 22FEB: BKG=13, LF=7.4%
2025-12-31 02:16:02 | INFO     | [SUCCESS] Day 22FEB
2025-12-31 02:16:02 | INFO     | [DAY_START] Processing 21FEB
2025-12-31 02:16:02 | INFO     | [lf.day.start] Processing GIZ-CAI for 21FEB
2025-12-31 02:16:03 | WARNING  | [lf.day.no_flights] No direct flights on 21FEB
2025-12-31 02:16:03 | INFO     | [SUCCESS] Day 21FEB
2025-12-31 02:16:03 | INFO     | [DAY_START] Processing 20FEB
2025-12-31 02:16:03 | INFO     | [lf.day.start] Processing GIZ-CAI for 20FEB
2025-12-31 02:16:04 | INFO     | [lf.day.flights_found] Found 1 flights on 20FEB
2025-12-31 02:16:07 | INFO     | [lf.flight.extracted] SM330 on 20FEB: BKG=1, LF=0.6%
2025-12-31 02:16:09 | INFO     | [SUCCESS] Day 20FEB
2025-12-31 02:16:09 | INFO     | [DAY_START] Processing 19FEB
2025-12-31 02:16:09 | INFO     | [lf.day.start] Processing GIZ-CAI for 19FEB
2025-12-31 02:16:10 | WARNING  | [lf.day.no_flights] No direct flights on 19FEB
2025-12-31 02:16:10 | INFO     | [SUCCESS] Day 19FEB
2025-12-31 02:16:10 | INFO     | [SUCCESS] LF Search Complete
2025-12-31 02:16:12 | INFO     | [Worker_9233] Completed: GIZ-CAI - 10 results, 0 errors
2025-12-31 02:16:12 | INFO     | [Worker_9233] Processing: HBE-JED
2025-12-31 02:16:12 | INFO     |   Tier 0: Range 2, Chunk 1/3 (10 days)
