2025-12-31 02:16:12 | INFO     | ======================================================================
2025-12-31 02:16:12 | INFO     | Load Factor Scraper Started - Route: HBE-JED
2025-12-31 02:16:12 | INFO     | Log file: D:\CODERED\LAB\market_insights\outputs\run_generated_311225_at_02.13\logs\LF_HBE-JED_20251231_021612.log
2025-12-31 02:16:12 | INFO     | Enhanced logging: Capturing both logging.info() and print()
2025-12-31 02:16:12 | INFO     | ======================================================================
2025-12-31 02:16:12 | INFO     | Starting LF search for route: HBE-JED
2025-12-31 02:16:12 | INFO     | [START] LF Search
2025-12-31 02:16:14 | INFO     | [HEALTH CHECK] [OK] Chrome connection is healthy
2025-12-31 02:16:14 | INFO     | [DAY_START] Processing 28FEB
2025-12-31 02:16:14 | INFO     | [lf.day.start] Processing HBE-JED for 28FEB
2025-12-31 02:16:15 | INFO     | [lf.day.flights_found] Found 2 flights on 28FEB
2025-12-31 02:16:18 | INFO     | [lf.flight.extracted] SM457 on 28FEB: BKG=162, LF=90.5%
2025-12-31 02:16:21 | INFO     | [lf.flight.extracted] SM451 on 28FEB: BKG=164, LF=91.6%
2025-12-31 02:16:25 | INFO     | [SUCCESS] Day 28FEB
2025-12-31 02:16:25 | INFO     | [DAY_START] Processing 27FEB
2025-12-31 02:16:25 | INFO     | [lf.day.start] Processing HBE-JED for 27FEB
2025-12-31 02:16:26 | INFO     | [lf.day.flights_found] Found 1 flights on 27FEB
2025-12-31 02:16:28 | INFO     | [lf.flight.extracted] SM451 on 27FEB: BKG=165, LF=92.2%
2025-12-31 02:16:32 | INFO     | [SUCCESS] Day 27FEB
2025-12-31 02:16:32 | INFO     | [DAY_START] Processing 26FEB
2025-12-31 02:16:32 | INFO     | [lf.day.start] Processing HBE-JED for 26FEB
2025-12-31 02:16:33 | INFO     | [lf.day.flights_found] Found 1 flights on 26FEB
2025-12-31 02:16:35 | INFO     | [lf.flight.extracted] SM451 on 26FEB: BKG=178, LF=99.4%
2025-12-31 02:16:39 | INFO     | [SUCCESS] Day 26FEB
2025-12-31 02:16:39 | INFO     | [DAY_START] Processing 25FEB
2025-12-31 02:16:39 | INFO     | [lf.day.start] Processing HBE-JED for 25FEB
2025-12-31 02:16:41 | INFO     | [lf.day.flights_found] Found 3 flights on 25FEB
2025-12-31 02:16:44 | INFO     | [lf.flight.extracted] SM451 on 25FEB: BKG=179, LF=100.0%
2025-12-31 02:16:48 | INFO     | [lf.flight.extracted] SM457 on 25FEB: BKG=173, LF=96.7%
2025-12-31 02:16:52 | INFO     | [lf.flight.extracted] SM473 on 25FEB: BKG=178, LF=99.4%
2025-12-31 02:17:02 | INFO     | [SUCCESS] Day 25FEB
2025-12-31 02:17:02 | INFO     | [DAY_START] Processing 24FEB
2025-12-31 02:17:02 | INFO     | [lf.day.start] Processing HBE-JED for 24FEB
2025-12-31 02:17:15 | INFO     | [lf.day.flights_found] Found 1 flights on 24FEB
2025-12-31 02:17:23 | INFO     | [lf.flight.extracted] SM451 on 24FEB: BKG=180, LF=100.6%
2025-12-31 02:17:28 | INFO     | [SUCCESS] Day 24FEB
2025-12-31 02:17:28 | INFO     | [DAY_START] Processing 23FEB
2025-12-31 02:17:28 | INFO     | [lf.day.start] Processing HBE-JED for 23FEB
2025-12-31 02:17:30 | INFO     | [lf.day.flights_found] Found 2 flights on 23FEB
2025-12-31 02:17:35 | INFO     | [lf.flight.extracted] SM457 on 23FEB: BKG=167, LF=93.3%
