2025-12-31 02:15:51 | INFO     | ======================================================================
2025-12-31 02:15:51 | INFO     | Load Factor Scraper Started - Route: HBE-MED
2025-12-31 02:15:51 | INFO     | Log file: D:\CODERED\LAB\market_insights\outputs\run_generated_311225_at_02.13\logs\LF_HBE-MED_20251231_021551.log
2025-12-31 02:15:51 | INFO     | Enhanced logging: Capturing both logging.info() and print()
2025-12-31 02:15:51 | INFO     | ======================================================================
2025-12-31 02:15:51 | INFO     | Starting LF search for route: HBE-MED
2025-12-31 02:15:51 | INFO     | [START] LF Search
2025-12-31 02:15:52 | INFO     | [HEALTH CHECK] [OK] Chrome connection is healthy
2025-12-31 02:15:52 | INFO     | [DAY_START] Processing 28FEB
2025-12-31 02:15:52 | INFO     | [lf.day.start] Processing HBE-MED for 28FEB
2025-12-31 02:15:54 | WARNING  | [lf.day.no_flights] No direct flights on 28FEB
2025-12-31 02:15:54 | INFO     | [SUCCESS] Day 28FEB
2025-12-31 02:15:54 | INFO     | [DAY_START] Processing 27FEB
2025-12-31 02:15:54 | INFO     | [lf.day.start] Processing HBE-MED for 27FEB
2025-12-31 02:15:55 | WARNING  | [lf.day.no_flights] No direct flights on 27FEB
2025-12-31 02:15:55 | INFO     | [SUCCESS] Day 27FEB
2025-12-31 02:15:55 | INFO     | [DAY_START] Processing 26FEB
2025-12-31 02:15:55 | INFO     | [lf.day.start] Processing HBE-MED for 26FEB
2025-12-31 02:15:56 | INFO     | [lf.day.flights_found] Found 1 flights on 26FEB
2025-12-31 02:15:59 | INFO     | [lf.flight.extracted] SM485 on 26FEB: BKG=171, LF=95.5%
2025-12-31 02:16:02 | INFO     | [SUCCESS] Day 26FEB
2025-12-31 02:16:02 | INFO     | [DAY_START] Processing 25FEB
2025-12-31 02:16:02 | INFO     | [lf.day.start] Processing HBE-MED for 25FEB
2025-12-31 02:16:03 | INFO     | [lf.day.flights_found] Found 1 flights on 25FEB
2025-12-31 02:16:05 | INFO     | [lf.flight.extracted] SM485 on 25FEB: BKG=176, LF=98.3%
2025-12-31 02:16:08 | INFO     | [SUCCESS] Day 25FEB
2025-12-31 02:16:08 | INFO     | [DAY_START] Processing 24FEB
2025-12-31 02:16:08 | INFO     | [lf.day.start] Processing HBE-MED for 24FEB
2025-12-31 02:16:09 | INFO     | [lf.day.flights_found] Found 1 flights on 24FEB
2025-12-31 02:16:11 | INFO     | [lf.flight.extracted] SM485 on 24FEB: BKG=174, LF=97.2%
2025-12-31 02:16:14 | INFO     | [SUCCESS] Day 24FEB
2025-12-31 02:16:14 | INFO     | [DAY_START] Processing 23FEB
2025-12-31 02:16:14 | INFO     | [lf.day.start] Processing HBE-MED for 23FEB
2025-12-31 02:16:16 | INFO     | [lf.day.flights_found] Found 1 flights on 23FEB
2025-12-31 02:16:18 | INFO     | [lf.flight.extracted] SM951 on 23FEB: BKG=172, LF=97.7%
2025-12-31 02:16:21 | INFO     | [SUCCESS] Day 23FEB
2025-12-31 02:16:21 | INFO     | [DAY_START] Processing 22FEB
2025-12-31 02:16:21 | INFO     | [lf.day.start] Processing HBE-MED for 22FEB
2025-12-31 02:16:22 | INFO     | [lf.day.flights_found] Found 2 flights on 22FEB
2025-12-31 02:16:24 | INFO     | [lf.flight.extracted] SM485 on 22FEB: BKG=177, LF=98.9%
2025-12-31 02:16:28 | INFO     | [lf.flight.extracted] SM973 on 22FEB: BKG=175, LF=97.8%
2025-12-31 02:16:32 | INFO     | [SUCCESS] Day 22FEB
2025-12-31 02:16:32 | INFO     | [DAY_START] Processing 21FEB
2025-12-31 02:16:32 | INFO     | [lf.day.start] Processing HBE-MED for 21FEB
2025-12-31 02:16:33 | WARNING  | [lf.day.no_flights] No direct flights on 21FEB
2025-12-31 02:16:33 | INFO     | [SUCCESS] Day 21FEB
2025-12-31 02:16:33 | INFO     | [DAY_START] Processing 20FEB
2025-12-31 02:16:33 | INFO     | [lf.day.start] Processing HBE-MED for 20FEB
2025-12-31 02:16:35 | WARNING  | [lf.day.no_flights] No direct flights on 20FEB
2025-12-31 02:16:35 | INFO     | [SUCCESS] Day 20FEB
2025-12-31 02:16:35 | INFO     | [DAY_START] Processing 19FEB
2025-12-31 02:16:35 | INFO     | [lf.day.start] Processing HBE-MED for 19FEB
2025-12-31 02:16:36 | INFO     | [lf.day.flights_found] Found 1 flights on 19FEB
2025-12-31 02:16:39 | INFO     | [lf.flight.extracted] SM485 on 19FEB: BKG=170, LF=95.0%
2025-12-31 02:16:43 | INFO     | [SUCCESS] Day 19FEB
2025-12-31 02:16:43 | INFO     | [SUCCESS] LF Search Complete
2025-12-31 02:16:45 | INFO     | [Worker_9234] Completed: HBE-MED - 10 results, 0 errors
2025-12-31 02:16:45 | INFO     | [Worker_9234] Processing: ASW-JED
2025-12-31 02:16:45 | INFO     |   Tier 0: Range 2, Chunk 1/3 (10 days)
