2026-01-04 09:21:38,862 | INFO     | [Worker_9224] Completed: JED-HBE - 7 results, 0 errors
2026-01-04 09:21:38,864 | INFO     | [Worker_9224] Processing: JED-CAI
2026-01-04 09:21:38,864 | INFO     |   Tier 0: Range 1, Chunk 2/4 (7 days)
2026-01-04 09:25:36,575 | INFO     | [Worker_9224] Completed: JED-CAI - 7 results, 0 errors
2026-01-04 09:25:36,576 | INFO     | [Worker_9224] Processing: YNB-CAI
2026-01-04 09:25:36,576 | INFO     |   Tier 0: Range 1, Chunk 3/4 (7 days)
2026-01-04 09:26:52,018 | INFO     | [Worker_9224] Completed: YNB-CAI - 7 results, 0 errors
2026-01-04 09:26:52,023 | INFO     | [Worker_9224] Processing: JED-ASW
2026-01-04 09:26:52,024 | INFO     |   Tier 0: Range 1, Chunk 4/4 (7 days)
2026-01-04 09:27:04,737 | INFO     | [Worker_9224] Completed: JED-ASW - 6 results, 0 errors
2026-01-04 09:27:04,738 | INFO     | [Worker_9224] Processing: DMM-CAI
2026-01-04 09:27:04,738 | INFO     |   Tier 0: Range 1, Chunk 4/4 (7 days)
2026-01-04 09:27:38,132 | INFO     | [Worker_9224] Completed: DMM-CAI - 6 results, 0 errors
2026-01-04 09:27:38,136 | INFO     | [Worker_9224] Processing: AJF-CAI
2026-01-04 09:27:38,137 | INFO     |   Tier 0: Range 1, Chunk 4/4 (7 days)
2026-01-04 09:28:24,934 | INFO     | [Worker_9224] Completed: AJF-CAI - 6 results, 0 errors
2026-01-04 09:28:24,937 | INFO     | [Worker_9224] Processing: GIZ-CAI
2026-01-04 09:28:24,937 | INFO     |   Tier 0: Range 1, Chunk 4/4 (7 days)
2026-01-04 09:28:47,644 | INFO     | [Worker_9224] Completed: GIZ-CAI - 6 results, 0 errors
2026-01-04 09:49:09,679 | INFO     | [Worker_9224] Shutdown signal received, exiting...
2026-01-04 09:49:09,683 | INFO     | [Worker_9224] Finished. Processed 7 groups.
