2026-01-04 09:20:12,590 | INFO     | [Worker_9233] Completed: JED-LXR - 7 results, 0 errors
2026-01-04 09:20:12,591 | INFO     | [Worker_9233] Processing: DMM-CAI
2026-01-04 09:20:12,592 | INFO     |   Tier 0: Range 1, Chunk 1/4 (7 days)
2026-01-04 09:20:43,442 | INFO     | [Worker_9233] Completed: DMM-CAI - 7 results, 0 errors
2026-01-04 09:20:43,443 | INFO     | [Worker_9233] Processing: YNB-CAI
2026-01-04 09:20:43,443 | INFO     |   Tier 0: Range 1, Chunk 1/4 (7 days)
2026-01-04 09:21:40,545 | INFO     | [Worker_9233] Completed: YNB-CAI - 7 results, 0 errors
2026-01-04 09:21:40,546 | INFO     | [Worker_9233] Processing: JED-HBE
2026-01-04 09:21:40,546 | INFO     |   Tier 0: Range 1, Chunk 2/4 (7 days)
2026-01-04 09:23:23,390 | INFO     | [Worker_9233] Completed: JED-HBE - 7 results, 0 errors
2026-01-04 09:23:23,391 | INFO     | [Worker_9233] Processing: AHB-CAI
2026-01-04 09:23:23,391 | INFO     |   Tier 0: Range 1, Chunk 2/4 (7 days)
2026-01-04 09:23:54,392 | INFO     | [Worker_9233] Completed: AHB-CAI - 7 results, 0 errors
2026-01-04 09:23:54,394 | INFO     | [Worker_9233] Processing: JED-ATZ
2026-01-04 09:23:54,395 | INFO     |   Tier 0: Range 1, Chunk 3/4 (7 days)
2026-01-04 09:26:40,520 | INFO     | [Worker_9233] Completed: JED-ATZ - 7 results, 0 errors
2026-01-04 09:26:40,522 | INFO     | [Worker_9233] Processing: JED-ATZ
2026-01-04 09:26:40,522 | INFO     |   Tier 0: Range 1, Chunk 4/4 (7 days)
2026-01-04 09:29:10,537 | INFO     | [Worker_9233] Completed: JED-ATZ - 6 results, 0 errors
2026-01-04 09:49:07,523 | INFO     | [Worker_9233] Shutdown signal received, exiting...
2026-01-04 09:49:07,527 | INFO     | [Worker_9233] Finished. Processed 7 groups.
