2026-01-05 05:37:59,803 | INFO     | [Worker_9225] Completed: JED-LXR - 9 results, 0 errors
2026-01-05 05:37:59,804 | INFO     | [Worker_9225] Processing: DMM-CAI
2026-01-05 05:37:59,805 | INFO     |   Tier 0: Range 1, Chunk 1/3 (9 days)
2026-01-05 05:38:53,868 | INFO     | [Worker_9225] Completed: DMM-CAI - 9 results, 0 errors
2026-01-05 05:38:53,869 | INFO     | [Worker_9225] Processing: AHB-CAI
2026-01-05 05:38:53,869 | INFO     |   Tier 0: Range 1, Chunk 1/3 (9 days)
2026-01-05 05:39:39,600 | INFO     | [Worker_9225] Completed: AHB-CAI - 9 results, 0 errors
2026-01-05 05:39:39,603 | INFO     | [Worker_9225] Processing: MED-HBE
2026-01-05 05:39:39,603 | INFO     |   Tier 0: Range 1, Chunk 2/3 (9 days)
2026-01-05 05:40:49,221 | INFO     | [Worker_9225] Completed: MED-HBE - 9 results, 0 errors
2026-01-05 05:40:49,223 | INFO     | [Worker_9225] Processing: RUH-ATZ
2026-01-05 05:40:49,223 | INFO     |   Tier 0: Range 1, Chunk 2/3 (9 days)
2026-01-05 05:41:32,264 | INFO     | [Worker_9225] Completed: RUH-ATZ - 9 results, 0 errors
2026-01-05 05:41:32,267 | INFO     | [Worker_9225] Processing: TUU-ATZ
2026-01-05 05:41:32,267 | INFO     |   Tier 0: Range 1, Chunk 2/3 (9 days)
2026-01-05 05:41:53,306 | INFO     | [Worker_9225] Completed: TUU-ATZ - 9 results, 0 errors
2026-01-05 05:41:53,307 | INFO     | [Worker_9225] Processing: YNB-CAI
2026-01-05 05:41:53,308 | INFO     |   Tier 0: Range 1, Chunk 2/3 (9 days)
2026-01-05 05:43:39,272 | INFO     | [Worker_9225] Completed: YNB-CAI - 9 results, 0 errors
2026-01-05 05:43:39,274 | INFO     | [Worker_9225] Processing: JED-LXR
2026-01-05 05:43:39,274 | INFO     |   Tier 0: Range 1, Chunk 3/3 (9 days)
2026-01-05 05:45:57,642 | INFO     | [Worker_9225] Completed: JED-LXR - 8 results, 0 errors
2026-01-05 05:51:28,195 | INFO     | [Worker_9225] Shutdown signal received, exiting...
2026-01-05 05:51:28,197 | INFO     | [Worker_9225] Finished. Processed 8 groups.
