2025-12-30 17:23:32 | INFO     | ======================================================================
2025-12-30 17:23:32 | INFO     | Load Factor Scraper Started - Route: ATZ-AHB
2025-12-30 17:23:32 | INFO     | Log file: D:\CODERED\LAB\market_insights\outputs\run_generated_301225_at_17.09\logs\LF_ATZ-AHB_20251230_172332.log
2025-12-30 17:23:32 | INFO     | Enhanced logging: Capturing both logging.info() and print()
2025-12-30 17:23:32 | INFO     | ======================================================================
2025-12-30 17:23:32 | INFO     | Starting LF search for route: ATZ-AHB
2025-12-30 17:23:32 | INFO     | [START] LF Search
2025-12-30 17:23:33 | INFO     | [HEALTH CHECK] [OK] Chrome connection is healthy
2025-12-30 17:23:34 | INFO     | [DAY_START] Processing 09FEB
2025-12-30 17:23:34 | INFO     | [lf.day.start] Processing ATZ-AHB for 09FEB
2025-12-30 17:23:35 | WARNING  | [lf.day.no_flights] No direct flights on 09FEB
2025-12-30 17:23:35 | INFO     | [SUCCESS] Day 09FEB
2025-12-30 17:23:35 | INFO     | [DAY_START] Processing 08FEB
2025-12-30 17:23:35 | INFO     | [lf.day.start] Processing ATZ-AHB for 08FEB
2025-12-30 17:23:36 | WARNING  | [lf.day.no_flights] No direct flights on 08FEB
2025-12-30 17:23:36 | INFO     | [SUCCESS] Day 08FEB
2025-12-30 17:23:36 | INFO     | [DAY_START] Processing 07FEB
2025-12-30 17:23:36 | INFO     | [lf.day.start] Processing ATZ-AHB for 07FEB
2025-12-30 17:23:37 | WARNING  | [lf.day.no_flights] No direct flights on 07FEB
2025-12-30 17:23:38 | INFO     | [SUCCESS] Day 07FEB
2025-12-30 17:23:38 | INFO     | [DAY_START] Processing 06FEB
2025-12-30 17:23:38 | INFO     | [lf.day.start] Processing ATZ-AHB for 06FEB
2025-12-30 17:23:39 | INFO     | [lf.day.flights_found] Found 1 flights on 06FEB
2025-12-30 17:23:41 | INFO     | [lf.flight.extracted] SM445 on 06FEB: BKG=6, LF=3.4%
2025-12-30 17:23:44 | INFO     | [SUCCESS] Day 06FEB
2025-12-30 17:23:44 | INFO     | [DAY_START] Processing 05FEB
2025-12-30 17:23:44 | INFO     | [lf.day.start] Processing ATZ-AHB for 05FEB
2025-12-30 17:23:45 | WARNING  | [lf.day.no_flights] No direct flights on 05FEB
2025-12-30 17:23:45 | INFO     | [SUCCESS] Day 05FEB
2025-12-30 17:23:45 | INFO     | [DAY_START] Processing 04FEB
2025-12-30 17:23:45 | INFO     | [lf.day.start] Processing ATZ-AHB for 04FEB
2025-12-30 17:23:46 | WARNING  | [lf.day.no_flights] No direct flights on 04FEB
2025-12-30 17:23:47 | INFO     | [SUCCESS] Day 04FEB
2025-12-30 17:23:47 | INFO     | [DAY_START] Processing 03FEB
2025-12-30 17:23:47 | INFO     | [lf.day.start] Processing ATZ-AHB for 03FEB
2025-12-30 17:23:48 | WARNING  | [lf.day.no_flights] No direct flights on 03FEB
2025-12-30 17:23:48 | INFO     | [SUCCESS] Day 03FEB
2025-12-30 17:23:48 | INFO     | [DAY_START] Processing 02FEB
2025-12-30 17:23:48 | INFO     | [lf.day.start] Processing ATZ-AHB for 02FEB
2025-12-30 17:23:49 | WARNING  | [lf.day.no_flights] No direct flights on 02FEB
2025-12-30 17:23:49 | INFO     | [SUCCESS] Day 02FEB
2025-12-30 17:23:49 | INFO     | [DAY_START] Processing 01FEB
2025-12-30 17:23:49 | INFO     | [lf.day.start] Processing ATZ-AHB for 01FEB
2025-12-30 17:23:50 | WARNING  | [lf.day.no_flights] No direct flights on 01FEB
2025-12-30 17:23:51 | INFO     | [SUCCESS] Day 01FEB
2025-12-30 17:23:51 | INFO     | [SUCCESS] LF Search Complete
2025-12-30 17:23:53 | INFO     | [Worker_9223] Completed: ATZ-AHB - 9 results, 0 errors
2025-12-30 17:23:53 | INFO     | [Worker_9223] Processing: MED-CAI
2025-12-30 17:23:53 | INFO     |   Tier 0: Range 1 (33 days)
