2025-12-30 17:37:48 | INFO     | ======================================================================
2025-12-30 17:37:48 | INFO     | Load Factor Scraper Started - Route: ATZ-TUU
2025-12-30 17:37:48 | INFO     | Log file: D:\CODERED\LAB\market_insights\outputs\run_generated_301225_at_17.09\logs\LF_ATZ-TUU_20251230_173748.log
2025-12-30 17:37:48 | INFO     | Enhanced logging: Capturing both logging.info() and print()
2025-12-30 17:37:48 | INFO     | ======================================================================
2025-12-30 17:37:48 | INFO     | Starting LF search for route: ATZ-TUU
2025-12-30 17:37:48 | INFO     | [START] LF Search
2025-12-30 17:37:51 | INFO     | [HEALTH CHECK] [OK] Chrome connection is healthy
2025-12-30 17:37:52 | INFO     | [DAY_START] Processing 31JAN
2025-12-30 17:37:52 | INFO     | [lf.day.start] Processing ATZ-TUU for 31JAN
2025-12-30 17:37:54 | WARNING  | [lf.day.no_flights] No direct flights on 31JAN
2025-12-30 17:37:54 | INFO     | [SUCCESS] Day 31JAN
2025-12-30 17:37:54 | INFO     | [DAY_START] Processing 30JAN
2025-12-30 17:37:54 | INFO     | [lf.day.start] Processing ATZ-TUU for 30JAN
2025-12-30 17:37:55 | INFO     | [lf.day.flights_found] Found 1 flights on 30JAN
2025-12-30 17:37:57 | INFO     | [lf.flight.extracted] SM327 on 30JAN: BKG=8, LF=4.5%
2025-12-30 17:38:00 | INFO     | [SUCCESS] Day 30JAN
2025-12-30 17:38:00 | INFO     | [DAY_START] Processing 29JAN
2025-12-30 17:38:00 | INFO     | [lf.day.start] Processing ATZ-TUU for 29JAN
2025-12-30 17:38:01 | WARNING  | [lf.day.no_flights] No direct flights on 29JAN
2025-12-30 17:38:01 | INFO     | [SUCCESS] Day 29JAN
2025-12-30 17:38:01 | INFO     | [DAY_START] Processing 28JAN
2025-12-30 17:38:01 | INFO     | [lf.day.start] Processing ATZ-TUU for 28JAN
2025-12-30 17:38:03 | WARNING  | [lf.day.no_flights] No direct flights on 28JAN
2025-12-30 17:38:03 | INFO     | [SUCCESS] Day 28JAN
2025-12-30 17:38:03 | INFO     | [DAY_START] Processing 27JAN
2025-12-30 17:38:03 | INFO     | [lf.day.start] Processing ATZ-TUU for 27JAN
2025-12-30 17:38:05 | WARNING  | [lf.day.no_flights] No direct flights on 27JAN
2025-12-30 17:38:05 | INFO     | [SUCCESS] Day 27JAN
2025-12-30 17:38:05 | INFO     | [DAY_START] Processing 26JAN
2025-12-30 17:38:05 | INFO     | [lf.day.start] Processing ATZ-TUU for 26JAN
2025-12-30 17:38:06 | WARNING  | [lf.day.no_flights] No direct flights on 26JAN
2025-12-30 17:38:06 | INFO     | [SUCCESS] Day 26JAN
2025-12-30 17:38:06 | INFO     | [DAY_START] Processing 25JAN
2025-12-30 17:38:06 | INFO     | [lf.day.start] Processing ATZ-TUU for 25JAN
2025-12-30 17:38:08 | WARNING  | [lf.day.no_flights] No direct flights on 25JAN
2025-12-30 17:38:08 | INFO     | [SUCCESS] Day 25JAN
2025-12-30 17:38:08 | INFO     | [DAY_START] Processing 24JAN
2025-12-30 17:38:08 | INFO     | [lf.day.start] Processing ATZ-TUU for 24JAN
2025-12-30 17:38:09 | WARNING  | [lf.day.no_flights] No direct flights on 24JAN
2025-12-30 17:38:09 | INFO     | [SUCCESS] Day 24JAN
2025-12-30 17:38:09 | INFO     | [DAY_START] Processing 23JAN
2025-12-30 17:38:09 | INFO     | [lf.day.start] Processing ATZ-TUU for 23JAN
2025-12-30 17:38:10 | INFO     | [lf.day.flights_found] Found 1 flights on 23JAN
2025-12-30 17:38:12 | INFO     | [lf.flight.extracted] SM327 on 23JAN: BKG=7, LF=3.9%
2025-12-30 17:38:15 | INFO     | [SUCCESS] Day 23JAN
2025-12-30 17:38:15 | INFO     | [DAY_START] Processing 22JAN
2025-12-30 17:38:15 | INFO     | [lf.day.start] Processing ATZ-TUU for 22JAN
2025-12-30 17:38:16 | WARNING  | [lf.day.no_flights] No direct flights on 22JAN
2025-12-30 17:38:16 | INFO     | [SUCCESS] Day 22JAN
2025-12-30 17:38:16 | INFO     | [DAY_START] Processing 21JAN
2025-12-30 17:38:16 | INFO     | [lf.day.start] Processing ATZ-TUU for 21JAN
2025-12-30 17:38:17 | WARNING  | [lf.day.no_flights] No direct flights on 21JAN
2025-12-30 17:38:17 | INFO     | [SUCCESS] Day 21JAN
2025-12-30 17:38:17 | INFO     | [DAY_START] Processing 20JAN
2025-12-30 17:38:17 | INFO     | [lf.day.start] Processing ATZ-TUU for 20JAN
2025-12-30 17:38:18 | WARNING  | [lf.day.no_flights] No direct flights on 20JAN
2025-12-30 17:38:18 | INFO     | [SUCCESS] Day 20JAN
2025-12-30 17:38:18 | INFO     | [DAY_START] Processing 19JAN
2025-12-30 17:38:18 | INFO     | [lf.day.start] Processing ATZ-TUU for 19JAN
2025-12-30 17:38:19 | WARNING  | [lf.day.no_flights] No direct flights on 19JAN
2025-12-30 17:38:19 | INFO     | [SUCCESS] Day 19JAN
2025-12-30 17:38:19 | INFO     | [DAY_START] Processing 18JAN
2025-12-30 17:38:19 | INFO     | [lf.day.start] Processing ATZ-TUU for 18JAN
2025-12-30 17:38:20 | WARNING  | [lf.day.no_flights] No direct flights on 18JAN
2025-12-30 17:38:20 | INFO     | [SUCCESS] Day 18JAN
2025-12-30 17:38:20 | INFO     | [DAY_START] Processing 17JAN
2025-12-30 17:38:20 | INFO     | [lf.day.start] Processing ATZ-TUU for 17JAN
2025-12-30 17:38:22 | WARNING  | [lf.day.no_flights] No direct flights on 17JAN
2025-12-30 17:38:22 | INFO     | [SUCCESS] Day 17JAN
2025-12-30 17:38:22 | INFO     | [DAY_START] Processing 16JAN
2025-12-30 17:38:22 | INFO     | [lf.day.start] Processing ATZ-TUU for 16JAN
2025-12-30 17:38:23 | INFO     | [lf.day.flights_found] Found 1 flights on 16JAN
2025-12-30 17:38:25 | INFO     | [lf.flight.extracted] SM327 on 16JAN: BKG=6, LF=3.4%
2025-12-30 17:38:28 | INFO     | [SUCCESS] Day 16JAN
2025-12-30 17:38:28 | INFO     | [DAY_START] Processing 15JAN
2025-12-30 17:38:28 | INFO     | [lf.day.start] Processing ATZ-TUU for 15JAN
2025-12-30 17:38:30 | WARNING  | [lf.day.no_flights] No direct flights on 15JAN
2025-12-30 17:38:30 | INFO     | [SUCCESS] Day 15JAN
2025-12-30 17:38:30 | INFO     | [DAY_START] Processing 14JAN
2025-12-30 17:38:30 | INFO     | [lf.day.start] Processing ATZ-TUU for 14JAN
2025-12-30 17:38:31 | WARNING  | [lf.day.no_flights] No direct flights on 14JAN
2025-12-30 17:38:31 | INFO     | [SUCCESS] Day 14JAN
2025-12-30 17:38:31 | INFO     | [DAY_START] Processing 13JAN
2025-12-30 17:38:31 | INFO     | [lf.day.start] Processing ATZ-TUU for 13JAN
2025-12-30 17:38:32 | WARNING  | [lf.day.no_flights] No direct flights on 13JAN
2025-12-30 17:38:32 | INFO     | [SUCCESS] Day 13JAN
2025-12-30 17:38:32 | INFO     | [DAY_START] Processing 12JAN
2025-12-30 17:38:32 | INFO     | [lf.day.start] Processing ATZ-TUU for 12JAN
2025-12-30 17:38:33 | WARNING  | [lf.day.no_flights] No direct flights on 12JAN
2025-12-30 17:38:33 | INFO     | [SUCCESS] Day 12JAN
2025-12-30 17:38:33 | INFO     | [DAY_START] Processing 11JAN
2025-12-30 17:38:33 | INFO     | [lf.day.start] Processing ATZ-TUU for 11JAN
2025-12-30 17:38:34 | WARNING  | [lf.day.no_flights] No direct flights on 11JAN
2025-12-30 17:38:34 | INFO     | [SUCCESS] Day 11JAN
2025-12-30 17:38:34 | INFO     | [DAY_START] Processing 10JAN
2025-12-30 17:38:34 | INFO     | [lf.day.start] Processing ATZ-TUU for 10JAN
2025-12-30 17:38:35 | WARNING  | [lf.day.no_flights] No direct flights on 10JAN
2025-12-30 17:38:35 | INFO     | [SUCCESS] Day 10JAN
2025-12-30 17:38:35 | INFO     | [DAY_START] Processing 09JAN
2025-12-30 17:38:35 | INFO     | [lf.day.start] Processing ATZ-TUU for 09JAN
2025-12-30 17:38:36 | INFO     | [lf.day.flights_found] Found 1 flights on 09JAN
2025-12-30 17:38:39 | INFO     | [lf.flight.extracted] SM327 on 09JAN: BKG=27, LF=15.1%
2025-12-30 17:38:42 | INFO     | [SUCCESS] Day 09JAN
2025-12-30 17:38:42 | INFO     | [DAY_START] Processing 08JAN
2025-12-30 17:38:42 | INFO     | [lf.day.start] Processing ATZ-TUU for 08JAN
2025-12-30 17:38:43 | WARNING  | [lf.day.no_flights] No direct flights on 08JAN
2025-12-30 17:38:43 | INFO     | [SUCCESS] Day 08JAN
2025-12-30 17:38:43 | INFO     | [DAY_START] Processing 07JAN
2025-12-30 17:38:43 | INFO     | [lf.day.start] Processing ATZ-TUU for 07JAN
2025-12-30 17:38:44 | WARNING  | [lf.day.no_flights] No direct flights on 07JAN
2025-12-30 17:38:45 | INFO     | [SUCCESS] Day 07JAN
2025-12-30 17:38:45 | INFO     | [DAY_START] Processing 06JAN
2025-12-30 17:38:45 | INFO     | [lf.day.start] Processing ATZ-TUU for 06JAN
2025-12-30 17:38:46 | WARNING  | [lf.day.no_flights] No direct flights on 06JAN
2025-12-30 17:38:46 | INFO     | [SUCCESS] Day 06JAN
2025-12-30 17:38:46 | INFO     | [DAY_START] Processing 05JAN
2025-12-30 17:38:46 | INFO     | [lf.day.start] Processing ATZ-TUU for 05JAN
2025-12-30 17:38:47 | WARNING  | [lf.day.no_flights] No direct flights on 05JAN
2025-12-30 17:38:47 | INFO     | [SUCCESS] Day 05JAN
2025-12-30 17:38:47 | INFO     | [DAY_START] Processing 04JAN
2025-12-30 17:38:47 | INFO     | [lf.day.start] Processing ATZ-TUU for 04JAN
2025-12-30 17:38:48 | WARNING  | [lf.day.no_flights] No direct flights on 04JAN
2025-12-30 17:38:49 | INFO     | [SUCCESS] Day 04JAN
2025-12-30 17:38:49 | INFO     | [DAY_START] Processing 03JAN
2025-12-30 17:38:49 | INFO     | [lf.day.start] Processing ATZ-TUU for 03JAN
2025-12-30 17:38:50 | WARNING  | [lf.day.no_flights] No direct flights on 03JAN
2025-12-30 17:38:50 | INFO     | [SUCCESS] Day 03JAN
2025-12-30 17:38:50 | INFO     | [DAY_START] Processing 02JAN
2025-12-30 17:38:50 | INFO     | [lf.day.start] Processing ATZ-TUU for 02JAN
2025-12-30 17:38:51 | INFO     | [lf.day.flights_found] Found 1 flights on 02JAN
2025-12-30 17:38:53 | INFO     | [lf.flight.extracted] SM327 on 02JAN: BKG=50, LF=27.9%
2025-12-30 17:38:58 | INFO     | [SUCCESS] Day 02JAN
2025-12-30 17:38:58 | INFO     | [DAY_START] Processing 01JAN
2025-12-30 17:38:58 | INFO     | [lf.day.start] Processing ATZ-TUU for 01JAN
2025-12-30 17:38:59 | WARNING  | [lf.day.no_flights] No direct flights on 01JAN
2025-12-30 17:38:59 | INFO     | [SUCCESS] Day 01JAN
2025-12-30 17:38:59 | INFO     | [DAY_START] Processing 31DEC
2025-12-30 17:38:59 | INFO     | [lf.day.start] Processing ATZ-TUU for 31DEC
2025-12-30 17:39:01 | WARNING  | [lf.day.no_flights] No direct flights on 31DEC
2025-12-30 17:39:01 | INFO     | [SUCCESS] Day 31DEC
2025-12-30 17:39:01 | INFO     | [SUCCESS] LF Search Complete
2025-12-30 17:39:03 | INFO     | [Worker_9222] Completed: ATZ-TUU - 32 results, 0 errors
2025-12-30 17:39:03 | INFO     | [Worker_9222] Processing: CAI-AHB
2025-12-30 17:39:03 | INFO     |   Tier 0: Range 1 (33 days)
