2025-12-30 17:18:15 | INFO     | ======================================================================
2025-12-30 17:18:15 | INFO     | Load Factor Scraper Started - Route: ATZ-DMM
2025-12-30 17:18:15 | INFO     | Log file: D:\CODERED\LAB\market_insights\outputs\run_generated_301225_at_17.09\logs\LF_ATZ-DMM_20251230_171815.log
2025-12-30 17:18:15 | INFO     | Enhanced logging: Capturing both logging.info() and print()
2025-12-30 17:18:15 | INFO     | ======================================================================
2025-12-30 17:18:15 | INFO     | Starting LF search for route: ATZ-DMM
2025-12-30 17:18:15 | INFO     | [START] LF Search
2025-12-30 17:18:16 | INFO     | [HEALTH CHECK] [OK] Chrome connection is healthy
2025-12-30 17:18:17 | INFO     | [DAY_START] Processing 18FEB
2025-12-30 17:18:17 | INFO     | [lf.day.start] Processing ATZ-DMM for 18FEB
2025-12-30 17:18:18 | WARNING  | [lf.day.no_flights] No direct flights on 18FEB
2025-12-30 17:18:18 | INFO     | [SUCCESS] Day 18FEB
2025-12-30 17:18:18 | INFO     | [DAY_START] Processing 17FEB
2025-12-30 17:18:18 | INFO     | [lf.day.start] Processing ATZ-DMM for 17FEB
2025-12-30 17:18:19 | WARNING  | [lf.day.no_flights] No direct flights on 17FEB
2025-12-30 17:18:19 | INFO     | [SUCCESS] Day 17FEB
2025-12-30 17:18:19 | INFO     | [DAY_START] Processing 16FEB
2025-12-30 17:18:19 | INFO     | [lf.day.start] Processing ATZ-DMM for 16FEB
2025-12-30 17:18:21 | INFO     | [lf.day.flights_found] Found 1 flights on 16FEB
2025-12-30 17:18:24 | INFO     | [lf.flight.extracted] SM437 on 16FEB: BKG=2, LF=1.1%
2025-12-30 17:18:28 | ERROR    | Atomic write failed for D:\CODERED\LAB\market_insights\outputs\run_generated_301225_at_17.09\checkpoints\flight_booking_data.json: [WinError 2] The system cannot find the file specified: 'D:\\CODERED\\LAB\\market_insights\\outputs\\run_generated_301225_at_17.09\\checkpoints\\flight_booking_data.json'
2025-12-30 17:18:28 | INFO     | [SUCCESS] Day 16FEB
2025-12-30 17:18:28 | INFO     | [DAY_START] Processing 15FEB
2025-12-30 17:18:28 | INFO     | [lf.day.start] Processing ATZ-DMM for 15FEB
2025-12-30 17:18:30 | WARNING  | [lf.day.no_flights] No direct flights on 15FEB
2025-12-30 17:18:30 | INFO     | [SUCCESS] Day 15FEB
2025-12-30 17:18:30 | INFO     | [DAY_START] Processing 14FEB
2025-12-30 17:18:30 | INFO     | [lf.day.start] Processing ATZ-DMM for 14FEB
2025-12-30 17:18:31 | WARNING  | [lf.day.no_flights] No direct flights on 14FEB
2025-12-30 17:18:31 | INFO     | [SUCCESS] Day 14FEB
2025-12-30 17:18:31 | INFO     | [DAY_START] Processing 13FEB
2025-12-30 17:18:31 | INFO     | [lf.day.start] Processing ATZ-DMM for 13FEB
2025-12-30 17:18:32 | INFO     | [lf.day.flights_found] Found 1 flights on 13FEB
2025-12-30 17:18:34 | INFO     | [lf.flight.extracted] SM437 on 13FEB: BKG=5, LF=2.8%
2025-12-30 17:18:37 | INFO     | [SUCCESS] Day 13FEB
2025-12-30 17:18:37 | INFO     | [DAY_START] Processing 12FEB
2025-12-30 17:18:37 | INFO     | [lf.day.start] Processing ATZ-DMM for 12FEB
2025-12-30 17:18:38 | WARNING  | [lf.day.no_flights] No direct flights on 12FEB
2025-12-30 17:18:38 | INFO     | [SUCCESS] Day 12FEB
2025-12-30 17:18:38 | INFO     | [DAY_START] Processing 11FEB
2025-12-30 17:18:38 | INFO     | [lf.day.start] Processing ATZ-DMM for 11FEB
2025-12-30 17:18:39 | WARNING  | [lf.day.no_flights] No direct flights on 11FEB
2025-12-30 17:18:40 | INFO     | [SUCCESS] Day 11FEB
2025-12-30 17:18:40 | INFO     | [DAY_START] Processing 10FEB
2025-12-30 17:18:40 | INFO     | [lf.day.start] Processing ATZ-DMM for 10FEB
2025-12-30 17:18:40 | WARNING  | [lf.day.no_flights] No direct flights on 10FEB
2025-12-30 17:18:41 | INFO     | [SUCCESS] Day 10FEB
2025-12-30 17:18:41 | INFO     | [SUCCESS] LF Search Complete
2025-12-30 17:18:43 | INFO     | [Worker_9224] Completed: ATZ-DMM - 9 results, 0 errors
2025-12-30 17:18:43 | INFO     | [Worker_9224] Processing: ATZ-TUU
2025-12-30 17:18:43 | INFO     |   Tier 0: Range 2, Chunk 2/3 (9 days)
