2025-12-30 17:21:56 | INFO     | ======================================================================
2025-12-30 17:21:56 | INFO     | Load Factor Scraper Started - Route: ATZ-JED
2025-12-30 17:21:56 | INFO     | Log file: D:\CODERED\LAB\market_insights\outputs\run_generated_301225_at_17.09\logs\LF_ATZ-JED_20251230_172156.log
2025-12-30 17:21:56 | INFO     | Enhanced logging: Capturing both logging.info() and print()
2025-12-30 17:21:56 | INFO     | ======================================================================
2025-12-30 17:21:56 | INFO     | Starting LF search for route: ATZ-JED
2025-12-30 17:21:56 | INFO     | [START] LF Search
2025-12-30 17:21:57 | INFO     | [HEALTH CHECK] [OK] Chrome connection is healthy
2025-12-30 17:21:57 | INFO     | [DAY_START] Processing 09FEB
2025-12-30 17:21:57 | INFO     | [lf.day.start] Processing ATZ-JED for 09FEB
2025-12-30 17:21:59 | INFO     | [lf.day.flights_found] Found 3 flights on 09FEB
2025-12-30 17:22:01 | INFO     | [lf.flight.extracted] SM491 on 09FEB: BKG=181, LF=101.1%
2025-12-30 17:22:04 | INFO     | [lf.flight.extracted] SM455 on 09FEB: BKG=137, LF=76.5%
2025-12-30 17:22:07 | INFO     | [lf.flight.extracted] SM453 on 09FEB: BKG=139, LF=77.6%
2025-12-30 17:22:12 | ERROR    | Atomic write failed for D:\CODERED\LAB\market_insights\outputs\run_generated_301225_at_17.09\checkpoints\flight_booking_data.json: [WinError 2] The system cannot find the file specified: 'D:\\CODERED\\LAB\\market_insights\\outputs\\run_generated_301225_at_17.09\\checkpoints\\flight_booking_data.json'
2025-12-30 17:22:13 | INFO     | [SUCCESS] Day 09FEB
2025-12-30 17:22:13 | INFO     | [DAY_START] Processing 08FEB
2025-12-30 17:22:13 | INFO     | [lf.day.start] Processing ATZ-JED for 08FEB
2025-12-30 17:22:14 | INFO     | [lf.day.flights_found] Found 3 flights on 08FEB
2025-12-30 17:22:16 | INFO     | [lf.flight.extracted] SM491 on 08FEB: BKG=142, LF=79.3%
2025-12-30 17:22:20 | INFO     | [lf.flight.extracted] SM455 on 08FEB: BKG=144, LF=80.5%
2025-12-30 17:22:24 | INFO     | [lf.flight.extracted] SM973 on 08FEB: BKG=180, LF=100.6%
2025-12-30 17:22:31 | INFO     | [SUCCESS] Day 08FEB
2025-12-30 17:22:31 | INFO     | [DAY_START] Processing 07FEB
2025-12-30 17:22:31 | INFO     | [lf.day.start] Processing ATZ-JED for 07FEB
2025-12-30 17:22:32 | INFO     | [lf.day.flights_found] Found 3 flights on 07FEB
2025-12-30 17:22:34 | INFO     | [lf.flight.extracted] SM491 on 07FEB: BKG=137, LF=76.5%
2025-12-30 17:22:37 | INFO     | [lf.flight.extracted] SM453 on 07FEB: BKG=136, LF=76.0%
2025-12-30 17:22:40 | INFO     | [lf.flight.extracted] SM455 on 07FEB: BKG=144, LF=80.5%
2025-12-30 17:22:46 | INFO     | [SUCCESS] Day 07FEB
2025-12-30 17:22:46 | INFO     | [DAY_START] Processing 06FEB
2025-12-30 17:22:46 | INFO     | [lf.day.start] Processing ATZ-JED for 06FEB
2025-12-30 17:22:47 | INFO     | [lf.day.flights_found] Found 2 flights on 06FEB
2025-12-30 17:22:49 | INFO     | [lf.flight.extracted] SM491 on 06FEB: BKG=141, LF=78.8%
2025-12-30 17:22:53 | INFO     | [lf.flight.extracted] SM955 on 06FEB: BKG=180, LF=100.6%
2025-12-30 17:22:56 | INFO     | [SUCCESS] Day 06FEB
2025-12-30 17:22:56 | INFO     | [DAY_START] Processing 05FEB
2025-12-30 17:22:56 | INFO     | [lf.day.start] Processing ATZ-JED for 05FEB
2025-12-30 17:22:58 | INFO     | [lf.day.flights_found] Found 3 flights on 05FEB
2025-12-30 17:23:00 | INFO     | [lf.flight.extracted] SM963 on 05FEB: BKG=135, LF=75.4%
2025-12-30 17:23:04 | INFO     | [lf.flight.extracted] SM453 on 05FEB: BKG=143, LF=79.9%
2025-12-30 17:23:07 | INFO     | [lf.flight.extracted] SM455 on 05FEB: BKG=138, LF=77.1%
2025-12-30 17:23:12 | INFO     | [SUCCESS] Day 05FEB
2025-12-30 17:23:12 | INFO     | [DAY_START] Processing 04FEB
2025-12-30 17:23:12 | INFO     | [lf.day.start] Processing ATZ-JED for 04FEB
2025-12-30 17:23:13 | INFO     | [lf.day.flights_found] Found 3 flights on 04FEB
2025-12-30 17:23:15 | INFO     | [lf.flight.extracted] SM453 on 04FEB: BKG=141, LF=78.8%
2025-12-30 17:23:19 | INFO     | [lf.flight.extracted] SM491 on 04FEB: BKG=145, LF=81.0%
2025-12-30 17:23:23 | INFO     | [lf.flight.extracted] SM421 on 04FEB: BKG=137, LF=76.5%
2025-12-30 17:23:28 | INFO     | [SUCCESS] Day 04FEB
2025-12-30 17:23:28 | INFO     | [DAY_START] Processing 03FEB
2025-12-30 17:23:28 | INFO     | [lf.day.start] Processing ATZ-JED for 03FEB
2025-12-30 17:23:29 | INFO     | [lf.day.flights_found] Found 2 flights on 03FEB
2025-12-30 17:23:32 | INFO     | [lf.flight.extracted] SM453 on 03FEB: BKG=0, LF=0.0%
2025-12-30 17:23:37 | INFO     | [lf.flight.extracted] SM455 on 03FEB: BKG=6, LF=3.4%
2025-12-30 17:23:41 | INFO     | [SUCCESS] Day 03FEB
2025-12-30 17:23:41 | INFO     | [DAY_START] Processing 02FEB
2025-12-30 17:23:41 | INFO     | [lf.day.start] Processing ATZ-JED for 02FEB
2025-12-30 17:23:42 | INFO     | [lf.day.flights_found] Found 4 flights on 02FEB
2025-12-30 17:23:44 | INFO     | [lf.flight.extracted] SM491 on 02FEB: BKG=2, LF=1.1%
2025-12-30 17:23:48 | INFO     | [lf.flight.extracted] SM455 on 02FEB: BKG=0, LF=0.0%
2025-12-30 17:23:51 | INFO     | [lf.flight.extracted] SM421 on 02FEB: BKG=1, LF=0.6%
2025-12-30 17:23:55 | INFO     | [lf.flight.extracted] SM453 on 02FEB: BKG=3, LF=1.7%
2025-12-30 17:24:01 | INFO     | [SUCCESS] Day 02FEB
2025-12-30 17:24:01 | INFO     | [DAY_START] Processing 01FEB
2025-12-30 17:24:01 | INFO     | [lf.day.start] Processing ATZ-JED for 01FEB
2025-12-30 17:24:02 | INFO     | [lf.day.flights_found] Found 2 flights on 01FEB
2025-12-30 17:24:04 | INFO     | [lf.flight.extracted] SM491 on 01FEB: BKG=14, LF=7.8%
2025-12-30 17:24:08 | INFO     | [lf.flight.extracted] SM455 on 01FEB: BKG=3, LF=1.7%
2025-12-30 17:24:12 | INFO     | [SUCCESS] Day 01FEB
2025-12-30 17:24:12 | INFO     | [SUCCESS] LF Search Complete
2025-12-30 17:24:14 | INFO     | [Worker_9222] Completed: ATZ-JED - 9 results, 0 errors
2025-12-30 17:24:14 | INFO     | [Worker_9222] Processing: JED-HBE
2025-12-30 17:24:14 | INFO     |   Tier 0: Range 1 (33 days)
