2025-12-30 17:33:09 | INFO     | ======================================================================
2025-12-30 17:33:09 | INFO     | Load Factor Scraper Started - Route: ATZ-JED
2025-12-30 17:33:09 | INFO     | Log file: D:\CODERED\LAB\market_insights\outputs\run_generated_301225_at_17.09\logs\LF_ATZ-JED_20251230_173309.log
2025-12-30 17:33:09 | INFO     | Enhanced logging: Capturing both logging.info() and print()
2025-12-30 17:33:09 | INFO     | ======================================================================
2025-12-30 17:33:09 | INFO     | Starting LF search for route: ATZ-JED
2025-12-30 17:33:09 | INFO     | [START] LF Search
2025-12-30 17:33:10 | INFO     | [HEALTH CHECK] [OK] Chrome connection is healthy
2025-12-30 17:33:10 | INFO     | [DAY_START] Processing 31JAN
2025-12-30 17:33:10 | INFO     | [lf.day.start] Processing ATZ-JED for 31JAN
2025-12-30 17:33:12 | INFO     | [lf.day.flights_found] Found 3 flights on 31JAN
2025-12-30 17:33:15 | INFO     | [lf.flight.extracted] SM491 on 31JAN: BKG=4, LF=2.2%
2025-12-30 17:33:18 | INFO     | [lf.flight.extracted] SM453 on 31JAN: BKG=5, LF=2.8%
2025-12-30 17:33:22 | INFO     | [lf.flight.extracted] SM455 on 31JAN: BKG=10, LF=5.6%
2025-12-30 17:33:27 | INFO     | [SUCCESS] Day 31JAN
2025-12-30 17:33:27 | INFO     | [DAY_START] Processing 30JAN
2025-12-30 17:33:27 | INFO     | [lf.day.start] Processing ATZ-JED for 30JAN
2025-12-30 17:33:28 | INFO     | [lf.day.flights_found] Found 1 flights on 30JAN
2025-12-30 17:33:30 | INFO     | [lf.flight.extracted] SM491 on 30JAN: BKG=103, LF=57.5%
2025-12-30 17:33:33 | INFO     | [SUCCESS] Day 30JAN
2025-12-30 17:33:33 | INFO     | [DAY_START] Processing 29JAN
2025-12-30 17:33:33 | INFO     | [lf.day.start] Processing ATZ-JED for 29JAN
2025-12-30 17:33:35 | INFO     | [lf.day.flights_found] Found 2 flights on 29JAN
2025-12-30 17:33:37 | INFO     | [lf.flight.extracted] SM453 on 29JAN: BKG=145, LF=81.0%
2025-12-30 17:33:42 | INFO     | [lf.flight.extracted] SM455 on 29JAN: BKG=146, LF=81.6%
2025-12-30 17:33:47 | INFO     | [SUCCESS] Day 29JAN
2025-12-30 17:33:47 | INFO     | [DAY_START] Processing 28JAN
2025-12-30 17:33:47 | INFO     | [lf.day.start] Processing ATZ-JED for 28JAN
2025-12-30 17:33:48 | INFO     | [lf.day.flights_found] Found 4 flights on 28JAN
2025-12-30 17:33:52 | INFO     | [lf.flight.extracted] SM453 on 28JAN: BKG=179, LF=100.0%
2025-12-30 17:33:58 | INFO     | [lf.flight.extracted] SM491 on 28JAN: BKG=145, LF=81.0%
2025-12-30 17:34:02 | INFO     | [lf.flight.extracted] SM981 on 28JAN: BKG=135, LF=75.4%
2025-12-30 17:34:05 | INFO     | [lf.flight.extracted] SM421 on 28JAN: BKG=98, LF=54.8%
2025-12-30 17:34:14 | INFO     | [SUCCESS] Day 28JAN
2025-12-30 17:34:14 | INFO     | [DAY_START] Processing 27JAN
2025-12-30 17:34:14 | INFO     | [lf.day.start] Processing ATZ-JED for 27JAN
2025-12-30 17:34:15 | INFO     | [lf.day.flights_found] Found 2 flights on 27JAN
2025-12-30 17:34:17 | INFO     | [lf.flight.extracted] SM453 on 27JAN: BKG=140, LF=78.2%
2025-12-30 17:34:20 | INFO     | [lf.flight.extracted] SM455 on 27JAN: BKG=146, LF=81.6%
2025-12-30 17:34:25 | INFO     | [SUCCESS] Day 27JAN
2025-12-30 17:34:25 | INFO     | [DAY_START] Processing 26JAN
2025-12-30 17:34:25 | INFO     | [lf.day.start] Processing ATZ-JED for 26JAN
2025-12-30 17:34:26 | INFO     | [lf.day.flights_found] Found 4 flights on 26JAN
2025-12-30 17:34:28 | INFO     | [lf.flight.extracted] SM491 on 26JAN: BKG=142, LF=79.3%
2025-12-30 17:34:32 | INFO     | [lf.flight.extracted] SM455 on 26JAN: BKG=179, LF=100.0%
2025-12-30 17:34:36 | INFO     | [lf.flight.extracted] SM453 on 26JAN: BKG=148, LF=82.7%
2025-12-30 17:34:39 | INFO     | [lf.flight.extracted] SM975 on 26JAN: BKG=180, LF=100.6%
2025-12-30 17:34:46 | INFO     | [SUCCESS] Day 26JAN
2025-12-30 17:34:46 | INFO     | [DAY_START] Processing 25JAN
2025-12-30 17:34:46 | INFO     | [lf.day.start] Processing ATZ-JED for 25JAN
2025-12-30 17:34:47 | INFO     | [lf.day.flights_found] Found 3 flights on 25JAN
2025-12-30 17:34:49 | INFO     | [lf.flight.extracted] SM491 on 25JAN: BKG=149, LF=83.2%
2025-12-30 17:34:55 | INFO     | [lf.flight.extracted] SM455 on 25JAN: BKG=146, LF=81.6%
2025-12-30 17:34:58 | INFO     | [lf.flight.extracted] SM973 on 25JAN: BKG=180, LF=100.6%
2025-12-30 17:35:03 | INFO     | [SUCCESS] Day 25JAN
2025-12-30 17:35:03 | INFO     | [DAY_START] Processing 24JAN
2025-12-30 17:35:03 | INFO     | [lf.day.start] Processing ATZ-JED for 24JAN
2025-12-30 17:35:05 | INFO     | [lf.day.flights_found] Found 3 flights on 24JAN
2025-12-30 17:35:07 | INFO     | [lf.flight.extracted] SM491 on 24JAN: BKG=182, LF=101.7%
2025-12-30 17:35:11 | INFO     | [lf.flight.extracted] SM453 on 24JAN: BKG=147, LF=82.1%
2025-12-30 17:35:15 | INFO     | [lf.flight.extracted] SM455 on 24JAN: BKG=150, LF=83.8%
2025-12-30 17:35:21 | INFO     | [SUCCESS] Day 24JAN
2025-12-30 17:35:21 | INFO     | [DAY_START] Processing 23JAN
2025-12-30 17:35:21 | INFO     | [lf.day.start] Processing ATZ-JED for 23JAN
2025-12-30 17:35:22 | INFO     | [lf.day.flights_found] Found 2 flights on 23JAN
2025-12-30 17:35:25 | INFO     | [lf.flight.extracted] SM491 on 23JAN: BKG=169, LF=94.4%
2025-12-30 17:35:29 | INFO     | [lf.flight.extracted] SM955 on 23JAN: BKG=180, LF=100.6%
2025-12-30 17:35:35 | INFO     | [SUCCESS] Day 23JAN
2025-12-30 17:35:35 | INFO     | [DAY_START] Processing 22JAN
2025-12-30 17:35:35 | INFO     | [lf.day.start] Processing ATZ-JED for 22JAN
2025-12-30 17:35:36 | INFO     | [lf.day.flights_found] Found 3 flights on 22JAN
2025-12-30 17:35:39 | INFO     | [lf.flight.extracted] SM963 on 22JAN: BKG=175, LF=97.8%
2025-12-30 17:35:43 | INFO     | [lf.flight.extracted] SM453 on 22JAN: BKG=151, LF=84.4%
2025-12-30 17:35:46 | INFO     | [lf.flight.extracted] SM455 on 22JAN: BKG=114, LF=63.7%
2025-12-30 17:35:54 | INFO     | [SUCCESS] Day 22JAN
2025-12-30 17:35:54 | INFO     | [DAY_START] Processing 21JAN
2025-12-30 17:35:54 | INFO     | [lf.day.start] Processing ATZ-JED for 21JAN
2025-12-30 17:35:55 | INFO     | [lf.day.flights_found] Found 3 flights on 21JAN
2025-12-30 17:35:57 | INFO     | [lf.flight.extracted] SM453 on 21JAN: BKG=179, LF=100.0%
2025-12-30 17:36:01 | INFO     | [lf.flight.extracted] SM491 on 21JAN: BKG=180, LF=100.6%
2025-12-30 17:36:04 | INFO     | [lf.flight.extracted] SM421 on 21JAN: BKG=180, LF=100.6%
2025-12-30 17:36:09 | INFO     | [SUCCESS] Day 21JAN
2025-12-30 17:36:09 | INFO     | [DAY_START] Processing 20JAN
2025-12-30 17:36:09 | INFO     | [lf.day.start] Processing ATZ-JED for 20JAN
2025-12-30 17:36:10 | INFO     | [lf.day.flights_found] Found 2 flights on 20JAN
2025-12-30 17:36:12 | INFO     | [lf.flight.extracted] SM453 on 20JAN: BKG=179, LF=100.0%
2025-12-30 17:36:16 | INFO     | [lf.flight.extracted] SM455 on 20JAN: BKG=169, LF=94.4%
2025-12-30 17:36:21 | INFO     | [SUCCESS] Day 20JAN
2025-12-30 17:36:21 | INFO     | [DAY_START] Processing 19JAN
2025-12-30 17:36:21 | INFO     | [lf.day.start] Processing ATZ-JED for 19JAN
2025-12-30 17:36:22 | INFO     | [lf.day.flights_found] Found 4 flights on 19JAN
2025-12-30 17:36:24 | INFO     | [lf.flight.extracted] SM491 on 19JAN: BKG=109, LF=60.9%
2025-12-30 17:36:27 | INFO     | [lf.flight.extracted] SM455 on 19JAN: BKG=138, LF=77.1%
2025-12-30 17:36:31 | INFO     | [lf.flight.extracted] SM421 on 19JAN: BKG=126, LF=70.4%
2025-12-30 17:36:34 | INFO     | [lf.flight.extracted] SM453 on 19JAN: BKG=180, LF=100.6%
2025-12-30 17:36:45 | INFO     | [SUCCESS] Day 19JAN
2025-12-30 17:36:45 | INFO     | [DAY_START] Processing 18JAN
2025-12-30 17:36:45 | INFO     | [lf.day.start] Processing ATZ-JED for 18JAN
2025-12-30 17:36:46 | INFO     | [lf.day.flights_found] Found 2 flights on 18JAN
2025-12-30 17:36:48 | INFO     | [lf.flight.extracted] SM491 on 18JAN: BKG=150, LF=83.8%
2025-12-30 17:36:52 | INFO     | [lf.flight.extracted] SM455 on 18JAN: BKG=159, LF=88.8%
2025-12-30 17:36:58 | INFO     | [SUCCESS] Day 18JAN
2025-12-30 17:36:58 | INFO     | [DAY_START] Processing 17JAN
2025-12-30 17:36:58 | INFO     | [lf.day.start] Processing ATZ-JED for 17JAN
2025-12-30 17:36:59 | INFO     | [lf.day.flights_found] Found 3 flights on 17JAN
2025-12-30 17:37:01 | INFO     | [lf.flight.extracted] SM491 on 17JAN: BKG=161, LF=89.9%
2025-12-30 17:37:04 | INFO     | [lf.flight.extracted] SM453 on 17JAN: BKG=107, LF=59.8%
2025-12-30 17:37:08 | INFO     | [lf.flight.extracted] SM455 on 17JAN: BKG=170, LF=95.0%
2025-12-30 17:37:16 | INFO     | [SUCCESS] Day 17JAN
2025-12-30 17:37:16 | INFO     | [DAY_START] Processing 16JAN
2025-12-30 17:37:16 | INFO     | [lf.day.start] Processing ATZ-JED for 16JAN
2025-12-30 17:37:17 | INFO     | [lf.day.flights_found] Found 1 flights on 16JAN
2025-12-30 17:37:19 | INFO     | [lf.flight.extracted] SM491 on 16JAN: BKG=92, LF=51.4%
2025-12-30 17:37:23 | INFO     | [SUCCESS] Day 16JAN
2025-12-30 17:37:23 | INFO     | [DAY_START] Processing 15JAN
2025-12-30 17:37:23 | INFO     | [lf.day.start] Processing ATZ-JED for 15JAN
2025-12-30 17:37:24 | INFO     | [lf.day.flights_found] Found 2 flights on 15JAN
2025-12-30 17:37:26 | INFO     | [lf.flight.extracted] SM453 on 15JAN: BKG=179, LF=100.0%
2025-12-30 17:37:30 | INFO     | [lf.flight.extracted] SM455 on 15JAN: BKG=174, LF=97.2%
2025-12-30 17:37:39 | INFO     | [SUCCESS] Day 15JAN
2025-12-30 17:37:39 | INFO     | [DAY_START] Processing 14JAN
2025-12-30 17:37:39 | INFO     | [lf.day.start] Processing ATZ-JED for 14JAN
2025-12-30 17:37:40 | INFO     | [lf.day.flights_found] Found 3 flights on 14JAN
2025-12-30 17:37:42 | INFO     | [lf.flight.extracted] SM453 on 14JAN: BKG=179, LF=100.0%
2025-12-30 17:37:47 | INFO     | [lf.flight.extracted] SM491 on 14JAN: BKG=174, LF=97.2%
2025-12-30 17:37:54 | INFO     | [lf.flight.extracted] SM421 on 14JAN: BKG=169, LF=94.4%
2025-12-30 17:38:04 | INFO     | [SUCCESS] Day 14JAN
2025-12-30 17:38:04 | INFO     | [DAY_START] Processing 13JAN
2025-12-30 17:38:04 | INFO     | [lf.day.start] Processing ATZ-JED for 13JAN
2025-12-30 17:38:05 | INFO     | [lf.day.flights_found] Found 2 flights on 13JAN
2025-12-30 17:38:07 | INFO     | [lf.flight.extracted] SM453 on 13JAN: BKG=165, LF=92.2%
2025-12-30 17:38:11 | INFO     | [lf.flight.extracted] SM455 on 13JAN: BKG=166, LF=92.7%
2025-12-30 17:38:17 | INFO     | [SUCCESS] Day 13JAN
2025-12-30 17:38:17 | INFO     | [DAY_START] Processing 12JAN
2025-12-30 17:38:17 | INFO     | [lf.day.start] Processing ATZ-JED for 12JAN
2025-12-30 17:38:18 | INFO     | [lf.day.flights_found] Found 3 flights on 12JAN
2025-12-30 17:38:20 | INFO     | [lf.flight.extracted] SM491 on 12JAN: BKG=127, LF=71.0%
2025-12-30 17:38:23 | INFO     | [lf.flight.extracted] SM455 on 12JAN: BKG=105, LF=58.7%
2025-12-30 17:38:27 | INFO     | [lf.flight.extracted] SM453 on 12JAN: BKG=116, LF=64.8%
2025-12-30 17:38:35 | INFO     | [SUCCESS] Day 12JAN
2025-12-30 17:38:35 | INFO     | [DAY_START] Processing 11JAN
2025-12-30 17:38:35 | INFO     | [lf.day.start] Processing ATZ-JED for 11JAN
2025-12-30 17:38:37 | INFO     | [lf.day.flights_found] Found 2 flights on 11JAN
2025-12-30 17:38:39 | INFO     | [lf.flight.extracted] SM491 on 11JAN: BKG=180, LF=100.6%
2025-12-30 17:38:42 | INFO     | [lf.flight.extracted] SM455 on 11JAN: BKG=170, LF=95.0%
2025-12-30 17:38:48 | INFO     | [SUCCESS] Day 11JAN
2025-12-30 17:38:48 | INFO     | [DAY_START] Processing 10JAN
2025-12-30 17:38:48 | INFO     | [lf.day.start] Processing ATZ-JED for 10JAN
2025-12-30 17:38:49 | INFO     | [lf.day.flights_found] Found 3 flights on 10JAN
2025-12-30 17:38:51 | INFO     | [lf.flight.extracted] SM491 on 10JAN: BKG=180, LF=100.6%
2025-12-30 17:38:55 | INFO     | [lf.flight.extracted] SM453 on 10JAN: BKG=179, LF=100.0%
2025-12-30 17:38:58 | INFO     | [lf.flight.extracted] SM455 on 10JAN: BKG=161, LF=89.9%
2025-12-30 17:39:08 | INFO     | [SUCCESS] Day 10JAN
2025-12-30 17:39:08 | INFO     | [DAY_START] Processing 09JAN
2025-12-30 17:39:08 | INFO     | [lf.day.start] Processing ATZ-JED for 09JAN
2025-12-30 17:39:09 | INFO     | [lf.day.flights_found] Found 1 flights on 09JAN
2025-12-30 17:39:12 | INFO     | [lf.flight.extracted] SM491 on 09JAN: BKG=37, LF=20.7%
2025-12-30 17:39:16 | INFO     | [SUCCESS] Day 09JAN
2025-12-30 17:39:16 | INFO     | [DAY_START] Processing 08JAN
2025-12-30 17:39:16 | INFO     | [lf.day.start] Processing ATZ-JED for 08JAN
2025-12-30 17:39:17 | INFO     | [lf.day.flights_found] Found 2 flights on 08JAN
2025-12-30 17:39:19 | INFO     | [lf.flight.extracted] SM453 on 08JAN: BKG=160, LF=89.4%
2025-12-30 17:39:23 | INFO     | [lf.flight.extracted] SM455 on 08JAN: BKG=116, LF=64.8%
2025-12-30 17:39:33 | INFO     | [SUCCESS] Day 08JAN
2025-12-30 17:39:33 | INFO     | [DAY_START] Processing 07JAN
2025-12-30 17:39:33 | INFO     | [lf.day.start] Processing ATZ-JED for 07JAN
2025-12-30 17:39:34 | INFO     | [lf.day.flights_found] Found 3 flights on 07JAN
2025-12-30 17:39:36 | INFO     | [lf.flight.extracted] SM453 on 07JAN: BKG=170, LF=95.0%
2025-12-30 17:39:40 | INFO     | [lf.flight.extracted] SM491 on 07JAN: BKG=175, LF=97.8%
2025-12-30 17:39:45 | INFO     | [lf.flight.extracted] SM421 on 07JAN: BKG=39, LF=21.8%
2025-12-30 17:39:56 | INFO     | [SUCCESS] Day 07JAN
2025-12-30 17:39:56 | INFO     | [DAY_START] Processing 06JAN
2025-12-30 17:39:56 | INFO     | [lf.day.start] Processing ATZ-JED for 06JAN
2025-12-30 17:39:57 | INFO     | [lf.day.flights_found] Found 2 flights on 06JAN
2025-12-30 17:40:00 | INFO     | [lf.flight.extracted] SM453 on 06JAN: BKG=143, LF=79.9%
2025-12-30 17:40:03 | INFO     | [lf.flight.extracted] SM455 on 06JAN: BKG=174, LF=97.2%
2025-12-30 17:40:09 | INFO     | [SUCCESS] Day 06JAN
2025-12-30 17:40:09 | INFO     | [DAY_START] Processing 05JAN
2025-12-30 17:40:09 | INFO     | [lf.day.start] Processing ATZ-JED for 05JAN
2025-12-30 17:40:10 | INFO     | [lf.day.flights_found] Found 4 flights on 05JAN
2025-12-30 17:40:12 | INFO     | [lf.flight.extracted] SM491 on 05JAN: BKG=78, LF=43.6%
2025-12-30 17:40:17 | INFO     | [lf.flight.extracted] SM455 on 05JAN: BKG=67, LF=37.4%
2025-12-30 17:40:20 | INFO     | [lf.flight.extracted] SM421 on 05JAN: BKG=42, LF=23.5%
2025-12-30 17:40:25 | INFO     | [lf.flight.extracted] SM453 on 05JAN: BKG=87, LF=48.6%
2025-12-30 17:40:39 | INFO     | [SUCCESS] Day 05JAN
2025-12-30 17:40:39 | INFO     | [DAY_START] Processing 04JAN
2025-12-30 17:40:39 | INFO     | [lf.day.start] Processing ATZ-JED for 04JAN
2025-12-30 17:40:40 | INFO     | [lf.day.flights_found] Found 2 flights on 04JAN
2025-12-30 17:40:42 | INFO     | [lf.flight.extracted] SM491 on 04JAN: BKG=116, LF=64.8%
2025-12-30 17:40:46 | INFO     | [lf.flight.extracted] SM455 on 04JAN: BKG=78, LF=43.6%
2025-12-30 17:40:56 | INFO     | [SUCCESS] Day 04JAN
2025-12-30 17:40:56 | INFO     | [DAY_START] Processing 03JAN
2025-12-30 17:40:56 | INFO     | [lf.day.start] Processing ATZ-JED for 03JAN
2025-12-30 17:40:57 | INFO     | [lf.day.flights_found] Found 3 flights on 03JAN
2025-12-30 17:40:59 | INFO     | [lf.flight.extracted] SM491 on 03JAN: BKG=151, LF=84.4%
2025-12-30 17:41:03 | INFO     | [lf.flight.extracted] SM453 on 03JAN: BKG=88, LF=49.2%
2025-12-30 17:41:07 | INFO     | [lf.flight.extracted] SM455 on 03JAN: BKG=114, LF=63.7%
2025-12-30 17:41:20 | ERROR    | Atomic write failed for D:\CODERED\LAB\market_insights\outputs\run_generated_301225_at_17.09\checkpoints\flight_booking_data.json: [WinError 2] The system cannot find the file specified: 'D:\\CODERED\\LAB\\market_insights\\outputs\\run_generated_301225_at_17.09\\checkpoints\\flight_booking_data.json'
2025-12-30 17:41:20 | INFO     | [SUCCESS] Day 03JAN
2025-12-30 17:41:20 | INFO     | [DAY_START] Processing 02JAN
2025-12-30 17:41:20 | INFO     | [lf.day.start] Processing ATZ-JED for 02JAN
2025-12-30 17:41:21 | INFO     | [lf.day.flights_found] Found 1 flights on 02JAN
2025-12-30 17:41:23 | INFO     | [lf.flight.extracted] SM491 on 02JAN: BKG=81, LF=45.2%
2025-12-30 17:41:31 | INFO     | [SUCCESS] Day 02JAN
2025-12-30 17:41:31 | INFO     | [DAY_START] Processing 01JAN
2025-12-30 17:41:31 | INFO     | [lf.day.start] Processing ATZ-JED for 01JAN
2025-12-30 17:41:32 | INFO     | [lf.day.flights_found] Found 2 flights on 01JAN
2025-12-30 17:41:34 | INFO     | [lf.flight.extracted] SM453 on 01JAN: BKG=179, LF=100.0%
2025-12-30 17:41:37 | INFO     | [lf.flight.extracted] SM455 on 01JAN: BKG=179, LF=99.4%
2025-12-30 17:41:47 | INFO     | [SUCCESS] Day 01JAN
2025-12-30 17:41:47 | INFO     | [DAY_START] Processing 31DEC
2025-12-30 17:41:47 | INFO     | [lf.day.start] Processing ATZ-JED for 31DEC
2025-12-30 17:41:48 | INFO     | [lf.day.flights_found] Found 3 flights on 31DEC
2025-12-30 17:41:50 | INFO     | [lf.flight.extracted] SM453 on 31DEC: BKG=158, LF=88.3%
2025-12-30 17:41:53 | INFO     | [lf.flight.extracted] SM491 on 31DEC: BKG=179, LF=100.0%
2025-12-30 17:41:56 | INFO     | [lf.flight.extracted] SM421 on 31DEC: BKG=180, LF=100.6%
2025-12-30 17:42:11 | INFO     | [SUCCESS] Day 31DEC
2025-12-30 17:42:11 | INFO     | [SUCCESS] LF Search Complete
2025-12-30 17:42:13 | INFO     | [Worker_9224] Completed: ATZ-JED - 32 results, 0 errors
