2025-12-30 17:34:52 | INFO     | ======================================================================
2025-12-30 17:34:52 | INFO     | Load Factor Scraper Started - Route: ASW-JED
2025-12-30 17:34:52 | INFO     | Log file: D:\CODERED\LAB\market_insights\outputs\run_generated_301225_at_17.09\logs\LF_ASW-JED_20251230_173452.log
2025-12-30 17:34:52 | INFO     | Enhanced logging: Capturing both logging.info() and print()
2025-12-30 17:34:52 | INFO     | ======================================================================
2025-12-30 17:34:52 | INFO     | Starting LF search for route: ASW-JED
2025-12-30 17:34:52 | INFO     | [START] LF Search
2025-12-30 17:34:54 | INFO     | [HEALTH CHECK] [OK] Chrome connection is healthy
2025-12-30 17:34:54 | INFO     | [DAY_START] Processing 31JAN
2025-12-30 17:34:54 | INFO     | [lf.day.start] Processing ASW-JED for 31JAN
2025-12-30 17:34:55 | WARNING  | [lf.day.no_flights] No direct flights on 31JAN
2025-12-30 17:34:55 | INFO     | [SUCCESS] Day 31JAN
2025-12-30 17:34:55 | INFO     | [DAY_START] Processing 30JAN
2025-12-30 17:34:55 | INFO     | [lf.day.start] Processing ASW-JED for 30JAN
2025-12-30 17:34:56 | WARNING  | [lf.day.no_flights] No direct flights on 30JAN
2025-12-30 17:34:56 | INFO     | [SUCCESS] Day 30JAN
2025-12-30 17:34:56 | INFO     | [DAY_START] Processing 29JAN
2025-12-30 17:34:56 | INFO     | [lf.day.start] Processing ASW-JED for 29JAN
2025-12-30 17:34:57 | WARNING  | [lf.day.no_flights] No direct flights on 29JAN
2025-12-30 17:34:57 | INFO     | [SUCCESS] Day 29JAN
2025-12-30 17:34:57 | INFO     | [DAY_START] Processing 28JAN
2025-12-30 17:34:57 | INFO     | [lf.day.start] Processing ASW-JED for 28JAN
2025-12-30 17:34:58 | WARNING  | [lf.day.no_flights] No direct flights on 28JAN
2025-12-30 17:34:58 | INFO     | [SUCCESS] Day 28JAN
2025-12-30 17:34:58 | INFO     | [DAY_START] Processing 27JAN
2025-12-30 17:34:58 | INFO     | [lf.day.start] Processing ASW-JED for 27JAN
2025-12-30 17:35:00 | INFO     | [lf.day.flights_found] Found 1 flights on 27JAN
2025-12-30 17:35:02 | INFO     | [lf.flight.extracted] SM985 on 27JAN: BKG=0, LF=0.0%
2025-12-30 17:35:03 | INFO     | [SUCCESS] Day 27JAN
2025-12-30 17:35:03 | INFO     | [DAY_START] Processing 26JAN
2025-12-30 17:35:03 | INFO     | [lf.day.start] Processing ASW-JED for 26JAN
2025-12-30 17:35:04 | INFO     | [lf.day.flights_found] Found 2 flights on 26JAN
2025-12-30 17:35:07 | INFO     | [lf.flight.extracted] SM425 on 26JAN: BKG=0, LF=0.0%
2025-12-30 17:35:11 | INFO     | [lf.flight.extracted] SM949 on 26JAN: BKG=0, LF=0.0%
2025-12-30 17:35:12 | INFO     | [SUCCESS] Day 26JAN
2025-12-30 17:35:12 | INFO     | [DAY_START] Processing 25JAN
2025-12-30 17:35:12 | INFO     | [lf.day.start] Processing ASW-JED for 25JAN
2025-12-30 17:35:14 | WARNING  | [lf.day.no_flights] No direct flights on 25JAN
2025-12-30 17:35:14 | INFO     | [SUCCESS] Day 25JAN
2025-12-30 17:35:14 | INFO     | [DAY_START] Processing 24JAN
2025-12-30 17:35:14 | INFO     | [lf.day.start] Processing ASW-JED for 24JAN
2025-12-30 17:35:15 | WARNING  | [lf.day.no_flights] No direct flights on 24JAN
2025-12-30 17:35:15 | INFO     | [SUCCESS] Day 24JAN
2025-12-30 17:35:15 | INFO     | [DAY_START] Processing 23JAN
2025-12-30 17:35:15 | INFO     | [lf.day.start] Processing ASW-JED for 23JAN
2025-12-30 17:35:17 | WARNING  | [lf.day.no_flights] No direct flights on 23JAN
2025-12-30 17:35:17 | INFO     | [SUCCESS] Day 23JAN
2025-12-30 17:35:17 | INFO     | [DAY_START] Processing 22JAN
2025-12-30 17:35:17 | INFO     | [lf.day.start] Processing ASW-JED for 22JAN
2025-12-30 17:35:18 | WARNING  | [lf.day.no_flights] No direct flights on 22JAN
2025-12-30 17:35:18 | INFO     | [SUCCESS] Day 22JAN
2025-12-30 17:35:18 | INFO     | [DAY_START] Processing 21JAN
2025-12-30 17:35:18 | INFO     | [lf.day.start] Processing ASW-JED for 21JAN
2025-12-30 17:35:19 | WARNING  | [lf.day.no_flights] No direct flights on 21JAN
2025-12-30 17:35:20 | INFO     | [SUCCESS] Day 21JAN
2025-12-30 17:35:20 | INFO     | [DAY_START] Processing 20JAN
2025-12-30 17:35:20 | INFO     | [lf.day.start] Processing ASW-JED for 20JAN
2025-12-30 17:35:21 | WARNING  | [lf.day.no_flights] No direct flights on 20JAN
2025-12-30 17:35:21 | INFO     | [SUCCESS] Day 20JAN
2025-12-30 17:35:21 | INFO     | [DAY_START] Processing 19JAN
2025-12-30 17:35:21 | INFO     | [lf.day.start] Processing ASW-JED for 19JAN
2025-12-30 17:35:22 | WARNING  | [lf.day.no_flights] No direct flights on 19JAN
2025-12-30 17:35:22 | INFO     | [SUCCESS] Day 19JAN
2025-12-30 17:35:22 | INFO     | [DAY_START] Processing 18JAN
2025-12-30 17:35:22 | INFO     | [lf.day.start] Processing ASW-JED for 18JAN
2025-12-30 17:35:23 | WARNING  | [lf.day.no_flights] No direct flights on 18JAN
2025-12-30 17:35:24 | INFO     | [SUCCESS] Day 18JAN
2025-12-30 17:35:24 | INFO     | [DAY_START] Processing 17JAN
2025-12-30 17:35:24 | INFO     | [lf.day.start] Processing ASW-JED for 17JAN
2025-12-30 17:35:25 | WARNING  | [lf.day.no_flights] No direct flights on 17JAN
2025-12-30 17:35:25 | INFO     | [SUCCESS] Day 17JAN
2025-12-30 17:35:25 | INFO     | [DAY_START] Processing 16JAN
2025-12-30 17:35:25 | INFO     | [lf.day.start] Processing ASW-JED for 16JAN
2025-12-30 17:35:26 | WARNING  | [lf.day.no_flights] No direct flights on 16JAN
2025-12-30 17:35:26 | INFO     | [SUCCESS] Day 16JAN
2025-12-30 17:35:26 | INFO     | [DAY_START] Processing 15JAN
2025-12-30 17:35:26 | INFO     | [lf.day.start] Processing ASW-JED for 15JAN
2025-12-30 17:35:28 | WARNING  | [lf.day.no_flights] No direct flights on 15JAN
2025-12-30 17:35:28 | INFO     | [SUCCESS] Day 15JAN
2025-12-30 17:35:28 | INFO     | [DAY_START] Processing 14JAN
2025-12-30 17:35:28 | INFO     | [lf.day.start] Processing ASW-JED for 14JAN
2025-12-30 17:35:29 | WARNING  | [lf.day.no_flights] No direct flights on 14JAN
2025-12-30 17:35:29 | INFO     | [SUCCESS] Day 14JAN
2025-12-30 17:35:29 | INFO     | [DAY_START] Processing 13JAN
2025-12-30 17:35:29 | INFO     | [lf.day.start] Processing ASW-JED for 13JAN
2025-12-30 17:35:30 | INFO     | [lf.day.flights_found] Found 1 flights on 13JAN
2025-12-30 17:35:32 | INFO     | [lf.flight.extracted] SM985 on 13JAN: BKG=0, LF=0.0%
2025-12-30 17:35:34 | INFO     | [SUCCESS] Day 13JAN
2025-12-30 17:35:34 | INFO     | [DAY_START] Processing 12JAN
2025-12-30 17:35:34 | INFO     | [lf.day.start] Processing ASW-JED for 12JAN
2025-12-30 17:35:35 | INFO     | [lf.day.flights_found] Found 2 flights on 12JAN
2025-12-30 17:35:37 | INFO     | [lf.flight.extracted] SM425 on 12JAN: BKG=0, LF=0.0%
2025-12-30 17:35:41 | INFO     | [lf.flight.extracted] SM949 on 12JAN: BKG=0, LF=0.0%
2025-12-30 17:35:42 | INFO     | [SUCCESS] Day 12JAN
2025-12-30 17:35:42 | INFO     | [DAY_START] Processing 11JAN
2025-12-30 17:35:42 | INFO     | [lf.day.start] Processing ASW-JED for 11JAN
2025-12-30 17:35:43 | WARNING  | [lf.day.no_flights] No direct flights on 11JAN
2025-12-30 17:35:44 | INFO     | [SUCCESS] Day 11JAN
2025-12-30 17:35:44 | INFO     | [DAY_START] Processing 10JAN
2025-12-30 17:35:44 | INFO     | [lf.day.start] Processing ASW-JED for 10JAN
2025-12-30 17:35:45 | WARNING  | [lf.day.no_flights] No direct flights on 10JAN
2025-12-30 17:35:45 | INFO     | [SUCCESS] Day 10JAN
2025-12-30 17:35:45 | INFO     | [DAY_START] Processing 09JAN
2025-12-30 17:35:45 | INFO     | [lf.day.start] Processing ASW-JED for 09JAN
2025-12-30 17:35:46 | WARNING  | [lf.day.no_flights] No direct flights on 09JAN
2025-12-30 17:35:46 | INFO     | [SUCCESS] Day 09JAN
2025-12-30 17:35:46 | INFO     | [DAY_START] Processing 08JAN
2025-12-30 17:35:46 | INFO     | [lf.day.start] Processing ASW-JED for 08JAN
2025-12-30 17:35:47 | WARNING  | [lf.day.no_flights] No direct flights on 08JAN
2025-12-30 17:35:47 | INFO     | [SUCCESS] Day 08JAN
2025-12-30 17:35:47 | INFO     | [DAY_START] Processing 07JAN
2025-12-30 17:35:47 | INFO     | [lf.day.start] Processing ASW-JED for 07JAN
2025-12-30 17:35:48 | WARNING  | [lf.day.no_flights] No direct flights on 07JAN
2025-12-30 17:35:48 | INFO     | [SUCCESS] Day 07JAN
2025-12-30 17:35:48 | INFO     | [DAY_START] Processing 06JAN
2025-12-30 17:35:48 | INFO     | [lf.day.start] Processing ASW-JED for 06JAN
2025-12-30 17:35:49 | WARNING  | [lf.day.no_flights] No direct flights on 06JAN
2025-12-30 17:35:50 | INFO     | [SUCCESS] Day 06JAN
2025-12-30 17:35:50 | INFO     | [DAY_START] Processing 05JAN
2025-12-30 17:35:50 | INFO     | [lf.day.start] Processing ASW-JED for 05JAN
2025-12-30 17:35:51 | WARNING  | [lf.day.no_flights] No direct flights on 05JAN
2025-12-30 17:35:51 | INFO     | [SUCCESS] Day 05JAN
2025-12-30 17:35:51 | INFO     | [DAY_START] Processing 04JAN
2025-12-30 17:35:51 | INFO     | [lf.day.start] Processing ASW-JED for 04JAN
2025-12-30 17:35:52 | WARNING  | [lf.day.no_flights] No direct flights on 04JAN
2025-12-30 17:35:52 | INFO     | [SUCCESS] Day 04JAN
2025-12-30 17:35:52 | INFO     | [DAY_START] Processing 03JAN
2025-12-30 17:35:52 | INFO     | [lf.day.start] Processing ASW-JED for 03JAN
2025-12-30 17:35:53 | WARNING  | [lf.day.no_flights] No direct flights on 03JAN
2025-12-30 17:35:53 | INFO     | [SUCCESS] Day 03JAN
2025-12-30 17:35:53 | INFO     | [DAY_START] Processing 02JAN
2025-12-30 17:35:53 | INFO     | [lf.day.start] Processing ASW-JED for 02JAN
2025-12-30 17:35:54 | WARNING  | [lf.day.no_flights] No direct flights on 02JAN
2025-12-30 17:35:54 | INFO     | [SUCCESS] Day 02JAN
2025-12-30 17:35:54 | INFO     | [DAY_START] Processing 01JAN
2025-12-30 17:35:54 | INFO     | [lf.day.start] Processing ASW-JED for 01JAN
2025-12-30 17:35:55 | WARNING  | [lf.day.no_flights] No direct flights on 01JAN
2025-12-30 17:35:55 | INFO     | [SUCCESS] Day 01JAN
2025-12-30 17:35:55 | INFO     | [DAY_START] Processing 31DEC
2025-12-30 17:35:55 | INFO     | [lf.day.start] Processing ASW-JED for 31DEC
2025-12-30 17:35:56 | WARNING  | [lf.day.no_flights] No direct flights on 31DEC
2025-12-30 17:35:57 | INFO     | [SUCCESS] Day 31DEC
2025-12-30 17:35:57 | INFO     | [SUCCESS] LF Search Complete
2025-12-30 17:35:59 | INFO     | [Worker_9223] Completed: ASW-JED - 32 results, 0 errors
2025-12-30 17:35:59 | INFO     | [Worker_9223] Processing: CAI-DMM
2025-12-30 17:35:59 | INFO     |   Tier 0: Range 1 (33 days)
