2025-12-30 17:18:52 | INFO     | ======================================================================
2025-12-30 17:18:52 | INFO     | Load Factor Scraper Started - Route: ATZ-AJF
2025-12-30 17:18:52 | INFO     | Log file: D:\CODERED\LAB\market_insights\outputs\run_generated_301225_at_17.09\logs\LF_ATZ-AJF_20251230_171852.log
2025-12-30 17:18:52 | INFO     | Enhanced logging: Capturing both logging.info() and print()
2025-12-30 17:18:52 | INFO     | ======================================================================
2025-12-30 17:18:52 | INFO     | Starting LF search for route: ATZ-AJF
2025-12-30 17:18:52 | INFO     | [START] LF Search
2025-12-30 17:18:53 | INFO     | [HEALTH CHECK] [OK] Chrome connection is healthy
2025-12-30 17:18:53 | INFO     | [DAY_START] Processing 18FEB
2025-12-30 17:18:53 | INFO     | [lf.day.start] Processing ATZ-AJF for 18FEB
2025-12-30 17:18:54 | WARNING  | [lf.day.no_flights] No direct flights on 18FEB
2025-12-30 17:18:54 | INFO     | [SUCCESS] Day 18FEB
2025-12-30 17:18:54 | INFO     | [DAY_START] Processing 17FEB
2025-12-30 17:18:54 | INFO     | [lf.day.start] Processing ATZ-AJF for 17FEB
2025-12-30 17:18:55 | WARNING  | [lf.day.no_flights] No direct flights on 17FEB
2025-12-30 17:18:55 | INFO     | [SUCCESS] Day 17FEB
2025-12-30 17:18:55 | INFO     | [DAY_START] Processing 16FEB
2025-12-30 17:18:55 | INFO     | [lf.day.start] Processing ATZ-AJF for 16FEB
2025-12-30 17:18:56 | WARNING  | [lf.day.no_flights] No direct flights on 16FEB
2025-12-30 17:18:57 | INFO     | [SUCCESS] Day 16FEB
2025-12-30 17:18:57 | INFO     | [DAY_START] Processing 15FEB
2025-12-30 17:18:57 | INFO     | [lf.day.start] Processing ATZ-AJF for 15FEB
2025-12-30 17:18:58 | WARNING  | [lf.day.no_flights] No direct flights on 15FEB
2025-12-30 17:18:58 | INFO     | [SUCCESS] Day 15FEB
2025-12-30 17:18:58 | INFO     | [DAY_START] Processing 14FEB
2025-12-30 17:18:58 | INFO     | [lf.day.start] Processing ATZ-AJF for 14FEB
2025-12-30 17:18:59 | WARNING  | [lf.day.no_flights] No direct flights on 14FEB
2025-12-30 17:18:59 | INFO     | [SUCCESS] Day 14FEB
2025-12-30 17:18:59 | INFO     | [DAY_START] Processing 13FEB
2025-12-30 17:18:59 | INFO     | [lf.day.start] Processing ATZ-AJF for 13FEB
2025-12-30 17:19:01 | INFO     | [lf.day.flights_found] Found 1 flights on 13FEB
2025-12-30 17:19:03 | INFO     | [lf.flight.extracted] SM323 on 13FEB: BKG=0, LF=0.0%
2025-12-30 17:19:04 | INFO     | [SUCCESS] Day 13FEB
2025-12-30 17:19:04 | INFO     | [DAY_START] Processing 12FEB
2025-12-30 17:19:04 | INFO     | [lf.day.start] Processing ATZ-AJF for 12FEB
2025-12-30 17:19:05 | WARNING  | [lf.day.no_flights] No direct flights on 12FEB
2025-12-30 17:19:05 | INFO     | [SUCCESS] Day 12FEB
2025-12-30 17:19:05 | INFO     | [DAY_START] Processing 11FEB
2025-12-30 17:19:05 | INFO     | [lf.day.start] Processing ATZ-AJF for 11FEB
2025-12-30 17:19:06 | WARNING  | [lf.day.no_flights] No direct flights on 11FEB
2025-12-30 17:19:07 | INFO     | [SUCCESS] Day 11FEB
2025-12-30 17:19:07 | INFO     | [DAY_START] Processing 10FEB
2025-12-30 17:19:07 | INFO     | [lf.day.start] Processing ATZ-AJF for 10FEB
2025-12-30 17:19:08 | WARNING  | [lf.day.no_flights] No direct flights on 10FEB
2025-12-30 17:19:08 | INFO     | [SUCCESS] Day 10FEB
2025-12-30 17:19:08 | INFO     | [SUCCESS] LF Search Complete
2025-12-30 17:19:10 | INFO     | [Worker_9233] Completed: ATZ-AJF - 9 results, 0 errors
2025-12-30 17:19:10 | INFO     | [Worker_9233] Processing: CAI-ELQ
2025-12-30 17:19:10 | INFO     |   Tier 0: Range 2, Chunk 2/3 (9 days)
