2025-12-30 17:10:53 | INFO     | ======================================================================
2025-12-30 17:10:53 | INFO     | Load Factor Scraper Started - Route: AJF-CAI
2025-12-30 17:10:53 | INFO     | Log file: D:\CODERED\LAB\market_insights\outputs\run_generated_301225_at_17.09\logs\LF_AJF-CAI_20251230_171053.log
2025-12-30 17:10:53 | INFO     | Enhanced logging: Capturing both logging.info() and print()
2025-12-30 17:10:53 | INFO     | ======================================================================
2025-12-30 17:10:53 | INFO     | Starting LF search for route: AJF-CAI
2025-12-30 17:10:53 | INFO     | [START] LF Search
2025-12-30 17:10:54 | INFO     | [HEALTH CHECK] [OK] Chrome connection is healthy
2025-12-30 17:10:54 | INFO     | [DAY_START] Processing 28FEB
2025-12-30 17:10:54 | INFO     | [lf.day.start] Processing AJF-CAI for 28FEB
2025-12-30 17:10:55 | INFO     | [lf.day.flights_found] Found 1 flights on 28FEB
2025-12-30 17:10:58 | INFO     | [lf.flight.extracted] SM322 on 28FEB: BKG=10, LF=5.7%
2025-12-30 17:11:00 | INFO     | [SUCCESS] Day 28FEB
2025-12-30 17:11:00 | INFO     | [DAY_START] Processing 27FEB
2025-12-30 17:11:00 | INFO     | [lf.day.start] Processing AJF-CAI for 27FEB
2025-12-30 17:11:02 | WARNING  | [lf.day.no_flights] No direct flights on 27FEB
2025-12-30 17:11:02 | INFO     | [SUCCESS] Day 27FEB
2025-12-30 17:11:02 | INFO     | [DAY_START] Processing 26FEB
2025-12-30 17:11:02 | INFO     | [lf.day.start] Processing AJF-CAI for 26FEB
2025-12-30 17:11:03 | INFO     | [lf.day.flights_found] Found 1 flights on 26FEB
2025-12-30 17:11:05 | INFO     | [lf.flight.extracted] SM322 on 26FEB: BKG=14, LF=8.4%
2025-12-30 17:11:07 | INFO     | [SUCCESS] Day 26FEB
2025-12-30 17:11:07 | INFO     | [DAY_START] Processing 25FEB
2025-12-30 17:11:07 | INFO     | [lf.day.start] Processing AJF-CAI for 25FEB
2025-12-30 17:11:08 | WARNING  | [lf.day.no_flights] No direct flights on 25FEB
2025-12-30 17:11:09 | INFO     | [SUCCESS] Day 25FEB
2025-12-30 17:11:09 | INFO     | [DAY_START] Processing 24FEB
2025-12-30 17:11:09 | INFO     | [lf.day.start] Processing AJF-CAI for 24FEB
2025-12-30 17:11:10 | INFO     | [lf.day.flights_found] Found 1 flights on 24FEB
2025-12-30 17:11:12 | INFO     | [lf.flight.extracted] SM322 on 24FEB: BKG=17, LF=9.7%
2025-12-30 17:11:14 | INFO     | [SUCCESS] Day 24FEB
2025-12-30 17:11:14 | INFO     | [DAY_START] Processing 23FEB
2025-12-30 17:11:14 | INFO     | [lf.day.start] Processing AJF-CAI for 23FEB
2025-12-30 17:11:15 | WARNING  | [lf.day.no_flights] No direct flights on 23FEB
2025-12-30 17:11:15 | INFO     | [SUCCESS] Day 23FEB
2025-12-30 17:11:15 | INFO     | [DAY_START] Processing 22FEB
2025-12-30 17:11:15 | INFO     | [lf.day.start] Processing AJF-CAI for 22FEB
2025-12-30 17:11:16 | WARNING  | [lf.day.no_flights] No direct flights on 22FEB
2025-12-30 17:11:16 | INFO     | [SUCCESS] Day 22FEB
2025-12-30 17:11:16 | INFO     | [DAY_START] Processing 21FEB
2025-12-30 17:11:16 | INFO     | [lf.day.start] Processing AJF-CAI for 21FEB
2025-12-30 17:11:17 | INFO     | [lf.day.flights_found] Found 1 flights on 21FEB
2025-12-30 17:11:19 | INFO     | [lf.flight.extracted] SM322 on 21FEB: BKG=17, LF=9.7%
2025-12-30 17:11:22 | INFO     | [SUCCESS] Day 21FEB
2025-12-30 17:11:22 | INFO     | [DAY_START] Processing 20FEB
2025-12-30 17:11:22 | INFO     | [lf.day.start] Processing AJF-CAI for 20FEB
2025-12-30 17:11:23 | WARNING  | [lf.day.no_flights] No direct flights on 20FEB
2025-12-30 17:11:23 | INFO     | [SUCCESS] Day 20FEB
2025-12-30 17:11:23 | INFO     | [DAY_START] Processing 19FEB
2025-12-30 17:11:23 | INFO     | [lf.day.start] Processing AJF-CAI for 19FEB
2025-12-30 17:11:24 | INFO     | [lf.day.flights_found] Found 1 flights on 19FEB
2025-12-30 17:11:26 | INFO     | [lf.flight.extracted] SM322 on 19FEB: BKG=3, LF=1.7%
2025-12-30 17:11:29 | INFO     | [SUCCESS] Day 19FEB
2025-12-30 17:11:29 | INFO     | [SUCCESS] LF Search Complete
2025-12-30 17:11:31 | INFO     | [Worker_9224] Completed: AJF-CAI - 10 results, 0 errors
2025-12-30 17:11:31 | INFO     | [Worker_9224] Processing: GIZ-CAI
2025-12-30 17:11:31 | INFO     |   Tier 0: Range 2, Chunk 1/3 (10 days)
