2025-12-30 17:40:31 | INFO     | ======================================================================
2025-12-30 17:40:31 | INFO     | Load Factor Scraper Started - Route: ATZ-ELQ
2025-12-30 17:40:31 | INFO     | Log file: D:\CODERED\LAB\market_insights\outputs\run_generated_301225_at_17.09\logs\LF_ATZ-ELQ_20251230_174031.log
2025-12-30 17:40:31 | INFO     | Enhanced logging: Capturing both logging.info() and print()
2025-12-30 17:40:31 | INFO     | ======================================================================
2025-12-30 17:40:31 | INFO     | Starting LF search for route: ATZ-ELQ
2025-12-30 17:40:31 | INFO     | [START] LF Search
2025-12-30 17:40:32 | INFO     | [HEALTH CHECK] [OK] Chrome connection is healthy
2025-12-30 17:40:32 | INFO     | [DAY_START] Processing 31JAN
2025-12-30 17:40:32 | INFO     | [lf.day.start] Processing ATZ-ELQ for 31JAN
2025-12-30 17:40:34 | INFO     | [lf.day.flights_found] Found 1 flights on 31JAN
2025-12-30 17:40:36 | INFO     | [lf.flight.extracted] SM435 on 31JAN: BKG=5, LF=2.8%
2025-12-30 17:40:39 | INFO     | [SUCCESS] Day 31JAN
2025-12-30 17:40:39 | INFO     | [DAY_START] Processing 30JAN
2025-12-30 17:40:39 | INFO     | [lf.day.start] Processing ATZ-ELQ for 30JAN
2025-12-30 17:40:40 | WARNING  | [lf.day.no_flights] No direct flights on 30JAN
2025-12-30 17:40:40 | INFO     | [SUCCESS] Day 30JAN
2025-12-30 17:40:40 | INFO     | [DAY_START] Processing 29JAN
2025-12-30 17:40:40 | INFO     | [lf.day.start] Processing ATZ-ELQ for 29JAN
2025-12-30 17:40:41 | WARNING  | [lf.day.no_flights] No direct flights on 29JAN
2025-12-30 17:40:41 | INFO     | [SUCCESS] Day 29JAN
2025-12-30 17:40:41 | INFO     | [DAY_START] Processing 28JAN
2025-12-30 17:40:41 | INFO     | [lf.day.start] Processing ATZ-ELQ for 28JAN
2025-12-30 17:40:42 | WARNING  | [lf.day.no_flights] No direct flights on 28JAN
2025-12-30 17:40:42 | INFO     | [SUCCESS] Day 28JAN
2025-12-30 17:40:42 | INFO     | [DAY_START] Processing 27JAN
2025-12-30 17:40:42 | INFO     | [lf.day.start] Processing ATZ-ELQ for 27JAN
2025-12-30 17:40:43 | INFO     | [lf.day.flights_found] Found 1 flights on 27JAN
2025-12-30 17:40:45 | INFO     | [lf.flight.extracted] SM435 on 27JAN: BKG=11, LF=6.2%
2025-12-30 17:40:48 | INFO     | [SUCCESS] Day 27JAN
2025-12-30 17:40:48 | INFO     | [DAY_START] Processing 26JAN
2025-12-30 17:40:48 | INFO     | [lf.day.start] Processing ATZ-ELQ for 26JAN
2025-12-30 17:40:49 | WARNING  | [lf.day.no_flights] No direct flights on 26JAN
2025-12-30 17:40:49 | INFO     | [SUCCESS] Day 26JAN
2025-12-30 17:40:49 | INFO     | [DAY_START] Processing 25JAN
2025-12-30 17:40:49 | INFO     | [lf.day.start] Processing ATZ-ELQ for 25JAN
2025-12-30 17:40:50 | WARNING  | [lf.day.no_flights] No direct flights on 25JAN
2025-12-30 17:40:50 | INFO     | [SUCCESS] Day 25JAN
2025-12-30 17:40:50 | INFO     | [DAY_START] Processing 24JAN
2025-12-30 17:40:50 | INFO     | [lf.day.start] Processing ATZ-ELQ for 24JAN
2025-12-30 17:40:52 | INFO     | [lf.day.flights_found] Found 1 flights on 24JAN
2025-12-30 17:40:54 | INFO     | [lf.flight.extracted] SM435 on 24JAN: BKG=32, LF=17.9%
2025-12-30 17:40:57 | INFO     | [SUCCESS] Day 24JAN
2025-12-30 17:40:57 | INFO     | [DAY_START] Processing 23JAN
2025-12-30 17:40:57 | INFO     | [lf.day.start] Processing ATZ-ELQ for 23JAN
2025-12-30 17:40:59 | WARNING  | [lf.day.no_flights] No direct flights on 23JAN
2025-12-30 17:40:59 | INFO     | [SUCCESS] Day 23JAN
2025-12-30 17:40:59 | INFO     | [DAY_START] Processing 22JAN
2025-12-30 17:40:59 | INFO     | [lf.day.start] Processing ATZ-ELQ for 22JAN
2025-12-30 17:41:00 | WARNING  | [lf.day.no_flights] No direct flights on 22JAN
2025-12-30 17:41:00 | INFO     | [SUCCESS] Day 22JAN
2025-12-30 17:41:00 | INFO     | [DAY_START] Processing 21JAN
2025-12-30 17:41:00 | INFO     | [lf.day.start] Processing ATZ-ELQ for 21JAN
2025-12-30 17:41:01 | WARNING  | [lf.day.no_flights] No direct flights on 21JAN
2025-12-30 17:41:01 | INFO     | [SUCCESS] Day 21JAN
2025-12-30 17:41:01 | INFO     | [DAY_START] Processing 20JAN
2025-12-30 17:41:01 | INFO     | [lf.day.start] Processing ATZ-ELQ for 20JAN
2025-12-30 17:41:03 | INFO     | [lf.day.flights_found] Found 1 flights on 20JAN
2025-12-30 17:41:05 | INFO     | [lf.flight.extracted] SM435 on 20JAN: BKG=25, LF=14.0%
2025-12-30 17:41:09 | INFO     | [SUCCESS] Day 20JAN
2025-12-30 17:41:09 | INFO     | [DAY_START] Processing 19JAN
2025-12-30 17:41:09 | INFO     | [lf.day.start] Processing ATZ-ELQ for 19JAN
2025-12-30 17:41:10 | WARNING  | [lf.day.no_flights] No direct flights on 19JAN
2025-12-30 17:41:10 | INFO     | [SUCCESS] Day 19JAN
2025-12-30 17:41:10 | INFO     | [DAY_START] Processing 18JAN
2025-12-30 17:41:10 | INFO     | [lf.day.start] Processing ATZ-ELQ for 18JAN
2025-12-30 17:41:11 | WARNING  | [lf.day.no_flights] No direct flights on 18JAN
2025-12-30 17:41:11 | INFO     | [SUCCESS] Day 18JAN
2025-12-30 17:41:11 | INFO     | [DAY_START] Processing 17JAN
2025-12-30 17:41:11 | INFO     | [lf.day.start] Processing ATZ-ELQ for 17JAN
2025-12-30 17:41:12 | INFO     | [lf.day.flights_found] Found 1 flights on 17JAN
2025-12-30 17:41:14 | INFO     | [lf.flight.extracted] SM435 on 17JAN: BKG=45, LF=25.1%
2025-12-30 17:41:19 | INFO     | [SUCCESS] Day 17JAN
2025-12-30 17:41:19 | INFO     | [DAY_START] Processing 16JAN
2025-12-30 17:41:19 | INFO     | [lf.day.start] Processing ATZ-ELQ for 16JAN
2025-12-30 17:41:20 | WARNING  | [lf.day.no_flights] No direct flights on 16JAN
2025-12-30 17:41:20 | INFO     | [SUCCESS] Day 16JAN
2025-12-30 17:41:20 | INFO     | [DAY_START] Processing 15JAN
2025-12-30 17:41:20 | INFO     | [lf.day.start] Processing ATZ-ELQ for 15JAN
2025-12-30 17:41:21 | WARNING  | [lf.day.no_flights] No direct flights on 15JAN
2025-12-30 17:41:22 | INFO     | [SUCCESS] Day 15JAN
2025-12-30 17:41:22 | INFO     | [DAY_START] Processing 14JAN
2025-12-30 17:41:22 | INFO     | [lf.day.start] Processing ATZ-ELQ for 14JAN
2025-12-30 17:41:23 | WARNING  | [lf.day.no_flights] No direct flights on 14JAN
2025-12-30 17:41:23 | INFO     | [SUCCESS] Day 14JAN
2025-12-30 17:41:23 | INFO     | [DAY_START] Processing 13JAN
2025-12-30 17:41:23 | INFO     | [lf.day.start] Processing ATZ-ELQ for 13JAN
2025-12-30 17:41:24 | INFO     | [lf.day.flights_found] Found 1 flights on 13JAN
2025-12-30 17:41:26 | INFO     | [lf.flight.extracted] SM435 on 13JAN: BKG=29, LF=16.2%
2025-12-30 17:41:29 | INFO     | [SUCCESS] Day 13JAN
2025-12-30 17:41:29 | INFO     | [DAY_START] Processing 12JAN
2025-12-30 17:41:29 | INFO     | [lf.day.start] Processing ATZ-ELQ for 12JAN
2025-12-30 17:41:30 | WARNING  | [lf.day.no_flights] No direct flights on 12JAN
2025-12-30 17:41:31 | INFO     | [SUCCESS] Day 12JAN
2025-12-30 17:41:31 | INFO     | [DAY_START] Processing 11JAN
2025-12-30 17:41:31 | INFO     | [lf.day.start] Processing ATZ-ELQ for 11JAN
2025-12-30 17:41:31 | WARNING  | [lf.day.no_flights] No direct flights on 11JAN
2025-12-30 17:41:32 | INFO     | [SUCCESS] Day 11JAN
2025-12-30 17:41:32 | INFO     | [DAY_START] Processing 10JAN
2025-12-30 17:41:32 | INFO     | [lf.day.start] Processing ATZ-ELQ for 10JAN
2025-12-30 17:41:33 | INFO     | [lf.day.flights_found] Found 1 flights on 10JAN
2025-12-30 17:41:35 | INFO     | [lf.flight.extracted] SM435 on 10JAN: BKG=67, LF=37.4%
2025-12-30 17:41:40 | INFO     | [SUCCESS] Day 10JAN
2025-12-30 17:41:40 | INFO     | [DAY_START] Processing 09JAN
2025-12-30 17:41:40 | INFO     | [lf.day.start] Processing ATZ-ELQ for 09JAN
2025-12-30 17:41:41 | WARNING  | [lf.day.no_flights] No direct flights on 09JAN
2025-12-30 17:41:42 | INFO     | [SUCCESS] Day 09JAN
2025-12-30 17:41:42 | INFO     | [DAY_START] Processing 08JAN
2025-12-30 17:41:42 | INFO     | [lf.day.start] Processing ATZ-ELQ for 08JAN
2025-12-30 17:41:43 | WARNING  | [lf.day.no_flights] No direct flights on 08JAN
2025-12-30 17:41:43 | INFO     | [SUCCESS] Day 08JAN
2025-12-30 17:41:43 | INFO     | [DAY_START] Processing 07JAN
2025-12-30 17:41:43 | INFO     | [lf.day.start] Processing ATZ-ELQ for 07JAN
2025-12-30 17:41:44 | WARNING  | [lf.day.no_flights] No direct flights on 07JAN
2025-12-30 17:41:44 | INFO     | [SUCCESS] Day 07JAN
2025-12-30 17:41:44 | INFO     | [DAY_START] Processing 06JAN
2025-12-30 17:41:44 | INFO     | [lf.day.start] Processing ATZ-ELQ for 06JAN
2025-12-30 17:41:45 | INFO     | [lf.day.flights_found] Found 1 flights on 06JAN
2025-12-30 17:41:47 | INFO     | [lf.flight.extracted] SM435 on 06JAN: BKG=51, LF=28.5%
2025-12-30 17:41:51 | INFO     | [SUCCESS] Day 06JAN
2025-12-30 17:41:51 | INFO     | [DAY_START] Processing 05JAN
2025-12-30 17:41:51 | INFO     | [lf.day.start] Processing ATZ-ELQ for 05JAN
2025-12-30 17:41:52 | WARNING  | [lf.day.no_flights] No direct flights on 05JAN
2025-12-30 17:41:52 | INFO     | [SUCCESS] Day 05JAN
2025-12-30 17:41:52 | INFO     | [DAY_START] Processing 04JAN
2025-12-30 17:41:52 | INFO     | [lf.day.start] Processing ATZ-ELQ for 04JAN
2025-12-30 17:41:53 | WARNING  | [lf.day.no_flights] No direct flights on 04JAN
2025-12-30 17:41:53 | INFO     | [SUCCESS] Day 04JAN
2025-12-30 17:41:53 | INFO     | [DAY_START] Processing 03JAN
2025-12-30 17:41:53 | INFO     | [lf.day.start] Processing ATZ-ELQ for 03JAN
2025-12-30 17:41:54 | INFO     | [lf.day.flights_found] Found 1 flights on 03JAN
2025-12-30 17:41:56 | INFO     | [lf.flight.extracted] SM435 on 03JAN: BKG=109, LF=60.9%
2025-12-30 17:42:02 | INFO     | [SUCCESS] Day 03JAN
2025-12-30 17:42:02 | INFO     | [DAY_START] Processing 02JAN
2025-12-30 17:42:02 | INFO     | [lf.day.start] Processing ATZ-ELQ for 02JAN
2025-12-30 17:42:03 | WARNING  | [lf.day.no_flights] No direct flights on 02JAN
2025-12-30 17:42:03 | INFO     | [SUCCESS] Day 02JAN
2025-12-30 17:42:03 | INFO     | [DAY_START] Processing 01JAN
2025-12-30 17:42:03 | INFO     | [lf.day.start] Processing ATZ-ELQ for 01JAN
2025-12-30 17:42:04 | WARNING  | [lf.day.no_flights] No direct flights on 01JAN
2025-12-30 17:42:04 | INFO     | [SUCCESS] Day 01JAN
2025-12-30 17:42:04 | INFO     | [DAY_START] Processing 31DEC
2025-12-30 17:42:04 | INFO     | [lf.day.start] Processing ATZ-ELQ for 31DEC
2025-12-30 17:42:05 | WARNING  | [lf.day.no_flights] No direct flights on 31DEC
2025-12-30 17:42:06 | INFO     | [SUCCESS] Day 31DEC
2025-12-30 17:42:06 | INFO     | [SUCCESS] LF Search Complete
2025-12-30 17:42:08 | INFO     | [Worker_9232] Completed: ATZ-ELQ - 32 results, 0 errors
