2025-12-30 17:39:42 | INFO     | ======================================================================
2025-12-30 17:39:42 | INFO     | Load Factor Scraper Started - Route: ATZ-AHB
2025-12-30 17:39:42 | INFO     | Log file: D:\CODERED\LAB\market_insights\outputs\run_generated_301225_at_17.09\logs\LF_ATZ-AHB_20251230_173942.log
2025-12-30 17:39:42 | INFO     | Enhanced logging: Capturing both logging.info() and print()
2025-12-30 17:39:42 | INFO     | ======================================================================
2025-12-30 17:39:42 | INFO     | Starting LF search for route: ATZ-AHB
2025-12-30 17:39:42 | INFO     | [START] LF Search
2025-12-30 17:39:44 | INFO     | [HEALTH CHECK] [OK] Chrome connection is healthy
2025-12-30 17:39:44 | INFO     | [DAY_START] Processing 31JAN
2025-12-30 17:39:44 | INFO     | [lf.day.start] Processing ATZ-AHB for 31JAN
2025-12-30 17:39:45 | WARNING  | [lf.day.no_flights] No direct flights on 31JAN
2025-12-30 17:39:46 | INFO     | [SUCCESS] Day 31JAN
2025-12-30 17:39:46 | INFO     | [DAY_START] Processing 30JAN
2025-12-30 17:39:46 | INFO     | [lf.day.start] Processing ATZ-AHB for 30JAN
2025-12-30 17:39:47 | INFO     | [lf.day.flights_found] Found 1 flights on 30JAN
2025-12-30 17:39:49 | INFO     | [lf.flight.extracted] SM445 on 30JAN: BKG=20, LF=11.2%
2025-12-30 17:39:53 | INFO     | [SUCCESS] Day 30JAN
2025-12-30 17:39:53 | INFO     | [DAY_START] Processing 29JAN
2025-12-30 17:39:53 | INFO     | [lf.day.start] Processing ATZ-AHB for 29JAN
2025-12-30 17:39:54 | WARNING  | [lf.day.no_flights] No direct flights on 29JAN
2025-12-30 17:39:54 | INFO     | [SUCCESS] Day 29JAN
2025-12-30 17:39:54 | INFO     | [DAY_START] Processing 28JAN
2025-12-30 17:39:54 | INFO     | [lf.day.start] Processing ATZ-AHB for 28JAN
2025-12-30 17:39:55 | WARNING  | [lf.day.no_flights] No direct flights on 28JAN
2025-12-30 17:39:56 | INFO     | [SUCCESS] Day 28JAN
2025-12-30 17:39:56 | INFO     | [DAY_START] Processing 27JAN
2025-12-30 17:39:56 | INFO     | [lf.day.start] Processing ATZ-AHB for 27JAN
2025-12-30 17:39:57 | WARNING  | [lf.day.no_flights] No direct flights on 27JAN
2025-12-30 17:39:57 | INFO     | [SUCCESS] Day 27JAN
2025-12-30 17:39:57 | INFO     | [DAY_START] Processing 26JAN
2025-12-30 17:39:57 | INFO     | [lf.day.start] Processing ATZ-AHB for 26JAN
2025-12-30 17:39:59 | WARNING  | [lf.day.no_flights] No direct flights on 26JAN
2025-12-30 17:39:59 | INFO     | [SUCCESS] Day 26JAN
2025-12-30 17:39:59 | INFO     | [DAY_START] Processing 25JAN
2025-12-30 17:39:59 | INFO     | [lf.day.start] Processing ATZ-AHB for 25JAN
2025-12-30 17:40:00 | WARNING  | [lf.day.no_flights] No direct flights on 25JAN
2025-12-30 17:40:00 | INFO     | [SUCCESS] Day 25JAN
2025-12-30 17:40:00 | INFO     | [DAY_START] Processing 24JAN
2025-12-30 17:40:00 | INFO     | [lf.day.start] Processing ATZ-AHB for 24JAN
2025-12-30 17:40:01 | WARNING  | [lf.day.no_flights] No direct flights on 24JAN
2025-12-30 17:40:01 | INFO     | [SUCCESS] Day 24JAN
2025-12-30 17:40:01 | INFO     | [DAY_START] Processing 23JAN
2025-12-30 17:40:01 | INFO     | [lf.day.start] Processing ATZ-AHB for 23JAN
2025-12-30 17:40:03 | INFO     | [lf.day.flights_found] Found 1 flights on 23JAN
2025-12-30 17:40:05 | INFO     | [lf.flight.extracted] SM445 on 23JAN: BKG=51, LF=28.5%
2025-12-30 17:40:09 | INFO     | [SUCCESS] Day 23JAN
2025-12-30 17:40:09 | INFO     | [DAY_START] Processing 22JAN
2025-12-30 17:40:09 | INFO     | [lf.day.start] Processing ATZ-AHB for 22JAN
2025-12-30 17:40:10 | WARNING  | [lf.day.no_flights] No direct flights on 22JAN
2025-12-30 17:40:10 | INFO     | [SUCCESS] Day 22JAN
2025-12-30 17:40:10 | INFO     | [DAY_START] Processing 21JAN
2025-12-30 17:40:10 | INFO     | [lf.day.start] Processing ATZ-AHB for 21JAN
2025-12-30 17:40:11 | WARNING  | [lf.day.no_flights] No direct flights on 21JAN
2025-12-30 17:40:11 | INFO     | [SUCCESS] Day 21JAN
2025-12-30 17:40:11 | INFO     | [DAY_START] Processing 20JAN
2025-12-30 17:40:11 | INFO     | [lf.day.start] Processing ATZ-AHB for 20JAN
2025-12-30 17:40:12 | WARNING  | [lf.day.no_flights] No direct flights on 20JAN
2025-12-30 17:40:12 | INFO     | [SUCCESS] Day 20JAN
2025-12-30 17:40:12 | INFO     | [DAY_START] Processing 19JAN
2025-12-30 17:40:12 | INFO     | [lf.day.start] Processing ATZ-AHB for 19JAN
2025-12-30 17:40:14 | WARNING  | [lf.day.no_flights] No direct flights on 19JAN
2025-12-30 17:40:14 | INFO     | [SUCCESS] Day 19JAN
2025-12-30 17:40:14 | INFO     | [DAY_START] Processing 18JAN
2025-12-30 17:40:14 | INFO     | [lf.day.start] Processing ATZ-AHB for 18JAN
2025-12-30 17:40:15 | WARNING  | [lf.day.no_flights] No direct flights on 18JAN
2025-12-30 17:40:15 | INFO     | [SUCCESS] Day 18JAN
2025-12-30 17:40:15 | INFO     | [DAY_START] Processing 17JAN
2025-12-30 17:40:15 | INFO     | [lf.day.start] Processing ATZ-AHB for 17JAN
2025-12-30 17:40:16 | WARNING  | [lf.day.no_flights] No direct flights on 17JAN
2025-12-30 17:40:16 | INFO     | [SUCCESS] Day 17JAN
2025-12-30 17:40:16 | INFO     | [DAY_START] Processing 16JAN
2025-12-30 17:40:16 | INFO     | [lf.day.start] Processing ATZ-AHB for 16JAN
2025-12-30 17:40:17 | INFO     | [lf.day.flights_found] Found 1 flights on 16JAN
2025-12-30 17:40:19 | INFO     | [lf.flight.extracted] SM445 on 16JAN: BKG=51, LF=28.5%
2025-12-30 17:40:23 | INFO     | [SUCCESS] Day 16JAN
2025-12-30 17:40:23 | INFO     | [DAY_START] Processing 15JAN
2025-12-30 17:40:23 | INFO     | [lf.day.start] Processing ATZ-AHB for 15JAN
2025-12-30 17:40:24 | WARNING  | [lf.day.no_flights] No direct flights on 15JAN
2025-12-30 17:40:25 | INFO     | [SUCCESS] Day 15JAN
2025-12-30 17:40:25 | INFO     | [DAY_START] Processing 14JAN
2025-12-30 17:40:25 | INFO     | [lf.day.start] Processing ATZ-AHB for 14JAN
2025-12-30 17:40:26 | WARNING  | [lf.day.no_flights] No direct flights on 14JAN
2025-12-30 17:40:26 | INFO     | [SUCCESS] Day 14JAN
2025-12-30 17:40:26 | INFO     | [DAY_START] Processing 13JAN
2025-12-30 17:40:26 | INFO     | [lf.day.start] Processing ATZ-AHB for 13JAN
2025-12-30 17:40:27 | WARNING  | [lf.day.no_flights] No direct flights on 13JAN
2025-12-30 17:40:27 | INFO     | [SUCCESS] Day 13JAN
2025-12-30 17:40:27 | INFO     | [DAY_START] Processing 12JAN
2025-12-30 17:40:27 | INFO     | [lf.day.start] Processing ATZ-AHB for 12JAN
2025-12-30 17:40:28 | WARNING  | [lf.day.no_flights] No direct flights on 12JAN
2025-12-30 17:40:28 | INFO     | [SUCCESS] Day 12JAN
2025-12-30 17:40:28 | INFO     | [DAY_START] Processing 11JAN
2025-12-30 17:40:28 | INFO     | [lf.day.start] Processing ATZ-AHB for 11JAN
2025-12-30 17:40:29 | WARNING  | [lf.day.no_flights] No direct flights on 11JAN
2025-12-30 17:40:29 | INFO     | [SUCCESS] Day 11JAN
2025-12-30 17:40:29 | INFO     | [DAY_START] Processing 10JAN
2025-12-30 17:40:29 | INFO     | [lf.day.start] Processing ATZ-AHB for 10JAN
2025-12-30 17:40:30 | WARNING  | [lf.day.no_flights] No direct flights on 10JAN
2025-12-30 17:40:31 | INFO     | [SUCCESS] Day 10JAN
2025-12-30 17:40:31 | INFO     | [DAY_START] Processing 09JAN
2025-12-30 17:40:31 | INFO     | [lf.day.start] Processing ATZ-AHB for 09JAN
2025-12-30 17:40:32 | INFO     | [lf.day.flights_found] Found 1 flights on 09JAN
2025-12-30 17:40:34 | INFO     | [lf.flight.extracted] SM445 on 09JAN: BKG=114, LF=63.7%
2025-12-30 17:40:40 | INFO     | [SUCCESS] Day 09JAN
2025-12-30 17:40:40 | INFO     | [DAY_START] Processing 08JAN
2025-12-30 17:40:40 | INFO     | [lf.day.start] Processing ATZ-AHB for 08JAN
2025-12-30 17:40:41 | WARNING  | [lf.day.no_flights] No direct flights on 08JAN
2025-12-30 17:40:41 | INFO     | [SUCCESS] Day 08JAN
2025-12-30 17:40:41 | INFO     | [DAY_START] Processing 07JAN
2025-12-30 17:40:41 | INFO     | [lf.day.start] Processing ATZ-AHB for 07JAN
2025-12-30 17:40:42 | WARNING  | [lf.day.no_flights] No direct flights on 07JAN
2025-12-30 17:40:42 | INFO     | [SUCCESS] Day 07JAN
2025-12-30 17:40:42 | INFO     | [DAY_START] Processing 06JAN
2025-12-30 17:40:42 | INFO     | [lf.day.start] Processing ATZ-AHB for 06JAN
2025-12-30 17:40:43 | WARNING  | [lf.day.no_flights] No direct flights on 06JAN
2025-12-30 17:40:43 | INFO     | [SUCCESS] Day 06JAN
2025-12-30 17:40:44 | INFO     | [DAY_START] Processing 05JAN
2025-12-30 17:40:44 | INFO     | [lf.day.start] Processing ATZ-AHB for 05JAN
2025-12-30 17:40:45 | WARNING  | [lf.day.no_flights] No direct flights on 05JAN
2025-12-30 17:40:45 | INFO     | [SUCCESS] Day 05JAN
2025-12-30 17:40:45 | INFO     | [DAY_START] Processing 04JAN
2025-12-30 17:40:45 | INFO     | [lf.day.start] Processing ATZ-AHB for 04JAN
2025-12-30 17:40:46 | WARNING  | [lf.day.no_flights] No direct flights on 04JAN
2025-12-30 17:40:46 | INFO     | [SUCCESS] Day 04JAN
2025-12-30 17:40:46 | INFO     | [DAY_START] Processing 03JAN
2025-12-30 17:40:46 | INFO     | [lf.day.start] Processing ATZ-AHB for 03JAN
2025-12-30 17:40:47 | WARNING  | [lf.day.no_flights] No direct flights on 03JAN
2025-12-30 17:40:47 | INFO     | [SUCCESS] Day 03JAN
2025-12-30 17:40:47 | INFO     | [DAY_START] Processing 02JAN
2025-12-30 17:40:47 | INFO     | [lf.day.start] Processing ATZ-AHB for 02JAN
2025-12-30 17:40:48 | INFO     | [lf.day.flights_found] Found 1 flights on 02JAN
2025-12-30 17:40:51 | INFO     | [lf.flight.extracted] SM445 on 02JAN: BKG=122, LF=68.2%
2025-12-30 17:40:58 | INFO     | [SUCCESS] Day 02JAN
2025-12-30 17:40:58 | INFO     | [DAY_START] Processing 01JAN
2025-12-30 17:40:58 | INFO     | [lf.day.start] Processing ATZ-AHB for 01JAN
2025-12-30 17:40:59 | WARNING  | [lf.day.no_flights] No direct flights on 01JAN
2025-12-30 17:40:59 | INFO     | [SUCCESS] Day 01JAN
2025-12-30 17:40:59 | INFO     | [DAY_START] Processing 31DEC
2025-12-30 17:40:59 | INFO     | [lf.day.start] Processing ATZ-AHB for 31DEC
2025-12-30 17:41:00 | WARNING  | [lf.day.no_flights] No direct flights on 31DEC
2025-12-30 17:41:01 | INFO     | [SUCCESS] Day 31DEC
2025-12-30 17:41:01 | INFO     | [SUCCESS] LF Search Complete
2025-12-30 17:41:03 | INFO     | [Worker_9233] Completed: ATZ-AHB - 32 results, 0 errors
