2025-12-30 17:35:43 | INFO     | ======================================================================
2025-12-30 17:35:43 | INFO     | Load Factor Scraper Started - Route: ATZ-RUH
2025-12-30 17:35:43 | INFO     | Log file: D:\CODERED\LAB\market_insights\outputs\run_generated_301225_at_17.09\logs\LF_ATZ-RUH_20251230_173543.log
2025-12-30 17:35:43 | INFO     | Enhanced logging: Capturing both logging.info() and print()
2025-12-30 17:35:43 | INFO     | ======================================================================
2025-12-30 17:35:43 | INFO     | Starting LF search for route: ATZ-RUH
2025-12-30 17:35:43 | INFO     | [START] LF Search
2025-12-30 17:35:44 | INFO     | [HEALTH CHECK] [OK] Chrome connection is healthy
2025-12-30 17:35:44 | INFO     | [DAY_START] Processing 31JAN
2025-12-30 17:35:44 | INFO     | [lf.day.start] Processing ATZ-RUH for 31JAN
2025-12-30 17:35:46 | WARNING  | [lf.day.no_flights] No direct flights on 31JAN
2025-12-30 17:35:46 | INFO     | [SUCCESS] Day 31JAN
2025-12-30 17:35:46 | INFO     | [DAY_START] Processing 30JAN
2025-12-30 17:35:46 | INFO     | [lf.day.start] Processing ATZ-RUH for 30JAN
2025-12-30 17:35:47 | WARNING  | [lf.day.no_flights] No direct flights on 30JAN
2025-12-30 17:35:47 | INFO     | [SUCCESS] Day 30JAN
2025-12-30 17:35:47 | INFO     | [DAY_START] Processing 29JAN
2025-12-30 17:35:47 | INFO     | [lf.day.start] Processing ATZ-RUH for 29JAN
2025-12-30 17:35:48 | WARNING  | [lf.day.no_flights] No direct flights on 29JAN
2025-12-30 17:35:48 | INFO     | [SUCCESS] Day 29JAN
2025-12-30 17:35:48 | INFO     | [DAY_START] Processing 28JAN
2025-12-30 17:35:48 | INFO     | [lf.day.start] Processing ATZ-RUH for 28JAN
2025-12-30 17:35:49 | INFO     | [lf.day.flights_found] Found 1 flights on 28JAN
2025-12-30 17:35:51 | INFO     | [lf.flight.extracted] SM465 on 28JAN: BKG=50, LF=27.9%
2025-12-30 17:35:55 | INFO     | [SUCCESS] Day 28JAN
2025-12-30 17:35:55 | INFO     | [DAY_START] Processing 27JAN
2025-12-30 17:35:55 | INFO     | [lf.day.start] Processing ATZ-RUH for 27JAN
2025-12-30 17:35:56 | INFO     | [lf.day.flights_found] Found 1 flights on 27JAN
2025-12-30 17:36:00 | INFO     | [lf.flight.extracted] SM463 on 27JAN: BKG=35, LF=19.6%
2025-12-30 17:36:03 | INFO     | [SUCCESS] Day 27JAN
2025-12-30 17:36:03 | INFO     | [DAY_START] Processing 26JAN
2025-12-30 17:36:03 | INFO     | [lf.day.start] Processing ATZ-RUH for 26JAN
2025-12-30 17:36:05 | WARNING  | [lf.day.no_flights] No direct flights on 26JAN
2025-12-30 17:36:05 | INFO     | [SUCCESS] Day 26JAN
2025-12-30 17:36:05 | INFO     | [DAY_START] Processing 25JAN
2025-12-30 17:36:05 | INFO     | [lf.day.start] Processing ATZ-RUH for 25JAN
2025-12-30 17:36:06 | INFO     | [lf.day.flights_found] Found 1 flights on 25JAN
2025-12-30 17:36:08 | INFO     | [lf.flight.extracted] SM463 on 25JAN: BKG=38, LF=21.2%
2025-12-30 17:36:11 | INFO     | [SUCCESS] Day 25JAN
2025-12-30 17:36:11 | INFO     | [DAY_START] Processing 24JAN
2025-12-30 17:36:11 | INFO     | [lf.day.start] Processing ATZ-RUH for 24JAN
2025-12-30 17:36:12 | WARNING  | [lf.day.no_flights] No direct flights on 24JAN
2025-12-30 17:36:12 | INFO     | [SUCCESS] Day 24JAN
2025-12-30 17:36:12 | INFO     | [DAY_START] Processing 23JAN
2025-12-30 17:36:12 | INFO     | [lf.day.start] Processing ATZ-RUH for 23JAN
2025-12-30 17:36:13 | WARNING  | [lf.day.no_flights] No direct flights on 23JAN
2025-12-30 17:36:13 | INFO     | [SUCCESS] Day 23JAN
2025-12-30 17:36:13 | INFO     | [DAY_START] Processing 22JAN
2025-12-30 17:36:13 | INFO     | [lf.day.start] Processing ATZ-RUH for 22JAN
2025-12-30 17:36:14 | WARNING  | [lf.day.no_flights] No direct flights on 22JAN
2025-12-30 17:36:15 | INFO     | [SUCCESS] Day 22JAN
2025-12-30 17:36:15 | INFO     | [DAY_START] Processing 21JAN
2025-12-30 17:36:15 | INFO     | [lf.day.start] Processing ATZ-RUH for 21JAN
2025-12-30 17:36:16 | INFO     | [lf.day.flights_found] Found 1 flights on 21JAN
2025-12-30 17:36:18 | INFO     | [lf.flight.extracted] SM465 on 21JAN: BKG=66, LF=36.9%
2025-12-30 17:36:23 | INFO     | [SUCCESS] Day 21JAN
2025-12-30 17:36:23 | INFO     | [DAY_START] Processing 20JAN
2025-12-30 17:36:23 | INFO     | [lf.day.start] Processing ATZ-RUH for 20JAN
2025-12-30 17:36:24 | INFO     | [lf.day.flights_found] Found 1 flights on 20JAN
2025-12-30 17:36:26 | INFO     | [lf.flight.extracted] SM463 on 20JAN: BKG=66, LF=36.9%
2025-12-30 17:36:31 | INFO     | [SUCCESS] Day 20JAN
2025-12-30 17:36:31 | INFO     | [DAY_START] Processing 19JAN
2025-12-30 17:36:31 | INFO     | [lf.day.start] Processing ATZ-RUH for 19JAN
2025-12-30 17:36:32 | WARNING  | [lf.day.no_flights] No direct flights on 19JAN
2025-12-30 17:36:32 | INFO     | [SUCCESS] Day 19JAN
2025-12-30 17:36:32 | INFO     | [DAY_START] Processing 18JAN
2025-12-30 17:36:32 | INFO     | [lf.day.start] Processing ATZ-RUH for 18JAN
2025-12-30 17:36:33 | INFO     | [lf.day.flights_found] Found 1 flights on 18JAN
2025-12-30 17:36:36 | INFO     | [lf.flight.extracted] SM463 on 18JAN: BKG=85, LF=47.5%
2025-12-30 17:36:41 | INFO     | [SUCCESS] Day 18JAN
2025-12-30 17:36:41 | INFO     | [DAY_START] Processing 17JAN
2025-12-30 17:36:41 | INFO     | [lf.day.start] Processing ATZ-RUH for 17JAN
2025-12-30 17:36:43 | WARNING  | [lf.day.no_flights] No direct flights on 17JAN
2025-12-30 17:36:43 | INFO     | [SUCCESS] Day 17JAN
2025-12-30 17:36:43 | INFO     | [DAY_START] Processing 16JAN
2025-12-30 17:36:43 | INFO     | [lf.day.start] Processing ATZ-RUH for 16JAN
2025-12-30 17:36:44 | WARNING  | [lf.day.no_flights] No direct flights on 16JAN
2025-12-30 17:36:44 | INFO     | [SUCCESS] Day 16JAN
2025-12-30 17:36:44 | INFO     | [DAY_START] Processing 15JAN
2025-12-30 17:36:44 | INFO     | [lf.day.start] Processing ATZ-RUH for 15JAN
2025-12-30 17:36:45 | WARNING  | [lf.day.no_flights] No direct flights on 15JAN
2025-12-30 17:36:45 | INFO     | [SUCCESS] Day 15JAN
2025-12-30 17:36:45 | INFO     | [DAY_START] Processing 14JAN
2025-12-30 17:36:45 | INFO     | [lf.day.start] Processing ATZ-RUH for 14JAN
2025-12-30 17:36:47 | INFO     | [lf.day.flights_found] Found 1 flights on 14JAN
2025-12-30 17:36:49 | INFO     | [lf.flight.extracted] SM465 on 14JAN: BKG=87, LF=48.6%
2025-12-30 17:36:54 | INFO     | [SUCCESS] Day 14JAN
2025-12-30 17:36:54 | INFO     | [DAY_START] Processing 13JAN
2025-12-30 17:36:54 | INFO     | [lf.day.start] Processing ATZ-RUH for 13JAN
2025-12-30 17:36:55 | INFO     | [lf.day.flights_found] Found 1 flights on 13JAN
2025-12-30 17:36:57 | INFO     | [lf.flight.extracted] SM463 on 13JAN: BKG=74, LF=41.3%
2025-12-30 17:37:02 | INFO     | [SUCCESS] Day 13JAN
2025-12-30 17:37:02 | INFO     | [DAY_START] Processing 12JAN
2025-12-30 17:37:02 | INFO     | [lf.day.start] Processing ATZ-RUH for 12JAN
2025-12-30 17:37:04 | WARNING  | [lf.day.no_flights] No direct flights on 12JAN
2025-12-30 17:37:04 | INFO     | [SUCCESS] Day 12JAN
2025-12-30 17:37:04 | INFO     | [DAY_START] Processing 11JAN
2025-12-30 17:37:04 | INFO     | [lf.day.start] Processing ATZ-RUH for 11JAN
2025-12-30 17:37:05 | INFO     | [lf.day.flights_found] Found 1 flights on 11JAN
2025-12-30 17:37:07 | INFO     | [lf.flight.extracted] SM463 on 11JAN: BKG=87, LF=48.6%
2025-12-30 17:37:12 | INFO     | [SUCCESS] Day 11JAN
2025-12-30 17:37:12 | INFO     | [DAY_START] Processing 10JAN
2025-12-30 17:37:12 | INFO     | [lf.day.start] Processing ATZ-RUH for 10JAN
2025-12-30 17:37:13 | WARNING  | [lf.day.no_flights] No direct flights on 10JAN
2025-12-30 17:37:13 | INFO     | [SUCCESS] Day 10JAN
2025-12-30 17:37:13 | INFO     | [DAY_START] Processing 09JAN
2025-12-30 17:37:13 | INFO     | [lf.day.start] Processing ATZ-RUH for 09JAN
2025-12-30 17:37:14 | WARNING  | [lf.day.no_flights] No direct flights on 09JAN
2025-12-30 17:37:15 | INFO     | [SUCCESS] Day 09JAN
2025-12-30 17:37:15 | INFO     | [DAY_START] Processing 08JAN
2025-12-30 17:37:15 | INFO     | [lf.day.start] Processing ATZ-RUH for 08JAN
2025-12-30 17:37:16 | WARNING  | [lf.day.no_flights] No direct flights on 08JAN
2025-12-30 17:37:16 | INFO     | [SUCCESS] Day 08JAN
2025-12-30 17:37:16 | INFO     | [DAY_START] Processing 07JAN
2025-12-30 17:37:16 | INFO     | [lf.day.start] Processing ATZ-RUH for 07JAN
2025-12-30 17:37:17 | INFO     | [lf.day.flights_found] Found 1 flights on 07JAN
2025-12-30 17:37:19 | INFO     | [lf.flight.extracted] SM465 on 07JAN: BKG=104, LF=58.1%
2025-12-30 17:37:25 | INFO     | [SUCCESS] Day 07JAN
2025-12-30 17:37:25 | INFO     | [DAY_START] Processing 06JAN
2025-12-30 17:37:25 | INFO     | [lf.day.start] Processing ATZ-RUH for 06JAN
2025-12-30 17:37:26 | INFO     | [lf.day.flights_found] Found 1 flights on 06JAN
2025-12-30 17:37:28 | INFO     | [lf.flight.extracted] SM463 on 06JAN: BKG=104, LF=58.1%
2025-12-30 17:37:36 | INFO     | [SUCCESS] Day 06JAN
2025-12-30 17:37:36 | INFO     | [DAY_START] Processing 05JAN
2025-12-30 17:37:36 | INFO     | [lf.day.start] Processing ATZ-RUH for 05JAN
2025-12-30 17:37:38 | WARNING  | [lf.day.no_flights] No direct flights on 05JAN
2025-12-30 17:37:38 | INFO     | [SUCCESS] Day 05JAN
2025-12-30 17:37:38 | INFO     | [DAY_START] Processing 04JAN
2025-12-30 17:37:38 | INFO     | [lf.day.start] Processing ATZ-RUH for 04JAN
2025-12-30 17:37:39 | INFO     | [lf.day.flights_found] Found 1 flights on 04JAN
2025-12-30 17:37:41 | INFO     | [lf.flight.extracted] SM463 on 04JAN: BKG=139, LF=77.6%
2025-12-30 17:37:51 | INFO     | [SUCCESS] Day 04JAN
2025-12-30 17:37:51 | INFO     | [DAY_START] Processing 03JAN
2025-12-30 17:37:51 | INFO     | [lf.day.start] Processing ATZ-RUH for 03JAN
2025-12-30 17:37:53 | WARNING  | [lf.day.no_flights] No direct flights on 03JAN
2025-12-30 17:37:53 | INFO     | [SUCCESS] Day 03JAN
2025-12-30 17:37:53 | INFO     | [DAY_START] Processing 02JAN
2025-12-30 17:37:53 | INFO     | [lf.day.start] Processing ATZ-RUH for 02JAN
2025-12-30 17:37:54 | WARNING  | [lf.day.no_flights] No direct flights on 02JAN
2025-12-30 17:37:55 | INFO     | [SUCCESS] Day 02JAN
2025-12-30 17:37:55 | INFO     | [DAY_START] Processing 01JAN
2025-12-30 17:37:55 | INFO     | [lf.day.start] Processing ATZ-RUH for 01JAN
2025-12-30 17:37:56 | WARNING  | [lf.day.no_flights] No direct flights on 01JAN
2025-12-30 17:37:56 | INFO     | [SUCCESS] Day 01JAN
2025-12-30 17:37:56 | INFO     | [DAY_START] Processing 31DEC
2025-12-30 17:37:56 | INFO     | [lf.day.start] Processing ATZ-RUH for 31DEC
2025-12-30 17:37:57 | INFO     | [lf.day.flights_found] Found 1 flights on 31DEC
2025-12-30 17:37:59 | INFO     | [lf.flight.extracted] SM465 on 31DEC: BKG=121, LF=67.6%
2025-12-30 17:38:04 | INFO     | [SUCCESS] Day 31DEC
2025-12-30 17:38:04 | INFO     | [SUCCESS] LF Search Complete
2025-12-30 17:38:06 | INFO     | [Worker_9227] Completed: ATZ-RUH - 32 results, 0 errors
2025-12-30 17:38:06 | INFO     | [Worker_9227] Processing: CAI-AJF
2025-12-30 17:38:06 | INFO     |   Tier 0: Range 1 (33 days)
