2025-12-30 17:14:07 | INFO     | ======================================================================
2025-12-30 17:14:07 | INFO     | Load Factor Scraper Started - Route: CAI-GIZ
2025-12-30 17:14:07 | INFO     | Log file: D:\CODERED\LAB\market_insights\outputs\run_generated_301225_at_17.09\logs\LF_CAI-GIZ_20251230_171407.log
2025-12-30 17:14:07 | INFO     | Enhanced logging: Capturing both logging.info() and print()
2025-12-30 17:14:07 | INFO     | ======================================================================
2025-12-30 17:14:07 | INFO     | Starting LF search for route: CAI-GIZ
2025-12-30 17:14:07 | INFO     | [START] LF Search
2025-12-30 17:14:09 | INFO     | [HEALTH CHECK] [OK] Chrome connection is healthy
2025-12-30 17:14:09 | INFO     | [DAY_START] Processing 28FEB
2025-12-30 17:14:09 | INFO     | [lf.day.start] Processing CAI-GIZ for 28FEB
2025-12-30 17:14:10 | INFO     | [lf.day.flights_found] Found 1 flights on 28FEB
2025-12-30 17:14:12 | INFO     | [lf.flight.extracted] SM329 on 28FEB: BKG=3, LF=1.7%
2025-12-30 17:14:15 | INFO     | [SUCCESS] Day 28FEB
2025-12-30 17:14:15 | INFO     | [DAY_START] Processing 27FEB
2025-12-30 17:14:15 | INFO     | [lf.day.start] Processing CAI-GIZ for 27FEB
2025-12-30 17:14:16 | WARNING  | [lf.day.no_flights] No direct flights on 27FEB
2025-12-30 17:14:16 | INFO     | [SUCCESS] Day 27FEB
2025-12-30 17:14:16 | INFO     | [DAY_START] Processing 26FEB
2025-12-30 17:14:16 | INFO     | [lf.day.start] Processing CAI-GIZ for 26FEB
2025-12-30 17:14:17 | INFO     | [lf.day.flights_found] Found 1 flights on 26FEB
2025-12-30 17:14:19 | INFO     | [lf.flight.extracted] SM329 on 26FEB: BKG=6, LF=3.4%
2025-12-30 17:14:24 | INFO     | [SUCCESS] Day 26FEB
2025-12-30 17:14:24 | INFO     | [DAY_START] Processing 25FEB
2025-12-30 17:14:24 | INFO     | [lf.day.start] Processing CAI-GIZ for 25FEB
2025-12-30 17:14:25 | WARNING  | [lf.day.no_flights] No direct flights on 25FEB
2025-12-30 17:14:25 | INFO     | [SUCCESS] Day 25FEB
2025-12-30 17:14:25 | INFO     | [DAY_START] Processing 24FEB
2025-12-30 17:14:25 | INFO     | [lf.day.start] Processing CAI-GIZ for 24FEB
2025-12-30 17:14:26 | WARNING  | [lf.day.no_flights] No direct flights on 24FEB
2025-12-30 17:14:26 | INFO     | [SUCCESS] Day 24FEB
2025-12-30 17:14:26 | INFO     | [DAY_START] Processing 23FEB
2025-12-30 17:14:26 | INFO     | [lf.day.start] Processing CAI-GIZ for 23FEB
2025-12-30 17:14:27 | WARNING  | [lf.day.no_flights] No direct flights on 23FEB
2025-12-30 17:14:27 | INFO     | [SUCCESS] Day 23FEB
2025-12-30 17:14:27 | INFO     | [DAY_START] Processing 22FEB
2025-12-30 17:14:27 | INFO     | [lf.day.start] Processing CAI-GIZ for 22FEB
2025-12-30 17:14:28 | WARNING  | [lf.day.no_flights] No direct flights on 22FEB
2025-12-30 17:14:28 | INFO     | [SUCCESS] Day 22FEB
2025-12-30 17:14:28 | INFO     | [DAY_START] Processing 21FEB
2025-12-30 17:14:28 | INFO     | [lf.day.start] Processing CAI-GIZ for 21FEB
2025-12-30 17:14:30 | INFO     | [lf.day.flights_found] Found 1 flights on 21FEB
2025-12-30 17:14:32 | INFO     | [lf.flight.extracted] SM329 on 21FEB: BKG=2, LF=1.1%
2025-12-30 17:14:34 | INFO     | [SUCCESS] Day 21FEB
2025-12-30 17:14:34 | INFO     | [DAY_START] Processing 20FEB
2025-12-30 17:14:34 | INFO     | [lf.day.start] Processing CAI-GIZ for 20FEB
2025-12-30 17:14:35 | WARNING  | [lf.day.no_flights] No direct flights on 20FEB
2025-12-30 17:14:35 | INFO     | [SUCCESS] Day 20FEB
2025-12-30 17:14:35 | INFO     | [DAY_START] Processing 19FEB
2025-12-30 17:14:35 | INFO     | [lf.day.start] Processing CAI-GIZ for 19FEB
2025-12-30 17:14:36 | INFO     | [lf.day.flights_found] Found 1 flights on 19FEB
2025-12-30 17:14:39 | INFO     | [lf.flight.extracted] SM329 on 19FEB: BKG=1, LF=0.6%
2025-12-30 17:14:41 | INFO     | [SUCCESS] Day 19FEB
2025-12-30 17:14:41 | INFO     | [SUCCESS] LF Search Complete
2025-12-30 17:14:43 | INFO     | [Worker_9234] Completed: CAI-GIZ - 10 results, 0 errors
2025-12-30 17:14:43 | INFO     | [Worker_9234] Processing: JED-ATZ
2025-12-30 17:14:43 | INFO     |   Tier 0: Range 2, Chunk 2/3 (9 days)
