2025-12-30 17:22:37 | INFO     | ======================================================================
2025-12-30 17:22:37 | INFO     | Load Factor Scraper Started - Route: CAI-DMM
2025-12-30 17:22:37 | INFO     | Log file: D:\CODERED\LAB\market_insights\outputs\run_generated_301225_at_17.09\logs\LF_CAI-DMM_20251230_172237.log
2025-12-30 17:22:37 | INFO     | Enhanced logging: Capturing both logging.info() and print()
2025-12-30 17:22:37 | INFO     | ======================================================================
2025-12-30 17:22:37 | INFO     | Starting LF search for route: CAI-DMM
2025-12-30 17:22:37 | INFO     | [START] LF Search
2025-12-30 17:22:38 | INFO     | [HEALTH CHECK] [OK] Chrome connection is healthy
2025-12-30 17:22:38 | INFO     | [DAY_START] Processing 09FEB
2025-12-30 17:22:38 | INFO     | [lf.day.start] Processing CAI-DMM for 09FEB
2025-12-30 17:22:39 | WARNING  | [lf.day.no_flights] No direct flights on 09FEB
2025-12-30 17:22:39 | INFO     | [SUCCESS] Day 09FEB
2025-12-30 17:22:39 | INFO     | [DAY_START] Processing 08FEB
2025-12-30 17:22:39 | INFO     | [lf.day.start] Processing CAI-DMM for 08FEB
2025-12-30 17:22:40 | WARNING  | [lf.day.no_flights] No direct flights on 08FEB
2025-12-30 17:22:40 | INFO     | [SUCCESS] Day 08FEB
2025-12-30 17:22:40 | INFO     | [DAY_START] Processing 07FEB
2025-12-30 17:22:40 | INFO     | [lf.day.start] Processing CAI-DMM for 07FEB
2025-12-30 17:22:41 | INFO     | [lf.day.flights_found] Found 1 flights on 07FEB
2025-12-30 17:22:44 | INFO     | [lf.flight.extracted] SM433 on 07FEB: BKG=29, LF=16.2%
2025-12-30 17:22:48 | INFO     | [SUCCESS] Day 07FEB
2025-12-30 17:22:48 | INFO     | [DAY_START] Processing 06FEB
2025-12-30 17:22:48 | INFO     | [lf.day.start] Processing CAI-DMM for 06FEB
2025-12-30 17:22:49 | INFO     | [lf.day.flights_found] Found 1 flights on 06FEB
2025-12-30 17:22:51 | INFO     | [lf.flight.extracted] SM433 on 06FEB: BKG=9, LF=5.0%
2025-12-30 17:22:54 | INFO     | [SUCCESS] Day 06FEB
2025-12-30 17:22:54 | INFO     | [DAY_START] Processing 05FEB
2025-12-30 17:22:54 | INFO     | [lf.day.start] Processing CAI-DMM for 05FEB
2025-12-30 17:22:55 | INFO     | [lf.day.flights_found] Found 1 flights on 05FEB
2025-12-30 17:22:57 | INFO     | [lf.flight.extracted] SM433 on 05FEB: BKG=10, LF=5.6%
2025-12-30 17:23:00 | INFO     | [SUCCESS] Day 05FEB
2025-12-30 17:23:00 | INFO     | [DAY_START] Processing 04FEB
2025-12-30 17:23:00 | INFO     | [lf.day.start] Processing CAI-DMM for 04FEB
2025-12-30 17:23:02 | WARNING  | [lf.day.no_flights] No direct flights on 04FEB
2025-12-30 17:23:02 | INFO     | [SUCCESS] Day 04FEB
2025-12-30 17:23:02 | INFO     | [DAY_START] Processing 03FEB
2025-12-30 17:23:02 | INFO     | [lf.day.start] Processing CAI-DMM for 03FEB
2025-12-30 17:23:03 | INFO     | [lf.day.flights_found] Found 1 flights on 03FEB
2025-12-30 17:23:05 | INFO     | [lf.flight.extracted] SM433 on 03FEB: BKG=12, LF=6.7%
2025-12-30 17:23:08 | INFO     | [SUCCESS] Day 03FEB
2025-12-30 17:23:08 | INFO     | [DAY_START] Processing 02FEB
2025-12-30 17:23:08 | INFO     | [lf.day.start] Processing CAI-DMM for 02FEB
2025-12-30 17:23:09 | WARNING  | [lf.day.no_flights] No direct flights on 02FEB
2025-12-30 17:23:09 | INFO     | [SUCCESS] Day 02FEB
2025-12-30 17:23:09 | INFO     | [DAY_START] Processing 01FEB
2025-12-30 17:23:09 | INFO     | [lf.day.start] Processing CAI-DMM for 01FEB
2025-12-30 17:23:10 | WARNING  | [lf.day.no_flights] No direct flights on 01FEB
2025-12-30 17:23:10 | INFO     | [SUCCESS] Day 01FEB
2025-12-30 17:23:10 | INFO     | [SUCCESS] LF Search Complete
2025-12-30 17:23:12 | INFO     | [Worker_9226] Completed: CAI-DMM - 9 results, 0 errors
2025-12-30 17:23:12 | INFO     | [Worker_9226] Processing: ATZ-AJF
2025-12-30 17:23:12 | INFO     |   Tier 0: Range 2, Chunk 3/3 (9 days)
