2025-12-30 17:35:59 | INFO     | ======================================================================
2025-12-30 17:35:59 | INFO     | Load Factor Scraper Started - Route: CAI-DMM
2025-12-30 17:35:59 | INFO     | Log file: D:\CODERED\LAB\market_insights\outputs\run_generated_301225_at_17.09\logs\LF_CAI-DMM_20251230_173559.log
2025-12-30 17:35:59 | INFO     | Enhanced logging: Capturing both logging.info() and print()
2025-12-30 17:35:59 | INFO     | ======================================================================
2025-12-30 17:35:59 | INFO     | Starting LF search for route: CAI-DMM
2025-12-30 17:35:59 | INFO     | [START] LF Search
2025-12-30 17:36:00 | INFO     | [HEALTH CHECK] [OK] Chrome connection is healthy
2025-12-30 17:36:00 | INFO     | [DAY_START] Processing 31JAN
2025-12-30 17:36:00 | INFO     | [lf.day.start] Processing CAI-DMM for 31JAN
2025-12-30 17:36:01 | INFO     | [lf.day.flights_found] Found 1 flights on 31JAN
2025-12-30 17:36:03 | INFO     | [lf.flight.extracted] SM433 on 31JAN: BKG=41, LF=22.9%
2025-12-30 17:36:07 | INFO     | [SUCCESS] Day 31JAN
2025-12-30 17:36:07 | INFO     | [DAY_START] Processing 30JAN
2025-12-30 17:36:07 | INFO     | [lf.day.start] Processing CAI-DMM for 30JAN
2025-12-30 17:36:08 | INFO     | [lf.day.flights_found] Found 1 flights on 30JAN
2025-12-30 17:36:10 | INFO     | [lf.flight.extracted] SM433 on 30JAN: BKG=17, LF=9.5%
2025-12-30 17:36:13 | INFO     | [SUCCESS] Day 30JAN
2025-12-30 17:36:13 | INFO     | [DAY_START] Processing 29JAN
2025-12-30 17:36:13 | INFO     | [lf.day.start] Processing CAI-DMM for 29JAN
2025-12-30 17:36:14 | INFO     | [lf.day.flights_found] Found 1 flights on 29JAN
2025-12-30 17:36:16 | INFO     | [lf.flight.extracted] SM433 on 29JAN: BKG=21, LF=11.7%
2025-12-30 17:36:20 | INFO     | [SUCCESS] Day 29JAN
2025-12-30 17:36:20 | INFO     | [DAY_START] Processing 28JAN
2025-12-30 17:36:20 | INFO     | [lf.day.start] Processing CAI-DMM for 28JAN
2025-12-30 17:36:21 | WARNING  | [lf.day.no_flights] No direct flights on 28JAN
2025-12-30 17:36:21 | INFO     | [SUCCESS] Day 28JAN
2025-12-30 17:36:21 | INFO     | [DAY_START] Processing 27JAN
2025-12-30 17:36:21 | INFO     | [lf.day.start] Processing CAI-DMM for 27JAN
2025-12-30 17:36:22 | INFO     | [lf.day.flights_found] Found 1 flights on 27JAN
2025-12-30 17:36:24 | INFO     | [lf.flight.extracted] SM433 on 27JAN: BKG=9, LF=5.0%
2025-12-30 17:36:26 | INFO     | [SUCCESS] Day 27JAN
2025-12-30 17:36:26 | INFO     | [DAY_START] Processing 26JAN
2025-12-30 17:36:26 | INFO     | [lf.day.start] Processing CAI-DMM for 26JAN
2025-12-30 17:36:28 | WARNING  | [lf.day.no_flights] No direct flights on 26JAN
2025-12-30 17:36:28 | INFO     | [SUCCESS] Day 26JAN
2025-12-30 17:36:28 | INFO     | [DAY_START] Processing 25JAN
2025-12-30 17:36:28 | INFO     | [lf.day.start] Processing CAI-DMM for 25JAN
2025-12-30 17:36:29 | WARNING  | [lf.day.no_flights] No direct flights on 25JAN
2025-12-30 17:36:29 | INFO     | [SUCCESS] Day 25JAN
2025-12-30 17:36:29 | INFO     | [DAY_START] Processing 24JAN
2025-12-30 17:36:29 | INFO     | [lf.day.start] Processing CAI-DMM for 24JAN
2025-12-30 17:36:30 | INFO     | [lf.day.flights_found] Found 1 flights on 24JAN
2025-12-30 17:36:32 | INFO     | [lf.flight.extracted] SM433 on 24JAN: BKG=27, LF=15.1%
2025-12-30 17:36:36 | INFO     | [SUCCESS] Day 24JAN
2025-12-30 17:36:36 | INFO     | [DAY_START] Processing 23JAN
2025-12-30 17:36:36 | INFO     | [lf.day.start] Processing CAI-DMM for 23JAN
2025-12-30 17:36:37 | INFO     | [lf.day.flights_found] Found 1 flights on 23JAN
2025-12-30 17:36:39 | INFO     | [lf.flight.extracted] SM433 on 23JAN: BKG=42, LF=23.5%
2025-12-30 17:36:43 | INFO     | [SUCCESS] Day 23JAN
2025-12-30 17:36:43 | INFO     | [DAY_START] Processing 22JAN
2025-12-30 17:36:43 | INFO     | [lf.day.start] Processing CAI-DMM for 22JAN
2025-12-30 17:36:44 | INFO     | [lf.day.flights_found] Found 1 flights on 22JAN
2025-12-30 17:36:47 | INFO     | [lf.flight.extracted] SM433 on 22JAN: BKG=29, LF=16.2%
2025-12-30 17:36:50 | INFO     | [SUCCESS] Day 22JAN
2025-12-30 17:36:50 | INFO     | [DAY_START] Processing 21JAN
2025-12-30 17:36:50 | INFO     | [lf.day.start] Processing CAI-DMM for 21JAN
2025-12-30 17:36:51 | WARNING  | [lf.day.no_flights] No direct flights on 21JAN
2025-12-30 17:36:52 | INFO     | [SUCCESS] Day 21JAN
2025-12-30 17:36:52 | INFO     | [DAY_START] Processing 20JAN
2025-12-30 17:36:52 | INFO     | [lf.day.start] Processing CAI-DMM for 20JAN
2025-12-30 17:36:53 | INFO     | [lf.day.flights_found] Found 1 flights on 20JAN
2025-12-30 17:36:55 | INFO     | [lf.flight.extracted] SM433 on 20JAN: BKG=39, LF=21.8%
2025-12-30 17:36:58 | INFO     | [SUCCESS] Day 20JAN
2025-12-30 17:36:58 | INFO     | [DAY_START] Processing 19JAN
2025-12-30 17:36:58 | INFO     | [lf.day.start] Processing CAI-DMM for 19JAN
2025-12-30 17:36:59 | WARNING  | [lf.day.no_flights] No direct flights on 19JAN
2025-12-30 17:36:59 | INFO     | [SUCCESS] Day 19JAN
2025-12-30 17:36:59 | INFO     | [DAY_START] Processing 18JAN
2025-12-30 17:36:59 | INFO     | [lf.day.start] Processing CAI-DMM for 18JAN
2025-12-30 17:37:00 | WARNING  | [lf.day.no_flights] No direct flights on 18JAN
2025-12-30 17:37:01 | INFO     | [SUCCESS] Day 18JAN
2025-12-30 17:37:01 | INFO     | [DAY_START] Processing 17JAN
2025-12-30 17:37:01 | INFO     | [lf.day.start] Processing CAI-DMM for 17JAN
2025-12-30 17:37:02 | INFO     | [lf.day.flights_found] Found 1 flights on 17JAN
2025-12-30 17:37:04 | INFO     | [lf.flight.extracted] SM433 on 17JAN: BKG=68, LF=38.0%
2025-12-30 17:37:09 | INFO     | [SUCCESS] Day 17JAN
2025-12-30 17:37:09 | INFO     | [DAY_START] Processing 16JAN
2025-12-30 17:37:09 | INFO     | [lf.day.start] Processing CAI-DMM for 16JAN
2025-12-30 17:37:10 | INFO     | [lf.day.flights_found] Found 1 flights on 16JAN
2025-12-30 17:37:12 | INFO     | [lf.flight.extracted] SM433 on 16JAN: BKG=84, LF=46.9%
2025-12-30 17:37:17 | INFO     | [SUCCESS] Day 16JAN
2025-12-30 17:37:17 | INFO     | [DAY_START] Processing 15JAN
2025-12-30 17:37:17 | INFO     | [lf.day.start] Processing CAI-DMM for 15JAN
2025-12-30 17:37:18 | INFO     | [lf.day.flights_found] Found 1 flights on 15JAN
2025-12-30 17:37:20 | INFO     | [lf.flight.extracted] SM433 on 15JAN: BKG=54, LF=30.2%
2025-12-30 17:37:25 | INFO     | [SUCCESS] Day 15JAN
2025-12-30 17:37:25 | INFO     | [DAY_START] Processing 14JAN
2025-12-30 17:37:25 | INFO     | [lf.day.start] Processing CAI-DMM for 14JAN
2025-12-30 17:37:26 | WARNING  | [lf.day.no_flights] No direct flights on 14JAN
2025-12-30 17:37:26 | INFO     | [SUCCESS] Day 14JAN
2025-12-30 17:37:26 | INFO     | [DAY_START] Processing 13JAN
2025-12-30 17:37:26 | INFO     | [lf.day.start] Processing CAI-DMM for 13JAN
2025-12-30 17:37:27 | INFO     | [lf.day.flights_found] Found 1 flights on 13JAN
2025-12-30 17:37:29 | INFO     | [lf.flight.extracted] SM433 on 13JAN: BKG=44, LF=24.6%
2025-12-30 17:37:35 | INFO     | [SUCCESS] Day 13JAN
2025-12-30 17:37:35 | INFO     | [DAY_START] Processing 12JAN
2025-12-30 17:37:35 | INFO     | [lf.day.start] Processing CAI-DMM for 12JAN
2025-12-30 17:37:37 | WARNING  | [lf.day.no_flights] No direct flights on 12JAN
2025-12-30 17:37:37 | INFO     | [SUCCESS] Day 12JAN
2025-12-30 17:37:37 | INFO     | [DAY_START] Processing 11JAN
2025-12-30 17:37:37 | INFO     | [lf.day.start] Processing CAI-DMM for 11JAN
2025-12-30 17:37:38 | WARNING  | [lf.day.no_flights] No direct flights on 11JAN
2025-12-30 17:37:38 | INFO     | [SUCCESS] Day 11JAN
2025-12-30 17:37:38 | INFO     | [DAY_START] Processing 10JAN
2025-12-30 17:37:38 | INFO     | [lf.day.start] Processing CAI-DMM for 10JAN
2025-12-30 17:37:39 | INFO     | [lf.day.flights_found] Found 1 flights on 10JAN
2025-12-30 17:37:41 | INFO     | [lf.flight.extracted] SM433 on 10JAN: BKG=64, LF=35.8%
2025-12-30 17:37:47 | INFO     | [SUCCESS] Day 10JAN
2025-12-30 17:37:47 | INFO     | [DAY_START] Processing 09JAN
2025-12-30 17:37:47 | INFO     | [lf.day.start] Processing CAI-DMM for 09JAN
2025-12-30 17:37:49 | INFO     | [lf.day.flights_found] Found 1 flights on 09JAN
2025-12-30 17:37:53 | INFO     | [lf.flight.extracted] SM433 on 09JAN: BKG=48, LF=26.8%
2025-12-30 17:37:58 | INFO     | [SUCCESS] Day 09JAN
2025-12-30 17:37:58 | INFO     | [DAY_START] Processing 08JAN
2025-12-30 17:37:58 | INFO     | [lf.day.start] Processing CAI-DMM for 08JAN
2025-12-30 17:37:59 | INFO     | [lf.day.flights_found] Found 1 flights on 08JAN
2025-12-30 17:38:01 | INFO     | [lf.flight.extracted] SM433 on 08JAN: BKG=73, LF=40.8%
2025-12-30 17:38:08 | INFO     | [SUCCESS] Day 08JAN
2025-12-30 17:38:08 | INFO     | [DAY_START] Processing 07JAN
2025-12-30 17:38:08 | INFO     | [lf.day.start] Processing CAI-DMM for 07JAN
2025-12-30 17:38:10 | WARNING  | [lf.day.no_flights] No direct flights on 07JAN
2025-12-30 17:38:10 | INFO     | [SUCCESS] Day 07JAN
2025-12-30 17:38:10 | INFO     | [DAY_START] Processing 06JAN
2025-12-30 17:38:10 | INFO     | [lf.day.start] Processing CAI-DMM for 06JAN
2025-12-30 17:38:11 | INFO     | [lf.day.flights_found] Found 1 flights on 06JAN
2025-12-30 17:38:13 | INFO     | [lf.flight.extracted] SM433 on 06JAN: BKG=65, LF=36.3%
2025-12-30 17:38:17 | INFO     | [SUCCESS] Day 06JAN
2025-12-30 17:38:17 | INFO     | [DAY_START] Processing 05JAN
2025-12-30 17:38:17 | INFO     | [lf.day.start] Processing CAI-DMM for 05JAN
2025-12-30 17:38:18 | WARNING  | [lf.day.no_flights] No direct flights on 05JAN
2025-12-30 17:38:18 | INFO     | [SUCCESS] Day 05JAN
2025-12-30 17:38:18 | INFO     | [DAY_START] Processing 04JAN
2025-12-30 17:38:18 | INFO     | [lf.day.start] Processing CAI-DMM for 04JAN
2025-12-30 17:38:19 | WARNING  | [lf.day.no_flights] No direct flights on 04JAN
2025-12-30 17:38:19 | INFO     | [SUCCESS] Day 04JAN
2025-12-30 17:38:19 | INFO     | [DAY_START] Processing 03JAN
2025-12-30 17:38:19 | INFO     | [lf.day.start] Processing CAI-DMM for 03JAN
2025-12-30 17:38:21 | INFO     | [lf.day.flights_found] Found 1 flights on 03JAN
2025-12-30 17:38:23 | INFO     | [lf.flight.extracted] SM433 on 03JAN: BKG=154, LF=86.0%
2025-12-30 17:38:30 | INFO     | [SUCCESS] Day 03JAN
2025-12-30 17:38:30 | INFO     | [DAY_START] Processing 02JAN
2025-12-30 17:38:30 | INFO     | [lf.day.start] Processing CAI-DMM for 02JAN
2025-12-30 17:38:31 | INFO     | [lf.day.flights_found] Found 1 flights on 02JAN
2025-12-30 17:38:34 | INFO     | [lf.flight.extracted] SM433 on 02JAN: BKG=111, LF=61.7%
2025-12-30 17:38:40 | INFO     | [SUCCESS] Day 02JAN
2025-12-30 17:38:40 | INFO     | [DAY_START] Processing 01JAN
2025-12-30 17:38:40 | INFO     | [lf.day.start] Processing CAI-DMM for 01JAN
2025-12-30 17:38:41 | INFO     | [lf.day.flights_found] Found 1 flights on 01JAN
2025-12-30 17:38:43 | INFO     | [lf.flight.extracted] SM433 on 01JAN: BKG=108, LF=60.3%
2025-12-30 17:38:49 | INFO     | [SUCCESS] Day 01JAN
2025-12-30 17:38:49 | INFO     | [DAY_START] Processing 31DEC
2025-12-30 17:38:49 | INFO     | [lf.day.start] Processing CAI-DMM for 31DEC
2025-12-30 17:38:50 | WARNING  | [lf.day.no_flights] No direct flights on 31DEC
2025-12-30 17:38:50 | INFO     | [SUCCESS] Day 31DEC
2025-12-30 17:38:50 | INFO     | [SUCCESS] LF Search Complete
2025-12-30 17:38:52 | INFO     | [Worker_9223] Completed: CAI-DMM - 32 results, 0 errors
2025-12-30 17:38:52 | INFO     | [Worker_9223] Processing: CAI-YNB
2025-12-30 17:38:52 | INFO     |   Tier 0: Range 1 (33 days)
