2025-12-30 17:23:32 | INFO     | ======================================================================
2025-12-30 17:23:32 | INFO     | Load Factor Scraper Started - Route: CAI-ELQ
2025-12-30 17:23:32 | INFO     | Log file: D:\CODERED\LAB\market_insights\outputs\run_generated_301225_at_17.09\logs\LF_CAI-ELQ_20251230_172332.log
2025-12-30 17:23:32 | INFO     | Enhanced logging: Capturing both logging.info() and print()
2025-12-30 17:23:32 | INFO     | ======================================================================
2025-12-30 17:23:32 | INFO     | Starting LF search for route: CAI-ELQ
2025-12-30 17:23:32 | INFO     | [START] LF Search
2025-12-30 17:23:34 | INFO     | [HEALTH CHECK] [OK] Chrome connection is healthy
2025-12-30 17:23:34 | INFO     | [DAY_START] Processing 09FEB
2025-12-30 17:23:34 | INFO     | [lf.day.start] Processing CAI-ELQ for 09FEB
2025-12-30 17:23:35 | WARNING  | [lf.day.no_flights] No direct flights on 09FEB
2025-12-30 17:23:35 | INFO     | [SUCCESS] Day 09FEB
2025-12-30 17:23:35 | INFO     | [DAY_START] Processing 08FEB
2025-12-30 17:23:35 | INFO     | [lf.day.start] Processing CAI-ELQ for 08FEB
2025-12-30 17:23:37 | INFO     | [lf.day.flights_found] Found 1 flights on 08FEB
2025-12-30 17:23:39 | INFO     | [lf.flight.extracted] SM427 on 08FEB: BKG=6, LF=3.4%
2025-12-30 17:23:42 | INFO     | [SUCCESS] Day 08FEB
2025-12-30 17:23:42 | INFO     | [DAY_START] Processing 07FEB
2025-12-30 17:23:42 | INFO     | [lf.day.start] Processing CAI-ELQ for 07FEB
2025-12-30 17:23:43 | WARNING  | [lf.day.no_flights] No direct flights on 07FEB
2025-12-30 17:23:43 | INFO     | [SUCCESS] Day 07FEB
2025-12-30 17:23:43 | INFO     | [DAY_START] Processing 06FEB
2025-12-30 17:23:43 | INFO     | [lf.day.start] Processing CAI-ELQ for 06FEB
2025-12-30 17:23:45 | INFO     | [lf.day.flights_found] Found 1 flights on 06FEB
2025-12-30 17:23:47 | INFO     | [lf.flight.extracted] SM427 on 06FEB: BKG=12, LF=6.7%
2025-12-30 17:23:50 | INFO     | [SUCCESS] Day 06FEB
2025-12-30 17:23:50 | INFO     | [DAY_START] Processing 05FEB
2025-12-30 17:23:50 | INFO     | [lf.day.start] Processing CAI-ELQ for 05FEB
2025-12-30 17:23:51 | INFO     | [lf.day.flights_found] Found 1 flights on 05FEB
2025-12-30 17:23:53 | INFO     | [lf.flight.extracted] SM427 on 05FEB: BKG=9, LF=5.1%
2025-12-30 17:23:56 | INFO     | [SUCCESS] Day 05FEB
2025-12-30 17:23:56 | INFO     | [DAY_START] Processing 04FEB
2025-12-30 17:23:56 | INFO     | [lf.day.start] Processing CAI-ELQ for 04FEB
2025-12-30 17:23:57 | WARNING  | [lf.day.no_flights] No direct flights on 04FEB
2025-12-30 17:23:57 | INFO     | [SUCCESS] Day 04FEB
2025-12-30 17:23:57 | INFO     | [DAY_START] Processing 03FEB
2025-12-30 17:23:57 | INFO     | [lf.day.start] Processing CAI-ELQ for 03FEB
2025-12-30 17:23:58 | WARNING  | [lf.day.no_flights] No direct flights on 03FEB
2025-12-30 17:23:59 | INFO     | [SUCCESS] Day 03FEB
2025-12-30 17:23:59 | INFO     | [DAY_START] Processing 02FEB
2025-12-30 17:23:59 | INFO     | [lf.day.start] Processing CAI-ELQ for 02FEB
2025-12-30 17:24:00 | WARNING  | [lf.day.no_flights] No direct flights on 02FEB
2025-12-30 17:24:00 | INFO     | [SUCCESS] Day 02FEB
2025-12-30 17:24:00 | INFO     | [DAY_START] Processing 01FEB
2025-12-30 17:24:00 | INFO     | [lf.day.start] Processing CAI-ELQ for 01FEB
2025-12-30 17:24:01 | INFO     | [lf.day.flights_found] Found 1 flights on 01FEB
2025-12-30 17:24:04 | INFO     | [lf.flight.extracted] SM427 on 01FEB: BKG=10, LF=5.6%
2025-12-30 17:24:07 | INFO     | [SUCCESS] Day 01FEB
2025-12-30 17:24:07 | INFO     | [SUCCESS] LF Search Complete
2025-12-30 17:24:09 | INFO     | [Worker_9226] Completed: CAI-ELQ - 9 results, 0 errors
2025-12-30 17:24:09 | INFO     | [Worker_9226] Processing: JED-CAI
2025-12-30 17:24:09 | INFO     |   Tier 0: Range 1 (33 days)
