2025-12-30 17:40:59 | INFO     | ======================================================================
2025-12-30 17:40:59 | INFO     | Load Factor Scraper Started - Route: CAI-GIZ
2025-12-30 17:40:59 | INFO     | Log file: D:\CODERED\LAB\market_insights\outputs\run_generated_301225_at_17.09\logs\LF_CAI-GIZ_20251230_174059.log
2025-12-30 17:40:59 | INFO     | Enhanced logging: Capturing both logging.info() and print()
2025-12-30 17:40:59 | INFO     | ======================================================================
2025-12-30 17:40:59 | INFO     | Starting LF search for route: CAI-GIZ
2025-12-30 17:40:59 | INFO     | [START] LF Search
2025-12-30 17:41:00 | INFO     | [HEALTH CHECK] [OK] Chrome connection is healthy
2025-12-30 17:41:00 | INFO     | [DAY_START] Processing 31JAN
2025-12-30 17:41:00 | INFO     | [lf.day.start] Processing CAI-GIZ for 31JAN
2025-12-30 17:41:02 | INFO     | [lf.day.flights_found] Found 1 flights on 31JAN
2025-12-30 17:41:05 | INFO     | [lf.flight.extracted] SM329 on 31JAN: BKG=20, LF=11.2%
2025-12-30 17:41:08 | INFO     | [SUCCESS] Day 31JAN
2025-12-30 17:41:08 | INFO     | [DAY_START] Processing 30JAN
2025-12-30 17:41:08 | INFO     | [lf.day.start] Processing CAI-GIZ for 30JAN
2025-12-30 17:41:09 | WARNING  | [lf.day.no_flights] No direct flights on 30JAN
2025-12-30 17:41:10 | INFO     | [SUCCESS] Day 30JAN
2025-12-30 17:41:10 | INFO     | [DAY_START] Processing 29JAN
2025-12-30 17:41:10 | INFO     | [lf.day.start] Processing CAI-GIZ for 29JAN
2025-12-30 17:41:11 | INFO     | [lf.day.flights_found] Found 1 flights on 29JAN
2025-12-30 17:41:13 | INFO     | [lf.flight.extracted] SM329 on 29JAN: BKG=9, LF=5.0%
2025-12-30 17:41:16 | INFO     | [SUCCESS] Day 29JAN
2025-12-30 17:41:16 | INFO     | [DAY_START] Processing 28JAN
2025-12-30 17:41:16 | INFO     | [lf.day.start] Processing CAI-GIZ for 28JAN
2025-12-30 17:41:17 | WARNING  | [lf.day.no_flights] No direct flights on 28JAN
2025-12-30 17:41:17 | INFO     | [SUCCESS] Day 28JAN
2025-12-30 17:41:17 | INFO     | [DAY_START] Processing 27JAN
2025-12-30 17:41:17 | INFO     | [lf.day.start] Processing CAI-GIZ for 27JAN
2025-12-30 17:41:18 | WARNING  | [lf.day.no_flights] No direct flights on 27JAN
2025-12-30 17:41:18 | INFO     | [SUCCESS] Day 27JAN
2025-12-30 17:41:18 | INFO     | [DAY_START] Processing 26JAN
2025-12-30 17:41:18 | INFO     | [lf.day.start] Processing CAI-GIZ for 26JAN
2025-12-30 17:41:19 | WARNING  | [lf.day.no_flights] No direct flights on 26JAN
2025-12-30 17:41:20 | INFO     | [SUCCESS] Day 26JAN
2025-12-30 17:41:20 | INFO     | [DAY_START] Processing 25JAN
2025-12-30 17:41:20 | INFO     | [lf.day.start] Processing CAI-GIZ for 25JAN
2025-12-30 17:41:21 | WARNING  | [lf.day.no_flights] No direct flights on 25JAN
2025-12-30 17:41:21 | INFO     | [SUCCESS] Day 25JAN
2025-12-30 17:41:21 | INFO     | [DAY_START] Processing 24JAN
2025-12-30 17:41:21 | INFO     | [lf.day.start] Processing CAI-GIZ for 24JAN
2025-12-30 17:41:22 | INFO     | [lf.day.flights_found] Found 1 flights on 24JAN
2025-12-30 17:41:24 | INFO     | [lf.flight.extracted] SM329 on 24JAN: BKG=32, LF=17.9%
2025-12-30 17:41:28 | INFO     | [SUCCESS] Day 24JAN
2025-12-30 17:41:28 | INFO     | [DAY_START] Processing 23JAN
2025-12-30 17:41:28 | INFO     | [lf.day.start] Processing CAI-GIZ for 23JAN
2025-12-30 17:41:29 | WARNING  | [lf.day.no_flights] No direct flights on 23JAN
2025-12-30 17:41:29 | INFO     | [SUCCESS] Day 23JAN
2025-12-30 17:41:29 | INFO     | [DAY_START] Processing 22JAN
2025-12-30 17:41:29 | INFO     | [lf.day.start] Processing CAI-GIZ for 22JAN
2025-12-30 17:41:30 | INFO     | [lf.day.flights_found] Found 1 flights on 22JAN
2025-12-30 17:41:33 | INFO     | [lf.flight.extracted] SM329 on 22JAN: BKG=40, LF=22.4%
2025-12-30 17:41:36 | INFO     | [SUCCESS] Day 22JAN
2025-12-30 17:41:36 | INFO     | [DAY_START] Processing 21JAN
2025-12-30 17:41:36 | INFO     | [lf.day.start] Processing CAI-GIZ for 21JAN
2025-12-30 17:41:37 | WARNING  | [lf.day.no_flights] No direct flights on 21JAN
2025-12-30 17:41:37 | INFO     | [SUCCESS] Day 21JAN
2025-12-30 17:41:37 | INFO     | [DAY_START] Processing 20JAN
2025-12-30 17:41:37 | INFO     | [lf.day.start] Processing CAI-GIZ for 20JAN
2025-12-30 17:41:38 | WARNING  | [lf.day.no_flights] No direct flights on 20JAN
2025-12-30 17:41:39 | INFO     | [SUCCESS] Day 20JAN
2025-12-30 17:41:39 | INFO     | [DAY_START] Processing 19JAN
2025-12-30 17:41:39 | INFO     | [lf.day.start] Processing CAI-GIZ for 19JAN
2025-12-30 17:41:40 | WARNING  | [lf.day.no_flights] No direct flights on 19JAN
2025-12-30 17:41:40 | INFO     | [SUCCESS] Day 19JAN
2025-12-30 17:41:40 | INFO     | [DAY_START] Processing 18JAN
2025-12-30 17:41:40 | INFO     | [lf.day.start] Processing CAI-GIZ for 18JAN
2025-12-30 17:41:41 | WARNING  | [lf.day.no_flights] No direct flights on 18JAN
2025-12-30 17:41:41 | INFO     | [SUCCESS] Day 18JAN
2025-12-30 17:41:41 | INFO     | [DAY_START] Processing 17JAN
2025-12-30 17:41:41 | INFO     | [lf.day.start] Processing CAI-GIZ for 17JAN
2025-12-30 17:41:42 | INFO     | [lf.day.flights_found] Found 1 flights on 17JAN
2025-12-30 17:41:44 | INFO     | [lf.flight.extracted] SM329 on 17JAN: BKG=78, LF=43.6%
2025-12-30 17:41:49 | INFO     | [SUCCESS] Day 17JAN
2025-12-30 17:41:49 | INFO     | [DAY_START] Processing 16JAN
2025-12-30 17:41:49 | INFO     | [lf.day.start] Processing CAI-GIZ for 16JAN
2025-12-30 17:41:50 | WARNING  | [lf.day.no_flights] No direct flights on 16JAN
2025-12-30 17:41:50 | INFO     | [SUCCESS] Day 16JAN
2025-12-30 17:41:50 | INFO     | [DAY_START] Processing 15JAN
2025-12-30 17:41:50 | INFO     | [lf.day.start] Processing CAI-GIZ for 15JAN
2025-12-30 17:41:51 | INFO     | [lf.day.flights_found] Found 1 flights on 15JAN
2025-12-30 17:41:53 | INFO     | [lf.flight.extracted] SM329 on 15JAN: BKG=69, LF=38.6%
2025-12-30 17:41:58 | INFO     | [SUCCESS] Day 15JAN
2025-12-30 17:41:58 | INFO     | [DAY_START] Processing 14JAN
2025-12-30 17:41:58 | INFO     | [lf.day.start] Processing CAI-GIZ for 14JAN
2025-12-30 17:41:59 | WARNING  | [lf.day.no_flights] No direct flights on 14JAN
2025-12-30 17:41:59 | INFO     | [SUCCESS] Day 14JAN
2025-12-30 17:41:59 | INFO     | [DAY_START] Processing 13JAN
2025-12-30 17:41:59 | INFO     | [lf.day.start] Processing CAI-GIZ for 13JAN
2025-12-30 17:42:00 | WARNING  | [lf.day.no_flights] No direct flights on 13JAN
2025-12-30 17:42:00 | INFO     | [SUCCESS] Day 13JAN
2025-12-30 17:42:00 | INFO     | [DAY_START] Processing 12JAN
2025-12-30 17:42:00 | INFO     | [lf.day.start] Processing CAI-GIZ for 12JAN
2025-12-30 17:42:01 | WARNING  | [lf.day.no_flights] No direct flights on 12JAN
2025-12-30 17:42:01 | INFO     | [SUCCESS] Day 12JAN
2025-12-30 17:42:01 | INFO     | [DAY_START] Processing 11JAN
2025-12-30 17:42:01 | INFO     | [lf.day.start] Processing CAI-GIZ for 11JAN
2025-12-30 17:42:02 | WARNING  | [lf.day.no_flights] No direct flights on 11JAN
2025-12-30 17:42:02 | INFO     | [SUCCESS] Day 11JAN
2025-12-30 17:42:02 | INFO     | [DAY_START] Processing 10JAN
2025-12-30 17:42:02 | INFO     | [lf.day.start] Processing CAI-GIZ for 10JAN
2025-12-30 17:42:03 | INFO     | [lf.day.flights_found] Found 1 flights on 10JAN
2025-12-30 17:42:05 | INFO     | [lf.flight.extracted] SM329 on 10JAN: BKG=59, LF=33.0%
2025-12-30 17:42:09 | INFO     | [SUCCESS] Day 10JAN
2025-12-30 17:42:09 | INFO     | [DAY_START] Processing 09JAN
2025-12-30 17:42:09 | INFO     | [lf.day.start] Processing CAI-GIZ for 09JAN
2025-12-30 17:42:10 | WARNING  | [lf.day.no_flights] No direct flights on 09JAN
2025-12-30 17:42:11 | INFO     | [SUCCESS] Day 09JAN
2025-12-30 17:42:11 | INFO     | [DAY_START] Processing 08JAN
2025-12-30 17:42:11 | INFO     | [lf.day.start] Processing CAI-GIZ for 08JAN
2025-12-30 17:42:12 | INFO     | [lf.day.flights_found] Found 1 flights on 08JAN
2025-12-30 17:42:13 | INFO     | [lf.flight.extracted] SM329 on 08JAN: BKG=72, LF=40.2%
2025-12-30 17:42:18 | INFO     | [SUCCESS] Day 08JAN
2025-12-30 17:42:18 | INFO     | [DAY_START] Processing 07JAN
2025-12-30 17:42:18 | INFO     | [lf.day.start] Processing CAI-GIZ for 07JAN
2025-12-30 17:42:19 | WARNING  | [lf.day.no_flights] No direct flights on 07JAN
2025-12-30 17:42:19 | INFO     | [SUCCESS] Day 07JAN
2025-12-30 17:42:19 | INFO     | [DAY_START] Processing 06JAN
2025-12-30 17:42:19 | INFO     | [lf.day.start] Processing CAI-GIZ for 06JAN
2025-12-30 17:42:20 | WARNING  | [lf.day.no_flights] No direct flights on 06JAN
2025-12-30 17:42:20 | INFO     | [SUCCESS] Day 06JAN
2025-12-30 17:42:20 | INFO     | [DAY_START] Processing 05JAN
2025-12-30 17:42:20 | INFO     | [lf.day.start] Processing CAI-GIZ for 05JAN
2025-12-30 17:42:21 | WARNING  | [lf.day.no_flights] No direct flights on 05JAN
2025-12-30 17:42:21 | INFO     | [SUCCESS] Day 05JAN
2025-12-30 17:42:21 | INFO     | [DAY_START] Processing 04JAN
2025-12-30 17:42:21 | INFO     | [lf.day.start] Processing CAI-GIZ for 04JAN
2025-12-30 17:42:22 | WARNING  | [lf.day.no_flights] No direct flights on 04JAN
2025-12-30 17:42:22 | INFO     | [SUCCESS] Day 04JAN
2025-12-30 17:42:22 | INFO     | [DAY_START] Processing 03JAN
2025-12-30 17:42:22 | INFO     | [lf.day.start] Processing CAI-GIZ for 03JAN
2025-12-30 17:42:23 | INFO     | [lf.day.flights_found] Found 1 flights on 03JAN
2025-12-30 17:42:25 | INFO     | [lf.flight.extracted] SM329 on 03JAN: BKG=149, LF=83.2%
2025-12-30 17:42:31 | INFO     | [SUCCESS] Day 03JAN
2025-12-30 17:42:31 | INFO     | [DAY_START] Processing 02JAN
2025-12-30 17:42:31 | INFO     | [lf.day.start] Processing CAI-GIZ for 02JAN
2025-12-30 17:42:32 | WARNING  | [lf.day.no_flights] No direct flights on 02JAN
2025-12-30 17:42:32 | INFO     | [SUCCESS] Day 02JAN
2025-12-30 17:42:32 | INFO     | [DAY_START] Processing 01JAN
2025-12-30 17:42:32 | INFO     | [lf.day.start] Processing CAI-GIZ for 01JAN
2025-12-30 17:42:33 | INFO     | [lf.day.flights_found] Found 1 flights on 01JAN
2025-12-30 17:42:35 | INFO     | [lf.flight.extracted] SM329 on 01JAN: BKG=50, LF=45.9%
2025-12-30 17:42:40 | INFO     | [SUCCESS] Day 01JAN
2025-12-30 17:42:40 | INFO     | [DAY_START] Processing 31DEC
2025-12-30 17:42:40 | INFO     | [lf.day.start] Processing CAI-GIZ for 31DEC
2025-12-30 17:42:41 | WARNING  | [lf.day.no_flights] No direct flights on 31DEC
2025-12-30 17:42:41 | INFO     | [SUCCESS] Day 31DEC
2025-12-30 17:42:41 | INFO     | [SUCCESS] LF Search Complete
2025-12-30 17:42:43 | INFO     | [Worker_9234] Completed: CAI-GIZ - 32 results, 0 errors
