2025-12-30 17:32:30 | INFO     | ======================================================================
2025-12-30 17:32:30 | INFO     | Load Factor Scraper Started - Route: CAI-JED
2025-12-30 17:32:30 | INFO     | Log file: D:\CODERED\LAB\market_insights\outputs\run_generated_301225_at_17.09\logs\LF_CAI-JED_20251230_173230.log
2025-12-30 17:32:30 | INFO     | Enhanced logging: Capturing both logging.info() and print()
2025-12-30 17:32:30 | INFO     | ======================================================================
2025-12-30 17:32:30 | INFO     | Starting LF search for route: CAI-JED
2025-12-30 17:32:30 | INFO     | [START] LF Search
2025-12-30 17:32:31 | INFO     | [HEALTH CHECK] [OK] Chrome connection is healthy
2025-12-30 17:32:31 | INFO     | [DAY_START] Processing 31JAN
2025-12-30 17:32:31 | INFO     | [lf.day.start] Processing CAI-JED for 31JAN
2025-12-30 17:32:32 | INFO     | [lf.day.flights_found] Found 4 flights on 31JAN
2025-12-30 17:32:34 | INFO     | [lf.flight.extracted] SM449 on 31JAN: BKG=99, LF=55.3%
2025-12-30 17:32:38 | INFO     | [lf.flight.extracted] SM475 on 31JAN: BKG=54, LF=30.2%
2025-12-30 17:32:41 | INFO     | [lf.flight.extracted] SM477 on 31JAN: BKG=20, LF=11.4%
2025-12-30 17:32:45 | INFO     | [lf.flight.extracted] SM423 on 31JAN: BKG=11, LF=6.2%
2025-12-30 17:32:56 | INFO     | [SUCCESS] Day 31JAN
2025-12-30 17:32:56 | INFO     | [DAY_START] Processing 30JAN
2025-12-30 17:32:56 | INFO     | [lf.day.start] Processing CAI-JED for 30JAN
2025-12-30 17:32:57 | INFO     | [lf.day.flights_found] Found 5 flights on 30JAN
2025-12-30 17:32:59 | INFO     | [lf.flight.extracted] SM475 on 30JAN: BKG=18, LF=10.1%
2025-12-30 17:33:02 | INFO     | [lf.flight.extracted] SM477 on 30JAN: BKG=6, LF=3.4%
2025-12-30 17:33:05 | INFO     | [lf.flight.extracted] SM479 on 30JAN: BKG=15, LF=8.4%
2025-12-30 17:33:09 | INFO     | [lf.flight.extracted] SM471 on 30JAN: BKG=10, LF=5.6%
2025-12-30 17:33:14 | INFO     | [lf.flight.extracted] SM459 on 30JAN: BKG=24, LF=13.4%
2025-12-30 17:33:23 | INFO     | [SUCCESS] Day 30JAN
2025-12-30 17:33:23 | INFO     | [DAY_START] Processing 29JAN
2025-12-30 17:33:23 | INFO     | [lf.day.start] Processing CAI-JED for 29JAN
2025-12-30 17:33:25 | INFO     | [lf.day.flights_found] Found 6 flights on 29JAN
2025-12-30 17:33:27 | INFO     | [lf.flight.extracted] SM449 on 29JAN: BKG=6, LF=3.4%
2025-12-30 17:33:30 | INFO     | [lf.flight.extracted] SM475 on 29JAN: BKG=171, LF=95.5%
2025-12-30 17:33:34 | INFO     | [lf.flight.extracted] SM431 on 29JAN: BKG=95, LF=53.1%
2025-12-30 17:33:38 | INFO     | [lf.flight.extracted] SM477 on 29JAN: BKG=180, LF=100.6%
2025-12-30 17:33:42 | INFO     | [lf.flight.extracted] SM479 on 29JAN: BKG=165, LF=92.2%
2025-12-30 17:33:47 | INFO     | [lf.flight.extracted] SM423 on 29JAN: BKG=21, LF=11.9%
2025-12-30 17:34:05 | INFO     | [SUCCESS] Day 29JAN
2025-12-30 17:34:05 | INFO     | [DAY_START] Processing 28JAN
2025-12-30 17:34:05 | INFO     | [lf.day.start] Processing CAI-JED for 28JAN
2025-12-30 17:34:07 | INFO     | [lf.day.flights_found] Found 5 flights on 28JAN
2025-12-30 17:34:10 | INFO     | [lf.flight.extracted] SM423 on 28JAN: BKG=147, LF=82.1%
2025-12-30 17:34:14 | INFO     | [lf.flight.extracted] SM475 on 28JAN: BKG=142, LF=79.3%
2025-12-30 17:34:17 | INFO     | [lf.flight.extracted] SM459 on 28JAN: BKG=96, LF=53.6%
2025-12-30 17:34:21 | INFO     | [lf.flight.extracted] SM477 on 28JAN: BKG=159, LF=88.8%
2025-12-30 17:34:25 | INFO     | [lf.flight.extracted] SM471 on 28JAN: BKG=104, LF=58.1%
2025-12-30 17:34:34 | INFO     | [SUCCESS] Day 28JAN
2025-12-30 17:34:34 | INFO     | [DAY_START] Processing 27JAN
2025-12-30 17:34:34 | INFO     | [lf.day.start] Processing CAI-JED for 27JAN
2025-12-30 17:34:35 | INFO     | [lf.day.flights_found] Found 5 flights on 27JAN
2025-12-30 17:34:37 | INFO     | [lf.flight.extracted] SM471 on 27JAN: BKG=151, LF=84.4%
2025-12-30 17:34:41 | INFO     | [lf.flight.extracted] SM477 on 27JAN: BKG=148, LF=82.7%
2025-12-30 17:34:44 | INFO     | [lf.flight.extracted] SM459 on 27JAN: BKG=158, LF=88.3%
2025-12-30 17:34:47 | INFO     | [lf.flight.extracted] SM423 on 27JAN: BKG=148, LF=82.7%
2025-12-30 17:34:51 | INFO     | [lf.flight.extracted] SM475 on 27JAN: BKG=151, LF=84.4%
2025-12-30 17:35:03 | INFO     | [SUCCESS] Day 27JAN
2025-12-30 17:35:03 | INFO     | [DAY_START] Processing 26JAN
2025-12-30 17:35:03 | INFO     | [lf.day.start] Processing CAI-JED for 26JAN
2025-12-30 17:35:04 | INFO     | [lf.day.flights_found] Found 3 flights on 26JAN
2025-12-30 17:35:06 | INFO     | [lf.flight.extracted] SM475 on 26JAN: BKG=170, LF=95.0%
2025-12-30 17:35:10 | INFO     | [lf.flight.extracted] SM477 on 26JAN: BKG=165, LF=92.2%
2025-12-30 17:35:14 | INFO     | [lf.flight.extracted] SM459 on 26JAN: BKG=162, LF=90.5%
2025-12-30 17:35:25 | INFO     | [SUCCESS] Day 26JAN
2025-12-30 17:35:25 | INFO     | [DAY_START] Processing 25JAN
2025-12-30 17:35:25 | INFO     | [lf.day.start] Processing CAI-JED for 25JAN
2025-12-30 17:35:26 | INFO     | [lf.day.flights_found] Found 6 flights on 25JAN
2025-12-30 17:35:29 | INFO     | [lf.flight.extracted] SM475 on 25JAN: BKG=150, LF=83.8%
2025-12-30 17:35:32 | INFO     | [lf.flight.extracted] SM431 on 25JAN: BKG=179, LF=100.0%
2025-12-30 17:35:36 | INFO     | [lf.flight.extracted] SM459 on 25JAN: BKG=162, LF=90.5%
2025-12-30 17:35:41 | INFO     | [lf.flight.extracted] SM477 on 25JAN: BKG=150, LF=83.8%
2025-12-30 17:35:44 | INFO     | [lf.flight.extracted] SM479 on 25JAN: BKG=148, LF=82.7%
2025-12-30 17:35:48 | INFO     | [lf.flight.extracted] SM951 on 25JAN: BKG=135, LF=75.4%
2025-12-30 17:36:01 | INFO     | [SUCCESS] Day 25JAN
2025-12-30 17:36:01 | INFO     | [DAY_START] Processing 24JAN
2025-12-30 17:36:01 | INFO     | [lf.day.start] Processing CAI-JED for 24JAN
2025-12-30 17:36:02 | INFO     | [lf.day.flights_found] Found 4 flights on 24JAN
2025-12-30 17:36:04 | INFO     | [lf.flight.extracted] SM449 on 24JAN: BKG=166, LF=92.7%
2025-12-30 17:36:08 | INFO     | [lf.flight.extracted] SM475 on 24JAN: BKG=174, LF=97.2%
2025-12-30 17:36:11 | INFO     | [lf.flight.extracted] SM477 on 24JAN: BKG=179, LF=100.0%
2025-12-30 17:36:15 | INFO     | [lf.flight.extracted] SM423 on 24JAN: BKG=179, LF=100.0%
2025-12-30 17:36:28 | INFO     | [SUCCESS] Day 24JAN
2025-12-30 17:36:28 | INFO     | [DAY_START] Processing 23JAN
2025-12-30 17:36:28 | INFO     | [lf.day.start] Processing CAI-JED for 23JAN
2025-12-30 17:36:30 | INFO     | [lf.day.flights_found] Found 5 flights on 23JAN
2025-12-30 17:36:31 | INFO     | [lf.flight.extracted] SM475 on 23JAN: BKG=179, LF=100.0%
2025-12-30 17:36:35 | INFO     | [lf.flight.extracted] SM477 on 23JAN: BKG=178, LF=99.4%
2025-12-30 17:36:38 | INFO     | [lf.flight.extracted] SM479 on 23JAN: BKG=98, LF=54.8%
2025-12-30 17:36:43 | INFO     | [lf.flight.extracted] SM471 on 23JAN: BKG=138, LF=77.1%
2025-12-30 17:36:47 | INFO     | [lf.flight.extracted] SM459 on 23JAN: BKG=65, LF=36.3%
2025-12-30 17:37:06 | INFO     | [SUCCESS] Day 23JAN
2025-12-30 17:37:06 | INFO     | [DAY_START] Processing 22JAN
2025-12-30 17:37:06 | INFO     | [lf.day.start] Processing CAI-JED for 22JAN
2025-12-30 17:37:07 | INFO     | [lf.day.flights_found] Found 7 flights on 22JAN
2025-12-30 17:37:09 | INFO     | [lf.flight.extracted] SM449 on 22JAN: BKG=78, LF=43.6%
2025-12-30 17:37:12 | INFO     | [lf.flight.extracted] SM475 on 22JAN: BKG=159, LF=88.8%
2025-12-30 17:37:16 | INFO     | [lf.flight.extracted] SM431 on 22JAN: BKG=165, LF=92.2%
2025-12-30 17:37:19 | INFO     | [lf.flight.extracted] SM961 on 22JAN: BKG=146, LF=83.0%
2025-12-30 17:37:23 | INFO     | [lf.flight.extracted] SM477 on 22JAN: BKG=180, LF=100.6%
2025-12-30 17:37:26 | INFO     | [lf.flight.extracted] SM479 on 22JAN: BKG=153, LF=85.5%
2025-12-30 17:37:30 | INFO     | [lf.flight.extracted] SM423 on 22JAN: BKG=151, LF=84.4%
2025-12-30 17:37:58 | INFO     | [SUCCESS] Day 22JAN
2025-12-30 17:37:58 | INFO     | [DAY_START] Processing 21JAN
2025-12-30 17:37:58 | INFO     | [lf.day.start] Processing CAI-JED for 21JAN
2025-12-30 17:37:59 | INFO     | [lf.day.flights_found] Found 5 flights on 21JAN
2025-12-30 17:38:02 | INFO     | [lf.flight.extracted] SM423 on 21JAN: BKG=125, LF=69.8%
2025-12-30 17:38:06 | INFO     | [lf.flight.extracted] SM475 on 21JAN: BKG=154, LF=86.0%
2025-12-30 17:38:10 | INFO     | [lf.flight.extracted] SM459 on 21JAN: BKG=158, LF=88.3%
2025-12-30 17:38:14 | INFO     | [lf.flight.extracted] SM477 on 21JAN: BKG=167, LF=93.3%
2025-12-30 17:38:18 | INFO     | [lf.flight.extracted] SM471 on 21JAN: BKG=176, LF=98.3%
2025-12-30 17:38:32 | INFO     | [SUCCESS] Day 21JAN
2025-12-30 17:38:32 | INFO     | [DAY_START] Processing 20JAN
2025-12-30 17:38:32 | INFO     | [lf.day.start] Processing CAI-JED for 20JAN
2025-12-30 17:38:33 | INFO     | [lf.day.flights_found] Found 7 flights on 20JAN
2025-12-30 17:38:35 | INFO     | [lf.flight.extracted] SM471 on 20JAN: BKG=151, LF=84.4%
2025-12-30 17:38:39 | INFO     | [lf.flight.extracted] SM953 on 20JAN: BKG=124, LF=69.3%
2025-12-30 17:38:42 | INFO     | [lf.flight.extracted] SM479 on 20JAN: BKG=144, LF=81.8%
2025-12-30 17:38:46 | INFO     | [lf.flight.extracted] SM477 on 20JAN: BKG=149, LF=83.2%
2025-12-30 17:38:50 | INFO     | [lf.flight.extracted] SM459 on 20JAN: BKG=170, LF=94.4%
2025-12-30 17:38:53 | INFO     | [lf.flight.extracted] SM423 on 20JAN: BKG=155, LF=86.6%
2025-12-30 17:38:57 | INFO     | [lf.flight.extracted] SM475 on 20JAN: BKG=131, LF=73.2%
2025-12-30 17:39:19 | INFO     | [SUCCESS] Day 20JAN
2025-12-30 17:39:19 | INFO     | [DAY_START] Processing 19JAN
2025-12-30 17:39:19 | INFO     | [lf.day.start] Processing CAI-JED for 19JAN
2025-12-30 17:39:20 | INFO     | [lf.day.flights_found] Found 3 flights on 19JAN
2025-12-30 17:39:22 | INFO     | [lf.flight.extracted] SM475 on 19JAN: BKG=177, LF=98.9%
2025-12-30 17:39:26 | INFO     | [lf.flight.extracted] SM477 on 19JAN: BKG=171, LF=95.5%
2025-12-30 17:39:31 | INFO     | [lf.flight.extracted] SM459 on 19JAN: BKG=178, LF=99.4%
2025-12-30 17:39:43 | INFO     | [SUCCESS] Day 19JAN
2025-12-30 17:39:43 | INFO     | [DAY_START] Processing 18JAN
2025-12-30 17:39:43 | INFO     | [lf.day.start] Processing CAI-JED for 18JAN
2025-12-30 17:39:44 | INFO     | [lf.day.flights_found] Found 5 flights on 18JAN
2025-12-30 17:39:46 | INFO     | [lf.flight.extracted] SM475 on 18JAN: BKG=179, LF=100.0%
2025-12-30 17:39:51 | INFO     | [lf.flight.extracted] SM431 on 18JAN: BKG=164, LF=91.6%
2025-12-30 17:39:55 | INFO     | [lf.flight.extracted] SM459 on 18JAN: BKG=178, LF=99.4%
2025-12-30 17:39:59 | INFO     | [lf.flight.extracted] SM477 on 18JAN: BKG=179, LF=100.0%
2025-12-30 17:40:03 | INFO     | [lf.flight.extracted] SM479 on 18JAN: BKG=179, LF=100.0%
2025-12-30 17:40:24 | INFO     | [SUCCESS] Day 18JAN
2025-12-30 17:40:24 | INFO     | [DAY_START] Processing 17JAN
2025-12-30 17:40:24 | INFO     | [lf.day.start] Processing CAI-JED for 17JAN
2025-12-30 17:40:25 | INFO     | [lf.day.flights_found] Found 4 flights on 17JAN
2025-12-30 17:40:27 | INFO     | [lf.flight.extracted] SM449 on 17JAN: BKG=180, LF=100.6%
2025-12-30 17:40:30 | INFO     | [lf.flight.extracted] SM475 on 17JAN: BKG=179, LF=100.0%
2025-12-30 17:40:34 | INFO     | [lf.flight.extracted] SM477 on 17JAN: BKG=178, LF=99.4%
2025-12-30 17:40:39 | INFO     | [lf.flight.extracted] SM423 on 17JAN: BKG=175, LF=97.8%
2025-12-30 17:40:58 | INFO     | [SUCCESS] Day 17JAN
2025-12-30 17:40:58 | INFO     | [DAY_START] Processing 16JAN
2025-12-30 17:40:58 | INFO     | [lf.day.start] Processing CAI-JED for 16JAN
2025-12-30 17:41:00 | INFO     | [lf.day.flights_found] Found 5 flights on 16JAN
2025-12-30 17:41:02 | INFO     | [lf.flight.extracted] SM475 on 16JAN: BKG=165, LF=92.2%
2025-12-30 17:41:06 | INFO     | [lf.flight.extracted] SM477 on 16JAN: BKG=146, LF=81.6%
2025-12-30 17:41:09 | INFO     | [lf.flight.extracted] SM479 on 16JAN: BKG=92, LF=51.4%
2025-12-30 17:41:13 | INFO     | [lf.flight.extracted] SM471 on 16JAN: BKG=102, LF=57.0%
2025-12-30 17:41:18 | INFO     | [lf.flight.extracted] SM459 on 16JAN: BKG=139, LF=77.6%
2025-12-30 17:41:42 | INFO     | [SUCCESS] Day 16JAN
2025-12-30 17:41:42 | INFO     | [DAY_START] Processing 15JAN
2025-12-30 17:41:42 | INFO     | [lf.day.start] Processing CAI-JED for 15JAN
2025-12-30 17:41:43 | INFO     | [lf.day.flights_found] Found 6 flights on 15JAN
2025-12-30 17:41:45 | INFO     | [lf.flight.extracted] SM449 on 15JAN: BKG=115, LF=64.2%
2025-12-30 17:41:48 | INFO     | [lf.flight.extracted] SM475 on 15JAN: BKG=179, LF=100.0%
2025-12-30 17:41:52 | INFO     | [lf.flight.extracted] SM431 on 15JAN: BKG=176, LF=100.0%
2025-12-30 17:41:55 | INFO     | [lf.flight.extracted] SM477 on 15JAN: BKG=178, LF=99.4%
2025-12-30 17:41:58 | INFO     | [lf.flight.extracted] SM479 on 15JAN: BKG=179, LF=100.0%
2025-12-30 17:42:02 | INFO     | [lf.flight.extracted] SM423 on 15JAN: BKG=83, LF=46.4%
2025-12-30 17:42:23 | INFO     | [SUCCESS] Day 15JAN
2025-12-30 17:42:23 | INFO     | [DAY_START] Processing 14JAN
2025-12-30 17:42:23 | INFO     | [lf.day.start] Processing CAI-JED for 14JAN
2025-12-30 17:42:24 | INFO     | [lf.day.flights_found] Found 5 flights on 14JAN
2025-12-30 17:42:25 | INFO     | [lf.flight.extracted] SM423 on 14JAN: BKG=165, LF=92.2%
2025-12-30 17:42:29 | INFO     | [lf.flight.extracted] SM475 on 14JAN: BKG=66, LF=36.9%
2025-12-30 17:42:33 | INFO     | [lf.flight.extracted] SM459 on 14JAN: BKG=74, LF=41.3%
2025-12-30 17:42:36 | INFO     | [lf.flight.extracted] SM477 on 14JAN: BKG=176, LF=97.8%
2025-12-30 17:42:40 | INFO     | [lf.flight.extracted] SM471 on 14JAN: BKG=135, LF=75.4%
2025-12-30 17:42:56 | INFO     | [SUCCESS] Day 14JAN
2025-12-30 17:42:56 | INFO     | [DAY_START] Processing 13JAN
2025-12-30 17:42:56 | INFO     | [lf.day.start] Processing CAI-JED for 13JAN
2025-12-30 17:42:56 | INFO     | [lf.day.flights_found] Found 6 flights on 13JAN
2025-12-30 17:42:58 | INFO     | [lf.flight.extracted] SM471 on 13JAN: BKG=85, LF=47.5%
2025-12-30 17:43:01 | INFO     | [lf.flight.extracted] SM479 on 13JAN: BKG=176, LF=98.3%
2025-12-30 17:43:05 | INFO     | [lf.flight.extracted] SM477 on 13JAN: BKG=138, LF=77.1%
2025-12-30 17:43:08 | INFO     | [lf.flight.extracted] SM459 on 13JAN: BKG=53, LF=29.6%
2025-12-30 17:43:11 | INFO     | [lf.flight.extracted] SM423 on 13JAN: BKG=49, LF=27.4%
2025-12-30 17:43:14 | INFO     | [lf.flight.extracted] SM475 on 13JAN: BKG=74, LF=41.3%
2025-12-30 17:43:29 | INFO     | [SUCCESS] Day 13JAN
2025-12-30 17:43:29 | INFO     | [DAY_START] Processing 12JAN
2025-12-30 17:43:29 | INFO     | [lf.day.start] Processing CAI-JED for 12JAN
2025-12-30 17:43:30 | INFO     | [lf.day.flights_found] Found 3 flights on 12JAN
2025-12-30 17:43:32 | INFO     | [lf.flight.extracted] SM475 on 12JAN: BKG=155, LF=86.6%
2025-12-30 17:43:35 | INFO     | [lf.flight.extracted] SM477 on 12JAN: BKG=155, LF=86.6%
2025-12-30 17:43:39 | INFO     | [lf.flight.extracted] SM459 on 12JAN: BKG=33, LF=18.4%
2025-12-30 17:43:48 | INFO     | [SUCCESS] Day 12JAN
2025-12-30 17:43:48 | INFO     | [DAY_START] Processing 11JAN
2025-12-30 17:43:48 | INFO     | [lf.day.start] Processing CAI-JED for 11JAN
2025-12-30 17:43:49 | INFO     | [lf.day.flights_found] Found 5 flights on 11JAN
2025-12-30 17:43:51 | INFO     | [lf.flight.extracted] SM475 on 11JAN: BKG=66, LF=36.9%
2025-12-30 17:43:54 | INFO     | [lf.flight.extracted] SM431 on 11JAN: BKG=28, LF=15.6%
2025-12-30 17:43:57 | INFO     | [lf.flight.extracted] SM459 on 11JAN: BKG=142, LF=79.3%
2025-12-30 17:44:00 | INFO     | [lf.flight.extracted] SM477 on 11JAN: BKG=160, LF=89.4%
2025-12-30 17:44:04 | INFO     | [lf.flight.extracted] SM479 on 11JAN: BKG=35, LF=19.9%
2025-12-30 17:44:17 | INFO     | [SUCCESS] Day 11JAN
2025-12-30 17:44:17 | INFO     | [DAY_START] Processing 10JAN
2025-12-30 17:44:17 | INFO     | [lf.day.start] Processing CAI-JED for 10JAN
2025-12-30 17:44:18 | INFO     | [lf.day.flights_found] Found 4 flights on 10JAN
2025-12-30 17:44:20 | INFO     | [lf.flight.extracted] SM449 on 10JAN: BKG=149, LF=83.2%
2025-12-30 17:44:23 | INFO     | [lf.flight.extracted] SM475 on 10JAN: BKG=179, LF=100.0%
2025-12-30 17:44:26 | INFO     | [lf.flight.extracted] SM477 on 10JAN: BKG=162, LF=90.0%
2025-12-30 17:44:29 | INFO     | [lf.flight.extracted] SM423 on 10JAN: BKG=32, LF=17.9%
2025-12-30 17:44:41 | INFO     | [SUCCESS] Day 10JAN
2025-12-30 17:44:41 | INFO     | [DAY_START] Processing 09JAN
2025-12-30 17:44:41 | INFO     | [lf.day.start] Processing CAI-JED for 09JAN
2025-12-30 17:44:43 | INFO     | [lf.day.flights_found] Found 5 flights on 09JAN
2025-12-30 17:44:45 | INFO     | [lf.flight.extracted] SM475 on 09JAN: BKG=26, LF=14.5%
2025-12-30 17:44:48 | INFO     | [lf.flight.extracted] SM477 on 09JAN: BKG=25, LF=14.0%
2025-12-30 17:44:51 | INFO     | [lf.flight.extracted] SM479 on 09JAN: BKG=73, LF=40.8%
2025-12-30 17:44:54 | INFO     | [lf.flight.extracted] SM471 on 09JAN: BKG=32, LF=17.9%
2025-12-30 17:44:57 | INFO     | [lf.flight.extracted] SM459 on 09JAN: BKG=37, LF=20.7%
2025-12-30 17:45:12 | INFO     | [SUCCESS] Day 09JAN
2025-12-30 17:45:12 | INFO     | [DAY_START] Processing 08JAN
2025-12-30 17:45:12 | INFO     | [lf.day.start] Processing CAI-JED for 08JAN
2025-12-30 17:45:13 | INFO     | [lf.day.flights_found] Found 6 flights on 08JAN
2025-12-30 17:45:15 | INFO     | [lf.flight.extracted] SM449 on 08JAN: BKG=32, LF=17.9%
2025-12-30 17:45:18 | INFO     | [lf.flight.extracted] SM475 on 08JAN: BKG=54, LF=30.2%
2025-12-30 17:45:21 | INFO     | [lf.flight.extracted] SM431 on 08JAN: BKG=65, LF=36.3%
2025-12-30 17:45:24 | INFO     | [lf.flight.extracted] SM477 on 08JAN: BKG=148, LF=82.2%
2025-12-30 17:45:28 | INFO     | [lf.flight.extracted] SM479 on 08JAN: BKG=173, LF=96.7%
2025-12-30 17:45:31 | INFO     | [lf.flight.extracted] SM423 on 08JAN: BKG=47, LF=26.3%
2025-12-30 17:45:52 | INFO     | [SUCCESS] Day 08JAN
2025-12-30 17:45:52 | INFO     | [DAY_START] Processing 07JAN
2025-12-30 17:45:52 | INFO     | [lf.day.start] Processing CAI-JED for 07JAN
2025-12-30 17:45:53 | INFO     | [lf.day.flights_found] Found 5 flights on 07JAN
2025-12-30 17:45:55 | INFO     | [lf.flight.extracted] SM423 on 07JAN: BKG=135, LF=75.4%
2025-12-30 17:45:58 | INFO     | [lf.flight.extracted] SM475 on 07JAN: BKG=98, LF=54.8%
2025-12-30 17:46:02 | INFO     | [lf.flight.extracted] SM459 on 07JAN: BKG=104, LF=58.1%
2025-12-30 17:46:05 | INFO     | [lf.flight.extracted] SM477 on 07JAN: BKG=126, LF=70.4%
2025-12-30 17:46:08 | INFO     | [lf.flight.extracted] SM471 on 07JAN: BKG=44, LF=24.6%
2025-12-30 17:46:23 | INFO     | [SUCCESS] Day 07JAN
2025-12-30 17:46:23 | INFO     | [DAY_START] Processing 06JAN
2025-12-30 17:46:23 | INFO     | [lf.day.start] Processing CAI-JED for 06JAN
2025-12-30 17:46:24 | INFO     | [lf.day.flights_found] Found 6 flights on 06JAN
2025-12-30 17:46:26 | INFO     | [lf.flight.extracted] SM471 on 06JAN: BKG=79, LF=44.1%
2025-12-30 17:46:30 | INFO     | [lf.flight.extracted] SM479 on 06JAN: BKG=108, LF=60.3%
2025-12-30 17:46:33 | INFO     | [lf.flight.extracted] SM477 on 06JAN: BKG=114, LF=63.7%
2025-12-30 17:46:36 | INFO     | [lf.flight.extracted] SM459 on 06JAN: BKG=177, LF=98.9%
2025-12-30 17:46:39 | INFO     | [lf.flight.extracted] SM423 on 06JAN: BKG=51, LF=28.5%
2025-12-30 17:46:43 | INFO     | [lf.flight.extracted] SM475 on 06JAN: BKG=81, LF=45.0%
2025-12-30 17:47:01 | INFO     | [SUCCESS] Day 06JAN
2025-12-30 17:47:01 | INFO     | [DAY_START] Processing 05JAN
2025-12-30 17:47:01 | INFO     | [lf.day.start] Processing CAI-JED for 05JAN
2025-12-30 17:47:02 | INFO     | [lf.day.flights_found] Found 3 flights on 05JAN
2025-12-30 17:47:03 | INFO     | [lf.flight.extracted] SM475 on 05JAN: BKG=135, LF=75.4%
2025-12-30 17:47:07 | INFO     | [lf.flight.extracted] SM477 on 05JAN: BKG=103, LF=57.5%
2025-12-30 17:47:10 | INFO     | [lf.flight.extracted] SM459 on 05JAN: BKG=110, LF=61.5%
2025-12-30 17:47:23 | INFO     | [SUCCESS] Day 05JAN
2025-12-30 17:47:23 | INFO     | [DAY_START] Processing 04JAN
2025-12-30 17:47:23 | INFO     | [lf.day.start] Processing CAI-JED for 04JAN
2025-12-30 17:47:24 | INFO     | [lf.day.flights_found] Found 5 flights on 04JAN
2025-12-30 17:47:26 | INFO     | [lf.flight.extracted] SM475 on 04JAN: BKG=32, LF=17.9%
2025-12-30 17:47:29 | INFO     | [lf.flight.extracted] SM431 on 04JAN: BKG=61, LF=34.1%
2025-12-30 17:47:32 | INFO     | [lf.flight.extracted] SM459 on 04JAN: BKG=157, LF=87.7%
2025-12-30 17:47:36 | INFO     | [lf.flight.extracted] SM477 on 04JAN: BKG=89, LF=49.7%
2025-12-30 17:47:39 | INFO     | [lf.flight.extracted] SM479 on 04JAN: BKG=48, LF=26.8%
2025-12-30 17:47:58 | INFO     | [SUCCESS] Day 04JAN
2025-12-30 17:47:58 | INFO     | [DAY_START] Processing 03JAN
2025-12-30 17:47:58 | INFO     | [lf.day.start] Processing CAI-JED for 03JAN
2025-12-30 17:47:58 | INFO     | [lf.day.flights_found] Found 4 flights on 03JAN
2025-12-30 17:48:00 | INFO     | [lf.flight.extracted] SM449 on 03JAN: BKG=69, LF=38.6%
2025-12-30 17:48:04 | INFO     | [lf.flight.extracted] SM475 on 03JAN: BKG=78, LF=43.6%
2025-12-30 17:48:08 | INFO     | [lf.flight.extracted] SM477 on 03JAN: BKG=176, LF=98.3%
2025-12-30 17:48:12 | INFO     | [lf.flight.extracted] SM423 on 03JAN: BKG=87, LF=48.6%
2025-12-30 17:48:28 | INFO     | [SUCCESS] Day 03JAN
2025-12-30 17:48:28 | INFO     | [DAY_START] Processing 02JAN
2025-12-30 17:48:28 | INFO     | [lf.day.start] Processing CAI-JED for 02JAN
2025-12-30 17:48:29 | INFO     | [lf.day.flights_found] Found 4 flights on 02JAN
2025-12-30 17:48:31 | INFO     | [lf.flight.extracted] SM475 on 02JAN: BKG=147, LF=82.1%
2025-12-30 17:48:34 | INFO     | [lf.flight.extracted] SM479 on 02JAN: BKG=50, LF=27.9%
2025-12-30 17:48:37 | INFO     | [lf.flight.extracted] SM471 on 02JAN: BKG=50, LF=27.9%
2025-12-30 17:48:41 | INFO     | [lf.flight.extracted] SM459 on 02JAN: BKG=45, LF=25.1%
2025-12-30 17:48:58 | INFO     | [SUCCESS] Day 02JAN
2025-12-30 17:48:58 | INFO     | [DAY_START] Processing 01JAN
2025-12-30 17:48:58 | INFO     | [lf.day.start] Processing CAI-JED for 01JAN
2025-12-30 17:48:59 | INFO     | [lf.day.flights_found] Found 5 flights on 01JAN
2025-12-30 17:49:00 | INFO     | [lf.flight.extracted] SM449 on 01JAN: BKG=35, LF=19.6%
2025-12-30 17:49:04 | INFO     | [lf.flight.extracted] SM475 on 01JAN: BKG=64, LF=35.8%
2025-12-30 17:49:07 | INFO     | [lf.flight.extracted] SM431 on 01JAN: BKG=72, LF=40.2%
2025-12-30 17:49:10 | INFO     | [lf.flight.extracted] SM477 on 01JAN: BKG=146, LF=81.6%
2025-12-30 17:49:13 | INFO     | [lf.flight.extracted] SM479 on 01JAN: BKG=111, LF=62.7%
2025-12-30 17:49:33 | INFO     | [SUCCESS] Day 01JAN
2025-12-30 17:49:33 | INFO     | [DAY_START] Processing 31DEC
2025-12-30 17:49:33 | INFO     | [lf.day.start] Processing CAI-JED for 31DEC
2025-12-30 17:49:34 | INFO     | [lf.day.flights_found] Found 5 flights on 31DEC
2025-12-30 17:49:36 | INFO     | [lf.flight.extracted] SM423 on 31DEC: BKG=175, LF=97.8%
2025-12-30 17:49:39 | INFO     | [lf.flight.extracted] SM475 on 31DEC: BKG=176, LF=98.3%
2025-12-30 17:49:42 | INFO     | [lf.flight.extracted] SM459 on 31DEC: BKG=178, LF=99.4%
2025-12-30 17:49:46 | INFO     | [lf.flight.extracted] SM477 on 31DEC: BKG=173, LF=96.7%
2025-12-30 17:49:49 | INFO     | [lf.flight.extracted] SM471 on 31DEC: BKG=172, LF=97.7%
2025-12-30 17:50:12 | INFO     | [SUCCESS] Day 31DEC
2025-12-30 17:50:12 | INFO     | [SUCCESS] LF Search Complete
2025-12-30 17:50:14 | INFO     | [Worker_9225] Completed: CAI-JED - 32 results, 0 errors
