2025-12-30 17:16:28 | INFO     | ======================================================================
2025-12-30 17:16:28 | INFO     | Load Factor Scraper Started - Route: ELQ-CAI
2025-12-30 17:16:28 | INFO     | Log file: D:\CODERED\LAB\market_insights\outputs\run_generated_301225_at_17.09\logs\LF_ELQ-CAI_20251230_171628.log
2025-12-30 17:16:28 | INFO     | Enhanced logging: Capturing both logging.info() and print()
2025-12-30 17:16:28 | INFO     | ======================================================================
2025-12-30 17:16:28 | INFO     | Starting LF search for route: ELQ-CAI
2025-12-30 17:16:28 | INFO     | [START] LF Search
2025-12-30 17:16:29 | INFO     | [HEALTH CHECK] [OK] Chrome connection is healthy
2025-12-30 17:16:29 | INFO     | [DAY_START] Processing 18FEB
2025-12-30 17:16:29 | INFO     | [lf.day.start] Processing ELQ-CAI for 18FEB
2025-12-30 17:16:30 | WARNING  | [lf.day.no_flights] No direct flights on 18FEB
2025-12-30 17:16:30 | INFO     | [SUCCESS] Day 18FEB
2025-12-30 17:16:30 | INFO     | [DAY_START] Processing 17FEB
2025-12-30 17:16:30 | INFO     | [lf.day.start] Processing ELQ-CAI for 17FEB
2025-12-30 17:16:31 | WARNING  | [lf.day.no_flights] No direct flights on 17FEB
2025-12-30 17:16:32 | INFO     | [SUCCESS] Day 17FEB
2025-12-30 17:16:32 | INFO     | [DAY_START] Processing 16FEB
2025-12-30 17:16:32 | INFO     | [lf.day.start] Processing ELQ-CAI for 16FEB
2025-12-30 17:16:33 | WARNING  | [lf.day.no_flights] No direct flights on 16FEB
2025-12-30 17:16:33 | INFO     | [SUCCESS] Day 16FEB
2025-12-30 17:16:33 | INFO     | [DAY_START] Processing 15FEB
2025-12-30 17:16:33 | INFO     | [lf.day.start] Processing ELQ-CAI for 15FEB
2025-12-30 17:16:34 | INFO     | [lf.day.flights_found] Found 1 flights on 15FEB
2025-12-30 17:16:36 | INFO     | [lf.flight.extracted] SM428 on 15FEB: BKG=6, LF=3.6%
2025-12-30 17:16:39 | INFO     | [SUCCESS] Day 15FEB
2025-12-30 17:16:39 | INFO     | [DAY_START] Processing 14FEB
2025-12-30 17:16:39 | INFO     | [lf.day.start] Processing ELQ-CAI for 14FEB
2025-12-30 17:16:40 | INFO     | [lf.day.flights_found] Found 1 flights on 14FEB
2025-12-30 17:16:42 | INFO     | [lf.flight.extracted] SM428 on 14FEB: BKG=3, LF=1.8%
2025-12-30 17:16:45 | INFO     | [SUCCESS] Day 14FEB
2025-12-30 17:16:45 | INFO     | [DAY_START] Processing 13FEB
2025-12-30 17:16:45 | INFO     | [lf.day.start] Processing ELQ-CAI for 13FEB
2025-12-30 17:16:47 | WARNING  | [lf.day.no_flights] No direct flights on 13FEB
2025-12-30 17:16:47 | INFO     | [SUCCESS] Day 13FEB
2025-12-30 17:16:47 | INFO     | [DAY_START] Processing 12FEB
2025-12-30 17:16:47 | INFO     | [lf.day.start] Processing ELQ-CAI for 12FEB
2025-12-30 17:16:48 | INFO     | [lf.day.flights_found] Found 1 flights on 12FEB
2025-12-30 17:16:51 | INFO     | [lf.flight.extracted] SM428 on 12FEB: BKG=14, LF=8.5%
2025-12-30 17:16:54 | INFO     | [SUCCESS] Day 12FEB
2025-12-30 17:16:54 | INFO     | [DAY_START] Processing 11FEB
2025-12-30 17:16:54 | INFO     | [lf.day.start] Processing ELQ-CAI for 11FEB
2025-12-30 17:16:55 | WARNING  | [lf.day.no_flights] No direct flights on 11FEB
2025-12-30 17:16:56 | INFO     | [SUCCESS] Day 11FEB
2025-12-30 17:16:56 | INFO     | [DAY_START] Processing 10FEB
2025-12-30 17:16:56 | INFO     | [lf.day.start] Processing ELQ-CAI for 10FEB
2025-12-30 17:16:57 | WARNING  | [lf.day.no_flights] No direct flights on 10FEB
2025-12-30 17:16:57 | INFO     | [SUCCESS] Day 10FEB
2025-12-30 17:16:57 | INFO     | [SUCCESS] LF Search Complete
2025-12-30 17:16:59 | INFO     | [Worker_9224] Completed: ELQ-CAI - 9 results, 0 errors
2025-12-30 17:16:59 | INFO     | [Worker_9224] Processing: HBE-MED
2025-12-30 17:16:59 | INFO     |   Tier 0: Range 2, Chunk 2/3 (9 days)
