2025-12-30 17:21:20 | INFO     | ======================================================================
2025-12-30 17:21:20 | INFO     | Load Factor Scraper Started - Route: ELQ-ATZ
2025-12-30 17:21:20 | INFO     | Log file: D:\CODERED\LAB\market_insights\outputs\run_generated_301225_at_17.09\logs\LF_ELQ-ATZ_20251230_172120.log
2025-12-30 17:21:20 | INFO     | Enhanced logging: Capturing both logging.info() and print()
2025-12-30 17:21:20 | INFO     | ======================================================================
2025-12-30 17:21:20 | INFO     | Starting LF search for route: ELQ-ATZ
2025-12-30 17:21:20 | INFO     | [START] LF Search
2025-12-30 17:21:22 | INFO     | [HEALTH CHECK] [OK] Chrome connection is healthy
2025-12-30 17:21:22 | INFO     | [DAY_START] Processing 09FEB
2025-12-30 17:21:22 | INFO     | [lf.day.start] Processing ELQ-ATZ for 09FEB
2025-12-30 17:21:23 | WARNING  | [lf.day.no_flights] No direct flights on 09FEB
2025-12-30 17:21:23 | INFO     | [SUCCESS] Day 09FEB
2025-12-30 17:21:23 | INFO     | [DAY_START] Processing 08FEB
2025-12-30 17:21:23 | INFO     | [lf.day.start] Processing ELQ-ATZ for 08FEB
2025-12-30 17:21:24 | WARNING  | [lf.day.no_flights] No direct flights on 08FEB
2025-12-30 17:21:25 | INFO     | [SUCCESS] Day 08FEB
2025-12-30 17:21:25 | INFO     | [DAY_START] Processing 07FEB
2025-12-30 17:21:25 | INFO     | [lf.day.start] Processing ELQ-ATZ for 07FEB
2025-12-30 17:21:26 | INFO     | [lf.day.flights_found] Found 1 flights on 07FEB
2025-12-30 17:21:28 | INFO     | [lf.flight.extracted] SM436 on 07FEB: BKG=17, LF=10.2%
2025-12-30 17:21:31 | INFO     | [SUCCESS] Day 07FEB
2025-12-30 17:21:31 | INFO     | [DAY_START] Processing 06FEB
2025-12-30 17:21:31 | INFO     | [lf.day.start] Processing ELQ-ATZ for 06FEB
2025-12-30 17:21:33 | WARNING  | [lf.day.no_flights] No direct flights on 06FEB
2025-12-30 17:21:33 | INFO     | [SUCCESS] Day 06FEB
2025-12-30 17:21:33 | INFO     | [DAY_START] Processing 05FEB
2025-12-30 17:21:33 | INFO     | [lf.day.start] Processing ELQ-ATZ for 05FEB
2025-12-30 17:21:34 | WARNING  | [lf.day.no_flights] No direct flights on 05FEB
2025-12-30 17:21:34 | INFO     | [SUCCESS] Day 05FEB
2025-12-30 17:21:34 | INFO     | [DAY_START] Processing 04FEB
2025-12-30 17:21:34 | INFO     | [lf.day.start] Processing ELQ-ATZ for 04FEB
2025-12-30 17:21:35 | INFO     | [lf.day.flights_found] Found 1 flights on 04FEB
2025-12-30 17:21:37 | INFO     | [lf.flight.extracted] SM436 on 04FEB: BKG=1, LF=0.6%
2025-12-30 17:21:40 | INFO     | [SUCCESS] Day 04FEB
2025-12-30 17:21:40 | INFO     | [DAY_START] Processing 03FEB
2025-12-30 17:21:40 | INFO     | [lf.day.start] Processing ELQ-ATZ for 03FEB
2025-12-30 17:21:41 | WARNING  | [lf.day.no_flights] No direct flights on 03FEB
2025-12-30 17:21:42 | INFO     | [SUCCESS] Day 03FEB
2025-12-30 17:21:42 | INFO     | [DAY_START] Processing 02FEB
2025-12-30 17:21:42 | INFO     | [lf.day.start] Processing ELQ-ATZ for 02FEB
2025-12-30 17:21:43 | WARNING  | [lf.day.no_flights] No direct flights on 02FEB
2025-12-30 17:21:43 | INFO     | [SUCCESS] Day 02FEB
2025-12-30 17:21:43 | INFO     | [DAY_START] Processing 01FEB
2025-12-30 17:21:43 | INFO     | [lf.day.start] Processing ELQ-ATZ for 01FEB
2025-12-30 17:21:44 | WARNING  | [lf.day.no_flights] No direct flights on 01FEB
2025-12-30 17:21:45 | INFO     | [SUCCESS] Day 01FEB
2025-12-30 17:21:45 | INFO     | [SUCCESS] LF Search Complete
2025-12-30 17:21:47 | INFO     | [Worker_9224] Completed: ELQ-ATZ - 9 results, 0 errors
2025-12-30 17:21:47 | INFO     | [Worker_9224] Processing: CAI-JED
2025-12-30 17:21:47 | INFO     |   Tier 0: Range 2, Chunk 3/3 (9 days)
