2025-12-30 17:11:27 | INFO     | ======================================================================
2025-12-30 17:11:27 | INFO     | Load Factor Scraper Started - Route: ELQ-CAI
2025-12-30 17:11:27 | INFO     | Log file: D:\CODERED\LAB\market_insights\outputs\run_generated_301225_at_17.09\logs\LF_ELQ-CAI_20251230_171127.log
2025-12-30 17:11:27 | INFO     | Enhanced logging: Capturing both logging.info() and print()
2025-12-30 17:11:27 | INFO     | ======================================================================
2025-12-30 17:11:27 | INFO     | Starting LF search for route: ELQ-CAI
2025-12-30 17:11:27 | INFO     | [START] LF Search
2025-12-30 17:11:28 | INFO     | [HEALTH CHECK] [OK] Chrome connection is healthy
2025-12-30 17:11:28 | INFO     | [DAY_START] Processing 28FEB
2025-12-30 17:11:28 | INFO     | [lf.day.start] Processing ELQ-CAI for 28FEB
2025-12-30 17:11:29 | INFO     | [lf.day.flights_found] Found 1 flights on 28FEB
2025-12-30 17:11:31 | INFO     | [lf.flight.extracted] SM428 on 28FEB: BKG=11, LF=6.6%
2025-12-30 17:11:34 | INFO     | [SUCCESS] Day 28FEB
2025-12-30 17:11:34 | INFO     | [DAY_START] Processing 27FEB
2025-12-30 17:11:34 | INFO     | [lf.day.start] Processing ELQ-CAI for 27FEB
2025-12-30 17:11:35 | WARNING  | [lf.day.no_flights] No direct flights on 27FEB
2025-12-30 17:11:35 | INFO     | [SUCCESS] Day 27FEB
2025-12-30 17:11:35 | INFO     | [DAY_START] Processing 26FEB
2025-12-30 17:11:35 | INFO     | [lf.day.start] Processing ELQ-CAI for 26FEB
2025-12-30 17:11:37 | INFO     | [lf.day.flights_found] Found 1 flights on 26FEB
2025-12-30 17:11:39 | INFO     | [lf.flight.extracted] SM428 on 26FEB: BKG=1, LF=0.6%
2025-12-30 17:11:42 | INFO     | [SUCCESS] Day 26FEB
2025-12-30 17:11:42 | INFO     | [DAY_START] Processing 25FEB
2025-12-30 17:11:42 | INFO     | [lf.day.start] Processing ELQ-CAI for 25FEB
2025-12-30 17:11:43 | WARNING  | [lf.day.no_flights] No direct flights on 25FEB
2025-12-30 17:11:43 | INFO     | [SUCCESS] Day 25FEB
2025-12-30 17:11:43 | INFO     | [DAY_START] Processing 24FEB
2025-12-30 17:11:43 | INFO     | [lf.day.start] Processing ELQ-CAI for 24FEB
2025-12-30 17:11:44 | WARNING  | [lf.day.no_flights] No direct flights on 24FEB
2025-12-30 17:11:44 | INFO     | [SUCCESS] Day 24FEB
2025-12-30 17:11:44 | INFO     | [DAY_START] Processing 23FEB
2025-12-30 17:11:44 | INFO     | [lf.day.start] Processing ELQ-CAI for 23FEB
2025-12-30 17:11:45 | WARNING  | [lf.day.no_flights] No direct flights on 23FEB
2025-12-30 17:11:45 | INFO     | [SUCCESS] Day 23FEB
2025-12-30 17:11:45 | INFO     | [DAY_START] Processing 22FEB
2025-12-30 17:11:45 | INFO     | [lf.day.start] Processing ELQ-CAI for 22FEB
2025-12-30 17:11:46 | INFO     | [lf.day.flights_found] Found 1 flights on 22FEB
2025-12-30 17:11:48 | INFO     | [lf.flight.extracted] SM428 on 22FEB: BKG=20, LF=12.0%
2025-12-30 17:11:51 | INFO     | [SUCCESS] Day 22FEB
2025-12-30 17:11:51 | INFO     | [DAY_START] Processing 21FEB
2025-12-30 17:11:51 | INFO     | [lf.day.start] Processing ELQ-CAI for 21FEB
2025-12-30 17:11:52 | INFO     | [lf.day.flights_found] Found 1 flights on 21FEB
2025-12-30 17:11:55 | INFO     | [lf.flight.extracted] SM428 on 21FEB: BKG=31, LF=18.6%
2025-12-30 17:11:59 | INFO     | [SUCCESS] Day 21FEB
2025-12-30 17:11:59 | INFO     | [DAY_START] Processing 20FEB
2025-12-30 17:11:59 | INFO     | [lf.day.start] Processing ELQ-CAI for 20FEB
2025-12-30 17:12:00 | WARNING  | [lf.day.no_flights] No direct flights on 20FEB
2025-12-30 17:12:00 | INFO     | [SUCCESS] Day 20FEB
2025-12-30 17:12:00 | INFO     | [DAY_START] Processing 19FEB
2025-12-30 17:12:00 | INFO     | [lf.day.start] Processing ELQ-CAI for 19FEB
2025-12-30 17:12:01 | INFO     | [lf.day.flights_found] Found 1 flights on 19FEB
2025-12-30 17:12:03 | INFO     | [lf.flight.extracted] SM428 on 19FEB: BKG=0, LF=0.0%
2025-12-30 17:12:04 | INFO     | [SUCCESS] Day 19FEB
2025-12-30 17:12:04 | INFO     | [SUCCESS] LF Search Complete
2025-12-30 17:12:07 | INFO     | [Worker_9227] Completed: ELQ-CAI - 10 results, 0 errors
2025-12-30 17:12:07 | INFO     | [Worker_9227] Processing: ATZ-JED
2025-12-30 17:12:07 | INFO     |   Tier 0: Range 2, Chunk 1/3 (10 days)
