2025-12-30 17:21:14 | INFO     | ======================================================================
2025-12-30 17:21:14 | INFO     | Load Factor Scraper Started - Route: ELQ-CAI
2025-12-30 17:21:14 | INFO     | Log file: D:\CODERED\LAB\market_insights\outputs\run_generated_301225_at_17.09\logs\LF_ELQ-CAI_20251230_172114.log
2025-12-30 17:21:14 | INFO     | Enhanced logging: Capturing both logging.info() and print()
2025-12-30 17:21:14 | INFO     | ======================================================================
2025-12-30 17:21:14 | INFO     | Starting LF search for route: ELQ-CAI
2025-12-30 17:21:14 | INFO     | [START] LF Search
2025-12-30 17:21:15 | INFO     | [HEALTH CHECK] [OK] Chrome connection is healthy
2025-12-30 17:21:15 | INFO     | [DAY_START] Processing 09FEB
2025-12-30 17:21:15 | INFO     | [lf.day.start] Processing ELQ-CAI for 09FEB
2025-12-30 17:21:16 | WARNING  | [lf.day.no_flights] No direct flights on 09FEB
2025-12-30 17:21:16 | INFO     | [SUCCESS] Day 09FEB
2025-12-30 17:21:16 | INFO     | [DAY_START] Processing 08FEB
2025-12-30 17:21:16 | INFO     | [lf.day.start] Processing ELQ-CAI for 08FEB
2025-12-30 17:21:17 | INFO     | [lf.day.flights_found] Found 1 flights on 08FEB
2025-12-30 17:21:19 | INFO     | [lf.flight.extracted] SM428 on 08FEB: BKG=9, LF=5.4%
2025-12-30 17:21:22 | INFO     | [SUCCESS] Day 08FEB
2025-12-30 17:21:22 | INFO     | [DAY_START] Processing 07FEB
2025-12-30 17:21:22 | INFO     | [lf.day.start] Processing ELQ-CAI for 07FEB
2025-12-30 17:21:23 | INFO     | [lf.day.flights_found] Found 1 flights on 07FEB
2025-12-30 17:21:25 | INFO     | [lf.flight.extracted] SM428 on 07FEB: BKG=10, LF=6.0%
2025-12-30 17:21:28 | INFO     | [SUCCESS] Day 07FEB
2025-12-30 17:21:28 | INFO     | [DAY_START] Processing 06FEB
2025-12-30 17:21:28 | INFO     | [lf.day.start] Processing ELQ-CAI for 06FEB
2025-12-30 17:21:29 | WARNING  | [lf.day.no_flights] No direct flights on 06FEB
2025-12-30 17:21:29 | INFO     | [SUCCESS] Day 06FEB
2025-12-30 17:21:29 | INFO     | [DAY_START] Processing 05FEB
2025-12-30 17:21:29 | INFO     | [lf.day.start] Processing ELQ-CAI for 05FEB
2025-12-30 17:21:31 | INFO     | [lf.day.flights_found] Found 1 flights on 05FEB
2025-12-30 17:21:33 | INFO     | [lf.flight.extracted] SM428 on 05FEB: BKG=20, LF=12.2%
2025-12-30 17:21:36 | ERROR    | Atomic write failed for D:\CODERED\LAB\market_insights\outputs\run_generated_301225_at_17.09\checkpoints\flight_booking_data.json: [WinError 5] Access is denied: 'D:\\CODERED\\LAB\\market_insights\\outputs\\run_generated_301225_at_17.09\\checkpoints\\flight_booking_data.json'
2025-12-30 17:21:36 | INFO     | [SUCCESS] Day 05FEB
2025-12-30 17:21:36 | INFO     | [DAY_START] Processing 04FEB
2025-12-30 17:21:36 | INFO     | [lf.day.start] Processing ELQ-CAI for 04FEB
2025-12-30 17:21:37 | WARNING  | [lf.day.no_flights] No direct flights on 04FEB
2025-12-30 17:21:37 | INFO     | [SUCCESS] Day 04FEB
2025-12-30 17:21:37 | INFO     | [DAY_START] Processing 03FEB
2025-12-30 17:21:37 | INFO     | [lf.day.start] Processing ELQ-CAI for 03FEB
2025-12-30 17:21:38 | WARNING  | [lf.day.no_flights] No direct flights on 03FEB
2025-12-30 17:21:39 | INFO     | [SUCCESS] Day 03FEB
2025-12-30 17:21:39 | INFO     | [DAY_START] Processing 02FEB
2025-12-30 17:21:39 | INFO     | [lf.day.start] Processing ELQ-CAI for 02FEB
2025-12-30 17:21:40 | WARNING  | [lf.day.no_flights] No direct flights on 02FEB
2025-12-30 17:21:40 | INFO     | [SUCCESS] Day 02FEB
2025-12-30 17:21:40 | INFO     | [DAY_START] Processing 01FEB
2025-12-30 17:21:40 | INFO     | [lf.day.start] Processing ELQ-CAI for 01FEB
2025-12-30 17:21:41 | INFO     | [lf.day.flights_found] Found 1 flights on 01FEB
2025-12-30 17:21:43 | INFO     | [lf.flight.extracted] SM428 on 01FEB: BKG=5, LF=3.0%
2025-12-30 17:21:47 | INFO     | [SUCCESS] Day 01FEB
2025-12-30 17:21:47 | INFO     | [SUCCESS] LF Search Complete
2025-12-30 17:21:49 | INFO     | [Worker_9223] Completed: ELQ-CAI - 9 results, 0 errors
2025-12-30 17:21:49 | INFO     | [Worker_9223] Processing: HBE-JED
2025-12-30 17:21:49 | INFO     |   Tier 0: Range 2, Chunk 3/3 (9 days)
