2025-12-30 17:33:02 | INFO     | ======================================================================
2025-12-30 17:33:02 | INFO     | Load Factor Scraper Started - Route: HBE-JED
2025-12-30 17:33:02 | INFO     | Log file: D:\CODERED\LAB\market_insights\outputs\run_generated_301225_at_17.09\logs\LF_HBE-JED_20251230_173302.log
2025-12-30 17:33:02 | INFO     | Enhanced logging: Capturing both logging.info() and print()
2025-12-30 17:33:02 | INFO     | ======================================================================
2025-12-30 17:33:02 | INFO     | Starting LF search for route: HBE-JED
2025-12-30 17:33:02 | INFO     | [START] LF Search
2025-12-30 17:33:03 | INFO     | [HEALTH CHECK] [OK] Chrome connection is healthy
2025-12-30 17:33:04 | INFO     | [DAY_START] Processing 31JAN
2025-12-30 17:33:04 | INFO     | [lf.day.start] Processing HBE-JED for 31JAN
2025-12-30 17:33:05 | INFO     | [lf.day.flights_found] Found 2 flights on 31JAN
2025-12-30 17:33:08 | INFO     | [lf.flight.extracted] SM457 on 31JAN: BKG=104, LF=58.1%
2025-12-30 17:33:12 | INFO     | [lf.flight.extracted] SM451 on 31JAN: BKG=67, LF=37.4%
2025-12-30 17:33:18 | INFO     | [SUCCESS] Day 31JAN
2025-12-30 17:33:18 | INFO     | [DAY_START] Processing 30JAN
2025-12-30 17:33:18 | INFO     | [lf.day.start] Processing HBE-JED for 30JAN
2025-12-30 17:33:19 | INFO     | [lf.day.flights_found] Found 1 flights on 30JAN
2025-12-30 17:33:21 | INFO     | [lf.flight.extracted] SM451 on 30JAN: BKG=98, LF=54.8%
2025-12-30 17:33:24 | INFO     | [SUCCESS] Day 30JAN
2025-12-30 17:33:24 | INFO     | [DAY_START] Processing 29JAN
2025-12-30 17:33:24 | INFO     | [lf.day.start] Processing HBE-JED for 29JAN
2025-12-30 17:33:25 | INFO     | [lf.day.flights_found] Found 1 flights on 29JAN
2025-12-30 17:33:27 | INFO     | [lf.flight.extracted] SM451 on 29JAN: BKG=150, LF=83.8%
2025-12-30 17:33:30 | INFO     | [SUCCESS] Day 29JAN
2025-12-30 17:33:30 | INFO     | [DAY_START] Processing 28JAN
2025-12-30 17:33:30 | INFO     | [lf.day.start] Processing HBE-JED for 28JAN
2025-12-30 17:33:31 | INFO     | [lf.day.flights_found] Found 3 flights on 28JAN
2025-12-30 17:33:33 | INFO     | [lf.flight.extracted] SM451 on 28JAN: BKG=147, LF=82.1%
2025-12-30 17:33:37 | INFO     | [lf.flight.extracted] SM457 on 28JAN: BKG=99, LF=55.3%
2025-12-30 17:33:42 | INFO     | [lf.flight.extracted] SM473 on 28JAN: BKG=180, LF=100.6%
2025-12-30 17:33:49 | INFO     | [SUCCESS] Day 28JAN
2025-12-30 17:33:49 | INFO     | [DAY_START] Processing 27JAN
2025-12-30 17:33:49 | INFO     | [lf.day.start] Processing HBE-JED for 27JAN
2025-12-30 17:33:51 | INFO     | [lf.day.flights_found] Found 2 flights on 27JAN
2025-12-30 17:33:54 | INFO     | [lf.flight.extracted] SM479 on 27JAN: BKG=175, LF=99.4%
2025-12-30 17:33:59 | INFO     | [lf.flight.extracted] SM451 on 27JAN: BKG=175, LF=97.8%
2025-12-30 17:34:06 | INFO     | [SUCCESS] Day 27JAN
2025-12-30 17:34:06 | INFO     | [DAY_START] Processing 26JAN
2025-12-30 17:34:06 | INFO     | [lf.day.start] Processing HBE-JED for 26JAN
2025-12-30 17:34:08 | INFO     | [lf.day.flights_found] Found 5 flights on 26JAN
2025-12-30 17:34:11 | INFO     | [lf.flight.extracted] SM953 on 26JAN: BKG=175, LF=99.4%
2025-12-30 17:34:15 | INFO     | [lf.flight.extracted] SM457 on 26JAN: BKG=160, LF=89.4%
2025-12-30 17:34:19 | INFO     | [lf.flight.extracted] SM451 on 26JAN: BKG=143, LF=81.2%
2025-12-30 17:34:23 | INFO     | [lf.flight.extracted] SM955 on 26JAN: BKG=175, LF=97.8%
2025-12-30 17:34:26 | INFO     | [lf.flight.extracted] SM957 on 26JAN: BKG=175, LF=97.8%
2025-12-30 17:34:29 | ERROR    | Failed to load D:\CODERED\LAB\market_insights\outputs\run_generated_301225_at_17.09\checkpoints\flight_booking_data.json: Extra data: line 287 column 1 (char 7184)
2025-12-30 17:34:35 | INFO     | [SUCCESS] Day 26JAN
2025-12-30 17:34:35 | INFO     | [DAY_START] Processing 25JAN
2025-12-30 17:34:35 | INFO     | [lf.day.start] Processing HBE-JED for 25JAN
2025-12-30 17:34:36 | INFO     | [lf.day.flights_found] Found 2 flights on 25JAN
2025-12-30 17:34:38 | INFO     | [lf.flight.extracted] SM451 on 25JAN: BKG=174, LF=98.3%
2025-12-30 17:34:41 | INFO     | [lf.flight.extracted] SM457 on 25JAN: BKG=179, LF=100.0%
2025-12-30 17:34:49 | INFO     | [SUCCESS] Day 25JAN
2025-12-30 17:34:49 | INFO     | [DAY_START] Processing 24JAN
2025-12-30 17:34:49 | INFO     | [lf.day.start] Processing HBE-JED for 24JAN
2025-12-30 17:34:50 | INFO     | [lf.day.flights_found] Found 2 flights on 24JAN
2025-12-30 17:34:53 | INFO     | [lf.flight.extracted] SM457 on 24JAN: BKG=176, LF=100.0%
2025-12-30 17:34:56 | INFO     | [lf.flight.extracted] SM451 on 24JAN: BKG=170, LF=96.6%
2025-12-30 17:35:05 | INFO     | [SUCCESS] Day 24JAN
2025-12-30 17:35:05 | INFO     | [DAY_START] Processing 23JAN
2025-12-30 17:35:05 | INFO     | [lf.day.start] Processing HBE-JED for 23JAN
2025-12-30 17:35:06 | INFO     | [lf.day.flights_found] Found 1 flights on 23JAN
2025-12-30 17:35:09 | INFO     | [lf.flight.extracted] SM451 on 23JAN: BKG=167, LF=94.3%
2025-12-30 17:35:13 | INFO     | [SUCCESS] Day 23JAN
2025-12-30 17:35:13 | INFO     | [DAY_START] Processing 22JAN
2025-12-30 17:35:13 | INFO     | [lf.day.start] Processing HBE-JED for 22JAN
2025-12-30 17:35:14 | INFO     | [lf.day.flights_found] Found 1 flights on 22JAN
2025-12-30 17:35:16 | INFO     | [lf.flight.extracted] SM451 on 22JAN: BKG=176, LF=100.0%
2025-12-30 17:35:21 | INFO     | [SUCCESS] Day 22JAN
2025-12-30 17:35:21 | INFO     | [DAY_START] Processing 21JAN
2025-12-30 17:35:21 | INFO     | [lf.day.start] Processing HBE-JED for 21JAN
2025-12-30 17:35:22 | INFO     | [lf.day.flights_found] Found 3 flights on 21JAN
2025-12-30 17:35:25 | INFO     | [lf.flight.extracted] SM451 on 21JAN: BKG=150, LF=85.2%
2025-12-30 17:35:29 | INFO     | [lf.flight.extracted] SM457 on 21JAN: BKG=178, LF=99.4%
2025-12-30 17:35:33 | INFO     | [lf.flight.extracted] SM473 on 21JAN: BKG=180, LF=100.6%
2025-12-30 17:35:42 | INFO     | [SUCCESS] Day 21JAN
2025-12-30 17:35:42 | INFO     | [DAY_START] Processing 20JAN
2025-12-30 17:35:42 | INFO     | [lf.day.start] Processing HBE-JED for 20JAN
2025-12-30 17:35:43 | INFO     | [lf.day.flights_found] Found 1 flights on 20JAN
2025-12-30 17:35:45 | INFO     | [lf.flight.extracted] SM451 on 20JAN: BKG=175, LF=99.4%
2025-12-30 17:35:49 | INFO     | [SUCCESS] Day 20JAN
2025-12-30 17:35:49 | INFO     | [DAY_START] Processing 19JAN
2025-12-30 17:35:49 | INFO     | [lf.day.start] Processing HBE-JED for 19JAN
2025-12-30 17:35:50 | INFO     | [lf.day.flights_found] Found 2 flights on 19JAN
2025-12-30 17:35:53 | INFO     | [lf.flight.extracted] SM457 on 19JAN: BKG=161, LF=91.5%
2025-12-30 17:35:56 | INFO     | [lf.flight.extracted] SM451 on 19JAN: BKG=176, LF=100.0%
2025-12-30 17:36:04 | INFO     | [SUCCESS] Day 19JAN
2025-12-30 17:36:04 | INFO     | [DAY_START] Processing 18JAN
2025-12-30 17:36:04 | INFO     | [lf.day.start] Processing HBE-JED for 18JAN
2025-12-30 17:36:05 | INFO     | [lf.day.flights_found] Found 2 flights on 18JAN
2025-12-30 17:36:07 | INFO     | [lf.flight.extracted] SM451 on 18JAN: BKG=174, LF=98.9%
2025-12-30 17:36:11 | INFO     | [lf.flight.extracted] SM457 on 18JAN: BKG=179, LF=100.0%
2025-12-30 17:36:18 | INFO     | [SUCCESS] Day 18JAN
2025-12-30 17:36:18 | INFO     | [DAY_START] Processing 17JAN
2025-12-30 17:36:18 | INFO     | [lf.day.start] Processing HBE-JED for 17JAN
2025-12-30 17:36:19 | INFO     | [lf.day.flights_found] Found 2 flights on 17JAN
2025-12-30 17:36:21 | INFO     | [lf.flight.extracted] SM457 on 17JAN: BKG=173, LF=98.3%
2025-12-30 17:36:25 | INFO     | [lf.flight.extracted] SM451 on 17JAN: BKG=178, LF=101.1%
2025-12-30 17:36:33 | INFO     | [SUCCESS] Day 17JAN
2025-12-30 17:36:33 | INFO     | [DAY_START] Processing 16JAN
2025-12-30 17:36:33 | INFO     | [lf.day.start] Processing HBE-JED for 16JAN
2025-12-30 17:36:34 | INFO     | [lf.day.flights_found] Found 1 flights on 16JAN
2025-12-30 17:36:36 | INFO     | [lf.flight.extracted] SM451 on 16JAN: BKG=55, LF=31.2%
2025-12-30 17:36:41 | INFO     | [SUCCESS] Day 16JAN
2025-12-30 17:36:41 | INFO     | [DAY_START] Processing 15JAN
2025-12-30 17:36:41 | INFO     | [lf.day.start] Processing HBE-JED for 15JAN
2025-12-30 17:36:42 | INFO     | [lf.day.flights_found] Found 1 flights on 15JAN
2025-12-30 17:36:45 | INFO     | [lf.flight.extracted] SM451 on 15JAN: BKG=165, LF=93.8%
2025-12-30 17:36:49 | INFO     | [SUCCESS] Day 15JAN
2025-12-30 17:36:49 | INFO     | [DAY_START] Processing 14JAN
2025-12-30 17:36:49 | INFO     | [lf.day.start] Processing HBE-JED for 14JAN
2025-12-30 17:36:50 | INFO     | [lf.day.flights_found] Found 3 flights on 14JAN
2025-12-30 17:36:52 | INFO     | [lf.flight.extracted] SM451 on 14JAN: BKG=158, LF=89.8%
2025-12-30 17:36:56 | INFO     | [lf.flight.extracted] SM457 on 14JAN: BKG=158, LF=88.3%
2025-12-30 17:36:59 | INFO     | [lf.flight.extracted] SM473 on 14JAN: BKG=180, LF=100.6%
2025-12-30 17:37:07 | INFO     | [SUCCESS] Day 14JAN
2025-12-30 17:37:07 | INFO     | [DAY_START] Processing 13JAN
2025-12-30 17:37:07 | INFO     | [lf.day.start] Processing HBE-JED for 13JAN
2025-12-30 17:37:09 | INFO     | [lf.day.flights_found] Found 1 flights on 13JAN
2025-12-30 17:37:11 | INFO     | [lf.flight.extracted] SM451 on 13JAN: BKG=163, LF=92.6%
2025-12-30 17:37:16 | INFO     | [SUCCESS] Day 13JAN
2025-12-30 17:37:16 | INFO     | [DAY_START] Processing 12JAN
2025-12-30 17:37:16 | INFO     | [lf.day.start] Processing HBE-JED for 12JAN
2025-12-30 17:37:17 | INFO     | [lf.day.flights_found] Found 2 flights on 12JAN
2025-12-30 17:37:19 | INFO     | [lf.flight.extracted] SM457 on 12JAN: BKG=177, LF=100.6%
2025-12-30 17:37:22 | INFO     | [lf.flight.extracted] SM451 on 12JAN: BKG=154, LF=87.5%
2025-12-30 17:37:27 | INFO     | [SUCCESS] Day 12JAN
2025-12-30 17:37:27 | INFO     | [DAY_START] Processing 11JAN
2025-12-30 17:37:27 | INFO     | [lf.day.start] Processing HBE-JED for 11JAN
2025-12-30 17:37:28 | INFO     | [lf.day.flights_found] Found 2 flights on 11JAN
2025-12-30 17:37:31 | INFO     | [lf.flight.extracted] SM451 on 11JAN: BKG=149, LF=84.2%
2025-12-30 17:37:36 | INFO     | [lf.flight.extracted] SM457 on 11JAN: BKG=149, LF=83.2%
2025-12-30 17:37:40 | INFO     | [SUCCESS] Day 11JAN
2025-12-30 17:37:40 | INFO     | [DAY_START] Processing 10JAN
2025-12-30 17:37:40 | INFO     | [lf.day.start] Processing HBE-JED for 10JAN
2025-12-30 17:37:41 | INFO     | [lf.day.flights_found] Found 2 flights on 10JAN
2025-12-30 17:37:43 | INFO     | [lf.flight.extracted] SM457 on 10JAN: BKG=135, LF=76.7%
2025-12-30 17:37:48 | INFO     | [lf.flight.extracted] SM451 on 10JAN: BKG=154, LF=87.5%
2025-12-30 17:37:57 | INFO     | [SUCCESS] Day 10JAN
2025-12-30 17:37:57 | INFO     | [DAY_START] Processing 09JAN
2025-12-30 17:37:57 | INFO     | [lf.day.start] Processing HBE-JED for 09JAN
2025-12-30 17:37:59 | INFO     | [lf.day.flights_found] Found 1 flights on 09JAN
2025-12-30 17:38:01 | INFO     | [lf.flight.extracted] SM451 on 09JAN: BKG=68, LF=38.6%
2025-12-30 17:38:08 | ERROR    | Failed to load D:\CODERED\LAB\market_insights\outputs\run_generated_301225_at_17.09\checkpoints\flight_booking_data.json: Extra data: line 287 column 1 (char 7195)
2025-12-30 17:38:08 | INFO     | [SUCCESS] Day 09JAN
2025-12-30 17:38:08 | INFO     | [DAY_START] Processing 08JAN
2025-12-30 17:38:08 | INFO     | [lf.day.start] Processing HBE-JED for 08JAN
2025-12-30 17:38:09 | INFO     | [lf.day.flights_found] Found 1 flights on 08JAN
2025-12-30 17:38:11 | INFO     | [lf.flight.extracted] SM451 on 08JAN: BKG=161, LF=91.5%
2025-12-30 17:38:15 | INFO     | [SUCCESS] Day 08JAN
2025-12-30 17:38:15 | INFO     | [DAY_START] Processing 07JAN
2025-12-30 17:38:15 | INFO     | [lf.day.start] Processing HBE-JED for 07JAN
2025-12-30 17:38:16 | INFO     | [lf.day.flights_found] Found 3 flights on 07JAN
2025-12-30 17:38:18 | INFO     | [lf.flight.extracted] SM451 on 07JAN: BKG=165, LF=93.8%
2025-12-30 17:38:21 | INFO     | [lf.flight.extracted] SM457 on 07JAN: BKG=178, LF=99.4%
2025-12-30 17:38:25 | INFO     | [lf.flight.extracted] SM473 on 07JAN: BKG=176, LF=98.3%
2025-12-30 17:38:37 | INFO     | [SUCCESS] Day 07JAN
2025-12-30 17:38:37 | INFO     | [DAY_START] Processing 06JAN
2025-12-30 17:38:37 | INFO     | [lf.day.start] Processing HBE-JED for 06JAN
2025-12-30 17:38:38 | INFO     | [lf.day.flights_found] Found 1 flights on 06JAN
2025-12-30 17:38:40 | INFO     | [lf.flight.extracted] SM451 on 06JAN: BKG=165, LF=93.2%
2025-12-30 17:38:45 | INFO     | [SUCCESS] Day 06JAN
2025-12-30 17:38:45 | INFO     | [DAY_START] Processing 05JAN
2025-12-30 17:38:45 | INFO     | [lf.day.start] Processing HBE-JED for 05JAN
2025-12-30 17:38:46 | INFO     | [lf.day.flights_found] Found 2 flights on 05JAN
2025-12-30 17:38:48 | INFO     | [lf.flight.extracted] SM457 on 05JAN: BKG=175, LF=99.4%
2025-12-30 17:38:52 | INFO     | [lf.flight.extracted] SM451 on 05JAN: BKG=161, LF=91.0%
2025-12-30 17:39:00 | INFO     | [SUCCESS] Day 05JAN
2025-12-30 17:39:00 | INFO     | [DAY_START] Processing 04JAN
2025-12-30 17:39:00 | INFO     | [lf.day.start] Processing HBE-JED for 04JAN
2025-12-30 17:39:02 | INFO     | [lf.day.flights_found] Found 2 flights on 04JAN
2025-12-30 17:39:04 | INFO     | [lf.flight.extracted] SM451 on 04JAN: BKG=147, LF=83.0%
2025-12-30 17:39:08 | INFO     | [lf.flight.extracted] SM457 on 04JAN: BKG=169, LF=94.4%
2025-12-30 17:39:19 | INFO     | [SUCCESS] Day 04JAN
2025-12-30 17:39:19 | INFO     | [DAY_START] Processing 03JAN
2025-12-30 17:39:19 | INFO     | [lf.day.start] Processing HBE-JED for 03JAN
2025-12-30 17:39:20 | INFO     | [lf.day.flights_found] Found 2 flights on 03JAN
2025-12-30 17:39:22 | INFO     | [lf.flight.extracted] SM457 on 03JAN: BKG=140, LF=79.1%
2025-12-30 17:39:27 | INFO     | [lf.flight.extracted] SM451 on 03JAN: BKG=104, LF=59.1%
2025-12-30 17:39:40 | INFO     | [SUCCESS] Day 03JAN
2025-12-30 17:39:40 | INFO     | [DAY_START] Processing 02JAN
2025-12-30 17:39:40 | INFO     | [lf.day.start] Processing HBE-JED for 02JAN
2025-12-30 17:39:41 | INFO     | [lf.day.flights_found] Found 1 flights on 02JAN
2025-12-30 17:39:43 | INFO     | [lf.flight.extracted] SM451 on 02JAN: BKG=98, LF=54.8%
2025-12-30 17:39:49 | INFO     | [SUCCESS] Day 02JAN
2025-12-30 17:39:49 | INFO     | [DAY_START] Processing 01JAN
2025-12-30 17:39:49 | INFO     | [lf.day.start] Processing HBE-JED for 01JAN
2025-12-30 17:39:50 | INFO     | [lf.day.flights_found] Found 1 flights on 01JAN
2025-12-30 17:39:53 | INFO     | [lf.flight.extracted] SM451 on 01JAN: BKG=170, LF=95.0%
2025-12-30 17:39:57 | INFO     | [SUCCESS] Day 01JAN
2025-12-30 17:39:57 | INFO     | [DAY_START] Processing 31DEC
2025-12-30 17:39:57 | INFO     | [lf.day.start] Processing HBE-JED for 31DEC
2025-12-30 17:39:58 | INFO     | [lf.day.flights_found] Found 3 flights on 31DEC
2025-12-30 17:40:00 | INFO     | [lf.flight.extracted] SM451 on 31DEC: BKG=169, LF=94.4%
2025-12-30 17:40:04 | INFO     | [lf.flight.extracted] SM457 on 31DEC: BKG=177, LF=98.9%
2025-12-30 17:40:08 | INFO     | [lf.flight.extracted] SM473 on 31DEC: BKG=166, LF=92.7%
2025-12-30 17:40:29 | INFO     | [SUCCESS] Day 31DEC
2025-12-30 17:40:29 | INFO     | [SUCCESS] LF Search Complete
2025-12-30 17:40:31 | INFO     | [Worker_9232] Completed: HBE-JED - 32 results, 0 errors
2025-12-30 17:40:31 | INFO     | [Worker_9232] Processing: ATZ-ELQ
2025-12-30 17:40:31 | INFO     |   Tier 0: Range 1 (33 days)
