2025-12-30 17:12:38 | INFO     | ======================================================================
2025-12-30 17:12:38 | INFO     | Load Factor Scraper Started - Route: HRG-JED
2025-12-30 17:12:38 | INFO     | Log file: D:\CODERED\LAB\market_insights\outputs\run_generated_301225_at_17.09\logs\LF_HRG-JED_20251230_171238.log
2025-12-30 17:12:38 | INFO     | Enhanced logging: Capturing both logging.info() and print()
2025-12-30 17:12:38 | INFO     | ======================================================================
2025-12-30 17:12:38 | INFO     | Starting LF search for route: HRG-JED
2025-12-30 17:12:38 | INFO     | [START] LF Search
2025-12-30 17:12:38 | INFO     | [HEALTH CHECK] [OK] Chrome connection is healthy
2025-12-30 17:12:39 | INFO     | [DAY_START] Processing 28FEB
2025-12-30 17:12:39 | INFO     | [lf.day.start] Processing HRG-JED for 28FEB
2025-12-30 17:12:40 | WARNING  | [lf.day.no_flights] No direct flights on 28FEB
2025-12-30 17:12:40 | INFO     | [SUCCESS] Day 28FEB
2025-12-30 17:12:40 | INFO     | [DAY_START] Processing 27FEB
2025-12-30 17:12:40 | INFO     | [lf.day.start] Processing HRG-JED for 27FEB
2025-12-30 17:12:41 | WARNING  | [lf.day.no_flights] No direct flights on 27FEB
2025-12-30 17:12:41 | INFO     | [SUCCESS] Day 27FEB
2025-12-30 17:12:41 | INFO     | [DAY_START] Processing 26FEB
2025-12-30 17:12:41 | INFO     | [lf.day.start] Processing HRG-JED for 26FEB
2025-12-30 17:12:42 | WARNING  | [lf.day.no_flights] No direct flights on 26FEB
2025-12-30 17:12:42 | INFO     | [SUCCESS] Day 26FEB
2025-12-30 17:12:42 | INFO     | [DAY_START] Processing 25FEB
2025-12-30 17:12:42 | INFO     | [lf.day.start] Processing HRG-JED for 25FEB
2025-12-30 17:12:43 | WARNING  | [lf.day.no_flights] No direct flights on 25FEB
2025-12-30 17:12:43 | INFO     | [SUCCESS] Day 25FEB
2025-12-30 17:12:43 | INFO     | [DAY_START] Processing 24FEB
2025-12-30 17:12:43 | INFO     | [lf.day.start] Processing HRG-JED for 24FEB
2025-12-30 17:12:44 | WARNING  | [lf.day.no_flights] No direct flights on 24FEB
2025-12-30 17:12:44 | INFO     | [SUCCESS] Day 24FEB
2025-12-30 17:12:44 | INFO     | [DAY_START] Processing 23FEB
2025-12-30 17:12:44 | INFO     | [lf.day.start] Processing HRG-JED for 23FEB
2025-12-30 17:12:45 | WARNING  | [lf.day.no_flights] No direct flights on 23FEB
2025-12-30 17:12:46 | INFO     | [SUCCESS] Day 23FEB
2025-12-30 17:12:46 | INFO     | [DAY_START] Processing 22FEB
2025-12-30 17:12:46 | INFO     | [lf.day.start] Processing HRG-JED for 22FEB
2025-12-30 17:12:46 | WARNING  | [lf.day.no_flights] No direct flights on 22FEB
2025-12-30 17:12:47 | INFO     | [SUCCESS] Day 22FEB
2025-12-30 17:12:47 | INFO     | [DAY_START] Processing 21FEB
2025-12-30 17:12:47 | INFO     | [lf.day.start] Processing HRG-JED for 21FEB
2025-12-30 17:12:48 | WARNING  | [lf.day.no_flights] No direct flights on 21FEB
2025-12-30 17:12:48 | INFO     | [SUCCESS] Day 21FEB
2025-12-30 17:12:48 | INFO     | [DAY_START] Processing 20FEB
2025-12-30 17:12:48 | INFO     | [lf.day.start] Processing HRG-JED for 20FEB
2025-12-30 17:12:49 | WARNING  | [lf.day.no_flights] No direct flights on 20FEB
2025-12-30 17:12:49 | INFO     | [SUCCESS] Day 20FEB
2025-12-30 17:12:49 | INFO     | [DAY_START] Processing 19FEB
2025-12-30 17:12:49 | INFO     | [lf.day.start] Processing HRG-JED for 19FEB
2025-12-30 17:12:50 | WARNING  | [lf.day.no_flights] No direct flights on 19FEB
2025-12-30 17:12:50 | INFO     | [SUCCESS] Day 19FEB
2025-12-30 17:12:50 | INFO     | [SUCCESS] LF Search Complete
2025-12-30 17:12:52 | INFO     | [Worker_9233] Completed: HRG-JED - 10 results, 0 errors
2025-12-30 17:12:52 | INFO     | [Worker_9233] Processing: CAI-DMM
2025-12-30 17:12:52 | INFO     |   Tier 0: Range 2, Chunk 1/3 (10 days)
