2025-12-30 17:17:08 | INFO     | ======================================================================
2025-12-30 17:17:08 | INFO     | Load Factor Scraper Started - Route: HBE-JED
2025-12-30 17:17:08 | INFO     | Log file: D:\CODERED\LAB\market_insights\outputs\run_generated_301225_at_17.09\logs\LF_HBE-JED_20251230_171708.log
2025-12-30 17:17:08 | INFO     | Enhanced logging: Capturing both logging.info() and print()
2025-12-30 17:17:08 | INFO     | ======================================================================
2025-12-30 17:17:08 | INFO     | Starting LF search for route: HBE-JED
2025-12-30 17:17:08 | INFO     | [START] LF Search
2025-12-30 17:17:09 | INFO     | [HEALTH CHECK] [OK] Chrome connection is healthy
2025-12-30 17:17:09 | INFO     | [DAY_START] Processing 18FEB
2025-12-30 17:17:09 | INFO     | [lf.day.start] Processing HBE-JED for 18FEB
2025-12-30 17:17:10 | INFO     | [lf.day.flights_found] Found 3 flights on 18FEB
2025-12-30 17:17:13 | INFO     | [lf.flight.extracted] SM451 on 18FEB: BKG=177, LF=98.9%
2025-12-30 17:17:17 | INFO     | [lf.flight.extracted] SM457 on 18FEB: BKG=174, LF=98.9%
2025-12-30 17:17:20 | INFO     | [lf.flight.extracted] SM473 on 18FEB: BKG=176, LF=100.0%
2025-12-30 17:17:26 | INFO     | [SUCCESS] Day 18FEB
2025-12-30 17:17:26 | INFO     | [DAY_START] Processing 17FEB
2025-12-30 17:17:26 | INFO     | [lf.day.start] Processing HBE-JED for 17FEB
2025-12-30 17:17:28 | INFO     | [lf.day.flights_found] Found 3 flights on 17FEB
2025-12-30 17:17:31 | INFO     | [lf.flight.extracted] SM451 on 17FEB: BKG=175, LF=97.8%
2025-12-30 17:17:35 | INFO     | [lf.flight.extracted] SM973 on 17FEB: BKG=170, LF=95.0%
2025-12-30 17:17:39 | INFO     | [lf.flight.extracted] SM957 on 17FEB: BKG=170, LF=95.0%
2025-12-30 17:17:47 | INFO     | [SUCCESS] Day 17FEB
2025-12-30 17:17:47 | INFO     | [DAY_START] Processing 16FEB
2025-12-30 17:17:47 | INFO     | [lf.day.start] Processing HBE-JED for 16FEB
2025-12-30 17:17:48 | INFO     | [lf.day.flights_found] Found 3 flights on 16FEB
2025-12-30 17:17:51 | INFO     | [lf.flight.extracted] SM973 on 16FEB: BKG=170, LF=95.0%
2025-12-30 17:17:56 | INFO     | [lf.flight.extracted] SM457 on 16FEB: BKG=171, LF=95.5%
2025-12-30 17:18:00 | INFO     | [lf.flight.extracted] SM451 on 16FEB: BKG=180, LF=100.6%
2025-12-30 17:18:06 | INFO     | [SUCCESS] Day 16FEB
2025-12-30 17:18:06 | INFO     | [DAY_START] Processing 15FEB
2025-12-30 17:18:06 | INFO     | [lf.day.start] Processing HBE-JED for 15FEB
2025-12-30 17:18:07 | INFO     | [lf.day.flights_found] Found 3 flights on 15FEB
2025-12-30 17:18:09 | INFO     | [lf.flight.extracted] SM957 on 15FEB: BKG=170, LF=95.0%
2025-12-30 17:18:13 | INFO     | [lf.flight.extracted] SM451 on 15FEB: BKG=175, LF=97.8%
2025-12-30 17:18:16 | INFO     | [lf.flight.extracted] SM457 on 15FEB: BKG=175, LF=97.8%
2025-12-30 17:18:22 | INFO     | [SUCCESS] Day 15FEB
2025-12-30 17:18:22 | INFO     | [DAY_START] Processing 14FEB
2025-12-30 17:18:22 | INFO     | [lf.day.start] Processing HBE-JED for 14FEB
2025-12-30 17:18:24 | INFO     | [lf.day.flights_found] Found 3 flights on 14FEB
2025-12-30 17:18:38 | INFO     | [lf.flight.extracted] SM457 on 14FEB: BKG=164, LF=91.6%
2025-12-30 17:18:42 | INFO     | [lf.flight.extracted] SM451 on 14FEB: BKG=176, LF=98.3%
2025-12-30 17:18:45 | INFO     | [lf.flight.extracted] SM979 on 14FEB: BKG=170, LF=95.0%
2025-12-30 17:18:50 | INFO     | [SUCCESS] Day 14FEB
2025-12-30 17:18:50 | INFO     | [DAY_START] Processing 13FEB
2025-12-30 17:18:50 | INFO     | [lf.day.start] Processing HBE-JED for 13FEB
2025-12-30 17:18:51 | INFO     | [lf.day.flights_found] Found 2 flights on 13FEB
2025-12-30 17:18:53 | INFO     | [lf.flight.extracted] SM451 on 13FEB: BKG=181, LF=101.1%
2025-12-30 17:18:56 | INFO     | [lf.flight.extracted] SM951 on 13FEB: BKG=175, LF=97.8%
2025-12-30 17:19:00 | INFO     | [SUCCESS] Day 13FEB
2025-12-30 17:19:00 | INFO     | [DAY_START] Processing 12FEB
2025-12-30 17:19:00 | INFO     | [lf.day.start] Processing HBE-JED for 12FEB
2025-12-30 17:19:01 | INFO     | [lf.day.flights_found] Found 1 flights on 12FEB
2025-12-30 17:19:03 | INFO     | [lf.flight.extracted] SM451 on 12FEB: BKG=175, LF=97.8%
2025-12-30 17:19:05 | INFO     | [SUCCESS] Day 12FEB
2025-12-30 17:19:05 | INFO     | [DAY_START] Processing 11FEB
2025-12-30 17:19:05 | INFO     | [lf.day.start] Processing HBE-JED for 11FEB
2025-12-30 17:19:06 | INFO     | [lf.day.flights_found] Found 3 flights on 11FEB
2025-12-30 17:19:08 | INFO     | [lf.flight.extracted] SM451 on 11FEB: BKG=171, LF=95.5%
2025-12-30 17:19:12 | INFO     | [lf.flight.extracted] SM457 on 11FEB: BKG=177, LF=98.9%
2025-12-30 17:19:15 | INFO     | [lf.flight.extracted] SM473 on 11FEB: BKG=175, LF=97.8%
2025-12-30 17:19:20 | INFO     | [SUCCESS] Day 11FEB
2025-12-30 17:19:20 | INFO     | [DAY_START] Processing 10FEB
2025-12-30 17:19:20 | INFO     | [lf.day.start] Processing HBE-JED for 10FEB
2025-12-30 17:19:21 | INFO     | [lf.day.flights_found] Found 3 flights on 10FEB
2025-12-30 17:19:23 | INFO     | [lf.flight.extracted] SM471 on 10FEB: BKG=170, LF=95.0%
2025-12-30 17:19:27 | INFO     | [lf.flight.extracted] SM479 on 10FEB: BKG=170, LF=95.0%
2025-12-30 17:19:30 | INFO     | [lf.flight.extracted] SM451 on 10FEB: BKG=179, LF=100.0%
2025-12-30 17:19:35 | INFO     | [SUCCESS] Day 10FEB
2025-12-30 17:19:35 | INFO     | [SUCCESS] LF Search Complete
2025-12-30 17:19:37 | INFO     | [Worker_9234] Completed: HBE-JED - 9 results, 0 errors
2025-12-30 17:19:37 | INFO     | [Worker_9234] Processing: JED-CAI
2025-12-30 17:19:37 | INFO     |   Tier 0: Range 2, Chunk 3/3 (9 days)
