2025-12-30 17:14:29 | INFO     | ======================================================================
2025-12-30 17:14:29 | INFO     | Load Factor Scraper Started - Route: JED-CAI
2025-12-30 17:14:29 | INFO     | Log file: D:\CODERED\LAB\market_insights\outputs\run_generated_301225_at_17.09\logs\LF_JED-CAI_20251230_171429.log
2025-12-30 17:14:29 | INFO     | Enhanced logging: Capturing both logging.info() and print()
2025-12-30 17:14:29 | INFO     | ======================================================================
2025-12-30 17:14:29 | INFO     | Starting LF search for route: JED-CAI
2025-12-30 17:14:29 | INFO     | [START] LF Search
2025-12-30 17:14:30 | INFO     | [HEALTH CHECK] [OK] Chrome connection is healthy
2025-12-30 17:14:30 | INFO     | [DAY_START] Processing 18FEB
2025-12-30 17:14:30 | INFO     | [lf.day.start] Processing JED-CAI for 18FEB
2025-12-30 17:14:31 | INFO     | [lf.day.flights_found] Found 4 flights on 18FEB
2025-12-30 17:14:33 | INFO     | [lf.flight.extracted] SM476 on 18FEB: BKG=3, LF=1.8%
2025-12-30 17:14:36 | INFO     | [lf.flight.extracted] SM460 on 18FEB: BKG=148, LF=88.6%
2025-12-30 17:14:39 | INFO     | [lf.flight.extracted] SM478 on 18FEB: BKG=145, LF=86.8%
2025-12-30 17:14:43 | INFO     | [lf.flight.extracted] SM956 on 18FEB: BKG=135, LF=80.8%
2025-12-30 17:14:49 | INFO     | [SUCCESS] Day 18FEB
2025-12-30 17:14:49 | INFO     | [DAY_START] Processing 17FEB
2025-12-30 17:14:49 | INFO     | [lf.day.start] Processing JED-CAI for 17FEB
2025-12-30 17:14:50 | INFO     | [lf.day.flights_found] Found 7 flights on 17FEB
2025-12-30 17:14:52 | INFO     | [lf.flight.extracted] SM472 on 17FEB: BKG=0, LF=0.0%
2025-12-30 17:14:55 | INFO     | [lf.flight.extracted] SM480 on 17FEB: BKG=4, LF=2.3%
2025-12-30 17:14:59 | INFO     | [lf.flight.extracted] SM478 on 17FEB: BKG=8, LF=4.8%
2025-12-30 17:15:03 | INFO     | [lf.flight.extracted] SM460 on 17FEB: BKG=4, LF=2.4%
2025-12-30 17:15:06 | INFO     | [lf.flight.extracted] SM976 on 17FEB: BKG=0, LF=0.0%
2025-12-30 17:15:10 | INFO     | [lf.flight.extracted] SM424 on 17FEB: BKG=1, LF=0.6%
2025-12-30 17:15:13 | INFO     | [lf.flight.extracted] SM476 on 17FEB: BKG=1, LF=0.6%
2025-12-30 17:15:21 | INFO     | [SUCCESS] Day 17FEB
2025-12-30 17:15:21 | INFO     | [DAY_START] Processing 16FEB
2025-12-30 17:15:21 | INFO     | [lf.day.start] Processing JED-CAI for 16FEB
2025-12-30 17:15:22 | INFO     | [lf.day.flights_found] Found 6 flights on 16FEB
2025-12-30 17:15:24 | INFO     | [lf.flight.extracted] SM480 on 16FEB: BKG=0, LF=0.0%
2025-12-30 17:15:27 | INFO     | [lf.flight.extracted] SM976 on 16FEB: BKG=0, LF=0.0%
2025-12-30 17:15:31 | INFO     | [lf.flight.extracted] SM476 on 16FEB: BKG=6, LF=3.6%
2025-12-30 17:15:34 | INFO     | [lf.flight.extracted] SM478 on 16FEB: BKG=15, LF=9.0%
2025-12-30 17:15:38 | INFO     | [lf.flight.extracted] SM460 on 16FEB: BKG=3, LF=1.8%
2025-12-30 17:15:43 | INFO     | [lf.flight.extracted] SM978 on 16FEB: BKG=0, LF=0.0%
2025-12-30 17:15:49 | INFO     | [SUCCESS] Day 16FEB
2025-12-30 17:15:49 | INFO     | [DAY_START] Processing 15FEB
2025-12-30 17:15:49 | INFO     | [lf.day.start] Processing JED-CAI for 15FEB
2025-12-30 17:15:50 | INFO     | [lf.day.flights_found] Found 6 flights on 15FEB
2025-12-30 17:15:53 | INFO     | [lf.flight.extracted] SM424 on 15FEB: BKG=74, LF=44.3%
2025-12-30 17:15:58 | INFO     | [lf.flight.extracted] SM476 on 15FEB: BKG=18, LF=10.8%
2025-12-30 17:16:02 | INFO     | [lf.flight.extracted] SM432 on 15FEB: BKG=6, LF=3.4%
2025-12-30 17:16:05 | INFO     | [lf.flight.extracted] SM460 on 15FEB: BKG=13, LF=7.8%
2025-12-30 17:16:09 | INFO     | [lf.flight.extracted] SM478 on 15FEB: BKG=18, LF=11.0%
2025-12-30 17:16:12 | INFO     | [lf.flight.extracted] SM958 on 15FEB: BKG=4, LF=2.4%
2025-12-30 17:16:21 | INFO     | [SUCCESS] Day 15FEB
2025-12-30 17:16:21 | INFO     | [DAY_START] Processing 14FEB
2025-12-30 17:16:21 | INFO     | [lf.day.start] Processing JED-CAI for 14FEB
2025-12-30 17:16:22 | INFO     | [lf.day.flights_found] Found 4 flights on 14FEB
2025-12-30 17:16:24 | INFO     | [lf.flight.extracted] SM976 on 14FEB: BKG=10, LF=6.0%
2025-12-30 17:16:28 | INFO     | [lf.flight.extracted] SM450 on 14FEB: BKG=11, LF=6.6%
2025-12-30 17:16:31 | INFO     | [lf.flight.extracted] SM476 on 14FEB: BKG=63, LF=38.4%
2025-12-30 17:16:35 | INFO     | [lf.flight.extracted] SM478 on 14FEB: BKG=33, LF=19.8%
2025-12-30 17:16:45 | INFO     | [SUCCESS] Day 14FEB
2025-12-30 17:16:45 | INFO     | [DAY_START] Processing 13FEB
2025-12-30 17:16:45 | INFO     | [lf.day.start] Processing JED-CAI for 13FEB
2025-12-30 17:16:46 | INFO     | [lf.day.flights_found] Found 6 flights on 13FEB
2025-12-30 17:16:49 | INFO     | [lf.flight.extracted] SM424 on 13FEB: BKG=13, LF=7.9%
2025-12-30 17:16:53 | INFO     | [lf.flight.extracted] SM476 on 13FEB: BKG=5, LF=3.0%
2025-12-30 17:16:57 | INFO     | [lf.flight.extracted] SM478 on 13FEB: BKG=17, LF=10.2%
2025-12-30 17:17:01 | INFO     | [lf.flight.extracted] SM480 on 13FEB: BKG=18, LF=10.5%
2025-12-30 17:17:06 | INFO     | [lf.flight.extracted] SM472 on 13FEB: BKG=32, LF=18.3%
2025-12-30 17:17:09 | INFO     | [lf.flight.extracted] SM460 on 13FEB: BKG=64, LF=38.3%
2025-12-30 17:17:22 | INFO     | [SUCCESS] Day 13FEB
2025-12-30 17:17:22 | INFO     | [DAY_START] Processing 12FEB
2025-12-30 17:17:22 | INFO     | [lf.day.start] Processing JED-CAI for 12FEB
2025-12-30 17:17:24 | INFO     | [lf.day.flights_found] Found 7 flights on 12FEB
2025-12-30 17:17:26 | INFO     | [lf.flight.extracted] SM424 on 12FEB: BKG=145, LF=86.8%
2025-12-30 17:17:31 | INFO     | [lf.flight.extracted] SM472 on 12FEB: BKG=138, LF=78.9%
2025-12-30 17:17:35 | INFO     | [lf.flight.extracted] SM450 on 12FEB: BKG=1, LF=0.6%
2025-12-30 17:17:39 | INFO     | [lf.flight.extracted] SM476 on 12FEB: BKG=107, LF=64.1%
2025-12-30 17:17:45 | INFO     | [lf.flight.extracted] SM432 on 12FEB: BKG=96, LF=54.9%
2025-12-30 17:17:50 | INFO     | [lf.flight.extracted] SM478 on 12FEB: BKG=167, LF=100.0%
2025-12-30 17:17:54 | INFO     | [lf.flight.extracted] SM480 on 12FEB: BKG=102, LF=58.3%
2025-12-30 17:18:08 | INFO     | [SUCCESS] Day 12FEB
2025-12-30 17:18:08 | INFO     | [DAY_START] Processing 11FEB
2025-12-30 17:18:08 | INFO     | [lf.day.start] Processing JED-CAI for 11FEB
2025-12-30 17:18:09 | INFO     | [lf.day.flights_found] Found 3 flights on 11FEB
2025-12-30 17:18:11 | INFO     | [lf.flight.extracted] SM476 on 11FEB: BKG=146, LF=87.4%
2025-12-30 17:18:15 | INFO     | [lf.flight.extracted] SM460 on 11FEB: BKG=148, LF=88.6%
2025-12-30 17:18:19 | INFO     | [lf.flight.extracted] SM478 on 11FEB: BKG=158, LF=94.6%
2025-12-30 17:18:28 | INFO     | [SUCCESS] Day 11FEB
2025-12-30 17:18:28 | INFO     | [DAY_START] Processing 10FEB
2025-12-30 17:18:28 | INFO     | [lf.day.start] Processing JED-CAI for 10FEB
2025-12-30 17:18:30 | INFO     | [lf.day.flights_found] Found 6 flights on 10FEB
2025-12-30 17:18:32 | INFO     | [lf.flight.extracted] SM972 on 10FEB: BKG=180, LF=107.8%
2025-12-30 17:18:35 | INFO     | [lf.flight.extracted] SM480 on 10FEB: BKG=155, LF=88.6%
2025-12-30 17:18:39 | INFO     | [lf.flight.extracted] SM478 on 10FEB: BKG=158, LF=94.6%
2025-12-30 17:18:42 | INFO     | [lf.flight.extracted] SM460 on 10FEB: BKG=159, LF=95.2%
2025-12-30 17:18:45 | INFO     | [lf.flight.extracted] SM424 on 10FEB: BKG=140, LF=83.8%
2025-12-30 17:18:48 | INFO     | [lf.flight.extracted] SM476 on 10FEB: BKG=151, LF=90.4%
2025-12-30 17:19:02 | INFO     | [SUCCESS] Day 10FEB
2025-12-30 17:19:02 | INFO     | [SUCCESS] LF Search Complete
2025-12-30 17:19:04 | INFO     | [Worker_9223] Completed: JED-CAI - 9 results, 0 errors
2025-12-30 17:19:04 | INFO     | [Worker_9223] Processing: ATZ-AHB
2025-12-30 17:19:04 | INFO     |   Tier 0: Range 2, Chunk 2/3 (9 days)
