2025-12-30 17:26:33 | INFO     | ======================================================================
2025-12-30 17:26:33 | INFO     | Load Factor Scraper Started - Route: JED-HRG
2025-12-30 17:26:33 | INFO     | Log file: D:\CODERED\LAB\market_insights\outputs\run_generated_301225_at_17.09\logs\LF_JED-HRG_20251230_172633.log
2025-12-30 17:26:33 | INFO     | Enhanced logging: Capturing both logging.info() and print()
2025-12-30 17:26:33 | INFO     | ======================================================================
2025-12-30 17:26:33 | INFO     | Starting LF search for route: JED-HRG
2025-12-30 17:26:33 | INFO     | [START] LF Search
2025-12-30 17:26:35 | INFO     | [HEALTH CHECK] [OK] Chrome connection is healthy
2025-12-30 17:26:35 | INFO     | [DAY_START] Processing 31JAN
2025-12-30 17:26:35 | INFO     | [lf.day.start] Processing JED-HRG for 31JAN
2025-12-30 17:26:36 | WARNING  | [lf.day.no_flights] No direct flights on 31JAN
2025-12-30 17:26:36 | INFO     | [SUCCESS] Day 31JAN
2025-12-30 17:26:36 | INFO     | [DAY_START] Processing 30JAN
2025-12-30 17:26:36 | INFO     | [lf.day.start] Processing JED-HRG for 30JAN
2025-12-30 17:26:37 | WARNING  | [lf.day.no_flights] No direct flights on 30JAN
2025-12-30 17:26:37 | INFO     | [SUCCESS] Day 30JAN
2025-12-30 17:26:37 | INFO     | [DAY_START] Processing 29JAN
2025-12-30 17:26:37 | INFO     | [lf.day.start] Processing JED-HRG for 29JAN
2025-12-30 17:26:39 | WARNING  | [lf.day.no_flights] No direct flights on 29JAN
2025-12-30 17:26:39 | INFO     | [SUCCESS] Day 29JAN
2025-12-30 17:26:39 | INFO     | [DAY_START] Processing 28JAN
2025-12-30 17:26:39 | INFO     | [lf.day.start] Processing JED-HRG for 28JAN
2025-12-30 17:26:40 | WARNING  | [lf.day.no_flights] No direct flights on 28JAN
2025-12-30 17:26:40 | INFO     | [SUCCESS] Day 28JAN
2025-12-30 17:26:40 | INFO     | [DAY_START] Processing 27JAN
2025-12-30 17:26:40 | INFO     | [lf.day.start] Processing JED-HRG for 27JAN
2025-12-30 17:26:41 | WARNING  | [lf.day.no_flights] No direct flights on 27JAN
2025-12-30 17:26:41 | INFO     | [SUCCESS] Day 27JAN
2025-12-30 17:26:41 | INFO     | [DAY_START] Processing 26JAN
2025-12-30 17:26:41 | INFO     | [lf.day.start] Processing JED-HRG for 26JAN
2025-12-30 17:26:42 | WARNING  | [lf.day.no_flights] No direct flights on 26JAN
2025-12-30 17:26:42 | INFO     | [SUCCESS] Day 26JAN
2025-12-30 17:26:42 | INFO     | [DAY_START] Processing 25JAN
2025-12-30 17:26:42 | INFO     | [lf.day.start] Processing JED-HRG for 25JAN
2025-12-30 17:26:43 | WARNING  | [lf.day.no_flights] No direct flights on 25JAN
2025-12-30 17:26:44 | INFO     | [SUCCESS] Day 25JAN
2025-12-30 17:26:44 | INFO     | [DAY_START] Processing 24JAN
2025-12-30 17:26:44 | INFO     | [lf.day.start] Processing JED-HRG for 24JAN
2025-12-30 17:26:44 | WARNING  | [lf.day.no_flights] No direct flights on 24JAN
2025-12-30 17:26:45 | INFO     | [SUCCESS] Day 24JAN
2025-12-30 17:26:45 | INFO     | [DAY_START] Processing 23JAN
2025-12-30 17:26:45 | INFO     | [lf.day.start] Processing JED-HRG for 23JAN
2025-12-30 17:26:46 | WARNING  | [lf.day.no_flights] No direct flights on 23JAN
2025-12-30 17:26:46 | INFO     | [SUCCESS] Day 23JAN
2025-12-30 17:26:46 | INFO     | [DAY_START] Processing 22JAN
2025-12-30 17:26:46 | INFO     | [lf.day.start] Processing JED-HRG for 22JAN
2025-12-30 17:26:47 | WARNING  | [lf.day.no_flights] No direct flights on 22JAN
2025-12-30 17:26:47 | INFO     | [SUCCESS] Day 22JAN
2025-12-30 17:26:47 | INFO     | [DAY_START] Processing 21JAN
2025-12-30 17:26:47 | INFO     | [lf.day.start] Processing JED-HRG for 21JAN
2025-12-30 17:26:48 | WARNING  | [lf.day.no_flights] No direct flights on 21JAN
2025-12-30 17:26:48 | INFO     | [SUCCESS] Day 21JAN
2025-12-30 17:26:48 | INFO     | [DAY_START] Processing 20JAN
2025-12-30 17:26:48 | INFO     | [lf.day.start] Processing JED-HRG for 20JAN
2025-12-30 17:26:50 | WARNING  | [lf.day.no_flights] No direct flights on 20JAN
2025-12-30 17:26:50 | INFO     | [SUCCESS] Day 20JAN
2025-12-30 17:26:50 | INFO     | [DAY_START] Processing 19JAN
2025-12-30 17:26:50 | INFO     | [lf.day.start] Processing JED-HRG for 19JAN
2025-12-30 17:26:51 | WARNING  | [lf.day.no_flights] No direct flights on 19JAN
2025-12-30 17:26:51 | INFO     | [SUCCESS] Day 19JAN
2025-12-30 17:26:51 | INFO     | [DAY_START] Processing 18JAN
2025-12-30 17:26:51 | INFO     | [lf.day.start] Processing JED-HRG for 18JAN
2025-12-30 17:26:53 | WARNING  | [lf.day.no_flights] No direct flights on 18JAN
2025-12-30 17:26:53 | INFO     | [SUCCESS] Day 18JAN
2025-12-30 17:26:53 | INFO     | [DAY_START] Processing 17JAN
2025-12-30 17:26:53 | INFO     | [lf.day.start] Processing JED-HRG for 17JAN
2025-12-30 17:26:54 | WARNING  | [lf.day.no_flights] No direct flights on 17JAN
2025-12-30 17:26:54 | INFO     | [SUCCESS] Day 17JAN
2025-12-30 17:26:54 | INFO     | [DAY_START] Processing 16JAN
2025-12-30 17:26:54 | INFO     | [lf.day.start] Processing JED-HRG for 16JAN
2025-12-30 17:26:55 | WARNING  | [lf.day.no_flights] No direct flights on 16JAN
2025-12-30 17:26:56 | INFO     | [SUCCESS] Day 16JAN
2025-12-30 17:26:56 | INFO     | [DAY_START] Processing 15JAN
2025-12-30 17:26:56 | INFO     | [lf.day.start] Processing JED-HRG for 15JAN
2025-12-30 17:26:57 | WARNING  | [lf.day.no_flights] No direct flights on 15JAN
2025-12-30 17:26:57 | INFO     | [SUCCESS] Day 15JAN
2025-12-30 17:26:57 | INFO     | [DAY_START] Processing 14JAN
2025-12-30 17:26:57 | INFO     | [lf.day.start] Processing JED-HRG for 14JAN
2025-12-30 17:26:58 | WARNING  | [lf.day.no_flights] No direct flights on 14JAN
2025-12-30 17:26:58 | INFO     | [SUCCESS] Day 14JAN
2025-12-30 17:26:58 | INFO     | [DAY_START] Processing 13JAN
2025-12-30 17:26:58 | INFO     | [lf.day.start] Processing JED-HRG for 13JAN
2025-12-30 17:26:59 | WARNING  | [lf.day.no_flights] No direct flights on 13JAN
2025-12-30 17:26:59 | INFO     | [SUCCESS] Day 13JAN
2025-12-30 17:26:59 | INFO     | [DAY_START] Processing 12JAN
2025-12-30 17:26:59 | INFO     | [lf.day.start] Processing JED-HRG for 12JAN
2025-12-30 17:27:01 | WARNING  | [lf.day.no_flights] No direct flights on 12JAN
2025-12-30 17:27:01 | INFO     | [SUCCESS] Day 12JAN
2025-12-30 17:27:01 | INFO     | [DAY_START] Processing 11JAN
2025-12-30 17:27:01 | INFO     | [lf.day.start] Processing JED-HRG for 11JAN
2025-12-30 17:27:02 | WARNING  | [lf.day.no_flights] No direct flights on 11JAN
2025-12-30 17:27:03 | INFO     | [SUCCESS] Day 11JAN
2025-12-30 17:27:03 | INFO     | [DAY_START] Processing 10JAN
2025-12-30 17:27:03 | INFO     | [lf.day.start] Processing JED-HRG for 10JAN
2025-12-30 17:27:04 | WARNING  | [lf.day.no_flights] No direct flights on 10JAN
2025-12-30 17:27:04 | INFO     | [SUCCESS] Day 10JAN
2025-12-30 17:27:04 | INFO     | [DAY_START] Processing 09JAN
2025-12-30 17:27:04 | INFO     | [lf.day.start] Processing JED-HRG for 09JAN
2025-12-30 17:27:05 | WARNING  | [lf.day.no_flights] No direct flights on 09JAN
2025-12-30 17:27:05 | INFO     | [SUCCESS] Day 09JAN
2025-12-30 17:27:05 | INFO     | [DAY_START] Processing 08JAN
2025-12-30 17:27:05 | INFO     | [lf.day.start] Processing JED-HRG for 08JAN
2025-12-30 17:27:06 | WARNING  | [lf.day.no_flights] No direct flights on 08JAN
2025-12-30 17:27:07 | INFO     | [SUCCESS] Day 08JAN
2025-12-30 17:27:07 | INFO     | [DAY_START] Processing 07JAN
2025-12-30 17:27:07 | INFO     | [lf.day.start] Processing JED-HRG for 07JAN
2025-12-30 17:27:08 | WARNING  | [lf.day.no_flights] No direct flights on 07JAN
2025-12-30 17:27:08 | INFO     | [SUCCESS] Day 07JAN
2025-12-30 17:27:08 | INFO     | [DAY_START] Processing 06JAN
2025-12-30 17:27:08 | INFO     | [lf.day.start] Processing JED-HRG for 06JAN
2025-12-30 17:27:09 | WARNING  | [lf.day.no_flights] No direct flights on 06JAN
2025-12-30 17:27:09 | INFO     | [SUCCESS] Day 06JAN
2025-12-30 17:27:09 | INFO     | [DAY_START] Processing 05JAN
2025-12-30 17:27:09 | INFO     | [lf.day.start] Processing JED-HRG for 05JAN
2025-12-30 17:27:11 | WARNING  | [lf.day.no_flights] No direct flights on 05JAN
2025-12-30 17:27:11 | INFO     | [SUCCESS] Day 05JAN
2025-12-30 17:27:11 | INFO     | [DAY_START] Processing 04JAN
2025-12-30 17:27:11 | INFO     | [lf.day.start] Processing JED-HRG for 04JAN
2025-12-30 17:27:12 | WARNING  | [lf.day.no_flights] No direct flights on 04JAN
2025-12-30 17:27:12 | INFO     | [SUCCESS] Day 04JAN
2025-12-30 17:27:12 | INFO     | [DAY_START] Processing 03JAN
2025-12-30 17:27:12 | INFO     | [lf.day.start] Processing JED-HRG for 03JAN
2025-12-30 17:27:13 | WARNING  | [lf.day.no_flights] No direct flights on 03JAN
2025-12-30 17:27:13 | INFO     | [SUCCESS] Day 03JAN
2025-12-30 17:27:13 | INFO     | [DAY_START] Processing 02JAN
2025-12-30 17:27:13 | INFO     | [lf.day.start] Processing JED-HRG for 02JAN
2025-12-30 17:27:14 | WARNING  | [lf.day.no_flights] No direct flights on 02JAN
2025-12-30 17:27:14 | INFO     | [SUCCESS] Day 02JAN
2025-12-30 17:27:14 | INFO     | [DAY_START] Processing 01JAN
2025-12-30 17:27:14 | INFO     | [lf.day.start] Processing JED-HRG for 01JAN
2025-12-30 17:27:15 | WARNING  | [lf.day.no_flights] No direct flights on 01JAN
2025-12-30 17:27:15 | INFO     | [SUCCESS] Day 01JAN
2025-12-30 17:27:15 | INFO     | [DAY_START] Processing 31DEC
2025-12-30 17:27:15 | INFO     | [lf.day.start] Processing JED-HRG for 31DEC
2025-12-30 17:27:16 | WARNING  | [lf.day.no_flights] No direct flights on 31DEC
2025-12-30 17:27:16 | INFO     | [SUCCESS] Day 31DEC
2025-12-30 17:27:16 | INFO     | [SUCCESS] LF Search Complete
2025-12-30 17:27:19 | INFO     | [Worker_9224] Completed: JED-HRG - 32 results, 0 errors
2025-12-30 17:27:19 | INFO     | [Worker_9224] Processing: DMM-ATZ
2025-12-30 17:27:19 | INFO     |   Tier 0: Range 1 (33 days)
