2025-12-30 17:12:25 | INFO     | ======================================================================
2025-12-30 17:12:25 | INFO     | Load Factor Scraper Started - Route: LXR-JED
2025-12-30 17:12:25 | INFO     | Log file: D:\CODERED\LAB\market_insights\outputs\run_generated_301225_at_17.09\logs\LF_LXR-JED_20251230_171225.log
2025-12-30 17:12:25 | INFO     | Enhanced logging: Capturing both logging.info() and print()
2025-12-30 17:12:25 | INFO     | ======================================================================
2025-12-30 17:12:25 | INFO     | Starting LF search for route: LXR-JED
2025-12-30 17:12:25 | INFO     | [START] LF Search
2025-12-30 17:12:26 | INFO     | [HEALTH CHECK] [OK] Chrome connection is healthy
2025-12-30 17:12:27 | INFO     | [DAY_START] Processing 28FEB
2025-12-30 17:12:27 | INFO     | [lf.day.start] Processing LXR-JED for 28FEB
2025-12-30 17:12:28 | WARNING  | [lf.day.no_flights] No direct flights on 28FEB
2025-12-30 17:12:28 | INFO     | [SUCCESS] Day 28FEB
2025-12-30 17:12:28 | INFO     | [DAY_START] Processing 27FEB
2025-12-30 17:12:28 | INFO     | [lf.day.start] Processing LXR-JED for 27FEB
2025-12-30 17:12:29 | WARNING  | [lf.day.no_flights] No direct flights on 27FEB
2025-12-30 17:12:29 | INFO     | [SUCCESS] Day 27FEB
2025-12-30 17:12:29 | INFO     | [DAY_START] Processing 26FEB
2025-12-30 17:12:29 | INFO     | [lf.day.start] Processing LXR-JED for 26FEB
2025-12-30 17:12:30 | WARNING  | [lf.day.no_flights] No direct flights on 26FEB
2025-12-30 17:12:30 | INFO     | [SUCCESS] Day 26FEB
2025-12-30 17:12:30 | INFO     | [DAY_START] Processing 25FEB
2025-12-30 17:12:30 | INFO     | [lf.day.start] Processing LXR-JED for 25FEB
2025-12-30 17:12:31 | WARNING  | [lf.day.no_flights] No direct flights on 25FEB
2025-12-30 17:12:31 | INFO     | [SUCCESS] Day 25FEB
2025-12-30 17:12:31 | INFO     | [DAY_START] Processing 24FEB
2025-12-30 17:12:31 | INFO     | [lf.day.start] Processing LXR-JED for 24FEB
2025-12-30 17:12:32 | INFO     | [lf.day.flights_found] Found 4 flights on 24FEB
2025-12-30 17:12:34 | INFO     | [lf.flight.extracted] SM429 on 24FEB: BKG=0, LF=0.0%
2025-12-30 17:12:37 | INFO     | [lf.flight.extracted] SM483 on 24FEB: BKG=0, LF=0.0%
2025-12-30 17:12:40 | INFO     | [lf.flight.extracted] SM981 on 24FEB: BKG=0, LF=0.0%
2025-12-30 17:12:44 | INFO     | [lf.flight.extracted] SM959 on 24FEB: BKG=0, LF=0.0%
2025-12-30 17:12:45 | INFO     | [SUCCESS] Day 24FEB
2025-12-30 17:12:45 | INFO     | [DAY_START] Processing 23FEB
2025-12-30 17:12:45 | INFO     | [lf.day.start] Processing LXR-JED for 23FEB
2025-12-30 17:12:46 | INFO     | [lf.day.flights_found] Found 1 flights on 23FEB
2025-12-30 17:12:49 | INFO     | [lf.flight.extracted] SM481 on 23FEB: BKG=0, LF=0.0%
2025-12-30 17:12:50 | INFO     | [SUCCESS] Day 23FEB
2025-12-30 17:12:50 | INFO     | [DAY_START] Processing 22FEB
2025-12-30 17:12:50 | INFO     | [lf.day.start] Processing LXR-JED for 22FEB
2025-12-30 17:12:51 | WARNING  | [lf.day.no_flights] No direct flights on 22FEB
2025-12-30 17:12:51 | INFO     | [SUCCESS] Day 22FEB
2025-12-30 17:12:51 | INFO     | [DAY_START] Processing 21FEB
2025-12-30 17:12:51 | INFO     | [lf.day.start] Processing LXR-JED for 21FEB
2025-12-30 17:12:52 | WARNING  | [lf.day.no_flights] No direct flights on 21FEB
2025-12-30 17:12:52 | INFO     | [SUCCESS] Day 21FEB
2025-12-30 17:12:52 | INFO     | [DAY_START] Processing 20FEB
2025-12-30 17:12:52 | INFO     | [lf.day.start] Processing LXR-JED for 20FEB
2025-12-30 17:12:53 | WARNING  | [lf.day.no_flights] No direct flights on 20FEB
2025-12-30 17:12:54 | INFO     | [SUCCESS] Day 20FEB
2025-12-30 17:12:54 | INFO     | [DAY_START] Processing 19FEB
2025-12-30 17:12:54 | INFO     | [lf.day.start] Processing LXR-JED for 19FEB
2025-12-30 17:12:55 | WARNING  | [lf.day.no_flights] No direct flights on 19FEB
2025-12-30 17:12:55 | INFO     | [SUCCESS] Day 19FEB
2025-12-30 17:12:55 | INFO     | [SUCCESS] LF Search Complete
2025-12-30 17:12:57 | INFO     | [Worker_9234] Completed: LXR-JED - 10 results, 0 errors
2025-12-30 17:12:57 | INFO     | [Worker_9234] Processing: ATZ-DMM
2025-12-30 17:12:57 | INFO     |   Tier 0: Range 2, Chunk 1/3 (10 days)
