2025-12-30 17:19:32 | INFO     | ======================================================================
2025-12-30 17:19:32 | INFO     | Load Factor Scraper Started - Route: MED-ATZ
2025-12-30 17:19:32 | INFO     | Log file: D:\CODERED\LAB\market_insights\outputs\run_generated_301225_at_17.09\logs\LF_MED-ATZ_20251230_171932.log
2025-12-30 17:19:32 | INFO     | Enhanced logging: Capturing both logging.info() and print()
2025-12-30 17:19:32 | INFO     | ======================================================================
2025-12-30 17:19:32 | INFO     | Starting LF search for route: MED-ATZ
2025-12-30 17:19:32 | INFO     | [START] LF Search
2025-12-30 17:19:33 | INFO     | [HEALTH CHECK] [OK] Chrome connection is healthy
2025-12-30 17:19:33 | INFO     | [DAY_START] Processing 09FEB
2025-12-30 17:19:33 | INFO     | [lf.day.start] Processing MED-ATZ for 09FEB
2025-12-30 17:19:34 | INFO     | [lf.day.flights_found] Found 1 flights on 09FEB
2025-12-30 17:19:37 | INFO     | [lf.flight.extracted] SM488 on 09FEB: BKG=178, LF=101.7%
2025-12-30 17:19:40 | INFO     | [SUCCESS] Day 09FEB
2025-12-30 17:19:40 | INFO     | [DAY_START] Processing 08FEB
2025-12-30 17:19:40 | INFO     | [lf.day.start] Processing MED-ATZ for 08FEB
2025-12-30 17:19:41 | WARNING  | [lf.day.no_flights] No direct flights on 08FEB
2025-12-30 17:19:41 | INFO     | [SUCCESS] Day 08FEB
2025-12-30 17:19:41 | INFO     | [DAY_START] Processing 07FEB
2025-12-30 17:19:41 | INFO     | [lf.day.start] Processing MED-ATZ for 07FEB
2025-12-30 17:19:42 | INFO     | [lf.day.flights_found] Found 1 flights on 07FEB
2025-12-30 17:19:44 | INFO     | [lf.flight.extracted] SM488 on 07FEB: BKG=168, LF=96.0%
2025-12-30 17:19:47 | INFO     | [SUCCESS] Day 07FEB
2025-12-30 17:19:47 | INFO     | [DAY_START] Processing 06FEB
2025-12-30 17:19:47 | INFO     | [lf.day.start] Processing MED-ATZ for 06FEB
2025-12-30 17:19:48 | WARNING  | [lf.day.no_flights] No direct flights on 06FEB
2025-12-30 17:19:49 | INFO     | [SUCCESS] Day 06FEB
2025-12-30 17:19:49 | INFO     | [DAY_START] Processing 05FEB
2025-12-30 17:19:49 | INFO     | [lf.day.start] Processing MED-ATZ for 05FEB
2025-12-30 17:19:50 | WARNING  | [lf.day.no_flights] No direct flights on 05FEB
2025-12-30 17:19:50 | INFO     | [SUCCESS] Day 05FEB
2025-12-30 17:19:50 | INFO     | [DAY_START] Processing 04FEB
2025-12-30 17:19:50 | INFO     | [lf.day.start] Processing MED-ATZ for 04FEB
2025-12-30 17:19:51 | INFO     | [lf.day.flights_found] Found 1 flights on 04FEB
2025-12-30 17:19:53 | INFO     | [lf.flight.extracted] SM490 on 04FEB: BKG=168, LF=96.0%
2025-12-30 17:19:56 | INFO     | [SUCCESS] Day 04FEB
2025-12-30 17:19:56 | INFO     | [DAY_START] Processing 03FEB
2025-12-30 17:19:56 | INFO     | [lf.day.start] Processing MED-ATZ for 03FEB
2025-12-30 17:19:58 | INFO     | [lf.day.flights_found] Found 1 flights on 03FEB
2025-12-30 17:20:00 | INFO     | [lf.flight.extracted] SM488 on 03FEB: BKG=168, LF=100.0%
2025-12-30 17:20:03 | INFO     | [SUCCESS] Day 03FEB
2025-12-30 17:20:03 | INFO     | [DAY_START] Processing 02FEB
2025-12-30 17:20:03 | INFO     | [lf.day.start] Processing MED-ATZ for 02FEB
2025-12-30 17:20:04 | INFO     | [lf.day.flights_found] Found 1 flights on 02FEB
2025-12-30 17:20:06 | INFO     | [lf.flight.extracted] SM488 on 02FEB: BKG=179, LF=102.3%
2025-12-30 17:20:08 | INFO     | [SUCCESS] Day 02FEB
2025-12-30 17:20:08 | INFO     | [DAY_START] Processing 01FEB
2025-12-30 17:20:08 | INFO     | [lf.day.start] Processing MED-ATZ for 01FEB
2025-12-30 17:20:09 | WARNING  | [lf.day.no_flights] No direct flights on 01FEB
2025-12-30 17:20:09 | INFO     | [SUCCESS] Day 01FEB
2025-12-30 17:20:09 | INFO     | [SUCCESS] LF Search Complete
2025-12-30 17:20:11 | INFO     | [Worker_9224] Completed: MED-ATZ - 9 results, 0 errors
2025-12-30 17:20:11 | INFO     | [Worker_9224] Processing: JED-HRG
2025-12-30 17:20:11 | INFO     |   Tier 0: Range 2, Chunk 3/3 (9 days)
