2025-12-30 17:26:58 | INFO     | ======================================================================
2025-12-30 17:26:58 | INFO     | Load Factor Scraper Started - Route: RUH-ATZ
2025-12-30 17:26:58 | INFO     | Log file: D:\CODERED\LAB\market_insights\outputs\run_generated_301225_at_17.09\logs\LF_RUH-ATZ_20251230_172658.log
2025-12-30 17:26:58 | INFO     | Enhanced logging: Capturing both logging.info() and print()
2025-12-30 17:26:58 | INFO     | ======================================================================
2025-12-30 17:26:58 | INFO     | Starting LF search for route: RUH-ATZ
2025-12-30 17:26:58 | INFO     | [START] LF Search
2025-12-30 17:27:00 | INFO     | [HEALTH CHECK] [OK] Chrome connection is healthy
2025-12-30 17:27:00 | INFO     | [DAY_START] Processing 31JAN
2025-12-30 17:27:00 | INFO     | [lf.day.start] Processing RUH-ATZ for 31JAN
2025-12-30 17:27:02 | WARNING  | [lf.day.no_flights] No direct flights on 31JAN
2025-12-30 17:27:02 | INFO     | [SUCCESS] Day 31JAN
2025-12-30 17:27:02 | INFO     | [DAY_START] Processing 30JAN
2025-12-30 17:27:02 | INFO     | [lf.day.start] Processing RUH-ATZ for 30JAN
2025-12-30 17:27:03 | WARNING  | [lf.day.no_flights] No direct flights on 30JAN
2025-12-30 17:27:03 | INFO     | [SUCCESS] Day 30JAN
2025-12-30 17:27:03 | INFO     | [DAY_START] Processing 29JAN
2025-12-30 17:27:03 | INFO     | [lf.day.start] Processing RUH-ATZ for 29JAN
2025-12-30 17:27:04 | WARNING  | [lf.day.no_flights] No direct flights on 29JAN
2025-12-30 17:27:04 | INFO     | [SUCCESS] Day 29JAN
2025-12-30 17:27:04 | INFO     | [DAY_START] Processing 28JAN
2025-12-30 17:27:04 | INFO     | [lf.day.start] Processing RUH-ATZ for 28JAN
2025-12-30 17:27:06 | INFO     | [lf.day.flights_found] Found 1 flights on 28JAN
2025-12-30 17:27:08 | INFO     | [lf.flight.extracted] SM466 on 28JAN: BKG=54, LF=30.9%
2025-12-30 17:27:13 | INFO     | [SUCCESS] Day 28JAN
2025-12-30 17:27:13 | INFO     | [DAY_START] Processing 27JAN
2025-12-30 17:27:13 | INFO     | [lf.day.start] Processing RUH-ATZ for 27JAN
2025-12-30 17:27:14 | INFO     | [lf.day.flights_found] Found 1 flights on 27JAN
2025-12-30 17:27:16 | INFO     | [lf.flight.extracted] SM464 on 27JAN: BKG=66, LF=37.7%
2025-12-30 17:27:21 | INFO     | [SUCCESS] Day 27JAN
2025-12-30 17:27:21 | INFO     | [DAY_START] Processing 26JAN
2025-12-30 17:27:21 | INFO     | [lf.day.start] Processing RUH-ATZ for 26JAN
2025-12-30 17:27:22 | WARNING  | [lf.day.no_flights] No direct flights on 26JAN
2025-12-30 17:27:22 | INFO     | [SUCCESS] Day 26JAN
2025-12-30 17:27:22 | INFO     | [DAY_START] Processing 25JAN
2025-12-30 17:27:22 | INFO     | [lf.day.start] Processing RUH-ATZ for 25JAN
2025-12-30 17:27:24 | INFO     | [lf.day.flights_found] Found 1 flights on 25JAN
2025-12-30 17:27:26 | INFO     | [lf.flight.extracted] SM464 on 25JAN: BKG=63, LF=36.0%
2025-12-30 17:27:31 | INFO     | [SUCCESS] Day 25JAN
2025-12-30 17:27:31 | INFO     | [DAY_START] Processing 24JAN
2025-12-30 17:27:31 | INFO     | [lf.day.start] Processing RUH-ATZ for 24JAN
2025-12-30 17:27:32 | WARNING  | [lf.day.no_flights] No direct flights on 24JAN
2025-12-30 17:27:32 | INFO     | [SUCCESS] Day 24JAN
2025-12-30 17:27:32 | INFO     | [DAY_START] Processing 23JAN
2025-12-30 17:27:32 | INFO     | [lf.day.start] Processing RUH-ATZ for 23JAN
2025-12-30 17:27:33 | WARNING  | [lf.day.no_flights] No direct flights on 23JAN
2025-12-30 17:27:33 | INFO     | [SUCCESS] Day 23JAN
2025-12-30 17:27:33 | INFO     | [DAY_START] Processing 22JAN
2025-12-30 17:27:33 | INFO     | [lf.day.start] Processing RUH-ATZ for 22JAN
2025-12-30 17:27:34 | WARNING  | [lf.day.no_flights] No direct flights on 22JAN
2025-12-30 17:27:34 | INFO     | [SUCCESS] Day 22JAN
2025-12-30 17:27:34 | INFO     | [DAY_START] Processing 21JAN
2025-12-30 17:27:34 | INFO     | [lf.day.start] Processing RUH-ATZ for 21JAN
2025-12-30 17:27:36 | INFO     | [lf.day.flights_found] Found 1 flights on 21JAN
2025-12-30 17:27:38 | INFO     | [lf.flight.extracted] SM466 on 21JAN: BKG=30, LF=17.1%
2025-12-30 17:27:42 | INFO     | [SUCCESS] Day 21JAN
2025-12-30 17:27:42 | INFO     | [DAY_START] Processing 20JAN
2025-12-30 17:27:42 | INFO     | [lf.day.start] Processing RUH-ATZ for 20JAN
2025-12-30 17:27:43 | INFO     | [lf.day.flights_found] Found 1 flights on 20JAN
2025-12-30 17:27:46 | INFO     | [lf.flight.extracted] SM464 on 20JAN: BKG=49, LF=28.0%
2025-12-30 17:27:50 | INFO     | [SUCCESS] Day 20JAN
2025-12-30 17:27:50 | INFO     | [DAY_START] Processing 19JAN
2025-12-30 17:27:50 | INFO     | [lf.day.start] Processing RUH-ATZ for 19JAN
2025-12-30 17:27:51 | WARNING  | [lf.day.no_flights] No direct flights on 19JAN
2025-12-30 17:27:51 | INFO     | [SUCCESS] Day 19JAN
2025-12-30 17:27:51 | INFO     | [DAY_START] Processing 18JAN
2025-12-30 17:27:51 | INFO     | [lf.day.start] Processing RUH-ATZ for 18JAN
2025-12-30 17:27:53 | INFO     | [lf.day.flights_found] Found 1 flights on 18JAN
2025-12-30 17:27:55 | INFO     | [lf.flight.extracted] SM464 on 18JAN: BKG=59, LF=33.7%
2025-12-30 17:28:00 | INFO     | [SUCCESS] Day 18JAN
2025-12-30 17:28:00 | INFO     | [DAY_START] Processing 17JAN
2025-12-30 17:28:00 | INFO     | [lf.day.start] Processing RUH-ATZ for 17JAN
2025-12-30 17:28:01 | WARNING  | [lf.day.no_flights] No direct flights on 17JAN
2025-12-30 17:28:01 | INFO     | [SUCCESS] Day 17JAN
2025-12-30 17:28:01 | INFO     | [DAY_START] Processing 16JAN
2025-12-30 17:28:01 | INFO     | [lf.day.start] Processing RUH-ATZ for 16JAN
2025-12-30 17:28:02 | WARNING  | [lf.day.no_flights] No direct flights on 16JAN
2025-12-30 17:28:02 | INFO     | [SUCCESS] Day 16JAN
2025-12-30 17:28:02 | INFO     | [DAY_START] Processing 15JAN
2025-12-30 17:28:02 | INFO     | [lf.day.start] Processing RUH-ATZ for 15JAN
2025-12-30 17:28:04 | WARNING  | [lf.day.no_flights] No direct flights on 15JAN
2025-12-30 17:28:04 | INFO     | [SUCCESS] Day 15JAN
2025-12-30 17:28:04 | INFO     | [DAY_START] Processing 14JAN
2025-12-30 17:28:04 | INFO     | [lf.day.start] Processing RUH-ATZ for 14JAN
2025-12-30 17:28:05 | INFO     | [lf.day.flights_found] Found 1 flights on 14JAN
2025-12-30 17:28:07 | INFO     | [lf.flight.extracted] SM466 on 14JAN: BKG=37, LF=21.1%
2025-12-30 17:28:11 | INFO     | [SUCCESS] Day 14JAN
2025-12-30 17:28:11 | INFO     | [DAY_START] Processing 13JAN
2025-12-30 17:28:11 | INFO     | [lf.day.start] Processing RUH-ATZ for 13JAN
2025-12-30 17:28:12 | INFO     | [lf.day.flights_found] Found 1 flights on 13JAN
2025-12-30 17:28:14 | INFO     | [lf.flight.extracted] SM464 on 13JAN: BKG=62, LF=35.4%
2025-12-30 17:28:19 | ERROR    | Atomic write failed for D:\CODERED\LAB\market_insights\outputs\run_generated_301225_at_17.09\checkpoints\flight_booking_data.json: [WinError 2] The system cannot find the file specified: 'D:\\CODERED\\LAB\\market_insights\\outputs\\run_generated_301225_at_17.09\\checkpoints\\flight_booking_data.json'
2025-12-30 17:28:19 | INFO     | [SUCCESS] Day 13JAN
2025-12-30 17:28:19 | INFO     | [DAY_START] Processing 12JAN
2025-12-30 17:28:19 | INFO     | [lf.day.start] Processing RUH-ATZ for 12JAN
2025-12-30 17:28:20 | WARNING  | [lf.day.no_flights] No direct flights on 12JAN
2025-12-30 17:28:20 | INFO     | [SUCCESS] Day 12JAN
2025-12-30 17:28:20 | INFO     | [DAY_START] Processing 11JAN
2025-12-30 17:28:20 | INFO     | [lf.day.start] Processing RUH-ATZ for 11JAN
2025-12-30 17:28:21 | INFO     | [lf.day.flights_found] Found 1 flights on 11JAN
2025-12-30 17:28:23 | INFO     | [lf.flight.extracted] SM464 on 11JAN: BKG=65, LF=37.1%
2025-12-30 17:28:27 | INFO     | [SUCCESS] Day 11JAN
2025-12-30 17:28:27 | INFO     | [DAY_START] Processing 10JAN
2025-12-30 17:28:27 | INFO     | [lf.day.start] Processing RUH-ATZ for 10JAN
2025-12-30 17:28:28 | WARNING  | [lf.day.no_flights] No direct flights on 10JAN
2025-12-30 17:28:28 | INFO     | [SUCCESS] Day 10JAN
2025-12-30 17:28:28 | INFO     | [DAY_START] Processing 09JAN
2025-12-30 17:28:28 | INFO     | [lf.day.start] Processing RUH-ATZ for 09JAN
2025-12-30 17:28:29 | WARNING  | [lf.day.no_flights] No direct flights on 09JAN
2025-12-30 17:28:29 | INFO     | [SUCCESS] Day 09JAN
2025-12-30 17:28:29 | INFO     | [DAY_START] Processing 08JAN
2025-12-30 17:28:29 | INFO     | [lf.day.start] Processing RUH-ATZ for 08JAN
2025-12-30 17:28:30 | WARNING  | [lf.day.no_flights] No direct flights on 08JAN
2025-12-30 17:28:31 | INFO     | [SUCCESS] Day 08JAN
2025-12-30 17:28:31 | INFO     | [DAY_START] Processing 07JAN
2025-12-30 17:28:31 | INFO     | [lf.day.start] Processing RUH-ATZ for 07JAN
2025-12-30 17:28:32 | INFO     | [lf.day.flights_found] Found 1 flights on 07JAN
2025-12-30 17:28:35 | INFO     | [lf.flight.extracted] SM466 on 07JAN: BKG=75, LF=42.9%
2025-12-30 17:28:40 | INFO     | [SUCCESS] Day 07JAN
2025-12-30 17:28:40 | INFO     | [DAY_START] Processing 06JAN
2025-12-30 17:28:40 | INFO     | [lf.day.start] Processing RUH-ATZ for 06JAN
2025-12-30 17:28:41 | INFO     | [lf.day.flights_found] Found 1 flights on 06JAN
2025-12-30 17:28:43 | INFO     | [lf.flight.extracted] SM464 on 06JAN: BKG=77, LF=44.0%
2025-12-30 17:28:48 | INFO     | [SUCCESS] Day 06JAN
2025-12-30 17:28:48 | INFO     | [DAY_START] Processing 05JAN
2025-12-30 17:28:48 | INFO     | [lf.day.start] Processing RUH-ATZ for 05JAN
2025-12-30 17:28:49 | WARNING  | [lf.day.no_flights] No direct flights on 05JAN
2025-12-30 17:28:49 | INFO     | [SUCCESS] Day 05JAN
2025-12-30 17:28:49 | INFO     | [DAY_START] Processing 04JAN
2025-12-30 17:28:49 | INFO     | [lf.day.start] Processing RUH-ATZ for 04JAN
2025-12-30 17:28:50 | INFO     | [lf.day.flights_found] Found 1 flights on 04JAN
2025-12-30 17:28:52 | INFO     | [lf.flight.extracted] SM464 on 04JAN: BKG=100, LF=57.1%
2025-12-30 17:28:59 | INFO     | [SUCCESS] Day 04JAN
2025-12-30 17:28:59 | INFO     | [DAY_START] Processing 03JAN
2025-12-30 17:28:59 | INFO     | [lf.day.start] Processing RUH-ATZ for 03JAN
2025-12-30 17:29:00 | WARNING  | [lf.day.no_flights] No direct flights on 03JAN
2025-12-30 17:29:00 | INFO     | [SUCCESS] Day 03JAN
2025-12-30 17:29:00 | INFO     | [DAY_START] Processing 02JAN
2025-12-30 17:29:00 | INFO     | [lf.day.start] Processing RUH-ATZ for 02JAN
2025-12-30 17:29:01 | WARNING  | [lf.day.no_flights] No direct flights on 02JAN
2025-12-30 17:29:02 | INFO     | [SUCCESS] Day 02JAN
2025-12-30 17:29:02 | INFO     | [DAY_START] Processing 01JAN
2025-12-30 17:29:02 | INFO     | [lf.day.start] Processing RUH-ATZ for 01JAN
2025-12-30 17:29:03 | WARNING  | [lf.day.no_flights] No direct flights on 01JAN
2025-12-30 17:29:03 | INFO     | [SUCCESS] Day 01JAN
2025-12-30 17:29:03 | INFO     | [DAY_START] Processing 31DEC
2025-12-30 17:29:03 | INFO     | [lf.day.start] Processing RUH-ATZ for 31DEC
2025-12-30 17:29:04 | INFO     | [lf.day.flights_found] Found 1 flights on 31DEC
2025-12-30 17:29:07 | INFO     | [lf.flight.extracted] SM466 on 31DEC: BKG=140, LF=80.0%
2025-12-30 17:29:14 | INFO     | [SUCCESS] Day 31DEC
2025-12-30 17:29:14 | INFO     | [SUCCESS] LF Search Complete
2025-12-30 17:29:16 | INFO     | [Worker_9225] Completed: RUH-ATZ - 32 results, 0 errors
2025-12-30 17:29:16 | INFO     | [Worker_9225] Processing: AJF-ATZ
2025-12-30 17:29:16 | INFO     |   Tier 0: Range 1 (33 days)
