2025-12-30 17:10:21 | INFO     | ======================================================================
2025-12-30 17:10:21 | INFO     | Load Factor Scraper Started - Route: RUH-ATZ
2025-12-30 17:10:21 | INFO     | Log file: D:\CODERED\LAB\market_insights\outputs\run_generated_301225_at_17.09\logs\LF_RUH-ATZ_20251230_171021.log
2025-12-30 17:10:21 | INFO     | Enhanced logging: Capturing both logging.info() and print()
2025-12-30 17:10:21 | INFO     | ======================================================================
2025-12-30 17:10:21 | INFO     | Starting LF search for route: RUH-ATZ
2025-12-30 17:10:21 | INFO     | [START] LF Search
2025-12-30 17:10:23 | INFO     | [HEALTH CHECK] [OK] Chrome connection is healthy
2025-12-30 17:10:23 | INFO     | [DAY_START] Processing 28FEB
2025-12-30 17:10:23 | INFO     | [lf.day.start] Processing RUH-ATZ for 28FEB
2025-12-30 17:10:24 | WARNING  | [lf.day.no_flights] No direct flights on 28FEB
2025-12-30 17:10:24 | INFO     | [SUCCESS] Day 28FEB
2025-12-30 17:10:24 | INFO     | [DAY_START] Processing 27FEB
2025-12-30 17:10:24 | INFO     | [lf.day.start] Processing RUH-ATZ for 27FEB
2025-12-30 17:10:25 | WARNING  | [lf.day.no_flights] No direct flights on 27FEB
2025-12-30 17:10:25 | INFO     | [SUCCESS] Day 27FEB
2025-12-30 17:10:25 | INFO     | [DAY_START] Processing 26FEB
2025-12-30 17:10:25 | INFO     | [lf.day.start] Processing RUH-ATZ for 26FEB
2025-12-30 17:10:26 | WARNING  | [lf.day.no_flights] No direct flights on 26FEB
2025-12-30 17:10:27 | INFO     | [SUCCESS] Day 26FEB
2025-12-30 17:10:27 | INFO     | [DAY_START] Processing 25FEB
2025-12-30 17:10:27 | INFO     | [lf.day.start] Processing RUH-ATZ for 25FEB
2025-12-30 17:10:28 | INFO     | [lf.day.flights_found] Found 1 flights on 25FEB
2025-12-30 17:10:30 | INFO     | [lf.flight.extracted] SM466 on 25FEB: BKG=35, LF=21.0%
2025-12-30 17:10:33 | INFO     | [SUCCESS] Day 25FEB
2025-12-30 17:10:33 | INFO     | [DAY_START] Processing 24FEB
2025-12-30 17:10:33 | INFO     | [lf.day.start] Processing RUH-ATZ for 24FEB
2025-12-30 17:10:34 | INFO     | [lf.day.flights_found] Found 1 flights on 24FEB
2025-12-30 17:10:36 | INFO     | [lf.flight.extracted] SM464 on 24FEB: BKG=25, LF=14.3%
2025-12-30 17:10:40 | INFO     | [SUCCESS] Day 24FEB
2025-12-30 17:10:40 | INFO     | [DAY_START] Processing 23FEB
2025-12-30 17:10:40 | INFO     | [lf.day.start] Processing RUH-ATZ for 23FEB
2025-12-30 17:10:41 | WARNING  | [lf.day.no_flights] No direct flights on 23FEB
2025-12-30 17:10:41 | INFO     | [SUCCESS] Day 23FEB
2025-12-30 17:10:41 | INFO     | [DAY_START] Processing 22FEB
2025-12-30 17:10:41 | INFO     | [lf.day.start] Processing RUH-ATZ for 22FEB
2025-12-30 17:10:42 | INFO     | [lf.day.flights_found] Found 1 flights on 22FEB
2025-12-30 17:10:44 | INFO     | [lf.flight.extracted] SM464 on 22FEB: BKG=22, LF=12.6%
2025-12-30 17:10:47 | INFO     | [SUCCESS] Day 22FEB
2025-12-30 17:10:47 | INFO     | [DAY_START] Processing 21FEB
2025-12-30 17:10:47 | INFO     | [lf.day.start] Processing RUH-ATZ for 21FEB
2025-12-30 17:10:48 | WARNING  | [lf.day.no_flights] No direct flights on 21FEB
2025-12-30 17:10:48 | INFO     | [SUCCESS] Day 21FEB
2025-12-30 17:10:48 | INFO     | [DAY_START] Processing 20FEB
2025-12-30 17:10:48 | INFO     | [lf.day.start] Processing RUH-ATZ for 20FEB
2025-12-30 17:10:49 | WARNING  | [lf.day.no_flights] No direct flights on 20FEB
2025-12-30 17:10:50 | INFO     | [SUCCESS] Day 20FEB
2025-12-30 17:10:50 | INFO     | [DAY_START] Processing 19FEB
2025-12-30 17:10:50 | INFO     | [lf.day.start] Processing RUH-ATZ for 19FEB
2025-12-30 17:10:51 | WARNING  | [lf.day.no_flights] No direct flights on 19FEB
2025-12-30 17:10:51 | INFO     | [SUCCESS] Day 19FEB
2025-12-30 17:10:51 | INFO     | [SUCCESS] LF Search Complete
2025-12-30 17:10:53 | INFO     | [Worker_9224] Completed: RUH-ATZ - 10 results, 0 errors
2025-12-30 17:10:53 | INFO     | [Worker_9224] Processing: AJF-CAI
2025-12-30 17:10:53 | INFO     |   Tier 0: Range 2, Chunk 1/3 (10 days)
