2025-12-30 17:20:13 | INFO     | ======================================================================
2025-12-30 17:20:13 | INFO     | Load Factor Scraper Started - Route: RUH-CAI
2025-12-30 17:20:13 | INFO     | Log file: D:\CODERED\LAB\market_insights\outputs\run_generated_301225_at_17.09\logs\LF_RUH-CAI_20251230_172013.log
2025-12-30 17:20:13 | INFO     | Enhanced logging: Capturing both logging.info() and print()
2025-12-30 17:20:13 | INFO     | ======================================================================
2025-12-30 17:20:13 | INFO     | Starting LF search for route: RUH-CAI
2025-12-30 17:20:13 | INFO     | [START] LF Search
2025-12-30 17:20:14 | INFO     | [HEALTH CHECK] [OK] Chrome connection is healthy
2025-12-30 17:20:14 | INFO     | [DAY_START] Processing 09FEB
2025-12-30 17:20:14 | INFO     | [lf.day.start] Processing RUH-CAI for 09FEB
2025-12-30 17:20:15 | INFO     | [lf.day.flights_found] Found 1 flights on 09FEB
2025-12-30 17:20:17 | INFO     | [lf.flight.extracted] SM470 on 09FEB: BKG=0, LF=0.0%
2025-12-30 17:20:18 | INFO     | [SUCCESS] Day 09FEB
2025-12-30 17:20:18 | INFO     | [DAY_START] Processing 08FEB
2025-12-30 17:20:18 | INFO     | [lf.day.start] Processing RUH-CAI for 08FEB
2025-12-30 17:20:19 | INFO     | [lf.day.flights_found] Found 1 flights on 08FEB
2025-12-30 17:20:21 | INFO     | [lf.flight.extracted] SM462 on 08FEB: BKG=3, LF=1.7%
2025-12-30 17:20:24 | INFO     | [SUCCESS] Day 08FEB
2025-12-30 17:20:24 | INFO     | [DAY_START] Processing 07FEB
2025-12-30 17:20:24 | INFO     | [lf.day.start] Processing RUH-CAI for 07FEB
2025-12-30 17:20:25 | INFO     | [lf.day.flights_found] Found 1 flights on 07FEB
2025-12-30 17:20:27 | INFO     | [lf.flight.extracted] SM462 on 07FEB: BKG=3, LF=1.7%
2025-12-30 17:20:29 | INFO     | [SUCCESS] Day 07FEB
2025-12-30 17:20:29 | INFO     | [DAY_START] Processing 06FEB
2025-12-30 17:20:29 | INFO     | [lf.day.start] Processing RUH-CAI for 06FEB
2025-12-30 17:20:30 | INFO     | [lf.day.flights_found] Found 2 flights on 06FEB
2025-12-30 17:20:32 | INFO     | [lf.flight.extracted] SM462 on 06FEB: BKG=8, LF=4.6%
2025-12-30 17:20:35 | INFO     | [lf.flight.extracted] SM470 on 06FEB: BKG=6, LF=3.6%
2025-12-30 17:20:39 | INFO     | [SUCCESS] Day 06FEB
2025-12-30 17:20:39 | INFO     | [DAY_START] Processing 05FEB
2025-12-30 17:20:39 | INFO     | [lf.day.start] Processing RUH-CAI for 05FEB
2025-12-30 17:20:40 | INFO     | [lf.day.flights_found] Found 1 flights on 05FEB
2025-12-30 17:20:42 | INFO     | [lf.flight.extracted] SM462 on 05FEB: BKG=1, LF=0.6%
2025-12-30 17:20:45 | INFO     | [SUCCESS] Day 05FEB
2025-12-30 17:20:45 | INFO     | [DAY_START] Processing 04FEB
2025-12-30 17:20:45 | INFO     | [lf.day.start] Processing RUH-CAI for 04FEB
2025-12-30 17:20:46 | INFO     | [lf.day.flights_found] Found 2 flights on 04FEB
2025-12-30 17:20:48 | INFO     | [lf.flight.extracted] SM462 on 04FEB: BKG=0, LF=0.0%
2025-12-30 17:20:51 | INFO     | [lf.flight.extracted] SM470 on 04FEB: BKG=1, LF=0.6%
2025-12-30 17:20:53 | INFO     | [SUCCESS] Day 04FEB
2025-12-30 17:20:53 | INFO     | [DAY_START] Processing 03FEB
2025-12-30 17:20:53 | INFO     | [lf.day.start] Processing RUH-CAI for 03FEB
2025-12-30 17:20:54 | INFO     | [lf.day.flights_found] Found 1 flights on 03FEB
2025-12-30 17:20:57 | INFO     | [lf.flight.extracted] SM470 on 03FEB: BKG=0, LF=0.0%
2025-12-30 17:20:58 | INFO     | [SUCCESS] Day 03FEB
2025-12-30 17:20:58 | INFO     | [DAY_START] Processing 02FEB
2025-12-30 17:20:58 | INFO     | [lf.day.start] Processing RUH-CAI for 02FEB
2025-12-30 17:20:59 | INFO     | [lf.day.flights_found] Found 1 flights on 02FEB
2025-12-30 17:21:01 | INFO     | [lf.flight.extracted] SM470 on 02FEB: BKG=2, LF=1.2%
2025-12-30 17:21:03 | INFO     | [SUCCESS] Day 02FEB
2025-12-30 17:21:03 | INFO     | [DAY_START] Processing 01FEB
2025-12-30 17:21:04 | INFO     | [lf.day.start] Processing RUH-CAI for 01FEB
2025-12-30 17:21:05 | INFO     | [lf.day.flights_found] Found 1 flights on 01FEB
2025-12-30 17:21:07 | INFO     | [lf.flight.extracted] SM462 on 01FEB: BKG=1, LF=0.6%
2025-12-30 17:21:11 | INFO     | [SUCCESS] Day 01FEB
2025-12-30 17:21:11 | INFO     | [SUCCESS] LF Search Complete
2025-12-30 17:21:14 | INFO     | [Worker_9223] Completed: RUH-CAI - 9 results, 0 errors
2025-12-30 17:21:14 | INFO     | [Worker_9223] Processing: ELQ-CAI
2025-12-30 17:21:14 | INFO     |   Tier 0: Range 2, Chunk 3/3 (9 days)
