2025-12-30 17:15:20 | INFO     | ======================================================================
2025-12-30 17:15:20 | INFO     | Load Factor Scraper Started - Route: RUH-ATZ
2025-12-30 17:15:20 | INFO     | Log file: D:\CODERED\LAB\market_insights\outputs\run_generated_301225_at_17.09\logs\LF_RUH-ATZ_20251230_171520.log
2025-12-30 17:15:20 | INFO     | Enhanced logging: Capturing both logging.info() and print()
2025-12-30 17:15:20 | INFO     | ======================================================================
2025-12-30 17:15:20 | INFO     | Starting LF search for route: RUH-ATZ
2025-12-30 17:15:20 | INFO     | [START] LF Search
2025-12-30 17:15:21 | INFO     | [HEALTH CHECK] [OK] Chrome connection is healthy
2025-12-30 17:15:21 | INFO     | [DAY_START] Processing 18FEB
2025-12-30 17:15:21 | INFO     | [lf.day.start] Processing RUH-ATZ for 18FEB
2025-12-30 17:15:22 | INFO     | [lf.day.flights_found] Found 1 flights on 18FEB
2025-12-30 17:15:24 | INFO     | [lf.flight.extracted] SM466 on 18FEB: BKG=8, LF=4.6%
2025-12-30 17:15:27 | INFO     | [SUCCESS] Day 18FEB
2025-12-30 17:15:27 | INFO     | [DAY_START] Processing 17FEB
2025-12-30 17:15:27 | INFO     | [lf.day.start] Processing RUH-ATZ for 17FEB
2025-12-30 17:15:28 | INFO     | [lf.day.flights_found] Found 1 flights on 17FEB
2025-12-30 17:15:30 | INFO     | [lf.flight.extracted] SM464 on 17FEB: BKG=13, LF=7.4%
2025-12-30 17:15:34 | INFO     | [SUCCESS] Day 17FEB
2025-12-30 17:15:34 | INFO     | [DAY_START] Processing 16FEB
2025-12-30 17:15:34 | INFO     | [lf.day.start] Processing RUH-ATZ for 16FEB
2025-12-30 17:15:35 | WARNING  | [lf.day.no_flights] No direct flights on 16FEB
2025-12-30 17:15:35 | INFO     | [SUCCESS] Day 16FEB
2025-12-30 17:15:35 | INFO     | [DAY_START] Processing 15FEB
2025-12-30 17:15:35 | INFO     | [lf.day.start] Processing RUH-ATZ for 15FEB
2025-12-30 17:15:37 | INFO     | [lf.day.flights_found] Found 1 flights on 15FEB
2025-12-30 17:15:41 | INFO     | [lf.flight.extracted] SM464 on 15FEB: BKG=27, LF=15.4%
2025-12-30 17:15:45 | INFO     | [SUCCESS] Day 15FEB
2025-12-30 17:15:45 | INFO     | [DAY_START] Processing 14FEB
2025-12-30 17:15:45 | INFO     | [lf.day.start] Processing RUH-ATZ for 14FEB
2025-12-30 17:15:46 | WARNING  | [lf.day.no_flights] No direct flights on 14FEB
2025-12-30 17:15:46 | INFO     | [SUCCESS] Day 14FEB
2025-12-30 17:15:46 | INFO     | [DAY_START] Processing 13FEB
2025-12-30 17:15:46 | INFO     | [lf.day.start] Processing RUH-ATZ for 13FEB
2025-12-30 17:15:47 | WARNING  | [lf.day.no_flights] No direct flights on 13FEB
2025-12-30 17:15:47 | INFO     | [SUCCESS] Day 13FEB
2025-12-30 17:15:47 | INFO     | [DAY_START] Processing 12FEB
2025-12-30 17:15:47 | INFO     | [lf.day.start] Processing RUH-ATZ for 12FEB
2025-12-30 17:15:48 | WARNING  | [lf.day.no_flights] No direct flights on 12FEB
2025-12-30 17:15:48 | INFO     | [SUCCESS] Day 12FEB
2025-12-30 17:15:48 | INFO     | [DAY_START] Processing 11FEB
2025-12-30 17:15:48 | INFO     | [lf.day.start] Processing RUH-ATZ for 11FEB
2025-12-30 17:15:50 | INFO     | [lf.day.flights_found] Found 1 flights on 11FEB
2025-12-30 17:15:52 | INFO     | [lf.flight.extracted] SM466 on 11FEB: BKG=28, LF=16.0%
2025-12-30 17:15:56 | INFO     | [SUCCESS] Day 11FEB
2025-12-30 17:15:56 | INFO     | [DAY_START] Processing 10FEB
2025-12-30 17:15:56 | INFO     | [lf.day.start] Processing RUH-ATZ for 10FEB
2025-12-30 17:15:57 | INFO     | [lf.day.flights_found] Found 1 flights on 10FEB
2025-12-30 17:15:59 | INFO     | [lf.flight.extracted] SM464 on 10FEB: BKG=17, LF=9.7%
2025-12-30 17:16:02 | INFO     | [SUCCESS] Day 10FEB
2025-12-30 17:16:02 | INFO     | [SUCCESS] LF Search Complete
2025-12-30 17:16:04 | INFO     | [Worker_9222] Completed: RUH-ATZ - 9 results, 0 errors
2025-12-30 17:16:04 | INFO     | [Worker_9222] Processing: AJF-CAI
2025-12-30 17:16:04 | INFO     |   Tier 0: Range 2, Chunk 2/3 (9 days)
