2025-12-30 17:22:19 | INFO     | ======================================================================
2025-12-30 17:22:19 | INFO     | Load Factor Scraper Started - Route: SSH-JED
2025-12-30 17:22:19 | INFO     | Log file: D:\CODERED\LAB\market_insights\outputs\run_generated_301225_at_17.09\logs\LF_SSH-JED_20251230_172219.log
2025-12-30 17:22:19 | INFO     | Enhanced logging: Capturing both logging.info() and print()
2025-12-30 17:22:19 | INFO     | ======================================================================
2025-12-30 17:22:19 | INFO     | Starting LF search for route: SSH-JED
2025-12-30 17:22:19 | INFO     | [START] LF Search
2025-12-30 17:22:21 | INFO     | [HEALTH CHECK] [OK] Chrome connection is healthy
2025-12-30 17:22:21 | INFO     | [DAY_START] Processing 09FEB
2025-12-30 17:22:21 | INFO     | [lf.day.start] Processing SSH-JED for 09FEB
2025-12-30 17:22:22 | WARNING  | [lf.day.no_flights] No direct flights on 09FEB
2025-12-30 17:22:22 | INFO     | [SUCCESS] Day 09FEB
2025-12-30 17:22:22 | INFO     | [DAY_START] Processing 08FEB
2025-12-30 17:22:22 | INFO     | [lf.day.start] Processing SSH-JED for 08FEB
2025-12-30 17:22:23 | WARNING  | [lf.day.no_flights] No direct flights on 08FEB
2025-12-30 17:22:23 | INFO     | [SUCCESS] Day 08FEB
2025-12-30 17:22:23 | INFO     | [DAY_START] Processing 07FEB
2025-12-30 17:22:23 | INFO     | [lf.day.start] Processing SSH-JED for 07FEB
2025-12-30 17:22:24 | WARNING  | [lf.day.no_flights] No direct flights on 07FEB
2025-12-30 17:22:25 | INFO     | [SUCCESS] Day 07FEB
2025-12-30 17:22:25 | INFO     | [DAY_START] Processing 06FEB
2025-12-30 17:22:25 | INFO     | [lf.day.start] Processing SSH-JED for 06FEB
2025-12-30 17:22:26 | WARNING  | [lf.day.no_flights] No direct flights on 06FEB
2025-12-30 17:22:26 | INFO     | [SUCCESS] Day 06FEB
2025-12-30 17:22:26 | INFO     | [DAY_START] Processing 05FEB
2025-12-30 17:22:26 | INFO     | [lf.day.start] Processing SSH-JED for 05FEB
2025-12-30 17:22:27 | WARNING  | [lf.day.no_flights] No direct flights on 05FEB
2025-12-30 17:22:27 | INFO     | [SUCCESS] Day 05FEB
2025-12-30 17:22:27 | INFO     | [DAY_START] Processing 04FEB
2025-12-30 17:22:27 | INFO     | [lf.day.start] Processing SSH-JED for 04FEB
2025-12-30 17:22:29 | WARNING  | [lf.day.no_flights] No direct flights on 04FEB
2025-12-30 17:22:29 | INFO     | [SUCCESS] Day 04FEB
2025-12-30 17:22:29 | INFO     | [DAY_START] Processing 03FEB
2025-12-30 17:22:29 | INFO     | [lf.day.start] Processing SSH-JED for 03FEB
2025-12-30 17:22:30 | WARNING  | [lf.day.no_flights] No direct flights on 03FEB
2025-12-30 17:22:31 | INFO     | [SUCCESS] Day 03FEB
2025-12-30 17:22:31 | INFO     | [DAY_START] Processing 02FEB
2025-12-30 17:22:31 | INFO     | [lf.day.start] Processing SSH-JED for 02FEB
2025-12-30 17:22:32 | WARNING  | [lf.day.no_flights] No direct flights on 02FEB
2025-12-30 17:22:32 | INFO     | [SUCCESS] Day 02FEB
2025-12-30 17:22:32 | INFO     | [DAY_START] Processing 01FEB
2025-12-30 17:22:32 | INFO     | [lf.day.start] Processing SSH-JED for 01FEB
2025-12-30 17:22:34 | WARNING  | [lf.day.no_flights] No direct flights on 01FEB
2025-12-30 17:22:34 | INFO     | [SUCCESS] Day 01FEB
2025-12-30 17:22:34 | INFO     | [SUCCESS] LF Search Complete
2025-12-30 17:22:36 | INFO     | [Worker_9227] Completed: SSH-JED - 9 results, 0 errors
2025-12-30 17:22:36 | INFO     | [Worker_9227] Processing: ATZ-RUH
2025-12-30 17:22:36 | INFO     |   Tier 0: Range 2, Chunk 3/3 (9 days)
