2025-12-30 17:34:57 | INFO     | ======================================================================
2025-12-30 17:34:57 | INFO     | Load Factor Scraper Started - Route: SSH-JED
2025-12-30 17:34:57 | INFO     | Log file: D:\CODERED\LAB\market_insights\outputs\run_generated_301225_at_17.09\logs\LF_SSH-JED_20251230_173457.log
2025-12-30 17:34:57 | INFO     | Enhanced logging: Capturing both logging.info() and print()
2025-12-30 17:34:57 | INFO     | ======================================================================
2025-12-30 17:34:57 | INFO     | Starting LF search for route: SSH-JED
2025-12-30 17:34:57 | INFO     | [START] LF Search
2025-12-30 17:34:58 | INFO     | [HEALTH CHECK] [OK] Chrome connection is healthy
2025-12-30 17:34:58 | INFO     | [DAY_START] Processing 31JAN
2025-12-30 17:34:58 | INFO     | [lf.day.start] Processing SSH-JED for 31JAN
2025-12-30 17:35:00 | WARNING  | [lf.day.no_flights] No direct flights on 31JAN
2025-12-30 17:35:00 | INFO     | [SUCCESS] Day 31JAN
2025-12-30 17:35:00 | INFO     | [DAY_START] Processing 30JAN
2025-12-30 17:35:00 | INFO     | [lf.day.start] Processing SSH-JED for 30JAN
2025-12-30 17:35:01 | WARNING  | [lf.day.no_flights] No direct flights on 30JAN
2025-12-30 17:35:01 | INFO     | [SUCCESS] Day 30JAN
2025-12-30 17:35:01 | INFO     | [DAY_START] Processing 29JAN
2025-12-30 17:35:01 | INFO     | [lf.day.start] Processing SSH-JED for 29JAN
2025-12-30 17:35:02 | WARNING  | [lf.day.no_flights] No direct flights on 29JAN
2025-12-30 17:35:02 | INFO     | [SUCCESS] Day 29JAN
2025-12-30 17:35:02 | INFO     | [DAY_START] Processing 28JAN
2025-12-30 17:35:02 | INFO     | [lf.day.start] Processing SSH-JED for 28JAN
2025-12-30 17:35:03 | WARNING  | [lf.day.no_flights] No direct flights on 28JAN
2025-12-30 17:35:03 | INFO     | [SUCCESS] Day 28JAN
2025-12-30 17:35:03 | INFO     | [DAY_START] Processing 27JAN
2025-12-30 17:35:03 | INFO     | [lf.day.start] Processing SSH-JED for 27JAN
2025-12-30 17:35:05 | WARNING  | [lf.day.no_flights] No direct flights on 27JAN
2025-12-30 17:35:05 | INFO     | [SUCCESS] Day 27JAN
2025-12-30 17:35:05 | INFO     | [DAY_START] Processing 26JAN
2025-12-30 17:35:05 | INFO     | [lf.day.start] Processing SSH-JED for 26JAN
2025-12-30 17:35:06 | WARNING  | [lf.day.no_flights] No direct flights on 26JAN
2025-12-30 17:35:06 | INFO     | [SUCCESS] Day 26JAN
2025-12-30 17:35:06 | INFO     | [DAY_START] Processing 25JAN
2025-12-30 17:35:06 | INFO     | [lf.day.start] Processing SSH-JED for 25JAN
2025-12-30 17:35:07 | WARNING  | [lf.day.no_flights] No direct flights on 25JAN
2025-12-30 17:35:07 | INFO     | [SUCCESS] Day 25JAN
2025-12-30 17:35:07 | INFO     | [DAY_START] Processing 24JAN
2025-12-30 17:35:07 | INFO     | [lf.day.start] Processing SSH-JED for 24JAN
2025-12-30 17:35:08 | WARNING  | [lf.day.no_flights] No direct flights on 24JAN
2025-12-30 17:35:09 | INFO     | [SUCCESS] Day 24JAN
2025-12-30 17:35:09 | INFO     | [DAY_START] Processing 23JAN
2025-12-30 17:35:09 | INFO     | [lf.day.start] Processing SSH-JED for 23JAN
2025-12-30 17:35:10 | WARNING  | [lf.day.no_flights] No direct flights on 23JAN
2025-12-30 17:35:10 | INFO     | [SUCCESS] Day 23JAN
2025-12-30 17:35:10 | INFO     | [DAY_START] Processing 22JAN
2025-12-30 17:35:10 | INFO     | [lf.day.start] Processing SSH-JED for 22JAN
2025-12-30 17:35:11 | WARNING  | [lf.day.no_flights] No direct flights on 22JAN
2025-12-30 17:35:11 | INFO     | [SUCCESS] Day 22JAN
2025-12-30 17:35:11 | INFO     | [DAY_START] Processing 21JAN
2025-12-30 17:35:11 | INFO     | [lf.day.start] Processing SSH-JED for 21JAN
2025-12-30 17:35:13 | WARNING  | [lf.day.no_flights] No direct flights on 21JAN
2025-12-30 17:35:13 | INFO     | [SUCCESS] Day 21JAN
2025-12-30 17:35:13 | INFO     | [DAY_START] Processing 20JAN
2025-12-30 17:35:13 | INFO     | [lf.day.start] Processing SSH-JED for 20JAN
2025-12-30 17:35:14 | WARNING  | [lf.day.no_flights] No direct flights on 20JAN
2025-12-30 17:35:14 | INFO     | [SUCCESS] Day 20JAN
2025-12-30 17:35:14 | INFO     | [DAY_START] Processing 19JAN
2025-12-30 17:35:14 | INFO     | [lf.day.start] Processing SSH-JED for 19JAN
2025-12-30 17:35:15 | WARNING  | [lf.day.no_flights] No direct flights on 19JAN
2025-12-30 17:35:16 | INFO     | [SUCCESS] Day 19JAN
2025-12-30 17:35:16 | INFO     | [DAY_START] Processing 18JAN
2025-12-30 17:35:16 | INFO     | [lf.day.start] Processing SSH-JED for 18JAN
2025-12-30 17:35:17 | WARNING  | [lf.day.no_flights] No direct flights on 18JAN
2025-12-30 17:35:17 | INFO     | [SUCCESS] Day 18JAN
2025-12-30 17:35:17 | INFO     | [DAY_START] Processing 17JAN
2025-12-30 17:35:17 | INFO     | [lf.day.start] Processing SSH-JED for 17JAN
2025-12-30 17:35:18 | WARNING  | [lf.day.no_flights] No direct flights on 17JAN
2025-12-30 17:35:18 | INFO     | [SUCCESS] Day 17JAN
2025-12-30 17:35:18 | INFO     | [DAY_START] Processing 16JAN
2025-12-30 17:35:18 | INFO     | [lf.day.start] Processing SSH-JED for 16JAN
2025-12-30 17:35:19 | WARNING  | [lf.day.no_flights] No direct flights on 16JAN
2025-12-30 17:35:19 | INFO     | [SUCCESS] Day 16JAN
2025-12-30 17:35:19 | INFO     | [DAY_START] Processing 15JAN
2025-12-30 17:35:19 | INFO     | [lf.day.start] Processing SSH-JED for 15JAN
2025-12-30 17:35:20 | WARNING  | [lf.day.no_flights] No direct flights on 15JAN
2025-12-30 17:35:21 | INFO     | [SUCCESS] Day 15JAN
2025-12-30 17:35:21 | INFO     | [DAY_START] Processing 14JAN
2025-12-30 17:35:21 | INFO     | [lf.day.start] Processing SSH-JED for 14JAN
2025-12-30 17:35:22 | WARNING  | [lf.day.no_flights] No direct flights on 14JAN
2025-12-30 17:35:22 | INFO     | [SUCCESS] Day 14JAN
2025-12-30 17:35:22 | INFO     | [DAY_START] Processing 13JAN
2025-12-30 17:35:22 | INFO     | [lf.day.start] Processing SSH-JED for 13JAN
2025-12-30 17:35:23 | WARNING  | [lf.day.no_flights] No direct flights on 13JAN
2025-12-30 17:35:23 | INFO     | [SUCCESS] Day 13JAN
2025-12-30 17:35:23 | INFO     | [DAY_START] Processing 12JAN
2025-12-30 17:35:23 | INFO     | [lf.day.start] Processing SSH-JED for 12JAN
2025-12-30 17:35:25 | WARNING  | [lf.day.no_flights] No direct flights on 12JAN
2025-12-30 17:35:25 | INFO     | [SUCCESS] Day 12JAN
2025-12-30 17:35:25 | INFO     | [DAY_START] Processing 11JAN
2025-12-30 17:35:25 | INFO     | [lf.day.start] Processing SSH-JED for 11JAN
2025-12-30 17:35:26 | WARNING  | [lf.day.no_flights] No direct flights on 11JAN
2025-12-30 17:35:26 | INFO     | [SUCCESS] Day 11JAN
2025-12-30 17:35:26 | INFO     | [DAY_START] Processing 10JAN
2025-12-30 17:35:26 | INFO     | [lf.day.start] Processing SSH-JED for 10JAN
2025-12-30 17:35:27 | WARNING  | [lf.day.no_flights] No direct flights on 10JAN
2025-12-30 17:35:28 | INFO     | [SUCCESS] Day 10JAN
2025-12-30 17:35:28 | INFO     | [DAY_START] Processing 09JAN
2025-12-30 17:35:28 | INFO     | [lf.day.start] Processing SSH-JED for 09JAN
2025-12-30 17:35:29 | WARNING  | [lf.day.no_flights] No direct flights on 09JAN
2025-12-30 17:35:29 | INFO     | [SUCCESS] Day 09JAN
2025-12-30 17:35:29 | INFO     | [DAY_START] Processing 08JAN
2025-12-30 17:35:29 | INFO     | [lf.day.start] Processing SSH-JED for 08JAN
2025-12-30 17:35:30 | WARNING  | [lf.day.no_flights] No direct flights on 08JAN
2025-12-30 17:35:30 | INFO     | [SUCCESS] Day 08JAN
2025-12-30 17:35:30 | INFO     | [DAY_START] Processing 07JAN
2025-12-30 17:35:30 | INFO     | [lf.day.start] Processing SSH-JED for 07JAN
2025-12-30 17:35:32 | WARNING  | [lf.day.no_flights] No direct flights on 07JAN
2025-12-30 17:35:32 | INFO     | [SUCCESS] Day 07JAN
2025-12-30 17:35:32 | INFO     | [DAY_START] Processing 06JAN
2025-12-30 17:35:32 | INFO     | [lf.day.start] Processing SSH-JED for 06JAN
2025-12-30 17:35:33 | WARNING  | [lf.day.no_flights] No direct flights on 06JAN
2025-12-30 17:35:33 | INFO     | [SUCCESS] Day 06JAN
2025-12-30 17:35:33 | INFO     | [DAY_START] Processing 05JAN
2025-12-30 17:35:33 | INFO     | [lf.day.start] Processing SSH-JED for 05JAN
2025-12-30 17:35:34 | WARNING  | [lf.day.no_flights] No direct flights on 05JAN
2025-12-30 17:35:34 | INFO     | [SUCCESS] Day 05JAN
2025-12-30 17:35:34 | INFO     | [DAY_START] Processing 04JAN
2025-12-30 17:35:34 | INFO     | [lf.day.start] Processing SSH-JED for 04JAN
2025-12-30 17:35:35 | WARNING  | [lf.day.no_flights] No direct flights on 04JAN
2025-12-30 17:35:36 | INFO     | [SUCCESS] Day 04JAN
2025-12-30 17:35:36 | INFO     | [DAY_START] Processing 03JAN
2025-12-30 17:35:36 | INFO     | [lf.day.start] Processing SSH-JED for 03JAN
2025-12-30 17:35:37 | WARNING  | [lf.day.no_flights] No direct flights on 03JAN
2025-12-30 17:35:37 | INFO     | [SUCCESS] Day 03JAN
2025-12-30 17:35:37 | INFO     | [DAY_START] Processing 02JAN
2025-12-30 17:35:37 | INFO     | [lf.day.start] Processing SSH-JED for 02JAN
2025-12-30 17:35:38 | WARNING  | [lf.day.no_flights] No direct flights on 02JAN
2025-12-30 17:35:38 | INFO     | [SUCCESS] Day 02JAN
2025-12-30 17:35:38 | INFO     | [DAY_START] Processing 01JAN
2025-12-30 17:35:38 | INFO     | [lf.day.start] Processing SSH-JED for 01JAN
2025-12-30 17:35:39 | WARNING  | [lf.day.no_flights] No direct flights on 01JAN
2025-12-30 17:35:40 | INFO     | [SUCCESS] Day 01JAN
2025-12-30 17:35:40 | INFO     | [DAY_START] Processing 31DEC
2025-12-30 17:35:40 | INFO     | [lf.day.start] Processing SSH-JED for 31DEC
2025-12-30 17:35:41 | WARNING  | [lf.day.no_flights] No direct flights on 31DEC
2025-12-30 17:35:41 | INFO     | [SUCCESS] Day 31DEC
2025-12-30 17:35:41 | INFO     | [SUCCESS] LF Search Complete
2025-12-30 17:35:43 | INFO     | [Worker_9227] Completed: SSH-JED - 32 results, 0 errors
2025-12-30 17:35:43 | INFO     | [Worker_9227] Processing: ATZ-RUH
2025-12-30 17:35:43 | INFO     |   Tier 0: Range 1 (33 days)
