2025-12-30 17:15:56 | INFO     | ======================================================================
2025-12-30 17:15:56 | INFO     | Load Factor Scraper Started - Route: TUU-CAI
2025-12-30 17:15:56 | INFO     | Log file: D:\CODERED\LAB\market_insights\outputs\run_generated_301225_at_17.09\logs\LF_TUU-CAI_20251230_171556.log
2025-12-30 17:15:56 | INFO     | Enhanced logging: Capturing both logging.info() and print()
2025-12-30 17:15:56 | INFO     | ======================================================================
2025-12-30 17:15:56 | INFO     | Starting LF search for route: TUU-CAI
2025-12-30 17:15:56 | INFO     | [START] LF Search
2025-12-30 17:15:57 | INFO     | [HEALTH CHECK] [OK] Chrome connection is healthy
2025-12-30 17:15:57 | INFO     | [DAY_START] Processing 18FEB
2025-12-30 17:15:57 | INFO     | [lf.day.start] Processing TUU-CAI for 18FEB
2025-12-30 17:15:58 | INFO     | [lf.day.flights_found] Found 1 flights on 18FEB
2025-12-30 17:16:01 | INFO     | [lf.flight.extracted] SM326 on 18FEB: BKG=0, LF=0.0%
2025-12-30 17:16:03 | INFO     | [SUCCESS] Day 18FEB
2025-12-30 17:16:03 | INFO     | [DAY_START] Processing 17FEB
2025-12-30 17:16:03 | INFO     | [lf.day.start] Processing TUU-CAI for 17FEB
2025-12-30 17:16:04 | WARNING  | [lf.day.no_flights] No direct flights on 17FEB
2025-12-30 17:16:04 | INFO     | [SUCCESS] Day 17FEB
2025-12-30 17:16:04 | INFO     | [DAY_START] Processing 16FEB
2025-12-30 17:16:04 | INFO     | [lf.day.start] Processing TUU-CAI for 16FEB
2025-12-30 17:16:05 | WARNING  | [lf.day.no_flights] No direct flights on 16FEB
2025-12-30 17:16:05 | INFO     | [SUCCESS] Day 16FEB
2025-12-30 17:16:05 | INFO     | [DAY_START] Processing 15FEB
2025-12-30 17:16:05 | INFO     | [lf.day.start] Processing TUU-CAI for 15FEB
2025-12-30 17:16:06 | WARNING  | [lf.day.no_flights] No direct flights on 15FEB
2025-12-30 17:16:06 | INFO     | [SUCCESS] Day 15FEB
2025-12-30 17:16:06 | INFO     | [DAY_START] Processing 14FEB
2025-12-30 17:16:06 | INFO     | [lf.day.start] Processing TUU-CAI for 14FEB
2025-12-30 17:16:08 | INFO     | [lf.day.flights_found] Found 1 flights on 14FEB
2025-12-30 17:16:10 | INFO     | [lf.flight.extracted] SM326 on 14FEB: BKG=1, LF=0.6%
2025-12-30 17:16:12 | INFO     | [SUCCESS] Day 14FEB
2025-12-30 17:16:12 | INFO     | [DAY_START] Processing 13FEB
2025-12-30 17:16:12 | INFO     | [lf.day.start] Processing TUU-CAI for 13FEB
2025-12-30 17:16:13 | WARNING  | [lf.day.no_flights] No direct flights on 13FEB
2025-12-30 17:16:14 | INFO     | [SUCCESS] Day 13FEB
2025-12-30 17:16:14 | INFO     | [DAY_START] Processing 12FEB
2025-12-30 17:16:14 | INFO     | [lf.day.start] Processing TUU-CAI for 12FEB
2025-12-30 17:16:15 | INFO     | [lf.day.flights_found] Found 1 flights on 12FEB
2025-12-30 17:16:17 | INFO     | [lf.flight.extracted] SM326 on 12FEB: BKG=4, LF=2.3%
2025-12-30 17:16:20 | INFO     | [SUCCESS] Day 12FEB
2025-12-30 17:16:20 | INFO     | [DAY_START] Processing 11FEB
2025-12-30 17:16:20 | INFO     | [lf.day.start] Processing TUU-CAI for 11FEB
2025-12-30 17:16:21 | INFO     | [lf.day.flights_found] Found 1 flights on 11FEB
2025-12-30 17:16:23 | INFO     | [lf.flight.extracted] SM326 on 11FEB: BKG=0, LF=0.0%
2025-12-30 17:16:24 | INFO     | [SUCCESS] Day 11FEB
2025-12-30 17:16:24 | INFO     | [DAY_START] Processing 10FEB
2025-12-30 17:16:24 | INFO     | [lf.day.start] Processing TUU-CAI for 10FEB
2025-12-30 17:16:25 | WARNING  | [lf.day.no_flights] No direct flights on 10FEB
2025-12-30 17:16:25 | INFO     | [SUCCESS] Day 10FEB
2025-12-30 17:16:25 | INFO     | [SUCCESS] LF Search Complete
2025-12-30 17:16:27 | INFO     | [Worker_9233] Completed: TUU-CAI - 9 results, 0 errors
2025-12-30 17:16:27 | INFO     | [Worker_9233] Processing: AHB-ATZ
2025-12-30 17:16:27 | INFO     |   Tier 0: Range 2, Chunk 2/3 (9 days)
