2025-12-30 17:10:40 | INFO     | ======================================================================
2025-12-30 17:10:40 | INFO     | Load Factor Scraper Started - Route: TUU-CAI
2025-12-30 17:10:40 | INFO     | Log file: D:\CODERED\LAB\market_insights\outputs\run_generated_301225_at_17.09\logs\LF_TUU-CAI_20251230_171040.log
2025-12-30 17:10:40 | INFO     | Enhanced logging: Capturing both logging.info() and print()
2025-12-30 17:10:40 | INFO     | ======================================================================
2025-12-30 17:10:40 | INFO     | Starting LF search for route: TUU-CAI
2025-12-30 17:10:40 | INFO     | [START] LF Search
2025-12-30 17:10:41 | INFO     | [HEALTH CHECK] [OK] Chrome connection is healthy
2025-12-30 17:10:41 | INFO     | [DAY_START] Processing 28FEB
2025-12-30 17:10:41 | INFO     | [lf.day.start] Processing TUU-CAI for 28FEB
2025-12-30 17:10:42 | INFO     | [lf.day.flights_found] Found 1 flights on 28FEB
2025-12-30 17:10:44 | INFO     | [lf.flight.extracted] SM326 on 28FEB: BKG=2, LF=1.1%
2025-12-30 17:10:47 | INFO     | [SUCCESS] Day 28FEB
2025-12-30 17:10:47 | INFO     | [DAY_START] Processing 27FEB
2025-12-30 17:10:47 | INFO     | [lf.day.start] Processing TUU-CAI for 27FEB
2025-12-30 17:10:48 | WARNING  | [lf.day.no_flights] No direct flights on 27FEB
2025-12-30 17:10:48 | INFO     | [SUCCESS] Day 27FEB
2025-12-30 17:10:48 | INFO     | [DAY_START] Processing 26FEB
2025-12-30 17:10:48 | INFO     | [lf.day.start] Processing TUU-CAI for 26FEB
2025-12-30 17:10:49 | INFO     | [lf.day.flights_found] Found 1 flights on 26FEB
2025-12-30 17:10:51 | INFO     | [lf.flight.extracted] SM326 on 26FEB: BKG=0, LF=0.0%
2025-12-30 17:10:52 | INFO     | [SUCCESS] Day 26FEB
2025-12-30 17:10:52 | INFO     | [DAY_START] Processing 25FEB
2025-12-30 17:10:52 | INFO     | [lf.day.start] Processing TUU-CAI for 25FEB
2025-12-30 17:10:53 | INFO     | [lf.day.flights_found] Found 1 flights on 25FEB
2025-12-30 17:10:55 | INFO     | [lf.flight.extracted] SM326 on 25FEB: BKG=13, LF=7.6%
2025-12-30 17:10:58 | INFO     | [SUCCESS] Day 25FEB
2025-12-30 17:10:58 | INFO     | [DAY_START] Processing 24FEB
2025-12-30 17:10:58 | INFO     | [lf.day.start] Processing TUU-CAI for 24FEB
2025-12-30 17:10:59 | WARNING  | [lf.day.no_flights] No direct flights on 24FEB
2025-12-30 17:10:59 | INFO     | [SUCCESS] Day 24FEB
2025-12-30 17:10:59 | INFO     | [DAY_START] Processing 23FEB
2025-12-30 17:10:59 | INFO     | [lf.day.start] Processing TUU-CAI for 23FEB
2025-12-30 17:11:00 | WARNING  | [lf.day.no_flights] No direct flights on 23FEB
2025-12-30 17:11:00 | INFO     | [SUCCESS] Day 23FEB
2025-12-30 17:11:00 | INFO     | [DAY_START] Processing 22FEB
2025-12-30 17:11:00 | INFO     | [lf.day.start] Processing TUU-CAI for 22FEB
2025-12-30 17:11:01 | WARNING  | [lf.day.no_flights] No direct flights on 22FEB
2025-12-30 17:11:01 | INFO     | [SUCCESS] Day 22FEB
2025-12-30 17:11:01 | INFO     | [DAY_START] Processing 21FEB
2025-12-30 17:11:01 | INFO     | [lf.day.start] Processing TUU-CAI for 21FEB
2025-12-30 17:11:02 | INFO     | [lf.day.flights_found] Found 1 flights on 21FEB
2025-12-30 17:11:04 | INFO     | [lf.flight.extracted] SM326 on 21FEB: BKG=13, LF=7.4%
2025-12-30 17:11:07 | INFO     | [SUCCESS] Day 21FEB
2025-12-30 17:11:07 | INFO     | [DAY_START] Processing 20FEB
2025-12-30 17:11:07 | INFO     | [lf.day.start] Processing TUU-CAI for 20FEB
2025-12-30 17:11:08 | WARNING  | [lf.day.no_flights] No direct flights on 20FEB
2025-12-30 17:11:08 | INFO     | [SUCCESS] Day 20FEB
2025-12-30 17:11:08 | INFO     | [DAY_START] Processing 19FEB
2025-12-30 17:11:08 | INFO     | [lf.day.start] Processing TUU-CAI for 19FEB
2025-12-30 17:11:09 | INFO     | [lf.day.flights_found] Found 1 flights on 19FEB
2025-12-30 17:11:11 | INFO     | [lf.flight.extracted] SM326 on 19FEB: BKG=12, LF=7.0%
2025-12-30 17:11:14 | INFO     | [SUCCESS] Day 19FEB
2025-12-30 17:11:14 | INFO     | [SUCCESS] LF Search Complete
2025-12-30 17:11:16 | INFO     | [Worker_9226] Completed: TUU-CAI - 10 results, 0 errors
2025-12-30 17:11:16 | INFO     | [Worker_9226] Processing: YNB-CAI
2025-12-30 17:11:16 | INFO     |   Tier 0: Range 2, Chunk 1/3 (10 days)
