2026-01-04 09:20:45 | INFO     | ======================================================================
2026-01-04 09:20:45 | INFO     | Load Factor Scraper Started - Route: AHB-ATZ
2026-01-04 09:20:45 | INFO     | Log file: D:\CODERED\LAB\market_insights\outputs\run_generated_040126_at_09.19\logs\LF_AHB-ATZ_20260104_092045.log
2026-01-04 09:20:45 | INFO     | Enhanced logging: Capturing both logging.info() and print()
2026-01-04 09:20:45 | INFO     | ======================================================================
2026-01-04 09:20:45 | INFO     | Starting LF search for route: AHB-ATZ
2026-01-04 09:20:45 | INFO     | [START] LF Search
2026-01-04 09:20:46 | INFO     | [HEALTH CHECK] [OK] Chrome connection is healthy
2026-01-04 09:20:46 | INFO     | [DAY_START] Processing 31JAN
2026-01-04 09:20:46 | INFO     | [lf.day.start] Processing AHB-ATZ for 31JAN
2026-01-04 09:20:47 | WARNING  | [lf.day.no_flights] No direct flights on 31JAN
2026-01-04 09:20:47 | INFO     | [SUCCESS] Day 31JAN
2026-01-04 09:20:47 | INFO     | [DAY_START] Processing 30JAN
2026-01-04 09:20:47 | INFO     | [lf.day.start] Processing AHB-ATZ for 30JAN
2026-01-04 09:20:48 | INFO     | [lf.day.flights_found] Found 1 flights on 30JAN
2026-01-04 09:20:50 | INFO     | [lf.flight.extracted] SM446 on 30JAN: BKG=33, LF=19.8%
2026-01-04 09:20:53 | INFO     | [SUCCESS] Day 30JAN
2026-01-04 09:20:53 | INFO     | [DAY_START] Processing 29JAN
2026-01-04 09:20:53 | INFO     | [lf.day.start] Processing AHB-ATZ for 29JAN
2026-01-04 09:20:54 | WARNING  | [lf.day.no_flights] No direct flights on 29JAN
2026-01-04 09:20:54 | INFO     | [SUCCESS] Day 29JAN
2026-01-04 09:20:54 | INFO     | [DAY_START] Processing 28JAN
2026-01-04 09:20:54 | INFO     | [lf.day.start] Processing AHB-ATZ for 28JAN
2026-01-04 09:20:55 | WARNING  | [lf.day.no_flights] No direct flights on 28JAN
2026-01-04 09:20:55 | INFO     | [SUCCESS] Day 28JAN
2026-01-04 09:20:55 | INFO     | [DAY_START] Processing 27JAN
2026-01-04 09:20:55 | INFO     | [lf.day.start] Processing AHB-ATZ for 27JAN
2026-01-04 09:20:56 | WARNING  | [lf.day.no_flights] No direct flights on 27JAN
2026-01-04 09:20:56 | INFO     | [SUCCESS] Day 27JAN
2026-01-04 09:20:56 | INFO     | [DAY_START] Processing 26JAN
2026-01-04 09:20:56 | INFO     | [lf.day.start] Processing AHB-ATZ for 26JAN
2026-01-04 09:20:57 | WARNING  | [lf.day.no_flights] No direct flights on 26JAN
2026-01-04 09:20:57 | INFO     | [SUCCESS] Day 26JAN
2026-01-04 09:20:57 | INFO     | [DAY_START] Processing 25JAN
2026-01-04 09:20:57 | INFO     | [lf.day.start] Processing AHB-ATZ for 25JAN
2026-01-04 09:20:58 | WARNING  | [lf.day.no_flights] No direct flights on 25JAN
2026-01-04 09:20:58 | INFO     | [SUCCESS] Day 25JAN
2026-01-04 09:20:58 | INFO     | [SUCCESS] LF Search Complete
2026-01-04 09:21:00 | INFO     | [Worker_9234] Completed: AHB-ATZ - 7 results, 0 errors
2026-01-04 09:21:00 | INFO     | [Worker_9234] Processing: MED-CAI
2026-01-04 09:21:00 | INFO     |   Tier 0: Range 1, Chunk 2/4 (7 days)
