2026-01-04 09:23:23 | INFO     | ======================================================================
2026-01-04 09:23:23 | INFO     | Load Factor Scraper Started - Route: AHB-ATZ
2026-01-04 09:23:23 | INFO     | Log file: D:\CODERED\LAB\market_insights\outputs\run_generated_040126_at_09.19\logs\LF_AHB-ATZ_20260104_092323.log
2026-01-04 09:23:23 | INFO     | Enhanced logging: Capturing both logging.info() and print()
2026-01-04 09:23:23 | INFO     | ======================================================================
2026-01-04 09:23:23 | INFO     | Starting LF search for route: AHB-ATZ
2026-01-04 09:23:23 | INFO     | [START] LF Search
2026-01-04 09:23:25 | INFO     | [HEALTH CHECK] [OK] Chrome connection is healthy
2026-01-04 09:23:25 | INFO     | [DAY_START] Processing 24JAN
2026-01-04 09:23:25 | INFO     | [lf.day.start] Processing AHB-ATZ for 24JAN
2026-01-04 09:23:26 | WARNING  | [lf.day.no_flights] No direct flights on 24JAN
2026-01-04 09:23:26 | INFO     | [SUCCESS] Day 24JAN
2026-01-04 09:23:26 | INFO     | [DAY_START] Processing 23JAN
2026-01-04 09:23:26 | INFO     | [lf.day.start] Processing AHB-ATZ for 23JAN
2026-01-04 09:23:27 | INFO     | [lf.day.flights_found] Found 1 flights on 23JAN
2026-01-04 09:23:29 | INFO     | [lf.flight.extracted] SM446 on 23JAN: BKG=49, LF=28.0%
2026-01-04 09:23:33 | INFO     | [SUCCESS] Day 23JAN
2026-01-04 09:23:33 | INFO     | [DAY_START] Processing 22JAN
2026-01-04 09:23:33 | INFO     | [lf.day.start] Processing AHB-ATZ for 22JAN
2026-01-04 09:23:34 | WARNING  | [lf.day.no_flights] No direct flights on 22JAN
2026-01-04 09:23:34 | INFO     | [SUCCESS] Day 22JAN
2026-01-04 09:23:34 | INFO     | [DAY_START] Processing 21JAN
2026-01-04 09:23:34 | INFO     | [lf.day.start] Processing AHB-ATZ for 21JAN
2026-01-04 09:23:35 | WARNING  | [lf.day.no_flights] No direct flights on 21JAN
2026-01-04 09:23:36 | INFO     | [SUCCESS] Day 21JAN
2026-01-04 09:23:36 | INFO     | [DAY_START] Processing 20JAN
2026-01-04 09:23:36 | INFO     | [lf.day.start] Processing AHB-ATZ for 20JAN
2026-01-04 09:23:36 | WARNING  | [lf.day.no_flights] No direct flights on 20JAN
2026-01-04 09:23:37 | INFO     | [SUCCESS] Day 20JAN
2026-01-04 09:23:37 | INFO     | [DAY_START] Processing 19JAN
2026-01-04 09:23:37 | INFO     | [lf.day.start] Processing AHB-ATZ for 19JAN
2026-01-04 09:23:38 | WARNING  | [lf.day.no_flights] No direct flights on 19JAN
2026-01-04 09:23:38 | INFO     | [SUCCESS] Day 19JAN
2026-01-04 09:23:38 | INFO     | [DAY_START] Processing 18JAN
2026-01-04 09:23:38 | INFO     | [lf.day.start] Processing AHB-ATZ for 18JAN
2026-01-04 09:23:39 | WARNING  | [lf.day.no_flights] No direct flights on 18JAN
2026-01-04 09:23:39 | INFO     | [SUCCESS] Day 18JAN
2026-01-04 09:23:39 | INFO     | [SUCCESS] LF Search Complete
2026-01-04 09:23:41 | INFO     | [Worker_9232] Completed: AHB-ATZ - 7 results, 0 errors
2026-01-04 09:23:41 | INFO     | [Worker_9232] Processing: MED-HBE
2026-01-04 09:23:41 | INFO     |   Tier 0: Range 1, Chunk 3/4 (7 days)
