2026-01-04 09:20:35 | INFO     | ======================================================================
2026-01-04 09:20:35 | INFO     | Load Factor Scraper Started - Route: AJF-CAI
2026-01-04 09:20:35 | INFO     | Log file: D:\CODERED\LAB\market_insights\outputs\run_generated_040126_at_09.19\logs\LF_AJF-CAI_20260104_092035.log
2026-01-04 09:20:35 | INFO     | Enhanced logging: Capturing both logging.info() and print()
2026-01-04 09:20:35 | INFO     | ======================================================================
2026-01-04 09:20:35 | INFO     | Starting LF search for route: AJF-CAI
2026-01-04 09:20:35 | INFO     | [START] LF Search
2026-01-04 09:20:37 | INFO     | [HEALTH CHECK] [OK] Chrome connection is healthy
2026-01-04 09:20:37 | INFO     | [DAY_START] Processing 31JAN
2026-01-04 09:20:37 | INFO     | [lf.day.start] Processing AJF-CAI for 31JAN
2026-01-04 09:20:38 | INFO     | [lf.day.flights_found] Found 1 flights on 31JAN
2026-01-04 09:20:40 | INFO     | [lf.flight.extracted] SM322 on 31JAN: BKG=20, LF=11.4%
2026-01-04 09:20:43 | INFO     | [SUCCESS] Day 31JAN
2026-01-04 09:20:43 | INFO     | [DAY_START] Processing 30JAN
2026-01-04 09:20:43 | INFO     | [lf.day.start] Processing AJF-CAI for 30JAN
2026-01-04 09:20:44 | WARNING  | [lf.day.no_flights] No direct flights on 30JAN
2026-01-04 09:20:44 | INFO     | [SUCCESS] Day 30JAN
2026-01-04 09:20:44 | INFO     | [DAY_START] Processing 29JAN
2026-01-04 09:20:44 | INFO     | [lf.day.start] Processing AJF-CAI for 29JAN
2026-01-04 09:20:45 | INFO     | [lf.day.flights_found] Found 1 flights on 29JAN
2026-01-04 09:20:47 | INFO     | [lf.flight.extracted] SM322 on 29JAN: BKG=11, LF=6.3%
2026-01-04 09:20:49 | INFO     | [SUCCESS] Day 29JAN
2026-01-04 09:20:49 | INFO     | [DAY_START] Processing 28JAN
2026-01-04 09:20:49 | INFO     | [lf.day.start] Processing AJF-CAI for 28JAN
2026-01-04 09:20:50 | WARNING  | [lf.day.no_flights] No direct flights on 28JAN
2026-01-04 09:20:50 | INFO     | [SUCCESS] Day 28JAN
2026-01-04 09:20:50 | INFO     | [DAY_START] Processing 27JAN
2026-01-04 09:20:50 | INFO     | [lf.day.start] Processing AJF-CAI for 27JAN
2026-01-04 09:20:51 | INFO     | [lf.day.flights_found] Found 1 flights on 27JAN
2026-01-04 09:20:53 | INFO     | [lf.flight.extracted] SM322 on 27JAN: BKG=13, LF=7.4%
2026-01-04 09:20:56 | INFO     | [SUCCESS] Day 27JAN
2026-01-04 09:20:56 | INFO     | [DAY_START] Processing 26JAN
2026-01-04 09:20:56 | INFO     | [lf.day.start] Processing AJF-CAI for 26JAN
2026-01-04 09:20:57 | WARNING  | [lf.day.no_flights] No direct flights on 26JAN
2026-01-04 09:20:57 | INFO     | [SUCCESS] Day 26JAN
2026-01-04 09:20:57 | INFO     | [DAY_START] Processing 25JAN
2026-01-04 09:20:57 | INFO     | [lf.day.start] Processing AJF-CAI for 25JAN
2026-01-04 09:20:58 | WARNING  | [lf.day.no_flights] No direct flights on 25JAN
2026-01-04 09:20:58 | INFO     | [SUCCESS] Day 25JAN
2026-01-04 09:20:58 | INFO     | [SUCCESS] LF Search Complete
2026-01-04 09:21:00 | INFO     | [Worker_9232] Completed: AJF-CAI - 7 results, 0 errors
2026-01-04 09:21:00 | INFO     | [Worker_9232] Processing: GIZ-CAI
2026-01-04 09:21:00 | INFO     |   Tier 0: Range 1, Chunk 1/4 (7 days)
