2026-01-04 09:22:35 | INFO     | ======================================================================
2026-01-04 09:22:35 | INFO     | Load Factor Scraper Started - Route: DMM-CAI
2026-01-04 09:22:35 | INFO     | Log file: D:\CODERED\LAB\market_insights\outputs\run_generated_040126_at_09.19\logs\LF_DMM-CAI_20260104_092235.log
2026-01-04 09:22:35 | INFO     | Enhanced logging: Capturing both logging.info() and print()
2026-01-04 09:22:35 | INFO     | ======================================================================
2026-01-04 09:22:35 | INFO     | Starting LF search for route: DMM-CAI
2026-01-04 09:22:35 | INFO     | [START] LF Search
2026-01-04 09:22:36 | INFO     | [HEALTH CHECK] [OK] Chrome connection is healthy
2026-01-04 09:22:36 | INFO     | [DAY_START] Processing 24JAN
2026-01-04 09:22:36 | INFO     | [lf.day.start] Processing DMM-CAI for 24JAN
2026-01-04 09:22:37 | INFO     | [lf.day.flights_found] Found 1 flights on 24JAN
2026-01-04 09:22:39 | INFO     | [lf.flight.extracted] SM434 on 24JAN: BKG=19, LF=11.3%
2026-01-04 09:22:41 | INFO     | [SUCCESS] Day 24JAN
2026-01-04 09:22:41 | INFO     | [DAY_START] Processing 23JAN
2026-01-04 09:22:41 | INFO     | [lf.day.start] Processing DMM-CAI for 23JAN
2026-01-04 09:22:42 | INFO     | [lf.day.flights_found] Found 1 flights on 23JAN
2026-01-04 09:22:44 | INFO     | [lf.flight.extracted] SM434 on 23JAN: BKG=25, LF=14.3%
2026-01-04 09:22:47 | INFO     | [SUCCESS] Day 23JAN
2026-01-04 09:22:47 | INFO     | [DAY_START] Processing 22JAN
2026-01-04 09:22:47 | INFO     | [lf.day.start] Processing DMM-CAI for 22JAN
2026-01-04 09:22:48 | INFO     | [lf.day.flights_found] Found 1 flights on 22JAN
2026-01-04 09:22:50 | INFO     | [lf.flight.extracted] SM434 on 22JAN: BKG=29, LF=16.6%
2026-01-04 09:22:53 | INFO     | [SUCCESS] Day 22JAN
2026-01-04 09:22:53 | INFO     | [DAY_START] Processing 21JAN
2026-01-04 09:22:53 | INFO     | [lf.day.start] Processing DMM-CAI for 21JAN
2026-01-04 09:22:54 | WARNING  | [lf.day.no_flights] No direct flights on 21JAN
2026-01-04 09:22:54 | INFO     | [SUCCESS] Day 21JAN
2026-01-04 09:22:54 | INFO     | [DAY_START] Processing 20JAN
2026-01-04 09:22:54 | INFO     | [lf.day.start] Processing DMM-CAI for 20JAN
2026-01-04 09:22:55 | INFO     | [lf.day.flights_found] Found 1 flights on 20JAN
2026-01-04 09:22:57 | INFO     | [lf.flight.extracted] SM434 on 20JAN: BKG=36, LF=20.6%
2026-01-04 09:23:00 | INFO     | [SUCCESS] Day 20JAN
2026-01-04 09:23:00 | INFO     | [DAY_START] Processing 19JAN
2026-01-04 09:23:00 | INFO     | [lf.day.start] Processing DMM-CAI for 19JAN
2026-01-04 09:23:01 | WARNING  | [lf.day.no_flights] No direct flights on 19JAN
2026-01-04 09:23:01 | INFO     | [SUCCESS] Day 19JAN
2026-01-04 09:23:01 | INFO     | [DAY_START] Processing 18JAN
2026-01-04 09:23:01 | INFO     | [lf.day.start] Processing DMM-CAI for 18JAN
2026-01-04 09:23:02 | WARNING  | [lf.day.no_flights] No direct flights on 18JAN
2026-01-04 09:23:02 | INFO     | [SUCCESS] Day 18JAN
2026-01-04 09:23:02 | INFO     | [SUCCESS] LF Search Complete
2026-01-04 09:23:04 | INFO     | [Worker_9225] Completed: DMM-CAI - 7 results, 0 errors
2026-01-04 09:23:04 | INFO     | [Worker_9225] Processing: AJF-CAI
2026-01-04 09:23:04 | INFO     |   Tier 0: Range 1, Chunk 2/4 (7 days)
