2026-01-04 09:28:05 | INFO     | ======================================================================
2026-01-04 09:28:05 | INFO     | Load Factor Scraper Started - Route: ELQ-CAI
2026-01-04 09:28:05 | INFO     | Log file: D:\CODERED\LAB\market_insights\outputs\run_generated_040126_at_09.19\logs\LF_ELQ-CAI_20260104_092805.log
2026-01-04 09:28:05 | INFO     | Enhanced logging: Capturing both logging.info() and print()
2026-01-04 09:28:05 | INFO     | ======================================================================
2026-01-04 09:28:05 | INFO     | Starting LF search for route: ELQ-CAI
2026-01-04 09:28:05 | INFO     | [START] LF Search
2026-01-04 09:28:07 | INFO     | [HEALTH CHECK] [OK] Chrome connection is healthy
2026-01-04 09:28:08 | INFO     | [DAY_START] Processing 10JAN
2026-01-04 09:28:08 | INFO     | [lf.day.start] Processing ELQ-CAI for 10JAN
2026-01-04 09:28:09 | INFO     | [lf.day.flights_found] Found 1 flights on 10JAN
2026-01-04 09:28:11 | INFO     | [lf.flight.extracted] SM428 on 10JAN: BKG=60, LF=35.9%
2026-01-04 09:28:16 | INFO     | [SUCCESS] Day 10JAN
2026-01-04 09:28:16 | INFO     | [DAY_START] Processing 09JAN
2026-01-04 09:28:16 | INFO     | [lf.day.start] Processing ELQ-CAI for 09JAN
2026-01-04 09:28:17 | WARNING  | [lf.day.no_flights] No direct flights on 09JAN
2026-01-04 09:28:17 | INFO     | [SUCCESS] Day 09JAN
2026-01-04 09:28:17 | INFO     | [DAY_START] Processing 08JAN
2026-01-04 09:28:17 | INFO     | [lf.day.start] Processing ELQ-CAI for 08JAN
2026-01-04 09:28:19 | INFO     | [lf.day.flights_found] Found 1 flights on 08JAN
2026-01-04 09:28:22 | INFO     | [lf.flight.extracted] SM428 on 08JAN: BKG=91, LF=52.0%
2026-01-04 09:28:33 | INFO     | [SUCCESS] Day 08JAN
2026-01-04 09:28:33 | INFO     | [DAY_START] Processing 07JAN
2026-01-04 09:28:33 | INFO     | [lf.day.start] Processing ELQ-CAI for 07JAN
2026-01-04 09:28:34 | WARNING  | [lf.day.no_flights] No direct flights on 07JAN
2026-01-04 09:28:34 | INFO     | [SUCCESS] Day 07JAN
2026-01-04 09:28:34 | INFO     | [DAY_START] Processing 06JAN
2026-01-04 09:28:34 | INFO     | [lf.day.start] Processing ELQ-CAI for 06JAN
2026-01-04 09:28:35 | WARNING  | [lf.day.no_flights] No direct flights on 06JAN
2026-01-04 09:28:35 | INFO     | [SUCCESS] Day 06JAN
2026-01-04 09:28:35 | INFO     | [DAY_START] Processing 05JAN
2026-01-04 09:28:35 | INFO     | [lf.day.start] Processing ELQ-CAI for 05JAN
2026-01-04 09:28:36 | WARNING  | [lf.day.no_flights] No direct flights on 05JAN
2026-01-04 09:28:36 | INFO     | [SUCCESS] Day 05JAN
2026-01-04 09:28:36 | INFO     | [SUCCESS] LF Search Complete
2026-01-04 09:28:38 | INFO     | [Worker_9232] Completed: ELQ-CAI - 6 results, 0 errors
2026-01-04 09:49:06 | INFO     | [Worker_9232] Shutdown signal received, exiting...
2026-01-04 09:49:06 | INFO     | [Worker_9232] Finished. Processed 14 groups.
