2026-01-04 09:20:46 | INFO     | ======================================================================
2026-01-04 09:20:46 | INFO     | Load Factor Scraper Started - Route: ELQ-CAI
2026-01-04 09:20:46 | INFO     | Log file: D:\CODERED\LAB\market_insights\outputs\run_generated_040126_at_09.19\logs\LF_ELQ-CAI_20260104_092046.log
2026-01-04 09:20:46 | INFO     | Enhanced logging: Capturing both logging.info() and print()
2026-01-04 09:20:46 | INFO     | ======================================================================
2026-01-04 09:20:46 | INFO     | Starting LF search for route: ELQ-CAI
2026-01-04 09:20:46 | INFO     | [START] LF Search
2026-01-04 09:20:47 | INFO     | [HEALTH CHECK] [OK] Chrome connection is healthy
2026-01-04 09:20:47 | INFO     | [DAY_START] Processing 31JAN
2026-01-04 09:20:47 | INFO     | [lf.day.start] Processing ELQ-CAI for 31JAN
2026-01-04 09:20:48 | INFO     | [lf.day.flights_found] Found 1 flights on 31JAN
2026-01-04 09:20:50 | INFO     | [lf.flight.extracted] SM428 on 31JAN: BKG=19, LF=11.4%
2026-01-04 09:20:54 | INFO     | [SUCCESS] Day 31JAN
2026-01-04 09:20:54 | INFO     | [DAY_START] Processing 30JAN
2026-01-04 09:20:54 | INFO     | [lf.day.start] Processing ELQ-CAI for 30JAN
2026-01-04 09:20:55 | WARNING  | [lf.day.no_flights] No direct flights on 30JAN
2026-01-04 09:20:55 | INFO     | [SUCCESS] Day 30JAN
2026-01-04 09:20:55 | INFO     | [DAY_START] Processing 29JAN
2026-01-04 09:20:55 | INFO     | [lf.day.start] Processing ELQ-CAI for 29JAN
2026-01-04 09:20:56 | INFO     | [lf.day.flights_found] Found 1 flights on 29JAN
2026-01-04 09:20:58 | INFO     | [lf.flight.extracted] SM428 on 29JAN: BKG=11, LF=6.7%
2026-01-04 09:21:01 | INFO     | [SUCCESS] Day 29JAN
2026-01-04 09:21:01 | INFO     | [DAY_START] Processing 28JAN
2026-01-04 09:21:01 | INFO     | [lf.day.start] Processing ELQ-CAI for 28JAN
2026-01-04 09:21:02 | WARNING  | [lf.day.no_flights] No direct flights on 28JAN
2026-01-04 09:21:02 | INFO     | [SUCCESS] Day 28JAN
2026-01-04 09:21:02 | INFO     | [DAY_START] Processing 27JAN
2026-01-04 09:21:02 | INFO     | [lf.day.start] Processing ELQ-CAI for 27JAN
2026-01-04 09:21:03 | WARNING  | [lf.day.no_flights] No direct flights on 27JAN
2026-01-04 09:21:03 | INFO     | [SUCCESS] Day 27JAN
2026-01-04 09:21:03 | INFO     | [DAY_START] Processing 26JAN
2026-01-04 09:21:03 | INFO     | [lf.day.start] Processing ELQ-CAI for 26JAN
2026-01-04 09:21:04 | WARNING  | [lf.day.no_flights] No direct flights on 26JAN
2026-01-04 09:21:04 | INFO     | [SUCCESS] Day 26JAN
2026-01-04 09:21:04 | INFO     | [DAY_START] Processing 25JAN
2026-01-04 09:21:04 | INFO     | [lf.day.start] Processing ELQ-CAI for 25JAN
2026-01-04 09:21:05 | INFO     | [lf.day.flights_found] Found 1 flights on 25JAN
2026-01-04 09:21:07 | INFO     | [lf.flight.extracted] SM428 on 25JAN: BKG=15, LF=9.0%
2026-01-04 09:21:09 | INFO     | [SUCCESS] Day 25JAN
2026-01-04 09:21:09 | INFO     | [SUCCESS] LF Search Complete
2026-01-04 09:21:11 | INFO     | [Worker_9223] Completed: ELQ-CAI - 7 results, 0 errors
2026-01-04 09:21:11 | INFO     | [Worker_9223] Processing: MED-HBE
2026-01-04 09:21:11 | INFO     |   Tier 0: Range 1, Chunk 2/4 (7 days)
