2026-01-04 09:23:25 | INFO     | ======================================================================
2026-01-04 09:23:25 | INFO     | Load Factor Scraper Started - Route: ELQ-ATZ
2026-01-04 09:23:25 | INFO     | Log file: D:\CODERED\LAB\market_insights\outputs\run_generated_040126_at_09.19\logs\LF_ELQ-ATZ_20260104_092325.log
2026-01-04 09:23:25 | INFO     | Enhanced logging: Capturing both logging.info() and print()
2026-01-04 09:23:25 | INFO     | ======================================================================
2026-01-04 09:23:25 | INFO     | Starting LF search for route: ELQ-ATZ
2026-01-04 09:23:25 | INFO     | [START] LF Search
2026-01-04 09:23:26 | INFO     | [HEALTH CHECK] [OK] Chrome connection is healthy
2026-01-04 09:23:26 | INFO     | [DAY_START] Processing 24JAN
2026-01-04 09:23:26 | INFO     | [lf.day.start] Processing ELQ-ATZ for 24JAN
2026-01-04 09:23:28 | INFO     | [lf.day.flights_found] Found 1 flights on 24JAN
2026-01-04 09:23:30 | INFO     | [lf.flight.extracted] SM436 on 24JAN: BKG=75, LF=44.9%
2026-01-04 09:23:35 | INFO     | [SUCCESS] Day 24JAN
2026-01-04 09:23:35 | INFO     | [DAY_START] Processing 23JAN
2026-01-04 09:23:35 | INFO     | [lf.day.start] Processing ELQ-ATZ for 23JAN
2026-01-04 09:23:36 | WARNING  | [lf.day.no_flights] No direct flights on 23JAN
2026-01-04 09:23:36 | INFO     | [SUCCESS] Day 23JAN
2026-01-04 09:23:36 | INFO     | [DAY_START] Processing 22JAN
2026-01-04 09:23:36 | INFO     | [lf.day.start] Processing ELQ-ATZ for 22JAN
2026-01-04 09:23:37 | WARNING  | [lf.day.no_flights] No direct flights on 22JAN
2026-01-04 09:23:38 | INFO     | [SUCCESS] Day 22JAN
2026-01-04 09:23:38 | INFO     | [DAY_START] Processing 21JAN
2026-01-04 09:23:38 | INFO     | [lf.day.start] Processing ELQ-ATZ for 21JAN
2026-01-04 09:23:38 | INFO     | [lf.day.flights_found] Found 1 flights on 21JAN
2026-01-04 09:23:41 | INFO     | [lf.flight.extracted] SM436 on 21JAN: BKG=61, LF=36.5%
2026-01-04 09:23:46 | INFO     | [SUCCESS] Day 21JAN
2026-01-04 09:23:46 | INFO     | [DAY_START] Processing 20JAN
2026-01-04 09:23:46 | INFO     | [lf.day.start] Processing ELQ-ATZ for 20JAN
2026-01-04 09:23:47 | WARNING  | [lf.day.no_flights] No direct flights on 20JAN
2026-01-04 09:23:47 | INFO     | [SUCCESS] Day 20JAN
2026-01-04 09:23:47 | INFO     | [DAY_START] Processing 19JAN
2026-01-04 09:23:47 | INFO     | [lf.day.start] Processing ELQ-ATZ for 19JAN
2026-01-04 09:23:48 | WARNING  | [lf.day.no_flights] No direct flights on 19JAN
2026-01-04 09:23:48 | INFO     | [SUCCESS] Day 19JAN
2026-01-04 09:23:48 | INFO     | [DAY_START] Processing 18JAN
2026-01-04 09:23:48 | INFO     | [lf.day.start] Processing ELQ-ATZ for 18JAN
2026-01-04 09:23:49 | WARNING  | [lf.day.no_flights] No direct flights on 18JAN
2026-01-04 09:23:49 | INFO     | [SUCCESS] Day 18JAN
2026-01-04 09:23:49 | INFO     | [SUCCESS] LF Search Complete
2026-01-04 09:23:51 | INFO     | [Worker_9223] Completed: ELQ-ATZ - 7 results, 0 errors
2026-01-04 09:23:51 | INFO     | [Worker_9223] Processing: JED-HBE
2026-01-04 09:23:51 | INFO     |   Tier 0: Range 1, Chunk 3/4 (7 days)
