2026-01-04 09:21:00 | INFO     | ======================================================================
2026-01-04 09:21:00 | INFO     | Load Factor Scraper Started - Route: GIZ-CAI
2026-01-04 09:21:00 | INFO     | Log file: D:\CODERED\LAB\market_insights\outputs\run_generated_040126_at_09.19\logs\LF_GIZ-CAI_20260104_092100.log
2026-01-04 09:21:00 | INFO     | Enhanced logging: Capturing both logging.info() and print()
2026-01-04 09:21:00 | INFO     | ======================================================================
2026-01-04 09:21:00 | INFO     | Starting LF search for route: GIZ-CAI
2026-01-04 09:21:00 | INFO     | [START] LF Search
2026-01-04 09:21:01 | INFO     | [HEALTH CHECK] [OK] Chrome connection is healthy
2026-01-04 09:21:01 | INFO     | [DAY_START] Processing 31JAN
2026-01-04 09:21:01 | INFO     | [lf.day.start] Processing GIZ-CAI for 31JAN
2026-01-04 09:21:02 | WARNING  | [lf.day.no_flights] No direct flights on 31JAN
2026-01-04 09:21:02 | INFO     | [SUCCESS] Day 31JAN
2026-01-04 09:21:02 | INFO     | [DAY_START] Processing 30JAN
2026-01-04 09:21:02 | INFO     | [lf.day.start] Processing GIZ-CAI for 30JAN
2026-01-04 09:21:03 | INFO     | [lf.day.flights_found] Found 1 flights on 30JAN
2026-01-04 09:21:05 | INFO     | [lf.flight.extracted] SM330 on 30JAN: BKG=31, LF=17.7%
2026-01-04 09:21:08 | INFO     | [SUCCESS] Day 30JAN
2026-01-04 09:21:08 | INFO     | [DAY_START] Processing 29JAN
2026-01-04 09:21:08 | INFO     | [lf.day.start] Processing GIZ-CAI for 29JAN
2026-01-04 09:21:09 | WARNING  | [lf.day.no_flights] No direct flights on 29JAN
2026-01-04 09:21:09 | INFO     | [SUCCESS] Day 29JAN
2026-01-04 09:21:09 | INFO     | [DAY_START] Processing 28JAN
2026-01-04 09:21:09 | INFO     | [lf.day.start] Processing GIZ-CAI for 28JAN
2026-01-04 09:21:10 | WARNING  | [lf.day.no_flights] No direct flights on 28JAN
2026-01-04 09:21:10 | INFO     | [SUCCESS] Day 28JAN
2026-01-04 09:21:10 | INFO     | [DAY_START] Processing 27JAN
2026-01-04 09:21:10 | INFO     | [lf.day.start] Processing GIZ-CAI for 27JAN
2026-01-04 09:21:12 | WARNING  | [lf.day.no_flights] No direct flights on 27JAN
2026-01-04 09:21:12 | INFO     | [SUCCESS] Day 27JAN
2026-01-04 09:21:12 | INFO     | [DAY_START] Processing 26JAN
2026-01-04 09:21:12 | INFO     | [lf.day.start] Processing GIZ-CAI for 26JAN
2026-01-04 09:21:13 | WARNING  | [lf.day.no_flights] No direct flights on 26JAN
2026-01-04 09:21:13 | INFO     | [SUCCESS] Day 26JAN
2026-01-04 09:21:13 | INFO     | [DAY_START] Processing 25JAN
2026-01-04 09:21:13 | INFO     | [lf.day.start] Processing GIZ-CAI for 25JAN
2026-01-04 09:21:14 | INFO     | [lf.day.flights_found] Found 1 flights on 25JAN
2026-01-04 09:21:16 | INFO     | [lf.flight.extracted] SM330 on 25JAN: BKG=22, LF=12.6%
2026-01-04 09:22:25 | INFO     | [SUCCESS] Day 25JAN
2026-01-04 09:22:25 | INFO     | [SUCCESS] LF Search Complete
2026-01-04 09:22:27 | INFO     | [Worker_9232] Completed: GIZ-CAI - 7 results, 0 errors
2026-01-04 09:22:27 | INFO     | [Worker_9232] Processing: RUH-CAI
2026-01-04 09:22:27 | INFO     |   Tier 0: Range 1, Chunk 2/4 (7 days)
