2026-01-04 09:28:24 | INFO     | ======================================================================
2026-01-04 09:28:24 | INFO     | Load Factor Scraper Started - Route: GIZ-CAI
2026-01-04 09:28:24 | INFO     | Log file: D:\CODERED\LAB\market_insights\outputs\run_generated_040126_at_09.19\logs\LF_GIZ-CAI_20260104_092824.log
2026-01-04 09:28:24 | INFO     | Enhanced logging: Capturing both logging.info() and print()
2026-01-04 09:28:24 | INFO     | ======================================================================
2026-01-04 09:28:24 | INFO     | Starting LF search for route: GIZ-CAI
2026-01-04 09:28:24 | INFO     | [START] LF Search
2026-01-04 09:28:27 | INFO     | [HEALTH CHECK] [OK] Chrome connection is healthy
2026-01-04 09:28:27 | INFO     | [DAY_START] Processing 10JAN
2026-01-04 09:28:27 | INFO     | [lf.day.start] Processing GIZ-CAI for 10JAN
2026-01-04 09:28:29 | WARNING  | [lf.day.no_flights] No direct flights on 10JAN
2026-01-04 09:28:29 | INFO     | [SUCCESS] Day 10JAN
2026-01-04 09:28:29 | INFO     | [DAY_START] Processing 09JAN
2026-01-04 09:28:29 | INFO     | [lf.day.start] Processing GIZ-CAI for 09JAN
2026-01-04 09:28:30 | INFO     | [lf.day.flights_found] Found 1 flights on 09JAN
2026-01-04 09:28:33 | INFO     | [lf.flight.extracted] SM330 on 09JAN: BKG=113, LF=64.6%
2026-01-04 09:28:41 | INFO     | [SUCCESS] Day 09JAN
2026-01-04 09:28:41 | INFO     | [DAY_START] Processing 08JAN
2026-01-04 09:28:41 | INFO     | [lf.day.start] Processing GIZ-CAI for 08JAN
2026-01-04 09:28:42 | WARNING  | [lf.day.no_flights] No direct flights on 08JAN
2026-01-04 09:28:42 | INFO     | [SUCCESS] Day 08JAN
2026-01-04 09:28:42 | INFO     | [DAY_START] Processing 07JAN
2026-01-04 09:28:42 | INFO     | [lf.day.start] Processing GIZ-CAI for 07JAN
2026-01-04 09:28:43 | WARNING  | [lf.day.no_flights] No direct flights on 07JAN
2026-01-04 09:28:43 | INFO     | [SUCCESS] Day 07JAN
2026-01-04 09:28:43 | INFO     | [DAY_START] Processing 06JAN
2026-01-04 09:28:43 | INFO     | [lf.day.start] Processing GIZ-CAI for 06JAN
2026-01-04 09:28:44 | WARNING  | [lf.day.no_flights] No direct flights on 06JAN
2026-01-04 09:28:44 | INFO     | [SUCCESS] Day 06JAN
2026-01-04 09:28:44 | INFO     | [DAY_START] Processing 05JAN
2026-01-04 09:28:44 | INFO     | [lf.day.start] Processing GIZ-CAI for 05JAN
2026-01-04 09:28:45 | WARNING  | [lf.day.no_flights] No direct flights on 05JAN
2026-01-04 09:28:45 | INFO     | [SUCCESS] Day 05JAN
2026-01-04 09:28:45 | INFO     | [SUCCESS] LF Search Complete
2026-01-04 09:28:47 | INFO     | [Worker_9224] Completed: GIZ-CAI - 6 results, 0 errors
2026-01-04 09:49:09 | INFO     | [Worker_9224] Shutdown signal received, exiting...
2026-01-04 09:49:09 | INFO     | [Worker_9224] Finished. Processed 7 groups.
