2026-01-04 09:26:20 | INFO     | ======================================================================
2026-01-04 09:26:20 | INFO     | Load Factor Scraper Started - Route: JED-HBE
2026-01-04 09:26:20 | INFO     | Log file: D:\CODERED\LAB\market_insights\outputs\run_generated_040126_at_09.19\logs\LF_JED-HBE_20260104_092620.log
2026-01-04 09:26:20 | INFO     | Enhanced logging: Capturing both logging.info() and print()
2026-01-04 09:26:20 | INFO     | ======================================================================
2026-01-04 09:26:20 | INFO     | Starting LF search for route: JED-HBE
2026-01-04 09:26:20 | INFO     | [START] LF Search
2026-01-04 09:26:22 | INFO     | [HEALTH CHECK] [OK] Chrome connection is healthy
2026-01-04 09:26:22 | INFO     | [DAY_START] Processing 10JAN
2026-01-04 09:26:22 | INFO     | [lf.day.start] Processing JED-HBE for 10JAN
2026-01-04 09:26:23 | INFO     | [lf.day.flights_found] Found 2 flights on 10JAN
2026-01-04 09:26:25 | INFO     | [lf.flight.extracted] SM458 on 10JAN: BKG=147, LF=85.5%
2026-01-04 09:26:29 | INFO     | [lf.flight.extracted] SM452 on 10JAN: BKG=167, LF=97.1%
2026-01-04 09:26:43 | INFO     | [SUCCESS] Day 10JAN
2026-01-04 09:26:43 | INFO     | [DAY_START] Processing 09JAN
2026-01-04 09:26:43 | INFO     | [lf.day.start] Processing JED-HBE for 09JAN
2026-01-04 09:26:45 | INFO     | [lf.day.flights_found] Found 1 flights on 09JAN
2026-01-04 09:26:49 | INFO     | [lf.flight.extracted] SM452 on 09JAN: BKG=109, LF=63.4%
2026-01-04 09:26:57 | INFO     | [SUCCESS] Day 09JAN
2026-01-04 09:26:57 | INFO     | [DAY_START] Processing 08JAN
2026-01-04 09:26:57 | INFO     | [lf.day.start] Processing JED-HBE for 08JAN
2026-01-04 09:26:58 | INFO     | [lf.day.flights_found] Found 1 flights on 08JAN
2026-01-04 09:27:00 | INFO     | [lf.flight.extracted] SM452 on 08JAN: BKG=159, LF=92.4%
2026-01-04 09:27:06 | INFO     | [SUCCESS] Day 08JAN
2026-01-04 09:27:06 | INFO     | [DAY_START] Processing 07JAN
2026-01-04 09:27:06 | INFO     | [lf.day.start] Processing JED-HBE for 07JAN
2026-01-04 09:27:07 | INFO     | [lf.day.flights_found] Found 3 flights on 07JAN
2026-01-04 09:27:09 | INFO     | [lf.flight.extracted] SM452 on 07JAN: BKG=171, LF=97.7%
2026-01-04 09:27:12 | INFO     | [lf.flight.extracted] SM474 on 07JAN: BKG=173, LF=104.8%
2026-01-04 09:27:16 | INFO     | [lf.flight.extracted] SM458 on 07JAN: BKG=178, LF=100.0%
2026-01-04 09:27:32 | INFO     | [SUCCESS] Day 07JAN
2026-01-04 09:27:32 | INFO     | [DAY_START] Processing 06JAN
2026-01-04 09:27:32 | INFO     | [lf.day.start] Processing JED-HBE for 06JAN
2026-01-04 09:27:34 | INFO     | [lf.day.flights_found] Found 1 flights on 06JAN
2026-01-04 09:27:37 | INFO     | [lf.flight.extracted] SM452 on 06JAN: BKG=170, LF=97.1%
2026-01-04 09:27:43 | INFO     | [SUCCESS] Day 06JAN
2026-01-04 09:27:43 | INFO     | [DAY_START] Processing 05JAN
2026-01-04 09:27:43 | INFO     | [lf.day.start] Processing JED-HBE for 05JAN
2026-01-04 09:27:44 | INFO     | [lf.day.flights_found] Found 2 flights on 05JAN
2026-01-04 09:27:46 | INFO     | [lf.flight.extracted] SM458 on 05JAN: BKG=175, LF=100.0%
2026-01-04 09:27:50 | INFO     | [lf.flight.extracted] SM452 on 05JAN: BKG=175, LF=100.0%
2026-01-04 09:28:02 | INFO     | [SUCCESS] Day 05JAN
2026-01-04 09:28:02 | INFO     | [SUCCESS] LF Search Complete
2026-01-04 09:28:04 | INFO     | [Worker_9225] Completed: JED-HBE - 6 results, 0 errors
2026-01-04 09:28:04 | INFO     | [Worker_9225] Processing: AHB-ATZ
2026-01-04 09:28:04 | INFO     |   Tier 0: Range 1, Chunk 4/4 (7 days)
