2026-01-04 09:21:00 | INFO     | ======================================================================
2026-01-04 09:21:00 | INFO     | Load Factor Scraper Started - Route: MED-CAI
2026-01-04 09:21:00 | INFO     | Log file: D:\CODERED\LAB\market_insights\outputs\run_generated_040126_at_09.19\logs\LF_MED-CAI_20260104_092100.log
2026-01-04 09:21:00 | INFO     | Enhanced logging: Capturing both logging.info() and print()
2026-01-04 09:21:00 | INFO     | ======================================================================
2026-01-04 09:21:00 | INFO     | Starting LF search for route: MED-CAI
2026-01-04 09:21:00 | INFO     | [START] LF Search
2026-01-04 09:21:01 | INFO     | [HEALTH CHECK] [OK] Chrome connection is healthy
2026-01-04 09:21:01 | INFO     | [DAY_START] Processing 24JAN
2026-01-04 09:21:01 | INFO     | [lf.day.start] Processing MED-CAI for 24JAN
2026-01-04 09:21:02 | INFO     | [lf.day.flights_found] Found 1 flights on 24JAN
2026-01-04 09:21:04 | INFO     | [lf.flight.extracted] SM494 on 24JAN: BKG=168, LF=96.0%
2026-01-04 09:21:07 | INFO     | [SUCCESS] Day 24JAN
2026-01-04 09:21:07 | INFO     | [DAY_START] Processing 23JAN
2026-01-04 09:21:07 | INFO     | [lf.day.start] Processing MED-CAI for 23JAN
2026-01-04 09:21:08 | WARNING  | [lf.day.no_flights] No direct flights on 23JAN
2026-01-04 09:21:08 | INFO     | [SUCCESS] Day 23JAN
2026-01-04 09:21:08 | INFO     | [DAY_START] Processing 22JAN
2026-01-04 09:21:08 | INFO     | [lf.day.start] Processing MED-CAI for 22JAN
2026-01-04 09:21:09 | INFO     | [lf.day.flights_found] Found 1 flights on 22JAN
2026-01-04 09:21:13 | INFO     | [lf.flight.extracted] SM494 on 22JAN: BKG=168, LF=96.0%
2026-01-04 09:21:35 | INFO     | [SUCCESS] Day 22JAN
2026-01-04 09:21:35 | INFO     | [DAY_START] Processing 21JAN
2026-01-04 09:21:35 | INFO     | [lf.day.start] Processing MED-CAI for 21JAN
2026-01-04 09:21:36 | WARNING  | [lf.day.no_flights] No direct flights on 21JAN
2026-01-04 09:21:36 | INFO     | [SUCCESS] Day 21JAN
2026-01-04 09:21:36 | INFO     | [DAY_START] Processing 20JAN
2026-01-04 09:21:36 | INFO     | [lf.day.start] Processing MED-CAI for 20JAN
2026-01-04 09:21:37 | INFO     | [lf.day.flights_found] Found 2 flights on 20JAN
2026-01-04 09:21:40 | INFO     | [lf.flight.extracted] SM496 on 20JAN: BKG=149, LF=85.1%
2026-01-04 09:21:43 | INFO     | [lf.flight.extracted] SM494 on 20JAN: BKG=117, LF=66.9%
2026-01-04 09:21:52 | INFO     | [SUCCESS] Day 20JAN
2026-01-04 09:21:52 | INFO     | [DAY_START] Processing 19JAN
2026-01-04 09:21:52 | INFO     | [lf.day.start] Processing MED-CAI for 19JAN
2026-01-04 09:21:53 | WARNING  | [lf.day.no_flights] No direct flights on 19JAN
2026-01-04 09:21:53 | INFO     | [SUCCESS] Day 19JAN
2026-01-04 09:21:53 | INFO     | [DAY_START] Processing 18JAN
2026-01-04 09:21:53 | INFO     | [lf.day.start] Processing MED-CAI for 18JAN
2026-01-04 09:21:55 | INFO     | [lf.day.flights_found] Found 1 flights on 18JAN
2026-01-04 09:21:57 | INFO     | [lf.flight.extracted] SM494 on 18JAN: BKG=118, LF=67.4%
2026-01-04 09:22:01 | INFO     | [SUCCESS] Day 18JAN
2026-01-04 09:22:01 | INFO     | [SUCCESS] LF Search Complete
2026-01-04 09:22:03 | INFO     | [Worker_9234] Completed: MED-CAI - 7 results, 0 errors
2026-01-04 09:22:03 | INFO     | [Worker_9234] Processing: JED-ATZ
2026-01-04 09:22:03 | INFO     |   Tier 0: Range 1, Chunk 2/4 (7 days)
