2026-01-04 09:26:10 | INFO     | ======================================================================
2026-01-04 09:26:10 | INFO     | Load Factor Scraper Started - Route: MED-HBE
2026-01-04 09:26:10 | INFO     | Log file: D:\CODERED\LAB\market_insights\outputs\run_generated_040126_at_09.19\logs\LF_MED-HBE_20260104_092610.log
2026-01-04 09:26:10 | INFO     | Enhanced logging: Capturing both logging.info() and print()
2026-01-04 09:26:10 | INFO     | ======================================================================
2026-01-04 09:26:10 | INFO     | Starting LF search for route: MED-HBE
2026-01-04 09:26:10 | INFO     | [START] LF Search
2026-01-04 09:26:12 | INFO     | [HEALTH CHECK] [OK] Chrome connection is healthy
2026-01-04 09:26:12 | INFO     | [DAY_START] Processing 10JAN
2026-01-04 09:26:12 | INFO     | [lf.day.start] Processing MED-HBE for 10JAN
2026-01-04 09:26:13 | WARNING  | [lf.day.no_flights] No direct flights on 10JAN
2026-01-04 09:26:13 | INFO     | [SUCCESS] Day 10JAN
2026-01-04 09:26:13 | INFO     | [DAY_START] Processing 09JAN
2026-01-04 09:26:13 | INFO     | [lf.day.start] Processing MED-HBE for 09JAN
2026-01-04 09:26:14 | WARNING  | [lf.day.no_flights] No direct flights on 09JAN
2026-01-04 09:26:15 | INFO     | [SUCCESS] Day 09JAN
2026-01-04 09:26:15 | INFO     | [DAY_START] Processing 08JAN
2026-01-04 09:26:15 | INFO     | [lf.day.start] Processing MED-HBE for 08JAN
2026-01-04 09:26:15 | INFO     | [lf.day.flights_found] Found 1 flights on 08JAN
2026-01-04 09:26:17 | INFO     | [lf.flight.extracted] SM486 on 08JAN: BKG=168, LF=101.8%
2026-01-04 09:26:23 | INFO     | [SUCCESS] Day 08JAN
2026-01-04 09:26:23 | INFO     | [DAY_START] Processing 07JAN
2026-01-04 09:26:23 | INFO     | [lf.day.start] Processing MED-HBE for 07JAN
2026-01-04 09:26:24 | INFO     | [lf.day.flights_found] Found 1 flights on 07JAN
2026-01-04 09:26:26 | INFO     | [lf.flight.extracted] SM486 on 07JAN: BKG=169, LF=102.4%
2026-01-04 09:26:32 | INFO     | [SUCCESS] Day 07JAN
2026-01-04 09:26:32 | INFO     | [DAY_START] Processing 06JAN
2026-01-04 09:26:32 | INFO     | [lf.day.start] Processing MED-HBE for 06JAN
2026-01-04 09:26:34 | INFO     | [lf.day.flights_found] Found 1 flights on 06JAN
2026-01-04 09:26:37 | INFO     | [lf.flight.extracted] SM486 on 06JAN: BKG=177, LF=101.1%
2026-01-04 09:26:45 | INFO     | [SUCCESS] Day 06JAN
2026-01-04 09:26:45 | INFO     | [DAY_START] Processing 05JAN
2026-01-04 09:26:45 | INFO     | [lf.day.start] Processing MED-HBE for 05JAN
2026-01-04 09:26:47 | WARNING  | [lf.day.no_flights] No direct flights on 05JAN
2026-01-04 09:26:47 | INFO     | [SUCCESS] Day 05JAN
2026-01-04 09:26:47 | INFO     | [SUCCESS] LF Search Complete
2026-01-04 09:26:50 | INFO     | [Worker_9232] Completed: MED-HBE - 6 results, 0 errors
2026-01-04 09:26:50 | INFO     | [Worker_9232] Processing: JED-LXR
2026-01-04 09:26:50 | INFO     |   Tier 0: Range 1, Chunk 4/4 (7 days)
