2026-01-04 09:24:24 | INFO     | ======================================================================
2026-01-04 09:24:24 | INFO     | Load Factor Scraper Started - Route: RUH-CAI
2026-01-04 09:24:24 | INFO     | Log file: D:\CODERED\LAB\market_insights\outputs\run_generated_040126_at_09.19\logs\LF_RUH-CAI_20260104_092424.log
2026-01-04 09:24:24 | INFO     | Enhanced logging: Capturing both logging.info() and print()
2026-01-04 09:24:24 | INFO     | ======================================================================
2026-01-04 09:24:24 | INFO     | Starting LF search for route: RUH-CAI
2026-01-04 09:24:24 | INFO     | [START] LF Search
2026-01-04 09:24:26 | INFO     | [HEALTH CHECK] [OK] Chrome connection is healthy
2026-01-04 09:24:26 | INFO     | [DAY_START] Processing 17JAN
2026-01-04 09:24:26 | INFO     | [lf.day.start] Processing RUH-CAI for 17JAN
2026-01-04 09:24:27 | INFO     | [lf.day.flights_found] Found 1 flights on 17JAN
2026-01-04 09:24:29 | INFO     | [lf.flight.extracted] SM462 on 17JAN: BKG=15, LF=8.6%
2026-01-04 09:24:32 | INFO     | [SUCCESS] Day 17JAN
2026-01-04 09:24:32 | INFO     | [DAY_START] Processing 16JAN
2026-01-04 09:24:32 | INFO     | [lf.day.start] Processing RUH-CAI for 16JAN
2026-01-04 09:24:33 | INFO     | [lf.day.flights_found] Found 2 flights on 16JAN
2026-01-04 09:24:35 | INFO     | [lf.flight.extracted] SM462 on 16JAN: BKG=29, LF=16.6%
2026-01-04 09:24:39 | INFO     | [lf.flight.extracted] SM470 on 16JAN: BKG=21, LF=12.6%
2026-01-04 09:24:47 | INFO     | [SUCCESS] Day 16JAN
2026-01-04 09:24:47 | INFO     | [DAY_START] Processing 15JAN
2026-01-04 09:24:47 | INFO     | [lf.day.start] Processing RUH-CAI for 15JAN
2026-01-04 09:24:48 | INFO     | [lf.day.flights_found] Found 1 flights on 15JAN
2026-01-04 09:24:50 | INFO     | [lf.flight.extracted] SM462 on 15JAN: BKG=18, LF=10.3%
2026-01-04 09:24:52 | INFO     | [SUCCESS] Day 15JAN
2026-01-04 09:24:52 | INFO     | [DAY_START] Processing 14JAN
2026-01-04 09:24:52 | INFO     | [lf.day.start] Processing RUH-CAI for 14JAN
2026-01-04 09:24:53 | INFO     | [lf.day.flights_found] Found 1 flights on 14JAN
2026-01-04 09:24:55 | INFO     | [lf.flight.extracted] SM470 on 14JAN: BKG=31, LF=18.6%
2026-01-04 09:24:58 | INFO     | [SUCCESS] Day 14JAN
2026-01-04 09:24:58 | INFO     | [DAY_START] Processing 13JAN
2026-01-04 09:24:58 | INFO     | [lf.day.start] Processing RUH-CAI for 13JAN
2026-01-04 09:24:59 | INFO     | [lf.day.flights_found] Found 1 flights on 13JAN
2026-01-04 09:25:01 | INFO     | [lf.flight.extracted] SM470 on 13JAN: BKG=12, LF=7.2%
2026-01-04 09:25:04 | INFO     | [SUCCESS] Day 13JAN
2026-01-04 09:25:04 | INFO     | [DAY_START] Processing 12JAN
2026-01-04 09:25:04 | INFO     | [lf.day.start] Processing RUH-CAI for 12JAN
2026-01-04 09:25:05 | INFO     | [lf.day.flights_found] Found 1 flights on 12JAN
2026-01-04 09:25:07 | INFO     | [lf.flight.extracted] SM470 on 12JAN: BKG=25, LF=15.0%
2026-01-04 09:25:10 | INFO     | [SUCCESS] Day 12JAN
2026-01-04 09:25:10 | INFO     | [DAY_START] Processing 11JAN
2026-01-04 09:25:10 | INFO     | [lf.day.start] Processing RUH-CAI for 11JAN
2026-01-04 09:25:11 | INFO     | [lf.day.flights_found] Found 1 flights on 11JAN
2026-01-04 09:25:13 | INFO     | [lf.flight.extracted] SM462 on 11JAN: BKG=43, LF=24.6%
2026-01-04 09:25:17 | INFO     | [SUCCESS] Day 11JAN
2026-01-04 09:25:17 | INFO     | [SUCCESS] LF Search Complete
2026-01-04 09:25:19 | INFO     | [Worker_9232] Completed: RUH-CAI - 7 results, 0 errors
2026-01-04 09:25:19 | INFO     | [Worker_9232] Processing: TUU-ATZ
2026-01-04 09:25:19 | INFO     |   Tier 0: Range 1, Chunk 3/4 (7 days)
