2026-01-04 09:20:04 | INFO     | ======================================================================
2026-01-04 09:20:04 | INFO     | Load Factor Scraper Started - Route: RUH-ATZ
2026-01-04 09:20:04 | INFO     | Log file: D:\CODERED\LAB\market_insights\outputs\run_generated_040126_at_09.19\logs\LF_RUH-ATZ_20260104_092004.log
2026-01-04 09:20:04 | INFO     | Enhanced logging: Capturing both logging.info() and print()
2026-01-04 09:20:04 | INFO     | ======================================================================
2026-01-04 09:20:04 | INFO     | Starting LF search for route: RUH-ATZ
2026-01-04 09:20:04 | INFO     | [START] LF Search
2026-01-04 09:20:05 | INFO     | [HEALTH CHECK] [OK] Chrome connection is healthy
2026-01-04 09:20:05 | INFO     | [DAY_START] Processing 31JAN
2026-01-04 09:20:05 | INFO     | [lf.day.start] Processing RUH-ATZ for 31JAN
2026-01-04 09:20:06 | WARNING  | [lf.day.no_flights] No direct flights on 31JAN
2026-01-04 09:20:06 | INFO     | [SUCCESS] Day 31JAN
2026-01-04 09:20:06 | INFO     | [DAY_START] Processing 30JAN
2026-01-04 09:20:06 | INFO     | [lf.day.start] Processing RUH-ATZ for 30JAN
2026-01-04 09:20:07 | WARNING  | [lf.day.no_flights] No direct flights on 30JAN
2026-01-04 09:20:07 | INFO     | [SUCCESS] Day 30JAN
2026-01-04 09:20:07 | INFO     | [DAY_START] Processing 29JAN
2026-01-04 09:20:07 | INFO     | [lf.day.start] Processing RUH-ATZ for 29JAN
2026-01-04 09:20:08 | WARNING  | [lf.day.no_flights] No direct flights on 29JAN
2026-01-04 09:20:09 | INFO     | [SUCCESS] Day 29JAN
2026-01-04 09:20:09 | INFO     | [DAY_START] Processing 28JAN
2026-01-04 09:20:09 | INFO     | [lf.day.start] Processing RUH-ATZ for 28JAN
2026-01-04 09:20:09 | INFO     | [lf.day.flights_found] Found 1 flights on 28JAN
2026-01-04 09:20:11 | INFO     | [lf.flight.extracted] SM466 on 28JAN: BKG=56, LF=32.0%
2026-01-04 09:20:16 | INFO     | [SUCCESS] Day 28JAN
2026-01-04 09:20:16 | INFO     | [DAY_START] Processing 27JAN
2026-01-04 09:20:16 | INFO     | [lf.day.start] Processing RUH-ATZ for 27JAN
2026-01-04 09:20:17 | INFO     | [lf.day.flights_found] Found 1 flights on 27JAN
2026-01-04 09:20:19 | INFO     | [lf.flight.extracted] SM464 on 27JAN: BKG=69, LF=39.4%
2026-01-04 09:20:24 | INFO     | [SUCCESS] Day 27JAN
2026-01-04 09:20:24 | INFO     | [DAY_START] Processing 26JAN
2026-01-04 09:20:24 | INFO     | [lf.day.start] Processing RUH-ATZ for 26JAN
2026-01-04 09:20:25 | WARNING  | [lf.day.no_flights] No direct flights on 26JAN
2026-01-04 09:20:25 | INFO     | [SUCCESS] Day 26JAN
2026-01-04 09:20:25 | INFO     | [DAY_START] Processing 25JAN
2026-01-04 09:20:25 | INFO     | [lf.day.start] Processing RUH-ATZ for 25JAN
2026-01-04 09:20:26 | INFO     | [lf.day.flights_found] Found 1 flights on 25JAN
2026-01-04 09:20:28 | INFO     | [lf.flight.extracted] SM464 on 25JAN: BKG=72, LF=41.1%
2026-01-04 09:20:33 | INFO     | [SUCCESS] Day 25JAN
2026-01-04 09:20:33 | INFO     | [SUCCESS] LF Search Complete
2026-01-04 09:20:35 | INFO     | [Worker_9232] Completed: RUH-ATZ - 7 results, 0 errors
2026-01-04 09:20:35 | INFO     | [Worker_9232] Processing: AJF-CAI
2026-01-04 09:20:35 | INFO     |   Tier 0: Range 1, Chunk 1/4 (7 days)
