2026-01-04 09:25:06 | INFO     | ======================================================================
2026-01-04 09:25:06 | INFO     | Load Factor Scraper Started - Route: TUU-CAI
2026-01-04 09:25:06 | INFO     | Log file: D:\CODERED\LAB\market_insights\outputs\run_generated_040126_at_09.19\logs\LF_TUU-CAI_20260104_092506.log
2026-01-04 09:25:06 | INFO     | Enhanced logging: Capturing both logging.info() and print()
2026-01-04 09:25:06 | INFO     | ======================================================================
2026-01-04 09:25:06 | INFO     | Starting LF search for route: TUU-CAI
2026-01-04 09:25:06 | INFO     | [START] LF Search
2026-01-04 09:25:07 | INFO     | [HEALTH CHECK] [OK] Chrome connection is healthy
2026-01-04 09:25:07 | INFO     | [DAY_START] Processing 17JAN
2026-01-04 09:25:07 | INFO     | [lf.day.start] Processing TUU-CAI for 17JAN
2026-01-04 09:25:08 | INFO     | [lf.day.flights_found] Found 1 flights on 17JAN
2026-01-04 09:25:10 | INFO     | [lf.flight.extracted] SM326 on 17JAN: BKG=3, LF=1.7%
2026-01-04 09:25:13 | INFO     | [SUCCESS] Day 17JAN
2026-01-04 09:25:13 | INFO     | [DAY_START] Processing 16JAN
2026-01-04 09:25:13 | INFO     | [lf.day.start] Processing TUU-CAI for 16JAN
2026-01-04 09:25:14 | WARNING  | [lf.day.no_flights] No direct flights on 16JAN
2026-01-04 09:25:14 | INFO     | [SUCCESS] Day 16JAN
2026-01-04 09:25:14 | INFO     | [DAY_START] Processing 15JAN
2026-01-04 09:25:14 | INFO     | [lf.day.start] Processing TUU-CAI for 15JAN
2026-01-04 09:25:15 | INFO     | [lf.day.flights_found] Found 1 flights on 15JAN
2026-01-04 09:25:17 | INFO     | [lf.flight.extracted] SM326 on 15JAN: BKG=42, LF=24.0%
2026-01-04 09:25:20 | INFO     | [SUCCESS] Day 15JAN
2026-01-04 09:25:20 | INFO     | [DAY_START] Processing 14JAN
2026-01-04 09:25:20 | INFO     | [lf.day.start] Processing TUU-CAI for 14JAN
2026-01-04 09:25:21 | INFO     | [lf.day.flights_found] Found 1 flights on 14JAN
2026-01-04 09:25:24 | INFO     | [lf.flight.extracted] SM326 on 14JAN: BKG=7, LF=4.0%
2026-01-04 09:25:26 | INFO     | [SUCCESS] Day 14JAN
2026-01-04 09:25:26 | INFO     | [DAY_START] Processing 13JAN
2026-01-04 09:25:26 | INFO     | [lf.day.start] Processing TUU-CAI for 13JAN
2026-01-04 09:25:27 | WARNING  | [lf.day.no_flights] No direct flights on 13JAN
2026-01-04 09:25:27 | INFO     | [SUCCESS] Day 13JAN
2026-01-04 09:25:27 | INFO     | [DAY_START] Processing 12JAN
2026-01-04 09:25:27 | INFO     | [lf.day.start] Processing TUU-CAI for 12JAN
2026-01-04 09:25:28 | WARNING  | [lf.day.no_flights] No direct flights on 12JAN
2026-01-04 09:25:28 | INFO     | [SUCCESS] Day 12JAN
2026-01-04 09:25:28 | INFO     | [DAY_START] Processing 11JAN
2026-01-04 09:25:28 | INFO     | [lf.day.start] Processing TUU-CAI for 11JAN
2026-01-04 09:25:29 | WARNING  | [lf.day.no_flights] No direct flights on 11JAN
2026-01-04 09:25:29 | INFO     | [SUCCESS] Day 11JAN
2026-01-04 09:25:29 | INFO     | [SUCCESS] LF Search Complete
2026-01-04 09:25:31 | INFO     | [Worker_9222] Completed: TUU-CAI - 7 results, 0 errors
2026-01-04 09:25:31 | INFO     | [Worker_9222] Processing: AJF-ATZ
2026-01-04 09:25:31 | INFO     |   Tier 0: Range 1, Chunk 3/4 (7 days)
