2026-01-04 09:23:01 | INFO     | ======================================================================
2026-01-04 09:23:01 | INFO     | Load Factor Scraper Started - Route: TUU-ATZ
2026-01-04 09:23:01 | INFO     | Log file: D:\CODERED\LAB\market_insights\outputs\run_generated_040126_at_09.19\logs\LF_TUU-ATZ_20260104_092301.log
2026-01-04 09:23:01 | INFO     | Enhanced logging: Capturing both logging.info() and print()
2026-01-04 09:23:01 | INFO     | ======================================================================
2026-01-04 09:23:01 | INFO     | Starting LF search for route: TUU-ATZ
2026-01-04 09:23:01 | INFO     | [START] LF Search
2026-01-04 09:23:03 | INFO     | [HEALTH CHECK] [OK] Chrome connection is healthy
2026-01-04 09:23:03 | INFO     | [DAY_START] Processing 24JAN
2026-01-04 09:23:03 | INFO     | [lf.day.start] Processing TUU-ATZ for 24JAN
2026-01-04 09:23:04 | WARNING  | [lf.day.no_flights] No direct flights on 24JAN
2026-01-04 09:23:04 | INFO     | [SUCCESS] Day 24JAN
2026-01-04 09:23:04 | INFO     | [DAY_START] Processing 23JAN
2026-01-04 09:23:04 | INFO     | [lf.day.start] Processing TUU-ATZ for 23JAN
2026-01-04 09:23:05 | INFO     | [lf.day.flights_found] Found 1 flights on 23JAN
2026-01-04 09:23:07 | INFO     | [lf.flight.extracted] SM328 on 23JAN: BKG=34, LF=19.4%
2026-01-04 09:23:10 | INFO     | [SUCCESS] Day 23JAN
2026-01-04 09:23:10 | INFO     | [DAY_START] Processing 22JAN
2026-01-04 09:23:10 | INFO     | [lf.day.start] Processing TUU-ATZ for 22JAN
2026-01-04 09:23:11 | WARNING  | [lf.day.no_flights] No direct flights on 22JAN
2026-01-04 09:23:12 | INFO     | [SUCCESS] Day 22JAN
2026-01-04 09:23:12 | INFO     | [DAY_START] Processing 21JAN
2026-01-04 09:23:12 | INFO     | [lf.day.start] Processing TUU-ATZ for 21JAN
2026-01-04 09:23:12 | WARNING  | [lf.day.no_flights] No direct flights on 21JAN
2026-01-04 09:23:13 | INFO     | [SUCCESS] Day 21JAN
2026-01-04 09:23:13 | INFO     | [DAY_START] Processing 20JAN
2026-01-04 09:23:13 | INFO     | [lf.day.start] Processing TUU-ATZ for 20JAN
2026-01-04 09:23:13 | WARNING  | [lf.day.no_flights] No direct flights on 20JAN
2026-01-04 09:23:14 | INFO     | [SUCCESS] Day 20JAN
2026-01-04 09:23:14 | INFO     | [DAY_START] Processing 19JAN
2026-01-04 09:23:14 | INFO     | [lf.day.start] Processing TUU-ATZ for 19JAN
2026-01-04 09:23:14 | WARNING  | [lf.day.no_flights] No direct flights on 19JAN
2026-01-04 09:23:15 | INFO     | [SUCCESS] Day 19JAN
2026-01-04 09:23:15 | INFO     | [DAY_START] Processing 18JAN
2026-01-04 09:23:15 | INFO     | [lf.day.start] Processing TUU-ATZ for 18JAN
2026-01-04 09:23:16 | WARNING  | [lf.day.no_flights] No direct flights on 18JAN
2026-01-04 09:23:16 | INFO     | [SUCCESS] Day 18JAN
2026-01-04 09:23:16 | INFO     | [SUCCESS] LF Search Complete
2026-01-04 09:23:18 | INFO     | [Worker_9226] Completed: TUU-ATZ - 7 results, 0 errors
2026-01-04 09:23:18 | INFO     | [Worker_9226] Processing: YNB-CAI
2026-01-04 09:23:18 | INFO     |   Tier 0: Range 1, Chunk 2/4 (7 days)
