2026-01-04 09:25:19 | INFO     | ======================================================================
2026-01-04 09:25:19 | INFO     | Load Factor Scraper Started - Route: TUU-ATZ
2026-01-04 09:25:19 | INFO     | Log file: D:\CODERED\LAB\market_insights\outputs\run_generated_040126_at_09.19\logs\LF_TUU-ATZ_20260104_092519.log
2026-01-04 09:25:19 | INFO     | Enhanced logging: Capturing both logging.info() and print()
2026-01-04 09:25:19 | INFO     | ======================================================================
2026-01-04 09:25:19 | INFO     | Starting LF search for route: TUU-ATZ
2026-01-04 09:25:19 | INFO     | [START] LF Search
2026-01-04 09:25:20 | INFO     | [HEALTH CHECK] [OK] Chrome connection is healthy
2026-01-04 09:25:20 | INFO     | [DAY_START] Processing 17JAN
2026-01-04 09:25:20 | INFO     | [lf.day.start] Processing TUU-ATZ for 17JAN
2026-01-04 09:25:21 | WARNING  | [lf.day.no_flights] No direct flights on 17JAN
2026-01-04 09:25:21 | INFO     | [SUCCESS] Day 17JAN
2026-01-04 09:25:21 | INFO     | [DAY_START] Processing 16JAN
2026-01-04 09:25:21 | INFO     | [lf.day.start] Processing TUU-ATZ for 16JAN
2026-01-04 09:25:22 | INFO     | [lf.day.flights_found] Found 1 flights on 16JAN
2026-01-04 09:25:24 | INFO     | [lf.flight.extracted] SM328 on 16JAN: BKG=50, LF=28.6%
2026-01-04 09:25:28 | INFO     | [SUCCESS] Day 16JAN
2026-01-04 09:25:28 | INFO     | [DAY_START] Processing 15JAN
2026-01-04 09:25:28 | INFO     | [lf.day.start] Processing TUU-ATZ for 15JAN
2026-01-04 09:25:29 | WARNING  | [lf.day.no_flights] No direct flights on 15JAN
2026-01-04 09:25:29 | INFO     | [SUCCESS] Day 15JAN
2026-01-04 09:25:29 | INFO     | [DAY_START] Processing 14JAN
2026-01-04 09:25:29 | INFO     | [lf.day.start] Processing TUU-ATZ for 14JAN
2026-01-04 09:25:30 | WARNING  | [lf.day.no_flights] No direct flights on 14JAN
2026-01-04 09:25:31 | INFO     | [SUCCESS] Day 14JAN
2026-01-04 09:25:31 | INFO     | [DAY_START] Processing 13JAN
2026-01-04 09:25:31 | INFO     | [lf.day.start] Processing TUU-ATZ for 13JAN
2026-01-04 09:25:32 | WARNING  | [lf.day.no_flights] No direct flights on 13JAN
2026-01-04 09:25:32 | INFO     | [SUCCESS] Day 13JAN
2026-01-04 09:25:32 | INFO     | [DAY_START] Processing 12JAN
2026-01-04 09:25:32 | INFO     | [lf.day.start] Processing TUU-ATZ for 12JAN
2026-01-04 09:25:33 | WARNING  | [lf.day.no_flights] No direct flights on 12JAN
2026-01-04 09:25:33 | INFO     | [SUCCESS] Day 12JAN
2026-01-04 09:25:33 | INFO     | [DAY_START] Processing 11JAN
2026-01-04 09:25:33 | INFO     | [lf.day.start] Processing TUU-ATZ for 11JAN
2026-01-04 09:25:34 | WARNING  | [lf.day.no_flights] No direct flights on 11JAN
2026-01-04 09:25:34 | INFO     | [SUCCESS] Day 11JAN
2026-01-04 09:25:34 | INFO     | [SUCCESS] LF Search Complete
2026-01-04 09:25:36 | INFO     | [Worker_9232] Completed: TUU-ATZ - 7 results, 0 errors
2026-01-04 09:25:36 | INFO     | [Worker_9232] Processing: AHB-CAI
2026-01-04 09:25:36 | INFO     |   Tier 0: Range 1, Chunk 3/4 (7 days)
