2026-01-04 09:20:43 | INFO     | ======================================================================
2026-01-04 09:20:43 | INFO     | Load Factor Scraper Started - Route: YNB-CAI
2026-01-04 09:20:43 | INFO     | Log file: D:\CODERED\LAB\market_insights\outputs\run_generated_040126_at_09.19\logs\LF_YNB-CAI_20260104_092043.log
2026-01-04 09:20:43 | INFO     | Enhanced logging: Capturing both logging.info() and print()
2026-01-04 09:20:43 | INFO     | ======================================================================
2026-01-04 09:20:43 | INFO     | Starting LF search for route: YNB-CAI
2026-01-04 09:20:43 | INFO     | [START] LF Search
2026-01-04 09:20:44 | INFO     | [HEALTH CHECK] [OK] Chrome connection is healthy
2026-01-04 09:20:44 | INFO     | [DAY_START] Processing 31JAN
2026-01-04 09:20:44 | INFO     | [lf.day.start] Processing YNB-CAI for 31JAN
2026-01-04 09:20:45 | INFO     | [lf.day.flights_found] Found 1 flights on 31JAN
2026-01-04 09:20:47 | INFO     | [lf.flight.extracted] SM442 on 31JAN: BKG=144, LF=82.3%
2026-01-04 09:20:50 | INFO     | [SUCCESS] Day 31JAN
2026-01-04 09:20:50 | INFO     | [DAY_START] Processing 30JAN
2026-01-04 09:20:50 | INFO     | [lf.day.start] Processing YNB-CAI for 30JAN
2026-01-04 09:20:51 | INFO     | [lf.day.flights_found] Found 1 flights on 30JAN
2026-01-04 09:20:53 | INFO     | [lf.flight.extracted] SM442 on 30JAN: BKG=124, LF=70.9%
2026-01-04 09:20:56 | INFO     | [SUCCESS] Day 30JAN
2026-01-04 09:20:56 | INFO     | [DAY_START] Processing 29JAN
2026-01-04 09:20:56 | INFO     | [lf.day.start] Processing YNB-CAI for 29JAN
2026-01-04 09:20:57 | INFO     | [lf.day.flights_found] Found 1 flights on 29JAN
2026-01-04 09:20:59 | INFO     | [lf.flight.extracted] SM442 on 29JAN: BKG=158, LF=90.3%
2026-01-04 09:21:02 | INFO     | [SUCCESS] Day 29JAN
2026-01-04 09:21:02 | INFO     | [DAY_START] Processing 28JAN
2026-01-04 09:21:02 | INFO     | [lf.day.start] Processing YNB-CAI for 28JAN
2026-01-04 09:21:03 | INFO     | [lf.day.flights_found] Found 1 flights on 28JAN
2026-01-04 09:21:05 | INFO     | [lf.flight.extracted] SM442 on 28JAN: BKG=158, LF=90.3%
2026-01-04 09:21:08 | INFO     | [SUCCESS] Day 28JAN
2026-01-04 09:21:08 | INFO     | [DAY_START] Processing 27JAN
2026-01-04 09:21:08 | INFO     | [lf.day.start] Processing YNB-CAI for 27JAN
2026-01-04 09:21:09 | INFO     | [lf.day.flights_found] Found 1 flights on 27JAN
2026-01-04 09:21:11 | INFO     | [lf.flight.extracted] SM442 on 27JAN: BKG=172, LF=103.0%
2026-01-04 09:21:13 | INFO     | [SUCCESS] Day 27JAN
2026-01-04 09:21:13 | INFO     | [DAY_START] Processing 26JAN
2026-01-04 09:21:13 | INFO     | [lf.day.start] Processing YNB-CAI for 26JAN
2026-01-04 09:21:16 | INFO     | [lf.day.flights_found] Found 1 flights on 26JAN
2026-01-04 09:21:20 | INFO     | [lf.flight.extracted] SM442 on 26JAN: BKG=96, LF=54.9%
2026-01-04 09:21:30 | INFO     | [SUCCESS] Day 26JAN
2026-01-04 09:21:30 | INFO     | [DAY_START] Processing 25JAN
2026-01-04 09:21:30 | INFO     | [lf.day.start] Processing YNB-CAI for 25JAN
2026-01-04 09:21:31 | INFO     | [lf.day.flights_found] Found 1 flights on 25JAN
2026-01-04 09:21:34 | INFO     | [lf.flight.extracted] SM442 on 25JAN: BKG=99, LF=59.3%
2026-01-04 09:21:38 | INFO     | [SUCCESS] Day 25JAN
2026-01-04 09:21:38 | INFO     | [SUCCESS] LF Search Complete
2026-01-04 09:21:40 | INFO     | [Worker_9233] Completed: YNB-CAI - 7 results, 0 errors
2026-01-04 09:21:40 | INFO     | [Worker_9233] Processing: JED-HBE
2026-01-04 09:21:40 | INFO     |   Tier 0: Range 1, Chunk 2/4 (7 days)
