
============================================================
     LF WORKER - PORT 9226
============================================================
Worker: Worker_9226
Status: READY
Waiting for tasks...
============================================================


============================================================
[Worker_9226] Processing: ATZ-RUH
  Tier 0: Range 1, Chunk 1/3
  Dates: 4 days
  Date Range: 2026-01-05 to 2026-01-02
============================================================

2025-12-25 10:34:41 | INFO     | ======================================================================
2025-12-25 10:34:41 | INFO     | Load Factor Scraper Started - Route: ATZ-RUH
2025-12-25 10:34:41 | INFO     | Log file: D:\CODERED\OUTPUTS\logs\LF_ATZ-RUH_20251225_103441.log
2025-12-25 10:34:41 | INFO     | Enhanced logging: Capturing both logging.info() and print()
2025-12-25 10:34:41 | INFO     | ======================================================================
[LF] Processing dates (override): ['05JAN', '04JAN', '03JAN', '02JAN']
[LF] Attaching to Chrome for Altea access
[LF][[OK] SUCCESS] Connected to Chrome on 127.0.0.1:9226 (after 1 attempts)
[LF][[OK] SUCCESS] Found Amadeus Altea window: Altéa Reservation Desktop
[LF][[INFO] INFO] URL: https://tc212.resdesktop.altea.amadeus.com/app_ard/apf/init/login?SITE=ESMPESMP&LANGUAGE=GB&MARKETS=ARDW_PROD_WBP&ACTION=clpLogin
[LF] Processing ATZ-RUH for 05JAN
[LF][ERROR] Amadeus command error detected: UNKNOWN TRANSACTION
[LF][ERROR] Command: SN05JANATZRUH/ASM
[LF][RESYNC] Triggering immediate resync to last successful SN command
============================================================
[LF][RESYNC] Command 'SN05JANATZRUH/ASM' failed: TECH_ERROR:UNKNOWN TRANSACTION
[LF][RESYNC] Re-running entire day from SN command for ATZ-RUH 05JAN
[LF][RESYNC] Attempt 1/50 (waiting 1.0s before retry...)
============================================================
[LF][RESYNC] Sending IG to clear session state...
[LF][RESYNC] Session cleared with IG
[LF] Processing ATZ-RUH for 05JAN
[LF] No direct flights on 05JAN for ATZ-RUH
[LF] Processing ATZ-RUH for 04JAN
[LF] 04JAN: found 1 direct flights
[LF] SM463 04JAN: BKG=111, GRP=0, CAP=179, LF%=62.0%, Brd-Off=ATZ-RUH, Classes: O:6, U:7, X:17, T:20, W:10, S:10, G:19, L:22
[LF] Getting WEEKLY/LASTSOLD data for 1 flights
[LF] SM463 04JAN: LASTSOLD=2025-12-24 00:00:00, WEEKLY=24, TODAY=0, YDAY=8
[LF] Processing ATZ-RUH for 03JAN
[LF] No direct flights on 03JAN for ATZ-RUH
[LF] Processing ATZ-RUH for 02JAN
[LF] No direct flights on 02JAN for ATZ-RUH
[LF] Results summary:
  2026-01-05: 0 flights
  2026-01-04: 1 flights
  2026-01-03: 0 flights
  2026-01-02: 0 flights

============================================================
[Worker_9226] ✓ COMPLETED: ATZ-RUH
  Results: 4 dates
  Errors: 0 dates
  Total Processed: 1 groups
============================================================


============================================================
[Worker_9226] Processing: CAI-RUH
  Tier 0: Range 1, Chunk 3/3
  Dates: 3 days
  Date Range: 2025-12-28 to 2025-12-26
============================================================

2025-12-25 10:35:05 | INFO     | ======================================================================
2025-12-25 10:35:05 | INFO     | Load Factor Scraper Started - Route: CAI-RUH
2025-12-25 10:35:05 | INFO     | Log file: D:\CODERED\OUTPUTS\logs\LF_CAI-RUH_20251225_103505.log
2025-12-25 10:35:05 | INFO     | Enhanced logging: Capturing both logging.info() and print()
2025-12-25 10:35:05 | INFO     | ======================================================================
[LF] Processing dates (override): ['28DEC', '27DEC', '26DEC']
[LF] Attaching to Chrome for Altea access
2025-12-25 10:35:05 | INFO     | Starting LF search for route: CAI-RUH
2025-12-25 10:35:05 | INFO     | [START] LF Search
[LF][[OK] SUCCESS] Connected to Chrome on 127.0.0.1:9226 (after 1 attempts)
2025-12-25 10:35:06 | INFO     | [HEALTH CHECK] [OK] Chrome connection is healthy
[LF][[OK] SUCCESS] Found Amadeus Altea window: Altéa Reservation Desktop
[LF][[INFO] INFO] URL: https://tc212.resdesktop.altea.amadeus.com/app_ard/apf/init/login?SITE=ESMPESMP&LANGUAGE=GB&MARKETS=ARDW_PROD_WBP&ACTION=clpLogin
2025-12-25 10:35:06 | INFO     | [DAY_START] Processing 28DEC
[LF] Processing CAI-RUH for 28DEC
2025-12-25 10:35:06 | INFO     | [lf.day.start] Processing CAI-RUH for 28DEC
[LF] 28DEC: found 1 direct flights
2025-12-25 10:35:07 | INFO     | [lf.day.flights_found] Found 1 flights on 28DEC
2025-12-25 10:35:09 | INFO     | [lf.flight.extracted] SM461 on 28DEC: BKG=97, LF=89.0%
[LF] SM461 28DEC: BKG=97, GRP=0, CAP=109, LF%=89.0%, Brd-Off=CAI-RUH, Classes: I:30, O:30, U:10, X:20, T:4, G:2, L:1
[LF] Getting WEEKLY/LASTSOLD data for 1 flights
[LF] SM461 28DEC: LASTSOLD=2025-12-24 00:00:00, WEEKLY=28, TODAY=0, YDAY=2
2025-12-25 10:35:15 | INFO     | [SUCCESS] Day 28DEC
2025-12-25 10:35:15 | INFO     | [DAY_START] Processing 27DEC
[LF] Processing CAI-RUH for 27DEC
2025-12-25 10:35:15 | INFO     | [lf.day.start] Processing CAI-RUH for 27DEC
[LF] 27DEC: found 1 direct flights
2025-12-25 10:35:16 | INFO     | [lf.day.flights_found] Found 1 flights on 27DEC
2025-12-25 10:35:18 | INFO     | [lf.flight.extracted] SM461 on 27DEC: BKG=106, LF=59.2%
[LF] SM461 27DEC: BKG=106, GRP=0, CAP=179, LF%=59.2%, Brd-Off=CAI-RUH, Classes: I:1, O:3, U:26, X:27, T:45, W:2, S:2
[LPC] SM461 27DEC: Found 1 outbound flights with connecting passengers
[LF] Getting WEEKLY/LASTSOLD data for 1 flights
[LF] SM461 27DEC: LASTSOLD=2025-12-18 00:00:00, WEEKLY=1, TODAY=0, YDAY=0
2025-12-25 10:35:22 | INFO     | [SUCCESS] Day 27DEC
2025-12-25 10:35:22 | INFO     | [DAY_START] Processing 26DEC
[LF] Processing CAI-RUH for 26DEC
2025-12-25 10:35:22 | INFO     | [lf.day.start] Processing CAI-RUH for 26DEC
[LF] 26DEC: found 2 direct flights
2025-12-25 10:35:24 | INFO     | [lf.day.flights_found] Found 2 flights on 26DEC
2025-12-25 10:35:26 | INFO     | [lf.flight.extracted] SM461 on 26DEC: BKG=109, LF=60.9%
[LF] SM461 26DEC: BKG=109, GRP=0, CAP=179, LF%=60.9%, Brd-Off=CAI-RUH, Classes: O:25, U:15, X:14, T:52, W:3
2025-12-25 10:35:30 | INFO     | [lf.flight.extracted] SM469 on 26DEC: BKG=139, LF=77.6%
[LF] SM469 26DEC: BKG=139, GRP=0, CAP=179, LF%=77.6%, Brd-Off=CAI-RUH, Classes: O:23, U:25, X:15, T:57, W:13, S:6
[LF] Getting WEEKLY/LASTSOLD data for 2 flights
[LF] SM461 26DEC: LASTSOLD=2025-12-24 00:00:00, WEEKLY=57, TODAY=0, YDAY=4
[LF] SM469 26DEC: LASTSOLD=2025-12-24 00:00:00, WEEKLY=69, TODAY=0, YDAY=14
2025-12-25 10:35:41 | INFO     | [SUCCESS] Day 26DEC
[LF] Results summary:
  2025-12-28: 1 flights
  2025-12-27: 1 flights
  2025-12-26: 2 flights
2025-12-25 10:35:41 | INFO     | [SUCCESS] LF Search Complete

============================================================
[Worker_9226] ✓ COMPLETED: CAI-RUH
  Results: 3 dates
  Errors: 0 dates
  Total Processed: 2 groups
============================================================

2025-12-25 10:35:44 | INFO     | [Worker_9226] Completed: CAI-RUH - 3 results, 0 errors
[Worker_9226] Waiting for tasks...

============================================================
[Worker_9226] Shutdown signal received
Exiting...
============================================================
2025-12-25 10:37:09 | INFO     | [Worker_9226] Shutdown signal received, exiting...

============================================================
[Worker_9226] FINISHED
  Total Groups Processed: 2
============================================================

2025-12-25 10:37:09 | INFO     | [Worker_9226] Finished. Processed 2 groups.
