
============================================================
     LF WORKER - PORT 9233
============================================================
Worker: Worker_9233
Status: READY
Waiting for tasks...
============================================================


============================================================
[Worker_9233] Processing: RUH-CAI
  Tier 0: Range 1, Chunk 2/3
  Dates: 4 days
  Date Range: 2026-01-01 to 2025-12-29
============================================================

2025-12-25 10:34:41 | INFO     | ======================================================================
2025-12-25 10:34:41 | INFO     | Load Factor Scraper Started - Route: RUH-CAI
2025-12-25 10:34:41 | INFO     | Log file: D:\CODERED\OUTPUTS\logs\LF_RUH-CAI_20251225_103441.log
2025-12-25 10:34:41 | INFO     | Enhanced logging: Capturing both logging.info() and print()
2025-12-25 10:34:41 | INFO     | ======================================================================
[LF] Processing dates (override): ['01JAN', '31DEC', '30DEC', '29DEC']
[LF] Attaching to Chrome for Altea access
[LF][[OK] SUCCESS] Connected to Chrome on 127.0.0.1:9233 (after 1 attempts)
[LF][[OK] SUCCESS] Found Amadeus Altea window: Altéa Reservation Desktop
[LF][[INFO] INFO] URL: https://tc212.resdesktop.altea.amadeus.com/app_ard/apf/init/login?SITE=ESMPESMP&LANGUAGE=GB&MARKETS=ARDW_PROD_WBP&ACTION=clpLogin
[LF] Processing RUH-CAI for 01JAN
[LF][ERROR] Amadeus command error detected: UNKNOWN TRANSACTION
[LF][ERROR] Command: SN01JANRUHCAI/ASM
[LF][RESYNC] Triggering immediate resync to last successful SN command
============================================================
[LF][RESYNC] Command 'SN01JANRUHCAI/ASM' failed: TECH_ERROR:UNKNOWN TRANSACTION
[LF][RESYNC] Re-running entire day from SN command for RUH-CAI 01JAN
[LF][RESYNC] Attempt 1/50 (waiting 1.0s before retry...)
============================================================
[LF][RESYNC] Sending IG to clear session state...
[LF][RESYNC] Session cleared with IG
[LF] Processing RUH-CAI for 01JAN
[LF] 01JAN: found 1 direct flights
[LF] SM462 01JAN: BKG=28, GRP=0, CAP=168, LF%=16.7%, Brd-Off=RUH-CAI, Classes: I:8, O:7, U:7, S:5, K:1
[LPC] SM462 01JAN: Found 1 outbound flights with connecting passengers
[LF] Getting WEEKLY/LASTSOLD data for 1 flights
[LF] SM462 01JAN: LASTSOLD=2025-12-24 00:00:00, WEEKLY=5, TODAY=0, YDAY=3
[LF] Processing RUH-CAI for 31DEC
[LF] 31DEC: found 2 direct flights
[LF] SM462 31DEC: BKG=93, GRP=0, CAP=168, LF%=55.4%, Brd-Off=RUH-CAI, Classes: I:14, O:34, U:15, X:29, G:1
[LF] SM470 31DEC: BKG=83, GRP=0, CAP=168, LF%=49.4%, Brd-Off=RUH-CAI, Classes: I:17, O:27, U:23, X:16
[LF] Getting WEEKLY/LASTSOLD data for 2 flights
[LF] SM462 31DEC: LASTSOLD=2025-12-24 00:00:00, WEEKLY=12, TODAY=0, YDAY=3
[LF] SM470 31DEC: LASTSOLD=2025-12-25 00:00:00, WEEKLY=11, TODAY=2, YDAY=0
[LF] Processing RUH-CAI for 30DEC
[LF] 30DEC: found 1 direct flights
[LF] SM470 30DEC: BKG=88, GRP=0, CAP=168, LF%=52.4%, Brd-Off=RUH-CAI, Classes: I:17, O:27, U:36, X:4, W:1, S:3
[LF] Getting WEEKLY/LASTSOLD data for 1 flights
[LF] SM470 30DEC: LASTSOLD=2025-12-25 00:00:00, WEEKLY=14, TODAY=1, YDAY=7
[LF] Processing RUH-CAI for 29DEC
[LF] 29DEC: found 1 direct flights
[LF] SM470 29DEC: BKG=78, GRP=0, CAP=165, LF%=47.3%, Brd-Off=RUH-CAI, Classes: I:6, O:37, U:29, X:3, S:3
[LPC] SM470 29DEC: Found 0 outbound flights with connecting passengers
[LF] Getting WEEKLY/LASTSOLD data for 1 flights
[LF] SM470 29DEC: LASTSOLD=2025-12-17 00:00:00, WEEKLY=0, TODAY=0, YDAY=0
[LF] Results summary:
  2026-01-01: 1 flights
  2025-12-31: 2 flights
  2025-12-30: 1 flights
  2025-12-29: 1 flights

============================================================
[Worker_9233] ✓ COMPLETED: RUH-CAI
  Results: 4 dates
  Errors: 0 dates
  Total Processed: 1 groups
============================================================

[Worker_9233] Waiting for tasks...

============================================================
[Worker_9233] Shutdown signal received
Exiting...
============================================================

============================================================
[Worker_9233] FINISHED
  Total Groups Processed: 1
============================================================

