
============================================================
     LF WORKER - PORT 9223
============================================================
Worker: Worker_9223
Status: READY
Waiting for tasks...
============================================================


============================================================
[Worker_9223] Processing: JED-CAI
  Tier 0: Range 2, Chunk 1/3
  Dates: 10 days
  Date Range: 2026-02-28 to 2026-02-19
============================================================

2025-12-31 02:14:00 | INFO     | ======================================================================
2025-12-31 02:14:00 | INFO     | Load Factor Scraper Started - Route: JED-CAI
2025-12-31 02:14:00 | INFO     | Log file: D:\CODERED\LAB\market_insights\outputs\run_generated_311225_at_02.13\logs\LF_JED-CAI_20251231_021400.log
2025-12-31 02:14:00 | INFO     | Enhanced logging: Capturing both logging.info() and print()
2025-12-31 02:14:00 | INFO     | ======================================================================
[LF] Processing dates (override): ['28FEB', '27FEB', '26FEB', '25FEB', '24FEB', '23FEB', '22FEB', '21FEB', '20FEB', '19FEB']
[LF] Attaching to Chrome for Altea access
[LF][[OK] SUCCESS] Connected to Chrome on 127.0.0.1:9223 (after 1 attempts)
[LF][[OK] SUCCESS] Found Amadeus Altea window: Altéa Reservation Desktop
[LF][[INFO] INFO] URL: https://tc212.resdesktop.altea.amadeus.com/app_ard/apf/init/login?SITE=ESMPESMP&LANGUAGE=GB&MARKETS=ARDW_PROD_WBP&ACTION=clpLogin
[LF] Processing JED-CAI for 28FEB
[LF][ERROR] Amadeus command error detected: UNKNOWN TRANSACTION
[LF][ERROR] Command: SN28FEBJEDCAI/ASM
[LF][RESYNC] Triggering immediate resync to last successful SN command
============================================================
[LF][RESYNC] Command 'SN28FEBJEDCAI/ASM' failed: TECH_ERROR:UNKNOWN TRANSACTION
[LF][RESYNC] Re-running entire day from SN command for JED-CAI 28FEB
[LF][RESYNC] Attempt 1/50 (waiting 1.0s before retry...)
============================================================
[LF][RESYNC] Sending IG to clear session state...
[LF][RESYNC] Session cleared with IG
[LF] Processing JED-CAI for 28FEB
[LF] 28FEB: found 3 direct flights
[LF] SM450 28FEB: BKG=36, GRP=0, CAP=167, LF%=21.6%, Brd-Off=JED-CAI, Classes: I:9, O:5, U:10, X:12
[LF] SM476 28FEB: BKG=26, GRP=0, CAP=164, LF%=15.8%, Brd-Off=JED-CAI, Classes: I:9, O:5, U:10, X:2
[LF] SM478 28FEB: BKG=44, GRP=0, CAP=167, LF%=26.4%, Brd-Off=JED-CAI, Classes: N:1, I:9, O:6, U:10, X:14, T:2, K:2
[LF] Getting WEEKLY/LASTSOLD data for 3 flights
[LF] SM450 28FEB: LASTSOLD=2025-12-29 00:00:00, WEEKLY=3, TODAY=0, YDAY=0
[LF] SM476 28FEB: LASTSOLD=2025-12-30 00:00:00, WEEKLY=7, TODAY=0, YDAY=1
[LF] SM478 28FEB: LASTSOLD=2025-12-29 00:00:00, WEEKLY=8, TODAY=0, YDAY=0
[LF] Processing JED-CAI for 27FEB
[LF] 27FEB: found 6 direct flights
[LF] SM424 27FEB: BKG=147, GRP=130, CAP=164, LF%=89.6%, Brd-Off=JED-CAI, Classes: P:130, I:9, U:8
[LF] SM476 27FEB: BKG=174, GRP=170, CAP=167, LF%=104.2%, Brd-Off=JED-CAI, Classes: P:170, U:4
[LF] SM478 27FEB: BKG=152, GRP=135, CAP=167, LF%=91.0%, Brd-Off=JED-CAI, Classes: P:135, I:9, O:2, U:6
[LF] SM480 27FEB: BKG=153, GRP=135, CAP=175, LF%=87.4%, Brd-Off=JED-CAI, Classes: P:135, I:9, U:9
[LF] SM472 27FEB: BKG=163, GRP=135, CAP=175, LF%=93.1%, Brd-Off=JED-CAI, Classes: P:135, I:9, U:10, X:9
[LF] SM460 27FEB: BKG=160, GRP=135, CAP=167, LF%=95.8%, Brd-Off=JED-CAI, Classes: P:135, I:9, O:1, U:9, X:6
[LF] Getting WEEKLY/LASTSOLD data for 6 flights
[LF] SM424 27FEB: LASTSOLD=2025-12-29 00:00:00, WEEKLY=8, TODAY=0, YDAY=0
[LF] SM476 27FEB: LASTSOLD=2025-12-20 00:00:00, WEEKLY=0, TODAY=0, YDAY=0
[LF] SM478 27FEB: LASTSOLD=2025-12-30 00:00:00, WEEKLY=9, TODAY=0, YDAY=2
[LF] SM480 27FEB: LASTSOLD=2025-12-28 00:00:00, WEEKLY=5, TODAY=0, YDAY=0
[LF] SM472 27FEB: LASTSOLD=2025-12-27 00:00:00, WEEKLY=5, TODAY=0, YDAY=0
[LF] SM460 27FEB: LASTSOLD=2025-12-30 00:00:00, WEEKLY=6, TODAY=0, YDAY=1
[LF] Processing JED-CAI for 26FEB
[LF] 26FEB: found 7 direct flights
[LF] SM424 26FEB: BKG=56, GRP=45, CAP=167, LF%=33.5%, Brd-Off=JED-CAI, Classes: P:45, I:6, U:4, S:1
[LPC] SM424 26FEB: Found 1 outbound flights with connecting passengers
[LF] SM472 26FEB: BKG=143, GRP=135, CAP=175, LF%=81.7%, Brd-Off=JED-CAI, Classes: P:135, I:3, U:5
[LF] SM450 26FEB: BKG=158, GRP=145, CAP=164, LF%=96.3%, Brd-Off=JED-CAI, Classes: P:45, E:100, I:4, U:7, B:2
[LPC] SM450 26FEB: Found 1 outbound flights with connecting passengers
[LF] SM476 26FEB: BKG=136, GRP=135, CAP=167, LF%=81.4%, Brd-Off=JED-CAI, Classes: P:135, U:1
[LF] SM432 26FEB: BKG=138, GRP=135, CAP=175, LF%=78.9%, Brd-Off=JED-CAI, Classes: P:135, I:3
[LF] SM478 26FEB: BKG=150, GRP=135, CAP=167, LF%=89.8%, Brd-Off=JED-CAI, Classes: P:135, I:8, U:7
[LF] SM480 26FEB: BKG=159, GRP=135, CAP=175, LF%=90.9%, Brd-Off=JED-CAI, Classes: P:135, I:9, O:3, U:10, X:2
[LF] Getting WEEKLY/LASTSOLD data for 7 flights
[LF] SM424 26FEB: LASTSOLD=2025-12-29 00:00:00, WEEKLY=4, TODAY=0, YDAY=0
[LF] SM472 26FEB: LASTSOLD=2025-12-28 00:00:00, WEEKLY=1, TODAY=0, YDAY=0
[LF] SM450 26FEB: LASTSOLD=2025-12-30 00:00:00, WEEKLY=5, TODAY=0, YDAY=4
[LF] SM476 26FEB: LASTSOLD=2025-12-19 00:00:00, WEEKLY=0, TODAY=0, YDAY=0
[LF] SM432 26FEB: LASTSOLD=2025-12-29 00:00:00, WEEKLY=2, TODAY=0, YDAY=0
[LF] SM478 26FEB: LASTSOLD=2025-12-28 00:00:00, WEEKLY=5, TODAY=0, YDAY=0
[LF] SM480 26FEB: LASTSOLD=2025-12-30 00:00:00, WEEKLY=9, TODAY=0, YDAY=2
[LF] Processing JED-CAI for 25FEB
[LF] 25FEB: found 3 direct flights
[LF] SM476 25FEB: BKG=154, GRP=135, CAP=167, LF%=92.2%, Brd-Off=JED-CAI, Classes: P:135, I:9, U:10
[LF] SM460 25FEB: BKG=163, GRP=135, CAP=167, LF%=97.6%, Brd-Off=JED-CAI, Classes: P:135, I:9, O:1, U:10, X:7, S:1
[LPC] SM460 25FEB: Found 2 outbound flights with connecting passengers
[LF] SM478 25FEB: BKG=164, GRP=135, CAP=167, LF%=98.2%, Brd-Off=JED-CAI, Classes: P:135, I:9, O:4, U:10, X:5, S:1
[LPC] SM478 25FEB: Found 1 outbound flights with connecting passengers
[LF] Getting WEEKLY/LASTSOLD data for 3 flights
[LF] SM476 25FEB: LASTSOLD=2025-12-28 00:00:00, WEEKLY=5, TODAY=0, YDAY=0
[LF] SM460 25FEB: LASTSOLD=2025-12-25 00:00:00, WEEKLY=8, TODAY=0, YDAY=0
[LF] SM478 25FEB: LASTSOLD=2025-12-30 00:00:00, WEEKLY=5, TODAY=0, YDAY=1
[LF] Processing JED-CAI for 24FEB
[LF] 24FEB: 1 cancelled flight(s) detected from SN
[LF] 24FEB: found 7 direct flights
[LF] SM472 24FEB: BKG=17, GRP=0, CAP=172, LF%=9.9%, Brd-Off=JED-CAI, Classes: I:13, O:1, S:3
[LPC] SM472 24FEB: Found 1 outbound flights with connecting passengers
[LF] SM976 24FEB: BKG=170, GRP=170, CAP=167, LF%=101.8%, Brd-Off=JED-CAI, Classes: P:170
[LF] SM480 24FEB: BKG=148, GRP=135, CAP=175, LF%=84.6%, Brd-Off=JED-CAI, Classes: P:135, I:9, O:2, U:2
[LF] SM478 24FEB: BKG=19, GRP=0, CAP=167, LF%=11.4%, Brd-Off=JED-CAI, Classes: I:15, O:2, U:1, S:1
[LF] SM460 24FEB: BKG=105, GRP=90, CAP=167, LF%=62.9%, Brd-Off=JED-CAI, Classes: P:90, I:13, O:2
[LF] SM424 24FEB: BKG=57, GRP=45, CAP=167, LF%=34.1%, Brd-Off=JED-CAI, Classes: P:45, I:9, U:3
[LF] SM476 24FEB: BKG=151, GRP=135, CAP=175, LF%=86.3%, Brd-Off=JED-CAI, Classes: P:135, I:9, O:7
[LF] Getting WEEKLY/LASTSOLD data for 7 flights
[LF] SM472 24FEB: LASTSOLD=2025-12-28 00:00:00, WEEKLY=1, TODAY=0, YDAY=0
[LF] SM976 24FEB: LASTSOLD=2025-12-10 00:00:00, WEEKLY=0, TODAY=0, YDAY=0
[LF] SM480 24FEB: LASTSOLD=2025-12-27 00:00:00, WEEKLY=2, TODAY=0, YDAY=0
[LF] SM478 24FEB: LASTSOLD=2025-12-30 00:00:00, WEEKLY=2, TODAY=0, YDAY=1
[LF] SM460 24FEB: LASTSOLD=2025-12-19 00:00:00, WEEKLY=0, TODAY=0, YDAY=0
[LF] SM424 24FEB: LASTSOLD=2025-12-23 00:00:00, WEEKLY=0, TODAY=0, YDAY=0
[LF] SM476 24FEB: LASTSOLD=2025-12-30 00:00:00, WEEKLY=7, TODAY=0, YDAY=2
[LF] Processing JED-CAI for 23FEB
[LF] 23FEB: 1 cancelled flight(s) detected from SN
[LF] 23FEB: found 5 direct flights
[LF] SM480 23FEB: BKG=62, GRP=45, CAP=172, LF%=36.0%, Brd-Off=JED-CAI, Classes: P:45, I:13, O:4
[LF] SM978 23FEB: BKG=170, GRP=170, CAP=167, LF%=101.8%, Brd-Off=JED-CAI, Classes: P:170
[LF] SM476 23FEB: BKG=153, GRP=135, CAP=167, LF%=91.6%, Brd-Off=JED-CAI, Classes: P:135, I:9, O:8, S:1
[LPC] SM476 23FEB: Found 1 outbound flights with connecting passengers
[LF] SM478 23FEB: BKG=63, GRP=45, CAP=167, LF%=37.7%, Brd-Off=JED-CAI, Classes: P:45, I:14, O:3, U:1
[LF] SM460 23FEB: BKG=66, GRP=45, CAP=167, LF%=39.5%, Brd-Off=JED-CAI, Classes: P:45, I:9, O:8, U:4
[LF] Getting WEEKLY/LASTSOLD data for 5 flights
[LF] SM480 23FEB: LASTSOLD=2025-12-29 00:00:00, WEEKLY=4, TODAY=0, YDAY=0
[LF] SM978 23FEB: LASTSOLD=2025-12-14 00:00:00, WEEKLY=0, TODAY=0, YDAY=0
[LF] SM476 23FEB: LASTSOLD=2025-12-29 00:00:00, WEEKLY=7, TODAY=0, YDAY=0
