
============================================================
     LF WORKER - PORT 9234
============================================================
Worker: Worker_9234
Status: READY
Waiting for tasks...
============================================================


============================================================
[Worker_9234] Processing: JED-ASW
  Tier 0: Range 2, Chunk 1/3
  Dates: 10 days
  Date Range: 2026-02-28 to 2026-02-19
============================================================

2025-12-31 02:14:00 | INFO     | ======================================================================
2025-12-31 02:14:00 | INFO     | Load Factor Scraper Started - Route: JED-ASW
2025-12-31 02:14:00 | INFO     | Log file: D:\CODERED\LAB\market_insights\outputs\run_generated_311225_at_02.13\logs\LF_JED-ASW_20251231_021400.log
2025-12-31 02:14:00 | INFO     | Enhanced logging: Capturing both logging.info() and print()
2025-12-31 02:14:00 | INFO     | ======================================================================
[LF] Processing dates (override): ['28FEB', '27FEB', '26FEB', '25FEB', '24FEB', '23FEB', '22FEB', '21FEB', '20FEB', '19FEB']
[LF] Attaching to Chrome for Altea access
[LF][[OK] SUCCESS] Connected to Chrome on 127.0.0.1:9234 (after 1 attempts)
[LF][[OK] SUCCESS] Found Amadeus Altea window: Altéa Reservation Desktop
[LF][[INFO] INFO] URL: https://tc212.resdesktop.altea.amadeus.com/app_ard/apf/init/login?SITE=ESMPESMP&LANGUAGE=GB&MARKETS=ARDW_PROD_WBP&ACTION=clpLogin
[LF] Processing JED-ASW for 28FEB
[LF][ERROR] Amadeus command error detected: UNKNOWN TRANSACTION
[LF][ERROR] Command: SN28FEBJEDASW/ASM
[LF][RESYNC] Triggering immediate resync to last successful SN command
============================================================
[LF][RESYNC] Command 'SN28FEBJEDASW/ASM' failed: TECH_ERROR:UNKNOWN TRANSACTION
[LF][RESYNC] Re-running entire day from SN command for JED-ASW 28FEB
[LF][RESYNC] Attempt 1/50 (waiting 1.0s before retry...)
============================================================
[LF][RESYNC] Sending IG to clear session state...
[LF][RESYNC] Session cleared with IG
[LF] Processing JED-ASW for 28FEB
[LF] No direct flights on 28FEB for JED-ASW
[LF] Processing JED-ASW for 27FEB
[LF] No direct flights on 27FEB for JED-ASW
[LF] Processing JED-ASW for 26FEB
[LF] No direct flights on 26FEB for JED-ASW
[LF] Processing JED-ASW for 25FEB
[LF] No direct flights on 25FEB for JED-ASW
[LF] Processing JED-ASW for 24FEB
[LF] 24FEB: found 1 direct flights
[LF] SM986 24FEB: BKG=0, GRP=0, CAP=164, LF%=0.0%, Brd-Off=JED-ASW
[LF] Processing JED-ASW for 23FEB
[LF] 23FEB: 1 cancelled flight(s) detected from SN
[LF] 23FEB: found 2 direct flights
[LF] SM426 23FEB: BKG=0, GRP=0, CAP=167, LF%=0.0%, Brd-Off=JED-ASW
[LF] SM950 23FEB: BKG=0, GRP=0, CAP=167, LF%=0.0%, Brd-Off=JED-ASW
[LF] Processing JED-ASW for 22FEB
[LF] No direct flights on 22FEB for JED-ASW
[LF] Processing JED-ASW for 21FEB
[LF] No direct flights on 21FEB for JED-ASW
[LF] Processing JED-ASW for 20FEB
[LF] No direct flights on 20FEB for JED-ASW
[LF] Processing JED-ASW for 19FEB
[LF] No direct flights on 19FEB for JED-ASW
[LF] Results summary:
  2026-02-28: 0 flights
  2026-02-27: 0 flights
  2026-02-26: 0 flights
  2026-02-25: 0 flights
  2026-02-24: 1 flights
  2026-02-23: 2 flights
  2026-02-22: 0 flights
  2026-02-21: 0 flights
  2026-02-20: 0 flights
  2026-02-19: 0 flights
[LF] Cancelled flights found: 1
  - SM958 23FEB (SN)
[Worker_9234] Cancelled flights collected: 1

============================================================
[Worker_9234] ✓ COMPLETED: JED-ASW
  Results: 10 dates
  Errors: 0 dates
  Total Processed: 1 groups
============================================================


============================================================
[Worker_9234] Processing: RUH-ATZ
  Tier 0: Range 2, Chunk 1/3
  Dates: 10 days
  Date Range: 2026-02-28 to 2026-02-19
============================================================

2025-12-31 02:14:34 | INFO     | ======================================================================
2025-12-31 02:14:34 | INFO     | Load Factor Scraper Started - Route: RUH-ATZ
2025-12-31 02:14:34 | INFO     | Log file: D:\CODERED\LAB\market_insights\outputs\run_generated_311225_at_02.13\logs\LF_RUH-ATZ_20251231_021434.log
2025-12-31 02:14:34 | INFO     | Enhanced logging: Capturing both logging.info() and print()
2025-12-31 02:14:34 | INFO     | ======================================================================
[LF] Processing dates (override): ['28FEB', '27FEB', '26FEB', '25FEB', '24FEB', '23FEB', '22FEB', '21FEB', '20FEB', '19FEB']
[LF] Attaching to Chrome for Altea access
2025-12-31 02:14:34 | INFO     | Starting LF search for route: RUH-ATZ
2025-12-31 02:14:34 | INFO     | [START] LF Search
[LF][[OK] SUCCESS] Connected to Chrome on 127.0.0.1:9234 (after 1 attempts)
2025-12-31 02:14:35 | INFO     | [HEALTH CHECK] [OK] Chrome connection is healthy
[LF][[OK] SUCCESS] Found Amadeus Altea window: Altéa Reservation Desktop
[LF][[INFO] INFO] URL: https://tc212.resdesktop.altea.amadeus.com/app_ard/apf/init/login?SITE=ESMPESMP&LANGUAGE=GB&MARKETS=ARDW_PROD_WBP&ACTION=clpLogin
2025-12-31 02:14:35 | INFO     | [DAY_START] Processing 28FEB
[LF] Processing RUH-ATZ for 28FEB
2025-12-31 02:14:35 | INFO     | [lf.day.start] Processing RUH-ATZ for 28FEB
[LF] No direct flights on 28FEB for RUH-ATZ
2025-12-31 02:14:37 | WARNING  | [lf.day.no_flights] No direct flights on 28FEB
2025-12-31 02:14:37 | INFO     | [SUCCESS] Day 28FEB
2025-12-31 02:14:37 | INFO     | [DAY_START] Processing 27FEB
[LF] Processing RUH-ATZ for 27FEB
2025-12-31 02:14:37 | INFO     | [lf.day.start] Processing RUH-ATZ for 27FEB
[LF] No direct flights on 27FEB for RUH-ATZ
2025-12-31 02:14:38 | WARNING  | [lf.day.no_flights] No direct flights on 27FEB
2025-12-31 02:14:38 | INFO     | [SUCCESS] Day 27FEB
2025-12-31 02:14:38 | INFO     | [DAY_START] Processing 26FEB
[LF] Processing RUH-ATZ for 26FEB
2025-12-31 02:14:38 | INFO     | [lf.day.start] Processing RUH-ATZ for 26FEB
[LF] No direct flights on 26FEB for RUH-ATZ
2025-12-31 02:14:39 | WARNING  | [lf.day.no_flights] No direct flights on 26FEB
2025-12-31 02:14:39 | INFO     | [SUCCESS] Day 26FEB
2025-12-31 02:14:39 | INFO     | [DAY_START] Processing 25FEB
[LF] Processing RUH-ATZ for 25FEB
2025-12-31 02:14:39 | INFO     | [lf.day.start] Processing RUH-ATZ for 25FEB
[LF] 25FEB: found 1 direct flights
2025-12-31 02:14:40 | INFO     | [lf.day.flights_found] Found 1 flights on 25FEB
2025-12-31 02:14:42 | INFO     | [lf.flight.extracted] SM466 on 25FEB: BKG=36, LF=21.6%
[LF] SM466 25FEB: BKG=36, GRP=0, CAP=167, LF%=21.6%, Brd-Off=RUH-ATZ, Classes: I:1, O:4, U:5, X:8, T:8, W:8, S:1, K:1
[LF] Getting WEEKLY/LASTSOLD data for 1 flights
[LF] SM466 25FEB: LASTSOLD=2025-12-30 00:00:00, WEEKLY=7, TODAY=0, YDAY=1
2025-12-31 02:14:45 | INFO     | [SUCCESS] Day 25FEB
2025-12-31 02:14:45 | INFO     | [DAY_START] Processing 24FEB
[LF] Processing RUH-ATZ for 24FEB
2025-12-31 02:14:45 | INFO     | [lf.day.start] Processing RUH-ATZ for 24FEB
[LF] 24FEB: found 1 direct flights
2025-12-31 02:14:46 | INFO     | [lf.day.flights_found] Found 1 flights on 24FEB
2025-12-31 02:14:48 | INFO     | [lf.flight.extracted] SM464 on 24FEB: BKG=25, LF=14.3%
[LF] SM464 24FEB: BKG=25, GRP=0, CAP=175, LF%=14.3%, Brd-Off=RUH-ATZ, Classes: O:5, U:4, X:11, T:5
[LF] Getting WEEKLY/LASTSOLD data for 1 flights
[LF] SM464 24FEB: LASTSOLD=2025-12-27 00:00:00, WEEKLY=4, TODAY=0, YDAY=0
2025-12-31 02:14:52 | INFO     | [SUCCESS] Day 24FEB
2025-12-31 02:14:52 | INFO     | [DAY_START] Processing 23FEB
[LF] Processing RUH-ATZ for 23FEB
2025-12-31 02:14:52 | INFO     | [lf.day.start] Processing RUH-ATZ for 23FEB
[LF] No direct flights on 23FEB for RUH-ATZ
2025-12-31 02:14:52 | WARNING  | [lf.day.no_flights] No direct flights on 23FEB
2025-12-31 02:14:53 | INFO     | [SUCCESS] Day 23FEB
2025-12-31 02:14:53 | INFO     | [DAY_START] Processing 22FEB
[LF] Processing RUH-ATZ for 22FEB
2025-12-31 02:14:53 | INFO     | [lf.day.start] Processing RUH-ATZ for 22FEB
[LF] 22FEB: found 1 direct flights
2025-12-31 02:14:54 | INFO     | [lf.day.flights_found] Found 1 flights on 22FEB
2025-12-31 02:14:55 | INFO     | [lf.flight.extracted] SM464 on 22FEB: BKG=22, LF=12.6%
[LF] SM464 22FEB: BKG=22, GRP=0, CAP=175, LF%=12.6%, Brd-Off=RUH-ATZ, Classes: I:2, O:1, U:6, X:10, T:1, K:2
[LF] Getting WEEKLY/LASTSOLD data for 1 flights
[LF] SM464 22FEB: LASTSOLD=2025-12-30 00:00:00, WEEKLY=1, TODAY=0, YDAY=1
2025-12-31 02:14:59 | INFO     | [SUCCESS] Day 22FEB
2025-12-31 02:14:59 | INFO     | [DAY_START] Processing 21FEB
[LF] Processing RUH-ATZ for 21FEB
2025-12-31 02:14:59 | INFO     | [lf.day.start] Processing RUH-ATZ for 21FEB
[LF] No direct flights on 21FEB for RUH-ATZ
2025-12-31 02:15:00 | WARNING  | [lf.day.no_flights] No direct flights on 21FEB
2025-12-31 02:15:00 | INFO     | [SUCCESS] Day 21FEB
2025-12-31 02:15:00 | INFO     | [DAY_START] Processing 20FEB
[LF] Processing RUH-ATZ for 20FEB
2025-12-31 02:15:00 | INFO     | [lf.day.start] Processing RUH-ATZ for 20FEB
[LF] No direct flights on 20FEB for RUH-ATZ
2025-12-31 02:15:01 | WARNING  | [lf.day.no_flights] No direct flights on 20FEB
2025-12-31 02:15:01 | INFO     | [SUCCESS] Day 20FEB
2025-12-31 02:15:01 | INFO     | [DAY_START] Processing 19FEB
[LF] Processing RUH-ATZ for 19FEB
2025-12-31 02:15:01 | INFO     | [lf.day.start] Processing RUH-ATZ for 19FEB
[LF] No direct flights on 19FEB for RUH-ATZ
2025-12-31 02:15:02 | WARNING  | [lf.day.no_flights] No direct flights on 19FEB
2025-12-31 02:15:02 | INFO     | [SUCCESS] Day 19FEB
[LF] Results summary:
  2026-02-28: 0 flights
  2026-02-27: 0 flights
  2026-02-26: 0 flights
  2026-02-25: 1 flights
  2026-02-24: 1 flights
  2026-02-23: 0 flights
  2026-02-22: 1 flights
  2026-02-21: 0 flights
  2026-02-20: 0 flights
  2026-02-19: 0 flights
2025-12-31 02:15:02 | INFO     | [SUCCESS] LF Search Complete

============================================================
[Worker_9234] ✓ COMPLETED: RUH-ATZ
  Results: 10 dates
  Errors: 0 dates
  Total Processed: 2 groups
============================================================

2025-12-31 02:15:04 | INFO     | [Worker_9234] Completed: RUH-ATZ - 10 results, 0 errors

============================================================
[Worker_9234] Processing: TUU-ATZ
  Tier 0: Range 2, Chunk 1/3
  Dates: 10 days
  Date Range: 2026-02-28 to 2026-02-19
============================================================

2025-12-31 02:15:04 | INFO     | [Worker_9234] Processing: TUU-ATZ
2025-12-31 02:15:04 | INFO     |   Tier 0: Range 2, Chunk 1/3 (10 days)
2025-12-31 02:15:04 | INFO     | ======================================================================
2025-12-31 02:15:04 | INFO     | Load Factor Scraper Started - Route: TUU-ATZ
2025-12-31 02:15:04 | INFO     | Log file: D:\CODERED\LAB\market_insights\outputs\run_generated_311225_at_02.13\logs\LF_TUU-ATZ_20251231_021504.log
2025-12-31 02:15:04 | INFO     | Enhanced logging: Capturing both logging.info() and print()
2025-12-31 02:15:04 | INFO     | ======================================================================
[LF] Processing dates (override): ['28FEB', '27FEB', '26FEB', '25FEB', '24FEB', '23FEB', '22FEB', '21FEB', '20FEB', '19FEB']
[LF] Attaching to Chrome for Altea access
2025-12-31 02:15:04 | INFO     | Starting LF search for route: TUU-ATZ
2025-12-31 02:15:04 | INFO     | [START] LF Search
[LF][[OK] SUCCESS] Connected to Chrome on 127.0.0.1:9234 (after 1 attempts)
2025-12-31 02:15:05 | INFO     | [HEALTH CHECK] [OK] Chrome connection is healthy
[LF][[OK] SUCCESS] Found Amadeus Altea window: Altéa Reservation Desktop
[LF][[INFO] INFO] URL: https://tc212.resdesktop.altea.amadeus.com/app_ard/apf/init/login?SITE=ESMPESMP&LANGUAGE=GB&MARKETS=ARDW_PROD_WBP&ACTION=clpLogin
2025-12-31 02:15:05 | INFO     | [DAY_START] Processing 28FEB
[LF] Processing TUU-ATZ for 28FEB
2025-12-31 02:15:05 | INFO     | [lf.day.start] Processing TUU-ATZ for 28FEB
[LF] No direct flights on 28FEB for TUU-ATZ
2025-12-31 02:15:06 | WARNING  | [lf.day.no_flights] No direct flights on 28FEB
2025-12-31 02:15:06 | INFO     | [SUCCESS] Day 28FEB
2025-12-31 02:15:06 | INFO     | [DAY_START] Processing 27FEB
[LF] Processing TUU-ATZ for 27FEB
2025-12-31 02:15:06 | INFO     | [lf.day.start] Processing TUU-ATZ for 27FEB
[LF] 27FEB: found 1 direct flights
2025-12-31 02:15:07 | INFO     | [lf.day.flights_found] Found 1 flights on 27FEB
2025-12-31 02:15:09 | INFO     | [lf.flight.extracted] SM328 on 27FEB: BKG=1, LF=0.6%
[LF] SM328 27FEB: BKG=1, GRP=0, CAP=175, LF%=0.6%, Brd-Off=TUU-ATZ, Classes: W:1
[LF] Getting WEEKLY/LASTSOLD data for 1 flights
[LF] SM328 27FEB: LASTSOLD=2025-09-24 00:00:00, WEEKLY=0, TODAY=0, YDAY=0
2025-12-31 02:15:12 | INFO     | [SUCCESS] Day 27FEB
2025-12-31 02:15:12 | INFO     | [DAY_START] Processing 26FEB
[LF] Processing TUU-ATZ for 26FEB
2025-12-31 02:15:12 | INFO     | [lf.day.start] Processing TUU-ATZ for 26FEB
[LF] No direct flights on 26FEB for TUU-ATZ
2025-12-31 02:15:13 | WARNING  | [lf.day.no_flights] No direct flights on 26FEB
2025-12-31 02:15:13 | INFO     | [SUCCESS] Day 26FEB
2025-12-31 02:15:13 | INFO     | [DAY_START] Processing 25FEB
[LF] Processing TUU-ATZ for 25FEB
2025-12-31 02:15:13 | INFO     | [lf.day.start] Processing TUU-ATZ for 25FEB
[LF] No direct flights on 25FEB for TUU-ATZ
2025-12-31 02:15:14 | WARNING  | [lf.day.no_flights] No direct flights on 25FEB
2025-12-31 02:15:14 | INFO     | [SUCCESS] Day 25FEB
2025-12-31 02:15:14 | INFO     | [DAY_START] Processing 24FEB
[LF] Processing TUU-ATZ for 24FEB
2025-12-31 02:15:14 | INFO     | [lf.day.start] Processing TUU-ATZ for 24FEB
[LF] No direct flights on 24FEB for TUU-ATZ
2025-12-31 02:15:15 | WARNING  | [lf.day.no_flights] No direct flights on 24FEB
2025-12-31 02:15:15 | INFO     | [SUCCESS] Day 24FEB
2025-12-31 02:15:15 | INFO     | [DAY_START] Processing 23FEB
[LF] Processing TUU-ATZ for 23FEB
2025-12-31 02:15:15 | INFO     | [lf.day.start] Processing TUU-ATZ for 23FEB
[LF] No direct flights on 23FEB for TUU-ATZ
2025-12-31 02:15:16 | WARNING  | [lf.day.no_flights] No direct flights on 23FEB
2025-12-31 02:15:16 | INFO     | [SUCCESS] Day 23FEB
2025-12-31 02:15:16 | INFO     | [DAY_START] Processing 22FEB
[LF] Processing TUU-ATZ for 22FEB
2025-12-31 02:15:16 | INFO     | [lf.day.start] Processing TUU-ATZ for 22FEB
[LF] No direct flights on 22FEB for TUU-ATZ
2025-12-31 02:15:17 | WARNING  | [lf.day.no_flights] No direct flights on 22FEB
2025-12-31 02:15:18 | INFO     | [SUCCESS] Day 22FEB
2025-12-31 02:15:18 | INFO     | [DAY_START] Processing 21FEB
[LF] Processing TUU-ATZ for 21FEB
2025-12-31 02:15:18 | INFO     | [lf.day.start] Processing TUU-ATZ for 21FEB
[LF] No direct flights on 21FEB for TUU-ATZ
2025-12-31 02:15:19 | WARNING  | [lf.day.no_flights] No direct flights on 21FEB
2025-12-31 02:15:19 | INFO     | [SUCCESS] Day 21FEB
2025-12-31 02:15:19 | INFO     | [DAY_START] Processing 20FEB
[LF] Processing TUU-ATZ for 20FEB
2025-12-31 02:15:19 | INFO     | [lf.day.start] Processing TUU-ATZ for 20FEB
[LF] 20FEB: found 1 direct flights
2025-12-31 02:15:20 | INFO     | [lf.day.flights_found] Found 1 flights on 20FEB
2025-12-31 02:15:22 | INFO     | [lf.flight.extracted] SM328 on 20FEB: BKG=1, LF=0.6%
[LF] SM328 20FEB: BKG=1, GRP=0, CAP=175, LF%=0.6%, Brd-Off=TUU-ATZ, Classes: G:1
[LF] Getting WEEKLY/LASTSOLD data for 1 flights
[LF] SM328 20FEB: LASTSOLD=2025-12-25 00:00:00, WEEKLY=1, TODAY=0, YDAY=0
2025-12-31 02:15:24 | INFO     | [SUCCESS] Day 20FEB
2025-12-31 02:15:24 | INFO     | [DAY_START] Processing 19FEB
[LF] Processing TUU-ATZ for 19FEB
2025-12-31 02:15:24 | INFO     | [lf.day.start] Processing TUU-ATZ for 19FEB
[LF] No direct flights on 19FEB for TUU-ATZ
2025-12-31 02:15:25 | WARNING  | [lf.day.no_flights] No direct flights on 19FEB
2025-12-31 02:15:25 | INFO     | [SUCCESS] Day 19FEB
[LF] Results summary:
  2026-02-28: 0 flights
  2026-02-27: 1 flights
  2026-02-26: 0 flights
  2026-02-25: 0 flights
  2026-02-24: 0 flights
  2026-02-23: 0 flights
  2026-02-22: 0 flights
  2026-02-21: 0 flights
  2026-02-20: 1 flights
  2026-02-19: 0 flights
2025-12-31 02:15:25 | INFO     | [SUCCESS] LF Search Complete

============================================================
[Worker_9234] ✓ COMPLETED: TUU-ATZ
  Results: 10 dates
  Errors: 0 dates
  Total Processed: 3 groups
============================================================

2025-12-31 02:15:27 | INFO     | [Worker_9234] Completed: TUU-ATZ - 10 results, 0 errors

============================================================
[Worker_9234] Processing: AHB-ATZ
  Tier 0: Range 2, Chunk 1/3
  Dates: 10 days
  Date Range: 2026-02-28 to 2026-02-19
============================================================

2025-12-31 02:15:27 | INFO     | [Worker_9234] Processing: AHB-ATZ
2025-12-31 02:15:27 | INFO     |   Tier 0: Range 2, Chunk 1/3 (10 days)
2025-12-31 02:15:27 | INFO     | ======================================================================
2025-12-31 02:15:27 | INFO     | Load Factor Scraper Started - Route: AHB-ATZ
2025-12-31 02:15:27 | INFO     | Log file: D:\CODERED\LAB\market_insights\outputs\run_generated_311225_at_02.13\logs\LF_AHB-ATZ_20251231_021527.log
2025-12-31 02:15:27 | INFO     | Enhanced logging: Capturing both logging.info() and print()
2025-12-31 02:15:27 | INFO     | ======================================================================
[LF] Processing dates (override): ['28FEB', '27FEB', '26FEB', '25FEB', '24FEB', '23FEB', '22FEB', '21FEB', '20FEB', '19FEB']
[LF] Attaching to Chrome for Altea access
2025-12-31 02:15:27 | INFO     | Starting LF search for route: AHB-ATZ
2025-12-31 02:15:27 | INFO     | [START] LF Search
[LF][[OK] SUCCESS] Connected to Chrome on 127.0.0.1:9234 (after 1 attempts)
2025-12-31 02:15:29 | INFO     | [HEALTH CHECK] [OK] Chrome connection is healthy
[LF][[OK] SUCCESS] Found Amadeus Altea window: Altéa Reservation Desktop
[LF][[INFO] INFO] URL: https://tc212.resdesktop.altea.amadeus.com/app_ard/apf/init/login?SITE=ESMPESMP&LANGUAGE=GB&MARKETS=ARDW_PROD_WBP&ACTION=clpLogin
2025-12-31 02:15:29 | INFO     | [DAY_START] Processing 28FEB
[LF] Processing AHB-ATZ for 28FEB
2025-12-31 02:15:29 | INFO     | [lf.day.start] Processing AHB-ATZ for 28FEB
[LF] No direct flights on 28FEB for AHB-ATZ
2025-12-31 02:15:30 | WARNING  | [lf.day.no_flights] No direct flights on 28FEB
2025-12-31 02:15:30 | INFO     | [SUCCESS] Day 28FEB
2025-12-31 02:15:30 | INFO     | [DAY_START] Processing 27FEB
[LF] Processing AHB-ATZ for 27FEB
2025-12-31 02:15:30 | INFO     | [lf.day.start] Processing AHB-ATZ for 27FEB
[LF] 27FEB: found 1 direct flights
2025-12-31 02:15:31 | INFO     | [lf.day.flights_found] Found 1 flights on 27FEB
2025-12-31 02:15:33 | INFO     | [lf.flight.extracted] SM446 on 27FEB: BKG=11, LF=6.3%
[LF] SM446 27FEB: BKG=11, GRP=0, CAP=175, LF%=6.3%, Brd-Off=AHB-ATZ, Classes: X:1, S:4, G:1, L:5
[LF] Getting WEEKLY/LASTSOLD data for 1 flights
[LF] SM446 27FEB: LASTSOLD=2025-12-29 00:00:00, WEEKLY=2, TODAY=0, YDAY=0
2025-12-31 02:15:35 | INFO     | [SUCCESS] Day 27FEB
2025-12-31 02:15:35 | INFO     | [DAY_START] Processing 26FEB
[LF] Processing AHB-ATZ for 26FEB
2025-12-31 02:15:35 | INFO     | [lf.day.start] Processing AHB-ATZ for 26FEB
[LF] No direct flights on 26FEB for AHB-ATZ
2025-12-31 02:15:36 | WARNING  | [lf.day.no_flights] No direct flights on 26FEB
2025-12-31 02:15:36 | INFO     | [SUCCESS] Day 26FEB
2025-12-31 02:15:36 | INFO     | [DAY_START] Processing 25FEB
[LF] Processing AHB-ATZ for 25FEB
2025-12-31 02:15:36 | INFO     | [lf.day.start] Processing AHB-ATZ for 25FEB
[LF] No direct flights on 25FEB for AHB-ATZ
2025-12-31 02:15:37 | WARNING  | [lf.day.no_flights] No direct flights on 25FEB
2025-12-31 02:15:38 | INFO     | [SUCCESS] Day 25FEB
2025-12-31 02:15:38 | INFO     | [DAY_START] Processing 24FEB
[LF] Processing AHB-ATZ for 24FEB
2025-12-31 02:15:38 | INFO     | [lf.day.start] Processing AHB-ATZ for 24FEB
[LF] No direct flights on 24FEB for AHB-ATZ
2025-12-31 02:15:38 | WARNING  | [lf.day.no_flights] No direct flights on 24FEB
2025-12-31 02:15:39 | INFO     | [SUCCESS] Day 24FEB
2025-12-31 02:15:39 | INFO     | [DAY_START] Processing 23FEB
[LF] Processing AHB-ATZ for 23FEB
2025-12-31 02:15:39 | INFO     | [lf.day.start] Processing AHB-ATZ for 23FEB
[LF] No direct flights on 23FEB for AHB-ATZ
2025-12-31 02:15:40 | WARNING  | [lf.day.no_flights] No direct flights on 23FEB
2025-12-31 02:15:40 | INFO     | [SUCCESS] Day 23FEB
2025-12-31 02:15:40 | INFO     | [DAY_START] Processing 22FEB
[LF] Processing AHB-ATZ for 22FEB
2025-12-31 02:15:40 | INFO     | [lf.day.start] Processing AHB-ATZ for 22FEB
[LF] No direct flights on 22FEB for AHB-ATZ
2025-12-31 02:15:41 | WARNING  | [lf.day.no_flights] No direct flights on 22FEB
2025-12-31 02:15:41 | INFO     | [SUCCESS] Day 22FEB
2025-12-31 02:15:41 | INFO     | [DAY_START] Processing 21FEB
[LF] Processing AHB-ATZ for 21FEB
2025-12-31 02:15:41 | INFO     | [lf.day.start] Processing AHB-ATZ for 21FEB
[LF] No direct flights on 21FEB for AHB-ATZ
2025-12-31 02:15:42 | WARNING  | [lf.day.no_flights] No direct flights on 21FEB
2025-12-31 02:15:42 | INFO     | [SUCCESS] Day 21FEB
2025-12-31 02:15:42 | INFO     | [DAY_START] Processing 20FEB
[LF] Processing AHB-ATZ for 20FEB
2025-12-31 02:15:42 | INFO     | [lf.day.start] Processing AHB-ATZ for 20FEB
[LF] 20FEB: found 1 direct flights
2025-12-31 02:15:43 | INFO     | [lf.day.flights_found] Found 1 flights on 20FEB
2025-12-31 02:15:45 | INFO     | [lf.flight.extracted] SM446 on 20FEB: BKG=2, LF=1.1%
[LF] SM446 20FEB: BKG=2, GRP=0, CAP=175, LF%=1.1%, Brd-Off=AHB-ATZ, Classes: G:2
[LF] Getting WEEKLY/LASTSOLD data for 1 flights
[LF] SM446 20FEB: LASTSOLD=2025-12-30 00:00:00, WEEKLY=2, TODAY=0, YDAY=2
2025-12-31 02:15:48 | INFO     | [SUCCESS] Day 20FEB
2025-12-31 02:15:48 | INFO     | [DAY_START] Processing 19FEB
[LF] Processing AHB-ATZ for 19FEB
2025-12-31 02:15:48 | INFO     | [lf.day.start] Processing AHB-ATZ for 19FEB
[LF] No direct flights on 19FEB for AHB-ATZ
2025-12-31 02:15:49 | WARNING  | [lf.day.no_flights] No direct flights on 19FEB
2025-12-31 02:15:49 | INFO     | [SUCCESS] Day 19FEB
[LF] Results summary:
  2026-02-28: 0 flights
  2026-02-27: 1 flights
  2026-02-26: 0 flights
  2026-02-25: 0 flights
  2026-02-24: 0 flights
  2026-02-23: 0 flights
  2026-02-22: 0 flights
  2026-02-21: 0 flights
  2026-02-20: 1 flights
  2026-02-19: 0 flights
2025-12-31 02:15:49 | INFO     | [SUCCESS] LF Search Complete

============================================================
[Worker_9234] ✓ COMPLETED: AHB-ATZ
  Results: 10 dates
  Errors: 0 dates
  Total Processed: 4 groups
============================================================

2025-12-31 02:15:51 | INFO     | [Worker_9234] Completed: AHB-ATZ - 10 results, 0 errors

============================================================
[Worker_9234] Processing: HBE-MED
  Tier 0: Range 2, Chunk 1/3
  Dates: 10 days
  Date Range: 2026-02-28 to 2026-02-19
============================================================

2025-12-31 02:15:51 | INFO     | [Worker_9234] Processing: HBE-MED
2025-12-31 02:15:51 | INFO     |   Tier 0: Range 2, Chunk 1/3 (10 days)
2025-12-31 02:15:51 | INFO     | ======================================================================
2025-12-31 02:15:51 | INFO     | Load Factor Scraper Started - Route: HBE-MED
2025-12-31 02:15:51 | INFO     | Log file: D:\CODERED\LAB\market_insights\outputs\run_generated_311225_at_02.13\logs\LF_HBE-MED_20251231_021551.log
2025-12-31 02:15:51 | INFO     | Enhanced logging: Capturing both logging.info() and print()
2025-12-31 02:15:51 | INFO     | ======================================================================
[LF] Processing dates (override): ['28FEB', '27FEB', '26FEB', '25FEB', '24FEB', '23FEB', '22FEB', '21FEB', '20FEB', '19FEB']
[LF] Attaching to Chrome for Altea access
2025-12-31 02:15:51 | INFO     | Starting LF search for route: HBE-MED
2025-12-31 02:15:51 | INFO     | [START] LF Search
[LF][[OK] SUCCESS] Connected to Chrome on 127.0.0.1:9234 (after 1 attempts)
2025-12-31 02:15:52 | INFO     | [HEALTH CHECK] [OK] Chrome connection is healthy
[LF][[OK] SUCCESS] Found Amadeus Altea window: Altéa Reservation Desktop
[LF][[INFO] INFO] URL: https://tc212.resdesktop.altea.amadeus.com/app_ard/apf/init/login?SITE=ESMPESMP&LANGUAGE=GB&MARKETS=ARDW_PROD_WBP&ACTION=clpLogin
2025-12-31 02:15:52 | INFO     | [DAY_START] Processing 28FEB
[LF] Processing HBE-MED for 28FEB
2025-12-31 02:15:52 | INFO     | [lf.day.start] Processing HBE-MED for 28FEB
[LF] No direct flights on 28FEB for HBE-MED
2025-12-31 02:15:54 | WARNING  | [lf.day.no_flights] No direct flights on 28FEB
2025-12-31 02:15:54 | INFO     | [SUCCESS] Day 28FEB
2025-12-31 02:15:54 | INFO     | [DAY_START] Processing 27FEB
[LF] Processing HBE-MED for 27FEB
2025-12-31 02:15:54 | INFO     | [lf.day.start] Processing HBE-MED for 27FEB
[LF] No direct flights on 27FEB for HBE-MED
2025-12-31 02:15:55 | WARNING  | [lf.day.no_flights] No direct flights on 27FEB
2025-12-31 02:15:55 | INFO     | [SUCCESS] Day 27FEB
2025-12-31 02:15:55 | INFO     | [DAY_START] Processing 26FEB
[LF] Processing HBE-MED for 26FEB
2025-12-31 02:15:55 | INFO     | [lf.day.start] Processing HBE-MED for 26FEB
[LF] 26FEB: found 1 direct flights
2025-12-31 02:15:56 | INFO     | [lf.day.flights_found] Found 1 flights on 26FEB
2025-12-31 02:15:59 | INFO     | [lf.flight.extracted] SM485 on 26FEB: BKG=171, LF=95.5%
[LF] SM485 26FEB: BKG=171, GRP=170, CAP=179, LF%=95.5%, Brd-Off=HBE-MED, Classes: P:170, V:1
[LF] Getting WEEKLY/LASTSOLD data for 1 flights
[LF] SM485 26FEB: LASTSOLD=2025-12-22 00:00:00, WEEKLY=0, TODAY=0, YDAY=0
2025-12-31 02:16:02 | INFO     | [SUCCESS] Day 26FEB
2025-12-31 02:16:02 | INFO     | [DAY_START] Processing 25FEB
[LF] Processing HBE-MED for 25FEB
2025-12-31 02:16:02 | INFO     | [lf.day.start] Processing HBE-MED for 25FEB
[LF] 25FEB: found 1 direct flights
2025-12-31 02:16:03 | INFO     | [lf.day.flights_found] Found 1 flights on 25FEB
2025-12-31 02:16:05 | INFO     | [lf.flight.extracted] SM485 on 25FEB: BKG=176, LF=98.3%
[LF] SM485 25FEB: BKG=176, GRP=170, CAP=179, LF%=98.3%, Brd-Off=HBE-MED, Classes: P:170, V:5, K:1
[LF] Getting WEEKLY/LASTSOLD data for 1 flights
[LF] SM485 25FEB: LASTSOLD=2025-12-29 00:00:00, WEEKLY=3, TODAY=0, YDAY=0
2025-12-31 02:16:08 | INFO     | [SUCCESS] Day 25FEB
2025-12-31 02:16:08 | INFO     | [DAY_START] Processing 24FEB
[LF] Processing HBE-MED for 24FEB
2025-12-31 02:16:08 | INFO     | [lf.day.start] Processing HBE-MED for 24FEB
[LF] 24FEB: found 1 direct flights
2025-12-31 02:16:09 | INFO     | [lf.day.flights_found] Found 1 flights on 24FEB
2025-12-31 02:16:11 | INFO     | [lf.flight.extracted] SM485 on 24FEB: BKG=174, LF=97.2%
[LF] SM485 24FEB: BKG=174, GRP=170, CAP=179, LF%=97.2%, Brd-Off=HBE-MED, Classes: P:170, K:4
[LF] Getting WEEKLY/LASTSOLD data for 1 flights
[LF] SM485 24FEB: LASTSOLD=2025-12-28 00:00:00, WEEKLY=2, TODAY=0, YDAY=0
2025-12-31 02:16:14 | INFO     | [SUCCESS] Day 24FEB
2025-12-31 02:16:14 | INFO     | [DAY_START] Processing 23FEB
[LF] Processing HBE-MED for 23FEB
2025-12-31 02:16:14 | INFO     | [lf.day.start] Processing HBE-MED for 23FEB
[LF] 23FEB: found 1 direct flights
2025-12-31 02:16:16 | INFO     | [lf.day.flights_found] Found 1 flights on 23FEB
2025-12-31 02:16:18 | INFO     | [lf.flight.extracted] SM951 on 23FEB: BKG=172, LF=97.7%
[LF] SM951 23FEB: BKG=172, GRP=170, CAP=176, LF%=97.7%, Brd-Off=HBE-MED, Classes: P:170, Y:2
[LF] Getting WEEKLY/LASTSOLD data for 1 flights
[LF] SM951 23FEB: LASTSOLD=2025-12-29 00:00:00, WEEKLY=2, TODAY=0, YDAY=0
2025-12-31 02:16:21 | INFO     | [SUCCESS] Day 23FEB
2025-12-31 02:16:21 | INFO     | [DAY_START] Processing 22FEB
[LF] Processing HBE-MED for 22FEB
2025-12-31 02:16:21 | INFO     | [lf.day.start] Processing HBE-MED for 22FEB
[LF] 22FEB: found 2 direct flights
2025-12-31 02:16:22 | INFO     | [lf.day.flights_found] Found 2 flights on 22FEB
2025-12-31 02:16:24 | INFO     | [lf.flight.extracted] SM485 on 22FEB: BKG=177, LF=98.9%
[LF] SM485 22FEB: BKG=177, GRP=170, CAP=179, LF%=98.9%, Brd-Off=HBE-MED, Classes: P:170, V:5, K:2
2025-12-31 02:16:28 | INFO     | [lf.flight.extracted] SM973 on 22FEB: BKG=175, LF=97.8%
[LF] SM973 22FEB: BKG=175, GRP=175, CAP=179, LF%=97.8%, Brd-Off=HBE-MED, Classes: P:175
[LF] Getting WEEKLY/LASTSOLD data for 2 flights
[LF] SM485 22FEB: LASTSOLD=2025-12-24 00:00:00, WEEKLY=3, TODAY=0, YDAY=0
[LF] SM973 22FEB: LASTSOLD=2025-12-29 00:00:00, WEEKLY=1, TODAY=0, YDAY=0
2025-12-31 02:16:32 | INFO     | [SUCCESS] Day 22FEB
2025-12-31 02:16:32 | INFO     | [DAY_START] Processing 21FEB
[LF] Processing HBE-MED for 21FEB
2025-12-31 02:16:32 | INFO     | [lf.day.start] Processing HBE-MED for 21FEB
[LF] No direct flights on 21FEB for HBE-MED
2025-12-31 02:16:33 | WARNING  | [lf.day.no_flights] No direct flights on 21FEB
2025-12-31 02:16:33 | INFO     | [SUCCESS] Day 21FEB
2025-12-31 02:16:33 | INFO     | [DAY_START] Processing 20FEB
[LF] Processing HBE-MED for 20FEB
2025-12-31 02:16:33 | INFO     | [lf.day.start] Processing HBE-MED for 20FEB
[LF] No direct flights on 20FEB for HBE-MED
2025-12-31 02:16:35 | WARNING  | [lf.day.no_flights] No direct flights on 20FEB
2025-12-31 02:16:35 | INFO     | [SUCCESS] Day 20FEB
2025-12-31 02:16:35 | INFO     | [DAY_START] Processing 19FEB
[LF] Processing HBE-MED for 19FEB
2025-12-31 02:16:35 | INFO     | [lf.day.start] Processing HBE-MED for 19FEB
[LF] 19FEB: found 1 direct flights
2025-12-31 02:16:36 | INFO     | [lf.day.flights_found] Found 1 flights on 19FEB
2025-12-31 02:16:39 | INFO     | [lf.flight.extracted] SM485 on 19FEB: BKG=170, LF=95.0%
[LF] SM485 19FEB: BKG=170, GRP=165, CAP=179, LF%=95.0%, Brd-Off=HBE-MED, Classes: P:165, V:5
[LF] Getting WEEKLY/LASTSOLD data for 1 flights
[LF] SM485 19FEB: LASTSOLD=2025-12-19 00:00:00, WEEKLY=0, TODAY=0, YDAY=0
2025-12-31 02:16:43 | INFO     | [SUCCESS] Day 19FEB
[LF] Results summary:
  2026-02-28: 0 flights
  2026-02-27: 0 flights
  2026-02-26: 1 flights
  2026-02-25: 1 flights
  2026-02-24: 1 flights
  2026-02-23: 1 flights
  2026-02-22: 2 flights
  2026-02-21: 0 flights
  2026-02-20: 0 flights
  2026-02-19: 1 flights
2025-12-31 02:16:43 | INFO     | [SUCCESS] LF Search Complete

============================================================
[Worker_9234] ✓ COMPLETED: HBE-MED
  Results: 10 dates
  Errors: 0 dates
  Total Processed: 5 groups
============================================================

2025-12-31 02:16:45 | INFO     | [Worker_9234] Completed: HBE-MED - 10 results, 0 errors

============================================================
[Worker_9234] Processing: ASW-JED
  Tier 0: Range 2, Chunk 1/3
  Dates: 10 days
  Date Range: 2026-02-28 to 2026-02-19
============================================================

2025-12-31 02:16:45 | INFO     | [Worker_9234] Processing: ASW-JED
2025-12-31 02:16:45 | INFO     |   Tier 0: Range 2, Chunk 1/3 (10 days)
2025-12-31 02:16:45 | INFO     | ======================================================================
2025-12-31 02:16:45 | INFO     | Load Factor Scraper Started - Route: ASW-JED
2025-12-31 02:16:45 | INFO     | Log file: D:\CODERED\LAB\market_insights\outputs\run_generated_311225_at_02.13\logs\LF_ASW-JED_20251231_021645.log
2025-12-31 02:16:45 | INFO     | Enhanced logging: Capturing both logging.info() and print()
2025-12-31 02:16:45 | INFO     | ======================================================================
[LF] Processing dates (override): ['28FEB', '27FEB', '26FEB', '25FEB', '24FEB', '23FEB', '22FEB', '21FEB', '20FEB', '19FEB']
[LF] Attaching to Chrome for Altea access
2025-12-31 02:16:45 | INFO     | Starting LF search for route: ASW-JED
2025-12-31 02:16:45 | INFO     | [START] LF Search
[LF][[OK] SUCCESS] Connected to Chrome on 127.0.0.1:9234 (after 1 attempts)
2025-12-31 02:16:47 | INFO     | [HEALTH CHECK] [OK] Chrome connection is healthy
[LF][[OK] SUCCESS] Found Amadeus Altea window: Altéa Reservation Desktop
[LF][[INFO] INFO] URL: https://tc212.resdesktop.altea.amadeus.com/app_ard/apf/init/login?SITE=ESMPESMP&LANGUAGE=GB&MARKETS=ARDW_PROD_WBP&ACTION=clpLogin
2025-12-31 02:16:47 | INFO     | [DAY_START] Processing 28FEB
[LF] Processing ASW-JED for 28FEB
2025-12-31 02:16:47 | INFO     | [lf.day.start] Processing ASW-JED for 28FEB
[LF] No direct flights on 28FEB for ASW-JED
2025-12-31 02:16:48 | WARNING  | [lf.day.no_flights] No direct flights on 28FEB
2025-12-31 02:16:48 | INFO     | [SUCCESS] Day 28FEB
2025-12-31 02:16:48 | INFO     | [DAY_START] Processing 27FEB
[LF] Processing ASW-JED for 27FEB
2025-12-31 02:16:48 | INFO     | [lf.day.start] Processing ASW-JED for 27FEB
[LF] No direct flights on 27FEB for ASW-JED
2025-12-31 02:16:50 | WARNING  | [lf.day.no_flights] No direct flights on 27FEB
2025-12-31 02:16:50 | INFO     | [SUCCESS] Day 27FEB
2025-12-31 02:16:50 | INFO     | [DAY_START] Processing 26FEB
[LF] Processing ASW-JED for 26FEB
2025-12-31 02:16:50 | INFO     | [lf.day.start] Processing ASW-JED for 26FEB
[LF] No direct flights on 26FEB for ASW-JED
2025-12-31 02:16:51 | WARNING  | [lf.day.no_flights] No direct flights on 26FEB
2025-12-31 02:16:51 | INFO     | [SUCCESS] Day 26FEB
2025-12-31 02:16:51 | INFO     | [DAY_START] Processing 25FEB
[LF] Processing ASW-JED for 25FEB
2025-12-31 02:16:51 | INFO     | [lf.day.start] Processing ASW-JED for 25FEB
[LF] No direct flights on 25FEB for ASW-JED
2025-12-31 02:16:53 | WARNING  | [lf.day.no_flights] No direct flights on 25FEB
2025-12-31 02:16:53 | INFO     | [SUCCESS] Day 25FEB
2025-12-31 02:16:53 | INFO     | [DAY_START] Processing 24FEB
[LF] Processing ASW-JED for 24FEB
2025-12-31 02:16:53 | INFO     | [lf.day.start] Processing ASW-JED for 24FEB
[LF] 24FEB: found 1 direct flights
2025-12-31 02:16:55 | INFO     | [lf.day.flights_found] Found 1 flights on 24FEB
2025-12-31 02:16:59 | INFO     | [lf.flight.extracted] SM985 on 24FEB: BKG=0, LF=0.0%
[LF] SM985 24FEB: BKG=0, GRP=0, CAP=176, LF%=0.0%, Brd-Off=ASW-JED
2025-12-31 02:17:00 | INFO     | [SUCCESS] Day 24FEB
2025-12-31 02:17:00 | INFO     | [DAY_START] Processing 23FEB
[LF] Processing ASW-JED for 23FEB
2025-12-31 02:17:00 | INFO     | [lf.day.start] Processing ASW-JED for 23FEB
[LF] 23FEB: found 2 direct flights
2025-12-31 02:17:02 | INFO     | [lf.day.flights_found] Found 2 flights on 23FEB
2025-12-31 02:17:14 | INFO     | [lf.flight.extracted] SM425 on 23FEB: BKG=0, LF=0.0%
[LF] SM425 23FEB: BKG=0, GRP=0, CAP=179, LF%=0.0%, Brd-Off=ASW-JED
2025-12-31 02:17:23 | INFO     | [lf.flight.extracted] SM949 on 23FEB: BKG=0, LF=0.0%
[LF] SM949 23FEB: BKG=0, GRP=0, CAP=179, LF%=0.0%, Brd-Off=ASW-JED
2025-12-31 02:17:26 | INFO     | [SUCCESS] Day 23FEB
2025-12-31 02:17:26 | INFO     | [DAY_START] Processing 22FEB
[LF] Processing ASW-JED for 22FEB
2025-12-31 02:17:26 | INFO     | [lf.day.start] Processing ASW-JED for 22FEB
[LF] No direct flights on 22FEB for ASW-JED
2025-12-31 02:17:27 | WARNING  | [lf.day.no_flights] No direct flights on 22FEB
2025-12-31 02:17:27 | INFO     | [SUCCESS] Day 22FEB
2025-12-31 02:17:27 | INFO     | [DAY_START] Processing 21FEB
[LF] Processing ASW-JED for 21FEB
2025-12-31 02:17:27 | INFO     | [lf.day.start] Processing ASW-JED for 21FEB
[LF] No direct flights on 21FEB for ASW-JED
2025-12-31 02:17:28 | WARNING  | [lf.day.no_flights] No direct flights on 21FEB
2025-12-31 02:17:29 | INFO     | [SUCCESS] Day 21FEB
2025-12-31 02:17:29 | INFO     | [DAY_START] Processing 20FEB
[LF] Processing ASW-JED for 20FEB
2025-12-31 02:17:29 | INFO     | [lf.day.start] Processing ASW-JED for 20FEB
[LF] No direct flights on 20FEB for ASW-JED
2025-12-31 02:17:30 | WARNING  | [lf.day.no_flights] No direct flights on 20FEB
2025-12-31 02:17:30 | INFO     | [SUCCESS] Day 20FEB
2025-12-31 02:17:30 | INFO     | [DAY_START] Processing 19FEB
[LF] Processing ASW-JED for 19FEB
2025-12-31 02:17:30 | INFO     | [lf.day.start] Processing ASW-JED for 19FEB
[LF] No direct flights on 19FEB for ASW-JED
2025-12-31 02:17:32 | WARNING  | [lf.day.no_flights] No direct flights on 19FEB
2025-12-31 02:17:32 | INFO     | [SUCCESS] Day 19FEB
[LF] Results summary:
  2026-02-28: 0 flights
  2026-02-27: 0 flights
  2026-02-26: 0 flights
  2026-02-25: 0 flights
  2026-02-24: 1 flights
  2026-02-23: 2 flights
  2026-02-22: 0 flights
  2026-02-21: 0 flights
  2026-02-20: 0 flights
  2026-02-19: 0 flights
2025-12-31 02:17:32 | INFO     | [SUCCESS] LF Search Complete

============================================================
[Worker_9234] ✓ COMPLETED: ASW-JED
  Results: 10 dates
  Errors: 0 dates
  Total Processed: 6 groups
============================================================

2025-12-31 02:17:34 | INFO     | [Worker_9234] Completed: ASW-JED - 10 results, 0 errors

============================================================
[Worker_9234] Processing: CAI-TUU
  Tier 0: Range 2, Chunk 1/3
  Dates: 10 days
  Date Range: 2026-02-28 to 2026-02-19
============================================================

2025-12-31 02:17:34 | INFO     | [Worker_9234] Processing: CAI-TUU
2025-12-31 02:17:34 | INFO     |   Tier 0: Range 2, Chunk 1/3 (10 days)
2025-12-31 02:17:34 | INFO     | ======================================================================
2025-12-31 02:17:34 | INFO     | Load Factor Scraper Started - Route: CAI-TUU
2025-12-31 02:17:34 | INFO     | Log file: D:\CODERED\LAB\market_insights\outputs\run_generated_311225_at_02.13\logs\LF_CAI-TUU_20251231_021734.log
2025-12-31 02:17:34 | INFO     | Enhanced logging: Capturing both logging.info() and print()
2025-12-31 02:17:34 | INFO     | ======================================================================
[LF] Processing dates (override): ['28FEB', '27FEB', '26FEB', '25FEB', '24FEB', '23FEB', '22FEB', '21FEB', '20FEB', '19FEB']
[LF] Attaching to Chrome for Altea access
2025-12-31 02:17:34 | INFO     | Starting LF search for route: CAI-TUU
2025-12-31 02:17:34 | INFO     | [START] LF Search
[LF][[OK] SUCCESS] Connected to Chrome on 127.0.0.1:9234 (after 1 attempts)
2025-12-31 02:17:37 | INFO     | [HEALTH CHECK] [OK] Chrome connection is healthy
[LF][[OK] SUCCESS] Found Amadeus Altea window: Altéa Reservation Desktop
[LF][[INFO] INFO] URL: https://tc212.resdesktop.altea.amadeus.com/app_ard/apf/init/login?SITE=ESMPESMP&LANGUAGE=GB&MARKETS=ARDW_PROD_WBP&ACTION=clpLogin
2025-12-31 02:17:37 | INFO     | [DAY_START] Processing 28FEB
[LF] Processing CAI-TUU for 28FEB
2025-12-31 02:17:37 | INFO     | [lf.day.start] Processing CAI-TUU for 28FEB
