2026-01-01 08:02:59,522 | INFO     | [Worker_9223] Completed: MED-CAI - 7 results, 0 errors
2026-01-01 08:02:59,524 | INFO     | [Worker_9223] Processing: AJF-CAI
2026-01-01 08:02:59,524 | INFO     |   Tier 0: Range 3, Chunk 1/5 (7 days)
2026-01-01 08:03:19,251 | INFO     | [Worker_9223] Completed: AJF-CAI - 7 results, 0 errors
2026-01-01 08:03:19,252 | INFO     | [Worker_9223] Processing: AHB-ATZ
2026-01-01 08:03:19,253 | INFO     |   Tier 0: Range 3, Chunk 1/5 (7 days)
2026-01-01 08:03:35,108 | INFO     | [Worker_9223] Completed: AHB-ATZ - 7 results, 0 errors
2026-01-01 08:03:35,109 | INFO     | [Worker_9223] Processing: ATZ-MED
2026-01-01 08:03:35,110 | INFO     |   Tier 0: Range 3, Chunk 1/5 (7 days)
2026-01-01 08:04:02,974 | INFO     | [Worker_9223] Completed: ATZ-MED - 7 results, 0 errors
2026-01-01 08:04:02,975 | INFO     | [Worker_9223] Processing: CAI-DMM
2026-01-01 08:04:02,975 | INFO     |   Tier 0: Range 3, Chunk 1/5 (7 days)
2026-01-01 08:04:42,253 | INFO     | [Worker_9223] Completed: CAI-DMM - 7 results, 0 errors
2026-01-01 08:04:42,254 | INFO     | [Worker_9223] Processing: CAI-AHB
2026-01-01 08:04:42,255 | INFO     |   Tier 0: Range 3, Chunk 1/5 (7 days)
2026-01-01 08:05:12,703 | INFO     | [Worker_9223] Completed: CAI-AHB - 7 results, 0 errors
2026-01-01 08:05:12,704 | INFO     | [Worker_9223] Processing: JED-ATZ
2026-01-01 08:05:12,704 | INFO     |   Tier 0: Range 3, Chunk 2/5 (6 days)
2026-01-01 08:06:49,854 | INFO     | [Worker_9223] Completed: JED-ATZ - 6 results, 0 errors
2026-01-01 08:06:49,855 | INFO     | [Worker_9223] Processing: LXR-JED
2026-01-01 08:06:49,855 | INFO     |   Tier 0: Range 3, Chunk 2/5 (6 days)
2026-01-01 08:07:23,067 | INFO     | [Worker_9223] Completed: LXR-JED - 6 results, 0 errors
2026-01-01 08:07:23,068 | INFO     | [Worker_9223] Processing: CAI-TUU
2026-01-01 08:07:23,068 | INFO     |   Tier 0: Range 3, Chunk 2/5 (6 days)
2026-01-01 08:07:39,859 | INFO     | [Worker_9223] Completed: CAI-TUU - 6 results, 0 errors
2026-01-01 08:07:39,861 | INFO     | [Worker_9223] Processing: CAI-AHB
2026-01-01 08:07:39,861 | INFO     |   Tier 0: Range 3, Chunk 2/5 (6 days)
2026-01-01 08:08:00,926 | INFO     | [Worker_9223] Completed: CAI-AHB - 6 results, 0 errors
2026-01-01 08:08:00,928 | INFO     | [Worker_9223] Processing: MED-ATZ
2026-01-01 08:08:00,929 | INFO     |   Tier 0: Range 3, Chunk 3/5 (6 days)
2026-01-01 08:08:28,448 | INFO     | [Worker_9223] Completed: MED-ATZ - 6 results, 0 errors
2026-01-01 08:08:28,450 | INFO     | [Worker_9223] Processing: JED-ASW
2026-01-01 08:08:28,450 | INFO     |   Tier 0: Range 3, Chunk 3/5 (6 days)
2026-01-01 08:08:40,389 | INFO     | [Worker_9223] Completed: JED-ASW - 6 results, 0 errors
2026-01-01 08:08:40,391 | INFO     | [Worker_9223] Processing: DMM-ATZ
2026-01-01 08:08:40,392 | INFO     |   Tier 0: Range 3, Chunk 3/5 (6 days)
2026-01-01 08:09:10,707 | INFO     | [Worker_9223] Completed: DMM-ATZ - 6 results, 0 errors
2026-01-01 08:09:10,708 | INFO     | [Worker_9223] Processing: AJF-CAI
2026-01-01 08:09:10,708 | INFO     |   Tier 0: Range 3, Chunk 3/5 (6 days)
2026-01-01 08:09:30,499 | INFO     | [Worker_9223] Completed: AJF-CAI - 6 results, 0 errors
2026-01-01 08:09:30,500 | INFO     | [Worker_9223] Processing: CAI-MED
2026-01-01 08:09:30,500 | INFO     |   Tier 0: Range 3, Chunk 3/5 (6 days)
2026-01-01 08:09:53,820 | INFO     | [Worker_9223] Completed: CAI-MED - 6 results, 0 errors
2026-01-01 08:09:53,822 | INFO     | [Worker_9223] Processing: ATZ-RUH
2026-01-01 08:09:53,822 | INFO     |   Tier 0: Range 3, Chunk 3/5 (6 days)
2026-01-01 08:10:17,703 | INFO     | [Worker_9223] Completed: ATZ-RUH - 6 results, 0 errors
2026-01-01 08:10:17,705 | INFO     | [Worker_9223] Processing: ATZ-TUU
2026-01-01 08:10:17,705 | INFO     |   Tier 0: Range 3, Chunk 3/5 (6 days)
2026-01-01 08:10:31,967 | INFO     | [Worker_9223] Completed: ATZ-TUU - 6 results, 0 errors
2026-01-01 08:10:31,968 | INFO     | [Worker_9223] Processing: CAI-AHB
2026-01-01 08:10:31,968 | INFO     |   Tier 0: Range 3, Chunk 3/5 (6 days)
2026-01-01 08:10:49,143 | INFO     | [Worker_9223] Completed: CAI-AHB - 6 results, 0 errors
2026-01-01 08:10:49,144 | INFO     | [Worker_9223] Processing: MED-CAI
2026-01-01 08:10:49,144 | INFO     |   Tier 0: Range 3, Chunk 4/5 (6 days)
2026-01-01 08:11:21,638 | INFO     | [Worker_9223] Completed: MED-CAI - 6 results, 0 errors
2026-01-01 08:11:21,639 | INFO     | [Worker_9223] Processing: TUU-CAI
2026-01-01 08:11:21,639 | INFO     |   Tier 0: Range 3, Chunk 4/5 (6 days)
2026-01-01 08:11:42,987 | INFO     | [Worker_9223] Completed: TUU-CAI - 6 results, 0 errors
2026-01-01 08:11:42,988 | INFO     | [Worker_9223] Processing: AHB-CAI
2026-01-01 08:11:42,988 | INFO     |   Tier 0: Range 3, Chunk 4/5 (6 days)
2026-01-01 08:12:02,218 | INFO     | [Worker_9223] Completed: AHB-CAI - 6 results, 0 errors
2026-01-01 08:12:02,220 | INFO     | [Worker_9223] Processing: ATZ-MED
2026-01-01 08:12:02,220 | INFO     |   Tier 0: Range 3, Chunk 4/5 (6 days)
2026-01-01 08:12:25,585 | INFO     | [Worker_9223] Completed: ATZ-MED - 6 results, 0 errors
2026-01-01 08:12:25,586 | INFO     | [Worker_9223] Processing: ATZ-RUH
2026-01-01 08:12:25,586 | INFO     |   Tier 0: Range 3, Chunk 4/5 (6 days)
2026-01-01 08:12:47,373 | INFO     | [Worker_9223] Completed: ATZ-RUH - 6 results, 0 errors
2026-01-01 08:12:47,375 | INFO     | [Worker_9223] Processing: CAI-AJF
2026-01-01 08:12:47,375 | INFO     |   Tier 0: Range 3, Chunk 4/5 (6 days)
2026-01-01 08:13:07,987 | INFO     | [Worker_9223] Completed: CAI-AJF - 6 results, 0 errors
2026-01-01 08:13:07,988 | INFO     | [Worker_9223] Processing: ATZ-ELQ
2026-01-01 08:13:07,989 | INFO     |   Tier 0: Range 3, Chunk 4/5 (6 days)
2026-01-01 08:13:27,055 | INFO     | [Worker_9223] Completed: ATZ-ELQ - 6 results, 0 errors
2026-01-01 08:13:27,056 | INFO     | [Worker_9223] Processing: JED-HBE
2026-01-01 08:13:27,056 | INFO     |   Tier 0: Range 3, Chunk 5/5 (6 days)
2026-01-01 08:14:45,339 | INFO     | [Worker_9223] Completed: JED-HBE - 6 results, 0 errors
2026-01-01 08:14:45,341 | INFO     | [Worker_9223] Processing: CAI-MED
2026-01-01 08:14:45,342 | INFO     |   Tier 0: Range 3, Chunk 5/5 (6 days)
2026-01-01 08:15:20,811 | INFO     | [Worker_9223] Completed: CAI-MED - 6 results, 0 errors
2026-01-01 08:15:20,813 | INFO     | [Worker_9223] Processing: CAI-DMM
2026-01-01 08:15:20,813 | INFO     |   Tier 0: Range 3, Chunk 5/5 (6 days)
2026-01-01 08:15:47,106 | INFO     | [Worker_9223] Completed: CAI-DMM - 6 results, 0 errors
2026-01-01 08:15:47,108 | INFO     | [Worker_9223] Processing: ATZ-AJF
2026-01-01 08:15:47,108 | INFO     |   Tier 0: Range 3, Chunk 5/5 (6 days)
2026-01-01 08:16:02,490 | INFO     | [Worker_9223] Completed: ATZ-AJF - 6 results, 0 errors
2026-01-01 08:16:02,492 | INFO     | [Worker_9223] Processing: CAI-ELQ
2026-01-01 08:16:02,492 | INFO     |   Tier 0: Range 3, Chunk 5/5 (6 days)
2026-01-01 08:16:42,954 | INFO     | [Worker_9223] Completed: CAI-ELQ - 6 results, 0 errors
2026-01-01 08:16:42,958 | INFO     | [Worker_9223] Processing: JED-LXR
2026-01-01 08:16:42,959 | INFO     |   Tier 0: Range 2, Chunk 1/4 (7 days)
2026-01-01 08:17:34,072 | INFO     | [Worker_9223] Completed: JED-LXR - 7 results, 0 errors
2026-01-01 08:17:34,075 | INFO     | [Worker_9223] Processing: RUH-ATZ
2026-01-01 08:17:34,075 | INFO     |   Tier 0: Range 2, Chunk 1/4 (7 days)
2026-01-01 08:18:12,511 | INFO     | [Worker_9223] Completed: RUH-ATZ - 7 results, 0 errors
2026-01-01 08:18:12,513 | INFO     | [Worker_9223] Processing: AJF-CAI
2026-01-01 08:18:12,514 | INFO     |   Tier 0: Range 2, Chunk 1/4 (7 days)
2026-01-01 08:18:51,278 | INFO     | [Worker_9223] Completed: AJF-CAI - 7 results, 0 errors
2026-01-01 08:18:51,280 | INFO     | [Worker_9223] Processing: HBE-MED
2026-01-01 08:18:51,280 | INFO     |   Tier 0: Range 2, Chunk 1/4 (7 days)
2026-01-01 08:19:30,752 | INFO     | [Worker_9223] Completed: HBE-MED - 7 results, 0 errors
2026-01-01 08:19:30,753 | INFO     | [Worker_9223] Processing: ATZ-RUH
2026-01-01 08:19:30,753 | INFO     |   Tier 0: Range 2, Chunk 1/4 (7 days)
2026-01-01 08:19:56,503 | INFO     | [Worker_9223] Completed: ATZ-RUH - 7 results, 0 errors
2026-01-01 08:19:56,505 | INFO     | [Worker_9223] Processing: CAI-AJF
2026-01-01 08:19:56,505 | INFO     |   Tier 0: Range 2, Chunk 1/4 (7 days)
2026-01-01 08:20:25,909 | INFO     | [Worker_9223] Completed: CAI-AJF - 7 results, 0 errors
2026-01-01 08:20:25,911 | INFO     | [Worker_9223] Processing: CAI-GIZ
2026-01-01 08:20:25,911 | INFO     |   Tier 0: Range 2, Chunk 1/4 (7 days)
2026-01-01 08:20:47,191 | INFO     | [Worker_9223] Completed: CAI-GIZ - 7 results, 0 errors
2026-01-01 08:20:47,192 | INFO     | [Worker_9223] Processing: JED-ATZ
2026-01-01 08:20:47,192 | INFO     |   Tier 0: Range 2, Chunk 2/4 (7 days)
2026-01-01 08:22:33,526 | INFO     | [Worker_9223] Completed: JED-ATZ - 7 results, 0 errors
2026-01-01 08:22:33,529 | INFO     | [Worker_9223] Processing: LXR-JED
2026-01-01 08:22:33,530 | INFO     |   Tier 0: Range 2, Chunk 2/4 (7 days)
2026-01-01 08:23:02,377 | INFO     | [Worker_9223] Completed: LXR-JED - 7 results, 0 errors
2026-01-01 08:23:02,381 | INFO     | [Worker_9223] Processing: ATZ-DMM
2026-01-01 08:23:02,381 | INFO     |   Tier 0: Range 2, Chunk 2/4 (7 days)
2026-01-01 08:23:25,961 | INFO     | [Worker_9223] Completed: ATZ-DMM - 7 results, 0 errors
2026-01-01 08:23:25,965 | INFO     | [Worker_9223] Processing: ATZ-TUU
2026-01-01 08:23:25,965 | INFO     |   Tier 0: Range 2, Chunk 2/4 (7 days)
2026-01-01 08:23:41,620 | INFO     | [Worker_9223] Completed: ATZ-TUU - 7 results, 0 errors
2026-01-01 08:23:41,623 | INFO     | [Worker_9223] Processing: ATZ-AHB
2026-01-01 08:23:41,623 | INFO     |   Tier 0: Range 2, Chunk 2/4 (7 days)
2026-01-01 08:23:57,197 | INFO     | [Worker_9223] Completed: ATZ-AHB - 7 results, 0 errors
2026-01-01 08:23:57,199 | INFO     | [Worker_9223] Processing: MED-CAI
2026-01-01 08:23:57,200 | INFO     |   Tier 0: Range 2, Chunk 3/4 (7 days)
2026-01-01 08:24:41,826 | INFO     | [Worker_9223] Completed: MED-CAI - 7 results, 0 errors
2026-01-01 08:24:41,827 | INFO     | [Worker_9223] Processing: JED-ASW
2026-01-01 08:24:41,828 | INFO     |   Tier 0: Range 2, Chunk 3/4 (7 days)
2026-01-01 08:25:02,948 | INFO     | [Worker_9223] Completed: JED-ASW - 7 results, 0 errors
2026-01-01 08:25:02,949 | INFO     | [Worker_9223] Processing: TUU-CAI
2026-01-01 08:25:02,950 | INFO     |   Tier 0: Range 2, Chunk 3/4 (7 days)
2026-01-01 08:25:27,657 | INFO     | [Worker_9223] Completed: TUU-CAI - 7 results, 0 errors
2026-01-01 08:25:27,659 | INFO     | [Worker_9223] Processing: AHB-CAI
2026-01-01 08:25:27,659 | INFO     |   Tier 0: Range 2, Chunk 3/4 (7 days)
2026-01-01 08:25:56,003 | INFO     | [Worker_9223] Completed: AHB-CAI - 7 results, 0 errors
2026-01-01 08:25:56,005 | INFO     | [Worker_9223] Processing: CAI-MED
2026-01-01 08:25:56,005 | INFO     |   Tier 0: Range 2, Chunk 3/4 (7 days)
2026-01-01 08:26:42,218 | INFO     | [Worker_9223] Completed: CAI-MED - 7 results, 0 errors
2026-01-01 08:26:42,219 | INFO     | [Worker_9223] Processing: CAI-TUU
2026-01-01 08:26:42,220 | INFO     |   Tier 0: Range 2, Chunk 3/4 (7 days)
2026-01-01 08:27:06,008 | INFO     | [Worker_9223] Completed: CAI-TUU - 7 results, 0 errors
2026-01-01 08:27:06,010 | INFO     | [Worker_9223] Processing: ATZ-AJF
2026-01-01 08:27:06,010 | INFO     |   Tier 0: Range 2, Chunk 3/4 (7 days)
2026-01-01 08:27:21,317 | INFO     | [Worker_9223] Completed: ATZ-AJF - 7 results, 0 errors
2026-01-01 08:27:21,319 | INFO     | [Worker_9223] Processing: CAI-ELQ
2026-01-01 08:27:21,319 | INFO     |   Tier 0: Range 2, Chunk 3/4 (7 days)
2026-01-01 08:27:48,934 | INFO     | [Worker_9223] Completed: CAI-ELQ - 7 results, 0 errors
2026-01-01 08:27:48,936 | INFO     | [Worker_9223] Processing: JED-LXR
2026-01-01 08:27:48,936 | INFO     |   Tier 0: Range 2, Chunk 4/4 (7 days)
2026-01-01 08:28:17,873 | INFO     | [Worker_9223] Completed: JED-LXR - 7 results, 0 errors
2026-01-01 08:28:17,875 | INFO     | [Worker_9223] Processing: DMM-ATZ
2026-01-01 08:28:17,875 | INFO     |   Tier 0: Range 2, Chunk 4/4 (7 days)
2026-01-01 08:28:41,123 | INFO     | [Worker_9223] Completed: DMM-ATZ - 7 results, 0 errors
2026-01-01 08:28:41,124 | INFO     | [Worker_9223] Processing: AJF-CAI
2026-01-01 08:28:41,124 | INFO     |   Tier 0: Range 2, Chunk 4/4 (7 days)
2026-01-01 08:29:08,942 | INFO     | [Worker_9223] Completed: AJF-CAI - 7 results, 0 errors
2026-01-01 08:29:08,944 | INFO     | [Worker_9223] Processing: GIZ-CAI
2026-01-01 08:29:08,944 | INFO     |   Tier 0: Range 2, Chunk 4/4 (7 days)
2026-01-01 08:29:30,134 | INFO     | [Worker_9223] Completed: GIZ-CAI - 7 results, 0 errors
2026-01-01 08:29:30,135 | INFO     | [Worker_9223] Processing: ATZ-JED
2026-01-01 08:29:30,135 | INFO     |   Tier 0: Range 2, Chunk 4/4 (7 days)
2026-01-01 08:31:14,207 | INFO     | [Worker_9223] Completed: ATZ-JED - 7 results, 0 errors
2026-01-01 08:31:14,210 | INFO     | [Worker_9223] Processing: JED-ATZ
2026-01-01 08:31:14,210 | INFO     |   Tier 0: Range 1, Chunk 1/5 (7 days)
2026-01-01 08:33:08,423 | INFO     | [Worker_9223] Completed: JED-ATZ - 7 results, 0 errors
2026-01-01 08:33:08,425 | INFO     | [Worker_9223] Processing: LXR-JED
2026-01-01 08:33:08,425 | INFO     |   Tier 0: Range 1, Chunk 1/5 (7 days)
2026-01-01 08:33:38,123 | INFO     | [Worker_9223] Completed: LXR-JED - 7 results, 0 errors
2026-01-01 08:33:38,124 | INFO     | [Worker_9223] Processing: CAI-TUU
2026-01-01 08:33:38,125 | INFO     |   Tier 0: Range 1, Chunk 1/5 (7 days)
2026-01-01 08:34:03,727 | INFO     | [Worker_9223] Completed: CAI-TUU - 7 results, 0 errors
2026-01-01 08:34:03,729 | INFO     | [Worker_9223] Processing: CAI-YNB
2026-01-01 08:34:03,729 | INFO     |   Tier 0: Range 1, Chunk 1/5 (7 days)
2026-01-01 08:34:50,172 | INFO     | [Worker_9223] Completed: CAI-YNB - 7 results, 0 errors
2026-01-01 08:34:50,175 | INFO     | [Worker_9223] Processing: JED-ASW
2026-01-01 08:34:50,175 | INFO     |   Tier 0: Range 1, Chunk 2/5 (6 days)
2026-01-01 08:35:01,725 | INFO     | [Worker_9223] Completed: JED-ASW - 6 results, 0 errors
2026-01-01 08:35:01,727 | INFO     | [Worker_9223] Processing: RUH-CAI
2026-01-01 08:35:01,727 | INFO     |   Tier 0: Range 1, Chunk 2/5 (6 days)
2026-01-01 08:35:57,937 | INFO     | [Worker_9223] Completed: RUH-CAI - 6 results, 0 errors
2026-01-01 08:35:57,939 | INFO     | [Worker_9223] Processing: AHB-ATZ
2026-01-01 08:35:57,940 | INFO     |   Tier 0: Range 1, Chunk 2/5 (6 days)
2026-01-01 08:36:16,398 | INFO     | [Worker_9223] Completed: AHB-ATZ - 6 results, 0 errors
2026-01-01 08:36:16,400 | INFO     | [Worker_9223] Processing: HBE-MED
2026-01-01 08:36:16,401 | INFO     |   Tier 0: Range 1, Chunk 2/5 (6 days)
2026-01-01 08:36:47,806 | INFO     | [Worker_9223] Completed: HBE-MED - 6 results, 0 errors
2026-01-01 08:36:47,808 | INFO     | [Worker_9223] Processing: CAI-RUH
2026-01-01 08:36:47,808 | INFO     |   Tier 0: Range 1, Chunk 2/5 (6 days)
2026-01-01 08:37:50,749 | INFO     | [Worker_9223] Completed: CAI-RUH - 6 results, 0 errors
2026-01-01 08:37:50,750 | INFO     | [Worker_9223] Processing: CAI-GIZ
2026-01-01 08:37:50,750 | INFO     |   Tier 0: Range 1, Chunk 2/5 (6 days)
2026-01-01 08:38:13,421 | INFO     | [Worker_9223] Completed: CAI-GIZ - 6 results, 0 errors
2026-01-01 08:38:13,423 | INFO     | [Worker_9223] Processing: JED-ATZ
2026-01-01 08:38:13,423 | INFO     |   Tier 0: Range 1, Chunk 3/5 (6 days)
2026-01-01 08:40:49,756 | INFO     | [Worker_9223] Completed: JED-ATZ - 6 results, 0 errors
2026-01-01 08:40:49,758 | INFO     | [Worker_9223] Processing: ATZ-JED
2026-01-01 08:40:49,758 | INFO     |   Tier 0: Range 1, Chunk 3/5 (6 days)
2026-01-01 08:42:39,063 | INFO     | [Worker_9223] Completed: ATZ-JED - 6 results, 0 errors
2026-01-01 08:42:39,066 | INFO     | [Worker_9223] Processing: MED-ATZ
2026-01-01 08:42:39,066 | INFO     |   Tier 0: Range 1, Chunk 4/5 (6 days)
2026-01-01 08:43:33,236 | INFO     | [Worker_9223] Completed: MED-ATZ - 6 results, 0 errors
2026-01-01 08:43:33,242 | INFO     | [Worker_9223] Processing: DMM-ATZ
2026-01-01 08:43:33,243 | INFO     |   Tier 0: Range 1, Chunk 4/5 (6 days)
2026-01-01 08:43:58,193 | INFO     | [Worker_9223] Completed: DMM-ATZ - 6 results, 0 errors
2026-01-01 08:43:58,194 | INFO     | [Worker_9223] Processing: TUU-ATZ
2026-01-01 08:43:58,194 | INFO     |   Tier 0: Range 1, Chunk 4/5 (6 days)
2026-01-01 08:44:14,262 | INFO     | [Worker_9223] Completed: TUU-ATZ - 6 results, 0 errors
2026-01-01 08:44:14,263 | INFO     | [Worker_9223] Processing: AJF-ATZ
2026-01-01 08:44:14,263 | INFO     |   Tier 0: Range 1, Chunk 4/5 (6 days)
2026-01-01 08:44:30,287 | INFO     | [Worker_9223] Completed: AJF-ATZ - 6 results, 0 errors
2026-01-01 08:44:30,288 | INFO     | [Worker_9223] Processing: ELQ-CAI
2026-01-01 08:44:30,288 | INFO     |   Tier 0: Range 1, Chunk 4/5 (6 days)
2026-01-01 08:45:02,143 | INFO     | [Worker_9223] Completed: ELQ-CAI - 6 results, 0 errors
2026-01-01 08:45:02,144 | INFO     | [Worker_9223] Processing: CAI-JED
2026-01-01 08:45:02,145 | INFO     |   Tier 0: Range 1, Chunk 4/5 (6 days)
2026-01-01 08:48:26,663 | INFO     | [Worker_9223] Completed: CAI-JED - 6 results, 0 errors
2026-01-01 08:48:26,665 | INFO     | [Worker_9223] Processing: GIZ-CAI
2026-01-01 08:48:26,666 | INFO     |   Tier 0: Range 1, Chunk 5/5 (6 days)
2026-01-01 08:48:49,520 | INFO     | [Worker_9223] Completed: GIZ-CAI - 5 results, 0 errors
2026-01-01 08:48:49,524 | INFO     | [Worker_9223] Processing: ATZ-JED
2026-01-01 08:48:49,524 | INFO     |   Tier 0: Range 1, Chunk 5/5 (6 days)
2026-01-01 08:50:46,467 | INFO     | [Worker_9223] Completed: ATZ-JED - 5 results, 0 errors
2026-01-01 11:15:41,235 | INFO     | [Worker_9223] Shutdown signal received, exiting...
2026-01-01 11:15:41,247 | INFO     | [Worker_9223] Finished. Processed 75 groups.
