2026-01-01 08:02:44,728 | INFO     | [Worker_9232] Completed: JED-ASW - 7 results, 0 errors
2026-01-01 08:02:44,730 | INFO     | [Worker_9232] Processing: DMM-CAI
2026-01-01 08:02:44,730 | INFO     |   Tier 0: Range 3, Chunk 1/5 (7 days)
2026-01-01 08:03:21,677 | INFO     | [Worker_9232] Completed: DMM-CAI - 7 results, 0 errors
2026-01-01 08:03:21,678 | INFO     | [Worker_9232] Processing: ELQ-ATZ
2026-01-01 08:03:21,679 | INFO     |   Tier 0: Range 3, Chunk 1/5 (7 days)
2026-01-01 08:03:40,516 | INFO     | [Worker_9232] Completed: ELQ-ATZ - 7 results, 0 errors
2026-01-01 08:03:40,517 | INFO     | [Worker_9232] Processing: CAI-JED
2026-01-01 08:03:40,517 | INFO     |   Tier 0: Range 3, Chunk 1/5 (7 days)
2026-01-01 08:06:05,661 | INFO     | [Worker_9232] Completed: CAI-JED - 7 results, 0 errors
2026-01-01 08:06:05,663 | INFO     | [Worker_9232] Processing: AJF-ATZ
2026-01-01 08:06:05,663 | INFO     |   Tier 0: Range 3, Chunk 2/5 (6 days)
2026-01-01 08:06:19,656 | INFO     | [Worker_9232] Completed: AJF-ATZ - 6 results, 0 errors
2026-01-01 08:06:19,658 | INFO     | [Worker_9232] Processing: GIZ-CAI
2026-01-01 08:06:19,658 | INFO     |   Tier 0: Range 3, Chunk 2/5 (6 days)
2026-01-01 08:06:39,386 | INFO     | [Worker_9232] Completed: GIZ-CAI - 6 results, 0 errors
2026-01-01 08:06:39,388 | INFO     | [Worker_9232] Processing: HBE-JED
2026-01-01 08:06:39,388 | INFO     |   Tier 0: Range 3, Chunk 2/5 (6 days)
2026-01-01 08:07:33,311 | INFO     | [Worker_9232] Completed: HBE-JED - 6 results, 0 errors
2026-01-01 08:07:33,313 | INFO     | [Worker_9232] Processing: CAI-AJF
2026-01-01 08:07:33,313 | INFO     |   Tier 0: Range 3, Chunk 2/5 (6 days)
2026-01-01 08:07:58,370 | INFO     | [Worker_9232] Completed: CAI-AJF - 6 results, 0 errors
2026-01-01 08:07:58,371 | INFO     | [Worker_9232] Processing: MED-HBE
2026-01-01 08:07:58,372 | INFO     |   Tier 0: Range 3, Chunk 3/5 (6 days)
2026-01-01 08:08:26,353 | INFO     | [Worker_9232] Completed: MED-HBE - 6 results, 0 errors
2026-01-01 08:08:26,354 | INFO     | [Worker_9232] Processing: JED-LXR
2026-01-01 08:08:26,354 | INFO     |   Tier 0: Range 3, Chunk 3/5 (6 days)
2026-01-01 08:08:59,207 | INFO     | [Worker_9232] Completed: JED-LXR - 6 results, 0 errors
2026-01-01 08:08:59,210 | INFO     | [Worker_9232] Processing: TUU-ATZ
2026-01-01 08:08:59,210 | INFO     |   Tier 0: Range 3, Chunk 3/5 (6 days)
2026-01-01 08:09:14,834 | INFO     | [Worker_9232] Completed: TUU-ATZ - 6 results, 0 errors
2026-01-01 08:09:14,835 | INFO     | [Worker_9232] Processing: AHB-ATZ
2026-01-01 08:09:14,836 | INFO     |   Tier 0: Range 3, Chunk 3/5 (6 days)
2026-01-01 08:09:30,110 | INFO     | [Worker_9232] Completed: AHB-ATZ - 6 results, 0 errors
2026-01-01 08:09:30,111 | INFO     | [Worker_9232] Processing: GIZ-CAI
2026-01-01 08:09:30,111 | INFO     |   Tier 0: Range 3, Chunk 3/5 (6 days)
2026-01-01 08:09:48,584 | INFO     | [Worker_9232] Completed: GIZ-CAI - 6 results, 0 errors
2026-01-01 08:09:48,585 | INFO     | [Worker_9232] Processing: LXR-JED
2026-01-01 08:09:48,585 | INFO     |   Tier 0: Range 3, Chunk 3/5 (6 days)
2026-01-01 08:10:10,942 | INFO     | [Worker_9232] Completed: LXR-JED - 6 results, 0 errors
2026-01-01 08:10:10,944 | INFO     | [Worker_9232] Processing: CAI-TUU
2026-01-01 08:10:10,944 | INFO     |   Tier 0: Range 3, Chunk 3/5 (6 days)
2026-01-01 08:10:29,660 | INFO     | [Worker_9232] Completed: CAI-TUU - 6 results, 0 errors
2026-01-01 08:10:29,661 | INFO     | [Worker_9232] Processing: CAI-YNB
2026-01-01 08:10:29,662 | INFO     |   Tier 0: Range 3, Chunk 3/5 (6 days)
2026-01-01 08:11:01,611 | INFO     | [Worker_9232] Completed: CAI-YNB - 6 results, 0 errors
2026-01-01 08:11:01,613 | INFO     | [Worker_9232] Processing: JED-ASW
2026-01-01 08:11:01,613 | INFO     |   Tier 0: Range 3, Chunk 4/5 (6 days)
2026-01-01 08:11:11,405 | INFO     | [Worker_9232] Completed: JED-ASW - 6 results, 0 errors
2026-01-01 08:11:11,407 | INFO     | [Worker_9232] Processing: RUH-CAI
2026-01-01 08:11:11,407 | INFO     |   Tier 0: Range 3, Chunk 4/5 (6 days)
2026-01-01 08:11:53,796 | INFO     | [Worker_9232] Completed: RUH-CAI - 6 results, 0 errors
2026-01-01 08:11:53,797 | INFO     | [Worker_9232] Processing: GIZ-CAI
2026-01-01 08:11:53,797 | INFO     |   Tier 0: Range 3, Chunk 4/5 (6 days)
2026-01-01 08:12:08,435 | INFO     | [Worker_9232] Completed: GIZ-CAI - 6 results, 0 errors
2026-01-01 08:12:08,437 | INFO     | [Worker_9232] Processing: CAI-JED
2026-01-01 08:12:08,438 | INFO     |   Tier 0: Range 3, Chunk 4/5 (6 days)
2026-01-01 08:14:24,303 | INFO     | [Worker_9232] Completed: CAI-JED - 6 results, 0 errors
2026-01-01 08:14:24,304 | INFO     | [Worker_9232] Processing: AJF-CAI
2026-01-01 08:14:24,304 | INFO     |   Tier 0: Range 3, Chunk 5/5 (6 days)
2026-01-01 08:14:44,843 | INFO     | [Worker_9232] Completed: AJF-CAI - 6 results, 0 errors
2026-01-01 08:14:44,844 | INFO     | [Worker_9232] Processing: GIZ-CAI
2026-01-01 08:14:44,844 | INFO     |   Tier 0: Range 3, Chunk 5/5 (6 days)
2026-01-01 08:15:06,237 | INFO     | [Worker_9232] Completed: GIZ-CAI - 6 results, 0 errors
2026-01-01 08:15:06,238 | INFO     | [Worker_9232] Processing: LXR-JED
2026-01-01 08:15:06,238 | INFO     |   Tier 0: Range 3, Chunk 5/5 (6 days)
2026-01-01 08:15:30,740 | INFO     | [Worker_9232] Completed: LXR-JED - 6 results, 0 errors
2026-01-01 08:15:30,742 | INFO     | [Worker_9232] Processing: CAI-TUU
2026-01-01 08:15:30,742 | INFO     |   Tier 0: Range 3, Chunk 5/5 (6 days)
2026-01-01 08:15:50,342 | INFO     | [Worker_9232] Completed: CAI-TUU - 6 results, 0 errors
2026-01-01 08:15:50,343 | INFO     | [Worker_9232] Processing: CAI-YNB
2026-01-01 08:15:50,344 | INFO     |   Tier 0: Range 3, Chunk 5/5 (6 days)
2026-01-01 08:16:37,214 | INFO     | [Worker_9232] Completed: CAI-YNB - 6 results, 0 errors
2026-01-01 08:16:37,218 | INFO     | [Worker_9232] Processing: JED-ATZ
2026-01-01 08:16:37,218 | INFO     |   Tier 0: Range 2, Chunk 1/4 (7 days)
2026-01-01 08:18:59,962 | INFO     | [Worker_9232] Completed: JED-ATZ - 7 results, 0 errors
2026-01-01 08:18:59,965 | INFO     | [Worker_9232] Processing: HBE-JED
2026-01-01 08:18:59,965 | INFO     |   Tier 0: Range 2, Chunk 1/4 (7 days)
2026-01-01 08:20:07,321 | INFO     | [Worker_9232] Completed: HBE-JED - 7 results, 0 errors
2026-01-01 08:20:07,322 | INFO     | [Worker_9232] Processing: CAI-YNB
2026-01-01 08:20:07,322 | INFO     |   Tier 0: Range 2, Chunk 1/4 (7 days)
2026-01-01 08:21:15,100 | INFO     | [Worker_9232] Completed: CAI-YNB - 7 results, 0 errors
2026-01-01 08:21:15,102 | INFO     | [Worker_9232] Processing: DMM-CAI
2026-01-01 08:21:15,102 | INFO     |   Tier 0: Range 2, Chunk 2/4 (7 days)
2026-01-01 08:21:46,684 | INFO     | [Worker_9232] Completed: DMM-CAI - 7 results, 0 errors
2026-01-01 08:21:46,685 | INFO     | [Worker_9232] Processing: AJF-ATZ
2026-01-01 08:21:46,686 | INFO     |   Tier 0: Range 2, Chunk 2/4 (7 days)
2026-01-01 08:22:02,013 | INFO     | [Worker_9232] Completed: AJF-ATZ - 7 results, 0 errors
2026-01-01 08:22:02,015 | INFO     | [Worker_9232] Processing: ELQ-ATZ
2026-01-01 08:22:02,015 | INFO     |   Tier 0: Range 2, Chunk 2/4 (7 days)
2026-01-01 08:22:25,468 | INFO     | [Worker_9232] Completed: ELQ-ATZ - 7 results, 0 errors
2026-01-01 08:22:25,469 | INFO     | [Worker_9232] Processing: CAI-JED
2026-01-01 08:22:25,469 | INFO     |   Tier 0: Range 2, Chunk 2/4 (7 days)
2026-01-01 08:26:09,566 | INFO     | [Worker_9232] Completed: CAI-JED - 7 results, 0 errors
2026-01-01 08:26:09,570 | INFO     | [Worker_9232] Processing: LXR-JED
2026-01-01 08:26:09,570 | INFO     |   Tier 0: Range 2, Chunk 3/4 (7 days)
2026-01-01 08:26:38,798 | INFO     | [Worker_9232] Completed: LXR-JED - 7 results, 0 errors
2026-01-01 08:26:38,799 | INFO     | [Worker_9232] Processing: ATZ-DMM
2026-01-01 08:26:38,799 | INFO     |   Tier 0: Range 2, Chunk 3/4 (7 days)
2026-01-01 08:26:59,680 | INFO     | [Worker_9232] Completed: ATZ-DMM - 7 results, 0 errors
2026-01-01 08:26:59,682 | INFO     | [Worker_9232] Processing: ATZ-TUU
2026-01-01 08:26:59,682 | INFO     |   Tier 0: Range 2, Chunk 3/4 (7 days)
2026-01-01 08:27:14,256 | INFO     | [Worker_9232] Completed: ATZ-TUU - 7 results, 0 errors
2026-01-01 08:27:14,259 | INFO     | [Worker_9232] Processing: CAI-AHB
2026-01-01 08:27:14,259 | INFO     |   Tier 0: Range 2, Chunk 3/4 (7 days)
2026-01-01 08:27:41,112 | INFO     | [Worker_9232] Completed: CAI-AHB - 7 results, 0 errors
2026-01-01 08:27:41,113 | INFO     | [Worker_9232] Processing: JED-CAI
2026-01-01 08:27:41,114 | INFO     |   Tier 0: Range 2, Chunk 4/4 (7 days)
2026-01-01 08:31:40,343 | INFO     | [Worker_9232] Completed: JED-CAI - 7 results, 0 errors
2026-01-01 08:31:40,345 | INFO     | [Worker_9232] Processing: RUH-ATZ
2026-01-01 08:31:40,346 | INFO     |   Tier 0: Range 1, Chunk 1/5 (7 days)
2026-01-01 08:32:12,691 | INFO     | [Worker_9232] Completed: RUH-ATZ - 7 results, 0 errors
2026-01-01 08:32:12,693 | INFO     | [Worker_9232] Processing: AJF-CAI
2026-01-01 08:32:12,693 | INFO     |   Tier 0: Range 1, Chunk 1/5 (7 days)
2026-01-01 08:32:38,322 | INFO     | [Worker_9232] Completed: AJF-CAI - 7 results, 0 errors
2026-01-01 08:32:38,323 | INFO     | [Worker_9232] Processing: ELQ-ATZ
2026-01-01 08:32:38,323 | INFO     |   Tier 0: Range 1, Chunk 1/5 (7 days)
2026-01-01 08:33:00,931 | INFO     | [Worker_9232] Completed: ELQ-ATZ - 7 results, 0 errors
2026-01-01 08:33:00,933 | INFO     | [Worker_9232] Processing: HBE-JED
2026-01-01 08:33:00,933 | INFO     |   Tier 0: Range 1, Chunk 1/5 (7 days)
2026-01-01 08:34:33,415 | INFO     | [Worker_9232] Completed: HBE-JED - 7 results, 0 errors
2026-01-01 08:34:33,416 | INFO     | [Worker_9232] Processing: MED-CAI
2026-01-01 08:34:33,416 | INFO     |   Tier 0: Range 1, Chunk 2/5 (6 days)
2026-01-01 08:35:14,108 | INFO     | [Worker_9232] Completed: MED-CAI - 6 results, 0 errors
2026-01-01 08:35:14,110 | INFO     | [Worker_9232] Processing: DMM-CAI
2026-01-01 08:35:14,110 | INFO     |   Tier 0: Range 1, Chunk 2/5 (6 days)
2026-01-01 08:35:47,652 | INFO     | [Worker_9232] Completed: DMM-CAI - 6 results, 0 errors
2026-01-01 08:35:47,653 | INFO     | [Worker_9232] Processing: AHB-CAI
2026-01-01 08:35:47,653 | INFO     |   Tier 0: Range 1, Chunk 2/5 (6 days)
2026-01-01 08:36:09,689 | INFO     | [Worker_9232] Completed: AHB-CAI - 6 results, 0 errors
2026-01-01 08:36:09,691 | INFO     | [Worker_9232] Processing: GIZ-CAI
2026-01-01 08:36:09,691 | INFO     |   Tier 0: Range 1, Chunk 2/5 (6 days)
2026-01-01 08:36:27,536 | INFO     | [Worker_9232] Completed: GIZ-CAI - 6 results, 0 errors
2026-01-01 08:36:27,538 | INFO     | [Worker_9232] Processing: HBE-JED
2026-01-01 08:36:27,538 | INFO     |   Tier 0: Range 1, Chunk 2/5 (6 days)
2026-01-01 08:37:42,018 | INFO     | [Worker_9232] Completed: HBE-JED - 6 results, 0 errors
2026-01-01 08:37:42,019 | INFO     | [Worker_9232] Processing: ATZ-AHB
2026-01-01 08:37:42,019 | INFO     |   Tier 0: Range 1, Chunk 2/5 (6 days)
2026-01-01 08:37:58,689 | INFO     | [Worker_9232] Completed: ATZ-AHB - 6 results, 0 errors
2026-01-01 08:37:58,691 | INFO     | [Worker_9232] Processing: MED-HBE
2026-01-01 08:37:58,691 | INFO     |   Tier 0: Range 1, Chunk 3/5 (6 days)
2026-01-01 08:38:46,191 | INFO     | [Worker_9232] Completed: MED-HBE - 6 results, 0 errors
2026-01-01 08:38:46,193 | INFO     | [Worker_9232] Processing: RUH-ATZ
2026-01-01 08:38:46,193 | INFO     |   Tier 0: Range 1, Chunk 3/5 (6 days)
2026-01-01 08:39:19,807 | INFO     | [Worker_9232] Completed: RUH-ATZ - 6 results, 0 errors
2026-01-01 08:39:19,809 | INFO     | [Worker_9232] Processing: TUU-CAI
2026-01-01 08:39:19,810 | INFO     |   Tier 0: Range 1, Chunk 3/5 (6 days)
2026-01-01 08:39:53,059 | INFO     | [Worker_9232] Completed: TUU-CAI - 6 results, 0 errors
2026-01-01 08:39:53,061 | INFO     | [Worker_9232] Processing: AHB-CAI
2026-01-01 08:39:53,061 | INFO     |   Tier 0: Range 1, Chunk 3/5 (6 days)
2026-01-01 08:40:27,900 | INFO     | [Worker_9232] Completed: AHB-CAI - 6 results, 0 errors
2026-01-01 08:40:27,902 | INFO     | [Worker_9232] Processing: HBE-MED
2026-01-01 08:40:27,902 | INFO     |   Tier 0: Range 1, Chunk 3/5 (6 days)
2026-01-01 08:41:08,653 | INFO     | [Worker_9232] Completed: HBE-MED - 6 results, 0 errors
2026-01-01 08:41:08,655 | INFO     | [Worker_9232] Processing: ATZ-RUH
2026-01-01 08:41:08,655 | INFO     |   Tier 0: Range 1, Chunk 3/5 (6 days)
2026-01-01 08:41:49,399 | INFO     | [Worker_9232] Completed: ATZ-RUH - 6 results, 0 errors
2026-01-01 08:41:49,403 | INFO     | [Worker_9232] Processing: CAI-AJF
2026-01-01 08:41:49,403 | INFO     |   Tier 0: Range 1, Chunk 3/5 (6 days)
2026-01-01 08:42:30,330 | INFO     | [Worker_9232] Completed: CAI-AJF - 6 results, 0 errors
2026-01-01 08:42:30,331 | INFO     | [Worker_9232] Processing: CAI-GIZ
2026-01-01 08:42:30,332 | INFO     |   Tier 0: Range 1, Chunk 3/5 (6 days)
2026-01-01 08:42:58,201 | INFO     | [Worker_9232] Completed: CAI-GIZ - 6 results, 0 errors
2026-01-01 08:42:58,204 | INFO     | [Worker_9232] Processing: JED-LXR
2026-01-01 08:42:58,204 | INFO     |   Tier 0: Range 1, Chunk 4/5 (6 days)
2026-01-01 08:43:28,203 | INFO     | [Worker_9232] Completed: JED-LXR - 6 results, 0 errors
2026-01-01 08:43:28,223 | INFO     | [Worker_9232] Processing: DMM-CAI
2026-01-01 08:43:28,223 | INFO     |   Tier 0: Range 1, Chunk 4/5 (6 days)
2026-01-01 08:44:00,059 | INFO     | [Worker_9232] Completed: DMM-CAI - 6 results, 0 errors
2026-01-01 08:44:00,061 | INFO     | [Worker_9232] Processing: AJF-CAI
2026-01-01 08:44:00,061 | INFO     |   Tier 0: Range 1, Chunk 4/5 (6 days)
2026-01-01 08:44:27,629 | INFO     | [Worker_9232] Completed: AJF-CAI - 6 results, 0 errors
2026-01-01 08:44:27,632 | INFO     | [Worker_9232] Processing: AHB-ATZ
2026-01-01 08:44:27,632 | INFO     |   Tier 0: Range 1, Chunk 4/5 (6 days)
2026-01-01 08:44:43,215 | INFO     | [Worker_9232] Completed: AHB-ATZ - 6 results, 0 errors
2026-01-01 08:44:43,217 | INFO     | [Worker_9232] Processing: GIZ-CAI
2026-01-01 08:44:43,217 | INFO     |   Tier 0: Range 1, Chunk 4/5 (6 days)
2026-01-01 08:45:08,413 | INFO     | [Worker_9232] Completed: GIZ-CAI - 6 results, 0 errors
2026-01-01 08:45:08,414 | INFO     | [Worker_9232] Processing: HBE-JED
2026-01-01 08:45:08,414 | INFO     |   Tier 0: Range 1, Chunk 4/5 (6 days)
2026-01-01 08:46:36,916 | INFO     | [Worker_9232] Completed: HBE-JED - 6 results, 0 errors
2026-01-01 08:46:36,918 | INFO     | [Worker_9232] Processing: CAI-GIZ
2026-01-01 08:46:36,918 | INFO     |   Tier 0: Range 1, Chunk 4/5 (6 days)
2026-01-01 08:47:01,991 | INFO     | [Worker_9232] Completed: CAI-GIZ - 6 results, 0 errors
2026-01-01 08:47:01,993 | INFO     | [Worker_9232] Processing: JED-LXR
2026-01-01 08:47:01,993 | INFO     |   Tier 0: Range 1, Chunk 5/5 (6 days)
2026-01-01 08:47:45,238 | INFO     | [Worker_9232] Completed: JED-LXR - 5 results, 0 errors
2026-01-01 08:47:45,239 | INFO     | [Worker_9232] Processing: DMM-ATZ
2026-01-01 08:47:45,239 | INFO     |   Tier 0: Range 1, Chunk 5/5 (6 days)
2026-01-01 08:48:08,562 | INFO     | [Worker_9232] Completed: DMM-ATZ - 5 results, 0 errors
2026-01-01 08:48:08,564 | INFO     | [Worker_9232] Processing: YNB-CAI
2026-01-01 08:48:08,564 | INFO     |   Tier 0: Range 1, Chunk 5/5 (6 days)
2026-01-01 08:48:57,023 | INFO     | [Worker_9232] Completed: YNB-CAI - 5 results, 0 errors
2026-01-01 08:48:57,025 | INFO     | [Worker_9232] Processing: ASW-JED
2026-01-01 08:48:57,026 | INFO     |   Tier 0: Range 1, Chunk 5/5 (6 days)
2026-01-01 08:49:07,518 | INFO     | [Worker_9232] Completed: ASW-JED - 5 results, 0 errors
2026-01-01 08:49:07,520 | INFO     | [Worker_9232] Processing: CAI-DMM
2026-01-01 08:49:07,520 | INFO     |   Tier 0: Range 1, Chunk 5/5 (6 days)
2026-01-01 08:49:42,663 | INFO     | [Worker_9232] Completed: CAI-DMM - 5 results, 0 errors
2026-01-01 08:49:42,664 | INFO     | [Worker_9232] Processing: CAI-YNB
2026-01-01 08:49:42,664 | INFO     |   Tier 0: Range 1, Chunk 5/5 (6 days)
2026-01-01 08:50:34,552 | INFO     | [Worker_9232] Completed: CAI-YNB - 5 results, 0 errors
2026-01-01 11:15:39,409 | INFO     | [Worker_9232] Shutdown signal received, exiting...
2026-01-01 11:15:39,424 | INFO     | [Worker_9232] Finished. Processed 68 groups.
