2026-01-01 08:02:40,438 | INFO     | [Worker_9233] Completed: JED-LXR - 7 results, 0 errors
2026-01-01 08:02:40,440 | INFO     | [Worker_9233] Processing: RUH-ATZ
2026-01-01 08:02:40,440 | INFO     |   Tier 0: Range 3, Chunk 1/5 (7 days)
2026-01-01 08:02:56,076 | INFO     | [Worker_9233] Completed: RUH-ATZ - 7 results, 0 errors
2026-01-01 08:02:56,078 | INFO     | [Worker_9233] Processing: TUU-ATZ
2026-01-01 08:02:56,078 | INFO     |   Tier 0: Range 3, Chunk 1/5 (7 days)
2026-01-01 08:03:10,563 | INFO     | [Worker_9233] Completed: TUU-ATZ - 7 results, 0 errors
2026-01-01 08:03:10,564 | INFO     | [Worker_9233] Processing: YNB-CAI
2026-01-01 08:03:10,565 | INFO     |   Tier 0: Range 3, Chunk 1/5 (7 days)
2026-01-01 08:04:18,748 | INFO     | [Worker_9233] Completed: YNB-CAI - 7 results, 0 errors
2026-01-01 08:04:18,750 | INFO     | [Worker_9233] Processing: ATZ-TUU
2026-01-01 08:04:18,750 | INFO     |   Tier 0: Range 3, Chunk 1/5 (7 days)
2026-01-01 08:04:33,381 | INFO     | [Worker_9233] Completed: ATZ-TUU - 7 results, 0 errors
2026-01-01 08:04:33,383 | INFO     | [Worker_9233] Processing: ATZ-AJF
2026-01-01 08:04:33,383 | INFO     |   Tier 0: Range 3, Chunk 1/5 (7 days)
2026-01-01 08:04:49,985 | INFO     | [Worker_9233] Completed: ATZ-AJF - 7 results, 0 errors
2026-01-01 08:04:49,986 | INFO     | [Worker_9233] Processing: MED-CAI
2026-01-01 08:04:49,986 | INFO     |   Tier 0: Range 3, Chunk 2/5 (6 days)
2026-01-01 08:05:46,905 | INFO     | [Worker_9233] Completed: MED-CAI - 6 results, 0 errors
2026-01-01 08:05:46,907 | INFO     | [Worker_9233] Processing: DMM-ATZ
2026-01-01 08:05:46,907 | INFO     |   Tier 0: Range 3, Chunk 2/5 (6 days)
2026-01-01 08:06:08,097 | INFO     | [Worker_9233] Completed: DMM-ATZ - 6 results, 0 errors
2026-01-01 08:06:08,098 | INFO     | [Worker_9233] Processing: YNB-CAI
2026-01-01 08:06:08,098 | INFO     |   Tier 0: Range 3, Chunk 2/5 (6 days)
2026-01-01 08:07:17,479 | INFO     | [Worker_9233] Completed: YNB-CAI - 6 results, 0 errors
2026-01-01 08:07:17,480 | INFO     | [Worker_9233] Processing: ATZ-DMM
2026-01-01 08:07:17,480 | INFO     |   Tier 0: Range 3, Chunk 2/5 (6 days)
2026-01-01 08:07:35,114 | INFO     | [Worker_9233] Completed: ATZ-DMM - 6 results, 0 errors
2026-01-01 08:07:35,115 | INFO     | [Worker_9233] Processing: ATZ-AJF
2026-01-01 08:07:35,116 | INFO     |   Tier 0: Range 3, Chunk 2/5 (6 days)
2026-01-01 08:07:51,616 | INFO     | [Worker_9233] Completed: ATZ-AJF - 6 results, 0 errors
2026-01-01 08:07:51,618 | INFO     | [Worker_9233] Processing: CAI-GIZ
2026-01-01 08:07:51,618 | INFO     |   Tier 0: Range 3, Chunk 2/5 (6 days)
2026-01-01 08:08:14,667 | INFO     | [Worker_9233] Completed: CAI-GIZ - 6 results, 0 errors
2026-01-01 08:08:14,668 | INFO     | [Worker_9233] Processing: JED-ATZ
2026-01-01 08:08:14,668 | INFO     |   Tier 0: Range 3, Chunk 3/5 (6 days)
2026-01-01 08:09:46,967 | INFO     | [Worker_9233] Completed: JED-ATZ - 6 results, 0 errors
2026-01-01 08:09:46,968 | INFO     | [Worker_9233] Processing: ATZ-JED
2026-01-01 08:09:46,968 | INFO     |   Tier 0: Range 3, Chunk 3/5 (6 days)
2026-01-01 08:10:49,191 | INFO     | [Worker_9233] Completed: ATZ-JED - 6 results, 0 errors
2026-01-01 08:10:49,192 | INFO     | [Worker_9233] Processing: MED-HBE
2026-01-01 08:10:49,193 | INFO     |   Tier 0: Range 3, Chunk 4/5 (6 days)
2026-01-01 08:11:16,253 | INFO     | [Worker_9233] Completed: MED-HBE - 6 results, 0 errors
2026-01-01 08:11:16,254 | INFO     | [Worker_9233] Processing: RUH-ATZ
2026-01-01 08:11:16,255 | INFO     |   Tier 0: Range 3, Chunk 4/5 (6 days)
2026-01-01 08:11:41,872 | INFO     | [Worker_9233] Completed: RUH-ATZ - 6 results, 0 errors
2026-01-01 08:11:41,873 | INFO     | [Worker_9233] Processing: YNB-CAI
2026-01-01 08:11:41,873 | INFO     |   Tier 0: Range 3, Chunk 4/5 (6 days)
2026-01-01 08:12:20,859 | INFO     | [Worker_9233] Completed: YNB-CAI - 6 results, 0 errors
2026-01-01 08:12:20,860 | INFO     | [Worker_9233] Processing: ASW-JED
2026-01-01 08:12:20,860 | INFO     |   Tier 0: Range 3, Chunk 4/5 (6 days)
2026-01-01 08:12:30,882 | INFO     | [Worker_9233] Completed: ASW-JED - 6 results, 0 errors
2026-01-01 08:12:30,883 | INFO     | [Worker_9233] Processing: CAI-DMM
2026-01-01 08:12:30,883 | INFO     |   Tier 0: Range 3, Chunk 4/5 (6 days)
2026-01-01 08:12:57,219 | INFO     | [Worker_9233] Completed: CAI-DMM - 6 results, 0 errors
2026-01-01 08:12:57,220 | INFO     | [Worker_9233] Processing: CAI-YNB
2026-01-01 08:12:57,220 | INFO     |   Tier 0: Range 3, Chunk 4/5 (6 days)
2026-01-01 08:13:27,711 | INFO     | [Worker_9233] Completed: CAI-YNB - 6 results, 0 errors
2026-01-01 08:13:27,713 | INFO     | [Worker_9233] Processing: JED-ATZ
2026-01-01 08:13:27,713 | INFO     |   Tier 0: Range 3, Chunk 5/5 (6 days)
2026-01-01 08:14:59,594 | INFO     | [Worker_9233] Completed: JED-ATZ - 6 results, 0 errors
2026-01-01 08:14:59,595 | INFO     | [Worker_9233] Processing: HBE-JED
2026-01-01 08:14:59,595 | INFO     |   Tier 0: Range 3, Chunk 5/5 (6 days)
2026-01-01 08:15:57,894 | INFO     | [Worker_9233] Completed: HBE-JED - 6 results, 0 errors
2026-01-01 08:15:57,896 | INFO     | [Worker_9233] Processing: CAI-AHB
2026-01-01 08:15:57,896 | INFO     |   Tier 0: Range 3, Chunk 5/5 (6 days)
2026-01-01 08:16:23,978 | INFO     | [Worker_9233] Completed: CAI-AHB - 6 results, 0 errors
2026-01-01 08:16:23,982 | INFO     | [Worker_9233] Processing: JED-CAI
2026-01-01 08:16:23,983 | INFO     |   Tier 0: Range 2, Chunk 1/4 (7 days)
2026-01-01 08:20:55,266 | INFO     | [Worker_9233] Completed: JED-CAI - 7 results, 0 errors
2026-01-01 08:20:55,268 | INFO     | [Worker_9233] Processing: JED-LXR
2026-01-01 08:20:55,268 | INFO     |   Tier 0: Range 2, Chunk 2/4 (7 days)
2026-01-01 08:21:22,456 | INFO     | [Worker_9233] Completed: JED-LXR - 7 results, 0 errors
2026-01-01 08:21:22,458 | INFO     | [Worker_9233] Processing: DMM-ATZ
2026-01-01 08:21:22,458 | INFO     |   Tier 0: Range 2, Chunk 2/4 (7 days)
2026-01-01 08:21:43,252 | INFO     | [Worker_9233] Completed: DMM-ATZ - 7 results, 0 errors
2026-01-01 08:21:43,253 | INFO     | [Worker_9233] Processing: AJF-CAI
2026-01-01 08:21:43,253 | INFO     |   Tier 0: Range 2, Chunk 2/4 (7 days)
2026-01-01 08:22:07,985 | INFO     | [Worker_9233] Completed: AJF-CAI - 7 results, 0 errors
2026-01-01 08:22:07,989 | INFO     | [Worker_9233] Processing: GIZ-CAI
2026-01-01 08:22:07,990 | INFO     |   Tier 0: Range 2, Chunk 2/4 (7 days)
2026-01-01 08:22:32,338 | INFO     | [Worker_9233] Completed: GIZ-CAI - 7 results, 0 errors
2026-01-01 08:22:32,339 | INFO     | [Worker_9233] Processing: ATZ-JED
2026-01-01 08:22:32,339 | INFO     |   Tier 0: Range 2, Chunk 2/4 (7 days)
2026-01-01 08:24:11,087 | INFO     | [Worker_9233] Completed: ATZ-JED - 7 results, 0 errors
2026-01-01 08:24:11,092 | INFO     | [Worker_9233] Processing: JED-CAI
2026-01-01 08:24:11,092 | INFO     |   Tier 0: Range 2, Chunk 3/4 (7 days)
2026-01-01 08:27:21,966 | INFO     | [Worker_9233] Completed: JED-CAI - 7 results, 0 errors
2026-01-01 08:27:21,969 | INFO     | [Worker_9233] Processing: ATZ-ELQ
2026-01-01 08:27:21,969 | INFO     |   Tier 0: Range 2, Chunk 3/4 (7 days)
2026-01-01 08:27:43,923 | INFO     | [Worker_9233] Completed: ATZ-ELQ - 7 results, 0 errors
2026-01-01 08:27:43,925 | INFO     | [Worker_9233] Processing: JED-HBE
2026-01-01 08:27:43,925 | INFO     |   Tier 0: Range 2, Chunk 4/4 (7 days)
2026-01-01 08:29:08,974 | INFO     | [Worker_9233] Completed: JED-HBE - 7 results, 0 errors
2026-01-01 08:29:08,978 | INFO     | [Worker_9233] Processing: CAI-MED
2026-01-01 08:29:08,978 | INFO     |   Tier 0: Range 2, Chunk 4/4 (7 days)
2026-01-01 08:29:46,034 | INFO     | [Worker_9233] Completed: CAI-MED - 7 results, 0 errors
2026-01-01 08:29:46,036 | INFO     | [Worker_9233] Processing: CAI-RUH
2026-01-01 08:29:46,036 | INFO     |   Tier 0: Range 2, Chunk 4/4 (7 days)
2026-01-01 08:30:42,892 | INFO     | [Worker_9233] Completed: CAI-RUH - 7 results, 0 errors
2026-01-01 08:30:42,894 | INFO     | [Worker_9233] Processing: CAI-ELQ
2026-01-01 08:30:42,894 | INFO     |   Tier 0: Range 2, Chunk 4/4 (7 days)
2026-01-01 08:31:09,142 | INFO     | [Worker_9233] Completed: CAI-ELQ - 7 results, 0 errors
2026-01-01 08:31:09,143 | INFO     | [Worker_9233] Processing: JED-CAI
2026-01-01 08:31:09,143 | INFO     |   Tier 0: Range 1, Chunk 1/5 (7 days)
2026-01-01 08:34:22,922 | INFO     | [Worker_9233] Completed: JED-CAI - 7 results, 0 errors
2026-01-01 08:34:22,923 | INFO     | [Worker_9233] Processing: CAI-GIZ
2026-01-01 08:34:22,923 | INFO     |   Tier 0: Range 1, Chunk 1/5 (7 days)
2026-01-01 08:34:45,074 | INFO     | [Worker_9233] Completed: CAI-GIZ - 7 results, 0 errors
2026-01-01 08:34:45,075 | INFO     | [Worker_9233] Processing: JED-ATZ
2026-01-01 08:34:45,075 | INFO     |   Tier 0: Range 1, Chunk 2/5 (6 days)
2026-01-01 08:36:47,853 | INFO     | [Worker_9233] Completed: JED-ATZ - 6 results, 0 errors
2026-01-01 08:36:47,856 | INFO     | [Worker_9233] Processing: ATZ-RUH
2026-01-01 08:36:47,856 | INFO     |   Tier 0: Range 1, Chunk 2/5 (6 days)
2026-01-01 08:37:13,974 | INFO     | [Worker_9233] Completed: ATZ-RUH - 6 results, 0 errors
2026-01-01 08:37:13,977 | INFO     | [Worker_9233] Processing: ATZ-TUU
2026-01-01 08:37:13,978 | INFO     |   Tier 0: Range 1, Chunk 2/5 (6 days)
2026-01-01 08:37:30,858 | INFO     | [Worker_9233] Completed: ATZ-TUU - 6 results, 0 errors
2026-01-01 08:37:30,860 | INFO     | [Worker_9233] Processing: CAI-YNB
2026-01-01 08:37:30,860 | INFO     |   Tier 0: Range 1, Chunk 2/5 (6 days)
2026-01-01 08:38:15,420 | INFO     | [Worker_9233] Completed: CAI-YNB - 6 results, 0 errors
2026-01-01 08:38:15,421 | INFO     | [Worker_9233] Processing: JED-LXR
2026-01-01 08:38:15,422 | INFO     |   Tier 0: Range 1, Chunk 3/5 (6 days)
2026-01-01 08:41:16,656 | INFO     | [Worker_9233] Completed: JED-LXR - 6 results, 0 errors
2026-01-01 08:41:16,658 | INFO     | [Worker_9233] Processing: CAI-DMM
2026-01-01 08:41:16,658 | INFO     |   Tier 0: Range 1, Chunk 3/5 (6 days)
2026-01-01 08:42:01,887 | INFO     | [Worker_9233] Completed: CAI-DMM - 6 results, 0 errors
2026-01-01 08:42:01,890 | INFO     | [Worker_9233] Processing: CAI-YNB
2026-01-01 08:42:01,890 | INFO     |   Tier 0: Range 1, Chunk 3/5 (6 days)
2026-01-01 08:42:55,882 | INFO     | [Worker_9233] Completed: CAI-YNB - 6 results, 0 errors
2026-01-01 08:42:55,894 | INFO     | [Worker_9233] Processing: JED-ATZ
2026-01-01 08:42:55,895 | INFO     |   Tier 0: Range 1, Chunk 4/5 (6 days)
2026-01-01 08:45:13,741 | INFO     | [Worker_9233] Completed: JED-ATZ - 6 results, 0 errors
2026-01-01 08:45:13,743 | INFO     | [Worker_9233] Processing: LXR-JED
2026-01-01 08:45:13,743 | INFO     |   Tier 0: Range 1, Chunk 4/5 (6 days)
2026-01-01 08:45:27,110 | INFO     | [Worker_9233] Completed: LXR-JED - 6 results, 0 errors
2026-01-01 08:45:27,112 | INFO     | [Worker_9233] Processing: ATZ-RUH
2026-01-01 08:45:27,112 | INFO     |   Tier 0: Range 1, Chunk 4/5 (6 days)
2026-01-01 08:45:57,347 | INFO     | [Worker_9233] Completed: ATZ-RUH - 6 results, 0 errors
2026-01-01 08:45:57,348 | INFO     | [Worker_9233] Processing: ATZ-TUU
2026-01-01 08:45:57,348 | INFO     |   Tier 0: Range 1, Chunk 4/5 (6 days)
2026-01-01 08:46:13,154 | INFO     | [Worker_9233] Completed: ATZ-TUU - 6 results, 0 errors
2026-01-01 08:46:13,156 | INFO     | [Worker_9233] Processing: CAI-AHB
2026-01-01 08:46:13,156 | INFO     |   Tier 0: Range 1, Chunk 4/5 (6 days)
2026-01-01 08:46:48,141 | INFO     | [Worker_9233] Completed: CAI-AHB - 6 results, 0 errors
2026-01-01 08:46:48,144 | INFO     | [Worker_9233] Processing: MED-HBE
2026-01-01 08:46:48,144 | INFO     |   Tier 0: Range 1, Chunk 5/5 (6 days)
2026-01-01 08:47:12,585 | INFO     | [Worker_9233] Completed: MED-HBE - 5 results, 0 errors
2026-01-01 08:47:12,587 | INFO     | [Worker_9233] Processing: JED-ASW
2026-01-01 08:47:12,587 | INFO     |   Tier 0: Range 1, Chunk 5/5 (6 days)
2026-01-01 08:47:21,756 | INFO     | [Worker_9233] Completed: JED-ASW - 5 results, 0 errors
2026-01-01 08:47:21,758 | INFO     | [Worker_9233] Processing: RUH-CAI
2026-01-01 08:47:21,758 | INFO     |   Tier 0: Range 1, Chunk 5/5 (6 days)
2026-01-01 08:48:10,303 | INFO     | [Worker_9233] Completed: RUH-CAI - 5 results, 0 errors
2026-01-01 08:48:10,305 | INFO     | [Worker_9233] Processing: AHB-CAI
2026-01-01 08:48:10,305 | INFO     |   Tier 0: Range 1, Chunk 5/5 (6 days)
2026-01-01 08:48:35,150 | INFO     | [Worker_9233] Completed: AHB-CAI - 5 results, 0 errors
2026-01-01 08:48:35,152 | INFO     | [Worker_9233] Processing: CAI-JED
2026-01-01 08:48:35,152 | INFO     |   Tier 0: Range 1, Chunk 5/5 (6 days)
2026-01-01 08:51:38,226 | INFO     | [Worker_9233] Completed: CAI-JED - 5 results, 0 errors
2026-01-01 11:15:38,150 | INFO     | [Worker_9233] Shutdown signal received, exiting...
2026-01-01 11:15:38,203 | INFO     | [Worker_9233] Finished. Processed 54 groups.
