
============================================================
     LF WORKER - PORT 9222
============================================================
Worker: Worker_9222
Status: READY
Waiting for tasks...
============================================================


============================================================
[Worker_9222] Processing: JED-HBE
  Tier 0: Range 2, Chunk 2/2
  Dates: 6 days
  Date Range: 2026-01-13 to 2026-01-08
============================================================

2025-12-26 01:53:41 | INFO     | ======================================================================
2025-12-26 01:53:41 | INFO     | Load Factor Scraper Started - Route: JED-HBE
2025-12-26 01:53:41 | INFO     | Log file: D:\CODERED\OUTPUTS\logs\LF_JED-HBE_20251226_015341.log
2025-12-26 01:53:41 | INFO     | Enhanced logging: Capturing both logging.info() and print()
2025-12-26 01:53:41 | INFO     | ======================================================================
[LF] Processing dates (override): ['13JAN', '12JAN', '11JAN', '10JAN', '09JAN', '08JAN']
[LF] Attaching to Chrome for Altea access
[LF][[OK] SUCCESS] Connected to Chrome on 127.0.0.1:9222 (after 1 attempts)
[LF][[OK] SUCCESS] Found Amadeus Altea window: Altéa Reservation Desktop
[LF][[INFO] INFO] URL: https://tc212.resdesktop.altea.amadeus.com/app_ard/apf/init/login?SITE=ESMPESMP&LANGUAGE=GB&MARKETS=ARDW_PROD_WBP&ACTION=clpLogin
[LF] Processing JED-HBE for 13JAN
[LF][ERROR] Amadeus command error detected: UNKNOWN TRANSACTION
[LF][ERROR] Command: SN13JANJEDHBE/ASM
[LF][RESYNC] Triggering immediate resync to last successful SN command
============================================================
[LF][RESYNC] Command 'SN13JANJEDHBE/ASM' failed: TECH_ERROR:UNKNOWN TRANSACTION
[LF][RESYNC] Re-running entire day from SN command for JED-HBE 13JAN
[LF][RESYNC] Attempt 1/50 (waiting 1.0s before retry...)
============================================================
[LF][RESYNC] Sending IG to clear session state...
[LF][RESYNC] Session cleared with IG
[LF] Processing JED-HBE for 13JAN
[LF] 13JAN: found 1 direct flights
[LF] SM452 13JAN: BKG=148, GRP=131, CAP=167, LF%=88.6%, Brd-Off=JED-HBE, Classes: N:1, P:130, I:2, X:15
[LF] Getting WEEKLY/LASTSOLD data for 1 flights
[LF] SM452 13JAN: LASTSOLD=2025-12-15 00:00:00, WEEKLY=0, TODAY=0, YDAY=0
[LF] Processing JED-HBE for 12JAN
[LF] 12JAN: found 2 direct flights
[LF] SM458 12JAN: BKG=155, GRP=149, CAP=167, LF%=92.8%, Brd-Off=JED-HBE, Classes: P:149, X:5, G:1
[LF] SM452 12JAN: BKG=159, GRP=155, CAP=167, LF%=95.2%, Brd-Off=JED-HBE, Classes: P:155, X:3, K:1
[LF] Getting WEEKLY/LASTSOLD data for 2 flights
[LF] SM458 12JAN: LASTSOLD=2025-12-25 00:00:00, WEEKLY=2, TODAY=0, YDAY=1
[LF] SM452 12JAN: LASTSOLD=2025-12-24 00:00:00, WEEKLY=1, TODAY=0, YDAY=0
[LF] Processing JED-HBE for 11JAN
[LF] 11JAN: found 2 direct flights
[LF] SM458 11JAN: BKG=147, GRP=139, CAP=167, LF%=88.0%, Brd-Off=JED-HBE, Classes: P:139, X:4, W:3, K:1
[LF] SM452 11JAN: BKG=152, GRP=140, CAP=167, LF%=91.0%, Brd-Off=JED-HBE, Classes: P:140, X:8, S:1, L:2, V:1
[LF] Getting WEEKLY/LASTSOLD data for 2 flights
[LF] SM458 11JAN: LASTSOLD=2025-12-24 00:00:00, WEEKLY=6, TODAY=0, YDAY=0
[LF] SM452 11JAN: LASTSOLD=2025-12-25 00:00:00, WEEKLY=4, TODAY=0, YDAY=2
[LF] Processing JED-HBE for 10JAN
[LF] 10JAN: found 2 direct flights
[LF] SM458 10JAN: BKG=148, GRP=119, CAP=167, LF%=88.6%, Brd-Off=JED-HBE, Classes: P:119, X:17, T:9, K:3
[LF] SM452 10JAN: BKG=165, GRP=134, CAP=167, LF%=98.8%, Brd-Off=JED-HBE, Classes: P:134, X:17, T:10, G:2, K:2
[LF] Getting WEEKLY/LASTSOLD data for 2 flights
[LF] SM458 10JAN: LASTSOLD=2025-12-20 00:00:00, WEEKLY=2, TODAY=0, YDAY=0
[LF] SM452 10JAN: LASTSOLD=2025-12-20 00:00:00, WEEKLY=1, TODAY=0, YDAY=0
[LF] Processing JED-HBE for 09JAN
[LF] 09JAN: found 1 direct flights
[LF] SM452 09JAN: BKG=64, GRP=0, CAP=167, LF%=38.3%, Brd-Off=JED-HBE, Classes: X:27, T:17, W:8, S:7, G:3, L:1, K:1
[LF] Getting WEEKLY/LASTSOLD data for 1 flights
[LF] SM452 09JAN: LASTSOLD=2025-12-25 00:00:00, WEEKLY=12, TODAY=0, YDAY=10
[LF] Processing JED-HBE for 08JAN
[LF] 08JAN: found 1 direct flights
[LF] SM452 08JAN: BKG=168, GRP=121, CAP=174, LF%=96.5%, Brd-Off=JED-HBE, Classes: P:121, X:17, T:13, S:14, L:2, K:1
[LF] Getting WEEKLY/LASTSOLD data for 1 flights
[LF] SM452 08JAN: LASTSOLD=2025-12-25 00:00:00, WEEKLY=15, TODAY=0, YDAY=3
[LF] Results summary:
  2026-01-13: 1 flights
  2026-01-12: 2 flights
  2026-01-11: 2 flights
  2026-01-10: 2 flights
  2026-01-09: 1 flights
  2026-01-08: 1 flights

============================================================
[Worker_9222] ✓ COMPLETED: JED-HBE
  Results: 6 dates
  Errors: 0 dates
  Total Processed: 1 groups
============================================================


============================================================
[Worker_9222] Processing: JED-ATZ
  Tier 0: Range 1, Chunk 1/2
  Dates: 6 days
  Date Range: 2026-01-07 to 2026-01-02
============================================================

2025-12-26 01:55:18 | INFO     | ======================================================================
2025-12-26 01:55:18 | INFO     | Load Factor Scraper Started - Route: JED-ATZ
2025-12-26 01:55:18 | INFO     | Log file: D:\CODERED\OUTPUTS\logs\LF_JED-ATZ_20251226_015518.log
2025-12-26 01:55:18 | INFO     | Enhanced logging: Capturing both logging.info() and print()
2025-12-26 01:55:18 | INFO     | ======================================================================
[LF] Processing dates (override): ['07JAN', '06JAN', '05JAN', '04JAN', '03JAN', '02JAN']
[LF] Attaching to Chrome for Altea access
2025-12-26 01:55:18 | INFO     | Starting LF search for route: JED-ATZ
2025-12-26 01:55:18 | INFO     | [START] LF Search
[LF][[OK] SUCCESS] Connected to Chrome on 127.0.0.1:9222 (after 1 attempts)
2025-12-26 01:55:20 | INFO     | [HEALTH CHECK] [OK] Chrome connection is healthy
[LF][[OK] SUCCESS] Found Amadeus Altea window: Altéa Reservation Desktop
[LF][[INFO] INFO] URL: https://tc212.resdesktop.altea.amadeus.com/app_ard/apf/init/login?SITE=ESMPESMP&LANGUAGE=GB&MARKETS=ARDW_PROD_WBP&ACTION=clpLogin
2025-12-26 01:55:20 | INFO     | [DAY_START] Processing 07JAN
[LF] Processing JED-ATZ for 07JAN
2025-12-26 01:55:20 | INFO     | [lf.day.start] Processing JED-ATZ for 07JAN
[LF] 07JAN: found 2 direct flights
2025-12-26 01:55:22 | INFO     | [lf.day.flights_found] Found 2 flights on 07JAN
2025-12-26 01:55:24 | INFO     | [lf.flight.extracted] SM454 on 07JAN: BKG=174, LF=97.8%
[LF] SM454 07JAN: BKG=174, GRP=173, CAP=178, LF%=97.8%, Brd-Off=JED-ATZ, Classes: P:173, S:1
2025-12-26 01:55:28 | INFO     | [lf.flight.extracted] SM492 on 07JAN: BKG=183, LF=109.6%
[LF] SM492 07JAN: BKG=183, GRP=179, CAP=167, LF%=109.6%, Brd-Off=JED-ATZ, Classes: P:134, E:45, I:3, O:1
[LF] Getting WEEKLY/LASTSOLD data for 2 flights
[LF] SM454 07JAN: LASTSOLD=2025-12-25 00:00:00, WEEKLY=3, TODAY=0, YDAY=1
[LF] SM492 07JAN: LASTSOLD=2025-12-14 00:00:00, WEEKLY=0, TODAY=0, YDAY=0
2025-12-26 01:55:38 | INFO     | [SUCCESS] Day 07JAN
2025-12-26 01:55:38 | INFO     | [DAY_START] Processing 06JAN
[LF] Processing JED-ATZ for 06JAN
2025-12-26 01:55:38 | INFO     | [lf.day.start] Processing JED-ATZ for 06JAN
[LF] 06JAN: found 2 direct flights
2025-12-26 01:55:39 | INFO     | [lf.day.flights_found] Found 2 flights on 06JAN
2025-12-26 01:55:42 | INFO     | [lf.flight.extracted] SM454 on 06JAN: BKG=178, LF=106.6%
[LF] SM454 06JAN: BKG=178, GRP=177, CAP=167, LF%=106.6%, Brd-Off=JED-ATZ, Classes: P:177, I:1
2025-12-26 01:55:45 | INFO     | [lf.flight.extracted] SM456 on 06JAN: BKG=180, LF=107.8%
[LF] SM456 06JAN: BKG=180, GRP=180, CAP=167, LF%=107.8%, Brd-Off=JED-ATZ, Classes: P:180
[LF] Getting WEEKLY/LASTSOLD data for 2 flights
[LF] SM454 06JAN: LASTSOLD=2025-11-19 00:00:00, WEEKLY=0, TODAY=0, YDAY=0
[LF] SM456 06JAN: LASTSOLD=2025-11-12 00:00:00, WEEKLY=0, TODAY=0, YDAY=0
2025-12-26 01:55:56 | INFO     | [SUCCESS] Day 06JAN
2025-12-26 01:55:56 | INFO     | [DAY_START] Processing 05JAN
[LF] Processing JED-ATZ for 05JAN
2025-12-26 01:55:56 | INFO     | [lf.day.start] Processing JED-ATZ for 05JAN
[LF] 05JAN: found 4 direct flights
2025-12-26 01:55:57 | INFO     | [lf.day.flights_found] Found 4 flights on 05JAN
2025-12-26 01:55:59 | INFO     | [lf.flight.extracted] SM492 on 05JAN: BKG=90, LF=53.9%
[LF] SM492 05JAN: BKG=90, GRP=71, CAP=167, LF%=53.9%, Brd-Off=JED-ATZ, Classes: P:69, E:2, I:4, O:2, U:3, X:1, W:8, S:1
2025-12-26 01:56:02 | INFO     | [lf.flight.extracted] SM456 on 05JAN: BKG=120, LF=71.9%
[LF] SM456 05JAN: BKG=120, GRP=92, CAP=167, LF%=71.9%, Brd-Off=JED-ATZ, Classes: P:48, E:45, I:4, O:2, U:3, X:7, T:1, W:9, G:1
2025-12-26 01:56:06 | INFO     | [lf.flight.extracted] SM422 on 05JAN: BKG=171, LF=102.4%
[LF] SM422 05JAN: BKG=171, GRP=159, CAP=167, LF%=102.4%, Brd-Off=JED-ATZ, Classes: P:112, E:47, I:4, O:2, U:3, X:2, S:1
2025-12-26 01:56:10 | INFO     | [lf.flight.extracted] SM454 on 05JAN: BKG=170, LF=101.8%
[LF] SM454 05JAN: BKG=170, GRP=152, CAP=167, LF%=101.8%, Brd-Off=JED-ATZ, Classes: P:63, E:89, I:8, O:1, X:5, W:1, K:3
[LF] Getting WEEKLY/LASTSOLD data for 4 flights
[LF] SM492 05JAN: LASTSOLD=2025-12-24 00:00:00, WEEKLY=9, TODAY=0, YDAY=0
[LF] SM456 05JAN: LASTSOLD=2025-12-23 00:00:00, WEEKLY=4, TODAY=0, YDAY=0
[LF] SM422 05JAN: LASTSOLD=2025-12-17 00:00:00, WEEKLY=0, TODAY=0, YDAY=0
[LF] SM454 05JAN: LASTSOLD=2025-12-14 00:00:00, WEEKLY=0, TODAY=0, YDAY=0
2025-12-26 01:56:30 | INFO     | [SUCCESS] Day 05JAN
2025-12-26 01:56:30 | INFO     | [DAY_START] Processing 04JAN
[LF] Processing JED-ATZ for 04JAN
2025-12-26 01:56:30 | INFO     | [lf.day.start] Processing JED-ATZ for 04JAN
[LF] 04JAN: found 2 direct flights
2025-12-26 01:56:32 | INFO     | [lf.day.flights_found] Found 2 flights on 04JAN
2025-12-26 01:56:34 | INFO     | [lf.flight.extracted] SM492 on 04JAN: BKG=175, LF=104.8%
[LF] SM492 04JAN: BKG=175, GRP=175, CAP=167, LF%=104.8%, Brd-Off=JED-ATZ, Classes: P:175
2025-12-26 01:56:38 | INFO     | [lf.flight.extracted] SM456 on 04JAN: BKG=119, LF=71.3%
[LF] SM456 04JAN: BKG=119, GRP=92, CAP=167, LF%=71.3%, Brd-Off=JED-ATZ, Classes: P:92, I:4, O:2, U:6, X:4, W:8, S:2, K:1
[LF] Getting WEEKLY/LASTSOLD data for 2 flights
[LF] SM492 04JAN: LASTSOLD=2025-12-20 00:00:00, WEEKLY=3, TODAY=0, YDAY=0
[LF] SM456 04JAN: LASTSOLD=2025-12-23 00:00:00, WEEKLY=14, TODAY=0, YDAY=0
2025-12-26 01:56:50 | INFO     | [SUCCESS] Day 04JAN
2025-12-26 01:56:50 | INFO     | [DAY_START] Processing 03JAN
[LF] Processing JED-ATZ for 03JAN
2025-12-26 01:56:50 | INFO     | [lf.day.start] Processing JED-ATZ for 03JAN
[LF] 03JAN: found 3 direct flights
2025-12-26 01:56:52 | INFO     | [lf.day.flights_found] Found 3 flights on 03JAN
2025-12-26 01:56:54 | INFO     | [lf.flight.extracted] SM492 on 03JAN: BKG=160, LF=89.9%
[LF] SM492 03JAN: BKG=160, GRP=135, CAP=178, LF%=89.9%, Brd-Off=JED-ATZ, Classes: P:135, I:4, O:2, U:7, W:11, S:1
2025-12-26 01:56:58 | INFO     | [lf.flight.extracted] SM454 on 03JAN: BKG=162, LF=91.0%
[LF] SM454 03JAN: BKG=162, GRP=140, CAP=178, LF%=91.0%, Brd-Off=JED-ATZ, Classes: P:140, I:2, O:4, U:2, X:4, W:10
2025-12-26 01:57:02 | INFO     | [lf.flight.extracted] SM456 on 03JAN: BKG=130, LF=77.8%
[LF] SM456 03JAN: BKG=130, GRP=90, CAP=167, LF%=77.8%, Brd-Off=JED-ATZ, Classes: P:90, I:8, O:8, U:8, X:7, S:8, G:1
[LF] Getting WEEKLY/LASTSOLD data for 3 flights
[LF] SM492 03JAN: LASTSOLD=2025-12-23 00:00:00, WEEKLY=12, TODAY=0, YDAY=0
[LF] SM454 03JAN: LASTSOLD=2025-12-25 00:00:00, WEEKLY=7, TODAY=0, YDAY=2
[LF] SM456 03JAN: LASTSOLD=2025-12-18 00:00:00, WEEKLY=0, TODAY=0, YDAY=0
2025-12-26 01:57:17 | INFO     | [SUCCESS] Day 03JAN
2025-12-26 01:57:17 | INFO     | [DAY_START] Processing 02JAN
[LF] Processing JED-ATZ for 02JAN
2025-12-26 01:57:17 | INFO     | [lf.day.start] Processing JED-ATZ for 02JAN
[LF] 02JAN: found 1 direct flights
2025-12-26 01:57:18 | INFO     | [lf.day.flights_found] Found 1 flights on 02JAN
2025-12-26 01:57:20 | INFO     | [lf.flight.extracted] SM492 on 02JAN: BKG=164, LF=98.2%
[LF] SM492 02JAN: BKG=164, GRP=130, CAP=167, LF%=98.2%, Brd-Off=JED-ATZ, Classes: P:130, I:4, O:1, U:4, X:8, T:7, W:1, S:9
[LF] Getting WEEKLY/LASTSOLD data for 1 flights
[LF] SM492 02JAN: LASTSOLD=2025-12-22 00:00:00, WEEKLY=4, TODAY=0, YDAY=0
2025-12-26 01:57:27 | INFO     | [SUCCESS] Day 02JAN
[LF] Results summary:
  2026-01-07: 2 flights
  2026-01-06: 2 flights
  2026-01-05: 4 flights
  2026-01-04: 2 flights
  2026-01-03: 3 flights
  2026-01-02: 1 flights
2025-12-26 01:57:27 | INFO     | [SUCCESS] LF Search Complete

============================================================
[Worker_9222] ✓ COMPLETED: JED-ATZ
  Results: 6 dates
  Errors: 0 dates
  Total Processed: 2 groups
============================================================

2025-12-26 01:57:29 | INFO     | [Worker_9222] Completed: JED-ATZ - 6 results, 0 errors
[Worker_9222] Waiting for tasks...

============================================================
[Worker_9222] Shutdown signal received
Exiting...
============================================================
2025-12-26 01:59:49 | INFO     | [Worker_9222] Shutdown signal received, exiting...

============================================================
[Worker_9222] FINISHED
  Total Groups Processed: 2
============================================================

2025-12-26 01:59:49 | INFO     | [Worker_9222] Finished. Processed 2 groups.
