
============================================================
     LF WORKER - PORT 9226
============================================================
Worker: Worker_9226
Status: READY
Waiting for tasks...
============================================================


============================================================
[Worker_9226] Processing: HBE-JED
  Tier 0: Range 2, Chunk 1/2
  Dates: 7 days
  Date Range: 2026-01-20 to 2026-01-14
============================================================

2025-12-26 01:53:41 | INFO     | ======================================================================
2025-12-26 01:53:41 | INFO     | Load Factor Scraper Started - Route: HBE-JED
2025-12-26 01:53:41 | INFO     | Log file: D:\CODERED\OUTPUTS\logs\LF_HBE-JED_20251226_015341.log
2025-12-26 01:53:41 | INFO     | Enhanced logging: Capturing both logging.info() and print()
2025-12-26 01:53:41 | INFO     | ======================================================================
[LF] Processing dates (override): ['20JAN', '19JAN', '18JAN', '17JAN', '16JAN', '15JAN', '14JAN']
[LF] Attaching to Chrome for Altea access
[LF][[OK] SUCCESS] Connected to Chrome on 127.0.0.1:9226 (after 1 attempts)
[LF][[OK] SUCCESS] Found Amadeus Altea window: Altéa Reservation Desktop
[LF][[INFO] INFO] URL: https://tc212.resdesktop.altea.amadeus.com/app_ard/apf/init/login?SITE=ESMPESMP&LANGUAGE=GB&MARKETS=ARDW_PROD_WBP&ACTION=clpLogin
[LF] Processing HBE-JED for 20JAN
[LF][ERROR] Amadeus command error detected: UNKNOWN TRANSACTION
[LF][ERROR] Command: SN20JANHBEJED/ASM
[LF][RESYNC] Triggering immediate resync to last successful SN command
============================================================
[LF][RESYNC] Command 'SN20JANHBEJED/ASM' failed: TECH_ERROR:UNKNOWN TRANSACTION
[LF][RESYNC] Re-running entire day from SN command for HBE-JED 20JAN
[LF][RESYNC] Attempt 1/50 (waiting 1.0s before retry...)
============================================================
[LF][RESYNC] Sending IG to clear session state...
[LF][RESYNC] Session cleared with IG
[LF] Processing HBE-JED for 20JAN
[LF] 20JAN: found 1 direct flights
[LF] SM451 20JAN: BKG=163, GRP=135, CAP=179, LF%=91.1%, Brd-Off=HBE-JED, Classes: P:135, I:4, X:10, T:6, W:6, K:2
[LF] Getting WEEKLY/LASTSOLD data for 1 flights
[LF] SM451 20JAN: LASTSOLD=2025-12-24 00:00:00, WEEKLY=20, TODAY=0, YDAY=0
[LF] Processing HBE-JED for 19JAN
[LF] 19JAN: found 2 direct flights
[LF] SM457 19JAN: BKG=152, GRP=135, CAP=179, LF%=84.9%, Brd-Off=HBE-JED, Classes: P:135, X:10, T:6, K:1
[LF] SM451 19JAN: BKG=158, GRP=135, CAP=179, LF%=88.3%, Brd-Off=HBE-JED, Classes: P:135, X:10, T:5, W:3, S:1, K:4
[LF] Getting WEEKLY/LASTSOLD data for 2 flights
[LF] SM457 19JAN: LASTSOLD=2025-12-25 00:00:00, WEEKLY=8, TODAY=0, YDAY=4
[LF] SM451 19JAN: LASTSOLD=2025-12-25 00:00:00, WEEKLY=12, TODAY=0, YDAY=4
[LF] Processing HBE-JED for 18JAN
[LF] 18JAN: found 2 direct flights
[LF] SM451 18JAN: BKG=170, GRP=135, CAP=179, LF%=95.0%, Brd-Off=HBE-JED, Classes: P:135, X:10, T:9, W:16
[LF] SM457 18JAN: BKG=165, GRP=135, CAP=179, LF%=92.2%, Brd-Off=HBE-JED, Classes: P:135, X:10, T:9, W:11
[LF] Getting WEEKLY/LASTSOLD data for 2 flights
[LF] SM451 18JAN: LASTSOLD=2025-12-25 00:00:00, WEEKLY=13, TODAY=0, YDAY=6
[LF] SM457 18JAN: LASTSOLD=2025-12-25 00:00:00, WEEKLY=15, TODAY=0, YDAY=3
[LF] Processing HBE-JED for 17JAN
[LF] 17JAN: found 2 direct flights
[LF] SM457 17JAN: BKG=162, GRP=138, CAP=179, LF%=90.5%, Brd-Off=HBE-JED, Classes: P:138, W:10, S:8, L:5, K:1
[LF] SM451 17JAN: BKG=178, GRP=135, CAP=179, LF%=99.4%, Brd-Off=HBE-JED, Classes: P:135, X:3, W:9, S:21, G:3, L:3, V:3, K:1
[LF] Getting WEEKLY/LASTSOLD data for 2 flights
[LF] SM457 17JAN: LASTSOLD=2025-12-23 00:00:00, WEEKLY=4, TODAY=0, YDAY=0
[LF] SM451 17JAN: LASTSOLD=2025-12-18 00:00:00, WEEKLY=0, TODAY=0, YDAY=0
[LF] Processing HBE-JED for 16JAN
[LF] 16JAN: found 1 direct flights
[LF] SM451 16JAN: BKG=37, GRP=0, CAP=179, LF%=20.7%, Brd-Off=HBE-JED, Classes: T:5, G:10, L:13, V:9
[LF] Getting WEEKLY/LASTSOLD data for 1 flights
[LF] SM451 16JAN: LASTSOLD=2025-12-25 00:00:00, WEEKLY=15, TODAY=0, YDAY=2
[LF] Processing HBE-JED for 15JAN
[LF] 15JAN: found 1 direct flights
[LF] SM451 15JAN: BKG=161, GRP=135, CAP=179, LF%=89.9%, Brd-Off=HBE-JED, Classes: P:135, X:10, T:8, L:8
[LF] Getting WEEKLY/LASTSOLD data for 1 flights
[LF] SM451 15JAN: LASTSOLD=2025-12-25 00:00:00, WEEKLY=8, TODAY=0, YDAY=4
[LF] Processing HBE-JED for 14JAN
[LF] 14JAN: found 3 direct flights
[LF] SM451 14JAN: BKG=149, GRP=135, CAP=179, LF%=83.2%, Brd-Off=HBE-JED, Classes: P:135, I:3, O:3, U:3, X:2, W:3
[LF] SM457 14JAN: BKG=147, GRP=135, CAP=179, LF%=82.1%, Brd-Off=HBE-JED, Classes: P:135, X:8, T:3, L:1
[LF] SM473 14JAN: BKG=180, GRP=170, CAP=179, LF%=100.6%, Brd-Off=HBE-JED, Classes: P:170, X:9, L:1
[LF] Getting WEEKLY/LASTSOLD data for 3 flights
[LF] SM451 14JAN: LASTSOLD=2025-12-25 00:00:00, WEEKLY=1, TODAY=0, YDAY=1
[LF] SM457 14JAN: LASTSOLD=2025-12-21 00:00:00, WEEKLY=1, TODAY=0, YDAY=0
[LF] SM473 14JAN: LASTSOLD=2025-12-21 00:00:00, WEEKLY=1, TODAY=0, YDAY=0
[LF] Results summary:
  2026-01-20: 1 flights
  2026-01-19: 2 flights
  2026-01-18: 2 flights
  2026-01-17: 2 flights
  2026-01-16: 1 flights
  2026-01-15: 1 flights
  2026-01-14: 3 flights

============================================================
[Worker_9226] ✓ COMPLETED: HBE-JED
  Results: 7 dates
  Errors: 0 dates
  Total Processed: 1 groups
============================================================


============================================================
[Worker_9226] Processing: JED-HBE
  Tier 0: Range 1, Chunk 1/2
  Dates: 6 days
  Date Range: 2026-01-07 to 2026-01-02
============================================================

2025-12-26 01:55:17 | INFO     | ======================================================================
2025-12-26 01:55:17 | INFO     | Load Factor Scraper Started - Route: JED-HBE
2025-12-26 01:55:17 | INFO     | Log file: D:\CODERED\OUTPUTS\logs\LF_JED-HBE_20251226_015517.log
2025-12-26 01:55:17 | INFO     | Enhanced logging: Capturing both logging.info() and print()
2025-12-26 01:55:17 | INFO     | ======================================================================
[LF] Processing dates (override): ['07JAN', '06JAN', '05JAN', '04JAN', '03JAN', '02JAN']
[LF] Attaching to Chrome for Altea access
2025-12-26 01:55:17 | INFO     | Starting LF search for route: JED-HBE
2025-12-26 01:55:17 | INFO     | [START] LF Search
[LF][[OK] SUCCESS] Connected to Chrome on 127.0.0.1:9226 (after 1 attempts)
2025-12-26 01:55:19 | INFO     | [HEALTH CHECK] [OK] Chrome connection is healthy
[LF][[OK] SUCCESS] Found Amadeus Altea window: Altéa Reservation Desktop
[LF][[INFO] INFO] URL: https://tc212.resdesktop.altea.amadeus.com/app_ard/apf/init/login?SITE=ESMPESMP&LANGUAGE=GB&MARKETS=ARDW_PROD_WBP&ACTION=clpLogin
2025-12-26 01:55:19 | INFO     | [DAY_START] Processing 07JAN
[LF] Processing JED-HBE for 07JAN
2025-12-26 01:55:19 | INFO     | [lf.day.start] Processing JED-HBE for 07JAN
[LF] 07JAN: found 3 direct flights
2025-12-26 01:55:20 | INFO     | [lf.day.flights_found] Found 3 flights on 07JAN
2025-12-26 01:55:23 | INFO     | [lf.flight.extracted] SM452 on 07JAN: BKG=159, LF=89.3%
[LF] SM452 07JAN: BKG=159, GRP=149, CAP=178, LF%=89.3%, Brd-Off=JED-HBE, Classes: P:149, X:8, W:1, K:1
2025-12-26 01:55:26 | INFO     | [lf.flight.extracted] SM474 on 07JAN: BKG=175, LF=98.3%
[LF] SM474 07JAN: BKG=175, GRP=141, CAP=178, LF%=98.3%, Brd-Off=JED-HBE, Classes: P:141, X:17, T:14, K:3
2025-12-26 01:55:30 | INFO     | [lf.flight.extracted] SM458 on 07JAN: BKG=168, LF=94.4%
[LF] SM458 07JAN: BKG=168, GRP=168, CAP=178, LF%=94.4%, Brd-Off=JED-HBE, Classes: P:168
[LF] Getting WEEKLY/LASTSOLD data for 3 flights
[LF] SM452 07JAN: LASTSOLD=2025-12-24 00:00:00, WEEKLY=4, TODAY=0, YDAY=0
[LF] SM474 07JAN: LASTSOLD=2025-12-22 00:00:00, WEEKLY=17, TODAY=0, YDAY=0
[LF] SM458 07JAN: LASTSOLD=2025-08-25 00:00:00, WEEKLY=0, TODAY=0, YDAY=0
2025-12-26 01:55:45 | INFO     | [SUCCESS] Day 07JAN
2025-12-26 01:55:45 | INFO     | [DAY_START] Processing 06JAN
[LF] Processing JED-HBE for 06JAN
2025-12-26 01:55:45 | INFO     | [lf.day.start] Processing JED-HBE for 06JAN
[LF] 06JAN: found 1 direct flights
2025-12-26 01:55:46 | INFO     | [lf.day.flights_found] Found 1 flights on 06JAN
2025-12-26 01:55:48 | INFO     | [lf.flight.extracted] SM452 on 06JAN: BKG=157, LF=94.0%
[LF] SM452 06JAN: BKG=157, GRP=122, CAP=167, LF%=94.0%, Brd-Off=JED-HBE, Classes: P:122, X:17, T:1, W:8, S:9
[LF] Getting WEEKLY/LASTSOLD data for 1 flights
[LF] SM452 06JAN: LASTSOLD=2025-12-25 00:00:00, WEEKLY=16, TODAY=0, YDAY=3
2025-12-26 01:55:53 | INFO     | [SUCCESS] Day 06JAN
2025-12-26 01:55:53 | INFO     | [DAY_START] Processing 05JAN
[LF] Processing JED-HBE for 05JAN
2025-12-26 01:55:53 | INFO     | [lf.day.start] Processing JED-HBE for 05JAN
[LF] 05JAN: found 2 direct flights
2025-12-26 01:55:55 | INFO     | [lf.day.flights_found] Found 2 flights on 05JAN
2025-12-26 01:55:57 | INFO     | [lf.flight.extracted] SM458 on 05JAN: BKG=167, LF=100.0%
[LF] SM458 05JAN: BKG=167, GRP=137, CAP=167, LF%=100.0%, Brd-Off=JED-HBE, Classes: P:137, I:8, O:8, U:7, X:6, S:1
2025-12-26 01:56:00 | INFO     | [lf.flight.extracted] SM452 on 05JAN: BKG=173, LF=103.6%
[LF] SM452 05JAN: BKG=173, GRP=171, CAP=167, LF%=103.6%, Brd-Off=JED-HBE, Classes: P:171, X:2
[LF] Getting WEEKLY/LASTSOLD data for 2 flights
[LF] SM458 05JAN: LASTSOLD=2025-12-21 00:00:00, WEEKLY=1, TODAY=0, YDAY=0
[LF] SM452 05JAN: LASTSOLD=2025-12-24 00:00:00, WEEKLY=2, TODAY=0, YDAY=0
2025-12-26 01:56:11 | INFO     | [SUCCESS] Day 05JAN
2025-12-26 01:56:11 | INFO     | [DAY_START] Processing 04JAN
[LF] Processing JED-HBE for 04JAN
2025-12-26 01:56:11 | INFO     | [lf.day.start] Processing JED-HBE for 04JAN
[LF] 04JAN: found 2 direct flights
2025-12-26 01:56:12 | INFO     | [lf.day.flights_found] Found 2 flights on 04JAN
2025-12-26 01:56:14 | INFO     | [lf.flight.extracted] SM458 on 04JAN: BKG=161, LF=96.4%
[LF] SM458 04JAN: BKG=161, GRP=141, CAP=167, LF%=96.4%, Brd-Off=JED-HBE, Classes: P:141, X:12, W:5, K:3
2025-12-26 01:56:18 | INFO     | [lf.flight.extracted] SM452 on 04JAN: BKG=146, LF=87.4%
[LF] SM452 04JAN: BKG=146, GRP=123, CAP=167, LF%=87.4%, Brd-Off=JED-HBE, Classes: P:123, X:16, W:5, S:2
[LF] Getting WEEKLY/LASTSOLD data for 2 flights
[LF] SM458 04JAN: LASTSOLD=2025-12-22 00:00:00, WEEKLY=6, TODAY=0, YDAY=0
[LF] SM452 04JAN: LASTSOLD=2025-12-25 00:00:00, WEEKLY=7, TODAY=0, YDAY=2
2025-12-26 01:56:28 | INFO     | [SUCCESS] Day 04JAN
2025-12-26 01:56:28 | INFO     | [DAY_START] Processing 03JAN
[LF] Processing JED-HBE for 03JAN
2025-12-26 01:56:28 | INFO     | [lf.day.start] Processing JED-HBE for 03JAN
[LF] 03JAN: found 2 direct flights
2025-12-26 01:56:29 | INFO     | [lf.day.flights_found] Found 2 flights on 03JAN
2025-12-26 01:56:32 | INFO     | [lf.flight.extracted] SM458 on 03JAN: BKG=163, LF=91.6%
[LF] SM458 03JAN: BKG=163, GRP=137, CAP=178, LF%=91.6%, Brd-Off=JED-HBE, Classes: P:137, X:15, W:9, S:1, G:1
2025-12-26 01:56:35 | INFO     | [lf.flight.extracted] SM452 on 03JAN: BKG=72, LF=43.1%
[LF] SM452 03JAN: BKG=72, GRP=39, CAP=167, LF%=43.1%, Brd-Off=JED-HBE, Classes: P:39, X:12, T:7, S:10, K:4
[LF] Getting WEEKLY/LASTSOLD data for 2 flights
[LF] SM458 03JAN: LASTSOLD=2025-12-25 00:00:00, WEEKLY=10, TODAY=0, YDAY=1
[LF] SM452 03JAN: LASTSOLD=2025-12-25 00:00:00, WEEKLY=16, TODAY=0, YDAY=4
2025-12-26 01:56:47 | INFO     | [SUCCESS] Day 03JAN
2025-12-26 01:56:47 | INFO     | [DAY_START] Processing 02JAN
[LF] Processing JED-HBE for 02JAN
2025-12-26 01:56:47 | INFO     | [lf.day.start] Processing JED-HBE for 02JAN
[LF] 02JAN: 1 cancelled flight(s) detected from SN
[LF] 02JAN: found 1 direct flights
2025-12-26 01:56:48 | INFO     | [lf.day.flights_found] Found 1 flights on 02JAN
2025-12-26 01:56:50 | INFO     | [lf.flight.extracted] SM452 on 02JAN: BKG=157, LF=94.0%
[LF] SM452 02JAN: BKG=157, GRP=129, CAP=167, LF%=94.0%, Brd-Off=JED-HBE, Classes: P:129, X:16, T:4, W:5, S:3
[LF] Getting WEEKLY/LASTSOLD data for 1 flights
[LF] SM452 02JAN: LASTSOLD=2025-12-24 00:00:00, WEEKLY=8, TODAY=0, YDAY=0
2025-12-26 01:56:56 | INFO     | [SUCCESS] Day 02JAN
[LF] Results summary:
  2026-01-07: 3 flights
  2026-01-06: 1 flights
  2026-01-05: 2 flights
  2026-01-04: 2 flights
  2026-01-03: 2 flights
  2026-01-02: 1 flights
[LF] Cancelled flights found: 1
  - SM478 02JAN (SN)
2025-12-26 01:56:56 | INFO     | [SUCCESS] LF Search Complete
[Worker_9226] Cancelled flights collected: 1

============================================================
[Worker_9226] ✓ COMPLETED: JED-HBE
  Results: 6 dates
  Errors: 0 dates
  Total Processed: 2 groups
============================================================

2025-12-26 01:56:58 | INFO     | [Worker_9226] Completed: JED-HBE - 6 results, 0 errors

============================================================
[Worker_9226] Processing: CAI-MED
  Tier 0: Range 1, Chunk 2/2
  Dates: 6 days
  Date Range: 2026-01-01 to 2025-12-27
============================================================

2025-12-26 01:56:58 | INFO     | [Worker_9226] Processing: CAI-MED
2025-12-26 01:56:58 | INFO     |   Tier 0: Range 1, Chunk 2/2 (6 days)
2025-12-26 01:56:58 | INFO     | ======================================================================
2025-12-26 01:56:58 | INFO     | Load Factor Scraper Started - Route: CAI-MED
2025-12-26 01:56:58 | INFO     | Log file: D:\CODERED\OUTPUTS\logs\LF_CAI-MED_20251226_015658.log
2025-12-26 01:56:58 | INFO     | Enhanced logging: Capturing both logging.info() and print()
2025-12-26 01:56:58 | INFO     | ======================================================================
[LF] Processing dates (override): ['01JAN', '31DEC', '30DEC', '29DEC', '28DEC', '27DEC']
[LF] Attaching to Chrome for Altea access
2025-12-26 01:56:58 | INFO     | Starting LF search for route: CAI-MED
2025-12-26 01:56:58 | INFO     | [START] LF Search
[LF][[OK] SUCCESS] Connected to Chrome on 127.0.0.1:9226 (after 1 attempts)
2025-12-26 01:57:01 | INFO     | [HEALTH CHECK] [OK] Chrome connection is healthy
[LF][[OK] SUCCESS] Found Amadeus Altea window: Altéa Reservation Desktop
[LF][[INFO] INFO] URL: https://tc212.resdesktop.altea.amadeus.com/app_ard/apf/init/login?SITE=ESMPESMP&LANGUAGE=GB&MARKETS=ARDW_PROD_WBP&ACTION=clpLogin
2025-12-26 01:57:01 | INFO     | [DAY_START] Processing 01JAN
[LF] Processing CAI-MED for 01JAN
2025-12-26 01:57:01 | INFO     | [lf.day.start] Processing CAI-MED for 01JAN
[LF] 01JAN: found 1 direct flights
2025-12-26 01:57:02 | INFO     | [lf.day.flights_found] Found 1 flights on 01JAN
2025-12-26 01:57:04 | INFO     | [lf.flight.extracted] SM493 on 01JAN: BKG=163, LF=91.1%
[LF] SM493 01JAN: BKG=163, GRP=90, CAP=179, LF%=91.1%, Brd-Off=CAI-MED, Classes: P:90, I:1, O:44, U:15, X:10, T:3
[LF] Getting WEEKLY/LASTSOLD data for 1 flights
[LF] SM493 01JAN: LASTSOLD=2025-12-25 00:00:00, WEEKLY=66, TODAY=0, YDAY=14
2025-12-26 01:57:09 | INFO     | [SUCCESS] Day 01JAN
2025-12-26 01:57:09 | INFO     | [DAY_START] Processing 31DEC
[LF] Processing CAI-MED for 31DEC
2025-12-26 01:57:09 | INFO     | [lf.day.start] Processing CAI-MED for 31DEC
[LF] No direct flights on 31DEC for CAI-MED
2025-12-26 01:57:10 | WARNING  | [lf.day.no_flights] No direct flights on 31DEC
2025-12-26 01:57:11 | INFO     | [SUCCESS] Day 31DEC
2025-12-26 01:57:11 | INFO     | [DAY_START] Processing 30DEC
[LF] Processing CAI-MED for 30DEC
2025-12-26 01:57:11 | INFO     | [lf.day.start] Processing CAI-MED for 30DEC
[LF] 30DEC: found 1 direct flights
2025-12-26 01:57:12 | INFO     | [lf.day.flights_found] Found 1 flights on 30DEC
2025-12-26 01:57:14 | INFO     | [lf.flight.extracted] SM493 on 30DEC: BKG=174, LF=98.9%
[LF] SM493 30DEC: BKG=174, GRP=174, CAP=176, LF%=98.9%, Brd-Off=CAI-MED, Classes: N:1, P:131, E:42
[LF] Getting WEEKLY/LASTSOLD data for 1 flights
[LF] SM493 30DEC: LASTSOLD=2025-12-22 00:00:00, WEEKLY=4, TODAY=0, YDAY=0
2025-12-26 01:57:19 | INFO     | [SUCCESS] Day 30DEC
2025-12-26 01:57:19 | INFO     | [DAY_START] Processing 29DEC
[LF] Processing CAI-MED for 29DEC
2025-12-26 01:57:19 | INFO     | [lf.day.start] Processing CAI-MED for 29DEC
[LF] 29DEC: found 2 direct flights
2025-12-26 01:57:20 | INFO     | [lf.day.flights_found] Found 2 flights on 29DEC
2025-12-26 01:57:22 | INFO     | [lf.flight.extracted] SM487 on 29DEC: BKG=152, LF=84.9%
[LF] SM487 29DEC: BKG=152, GRP=78, CAP=179, LF%=84.9%, Brd-Off=CAI-MED, Classes: P:78, I:2, O:33, U:15, X:10, T:8, W:4, S:2
2025-12-26 01:57:26 | INFO     | [lf.flight.extracted] SM495 on 29DEC: BKG=164, LF=91.6%
[LF] SM495 29DEC: BKG=164, GRP=88, CAP=179, LF%=91.6%, Brd-Off=CAI-MED, Classes: P:88, I:2, O:45, U:20, X:9
[LF] Getting WEEKLY/LASTSOLD data for 2 flights
[LF] SM487 29DEC: LASTSOLD=2025-12-25 00:00:00, WEEKLY=23, TODAY=0, YDAY=5
[LF] SM495 29DEC: LASTSOLD=2025-12-25 00:00:00, WEEKLY=51, TODAY=0, YDAY=3
2025-12-26 01:57:38 | INFO     | [SUCCESS] Day 29DEC
2025-12-26 01:57:38 | INFO     | [DAY_START] Processing 28DEC
[LF] Processing CAI-MED for 28DEC
2025-12-26 01:57:38 | INFO     | [lf.day.start] Processing CAI-MED for 28DEC
[LF] 28DEC: found 1 direct flights
2025-12-26 01:57:39 | INFO     | [lf.day.flights_found] Found 1 flights on 28DEC
2025-12-26 01:57:42 | INFO     | [lf.flight.extracted] SM493 on 28DEC: BKG=180, LF=100.6%
[LF] SM493 28DEC: BKG=180, GRP=167, CAP=179, LF%=100.6%, Brd-Off=CAI-MED, Classes: P:154, E:13, U:5, X:8
[LF] Getting WEEKLY/LASTSOLD data for 1 flights
[LF] SM493 28DEC: LASTSOLD=2025-12-25 00:00:00, WEEKLY=23, TODAY=0, YDAY=14
2025-12-26 01:57:47 | INFO     | [SUCCESS] Day 28DEC
2025-12-26 01:57:47 | INFO     | [DAY_START] Processing 27DEC
[LF] Processing CAI-MED for 27DEC
2025-12-26 01:57:47 | INFO     | [lf.day.start] Processing CAI-MED for 27DEC
[LF] 27DEC: found 1 direct flights
2025-12-26 01:57:48 | INFO     | [lf.day.flights_found] Found 1 flights on 27DEC
2025-12-26 01:57:50 | INFO     | [lf.flight.extracted] SM493 on 27DEC: BKG=180, LF=100.6%
[LF] SM493 27DEC: BKG=180, GRP=123, CAP=179, LF%=100.6%, Brd-Off=CAI-MED, Classes: P:123, I:6, O:30, U:10, T:2, S:9
[LF] Getting WEEKLY/LASTSOLD data for 1 flights
[LF] SM493 27DEC: LASTSOLD=2025-12-25 00:00:00, WEEKLY=52, TODAY=0, YDAY=2
2025-12-26 01:57:56 | INFO     | [SUCCESS] Day 27DEC
[LF] Results summary:
  2026-01-01: 1 flights
  2025-12-31: 0 flights
  2025-12-30: 1 flights
  2025-12-29: 2 flights
  2025-12-28: 1 flights
  2025-12-27: 1 flights
2025-12-26 01:57:56 | INFO     | [SUCCESS] LF Search Complete

============================================================
[Worker_9226] ✓ COMPLETED: CAI-MED
  Results: 6 dates
  Errors: 0 dates
  Total Processed: 3 groups
============================================================

2025-12-26 01:57:58 | INFO     | [Worker_9226] Completed: CAI-MED - 6 results, 0 errors
[Worker_9226] Waiting for tasks...

============================================================
[Worker_9226] Shutdown signal received
Exiting...
============================================================
2025-12-26 01:59:48 | INFO     | [Worker_9226] Shutdown signal received, exiting...

============================================================
[Worker_9226] FINISHED
  Total Groups Processed: 3
============================================================

2025-12-26 01:59:48 | INFO     | [Worker_9226] Finished. Processed 3 groups.
