2025-12-29 08:13:44 | INFO     | ======================================================================
2025-12-29 08:13:44 | INFO     | Load Factor Scraper Started - Route: CAI-RUH
2025-12-29 08:13:44 | INFO     | Log file: D:\CODERED\LAB\market_insights\outputs\run_generated_291225_at_08.11\logs\LF_CAI-RUH_20251229_081344.log
2025-12-29 08:13:44 | INFO     | Enhanced logging: Capturing both logging.info() and print()
2025-12-29 08:13:44 | INFO     | ======================================================================
2025-12-29 08:13:44 | INFO     | Starting LF search for route: CAI-RUH
2025-12-29 08:13:44 | INFO     | [START] LF Search
2025-12-29 08:13:46 | INFO     | [HEALTH CHECK] [OK] Chrome connection is healthy
2025-12-29 08:13:46 | INFO     | [DAY_START] Processing 01JAN
2025-12-29 08:13:46 | INFO     | [lf.day.start] Processing CAI-RUH for 01JAN
2025-12-29 08:13:47 | INFO     | [lf.day.flights_found] Found 1 flights on 01JAN
2025-12-29 08:13:49 | INFO     | [lf.flight.extracted] SM461 on 01JAN: BKG=136, LF=76.0%
2025-12-29 08:13:55 | INFO     | [SUCCESS] Day 01JAN
2025-12-29 08:13:55 | INFO     | [DAY_START] Processing 31DEC
2025-12-29 08:13:55 | INFO     | [lf.day.start] Processing CAI-RUH for 31DEC
2025-12-29 08:13:56 | INFO     | [lf.day.flights_found] Found 2 flights on 31DEC
2025-12-29 08:13:58 | INFO     | [lf.flight.extracted] SM461 on 31DEC: BKG=92, LF=51.4%
2025-12-29 08:14:02 | INFO     | [lf.flight.extracted] SM469 on 31DEC: BKG=100, LF=55.9%
2025-12-29 08:14:14 | INFO     | [SUCCESS] Day 31DEC
2025-12-29 08:14:14 | INFO     | [DAY_START] Processing 30DEC
2025-12-29 08:14:14 | INFO     | [lf.day.start] Processing CAI-RUH for 30DEC
2025-12-29 08:14:15 | INFO     | [lf.day.flights_found] Found 1 flights on 30DEC
2025-12-29 08:14:16 | INFO     | [lf.flight.extracted] SM469 on 30DEC: BKG=94, LF=52.5%
2025-12-29 08:14:22 | INFO     | [SUCCESS] Day 30DEC
2025-12-29 08:14:22 | INFO     | [SUCCESS] LF Search Complete
2025-12-29 08:14:24 | INFO     | [Worker_9224] Completed: CAI-RUH - 3 results, 0 errors
