2025-12-29 08:12:38 | INFO     | ======================================================================
2025-12-29 08:12:38 | INFO     | Load Factor Scraper Started - Route: CAI-RUH
2025-12-29 08:12:38 | INFO     | Log file: D:\CODERED\LAB\market_insights\outputs\run_generated_291225_at_08.11\logs\LF_CAI-RUH_20251229_081238.log
2025-12-29 08:12:38 | INFO     | Enhanced logging: Capturing both logging.info() and print()
2025-12-29 08:12:38 | INFO     | ======================================================================
2025-12-29 08:12:38 | INFO     | Starting LF search for route: CAI-RUH
2025-12-29 08:12:38 | INFO     | [START] LF Search
2025-12-29 08:12:39 | INFO     | [HEALTH CHECK] [OK] Chrome connection is healthy
2025-12-29 08:12:39 | INFO     | [DAY_START] Processing 10JAN
2025-12-29 08:12:39 | INFO     | [lf.day.start] Processing CAI-RUH for 10JAN
2025-12-29 08:12:41 | INFO     | [lf.day.flights_found] Found 1 flights on 10JAN
2025-12-29 08:12:43 | INFO     | [lf.flight.extracted] SM461 on 10JAN: BKG=51, LF=28.5%
2025-12-29 08:12:48 | INFO     | [SUCCESS] Day 10JAN
2025-12-29 08:12:48 | INFO     | [DAY_START] Processing 09JAN
2025-12-29 08:12:48 | INFO     | [lf.day.start] Processing CAI-RUH for 09JAN
2025-12-29 08:12:49 | INFO     | [lf.day.flights_found] Found 2 flights on 09JAN
2025-12-29 08:12:51 | INFO     | [lf.flight.extracted] SM461 on 09JAN: BKG=50, LF=27.9%
2025-12-29 08:12:55 | INFO     | [lf.flight.extracted] SM469 on 09JAN: BKG=41, LF=22.9%
2025-12-29 08:13:03 | INFO     | [SUCCESS] Day 09JAN
2025-12-29 08:13:03 | INFO     | [DAY_START] Processing 08JAN
2025-12-29 08:13:03 | INFO     | [lf.day.start] Processing CAI-RUH for 08JAN
2025-12-29 08:13:04 | INFO     | [lf.day.flights_found] Found 1 flights on 08JAN
2025-12-29 08:13:06 | INFO     | [lf.flight.extracted] SM461 on 08JAN: BKG=77, LF=43.0%
2025-12-29 08:13:11 | INFO     | [SUCCESS] Day 08JAN
2025-12-29 08:13:11 | INFO     | [DAY_START] Processing 07JAN
2025-12-29 08:13:11 | INFO     | [lf.day.start] Processing CAI-RUH for 07JAN
2025-12-29 08:13:12 | INFO     | [lf.day.flights_found] Found 2 flights on 07JAN
2025-12-29 08:13:14 | INFO     | [lf.flight.extracted] SM461 on 07JAN: BKG=77, LF=43.0%
2025-12-29 08:13:17 | INFO     | [lf.flight.extracted] SM469 on 07JAN: BKG=52, LF=29.0%
2025-12-29 08:13:27 | INFO     | [SUCCESS] Day 07JAN
2025-12-29 08:13:27 | INFO     | [DAY_START] Processing 06JAN
2025-12-29 08:13:27 | INFO     | [lf.day.start] Processing CAI-RUH for 06JAN
2025-12-29 08:13:28 | INFO     | [lf.day.flights_found] Found 1 flights on 06JAN
2025-12-29 08:13:30 | INFO     | [lf.flight.extracted] SM469 on 06JAN: BKG=70, LF=39.1%
2025-12-29 08:13:35 | INFO     | [SUCCESS] Day 06JAN
2025-12-29 08:13:35 | INFO     | [SUCCESS] LF Search Complete
2025-12-29 08:13:37 | INFO     | [Worker_9222] Completed: CAI-RUH - 5 results, 0 errors
2025-12-29 08:13:37 | INFO     | [Worker_9222] Processing: JED-CAI
2025-12-29 08:13:37 | INFO     |   Tier 0: Range 1, Chunk 3/3 (4 days)
