2025-12-29 08:12:15 | INFO     | ======================================================================
2025-12-29 08:12:15 | INFO     | Load Factor Scraper Started - Route: JED-CAI
2025-12-29 08:12:15 | INFO     | Log file: D:\CODERED\LAB\market_insights\outputs\run_generated_291225_at_08.11\logs\LF_JED-CAI_20251229_081215.log
2025-12-29 08:12:15 | INFO     | Enhanced logging: Capturing both logging.info() and print()
2025-12-29 08:12:15 | INFO     | ======================================================================
2025-12-29 08:12:15 | INFO     | Starting LF search for route: JED-CAI
2025-12-29 08:12:15 | INFO     | [START] LF Search
2025-12-29 08:12:16 | INFO     | [HEALTH CHECK] [OK] Chrome connection is healthy
2025-12-29 08:12:16 | INFO     | [DAY_START] Processing 10JAN
2025-12-29 08:12:16 | INFO     | [lf.day.start] Processing JED-CAI for 10JAN
2025-12-29 08:12:18 | INFO     | [lf.day.flights_found] Found 3 flights on 10JAN
2025-12-29 08:12:20 | INFO     | [lf.flight.extracted] SM450 on 10JAN: BKG=154, LF=92.2%
2025-12-29 08:12:28 | INFO     | [lf.flight.extracted] SM476 on 10JAN: BKG=146, LF=87.4%
2025-12-29 08:12:33 | INFO     | [lf.flight.extracted] SM478 on 10JAN: BKG=168, LF=96.0%
2025-12-29 08:12:51 | INFO     | [SUCCESS] Day 10JAN
2025-12-29 08:12:51 | INFO     | [DAY_START] Processing 09JAN
2025-12-29 08:12:51 | INFO     | [lf.day.start] Processing JED-CAI for 09JAN
2025-12-29 08:12:52 | INFO     | [lf.day.flights_found] Found 6 flights on 09JAN
2025-12-29 08:12:54 | INFO     | [lf.flight.extracted] SM424 on 09JAN: BKG=96, LF=54.9%
2025-12-29 08:13:00 | INFO     | [lf.flight.extracted] SM476 on 09JAN: BKG=162, LF=97.0%
2025-12-29 08:13:06 | INFO     | [lf.flight.extracted] SM478 on 09JAN: BKG=125, LF=74.9%
2025-12-29 08:13:11 | INFO     | [lf.flight.extracted] SM480 on 09JAN: BKG=145, LF=86.8%
2025-12-29 08:13:14 | INFO     | [lf.flight.extracted] SM472 on 09JAN: BKG=128, LF=76.6%
2025-12-29 08:13:19 | INFO     | [lf.flight.extracted] SM460 on 09JAN: BKG=165, LF=94.3%
2025-12-29 08:13:49 | INFO     | [SUCCESS] Day 09JAN
2025-12-29 08:13:49 | INFO     | [DAY_START] Processing 08JAN
2025-12-29 08:13:49 | INFO     | [lf.day.start] Processing JED-CAI for 08JAN
2025-12-29 08:13:50 | INFO     | [lf.day.flights_found] Found 6 flights on 08JAN
2025-12-29 08:13:52 | INFO     | [lf.flight.extracted] SM472 on 08JAN: BKG=124, LF=74.2%
2025-12-29 08:13:57 | INFO     | [lf.flight.extracted] SM450 on 08JAN: BKG=156, LF=89.1%
2025-12-29 08:14:09 | INFO     | [lf.flight.extracted] SM476 on 08JAN: BKG=175, LF=98.3%
2025-12-29 08:14:13 | INFO     | [lf.flight.extracted] SM432 on 08JAN: BKG=167, LF=100.0%
2025-12-29 08:14:17 | INFO     | [lf.flight.extracted] SM478 on 08JAN: BKG=164, LF=93.7%
2025-12-29 08:14:20 | INFO     | [lf.flight.extracted] SM480 on 08JAN: BKG=174, LF=100.0%
2025-12-29 08:14:50 | INFO     | [SUCCESS] Day 08JAN
2025-12-29 08:14:50 | INFO     | [DAY_START] Processing 07JAN
2025-12-29 08:14:50 | INFO     | [lf.day.start] Processing JED-CAI for 07JAN
2025-12-29 08:14:51 | INFO     | [lf.day.flights_found] Found 4 flights on 07JAN
2025-12-29 08:14:53 | INFO     | [lf.flight.extracted] SM476 on 07JAN: BKG=175, LF=100.0%
2025-12-29 08:14:56 | INFO     | [lf.flight.extracted] SM478 on 07JAN: BKG=165, LF=98.8%
2025-12-29 08:14:59 | INFO     | [lf.flight.extracted] SM460 on 07JAN: BKG=178, LF=100.0%
2025-12-29 08:15:03 | INFO     | [lf.flight.extracted] SM424 on 07JAN: BKG=178, LF=100.0%
2025-12-29 08:15:18 | ERROR    | Failed to load D:\CODERED\LAB\market_insights\outputs\run_generated_291225_at_08.11\checkpoints\flight_booking_data.json: Extra data: line 286 column 2 (char 7223)
2025-12-29 08:15:23 | INFO     | [SUCCESS] Day 07JAN
2025-12-29 08:15:23 | INFO     | [DAY_START] Processing 06JAN
2025-12-29 08:15:23 | INFO     | [lf.day.start] Processing JED-CAI for 06JAN
2025-12-29 08:15:24 | INFO     | [lf.day.flights_found] Found 6 flights on 06JAN
2025-12-29 08:15:25 | INFO     | [lf.flight.extracted] SM472 on 06JAN: BKG=155, LF=92.8%
2025-12-29 08:15:30 | INFO     | [lf.flight.extracted] SM480 on 06JAN: BKG=115, LF=68.9%
2025-12-29 08:15:34 | INFO     | [lf.flight.extracted] SM478 on 06JAN: BKG=130, LF=77.4%
2025-12-29 08:15:38 | INFO     | [lf.flight.extracted] SM460 on 06JAN: BKG=141, LF=84.4%
2025-12-29 08:15:41 | INFO     | [lf.flight.extracted] SM424 on 06JAN: BKG=160, LF=95.8%
2025-12-29 08:15:44 | INFO     | [lf.flight.extracted] SM476 on 06JAN: BKG=120, LF=68.6%
2025-12-29 08:16:21 | INFO     | [SUCCESS] Day 06JAN
2025-12-29 08:16:21 | INFO     | [SUCCESS] LF Search Complete
2025-12-29 08:16:23 | INFO     | [Worker_9227] Completed: JED-CAI - 5 results, 0 errors
