2025-12-29 08:12:44 | INFO     | ======================================================================
2025-12-29 08:12:44 | INFO     | Load Factor Scraper Started - Route: JED-CAI
2025-12-29 08:12:44 | INFO     | Log file: D:\CODERED\LAB\market_insights\outputs\run_generated_291225_at_08.11\logs\LF_JED-CAI_20251229_081244.log
2025-12-29 08:12:44 | INFO     | Enhanced logging: Capturing both logging.info() and print()
2025-12-29 08:12:44 | INFO     | ======================================================================
2025-12-29 08:12:44 | INFO     | Starting LF search for route: JED-CAI
2025-12-29 08:12:44 | INFO     | [START] LF Search
2025-12-29 08:12:45 | INFO     | [HEALTH CHECK] [OK] Chrome connection is healthy
2025-12-29 08:12:45 | INFO     | [DAY_START] Processing 05JAN
2025-12-29 08:12:45 | INFO     | [lf.day.start] Processing JED-CAI for 05JAN
2025-12-29 08:12:46 | INFO     | [lf.day.flights_found] Found 4 flights on 05JAN
2025-12-29 08:12:48 | INFO     | [lf.flight.extracted] SM480 on 05JAN: BKG=80, LF=47.9%
2025-12-29 08:12:52 | INFO     | [lf.flight.extracted] SM476 on 05JAN: BKG=177, LF=98.9%
2025-12-29 08:12:56 | INFO     | [lf.flight.extracted] SM478 on 05JAN: BKG=168, LF=100.6%
2025-12-29 08:13:00 | INFO     | [lf.flight.extracted] SM460 on 05JAN: BKG=167, LF=100.0%
2025-12-29 08:13:22 | INFO     | [SUCCESS] Day 05JAN
2025-12-29 08:13:22 | INFO     | [DAY_START] Processing 04JAN
2025-12-29 08:13:22 | INFO     | [lf.day.start] Processing JED-CAI for 04JAN
2025-12-29 08:13:23 | INFO     | [lf.day.flights_found] Found 5 flights on 04JAN
2025-12-29 08:13:25 | INFO     | [lf.flight.extracted] SM424 on 04JAN: BKG=168, LF=100.6%
2025-12-29 08:13:39 | INFO     | [lf.flight.extracted] SM476 on 04JAN: BKG=87, LF=52.1%
2025-12-29 08:13:42 | INFO     | [lf.flight.extracted] SM432 on 04JAN: BKG=118, LF=70.7%
2025-12-29 08:13:46 | INFO     | [lf.flight.extracted] SM460 on 04JAN: BKG=139, LF=83.2%
2025-12-29 08:13:50 | INFO     | [lf.flight.extracted] SM478 on 04JAN: BKG=145, LF=86.8%
2025-12-29 08:14:15 | INFO     | [SUCCESS] Day 04JAN
2025-12-29 08:14:15 | INFO     | [DAY_START] Processing 03JAN
2025-12-29 08:14:15 | INFO     | [lf.day.start] Processing JED-CAI for 03JAN
2025-12-29 08:14:16 | INFO     | [lf.day.flights_found] Found 3 flights on 03JAN
2025-12-29 08:14:18 | INFO     | [lf.flight.extracted] SM450 on 03JAN: BKG=162, LF=97.0%
2025-12-29 08:14:23 | INFO     | [lf.flight.extracted] SM476 on 03JAN: BKG=162, LF=91.0%
2025-12-29 08:14:26 | INFO     | [lf.flight.extracted] SM478 on 03JAN: BKG=174, LF=99.4%
2025-12-29 08:14:41 | INFO     | [SUCCESS] Day 03JAN
2025-12-29 08:14:41 | INFO     | [DAY_START] Processing 02JAN
2025-12-29 08:14:41 | INFO     | [lf.day.start] Processing JED-CAI for 02JAN
2025-12-29 08:14:42 | INFO     | [lf.day.flights_found] Found 5 flights on 02JAN
2025-12-29 08:14:44 | INFO     | [lf.flight.extracted] SM424 on 02JAN: BKG=72, LF=43.1%
2025-12-29 08:14:49 | INFO     | [lf.flight.extracted] SM476 on 02JAN: BKG=83, LF=49.7%
2025-12-29 08:14:52 | INFO     | [lf.flight.extracted] SM480 on 02JAN: BKG=167, LF=100.0%
2025-12-29 08:14:55 | INFO     | [lf.flight.extracted] SM472 on 02JAN: BKG=160, LF=95.8%
2025-12-29 08:14:59 | INFO     | [lf.flight.extracted] SM460 on 02JAN: BKG=161, LF=96.4%
2025-12-29 08:15:18 | ERROR    | Atomic write failed for D:\CODERED\LAB\market_insights\outputs\run_generated_291225_at_08.11\checkpoints\flight_booking_data.json: [WinError 5] Access is denied: 'D:\\CODERED\\LAB\\market_insights\\outputs\\run_generated_291225_at_08.11\\checkpoints\\flight_booking_data.json'
2025-12-29 08:15:22 | INFO     | [SUCCESS] Day 02JAN
2025-12-29 08:15:22 | INFO     | [SUCCESS] LF Search Complete
2025-12-29 08:15:24 | INFO     | [Worker_9223] Completed: JED-CAI - 4 results, 0 errors
