2025-12-30 21:08:07 | INFO     | ======================================================================
2025-12-30 21:08:07 | INFO     | Load Factor Scraper Started - Route: ATZ-JED
2025-12-30 21:08:07 | INFO     | Log file: D:\CODERED\LAB\market_insights\outputs\run_generated_301225_at_21.07\logs\LF_ATZ-JED_20251230_210807.log
2025-12-30 21:08:07 | INFO     | Enhanced logging: Capturing both logging.info() and print()
2025-12-30 21:08:07 | INFO     | ======================================================================
2025-12-30 21:08:07 | INFO     | Starting LF search for route: ATZ-JED
2025-12-30 21:08:07 | INFO     | [START] LF Search
2025-12-30 21:08:08 | INFO     | [HEALTH CHECK] [OK] Chrome connection is healthy
2025-12-30 21:08:08 | INFO     | [DAY_START] Processing 24JAN
2025-12-30 21:08:08 | INFO     | [lf.day.start] Processing ATZ-JED for 24JAN
2025-12-30 21:08:09 | INFO     | [lf.day.flights_found] Found 3 flights on 24JAN
2025-12-30 21:08:11 | INFO     | [lf.flight.extracted] SM491 on 24JAN: BKG=182, LF=101.7%
2025-12-30 21:08:14 | INFO     | [lf.flight.extracted] SM453 on 24JAN: BKG=147, LF=82.1%
2025-12-30 21:08:17 | INFO     | [lf.flight.extracted] SM455 on 24JAN: BKG=150, LF=83.8%
2025-12-30 21:08:22 | INFO     | [SUCCESS] Day 24JAN
2025-12-30 21:08:22 | INFO     | [DAY_START] Processing 23JAN
2025-12-30 21:08:22 | INFO     | [lf.day.start] Processing ATZ-JED for 23JAN
2025-12-30 21:08:23 | INFO     | [lf.day.flights_found] Found 2 flights on 23JAN
2025-12-30 21:08:25 | INFO     | [lf.flight.extracted] SM491 on 23JAN: BKG=169, LF=94.4%
2025-12-30 21:08:29 | INFO     | [lf.flight.extracted] SM955 on 23JAN: BKG=180, LF=100.6%
2025-12-30 21:08:34 | INFO     | [SUCCESS] Day 23JAN
2025-12-30 21:08:34 | INFO     | [DAY_START] Processing 22JAN
2025-12-30 21:08:34 | INFO     | [lf.day.start] Processing ATZ-JED for 22JAN
2025-12-30 21:08:35 | INFO     | [lf.day.flights_found] Found 3 flights on 22JAN
2025-12-30 21:08:36 | INFO     | [lf.flight.extracted] SM963 on 22JAN: BKG=177, LF=98.9%
2025-12-30 21:08:40 | INFO     | [lf.flight.extracted] SM453 on 22JAN: BKG=153, LF=85.5%
2025-12-30 21:08:43 | INFO     | [lf.flight.extracted] SM455 on 22JAN: BKG=115, LF=64.2%
2025-12-30 21:08:52 | INFO     | [SUCCESS] Day 22JAN
2025-12-30 21:08:52 | INFO     | [DAY_START] Processing 21JAN
2025-12-30 21:08:52 | INFO     | [lf.day.start] Processing ATZ-JED for 21JAN
2025-12-30 21:08:53 | INFO     | [lf.day.flights_found] Found 3 flights on 21JAN
2025-12-30 21:08:55 | INFO     | [lf.flight.extracted] SM453 on 21JAN: BKG=179, LF=100.0%
2025-12-30 21:08:58 | INFO     | [lf.flight.extracted] SM491 on 21JAN: BKG=180, LF=100.6%
2025-12-30 21:09:01 | INFO     | [lf.flight.extracted] SM421 on 21JAN: BKG=180, LF=100.6%
2025-12-30 21:09:06 | INFO     | [SUCCESS] Day 21JAN
2025-12-30 21:09:06 | INFO     | [DAY_START] Processing 20JAN
2025-12-30 21:09:06 | INFO     | [lf.day.start] Processing ATZ-JED for 20JAN
2025-12-30 21:09:07 | INFO     | [lf.day.flights_found] Found 2 flights on 20JAN
2025-12-30 21:09:09 | INFO     | [lf.flight.extracted] SM453 on 20JAN: BKG=179, LF=100.0%
2025-12-30 21:09:13 | INFO     | [lf.flight.extracted] SM455 on 20JAN: BKG=172, LF=96.1%
2025-12-30 21:09:18 | INFO     | [SUCCESS] Day 20JAN
2025-12-30 21:09:18 | INFO     | [DAY_START] Processing 19JAN
2025-12-30 21:09:18 | INFO     | [lf.day.start] Processing ATZ-JED for 19JAN
2025-12-30 21:09:18 | INFO     | [lf.day.flights_found] Found 4 flights on 19JAN
2025-12-30 21:09:20 | INFO     | [lf.flight.extracted] SM491 on 19JAN: BKG=113, LF=63.1%
2025-12-30 21:09:23 | INFO     | [lf.flight.extracted] SM455 on 19JAN: BKG=138, LF=77.1%
2025-12-30 21:09:26 | INFO     | [lf.flight.extracted] SM421 on 19JAN: BKG=126, LF=70.4%
2025-12-30 21:09:30 | INFO     | [lf.flight.extracted] SM453 on 19JAN: BKG=180, LF=100.6%
2025-12-30 21:09:38 | INFO     | [SUCCESS] Day 19JAN
2025-12-30 21:09:38 | INFO     | [DAY_START] Processing 18JAN
2025-12-30 21:09:38 | INFO     | [lf.day.start] Processing ATZ-JED for 18JAN
2025-12-30 21:09:39 | INFO     | [lf.day.flights_found] Found 2 flights on 18JAN
2025-12-30 21:09:41 | INFO     | [lf.flight.extracted] SM491 on 18JAN: BKG=151, LF=84.4%
2025-12-30 21:09:44 | INFO     | [lf.flight.extracted] SM455 on 18JAN: BKG=159, LF=88.8%
2025-12-30 21:09:49 | INFO     | [SUCCESS] Day 18JAN
2025-12-30 21:09:49 | INFO     | [SUCCESS] LF Search Complete
2025-12-30 21:09:51 | INFO     | [Worker_9227] Completed: ATZ-JED - 7 results, 0 errors
2025-12-30 21:09:51 | INFO     | [Worker_9227] Processing: ATZ-JED
2025-12-30 21:09:51 | INFO     |   Tier 0: Range 1, Chunk 3/5 (7 days)
