2025-12-30 21:12:56 | INFO     | ======================================================================
2025-12-30 21:12:56 | INFO     | Load Factor Scraper Started - Route: ATZ-JED
2025-12-30 21:12:56 | INFO     | Log file: D:\CODERED\LAB\market_insights\outputs\run_generated_301225_at_21.07\logs\LF_ATZ-JED_20251230_211256.log
2025-12-30 21:12:56 | INFO     | Enhanced logging: Capturing both logging.info() and print()
2025-12-30 21:12:56 | INFO     | ======================================================================
2025-12-30 21:12:56 | INFO     | Starting LF search for route: ATZ-JED
2025-12-30 21:12:56 | INFO     | [START] LF Search
2025-12-30 21:12:57 | INFO     | [HEALTH CHECK] [OK] Chrome connection is healthy
2025-12-30 21:12:57 | INFO     | [DAY_START] Processing 04JAN
2025-12-30 21:12:57 | INFO     | [lf.day.start] Processing ATZ-JED for 04JAN
2025-12-30 21:12:58 | INFO     | [lf.day.flights_found] Found 2 flights on 04JAN
2025-12-30 21:13:00 | INFO     | [lf.flight.extracted] SM491 on 04JAN: BKG=119, LF=66.5%
2025-12-30 21:13:03 | INFO     | [lf.flight.extracted] SM455 on 04JAN: BKG=79, LF=44.1%
2025-12-30 21:13:12 | INFO     | [SUCCESS] Day 04JAN
2025-12-30 21:13:12 | INFO     | [DAY_START] Processing 03JAN
2025-12-30 21:13:12 | INFO     | [lf.day.start] Processing ATZ-JED for 03JAN
2025-12-30 21:13:14 | INFO     | [lf.day.flights_found] Found 3 flights on 03JAN
2025-12-30 21:13:16 | INFO     | [lf.flight.extracted] SM491 on 03JAN: BKG=151, LF=84.4%
2025-12-30 21:13:19 | INFO     | [lf.flight.extracted] SM453 on 03JAN: BKG=87, LF=48.6%
2025-12-30 21:13:22 | INFO     | [lf.flight.extracted] SM455 on 03JAN: BKG=116, LF=64.8%
2025-12-30 21:13:35 | INFO     | [SUCCESS] Day 03JAN
2025-12-30 21:13:35 | INFO     | [DAY_START] Processing 02JAN
2025-12-30 21:13:35 | INFO     | [lf.day.start] Processing ATZ-JED for 02JAN
2025-12-30 21:13:36 | INFO     | [lf.day.flights_found] Found 1 flights on 02JAN
2025-12-30 21:13:40 | INFO     | [lf.flight.extracted] SM491 on 02JAN: BKG=82, LF=45.8%
2025-12-30 21:13:47 | INFO     | [SUCCESS] Day 02JAN
2025-12-30 21:13:47 | INFO     | [DAY_START] Processing 01JAN
2025-12-30 21:13:47 | INFO     | [lf.day.start] Processing ATZ-JED for 01JAN
2025-12-30 21:13:47 | INFO     | [lf.day.flights_found] Found 2 flights on 01JAN
2025-12-30 21:13:49 | INFO     | [lf.flight.extracted] SM453 on 01JAN: BKG=175, LF=97.8%
2025-12-30 21:13:53 | INFO     | [lf.flight.extracted] SM455 on 01JAN: BKG=167, LF=92.8%
2025-12-30 21:14:03 | INFO     | [SUCCESS] Day 01JAN
2025-12-30 21:14:03 | INFO     | [DAY_START] Processing 31DEC
2025-12-30 21:14:03 | INFO     | [lf.day.start] Processing ATZ-JED for 31DEC
2025-12-30 21:14:04 | INFO     | [lf.day.flights_found] Found 3 flights on 31DEC
2025-12-30 21:14:06 | INFO     | [lf.flight.extracted] SM453 on 31DEC: BKG=158, LF=88.3%
2025-12-30 21:14:09 | INFO     | [lf.flight.extracted] SM491 on 31DEC: BKG=179, LF=100.0%
2025-12-30 21:14:12 | INFO     | [lf.flight.extracted] SM421 on 31DEC: BKG=180, LF=100.6%
2025-12-30 21:14:26 | INFO     | [SUCCESS] Day 31DEC
2025-12-30 21:14:26 | INFO     | [SUCCESS] LF Search Complete
2025-12-30 21:14:28 | INFO     | [Worker_9223] Completed: ATZ-JED - 5 results, 0 errors
2025-12-30 21:31:20 | INFO     | [Worker_9223] Shutdown signal received, exiting...
2025-12-30 21:31:20 | INFO     | [Worker_9223] Finished. Processed 4 groups.
