2025-12-30 21:09:12 | INFO     | ======================================================================
2025-12-30 21:09:12 | INFO     | Load Factor Scraper Started - Route: ATZ-TUU
2025-12-30 21:09:12 | INFO     | Log file: D:\CODERED\LAB\market_insights\outputs\run_generated_301225_at_21.07\logs\LF_ATZ-TUU_20251230_210912.log
2025-12-30 21:09:12 | INFO     | Enhanced logging: Capturing both logging.info() and print()
2025-12-30 21:09:12 | INFO     | ======================================================================
2025-12-30 21:09:12 | INFO     | Starting LF search for route: ATZ-TUU
2025-12-30 21:09:12 | INFO     | [START] LF Search
2025-12-30 21:09:13 | INFO     | [HEALTH CHECK] [OK] Chrome connection is healthy
2025-12-30 21:09:13 | INFO     | [DAY_START] Processing 24JAN
2025-12-30 21:09:13 | INFO     | [lf.day.start] Processing ATZ-TUU for 24JAN
2025-12-30 21:09:14 | WARNING  | [lf.day.no_flights] No direct flights on 24JAN
2025-12-30 21:09:14 | INFO     | [SUCCESS] Day 24JAN
2025-12-30 21:09:14 | INFO     | [DAY_START] Processing 23JAN
2025-12-30 21:09:14 | INFO     | [lf.day.start] Processing ATZ-TUU for 23JAN
2025-12-30 21:09:15 | INFO     | [lf.day.flights_found] Found 1 flights on 23JAN
2025-12-30 21:09:17 | INFO     | [lf.flight.extracted] SM327 on 23JAN: BKG=7, LF=3.9%
2025-12-30 21:09:20 | INFO     | [SUCCESS] Day 23JAN
2025-12-30 21:09:20 | INFO     | [DAY_START] Processing 22JAN
2025-12-30 21:09:20 | INFO     | [lf.day.start] Processing ATZ-TUU for 22JAN
2025-12-30 21:09:20 | WARNING  | [lf.day.no_flights] No direct flights on 22JAN
2025-12-30 21:09:21 | INFO     | [SUCCESS] Day 22JAN
2025-12-30 21:09:21 | INFO     | [DAY_START] Processing 21JAN
2025-12-30 21:09:21 | INFO     | [lf.day.start] Processing ATZ-TUU for 21JAN
2025-12-30 21:09:22 | WARNING  | [lf.day.no_flights] No direct flights on 21JAN
2025-12-30 21:09:22 | INFO     | [SUCCESS] Day 21JAN
2025-12-30 21:09:22 | INFO     | [DAY_START] Processing 20JAN
2025-12-30 21:09:22 | INFO     | [lf.day.start] Processing ATZ-TUU for 20JAN
2025-12-30 21:09:23 | WARNING  | [lf.day.no_flights] No direct flights on 20JAN
2025-12-30 21:09:23 | INFO     | [SUCCESS] Day 20JAN
2025-12-30 21:09:23 | INFO     | [DAY_START] Processing 19JAN
2025-12-30 21:09:23 | INFO     | [lf.day.start] Processing ATZ-TUU for 19JAN
2025-12-30 21:09:24 | WARNING  | [lf.day.no_flights] No direct flights on 19JAN
2025-12-30 21:09:24 | INFO     | [SUCCESS] Day 19JAN
2025-12-30 21:09:24 | INFO     | [DAY_START] Processing 18JAN
2025-12-30 21:09:24 | INFO     | [lf.day.start] Processing ATZ-TUU for 18JAN
2025-12-30 21:09:25 | WARNING  | [lf.day.no_flights] No direct flights on 18JAN
2025-12-30 21:09:25 | INFO     | [SUCCESS] Day 18JAN
2025-12-30 21:09:25 | INFO     | [SUCCESS] LF Search Complete
2025-12-30 21:09:27 | INFO     | [Worker_9225] Completed: ATZ-TUU - 7 results, 0 errors
2025-12-30 21:09:27 | INFO     | [Worker_9225] Processing: CAI-JED
2025-12-30 21:09:27 | INFO     |   Tier 0: Range 1, Chunk 3/5 (7 days)
