2025-12-30 21:13:43 | INFO     | ======================================================================
2025-12-30 21:13:43 | INFO     | Load Factor Scraper Started - Route: ATZ-TUU
2025-12-30 21:13:43 | INFO     | Log file: D:\CODERED\LAB\market_insights\outputs\run_generated_301225_at_21.07\logs\LF_ATZ-TUU_20251230_211343.log
2025-12-30 21:13:43 | INFO     | Enhanced logging: Capturing both logging.info() and print()
2025-12-30 21:13:43 | INFO     | ======================================================================
2025-12-30 21:13:43 | INFO     | Starting LF search for route: ATZ-TUU
2025-12-30 21:13:43 | INFO     | [START] LF Search
2025-12-30 21:13:44 | INFO     | [HEALTH CHECK] [OK] Chrome connection is healthy
2025-12-30 21:13:44 | INFO     | [DAY_START] Processing 04JAN
2025-12-30 21:13:44 | INFO     | [lf.day.start] Processing ATZ-TUU for 04JAN
2025-12-30 21:13:45 | WARNING  | [lf.day.no_flights] No direct flights on 04JAN
2025-12-30 21:13:45 | INFO     | [SUCCESS] Day 04JAN
2025-12-30 21:13:45 | INFO     | [DAY_START] Processing 03JAN
2025-12-30 21:13:45 | INFO     | [lf.day.start] Processing ATZ-TUU for 03JAN
2025-12-30 21:13:46 | WARNING  | [lf.day.no_flights] No direct flights on 03JAN
2025-12-30 21:13:46 | INFO     | [SUCCESS] Day 03JAN
2025-12-30 21:13:46 | INFO     | [DAY_START] Processing 02JAN
2025-12-30 21:13:46 | INFO     | [lf.day.start] Processing ATZ-TUU for 02JAN
2025-12-30 21:13:47 | INFO     | [lf.day.flights_found] Found 1 flights on 02JAN
2025-12-30 21:13:50 | INFO     | [lf.flight.extracted] SM327 on 02JAN: BKG=49, LF=27.4%
2025-12-30 21:13:54 | INFO     | [SUCCESS] Day 02JAN
2025-12-30 21:13:54 | INFO     | [DAY_START] Processing 01JAN
2025-12-30 21:13:54 | INFO     | [lf.day.start] Processing ATZ-TUU for 01JAN
2025-12-30 21:13:55 | WARNING  | [lf.day.no_flights] No direct flights on 01JAN
2025-12-30 21:13:56 | INFO     | [SUCCESS] Day 01JAN
2025-12-30 21:13:56 | INFO     | [DAY_START] Processing 31DEC
2025-12-30 21:13:56 | INFO     | [lf.day.start] Processing ATZ-TUU for 31DEC
2025-12-30 21:13:57 | WARNING  | [lf.day.no_flights] No direct flights on 31DEC
2025-12-30 21:13:57 | INFO     | [SUCCESS] Day 31DEC
2025-12-30 21:13:57 | INFO     | [SUCCESS] LF Search Complete
2025-12-30 21:13:59 | INFO     | [Worker_9222] Completed: ATZ-TUU - 5 results, 0 errors
2025-12-30 21:31:16 | INFO     | [Worker_9222] Shutdown signal received, exiting...
2025-12-30 21:31:16 | INFO     | [Worker_9222] Finished. Processed 5 groups.
