2025-12-30 21:08:32 | INFO     | ======================================================================
2025-12-30 21:08:32 | INFO     | Load Factor Scraper Started - Route: CAI-TUU
2025-12-30 21:08:32 | INFO     | Log file: D:\CODERED\LAB\market_insights\outputs\run_generated_301225_at_21.07\logs\LF_CAI-TUU_20251230_210832.log
2025-12-30 21:08:32 | INFO     | Enhanced logging: Capturing both logging.info() and print()
2025-12-30 21:08:32 | INFO     | ======================================================================
2025-12-30 21:08:32 | INFO     | Starting LF search for route: CAI-TUU
2025-12-30 21:08:32 | INFO     | [START] LF Search
2025-12-30 21:08:33 | INFO     | [HEALTH CHECK] [OK] Chrome connection is healthy
2025-12-30 21:08:33 | INFO     | [DAY_START] Processing 24JAN
2025-12-30 21:08:33 | INFO     | [lf.day.start] Processing CAI-TUU for 24JAN
2025-12-30 21:08:34 | INFO     | [lf.day.flights_found] Found 1 flights on 24JAN
2025-12-30 21:08:36 | INFO     | [lf.flight.extracted] SM325 on 24JAN: BKG=18, LF=10.1%
2025-12-30 21:08:38 | INFO     | [SUCCESS] Day 24JAN
2025-12-30 21:08:38 | INFO     | [DAY_START] Processing 23JAN
2025-12-30 21:08:38 | INFO     | [lf.day.start] Processing CAI-TUU for 23JAN
2025-12-30 21:08:39 | WARNING  | [lf.day.no_flights] No direct flights on 23JAN
2025-12-30 21:08:39 | INFO     | [SUCCESS] Day 23JAN
2025-12-30 21:08:39 | INFO     | [DAY_START] Processing 22JAN
2025-12-30 21:08:39 | INFO     | [lf.day.start] Processing CAI-TUU for 22JAN
2025-12-30 21:08:40 | INFO     | [lf.day.flights_found] Found 1 flights on 22JAN
2025-12-30 21:08:42 | INFO     | [lf.flight.extracted] SM325 on 22JAN: BKG=9, LF=5.0%
2025-12-30 21:08:45 | INFO     | [SUCCESS] Day 22JAN
2025-12-30 21:08:45 | INFO     | [DAY_START] Processing 21JAN
2025-12-30 21:08:45 | INFO     | [lf.day.start] Processing CAI-TUU for 21JAN
2025-12-30 21:08:46 | INFO     | [lf.day.flights_found] Found 1 flights on 21JAN
2025-12-30 21:08:48 | INFO     | [lf.flight.extracted] SM325 on 21JAN: BKG=17, LF=9.5%
2025-12-30 21:08:50 | INFO     | [SUCCESS] Day 21JAN
2025-12-30 21:08:50 | INFO     | [DAY_START] Processing 20JAN
2025-12-30 21:08:50 | INFO     | [lf.day.start] Processing CAI-TUU for 20JAN
2025-12-30 21:08:51 | WARNING  | [lf.day.no_flights] No direct flights on 20JAN
2025-12-30 21:08:52 | INFO     | [SUCCESS] Day 20JAN
2025-12-30 21:08:52 | INFO     | [DAY_START] Processing 19JAN
2025-12-30 21:08:52 | INFO     | [lf.day.start] Processing CAI-TUU for 19JAN
2025-12-30 21:08:53 | WARNING  | [lf.day.no_flights] No direct flights on 19JAN
2025-12-30 21:08:53 | INFO     | [SUCCESS] Day 19JAN
2025-12-30 21:08:53 | INFO     | [DAY_START] Processing 18JAN
2025-12-30 21:08:53 | INFO     | [lf.day.start] Processing CAI-TUU for 18JAN
2025-12-30 21:08:54 | WARNING  | [lf.day.no_flights] No direct flights on 18JAN
2025-12-30 21:08:54 | INFO     | [SUCCESS] Day 18JAN
2025-12-30 21:08:54 | INFO     | [SUCCESS] LF Search Complete
2025-12-30 21:08:56 | INFO     | [Worker_9225] Completed: CAI-TUU - 7 results, 0 errors
2025-12-30 21:08:56 | INFO     | [Worker_9225] Processing: TUU-ATZ
2025-12-30 21:08:56 | INFO     |   Tier 0: Range 1, Chunk 2/5 (7 days)
