2025-12-30 21:13:34 | INFO     | ======================================================================
2025-12-30 21:13:34 | INFO     | Load Factor Scraper Started - Route: TUU-ATZ
2025-12-30 21:13:34 | INFO     | Log file: D:\CODERED\LAB\market_insights\outputs\run_generated_301225_at_21.07\logs\LF_TUU-ATZ_20251230_211334.log
2025-12-30 21:13:34 | INFO     | Enhanced logging: Capturing both logging.info() and print()
2025-12-30 21:13:34 | INFO     | ======================================================================
2025-12-30 21:13:34 | INFO     | Starting LF search for route: TUU-ATZ
2025-12-30 21:13:34 | INFO     | [START] LF Search
2025-12-30 21:13:35 | INFO     | [HEALTH CHECK] [OK] Chrome connection is healthy
2025-12-30 21:13:35 | INFO     | [DAY_START] Processing 04JAN
2025-12-30 21:13:35 | INFO     | [lf.day.start] Processing TUU-ATZ for 04JAN
2025-12-30 21:13:36 | WARNING  | [lf.day.no_flights] No direct flights on 04JAN
2025-12-30 21:13:36 | INFO     | [SUCCESS] Day 04JAN
2025-12-30 21:13:36 | INFO     | [DAY_START] Processing 03JAN
2025-12-30 21:13:36 | INFO     | [lf.day.start] Processing TUU-ATZ for 03JAN
2025-12-30 21:13:37 | WARNING  | [lf.day.no_flights] No direct flights on 03JAN
2025-12-30 21:13:38 | INFO     | [SUCCESS] Day 03JAN
2025-12-30 21:13:38 | INFO     | [DAY_START] Processing 02JAN
2025-12-30 21:13:38 | INFO     | [lf.day.start] Processing TUU-ATZ for 02JAN
2025-12-30 21:13:39 | INFO     | [lf.day.flights_found] Found 1 flights on 02JAN
2025-12-30 21:13:41 | INFO     | [lf.flight.extracted] SM328 on 02JAN: BKG=90, LF=51.4%
2025-12-30 21:13:46 | INFO     | [SUCCESS] Day 02JAN
2025-12-30 21:13:46 | INFO     | [DAY_START] Processing 01JAN
2025-12-30 21:13:46 | INFO     | [lf.day.start] Processing TUU-ATZ for 01JAN
2025-12-30 21:13:47 | WARNING  | [lf.day.no_flights] No direct flights on 01JAN
2025-12-30 21:13:47 | INFO     | [SUCCESS] Day 01JAN
2025-12-30 21:13:47 | INFO     | [DAY_START] Processing 31DEC
2025-12-30 21:13:47 | INFO     | [lf.day.start] Processing TUU-ATZ for 31DEC
2025-12-30 21:13:48 | WARNING  | [lf.day.no_flights] No direct flights on 31DEC
2025-12-30 21:13:49 | INFO     | [SUCCESS] Day 31DEC
2025-12-30 21:13:49 | INFO     | [SUCCESS] LF Search Complete
2025-12-30 21:13:51 | INFO     | [Worker_9226] Completed: TUU-ATZ - 5 results, 0 errors
2025-12-30 21:31:17 | INFO     | [Worker_9226] Shutdown signal received, exiting...
2025-12-30 21:31:17 | INFO     | [Worker_9226] Finished. Processed 3 groups.
