2025-12-30 21:11:43 | INFO     | ======================================================================
2025-12-30 21:11:43 | INFO     | Load Factor Scraper Started - Route: TUU-CAI
2025-12-30 21:11:43 | INFO     | Log file: D:\CODERED\LAB\market_insights\outputs\run_generated_301225_at_21.07\logs\LF_TUU-CAI_20251230_211143.log
2025-12-30 21:11:43 | INFO     | Enhanced logging: Capturing both logging.info() and print()
2025-12-30 21:11:43 | INFO     | ======================================================================
2025-12-30 21:11:43 | INFO     | Starting LF search for route: TUU-CAI
2025-12-30 21:11:43 | INFO     | [START] LF Search
2025-12-30 21:11:45 | INFO     | [HEALTH CHECK] [OK] Chrome connection is healthy
2025-12-30 21:11:45 | INFO     | [DAY_START] Processing 10JAN
2025-12-30 21:11:45 | INFO     | [lf.day.start] Processing TUU-CAI for 10JAN
2025-12-30 21:11:46 | INFO     | [lf.day.flights_found] Found 1 flights on 10JAN
2025-12-30 21:11:48 | INFO     | [lf.flight.extracted] SM326 on 10JAN: BKG=29, LF=16.6%
2025-12-30 21:11:52 | INFO     | [SUCCESS] Day 10JAN
2025-12-30 21:11:52 | INFO     | [DAY_START] Processing 09JAN
2025-12-30 21:11:52 | INFO     | [lf.day.start] Processing TUU-CAI for 09JAN
2025-12-30 21:11:53 | WARNING  | [lf.day.no_flights] No direct flights on 09JAN
2025-12-30 21:11:53 | INFO     | [SUCCESS] Day 09JAN
2025-12-30 21:11:53 | INFO     | [DAY_START] Processing 08JAN
2025-12-30 21:11:53 | INFO     | [lf.day.start] Processing TUU-CAI for 08JAN
2025-12-30 21:11:54 | INFO     | [lf.day.flights_found] Found 1 flights on 08JAN
2025-12-30 21:11:56 | INFO     | [lf.flight.extracted] SM326 on 08JAN: BKG=51, LF=29.1%
2025-12-30 21:12:00 | INFO     | [SUCCESS] Day 08JAN
2025-12-30 21:12:00 | INFO     | [DAY_START] Processing 07JAN
2025-12-30 21:12:00 | INFO     | [lf.day.start] Processing TUU-CAI for 07JAN
2025-12-30 21:12:01 | INFO     | [lf.day.flights_found] Found 1 flights on 07JAN
2025-12-30 21:12:03 | INFO     | [lf.flight.extracted] SM326 on 07JAN: BKG=61, LF=34.9%
2025-12-30 21:12:09 | INFO     | [SUCCESS] Day 07JAN
2025-12-30 21:12:09 | INFO     | [DAY_START] Processing 06JAN
2025-12-30 21:12:09 | INFO     | [lf.day.start] Processing TUU-CAI for 06JAN
2025-12-30 21:12:10 | WARNING  | [lf.day.no_flights] No direct flights on 06JAN
2025-12-30 21:12:10 | INFO     | [SUCCESS] Day 06JAN
2025-12-30 21:12:10 | INFO     | [DAY_START] Processing 05JAN
2025-12-30 21:12:10 | INFO     | [lf.day.start] Processing TUU-CAI for 05JAN
2025-12-30 21:12:11 | WARNING  | [lf.day.no_flights] No direct flights on 05JAN
2025-12-30 21:12:11 | INFO     | [SUCCESS] Day 05JAN
2025-12-30 21:12:11 | INFO     | [SUCCESS] LF Search Complete
2025-12-30 21:12:13 | INFO     | [Worker_9227] Completed: TUU-CAI - 6 results, 0 errors
2025-12-30 21:12:13 | INFO     | [Worker_9227] Processing: ATZ-TUU
2025-12-30 21:12:13 | INFO     |   Tier 0: Range 1, Chunk 4/5 (6 days)
