2026-01-05 05:41:48 | INFO     | ======================================================================
2026-01-05 05:41:48 | INFO     | Load Factor Scraper Started - Route: AJF-ATZ
2026-01-05 05:41:48 | INFO     | Log file: D:\CODERED\LAB\market_insights\outputs\run_generated_050126_at_05.36\logs\LF_AJF-ATZ_20260105_054148.log
2026-01-05 05:41:48 | INFO     | Enhanced logging: Capturing both logging.info() and print()
2026-01-05 05:41:48 | INFO     | ======================================================================
2026-01-05 05:41:48 | INFO     | Starting LF search for route: AJF-ATZ
2026-01-05 05:41:48 | INFO     | [START] LF Search
2026-01-05 05:41:49 | INFO     | [HEALTH CHECK] [OK] Chrome connection is healthy
2026-01-05 05:41:49 | INFO     | [DAY_START] Processing 22JAN
2026-01-05 05:41:49 | INFO     | [lf.day.start] Processing AJF-ATZ for 22JAN
2026-01-05 05:41:50 | WARNING  | [lf.day.no_flights] No direct flights on 22JAN
2026-01-05 05:41:51 | INFO     | [SUCCESS] Day 22JAN
2026-01-05 05:41:51 | INFO     | [DAY_START] Processing 21JAN
2026-01-05 05:41:51 | INFO     | [lf.day.start] Processing AJF-ATZ for 21JAN
2026-01-05 05:41:52 | WARNING  | [lf.day.no_flights] No direct flights on 21JAN
2026-01-05 05:41:52 | INFO     | [SUCCESS] Day 21JAN
2026-01-05 05:41:52 | INFO     | [DAY_START] Processing 20JAN
2026-01-05 05:41:52 | INFO     | [lf.day.start] Processing AJF-ATZ for 20JAN
2026-01-05 05:41:53 | WARNING  | [lf.day.no_flights] No direct flights on 20JAN
2026-01-05 05:41:53 | INFO     | [SUCCESS] Day 20JAN
2026-01-05 05:41:53 | INFO     | [DAY_START] Processing 19JAN
2026-01-05 05:41:53 | INFO     | [lf.day.start] Processing AJF-ATZ for 19JAN
2026-01-05 05:41:54 | WARNING  | [lf.day.no_flights] No direct flights on 19JAN
2026-01-05 05:41:54 | INFO     | [SUCCESS] Day 19JAN
2026-01-05 05:41:54 | INFO     | [DAY_START] Processing 18JAN
2026-01-05 05:41:54 | INFO     | [lf.day.start] Processing AJF-ATZ for 18JAN
2026-01-05 05:41:55 | WARNING  | [lf.day.no_flights] No direct flights on 18JAN
2026-01-05 05:41:55 | INFO     | [SUCCESS] Day 18JAN
2026-01-05 05:41:55 | INFO     | [DAY_START] Processing 17JAN
2026-01-05 05:41:55 | INFO     | [lf.day.start] Processing AJF-ATZ for 17JAN
2026-01-05 05:41:57 | WARNING  | [lf.day.no_flights] No direct flights on 17JAN
2026-01-05 05:41:57 | INFO     | [SUCCESS] Day 17JAN
2026-01-05 05:41:57 | INFO     | [DAY_START] Processing 16JAN
2026-01-05 05:41:57 | INFO     | [lf.day.start] Processing AJF-ATZ for 16JAN
2026-01-05 05:41:58 | INFO     | [lf.day.flights_found] Found 1 flights on 16JAN
2026-01-05 05:42:00 | INFO     | [lf.flight.extracted] SM324 on 16JAN: BKG=47, LF=26.9%
2026-01-05 05:42:04 | INFO     | [SUCCESS] Day 16JAN
2026-01-05 05:42:04 | INFO     | [DAY_START] Processing 15JAN
2026-01-05 05:42:04 | INFO     | [lf.day.start] Processing AJF-ATZ for 15JAN
2026-01-05 05:42:05 | WARNING  | [lf.day.no_flights] No direct flights on 15JAN
2026-01-05 05:42:05 | INFO     | [SUCCESS] Day 15JAN
2026-01-05 05:42:05 | INFO     | [DAY_START] Processing 14JAN
2026-01-05 05:42:05 | INFO     | [lf.day.start] Processing AJF-ATZ for 14JAN
2026-01-05 05:42:06 | WARNING  | [lf.day.no_flights] No direct flights on 14JAN
2026-01-05 05:42:06 | INFO     | [SUCCESS] Day 14JAN
2026-01-05 05:42:06 | INFO     | [SUCCESS] LF Search Complete
2026-01-05 05:42:08 | INFO     | [Worker_9223] Completed: AJF-ATZ - 9 results, 0 errors
2026-01-05 05:42:08 | INFO     | [Worker_9223] Processing: ELQ-CAI
2026-01-05 05:42:08 | INFO     |   Tier 0: Range 1, Chunk 2/3 (9 days)
