2026-01-05 05:38:26 | INFO     | ======================================================================
2026-01-05 05:38:26 | INFO     | Load Factor Scraper Started - Route: AJF-CAI
2026-01-05 05:38:26 | INFO     | Log file: D:\CODERED\LAB\market_insights\outputs\run_generated_050126_at_05.36\logs\LF_AJF-CAI_20260105_053826.log
2026-01-05 05:38:26 | INFO     | Enhanced logging: Capturing both logging.info() and print()
2026-01-05 05:38:26 | INFO     | ======================================================================
2026-01-05 05:38:26 | INFO     | Starting LF search for route: AJF-CAI
2026-01-05 05:38:26 | INFO     | [START] LF Search
2026-01-05 05:38:27 | INFO     | [HEALTH CHECK] [OK] Chrome connection is healthy
2026-01-05 05:38:27 | INFO     | [DAY_START] Processing 31JAN
2026-01-05 05:38:27 | INFO     | [lf.day.start] Processing AJF-CAI for 31JAN
2026-01-05 05:38:28 | INFO     | [lf.day.flights_found] Found 1 flights on 31JAN
2026-01-05 05:38:31 | INFO     | [lf.flight.extracted] SM322 on 31JAN: BKG=22, LF=12.6%
2026-01-05 05:38:35 | INFO     | [SUCCESS] Day 31JAN
2026-01-05 05:38:35 | INFO     | [DAY_START] Processing 30JAN
2026-01-05 05:38:35 | INFO     | [lf.day.start] Processing AJF-CAI for 30JAN
2026-01-05 05:38:38 | WARNING  | [lf.day.no_flights] No direct flights on 30JAN
2026-01-05 05:38:38 | INFO     | [SUCCESS] Day 30JAN
2026-01-05 05:38:38 | INFO     | [DAY_START] Processing 29JAN
2026-01-05 05:38:38 | INFO     | [lf.day.start] Processing AJF-CAI for 29JAN
2026-01-05 05:38:42 | INFO     | [lf.day.flights_found] Found 1 flights on 29JAN
2026-01-05 05:38:44 | INFO     | [lf.flight.extracted] SM322 on 29JAN: BKG=11, LF=6.3%
2026-01-05 05:38:47 | INFO     | [SUCCESS] Day 29JAN
2026-01-05 05:38:47 | INFO     | [DAY_START] Processing 28JAN
2026-01-05 05:38:47 | INFO     | [lf.day.start] Processing AJF-CAI for 28JAN
2026-01-05 05:38:48 | WARNING  | [lf.day.no_flights] No direct flights on 28JAN
2026-01-05 05:38:48 | INFO     | [SUCCESS] Day 28JAN
2026-01-05 05:38:48 | INFO     | [DAY_START] Processing 27JAN
2026-01-05 05:38:48 | INFO     | [lf.day.start] Processing AJF-CAI for 27JAN
2026-01-05 05:38:49 | INFO     | [lf.day.flights_found] Found 1 flights on 27JAN
2026-01-05 05:38:51 | INFO     | [lf.flight.extracted] SM322 on 27JAN: BKG=15, LF=8.6%
2026-01-05 05:38:54 | INFO     | [SUCCESS] Day 27JAN
2026-01-05 05:38:54 | INFO     | [DAY_START] Processing 26JAN
2026-01-05 05:38:54 | INFO     | [lf.day.start] Processing AJF-CAI for 26JAN
2026-01-05 05:38:56 | WARNING  | [lf.day.no_flights] No direct flights on 26JAN
2026-01-05 05:38:56 | INFO     | [SUCCESS] Day 26JAN
2026-01-05 05:38:56 | INFO     | [DAY_START] Processing 25JAN
2026-01-05 05:38:56 | INFO     | [lf.day.start] Processing AJF-CAI for 25JAN
2026-01-05 05:38:58 | WARNING  | [lf.day.no_flights] No direct flights on 25JAN
2026-01-05 05:38:58 | INFO     | [SUCCESS] Day 25JAN
2026-01-05 05:38:58 | INFO     | [DAY_START] Processing 24JAN
2026-01-05 05:38:58 | INFO     | [lf.day.start] Processing AJF-CAI for 24JAN
2026-01-05 05:39:00 | INFO     | [lf.day.flights_found] Found 1 flights on 24JAN
2026-01-05 05:39:05 | INFO     | [lf.flight.extracted] SM322 on 24JAN: BKG=9, LF=5.1%
2026-01-05 05:39:09 | INFO     | [SUCCESS] Day 24JAN
2026-01-05 05:39:09 | INFO     | [DAY_START] Processing 23JAN
2026-01-05 05:39:09 | INFO     | [lf.day.start] Processing AJF-CAI for 23JAN
2026-01-05 05:39:10 | WARNING  | [lf.day.no_flights] No direct flights on 23JAN
2026-01-05 05:39:10 | INFO     | [SUCCESS] Day 23JAN
2026-01-05 05:39:10 | INFO     | [SUCCESS] LF Search Complete
2026-01-05 05:39:12 | INFO     | [Worker_9234] Completed: AJF-CAI - 9 results, 0 errors
2026-01-05 05:39:12 | INFO     | [Worker_9234] Processing: ELQ-ATZ
2026-01-05 05:39:12 | INFO     |   Tier 0: Range 1, Chunk 1/3 (9 days)
