2026-01-05 05:42:06 | INFO     | ======================================================================
2026-01-05 05:42:06 | INFO     | Load Factor Scraper Started - Route: AHB-ATZ
2026-01-05 05:42:06 | INFO     | Log file: D:\CODERED\LAB\market_insights\outputs\run_generated_050126_at_05.36\logs\LF_AHB-ATZ_20260105_054206.log
2026-01-05 05:42:06 | INFO     | Enhanced logging: Capturing both logging.info() and print()
2026-01-05 05:42:06 | INFO     | ======================================================================
2026-01-05 05:42:06 | INFO     | Starting LF search for route: AHB-ATZ
2026-01-05 05:42:06 | INFO     | [START] LF Search
2026-01-05 05:42:07 | INFO     | [HEALTH CHECK] [OK] Chrome connection is healthy
2026-01-05 05:42:07 | INFO     | [DAY_START] Processing 22JAN
2026-01-05 05:42:07 | INFO     | [lf.day.start] Processing AHB-ATZ for 22JAN
2026-01-05 05:42:08 | WARNING  | [lf.day.no_flights] No direct flights on 22JAN
2026-01-05 05:42:08 | INFO     | [SUCCESS] Day 22JAN
2026-01-05 05:42:08 | INFO     | [DAY_START] Processing 21JAN
2026-01-05 05:42:08 | INFO     | [lf.day.start] Processing AHB-ATZ for 21JAN
2026-01-05 05:42:09 | WARNING  | [lf.day.no_flights] No direct flights on 21JAN
2026-01-05 05:42:10 | INFO     | [SUCCESS] Day 21JAN
2026-01-05 05:42:10 | INFO     | [DAY_START] Processing 20JAN
2026-01-05 05:42:10 | INFO     | [lf.day.start] Processing AHB-ATZ for 20JAN
2026-01-05 05:42:11 | WARNING  | [lf.day.no_flights] No direct flights on 20JAN
2026-01-05 05:42:11 | INFO     | [SUCCESS] Day 20JAN
2026-01-05 05:42:11 | INFO     | [DAY_START] Processing 19JAN
2026-01-05 05:42:11 | INFO     | [lf.day.start] Processing AHB-ATZ for 19JAN
2026-01-05 05:42:12 | WARNING  | [lf.day.no_flights] No direct flights on 19JAN
2026-01-05 05:42:12 | INFO     | [SUCCESS] Day 19JAN
2026-01-05 05:42:12 | INFO     | [DAY_START] Processing 18JAN
2026-01-05 05:42:12 | INFO     | [lf.day.start] Processing AHB-ATZ for 18JAN
2026-01-05 05:42:13 | WARNING  | [lf.day.no_flights] No direct flights on 18JAN
2026-01-05 05:42:14 | INFO     | [SUCCESS] Day 18JAN
2026-01-05 05:42:14 | INFO     | [DAY_START] Processing 17JAN
2026-01-05 05:42:14 | INFO     | [lf.day.start] Processing AHB-ATZ for 17JAN
2026-01-05 05:42:15 | WARNING  | [lf.day.no_flights] No direct flights on 17JAN
2026-01-05 05:42:15 | INFO     | [SUCCESS] Day 17JAN
2026-01-05 05:42:15 | INFO     | [DAY_START] Processing 16JAN
2026-01-05 05:42:15 | INFO     | [lf.day.start] Processing AHB-ATZ for 16JAN
2026-01-05 05:42:16 | INFO     | [lf.day.flights_found] Found 1 flights on 16JAN
2026-01-05 05:42:19 | INFO     | [lf.flight.extracted] SM446 on 16JAN: BKG=71, LF=40.6%
2026-01-05 05:42:26 | INFO     | [SUCCESS] Day 16JAN
2026-01-05 05:42:26 | INFO     | [DAY_START] Processing 15JAN
2026-01-05 05:42:26 | INFO     | [lf.day.start] Processing AHB-ATZ for 15JAN
2026-01-05 05:42:28 | WARNING  | [lf.day.no_flights] No direct flights on 15JAN
2026-01-05 05:42:28 | INFO     | [SUCCESS] Day 15JAN
2026-01-05 05:42:28 | INFO     | [DAY_START] Processing 14JAN
2026-01-05 05:42:28 | INFO     | [lf.day.start] Processing AHB-ATZ for 14JAN
2026-01-05 05:42:30 | WARNING  | [lf.day.no_flights] No direct flights on 14JAN
2026-01-05 05:42:30 | INFO     | [SUCCESS] Day 14JAN
2026-01-05 05:42:30 | INFO     | [SUCCESS] LF Search Complete
2026-01-05 05:42:32 | INFO     | [Worker_9222] Completed: AHB-ATZ - 9 results, 0 errors
2026-01-05 05:42:32 | INFO     | [Worker_9222] Processing: MED-CAI
2026-01-05 05:42:32 | INFO     |   Tier 0: Range 1, Chunk 3/3 (9 days)
