2026-01-05 05:41:59 | INFO     | ======================================================================
2026-01-05 05:41:59 | INFO     | Load Factor Scraper Started - Route: AHB-CAI
2026-01-05 05:41:59 | INFO     | Log file: D:\CODERED\LAB\market_insights\outputs\run_generated_050126_at_05.36\logs\LF_AHB-CAI_20260105_054159.log
2026-01-05 05:41:59 | INFO     | Enhanced logging: Capturing both logging.info() and print()
2026-01-05 05:41:59 | INFO     | ======================================================================
2026-01-05 05:41:59 | INFO     | Starting LF search for route: AHB-CAI
2026-01-05 05:41:59 | INFO     | [START] LF Search
2026-01-05 05:42:01 | INFO     | [HEALTH CHECK] [OK] Chrome connection is healthy
2026-01-05 05:42:01 | INFO     | [DAY_START] Processing 22JAN
2026-01-05 05:42:01 | INFO     | [lf.day.start] Processing AHB-CAI for 22JAN
2026-01-05 05:42:02 | INFO     | [lf.day.flights_found] Found 1 flights on 22JAN
2026-01-05 05:42:04 | INFO     | [lf.flight.extracted] SM448 on 22JAN: BKG=38, LF=22.1%
2026-01-05 05:42:08 | INFO     | [SUCCESS] Day 22JAN
2026-01-05 05:42:08 | INFO     | [DAY_START] Processing 21JAN
2026-01-05 05:42:08 | INFO     | [lf.day.start] Processing AHB-CAI for 21JAN
2026-01-05 05:42:09 | WARNING  | [lf.day.no_flights] No direct flights on 21JAN
2026-01-05 05:42:09 | INFO     | [SUCCESS] Day 21JAN
2026-01-05 05:42:09 | INFO     | [DAY_START] Processing 20JAN
2026-01-05 05:42:09 | INFO     | [lf.day.start] Processing AHB-CAI for 20JAN
2026-01-05 05:42:10 | WARNING  | [lf.day.no_flights] No direct flights on 20JAN
2026-01-05 05:42:10 | INFO     | [SUCCESS] Day 20JAN
2026-01-05 05:42:10 | INFO     | [DAY_START] Processing 19JAN
2026-01-05 05:42:10 | INFO     | [lf.day.start] Processing AHB-CAI for 19JAN
2026-01-05 05:42:11 | WARNING  | [lf.day.no_flights] No direct flights on 19JAN
2026-01-05 05:42:11 | INFO     | [SUCCESS] Day 19JAN
2026-01-05 05:42:11 | INFO     | [DAY_START] Processing 18JAN
2026-01-05 05:42:11 | INFO     | [lf.day.start] Processing AHB-CAI for 18JAN
2026-01-05 05:42:13 | INFO     | [lf.day.flights_found] Found 1 flights on 18JAN
2026-01-05 05:42:15 | INFO     | [lf.flight.extracted] SM444 on 18JAN: BKG=28, LF=16.0%
2026-01-05 05:42:20 | INFO     | [SUCCESS] Day 18JAN
2026-01-05 05:42:20 | INFO     | [DAY_START] Processing 17JAN
2026-01-05 05:42:20 | INFO     | [lf.day.start] Processing AHB-CAI for 17JAN
2026-01-05 05:42:21 | WARNING  | [lf.day.no_flights] No direct flights on 17JAN
2026-01-05 05:42:21 | INFO     | [SUCCESS] Day 17JAN
2026-01-05 05:42:21 | INFO     | [DAY_START] Processing 16JAN
2026-01-05 05:42:21 | INFO     | [lf.day.start] Processing AHB-CAI for 16JAN
2026-01-05 05:42:23 | INFO     | [lf.day.flights_found] Found 1 flights on 16JAN
2026-01-05 05:42:26 | INFO     | [lf.flight.extracted] SM444 on 16JAN: BKG=59, LF=33.7%
2026-01-05 05:42:32 | INFO     | [SUCCESS] Day 16JAN
2026-01-05 05:42:32 | INFO     | [DAY_START] Processing 15JAN
2026-01-05 05:42:32 | INFO     | [lf.day.start] Processing AHB-CAI for 15JAN
2026-01-05 05:42:33 | INFO     | [lf.day.flights_found] Found 1 flights on 15JAN
2026-01-05 05:42:37 | INFO     | [lf.flight.extracted] SM448 on 15JAN: BKG=70, LF=40.0%
2026-01-05 05:42:44 | INFO     | [SUCCESS] Day 15JAN
2026-01-05 05:42:44 | INFO     | [DAY_START] Processing 14JAN
2026-01-05 05:42:44 | INFO     | [lf.day.start] Processing AHB-CAI for 14JAN
2026-01-05 05:42:46 | WARNING  | [lf.day.no_flights] No direct flights on 14JAN
2026-01-05 05:42:46 | INFO     | [SUCCESS] Day 14JAN
2026-01-05 05:42:46 | INFO     | [SUCCESS] LF Search Complete
2026-01-05 05:42:48 | INFO     | [Worker_9227] Completed: AHB-CAI - 9 results, 0 errors
2026-01-05 05:42:48 | INFO     | [Worker_9227] Processing: MED-ATZ
2026-01-05 05:42:48 | INFO     |   Tier 0: Range 1, Chunk 3/3 (9 days)
