2026-01-05 05:45:22 | INFO     | ======================================================================
2026-01-05 05:45:22 | INFO     | Load Factor Scraper Started - Route: AHB-ATZ
2026-01-05 05:45:22 | INFO     | Log file: D:\CODERED\LAB\market_insights\outputs\run_generated_050126_at_05.36\logs\LF_AHB-ATZ_20260105_054522.log
2026-01-05 05:45:22 | INFO     | Enhanced logging: Capturing both logging.info() and print()
2026-01-05 05:45:22 | INFO     | ======================================================================
2026-01-05 05:45:22 | INFO     | Starting LF search for route: AHB-ATZ
2026-01-05 05:45:22 | INFO     | [START] LF Search
2026-01-05 05:45:25 | INFO     | [HEALTH CHECK] [OK] Chrome connection is healthy
2026-01-05 05:45:25 | INFO     | [DAY_START] Processing 13JAN
2026-01-05 05:45:25 | INFO     | [lf.day.start] Processing AHB-ATZ for 13JAN
2026-01-05 05:45:26 | WARNING  | [lf.day.no_flights] No direct flights on 13JAN
2026-01-05 05:45:26 | INFO     | [SUCCESS] Day 13JAN
2026-01-05 05:45:26 | INFO     | [DAY_START] Processing 12JAN
2026-01-05 05:45:26 | INFO     | [lf.day.start] Processing AHB-ATZ for 12JAN
2026-01-05 05:45:27 | WARNING  | [lf.day.no_flights] No direct flights on 12JAN
2026-01-05 05:45:27 | INFO     | [SUCCESS] Day 12JAN
2026-01-05 05:45:27 | INFO     | [DAY_START] Processing 11JAN
2026-01-05 05:45:27 | INFO     | [lf.day.start] Processing AHB-ATZ for 11JAN
2026-01-05 05:45:28 | WARNING  | [lf.day.no_flights] No direct flights on 11JAN
2026-01-05 05:45:28 | INFO     | [SUCCESS] Day 11JAN
2026-01-05 05:45:28 | INFO     | [DAY_START] Processing 10JAN
2026-01-05 05:45:28 | INFO     | [lf.day.start] Processing AHB-ATZ for 10JAN
2026-01-05 05:45:29 | WARNING  | [lf.day.no_flights] No direct flights on 10JAN
2026-01-05 05:45:29 | INFO     | [SUCCESS] Day 10JAN
2026-01-05 05:45:29 | INFO     | [DAY_START] Processing 09JAN
2026-01-05 05:45:29 | INFO     | [lf.day.start] Processing AHB-ATZ for 09JAN
2026-01-05 05:45:31 | INFO     | [lf.day.flights_found] Found 1 flights on 09JAN
2026-01-05 05:45:33 | INFO     | [lf.flight.extracted] SM446 on 09JAN: BKG=77, LF=44.0%
2026-01-05 05:45:38 | INFO     | [SUCCESS] Day 09JAN
2026-01-05 05:45:38 | INFO     | [DAY_START] Processing 08JAN
2026-01-05 05:45:38 | INFO     | [lf.day.start] Processing AHB-ATZ for 08JAN
2026-01-05 05:45:39 | WARNING  | [lf.day.no_flights] No direct flights on 08JAN
2026-01-05 05:45:39 | INFO     | [SUCCESS] Day 08JAN
2026-01-05 05:45:39 | INFO     | [DAY_START] Processing 07JAN
2026-01-05 05:45:39 | INFO     | [lf.day.start] Processing AHB-ATZ for 07JAN
2026-01-05 05:45:40 | WARNING  | [lf.day.no_flights] No direct flights on 07JAN
2026-01-05 05:45:40 | INFO     | [SUCCESS] Day 07JAN
2026-01-05 05:45:40 | INFO     | [DAY_START] Processing 06JAN
2026-01-05 05:45:40 | INFO     | [lf.day.start] Processing AHB-ATZ for 06JAN
2026-01-05 05:45:41 | WARNING  | [lf.day.no_flights] No direct flights on 06JAN
2026-01-05 05:45:41 | INFO     | [SUCCESS] Day 06JAN
2026-01-05 05:45:41 | INFO     | [SUCCESS] LF Search Complete
2026-01-05 05:45:43 | INFO     | [Worker_9233] Completed: AHB-ATZ - 8 results, 0 errors
2026-01-05 05:45:43 | INFO     | [Worker_9233] Processing: GIZ-CAI
2026-01-05 05:45:43 | INFO     |   Tier 0: Range 1, Chunk 3/3 (9 days)
