2026-01-05 05:44:10 | INFO     | ======================================================================
2026-01-05 05:44:10 | INFO     | Load Factor Scraper Started - Route: DMM-CAI
2026-01-05 05:44:10 | INFO     | Log file: D:\CODERED\LAB\market_insights\outputs\run_generated_050126_at_05.36\logs\LF_DMM-CAI_20260105_054410.log
2026-01-05 05:44:10 | INFO     | Enhanced logging: Capturing both logging.info() and print()
2026-01-05 05:44:10 | INFO     | ======================================================================
2026-01-05 05:44:10 | INFO     | Starting LF search for route: DMM-CAI
2026-01-05 05:44:10 | INFO     | [START] LF Search
2026-01-05 05:44:11 | INFO     | [HEALTH CHECK] [OK] Chrome connection is healthy
2026-01-05 05:44:12 | INFO     | [DAY_START] Processing 13JAN
2026-01-05 05:44:12 | INFO     | [lf.day.start] Processing DMM-CAI for 13JAN
2026-01-05 05:44:13 | INFO     | [lf.day.flights_found] Found 1 flights on 13JAN
2026-01-05 05:44:15 | INFO     | [lf.flight.extracted] SM434 on 13JAN: BKG=27, LF=15.4%
2026-01-05 05:44:18 | INFO     | [SUCCESS] Day 13JAN
2026-01-05 05:44:18 | INFO     | [DAY_START] Processing 12JAN
2026-01-05 05:44:18 | INFO     | [lf.day.start] Processing DMM-CAI for 12JAN
2026-01-05 05:44:19 | WARNING  | [lf.day.no_flights] No direct flights on 12JAN
2026-01-05 05:44:19 | INFO     | [SUCCESS] Day 12JAN
2026-01-05 05:44:19 | INFO     | [DAY_START] Processing 11JAN
2026-01-05 05:44:19 | INFO     | [lf.day.start] Processing DMM-CAI for 11JAN
2026-01-05 05:44:20 | WARNING  | [lf.day.no_flights] No direct flights on 11JAN
2026-01-05 05:44:20 | INFO     | [SUCCESS] Day 11JAN
2026-01-05 05:44:20 | INFO     | [DAY_START] Processing 10JAN
2026-01-05 05:44:20 | INFO     | [lf.day.start] Processing DMM-CAI for 10JAN
2026-01-05 05:44:21 | INFO     | [lf.day.flights_found] Found 1 flights on 10JAN
2026-01-05 05:44:23 | INFO     | [lf.flight.extracted] SM434 on 10JAN: BKG=36, LF=20.6%
2026-01-05 05:44:27 | INFO     | [SUCCESS] Day 10JAN
2026-01-05 05:44:27 | INFO     | [DAY_START] Processing 09JAN
2026-01-05 05:44:27 | INFO     | [lf.day.start] Processing DMM-CAI for 09JAN
2026-01-05 05:44:28 | INFO     | [lf.day.flights_found] Found 1 flights on 09JAN
2026-01-05 05:44:30 | INFO     | [lf.flight.extracted] SM434 on 09JAN: BKG=71, LF=40.6%
2026-01-05 05:44:36 | INFO     | [SUCCESS] Day 09JAN
2026-01-05 05:44:36 | INFO     | [DAY_START] Processing 08JAN
2026-01-05 05:44:36 | INFO     | [lf.day.start] Processing DMM-CAI for 08JAN
2026-01-05 05:44:37 | INFO     | [lf.day.flights_found] Found 1 flights on 08JAN
2026-01-05 05:44:39 | INFO     | [lf.flight.extracted] SM434 on 08JAN: BKG=72, LF=41.1%
2026-01-05 05:44:45 | INFO     | [SUCCESS] Day 08JAN
2026-01-05 05:44:45 | INFO     | [DAY_START] Processing 07JAN
2026-01-05 05:44:45 | INFO     | [lf.day.start] Processing DMM-CAI for 07JAN
2026-01-05 05:44:46 | WARNING  | [lf.day.no_flights] No direct flights on 07JAN
2026-01-05 05:44:47 | INFO     | [SUCCESS] Day 07JAN
2026-01-05 05:44:47 | INFO     | [DAY_START] Processing 06JAN
2026-01-05 05:44:47 | INFO     | [lf.day.start] Processing DMM-CAI for 06JAN
2026-01-05 05:44:48 | INFO     | [lf.day.flights_found] Found 1 flights on 06JAN
2026-01-05 05:44:50 | INFO     | [lf.flight.extracted] SM434 on 06JAN: BKG=33, LF=18.9%
2026-01-05 05:44:53 | INFO     | [SUCCESS] Day 06JAN
2026-01-05 05:44:53 | INFO     | [SUCCESS] LF Search Complete
2026-01-05 05:44:55 | INFO     | [Worker_9222] Completed: DMM-CAI - 8 results, 0 errors
2026-01-05 05:44:55 | INFO     | [Worker_9222] Processing: TUU-ATZ
2026-01-05 05:44:55 | INFO     |   Tier 0: Range 1, Chunk 3/3 (9 days)
