2026-01-05 05:45:42 | INFO     | ======================================================================
2026-01-05 05:45:42 | INFO     | Load Factor Scraper Started - Route: ELQ-ATZ
2026-01-05 05:45:42 | INFO     | Log file: D:\CODERED\LAB\market_insights\outputs\run_generated_050126_at_05.36\logs\LF_ELQ-ATZ_20260105_054542.log
2026-01-05 05:45:42 | INFO     | Enhanced logging: Capturing both logging.info() and print()
2026-01-05 05:45:42 | INFO     | ======================================================================
2026-01-05 05:45:42 | INFO     | Starting LF search for route: ELQ-ATZ
2026-01-05 05:45:42 | INFO     | [START] LF Search
2026-01-05 05:45:44 | INFO     | [HEALTH CHECK] [OK] Chrome connection is healthy
2026-01-05 05:45:44 | INFO     | [DAY_START] Processing 13JAN
2026-01-05 05:45:44 | INFO     | [lf.day.start] Processing ELQ-ATZ for 13JAN
2026-01-05 05:45:45 | WARNING  | [lf.day.no_flights] No direct flights on 13JAN
2026-01-05 05:45:45 | INFO     | [SUCCESS] Day 13JAN
2026-01-05 05:45:45 | INFO     | [DAY_START] Processing 12JAN
2026-01-05 05:45:45 | INFO     | [lf.day.start] Processing ELQ-ATZ for 12JAN
2026-01-05 05:45:46 | WARNING  | [lf.day.no_flights] No direct flights on 12JAN
2026-01-05 05:45:46 | INFO     | [SUCCESS] Day 12JAN
2026-01-05 05:45:46 | INFO     | [DAY_START] Processing 11JAN
2026-01-05 05:45:46 | INFO     | [lf.day.start] Processing ELQ-ATZ for 11JAN
2026-01-05 05:45:47 | WARNING  | [lf.day.no_flights] No direct flights on 11JAN
2026-01-05 05:45:48 | INFO     | [SUCCESS] Day 11JAN
2026-01-05 05:45:48 | INFO     | [DAY_START] Processing 10JAN
2026-01-05 05:45:48 | INFO     | [lf.day.start] Processing ELQ-ATZ for 10JAN
2026-01-05 05:45:49 | INFO     | [lf.day.flights_found] Found 1 flights on 10JAN
2026-01-05 05:45:50 | INFO     | [lf.flight.extracted] SM436 on 10JAN: BKG=82, LF=49.1%
2026-01-05 05:45:55 | INFO     | [SUCCESS] Day 10JAN
2026-01-05 05:45:55 | INFO     | [DAY_START] Processing 09JAN
2026-01-05 05:45:55 | INFO     | [lf.day.start] Processing ELQ-ATZ for 09JAN
2026-01-05 05:45:56 | WARNING  | [lf.day.no_flights] No direct flights on 09JAN
2026-01-05 05:45:56 | INFO     | [SUCCESS] Day 09JAN
2026-01-05 05:45:56 | INFO     | [DAY_START] Processing 08JAN
2026-01-05 05:45:56 | INFO     | [lf.day.start] Processing ELQ-ATZ for 08JAN
2026-01-05 05:45:57 | WARNING  | [lf.day.no_flights] No direct flights on 08JAN
2026-01-05 05:45:58 | INFO     | [SUCCESS] Day 08JAN
2026-01-05 05:45:58 | INFO     | [DAY_START] Processing 07JAN
2026-01-05 05:45:58 | INFO     | [lf.day.start] Processing ELQ-ATZ for 07JAN
2026-01-05 05:45:59 | INFO     | [lf.day.flights_found] Found 1 flights on 07JAN
2026-01-05 05:46:00 | INFO     | [lf.flight.extracted] SM436 on 07JAN: BKG=98, LF=58.7%
2026-01-05 05:46:06 | INFO     | [SUCCESS] Day 07JAN
2026-01-05 05:46:06 | INFO     | [DAY_START] Processing 06JAN
2026-01-05 05:46:06 | INFO     | [lf.day.start] Processing ELQ-ATZ for 06JAN
2026-01-05 05:46:07 | WARNING  | [lf.day.no_flights] No direct flights on 06JAN
2026-01-05 05:46:07 | INFO     | [SUCCESS] Day 06JAN
2026-01-05 05:46:07 | INFO     | [SUCCESS] LF Search Complete
2026-01-05 05:46:09 | INFO     | [Worker_9234] Completed: ELQ-ATZ - 8 results, 0 errors
2026-01-05 05:51:24 | INFO     | [Worker_9234] Shutdown signal received, exiting...
2026-01-05 05:51:24 | INFO     | [Worker_9234] Finished. Processed 6 groups.
