2026-01-05 05:42:08 | INFO     | ======================================================================
2026-01-05 05:42:08 | INFO     | Load Factor Scraper Started - Route: ELQ-CAI
2026-01-05 05:42:08 | INFO     | Log file: D:\CODERED\LAB\market_insights\outputs\run_generated_050126_at_05.36\logs\LF_ELQ-CAI_20260105_054208.log
2026-01-05 05:42:08 | INFO     | Enhanced logging: Capturing both logging.info() and print()
2026-01-05 05:42:08 | INFO     | ======================================================================
2026-01-05 05:42:08 | INFO     | Starting LF search for route: ELQ-CAI
2026-01-05 05:42:08 | INFO     | [START] LF Search
2026-01-05 05:42:10 | INFO     | [HEALTH CHECK] [OK] Chrome connection is healthy
2026-01-05 05:42:10 | INFO     | [DAY_START] Processing 22JAN
2026-01-05 05:42:10 | INFO     | [lf.day.start] Processing ELQ-CAI for 22JAN
2026-01-05 05:42:11 | INFO     | [lf.day.flights_found] Found 1 flights on 22JAN
2026-01-05 05:42:14 | INFO     | [lf.flight.extracted] SM428 on 22JAN: BKG=15, LF=8.6%
2026-01-05 05:42:17 | INFO     | [SUCCESS] Day 22JAN
2026-01-05 05:42:17 | INFO     | [DAY_START] Processing 21JAN
2026-01-05 05:42:17 | INFO     | [lf.day.start] Processing ELQ-CAI for 21JAN
2026-01-05 05:42:19 | WARNING  | [lf.day.no_flights] No direct flights on 21JAN
2026-01-05 05:42:19 | INFO     | [SUCCESS] Day 21JAN
2026-01-05 05:42:19 | INFO     | [DAY_START] Processing 20JAN
2026-01-05 05:42:19 | INFO     | [lf.day.start] Processing ELQ-CAI for 20JAN
2026-01-05 05:42:20 | WARNING  | [lf.day.no_flights] No direct flights on 20JAN
2026-01-05 05:42:20 | INFO     | [SUCCESS] Day 20JAN
2026-01-05 05:42:20 | INFO     | [DAY_START] Processing 19JAN
2026-01-05 05:42:20 | INFO     | [lf.day.start] Processing ELQ-CAI for 19JAN
2026-01-05 05:42:22 | WARNING  | [lf.day.no_flights] No direct flights on 19JAN
2026-01-05 05:42:22 | INFO     | [SUCCESS] Day 19JAN
2026-01-05 05:42:22 | INFO     | [DAY_START] Processing 18JAN
2026-01-05 05:42:22 | INFO     | [lf.day.start] Processing ELQ-CAI for 18JAN
2026-01-05 05:42:23 | INFO     | [lf.day.flights_found] Found 1 flights on 18JAN
2026-01-05 05:42:26 | INFO     | [lf.flight.extracted] SM428 on 18JAN: BKG=16, LF=9.6%
2026-01-05 05:42:30 | INFO     | [SUCCESS] Day 18JAN
2026-01-05 05:42:30 | INFO     | [DAY_START] Processing 17JAN
2026-01-05 05:42:30 | INFO     | [lf.day.start] Processing ELQ-CAI for 17JAN
2026-01-05 05:42:31 | INFO     | [lf.day.flights_found] Found 1 flights on 17JAN
2026-01-05 05:42:34 | INFO     | [lf.flight.extracted] SM428 on 17JAN: BKG=14, LF=8.4%
2026-01-05 05:42:38 | INFO     | [SUCCESS] Day 17JAN
2026-01-05 05:42:38 | INFO     | [DAY_START] Processing 16JAN
2026-01-05 05:42:38 | INFO     | [lf.day.start] Processing ELQ-CAI for 16JAN
2026-01-05 05:42:40 | WARNING  | [lf.day.no_flights] No direct flights on 16JAN
2026-01-05 05:42:40 | INFO     | [SUCCESS] Day 16JAN
2026-01-05 05:42:40 | INFO     | [DAY_START] Processing 15JAN
2026-01-05 05:42:40 | INFO     | [lf.day.start] Processing ELQ-CAI for 15JAN
2026-01-05 05:42:41 | INFO     | [lf.day.flights_found] Found 1 flights on 15JAN
2026-01-05 05:42:44 | INFO     | [lf.flight.extracted] SM428 on 15JAN: BKG=32, LF=19.2%
2026-01-05 05:42:49 | INFO     | [SUCCESS] Day 15JAN
2026-01-05 05:42:49 | INFO     | [DAY_START] Processing 14JAN
2026-01-05 05:42:49 | INFO     | [lf.day.start] Processing ELQ-CAI for 14JAN
2026-01-05 05:42:51 | WARNING  | [lf.day.no_flights] No direct flights on 14JAN
2026-01-05 05:42:51 | INFO     | [SUCCESS] Day 14JAN
2026-01-05 05:42:51 | INFO     | [SUCCESS] LF Search Complete
2026-01-05 05:42:53 | INFO     | [Worker_9223] Completed: ELQ-CAI - 9 results, 0 errors
2026-01-05 05:42:53 | INFO     | [Worker_9223] Processing: JED-HBE
2026-01-05 05:42:53 | INFO     |   Tier 0: Range 1, Chunk 3/3 (9 days)
