2026-01-05 05:42:15 | INFO     | ======================================================================
2026-01-05 05:42:15 | INFO     | Load Factor Scraper Started - Route: ELQ-ATZ
2026-01-05 05:42:15 | INFO     | Log file: D:\CODERED\LAB\market_insights\outputs\run_generated_050126_at_05.36\logs\LF_ELQ-ATZ_20260105_054215.log
2026-01-05 05:42:15 | INFO     | Enhanced logging: Capturing both logging.info() and print()
2026-01-05 05:42:15 | INFO     | ======================================================================
2026-01-05 05:42:15 | INFO     | Starting LF search for route: ELQ-ATZ
2026-01-05 05:42:15 | INFO     | [START] LF Search
2026-01-05 05:42:18 | INFO     | [HEALTH CHECK] [OK] Chrome connection is healthy
2026-01-05 05:42:18 | INFO     | [DAY_START] Processing 22JAN
2026-01-05 05:42:18 | INFO     | [lf.day.start] Processing ELQ-ATZ for 22JAN
2026-01-05 05:42:19 | WARNING  | [lf.day.no_flights] No direct flights on 22JAN
2026-01-05 05:42:20 | INFO     | [SUCCESS] Day 22JAN
2026-01-05 05:42:20 | INFO     | [DAY_START] Processing 21JAN
2026-01-05 05:42:20 | INFO     | [lf.day.start] Processing ELQ-ATZ for 21JAN
2026-01-05 05:42:21 | INFO     | [lf.day.flights_found] Found 1 flights on 21JAN
2026-01-05 05:42:23 | INFO     | [lf.flight.extracted] SM436 on 21JAN: BKG=61, LF=36.5%
2026-01-05 05:42:29 | INFO     | [SUCCESS] Day 21JAN
2026-01-05 05:42:29 | INFO     | [DAY_START] Processing 20JAN
2026-01-05 05:42:29 | INFO     | [lf.day.start] Processing ELQ-ATZ for 20JAN
2026-01-05 05:42:31 | WARNING  | [lf.day.no_flights] No direct flights on 20JAN
2026-01-05 05:42:31 | INFO     | [SUCCESS] Day 20JAN
2026-01-05 05:42:31 | INFO     | [DAY_START] Processing 19JAN
2026-01-05 05:42:31 | INFO     | [lf.day.start] Processing ELQ-ATZ for 19JAN
2026-01-05 05:42:32 | WARNING  | [lf.day.no_flights] No direct flights on 19JAN
2026-01-05 05:42:32 | INFO     | [SUCCESS] Day 19JAN
2026-01-05 05:42:32 | INFO     | [DAY_START] Processing 18JAN
2026-01-05 05:42:32 | INFO     | [lf.day.start] Processing ELQ-ATZ for 18JAN
2026-01-05 05:42:34 | WARNING  | [lf.day.no_flights] No direct flights on 18JAN
2026-01-05 05:42:34 | INFO     | [SUCCESS] Day 18JAN
2026-01-05 05:42:34 | INFO     | [DAY_START] Processing 17JAN
2026-01-05 05:42:34 | INFO     | [lf.day.start] Processing ELQ-ATZ for 17JAN
2026-01-05 05:42:35 | INFO     | [lf.day.flights_found] Found 1 flights on 17JAN
2026-01-05 05:42:39 | INFO     | [lf.flight.extracted] SM436 on 17JAN: BKG=57, LF=34.1%
2026-01-05 05:42:44 | INFO     | [SUCCESS] Day 17JAN
2026-01-05 05:42:44 | INFO     | [DAY_START] Processing 16JAN
2026-01-05 05:42:44 | INFO     | [lf.day.start] Processing ELQ-ATZ for 16JAN
2026-01-05 05:42:46 | WARNING  | [lf.day.no_flights] No direct flights on 16JAN
2026-01-05 05:42:46 | INFO     | [SUCCESS] Day 16JAN
2026-01-05 05:42:46 | INFO     | [DAY_START] Processing 15JAN
2026-01-05 05:42:46 | INFO     | [lf.day.start] Processing ELQ-ATZ for 15JAN
2026-01-05 05:42:48 | WARNING  | [lf.day.no_flights] No direct flights on 15JAN
2026-01-05 05:42:48 | INFO     | [SUCCESS] Day 15JAN
2026-01-05 05:42:48 | INFO     | [DAY_START] Processing 14JAN
2026-01-05 05:42:48 | INFO     | [lf.day.start] Processing ELQ-ATZ for 14JAN
2026-01-05 05:42:49 | INFO     | [lf.day.flights_found] Found 1 flights on 14JAN
2026-01-05 05:42:52 | INFO     | [lf.flight.extracted] SM436 on 14JAN: BKG=79, LF=47.3%
2026-01-05 05:43:00 | INFO     | [SUCCESS] Day 14JAN
2026-01-05 05:43:00 | INFO     | [SUCCESS] LF Search Complete
2026-01-05 05:43:02 | INFO     | [Worker_9226] Completed: ELQ-ATZ - 9 results, 0 errors
2026-01-05 05:43:02 | INFO     | [Worker_9226] Processing: JED-ATZ
2026-01-05 05:43:02 | INFO     |   Tier 0: Range 1, Chunk 3/3 (9 days)
