2026-01-05 05:39:12 | INFO     | ======================================================================
2026-01-05 05:39:12 | INFO     | Load Factor Scraper Started - Route: ELQ-ATZ
2026-01-05 05:39:12 | INFO     | Log file: D:\CODERED\LAB\market_insights\outputs\run_generated_050126_at_05.36\logs\LF_ELQ-ATZ_20260105_053912.log
2026-01-05 05:39:12 | INFO     | Enhanced logging: Capturing both logging.info() and print()
2026-01-05 05:39:12 | INFO     | ======================================================================
2026-01-05 05:39:12 | INFO     | Starting LF search for route: ELQ-ATZ
2026-01-05 05:39:12 | INFO     | [START] LF Search
2026-01-05 05:39:14 | INFO     | [HEALTH CHECK] [OK] Chrome connection is healthy
2026-01-05 05:39:14 | INFO     | [DAY_START] Processing 31JAN
2026-01-05 05:39:14 | INFO     | [lf.day.start] Processing ELQ-ATZ for 31JAN
2026-01-05 05:39:15 | INFO     | [lf.day.flights_found] Found 1 flights on 31JAN
2026-01-05 05:39:17 | INFO     | [lf.flight.extracted] SM436 on 31JAN: BKG=46, LF=27.5%
2026-01-05 05:39:22 | INFO     | [SUCCESS] Day 31JAN
2026-01-05 05:39:22 | INFO     | [DAY_START] Processing 30JAN
2026-01-05 05:39:22 | INFO     | [lf.day.start] Processing ELQ-ATZ for 30JAN
2026-01-05 05:39:23 | WARNING  | [lf.day.no_flights] No direct flights on 30JAN
2026-01-05 05:39:23 | INFO     | [SUCCESS] Day 30JAN
2026-01-05 05:39:23 | INFO     | [DAY_START] Processing 29JAN
2026-01-05 05:39:23 | INFO     | [lf.day.start] Processing ELQ-ATZ for 29JAN
2026-01-05 05:39:24 | WARNING  | [lf.day.no_flights] No direct flights on 29JAN
2026-01-05 05:39:24 | INFO     | [SUCCESS] Day 29JAN
2026-01-05 05:39:24 | INFO     | [DAY_START] Processing 28JAN
2026-01-05 05:39:24 | INFO     | [lf.day.start] Processing ELQ-ATZ for 28JAN
2026-01-05 05:39:26 | INFO     | [lf.day.flights_found] Found 1 flights on 28JAN
2026-01-05 05:39:28 | INFO     | [lf.flight.extracted] SM436 on 28JAN: BKG=78, LF=46.7%
2026-01-05 05:39:33 | INFO     | [SUCCESS] Day 28JAN
2026-01-05 05:39:33 | INFO     | [DAY_START] Processing 27JAN
2026-01-05 05:39:33 | INFO     | [lf.day.start] Processing ELQ-ATZ for 27JAN
2026-01-05 05:39:34 | WARNING  | [lf.day.no_flights] No direct flights on 27JAN
2026-01-05 05:39:34 | INFO     | [SUCCESS] Day 27JAN
2026-01-05 05:39:34 | INFO     | [DAY_START] Processing 26JAN
2026-01-05 05:39:34 | INFO     | [lf.day.start] Processing ELQ-ATZ for 26JAN
2026-01-05 05:39:35 | WARNING  | [lf.day.no_flights] No direct flights on 26JAN
2026-01-05 05:39:35 | INFO     | [SUCCESS] Day 26JAN
2026-01-05 05:39:35 | INFO     | [DAY_START] Processing 25JAN
2026-01-05 05:39:35 | INFO     | [lf.day.start] Processing ELQ-ATZ for 25JAN
2026-01-05 05:39:36 | WARNING  | [lf.day.no_flights] No direct flights on 25JAN
2026-01-05 05:39:37 | INFO     | [SUCCESS] Day 25JAN
2026-01-05 05:39:37 | INFO     | [DAY_START] Processing 24JAN
2026-01-05 05:39:37 | INFO     | [lf.day.start] Processing ELQ-ATZ for 24JAN
2026-01-05 05:39:38 | INFO     | [lf.day.flights_found] Found 1 flights on 24JAN
2026-01-05 05:39:43 | INFO     | [lf.flight.extracted] SM436 on 24JAN: BKG=76, LF=45.5%
2026-01-05 05:39:48 | INFO     | [SUCCESS] Day 24JAN
2026-01-05 05:39:48 | INFO     | [DAY_START] Processing 23JAN
2026-01-05 05:39:48 | INFO     | [lf.day.start] Processing ELQ-ATZ for 23JAN
2026-01-05 05:39:50 | WARNING  | [lf.day.no_flights] No direct flights on 23JAN
2026-01-05 05:39:50 | INFO     | [SUCCESS] Day 23JAN
2026-01-05 05:39:50 | INFO     | [SUCCESS] LF Search Complete
2026-01-05 05:39:52 | INFO     | [Worker_9234] Completed: ELQ-ATZ - 9 results, 0 errors
2026-01-05 05:39:52 | INFO     | [Worker_9234] Processing: JED-CAI
2026-01-05 05:39:52 | INFO     |   Tier 0: Range 1, Chunk 2/3 (9 days)
