2026-01-05 05:45:43 | INFO     | ======================================================================
2026-01-05 05:45:43 | INFO     | Load Factor Scraper Started - Route: GIZ-CAI
2026-01-05 05:45:43 | INFO     | Log file: D:\CODERED\LAB\market_insights\outputs\run_generated_050126_at_05.36\logs\LF_GIZ-CAI_20260105_054543.log
2026-01-05 05:45:43 | INFO     | Enhanced logging: Capturing both logging.info() and print()
2026-01-05 05:45:43 | INFO     | ======================================================================
2026-01-05 05:45:43 | INFO     | Starting LF search for route: GIZ-CAI
2026-01-05 05:45:43 | INFO     | [START] LF Search
2026-01-05 05:45:44 | INFO     | [HEALTH CHECK] [OK] Chrome connection is healthy
2026-01-05 05:45:44 | INFO     | [DAY_START] Processing 13JAN
2026-01-05 05:45:44 | INFO     | [lf.day.start] Processing GIZ-CAI for 13JAN
2026-01-05 05:45:45 | WARNING  | [lf.day.no_flights] No direct flights on 13JAN
2026-01-05 05:45:46 | INFO     | [SUCCESS] Day 13JAN
2026-01-05 05:45:46 | INFO     | [DAY_START] Processing 12JAN
2026-01-05 05:45:46 | INFO     | [lf.day.start] Processing GIZ-CAI for 12JAN
2026-01-05 05:45:47 | WARNING  | [lf.day.no_flights] No direct flights on 12JAN
2026-01-05 05:45:47 | INFO     | [SUCCESS] Day 12JAN
2026-01-05 05:45:47 | INFO     | [DAY_START] Processing 11JAN
2026-01-05 05:45:47 | INFO     | [lf.day.start] Processing GIZ-CAI for 11JAN
2026-01-05 05:45:48 | INFO     | [lf.day.flights_found] Found 1 flights on 11JAN
2026-01-05 05:45:50 | INFO     | [lf.flight.extracted] SM330 on 11JAN: BKG=149, LF=85.1%
2026-01-05 05:45:53 | INFO     | [SUCCESS] Day 11JAN
2026-01-05 05:45:53 | INFO     | [DAY_START] Processing 10JAN
2026-01-05 05:45:53 | INFO     | [lf.day.start] Processing GIZ-CAI for 10JAN
2026-01-05 05:45:55 | WARNING  | [lf.day.no_flights] No direct flights on 10JAN
2026-01-05 05:45:55 | INFO     | [SUCCESS] Day 10JAN
2026-01-05 05:45:55 | INFO     | [DAY_START] Processing 09JAN
2026-01-05 05:45:55 | INFO     | [lf.day.start] Processing GIZ-CAI for 09JAN
2026-01-05 05:45:56 | INFO     | [lf.day.flights_found] Found 1 flights on 09JAN
2026-01-05 05:45:58 | INFO     | [lf.flight.extracted] SM330 on 09JAN: BKG=115, LF=65.7%
2026-01-05 05:46:05 | INFO     | [SUCCESS] Day 09JAN
2026-01-05 05:46:05 | INFO     | [DAY_START] Processing 08JAN
2026-01-05 05:46:05 | INFO     | [lf.day.start] Processing GIZ-CAI for 08JAN
2026-01-05 05:46:06 | WARNING  | [lf.day.no_flights] No direct flights on 08JAN
2026-01-05 05:46:06 | INFO     | [SUCCESS] Day 08JAN
2026-01-05 05:46:06 | INFO     | [DAY_START] Processing 07JAN
2026-01-05 05:46:06 | INFO     | [lf.day.start] Processing GIZ-CAI for 07JAN
2026-01-05 05:46:07 | WARNING  | [lf.day.no_flights] No direct flights on 07JAN
2026-01-05 05:46:07 | INFO     | [SUCCESS] Day 07JAN
2026-01-05 05:46:07 | INFO     | [DAY_START] Processing 06JAN
2026-01-05 05:46:07 | INFO     | [lf.day.start] Processing GIZ-CAI for 06JAN
2026-01-05 05:46:08 | WARNING  | [lf.day.no_flights] No direct flights on 06JAN
2026-01-05 05:46:08 | INFO     | [SUCCESS] Day 06JAN
2026-01-05 05:46:08 | INFO     | [SUCCESS] LF Search Complete
2026-01-05 05:46:10 | INFO     | [Worker_9233] Completed: GIZ-CAI - 8 results, 0 errors
2026-01-05 05:51:26 | INFO     | [Worker_9233] Shutdown signal received, exiting...
2026-01-05 05:51:26 | INFO     | [Worker_9233] Finished. Processed 6 groups.
