2026-01-05 05:42:16 | INFO     | ======================================================================
2026-01-05 05:42:16 | INFO     | Load Factor Scraper Started - Route: GIZ-CAI
2026-01-05 05:42:16 | INFO     | Log file: D:\CODERED\LAB\market_insights\outputs\run_generated_050126_at_05.36\logs\LF_GIZ-CAI_20260105_054216.log
2026-01-05 05:42:16 | INFO     | Enhanced logging: Capturing both logging.info() and print()
2026-01-05 05:42:16 | INFO     | ======================================================================
2026-01-05 05:42:16 | INFO     | Starting LF search for route: GIZ-CAI
2026-01-05 05:42:16 | INFO     | [START] LF Search
2026-01-05 05:42:18 | INFO     | [HEALTH CHECK] [OK] Chrome connection is healthy
2026-01-05 05:42:18 | INFO     | [DAY_START] Processing 22JAN
2026-01-05 05:42:18 | INFO     | [lf.day.start] Processing GIZ-CAI for 22JAN
2026-01-05 05:42:19 | WARNING  | [lf.day.no_flights] No direct flights on 22JAN
2026-01-05 05:42:20 | INFO     | [SUCCESS] Day 22JAN
2026-01-05 05:42:20 | INFO     | [DAY_START] Processing 21JAN
2026-01-05 05:42:20 | INFO     | [lf.day.start] Processing GIZ-CAI for 21JAN
2026-01-05 05:42:21 | WARNING  | [lf.day.no_flights] No direct flights on 21JAN
2026-01-05 05:42:21 | INFO     | [SUCCESS] Day 21JAN
2026-01-05 05:42:21 | INFO     | [DAY_START] Processing 20JAN
2026-01-05 05:42:21 | INFO     | [lf.day.start] Processing GIZ-CAI for 20JAN
2026-01-05 05:42:22 | WARNING  | [lf.day.no_flights] No direct flights on 20JAN
2026-01-05 05:42:23 | INFO     | [SUCCESS] Day 20JAN
2026-01-05 05:42:23 | INFO     | [DAY_START] Processing 19JAN
2026-01-05 05:42:23 | INFO     | [lf.day.start] Processing GIZ-CAI for 19JAN
2026-01-05 05:42:24 | WARNING  | [lf.day.no_flights] No direct flights on 19JAN
2026-01-05 05:42:24 | INFO     | [SUCCESS] Day 19JAN
2026-01-05 05:42:24 | INFO     | [DAY_START] Processing 18JAN
2026-01-05 05:42:24 | INFO     | [lf.day.start] Processing GIZ-CAI for 18JAN
2026-01-05 05:42:26 | INFO     | [lf.day.flights_found] Found 1 flights on 18JAN
2026-01-05 05:42:29 | INFO     | [lf.flight.extracted] SM330 on 18JAN: BKG=27, LF=15.4%
2026-01-05 05:42:34 | INFO     | [SUCCESS] Day 18JAN
2026-01-05 05:42:34 | INFO     | [DAY_START] Processing 17JAN
2026-01-05 05:42:34 | INFO     | [lf.day.start] Processing GIZ-CAI for 17JAN
2026-01-05 05:42:35 | WARNING  | [lf.day.no_flights] No direct flights on 17JAN
2026-01-05 05:42:35 | INFO     | [SUCCESS] Day 17JAN
2026-01-05 05:42:35 | INFO     | [DAY_START] Processing 16JAN
2026-01-05 05:42:35 | INFO     | [lf.day.start] Processing GIZ-CAI for 16JAN
2026-01-05 05:42:37 | INFO     | [lf.day.flights_found] Found 1 flights on 16JAN
2026-01-05 05:42:41 | INFO     | [lf.flight.extracted] SM330 on 16JAN: BKG=63, LF=36.0%
2026-01-05 05:42:46 | INFO     | [SUCCESS] Day 16JAN
2026-01-05 05:42:46 | INFO     | [DAY_START] Processing 15JAN
2026-01-05 05:42:46 | INFO     | [lf.day.start] Processing GIZ-CAI for 15JAN
2026-01-05 05:42:47 | WARNING  | [lf.day.no_flights] No direct flights on 15JAN
2026-01-05 05:42:47 | INFO     | [SUCCESS] Day 15JAN
2026-01-05 05:42:47 | INFO     | [DAY_START] Processing 14JAN
2026-01-05 05:42:47 | INFO     | [lf.day.start] Processing GIZ-CAI for 14JAN
2026-01-05 05:42:49 | WARNING  | [lf.day.no_flights] No direct flights on 14JAN
2026-01-05 05:42:49 | INFO     | [SUCCESS] Day 14JAN
2026-01-05 05:42:49 | INFO     | [SUCCESS] LF Search Complete
2026-01-05 05:42:51 | INFO     | [Worker_9232] Completed: GIZ-CAI - 9 results, 0 errors
2026-01-05 05:42:51 | INFO     | [Worker_9232] Processing: JED-CAI
2026-01-05 05:42:51 | INFO     |   Tier 0: Range 1, Chunk 3/3 (9 days)
