2026-01-05 05:39:56 | INFO     | ======================================================================
2026-01-05 05:39:56 | INFO     | Load Factor Scraper Started - Route: JED-ATZ
2026-01-05 05:39:56 | INFO     | Log file: D:\CODERED\LAB\market_insights\outputs\run_generated_050126_at_05.36\logs\LF_JED-ATZ_20260105_053956.log
2026-01-05 05:39:56 | INFO     | Enhanced logging: Capturing both logging.info() and print()
2026-01-05 05:39:56 | INFO     | ======================================================================
2026-01-05 05:39:56 | INFO     | Starting LF search for route: JED-ATZ
2026-01-05 05:39:56 | INFO     | [START] LF Search
2026-01-05 05:39:58 | INFO     | [HEALTH CHECK] [OK] Chrome connection is healthy
2026-01-05 05:39:58 | INFO     | [DAY_START] Processing 22JAN
2026-01-05 05:39:58 | INFO     | [lf.day.start] Processing JED-ATZ for 22JAN
2026-01-05 05:39:59 | INFO     | [lf.day.flights_found] Found 4 flights on 22JAN
2026-01-05 05:40:01 | INFO     | [lf.flight.extracted] SM422 on 22JAN: BKG=158, LF=90.3%
2026-01-05 05:40:05 | INFO     | [lf.flight.extracted] SM964 on 22JAN: BKG=34, LF=20.4%
2026-01-05 05:40:09 | INFO     | [lf.flight.extracted] SM454 on 22JAN: BKG=168, LF=96.0%
2026-01-05 05:40:13 | INFO     | [lf.flight.extracted] SM456 on 22JAN: BKG=43, LF=24.6%
2026-01-05 05:40:34 | INFO     | [SUCCESS] Day 22JAN
2026-01-05 05:40:34 | INFO     | [DAY_START] Processing 21JAN
2026-01-05 05:40:34 | INFO     | [lf.day.start] Processing JED-ATZ for 21JAN
2026-01-05 05:40:36 | INFO     | [lf.day.flights_found] Found 2 flights on 21JAN
2026-01-05 05:40:40 | INFO     | [lf.flight.extracted] SM454 on 21JAN: BKG=171, LF=97.7%
2026-01-05 05:40:44 | INFO     | [lf.flight.extracted] SM492 on 21JAN: BKG=171, LF=97.7%
2026-01-05 05:40:55 | INFO     | [SUCCESS] Day 21JAN
2026-01-05 05:40:55 | INFO     | [DAY_START] Processing 20JAN
2026-01-05 05:40:55 | INFO     | [lf.day.start] Processing JED-ATZ for 20JAN
2026-01-05 05:40:57 | INFO     | [lf.day.flights_found] Found 2 flights on 20JAN
2026-01-05 05:40:59 | INFO     | [lf.flight.extracted] SM454 on 20JAN: BKG=150, LF=85.7%
2026-01-05 05:41:03 | INFO     | [lf.flight.extracted] SM456 on 20JAN: BKG=168, LF=100.0%
2026-01-05 05:41:15 | INFO     | [SUCCESS] Day 20JAN
2026-01-05 05:41:15 | INFO     | [DAY_START] Processing 19JAN
2026-01-05 05:41:15 | INFO     | [lf.day.start] Processing JED-ATZ for 19JAN
2026-01-05 05:41:16 | INFO     | [lf.day.flights_found] Found 4 flights on 19JAN
2026-01-05 05:41:18 | INFO     | [lf.flight.extracted] SM492 on 19JAN: BKG=77, LF=44.0%
2026-01-05 05:41:22 | INFO     | [lf.flight.extracted] SM456 on 19JAN: BKG=34, LF=19.4%
2026-01-05 05:41:26 | INFO     | [lf.flight.extracted] SM422 on 19JAN: BKG=44, LF=25.1%
2026-01-05 05:41:30 | INFO     | [lf.flight.extracted] SM454 on 19JAN: BKG=129, LF=73.7%
2026-01-05 05:41:47 | INFO     | [SUCCESS] Day 19JAN
2026-01-05 05:41:47 | INFO     | [DAY_START] Processing 18JAN
2026-01-05 05:41:47 | INFO     | [lf.day.start] Processing JED-ATZ for 18JAN
2026-01-05 05:41:48 | INFO     | [lf.day.flights_found] Found 2 flights on 18JAN
2026-01-05 05:41:50 | INFO     | [lf.flight.extracted] SM492 on 18JAN: BKG=138, LF=78.9%
2026-01-05 05:41:53 | INFO     | [lf.flight.extracted] SM456 on 18JAN: BKG=87, LF=49.7%
2026-01-05 05:42:05 | INFO     | [SUCCESS] Day 18JAN
2026-01-05 05:42:05 | INFO     | [DAY_START] Processing 17JAN
2026-01-05 05:42:05 | INFO     | [lf.day.start] Processing JED-ATZ for 17JAN
2026-01-05 05:42:06 | INFO     | [lf.day.flights_found] Found 3 flights on 17JAN
2026-01-05 05:42:08 | INFO     | [lf.flight.extracted] SM492 on 17JAN: BKG=128, LF=73.1%
2026-01-05 05:42:11 | INFO     | [lf.flight.extracted] SM454 on 17JAN: BKG=66, LF=37.7%
2026-01-05 05:42:15 | INFO     | [lf.flight.extracted] SM456 on 17JAN: BKG=63, LF=36.0%
2026-01-05 05:42:34 | INFO     | [SUCCESS] Day 17JAN
2026-01-05 05:42:34 | INFO     | [DAY_START] Processing 16JAN
2026-01-05 05:42:34 | INFO     | [lf.day.start] Processing JED-ATZ for 16JAN
2026-01-05 05:42:36 | INFO     | [lf.day.flights_found] Found 1 flights on 16JAN
2026-01-05 05:42:40 | INFO     | [lf.flight.extracted] SM492 on 16JAN: BKG=81, LF=46.3%
2026-01-05 05:42:47 | INFO     | [SUCCESS] Day 16JAN
2026-01-05 05:42:47 | INFO     | [DAY_START] Processing 15JAN
2026-01-05 05:42:47 | INFO     | [lf.day.start] Processing JED-ATZ for 15JAN
2026-01-05 05:42:48 | INFO     | [lf.day.flights_found] Found 3 flights on 15JAN
2026-01-05 05:42:51 | INFO     | [lf.flight.extracted] SM422 on 15JAN: BKG=151, LF=86.3%
2026-01-05 05:42:57 | INFO     | [lf.flight.extracted] SM454 on 15JAN: BKG=142, LF=81.1%
2026-01-05 05:43:05 | INFO     | [lf.flight.extracted] SM456 on 15JAN: BKG=129, LF=73.7%
2026-01-05 05:43:24 | INFO     | [SUCCESS] Day 15JAN
2026-01-05 05:43:24 | INFO     | [DAY_START] Processing 14JAN
2026-01-05 05:43:24 | INFO     | [lf.day.start] Processing JED-ATZ for 14JAN
2026-01-05 05:43:25 | INFO     | [lf.day.flights_found] Found 2 flights on 14JAN
2026-01-05 05:43:28 | INFO     | [lf.flight.extracted] SM454 on 14JAN: BKG=179, LF=102.3%
2026-01-05 05:43:31 | INFO     | [lf.flight.extracted] SM492 on 14JAN: BKG=167, LF=95.4%
2026-01-05 05:44:00 | INFO     | [SUCCESS] Day 14JAN
2026-01-05 05:44:00 | INFO     | [SUCCESS] LF Search Complete
2026-01-05 05:44:02 | INFO     | [Worker_9233] Completed: JED-ATZ - 9 results, 0 errors
2026-01-05 05:44:02 | INFO     | [Worker_9233] Processing: RUH-ATZ
2026-01-05 05:44:02 | INFO     |   Tier 0: Range 1, Chunk 3/3 (9 days)
