2026-01-05 05:39:52 | INFO     | ======================================================================
2026-01-05 05:39:52 | INFO     | Load Factor Scraper Started - Route: JED-CAI
2026-01-05 05:39:52 | INFO     | Log file: D:\CODERED\LAB\market_insights\outputs\run_generated_050126_at_05.36\logs\LF_JED-CAI_20260105_053952.log
2026-01-05 05:39:52 | INFO     | Enhanced logging: Capturing both logging.info() and print()
2026-01-05 05:39:52 | INFO     | ======================================================================
2026-01-05 05:39:52 | INFO     | Starting LF search for route: JED-CAI
2026-01-05 05:39:52 | INFO     | [START] LF Search
2026-01-05 05:39:53 | INFO     | [HEALTH CHECK] [OK] Chrome connection is healthy
2026-01-05 05:39:53 | INFO     | [DAY_START] Processing 22JAN
2026-01-05 05:39:53 | INFO     | [lf.day.start] Processing JED-CAI for 22JAN
2026-01-05 05:39:54 | INFO     | [lf.day.flights_found] Found 7 flights on 22JAN
2026-01-05 05:39:57 | INFO     | [lf.flight.extracted] SM472 on 22JAN: BKG=6, LF=3.4%
2026-01-05 05:40:00 | INFO     | [lf.flight.extracted] SM450 on 22JAN: BKG=7, LF=4.2%
2026-01-05 05:40:04 | INFO     | [lf.flight.extracted] SM476 on 22JAN: BKG=12, LF=6.9%
2026-01-05 05:40:07 | INFO     | [lf.flight.extracted] SM432 on 22JAN: BKG=8, LF=4.6%
2026-01-05 05:40:11 | INFO     | [lf.flight.extracted] SM962 on 22JAN: BKG=15, LF=9.2%
2026-01-05 05:40:15 | INFO     | [lf.flight.extracted] SM478 on 22JAN: BKG=133, LF=76.0%
2026-01-05 05:40:18 | INFO     | [lf.flight.extracted] SM480 on 22JAN: BKG=148, LF=84.6%
2026-01-05 05:40:43 | INFO     | [SUCCESS] Day 22JAN
2026-01-05 05:40:43 | INFO     | [DAY_START] Processing 21JAN
2026-01-05 05:40:43 | INFO     | [lf.day.start] Processing JED-CAI for 21JAN
2026-01-05 05:40:44 | INFO     | [lf.day.flights_found] Found 4 flights on 21JAN
2026-01-05 05:40:46 | INFO     | [lf.flight.extracted] SM476 on 21JAN: BKG=45, LF=25.7%
2026-01-05 05:40:50 | INFO     | [lf.flight.extracted] SM478 on 21JAN: BKG=99, LF=56.6%
2026-01-05 05:40:53 | INFO     | [lf.flight.extracted] SM460 on 21JAN: BKG=155, LF=88.6%
2026-01-05 05:40:57 | INFO     | [lf.flight.extracted] SM424 on 21JAN: BKG=23, LF=13.1%
2026-01-05 05:41:13 | INFO     | [SUCCESS] Day 21JAN
2026-01-05 05:41:13 | INFO     | [DAY_START] Processing 20JAN
2026-01-05 05:41:13 | INFO     | [lf.day.start] Processing JED-CAI for 20JAN
2026-01-05 05:41:14 | INFO     | [lf.day.flights_found] Found 7 flights on 20JAN
2026-01-05 05:41:16 | INFO     | [lf.flight.extracted] SM472 on 20JAN: BKG=10, LF=5.7%
2026-01-05 05:41:19 | INFO     | [lf.flight.extracted] SM954 on 20JAN: BKG=8, LF=4.8%
2026-01-05 05:41:23 | INFO     | [lf.flight.extracted] SM480 on 20JAN: BKG=114, LF=65.1%
2026-01-05 05:41:27 | INFO     | [lf.flight.extracted] SM478 on 20JAN: BKG=145, LF=86.3%
2026-01-05 05:41:31 | INFO     | [lf.flight.extracted] SM460 on 20JAN: BKG=119, LF=68.0%
2026-01-05 05:41:35 | INFO     | [lf.flight.extracted] SM424 on 20JAN: BKG=14, LF=8.0%
2026-01-05 05:41:38 | INFO     | [lf.flight.extracted] SM476 on 20JAN: BKG=55, LF=31.4%
2026-01-05 05:42:00 | INFO     | [SUCCESS] Day 20JAN
2026-01-05 05:42:00 | INFO     | [DAY_START] Processing 19JAN
2026-01-05 05:42:00 | INFO     | [lf.day.start] Processing JED-CAI for 19JAN
2026-01-05 05:42:01 | INFO     | [lf.day.flights_found] Found 4 flights on 19JAN
2026-01-05 05:42:03 | INFO     | [lf.flight.extracted] SM480 on 19JAN: BKG=4, LF=2.3%
2026-01-05 05:42:06 | INFO     | [lf.flight.extracted] SM476 on 19JAN: BKG=138, LF=78.9%
2026-01-05 05:42:10 | INFO     | [lf.flight.extracted] SM478 on 19JAN: BKG=73, LF=41.7%
2026-01-05 05:42:14 | INFO     | [lf.flight.extracted] SM460 on 19JAN: BKG=117, LF=66.9%
2026-01-05 05:42:35 | INFO     | [SUCCESS] Day 19JAN
2026-01-05 05:42:35 | INFO     | [DAY_START] Processing 18JAN
2026-01-05 05:42:35 | INFO     | [lf.day.start] Processing JED-CAI for 18JAN
2026-01-05 05:42:37 | INFO     | [lf.day.flights_found] Found 5 flights on 18JAN
2026-01-05 05:42:40 | INFO     | [lf.flight.extracted] SM424 on 18JAN: BKG=111, LF=63.4%
2026-01-05 05:42:44 | INFO     | [lf.flight.extracted] SM476 on 18JAN: BKG=5, LF=2.9%
2026-01-05 05:42:49 | INFO     | [lf.flight.extracted] SM432 on 18JAN: BKG=52, LF=29.7%
2026-01-05 05:42:54 | INFO     | [lf.flight.extracted] SM460 on 18JAN: BKG=68, LF=38.9%
2026-01-05 05:43:00 | INFO     | [lf.flight.extracted] SM478 on 18JAN: BKG=167, LF=99.4%
2026-01-05 05:43:25 | INFO     | [SUCCESS] Day 18JAN
2026-01-05 05:43:25 | INFO     | [DAY_START] Processing 17JAN
2026-01-05 05:43:25 | INFO     | [lf.day.start] Processing JED-CAI for 17JAN
2026-01-05 05:43:27 | INFO     | [lf.day.flights_found] Found 3 flights on 17JAN
2026-01-05 05:43:29 | INFO     | [lf.flight.extracted] SM450 on 17JAN: BKG=22, LF=12.6%
2026-01-05 05:43:33 | INFO     | [lf.flight.extracted] SM476 on 17JAN: BKG=116, LF=66.3%
2026-01-05 05:43:37 | INFO     | [lf.flight.extracted] SM478 on 17JAN: BKG=119, LF=68.0%
2026-01-05 05:43:50 | INFO     | [SUCCESS] Day 17JAN
2026-01-05 05:43:50 | INFO     | [DAY_START] Processing 16JAN
2026-01-05 05:43:50 | INFO     | [lf.day.start] Processing JED-CAI for 16JAN
2026-01-05 05:43:51 | INFO     | [lf.day.flights_found] Found 6 flights on 16JAN
2026-01-05 05:43:53 | INFO     | [lf.flight.extracted] SM424 on 16JAN: BKG=15, LF=8.6%
2026-01-05 05:43:56 | INFO     | [lf.flight.extracted] SM476 on 16JAN: BKG=10, LF=5.7%
2026-01-05 05:44:00 | INFO     | [lf.flight.extracted] SM478 on 16JAN: BKG=27, LF=15.4%
2026-01-05 05:44:03 | INFO     | [lf.flight.extracted] SM480 on 16JAN: BKG=37, LF=21.1%
2026-01-05 05:44:06 | INFO     | [lf.flight.extracted] SM472 on 16JAN: BKG=105, LF=60.0%
2026-01-05 05:44:10 | INFO     | [lf.flight.extracted] SM460 on 16JAN: BKG=59, LF=33.7%
2026-01-05 05:44:27 | INFO     | [SUCCESS] Day 16JAN
2026-01-05 05:44:27 | INFO     | [DAY_START] Processing 15JAN
2026-01-05 05:44:27 | INFO     | [lf.day.start] Processing JED-CAI for 15JAN
2026-01-05 05:44:28 | INFO     | [lf.day.flights_found] Found 6 flights on 15JAN
2026-01-05 05:44:31 | INFO     | [lf.flight.extracted] SM472 on 15JAN: BKG=69, LF=39.4%
2026-01-05 05:44:34 | INFO     | [lf.flight.extracted] SM450 on 15JAN: BKG=10, LF=5.7%
2026-01-05 05:44:38 | INFO     | [lf.flight.extracted] SM476 on 15JAN: BKG=12, LF=6.9%
2026-01-05 05:44:41 | INFO     | [lf.flight.extracted] SM432 on 15JAN: BKG=8, LF=4.7%
2026-01-05 05:44:44 | INFO     | [lf.flight.extracted] SM478 on 15JAN: BKG=128, LF=73.1%
2026-01-05 05:44:48 | INFO     | [lf.flight.extracted] SM480 on 15JAN: BKG=136, LF=77.7%
2026-01-05 05:45:07 | INFO     | [SUCCESS] Day 15JAN
2026-01-05 05:45:07 | INFO     | [DAY_START] Processing 14JAN
2026-01-05 05:45:07 | INFO     | [lf.day.start] Processing JED-CAI for 14JAN
2026-01-05 05:45:08 | INFO     | [lf.day.flights_found] Found 4 flights on 14JAN
2026-01-05 05:45:10 | INFO     | [lf.flight.extracted] SM476 on 14JAN: BKG=87, LF=49.7%
2026-01-05 05:45:15 | INFO     | [lf.flight.extracted] SM478 on 14JAN: BKG=131, LF=74.9%
2026-01-05 05:45:19 | INFO     | [lf.flight.extracted] SM460 on 14JAN: BKG=154, LF=88.0%
2026-01-05 05:45:22 | INFO     | [lf.flight.extracted] SM424 on 14JAN: BKG=39, LF=22.3%
2026-01-05 05:45:40 | INFO     | [SUCCESS] Day 14JAN
2026-01-05 05:45:40 | INFO     | [SUCCESS] LF Search Complete
2026-01-05 05:45:42 | INFO     | [Worker_9234] Completed: JED-CAI - 9 results, 0 errors
2026-01-05 05:45:42 | INFO     | [Worker_9234] Processing: ELQ-ATZ
2026-01-05 05:45:42 | INFO     |   Tier 0: Range 1, Chunk 3/3 (9 days)
