2026-01-05 05:39:39 | INFO     | ======================================================================
2026-01-05 05:39:39 | INFO     | Load Factor Scraper Started - Route: MED-HBE
2026-01-05 05:39:39 | INFO     | Log file: D:\CODERED\LAB\market_insights\outputs\run_generated_050126_at_05.36\logs\LF_MED-HBE_20260105_053939.log
2026-01-05 05:39:39 | INFO     | Enhanced logging: Capturing both logging.info() and print()
2026-01-05 05:39:39 | INFO     | ======================================================================
2026-01-05 05:39:39 | INFO     | Starting LF search for route: MED-HBE
2026-01-05 05:39:39 | INFO     | [START] LF Search
2026-01-05 05:39:41 | INFO     | [HEALTH CHECK] [OK] Chrome connection is healthy
2026-01-05 05:39:41 | INFO     | [DAY_START] Processing 22JAN
2026-01-05 05:39:41 | INFO     | [lf.day.start] Processing MED-HBE for 22JAN
2026-01-05 05:39:43 | INFO     | [lf.day.flights_found] Found 1 flights on 22JAN
2026-01-05 05:39:45 | INFO     | [lf.flight.extracted] SM486 on 22JAN: BKG=163, LF=94.8%
2026-01-05 05:39:50 | INFO     | [SUCCESS] Day 22JAN
2026-01-05 05:39:50 | INFO     | [DAY_START] Processing 21JAN
2026-01-05 05:39:50 | INFO     | [lf.day.start] Processing MED-HBE for 21JAN
2026-01-05 05:39:51 | INFO     | [lf.day.flights_found] Found 1 flights on 21JAN
2026-01-05 05:39:53 | INFO     | [lf.flight.extracted] SM486 on 21JAN: BKG=116, LF=67.4%
2026-01-05 05:39:59 | INFO     | [SUCCESS] Day 21JAN
2026-01-05 05:39:59 | INFO     | [DAY_START] Processing 20JAN
2026-01-05 05:39:59 | INFO     | [lf.day.start] Processing MED-HBE for 20JAN
2026-01-05 05:40:00 | INFO     | [lf.day.flights_found] Found 1 flights on 20JAN
2026-01-05 05:40:02 | INFO     | [lf.flight.extracted] SM486 on 20JAN: BKG=156, LF=90.7%
2026-01-05 05:40:08 | INFO     | [SUCCESS] Day 20JAN
2026-01-05 05:40:08 | INFO     | [DAY_START] Processing 19JAN
2026-01-05 05:40:08 | INFO     | [lf.day.start] Processing MED-HBE for 19JAN
2026-01-05 05:40:10 | WARNING  | [lf.day.no_flights] No direct flights on 19JAN
2026-01-05 05:40:10 | INFO     | [SUCCESS] Day 19JAN
2026-01-05 05:40:10 | INFO     | [DAY_START] Processing 18JAN
2026-01-05 05:40:10 | INFO     | [lf.day.start] Processing MED-HBE for 18JAN
2026-01-05 05:40:11 | INFO     | [lf.day.flights_found] Found 1 flights on 18JAN
2026-01-05 05:40:13 | INFO     | [lf.flight.extracted] SM486 on 18JAN: BKG=132, LF=76.7%
2026-01-05 05:40:19 | INFO     | [SUCCESS] Day 18JAN
2026-01-05 05:40:19 | INFO     | [DAY_START] Processing 17JAN
2026-01-05 05:40:19 | INFO     | [lf.day.start] Processing MED-HBE for 17JAN
2026-01-05 05:40:20 | WARNING  | [lf.day.no_flights] No direct flights on 17JAN
2026-01-05 05:40:21 | INFO     | [SUCCESS] Day 17JAN
2026-01-05 05:40:21 | INFO     | [DAY_START] Processing 16JAN
2026-01-05 05:40:21 | INFO     | [lf.day.start] Processing MED-HBE for 16JAN
2026-01-05 05:40:22 | WARNING  | [lf.day.no_flights] No direct flights on 16JAN
2026-01-05 05:40:22 | INFO     | [SUCCESS] Day 16JAN
2026-01-05 05:40:22 | INFO     | [DAY_START] Processing 15JAN
2026-01-05 05:40:22 | INFO     | [lf.day.start] Processing MED-HBE for 15JAN
2026-01-05 05:40:23 | INFO     | [lf.day.flights_found] Found 1 flights on 15JAN
2026-01-05 05:40:25 | INFO     | [lf.flight.extracted] SM486 on 15JAN: BKG=121, LF=70.3%
2026-01-05 05:40:35 | INFO     | [SUCCESS] Day 15JAN
2026-01-05 05:40:35 | INFO     | [DAY_START] Processing 14JAN
2026-01-05 05:40:35 | INFO     | [lf.day.start] Processing MED-HBE for 14JAN
2026-01-05 05:40:37 | INFO     | [lf.day.flights_found] Found 1 flights on 14JAN
2026-01-05 05:40:40 | INFO     | [lf.flight.extracted] SM486 on 14JAN: BKG=151, LF=87.8%
2026-01-05 05:40:47 | INFO     | [SUCCESS] Day 14JAN
2026-01-05 05:40:47 | INFO     | [SUCCESS] LF Search Complete
2026-01-05 05:40:49 | INFO     | [Worker_9225] Completed: MED-HBE - 9 results, 0 errors
2026-01-05 05:40:49 | INFO     | [Worker_9225] Processing: RUH-ATZ
2026-01-05 05:40:49 | INFO     |   Tier 0: Range 1, Chunk 2/3 (9 days)
