2026-01-05 05:39:29 | INFO     | ======================================================================
2026-01-05 05:39:29 | INFO     | Load Factor Scraper Started - Route: MED-CAI
2026-01-05 05:39:29 | INFO     | Log file: D:\CODERED\LAB\market_insights\outputs\run_generated_050126_at_05.36\logs\LF_MED-CAI_20260105_053929.log
2026-01-05 05:39:29 | INFO     | Enhanced logging: Capturing both logging.info() and print()
2026-01-05 05:39:29 | INFO     | ======================================================================
2026-01-05 05:39:29 | INFO     | Starting LF search for route: MED-CAI
2026-01-05 05:39:29 | INFO     | [START] LF Search
2026-01-05 05:39:30 | INFO     | [HEALTH CHECK] [OK] Chrome connection is healthy
2026-01-05 05:39:31 | INFO     | [DAY_START] Processing 22JAN
2026-01-05 05:39:31 | INFO     | [lf.day.start] Processing MED-CAI for 22JAN
2026-01-05 05:39:32 | INFO     | [lf.day.flights_found] Found 1 flights on 22JAN
2026-01-05 05:39:35 | INFO     | [lf.flight.extracted] SM494 on 22JAN: BKG=168, LF=96.0%
2026-01-05 05:39:43 | INFO     | [SUCCESS] Day 22JAN
2026-01-05 05:39:43 | INFO     | [DAY_START] Processing 21JAN
2026-01-05 05:39:43 | INFO     | [lf.day.start] Processing MED-CAI for 21JAN
2026-01-05 05:39:45 | WARNING  | [lf.day.no_flights] No direct flights on 21JAN
2026-01-05 05:39:45 | INFO     | [SUCCESS] Day 21JAN
2026-01-05 05:39:45 | INFO     | [DAY_START] Processing 20JAN
2026-01-05 05:39:45 | INFO     | [lf.day.start] Processing MED-CAI for 20JAN
2026-01-05 05:39:46 | INFO     | [lf.day.flights_found] Found 2 flights on 20JAN
2026-01-05 05:39:48 | INFO     | [lf.flight.extracted] SM496 on 20JAN: BKG=143, LF=81.7%
2026-01-05 05:39:52 | INFO     | [lf.flight.extracted] SM494 on 20JAN: BKG=121, LF=69.1%
2026-01-05 05:40:04 | INFO     | [SUCCESS] Day 20JAN
2026-01-05 05:40:04 | INFO     | [DAY_START] Processing 19JAN
2026-01-05 05:40:04 | INFO     | [lf.day.start] Processing MED-CAI for 19JAN
2026-01-05 05:40:05 | WARNING  | [lf.day.no_flights] No direct flights on 19JAN
2026-01-05 05:40:05 | INFO     | [SUCCESS] Day 19JAN
2026-01-05 05:40:05 | INFO     | [DAY_START] Processing 18JAN
2026-01-05 05:40:05 | INFO     | [lf.day.start] Processing MED-CAI for 18JAN
2026-01-05 05:40:06 | INFO     | [lf.day.flights_found] Found 1 flights on 18JAN
2026-01-05 05:40:09 | INFO     | [lf.flight.extracted] SM494 on 18JAN: BKG=118, LF=67.4%
2026-01-05 05:40:14 | ERROR    | Atomic write failed for D:\CODERED\LAB\market_insights\outputs\run_generated_050126_at_05.36\checkpoints\flight_booking_data.json: [WinError 5] Access is denied: 'D:\\CODERED\\LAB\\market_insights\\outputs\\run_generated_050126_at_05.36\\checkpoints\\flight_booking_data.tmp_9f82d9c7' -> 'D:\\CODERED\\LAB\\market_insights\\outputs\\run_generated_050126_at_05.36\\checkpoints\\flight_booking_data.json'
2026-01-05 05:40:15 | INFO     | [SUCCESS] Day 18JAN
2026-01-05 05:40:15 | INFO     | [DAY_START] Processing 17JAN
2026-01-05 05:40:15 | INFO     | [lf.day.start] Processing MED-CAI for 17JAN
2026-01-05 05:40:16 | INFO     | [lf.day.flights_found] Found 1 flights on 17JAN
2026-01-05 05:40:18 | INFO     | [lf.flight.extracted] SM494 on 17JAN: BKG=138, LF=78.9%
2026-01-05 05:40:24 | INFO     | [SUCCESS] Day 17JAN
2026-01-05 05:40:24 | INFO     | [DAY_START] Processing 16JAN
2026-01-05 05:40:24 | INFO     | [lf.day.start] Processing MED-CAI for 16JAN
2026-01-05 05:40:25 | WARNING  | [lf.day.no_flights] No direct flights on 16JAN
2026-01-05 05:40:25 | INFO     | [SUCCESS] Day 16JAN
2026-01-05 05:40:25 | INFO     | [DAY_START] Processing 15JAN
2026-01-05 05:40:25 | INFO     | [lf.day.start] Processing MED-CAI for 15JAN
2026-01-05 05:40:27 | INFO     | [lf.day.flights_found] Found 2 flights on 15JAN
2026-01-05 05:40:30 | INFO     | [lf.flight.extracted] SM972 on 15JAN: BKG=108, LF=61.7%
2026-01-05 05:40:35 | INFO     | [lf.flight.extracted] SM494 on 15JAN: BKG=167, LF=93.8%
2026-01-05 05:41:15 | INFO     | [SUCCESS] Day 15JAN
2026-01-05 05:41:15 | INFO     | [DAY_START] Processing 14JAN
2026-01-05 05:41:15 | INFO     | [lf.day.start] Processing MED-CAI for 14JAN
2026-01-05 05:41:16 | WARNING  | [lf.day.no_flights] No direct flights on 14JAN
2026-01-05 05:41:16 | INFO     | [SUCCESS] Day 14JAN
2026-01-05 05:41:16 | INFO     | [SUCCESS] LF Search Complete
2026-01-05 05:41:18 | INFO     | [Worker_9223] Completed: MED-CAI - 9 results, 0 errors
2026-01-05 05:41:18 | INFO     | [Worker_9223] Processing: DMM-ATZ
2026-01-05 05:41:18 | INFO     |   Tier 0: Range 1, Chunk 2/3 (9 days)
