2026-01-05 05:40:36 | INFO     | ======================================================================
2026-01-05 05:40:36 | INFO     | Load Factor Scraper Started - Route: RUH-CAI
2026-01-05 05:40:36 | INFO     | Log file: D:\CODERED\LAB\market_insights\outputs\run_generated_050126_at_05.36\logs\LF_RUH-CAI_20260105_054036.log
2026-01-05 05:40:36 | INFO     | Enhanced logging: Capturing both logging.info() and print()
2026-01-05 05:40:36 | INFO     | ======================================================================
2026-01-05 05:40:36 | INFO     | Starting LF search for route: RUH-CAI
2026-01-05 05:40:36 | INFO     | [START] LF Search
2026-01-05 05:40:38 | INFO     | [HEALTH CHECK] [OK] Chrome connection is healthy
2026-01-05 05:40:39 | INFO     | [DAY_START] Processing 22JAN
2026-01-05 05:40:39 | INFO     | [lf.day.start] Processing RUH-CAI for 22JAN
2026-01-05 05:40:40 | INFO     | [lf.day.flights_found] Found 1 flights on 22JAN
2026-01-05 05:40:43 | INFO     | [lf.flight.extracted] SM462 on 22JAN: BKG=28, LF=16.0%
2026-01-05 05:40:46 | INFO     | [SUCCESS] Day 22JAN
2026-01-05 05:40:46 | INFO     | [DAY_START] Processing 21JAN
2026-01-05 05:40:46 | INFO     | [lf.day.start] Processing RUH-CAI for 21JAN
2026-01-05 05:40:48 | INFO     | [lf.day.flights_found] Found 2 flights on 21JAN
2026-01-05 05:40:50 | INFO     | [lf.flight.extracted] SM462 on 21JAN: BKG=30, LF=17.1%
2026-01-05 05:40:53 | INFO     | [lf.flight.extracted] SM470 on 21JAN: BKG=12, LF=7.2%
2026-01-05 05:40:59 | INFO     | [SUCCESS] Day 21JAN
2026-01-05 05:40:59 | INFO     | [DAY_START] Processing 20JAN
2026-01-05 05:40:59 | INFO     | [lf.day.start] Processing RUH-CAI for 20JAN
2026-01-05 05:41:00 | INFO     | [lf.day.flights_found] Found 1 flights on 20JAN
2026-01-05 05:41:02 | INFO     | [lf.flight.extracted] SM470 on 20JAN: BKG=42, LF=25.1%
2026-01-05 05:41:08 | INFO     | [SUCCESS] Day 20JAN
2026-01-05 05:41:08 | INFO     | [DAY_START] Processing 19JAN
2026-01-05 05:41:08 | INFO     | [lf.day.start] Processing RUH-CAI for 19JAN
2026-01-05 05:41:09 | INFO     | [lf.day.flights_found] Found 1 flights on 19JAN
2026-01-05 05:41:12 | INFO     | [lf.flight.extracted] SM470 on 19JAN: BKG=14, LF=8.4%
2026-01-05 05:41:15 | ERROR    | Atomic write failed for D:\CODERED\LAB\market_insights\outputs\run_generated_050126_at_05.36\checkpoints\flight_booking_data.json: [WinError 5] Access is denied: 'D:\\CODERED\\LAB\\market_insights\\outputs\\run_generated_050126_at_05.36\\checkpoints\\flight_booking_data.tmp_55a80bc8' -> 'D:\\CODERED\\LAB\\market_insights\\outputs\\run_generated_050126_at_05.36\\checkpoints\\flight_booking_data.json'
2026-01-05 05:41:15 | INFO     | [SUCCESS] Day 19JAN
2026-01-05 05:41:15 | INFO     | [DAY_START] Processing 18JAN
2026-01-05 05:41:15 | INFO     | [lf.day.start] Processing RUH-CAI for 18JAN
2026-01-05 05:41:16 | INFO     | [lf.day.flights_found] Found 1 flights on 18JAN
2026-01-05 05:41:18 | INFO     | [lf.flight.extracted] SM462 on 18JAN: BKG=29, LF=17.4%
2026-01-05 05:41:22 | INFO     | [SUCCESS] Day 18JAN
2026-01-05 05:41:22 | INFO     | [DAY_START] Processing 17JAN
2026-01-05 05:41:22 | INFO     | [lf.day.start] Processing RUH-CAI for 17JAN
2026-01-05 05:41:23 | INFO     | [lf.day.flights_found] Found 1 flights on 17JAN
2026-01-05 05:41:25 | INFO     | [lf.flight.extracted] SM462 on 17JAN: BKG=15, LF=8.6%
2026-01-05 05:41:30 | INFO     | [SUCCESS] Day 17JAN
2026-01-05 05:41:30 | INFO     | [DAY_START] Processing 16JAN
2026-01-05 05:41:30 | INFO     | [lf.day.start] Processing RUH-CAI for 16JAN
2026-01-05 05:41:31 | INFO     | [lf.day.flights_found] Found 2 flights on 16JAN
2026-01-05 05:41:33 | INFO     | [lf.flight.extracted] SM462 on 16JAN: BKG=29, LF=16.6%
2026-01-05 05:41:37 | INFO     | [lf.flight.extracted] SM470 on 16JAN: BKG=21, LF=12.6%
2026-01-05 05:41:45 | INFO     | [SUCCESS] Day 16JAN
2026-01-05 05:41:45 | INFO     | [DAY_START] Processing 15JAN
2026-01-05 05:41:45 | INFO     | [lf.day.start] Processing RUH-CAI for 15JAN
2026-01-05 05:41:46 | INFO     | [lf.day.flights_found] Found 1 flights on 15JAN
2026-01-05 05:41:48 | INFO     | [lf.flight.extracted] SM462 on 15JAN: BKG=18, LF=10.3%
2026-01-05 05:41:51 | INFO     | [SUCCESS] Day 15JAN
2026-01-05 05:41:51 | INFO     | [DAY_START] Processing 14JAN
2026-01-05 05:41:51 | INFO     | [lf.day.start] Processing RUH-CAI for 14JAN
2026-01-05 05:41:52 | INFO     | [lf.day.flights_found] Found 1 flights on 14JAN
2026-01-05 05:41:54 | INFO     | [lf.flight.extracted] SM470 on 14JAN: BKG=31, LF=18.6%
2026-01-05 05:41:57 | INFO     | [SUCCESS] Day 14JAN
2026-01-05 05:41:57 | INFO     | [SUCCESS] LF Search Complete
2026-01-05 05:41:59 | INFO     | [Worker_9227] Completed: RUH-CAI - 9 results, 0 errors
2026-01-05 05:41:59 | INFO     | [Worker_9227] Processing: AHB-CAI
2026-01-05 05:41:59 | INFO     |   Tier 0: Range 1, Chunk 2/3 (9 days)
