2026-01-05 05:41:32 | INFO     | ======================================================================
2026-01-05 05:41:32 | INFO     | Load Factor Scraper Started - Route: TUU-ATZ
2026-01-05 05:41:32 | INFO     | Log file: D:\CODERED\LAB\market_insights\outputs\run_generated_050126_at_05.36\logs\LF_TUU-ATZ_20260105_054132.log
2026-01-05 05:41:32 | INFO     | Enhanced logging: Capturing both logging.info() and print()
2026-01-05 05:41:32 | INFO     | ======================================================================
2026-01-05 05:41:32 | INFO     | Starting LF search for route: TUU-ATZ
2026-01-05 05:41:32 | INFO     | [START] LF Search
2026-01-05 05:41:34 | INFO     | [HEALTH CHECK] [OK] Chrome connection is healthy
2026-01-05 05:41:34 | INFO     | [DAY_START] Processing 22JAN
2026-01-05 05:41:34 | INFO     | [lf.day.start] Processing TUU-ATZ for 22JAN
2026-01-05 05:41:35 | WARNING  | [lf.day.no_flights] No direct flights on 22JAN
2026-01-05 05:41:35 | INFO     | [SUCCESS] Day 22JAN
2026-01-05 05:41:35 | INFO     | [DAY_START] Processing 21JAN
2026-01-05 05:41:35 | INFO     | [lf.day.start] Processing TUU-ATZ for 21JAN
2026-01-05 05:41:36 | WARNING  | [lf.day.no_flights] No direct flights on 21JAN
2026-01-05 05:41:36 | INFO     | [SUCCESS] Day 21JAN
2026-01-05 05:41:36 | INFO     | [DAY_START] Processing 20JAN
2026-01-05 05:41:36 | INFO     | [lf.day.start] Processing TUU-ATZ for 20JAN
2026-01-05 05:41:37 | WARNING  | [lf.day.no_flights] No direct flights on 20JAN
2026-01-05 05:41:38 | INFO     | [SUCCESS] Day 20JAN
2026-01-05 05:41:38 | INFO     | [DAY_START] Processing 19JAN
2026-01-05 05:41:38 | INFO     | [lf.day.start] Processing TUU-ATZ for 19JAN
2026-01-05 05:41:39 | WARNING  | [lf.day.no_flights] No direct flights on 19JAN
2026-01-05 05:41:39 | INFO     | [SUCCESS] Day 19JAN
2026-01-05 05:41:39 | INFO     | [DAY_START] Processing 18JAN
2026-01-05 05:41:39 | INFO     | [lf.day.start] Processing TUU-ATZ for 18JAN
2026-01-05 05:41:40 | WARNING  | [lf.day.no_flights] No direct flights on 18JAN
2026-01-05 05:41:40 | INFO     | [SUCCESS] Day 18JAN
2026-01-05 05:41:40 | INFO     | [DAY_START] Processing 17JAN
2026-01-05 05:41:40 | INFO     | [lf.day.start] Processing TUU-ATZ for 17JAN
2026-01-05 05:41:41 | WARNING  | [lf.day.no_flights] No direct flights on 17JAN
2026-01-05 05:41:41 | INFO     | [SUCCESS] Day 17JAN
2026-01-05 05:41:41 | INFO     | [DAY_START] Processing 16JAN
2026-01-05 05:41:41 | INFO     | [lf.day.start] Processing TUU-ATZ for 16JAN
2026-01-05 05:41:42 | INFO     | [lf.day.flights_found] Found 1 flights on 16JAN
2026-01-05 05:41:44 | INFO     | [lf.flight.extracted] SM328 on 16JAN: BKG=53, LF=30.3%
2026-01-05 05:41:48 | INFO     | [SUCCESS] Day 16JAN
2026-01-05 05:41:48 | INFO     | [DAY_START] Processing 15JAN
2026-01-05 05:41:48 | INFO     | [lf.day.start] Processing TUU-ATZ for 15JAN
2026-01-05 05:41:49 | WARNING  | [lf.day.no_flights] No direct flights on 15JAN
2026-01-05 05:41:50 | INFO     | [SUCCESS] Day 15JAN
2026-01-05 05:41:50 | INFO     | [DAY_START] Processing 14JAN
2026-01-05 05:41:50 | INFO     | [lf.day.start] Processing TUU-ATZ for 14JAN
2026-01-05 05:41:51 | WARNING  | [lf.day.no_flights] No direct flights on 14JAN
2026-01-05 05:41:51 | INFO     | [SUCCESS] Day 14JAN
2026-01-05 05:41:51 | INFO     | [SUCCESS] LF Search Complete
2026-01-05 05:41:53 | INFO     | [Worker_9225] Completed: TUU-ATZ - 9 results, 0 errors
2026-01-05 05:41:53 | INFO     | [Worker_9225] Processing: YNB-CAI
2026-01-05 05:41:53 | INFO     |   Tier 0: Range 1, Chunk 2/3 (9 days)
