2026-01-03 05:23:26,420 | INFO     | [Worker_9225] Completed: MED-CAI - 5 results, 0 errors
2026-01-03 05:23:26,422 | INFO     | [Worker_9225] Processing: MED-CAI
2026-01-03 05:23:26,422 | INFO     |   Tier 0: Range 2, Chunk 2/3 (4 days)
2026-01-03 05:23:44,142 | INFO     | [Worker_9225] Completed: MED-CAI - 4 results, 0 errors
2026-01-03 05:23:44,143 | INFO     | [Worker_9225] Processing: JED-ATZ
2026-01-03 05:23:44,143 | INFO     |   Tier 0: Range 2, Chunk 2/3 (4 days)
2026-01-03 05:24:51,882 | INFO     | [Worker_9225] Completed: JED-ATZ - 4 results, 0 errors
2026-01-03 05:24:51,883 | INFO     | [Worker_9225] Processing: ATZ-TUU
2026-01-03 05:24:51,883 | INFO     |   Tier 0: Range 2, Chunk 2/3 (4 days)
2026-01-03 05:25:03,915 | INFO     | [Worker_9225] Completed: ATZ-TUU - 4 results, 0 errors
2026-01-03 05:25:03,917 | INFO     | [Worker_9225] Processing: MED-HBE
2026-01-03 05:25:03,917 | INFO     |   Tier 0: Range 2, Chunk 3/3 (4 days)
2026-01-03 05:25:29,860 | INFO     | [Worker_9225] Completed: MED-HBE - 4 results, 0 errors
2026-01-03 05:25:29,861 | INFO     | [Worker_9225] Processing: TUU-ATZ
2026-01-03 05:25:29,861 | INFO     |   Tier 0: Range 2, Chunk 3/3 (4 days)
2026-01-03 05:25:38,101 | INFO     | [Worker_9225] Completed: TUU-ATZ - 4 results, 0 errors
2026-01-03 05:25:38,102 | INFO     | [Worker_9225] Processing: HBE-MED
2026-01-03 05:25:38,102 | INFO     |   Tier 0: Range 2, Chunk 3/3 (4 days)
2026-01-03 05:26:05,750 | INFO     | [Worker_9225] Completed: HBE-MED - 4 results, 0 errors
2026-01-03 05:26:05,752 | INFO     | [Worker_9225] Processing: CAI-TUU
2026-01-03 05:26:05,753 | INFO     |   Tier 0: Range 2, Chunk 3/3 (4 days)
2026-01-03 05:26:26,052 | INFO     | [Worker_9225] Completed: CAI-TUU - 4 results, 0 errors
2026-01-03 05:26:26,056 | INFO     | [Worker_9225] Processing: MED-HBE
2026-01-03 05:26:26,056 | INFO     |   Tier 0: Range 1, Chunk 1/3 (6 days)
2026-01-03 05:27:06,748 | INFO     | [Worker_9225] Completed: MED-HBE - 6 results, 0 errors
2026-01-03 05:27:06,749 | INFO     | [Worker_9225] Processing: TUU-CAI
2026-01-03 05:27:06,749 | INFO     |   Tier 0: Range 1, Chunk 1/3 (6 days)
2026-01-03 05:27:31,461 | INFO     | [Worker_9225] Completed: TUU-CAI - 6 results, 0 errors
2026-01-03 05:27:31,462 | INFO     | [Worker_9225] Processing: HBE-JED
2026-01-03 05:27:31,462 | INFO     |   Tier 0: Range 1, Chunk 1/3 (6 days)
2026-01-03 05:28:40,321 | INFO     | [Worker_9225] Completed: HBE-JED - 6 results, 0 errors
2026-01-03 05:28:40,322 | INFO     | [Worker_9225] Processing: JED-HBE
2026-01-03 05:28:40,322 | INFO     |   Tier 0: Range 1, Chunk 2/3 (5 days)
2026-01-03 05:29:49,019 | INFO     | [Worker_9225] Completed: JED-HBE - 5 results, 0 errors
2026-01-03 05:29:49,020 | INFO     | [Worker_9225] Processing: CAI-TUU
2026-01-03 05:29:49,020 | INFO     |   Tier 0: Range 1, Chunk 2/3 (5 days)
2026-01-03 05:30:10,001 | INFO     | [Worker_9225] Completed: CAI-TUU - 5 results, 0 errors
2026-01-03 05:30:10,001 | INFO     | [Worker_9225] Processing: MED-HBE
2026-01-03 05:30:10,002 | INFO     |   Tier 0: Range 1, Chunk 3/3 (5 days)
2026-01-03 05:30:37,936 | INFO     | [Worker_9225] Completed: MED-HBE - 4 results, 0 errors
2026-01-03 05:30:37,937 | INFO     | [Worker_9225] Processing: JED-ATZ
2026-01-03 05:30:37,937 | INFO     |   Tier 0: Range 1, Chunk 3/3 (5 days)
2026-01-03 05:32:01,729 | INFO     | [Worker_9225] Completed: JED-ATZ - 4 results, 0 errors
2026-01-03 05:37:57,163 | INFO     | [Worker_9225] Processing: JED-HBE
2026-01-03 05:37:57,163 | INFO     |   Tier 0: Range 2, Chunk 1/3 (5 days)
2026-01-03 05:38:56,872 | INFO     | [Worker_9225] Completed: JED-HBE - 5 results, 0 errors
2026-01-03 05:39:01,874 | INFO     | [Worker_9225] Shutdown signal received, exiting...
2026-01-03 05:39:01,874 | INFO     | [Worker_9225] Finished. Processed 16 groups.
