2026-01-03 05:23:06,696 | INFO     | [Worker_9226] Completed: TUU-ATZ - 5 results, 0 errors
2026-01-03 05:23:06,698 | INFO     | [Worker_9226] Processing: CAI-JED
2026-01-03 05:23:06,699 | INFO     |   Tier 0: Range 2, Chunk 1/3 (5 days)
2026-01-03 05:25:26,367 | INFO     | [Worker_9226] Completed: CAI-JED - 5 results, 0 errors
2026-01-03 05:25:26,368 | INFO     | [Worker_9226] Processing: TUU-CAI
2026-01-03 05:25:26,368 | INFO     |   Tier 0: Range 2, Chunk 3/3 (4 days)
2026-01-03 05:25:44,385 | INFO     | [Worker_9226] Completed: TUU-CAI - 4 results, 0 errors
2026-01-03 05:25:44,386 | INFO     | [Worker_9226] Processing: CAI-JED
2026-01-03 05:25:44,386 | INFO     |   Tier 0: Range 2, Chunk 3/3 (4 days)
2026-01-03 05:28:16,040 | INFO     | [Worker_9226] Completed: CAI-JED - 4 results, 0 errors
2026-01-03 05:28:16,042 | INFO     | [Worker_9226] Processing: MED-CAI
2026-01-03 05:28:16,042 | INFO     |   Tier 0: Range 1, Chunk 2/3 (5 days)
2026-01-03 05:28:48,188 | INFO     | [Worker_9226] Completed: MED-CAI - 5 results, 0 errors
2026-01-03 05:28:48,189 | INFO     | [Worker_9226] Processing: TUU-CAI
2026-01-03 05:28:48,189 | INFO     |   Tier 0: Range 1, Chunk 2/3 (5 days)
2026-01-03 05:29:06,830 | INFO     | [Worker_9226] Completed: TUU-CAI - 5 results, 0 errors
2026-01-03 05:29:06,833 | INFO     | [Worker_9226] Processing: CAI-JED
2026-01-03 05:29:06,833 | INFO     |   Tier 0: Range 1, Chunk 2/3 (5 days)
2026-01-03 05:31:46,367 | INFO     | [Worker_9226] Completed: CAI-JED - 5 results, 0 errors
2026-01-03 05:31:46,368 | INFO     | [Worker_9226] Processing: ATZ-TUU
2026-01-03 05:31:46,368 | INFO     |   Tier 0: Range 1, Chunk 3/3 (5 days)
2026-01-03 05:31:53,790 | INFO     | [Worker_9226] Completed: ATZ-TUU - 4 results, 0 errors
2026-01-03 05:38:59,522 | INFO     | [Worker_9226] Shutdown signal received, exiting...
2026-01-03 05:38:59,522 | INFO     | [Worker_9226] Finished. Processed 8 groups.
