
============================================================
     LF WORKER - PORT 9226
============================================================
Worker: Worker_9226
Status: READY
Waiting for tasks...
============================================================


============================================================
[Worker_9226] Processing: TUU-ATZ
  Tier 0: Range 2, Chunk 1/3
  Dates: 5 days
  Date Range: 2026-01-31 to 2026-01-27
============================================================

2026-01-03 05:22:44 | INFO     | ======================================================================
2026-01-03 05:22:44 | INFO     | Load Factor Scraper Started - Route: TUU-ATZ
2026-01-03 05:22:44 | INFO     | Log file: D:\CODERED\LAB\market_insights\outputs\run_generated_030126_at_05.10\logs\LF_TUU-ATZ_20260103_052244.log
2026-01-03 05:22:44 | INFO     | Enhanced logging: Capturing both logging.info() and print()
2026-01-03 05:22:44 | INFO     | ======================================================================
[LF] Processing dates (override): ['31JAN', '30JAN', '29JAN', '28JAN', '27JAN']
[LF] Attaching to Chrome for Altea access
[LF][[OK] SUCCESS] Connected to Chrome on 127.0.0.1:9226 (after 1 attempts)
[LF][[OK] SUCCESS] Found Amadeus Altea window: Altéa Reservation Desktop
[LF][[INFO] INFO] URL: https://tc212.resdesktop.altea.amadeus.com/app_ard/apf/init/login?SITE=ESMPESMP&LANGUAGE=GB&MARKETS=ARDW_PROD_WBP&ACTION=clpLogin
[LF] Processing TUU-ATZ for 31JAN
[LF][ERROR] Amadeus command error detected: UNKNOWN TRANSACTION
[LF][ERROR] Command: SN31JANTUUATZ/ASM
[LF][RESYNC] Triggering immediate resync to last successful SN command
============================================================
[LF][RESYNC] Command 'SN31JANTUUATZ/ASM' failed: TECH_ERROR:UNKNOWN TRANSACTION
[LF][RESYNC] Re-running entire day from SN command for TUU-ATZ 31JAN
[LF][RESYNC] Attempt 1/50 (waiting 1.0s before retry...)
============================================================
[LF][RESYNC] Sending IG to clear session state...
[LF][RESYNC] Session cleared with IG
[LF] Processing TUU-ATZ for 31JAN
[LF] No direct flights on 31JAN for TUU-ATZ
[LF] Processing TUU-ATZ for 30JAN
[LF] 30JAN: found 1 direct flights
[LF] SM328 30JAN: BKG=44, GRP=0, CAP=175, LF%=25.1%, Brd-Off=TUU-ATZ, Classes: I:10, O:10, U:20, X:4
[LF] Getting WEEKLY/LASTSOLD data for 1 flights
[LF] SM328 30JAN: LASTSOLD=2026-01-01 00:00:00, WEEKLY=10, TODAY=0, YDAY=0
[LF] Processing TUU-ATZ for 29JAN
[LF] No direct flights on 29JAN for TUU-ATZ
[LF] Processing TUU-ATZ for 28JAN
[LF] No direct flights on 28JAN for TUU-ATZ
[LF] Processing TUU-ATZ for 27JAN
[LF] No direct flights on 27JAN for TUU-ATZ
[LF] Results summary:
  2026-01-31: 0 flights
  2026-01-30: 1 flights
  2026-01-29: 0 flights
  2026-01-28: 0 flights
  2026-01-27: 0 flights

============================================================
[Worker_9226] ✓ COMPLETED: TUU-ATZ
  Results: 5 dates
  Errors: 0 dates
  Total Processed: 1 groups
============================================================


============================================================
[Worker_9226] Processing: CAI-JED
  Tier 0: Range 2, Chunk 1/3
  Dates: 5 days
  Date Range: 2026-01-31 to 2026-01-27
============================================================

2026-01-03 05:23:06 | INFO     | ======================================================================
2026-01-03 05:23:06 | INFO     | Load Factor Scraper Started - Route: CAI-JED
2026-01-03 05:23:06 | INFO     | Log file: D:\CODERED\LAB\market_insights\outputs\run_generated_030126_at_05.10\logs\LF_CAI-JED_20260103_052306.log
2026-01-03 05:23:06 | INFO     | Enhanced logging: Capturing both logging.info() and print()
2026-01-03 05:23:06 | INFO     | ======================================================================
[LF] Processing dates (override): ['31JAN', '30JAN', '29JAN', '28JAN', '27JAN']
[LF] Attaching to Chrome for Altea access
2026-01-03 05:23:06 | INFO     | Starting LF search for route: CAI-JED
2026-01-03 05:23:06 | INFO     | [START] LF Search
[LF][[OK] SUCCESS] Connected to Chrome on 127.0.0.1:9226 (after 1 attempts)
2026-01-03 05:23:07 | INFO     | [HEALTH CHECK] [OK] Chrome connection is healthy
[LF][[OK] SUCCESS] Found Amadeus Altea window: Altéa Reservation Desktop
[LF][[INFO] INFO] URL: https://tc212.resdesktop.altea.amadeus.com/app_ard/apf/init/login?SITE=ESMPESMP&LANGUAGE=GB&MARKETS=ARDW_PROD_WBP&ACTION=clpLogin
2026-01-03 05:23:07 | INFO     | [DAY_START] Processing 31JAN
[LF] Processing CAI-JED for 31JAN
2026-01-03 05:23:07 | INFO     | [lf.day.start] Processing CAI-JED for 31JAN
[LF] 31JAN: found 4 direct flights
2026-01-03 05:23:08 | INFO     | [lf.day.flights_found] Found 4 flights on 31JAN
2026-01-03 05:23:10 | INFO     | [lf.flight.extracted] SM449 on 31JAN: BKG=120, LF=67.0%
[LF] SM449 31JAN: BKG=120, GRP=45, CAP=179, LF%=67.0%, Brd-Off=CAI-JED, Classes: P:45, U:10, X:21, T:20, W:15, G:9
2026-01-03 05:23:13 | INFO     | [lf.flight.extracted] SM475 on 31JAN: BKG=55, LF=30.7%
[LF] SM475 31JAN: BKG=55, GRP=45, CAP=179, LF%=30.7%, Brd-Off=CAI-JED, Classes: P:45, U:6, X:4
2026-01-03 05:23:16 | INFO     | [lf.flight.extracted] SM477 on 31JAN: BKG=32, LF=17.9%
[LF] SM477 31JAN: BKG=32, GRP=0, CAP=179, LF%=17.9%, Brd-Off=CAI-JED, Classes: U:6, X:26
2026-01-03 05:23:19 | INFO     | [lf.flight.extracted] SM423 on 31JAN: BKG=15, LF=8.4%
[LF] SM423 31JAN: BKG=15, GRP=0, CAP=179, LF%=8.4%, Brd-Off=CAI-JED, Classes: U:6, X:9
[LF] Getting WEEKLY/LASTSOLD data for 4 flights
[LF] SM449 31JAN: LASTSOLD=2026-01-02 00:00:00, WEEKLY=26, TODAY=0, YDAY=20
[LF] SM475 31JAN: LASTSOLD=2026-01-02 00:00:00, WEEKLY=1, TODAY=0, YDAY=1
[LF] SM477 31JAN: LASTSOLD=2026-01-02 00:00:00, WEEKLY=15, TODAY=0, YDAY=3
[LF] SM423 31JAN: LASTSOLD=2026-01-02 00:00:00, WEEKLY=5, TODAY=0, YDAY=1
2026-01-03 05:23:30 | INFO     | [SUCCESS] Day 31JAN
2026-01-03 05:23:30 | INFO     | [DAY_START] Processing 30JAN
[LF] Processing CAI-JED for 30JAN
2026-01-03 05:23:30 | INFO     | [lf.day.start] Processing CAI-JED for 30JAN
[LF] 30JAN: found 5 direct flights
2026-01-03 05:23:31 | INFO     | [lf.day.flights_found] Found 5 flights on 30JAN
2026-01-03 05:23:32 | INFO     | [lf.flight.extracted] SM475 on 30JAN: BKG=20, LF=11.2%
[LF] SM475 30JAN: BKG=20, GRP=4, CAP=179, LF%=11.2%, Brd-Off=CAI-JED, Classes: I:4, U:7, X:9
2026-01-03 05:23:35 | INFO     | [lf.flight.extracted] SM477 on 30JAN: BKG=6, LF=3.4%
[LF] SM477 30JAN: BKG=6, GRP=0, CAP=179, LF%=3.4%, Brd-Off=CAI-JED, Classes: U:6
2026-01-03 05:23:39 | INFO     | [lf.flight.extracted] SM479 on 30JAN: BKG=18, LF=10.1%
[LF] SM479 30JAN: BKG=18, GRP=0, CAP=179, LF%=10.1%, Brd-Off=CAI-JED, Classes: U:6, X:12
2026-01-03 05:23:42 | INFO     | [lf.flight.extracted] SM471 on 30JAN: BKG=12, LF=6.7%
[LF] SM471 30JAN: BKG=12, GRP=0, CAP=179, LF%=6.7%, Brd-Off=CAI-JED, Classes: U:8, X:4
2026-01-03 05:23:45 | INFO     | [lf.flight.extracted] SM459 on 30JAN: BKG=26, LF=14.5%
[LF] SM459 30JAN: BKG=26, GRP=0, CAP=179, LF%=14.5%, Brd-Off=CAI-JED, Classes: U:14, X:9, S:1, G:2
[LF] Getting WEEKLY/LASTSOLD data for 5 flights
[LF] SM475 30JAN: LASTSOLD=2026-01-02 00:00:00, WEEKLY=7, TODAY=0, YDAY=1
[LF] SM477 30JAN: LASTSOLD=2025-11-27 00:00:00, WEEKLY=0, TODAY=0, YDAY=0
[LF] SM479 30JAN: LASTSOLD=2025-12-31 00:00:00, WEEKLY=3, TODAY=0, YDAY=0
[LF] SM471 30JAN: LASTSOLD=2026-01-01 00:00:00, WEEKLY=4, TODAY=0, YDAY=0
[LF] SM459 30JAN: LASTSOLD=2026-01-01 00:00:00, WEEKLY=12, TODAY=0, YDAY=0
2026-01-03 05:23:54 | INFO     | [SUCCESS] Day 30JAN
2026-01-03 05:23:54 | INFO     | [DAY_START] Processing 29JAN
[LF] Processing CAI-JED for 29JAN
2026-01-03 05:23:54 | INFO     | [lf.day.start] Processing CAI-JED for 29JAN
[LF] 29JAN: found 6 direct flights
2026-01-03 05:23:55 | INFO     | [lf.day.flights_found] Found 6 flights on 29JAN
2026-01-03 05:23:57 | INFO     | [lf.flight.extracted] SM449 on 29JAN: BKG=9, LF=5.1%
[LF] SM449 29JAN: BKG=9, GRP=0, CAP=176, LF%=5.1%, Brd-Off=CAI-JED, Classes: U:6, X:3
2026-01-03 05:24:00 | INFO     | [lf.flight.extracted] SM475 on 29JAN: BKG=172, LF=96.1%
[LF] SM475 29JAN: BKG=172, GRP=160, CAP=179, LF%=96.1%, Brd-Off=CAI-JED, Classes: P:115, E:45, U:6, X:6
2026-01-03 05:24:04 | INFO     | [lf.flight.extracted] SM431 on 29JAN: BKG=99, LF=55.3%
[LF] SM431 29JAN: BKG=99, GRP=90, CAP=179, LF%=55.3%, Brd-Off=CAI-JED, Classes: P:90, X:9
2026-01-03 05:24:07 | INFO     | [lf.flight.extracted] SM477 on 29JAN: BKG=180, LF=100.6%
[LF] SM477 29JAN: BKG=180, GRP=160, CAP=179, LF%=100.6%, Brd-Off=CAI-JED, Classes: P:160, U:6, X:13, K:1
2026-01-03 05:24:10 | INFO     | [lf.flight.extracted] SM479 on 29JAN: BKG=177, LF=98.9%
[LF] SM479 29JAN: BKG=177, GRP=135, CAP=179, LF%=98.9%, Brd-Off=CAI-JED, Classes: P:135, U:14, X:26, T:2
2026-01-03 05:24:13 | INFO     | [lf.flight.extracted] SM423 on 29JAN: BKG=21, LF=11.9%
[LF] SM423 29JAN: BKG=21, GRP=0, CAP=176, LF%=11.9%, Brd-Off=CAI-JED, Classes: U:12, X:9
[LF] Getting WEEKLY/LASTSOLD data for 6 flights
[LF] SM449 29JAN: LASTSOLD=2026-01-01 00:00:00, WEEKLY=3, TODAY=0, YDAY=0
[LF] SM475 29JAN: LASTSOLD=2026-01-01 00:00:00, WEEKLY=1, TODAY=0, YDAY=0
[LF] SM431 29JAN: LASTSOLD=2026-01-02 00:00:00, WEEKLY=4, TODAY=0, YDAY=4
[LF] SM477 29JAN: LASTSOLD=2025-12-23 00:00:00, WEEKLY=0, TODAY=0, YDAY=0
[LF] SM479 29JAN: LASTSOLD=2026-01-02 00:00:00, WEEKLY=20, TODAY=0, YDAY=5
[LF] SM423 29JAN: LASTSOLD=2025-12-29 00:00:00, WEEKLY=3, TODAY=0, YDAY=0
2026-01-03 05:24:26 | INFO     | [SUCCESS] Day 29JAN
2026-01-03 05:24:26 | INFO     | [DAY_START] Processing 28JAN
[LF] Processing CAI-JED for 28JAN
2026-01-03 05:24:26 | INFO     | [lf.day.start] Processing CAI-JED for 28JAN
[LF] 28JAN: found 5 direct flights
2026-01-03 05:24:27 | INFO     | [lf.day.flights_found] Found 5 flights on 28JAN
2026-01-03 05:24:29 | INFO     | [lf.flight.extracted] SM423 on 28JAN: BKG=157, LF=87.7%
[LF] SM423 28JAN: BKG=157, GRP=135, CAP=179, LF%=87.7%, Brd-Off=CAI-JED, Classes: P:135, U:6, X:16
2026-01-03 05:24:33 | INFO     | [lf.flight.extracted] SM475 on 28JAN: BKG=158, LF=88.3%
[LF] SM475 28JAN: BKG=158, GRP=135, CAP=179, LF%=88.3%, Brd-Off=CAI-JED, Classes: P:135, U:6, X:11, T:3, W:3
2026-01-03 05:24:36 | INFO     | [lf.flight.extracted] SM459 on 28JAN: BKG=159, LF=88.8%
[LF] SM459 28JAN: BKG=159, GRP=135, CAP=179, LF%=88.8%, Brd-Off=CAI-JED, Classes: P:135, U:6, X:10, T:8
2026-01-03 05:24:39 | INFO     | [lf.flight.extracted] SM477 on 28JAN: BKG=169, LF=94.4%
[LF] SM477 28JAN: BKG=169, GRP=135, CAP=179, LF%=94.4%, Brd-Off=CAI-JED, Classes: P:135, U:6, X:27, K:1
2026-01-03 05:24:42 | INFO     | [lf.flight.extracted] SM471 on 28JAN: BKG=114, LF=63.7%
[LF] SM471 28JAN: BKG=114, GRP=90, CAP=179, LF%=63.7%, Brd-Off=CAI-JED, Classes: P:90, U:6, X:15, T:3
[LF] Getting WEEKLY/LASTSOLD data for 5 flights
[LF] SM423 28JAN: LASTSOLD=2026-01-01 00:00:00, WEEKLY=14, TODAY=0, YDAY=0
[LF] SM475 28JAN: LASTSOLD=2026-01-02 00:00:00, WEEKLY=17, TODAY=0, YDAY=5
[LF] SM459 28JAN: LASTSOLD=2026-01-02 00:00:00, WEEKLY=19, TODAY=0, YDAY=3
[LF] SM477 28JAN: LASTSOLD=2025-12-31 00:00:00, WEEKLY=23, TODAY=0, YDAY=0
[LF] SM471 28JAN: LASTSOLD=2026-01-02 00:00:00, WEEKLY=12, TODAY=0, YDAY=6
2026-01-03 05:24:55 | INFO     | [SUCCESS] Day 28JAN
2026-01-03 05:24:55 | INFO     | [DAY_START] Processing 27JAN
[LF] Processing CAI-JED for 27JAN
2026-01-03 05:24:55 | INFO     | [lf.day.start] Processing CAI-JED for 27JAN
[LF] 27JAN: found 5 direct flights
2026-01-03 05:24:56 | INFO     | [lf.day.flights_found] Found 5 flights on 27JAN
2026-01-03 05:24:58 | INFO     | [lf.flight.extracted] SM471 on 27JAN: BKG=152, LF=84.9%
[LF] SM471 27JAN: BKG=152, GRP=135, CAP=179, LF%=84.9%, Brd-Off=CAI-JED, Classes: P:45, E:90, U:6, X:8, T:3
2026-01-03 05:25:02 | INFO     | [lf.flight.extracted] SM477 on 27JAN: BKG=166, LF=92.7%
[LF] SM477 27JAN: BKG=166, GRP=135, CAP=179, LF%=92.7%, Brd-Off=CAI-JED, Classes: P:135, U:6, X:22, T:3
2026-01-03 05:25:05 | INFO     | [lf.flight.extracted] SM459 on 27JAN: BKG=175, LF=97.8%
[LF] SM459 27JAN: BKG=175, GRP=135, CAP=179, LF%=97.8%, Brd-Off=CAI-JED, Classes: N:3, P:135, U:6, X:26, T:4, S:1
2026-01-03 05:25:08 | INFO     | [lf.flight.extracted] SM423 on 27JAN: BKG=150, LF=83.8%
[LF] SM423 27JAN: BKG=150, GRP=135, CAP=179, LF%=83.8%, Brd-Off=CAI-JED, Classes: P:135, U:7, X:4, T:2, S:2
2026-01-03 05:25:11 | INFO     | [lf.flight.extracted] SM475 on 27JAN: BKG=164, LF=91.6%
[LF] SM475 27JAN: BKG=164, GRP=135, CAP=179, LF%=91.6%, Brd-Off=CAI-JED, Classes: P:135, U:5, X:24
[LF] Getting WEEKLY/LASTSOLD data for 5 flights
[LF] SM471 27JAN: LASTSOLD=2026-01-02 00:00:00, WEEKLY=8, TODAY=0, YDAY=3
[LF] SM477 27JAN: LASTSOLD=2026-01-02 00:00:00, WEEKLY=21, TODAY=0, YDAY=2
[LF] SM459 27JAN: LASTSOLD=2026-01-02 00:00:00, WEEKLY=22, TODAY=0, YDAY=3
[LF] SM423 27JAN: LASTSOLD=2026-01-02 00:00:00, WEEKLY=4, TODAY=0, YDAY=2
[LF] SM475 27JAN: LASTSOLD=2026-01-01 00:00:00, WEEKLY=21, TODAY=0, YDAY=0
2026-01-03 05:25:24 | INFO     | [SUCCESS] Day 27JAN
[LF] Results summary:
  2026-01-31: 4 flights
  2026-01-30: 5 flights
  2026-01-29: 6 flights
  2026-01-28: 5 flights
  2026-01-27: 5 flights
2026-01-03 05:25:24 | INFO     | [SUCCESS] LF Search Complete

============================================================
[Worker_9226] ✓ COMPLETED: CAI-JED
  Results: 5 dates
  Errors: 0 dates
  Total Processed: 2 groups
============================================================

2026-01-03 05:25:26 | INFO     | [Worker_9226] Completed: CAI-JED - 5 results, 0 errors

============================================================
[Worker_9226] Processing: TUU-CAI
  Tier 0: Range 2, Chunk 3/3
  Dates: 4 days
  Date Range: 2026-01-22 to 2026-01-19
============================================================

2026-01-03 05:25:26 | INFO     | [Worker_9226] Processing: TUU-CAI
2026-01-03 05:25:26 | INFO     |   Tier 0: Range 2, Chunk 3/3 (4 days)
2026-01-03 05:25:26 | INFO     | ======================================================================
2026-01-03 05:25:26 | INFO     | Load Factor Scraper Started - Route: TUU-CAI
2026-01-03 05:25:26 | INFO     | Log file: D:\CODERED\LAB\market_insights\outputs\run_generated_030126_at_05.10\logs\LF_TUU-CAI_20260103_052526.log
2026-01-03 05:25:26 | INFO     | Enhanced logging: Capturing both logging.info() and print()
2026-01-03 05:25:26 | INFO     | ======================================================================
[LF] Processing dates (override): ['22JAN', '21JAN', '20JAN', '19JAN']
[LF] Attaching to Chrome for Altea access
2026-01-03 05:25:26 | INFO     | Starting LF search for route: TUU-CAI
2026-01-03 05:25:26 | INFO     | [START] LF Search
[LF][[OK] SUCCESS] Connected to Chrome on 127.0.0.1:9226 (after 1 attempts)
2026-01-03 05:25:27 | INFO     | [HEALTH CHECK] [OK] Chrome connection is healthy
[LF][[OK] SUCCESS] Found Amadeus Altea window: Altéa Reservation Desktop
[LF][[INFO] INFO] URL: https://tc212.resdesktop.altea.amadeus.com/app_ard/apf/init/login?SITE=ESMPESMP&LANGUAGE=GB&MARKETS=ARDW_PROD_WBP&ACTION=clpLogin
2026-01-03 05:25:27 | INFO     | [DAY_START] Processing 22JAN
[LF] Processing TUU-CAI for 22JAN
2026-01-03 05:25:27 | INFO     | [lf.day.start] Processing TUU-CAI for 22JAN
[LF] 22JAN: found 1 direct flights
2026-01-03 05:25:28 | INFO     | [lf.day.flights_found] Found 1 flights on 22JAN
2026-01-03 05:25:31 | INFO     | [lf.flight.extracted] SM326 on 22JAN: BKG=28, LF=16.0%
[LF] SM326 22JAN: BKG=28, GRP=0, CAP=175, LF%=16.0%, Brd-Off=TUU-CAI, Classes: I:21, O:5, U:2
[LF] Getting WEEKLY/LASTSOLD data for 1 flights
[LF] SM326 22JAN: LASTSOLD=2026-01-02 00:00:00, WEEKLY=11, TODAY=0, YDAY=1
2026-01-03 05:25:34 | INFO     | [SUCCESS] Day 22JAN
2026-01-03 05:25:34 | INFO     | [DAY_START] Processing 21JAN
[LF] Processing TUU-CAI for 21JAN
2026-01-03 05:25:34 | INFO     | [lf.day.start] Processing TUU-CAI for 21JAN
[LF] 21JAN: found 1 direct flights
2026-01-03 05:25:35 | INFO     | [lf.day.flights_found] Found 1 flights on 21JAN
2026-01-03 05:25:37 | INFO     | [lf.flight.extracted] SM326 on 21JAN: BKG=12, LF=6.9%
[LF] SM326 21JAN: BKG=12, GRP=0, CAP=175, LF%=6.9%, Brd-Off=TUU-CAI, Classes: I:9, O:3
[LF] Getting WEEKLY/LASTSOLD data for 1 flights
[LF] SM326 21JAN: LASTSOLD=2026-01-01 00:00:00, WEEKLY=4, TODAY=0, YDAY=0
2026-01-03 05:25:40 | INFO     | [SUCCESS] Day 21JAN
2026-01-03 05:25:40 | INFO     | [DAY_START] Processing 20JAN
[LF] Processing TUU-CAI for 20JAN
2026-01-03 05:25:40 | INFO     | [lf.day.start] Processing TUU-CAI for 20JAN
[LF] No direct flights on 20JAN for TUU-CAI
2026-01-03 05:25:41 | WARNING  | [lf.day.no_flights] No direct flights on 20JAN
2026-01-03 05:25:41 | INFO     | [SUCCESS] Day 20JAN
2026-01-03 05:25:41 | INFO     | [DAY_START] Processing 19JAN
[LF] Processing TUU-CAI for 19JAN
2026-01-03 05:25:41 | INFO     | [lf.day.start] Processing TUU-CAI for 19JAN
[LF] No direct flights on 19JAN for TUU-CAI
2026-01-03 05:25:42 | WARNING  | [lf.day.no_flights] No direct flights on 19JAN
2026-01-03 05:25:42 | INFO     | [SUCCESS] Day 19JAN
[LF] Results summary:
  2026-01-22: 1 flights
  2026-01-21: 1 flights
  2026-01-20: 0 flights
  2026-01-19: 0 flights
2026-01-03 05:25:42 | INFO     | [SUCCESS] LF Search Complete

============================================================
[Worker_9226] ✓ COMPLETED: TUU-CAI
  Results: 4 dates
  Errors: 0 dates
  Total Processed: 3 groups
============================================================

2026-01-03 05:25:44 | INFO     | [Worker_9226] Completed: TUU-CAI - 4 results, 0 errors

============================================================
[Worker_9226] Processing: CAI-JED
  Tier 0: Range 2, Chunk 3/3
  Dates: 4 days
  Date Range: 2026-01-22 to 2026-01-19
============================================================

2026-01-03 05:25:44 | INFO     | [Worker_9226] Processing: CAI-JED
2026-01-03 05:25:44 | INFO     |   Tier 0: Range 2, Chunk 3/3 (4 days)
2026-01-03 05:25:44 | INFO     | ======================================================================
2026-01-03 05:25:44 | INFO     | Load Factor Scraper Started - Route: CAI-JED
2026-01-03 05:25:44 | INFO     | Log file: D:\CODERED\LAB\market_insights\outputs\run_generated_030126_at_05.10\logs\LF_CAI-JED_20260103_052544.log
2026-01-03 05:25:44 | INFO     | Enhanced logging: Capturing both logging.info() and print()
2026-01-03 05:25:44 | INFO     | ======================================================================
[LF] Processing dates (override): ['22JAN', '21JAN', '20JAN', '19JAN']
[LF] Attaching to Chrome for Altea access
2026-01-03 05:25:44 | INFO     | Starting LF search for route: CAI-JED
2026-01-03 05:25:44 | INFO     | [START] LF Search
[LF][[OK] SUCCESS] Connected to Chrome on 127.0.0.1:9226 (after 1 attempts)
2026-01-03 05:25:45 | INFO     | [HEALTH CHECK] [OK] Chrome connection is healthy
[LF][[OK] SUCCESS] Found Amadeus Altea window: Altéa Reservation Desktop
[LF][[INFO] INFO] URL: https://tc212.resdesktop.altea.amadeus.com/app_ard/apf/init/login?SITE=ESMPESMP&LANGUAGE=GB&MARKETS=ARDW_PROD_WBP&ACTION=clpLogin
2026-01-03 05:25:45 | INFO     | [DAY_START] Processing 22JAN
[LF] Processing CAI-JED for 22JAN
2026-01-03 05:25:45 | INFO     | [lf.day.start] Processing CAI-JED for 22JAN
[LF] 22JAN: found 7 direct flights
2026-01-03 05:25:46 | INFO     | [lf.day.flights_found] Found 7 flights on 22JAN
2026-01-03 05:25:48 | INFO     | [lf.flight.extracted] SM449 on 22JAN: BKG=109, LF=60.9%
[LF] SM449 22JAN: BKG=109, GRP=45, CAP=179, LF%=60.9%, Brd-Off=CAI-JED, Classes: P:45, U:6, X:32, T:19, W:7
2026-01-03 05:25:52 | INFO     | [lf.flight.extracted] SM475 on 22JAN: BKG=179, LF=100.0%
[LF] SM475 22JAN: BKG=179, GRP=130, CAP=179, LF%=100.0%, Brd-Off=CAI-JED, Classes: P:130, U:7, X:30, T:11, W:1
2026-01-03 05:25:55 | INFO     | [lf.flight.extracted] SM431 on 22JAN: BKG=179, LF=100.0%
[LF] SM431 22JAN: BKG=179, GRP=125, CAP=179, LF%=100.0%, Brd-Off=CAI-JED, Classes: N:4, P:125, X:42, T:3, W:3, S:1, K:1
2026-01-03 05:25:59 | INFO     | [lf.flight.extracted] SM961 on 22JAN: BKG=152, LF=86.4%
[LF] SM961 22JAN: BKG=152, GRP=135, CAP=176, LF%=86.4%, Brd-Off=CAI-JED, Classes: P:135, U:2, T:10, W:5
2026-01-03 05:26:03 | INFO     | [lf.flight.extracted] SM477 on 22JAN: BKG=180, LF=100.6%
[LF] SM477 22JAN: BKG=180, GRP=143, CAP=179, LF%=100.6%, Brd-Off=CAI-JED, Classes: P:143, U:6, X:7, T:12, S:6, K:6
2026-01-03 05:26:07 | INFO     | [lf.flight.extracted] SM479 on 22JAN: BKG=166, LF=92.7%
[LF] SM479 22JAN: BKG=166, GRP=90, CAP=179, LF%=92.7%, Brd-Off=CAI-JED, Classes: P:90, I:9, X:3, T:27, W:18, S:18, K:1
2026-01-03 05:26:11 | INFO     | [lf.flight.extracted] SM423 on 22JAN: BKG=152, LF=84.9%
[LF] SM423 22JAN: BKG=152, GRP=115, CAP=179, LF%=84.9%, Brd-Off=CAI-JED, Classes: P:90, E:25, I:8, O:1, X:2, T:10, W:4, S:4, G:4, L:4
[LF] Getting WEEKLY/LASTSOLD data for 7 flights
[LF] SM449 22JAN: LASTSOLD=2026-01-02 00:00:00, WEEKLY=50, TODAY=0, YDAY=4
[LF] SM475 22JAN: LASTSOLD=2026-01-01 00:00:00, WEEKLY=38, TODAY=0, YDAY=0
[LF] SM431 22JAN: LASTSOLD=2025-12-31 00:00:00, WEEKLY=32, TODAY=0, YDAY=0
[LF] SM961 22JAN: LASTSOLD=2026-01-02 00:00:00, WEEKLY=6, TODAY=0, YDAY=1
[LF] SM477 22JAN: LASTSOLD=2025-12-25 00:00:00, WEEKLY=0, TODAY=0, YDAY=0
[LF] SM479 22JAN: LASTSOLD=2026-01-02 00:00:00, WEEKLY=35, TODAY=0, YDAY=4
[LF] SM423 22JAN: LASTSOLD=2025-12-31 00:00:00, WEEKLY=12, TODAY=0, YDAY=0
2026-01-03 05:26:38 | INFO     | [SUCCESS] Day 22JAN
2026-01-03 05:26:38 | INFO     | [DAY_START] Processing 21JAN
[LF] Processing CAI-JED for 21JAN
2026-01-03 05:26:38 | INFO     | [lf.day.start] Processing CAI-JED for 21JAN
[LF] 21JAN: found 5 direct flights
2026-01-03 05:26:39 | INFO     | [lf.day.flights_found] Found 5 flights on 21JAN
2026-01-03 05:26:41 | INFO     | [lf.flight.extracted] SM423 on 21JAN: BKG=128, LF=71.5%
[LF] SM423 21JAN: BKG=128, GRP=115, CAP=179, LF%=71.5%, Brd-Off=CAI-JED, Classes: P:90, E:25, U:5, X:4, T:4
2026-01-03 05:26:44 | INFO     | [lf.flight.extracted] SM475 on 21JAN: BKG=167, LF=93.3%
[LF] SM475 21JAN: BKG=167, GRP=139, CAP=179, LF%=93.3%, Brd-Off=CAI-JED, Classes: P:94, E:45, U:5, X:21, W:2
2026-01-03 05:26:47 | INFO     | [lf.flight.extracted] SM459 on 21JAN: BKG=168, LF=93.8%
[LF] SM459 21JAN: BKG=168, GRP=135, CAP=179, LF%=93.8%, Brd-Off=CAI-JED, Classes: P:135, U:6, X:26, T:1
2026-01-03 05:26:50 | INFO     | [lf.flight.extracted] SM477 on 21JAN: BKG=179, LF=100.0%
[LF] SM477 21JAN: BKG=179, GRP=135, CAP=179, LF%=100.0%, Brd-Off=CAI-JED, Classes: P:135, U:6, X:32, T:1, K:5
2026-01-03 05:26:54 | INFO     | [lf.flight.extracted] SM471 on 21JAN: BKG=179, LF=100.0%
[LF] SM471 21JAN: BKG=179, GRP=135, CAP=179, LF%=100.0%, Brd-Off=CAI-JED, Classes: P:135, U:6, X:35, S:3
[LF] Getting WEEKLY/LASTSOLD data for 5 flights
[LF] SM423 21JAN: LASTSOLD=2026-01-03 00:00:00, WEEKLY=4, TODAY=1, YDAY=0
[LF] SM475 21JAN: LASTSOLD=2026-01-02 00:00:00, WEEKLY=20, TODAY=0, YDAY=2
[LF] SM459 21JAN: LASTSOLD=2026-01-02 00:00:00, WEEKLY=18, TODAY=0, YDAY=2
[LF] SM477 21JAN: LASTSOLD=2026-01-02 00:00:00, WEEKLY=25, TODAY=0, YDAY=2
[LF] SM471 21JAN: LASTSOLD=2026-01-01 00:00:00, WEEKLY=19, TODAY=0, YDAY=0
2026-01-03 05:27:09 | INFO     | [SUCCESS] Day 21JAN
2026-01-03 05:27:09 | INFO     | [DAY_START] Processing 20JAN
[LF] Processing CAI-JED for 20JAN
2026-01-03 05:27:09 | INFO     | [lf.day.start] Processing CAI-JED for 20JAN
[LF] 20JAN: found 7 direct flights
2026-01-03 05:27:10 | INFO     | [lf.day.flights_found] Found 7 flights on 20JAN
2026-01-03 05:27:12 | INFO     | [lf.flight.extracted] SM471 on 20JAN: BKG=167, LF=93.3%
[LF] SM471 20JAN: BKG=167, GRP=135, CAP=179, LF%=93.3%, Brd-Off=CAI-JED, Classes: P:45, E:90, U:3, X:23, T:4, S:2
2026-01-03 05:27:15 | INFO     | [lf.flight.extracted] SM953 on 20JAN: BKG=150, LF=83.8%
[LF] SM953 20JAN: BKG=150, GRP=90, CAP=179, LF%=83.8%, Brd-Off=CAI-JED, Classes: P:90, I:15, O:14, U:15, X:14, T:2
2026-01-03 05:27:18 | INFO     | [lf.flight.extracted] SM479 on 20JAN: BKG=166, LF=94.3%
[LF] SM479 20JAN: BKG=166, GRP=135, CAP=176, LF%=94.3%, Brd-Off=CAI-JED, Classes: P:135, U:6, X:23, T:2
2026-01-03 05:27:22 | INFO     | [lf.flight.extracted] SM477 on 20JAN: BKG=170, LF=95.0%
[LF] SM477 20JAN: BKG=170, GRP=140, CAP=179, LF%=95.0%, Brd-Off=CAI-JED, Classes: P:140, U:6, X:23, T:1
2026-01-03 05:27:25 | INFO     | [lf.flight.extracted] SM459 on 20JAN: BKG=179, LF=99.4%
[LF] SM459 20JAN: BKG=179, GRP=135, CAP=180, LF%=99.4%, Brd-Off=CAI-JED, Classes: P:135, U:6, X:37, S:1
2026-01-03 05:27:28 | INFO     | [lf.flight.extracted] SM423 on 20JAN: BKG=178, LF=99.4%
[LF] SM423 20JAN: BKG=178, GRP=135, CAP=179, LF%=99.4%, Brd-Off=CAI-JED, Classes: P:135, U:5, X:21, T:12, S:5
2026-01-03 05:27:31 | INFO     | [lf.flight.extracted] SM475 on 20JAN: BKG=155, LF=86.6%
[LF] SM475 20JAN: BKG=155, GRP=90, CAP=179, LF%=86.6%, Brd-Off=CAI-JED, Classes: P:90, U:4, X:46, T:15
[LF] Getting WEEKLY/LASTSOLD data for 7 flights
[LF] SM471 20JAN: LASTSOLD=2026-01-02 00:00:00, WEEKLY=26, TODAY=0, YDAY=3
[LF] SM953 20JAN: LASTSOLD=2026-01-02 00:00:00, WEEKLY=26, TODAY=0, YDAY=3
[LF] SM479 20JAN: LASTSOLD=2026-01-02 00:00:00, WEEKLY=22, TODAY=0, YDAY=3
[LF] SM477 20JAN: LASTSOLD=2026-01-02 00:00:00, WEEKLY=21, TODAY=0, YDAY=6
[LF] SM459 20JAN: LASTSOLD=2025-12-31 00:00:00, WEEKLY=27, TODAY=0, YDAY=0
[LF] SM423 20JAN: LASTSOLD=2026-01-02 00:00:00, WEEKLY=27, TODAY=0, YDAY=4
[LF] SM475 20JAN: LASTSOLD=2026-01-02 00:00:00, WEEKLY=50, TODAY=0, YDAY=9
2026-01-03 05:27:54 | INFO     | [SUCCESS] Day 20JAN
2026-01-03 05:27:54 | INFO     | [DAY_START] Processing 19JAN
[LF] Processing CAI-JED for 19JAN
2026-01-03 05:27:54 | INFO     | [lf.day.start] Processing CAI-JED for 19JAN
[LF] 19JAN: found 3 direct flights
2026-01-03 05:27:55 | INFO     | [lf.day.flights_found] Found 3 flights on 19JAN
2026-01-03 05:27:57 | INFO     | [lf.flight.extracted] SM475 on 19JAN: BKG=179, LF=100.0%
[LF] SM475 19JAN: BKG=179, GRP=140, CAP=179, LF%=100.0%, Brd-Off=CAI-JED, Classes: P:140, U:6, X:26, T:7
2026-01-03 05:28:00 | INFO     | [lf.flight.extracted] SM477 on 19JAN: BKG=179, LF=100.0%
[LF] SM477 19JAN: BKG=179, GRP=135, CAP=179, LF%=100.0%, Brd-Off=CAI-JED, Classes: P:135, U:6, X:35, T:1, G:2
2026-01-03 05:28:03 | INFO     | [lf.flight.extracted] SM459 on 19JAN: BKG=179, LF=100.0%
[LF] SM459 19JAN: BKG=179, GRP=135, CAP=179, LF%=100.0%, Brd-Off=CAI-JED, Classes: P:135, U:8, X:26, T:6, L:4
[LF] Getting WEEKLY/LASTSOLD data for 3 flights
[LF] SM475 19JAN: LASTSOLD=2025-12-31 00:00:00, WEEKLY=14, TODAY=0, YDAY=0
[LF] SM477 19JAN: LASTSOLD=2026-01-01 00:00:00, WEEKLY=19, TODAY=0, YDAY=0
[LF] SM459 19JAN: LASTSOLD=2025-12-31 00:00:00, WEEKLY=18, TODAY=0, YDAY=0
2026-01-03 05:28:14 | INFO     | [SUCCESS] Day 19JAN
[LF] Results summary:
  2026-01-22: 7 flights
  2026-01-21: 5 flights
  2026-01-20: 7 flights
  2026-01-19: 3 flights
2026-01-03 05:28:14 | INFO     | [SUCCESS] LF Search Complete

============================================================
[Worker_9226] ✓ COMPLETED: CAI-JED
  Results: 4 dates
  Errors: 0 dates
  Total Processed: 4 groups
============================================================

2026-01-03 05:28:16 | INFO     | [Worker_9226] Completed: CAI-JED - 4 results, 0 errors

============================================================
[Worker_9226] Processing: MED-CAI
  Tier 0: Range 1, Chunk 2/3
  Dates: 5 days
  Date Range: 2026-01-12 to 2026-01-08
============================================================

2026-01-03 05:28:16 | INFO     | [Worker_9226] Processing: MED-CAI
2026-01-03 05:28:16 | INFO     |   Tier 0: Range 1, Chunk 2/3 (5 days)
2026-01-03 05:28:16 | INFO     | ======================================================================
2026-01-03 05:28:16 | INFO     | Load Factor Scraper Started - Route: MED-CAI
2026-01-03 05:28:16 | INFO     | Log file: D:\CODERED\LAB\market_insights\outputs\run_generated_030126_at_05.10\logs\LF_MED-CAI_20260103_052816.log
2026-01-03 05:28:16 | INFO     | Enhanced logging: Capturing both logging.info() and print()
2026-01-03 05:28:16 | INFO     | ======================================================================
[LF] Processing dates (override): ['12JAN', '11JAN', '10JAN', '09JAN', '08JAN']
[LF] Attaching to Chrome for Altea access
2026-01-03 05:28:16 | INFO     | Starting LF search for route: MED-CAI
2026-01-03 05:28:16 | INFO     | [START] LF Search
[LF][[OK] SUCCESS] Connected to Chrome on 127.0.0.1:9226 (after 1 attempts)
2026-01-03 05:28:17 | INFO     | [HEALTH CHECK] [OK] Chrome connection is healthy
[LF][[OK] SUCCESS] Found Amadeus Altea window: Altéa Reservation Desktop
[LF][[INFO] INFO] URL: https://tc212.resdesktop.altea.amadeus.com/app_ard/apf/init/login?SITE=ESMPESMP&LANGUAGE=GB&MARKETS=ARDW_PROD_WBP&ACTION=clpLogin
2026-01-03 05:28:17 | INFO     | [DAY_START] Processing 12JAN
[LF] Processing MED-CAI for 12JAN
2026-01-03 05:28:17 | INFO     | [lf.day.start] Processing MED-CAI for 12JAN
[LF] No direct flights on 12JAN for MED-CAI
2026-01-03 05:28:18 | WARNING  | [lf.day.no_flights] No direct flights on 12JAN
2026-01-03 05:28:18 | INFO     | [SUCCESS] Day 12JAN
2026-01-03 05:28:18 | INFO     | [DAY_START] Processing 11JAN
[LF] Processing MED-CAI for 11JAN
2026-01-03 05:28:18 | INFO     | [lf.day.start] Processing MED-CAI for 11JAN
[LF] 11JAN: found 1 direct flights
2026-01-03 05:28:19 | INFO     | [lf.day.flights_found] Found 1 flights on 11JAN
2026-01-03 05:28:20 | INFO     | [lf.flight.extracted] SM494 on 11JAN: BKG=178, LF=100.0%
[LF] SM494 11JAN: BKG=178, GRP=140, CAP=178, LF%=100.0%, Brd-Off=MED-CAI, Classes: P:140, O:2, W:22, S:10, G:4
[LPC] SM494 11JAN: Found 0 outbound flights with connecting passengers
[LF] Getting WEEKLY/LASTSOLD data for 1 flights
[LF] SM494 11JAN: LASTSOLD=2026-01-02 00:00:00, WEEKLY=14, TODAY=0, YDAY=4
2026-01-03 05:28:27 | INFO     | [SUCCESS] Day 11JAN
2026-01-03 05:28:27 | INFO     | [DAY_START] Processing 10JAN
[LF] Processing MED-CAI for 10JAN
2026-01-03 05:28:27 | INFO     | [lf.day.start] Processing MED-CAI for 10JAN
[LF] 10JAN: found 1 direct flights
2026-01-03 05:28:28 | INFO     | [lf.day.flights_found] Found 1 flights on 10JAN
2026-01-03 05:28:30 | INFO     | [lf.flight.extracted] SM494 on 10JAN: BKG=129, LF=73.7%
[LF] SM494 10JAN: BKG=129, GRP=90, CAP=175, LF%=73.7%, Brd-Off=MED-CAI, Classes: P:90, X:4, S:28, K:7
[LPC] SM494 10JAN: Found 1 outbound flights with connecting passengers
[LF] Getting WEEKLY/LASTSOLD data for 1 flights
[LF] SM494 10JAN: LASTSOLD=2025-12-28 00:00:00, WEEKLY=1, TODAY=0, YDAY=0
2026-01-03 05:28:37 | INFO     | [SUCCESS] Day 10JAN
2026-01-03 05:28:37 | INFO     | [DAY_START] Processing 09JAN
[LF] Processing MED-CAI for 09JAN
2026-01-03 05:28:37 | INFO     | [lf.day.start] Processing MED-CAI for 09JAN
[LF] No direct flights on 09JAN for MED-CAI
2026-01-03 05:28:38 | WARNING  | [lf.day.no_flights] No direct flights on 09JAN
2026-01-03 05:28:38 | INFO     | [SUCCESS] Day 09JAN
2026-01-03 05:28:38 | INFO     | [DAY_START] Processing 08JAN
[LF] Processing MED-CAI for 08JAN
2026-01-03 05:28:38 | INFO     | [lf.day.start] Processing MED-CAI for 08JAN
[LF] 08JAN: found 1 direct flights
2026-01-03 05:28:39 | INFO     | [lf.day.flights_found] Found 1 flights on 08JAN
2026-01-03 05:28:41 | INFO     | [lf.flight.extracted] SM494 on 08JAN: BKG=178, LF=106.6%
[LF] SM494 08JAN: BKG=178, GRP=178, CAP=167, LF%=106.6%, Brd-Off=MED-CAI, Classes: P:135, E:43
[LF] Getting WEEKLY/LASTSOLD data for 1 flights
[LF] SM494 08JAN: LASTSOLD=2025-12-22 00:00:00, WEEKLY=0, TODAY=0, YDAY=0
2026-01-03 05:28:46 | INFO     | [SUCCESS] Day 08JAN
[LF] Results summary:
  2026-01-12: 0 flights
  2026-01-11: 1 flights
  2026-01-10: 1 flights
  2026-01-09: 0 flights
  2026-01-08: 1 flights
2026-01-03 05:28:46 | INFO     | [SUCCESS] LF Search Complete

============================================================
[Worker_9226] ✓ COMPLETED: MED-CAI
  Results: 5 dates
  Errors: 0 dates
  Total Processed: 5 groups
============================================================

2026-01-03 05:28:48 | INFO     | [Worker_9226] Completed: MED-CAI - 5 results, 0 errors

============================================================
[Worker_9226] Processing: TUU-CAI
  Tier 0: Range 1, Chunk 2/3
  Dates: 5 days
  Date Range: 2026-01-12 to 2026-01-08
============================================================

2026-01-03 05:28:48 | INFO     | [Worker_9226] Processing: TUU-CAI
2026-01-03 05:28:48 | INFO     |   Tier 0: Range 1, Chunk 2/3 (5 days)
2026-01-03 05:28:48 | INFO     | ======================================================================
2026-01-03 05:28:48 | INFO     | Load Factor Scraper Started - Route: TUU-CAI
2026-01-03 05:28:48 | INFO     | Log file: D:\CODERED\LAB\market_insights\outputs\run_generated_030126_at_05.10\logs\LF_TUU-CAI_20260103_052848.log
2026-01-03 05:28:48 | INFO     | Enhanced logging: Capturing both logging.info() and print()
2026-01-03 05:28:48 | INFO     | ======================================================================
[LF] Processing dates (override): ['12JAN', '11JAN', '10JAN', '09JAN', '08JAN']
[LF] Attaching to Chrome for Altea access
2026-01-03 05:28:48 | INFO     | Starting LF search for route: TUU-CAI
2026-01-03 05:28:48 | INFO     | [START] LF Search
[LF][[OK] SUCCESS] Connected to Chrome on 127.0.0.1:9226 (after 1 attempts)
2026-01-03 05:28:49 | INFO     | [HEALTH CHECK] [OK] Chrome connection is healthy
[LF][[OK] SUCCESS] Found Amadeus Altea window: Altéa Reservation Desktop
[LF][[INFO] INFO] URL: https://tc212.resdesktop.altea.amadeus.com/app_ard/apf/init/login?SITE=ESMPESMP&LANGUAGE=GB&MARKETS=ARDW_PROD_WBP&ACTION=clpLogin
2026-01-03 05:28:49 | INFO     | [DAY_START] Processing 12JAN
[LF] Processing TUU-CAI for 12JAN
2026-01-03 05:28:49 | INFO     | [lf.day.start] Processing TUU-CAI for 12JAN
[LF] No direct flights on 12JAN for TUU-CAI
2026-01-03 05:28:50 | WARNING  | [lf.day.no_flights] No direct flights on 12JAN
2026-01-03 05:28:50 | INFO     | [SUCCESS] Day 12JAN
2026-01-03 05:28:50 | INFO     | [DAY_START] Processing 11JAN
[LF] Processing TUU-CAI for 11JAN
2026-01-03 05:28:50 | INFO     | [lf.day.start] Processing TUU-CAI for 11JAN
[LF] No direct flights on 11JAN for TUU-CAI
2026-01-03 05:28:51 | WARNING  | [lf.day.no_flights] No direct flights on 11JAN
2026-01-03 05:28:51 | INFO     | [SUCCESS] Day 11JAN
2026-01-03 05:28:51 | INFO     | [DAY_START] Processing 10JAN
[LF] Processing TUU-CAI for 10JAN
2026-01-03 05:28:51 | INFO     | [lf.day.start] Processing TUU-CAI for 10JAN
[LF] 10JAN: found 1 direct flights
2026-01-03 05:28:52 | INFO     | [lf.day.flights_found] Found 1 flights on 10JAN
2026-01-03 05:28:54 | INFO     | [lf.flight.extracted] SM326 on 10JAN: BKG=42, LF=24.0%
[LF] SM326 10JAN: BKG=42, GRP=0, CAP=175, LF%=24.0%, Brd-Off=TUU-CAI, Classes: I:18, O:24
[LF] Getting WEEKLY/LASTSOLD data for 1 flights
[LF] SM326 10JAN: LASTSOLD=2026-01-02 00:00:00, WEEKLY=28, TODAY=0, YDAY=6
2026-01-03 05:28:57 | INFO     | [SUCCESS] Day 10JAN
2026-01-03 05:28:57 | INFO     | [DAY_START] Processing 09JAN
[LF] Processing TUU-CAI for 09JAN
2026-01-03 05:28:57 | INFO     | [lf.day.start] Processing TUU-CAI for 09JAN
[LF] No direct flights on 09JAN for TUU-CAI
2026-01-03 05:28:58 | WARNING  | [lf.day.no_flights] No direct flights on 09JAN
2026-01-03 05:28:58 | INFO     | [SUCCESS] Day 09JAN
2026-01-03 05:28:58 | INFO     | [DAY_START] Processing 08JAN
[LF] Processing TUU-CAI for 08JAN
2026-01-03 05:28:58 | INFO     | [lf.day.start] Processing TUU-CAI for 08JAN
[LF] 08JAN: found 1 direct flights
2026-01-03 05:28:59 | INFO     | [lf.day.flights_found] Found 1 flights on 08JAN
2026-01-03 05:29:01 | INFO     | [lf.flight.extracted] SM326 on 08JAN: BKG=60, LF=34.3%
[LF] SM326 08JAN: BKG=60, GRP=0, CAP=175, LF%=34.3%, Brd-Off=TUU-CAI, Classes: O:3, U:5, X:6, T:12, W:25, S:8, K:1
[LPC] SM326 08JAN: Found 0 outbound flights with connecting passengers
[LF] Getting WEEKLY/LASTSOLD data for 1 flights
[LF] SM326 08JAN: LASTSOLD=2025-12-30 00:00:00, WEEKLY=1, TODAY=0, YDAY=0
2026-01-03 05:29:04 | INFO     | [SUCCESS] Day 08JAN
[LF] Results summary:
  2026-01-12: 0 flights
  2026-01-11: 0 flights
  2026-01-10: 1 flights
  2026-01-09: 0 flights
  2026-01-08: 1 flights
2026-01-03 05:29:04 | INFO     | [SUCCESS] LF Search Complete

============================================================
[Worker_9226] ✓ COMPLETED: TUU-CAI
  Results: 5 dates
  Errors: 0 dates
  Total Processed: 6 groups
============================================================

2026-01-03 05:29:06 | INFO     | [Worker_9226] Completed: TUU-CAI - 5 results, 0 errors

============================================================
[Worker_9226] Processing: CAI-JED
  Tier 0: Range 1, Chunk 2/3
  Dates: 5 days
  Date Range: 2026-01-12 to 2026-01-08
============================================================

2026-01-03 05:29:06 | INFO     | [Worker_9226] Processing: CAI-JED
2026-01-03 05:29:06 | INFO     |   Tier 0: Range 1, Chunk 2/3 (5 days)
2026-01-03 05:29:06 | INFO     | ======================================================================
2026-01-03 05:29:06 | INFO     | Load Factor Scraper Started - Route: CAI-JED
2026-01-03 05:29:06 | INFO     | Log file: D:\CODERED\LAB\market_insights\outputs\run_generated_030126_at_05.10\logs\LF_CAI-JED_20260103_052906.log
2026-01-03 05:29:06 | INFO     | Enhanced logging: Capturing both logging.info() and print()
2026-01-03 05:29:06 | INFO     | ======================================================================
[LF] Processing dates (override): ['12JAN', '11JAN', '10JAN', '09JAN', '08JAN']
[LF] Attaching to Chrome for Altea access
2026-01-03 05:29:06 | INFO     | Starting LF search for route: CAI-JED
2026-01-03 05:29:06 | INFO     | [START] LF Search
[LF][[OK] SUCCESS] Connected to Chrome on 127.0.0.1:9226 (after 1 attempts)
2026-01-03 05:29:07 | INFO     | [HEALTH CHECK] [OK] Chrome connection is healthy
[LF][[OK] SUCCESS] Found Amadeus Altea window: Altéa Reservation Desktop
[LF][[INFO] INFO] URL: https://tc212.resdesktop.altea.amadeus.com/app_ard/apf/init/login?SITE=ESMPESMP&LANGUAGE=GB&MARKETS=ARDW_PROD_WBP&ACTION=clpLogin
2026-01-03 05:29:08 | INFO     | [DAY_START] Processing 12JAN
[LF] Processing CAI-JED for 12JAN
2026-01-03 05:29:08 | INFO     | [lf.day.start] Processing CAI-JED for 12JAN
[LF] 12JAN: found 3 direct flights
2026-01-03 05:29:08 | INFO     | [lf.day.flights_found] Found 3 flights on 12JAN
2026-01-03 05:29:10 | INFO     | [lf.flight.extracted] SM475 on 12JAN: BKG=125, LF=69.8%
[LF] SM475 12JAN: BKG=125, GRP=95, CAP=179, LF%=69.8%, Brd-Off=CAI-JED, Classes: P:95, O:7, U:23
2026-01-03 05:29:14 | INFO     | [lf.flight.extracted] SM477 on 12JAN: BKG=170, LF=95.0%
[LF] SM477 12JAN: BKG=170, GRP=137, CAP=179, LF%=95.0%, Brd-Off=CAI-JED, Classes: P:137, O:10, U:19, X:4
2026-01-03 05:29:17 | INFO     | [lf.flight.extracted] SM459 on 12JAN: BKG=47, LF=26.3%
[LF] SM459 12JAN: BKG=47, GRP=0, CAP=179, LF%=26.3%, Brd-Off=CAI-JED, Classes: I:5, O:14, U:23, X:5
[LF] Getting WEEKLY/LASTSOLD data for 3 flights
[LF] SM475 12JAN: LASTSOLD=2026-01-02 00:00:00, WEEKLY=24, TODAY=0, YDAY=5
[LF] SM477 12JAN: LASTSOLD=2026-01-02 00:00:00, WEEKLY=27, TODAY=0, YDAY=7
[LF] SM459 12JAN: LASTSOLD=2026-01-02 00:00:00, WEEKLY=27, TODAY=0, YDAY=5
2026-01-03 05:29:26 | INFO     | [SUCCESS] Day 12JAN
2026-01-03 05:29:26 | INFO     | [DAY_START] Processing 11JAN
[LF] Processing CAI-JED for 11JAN
2026-01-03 05:29:26 | INFO     | [lf.day.start] Processing CAI-JED for 11JAN
[LF] 11JAN: found 5 direct flights
2026-01-03 05:29:27 | INFO     | [lf.day.flights_found] Found 5 flights on 11JAN
2026-01-03 05:29:30 | INFO     | [lf.flight.extracted] SM475 on 11JAN: BKG=92, LF=51.4%
[LF] SM475 11JAN: BKG=92, GRP=48, CAP=179, LF%=51.4%, Brd-Off=CAI-JED, Classes: P:48, I:30, O:9, U:5
2026-01-03 05:29:33 | INFO     | [lf.flight.extracted] SM431 on 11JAN: BKG=53, LF=29.6%
[LF] SM431 11JAN: BKG=53, GRP=0, CAP=179, LF%=29.6%, Brd-Off=CAI-JED, Classes: I:39, O:7, U:4, X:2, S:1
2026-01-03 05:29:36 | INFO     | [lf.flight.extracted] SM459 on 11JAN: BKG=132, LF=73.7%
[LF] SM459 11JAN: BKG=132, GRP=90, CAP=179, LF%=73.7%, Brd-Off=CAI-JED, Classes: P:90, I:25, O:12, U:3, X:2
2026-01-03 05:29:39 | INFO     | [lf.flight.extracted] SM477 on 11JAN: BKG=141, LF=78.8%
[LF] SM477 11JAN: BKG=141, GRP=90, CAP=179, LF%=78.8%, Brd-Off=CAI-JED, Classes: P:90, I:22, O:21, U:7, X:1
[LPC] SM477 11JAN: Found 1 outbound flights with connecting passengers
2026-01-03 05:29:44 | INFO     | [lf.flight.extracted] SM479 on 11JAN: BKG=61, LF=34.7%
[LF] SM479 11JAN: BKG=61, GRP=0, CAP=176, LF%=34.7%, Brd-Off=CAI-JED, Classes: I:15, O:25, U:17, X:4
[LF] Getting WEEKLY/LASTSOLD data for 5 flights
[LF] SM475 11JAN: LASTSOLD=2026-01-03 00:00:00, WEEKLY=30, TODAY=1, YDAY=2
[LF] SM431 11JAN: LASTSOLD=2026-01-02 00:00:00, WEEKLY=39, TODAY=0, YDAY=2
[LF] SM459 11JAN: LASTSOLD=2026-01-02 00:00:00, WEEKLY=38, TODAY=0, YDAY=10
[LF] SM477 11JAN: LASTSOLD=2026-01-03 00:00:00, WEEKLY=35, TODAY=1, YDAY=4
[LF] SM479 11JAN: LASTSOLD=2026-01-02 00:00:00, WEEKLY=38, TODAY=0, YDAY=10
2026-01-03 05:30:02 | INFO     | [SUCCESS] Day 11JAN
2026-01-03 05:30:02 | INFO     | [DAY_START] Processing 10JAN
[LF] Processing CAI-JED for 10JAN
2026-01-03 05:30:02 | INFO     | [lf.day.start] Processing CAI-JED for 10JAN
[LF] 10JAN: found 4 direct flights
2026-01-03 05:30:03 | INFO     | [lf.day.flights_found] Found 4 flights on 10JAN
2026-01-03 05:30:06 | INFO     | [lf.flight.extracted] SM449 on 10JAN: BKG=177, LF=98.9%
[LF] SM449 10JAN: BKG=177, GRP=130, CAP=179, LF%=98.9%, Brd-Off=CAI-JED, Classes: P:130, I:28, O:10, U:6, X:3
2026-01-03 05:30:09 | INFO     | [lf.flight.extracted] SM475 on 10JAN: BKG=179, LF=100.0%
[LF] SM475 10JAN: BKG=179, GRP=160, CAP=179, LF%=100.0%, Brd-Off=CAI-JED, Classes: N:2, P:115, E:45, I:10, U:5, X:2
2026-01-03 05:30:12 | INFO     | [lf.flight.extracted] SM477 on 10JAN: BKG=180, LF=100.0%
[LF] SM477 10JAN: BKG=180, GRP=130, CAP=180, LF%=100.0%, Brd-Off=CAI-JED, Classes: P:130, I:15, O:7, U:10, X:15, T:3
2026-01-03 05:30:15 | INFO     | [lf.flight.extracted] SM423 on 10JAN: BKG=70, LF=39.1%
[LF] SM423 10JAN: BKG=70, GRP=0, CAP=179, LF%=39.1%, Brd-Off=CAI-JED, Classes: I:20, O:28, U:14, X:8
[LF] Getting WEEKLY/LASTSOLD data for 4 flights
[LF] SM449 10JAN: LASTSOLD=2026-01-03 00:00:00, WEEKLY=40, TODAY=2, YDAY=1
[LF] SM475 10JAN: LASTSOLD=2025-12-31 00:00:00, WEEKLY=11, TODAY=0, YDAY=0
[LF] SM477 10JAN: LASTSOLD=2026-01-02 00:00:00, WEEKLY=28, TODAY=0, YDAY=1
[LF] SM423 10JAN: LASTSOLD=2026-01-02 00:00:00, WEEKLY=48, TODAY=0, YDAY=8
2026-01-03 05:30:29 | INFO     | [SUCCESS] Day 10JAN
2026-01-03 05:30:29 | INFO     | [DAY_START] Processing 09JAN
[LF] Processing CAI-JED for 09JAN
2026-01-03 05:30:29 | INFO     | [lf.day.start] Processing CAI-JED for 09JAN
[LF] 09JAN: found 5 direct flights
2026-01-03 05:30:30 | INFO     | [lf.day.flights_found] Found 5 flights on 09JAN
2026-01-03 05:30:32 | INFO     | [lf.flight.extracted] SM475 on 09JAN: BKG=45, LF=25.1%
[LF] SM475 09JAN: BKG=45, GRP=0, CAP=179, LF%=25.1%, Brd-Off=CAI-JED, Classes: I:28, O:11, U:6
2026-01-03 05:30:35 | INFO     | [lf.flight.extracted] SM477 on 09JAN: BKG=47, LF=26.3%
[LF] SM477 09JAN: BKG=47, GRP=0, CAP=179, LF%=26.3%, Brd-Off=CAI-JED, Classes: I:31, O:4, U:6, X:6
2026-01-03 05:30:39 | INFO     | [lf.flight.extracted] SM479 on 09JAN: BKG=98, LF=54.4%
[LF] SM479 09JAN: BKG=98, GRP=46, CAP=180, LF%=54.4%, Brd-Off=CAI-JED, Classes: P:46, I:38, O:8, U:5, K:1
2026-01-03 05:30:42 | INFO     | [lf.flight.extracted] SM471 on 09JAN: BKG=59, LF=33.0%
[LF] SM471 09JAN: BKG=59, GRP=0, CAP=179, LF%=33.0%, Brd-Off=CAI-JED, Classes: I:43, O:8, U:6, X:2
2026-01-03 05:30:45 | INFO     | [lf.flight.extracted] SM459 on 09JAN: BKG=64, LF=35.8%
[LF] SM459 09JAN: BKG=64, GRP=0, CAP=179, LF%=35.8%, Brd-Off=CAI-JED, Classes: I:32, O:19, U:10, X:3
[LF] Getting WEEKLY/LASTSOLD data for 5 flights
[LF] SM475 09JAN: LASTSOLD=2026-01-03 00:00:00, WEEKLY=30, TODAY=2, YDAY=11
[LF] SM477 09JAN: LASTSOLD=2026-01-03 00:00:00, WEEKLY=26, TODAY=2, YDAY=9
[LF] SM479 09JAN: LASTSOLD=2026-01-02 00:00:00, WEEKLY=37, TODAY=0, YDAY=9
[LF] SM471 09JAN: LASTSOLD=2026-01-02 00:00:00, WEEKLY=42, TODAY=0, YDAY=3
[LF] SM459 09JAN: LASTSOLD=2026-01-02 00:00:00, WEEKLY=42, TODAY=0, YDAY=5
2026-01-03 05:31:04 | INFO     | [SUCCESS] Day 09JAN
2026-01-03 05:31:04 | INFO     | [DAY_START] Processing 08JAN
[LF] Processing CAI-JED for 08JAN
2026-01-03 05:31:04 | INFO     | [lf.day.start] Processing CAI-JED for 08JAN
[LF] 08JAN: found 6 direct flights
2026-01-03 05:31:05 | INFO     | [lf.day.flights_found] Found 6 flights on 08JAN
2026-01-03 05:31:07 | INFO     | [lf.flight.extracted] SM449 on 08JAN: BKG=53, LF=29.6%
[LF] SM449 08JAN: BKG=53, GRP=0, CAP=179, LF%=29.6%, Brd-Off=CAI-JED, Classes: I:47, O:1, U:2, X:3
2026-01-03 05:31:10 | INFO     | [lf.flight.extracted] SM475 on 08JAN: BKG=85, LF=47.5%
[LF] SM475 08JAN: BKG=85, GRP=45, CAP=179, LF%=47.5%, Brd-Off=CAI-JED, Classes: P:45, I:33, O:1, U:5, S:1
2026-01-03 05:31:13 | INFO     | [lf.flight.extracted] SM431 on 08JAN: BKG=74, LF=41.3%
[LF] SM431 08JAN: BKG=74, GRP=45, CAP=179, LF%=41.3%, Brd-Off=CAI-JED, Classes: P:45, I:25, O:4
2026-01-03 05:31:16 | INFO     | [lf.flight.extracted] SM477 on 08JAN: BKG=115, LF=63.9%
[LF] SM477 08JAN: BKG=115, GRP=75, CAP=180, LF%=63.9%, Brd-Off=CAI-JED, Classes: P:75, I:10, O:13, U:15, X:2
2026-01-03 05:31:20 | INFO     | [lf.flight.extracted] SM479 on 08JAN: BKG=179, LF=100.0%
[LF] SM479 08JAN: BKG=179, GRP=90, CAP=179, LF%=100.0%, Brd-Off=CAI-JED, Classes: P:90, I:49, O:27, U:11, X:2
2026-01-03 05:31:23 | INFO     | [lf.flight.extracted] SM423 on 08JAN: BKG=76, LF=42.5%
[LF] SM423 08JAN: BKG=76, GRP=0, CAP=179, LF%=42.5%, Brd-Off=CAI-JED, Classes: I:41, O:20, U:9, X:6
[LF] Getting WEEKLY/LASTSOLD data for 6 flights
[LF] SM449 08JAN: LASTSOLD=2026-01-02 00:00:00, WEEKLY=39, TODAY=0, YDAY=5
[LF] SM475 08JAN: LASTSOLD=2026-01-02 00:00:00, WEEKLY=31, TODAY=0, YDAY=2
[LF] SM431 08JAN: LASTSOLD=2026-01-02 00:00:00, WEEKLY=11, TODAY=0, YDAY=7
[LF] SM477 08JAN: LASTSOLD=2026-01-02 00:00:00, WEEKLY=32, TODAY=0, YDAY=8
[LF] SM479 08JAN: LASTSOLD=2025-12-31 00:00:00, WEEKLY=46, TODAY=0, YDAY=0
[LF] SM423 08JAN: LASTSOLD=2026-01-02 00:00:00, WEEKLY=46, TODAY=0, YDAY=4
2026-01-03 05:31:44 | INFO     | [SUCCESS] Day 08JAN
[LF] Results summary:
  2026-01-12: 3 flights
  2026-01-11: 5 flights
  2026-01-10: 4 flights
  2026-01-09: 5 flights
  2026-01-08: 6 flights
2026-01-03 05:31:44 | INFO     | [SUCCESS] LF Search Complete

============================================================
[Worker_9226] ✓ COMPLETED: CAI-JED
  Results: 5 dates
  Errors: 0 dates
  Total Processed: 7 groups
============================================================

2026-01-03 05:31:46 | INFO     | [Worker_9226] Completed: CAI-JED - 5 results, 0 errors

============================================================
[Worker_9226] Processing: ATZ-TUU
  Tier 0: Range 1, Chunk 3/3
  Dates: 5 days
  Date Range: 2026-01-07 to 2026-01-03
============================================================

2026-01-03 05:31:46 | INFO     | [Worker_9226] Processing: ATZ-TUU
2026-01-03 05:31:46 | INFO     |   Tier 0: Range 1, Chunk 3/3 (5 days)
2026-01-03 05:31:46 | INFO     | ======================================================================
2026-01-03 05:31:46 | INFO     | Load Factor Scraper Started - Route: ATZ-TUU
2026-01-03 05:31:46 | INFO     | Log file: D:\CODERED\LAB\market_insights\outputs\run_generated_030126_at_05.10\logs\LF_ATZ-TUU_20260103_053146.log
2026-01-03 05:31:46 | INFO     | Enhanced logging: Capturing both logging.info() and print()
2026-01-03 05:31:46 | INFO     | ======================================================================
[LF] Processing dates (override): ['07JAN', '06JAN', '05JAN', '04JAN', '03JAN']
[LF] Attaching to Chrome for Altea access
2026-01-03 05:31:46 | INFO     | Starting LF search for route: ATZ-TUU
2026-01-03 05:31:46 | INFO     | [START] LF Search
[LF][[OK] SUCCESS] Connected to Chrome on 127.0.0.1:9226 (after 1 attempts)
2026-01-03 05:31:47 | INFO     | [HEALTH CHECK] [OK] Chrome connection is healthy
[LF][[OK] SUCCESS] Found Amadeus Altea window: Altéa Reservation Desktop
[LF][[INFO] INFO] URL: https://tc212.resdesktop.altea.amadeus.com/app_ard/apf/init/login?SITE=ESMPESMP&LANGUAGE=GB&MARKETS=ARDW_PROD_WBP&ACTION=clpLogin
2026-01-03 05:31:47 | INFO     | [DAY_START] Processing 07JAN
[LF] Processing ATZ-TUU for 07JAN
2026-01-03 05:31:47 | INFO     | [lf.day.start] Processing ATZ-TUU for 07JAN
[LF] No direct flights on 07JAN for ATZ-TUU
2026-01-03 05:31:48 | WARNING  | [lf.day.no_flights] No direct flights on 07JAN
2026-01-03 05:31:48 | INFO     | [SUCCESS] Day 07JAN
2026-01-03 05:31:48 | INFO     | [DAY_START] Processing 06JAN
[LF] Processing ATZ-TUU for 06JAN
2026-01-03 05:31:48 | INFO     | [lf.day.start] Processing ATZ-TUU for 06JAN
[LF] No direct flights on 06JAN for ATZ-TUU
2026-01-03 05:31:49 | WARNING  | [lf.day.no_flights] No direct flights on 06JAN
2026-01-03 05:31:49 | INFO     | [SUCCESS] Day 06JAN
2026-01-03 05:31:49 | INFO     | [DAY_START] Processing 05JAN
[LF] Processing ATZ-TUU for 05JAN
2026-01-03 05:31:49 | INFO     | [lf.day.start] Processing ATZ-TUU for 05JAN
[LF] No direct flights on 05JAN for ATZ-TUU
2026-01-03 05:31:50 | WARNING  | [lf.day.no_flights] No direct flights on 05JAN
2026-01-03 05:31:50 | INFO     | [SUCCESS] Day 05JAN
2026-01-03 05:31:50 | INFO     | [DAY_START] Processing 04JAN
[LF] Processing ATZ-TUU for 04JAN
2026-01-03 05:31:50 | INFO     | [lf.day.start] Processing ATZ-TUU for 04JAN
[LF] No direct flights on 04JAN for ATZ-TUU
2026-01-03 05:31:51 | WARNING  | [lf.day.no_flights] No direct flights on 04JAN
2026-01-03 05:31:51 | INFO     | [SUCCESS] Day 04JAN
[LF] Skipping 03JAN (Today) - will be processed by supplement scan
[LF] Results summary:
  2026-01-07: 0 flights
  2026-01-06: 0 flights
  2026-01-05: 0 flights
  2026-01-04: 0 flights
2026-01-03 05:31:51 | INFO     | [SUCCESS] LF Search Complete

============================================================
[Worker_9226] ✓ COMPLETED: ATZ-TUU
  Results: 4 dates
  Errors: 0 dates
  Total Processed: 8 groups
============================================================

2026-01-03 05:31:53 | INFO     | [Worker_9226] Completed: ATZ-TUU - 4 results, 0 errors
[Worker_9226] Waiting for tasks...

============================================================
[Worker_9226] Shutdown signal received
Exiting...
============================================================
2026-01-03 05:38:59 | INFO     | [Worker_9226] Shutdown signal received, exiting...

============================================================
[Worker_9226] FINISHED
  Total Groups Processed: 8
============================================================

2026-01-03 05:38:59 | INFO     | [Worker_9226] Finished. Processed 8 groups.
