2026-01-05 16:28:46 | INFO     | ======================================================================
2026-01-05 16:28:46 | INFO     | Load Factor Scraper Started - Route: ATZ-RUH
2026-01-05 16:28:46 | INFO     | Log file: D:\CODERED\LAB\market_insights\outputs\run_generated_050126_at_16.15\logs\LF_ATZ-RUH_20260105_162846.log
2026-01-05 16:28:46 | INFO     | Enhanced logging: Capturing both logging.info() and print()
2026-01-05 16:28:46 | INFO     | ======================================================================
2026-01-05 16:28:46 | INFO     | Starting LF search for route: ATZ-RUH
2026-01-05 16:28:46 | INFO     | [START] LF Search
2026-01-05 16:28:47 | INFO     | [HEALTH CHECK] [OK] Chrome connection is healthy
2026-01-05 16:28:47 | INFO     | [DAY_START] Processing 07MAR
2026-01-05 16:28:47 | INFO     | [lf.day.start] Processing ATZ-RUH for 07MAR
2026-01-05 16:28:48 | WARNING  | [lf.day.no_flights] No direct flights on 07MAR
2026-01-05 16:28:48 | INFO     | [SUCCESS] Day 07MAR
2026-01-05 16:28:48 | INFO     | [DAY_START] Processing 06MAR
2026-01-05 16:28:48 | INFO     | [lf.day.start] Processing ATZ-RUH for 06MAR
2026-01-05 16:28:49 | WARNING  | [lf.day.no_flights] No direct flights on 06MAR
2026-01-05 16:28:49 | INFO     | [SUCCESS] Day 06MAR
2026-01-05 16:28:49 | INFO     | [DAY_START] Processing 05MAR
2026-01-05 16:28:49 | INFO     | [lf.day.start] Processing ATZ-RUH for 05MAR
2026-01-05 16:28:50 | WARNING  | [lf.day.no_flights] No direct flights on 05MAR
2026-01-05 16:28:50 | INFO     | [SUCCESS] Day 05MAR
2026-01-05 16:28:50 | INFO     | [DAY_START] Processing 04MAR
2026-01-05 16:28:50 | INFO     | [lf.day.start] Processing ATZ-RUH for 04MAR
2026-01-05 16:28:51 | INFO     | [lf.day.flights_found] Found 1 flights on 04MAR
2026-01-05 16:28:53 | INFO     | [lf.flight.extracted] SM465 on 04MAR: BKG=4, LF=2.2%
2026-01-05 16:28:56 | INFO     | [SUCCESS] Day 04MAR
2026-01-05 16:28:56 | INFO     | [DAY_START] Processing 03MAR
2026-01-05 16:28:56 | INFO     | [lf.day.start] Processing ATZ-RUH for 03MAR
2026-01-05 16:28:57 | INFO     | [lf.day.flights_found] Found 1 flights on 03MAR
2026-01-05 16:28:59 | INFO     | [lf.flight.extracted] SM463 on 03MAR: BKG=0, LF=0.0%
2026-01-05 16:29:00 | INFO     | [SUCCESS] Day 03MAR
2026-01-05 16:29:00 | INFO     | [DAY_START] Processing 02MAR
2026-01-05 16:29:00 | INFO     | [lf.day.start] Processing ATZ-RUH for 02MAR
2026-01-05 16:29:01 | WARNING  | [lf.day.no_flights] No direct flights on 02MAR
2026-01-05 16:29:01 | INFO     | [SUCCESS] Day 02MAR
2026-01-05 16:29:01 | INFO     | [DAY_START] Processing 01MAR
2026-01-05 16:29:01 | INFO     | [lf.day.start] Processing ATZ-RUH for 01MAR
2026-01-05 16:29:02 | INFO     | [lf.day.flights_found] Found 1 flights on 01MAR
2026-01-05 16:29:04 | INFO     | [lf.flight.extracted] SM463 on 01MAR: BKG=6, LF=3.4%
2026-01-05 16:29:07 | INFO     | [SUCCESS] Day 01MAR
2026-01-05 16:29:07 | INFO     | [SUCCESS] LF Search Complete
2026-01-05 16:29:09 | INFO     | [Worker_9232] Completed: ATZ-RUH - 7 results, 0 errors
2026-01-05 16:29:09 | INFO     | [Worker_9232] Processing: ATZ-TUU
2026-01-05 16:29:09 | INFO     |   Tier 0: Range 3, Chunk 4/4 (7 days)
