2026-01-05 16:29:31 | INFO     | ======================================================================
2026-01-05 16:29:31 | INFO     | Load Factor Scraper Started - Route: ATZ-AHB
2026-01-05 16:29:31 | INFO     | Log file: D:\CODERED\LAB\market_insights\outputs\run_generated_050126_at_16.15\logs\LF_ATZ-AHB_20260105_162931.log
2026-01-05 16:29:31 | INFO     | Enhanced logging: Capturing both logging.info() and print()
2026-01-05 16:29:31 | INFO     | ======================================================================
2026-01-05 16:29:31 | INFO     | Starting LF search for route: ATZ-AHB
2026-01-05 16:29:31 | INFO     | [START] LF Search
2026-01-05 16:29:32 | INFO     | [HEALTH CHECK] [OK] Chrome connection is healthy
2026-01-05 16:29:32 | INFO     | [DAY_START] Processing 07MAR
2026-01-05 16:29:32 | INFO     | [lf.day.start] Processing ATZ-AHB for 07MAR
2026-01-05 16:29:33 | WARNING  | [lf.day.no_flights] No direct flights on 07MAR
2026-01-05 16:29:33 | INFO     | [SUCCESS] Day 07MAR
2026-01-05 16:29:33 | INFO     | [DAY_START] Processing 06MAR
2026-01-05 16:29:33 | INFO     | [lf.day.start] Processing ATZ-AHB for 06MAR
2026-01-05 16:29:34 | INFO     | [lf.day.flights_found] Found 1 flights on 06MAR
2026-01-05 16:29:36 | INFO     | [lf.flight.extracted] SM445 on 06MAR: BKG=1, LF=0.6%
2026-01-05 16:29:38 | INFO     | [SUCCESS] Day 06MAR
2026-01-05 16:29:38 | INFO     | [DAY_START] Processing 05MAR
2026-01-05 16:29:38 | INFO     | [lf.day.start] Processing ATZ-AHB for 05MAR
2026-01-05 16:29:39 | WARNING  | [lf.day.no_flights] No direct flights on 05MAR
2026-01-05 16:29:39 | INFO     | [SUCCESS] Day 05MAR
2026-01-05 16:29:39 | INFO     | [DAY_START] Processing 04MAR
2026-01-05 16:29:39 | INFO     | [lf.day.start] Processing ATZ-AHB for 04MAR
2026-01-05 16:29:40 | WARNING  | [lf.day.no_flights] No direct flights on 04MAR
2026-01-05 16:29:40 | INFO     | [SUCCESS] Day 04MAR
2026-01-05 16:29:40 | INFO     | [DAY_START] Processing 03MAR
2026-01-05 16:29:40 | INFO     | [lf.day.start] Processing ATZ-AHB for 03MAR
2026-01-05 16:29:41 | WARNING  | [lf.day.no_flights] No direct flights on 03MAR
2026-01-05 16:29:41 | INFO     | [SUCCESS] Day 03MAR
2026-01-05 16:29:41 | INFO     | [DAY_START] Processing 02MAR
2026-01-05 16:29:41 | INFO     | [lf.day.start] Processing ATZ-AHB for 02MAR
2026-01-05 16:29:43 | WARNING  | [lf.day.no_flights] No direct flights on 02MAR
2026-01-05 16:29:43 | INFO     | [SUCCESS] Day 02MAR
2026-01-05 16:29:43 | INFO     | [DAY_START] Processing 01MAR
2026-01-05 16:29:43 | INFO     | [lf.day.start] Processing ATZ-AHB for 01MAR
2026-01-05 16:29:44 | WARNING  | [lf.day.no_flights] No direct flights on 01MAR
2026-01-05 16:29:44 | INFO     | [SUCCESS] Day 01MAR
2026-01-05 16:29:44 | INFO     | [SUCCESS] LF Search Complete
2026-01-05 16:29:46 | INFO     | [Worker_9225] Completed: ATZ-AHB - 7 results, 0 errors
2026-01-05 16:29:46 | INFO     | [Worker_9225] Processing: MED-CAI
2026-01-05 16:29:46 | INFO     |   Tier 0: Range 2, Chunk 1/3 (10 days)
