2026-01-05 16:25:50 | INFO     | ======================================================================
2026-01-05 16:25:50 | INFO     | Load Factor Scraper Started - Route: ATZ-DMM
2026-01-05 16:25:50 | INFO     | Log file: D:\CODERED\LAB\market_insights\outputs\run_generated_050126_at_16.15\logs\LF_ATZ-DMM_20260105_162550.log
2026-01-05 16:25:50 | INFO     | Enhanced logging: Capturing both logging.info() and print()
2026-01-05 16:25:50 | INFO     | ======================================================================
2026-01-05 16:25:50 | INFO     | Starting LF search for route: ATZ-DMM
2026-01-05 16:25:50 | INFO     | [START] LF Search
2026-01-05 16:25:51 | INFO     | [HEALTH CHECK] [OK] Chrome connection is healthy
2026-01-05 16:25:51 | INFO     | [DAY_START] Processing 15MAR
2026-01-05 16:25:51 | INFO     | [lf.day.start] Processing ATZ-DMM for 15MAR
2026-01-05 16:25:52 | WARNING  | [lf.day.no_flights] No direct flights on 15MAR
2026-01-05 16:25:53 | INFO     | [SUCCESS] Day 15MAR
2026-01-05 16:25:53 | INFO     | [DAY_START] Processing 14MAR
2026-01-05 16:25:53 | INFO     | [lf.day.start] Processing ATZ-DMM for 14MAR
2026-01-05 16:25:53 | WARNING  | [lf.day.no_flights] No direct flights on 14MAR
2026-01-05 16:25:54 | INFO     | [SUCCESS] Day 14MAR
2026-01-05 16:25:54 | INFO     | [DAY_START] Processing 13MAR
2026-01-05 16:25:54 | INFO     | [lf.day.start] Processing ATZ-DMM for 13MAR
2026-01-05 16:25:55 | INFO     | [lf.day.flights_found] Found 1 flights on 13MAR
2026-01-05 16:25:56 | INFO     | [lf.flight.extracted] SM437 on 13MAR: BKG=1, LF=0.6%
2026-01-05 16:25:59 | INFO     | [SUCCESS] Day 13MAR
2026-01-05 16:25:59 | INFO     | [DAY_START] Processing 12MAR
2026-01-05 16:25:59 | INFO     | [lf.day.start] Processing ATZ-DMM for 12MAR
2026-01-05 16:26:00 | WARNING  | [lf.day.no_flights] No direct flights on 12MAR
2026-01-05 16:26:00 | INFO     | [SUCCESS] Day 12MAR
2026-01-05 16:26:00 | INFO     | [DAY_START] Processing 11MAR
2026-01-05 16:26:00 | INFO     | [lf.day.start] Processing ATZ-DMM for 11MAR
2026-01-05 16:26:01 | WARNING  | [lf.day.no_flights] No direct flights on 11MAR
2026-01-05 16:26:01 | INFO     | [SUCCESS] Day 11MAR
2026-01-05 16:26:01 | INFO     | [DAY_START] Processing 10MAR
2026-01-05 16:26:01 | INFO     | [lf.day.start] Processing ATZ-DMM for 10MAR
2026-01-05 16:26:02 | WARNING  | [lf.day.no_flights] No direct flights on 10MAR
2026-01-05 16:26:02 | INFO     | [SUCCESS] Day 10MAR
2026-01-05 16:26:02 | INFO     | [DAY_START] Processing 09MAR
2026-01-05 16:26:02 | INFO     | [lf.day.start] Processing ATZ-DMM for 09MAR
2026-01-05 16:26:03 | INFO     | [lf.day.flights_found] Found 1 flights on 09MAR
2026-01-05 16:26:05 | INFO     | [lf.flight.extracted] SM437 on 09MAR: BKG=0, LF=0.0%
2026-01-05 16:26:06 | INFO     | [SUCCESS] Day 09MAR
2026-01-05 16:26:06 | INFO     | [DAY_START] Processing 08MAR
2026-01-05 16:26:06 | INFO     | [lf.day.start] Processing ATZ-DMM for 08MAR
2026-01-05 16:26:07 | WARNING  | [lf.day.no_flights] No direct flights on 08MAR
2026-01-05 16:26:07 | INFO     | [SUCCESS] Day 08MAR
2026-01-05 16:26:07 | INFO     | [SUCCESS] LF Search Complete
2026-01-05 16:26:09 | INFO     | [Worker_9227] Completed: ATZ-DMM - 8 results, 0 errors
2026-01-05 16:26:09 | INFO     | [Worker_9227] Processing: ATZ-TUU
2026-01-05 16:26:09 | INFO     |   Tier 0: Range 3, Chunk 3/4 (8 days)
