2026-01-05 16:24:48 | INFO     | ======================================================================
2026-01-05 16:24:48 | INFO     | Load Factor Scraper Started - Route: AJF-CAI
2026-01-05 16:24:48 | INFO     | Log file: D:\CODERED\LAB\market_insights\outputs\run_generated_050126_at_16.15\logs\LF_AJF-CAI_20260105_162448.log
2026-01-05 16:24:48 | INFO     | Enhanced logging: Capturing both logging.info() and print()
2026-01-05 16:24:48 | INFO     | ======================================================================
2026-01-05 16:24:48 | INFO     | Starting LF search for route: AJF-CAI
2026-01-05 16:24:48 | INFO     | [START] LF Search
2026-01-05 16:24:49 | INFO     | [HEALTH CHECK] [OK] Chrome connection is healthy
2026-01-05 16:24:49 | INFO     | [DAY_START] Processing 15MAR
2026-01-05 16:24:49 | INFO     | [lf.day.start] Processing AJF-CAI for 15MAR
2026-01-05 16:24:50 | WARNING  | [lf.day.no_flights] No direct flights on 15MAR
2026-01-05 16:24:50 | INFO     | [SUCCESS] Day 15MAR
2026-01-05 16:24:50 | INFO     | [DAY_START] Processing 14MAR
2026-01-05 16:24:50 | INFO     | [lf.day.start] Processing AJF-CAI for 14MAR
2026-01-05 16:24:52 | INFO     | [lf.day.flights_found] Found 1 flights on 14MAR
2026-01-05 16:24:53 | INFO     | [lf.flight.extracted] SM322 on 14MAR: BKG=3, LF=1.7%
2026-01-05 16:24:56 | INFO     | [SUCCESS] Day 14MAR
2026-01-05 16:24:56 | INFO     | [DAY_START] Processing 13MAR
2026-01-05 16:24:56 | INFO     | [lf.day.start] Processing AJF-CAI for 13MAR
2026-01-05 16:24:57 | WARNING  | [lf.day.no_flights] No direct flights on 13MAR
2026-01-05 16:24:57 | INFO     | [SUCCESS] Day 13MAR
2026-01-05 16:24:57 | INFO     | [DAY_START] Processing 12MAR
2026-01-05 16:24:57 | INFO     | [lf.day.start] Processing AJF-CAI for 12MAR
2026-01-05 16:24:58 | INFO     | [lf.day.flights_found] Found 1 flights on 12MAR
2026-01-05 16:25:01 | INFO     | [lf.flight.extracted] SM322 on 12MAR: BKG=2, LF=1.1%
2026-01-05 16:25:03 | INFO     | [SUCCESS] Day 12MAR
2026-01-05 16:25:03 | INFO     | [DAY_START] Processing 11MAR
2026-01-05 16:25:03 | INFO     | [lf.day.start] Processing AJF-CAI for 11MAR
2026-01-05 16:25:04 | WARNING  | [lf.day.no_flights] No direct flights on 11MAR
2026-01-05 16:25:04 | INFO     | [SUCCESS] Day 11MAR
2026-01-05 16:25:04 | INFO     | [DAY_START] Processing 10MAR
2026-01-05 16:25:04 | INFO     | [lf.day.start] Processing AJF-CAI for 10MAR
2026-01-05 16:25:05 | INFO     | [lf.day.flights_found] Found 1 flights on 10MAR
2026-01-05 16:25:07 | INFO     | [lf.flight.extracted] SM322 on 10MAR: BKG=16, LF=9.1%
2026-01-05 16:25:10 | INFO     | [SUCCESS] Day 10MAR
2026-01-05 16:25:10 | INFO     | [DAY_START] Processing 09MAR
2026-01-05 16:25:10 | INFO     | [lf.day.start] Processing AJF-CAI for 09MAR
2026-01-05 16:25:11 | WARNING  | [lf.day.no_flights] No direct flights on 09MAR
2026-01-05 16:25:11 | INFO     | [SUCCESS] Day 09MAR
2026-01-05 16:25:11 | INFO     | [DAY_START] Processing 08MAR
2026-01-05 16:25:11 | INFO     | [lf.day.start] Processing AJF-CAI for 08MAR
2026-01-05 16:25:12 | WARNING  | [lf.day.no_flights] No direct flights on 08MAR
2026-01-05 16:25:12 | INFO     | [SUCCESS] Day 08MAR
2026-01-05 16:25:12 | INFO     | [SUCCESS] LF Search Complete
2026-01-05 16:25:14 | INFO     | [Worker_9222] Completed: AJF-CAI - 8 results, 0 errors
2026-01-05 16:25:14 | INFO     | [Worker_9222] Processing: ATZ-MED
2026-01-05 16:25:14 | INFO     |   Tier 0: Range 3, Chunk 3/4 (8 days)
