2026-01-05 16:25:38 | INFO     | ======================================================================
2026-01-05 16:25:38 | INFO     | Load Factor Scraper Started - Route: ASW-JED
2026-01-05 16:25:38 | INFO     | Log file: D:\CODERED\LAB\market_insights\outputs\run_generated_050126_at_16.15\logs\LF_ASW-JED_20260105_162538.log
2026-01-05 16:25:38 | INFO     | Enhanced logging: Capturing both logging.info() and print()
2026-01-05 16:25:38 | INFO     | ======================================================================
2026-01-05 16:25:38 | INFO     | Starting LF search for route: ASW-JED
2026-01-05 16:25:38 | INFO     | [START] LF Search
2026-01-05 16:25:39 | INFO     | [HEALTH CHECK] [OK] Chrome connection is healthy
2026-01-05 16:25:39 | INFO     | [DAY_START] Processing 15MAR
2026-01-05 16:25:39 | INFO     | [lf.day.start] Processing ASW-JED for 15MAR
2026-01-05 16:25:40 | WARNING  | [lf.day.no_flights] No direct flights on 15MAR
2026-01-05 16:25:40 | INFO     | [SUCCESS] Day 15MAR
2026-01-05 16:25:40 | INFO     | [DAY_START] Processing 14MAR
2026-01-05 16:25:40 | INFO     | [lf.day.start] Processing ASW-JED for 14MAR
2026-01-05 16:25:41 | WARNING  | [lf.day.no_flights] No direct flights on 14MAR
2026-01-05 16:25:41 | INFO     | [SUCCESS] Day 14MAR
2026-01-05 16:25:41 | INFO     | [DAY_START] Processing 13MAR
2026-01-05 16:25:41 | INFO     | [lf.day.start] Processing ASW-JED for 13MAR
2026-01-05 16:25:42 | WARNING  | [lf.day.no_flights] No direct flights on 13MAR
2026-01-05 16:25:42 | INFO     | [SUCCESS] Day 13MAR
2026-01-05 16:25:42 | INFO     | [DAY_START] Processing 12MAR
2026-01-05 16:25:42 | INFO     | [lf.day.start] Processing ASW-JED for 12MAR
2026-01-05 16:25:43 | WARNING  | [lf.day.no_flights] No direct flights on 12MAR
2026-01-05 16:25:44 | INFO     | [SUCCESS] Day 12MAR
2026-01-05 16:25:44 | INFO     | [DAY_START] Processing 11MAR
2026-01-05 16:25:44 | INFO     | [lf.day.start] Processing ASW-JED for 11MAR
2026-01-05 16:25:44 | WARNING  | [lf.day.no_flights] No direct flights on 11MAR
2026-01-05 16:25:45 | INFO     | [SUCCESS] Day 11MAR
2026-01-05 16:25:45 | INFO     | [DAY_START] Processing 10MAR
2026-01-05 16:25:45 | INFO     | [lf.day.start] Processing ASW-JED for 10MAR
2026-01-05 16:25:46 | WARNING  | [lf.day.no_flights] No direct flights on 10MAR
2026-01-05 16:25:46 | INFO     | [SUCCESS] Day 10MAR
2026-01-05 16:25:46 | INFO     | [DAY_START] Processing 09MAR
2026-01-05 16:25:46 | INFO     | [lf.day.start] Processing ASW-JED for 09MAR
2026-01-05 16:25:47 | WARNING  | [lf.day.no_flights] No direct flights on 09MAR
2026-01-05 16:25:47 | INFO     | [SUCCESS] Day 09MAR
2026-01-05 16:25:47 | INFO     | [DAY_START] Processing 08MAR
2026-01-05 16:25:47 | INFO     | [lf.day.start] Processing ASW-JED for 08MAR
2026-01-05 16:25:48 | WARNING  | [lf.day.no_flights] No direct flights on 08MAR
2026-01-05 16:25:48 | INFO     | [SUCCESS] Day 08MAR
2026-01-05 16:25:48 | INFO     | [SUCCESS] LF Search Complete
2026-01-05 16:25:50 | INFO     | [Worker_9227] Completed: ASW-JED - 8 results, 0 errors
2026-01-05 16:25:50 | INFO     | [Worker_9227] Processing: ATZ-DMM
2026-01-05 16:25:50 | INFO     |   Tier 0: Range 3, Chunk 3/4 (8 days)
