2026-01-05 16:26:30 | INFO     | ======================================================================
2026-01-05 16:26:30 | INFO     | Load Factor Scraper Started - Route: ATZ-AHB
2026-01-05 16:26:30 | INFO     | Log file: D:\CODERED\LAB\market_insights\outputs\run_generated_050126_at_16.15\logs\LF_ATZ-AHB_20260105_162630.log
2026-01-05 16:26:30 | INFO     | Enhanced logging: Capturing both logging.info() and print()
2026-01-05 16:26:30 | INFO     | ======================================================================
2026-01-05 16:26:30 | INFO     | Starting LF search for route: ATZ-AHB
2026-01-05 16:26:30 | INFO     | [START] LF Search
2026-01-05 16:26:31 | INFO     | [HEALTH CHECK] [OK] Chrome connection is healthy
2026-01-05 16:26:31 | INFO     | [DAY_START] Processing 15MAR
2026-01-05 16:26:31 | INFO     | [lf.day.start] Processing ATZ-AHB for 15MAR
2026-01-05 16:26:32 | WARNING  | [lf.day.no_flights] No direct flights on 15MAR
2026-01-05 16:26:33 | INFO     | [SUCCESS] Day 15MAR
2026-01-05 16:26:33 | INFO     | [DAY_START] Processing 14MAR
2026-01-05 16:26:33 | INFO     | [lf.day.start] Processing ATZ-AHB for 14MAR
2026-01-05 16:26:34 | WARNING  | [lf.day.no_flights] No direct flights on 14MAR
2026-01-05 16:26:34 | INFO     | [SUCCESS] Day 14MAR
2026-01-05 16:26:34 | INFO     | [DAY_START] Processing 13MAR
2026-01-05 16:26:34 | INFO     | [lf.day.start] Processing ATZ-AHB for 13MAR
2026-01-05 16:26:35 | INFO     | [lf.day.flights_found] Found 1 flights on 13MAR
2026-01-05 16:26:37 | INFO     | [lf.flight.extracted] SM445 on 13MAR: BKG=5, LF=2.8%
2026-01-05 16:26:40 | INFO     | [SUCCESS] Day 13MAR
2026-01-05 16:26:40 | INFO     | [DAY_START] Processing 12MAR
2026-01-05 16:26:40 | INFO     | [lf.day.start] Processing ATZ-AHB for 12MAR
2026-01-05 16:26:40 | WARNING  | [lf.day.no_flights] No direct flights on 12MAR
2026-01-05 16:26:41 | INFO     | [SUCCESS] Day 12MAR
2026-01-05 16:26:41 | INFO     | [DAY_START] Processing 11MAR
2026-01-05 16:26:41 | INFO     | [lf.day.start] Processing ATZ-AHB for 11MAR
2026-01-05 16:26:42 | WARNING  | [lf.day.no_flights] No direct flights on 11MAR
2026-01-05 16:26:42 | INFO     | [SUCCESS] Day 11MAR
2026-01-05 16:26:42 | INFO     | [DAY_START] Processing 10MAR
2026-01-05 16:26:42 | INFO     | [lf.day.start] Processing ATZ-AHB for 10MAR
2026-01-05 16:26:43 | WARNING  | [lf.day.no_flights] No direct flights on 10MAR
2026-01-05 16:26:43 | INFO     | [SUCCESS] Day 10MAR
2026-01-05 16:26:43 | INFO     | [DAY_START] Processing 09MAR
2026-01-05 16:26:43 | INFO     | [lf.day.start] Processing ATZ-AHB for 09MAR
2026-01-05 16:26:44 | WARNING  | [lf.day.no_flights] No direct flights on 09MAR
2026-01-05 16:26:44 | INFO     | [SUCCESS] Day 09MAR
2026-01-05 16:26:44 | INFO     | [DAY_START] Processing 08MAR
2026-01-05 16:26:44 | INFO     | [lf.day.start] Processing ATZ-AHB for 08MAR
2026-01-05 16:26:45 | WARNING  | [lf.day.no_flights] No direct flights on 08MAR
2026-01-05 16:26:45 | INFO     | [SUCCESS] Day 08MAR
2026-01-05 16:26:45 | INFO     | [SUCCESS] LF Search Complete
2026-01-05 16:26:47 | INFO     | [Worker_9232] Completed: ATZ-AHB - 8 results, 0 errors
2026-01-05 16:26:47 | INFO     | [Worker_9232] Processing: MED-CAI
2026-01-05 16:26:47 | INFO     |   Tier 0: Range 3, Chunk 4/4 (7 days)
