2026-01-05 16:24:51 | INFO     | ======================================================================
2026-01-05 16:24:51 | INFO     | Load Factor Scraper Started - Route: AHB-ATZ
2026-01-05 16:24:51 | INFO     | Log file: D:\CODERED\LAB\market_insights\outputs\run_generated_050126_at_16.15\logs\LF_AHB-ATZ_20260105_162451.log
2026-01-05 16:24:51 | INFO     | Enhanced logging: Capturing both logging.info() and print()
2026-01-05 16:24:51 | INFO     | ======================================================================
2026-01-05 16:24:51 | INFO     | Starting LF search for route: AHB-ATZ
2026-01-05 16:24:51 | INFO     | [START] LF Search
2026-01-05 16:24:52 | INFO     | [HEALTH CHECK] [OK] Chrome connection is healthy
2026-01-05 16:24:52 | INFO     | [DAY_START] Processing 15MAR
2026-01-05 16:24:52 | INFO     | [lf.day.start] Processing AHB-ATZ for 15MAR
2026-01-05 16:24:53 | WARNING  | [lf.day.no_flights] No direct flights on 15MAR
2026-01-05 16:24:53 | INFO     | [SUCCESS] Day 15MAR
2026-01-05 16:24:53 | INFO     | [DAY_START] Processing 14MAR
2026-01-05 16:24:53 | INFO     | [lf.day.start] Processing AHB-ATZ for 14MAR
2026-01-05 16:24:54 | WARNING  | [lf.day.no_flights] No direct flights on 14MAR
2026-01-05 16:24:54 | INFO     | [SUCCESS] Day 14MAR
2026-01-05 16:24:54 | INFO     | [DAY_START] Processing 13MAR
2026-01-05 16:24:54 | INFO     | [lf.day.start] Processing AHB-ATZ for 13MAR
2026-01-05 16:24:55 | INFO     | [lf.day.flights_found] Found 1 flights on 13MAR
2026-01-05 16:24:57 | INFO     | [lf.flight.extracted] SM446 on 13MAR: BKG=1, LF=0.6%
2026-01-05 16:25:00 | INFO     | [SUCCESS] Day 13MAR
2026-01-05 16:25:00 | INFO     | [DAY_START] Processing 12MAR
2026-01-05 16:25:00 | INFO     | [lf.day.start] Processing AHB-ATZ for 12MAR
2026-01-05 16:25:01 | WARNING  | [lf.day.no_flights] No direct flights on 12MAR
2026-01-05 16:25:01 | INFO     | [SUCCESS] Day 12MAR
2026-01-05 16:25:01 | INFO     | [DAY_START] Processing 11MAR
2026-01-05 16:25:01 | INFO     | [lf.day.start] Processing AHB-ATZ for 11MAR
2026-01-05 16:25:02 | WARNING  | [lf.day.no_flights] No direct flights on 11MAR
2026-01-05 16:25:02 | INFO     | [SUCCESS] Day 11MAR
2026-01-05 16:25:02 | INFO     | [DAY_START] Processing 10MAR
2026-01-05 16:25:02 | INFO     | [lf.day.start] Processing AHB-ATZ for 10MAR
2026-01-05 16:25:03 | WARNING  | [lf.day.no_flights] No direct flights on 10MAR
2026-01-05 16:25:03 | INFO     | [SUCCESS] Day 10MAR
2026-01-05 16:25:03 | INFO     | [DAY_START] Processing 09MAR
2026-01-05 16:25:03 | INFO     | [lf.day.start] Processing AHB-ATZ for 09MAR
2026-01-05 16:25:05 | WARNING  | [lf.day.no_flights] No direct flights on 09MAR
2026-01-05 16:25:05 | INFO     | [SUCCESS] Day 09MAR
2026-01-05 16:25:05 | INFO     | [DAY_START] Processing 08MAR
2026-01-05 16:25:05 | INFO     | [lf.day.start] Processing AHB-ATZ for 08MAR
2026-01-05 16:25:06 | WARNING  | [lf.day.no_flights] No direct flights on 08MAR
2026-01-05 16:25:06 | INFO     | [SUCCESS] Day 08MAR
2026-01-05 16:25:06 | INFO     | [SUCCESS] LF Search Complete
2026-01-05 16:25:08 | INFO     | [Worker_9227] Completed: AHB-ATZ - 8 results, 0 errors
2026-01-05 16:25:08 | INFO     | [Worker_9227] Processing: HBE-MED
2026-01-05 16:25:08 | INFO     |   Tier 0: Range 3, Chunk 3/4 (8 days)
