2026-01-05 16:28:31 | INFO     | ======================================================================
2026-01-05 16:28:31 | INFO     | Load Factor Scraper Started - Route: ATZ-JED
2026-01-05 16:28:31 | INFO     | Log file: D:\CODERED\LAB\market_insights\outputs\run_generated_050126_at_16.15\logs\LF_ATZ-JED_20260105_162831.log
2026-01-05 16:28:31 | INFO     | Enhanced logging: Capturing both logging.info() and print()
2026-01-05 16:28:31 | INFO     | ======================================================================
2026-01-05 16:28:31 | INFO     | Starting LF search for route: ATZ-JED
2026-01-05 16:28:31 | INFO     | [START] LF Search
2026-01-05 16:28:32 | INFO     | [HEALTH CHECK] [OK] Chrome connection is healthy
2026-01-05 16:28:32 | INFO     | [DAY_START] Processing 07MAR
2026-01-05 16:28:32 | INFO     | [lf.day.start] Processing ATZ-JED for 07MAR
2026-01-05 16:28:33 | INFO     | [lf.day.flights_found] Found 3 flights on 07MAR
2026-01-05 16:28:36 | INFO     | [lf.flight.extracted] SM491 on 07MAR: BKG=0, LF=0.0%
2026-01-05 16:28:39 | INFO     | [lf.flight.extracted] SM453 on 07MAR: BKG=1, LF=0.6%
2026-01-05 16:28:42 | INFO     | [lf.flight.extracted] SM455 on 07MAR: BKG=8, LF=4.5%
2026-01-05 16:28:45 | INFO     | [SUCCESS] Day 07MAR
2026-01-05 16:28:45 | INFO     | [DAY_START] Processing 06MAR
2026-01-05 16:28:45 | INFO     | [lf.day.start] Processing ATZ-JED for 06MAR
2026-01-05 16:28:46 | INFO     | [lf.day.flights_found] Found 1 flights on 06MAR
2026-01-05 16:28:48 | INFO     | [lf.flight.extracted] SM491 on 06MAR: BKG=1, LF=0.6%
2026-01-05 16:28:50 | INFO     | [SUCCESS] Day 06MAR
2026-01-05 16:28:50 | INFO     | [DAY_START] Processing 05MAR
2026-01-05 16:28:50 | INFO     | [lf.day.start] Processing ATZ-JED for 05MAR
2026-01-05 16:28:51 | INFO     | [lf.day.flights_found] Found 2 flights on 05MAR
2026-01-05 16:28:53 | INFO     | [lf.flight.extracted] SM453 on 05MAR: BKG=47, LF=26.3%
2026-01-05 16:28:56 | INFO     | [lf.flight.extracted] SM455 on 05MAR: BKG=2, LF=1.1%
2026-01-05 16:29:00 | INFO     | [SUCCESS] Day 05MAR
2026-01-05 16:29:00 | INFO     | [DAY_START] Processing 04MAR
2026-01-05 16:29:00 | INFO     | [lf.day.start] Processing ATZ-JED for 04MAR
2026-01-05 16:29:01 | INFO     | [lf.day.flights_found] Found 3 flights on 04MAR
2026-01-05 16:29:03 | INFO     | [lf.flight.extracted] SM453 on 04MAR: BKG=0, LF=0.0%
2026-01-05 16:29:06 | INFO     | [lf.flight.extracted] SM491 on 04MAR: BKG=0, LF=0.0%
2026-01-05 16:29:09 | INFO     | [lf.flight.extracted] SM421 on 04MAR: BKG=1, LF=0.6%
2026-01-05 16:29:12 | INFO     | [SUCCESS] Day 04MAR
2026-01-05 16:29:12 | INFO     | [DAY_START] Processing 03MAR
2026-01-05 16:29:12 | INFO     | [lf.day.start] Processing ATZ-JED for 03MAR
2026-01-05 16:29:13 | INFO     | [lf.day.flights_found] Found 2 flights on 03MAR
2026-01-05 16:29:14 | INFO     | [lf.flight.extracted] SM453 on 03MAR: BKG=0, LF=0.0%
2026-01-05 16:29:17 | INFO     | [lf.flight.extracted] SM455 on 03MAR: BKG=1, LF=0.6%
2026-01-05 16:29:20 | INFO     | [SUCCESS] Day 03MAR
2026-01-05 16:29:20 | INFO     | [DAY_START] Processing 02MAR
2026-01-05 16:29:20 | INFO     | [lf.day.start] Processing ATZ-JED for 02MAR
2026-01-05 16:29:21 | INFO     | [lf.day.flights_found] Found 4 flights on 02MAR
2026-01-05 16:29:23 | INFO     | [lf.flight.extracted] SM491 on 02MAR: BKG=0, LF=0.0%
2026-01-05 16:29:26 | INFO     | [lf.flight.extracted] SM455 on 02MAR: BKG=0, LF=0.0%
2026-01-05 16:29:29 | INFO     | [lf.flight.extracted] SM421 on 02MAR: BKG=3, LF=1.7%
2026-01-05 16:29:32 | INFO     | [lf.flight.extracted] SM453 on 02MAR: BKG=1, LF=0.6%
2026-01-05 16:29:36 | INFO     | [SUCCESS] Day 02MAR
2026-01-05 16:29:36 | INFO     | [DAY_START] Processing 01MAR
2026-01-05 16:29:36 | INFO     | [lf.day.start] Processing ATZ-JED for 01MAR
2026-01-05 16:29:37 | INFO     | [lf.day.flights_found] Found 2 flights on 01MAR
2026-01-05 16:29:39 | INFO     | [lf.flight.extracted] SM491 on 01MAR: BKG=6, LF=3.4%
2026-01-05 16:29:42 | INFO     | [lf.flight.extracted] SM455 on 01MAR: BKG=0, LF=0.0%
2026-01-05 16:29:44 | INFO     | [SUCCESS] Day 01MAR
2026-01-05 16:29:44 | INFO     | [SUCCESS] LF Search Complete
2026-01-05 16:29:46 | INFO     | [Worker_9226] Completed: ATZ-JED - 7 results, 0 errors
2026-01-05 16:29:46 | INFO     | [Worker_9226] Processing: MED-HBE
2026-01-05 16:29:46 | INFO     |   Tier 0: Range 2, Chunk 1/3 (10 days)
