2026-01-05 16:23:15 | INFO     | ======================================================================
2026-01-05 16:23:15 | INFO     | Load Factor Scraper Started - Route: ATZ-ELQ
2026-01-05 16:23:15 | INFO     | Log file: D:\CODERED\LAB\market_insights\outputs\run_generated_050126_at_16.15\logs\LF_ATZ-ELQ_20260105_162315.log
2026-01-05 16:23:15 | INFO     | Enhanced logging: Capturing both logging.info() and print()
2026-01-05 16:23:15 | INFO     | ======================================================================
2026-01-05 16:23:15 | INFO     | Starting LF search for route: ATZ-ELQ
2026-01-05 16:23:15 | INFO     | [START] LF Search
2026-01-05 16:23:16 | INFO     | [HEALTH CHECK] [OK] Chrome connection is healthy
2026-01-05 16:23:16 | INFO     | [DAY_START] Processing 23MAR
2026-01-05 16:23:16 | INFO     | [lf.day.start] Processing ATZ-ELQ for 23MAR
2026-01-05 16:23:17 | WARNING  | [lf.day.no_flights] No direct flights on 23MAR
2026-01-05 16:23:17 | INFO     | [SUCCESS] Day 23MAR
2026-01-05 16:23:17 | INFO     | [DAY_START] Processing 22MAR
2026-01-05 16:23:17 | INFO     | [lf.day.start] Processing ATZ-ELQ for 22MAR
2026-01-05 16:23:18 | WARNING  | [lf.day.no_flights] No direct flights on 22MAR
2026-01-05 16:23:18 | INFO     | [SUCCESS] Day 22MAR
2026-01-05 16:23:18 | INFO     | [DAY_START] Processing 21MAR
2026-01-05 16:23:18 | INFO     | [lf.day.start] Processing ATZ-ELQ for 21MAR
2026-01-05 16:23:19 | INFO     | [lf.day.flights_found] Found 1 flights on 21MAR
2026-01-05 16:23:21 | INFO     | [lf.flight.extracted] SM435 on 21MAR: BKG=2, LF=1.1%
2026-01-05 16:23:24 | INFO     | [SUCCESS] Day 21MAR
2026-01-05 16:23:24 | INFO     | [DAY_START] Processing 20MAR
2026-01-05 16:23:24 | INFO     | [lf.day.start] Processing ATZ-ELQ for 20MAR
2026-01-05 16:23:25 | WARNING  | [lf.day.no_flights] No direct flights on 20MAR
2026-01-05 16:23:25 | INFO     | [SUCCESS] Day 20MAR
2026-01-05 16:23:25 | INFO     | [DAY_START] Processing 19MAR
2026-01-05 16:23:25 | INFO     | [lf.day.start] Processing ATZ-ELQ for 19MAR
2026-01-05 16:23:26 | WARNING  | [lf.day.no_flights] No direct flights on 19MAR
2026-01-05 16:23:26 | INFO     | [SUCCESS] Day 19MAR
2026-01-05 16:23:26 | INFO     | [DAY_START] Processing 18MAR
2026-01-05 16:23:26 | INFO     | [lf.day.start] Processing ATZ-ELQ for 18MAR
2026-01-05 16:23:27 | WARNING  | [lf.day.no_flights] No direct flights on 18MAR
2026-01-05 16:23:27 | INFO     | [SUCCESS] Day 18MAR
2026-01-05 16:23:27 | INFO     | [DAY_START] Processing 17MAR
2026-01-05 16:23:27 | INFO     | [lf.day.start] Processing ATZ-ELQ for 17MAR
2026-01-05 16:23:28 | INFO     | [lf.day.flights_found] Found 1 flights on 17MAR
2026-01-05 16:23:30 | INFO     | [lf.flight.extracted] SM435 on 17MAR: BKG=0, LF=0.0%
2026-01-05 16:23:31 | INFO     | [SUCCESS] Day 17MAR
2026-01-05 16:23:31 | INFO     | [DAY_START] Processing 16MAR
2026-01-05 16:23:31 | INFO     | [lf.day.start] Processing ATZ-ELQ for 16MAR
2026-01-05 16:23:32 | WARNING  | [lf.day.no_flights] No direct flights on 16MAR
2026-01-05 16:23:32 | INFO     | [SUCCESS] Day 16MAR
2026-01-05 16:23:32 | INFO     | [SUCCESS] LF Search Complete
2026-01-05 16:23:34 | INFO     | [Worker_9234] Completed: ATZ-ELQ - 8 results, 0 errors
2026-01-05 16:23:34 | INFO     | [Worker_9234] Processing: JED-HBE
2026-01-05 16:23:34 | INFO     |   Tier 0: Range 3, Chunk 3/4 (8 days)
