2026-01-05 16:21:45 | INFO     | ======================================================================
2026-01-05 16:21:45 | INFO     | Load Factor Scraper Started - Route: ATZ-MED
2026-01-05 16:21:45 | INFO     | Log file: D:\CODERED\LAB\market_insights\outputs\run_generated_050126_at_16.15\logs\LF_ATZ-MED_20260105_162145.log
2026-01-05 16:21:45 | INFO     | Enhanced logging: Capturing both logging.info() and print()
2026-01-05 16:21:45 | INFO     | ======================================================================
2026-01-05 16:21:45 | INFO     | Starting LF search for route: ATZ-MED
2026-01-05 16:21:45 | INFO     | [START] LF Search
2026-01-05 16:21:46 | INFO     | [HEALTH CHECK] [OK] Chrome connection is healthy
2026-01-05 16:21:46 | INFO     | [DAY_START] Processing 23MAR
2026-01-05 16:21:46 | INFO     | [lf.day.start] Processing ATZ-MED for 23MAR
2026-01-05 16:21:47 | INFO     | [lf.day.flights_found] Found 1 flights on 23MAR
2026-01-05 16:21:49 | INFO     | [lf.flight.extracted] SM487 on 23MAR: BKG=0, LF=0.0%
2026-01-05 16:21:50 | INFO     | [SUCCESS] Day 23MAR
2026-01-05 16:21:50 | INFO     | [DAY_START] Processing 22MAR
2026-01-05 16:21:50 | INFO     | [lf.day.start] Processing ATZ-MED for 22MAR
2026-01-05 16:21:51 | INFO     | [lf.day.flights_found] Found 1 flights on 22MAR
2026-01-05 16:21:53 | INFO     | [lf.flight.extracted] SM963 on 22MAR: BKG=0, LF=0.0%
2026-01-05 16:21:54 | INFO     | [SUCCESS] Day 22MAR
2026-01-05 16:21:54 | INFO     | [DAY_START] Processing 21MAR
2026-01-05 16:21:54 | INFO     | [lf.day.start] Processing ATZ-MED for 21MAR
2026-01-05 16:21:55 | INFO     | [lf.day.flights_found] Found 1 flights on 21MAR
2026-01-05 16:21:57 | INFO     | [lf.flight.extracted] SM487 on 21MAR: BKG=0, LF=0.0%
2026-01-05 16:21:58 | INFO     | [SUCCESS] Day 21MAR
2026-01-05 16:21:58 | INFO     | [DAY_START] Processing 20MAR
2026-01-05 16:21:58 | INFO     | [lf.day.start] Processing ATZ-MED for 20MAR
2026-01-05 16:21:59 | INFO     | [lf.day.flights_found] Found 1 flights on 20MAR
2026-01-05 16:22:01 | INFO     | [lf.flight.extracted] SM963 on 20MAR: BKG=0, LF=0.0%
2026-01-05 16:22:02 | INFO     | [SUCCESS] Day 20MAR
2026-01-05 16:22:02 | INFO     | [DAY_START] Processing 19MAR
2026-01-05 16:22:02 | INFO     | [lf.day.start] Processing ATZ-MED for 19MAR
2026-01-05 16:22:03 | WARNING  | [lf.day.no_flights] No direct flights on 19MAR
2026-01-05 16:22:03 | INFO     | [SUCCESS] Day 19MAR
2026-01-05 16:22:03 | INFO     | [DAY_START] Processing 18MAR
2026-01-05 16:22:03 | INFO     | [lf.day.start] Processing ATZ-MED for 18MAR
2026-01-05 16:22:04 | WARNING  | [lf.day.no_flights] No direct flights on 18MAR
2026-01-05 16:22:04 | INFO     | [SUCCESS] Day 18MAR
2026-01-05 16:22:04 | INFO     | [DAY_START] Processing 17MAR
2026-01-05 16:22:04 | INFO     | [lf.day.start] Processing ATZ-MED for 17MAR
2026-01-05 16:22:05 | INFO     | [lf.day.flights_found] Found 1 flights on 17MAR
2026-01-05 16:22:07 | INFO     | [lf.flight.extracted] SM487 on 17MAR: BKG=0, LF=0.0%
2026-01-05 16:22:08 | INFO     | [SUCCESS] Day 17MAR
2026-01-05 16:22:08 | INFO     | [DAY_START] Processing 16MAR
2026-01-05 16:22:08 | INFO     | [lf.day.start] Processing ATZ-MED for 16MAR
2026-01-05 16:22:09 | INFO     | [lf.day.flights_found] Found 1 flights on 16MAR
2026-01-05 16:22:11 | INFO     | [lf.flight.extracted] SM487 on 16MAR: BKG=0, LF=0.0%
2026-01-05 16:22:12 | INFO     | [SUCCESS] Day 16MAR
2026-01-05 16:22:12 | INFO     | [SUCCESS] LF Search Complete
2026-01-05 16:22:14 | INFO     | [Worker_9226] Completed: ATZ-MED - 8 results, 0 errors
2026-01-05 16:22:14 | INFO     | [Worker_9226] Processing: ASW-JED
2026-01-05 16:22:14 | INFO     |   Tier 0: Range 3, Chunk 2/4 (8 days)
