2026-01-05 16:25:45 | INFO     | ======================================================================
2026-01-05 16:25:45 | INFO     | Load Factor Scraper Started - Route: CAI-DMM
2026-01-05 16:25:45 | INFO     | Log file: D:\CODERED\LAB\market_insights\outputs\run_generated_050126_at_16.15\logs\LF_CAI-DMM_20260105_162545.log
2026-01-05 16:25:45 | INFO     | Enhanced logging: Capturing both logging.info() and print()
2026-01-05 16:25:45 | INFO     | ======================================================================
2026-01-05 16:25:45 | INFO     | Starting LF search for route: CAI-DMM
2026-01-05 16:25:45 | INFO     | [START] LF Search
2026-01-05 16:25:46 | INFO     | [HEALTH CHECK] [OK] Chrome connection is healthy
2026-01-05 16:25:46 | INFO     | [DAY_START] Processing 15MAR
2026-01-05 16:25:46 | INFO     | [lf.day.start] Processing CAI-DMM for 15MAR
2026-01-05 16:25:47 | WARNING  | [lf.day.no_flights] No direct flights on 15MAR
2026-01-05 16:25:48 | INFO     | [SUCCESS] Day 15MAR
2026-01-05 16:25:48 | INFO     | [DAY_START] Processing 14MAR
2026-01-05 16:25:48 | INFO     | [lf.day.start] Processing CAI-DMM for 14MAR
2026-01-05 16:25:49 | INFO     | [lf.day.flights_found] Found 1 flights on 14MAR
2026-01-05 16:25:51 | INFO     | [lf.flight.extracted] SM433 on 14MAR: BKG=5, LF=2.8%
2026-01-05 16:25:53 | INFO     | [SUCCESS] Day 14MAR
2026-01-05 16:25:53 | INFO     | [DAY_START] Processing 13MAR
2026-01-05 16:25:53 | INFO     | [lf.day.start] Processing CAI-DMM for 13MAR
2026-01-05 16:25:54 | INFO     | [lf.day.flights_found] Found 1 flights on 13MAR
2026-01-05 16:25:56 | INFO     | [lf.flight.extracted] SM433 on 13MAR: BKG=3, LF=1.7%
2026-01-05 16:25:58 | INFO     | [SUCCESS] Day 13MAR
2026-01-05 16:25:58 | INFO     | [DAY_START] Processing 12MAR
2026-01-05 16:25:58 | INFO     | [lf.day.start] Processing CAI-DMM for 12MAR
2026-01-05 16:26:00 | INFO     | [lf.day.flights_found] Found 1 flights on 12MAR
2026-01-05 16:26:02 | INFO     | [lf.flight.extracted] SM433 on 12MAR: BKG=6, LF=3.4%
2026-01-05 16:26:04 | INFO     | [SUCCESS] Day 12MAR
2026-01-05 16:26:04 | INFO     | [DAY_START] Processing 11MAR
2026-01-05 16:26:04 | INFO     | [lf.day.start] Processing CAI-DMM for 11MAR
2026-01-05 16:26:05 | WARNING  | [lf.day.no_flights] No direct flights on 11MAR
2026-01-05 16:26:05 | INFO     | [SUCCESS] Day 11MAR
2026-01-05 16:26:05 | INFO     | [DAY_START] Processing 10MAR
2026-01-05 16:26:05 | INFO     | [lf.day.start] Processing CAI-DMM for 10MAR
2026-01-05 16:26:06 | INFO     | [lf.day.flights_found] Found 1 flights on 10MAR
2026-01-05 16:26:08 | INFO     | [lf.flight.extracted] SM433 on 10MAR: BKG=2, LF=1.1%
2026-01-05 16:26:10 | INFO     | [SUCCESS] Day 10MAR
2026-01-05 16:26:10 | INFO     | [DAY_START] Processing 09MAR
2026-01-05 16:26:10 | INFO     | [lf.day.start] Processing CAI-DMM for 09MAR
2026-01-05 16:26:12 | WARNING  | [lf.day.no_flights] No direct flights on 09MAR
2026-01-05 16:26:12 | INFO     | [SUCCESS] Day 09MAR
2026-01-05 16:26:12 | INFO     | [DAY_START] Processing 08MAR
2026-01-05 16:26:12 | INFO     | [lf.day.start] Processing CAI-DMM for 08MAR
2026-01-05 16:26:13 | WARNING  | [lf.day.no_flights] No direct flights on 08MAR
2026-01-05 16:26:13 | INFO     | [SUCCESS] Day 08MAR
2026-01-05 16:26:13 | INFO     | [SUCCESS] LF Search Complete
2026-01-05 16:26:15 | INFO     | [Worker_9232] Completed: CAI-DMM - 8 results, 0 errors
2026-01-05 16:26:15 | INFO     | [Worker_9232] Processing: ATZ-AJF
2026-01-05 16:26:15 | INFO     |   Tier 0: Range 3, Chunk 3/4 (8 days)
