2026-01-05 16:31:44 | INFO     | ======================================================================
2026-01-05 16:31:44 | INFO     | Load Factor Scraper Started - Route: CAI-MED
2026-01-05 16:31:44 | INFO     | Log file: D:\CODERED\LAB\market_insights\outputs\run_generated_050126_at_16.15\logs\LF_CAI-MED_20260105_163144.log
2026-01-05 16:31:44 | INFO     | Enhanced logging: Capturing both logging.info() and print()
2026-01-05 16:31:44 | INFO     | ======================================================================
2026-01-05 16:31:44 | INFO     | Starting LF search for route: CAI-MED
2026-01-05 16:31:44 | INFO     | [START] LF Search
2026-01-05 16:31:45 | INFO     | [HEALTH CHECK] [OK] Chrome connection is healthy
2026-01-05 16:31:45 | INFO     | [DAY_START] Processing 28FEB
2026-01-05 16:31:45 | INFO     | [lf.day.start] Processing CAI-MED for 28FEB
2026-01-05 16:31:46 | INFO     | [lf.day.flights_found] Found 1 flights on 28FEB
2026-01-05 16:31:48 | INFO     | [lf.flight.extracted] SM493 on 28FEB: BKG=177, LF=98.9%
2026-01-05 16:31:52 | INFO     | [SUCCESS] Day 28FEB
2026-01-05 16:31:52 | INFO     | [DAY_START] Processing 27FEB
2026-01-05 16:31:52 | INFO     | [lf.day.start] Processing CAI-MED for 27FEB
2026-01-05 16:31:53 | WARNING  | [lf.day.no_flights] No direct flights on 27FEB
2026-01-05 16:31:53 | INFO     | [SUCCESS] Day 27FEB
2026-01-05 16:31:53 | INFO     | [DAY_START] Processing 26FEB
2026-01-05 16:31:53 | INFO     | [lf.day.start] Processing CAI-MED for 26FEB
2026-01-05 16:31:54 | INFO     | [lf.day.flights_found] Found 1 flights on 26FEB
2026-01-05 16:31:56 | INFO     | [lf.flight.extracted] SM493 on 26FEB: BKG=142, LF=80.7%
2026-01-05 16:32:00 | INFO     | [SUCCESS] Day 26FEB
2026-01-05 16:32:00 | INFO     | [DAY_START] Processing 25FEB
2026-01-05 16:32:00 | INFO     | [lf.day.start] Processing CAI-MED for 25FEB
2026-01-05 16:32:01 | WARNING  | [lf.day.no_flights] No direct flights on 25FEB
2026-01-05 16:32:01 | INFO     | [SUCCESS] Day 25FEB
2026-01-05 16:32:01 | INFO     | [DAY_START] Processing 24FEB
2026-01-05 16:32:01 | INFO     | [lf.day.start] Processing CAI-MED for 24FEB
2026-01-05 16:32:02 | INFO     | [lf.day.flights_found] Found 1 flights on 24FEB
2026-01-05 16:32:04 | INFO     | [lf.flight.extracted] SM493 on 24FEB: BKG=173, LF=96.7%
2026-01-05 16:32:07 | INFO     | [SUCCESS] Day 24FEB
2026-01-05 16:32:07 | INFO     | [DAY_START] Processing 23FEB
2026-01-05 16:32:07 | INFO     | [lf.day.start] Processing CAI-MED for 23FEB
2026-01-05 16:32:08 | INFO     | [lf.day.flights_found] Found 1 flights on 23FEB
2026-01-05 16:32:10 | INFO     | [lf.flight.extracted] SM495 on 23FEB: BKG=169, LF=94.4%
2026-01-05 16:32:13 | INFO     | [SUCCESS] Day 23FEB
2026-01-05 16:32:13 | INFO     | [DAY_START] Processing 22FEB
2026-01-05 16:32:13 | INFO     | [lf.day.start] Processing CAI-MED for 22FEB
2026-01-05 16:32:14 | INFO     | [lf.day.flights_found] Found 1 flights on 22FEB
2026-01-05 16:32:16 | INFO     | [lf.flight.extracted] SM493 on 22FEB: BKG=177, LF=98.9%
2026-01-05 16:32:20 | INFO     | [SUCCESS] Day 22FEB
2026-01-05 16:32:20 | INFO     | [DAY_START] Processing 21FEB
2026-01-05 16:32:20 | INFO     | [lf.day.start] Processing CAI-MED for 21FEB
2026-01-05 16:32:20 | INFO     | [lf.day.flights_found] Found 1 flights on 21FEB
2026-01-05 16:33:24 | INFO     | [lf.day.start] Processing CAI-MED for 21FEB
2026-01-05 16:33:24 | INFO     | [lf.day.flights_found] Found 1 flights on 21FEB
2026-01-05 16:33:26 | INFO     | [lf.flight.extracted] SM493 on 21FEB: BKG=177, LF=98.9%
2026-01-05 16:33:30 | INFO     | [SUCCESS] Day 21FEB
2026-01-05 16:33:30 | INFO     | [DAY_START] Processing 20FEB
2026-01-05 16:33:30 | INFO     | [lf.day.start] Processing CAI-MED for 20FEB
2026-01-05 16:33:31 | INFO     | [lf.day.flights_found] Found 2 flights on 20FEB
2026-01-05 16:33:33 | INFO     | [lf.flight.extracted] SM971 on 20FEB: BKG=170, LF=96.6%
2026-01-05 16:33:36 | INFO     | [lf.flight.extracted] SM983 on 20FEB: BKG=170, LF=95.0%
2026-01-05 16:33:40 | INFO     | [SUCCESS] Day 20FEB
2026-01-05 16:33:40 | INFO     | [DAY_START] Processing 19FEB
2026-01-05 16:33:40 | INFO     | [lf.day.start] Processing CAI-MED for 19FEB
2026-01-05 16:33:41 | INFO     | [lf.day.flights_found] Found 1 flights on 19FEB
2026-01-05 16:33:42 | INFO     | [lf.flight.extracted] SM493 on 19FEB: BKG=153, LF=85.5%
2026-01-05 16:33:46 | INFO     | [SUCCESS] Day 19FEB
2026-01-05 16:33:46 | INFO     | [SUCCESS] LF Search Complete
2026-01-05 16:33:48 | INFO     | [Worker_9226] Completed: CAI-MED - 10 results, 0 errors
2026-01-05 16:33:48 | INFO     | [Worker_9226] Processing: ASW-JED
2026-01-05 16:33:48 | INFO     |   Tier 0: Range 2, Chunk 1/3 (10 days)
