2026-01-05 16:28:46 | INFO     | ======================================================================
2026-01-05 16:28:46 | INFO     | Load Factor Scraper Started - Route: CAI-RUH
2026-01-05 16:28:46 | INFO     | Log file: D:\CODERED\LAB\market_insights\outputs\run_generated_050126_at_16.15\logs\LF_CAI-RUH_20260105_162846.log
2026-01-05 16:28:46 | INFO     | Enhanced logging: Capturing both logging.info() and print()
2026-01-05 16:28:46 | INFO     | ======================================================================
2026-01-05 16:28:46 | INFO     | Starting LF search for route: CAI-RUH
2026-01-05 16:28:46 | INFO     | [START] LF Search
2026-01-05 16:28:46 | INFO     | [HEALTH CHECK] [OK] Chrome connection is healthy
2026-01-05 16:28:46 | INFO     | [DAY_START] Processing 07MAR
2026-01-05 16:28:46 | INFO     | [lf.day.start] Processing CAI-RUH for 07MAR
2026-01-05 16:28:47 | INFO     | [lf.day.flights_found] Found 1 flights on 07MAR
2026-01-05 16:28:50 | INFO     | [lf.flight.extracted] SM461 on 07MAR: BKG=1, LF=0.6%
2026-01-05 16:28:52 | INFO     | [SUCCESS] Day 07MAR
2026-01-05 16:28:52 | INFO     | [DAY_START] Processing 06MAR
2026-01-05 16:28:52 | INFO     | [lf.day.start] Processing CAI-RUH for 06MAR
2026-01-05 16:28:53 | INFO     | [lf.day.flights_found] Found 2 flights on 06MAR
2026-01-05 16:28:55 | INFO     | [lf.flight.extracted] SM461 on 06MAR: BKG=1, LF=0.6%
2026-01-05 16:28:58 | INFO     | [lf.flight.extracted] SM469 on 06MAR: BKG=2, LF=1.1%
2026-01-05 16:29:02 | INFO     | [SUCCESS] Day 06MAR
2026-01-05 16:29:02 | INFO     | [DAY_START] Processing 05MAR
2026-01-05 16:29:02 | INFO     | [lf.day.start] Processing CAI-RUH for 05MAR
2026-01-05 16:29:03 | INFO     | [lf.day.flights_found] Found 1 flights on 05MAR
2026-01-05 16:29:05 | INFO     | [lf.flight.extracted] SM461 on 05MAR: BKG=5, LF=2.8%
2026-01-05 16:29:07 | INFO     | [SUCCESS] Day 05MAR
2026-01-05 16:29:07 | INFO     | [DAY_START] Processing 04MAR
2026-01-05 16:29:07 | INFO     | [lf.day.start] Processing CAI-RUH for 04MAR
2026-01-05 16:29:08 | INFO     | [lf.day.flights_found] Found 2 flights on 04MAR
2026-01-05 16:29:10 | INFO     | [lf.flight.extracted] SM461 on 04MAR: BKG=4, LF=2.2%
2026-01-05 16:29:13 | INFO     | [lf.flight.extracted] SM469 on 04MAR: BKG=5, LF=2.8%
2026-01-05 16:29:17 | INFO     | [SUCCESS] Day 04MAR
2026-01-05 16:29:17 | INFO     | [DAY_START] Processing 03MAR
2026-01-05 16:29:17 | INFO     | [lf.day.start] Processing CAI-RUH for 03MAR
2026-01-05 16:29:18 | INFO     | [lf.day.flights_found] Found 1 flights on 03MAR
2026-01-05 16:29:20 | INFO     | [lf.flight.extracted] SM469 on 03MAR: BKG=2, LF=1.1%
2026-01-05 16:29:22 | INFO     | [SUCCESS] Day 03MAR
2026-01-05 16:29:22 | INFO     | [DAY_START] Processing 02MAR
2026-01-05 16:29:22 | INFO     | [lf.day.start] Processing CAI-RUH for 02MAR
2026-01-05 16:29:23 | INFO     | [lf.day.flights_found] Found 1 flights on 02MAR
2026-01-05 16:29:25 | INFO     | [lf.flight.extracted] SM469 on 02MAR: BKG=8, LF=4.5%
2026-01-05 16:29:28 | INFO     | [SUCCESS] Day 02MAR
2026-01-05 16:29:28 | INFO     | [DAY_START] Processing 01MAR
2026-01-05 16:29:28 | INFO     | [lf.day.start] Processing CAI-RUH for 01MAR
2026-01-05 16:29:29 | INFO     | [lf.day.flights_found] Found 1 flights on 01MAR
2026-01-05 16:29:30 | INFO     | [lf.flight.extracted] SM461 on 01MAR: BKG=6, LF=3.4%
2026-01-05 16:29:33 | INFO     | [SUCCESS] Day 01MAR
2026-01-05 16:29:33 | INFO     | [SUCCESS] LF Search Complete
2026-01-05 16:29:35 | INFO     | [Worker_9227] Completed: CAI-RUH - 7 results, 0 errors
2026-01-05 16:29:35 | INFO     | [Worker_9227] Processing: ATZ-ELQ
2026-01-05 16:29:35 | INFO     |   Tier 0: Range 3, Chunk 4/4 (7 days)
