2026-01-05 16:31:59 | INFO     | ======================================================================
2026-01-05 16:31:59 | INFO     | Load Factor Scraper Started - Route: CAI-JED
2026-01-05 16:31:59 | INFO     | Log file: D:\CODERED\LAB\market_insights\outputs\run_generated_050126_at_16.15\logs\LF_CAI-JED_20260105_163159.log
2026-01-05 16:31:59 | INFO     | Enhanced logging: Capturing both logging.info() and print()
2026-01-05 16:31:59 | INFO     | ======================================================================
2026-01-05 16:31:59 | INFO     | Starting LF search for route: CAI-JED
2026-01-05 16:31:59 | INFO     | [START] LF Search
2026-01-05 16:32:00 | INFO     | [HEALTH CHECK] [OK] Chrome connection is healthy
2026-01-05 16:32:00 | INFO     | [DAY_START] Processing 28FEB
2026-01-05 16:32:00 | INFO     | [lf.day.start] Processing CAI-JED for 28FEB
2026-01-05 16:32:01 | INFO     | [lf.day.flights_found] Found 4 flights on 28FEB
2026-01-05 16:32:03 | INFO     | [lf.flight.extracted] SM449 on 28FEB: BKG=24, LF=13.4%
2026-01-05 16:32:06 | INFO     | [lf.flight.extracted] SM475 on 28FEB: BKG=15, LF=8.4%
2026-01-05 16:32:09 | INFO     | [lf.flight.extracted] SM477 on 28FEB: BKG=25, LF=14.0%
2026-01-05 16:32:12 | INFO     | [lf.flight.extracted] SM423 on 28FEB: BKG=27, LF=15.1%
2026-01-05 16:33:12 | INFO     | [lf.day.start] Processing CAI-JED for 28FEB
2026-01-05 16:33:15 | INFO     | [lf.day.flights_found] Found 4 flights on 28FEB
2026-01-05 16:33:17 | INFO     | [lf.flight.extracted] SM449 on 28FEB: BKG=24, LF=13.4%
2026-01-05 16:33:20 | INFO     | [lf.flight.extracted] SM475 on 28FEB: BKG=15, LF=8.4%
2026-01-05 16:33:23 | INFO     | [lf.flight.extracted] SM477 on 28FEB: BKG=25, LF=14.0%
2026-01-05 16:33:27 | INFO     | [lf.flight.extracted] SM423 on 28FEB: BKG=27, LF=15.1%
2026-01-05 16:33:37 | INFO     | [SUCCESS] Day 28FEB
2026-01-05 16:33:37 | INFO     | [DAY_START] Processing 27FEB
2026-01-05 16:33:37 | INFO     | [lf.day.start] Processing CAI-JED for 27FEB
2026-01-05 16:33:38 | INFO     | [lf.day.flights_found] Found 6 flights on 27FEB
2026-01-05 16:33:39 | INFO     | [lf.flight.extracted] SM475 on 27FEB: BKG=109, LF=60.9%
2026-01-05 16:33:43 | INFO     | [lf.flight.extracted] SM477 on 27FEB: BKG=113, LF=63.1%
2026-01-05 16:33:46 | INFO     | [lf.flight.extracted] SM479 on 27FEB: BKG=108, LF=60.3%
2026-01-05 16:33:49 | INFO     | [lf.flight.extracted] SM471 on 27FEB: BKG=103, LF=57.5%
2026-01-05 16:33:52 | INFO     | [lf.flight.extracted] SM459 on 27FEB: BKG=108, LF=60.3%
2026-01-05 16:33:55 | INFO     | [lf.flight.extracted] SM2481 on 27FEB: BKG=0, LF=0.0%
2026-01-05 16:34:05 | INFO     | [SUCCESS] Day 27FEB
2026-01-05 16:34:05 | INFO     | [DAY_START] Processing 26FEB
2026-01-05 16:34:05 | INFO     | [lf.day.start] Processing CAI-JED for 26FEB
2026-01-05 16:34:06 | INFO     | [lf.day.flights_found] Found 7 flights on 26FEB
2026-01-05 16:34:08 | INFO     | [lf.flight.extracted] SM449 on 26FEB: BKG=144, LF=81.8%
2026-01-05 16:34:11 | INFO     | [lf.flight.extracted] SM2483 on 26FEB: BKG=160, LF=88.9%
2026-01-05 16:34:15 | INFO     | [lf.flight.extracted] SM475 on 26FEB: BKG=145, LF=81.0%
2026-01-05 16:34:18 | INFO     | [lf.flight.extracted] SM431 on 26FEB: BKG=138, LF=77.1%
2026-01-05 16:34:21 | INFO     | [lf.flight.extracted] SM477 on 26FEB: BKG=142, LF=79.3%
2026-01-05 16:34:24 | INFO     | [lf.flight.extracted] SM479 on 26FEB: BKG=144, LF=80.5%
2026-01-05 16:34:27 | INFO     | [lf.flight.extracted] SM423 on 26FEB: BKG=170, LF=96.6%
2026-01-05 16:34:38 | INFO     | [SUCCESS] Day 26FEB
2026-01-05 16:34:38 | INFO     | [DAY_START] Processing 25FEB
2026-01-05 16:34:38 | INFO     | [lf.day.start] Processing CAI-JED for 25FEB
2026-01-05 16:34:38 | INFO     | [lf.day.flights_found] Found 5 flights on 25FEB
2026-01-05 16:34:40 | INFO     | [lf.flight.extracted] SM423 on 25FEB: BKG=164, LF=91.6%
2026-01-05 16:34:44 | INFO     | [lf.flight.extracted] SM475 on 25FEB: BKG=150, LF=83.8%
2026-01-05 16:34:47 | INFO     | [lf.flight.extracted] SM459 on 25FEB: BKG=145, LF=81.0%
2026-01-05 16:34:50 | INFO     | [lf.flight.extracted] SM477 on 25FEB: BKG=146, LF=81.6%
2026-01-05 16:34:54 | INFO     | [lf.flight.extracted] SM471 on 25FEB: BKG=153, LF=85.5%
2026-01-05 16:35:06 | INFO     | [SUCCESS] Day 25FEB
2026-01-05 16:35:06 | INFO     | [DAY_START] Processing 24FEB
2026-01-05 16:35:06 | INFO     | [lf.day.start] Processing CAI-JED for 24FEB
2026-01-05 16:35:07 | INFO     | [lf.day.flights_found] Found 7 flights on 24FEB
2026-01-05 16:35:09 | INFO     | [lf.flight.extracted] SM471 on 24FEB: BKG=158, LF=87.8%
2026-01-05 16:35:12 | INFO     | [lf.flight.extracted] SM975 on 24FEB: BKG=170, LF=95.0%
