2026-01-05 16:19:13 | INFO     | ======================================================================
2026-01-05 16:19:13 | INFO     | Load Factor Scraper Started - Route: CAI-AJF
2026-01-05 16:19:13 | INFO     | Log file: D:\CODERED\LAB\market_insights\outputs\run_generated_050126_at_16.15\logs\LF_CAI-AJF_20260105_161913.log
2026-01-05 16:19:13 | INFO     | Enhanced logging: Capturing both logging.info() and print()
2026-01-05 16:19:13 | INFO     | ======================================================================
2026-01-05 16:19:13 | INFO     | Starting LF search for route: CAI-AJF
2026-01-05 16:19:13 | INFO     | [START] LF Search
2026-01-05 16:19:14 | INFO     | [HEALTH CHECK] [OK] Chrome connection is healthy
2026-01-05 16:19:14 | INFO     | [DAY_START] Processing 31MAR
2026-01-05 16:19:14 | INFO     | [lf.day.start] Processing CAI-AJF for 31MAR
2026-01-05 16:19:15 | WARNING  | [lf.day.no_flights] No direct flights on 31MAR
2026-01-05 16:19:15 | INFO     | [SUCCESS] Day 31MAR
2026-01-05 16:19:15 | INFO     | [DAY_START] Processing 30MAR
2026-01-05 16:19:15 | INFO     | [lf.day.start] Processing CAI-AJF for 30MAR
2026-01-05 16:19:16 | WARNING  | [lf.day.no_flights] No direct flights on 30MAR
2026-01-05 16:19:16 | INFO     | [SUCCESS] Day 30MAR
2026-01-05 16:19:16 | INFO     | [DAY_START] Processing 29MAR
2026-01-05 16:19:16 | INFO     | [lf.day.start] Processing CAI-AJF for 29MAR
2026-01-05 16:19:17 | WARNING  | [lf.day.no_flights] No direct flights on 29MAR
2026-01-05 16:19:17 | INFO     | [SUCCESS] Day 29MAR
2026-01-05 16:19:17 | INFO     | [DAY_START] Processing 28MAR
2026-01-05 16:19:17 | INFO     | [lf.day.start] Processing CAI-AJF for 28MAR
2026-01-05 16:19:18 | INFO     | [lf.day.flights_found] Found 1 flights on 28MAR
2026-01-05 16:19:20 | INFO     | [lf.flight.extracted] SM321 on 28MAR: BKG=47, LF=26.3%
2026-01-05 16:19:24 | INFO     | [SUCCESS] Day 28MAR
2026-01-05 16:19:24 | INFO     | [DAY_START] Processing 27MAR
2026-01-05 16:19:24 | INFO     | [lf.day.start] Processing CAI-AJF for 27MAR
2026-01-05 16:19:25 | WARNING  | [lf.day.no_flights] No direct flights on 27MAR
2026-01-05 16:19:26 | INFO     | [SUCCESS] Day 27MAR
2026-01-05 16:19:26 | INFO     | [DAY_START] Processing 26MAR
2026-01-05 16:19:26 | INFO     | [lf.day.start] Processing CAI-AJF for 26MAR
2026-01-05 16:19:27 | INFO     | [lf.day.flights_found] Found 1 flights on 26MAR
2026-01-05 16:19:29 | INFO     | [lf.flight.extracted] SM321 on 26MAR: BKG=13, LF=7.3%
2026-01-05 16:19:31 | INFO     | [SUCCESS] Day 26MAR
2026-01-05 16:19:31 | INFO     | [DAY_START] Processing 25MAR
2026-01-05 16:19:31 | INFO     | [lf.day.start] Processing CAI-AJF for 25MAR
2026-01-05 16:19:32 | WARNING  | [lf.day.no_flights] No direct flights on 25MAR
2026-01-05 16:19:32 | INFO     | [SUCCESS] Day 25MAR
2026-01-05 16:19:32 | INFO     | [DAY_START] Processing 24MAR
2026-01-05 16:19:32 | INFO     | [lf.day.start] Processing CAI-AJF for 24MAR
2026-01-05 16:19:33 | INFO     | [lf.day.flights_found] Found 1 flights on 24MAR
2026-01-05 16:19:35 | INFO     | [lf.flight.extracted] SM321 on 24MAR: BKG=5, LF=2.8%
2026-01-05 16:19:38 | INFO     | [SUCCESS] Day 24MAR
2026-01-05 16:19:38 | INFO     | [SUCCESS] LF Search Complete
2026-01-05 16:19:40 | INFO     | [Worker_9232] Completed: CAI-AJF - 8 results, 0 errors
2026-01-05 16:19:40 | INFO     | [Worker_9232] Processing: CAI-GIZ
2026-01-05 16:19:40 | INFO     |   Tier 0: Range 3, Chunk 1/4 (8 days)
