2026-01-05 16:28:11 | INFO     | ======================================================================
2026-01-05 16:28:11 | INFO     | Load Factor Scraper Started - Route: CAI-MED
2026-01-05 16:28:11 | INFO     | Log file: D:\CODERED\LAB\market_insights\outputs\run_generated_050126_at_16.15\logs\LF_CAI-MED_20260105_162811.log
2026-01-05 16:28:11 | INFO     | Enhanced logging: Capturing both logging.info() and print()
2026-01-05 16:28:11 | INFO     | ======================================================================
2026-01-05 16:28:11 | INFO     | Starting LF search for route: CAI-MED
2026-01-05 16:28:11 | INFO     | [START] LF Search
2026-01-05 16:28:12 | INFO     | [HEALTH CHECK] [OK] Chrome connection is healthy
2026-01-05 16:28:12 | INFO     | [DAY_START] Processing 07MAR
2026-01-05 16:28:12 | INFO     | [lf.day.start] Processing CAI-MED for 07MAR
2026-01-05 16:28:13 | INFO     | [lf.day.flights_found] Found 1 flights on 07MAR
2026-01-05 16:28:14 | INFO     | [lf.flight.extracted] SM493 on 07MAR: BKG=62, LF=34.6%
2026-01-05 16:28:19 | INFO     | [SUCCESS] Day 07MAR
2026-01-05 16:28:19 | INFO     | [DAY_START] Processing 06MAR
2026-01-05 16:28:19 | INFO     | [lf.day.start] Processing CAI-MED for 06MAR
2026-01-05 16:28:20 | WARNING  | [lf.day.no_flights] No direct flights on 06MAR
2026-01-05 16:28:20 | INFO     | [SUCCESS] Day 06MAR
2026-01-05 16:28:20 | INFO     | [DAY_START] Processing 05MAR
2026-01-05 16:28:20 | INFO     | [lf.day.start] Processing CAI-MED for 05MAR
2026-01-05 16:28:21 | INFO     | [lf.day.flights_found] Found 1 flights on 05MAR
2026-01-05 16:28:23 | INFO     | [lf.flight.extracted] SM493 on 05MAR: BKG=165, LF=93.8%
2026-01-05 16:28:28 | INFO     | [SUCCESS] Day 05MAR
2026-01-05 16:28:28 | INFO     | [DAY_START] Processing 04MAR
2026-01-05 16:28:28 | INFO     | [lf.day.start] Processing CAI-MED for 04MAR
2026-01-05 16:28:29 | WARNING  | [lf.day.no_flights] No direct flights on 04MAR
2026-01-05 16:28:29 | INFO     | [SUCCESS] Day 04MAR
2026-01-05 16:28:29 | INFO     | [DAY_START] Processing 03MAR
2026-01-05 16:28:29 | INFO     | [lf.day.start] Processing CAI-MED for 03MAR
2026-01-05 16:28:30 | INFO     | [lf.day.flights_found] Found 1 flights on 03MAR
2026-01-05 16:28:32 | INFO     | [lf.flight.extracted] SM493 on 03MAR: BKG=80, LF=44.7%
2026-01-05 16:28:35 | INFO     | [SUCCESS] Day 03MAR
2026-01-05 16:28:35 | INFO     | [DAY_START] Processing 02MAR
2026-01-05 16:28:35 | INFO     | [lf.day.start] Processing CAI-MED for 02MAR
2026-01-05 16:28:36 | INFO     | [lf.day.flights_found] Found 1 flights on 02MAR
2026-01-05 16:28:38 | INFO     | [lf.flight.extracted] SM495 on 02MAR: BKG=25, LF=14.0%
2026-01-05 16:28:41 | INFO     | [SUCCESS] Day 02MAR
2026-01-05 16:28:41 | INFO     | [DAY_START] Processing 01MAR
2026-01-05 16:28:41 | INFO     | [lf.day.start] Processing CAI-MED for 01MAR
2026-01-05 16:28:42 | INFO     | [lf.day.flights_found] Found 1 flights on 01MAR
2026-01-05 16:28:44 | INFO     | [lf.flight.extracted] SM493 on 01MAR: BKG=59, LF=33.0%
2026-01-05 16:28:47 | INFO     | [SUCCESS] Day 01MAR
2026-01-05 16:28:47 | INFO     | [SUCCESS] LF Search Complete
2026-01-05 16:28:49 | INFO     | [Worker_9225] Completed: CAI-MED - 7 results, 0 errors
2026-01-05 16:28:49 | INFO     | [Worker_9225] Processing: CAI-DMM
2026-01-05 16:28:49 | INFO     |   Tier 0: Range 3, Chunk 4/4 (7 days)
