2026-01-05 16:30:44 | INFO     | ======================================================================
2026-01-05 16:30:44 | INFO     | Load Factor Scraper Started - Route: DMM-CAI
2026-01-05 16:30:44 | INFO     | Log file: D:\CODERED\LAB\market_insights\outputs\run_generated_050126_at_16.15\logs\LF_DMM-CAI_20260105_163044.log
2026-01-05 16:30:44 | INFO     | Enhanced logging: Capturing both logging.info() and print()
2026-01-05 16:30:44 | INFO     | ======================================================================
2026-01-05 16:30:44 | INFO     | Starting LF search for route: DMM-CAI
2026-01-05 16:30:44 | INFO     | [START] LF Search
2026-01-05 16:30:45 | INFO     | [HEALTH CHECK] [OK] Chrome connection is healthy
2026-01-05 16:30:45 | INFO     | [DAY_START] Processing 28FEB
2026-01-05 16:30:45 | INFO     | [lf.day.start] Processing DMM-CAI for 28FEB
2026-01-05 16:30:46 | INFO     | [lf.day.flights_found] Found 1 flights on 28FEB
2026-01-05 16:30:48 | INFO     | [lf.flight.extracted] SM434 on 28FEB: BKG=11, LF=6.3%
2026-01-05 16:30:51 | INFO     | [SUCCESS] Day 28FEB
2026-01-05 16:30:51 | INFO     | [DAY_START] Processing 27FEB
2026-01-05 16:30:51 | INFO     | [lf.day.start] Processing DMM-CAI for 27FEB
2026-01-05 16:30:52 | INFO     | [lf.day.flights_found] Found 1 flights on 27FEB
2026-01-05 16:30:53 | INFO     | [lf.flight.extracted] SM434 on 27FEB: BKG=14, LF=8.0%
2026-01-05 16:30:56 | INFO     | [SUCCESS] Day 27FEB
2026-01-05 16:30:56 | INFO     | [DAY_START] Processing 26FEB
2026-01-05 16:30:56 | INFO     | [lf.day.start] Processing DMM-CAI for 26FEB
2026-01-05 16:30:57 | INFO     | [lf.day.flights_found] Found 1 flights on 26FEB
2026-01-05 16:30:59 | INFO     | [lf.flight.extracted] SM434 on 26FEB: BKG=5, LF=2.9%
2026-01-05 16:31:01 | INFO     | [SUCCESS] Day 26FEB
2026-01-05 16:31:01 | INFO     | [DAY_START] Processing 25FEB
2026-01-05 16:31:01 | INFO     | [lf.day.start] Processing DMM-CAI for 25FEB
2026-01-05 16:31:02 | WARNING  | [lf.day.no_flights] No direct flights on 25FEB
2026-01-05 16:31:02 | INFO     | [SUCCESS] Day 25FEB
2026-01-05 16:31:02 | INFO     | [DAY_START] Processing 24FEB
2026-01-05 16:31:02 | INFO     | [lf.day.start] Processing DMM-CAI for 24FEB
2026-01-05 16:31:03 | INFO     | [lf.day.flights_found] Found 1 flights on 24FEB
2026-01-05 16:31:05 | INFO     | [lf.flight.extracted] SM434 on 24FEB: BKG=25, LF=14.3%
2026-01-05 16:31:08 | INFO     | [SUCCESS] Day 24FEB
2026-01-05 16:31:08 | INFO     | [DAY_START] Processing 23FEB
2026-01-05 16:31:08 | INFO     | [lf.day.start] Processing DMM-CAI for 23FEB
2026-01-05 16:31:09 | WARNING  | [lf.day.no_flights] No direct flights on 23FEB
2026-01-05 16:31:10 | INFO     | [SUCCESS] Day 23FEB
2026-01-05 16:31:10 | INFO     | [DAY_START] Processing 22FEB
2026-01-05 16:31:10 | INFO     | [lf.day.start] Processing DMM-CAI for 22FEB
2026-01-05 16:31:10 | WARNING  | [lf.day.no_flights] No direct flights on 22FEB
2026-01-05 16:31:11 | INFO     | [SUCCESS] Day 22FEB
2026-01-05 16:31:11 | INFO     | [DAY_START] Processing 21FEB
2026-01-05 16:31:11 | INFO     | [lf.day.start] Processing DMM-CAI for 21FEB
2026-01-05 16:31:12 | INFO     | [lf.day.flights_found] Found 1 flights on 21FEB
2026-01-05 16:31:14 | INFO     | [lf.flight.extracted] SM434 on 21FEB: BKG=22, LF=12.6%
2026-01-05 16:31:17 | INFO     | [SUCCESS] Day 21FEB
2026-01-05 16:31:17 | INFO     | [DAY_START] Processing 20FEB
2026-01-05 16:31:17 | INFO     | [lf.day.start] Processing DMM-CAI for 20FEB
2026-01-05 16:31:18 | INFO     | [lf.day.flights_found] Found 1 flights on 20FEB
2026-01-05 16:31:20 | INFO     | [lf.flight.extracted] SM434 on 20FEB: BKG=22, LF=13.3%
2026-01-05 16:31:23 | INFO     | [SUCCESS] Day 20FEB
2026-01-05 16:31:23 | INFO     | [DAY_START] Processing 19FEB
2026-01-05 16:31:23 | INFO     | [lf.day.start] Processing DMM-CAI for 19FEB
2026-01-05 16:31:24 | INFO     | [lf.day.flights_found] Found 1 flights on 19FEB
2026-01-05 16:31:26 | INFO     | [lf.flight.extracted] SM434 on 19FEB: BKG=8, LF=4.6%
2026-01-05 16:31:28 | INFO     | [SUCCESS] Day 19FEB
2026-01-05 16:31:28 | INFO     | [SUCCESS] LF Search Complete
2026-01-05 16:31:30 | INFO     | [Worker_9225] Completed: DMM-CAI - 10 results, 0 errors
2026-01-05 16:31:30 | INFO     | [Worker_9225] Processing: ELQ-ATZ
2026-01-05 16:31:30 | INFO     |   Tier 0: Range 2, Chunk 1/3 (10 days)
