2026-01-05 16:27:28 | INFO     | ======================================================================
2026-01-05 16:27:28 | INFO     | Load Factor Scraper Started - Route: DMM-ATZ
2026-01-05 16:27:28 | INFO     | Log file: D:\CODERED\LAB\market_insights\outputs\run_generated_050126_at_16.15\logs\LF_DMM-ATZ_20260105_162728.log
2026-01-05 16:27:28 | INFO     | Enhanced logging: Capturing both logging.info() and print()
2026-01-05 16:27:28 | INFO     | ======================================================================
2026-01-05 16:27:28 | INFO     | Starting LF search for route: DMM-ATZ
2026-01-05 16:27:28 | INFO     | [START] LF Search
2026-01-05 16:27:29 | INFO     | [HEALTH CHECK] [OK] Chrome connection is healthy
2026-01-05 16:27:29 | INFO     | [DAY_START] Processing 07MAR
2026-01-05 16:27:29 | INFO     | [lf.day.start] Processing DMM-ATZ for 07MAR
2026-01-05 16:27:30 | WARNING  | [lf.day.no_flights] No direct flights on 07MAR
2026-01-05 16:27:30 | INFO     | [SUCCESS] Day 07MAR
2026-01-05 16:27:30 | INFO     | [DAY_START] Processing 06MAR
2026-01-05 16:27:30 | INFO     | [lf.day.start] Processing DMM-ATZ for 06MAR
2026-01-05 16:27:31 | INFO     | [lf.day.flights_found] Found 1 flights on 06MAR
2026-01-05 16:27:33 | INFO     | [lf.flight.extracted] SM438 on 06MAR: BKG=42, LF=24.0%
2026-01-05 16:27:37 | INFO     | [SUCCESS] Day 06MAR
2026-01-05 16:27:37 | INFO     | [DAY_START] Processing 05MAR
2026-01-05 16:27:37 | INFO     | [lf.day.start] Processing DMM-ATZ for 05MAR
2026-01-05 16:27:37 | WARNING  | [lf.day.no_flights] No direct flights on 05MAR
2026-01-05 16:27:38 | INFO     | [SUCCESS] Day 05MAR
2026-01-05 16:27:38 | INFO     | [DAY_START] Processing 04MAR
2026-01-05 16:27:38 | INFO     | [lf.day.start] Processing DMM-ATZ for 04MAR
2026-01-05 16:27:39 | WARNING  | [lf.day.no_flights] No direct flights on 04MAR
2026-01-05 16:27:39 | INFO     | [SUCCESS] Day 04MAR
2026-01-05 16:27:39 | INFO     | [DAY_START] Processing 03MAR
2026-01-05 16:27:39 | INFO     | [lf.day.start] Processing DMM-ATZ for 03MAR
2026-01-05 16:27:40 | WARNING  | [lf.day.no_flights] No direct flights on 03MAR
2026-01-05 16:27:40 | INFO     | [SUCCESS] Day 03MAR
2026-01-05 16:27:40 | INFO     | [DAY_START] Processing 02MAR
2026-01-05 16:27:40 | INFO     | [lf.day.start] Processing DMM-ATZ for 02MAR
2026-01-05 16:27:41 | INFO     | [lf.day.flights_found] Found 1 flights on 02MAR
2026-01-05 16:27:43 | INFO     | [lf.flight.extracted] SM438 on 02MAR: BKG=20, LF=11.9%
2026-01-05 16:27:46 | INFO     | [SUCCESS] Day 02MAR
2026-01-05 16:27:46 | INFO     | [DAY_START] Processing 01MAR
2026-01-05 16:27:46 | INFO     | [lf.day.start] Processing DMM-ATZ for 01MAR
2026-01-05 16:27:47 | WARNING  | [lf.day.no_flights] No direct flights on 01MAR
2026-01-05 16:27:47 | INFO     | [SUCCESS] Day 01MAR
2026-01-05 16:27:47 | INFO     | [SUCCESS] LF Search Complete
2026-01-05 16:27:49 | INFO     | [Worker_9232] Completed: DMM-ATZ - 7 results, 0 errors
2026-01-05 16:27:49 | INFO     | [Worker_9232] Processing: AJF-CAI
2026-01-05 16:27:49 | INFO     |   Tier 0: Range 3, Chunk 4/4 (7 days)
