2026-01-05 16:27:25 | INFO     | ======================================================================
2026-01-05 16:27:25 | INFO     | Load Factor Scraper Started - Route: DMM-CAI
2026-01-05 16:27:25 | INFO     | Log file: D:\CODERED\LAB\market_insights\outputs\run_generated_050126_at_16.15\logs\LF_DMM-CAI_20260105_162725.log
2026-01-05 16:27:25 | INFO     | Enhanced logging: Capturing both logging.info() and print()
2026-01-05 16:27:25 | INFO     | ======================================================================
2026-01-05 16:27:25 | INFO     | Starting LF search for route: DMM-CAI
2026-01-05 16:27:25 | INFO     | [START] LF Search
2026-01-05 16:27:26 | INFO     | [HEALTH CHECK] [OK] Chrome connection is healthy
2026-01-05 16:27:26 | INFO     | [DAY_START] Processing 07MAR
2026-01-05 16:27:26 | INFO     | [lf.day.start] Processing DMM-CAI for 07MAR
2026-01-05 16:27:27 | INFO     | [lf.day.flights_found] Found 1 flights on 07MAR
2026-01-05 16:27:29 | INFO     | [lf.flight.extracted] SM434 on 07MAR: BKG=33, LF=18.9%
2026-01-05 16:27:32 | INFO     | [SUCCESS] Day 07MAR
2026-01-05 16:27:32 | INFO     | [DAY_START] Processing 06MAR
2026-01-05 16:27:32 | INFO     | [lf.day.start] Processing DMM-CAI for 06MAR
2026-01-05 16:27:33 | INFO     | [lf.day.flights_found] Found 1 flights on 06MAR
2026-01-05 16:27:34 | INFO     | [lf.flight.extracted] SM434 on 06MAR: BKG=33, LF=18.9%
2026-01-05 16:27:38 | INFO     | [SUCCESS] Day 06MAR
2026-01-05 16:27:38 | INFO     | [DAY_START] Processing 05MAR
2026-01-05 16:27:38 | INFO     | [lf.day.start] Processing DMM-CAI for 05MAR
2026-01-05 16:27:39 | INFO     | [lf.day.flights_found] Found 1 flights on 05MAR
2026-01-05 16:27:41 | INFO     | [lf.flight.extracted] SM434 on 05MAR: BKG=41, LF=24.4%
2026-01-05 16:27:44 | INFO     | [SUCCESS] Day 05MAR
2026-01-05 16:27:44 | INFO     | [DAY_START] Processing 04MAR
2026-01-05 16:27:44 | INFO     | [lf.day.start] Processing DMM-CAI for 04MAR
2026-01-05 16:27:45 | WARNING  | [lf.day.no_flights] No direct flights on 04MAR
2026-01-05 16:27:45 | INFO     | [SUCCESS] Day 04MAR
2026-01-05 16:27:45 | INFO     | [DAY_START] Processing 03MAR
2026-01-05 16:27:45 | INFO     | [lf.day.start] Processing DMM-CAI for 03MAR
2026-01-05 16:27:46 | INFO     | [lf.day.flights_found] Found 1 flights on 03MAR
2026-01-05 16:27:48 | INFO     | [lf.flight.extracted] SM434 on 03MAR: BKG=12, LF=6.9%
2026-01-05 16:27:51 | INFO     | [SUCCESS] Day 03MAR
2026-01-05 16:27:51 | INFO     | [DAY_START] Processing 02MAR
2026-01-05 16:27:51 | INFO     | [lf.day.start] Processing DMM-CAI for 02MAR
2026-01-05 16:27:52 | WARNING  | [lf.day.no_flights] No direct flights on 02MAR
2026-01-05 16:27:52 | INFO     | [SUCCESS] Day 02MAR
2026-01-05 16:27:52 | INFO     | [DAY_START] Processing 01MAR
2026-01-05 16:27:52 | INFO     | [lf.day.start] Processing DMM-CAI for 01MAR
2026-01-05 16:27:53 | WARNING  | [lf.day.no_flights] No direct flights on 01MAR
2026-01-05 16:27:53 | INFO     | [SUCCESS] Day 01MAR
2026-01-05 16:27:53 | INFO     | [SUCCESS] LF Search Complete
2026-01-05 16:27:55 | INFO     | [Worker_9225] Completed: DMM-CAI - 7 results, 0 errors
2026-01-05 16:27:55 | INFO     | [Worker_9225] Processing: AHB-ATZ
2026-01-05 16:27:55 | INFO     |   Tier 0: Range 3, Chunk 4/4 (7 days)
