2026-01-05 16:20:55 | INFO     | ======================================================================
2026-01-05 16:20:55 | INFO     | Load Factor Scraper Started - Route: DMM-ATZ
2026-01-05 16:20:55 | INFO     | Log file: D:\CODERED\LAB\market_insights\outputs\run_generated_050126_at_16.15\logs\LF_DMM-ATZ_20260105_162055.log
2026-01-05 16:20:55 | INFO     | Enhanced logging: Capturing both logging.info() and print()
2026-01-05 16:20:55 | INFO     | ======================================================================
2026-01-05 16:20:55 | INFO     | Starting LF search for route: DMM-ATZ
2026-01-05 16:20:55 | INFO     | [START] LF Search
2026-01-05 16:20:56 | INFO     | [HEALTH CHECK] [OK] Chrome connection is healthy
2026-01-05 16:20:56 | INFO     | [DAY_START] Processing 23MAR
2026-01-05 16:20:56 | INFO     | [lf.day.start] Processing DMM-ATZ for 23MAR
2026-01-05 16:20:57 | INFO     | [lf.day.flights_found] Found 1 flights on 23MAR
2026-01-05 16:20:59 | INFO     | [lf.flight.extracted] SM438 on 23MAR: BKG=9, LF=5.2%
2026-01-05 16:21:01 | INFO     | [SUCCESS] Day 23MAR
2026-01-05 16:21:01 | INFO     | [DAY_START] Processing 22MAR
2026-01-05 16:21:01 | INFO     | [lf.day.start] Processing DMM-ATZ for 22MAR
2026-01-05 16:21:02 | WARNING  | [lf.day.no_flights] No direct flights on 22MAR
2026-01-05 16:21:02 | INFO     | [SUCCESS] Day 22MAR
2026-01-05 16:21:02 | INFO     | [DAY_START] Processing 21MAR
2026-01-05 16:21:02 | INFO     | [lf.day.start] Processing DMM-ATZ for 21MAR
2026-01-05 16:21:03 | WARNING  | [lf.day.no_flights] No direct flights on 21MAR
2026-01-05 16:21:03 | INFO     | [SUCCESS] Day 21MAR
2026-01-05 16:21:03 | INFO     | [DAY_START] Processing 20MAR
2026-01-05 16:21:03 | INFO     | [lf.day.start] Processing DMM-ATZ for 20MAR
2026-01-05 16:21:04 | INFO     | [lf.day.flights_found] Found 1 flights on 20MAR
2026-01-05 16:21:06 | INFO     | [lf.flight.extracted] SM438 on 20MAR: BKG=7, LF=4.1%
2026-01-05 16:21:09 | INFO     | [SUCCESS] Day 20MAR
2026-01-05 16:21:09 | INFO     | [DAY_START] Processing 19MAR
2026-01-05 16:21:09 | INFO     | [lf.day.start] Processing DMM-ATZ for 19MAR
2026-01-05 16:21:09 | WARNING  | [lf.day.no_flights] No direct flights on 19MAR
2026-01-05 16:21:10 | INFO     | [SUCCESS] Day 19MAR
2026-01-05 16:21:10 | INFO     | [DAY_START] Processing 18MAR
2026-01-05 16:21:10 | INFO     | [lf.day.start] Processing DMM-ATZ for 18MAR
2026-01-05 16:21:11 | WARNING  | [lf.day.no_flights] No direct flights on 18MAR
2026-01-05 16:21:11 | INFO     | [SUCCESS] Day 18MAR
2026-01-05 16:21:11 | INFO     | [DAY_START] Processing 17MAR
2026-01-05 16:21:11 | INFO     | [lf.day.start] Processing DMM-ATZ for 17MAR
2026-01-05 16:21:12 | WARNING  | [lf.day.no_flights] No direct flights on 17MAR
2026-01-05 16:21:12 | INFO     | [SUCCESS] Day 17MAR
2026-01-05 16:21:12 | INFO     | [DAY_START] Processing 16MAR
2026-01-05 16:21:12 | INFO     | [lf.day.start] Processing DMM-ATZ for 16MAR
2026-01-05 16:21:13 | INFO     | [lf.day.flights_found] Found 1 flights on 16MAR
2026-01-05 16:21:15 | INFO     | [lf.flight.extracted] SM438 on 16MAR: BKG=18, LF=10.5%
2026-01-05 16:21:18 | INFO     | [SUCCESS] Day 16MAR
2026-01-05 16:21:18 | INFO     | [SUCCESS] LF Search Complete
2026-01-05 16:21:20 | INFO     | [Worker_9226] Completed: DMM-ATZ - 8 results, 0 errors
2026-01-05 16:21:20 | INFO     | [Worker_9226] Processing: AJF-CAI
2026-01-05 16:21:20 | INFO     |   Tier 0: Range 3, Chunk 2/4 (8 days)
