2026-01-05 16:21:35 | INFO     | ======================================================================
2026-01-05 16:21:35 | INFO     | Load Factor Scraper Started - Route: ELQ-ATZ
2026-01-05 16:21:35 | INFO     | Log file: D:\CODERED\LAB\market_insights\outputs\run_generated_050126_at_16.15\logs\LF_ELQ-ATZ_20260105_162135.log
2026-01-05 16:21:35 | INFO     | Enhanced logging: Capturing both logging.info() and print()
2026-01-05 16:21:35 | INFO     | ======================================================================
2026-01-05 16:21:35 | INFO     | Starting LF search for route: ELQ-ATZ
2026-01-05 16:21:35 | INFO     | [START] LF Search
2026-01-05 16:21:36 | INFO     | [HEALTH CHECK] [OK] Chrome connection is healthy
2026-01-05 16:21:36 | INFO     | [DAY_START] Processing 23MAR
2026-01-05 16:21:36 | INFO     | [lf.day.start] Processing ELQ-ATZ for 23MAR
2026-01-05 16:21:37 | WARNING  | [lf.day.no_flights] No direct flights on 23MAR
2026-01-05 16:21:37 | INFO     | [SUCCESS] Day 23MAR
2026-01-05 16:21:37 | INFO     | [DAY_START] Processing 22MAR
2026-01-05 16:21:37 | INFO     | [lf.day.start] Processing ELQ-ATZ for 22MAR
2026-01-05 16:21:38 | WARNING  | [lf.day.no_flights] No direct flights on 22MAR
2026-01-05 16:21:38 | INFO     | [SUCCESS] Day 22MAR
2026-01-05 16:21:38 | INFO     | [DAY_START] Processing 21MAR
2026-01-05 16:21:38 | INFO     | [lf.day.start] Processing ELQ-ATZ for 21MAR
2026-01-05 16:21:39 | INFO     | [lf.day.flights_found] Found 1 flights on 21MAR
2026-01-05 16:21:41 | INFO     | [lf.flight.extracted] SM436 on 21MAR: BKG=4, LF=2.4%
2026-01-05 16:21:44 | INFO     | [SUCCESS] Day 21MAR
2026-01-05 16:21:44 | INFO     | [DAY_START] Processing 20MAR
2026-01-05 16:21:44 | INFO     | [lf.day.start] Processing ELQ-ATZ for 20MAR
2026-01-05 16:21:45 | WARNING  | [lf.day.no_flights] No direct flights on 20MAR
2026-01-05 16:21:45 | INFO     | [SUCCESS] Day 20MAR
2026-01-05 16:21:45 | INFO     | [DAY_START] Processing 19MAR
2026-01-05 16:21:45 | INFO     | [lf.day.start] Processing ELQ-ATZ for 19MAR
2026-01-05 16:21:46 | WARNING  | [lf.day.no_flights] No direct flights on 19MAR
2026-01-05 16:21:46 | INFO     | [SUCCESS] Day 19MAR
2026-01-05 16:21:46 | INFO     | [DAY_START] Processing 18MAR
2026-01-05 16:21:46 | INFO     | [lf.day.start] Processing ELQ-ATZ for 18MAR
2026-01-05 16:21:50 | INFO     | [lf.day.flights_found] Found 1 flights on 18MAR
2026-01-05 16:21:52 | INFO     | [lf.flight.extracted] SM436 on 18MAR: BKG=3, LF=1.8%
2026-01-05 16:21:54 | INFO     | [SUCCESS] Day 18MAR
2026-01-05 16:21:54 | INFO     | [DAY_START] Processing 17MAR
2026-01-05 16:21:54 | INFO     | [lf.day.start] Processing ELQ-ATZ for 17MAR
2026-01-05 16:21:56 | WARNING  | [lf.day.no_flights] No direct flights on 17MAR
2026-01-05 16:21:56 | INFO     | [SUCCESS] Day 17MAR
2026-01-05 16:21:56 | INFO     | [DAY_START] Processing 16MAR
2026-01-05 16:21:56 | INFO     | [lf.day.start] Processing ELQ-ATZ for 16MAR
2026-01-05 16:21:57 | WARNING  | [lf.day.no_flights] No direct flights on 16MAR
2026-01-05 16:21:57 | INFO     | [SUCCESS] Day 16MAR
2026-01-05 16:21:57 | INFO     | [SUCCESS] LF Search Complete
2026-01-05 16:21:59 | INFO     | [Worker_9223] Completed: ELQ-ATZ - 8 results, 0 errors
2026-01-05 16:21:59 | INFO     | [Worker_9223] Processing: HBE-JED
2026-01-05 16:21:59 | INFO     |   Tier 0: Range 3, Chunk 2/4 (8 days)
