2026-01-05 16:28:06 | INFO     | ======================================================================
2026-01-05 16:28:06 | INFO     | Load Factor Scraper Started - Route: ELQ-ATZ
2026-01-05 16:28:06 | INFO     | Log file: D:\CODERED\LAB\market_insights\outputs\run_generated_050126_at_16.15\logs\LF_ELQ-ATZ_20260105_162806.log
2026-01-05 16:28:06 | INFO     | Enhanced logging: Capturing both logging.info() and print()
2026-01-05 16:28:06 | INFO     | ======================================================================
2026-01-05 16:28:06 | INFO     | Starting LF search for route: ELQ-ATZ
2026-01-05 16:28:06 | INFO     | [START] LF Search
2026-01-05 16:28:07 | INFO     | [HEALTH CHECK] [OK] Chrome connection is healthy
2026-01-05 16:28:07 | INFO     | [DAY_START] Processing 07MAR
2026-01-05 16:28:07 | INFO     | [lf.day.start] Processing ELQ-ATZ for 07MAR
2026-01-05 16:28:08 | INFO     | [lf.day.flights_found] Found 1 flights on 07MAR
2026-01-05 16:28:10 | INFO     | [lf.flight.extracted] SM436 on 07MAR: BKG=10, LF=6.0%
2026-01-05 16:28:12 | INFO     | [SUCCESS] Day 07MAR
2026-01-05 16:28:12 | INFO     | [DAY_START] Processing 06MAR
2026-01-05 16:28:12 | INFO     | [lf.day.start] Processing ELQ-ATZ for 06MAR
2026-01-05 16:28:13 | WARNING  | [lf.day.no_flights] No direct flights on 06MAR
2026-01-05 16:28:14 | INFO     | [SUCCESS] Day 06MAR
2026-01-05 16:28:14 | INFO     | [DAY_START] Processing 05MAR
2026-01-05 16:28:14 | INFO     | [lf.day.start] Processing ELQ-ATZ for 05MAR
2026-01-05 16:28:15 | WARNING  | [lf.day.no_flights] No direct flights on 05MAR
2026-01-05 16:28:15 | INFO     | [SUCCESS] Day 05MAR
2026-01-05 16:28:15 | INFO     | [DAY_START] Processing 04MAR
2026-01-05 16:28:15 | INFO     | [lf.day.start] Processing ELQ-ATZ for 04MAR
2026-01-05 16:28:16 | INFO     | [lf.day.flights_found] Found 1 flights on 04MAR
2026-01-05 16:28:17 | INFO     | [lf.flight.extracted] SM436 on 04MAR: BKG=17, LF=10.2%
2026-01-05 16:28:20 | INFO     | [SUCCESS] Day 04MAR
2026-01-05 16:28:20 | INFO     | [DAY_START] Processing 03MAR
2026-01-05 16:28:20 | INFO     | [lf.day.start] Processing ELQ-ATZ for 03MAR
2026-01-05 16:28:21 | WARNING  | [lf.day.no_flights] No direct flights on 03MAR
2026-01-05 16:28:21 | INFO     | [SUCCESS] Day 03MAR
2026-01-05 16:28:21 | INFO     | [DAY_START] Processing 02MAR
2026-01-05 16:28:21 | INFO     | [lf.day.start] Processing ELQ-ATZ for 02MAR
2026-01-05 16:28:22 | WARNING  | [lf.day.no_flights] No direct flights on 02MAR
2026-01-05 16:28:22 | INFO     | [SUCCESS] Day 02MAR
2026-01-05 16:28:22 | INFO     | [DAY_START] Processing 01MAR
2026-01-05 16:28:22 | INFO     | [lf.day.start] Processing ELQ-ATZ for 01MAR
2026-01-05 16:28:23 | WARNING  | [lf.day.no_flights] No direct flights on 01MAR
2026-01-05 16:28:23 | INFO     | [SUCCESS] Day 01MAR
2026-01-05 16:28:23 | INFO     | [SUCCESS] LF Search Complete
2026-01-05 16:28:25 | INFO     | [Worker_9234] Completed: ELQ-ATZ - 7 results, 0 errors
2026-01-05 16:28:25 | INFO     | [Worker_9234] Processing: CAI-JED
2026-01-05 16:28:25 | INFO     |   Tier 0: Range 3, Chunk 4/4 (7 days)
