2026-01-05 16:31:24 | INFO     | ======================================================================
2026-01-05 16:31:24 | INFO     | Load Factor Scraper Started - Route: ELQ-CAI
2026-01-05 16:31:24 | INFO     | Log file: D:\CODERED\LAB\market_insights\outputs\run_generated_050126_at_16.15\logs\LF_ELQ-CAI_20260105_163124.log
2026-01-05 16:31:24 | INFO     | Enhanced logging: Capturing both logging.info() and print()
2026-01-05 16:31:24 | INFO     | ======================================================================
2026-01-05 16:31:24 | INFO     | Starting LF search for route: ELQ-CAI
2026-01-05 16:31:24 | INFO     | [START] LF Search
2026-01-05 16:31:25 | INFO     | [HEALTH CHECK] [OK] Chrome connection is healthy
2026-01-05 16:31:25 | INFO     | [DAY_START] Processing 28FEB
2026-01-05 16:31:25 | INFO     | [lf.day.start] Processing ELQ-CAI for 28FEB
2026-01-05 16:31:26 | INFO     | [lf.day.flights_found] Found 1 flights on 28FEB
2026-01-05 16:31:28 | INFO     | [lf.flight.extracted] SM428 on 28FEB: BKG=25, LF=15.0%
2026-01-05 16:31:31 | INFO     | [SUCCESS] Day 28FEB
2026-01-05 16:31:31 | INFO     | [DAY_START] Processing 27FEB
2026-01-05 16:31:31 | INFO     | [lf.day.start] Processing ELQ-CAI for 27FEB
2026-01-05 16:31:32 | WARNING  | [lf.day.no_flights] No direct flights on 27FEB
2026-01-05 16:31:32 | INFO     | [SUCCESS] Day 27FEB
2026-01-05 16:31:32 | INFO     | [DAY_START] Processing 26FEB
2026-01-05 16:31:32 | INFO     | [lf.day.start] Processing ELQ-CAI for 26FEB
2026-01-05 16:31:33 | INFO     | [lf.day.flights_found] Found 1 flights on 26FEB
2026-01-05 16:31:35 | INFO     | [lf.flight.extracted] SM428 on 26FEB: BKG=18, LF=11.0%
2026-01-05 16:31:38 | INFO     | [SUCCESS] Day 26FEB
2026-01-05 16:31:38 | INFO     | [DAY_START] Processing 25FEB
2026-01-05 16:31:38 | INFO     | [lf.day.start] Processing ELQ-CAI for 25FEB
2026-01-05 16:31:38 | WARNING  | [lf.day.no_flights] No direct flights on 25FEB
2026-01-05 16:31:39 | INFO     | [SUCCESS] Day 25FEB
2026-01-05 16:31:39 | INFO     | [DAY_START] Processing 24FEB
2026-01-05 16:31:39 | INFO     | [lf.day.start] Processing ELQ-CAI for 24FEB
2026-01-05 16:31:40 | WARNING  | [lf.day.no_flights] No direct flights on 24FEB
2026-01-05 16:31:40 | INFO     | [SUCCESS] Day 24FEB
2026-01-05 16:31:40 | INFO     | [DAY_START] Processing 23FEB
2026-01-05 16:31:40 | INFO     | [lf.day.start] Processing ELQ-CAI for 23FEB
2026-01-05 16:31:41 | WARNING  | [lf.day.no_flights] No direct flights on 23FEB
2026-01-05 16:31:41 | INFO     | [SUCCESS] Day 23FEB
2026-01-05 16:31:41 | INFO     | [DAY_START] Processing 22FEB
2026-01-05 16:31:41 | INFO     | [lf.day.start] Processing ELQ-CAI for 22FEB
2026-01-05 16:31:42 | INFO     | [lf.day.flights_found] Found 1 flights on 22FEB
2026-01-05 16:31:44 | INFO     | [lf.flight.extracted] SM428 on 22FEB: BKG=20, LF=12.0%
2026-01-05 16:31:47 | INFO     | [SUCCESS] Day 22FEB
2026-01-05 16:31:47 | INFO     | [DAY_START] Processing 21FEB
2026-01-05 16:31:47 | INFO     | [lf.day.start] Processing ELQ-CAI for 21FEB
2026-01-05 16:31:48 | INFO     | [lf.day.flights_found] Found 1 flights on 21FEB
2026-01-05 16:31:50 | INFO     | [lf.flight.extracted] SM428 on 21FEB: BKG=16, LF=9.6%
2026-01-05 16:31:52 | INFO     | [SUCCESS] Day 21FEB
2026-01-05 16:31:52 | INFO     | [DAY_START] Processing 20FEB
2026-01-05 16:31:52 | INFO     | [lf.day.start] Processing ELQ-CAI for 20FEB
2026-01-05 16:31:53 | WARNING  | [lf.day.no_flights] No direct flights on 20FEB
2026-01-05 16:31:54 | INFO     | [SUCCESS] Day 20FEB
2026-01-05 16:31:54 | INFO     | [DAY_START] Processing 19FEB
2026-01-05 16:31:54 | INFO     | [lf.day.start] Processing ELQ-CAI for 19FEB
2026-01-05 16:31:54 | INFO     | [lf.day.flights_found] Found 1 flights on 19FEB
2026-01-05 16:31:56 | INFO     | [lf.flight.extracted] SM428 on 19FEB: BKG=1, LF=0.6%
2026-01-05 16:31:59 | INFO     | [SUCCESS] Day 19FEB
2026-01-05 16:31:59 | INFO     | [SUCCESS] LF Search Complete
2026-01-05 16:32:01 | INFO     | [Worker_9233] Completed: ELQ-CAI - 10 results, 0 errors
2026-01-05 16:32:01 | INFO     | [Worker_9233] Processing: HBE-JED
2026-01-05 16:32:01 | INFO     |   Tier 0: Range 2, Chunk 1/3 (10 days)
