2026-01-05 16:21:40 | INFO     | ======================================================================
2026-01-05 16:21:40 | INFO     | Load Factor Scraper Started - Route: GIZ-CAI
2026-01-05 16:21:40 | INFO     | Log file: D:\CODERED\LAB\market_insights\outputs\run_generated_050126_at_16.15\logs\LF_GIZ-CAI_20260105_162140.log
2026-01-05 16:21:40 | INFO     | Enhanced logging: Capturing both logging.info() and print()
2026-01-05 16:21:40 | INFO     | ======================================================================
2026-01-05 16:21:40 | INFO     | Starting LF search for route: GIZ-CAI
2026-01-05 16:21:40 | INFO     | [START] LF Search
2026-01-05 16:21:41 | INFO     | [HEALTH CHECK] [OK] Chrome connection is healthy
2026-01-05 16:21:41 | INFO     | [DAY_START] Processing 23MAR
2026-01-05 16:21:41 | INFO     | [lf.day.start] Processing GIZ-CAI for 23MAR
2026-01-05 16:21:42 | WARNING  | [lf.day.no_flights] No direct flights on 23MAR
2026-01-05 16:21:42 | INFO     | [SUCCESS] Day 23MAR
2026-01-05 16:21:42 | INFO     | [DAY_START] Processing 22MAR
2026-01-05 16:21:42 | INFO     | [lf.day.start] Processing GIZ-CAI for 22MAR
2026-01-05 16:21:43 | INFO     | [lf.day.flights_found] Found 1 flights on 22MAR
2026-01-05 16:21:45 | INFO     | [lf.flight.extracted] SM330 on 22MAR: BKG=7, LF=4.0%
2026-01-05 16:21:48 | INFO     | [SUCCESS] Day 22MAR
2026-01-05 16:21:48 | INFO     | [DAY_START] Processing 21MAR
2026-01-05 16:21:48 | INFO     | [lf.day.start] Processing GIZ-CAI for 21MAR
2026-01-05 16:21:49 | WARNING  | [lf.day.no_flights] No direct flights on 21MAR
2026-01-05 16:21:49 | INFO     | [SUCCESS] Day 21MAR
2026-01-05 16:21:49 | INFO     | [DAY_START] Processing 20MAR
2026-01-05 16:21:49 | INFO     | [lf.day.start] Processing GIZ-CAI for 20MAR
2026-01-05 16:21:50 | INFO     | [lf.day.flights_found] Found 1 flights on 20MAR
2026-01-05 16:21:52 | INFO     | [lf.flight.extracted] SM330 on 20MAR: BKG=1, LF=0.6%
2026-01-05 16:21:54 | INFO     | [SUCCESS] Day 20MAR
2026-01-05 16:21:54 | INFO     | [DAY_START] Processing 19MAR
2026-01-05 16:21:54 | INFO     | [lf.day.start] Processing GIZ-CAI for 19MAR
2026-01-05 16:21:55 | WARNING  | [lf.day.no_flights] No direct flights on 19MAR
2026-01-05 16:21:55 | INFO     | [SUCCESS] Day 19MAR
2026-01-05 16:21:55 | INFO     | [DAY_START] Processing 18MAR
2026-01-05 16:21:55 | INFO     | [lf.day.start] Processing GIZ-CAI for 18MAR
2026-01-05 16:21:56 | WARNING  | [lf.day.no_flights] No direct flights on 18MAR
2026-01-05 16:21:56 | INFO     | [SUCCESS] Day 18MAR
2026-01-05 16:21:56 | INFO     | [DAY_START] Processing 17MAR
2026-01-05 16:21:56 | INFO     | [lf.day.start] Processing GIZ-CAI for 17MAR
2026-01-05 16:21:57 | WARNING  | [lf.day.no_flights] No direct flights on 17MAR
2026-01-05 16:21:57 | INFO     | [SUCCESS] Day 17MAR
2026-01-05 16:21:57 | INFO     | [DAY_START] Processing 16MAR
2026-01-05 16:21:57 | INFO     | [lf.day.start] Processing GIZ-CAI for 16MAR
2026-01-05 16:21:58 | WARNING  | [lf.day.no_flights] No direct flights on 16MAR
2026-01-05 16:21:59 | INFO     | [SUCCESS] Day 16MAR
2026-01-05 16:21:59 | INFO     | [SUCCESS] LF Search Complete
2026-01-05 16:22:01 | INFO     | [Worker_9222] Completed: GIZ-CAI - 8 results, 0 errors
2026-01-05 16:22:01 | INFO     | [Worker_9222] Processing: ATZ-JED
2026-01-05 16:22:01 | INFO     |   Tier 0: Range 3, Chunk 2/4 (8 days)
