2026-01-05 16:17:43 | INFO     | ======================================================================
2026-01-05 16:17:43 | INFO     | Load Factor Scraper Started - Route: GIZ-CAI
2026-01-05 16:17:43 | INFO     | Log file: D:\CODERED\LAB\market_insights\outputs\run_generated_050126_at_16.15\logs\LF_GIZ-CAI_20260105_161743.log
2026-01-05 16:17:43 | INFO     | Enhanced logging: Capturing both logging.info() and print()
2026-01-05 16:17:43 | INFO     | ======================================================================
2026-01-05 16:17:43 | INFO     | Starting LF search for route: GIZ-CAI
2026-01-05 16:17:43 | INFO     | [START] LF Search
2026-01-05 16:17:45 | INFO     | [HEALTH CHECK] [OK] Chrome connection is healthy
2026-01-05 16:17:45 | INFO     | [DAY_START] Processing 31MAR
2026-01-05 16:17:45 | INFO     | [lf.day.start] Processing GIZ-CAI for 31MAR
2026-01-05 16:17:46 | WARNING  | [lf.day.no_flights] No direct flights on 31MAR
2026-01-05 16:17:46 | INFO     | [SUCCESS] Day 31MAR
2026-01-05 16:17:46 | INFO     | [DAY_START] Processing 30MAR
2026-01-05 16:17:46 | INFO     | [lf.day.start] Processing GIZ-CAI for 30MAR
2026-01-05 16:17:47 | WARNING  | [lf.day.no_flights] No direct flights on 30MAR
2026-01-05 16:17:47 | INFO     | [SUCCESS] Day 30MAR
2026-01-05 16:17:47 | INFO     | [DAY_START] Processing 29MAR
2026-01-05 16:17:47 | INFO     | [lf.day.start] Processing GIZ-CAI for 29MAR
2026-01-05 16:17:48 | INFO     | [lf.day.flights_found] Found 1 flights on 29MAR
2026-01-05 16:17:50 | INFO     | [lf.flight.extracted] SM330 on 29MAR: BKG=0, LF=0.0%
2026-01-05 16:17:52 | INFO     | [SUCCESS] Day 29MAR
2026-01-05 16:17:52 | INFO     | [DAY_START] Processing 28MAR
2026-01-05 16:17:52 | INFO     | [lf.day.start] Processing GIZ-CAI for 28MAR
2026-01-05 16:17:53 | WARNING  | [lf.day.no_flights] No direct flights on 28MAR
2026-01-05 16:17:53 | INFO     | [SUCCESS] Day 28MAR
2026-01-05 16:17:53 | INFO     | [DAY_START] Processing 27MAR
2026-01-05 16:17:53 | INFO     | [lf.day.start] Processing GIZ-CAI for 27MAR
2026-01-05 16:17:54 | INFO     | [lf.day.flights_found] Found 1 flights on 27MAR
2026-01-05 16:17:56 | INFO     | [lf.flight.extracted] SM330 on 27MAR: BKG=1, LF=0.6%
2026-01-05 16:17:59 | INFO     | [SUCCESS] Day 27MAR
2026-01-05 16:17:59 | INFO     | [DAY_START] Processing 26MAR
2026-01-05 16:17:59 | INFO     | [lf.day.start] Processing GIZ-CAI for 26MAR
2026-01-05 16:18:00 | WARNING  | [lf.day.no_flights] No direct flights on 26MAR
2026-01-05 16:18:01 | INFO     | [SUCCESS] Day 26MAR
2026-01-05 16:18:01 | INFO     | [DAY_START] Processing 25MAR
2026-01-05 16:18:01 | INFO     | [lf.day.start] Processing GIZ-CAI for 25MAR
2026-01-05 16:18:02 | WARNING  | [lf.day.no_flights] No direct flights on 25MAR
2026-01-05 16:18:02 | INFO     | [SUCCESS] Day 25MAR
2026-01-05 16:18:02 | INFO     | [DAY_START] Processing 24MAR
2026-01-05 16:18:02 | INFO     | [lf.day.start] Processing GIZ-CAI for 24MAR
2026-01-05 16:18:03 | WARNING  | [lf.day.no_flights] No direct flights on 24MAR
2026-01-05 16:18:03 | INFO     | [SUCCESS] Day 24MAR
2026-01-05 16:18:03 | INFO     | [SUCCESS] LF Search Complete
2026-01-05 16:18:05 | INFO     | [Worker_9224] Completed: GIZ-CAI - 8 results, 0 errors
2026-01-05 16:18:05 | INFO     | [Worker_9224] Processing: HBE-JED
2026-01-05 16:18:05 | INFO     |   Tier 0: Range 3, Chunk 1/4 (8 days)
