2026-01-05 16:25:02 | INFO     | ======================================================================
2026-01-05 16:25:02 | INFO     | Load Factor Scraper Started - Route: GIZ-CAI
2026-01-05 16:25:02 | INFO     | Log file: D:\CODERED\LAB\market_insights\outputs\run_generated_050126_at_16.15\logs\LF_GIZ-CAI_20260105_162502.log
2026-01-05 16:25:02 | INFO     | Enhanced logging: Capturing both logging.info() and print()
2026-01-05 16:25:02 | INFO     | ======================================================================
2026-01-05 16:25:02 | INFO     | Starting LF search for route: GIZ-CAI
2026-01-05 16:25:02 | INFO     | [START] LF Search
2026-01-05 16:25:03 | INFO     | [HEALTH CHECK] [OK] Chrome connection is healthy
2026-01-05 16:25:03 | INFO     | [DAY_START] Processing 15MAR
2026-01-05 16:25:03 | INFO     | [lf.day.start] Processing GIZ-CAI for 15MAR
2026-01-05 16:25:04 | INFO     | [lf.day.flights_found] Found 1 flights on 15MAR
2026-01-05 16:25:06 | INFO     | [lf.flight.extracted] SM330 on 15MAR: BKG=1, LF=0.6%
2026-01-05 16:25:09 | INFO     | [SUCCESS] Day 15MAR
2026-01-05 16:25:09 | INFO     | [DAY_START] Processing 14MAR
2026-01-05 16:25:09 | INFO     | [lf.day.start] Processing GIZ-CAI for 14MAR
2026-01-05 16:25:09 | WARNING  | [lf.day.no_flights] No direct flights on 14MAR
2026-01-05 16:25:10 | INFO     | [SUCCESS] Day 14MAR
2026-01-05 16:25:10 | INFO     | [DAY_START] Processing 13MAR
2026-01-05 16:25:10 | INFO     | [lf.day.start] Processing GIZ-CAI for 13MAR
2026-01-05 16:25:11 | INFO     | [lf.day.flights_found] Found 1 flights on 13MAR
2026-01-05 16:25:12 | INFO     | [lf.flight.extracted] SM330 on 13MAR: BKG=2, LF=1.1%
2026-01-05 16:25:16 | INFO     | [SUCCESS] Day 13MAR
2026-01-05 16:25:16 | INFO     | [DAY_START] Processing 12MAR
2026-01-05 16:25:16 | INFO     | [lf.day.start] Processing GIZ-CAI for 12MAR
2026-01-05 16:25:17 | WARNING  | [lf.day.no_flights] No direct flights on 12MAR
2026-01-05 16:25:17 | INFO     | [SUCCESS] Day 12MAR
2026-01-05 16:25:17 | INFO     | [DAY_START] Processing 11MAR
2026-01-05 16:25:17 | INFO     | [lf.day.start] Processing GIZ-CAI for 11MAR
2026-01-05 16:25:18 | WARNING  | [lf.day.no_flights] No direct flights on 11MAR
2026-01-05 16:25:18 | INFO     | [SUCCESS] Day 11MAR
2026-01-05 16:25:18 | INFO     | [DAY_START] Processing 10MAR
2026-01-05 16:25:18 | INFO     | [lf.day.start] Processing GIZ-CAI for 10MAR
2026-01-05 16:25:19 | WARNING  | [lf.day.no_flights] No direct flights on 10MAR
2026-01-05 16:25:19 | INFO     | [SUCCESS] Day 10MAR
2026-01-05 16:25:19 | INFO     | [DAY_START] Processing 09MAR
2026-01-05 16:25:19 | INFO     | [lf.day.start] Processing GIZ-CAI for 09MAR
2026-01-05 16:25:20 | WARNING  | [lf.day.no_flights] No direct flights on 09MAR
2026-01-05 16:25:21 | INFO     | [SUCCESS] Day 09MAR
2026-01-05 16:25:21 | INFO     | [DAY_START] Processing 08MAR
2026-01-05 16:25:21 | INFO     | [lf.day.start] Processing GIZ-CAI for 08MAR
2026-01-05 16:25:21 | INFO     | [lf.day.flights_found] Found 1 flights on 08MAR
2026-01-05 16:25:23 | INFO     | [lf.flight.extracted] SM330 on 08MAR: BKG=11, LF=6.3%
2026-01-05 16:25:26 | INFO     | [SUCCESS] Day 08MAR
2026-01-05 16:25:26 | INFO     | [SUCCESS] LF Search Complete
2026-01-05 16:25:28 | INFO     | [Worker_9223] Completed: GIZ-CAI - 8 results, 0 errors
2026-01-05 16:25:28 | INFO     | [Worker_9223] Processing: LXR-JED
2026-01-05 16:25:28 | INFO     |   Tier 0: Range 3, Chunk 3/4 (8 days)
