2026-01-05 16:29:54 | INFO     | ======================================================================
2026-01-05 16:29:54 | INFO     | Load Factor Scraper Started - Route: JED-HBE
2026-01-05 16:29:54 | INFO     | Log file: D:\CODERED\LAB\market_insights\outputs\run_generated_050126_at_16.15\logs\LF_JED-HBE_20260105_162954.log
2026-01-05 16:29:54 | INFO     | Enhanced logging: Capturing both logging.info() and print()
2026-01-05 16:29:54 | INFO     | ======================================================================
2026-01-05 16:29:54 | INFO     | Starting LF search for route: JED-HBE
2026-01-05 16:29:54 | INFO     | [START] LF Search
2026-01-05 16:29:55 | INFO     | [HEALTH CHECK] [OK] Chrome connection is healthy
2026-01-05 16:29:55 | INFO     | [DAY_START] Processing 28FEB
2026-01-05 16:29:55 | INFO     | [lf.day.start] Processing JED-HBE for 28FEB
2026-01-05 16:29:56 | INFO     | [lf.day.flights_found] Found 2 flights on 28FEB
2026-01-05 16:29:58 | INFO     | [lf.flight.extracted] SM458 on 28FEB: BKG=176, LF=104.8%
2026-01-05 16:30:02 | INFO     | [lf.flight.extracted] SM452 on 28FEB: BKG=177, LF=101.1%
2026-01-05 16:30:08 | INFO     | [SUCCESS] Day 28FEB
2026-01-05 16:30:08 | INFO     | [DAY_START] Processing 27FEB
2026-01-05 16:30:08 | INFO     | [lf.day.start] Processing JED-HBE for 27FEB
2026-01-05 16:30:09 | INFO     | [lf.day.flights_found] Found 1 flights on 27FEB
2026-01-05 16:30:10 | INFO     | [lf.flight.extracted] SM452 on 27FEB: BKG=188, LF=107.4%
2026-01-05 16:30:14 | INFO     | [SUCCESS] Day 27FEB
2026-01-05 16:30:14 | INFO     | [DAY_START] Processing 26FEB
2026-01-05 16:30:14 | INFO     | [lf.day.start] Processing JED-HBE for 26FEB
2026-01-05 16:30:15 | INFO     | [lf.day.flights_found] Found 1 flights on 26FEB
2026-01-05 16:30:16 | INFO     | [lf.flight.extracted] SM452 on 26FEB: BKG=183, LF=104.6%
2026-01-05 16:30:19 | INFO     | [SUCCESS] Day 26FEB
2026-01-05 16:30:19 | INFO     | [DAY_START] Processing 25FEB
2026-01-05 16:30:19 | INFO     | [lf.day.start] Processing JED-HBE for 25FEB
2026-01-05 16:30:20 | INFO     | [lf.day.flights_found] Found 3 flights on 25FEB
2026-01-05 16:30:22 | INFO     | [lf.flight.extracted] SM452 on 25FEB: BKG=178, LF=101.7%
2026-01-05 16:30:25 | INFO     | [lf.flight.extracted] SM474 on 25FEB: BKG=170, LF=97.1%
2026-01-05 16:30:28 | INFO     | [lf.flight.extracted] SM458 on 25FEB: BKG=174, LF=99.4%
2026-01-05 16:30:33 | INFO     | [SUCCESS] Day 25FEB
2026-01-05 16:30:33 | INFO     | [DAY_START] Processing 24FEB
2026-01-05 16:30:33 | INFO     | [lf.day.start] Processing JED-HBE for 24FEB
2026-01-05 16:30:34 | INFO     | [lf.day.flights_found] Found 1 flights on 24FEB
2026-01-05 16:30:36 | INFO     | [lf.flight.extracted] SM452 on 24FEB: BKG=184, LF=105.1%
2026-01-05 16:30:38 | INFO     | [SUCCESS] Day 24FEB
2026-01-05 16:30:38 | INFO     | [DAY_START] Processing 23FEB
2026-01-05 16:30:38 | INFO     | [lf.day.start] Processing JED-HBE for 23FEB
2026-01-05 16:30:39 | INFO     | [lf.day.flights_found] Found 3 flights on 23FEB
2026-01-05 16:30:40 | INFO     | [lf.flight.extracted] SM2474 on 23FEB: BKG=0, LF=0.0%
2026-01-05 16:30:43 | INFO     | [lf.flight.extracted] SM458 on 23FEB: BKG=176, LF=100.6%
2026-01-05 16:30:46 | INFO     | [lf.flight.extracted] SM452 on 23FEB: BKG=178, LF=101.7%
2026-01-05 16:30:50 | INFO     | [SUCCESS] Day 23FEB
2026-01-05 16:30:50 | INFO     | [DAY_START] Processing 22FEB
2026-01-05 16:30:50 | INFO     | [lf.day.start] Processing JED-HBE for 22FEB
2026-01-05 16:30:51 | INFO     | [lf.day.flights_found] Found 2 flights on 22FEB
2026-01-05 16:30:53 | INFO     | [lf.flight.extracted] SM458 on 22FEB: BKG=154, LF=88.0%
2026-01-05 16:30:56 | INFO     | [lf.flight.extracted] SM452 on 22FEB: BKG=180, LF=102.9%
2026-01-05 16:31:01 | INFO     | [SUCCESS] Day 22FEB
2026-01-05 16:31:01 | INFO     | [DAY_START] Processing 21FEB
2026-01-05 16:31:01 | INFO     | [lf.day.start] Processing JED-HBE for 21FEB
2026-01-05 16:31:02 | INFO     | [lf.day.flights_found] Found 2 flights on 21FEB
2026-01-05 16:31:04 | INFO     | [lf.flight.extracted] SM458 on 21FEB: BKG=179, LF=102.3%
2026-01-05 16:31:07 | INFO     | [lf.flight.extracted] SM452 on 21FEB: BKG=176, LF=100.6%
2026-01-05 16:31:11 | INFO     | [SUCCESS] Day 21FEB
2026-01-05 16:31:11 | INFO     | [DAY_START] Processing 20FEB
2026-01-05 16:31:11 | INFO     | [lf.day.start] Processing JED-HBE for 20FEB
2026-01-05 16:31:12 | INFO     | [lf.day.flights_found] Found 1 flights on 20FEB
2026-01-05 16:31:14 | INFO     | [lf.flight.extracted] SM452 on 20FEB: BKG=182, LF=104.0%
2026-01-05 16:31:16 | INFO     | [SUCCESS] Day 20FEB
2026-01-05 16:31:16 | INFO     | [DAY_START] Processing 19FEB
2026-01-05 16:31:16 | INFO     | [lf.day.start] Processing JED-HBE for 19FEB
2026-01-05 16:31:17 | INFO     | [lf.day.flights_found] Found 1 flights on 19FEB
2026-01-05 16:31:19 | INFO     | [lf.flight.extracted] SM452 on 19FEB: BKG=181, LF=103.4%
2026-01-05 16:31:22 | INFO     | [SUCCESS] Day 19FEB
2026-01-05 16:31:22 | INFO     | [SUCCESS] LF Search Complete
2026-01-05 16:31:24 | INFO     | [Worker_9233] Completed: JED-HBE - 10 results, 0 errors
2026-01-05 16:31:24 | INFO     | [Worker_9233] Processing: ELQ-CAI
2026-01-05 16:31:24 | INFO     |   Tier 0: Range 2, Chunk 1/3 (10 days)
