2026-01-05 16:30:32 | INFO     | ======================================================================
2026-01-05 16:30:32 | INFO     | Load Factor Scraper Started - Route: JED-ASW
2026-01-05 16:30:32 | INFO     | Log file: D:\CODERED\LAB\market_insights\outputs\run_generated_050126_at_16.15\logs\LF_JED-ASW_20260105_163032.log
2026-01-05 16:30:32 | INFO     | Enhanced logging: Capturing both logging.info() and print()
2026-01-05 16:30:32 | INFO     | ======================================================================
2026-01-05 16:30:32 | INFO     | Starting LF search for route: JED-ASW
2026-01-05 16:30:32 | INFO     | [START] LF Search
2026-01-05 16:30:33 | INFO     | [HEALTH CHECK] [OK] Chrome connection is healthy
2026-01-05 16:30:33 | INFO     | [DAY_START] Processing 28FEB
2026-01-05 16:30:33 | INFO     | [lf.day.start] Processing JED-ASW for 28FEB
2026-01-05 16:30:34 | WARNING  | [lf.day.no_flights] No direct flights on 28FEB
2026-01-05 16:30:34 | INFO     | [SUCCESS] Day 28FEB
2026-01-05 16:30:34 | INFO     | [DAY_START] Processing 27FEB
2026-01-05 16:30:34 | INFO     | [lf.day.start] Processing JED-ASW for 27FEB
2026-01-05 16:30:35 | WARNING  | [lf.day.no_flights] No direct flights on 27FEB
2026-01-05 16:30:35 | INFO     | [SUCCESS] Day 27FEB
2026-01-05 16:30:35 | INFO     | [DAY_START] Processing 26FEB
2026-01-05 16:30:35 | INFO     | [lf.day.start] Processing JED-ASW for 26FEB
2026-01-05 16:30:36 | WARNING  | [lf.day.no_flights] No direct flights on 26FEB
2026-01-05 16:30:37 | INFO     | [SUCCESS] Day 26FEB
2026-01-05 16:30:37 | INFO     | [DAY_START] Processing 25FEB
2026-01-05 16:30:37 | INFO     | [lf.day.start] Processing JED-ASW for 25FEB
2026-01-05 16:30:38 | WARNING  | [lf.day.no_flights] No direct flights on 25FEB
2026-01-05 16:30:38 | INFO     | [SUCCESS] Day 25FEB
2026-01-05 16:30:38 | INFO     | [DAY_START] Processing 24FEB
2026-01-05 16:30:38 | INFO     | [lf.day.start] Processing JED-ASW for 24FEB
2026-01-05 16:30:39 | INFO     | [lf.day.flights_found] Found 1 flights on 24FEB
2026-01-05 16:30:41 | INFO     | [lf.flight.extracted] SM986 on 24FEB: BKG=0, LF=0.0%
2026-01-05 16:30:42 | INFO     | [SUCCESS] Day 24FEB
2026-01-05 16:30:42 | INFO     | [DAY_START] Processing 23FEB
2026-01-05 16:30:42 | INFO     | [lf.day.start] Processing JED-ASW for 23FEB
2026-01-05 16:30:43 | INFO     | [lf.day.flights_found] Found 2 flights on 23FEB
2026-01-05 16:30:45 | INFO     | [lf.flight.extracted] SM426 on 23FEB: BKG=0, LF=0.0%
2026-01-05 16:30:48 | INFO     | [lf.flight.extracted] SM950 on 23FEB: BKG=0, LF=0.0%
2026-01-05 16:30:49 | INFO     | [SUCCESS] Day 23FEB
2026-01-05 16:30:49 | INFO     | [DAY_START] Processing 22FEB
2026-01-05 16:30:49 | INFO     | [lf.day.start] Processing JED-ASW for 22FEB
2026-01-05 16:30:50 | WARNING  | [lf.day.no_flights] No direct flights on 22FEB
2026-01-05 16:30:50 | INFO     | [SUCCESS] Day 22FEB
2026-01-05 16:30:50 | INFO     | [DAY_START] Processing 21FEB
2026-01-05 16:30:50 | INFO     | [lf.day.start] Processing JED-ASW for 21FEB
2026-01-05 16:30:51 | WARNING  | [lf.day.no_flights] No direct flights on 21FEB
2026-01-05 16:30:51 | INFO     | [SUCCESS] Day 21FEB
2026-01-05 16:30:51 | INFO     | [DAY_START] Processing 20FEB
2026-01-05 16:30:51 | INFO     | [lf.day.start] Processing JED-ASW for 20FEB
2026-01-05 16:30:52 | WARNING  | [lf.day.no_flights] No direct flights on 20FEB
2026-01-05 16:30:52 | INFO     | [SUCCESS] Day 20FEB
2026-01-05 16:30:52 | INFO     | [DAY_START] Processing 19FEB
2026-01-05 16:30:52 | INFO     | [lf.day.start] Processing JED-ASW for 19FEB
2026-01-05 16:30:53 | WARNING  | [lf.day.no_flights] No direct flights on 19FEB
2026-01-05 16:30:53 | INFO     | [SUCCESS] Day 19FEB
2026-01-05 16:30:53 | INFO     | [SUCCESS] LF Search Complete
2026-01-05 16:30:55 | INFO     | [Worker_9223] Completed: JED-ASW - 10 results, 0 errors
2026-01-05 16:30:55 | INFO     | [Worker_9223] Processing: TUU-ATZ
2026-01-05 16:30:55 | INFO     |   Tier 0: Range 2, Chunk 1/3 (10 days)
