2026-01-05 16:26:51 | INFO     | ======================================================================
2026-01-05 16:26:51 | INFO     | Load Factor Scraper Started - Route: MED-ATZ
2026-01-05 16:26:51 | INFO     | Log file: D:\CODERED\LAB\market_insights\outputs\run_generated_050126_at_16.15\logs\LF_MED-ATZ_20260105_162651.log
2026-01-05 16:26:51 | INFO     | Enhanced logging: Capturing both logging.info() and print()
2026-01-05 16:26:51 | INFO     | ======================================================================
2026-01-05 16:26:51 | INFO     | Starting LF search for route: MED-ATZ
2026-01-05 16:26:51 | INFO     | [START] LF Search
2026-01-05 16:26:52 | INFO     | [HEALTH CHECK] [OK] Chrome connection is healthy
2026-01-05 16:26:52 | INFO     | [DAY_START] Processing 07MAR
2026-01-05 16:26:52 | INFO     | [lf.day.start] Processing MED-ATZ for 07MAR
2026-01-05 16:26:53 | INFO     | [lf.day.flights_found] Found 1 flights on 07MAR
2026-01-05 16:26:55 | INFO     | [lf.flight.extracted] SM488 on 07MAR: BKG=8, LF=4.6%
2026-01-05 16:26:57 | INFO     | [SUCCESS] Day 07MAR
2026-01-05 16:26:57 | INFO     | [DAY_START] Processing 06MAR
2026-01-05 16:26:57 | INFO     | [lf.day.start] Processing MED-ATZ for 06MAR
2026-01-05 16:26:58 | WARNING  | [lf.day.no_flights] No direct flights on 06MAR
2026-01-05 16:26:58 | INFO     | [SUCCESS] Day 06MAR
2026-01-05 16:26:58 | INFO     | [DAY_START] Processing 05MAR
2026-01-05 16:26:58 | INFO     | [lf.day.start] Processing MED-ATZ for 05MAR
2026-01-05 16:26:59 | WARNING  | [lf.day.no_flights] No direct flights on 05MAR
2026-01-05 16:26:59 | INFO     | [SUCCESS] Day 05MAR
2026-01-05 16:26:59 | INFO     | [DAY_START] Processing 04MAR
2026-01-05 16:26:59 | INFO     | [lf.day.start] Processing MED-ATZ for 04MAR
2026-01-05 16:27:01 | INFO     | [lf.day.flights_found] Found 1 flights on 04MAR
2026-01-05 16:27:03 | INFO     | [lf.flight.extracted] SM490 on 04MAR: BKG=23, LF=13.1%
2026-01-05 16:27:06 | INFO     | [SUCCESS] Day 04MAR
2026-01-05 16:27:06 | INFO     | [DAY_START] Processing 03MAR
2026-01-05 16:27:06 | INFO     | [lf.day.start] Processing MED-ATZ for 03MAR
2026-01-05 16:27:07 | INFO     | [lf.day.flights_found] Found 1 flights on 03MAR
2026-01-05 16:27:09 | INFO     | [lf.flight.extracted] SM488 on 03MAR: BKG=5, LF=3.0%
2026-01-05 16:27:12 | INFO     | [SUCCESS] Day 03MAR
2026-01-05 16:27:12 | INFO     | [DAY_START] Processing 02MAR
2026-01-05 16:27:12 | INFO     | [lf.day.start] Processing MED-ATZ for 02MAR
2026-01-05 16:27:13 | INFO     | [lf.day.flights_found] Found 1 flights on 02MAR
2026-01-05 16:27:14 | INFO     | [lf.flight.extracted] SM488 on 02MAR: BKG=13, LF=7.4%
2026-01-05 16:27:17 | INFO     | [SUCCESS] Day 02MAR
2026-01-05 16:27:17 | INFO     | [DAY_START] Processing 01MAR
2026-01-05 16:27:17 | INFO     | [lf.day.start] Processing MED-ATZ for 01MAR
2026-01-05 16:27:18 | WARNING  | [lf.day.no_flights] No direct flights on 01MAR
2026-01-05 16:27:18 | INFO     | [SUCCESS] Day 01MAR
2026-01-05 16:27:18 | INFO     | [SUCCESS] LF Search Complete
2026-01-05 16:27:21 | INFO     | [Worker_9227] Completed: MED-ATZ - 7 results, 0 errors
2026-01-05 16:27:21 | INFO     | [Worker_9227] Processing: RUH-CAI
2026-01-05 16:27:21 | INFO     |   Tier 0: Range 3, Chunk 4/4 (7 days)
