2026-01-05 16:29:49 | INFO     | ======================================================================
2026-01-05 16:29:49 | INFO     | Load Factor Scraper Started - Route: MED-ATZ
2026-01-05 16:29:49 | INFO     | Log file: D:\CODERED\LAB\market_insights\outputs\run_generated_050126_at_16.15\logs\LF_MED-ATZ_20260105_162949.log
2026-01-05 16:29:49 | INFO     | Enhanced logging: Capturing both logging.info() and print()
2026-01-05 16:29:49 | INFO     | ======================================================================
2026-01-05 16:29:49 | INFO     | Starting LF search for route: MED-ATZ
2026-01-05 16:29:49 | INFO     | [START] LF Search
2026-01-05 16:29:50 | INFO     | [HEALTH CHECK] [OK] Chrome connection is healthy
2026-01-05 16:29:50 | INFO     | [DAY_START] Processing 28FEB
2026-01-05 16:29:50 | INFO     | [lf.day.start] Processing MED-ATZ for 28FEB
2026-01-05 16:29:51 | INFO     | [lf.day.flights_found] Found 1 flights on 28FEB
2026-01-05 16:29:53 | INFO     | [lf.flight.extracted] SM488 on 28FEB: BKG=21, LF=12.0%
2026-01-05 16:29:56 | INFO     | [SUCCESS] Day 28FEB
2026-01-05 16:29:56 | INFO     | [DAY_START] Processing 27FEB
2026-01-05 16:29:56 | INFO     | [lf.day.start] Processing MED-ATZ for 27FEB
2026-01-05 16:29:57 | WARNING  | [lf.day.no_flights] No direct flights on 27FEB
2026-01-05 16:29:57 | INFO     | [SUCCESS] Day 27FEB
2026-01-05 16:29:57 | INFO     | [DAY_START] Processing 26FEB
2026-01-05 16:29:57 | INFO     | [lf.day.start] Processing MED-ATZ for 26FEB
2026-01-05 16:29:58 | WARNING  | [lf.day.no_flights] No direct flights on 26FEB
2026-01-05 16:29:59 | INFO     | [SUCCESS] Day 26FEB
2026-01-05 16:29:59 | INFO     | [DAY_START] Processing 25FEB
2026-01-05 16:29:59 | INFO     | [lf.day.start] Processing MED-ATZ for 25FEB
2026-01-05 16:30:00 | INFO     | [lf.day.flights_found] Found 1 flights on 25FEB
2026-01-05 16:30:02 | INFO     | [lf.flight.extracted] SM490 on 25FEB: BKG=146, LF=83.4%
2026-01-05 16:30:05 | INFO     | [SUCCESS] Day 25FEB
2026-01-05 16:30:05 | INFO     | [DAY_START] Processing 24FEB
2026-01-05 16:30:05 | INFO     | [lf.day.start] Processing MED-ATZ for 24FEB
2026-01-05 16:30:06 | INFO     | [lf.day.flights_found] Found 1 flights on 24FEB
2026-01-05 16:30:07 | INFO     | [lf.flight.extracted] SM488 on 24FEB: BKG=135, LF=77.1%
2026-01-05 16:30:10 | INFO     | [SUCCESS] Day 24FEB
2026-01-05 16:30:10 | INFO     | [DAY_START] Processing 23FEB
2026-01-05 16:30:10 | INFO     | [lf.day.start] Processing MED-ATZ for 23FEB
2026-01-05 16:30:11 | INFO     | [lf.day.flights_found] Found 2 flights on 23FEB
2026-01-05 16:30:13 | INFO     | [lf.flight.extracted] SM964 on 23FEB: BKG=0, LF=0.0%
2026-01-05 16:30:17 | INFO     | [lf.flight.extracted] SM488 on 23FEB: BKG=143, LF=81.7%
2026-01-05 16:30:19 | INFO     | [SUCCESS] Day 23FEB
2026-01-05 16:30:19 | INFO     | [DAY_START] Processing 22FEB
2026-01-05 16:30:19 | INFO     | [lf.day.start] Processing MED-ATZ for 22FEB
2026-01-05 16:30:20 | INFO     | [lf.day.flights_found] Found 1 flights on 22FEB
2026-01-05 16:30:22 | INFO     | [lf.flight.extracted] SM982 on 22FEB: BKG=135, LF=77.1%
2026-01-05 16:30:25 | INFO     | [SUCCESS] Day 22FEB
2026-01-05 16:30:25 | INFO     | [DAY_START] Processing 21FEB
2026-01-05 16:30:25 | INFO     | [lf.day.start] Processing MED-ATZ for 21FEB
2026-01-05 16:30:26 | INFO     | [lf.day.flights_found] Found 1 flights on 21FEB
2026-01-05 16:30:28 | INFO     | [lf.flight.extracted] SM488 on 21FEB: BKG=140, LF=80.0%
2026-01-05 16:30:30 | INFO     | [SUCCESS] Day 21FEB
2026-01-05 16:30:30 | INFO     | [DAY_START] Processing 20FEB
2026-01-05 16:30:30 | INFO     | [lf.day.start] Processing MED-ATZ for 20FEB
2026-01-05 16:30:31 | INFO     | [lf.day.flights_found] Found 1 flights on 20FEB
2026-01-05 16:30:33 | INFO     | [lf.flight.extracted] SM964 on 20FEB: BKG=0, LF=0.0%
2026-01-05 16:30:34 | INFO     | [SUCCESS] Day 20FEB
2026-01-05 16:30:34 | INFO     | [DAY_START] Processing 19FEB
2026-01-05 16:30:34 | INFO     | [lf.day.start] Processing MED-ATZ for 19FEB
2026-01-05 16:30:35 | WARNING  | [lf.day.no_flights] No direct flights on 19FEB
2026-01-05 16:30:35 | INFO     | [SUCCESS] Day 19FEB
2026-01-05 16:30:35 | INFO     | [SUCCESS] LF Search Complete
2026-01-05 16:30:37 | INFO     | [Worker_9232] Completed: MED-ATZ - 10 results, 0 errors
2026-01-05 16:30:37 | INFO     | [Worker_9232] Processing: RUH-ATZ
2026-01-05 16:30:37 | INFO     |   Tier 0: Range 2, Chunk 1/3 (10 days)
