2026-01-05 16:23:23 | INFO     | ======================================================================
2026-01-05 16:23:23 | INFO     | Load Factor Scraper Started - Route: MED-CAI
2026-01-05 16:23:23 | INFO     | Log file: D:\CODERED\LAB\market_insights\outputs\run_generated_050126_at_16.15\logs\LF_MED-CAI_20260105_162323.log
2026-01-05 16:23:23 | INFO     | Enhanced logging: Capturing both logging.info() and print()
2026-01-05 16:23:23 | INFO     | ======================================================================
2026-01-05 16:23:23 | INFO     | Starting LF search for route: MED-CAI
2026-01-05 16:23:23 | INFO     | [START] LF Search
2026-01-05 16:23:25 | INFO     | [HEALTH CHECK] [OK] Chrome connection is healthy
2026-01-05 16:23:25 | INFO     | [DAY_START] Processing 15MAR
2026-01-05 16:23:25 | INFO     | [lf.day.start] Processing MED-CAI for 15MAR
2026-01-05 16:23:26 | INFO     | [lf.day.flights_found] Found 1 flights on 15MAR
2026-01-05 16:23:27 | INFO     | [lf.flight.extracted] SM494 on 15MAR: BKG=6, LF=3.4%
2026-01-05 16:23:30 | INFO     | [SUCCESS] Day 15MAR
2026-01-05 16:23:30 | INFO     | [DAY_START] Processing 14MAR
2026-01-05 16:23:30 | INFO     | [lf.day.start] Processing MED-CAI for 14MAR
2026-01-05 16:23:31 | INFO     | [lf.day.flights_found] Found 1 flights on 14MAR
2026-01-05 16:23:33 | INFO     | [lf.flight.extracted] SM494 on 14MAR: BKG=19, LF=10.9%
2026-01-05 16:23:35 | INFO     | [SUCCESS] Day 14MAR
2026-01-05 16:23:35 | INFO     | [DAY_START] Processing 13MAR
2026-01-05 16:23:35 | INFO     | [lf.day.start] Processing MED-CAI for 13MAR
2026-01-05 16:23:36 | WARNING  | [lf.day.no_flights] No direct flights on 13MAR
2026-01-05 16:23:36 | INFO     | [SUCCESS] Day 13MAR
2026-01-05 16:23:36 | INFO     | [DAY_START] Processing 12MAR
2026-01-05 16:23:36 | INFO     | [lf.day.start] Processing MED-CAI for 12MAR
2026-01-05 16:23:37 | INFO     | [lf.day.flights_found] Found 1 flights on 12MAR
2026-01-05 16:23:39 | INFO     | [lf.flight.extracted] SM494 on 12MAR: BKG=32, LF=18.3%
2026-01-05 16:23:43 | INFO     | [SUCCESS] Day 12MAR
2026-01-05 16:23:43 | INFO     | [DAY_START] Processing 11MAR
2026-01-05 16:23:43 | INFO     | [lf.day.start] Processing MED-CAI for 11MAR
2026-01-05 16:23:44 | WARNING  | [lf.day.no_flights] No direct flights on 11MAR
2026-01-05 16:23:44 | INFO     | [SUCCESS] Day 11MAR
2026-01-05 16:23:44 | INFO     | [DAY_START] Processing 10MAR
2026-01-05 16:23:44 | INFO     | [lf.day.start] Processing MED-CAI for 10MAR
2026-01-05 16:23:45 | INFO     | [lf.day.flights_found] Found 2 flights on 10MAR
2026-01-05 16:23:47 | INFO     | [lf.flight.extracted] SM496 on 10MAR: BKG=34, LF=19.4%
2026-01-05 16:23:51 | INFO     | [lf.flight.extracted] SM494 on 10MAR: BKG=9, LF=5.1%
2026-01-05 16:23:55 | INFO     | [SUCCESS] Day 10MAR
2026-01-05 16:23:55 | INFO     | [DAY_START] Processing 09MAR
2026-01-05 16:23:55 | INFO     | [lf.day.start] Processing MED-CAI for 09MAR
2026-01-05 16:23:56 | WARNING  | [lf.day.no_flights] No direct flights on 09MAR
2026-01-05 16:23:56 | INFO     | [SUCCESS] Day 09MAR
2026-01-05 16:23:56 | INFO     | [DAY_START] Processing 08MAR
2026-01-05 16:23:56 | INFO     | [lf.day.start] Processing MED-CAI for 08MAR
2026-01-05 16:23:59 | INFO     | [lf.day.flights_found] Found 1 flights on 08MAR
2026-01-05 16:24:01 | INFO     | [lf.flight.extracted] SM494 on 08MAR: BKG=8, LF=4.7%
2026-01-05 16:24:03 | INFO     | [SUCCESS] Day 08MAR
2026-01-05 16:24:03 | INFO     | [SUCCESS] LF Search Complete
2026-01-05 16:24:05 | INFO     | [Worker_9232] Completed: MED-CAI - 8 results, 0 errors
2026-01-05 16:24:05 | INFO     | [Worker_9232] Processing: JED-HRG
2026-01-05 16:24:05 | INFO     |   Tier 0: Range 3, Chunk 3/4 (8 days)
