2026-01-05 16:27:21 | INFO     | ======================================================================
2026-01-05 16:27:21 | INFO     | Load Factor Scraper Started - Route: RUH-CAI
2026-01-05 16:27:21 | INFO     | Log file: D:\CODERED\LAB\market_insights\outputs\run_generated_050126_at_16.15\logs\LF_RUH-CAI_20260105_162721.log
2026-01-05 16:27:21 | INFO     | Enhanced logging: Capturing both logging.info() and print()
2026-01-05 16:27:21 | INFO     | ======================================================================
2026-01-05 16:27:21 | INFO     | Starting LF search for route: RUH-CAI
2026-01-05 16:27:21 | INFO     | [START] LF Search
2026-01-05 16:27:22 | INFO     | [HEALTH CHECK] [OK] Chrome connection is healthy
2026-01-05 16:27:22 | INFO     | [DAY_START] Processing 07MAR
2026-01-05 16:27:22 | INFO     | [lf.day.start] Processing RUH-CAI for 07MAR
2026-01-05 16:27:23 | INFO     | [lf.day.flights_found] Found 1 flights on 07MAR
2026-01-05 16:27:24 | INFO     | [lf.flight.extracted] SM462 on 07MAR: BKG=13, LF=7.4%
2026-01-05 16:27:28 | INFO     | [SUCCESS] Day 07MAR
2026-01-05 16:27:28 | INFO     | [DAY_START] Processing 06MAR
2026-01-05 16:27:28 | INFO     | [lf.day.start] Processing RUH-CAI for 06MAR
2026-01-05 16:27:29 | INFO     | [lf.day.flights_found] Found 2 flights on 06MAR
2026-01-05 16:27:31 | INFO     | [lf.flight.extracted] SM462 on 06MAR: BKG=28, LF=16.0%
2026-01-05 16:27:34 | INFO     | [lf.flight.extracted] SM470 on 06MAR: BKG=18, LF=10.8%
2026-01-05 16:27:40 | INFO     | [SUCCESS] Day 06MAR
2026-01-05 16:27:40 | INFO     | [DAY_START] Processing 05MAR
2026-01-05 16:27:40 | INFO     | [lf.day.start] Processing RUH-CAI for 05MAR
2026-01-05 16:27:41 | INFO     | [lf.day.flights_found] Found 1 flights on 05MAR
2026-01-05 16:27:43 | INFO     | [lf.flight.extracted] SM462 on 05MAR: BKG=32, LF=18.3%
2026-01-05 16:27:46 | INFO     | [SUCCESS] Day 05MAR
2026-01-05 16:27:46 | INFO     | [DAY_START] Processing 04MAR
2026-01-05 16:27:46 | INFO     | [lf.day.start] Processing RUH-CAI for 04MAR
2026-01-05 16:27:47 | INFO     | [lf.day.flights_found] Found 2 flights on 04MAR
2026-01-05 16:27:49 | INFO     | [lf.flight.extracted] SM462 on 04MAR: BKG=17, LF=9.7%
2026-01-05 16:27:52 | INFO     | [lf.flight.extracted] SM470 on 04MAR: BKG=24, LF=14.4%
2026-01-05 16:27:58 | INFO     | [SUCCESS] Day 04MAR
2026-01-05 16:27:58 | INFO     | [DAY_START] Processing 03MAR
2026-01-05 16:27:58 | INFO     | [lf.day.start] Processing RUH-CAI for 03MAR
2026-01-05 16:27:59 | INFO     | [lf.day.flights_found] Found 1 flights on 03MAR
2026-01-05 16:28:01 | INFO     | [lf.flight.extracted] SM470 on 03MAR: BKG=12, LF=7.2%
2026-01-05 16:28:03 | INFO     | [SUCCESS] Day 03MAR
2026-01-05 16:28:03 | INFO     | [DAY_START] Processing 02MAR
2026-01-05 16:28:03 | INFO     | [lf.day.start] Processing RUH-CAI for 02MAR
2026-01-05 16:28:04 | INFO     | [lf.day.flights_found] Found 1 flights on 02MAR
2026-01-05 16:28:06 | INFO     | [lf.flight.extracted] SM470 on 02MAR: BKG=7, LF=4.2%
2026-01-05 16:28:09 | INFO     | [SUCCESS] Day 02MAR
2026-01-05 16:28:09 | INFO     | [DAY_START] Processing 01MAR
2026-01-05 16:28:09 | INFO     | [lf.day.start] Processing RUH-CAI for 01MAR
2026-01-05 16:28:10 | INFO     | [lf.day.flights_found] Found 1 flights on 01MAR
2026-01-05 16:28:12 | INFO     | [lf.flight.extracted] SM462 on 01MAR: BKG=5, LF=2.9%
2026-01-05 16:28:14 | INFO     | [SUCCESS] Day 01MAR
2026-01-05 16:28:14 | INFO     | [SUCCESS] LF Search Complete
2026-01-05 16:28:16 | INFO     | [Worker_9227] Completed: RUH-CAI - 7 results, 0 errors
2026-01-05 16:28:16 | INFO     | [Worker_9227] Processing: HBE-MED
2026-01-05 16:28:16 | INFO     |   Tier 0: Range 3, Chunk 4/4 (7 days)
