2026-01-05 16:30:37 | INFO     | ======================================================================
2026-01-05 16:30:37 | INFO     | Load Factor Scraper Started - Route: RUH-ATZ
2026-01-05 16:30:37 | INFO     | Log file: D:\CODERED\LAB\market_insights\outputs\run_generated_050126_at_16.15\logs\LF_RUH-ATZ_20260105_163037.log
2026-01-05 16:30:37 | INFO     | Enhanced logging: Capturing both logging.info() and print()
2026-01-05 16:30:37 | INFO     | ======================================================================
2026-01-05 16:30:37 | INFO     | Starting LF search for route: RUH-ATZ
2026-01-05 16:30:37 | INFO     | [START] LF Search
2026-01-05 16:30:39 | INFO     | [HEALTH CHECK] [OK] Chrome connection is healthy
2026-01-05 16:30:39 | INFO     | [DAY_START] Processing 28FEB
2026-01-05 16:30:39 | INFO     | [lf.day.start] Processing RUH-ATZ for 28FEB
2026-01-05 16:30:40 | WARNING  | [lf.day.no_flights] No direct flights on 28FEB
2026-01-05 16:30:40 | INFO     | [SUCCESS] Day 28FEB
2026-01-05 16:30:40 | INFO     | [DAY_START] Processing 27FEB
2026-01-05 16:30:40 | INFO     | [lf.day.start] Processing RUH-ATZ for 27FEB
2026-01-05 16:30:42 | WARNING  | [lf.day.no_flights] No direct flights on 27FEB
2026-01-05 16:30:42 | INFO     | [SUCCESS] Day 27FEB
2026-01-05 16:30:42 | INFO     | [DAY_START] Processing 26FEB
2026-01-05 16:30:42 | INFO     | [lf.day.start] Processing RUH-ATZ for 26FEB
2026-01-05 16:30:43 | WARNING  | [lf.day.no_flights] No direct flights on 26FEB
2026-01-05 16:30:44 | INFO     | [SUCCESS] Day 26FEB
2026-01-05 16:30:44 | INFO     | [DAY_START] Processing 25FEB
2026-01-05 16:30:44 | INFO     | [lf.day.start] Processing RUH-ATZ for 25FEB
2026-01-05 16:30:44 | INFO     | [lf.day.flights_found] Found 1 flights on 25FEB
2026-01-05 16:30:46 | INFO     | [lf.flight.extracted] SM466 on 25FEB: BKG=37, LF=22.2%
2026-01-05 16:30:50 | INFO     | [SUCCESS] Day 25FEB
2026-01-05 16:30:50 | INFO     | [DAY_START] Processing 24FEB
2026-01-05 16:30:50 | INFO     | [lf.day.start] Processing RUH-ATZ for 24FEB
2026-01-05 16:30:51 | INFO     | [lf.day.flights_found] Found 1 flights on 24FEB
2026-01-05 16:30:53 | INFO     | [lf.flight.extracted] SM464 on 24FEB: BKG=31, LF=17.7%
2026-01-05 16:30:56 | INFO     | [SUCCESS] Day 24FEB
2026-01-05 16:30:56 | INFO     | [DAY_START] Processing 23FEB
2026-01-05 16:30:56 | INFO     | [lf.day.start] Processing RUH-ATZ for 23FEB
2026-01-05 16:30:57 | WARNING  | [lf.day.no_flights] No direct flights on 23FEB
2026-01-05 16:30:57 | INFO     | [SUCCESS] Day 23FEB
2026-01-05 16:30:57 | INFO     | [DAY_START] Processing 22FEB
2026-01-05 16:30:57 | INFO     | [lf.day.start] Processing RUH-ATZ for 22FEB
2026-01-05 16:30:58 | INFO     | [lf.day.flights_found] Found 1 flights on 22FEB
2026-01-05 16:31:00 | INFO     | [lf.flight.extracted] SM464 on 22FEB: BKG=23, LF=13.1%
2026-01-05 16:31:03 | INFO     | [SUCCESS] Day 22FEB
2026-01-05 16:31:03 | INFO     | [DAY_START] Processing 21FEB
2026-01-05 16:31:03 | INFO     | [lf.day.start] Processing RUH-ATZ for 21FEB
2026-01-05 16:31:04 | WARNING  | [lf.day.no_flights] No direct flights on 21FEB
2026-01-05 16:31:04 | INFO     | [SUCCESS] Day 21FEB
2026-01-05 16:31:04 | INFO     | [DAY_START] Processing 20FEB
2026-01-05 16:31:04 | INFO     | [lf.day.start] Processing RUH-ATZ for 20FEB
2026-01-05 16:31:05 | WARNING  | [lf.day.no_flights] No direct flights on 20FEB
2026-01-05 16:31:06 | INFO     | [SUCCESS] Day 20FEB
2026-01-05 16:31:06 | INFO     | [DAY_START] Processing 19FEB
2026-01-05 16:31:06 | INFO     | [lf.day.start] Processing RUH-ATZ for 19FEB
2026-01-05 16:31:06 | WARNING  | [lf.day.no_flights] No direct flights on 19FEB
2026-01-05 16:31:07 | INFO     | [SUCCESS] Day 19FEB
2026-01-05 16:31:07 | INFO     | [SUCCESS] LF Search Complete
2026-01-05 16:31:09 | INFO     | [Worker_9232] Completed: RUH-ATZ - 10 results, 0 errors
2026-01-05 16:31:09 | INFO     | [Worker_9232] Processing: AJF-CAI
2026-01-05 16:31:09 | INFO     |   Tier 0: Range 2, Chunk 1/3 (10 days)
