2026-01-05 16:30:55 | INFO     | ======================================================================
2026-01-05 16:30:55 | INFO     | Load Factor Scraper Started - Route: TUU-ATZ
2026-01-05 16:30:55 | INFO     | Log file: D:\CODERED\LAB\market_insights\outputs\run_generated_050126_at_16.15\logs\LF_TUU-ATZ_20260105_163055.log
2026-01-05 16:30:55 | INFO     | Enhanced logging: Capturing both logging.info() and print()
2026-01-05 16:30:55 | INFO     | ======================================================================
2026-01-05 16:30:55 | INFO     | Starting LF search for route: TUU-ATZ
2026-01-05 16:30:55 | INFO     | [START] LF Search
2026-01-05 16:30:56 | INFO     | [HEALTH CHECK] [OK] Chrome connection is healthy
2026-01-05 16:30:56 | INFO     | [DAY_START] Processing 28FEB
2026-01-05 16:30:56 | INFO     | [lf.day.start] Processing TUU-ATZ for 28FEB
2026-01-05 16:30:57 | WARNING  | [lf.day.no_flights] No direct flights on 28FEB
2026-01-05 16:30:57 | INFO     | [SUCCESS] Day 28FEB
2026-01-05 16:30:57 | INFO     | [DAY_START] Processing 27FEB
2026-01-05 16:30:57 | INFO     | [lf.day.start] Processing TUU-ATZ for 27FEB
2026-01-05 16:30:58 | INFO     | [lf.day.flights_found] Found 1 flights on 27FEB
2026-01-05 16:31:00 | INFO     | [lf.flight.extracted] SM328 on 27FEB: BKG=3, LF=1.7%
2026-01-05 16:31:03 | INFO     | [SUCCESS] Day 27FEB
2026-01-05 16:31:03 | INFO     | [DAY_START] Processing 26FEB
2026-01-05 16:31:03 | INFO     | [lf.day.start] Processing TUU-ATZ for 26FEB
2026-01-05 16:31:04 | WARNING  | [lf.day.no_flights] No direct flights on 26FEB
2026-01-05 16:31:04 | INFO     | [SUCCESS] Day 26FEB
2026-01-05 16:31:04 | INFO     | [DAY_START] Processing 25FEB
2026-01-05 16:31:04 | INFO     | [lf.day.start] Processing TUU-ATZ for 25FEB
2026-01-05 16:31:05 | WARNING  | [lf.day.no_flights] No direct flights on 25FEB
2026-01-05 16:31:05 | INFO     | [SUCCESS] Day 25FEB
2026-01-05 16:31:05 | INFO     | [DAY_START] Processing 24FEB
2026-01-05 16:31:05 | INFO     | [lf.day.start] Processing TUU-ATZ for 24FEB
2026-01-05 16:31:06 | WARNING  | [lf.day.no_flights] No direct flights on 24FEB
2026-01-05 16:31:06 | INFO     | [SUCCESS] Day 24FEB
2026-01-05 16:31:06 | INFO     | [DAY_START] Processing 23FEB
2026-01-05 16:31:06 | INFO     | [lf.day.start] Processing TUU-ATZ for 23FEB
2026-01-05 16:31:07 | WARNING  | [lf.day.no_flights] No direct flights on 23FEB
2026-01-05 16:31:07 | INFO     | [SUCCESS] Day 23FEB
2026-01-05 16:31:07 | INFO     | [DAY_START] Processing 22FEB
2026-01-05 16:31:07 | INFO     | [lf.day.start] Processing TUU-ATZ for 22FEB
2026-01-05 16:31:08 | WARNING  | [lf.day.no_flights] No direct flights on 22FEB
2026-01-05 16:31:08 | INFO     | [SUCCESS] Day 22FEB
2026-01-05 16:31:08 | INFO     | [DAY_START] Processing 21FEB
2026-01-05 16:31:08 | INFO     | [lf.day.start] Processing TUU-ATZ for 21FEB
2026-01-05 16:31:09 | WARNING  | [lf.day.no_flights] No direct flights on 21FEB
2026-01-05 16:31:09 | INFO     | [SUCCESS] Day 21FEB
2026-01-05 16:31:09 | INFO     | [DAY_START] Processing 20FEB
2026-01-05 16:31:09 | INFO     | [lf.day.start] Processing TUU-ATZ for 20FEB
2026-01-05 16:31:10 | INFO     | [lf.day.flights_found] Found 1 flights on 20FEB
2026-01-05 16:31:12 | INFO     | [lf.flight.extracted] SM328 on 20FEB: BKG=1, LF=0.6%
2026-01-05 16:31:15 | INFO     | [SUCCESS] Day 20FEB
2026-01-05 16:31:15 | INFO     | [DAY_START] Processing 19FEB
2026-01-05 16:31:15 | INFO     | [lf.day.start] Processing TUU-ATZ for 19FEB
2026-01-05 16:31:16 | WARNING  | [lf.day.no_flights] No direct flights on 19FEB
2026-01-05 16:31:16 | INFO     | [SUCCESS] Day 19FEB
2026-01-05 16:31:16 | INFO     | [SUCCESS] LF Search Complete
2026-01-05 16:31:18 | INFO     | [Worker_9223] Completed: TUU-ATZ - 10 results, 0 errors
2026-01-05 16:31:18 | INFO     | [Worker_9223] Processing: YNB-CAI
2026-01-05 16:31:18 | INFO     |   Tier 0: Range 2, Chunk 1/3 (10 days)
