2026-01-05 16:17:04 | INFO     | ======================================================================
2026-01-05 16:17:04 | INFO     | Load Factor Scraper Started - Route: TUU-CAI
2026-01-05 16:17:04 | INFO     | Log file: D:\CODERED\LAB\market_insights\outputs\run_generated_050126_at_16.15\logs\LF_TUU-CAI_20260105_161704.log
2026-01-05 16:17:04 | INFO     | Enhanced logging: Capturing both logging.info() and print()
2026-01-05 16:17:04 | INFO     | ======================================================================
2026-01-05 16:17:04 | INFO     | Starting LF search for route: TUU-CAI
2026-01-05 16:17:04 | INFO     | [START] LF Search
2026-01-05 16:17:05 | INFO     | [HEALTH CHECK] [OK] Chrome connection is healthy
2026-01-05 16:17:05 | INFO     | [DAY_START] Processing 31MAR
2026-01-05 16:17:05 | INFO     | [lf.day.start] Processing TUU-CAI for 31MAR
2026-01-05 16:17:07 | INFO     | [lf.day.flights_found] Found 1 flights on 31MAR
2026-01-05 16:17:09 | INFO     | [lf.flight.extracted] SM326 on 31MAR: BKG=1, LF=0.6%
2026-01-05 16:17:11 | INFO     | [SUCCESS] Day 31MAR
2026-01-05 16:17:11 | INFO     | [DAY_START] Processing 30MAR
2026-01-05 16:17:11 | INFO     | [lf.day.start] Processing TUU-CAI for 30MAR
2026-01-05 16:17:13 | WARNING  | [lf.day.no_flights] No direct flights on 30MAR
2026-01-05 16:17:13 | INFO     | [SUCCESS] Day 30MAR
2026-01-05 16:17:13 | INFO     | [DAY_START] Processing 29MAR
2026-01-05 16:17:13 | INFO     | [lf.day.start] Processing TUU-CAI for 29MAR
2026-01-05 16:17:14 | WARNING  | [lf.day.no_flights] No direct flights on 29MAR
2026-01-05 16:17:14 | INFO     | [SUCCESS] Day 29MAR
2026-01-05 16:17:14 | INFO     | [DAY_START] Processing 28MAR
2026-01-05 16:17:14 | INFO     | [lf.day.start] Processing TUU-CAI for 28MAR
2026-01-05 16:17:15 | INFO     | [lf.day.flights_found] Found 1 flights on 28MAR
2026-01-05 16:17:17 | INFO     | [lf.flight.extracted] SM326 on 28MAR: BKG=0, LF=0.0%
2026-01-05 16:17:19 | INFO     | [SUCCESS] Day 28MAR
2026-01-05 16:17:19 | INFO     | [DAY_START] Processing 27MAR
2026-01-05 16:17:19 | INFO     | [lf.day.start] Processing TUU-CAI for 27MAR
2026-01-05 16:17:20 | WARNING  | [lf.day.no_flights] No direct flights on 27MAR
2026-01-05 16:17:20 | INFO     | [SUCCESS] Day 27MAR
2026-01-05 16:17:20 | INFO     | [DAY_START] Processing 26MAR
2026-01-05 16:17:20 | INFO     | [lf.day.start] Processing TUU-CAI for 26MAR
2026-01-05 16:17:21 | INFO     | [lf.day.flights_found] Found 1 flights on 26MAR
2026-01-05 16:17:23 | INFO     | [lf.flight.extracted] SM326 on 26MAR: BKG=0, LF=0.0%
2026-01-05 16:17:24 | INFO     | [SUCCESS] Day 26MAR
2026-01-05 16:17:24 | INFO     | [DAY_START] Processing 25MAR
2026-01-05 16:17:24 | INFO     | [lf.day.start] Processing TUU-CAI for 25MAR
2026-01-05 16:17:26 | INFO     | [lf.day.flights_found] Found 1 flights on 25MAR
2026-01-05 16:17:28 | INFO     | [lf.flight.extracted] SM326 on 25MAR: BKG=1, LF=0.6%
2026-01-05 16:17:31 | INFO     | [SUCCESS] Day 25MAR
2026-01-05 16:17:31 | INFO     | [DAY_START] Processing 24MAR
2026-01-05 16:17:31 | INFO     | [lf.day.start] Processing TUU-CAI for 24MAR
2026-01-05 16:17:33 | WARNING  | [lf.day.no_flights] No direct flights on 24MAR
2026-01-05 16:17:33 | INFO     | [SUCCESS] Day 24MAR
2026-01-05 16:17:33 | INFO     | [SUCCESS] LF Search Complete
2026-01-05 16:17:35 | INFO     | [Worker_9225] Completed: TUU-CAI - 8 results, 0 errors
2026-01-05 16:17:35 | INFO     | [Worker_9225] Processing: AHB-ATZ
2026-01-05 16:17:35 | INFO     |   Tier 0: Range 3, Chunk 1/4 (8 days)
