2026-01-05 16:27:49 | INFO     | ======================================================================
2026-01-05 16:27:49 | INFO     | Load Factor Scraper Started - Route: TUU-ATZ
2026-01-05 16:27:49 | INFO     | Log file: D:\CODERED\LAB\market_insights\outputs\run_generated_050126_at_16.15\logs\LF_TUU-ATZ_20260105_162749.log
2026-01-05 16:27:49 | INFO     | Enhanced logging: Capturing both logging.info() and print()
2026-01-05 16:27:49 | INFO     | ======================================================================
2026-01-05 16:27:49 | INFO     | Starting LF search for route: TUU-ATZ
2026-01-05 16:27:49 | INFO     | [START] LF Search
2026-01-05 16:27:50 | INFO     | [HEALTH CHECK] [OK] Chrome connection is healthy
2026-01-05 16:27:50 | INFO     | [DAY_START] Processing 07MAR
2026-01-05 16:27:50 | INFO     | [lf.day.start] Processing TUU-ATZ for 07MAR
2026-01-05 16:27:51 | WARNING  | [lf.day.no_flights] No direct flights on 07MAR
2026-01-05 16:27:52 | INFO     | [SUCCESS] Day 07MAR
2026-01-05 16:27:52 | INFO     | [DAY_START] Processing 06MAR
2026-01-05 16:27:52 | INFO     | [lf.day.start] Processing TUU-ATZ for 06MAR
2026-01-05 16:27:52 | INFO     | [lf.day.flights_found] Found 1 flights on 06MAR
2026-01-05 16:27:54 | INFO     | [lf.flight.extracted] SM328 on 06MAR: BKG=13, LF=7.4%
2026-01-05 16:27:57 | INFO     | [SUCCESS] Day 06MAR
2026-01-05 16:27:57 | INFO     | [DAY_START] Processing 05MAR
2026-01-05 16:27:57 | INFO     | [lf.day.start] Processing TUU-ATZ for 05MAR
2026-01-05 16:27:58 | WARNING  | [lf.day.no_flights] No direct flights on 05MAR
2026-01-05 16:27:58 | INFO     | [SUCCESS] Day 05MAR
2026-01-05 16:27:58 | INFO     | [DAY_START] Processing 04MAR
2026-01-05 16:27:58 | INFO     | [lf.day.start] Processing TUU-ATZ for 04MAR
2026-01-05 16:27:59 | WARNING  | [lf.day.no_flights] No direct flights on 04MAR
2026-01-05 16:27:59 | INFO     | [SUCCESS] Day 04MAR
2026-01-05 16:27:59 | INFO     | [DAY_START] Processing 03MAR
2026-01-05 16:27:59 | INFO     | [lf.day.start] Processing TUU-ATZ for 03MAR
2026-01-05 16:28:01 | WARNING  | [lf.day.no_flights] No direct flights on 03MAR
2026-01-05 16:28:01 | INFO     | [SUCCESS] Day 03MAR
2026-01-05 16:28:01 | INFO     | [DAY_START] Processing 02MAR
2026-01-05 16:28:01 | INFO     | [lf.day.start] Processing TUU-ATZ for 02MAR
2026-01-05 16:28:02 | WARNING  | [lf.day.no_flights] No direct flights on 02MAR
2026-01-05 16:28:03 | INFO     | [SUCCESS] Day 02MAR
2026-01-05 16:28:03 | INFO     | [DAY_START] Processing 01MAR
2026-01-05 16:28:03 | INFO     | [lf.day.start] Processing TUU-ATZ for 01MAR
2026-01-05 16:28:03 | WARNING  | [lf.day.no_flights] No direct flights on 01MAR
2026-01-05 16:28:04 | INFO     | [SUCCESS] Day 01MAR
2026-01-05 16:28:04 | INFO     | [SUCCESS] LF Search Complete
2026-01-05 16:28:06 | INFO     | [Worker_9226] Completed: TUU-ATZ - 7 results, 0 errors
2026-01-05 16:28:06 | INFO     | [Worker_9226] Processing: ELQ-CAI
2026-01-05 16:28:06 | INFO     |   Tier 0: Range 3, Chunk 4/4 (7 days)
