2026-01-05 16:31:18 | INFO     | ======================================================================
2026-01-05 16:31:18 | INFO     | Load Factor Scraper Started - Route: YNB-CAI
2026-01-05 16:31:18 | INFO     | Log file: D:\CODERED\LAB\market_insights\outputs\run_generated_050126_at_16.15\logs\LF_YNB-CAI_20260105_163118.log
2026-01-05 16:31:18 | INFO     | Enhanced logging: Capturing both logging.info() and print()
2026-01-05 16:31:18 | INFO     | ======================================================================
2026-01-05 16:31:18 | INFO     | Starting LF search for route: YNB-CAI
2026-01-05 16:31:18 | INFO     | [START] LF Search
2026-01-05 16:31:19 | INFO     | [HEALTH CHECK] [OK] Chrome connection is healthy
2026-01-05 16:31:19 | INFO     | [DAY_START] Processing 28FEB
2026-01-05 16:31:19 | INFO     | [lf.day.start] Processing YNB-CAI for 28FEB
2026-01-05 16:31:20 | INFO     | [lf.day.flights_found] Found 1 flights on 28FEB
2026-01-05 16:31:22 | INFO     | [lf.flight.extracted] SM442 on 28FEB: BKG=10, LF=5.7%
2026-01-05 16:31:24 | INFO     | [SUCCESS] Day 28FEB
2026-01-05 16:31:24 | INFO     | [DAY_START] Processing 27FEB
2026-01-05 16:31:24 | INFO     | [lf.day.start] Processing YNB-CAI for 27FEB
2026-01-05 16:31:25 | INFO     | [lf.day.flights_found] Found 1 flights on 27FEB
2026-01-05 16:31:27 | INFO     | [lf.flight.extracted] SM442 on 27FEB: BKG=151, LF=86.3%
2026-01-05 16:31:30 | INFO     | [SUCCESS] Day 27FEB
2026-01-05 16:31:30 | INFO     | [DAY_START] Processing 26FEB
2026-01-05 16:31:30 | INFO     | [lf.day.start] Processing YNB-CAI for 26FEB
2026-01-05 16:31:30 | INFO     | [lf.day.flights_found] Found 1 flights on 26FEB
2026-01-05 16:31:32 | INFO     | [lf.flight.extracted] SM442 on 26FEB: BKG=20, LF=11.4%
2026-01-05 16:31:36 | INFO     | [SUCCESS] Day 26FEB
2026-01-05 16:31:36 | INFO     | [DAY_START] Processing 25FEB
2026-01-05 16:31:36 | INFO     | [lf.day.start] Processing YNB-CAI for 25FEB
2026-01-05 16:31:36 | INFO     | [lf.day.flights_found] Found 1 flights on 25FEB
2026-01-05 16:31:38 | INFO     | [lf.flight.extracted] SM442 on 25FEB: BKG=149, LF=85.1%
2026-01-05 16:31:41 | INFO     | [SUCCESS] Day 25FEB
2026-01-05 16:31:41 | INFO     | [DAY_START] Processing 24FEB
2026-01-05 16:31:41 | INFO     | [lf.day.start] Processing YNB-CAI for 24FEB
2026-01-05 16:31:42 | INFO     | [lf.day.flights_found] Found 2 flights on 24FEB
2026-01-05 16:31:44 | INFO     | [lf.flight.extracted] SM942 on 24FEB: BKG=180, LF=107.8%
2026-01-05 16:31:47 | INFO     | [lf.flight.extracted] SM442 on 24FEB: BKG=148, LF=84.6%
2026-01-05 16:31:51 | INFO     | [SUCCESS] Day 24FEB
2026-01-05 16:31:51 | INFO     | [DAY_START] Processing 23FEB
2026-01-05 16:31:51 | INFO     | [lf.day.start] Processing YNB-CAI for 23FEB
2026-01-05 16:31:52 | INFO     | [lf.day.flights_found] Found 3 flights on 23FEB
2026-01-05 16:31:54 | INFO     | [lf.flight.extracted] SM986 on 23FEB: BKG=170, LF=101.8%
2026-01-05 16:31:57 | INFO     | [lf.flight.extracted] SM932 on 23FEB: BKG=0, LF=0.0%
2026-01-05 16:32:00 | INFO     | [lf.flight.extracted] SM442 on 23FEB: BKG=7, LF=4.0%
2026-01-05 16:32:04 | INFO     | [SUCCESS] Day 23FEB
2026-01-05 16:32:04 | INFO     | [DAY_START] Processing 22FEB
2026-01-05 16:32:04 | INFO     | [lf.day.start] Processing YNB-CAI for 22FEB
2026-01-05 16:32:05 | INFO     | [lf.day.flights_found] Found 3 flights on 22FEB
2026-01-05 16:32:07 | INFO     | [lf.flight.extracted] SM442 on 22FEB: BKG=135, LF=77.1%
2026-01-05 16:32:10 | INFO     | [lf.flight.extracted] SM988 on 22FEB: BKG=170, LF=101.8%
2026-01-05 16:32:13 | INFO     | [lf.flight.extracted] SM956 on 22FEB: BKG=0, LF=0.0%
2026-01-05 16:32:17 | INFO     | [SUCCESS] Day 22FEB
2026-01-05 16:32:17 | INFO     | [DAY_START] Processing 21FEB
2026-01-05 16:32:17 | INFO     | [lf.day.start] Processing YNB-CAI for 21FEB
2026-01-05 16:32:17 | INFO     | [lf.day.flights_found] Found 1 flights on 21FEB
2026-01-05 16:32:19 | INFO     | [lf.flight.extracted] SM442 on 21FEB: BKG=139, LF=80.8%
