2026-01-10 07:30:18,092 | ERROR    | [Worker_9223] Failed: MED-HBE - 'Logger' object has no attribute 'operation_start'
2026-01-10 07:30:18,093 | INFO     | [Worker_9223] Processing: JED-HBE
2026-01-10 07:30:18,093 | INFO     |   Tier 0: Range 2, Chunk 1/3 (7 days)
2026-01-10 07:30:18,097 | ERROR    | [Worker_9223] Failed: JED-HBE - 'Logger' object has no attribute 'operation_start'
2026-01-10 07:30:18,098 | INFO     | [Worker_9223] Processing: JED-ASW
2026-01-10 07:30:18,098 | INFO     |   Tier 0: Range 2, Chunk 1/3 (7 days)
2026-01-10 07:30:18,101 | ERROR    | [Worker_9223] Failed: JED-ASW - 'Logger' object has no attribute 'operation_start'
2026-01-10 07:30:18,102 | INFO     | [Worker_9223] Processing: RUH-ATZ
2026-01-10 07:30:18,102 | INFO     |   Tier 0: Range 2, Chunk 1/3 (7 days)
2026-01-10 07:30:18,105 | ERROR    | [Worker_9223] Failed: RUH-ATZ - 'Logger' object has no attribute 'operation_start'
2026-01-10 07:30:18,107 | INFO     | [Worker_9223] Processing: TUU-CAI
2026-01-10 07:30:18,107 | INFO     |   Tier 0: Range 2, Chunk 1/3 (7 days)
2026-01-10 07:30:18,110 | ERROR    | [Worker_9223] Failed: TUU-CAI - 'Logger' object has no attribute 'operation_start'
2026-01-10 07:30:18,111 | INFO     | [Worker_9223] Processing: AJF-ATZ
2026-01-10 07:30:18,112 | INFO     |   Tier 0: Range 2, Chunk 1/3 (7 days)
2026-01-10 07:30:18,114 | ERROR    | [Worker_9223] Failed: AJF-ATZ - 'Logger' object has no attribute 'operation_start'
2026-01-10 07:30:18,115 | INFO     | [Worker_9223] Processing: AHB-ATZ
2026-01-10 07:30:18,115 | INFO     |   Tier 0: Range 2, Chunk 1/3 (7 days)
2026-01-10 07:30:18,117 | ERROR    | [Worker_9223] Failed: AHB-ATZ - 'Logger' object has no attribute 'operation_start'
2026-01-10 07:30:18,118 | INFO     | [Worker_9223] Processing: GIZ-CAI
2026-01-10 07:30:18,118 | INFO     |   Tier 0: Range 2, Chunk 1/3 (7 days)
2026-01-10 07:30:18,121 | ERROR    | [Worker_9223] Failed: GIZ-CAI - 'Logger' object has no attribute 'operation_start'
2026-01-10 07:30:18,123 | INFO     | [Worker_9223] Processing: ATZ-MED
2026-01-10 07:30:18,123 | INFO     |   Tier 0: Range 2, Chunk 1/3 (7 days)
2026-01-10 07:30:18,126 | ERROR    | [Worker_9223] Failed: ATZ-MED - 'Logger' object has no attribute 'operation_start'
2026-01-10 07:30:18,127 | INFO     | [Worker_9223] Processing: ATZ-JED
2026-01-10 07:30:18,127 | INFO     |   Tier 0: Range 2, Chunk 1/3 (7 days)
2026-01-10 07:30:18,131 | ERROR    | [Worker_9223] Failed: ATZ-JED - 'Logger' object has no attribute 'operation_start'
2026-01-10 07:30:18,132 | INFO     | [Worker_9223] Processing: SSH-JED
2026-01-10 07:30:18,132 | INFO     |   Tier 0: Range 2, Chunk 1/3 (7 days)
2026-01-10 07:30:18,135 | ERROR    | [Worker_9223] Failed: SSH-JED - 'Logger' object has no attribute 'operation_start'
2026-01-10 07:30:18,137 | INFO     | [Worker_9223] Processing: CAI-DMM
2026-01-10 07:30:18,137 | INFO     |   Tier 0: Range 2, Chunk 1/3 (7 days)
2026-01-10 07:30:18,140 | ERROR    | [Worker_9223] Failed: CAI-DMM - 'Logger' object has no attribute 'operation_start'
2026-01-10 07:30:18,142 | INFO     | [Worker_9223] Processing: ATZ-AJF
2026-01-10 07:30:18,143 | INFO     |   Tier 0: Range 2, Chunk 1/3 (7 days)
2026-01-10 07:30:18,146 | ERROR    | [Worker_9223] Failed: ATZ-AJF - 'Logger' object has no attribute 'operation_start'
2026-01-10 07:30:18,148 | INFO     | [Worker_9223] Processing: ATZ-AHB
2026-01-10 07:30:18,148 | INFO     |   Tier 0: Range 2, Chunk 1/3 (7 days)
2026-01-10 07:30:18,152 | ERROR    | [Worker_9223] Failed: ATZ-AHB - 'Logger' object has no attribute 'operation_start'
2026-01-10 07:30:18,153 | INFO     | [Worker_9223] Processing: MED-HBE
2026-01-10 07:30:18,153 | INFO     |   Tier 0: Range 2, Chunk 2/3 (7 days)
2026-01-10 07:30:18,156 | ERROR    | [Worker_9223] Failed: MED-HBE - 'Logger' object has no attribute 'operation_start'
2026-01-10 07:30:18,157 | INFO     | [Worker_9223] Processing: JED-ATZ
2026-01-10 07:30:18,157 | INFO     |   Tier 0: Range 2, Chunk 2/3 (7 days)
2026-01-10 07:30:18,159 | ERROR    | [Worker_9223] Failed: JED-ATZ - 'Logger' object has no attribute 'operation_start'
2026-01-10 07:30:18,161 | INFO     | [Worker_9223] Processing: RUH-CAI
2026-01-10 07:30:18,161 | INFO     |   Tier 0: Range 2, Chunk 2/3 (7 days)
2026-01-10 07:30:18,163 | ERROR    | [Worker_9223] Failed: RUH-CAI - 'Logger' object has no attribute 'operation_start'
2026-01-10 07:30:18,164 | INFO     | [Worker_9223] Processing: DMM-ATZ
2026-01-10 07:30:18,164 | INFO     |   Tier 0: Range 2, Chunk 2/3 (7 days)
2026-01-10 07:30:18,167 | ERROR    | [Worker_9223] Failed: DMM-ATZ - 'Logger' object has no attribute 'operation_start'
2026-01-10 07:30:18,169 | INFO     | [Worker_9223] Processing: AHB-CAI
2026-01-10 07:30:18,169 | INFO     |   Tier 0: Range 2, Chunk 2/3 (7 days)
2026-01-10 07:30:18,172 | ERROR    | [Worker_9223] Failed: AHB-CAI - 'Logger' object has no attribute 'operation_start'
2026-01-10 07:30:18,173 | INFO     | [Worker_9223] Processing: HBE-MED
2026-01-10 07:30:18,173 | INFO     |   Tier 0: Range 2, Chunk 2/3 (7 days)
2026-01-10 07:30:18,176 | ERROR    | [Worker_9223] Failed: HBE-MED - 'Logger' object has no attribute 'operation_start'
2026-01-10 07:30:18,177 | INFO     | [Worker_9223] Processing: ASW-JED
2026-01-10 07:30:18,178 | INFO     |   Tier 0: Range 2, Chunk 2/3 (7 days)
2026-01-10 07:30:18,180 | ERROR    | [Worker_9223] Failed: ASW-JED - 'Logger' object has no attribute 'operation_start'
2026-01-10 07:30:18,181 | INFO     | [Worker_9223] Processing: ATZ-RUH
2026-01-10 07:30:18,181 | INFO     |   Tier 0: Range 2, Chunk 2/3 (7 days)
2026-01-10 07:30:18,183 | ERROR    | [Worker_9223] Failed: ATZ-RUH - 'Logger' object has no attribute 'operation_start'
2026-01-10 07:30:18,185 | INFO     | [Worker_9223] Processing: CAI-AJF
2026-01-10 07:30:18,185 | INFO     |   Tier 0: Range 2, Chunk 2/3 (7 days)
2026-01-10 07:30:18,188 | ERROR    | [Worker_9223] Failed: CAI-AJF - 'Logger' object has no attribute 'operation_start'
2026-01-10 07:30:18,189 | INFO     | [Worker_9223] Processing: CAI-ELQ
2026-01-10 07:30:18,189 | INFO     |   Tier 0: Range 2, Chunk 2/3 (7 days)
2026-01-10 07:30:18,191 | ERROR    | [Worker_9223] Failed: CAI-ELQ - 'Logger' object has no attribute 'operation_start'
2026-01-10 07:30:18,192 | INFO     | [Worker_9223] Processing: MED-ATZ
2026-01-10 07:30:18,192 | INFO     |   Tier 0: Range 2, Chunk 3/3 (7 days)
2026-01-10 07:30:18,194 | ERROR    | [Worker_9223] Failed: MED-ATZ - 'Logger' object has no attribute 'operation_start'
2026-01-10 07:30:18,195 | INFO     | [Worker_9223] Processing: JED-ASW
2026-01-10 07:30:18,195 | INFO     |   Tier 0: Range 2, Chunk 3/3 (7 days)
2026-01-10 07:30:18,198 | ERROR    | [Worker_9223] Failed: JED-ASW - 'Logger' object has no attribute 'operation_start'
2026-01-10 07:30:18,199 | INFO     | [Worker_9223] Processing: DMM-CAI
2026-01-10 07:30:18,199 | INFO     |   Tier 0: Range 2, Chunk 3/3 (7 days)
2026-01-10 07:30:18,202 | ERROR    | [Worker_9223] Failed: DMM-CAI - 'Logger' object has no attribute 'operation_start'
2026-01-10 07:30:18,202 | INFO     | [Worker_9223] Processing: AJF-ATZ
2026-01-10 07:30:18,202 | INFO     |   Tier 0: Range 2, Chunk 3/3 (7 days)
2026-01-10 07:30:18,204 | ERROR    | [Worker_9223] Failed: AJF-ATZ - 'Logger' object has no attribute 'operation_start'
2026-01-10 07:30:18,206 | INFO     | [Worker_9223] Processing: GIZ-CAI
2026-01-10 07:30:18,206 | INFO     |   Tier 0: Range 2, Chunk 3/3 (7 days)
2026-01-10 07:30:18,208 | ERROR    | [Worker_9223] Failed: GIZ-CAI - 'Logger' object has no attribute 'operation_start'
2026-01-10 07:30:18,209 | INFO     | [Worker_9223] Processing: HBE-JED
2026-01-10 07:30:18,210 | INFO     |   Tier 0: Range 2, Chunk 3/3 (7 days)
2026-01-10 07:30:18,212 | ERROR    | [Worker_9223] Failed: HBE-JED - 'Logger' object has no attribute 'operation_start'
2026-01-10 07:30:18,213 | INFO     | [Worker_9223] Processing: ATZ-RUH
2026-01-10 07:30:18,213 | INFO     |   Tier 0: Range 2, Chunk 3/3 (7 days)
2026-01-10 07:30:18,216 | ERROR    | [Worker_9223] Failed: ATZ-RUH - 'Logger' object has no attribute 'operation_start'
2026-01-10 07:30:18,218 | INFO     | [Worker_9223] Processing: ATZ-TUU
2026-01-10 07:30:18,218 | INFO     |   Tier 0: Range 2, Chunk 3/3 (7 days)
2026-01-10 07:30:18,221 | ERROR    | [Worker_9223] Failed: ATZ-TUU - 'Logger' object has no attribute 'operation_start'
2026-01-10 07:30:18,222 | INFO     | [Worker_9223] Processing: CAI-GIZ
2026-01-10 07:30:18,222 | INFO     |   Tier 0: Range 2, Chunk 3/3 (7 days)
2026-01-10 07:30:18,225 | ERROR    | [Worker_9223] Failed: CAI-GIZ - 'Logger' object has no attribute 'operation_start'
2026-01-10 07:30:18,226 | INFO     | [Worker_9223] Processing: JED-HBE
2026-01-10 07:30:18,226 | INFO     |   Tier 0: Range 1, Chunk 1/3 (8 days)
2026-01-10 07:30:18,229 | ERROR    | [Worker_9223] Failed: JED-HBE - 'Logger' object has no attribute 'operation_start'
2026-01-10 07:30:18,230 | INFO     | [Worker_9223] Processing: DMM-CAI
2026-01-10 07:30:18,230 | INFO     |   Tier 0: Range 1, Chunk 1/3 (8 days)
2026-01-10 07:30:18,233 | ERROR    | [Worker_9223] Failed: DMM-CAI - 'Logger' object has no attribute 'operation_start'
2026-01-10 07:30:18,235 | INFO     | [Worker_9223] Processing: AHB-CAI
2026-01-10 07:30:18,235 | INFO     |   Tier 0: Range 1, Chunk 1/3 (8 days)
2026-01-10 07:30:18,237 | ERROR    | [Worker_9223] Failed: AHB-CAI - 'Logger' object has no attribute 'operation_start'
2026-01-10 07:30:18,239 | INFO     | [Worker_9223] Processing: CAI-JED
2026-01-10 07:30:18,239 | INFO     |   Tier 0: Range 1, Chunk 1/3 (8 days)
2026-01-10 07:30:18,242 | ERROR    | [Worker_9223] Failed: CAI-JED - 'Logger' object has no attribute 'operation_start'
2026-01-10 07:30:18,243 | INFO     | [Worker_9223] Processing: ATZ-RUH
2026-01-10 07:30:18,243 | INFO     |   Tier 0: Range 1, Chunk 1/3 (8 days)
2026-01-10 07:30:18,246 | ERROR    | [Worker_9223] Failed: ATZ-RUH - 'Logger' object has no attribute 'operation_start'
2026-01-10 07:30:18,247 | INFO     | [Worker_9223] Processing: CAI-YNB
2026-01-10 07:30:18,247 | INFO     |   Tier 0: Range 1, Chunk 1/3 (8 days)
2026-01-10 07:30:18,250 | ERROR    | [Worker_9223] Failed: CAI-YNB - 'Logger' object has no attribute 'operation_start'
2026-01-10 07:30:18,251 | INFO     | [Worker_9223] Processing: MED-HBE
2026-01-10 07:30:18,251 | INFO     |   Tier 0: Range 1, Chunk 2/3 (7 days)
2026-01-10 07:30:18,254 | ERROR    | [Worker_9223] Failed: MED-HBE - 'Logger' object has no attribute 'operation_start'
2026-01-10 07:30:18,255 | INFO     | [Worker_9223] Processing: JED-SSH
2026-01-10 07:30:18,255 | INFO     |   Tier 0: Range 1, Chunk 2/3 (7 days)
2026-01-10 07:30:18,257 | ERROR    | [Worker_9223] Failed: JED-SSH - 'Logger' object has no attribute 'operation_start'
2026-01-10 07:30:18,259 | INFO     | [Worker_9223] Processing: AJF-CAI
2026-01-10 07:30:18,259 | INFO     |   Tier 0: Range 1, Chunk 2/3 (7 days)
2026-01-10 07:30:18,261 | ERROR    | [Worker_9223] Failed: AJF-CAI - 'Logger' object has no attribute 'operation_start'
2026-01-10 07:30:18,263 | INFO     | [Worker_9223] Processing: GIZ-CAI
2026-01-10 07:30:18,263 | INFO     |   Tier 0: Range 1, Chunk 2/3 (7 days)
2026-01-10 07:30:18,265 | ERROR    | [Worker_9223] Failed: GIZ-CAI - 'Logger' object has no attribute 'operation_start'
2026-01-10 07:30:18,266 | INFO     | [Worker_9223] Processing: ATZ-JED
2026-01-10 07:30:18,266 | INFO     |   Tier 0: Range 1, Chunk 2/3 (7 days)
2026-01-10 07:30:18,269 | ERROR    | [Worker_9223] Failed: ATZ-JED - 'Logger' object has no attribute 'operation_start'
2026-01-10 07:30:18,270 | INFO     | [Worker_9223] Processing: ATZ-DMM
2026-01-10 07:30:18,271 | INFO     |   Tier 0: Range 1, Chunk 2/3 (7 days)
2026-01-10 07:30:18,273 | ERROR    | [Worker_9223] Failed: ATZ-DMM - 'Logger' object has no attribute 'operation_start'
2026-01-10 07:30:18,274 | INFO     | [Worker_9223] Processing: ATZ-AHB
2026-01-10 07:30:18,274 | INFO     |   Tier 0: Range 1, Chunk 2/3 (7 days)
2026-01-10 07:30:18,277 | ERROR    | [Worker_9223] Failed: ATZ-AHB - 'Logger' object has no attribute 'operation_start'
2026-01-10 07:30:18,278 | INFO     | [Worker_9223] Processing: JED-CAI
2026-01-10 07:30:18,278 | INFO     |   Tier 0: Range 1, Chunk 3/3 (7 days)
2026-01-10 07:30:18,281 | ERROR    | [Worker_9223] Failed: JED-CAI - 'Logger' object has no attribute 'operation_start'
2026-01-10 07:30:18,282 | INFO     | [Worker_9223] Processing: RUH-ATZ
2026-01-10 07:30:18,282 | INFO     |   Tier 0: Range 1, Chunk 3/3 (7 days)
2026-01-10 07:30:18,285 | ERROR    | [Worker_9223] Failed: RUH-ATZ - 'Logger' object has no attribute 'operation_start'
2026-01-10 07:30:18,286 | INFO     | [Worker_9223] Processing: AJF-ATZ
2026-01-10 07:30:18,286 | INFO     |   Tier 0: Range 1, Chunk 3/3 (7 days)
2026-01-10 07:30:18,289 | ERROR    | [Worker_9223] Failed: AJF-ATZ - 'Logger' object has no attribute 'operation_start'
2026-01-10 07:30:18,290 | INFO     | [Worker_9223] Processing: CAI-MED
2026-01-10 07:30:18,290 | INFO     |   Tier 0: Range 1, Chunk 3/3 (7 days)
2026-01-10 07:30:18,293 | ERROR    | [Worker_9223] Failed: CAI-MED - 'Logger' object has no attribute 'operation_start'
2026-01-10 07:30:18,294 | INFO     | [Worker_9223] Processing: ASW-JED
2026-01-10 07:30:18,295 | INFO     |   Tier 0: Range 1, Chunk 3/3 (7 days)
2026-01-10 07:30:18,298 | ERROR    | [Worker_9223] Failed: ASW-JED - 'Logger' object has no attribute 'operation_start'
2026-01-10 07:30:18,300 | INFO     | [Worker_9223] Processing: ATZ-TUU
2026-01-10 07:30:18,300 | INFO     |   Tier 0: Range 1, Chunk 3/3 (7 days)
2026-01-10 07:30:18,303 | ERROR    | [Worker_9223] Failed: ATZ-TUU - 'Logger' object has no attribute 'operation_start'
2026-01-10 07:30:18,304 | INFO     | [Worker_9223] Processing: ATZ-ELQ
2026-01-10 07:30:18,304 | INFO     |   Tier 0: Range 1, Chunk 3/3 (7 days)
2026-01-10 07:30:18,307 | ERROR    | [Worker_9223] Failed: ATZ-ELQ - 'Logger' object has no attribute 'operation_start'
