2026-01-10 07:30:18,092 | ERROR    | [Worker_9224] Failed: MED-ATZ - 'Logger' object has no attribute 'operation_start'
2026-01-10 07:30:18,094 | INFO     | [Worker_9224] Processing: JED-ATZ
2026-01-10 07:30:18,094 | INFO     |   Tier 0: Range 2, Chunk 1/3 (7 days)
2026-01-10 07:30:18,097 | ERROR    | [Worker_9224] Failed: JED-ATZ - 'Logger' object has no attribute 'operation_start'
2026-01-10 07:30:18,099 | INFO     | [Worker_9224] Processing: JED-SSH
2026-01-10 07:30:18,099 | INFO     |   Tier 0: Range 2, Chunk 1/3 (7 days)
2026-01-10 07:30:18,101 | ERROR    | [Worker_9224] Failed: JED-SSH - 'Logger' object has no attribute 'operation_start'
2026-01-10 07:30:18,102 | INFO     | [Worker_9224] Processing: DMM-CAI
2026-01-10 07:30:18,103 | INFO     |   Tier 0: Range 2, Chunk 1/3 (7 days)
2026-01-10 07:30:18,106 | ERROR    | [Worker_9224] Failed: DMM-CAI - 'Logger' object has no attribute 'operation_start'
2026-01-10 07:30:18,108 | INFO     | [Worker_9224] Processing: TUU-ATZ
2026-01-10 07:30:18,108 | INFO     |   Tier 0: Range 2, Chunk 1/3 (7 days)
2026-01-10 07:30:18,111 | ERROR    | [Worker_9224] Failed: TUU-ATZ - 'Logger' object has no attribute 'operation_start'
2026-01-10 07:30:18,112 | INFO     | [Worker_9224] Processing: YNB-CAI
2026-01-10 07:30:18,112 | INFO     |   Tier 0: Range 2, Chunk 1/3 (7 days)
2026-01-10 07:30:18,114 | ERROR    | [Worker_9224] Failed: YNB-CAI - 'Logger' object has no attribute 'operation_start'
2026-01-10 07:30:18,115 | INFO     | [Worker_9224] Processing: ELQ-CAI
2026-01-10 07:30:18,115 | INFO     |   Tier 0: Range 2, Chunk 1/3 (7 days)
2026-01-10 07:30:18,118 | ERROR    | [Worker_9224] Failed: ELQ-CAI - 'Logger' object has no attribute 'operation_start'
2026-01-10 07:30:18,119 | INFO     | [Worker_9224] Processing: CAI-MED
2026-01-10 07:30:18,119 | INFO     |   Tier 0: Range 2, Chunk 1/3 (7 days)
2026-01-10 07:30:18,122 | ERROR    | [Worker_9224] Failed: CAI-MED - 'Logger' object has no attribute 'operation_start'
2026-01-10 07:30:18,123 | INFO     | [Worker_9224] Processing: CAI-JED
2026-01-10 07:30:18,123 | INFO     |   Tier 0: Range 2, Chunk 1/3 (7 days)
2026-01-10 07:30:18,126 | ERROR    | [Worker_9224] Failed: CAI-JED - 'Logger' object has no attribute 'operation_start'
2026-01-10 07:30:18,127 | INFO     | [Worker_9224] Processing: LXR-JED
2026-01-10 07:30:18,127 | INFO     |   Tier 0: Range 2, Chunk 1/3 (7 days)
2026-01-10 07:30:18,131 | ERROR    | [Worker_9224] Failed: LXR-JED - 'Logger' object has no attribute 'operation_start'
2026-01-10 07:30:18,132 | INFO     | [Worker_9224] Processing: CAI-RUH
2026-01-10 07:30:18,132 | INFO     |   Tier 0: Range 2, Chunk 1/3 (7 days)
2026-01-10 07:30:18,135 | ERROR    | [Worker_9224] Failed: CAI-RUH - 'Logger' object has no attribute 'operation_start'
2026-01-10 07:30:18,137 | INFO     | [Worker_9224] Processing: CAI-TUU
2026-01-10 07:30:18,137 | INFO     |   Tier 0: Range 2, Chunk 1/3 (7 days)
2026-01-10 07:30:18,140 | ERROR    | [Worker_9224] Failed: CAI-TUU - 'Logger' object has no attribute 'operation_start'
2026-01-10 07:30:18,142 | INFO     | [Worker_9224] Processing: CAI-AJF
2026-01-10 07:30:18,142 | INFO     |   Tier 0: Range 2, Chunk 1/3 (7 days)
2026-01-10 07:30:18,145 | ERROR    | [Worker_9224] Failed: CAI-AJF - 'Logger' object has no attribute 'operation_start'
2026-01-10 07:30:18,147 | INFO     | [Worker_9224] Processing: CAI-AHB
2026-01-10 07:30:18,147 | INFO     |   Tier 0: Range 2, Chunk 1/3 (7 days)
2026-01-10 07:30:18,150 | ERROR    | [Worker_9224] Failed: CAI-AHB - 'Logger' object has no attribute 'operation_start'
2026-01-10 07:30:18,152 | INFO     | [Worker_9224] Processing: MED-CAI
2026-01-10 07:30:18,152 | INFO     |   Tier 0: Range 2, Chunk 2/3 (7 days)
2026-01-10 07:30:18,155 | ERROR    | [Worker_9224] Failed: MED-CAI - 'Logger' object has no attribute 'operation_start'
2026-01-10 07:30:18,157 | INFO     | [Worker_9224] Processing: JED-CAI
2026-01-10 07:30:18,157 | INFO     |   Tier 0: Range 2, Chunk 2/3 (7 days)
2026-01-10 07:30:18,159 | ERROR    | [Worker_9224] Failed: JED-CAI - 'Logger' object has no attribute 'operation_start'
2026-01-10 07:30:18,161 | INFO     | [Worker_9224] Processing: JED-SSH
2026-01-10 07:30:18,161 | INFO     |   Tier 0: Range 2, Chunk 2/3 (7 days)
2026-01-10 07:30:18,163 | ERROR    | [Worker_9224] Failed: JED-SSH - 'Logger' object has no attribute 'operation_start'
2026-01-10 07:30:18,164 | INFO     | [Worker_9224] Processing: TUU-CAI
2026-01-10 07:30:18,165 | INFO     |   Tier 0: Range 2, Chunk 2/3 (7 days)
2026-01-10 07:30:18,167 | ERROR    | [Worker_9224] Failed: TUU-CAI - 'Logger' object has no attribute 'operation_start'
2026-01-10 07:30:18,169 | INFO     | [Worker_9224] Processing: AHB-ATZ
2026-01-10 07:30:18,169 | INFO     |   Tier 0: Range 2, Chunk 2/3 (7 days)
2026-01-10 07:30:18,172 | ERROR    | [Worker_9224] Failed: AHB-ATZ - 'Logger' object has no attribute 'operation_start'
2026-01-10 07:30:18,173 | INFO     | [Worker_9224] Processing: CAI-MED
2026-01-10 07:30:18,173 | INFO     |   Tier 0: Range 2, Chunk 2/3 (7 days)
2026-01-10 07:30:18,176 | ERROR    | [Worker_9224] Failed: CAI-MED - 'Logger' object has no attribute 'operation_start'
2026-01-10 07:30:18,177 | INFO     | [Worker_9224] Processing: ATZ-JED
2026-01-10 07:30:18,178 | INFO     |   Tier 0: Range 2, Chunk 2/3 (7 days)
2026-01-10 07:30:18,180 | ERROR    | [Worker_9224] Failed: ATZ-JED - 'Logger' object has no attribute 'operation_start'
2026-01-10 07:30:18,181 | INFO     | [Worker_9224] Processing: ATZ-DMM
2026-01-10 07:30:18,182 | INFO     |   Tier 0: Range 2, Chunk 2/3 (7 days)
2026-01-10 07:30:18,185 | ERROR    | [Worker_9224] Failed: ATZ-DMM - 'Logger' object has no attribute 'operation_start'
2026-01-10 07:30:18,186 | INFO     | [Worker_9224] Processing: CAI-YNB
2026-01-10 07:30:18,186 | INFO     |   Tier 0: Range 2, Chunk 2/3 (7 days)
2026-01-10 07:30:18,189 | ERROR    | [Worker_9224] Failed: CAI-YNB - 'Logger' object has no attribute 'operation_start'
2026-01-10 07:30:18,190 | INFO     | [Worker_9224] Processing: CAI-GIZ
2026-01-10 07:30:18,190 | INFO     |   Tier 0: Range 2, Chunk 2/3 (7 days)
2026-01-10 07:30:18,192 | ERROR    | [Worker_9224] Failed: CAI-GIZ - 'Logger' object has no attribute 'operation_start'
2026-01-10 07:30:18,194 | INFO     | [Worker_9224] Processing: JED-HBE
2026-01-10 07:30:18,194 | INFO     |   Tier 0: Range 2, Chunk 3/3 (7 days)
2026-01-10 07:30:18,196 | ERROR    | [Worker_9224] Failed: JED-HBE - 'Logger' object has no attribute 'operation_start'
2026-01-10 07:30:18,197 | INFO     | [Worker_9224] Processing: RUH-CAI
2026-01-10 07:30:18,197 | INFO     |   Tier 0: Range 2, Chunk 3/3 (7 days)
2026-01-10 07:30:18,200 | ERROR    | [Worker_9224] Failed: RUH-CAI - 'Logger' object has no attribute 'operation_start'
2026-01-10 07:30:18,201 | INFO     | [Worker_9224] Processing: AJF-CAI
2026-01-10 07:30:18,201 | INFO     |   Tier 0: Range 2, Chunk 3/3 (7 days)
2026-01-10 07:30:18,203 | ERROR    | [Worker_9224] Failed: AJF-CAI - 'Logger' object has no attribute 'operation_start'
2026-01-10 07:30:18,204 | INFO     | [Worker_9224] Processing: AHB-ATZ
2026-01-10 07:30:18,205 | INFO     |   Tier 0: Range 2, Chunk 3/3 (7 days)
2026-01-10 07:30:18,208 | ERROR    | [Worker_9224] Failed: AHB-ATZ - 'Logger' object has no attribute 'operation_start'
2026-01-10 07:30:18,209 | INFO     | [Worker_9224] Processing: ATZ-MED
2026-01-10 07:30:18,209 | INFO     |   Tier 0: Range 2, Chunk 3/3 (7 days)
2026-01-10 07:30:18,211 | ERROR    | [Worker_9224] Failed: ATZ-MED - 'Logger' object has no attribute 'operation_start'
2026-01-10 07:30:18,212 | INFO     | [Worker_9224] Processing: SSH-JED
2026-01-10 07:30:18,212 | INFO     |   Tier 0: Range 2, Chunk 3/3 (7 days)
2026-01-10 07:30:18,215 | ERROR    | [Worker_9224] Failed: SSH-JED - 'Logger' object has no attribute 'operation_start'
2026-01-10 07:30:18,216 | INFO     | [Worker_9224] Processing: CAI-TUU
2026-01-10 07:30:18,216 | INFO     |   Tier 0: Range 2, Chunk 3/3 (7 days)
2026-01-10 07:30:18,219 | ERROR    | [Worker_9224] Failed: CAI-TUU - 'Logger' object has no attribute 'operation_start'
2026-01-10 07:30:18,220 | INFO     | [Worker_9224] Processing: ATZ-AHB
2026-01-10 07:30:18,220 | INFO     |   Tier 0: Range 2, Chunk 3/3 (7 days)
2026-01-10 07:30:18,222 | ERROR    | [Worker_9224] Failed: ATZ-AHB - 'Logger' object has no attribute 'operation_start'
2026-01-10 07:30:18,224 | INFO     | [Worker_9224] Processing: JED-CAI
2026-01-10 07:30:18,224 | INFO     |   Tier 0: Range 1, Chunk 1/3 (8 days)
2026-01-10 07:30:18,227 | ERROR    | [Worker_9224] Failed: JED-CAI - 'Logger' object has no attribute 'operation_start'
2026-01-10 07:30:18,228 | INFO     | [Worker_9224] Processing: RUH-CAI
2026-01-10 07:30:18,228 | INFO     |   Tier 0: Range 1, Chunk 1/3 (8 days)
2026-01-10 07:30:18,231 | ERROR    | [Worker_9224] Failed: RUH-CAI - 'Logger' object has no attribute 'operation_start'
2026-01-10 07:30:18,233 | INFO     | [Worker_9224] Processing: AJF-ATZ
2026-01-10 07:30:18,234 | INFO     |   Tier 0: Range 1, Chunk 1/3 (8 days)
2026-01-10 07:30:18,237 | ERROR    | [Worker_9224] Failed: AJF-ATZ - 'Logger' object has no attribute 'operation_start'
2026-01-10 07:30:18,238 | INFO     | [Worker_9224] Processing: HBE-MED
2026-01-10 07:30:18,238 | INFO     |   Tier 0: Range 1, Chunk 1/3 (8 days)
2026-01-10 07:30:18,241 | ERROR    | [Worker_9224] Failed: HBE-MED - 'Logger' object has no attribute 'operation_start'
2026-01-10 07:30:18,242 | INFO     | [Worker_9224] Processing: SSH-JED
2026-01-10 07:30:18,242 | INFO     |   Tier 0: Range 1, Chunk 1/3 (8 days)
2026-01-10 07:30:18,245 | ERROR    | [Worker_9224] Failed: SSH-JED - 'Logger' object has no attribute 'operation_start'
2026-01-10 07:30:18,245 | INFO     | [Worker_9224] Processing: CAI-AJF
2026-01-10 07:30:18,246 | INFO     |   Tier 0: Range 1, Chunk 1/3 (8 days)
2026-01-10 07:30:18,248 | ERROR    | [Worker_9224] Failed: CAI-AJF - 'Logger' object has no attribute 'operation_start'
2026-01-10 07:30:18,250 | INFO     | [Worker_9224] Processing: ATZ-ELQ
2026-01-10 07:30:18,250 | INFO     |   Tier 0: Range 1, Chunk 1/3 (8 days)
2026-01-10 07:30:18,252 | ERROR    | [Worker_9224] Failed: ATZ-ELQ - 'Logger' object has no attribute 'operation_start'
2026-01-10 07:30:18,254 | INFO     | [Worker_9224] Processing: JED-ATZ
2026-01-10 07:30:18,254 | INFO     |   Tier 0: Range 1, Chunk 2/3 (7 days)
2026-01-10 07:30:18,256 | ERROR    | [Worker_9224] Failed: JED-ATZ - 'Logger' object has no attribute 'operation_start'
2026-01-10 07:30:18,258 | INFO     | [Worker_9224] Processing: DMM-ATZ
2026-01-10 07:30:18,258 | INFO     |   Tier 0: Range 1, Chunk 2/3 (7 days)
2026-01-10 07:30:18,260 | ERROR    | [Worker_9224] Failed: DMM-ATZ - 'Logger' object has no attribute 'operation_start'
2026-01-10 07:30:18,261 | INFO     | [Worker_9224] Processing: AHB-ATZ
2026-01-10 07:30:18,261 | INFO     |   Tier 0: Range 1, Chunk 2/3 (7 days)
2026-01-10 07:30:18,263 | ERROR    | [Worker_9224] Failed: AHB-ATZ - 'Logger' object has no attribute 'operation_start'
2026-01-10 07:30:18,264 | INFO     | [Worker_9224] Processing: CAI-JED
2026-01-10 07:30:18,264 | INFO     |   Tier 0: Range 1, Chunk 2/3 (7 days)
2026-01-10 07:30:18,267 | ERROR    | [Worker_9224] Failed: CAI-JED - 'Logger' object has no attribute 'operation_start'
2026-01-10 07:30:18,269 | INFO     | [Worker_9224] Processing: CAI-DMM
2026-01-10 07:30:18,269 | INFO     |   Tier 0: Range 1, Chunk 2/3 (7 days)
2026-01-10 07:30:18,272 | ERROR    | [Worker_9224] Failed: CAI-DMM - 'Logger' object has no attribute 'operation_start'
2026-01-10 07:30:18,273 | INFO     | [Worker_9224] Processing: CAI-YNB
2026-01-10 07:30:18,273 | INFO     |   Tier 0: Range 1, Chunk 2/3 (7 days)
2026-01-10 07:30:18,276 | ERROR    | [Worker_9224] Failed: CAI-YNB - 'Logger' object has no attribute 'operation_start'
2026-01-10 07:30:18,277 | INFO     | [Worker_9224] Processing: MED-HBE
2026-01-10 07:30:18,277 | INFO     |   Tier 0: Range 1, Chunk 3/3 (7 days)
2026-01-10 07:30:18,280 | ERROR    | [Worker_9224] Failed: MED-HBE - 'Logger' object has no attribute 'operation_start'
2026-01-10 07:30:18,281 | INFO     | [Worker_9224] Processing: JED-SSH
2026-01-10 07:30:18,281 | INFO     |   Tier 0: Range 1, Chunk 3/3 (7 days)
2026-01-10 07:30:18,284 | ERROR    | [Worker_9224] Failed: JED-SSH - 'Logger' object has no attribute 'operation_start'
2026-01-10 07:30:18,285 | INFO     | [Worker_9224] Processing: AJF-CAI
2026-01-10 07:30:18,285 | INFO     |   Tier 0: Range 1, Chunk 3/3 (7 days)
2026-01-10 07:30:18,287 | ERROR    | [Worker_9224] Failed: AJF-CAI - 'Logger' object has no attribute 'operation_start'
2026-01-10 07:30:18,289 | INFO     | [Worker_9224] Processing: GIZ-CAI
2026-01-10 07:30:18,289 | INFO     |   Tier 0: Range 1, Chunk 3/3 (7 days)
2026-01-10 07:30:18,292 | ERROR    | [Worker_9224] Failed: GIZ-CAI - 'Logger' object has no attribute 'operation_start'
2026-01-10 07:30:18,294 | INFO     | [Worker_9224] Processing: LXR-JED
2026-01-10 07:30:18,294 | INFO     |   Tier 0: Range 1, Chunk 3/3 (7 days)
2026-01-10 07:30:18,297 | ERROR    | [Worker_9224] Failed: LXR-JED - 'Logger' object has no attribute 'operation_start'
2026-01-10 07:30:18,298 | INFO     | [Worker_9224] Processing: ATZ-DMM
2026-01-10 07:30:18,298 | INFO     |   Tier 0: Range 1, Chunk 3/3 (7 days)
2026-01-10 07:30:18,302 | ERROR    | [Worker_9224] Failed: ATZ-DMM - 'Logger' object has no attribute 'operation_start'
2026-01-10 07:30:18,303 | INFO     | [Worker_9224] Processing: ATZ-AHB
2026-01-10 07:30:18,303 | INFO     |   Tier 0: Range 1, Chunk 3/3 (7 days)
2026-01-10 07:30:18,306 | ERROR    | [Worker_9224] Failed: ATZ-AHB - 'Logger' object has no attribute 'operation_start'
