
============================================================
     LF WORKER - PORT 9224
============================================================
Worker: Worker_9224
Status: READY
Waiting for tasks...
============================================================


============================================================
[Worker_9224] Processing: MED-ATZ
  Tier 0: Range 2, Chunk 1/3
  Dates: 7 days
  Date Range: 2026-01-31 to 2026-01-25
============================================================

2026-01-10 07:30:18 | INFO     | ======================================================================
2026-01-10 07:30:18 | INFO     | Load Factor Scraper Started - Route: MED-ATZ
2026-01-10 07:30:18 | INFO     | Log file: D:\CODERED\LAB\Artifacts\run_100126_at_07.29\logs\LF_MED-ATZ_20260110_073018.log
2026-01-10 07:30:18 | INFO     | Enhanced logging: Capturing both logging.info() and print()
2026-01-10 07:30:18 | INFO     | ======================================================================
[LF] Processing dates (override): ['31JAN', '30JAN', '29JAN', '28JAN', '27JAN', '26JAN', '25JAN']
[LF] Attaching to Chrome for Altea access

============================================================
[Worker_9224] ✗ FAILED: MED-ATZ
  Error: 'Logger' object has no attribute 'operation_start'
============================================================


============================================================
[Worker_9224] Processing: JED-ATZ
  Tier 0: Range 2, Chunk 1/3
  Dates: 7 days
  Date Range: 2026-01-31 to 2026-01-25
============================================================

2026-01-10 07:30:18 | INFO     | ======================================================================
2026-01-10 07:30:18 | INFO     | Load Factor Scraper Started - Route: JED-ATZ
2026-01-10 07:30:18 | INFO     | Log file: D:\CODERED\LAB\Artifacts\run_100126_at_07.29\logs\LF_JED-ATZ_20260110_073018.log
2026-01-10 07:30:18 | INFO     | Enhanced logging: Capturing both logging.info() and print()
2026-01-10 07:30:18 | INFO     | ======================================================================
[LF] Processing dates (override): ['31JAN', '30JAN', '29JAN', '28JAN', '27JAN', '26JAN', '25JAN']
[LF] Attaching to Chrome for Altea access
2026-01-10 07:30:18 | INFO     | Starting LF search for route: JED-ATZ

============================================================
[Worker_9224] ✗ FAILED: JED-ATZ
  Error: 'Logger' object has no attribute 'operation_start'
============================================================

2026-01-10 07:30:18 | ERROR    | [Worker_9224] Failed: JED-ATZ - 'Logger' object has no attribute 'operation_start'

============================================================
[Worker_9224] Processing: JED-SSH
  Tier 0: Range 2, Chunk 1/3
  Dates: 7 days
  Date Range: 2026-01-31 to 2026-01-25
============================================================

2026-01-10 07:30:18 | INFO     | [Worker_9224] Processing: JED-SSH
2026-01-10 07:30:18 | INFO     |   Tier 0: Range 2, Chunk 1/3 (7 days)
2026-01-10 07:30:18 | INFO     | ======================================================================
2026-01-10 07:30:18 | INFO     | Load Factor Scraper Started - Route: JED-SSH
2026-01-10 07:30:18 | INFO     | Log file: D:\CODERED\LAB\Artifacts\run_100126_at_07.29\logs\LF_JED-SSH_20260110_073018.log
2026-01-10 07:30:18 | INFO     | Enhanced logging: Capturing both logging.info() and print()
2026-01-10 07:30:18 | INFO     | ======================================================================
[LF] Processing dates (override): ['31JAN', '30JAN', '29JAN', '28JAN', '27JAN', '26JAN', '25JAN']
[LF] Attaching to Chrome for Altea access
2026-01-10 07:30:18 | INFO     | Starting LF search for route: JED-SSH

============================================================
[Worker_9224] ✗ FAILED: JED-SSH
  Error: 'Logger' object has no attribute 'operation_start'
============================================================

2026-01-10 07:30:18 | ERROR    | [Worker_9224] Failed: JED-SSH - 'Logger' object has no attribute 'operation_start'

============================================================
[Worker_9224] Processing: DMM-CAI
  Tier 0: Range 2, Chunk 1/3
  Dates: 7 days
  Date Range: 2026-01-31 to 2026-01-25
============================================================

2026-01-10 07:30:18 | INFO     | [Worker_9224] Processing: DMM-CAI
2026-01-10 07:30:18 | INFO     |   Tier 0: Range 2, Chunk 1/3 (7 days)
2026-01-10 07:30:18 | INFO     | ======================================================================
2026-01-10 07:30:18 | INFO     | Load Factor Scraper Started - Route: DMM-CAI
2026-01-10 07:30:18 | INFO     | Log file: D:\CODERED\LAB\Artifacts\run_100126_at_07.29\logs\LF_DMM-CAI_20260110_073018.log
2026-01-10 07:30:18 | INFO     | Enhanced logging: Capturing both logging.info() and print()
2026-01-10 07:30:18 | INFO     | ======================================================================
[LF] Processing dates (override): ['31JAN', '30JAN', '29JAN', '28JAN', '27JAN', '26JAN', '25JAN']
[LF] Attaching to Chrome for Altea access
2026-01-10 07:30:18 | INFO     | Starting LF search for route: DMM-CAI

============================================================
[Worker_9224] ✗ FAILED: DMM-CAI
  Error: 'Logger' object has no attribute 'operation_start'
============================================================

2026-01-10 07:30:18 | ERROR    | [Worker_9224] Failed: DMM-CAI - 'Logger' object has no attribute 'operation_start'

============================================================
[Worker_9224] Processing: TUU-ATZ
  Tier 0: Range 2, Chunk 1/3
  Dates: 7 days
  Date Range: 2026-01-31 to 2026-01-25
============================================================

2026-01-10 07:30:18 | INFO     | [Worker_9224] Processing: TUU-ATZ
2026-01-10 07:30:18 | INFO     |   Tier 0: Range 2, Chunk 1/3 (7 days)
2026-01-10 07:30:18 | INFO     | ======================================================================
2026-01-10 07:30:18 | INFO     | Load Factor Scraper Started - Route: TUU-ATZ
2026-01-10 07:30:18 | INFO     | Log file: D:\CODERED\LAB\Artifacts\run_100126_at_07.29\logs\LF_TUU-ATZ_20260110_073018.log
2026-01-10 07:30:18 | INFO     | Enhanced logging: Capturing both logging.info() and print()
2026-01-10 07:30:18 | INFO     | ======================================================================
[LF] Processing dates (override): ['31JAN', '30JAN', '29JAN', '28JAN', '27JAN', '26JAN', '25JAN']
[LF] Attaching to Chrome for Altea access
2026-01-10 07:30:18 | INFO     | Starting LF search for route: TUU-ATZ

============================================================
[Worker_9224] ✗ FAILED: TUU-ATZ
  Error: 'Logger' object has no attribute 'operation_start'
============================================================

2026-01-10 07:30:18 | ERROR    | [Worker_9224] Failed: TUU-ATZ - 'Logger' object has no attribute 'operation_start'

============================================================
[Worker_9224] Processing: YNB-CAI
  Tier 0: Range 2, Chunk 1/3
  Dates: 7 days
  Date Range: 2026-01-31 to 2026-01-25
============================================================

2026-01-10 07:30:18 | INFO     | [Worker_9224] Processing: YNB-CAI
2026-01-10 07:30:18 | INFO     |   Tier 0: Range 2, Chunk 1/3 (7 days)
2026-01-10 07:30:18 | INFO     | ======================================================================
2026-01-10 07:30:18 | INFO     | Load Factor Scraper Started - Route: YNB-CAI
2026-01-10 07:30:18 | INFO     | Log file: D:\CODERED\LAB\Artifacts\run_100126_at_07.29\logs\LF_YNB-CAI_20260110_073018.log
2026-01-10 07:30:18 | INFO     | Enhanced logging: Capturing both logging.info() and print()
2026-01-10 07:30:18 | INFO     | ======================================================================
[LF] Processing dates (override): ['31JAN', '30JAN', '29JAN', '28JAN', '27JAN', '26JAN', '25JAN']
[LF] Attaching to Chrome for Altea access
2026-01-10 07:30:18 | INFO     | Starting LF search for route: YNB-CAI

============================================================
[Worker_9224] ✗ FAILED: YNB-CAI
  Error: 'Logger' object has no attribute 'operation_start'
============================================================

2026-01-10 07:30:18 | ERROR    | [Worker_9224] Failed: YNB-CAI - 'Logger' object has no attribute 'operation_start'

============================================================
[Worker_9224] Processing: ELQ-CAI
  Tier 0: Range 2, Chunk 1/3
  Dates: 7 days
  Date Range: 2026-01-31 to 2026-01-25
============================================================

2026-01-10 07:30:18 | INFO     | [Worker_9224] Processing: ELQ-CAI
2026-01-10 07:30:18 | INFO     |   Tier 0: Range 2, Chunk 1/3 (7 days)
2026-01-10 07:30:18 | INFO     | ======================================================================
2026-01-10 07:30:18 | INFO     | Load Factor Scraper Started - Route: ELQ-CAI
2026-01-10 07:30:18 | INFO     | Log file: D:\CODERED\LAB\Artifacts\run_100126_at_07.29\logs\LF_ELQ-CAI_20260110_073018.log
2026-01-10 07:30:18 | INFO     | Enhanced logging: Capturing both logging.info() and print()
2026-01-10 07:30:18 | INFO     | ======================================================================
[LF] Processing dates (override): ['31JAN', '30JAN', '29JAN', '28JAN', '27JAN', '26JAN', '25JAN']
[LF] Attaching to Chrome for Altea access
2026-01-10 07:30:18 | INFO     | Starting LF search for route: ELQ-CAI

============================================================
[Worker_9224] ✗ FAILED: ELQ-CAI
  Error: 'Logger' object has no attribute 'operation_start'
============================================================

2026-01-10 07:30:18 | ERROR    | [Worker_9224] Failed: ELQ-CAI - 'Logger' object has no attribute 'operation_start'

============================================================
[Worker_9224] Processing: CAI-MED
  Tier 0: Range 2, Chunk 1/3
  Dates: 7 days
  Date Range: 2026-01-31 to 2026-01-25
============================================================

2026-01-10 07:30:18 | INFO     | [Worker_9224] Processing: CAI-MED
2026-01-10 07:30:18 | INFO     |   Tier 0: Range 2, Chunk 1/3 (7 days)
2026-01-10 07:30:18 | INFO     | ======================================================================
2026-01-10 07:30:18 | INFO     | Load Factor Scraper Started - Route: CAI-MED
2026-01-10 07:30:18 | INFO     | Log file: D:\CODERED\LAB\Artifacts\run_100126_at_07.29\logs\LF_CAI-MED_20260110_073018.log
2026-01-10 07:30:18 | INFO     | Enhanced logging: Capturing both logging.info() and print()
2026-01-10 07:30:18 | INFO     | ======================================================================
[LF] Processing dates (override): ['31JAN', '30JAN', '29JAN', '28JAN', '27JAN', '26JAN', '25JAN']
[LF] Attaching to Chrome for Altea access
2026-01-10 07:30:18 | INFO     | Starting LF search for route: CAI-MED

============================================================
[Worker_9224] ✗ FAILED: CAI-MED
  Error: 'Logger' object has no attribute 'operation_start'
============================================================

2026-01-10 07:30:18 | ERROR    | [Worker_9224] Failed: CAI-MED - 'Logger' object has no attribute 'operation_start'

============================================================
[Worker_9224] Processing: CAI-JED
  Tier 0: Range 2, Chunk 1/3
  Dates: 7 days
  Date Range: 2026-01-31 to 2026-01-25
============================================================

2026-01-10 07:30:18 | INFO     | [Worker_9224] Processing: CAI-JED
2026-01-10 07:30:18 | INFO     |   Tier 0: Range 2, Chunk 1/3 (7 days)
2026-01-10 07:30:18 | INFO     | ======================================================================
2026-01-10 07:30:18 | INFO     | Load Factor Scraper Started - Route: CAI-JED
2026-01-10 07:30:18 | INFO     | Log file: D:\CODERED\LAB\Artifacts\run_100126_at_07.29\logs\LF_CAI-JED_20260110_073018.log
2026-01-10 07:30:18 | INFO     | Enhanced logging: Capturing both logging.info() and print()
2026-01-10 07:30:18 | INFO     | ======================================================================
[LF] Processing dates (override): ['31JAN', '30JAN', '29JAN', '28JAN', '27JAN', '26JAN', '25JAN']
[LF] Attaching to Chrome for Altea access
2026-01-10 07:30:18 | INFO     | Starting LF search for route: CAI-JED

============================================================
[Worker_9224] ✗ FAILED: CAI-JED
  Error: 'Logger' object has no attribute 'operation_start'
============================================================

2026-01-10 07:30:18 | ERROR    | [Worker_9224] Failed: CAI-JED - 'Logger' object has no attribute 'operation_start'

============================================================
[Worker_9224] Processing: LXR-JED
  Tier 0: Range 2, Chunk 1/3
  Dates: 7 days
  Date Range: 2026-01-31 to 2026-01-25
============================================================

2026-01-10 07:30:18 | INFO     | [Worker_9224] Processing: LXR-JED
2026-01-10 07:30:18 | INFO     |   Tier 0: Range 2, Chunk 1/3 (7 days)
2026-01-10 07:30:18 | INFO     | ======================================================================
2026-01-10 07:30:18 | INFO     | Load Factor Scraper Started - Route: LXR-JED
2026-01-10 07:30:18 | INFO     | Log file: D:\CODERED\LAB\Artifacts\run_100126_at_07.29\logs\LF_LXR-JED_20260110_073018.log
2026-01-10 07:30:18 | INFO     | Enhanced logging: Capturing both logging.info() and print()
2026-01-10 07:30:18 | INFO     | ======================================================================
[LF] Processing dates (override): ['31JAN', '30JAN', '29JAN', '28JAN', '27JAN', '26JAN', '25JAN']
[LF] Attaching to Chrome for Altea access
2026-01-10 07:30:18 | INFO     | Starting LF search for route: LXR-JED

============================================================
[Worker_9224] ✗ FAILED: LXR-JED
  Error: 'Logger' object has no attribute 'operation_start'
============================================================

2026-01-10 07:30:18 | ERROR    | [Worker_9224] Failed: LXR-JED - 'Logger' object has no attribute 'operation_start'

============================================================
[Worker_9224] Processing: CAI-RUH
  Tier 0: Range 2, Chunk 1/3
  Dates: 7 days
  Date Range: 2026-01-31 to 2026-01-25
============================================================

2026-01-10 07:30:18 | INFO     | [Worker_9224] Processing: CAI-RUH
2026-01-10 07:30:18 | INFO     |   Tier 0: Range 2, Chunk 1/3 (7 days)
2026-01-10 07:30:18 | INFO     | ======================================================================
2026-01-10 07:30:18 | INFO     | Load Factor Scraper Started - Route: CAI-RUH
2026-01-10 07:30:18 | INFO     | Log file: D:\CODERED\LAB\Artifacts\run_100126_at_07.29\logs\LF_CAI-RUH_20260110_073018.log
2026-01-10 07:30:18 | INFO     | Enhanced logging: Capturing both logging.info() and print()
2026-01-10 07:30:18 | INFO     | ======================================================================
[LF] Processing dates (override): ['31JAN', '30JAN', '29JAN', '28JAN', '27JAN', '26JAN', '25JAN']
[LF] Attaching to Chrome for Altea access
2026-01-10 07:30:18 | INFO     | Starting LF search for route: CAI-RUH

============================================================
[Worker_9224] ✗ FAILED: CAI-RUH
  Error: 'Logger' object has no attribute 'operation_start'
============================================================

2026-01-10 07:30:18 | ERROR    | [Worker_9224] Failed: CAI-RUH - 'Logger' object has no attribute 'operation_start'

============================================================
[Worker_9224] Processing: CAI-TUU
  Tier 0: Range 2, Chunk 1/3
  Dates: 7 days
  Date Range: 2026-01-31 to 2026-01-25
============================================================

2026-01-10 07:30:18 | INFO     | [Worker_9224] Processing: CAI-TUU
2026-01-10 07:30:18 | INFO     |   Tier 0: Range 2, Chunk 1/3 (7 days)
2026-01-10 07:30:18 | INFO     | ======================================================================
2026-01-10 07:30:18 | INFO     | Load Factor Scraper Started - Route: CAI-TUU
2026-01-10 07:30:18 | INFO     | Log file: D:\CODERED\LAB\Artifacts\run_100126_at_07.29\logs\LF_CAI-TUU_20260110_073018.log
2026-01-10 07:30:18 | INFO     | Enhanced logging: Capturing both logging.info() and print()
2026-01-10 07:30:18 | INFO     | ======================================================================
[LF] Processing dates (override): ['31JAN', '30JAN', '29JAN', '28JAN', '27JAN', '26JAN', '25JAN']
[LF] Attaching to Chrome for Altea access
2026-01-10 07:30:18 | INFO     | Starting LF search for route: CAI-TUU

============================================================
[Worker_9224] ✗ FAILED: CAI-TUU
  Error: 'Logger' object has no attribute 'operation_start'
============================================================

2026-01-10 07:30:18 | ERROR    | [Worker_9224] Failed: CAI-TUU - 'Logger' object has no attribute 'operation_start'

============================================================
[Worker_9224] Processing: CAI-AJF
  Tier 0: Range 2, Chunk 1/3
  Dates: 7 days
  Date Range: 2026-01-31 to 2026-01-25
============================================================

2026-01-10 07:30:18 | INFO     | [Worker_9224] Processing: CAI-AJF
2026-01-10 07:30:18 | INFO     |   Tier 0: Range 2, Chunk 1/3 (7 days)
2026-01-10 07:30:18 | INFO     | ======================================================================
2026-01-10 07:30:18 | INFO     | Load Factor Scraper Started - Route: CAI-AJF
2026-01-10 07:30:18 | INFO     | Log file: D:\CODERED\LAB\Artifacts\run_100126_at_07.29\logs\LF_CAI-AJF_20260110_073018.log
2026-01-10 07:30:18 | INFO     | Enhanced logging: Capturing both logging.info() and print()
2026-01-10 07:30:18 | INFO     | ======================================================================
[LF] Processing dates (override): ['31JAN', '30JAN', '29JAN', '28JAN', '27JAN', '26JAN', '25JAN']
[LF] Attaching to Chrome for Altea access
2026-01-10 07:30:18 | INFO     | Starting LF search for route: CAI-AJF

============================================================
[Worker_9224] ✗ FAILED: CAI-AJF
  Error: 'Logger' object has no attribute 'operation_start'
============================================================

2026-01-10 07:30:18 | ERROR    | [Worker_9224] Failed: CAI-AJF - 'Logger' object has no attribute 'operation_start'

============================================================
[Worker_9224] Processing: CAI-AHB
  Tier 0: Range 2, Chunk 1/3
  Dates: 7 days
  Date Range: 2026-01-31 to 2026-01-25
============================================================

2026-01-10 07:30:18 | INFO     | [Worker_9224] Processing: CAI-AHB
2026-01-10 07:30:18 | INFO     |   Tier 0: Range 2, Chunk 1/3 (7 days)
2026-01-10 07:30:18 | INFO     | ======================================================================
2026-01-10 07:30:18 | INFO     | Load Factor Scraper Started - Route: CAI-AHB
2026-01-10 07:30:18 | INFO     | Log file: D:\CODERED\LAB\Artifacts\run_100126_at_07.29\logs\LF_CAI-AHB_20260110_073018.log
2026-01-10 07:30:18 | INFO     | Enhanced logging: Capturing both logging.info() and print()
2026-01-10 07:30:18 | INFO     | ======================================================================
[LF] Processing dates (override): ['31JAN', '30JAN', '29JAN', '28JAN', '27JAN', '26JAN', '25JAN']
[LF] Attaching to Chrome for Altea access
2026-01-10 07:30:18 | INFO     | Starting LF search for route: CAI-AHB

============================================================
[Worker_9224] ✗ FAILED: CAI-AHB
  Error: 'Logger' object has no attribute 'operation_start'
============================================================

2026-01-10 07:30:18 | ERROR    | [Worker_9224] Failed: CAI-AHB - 'Logger' object has no attribute 'operation_start'

============================================================
[Worker_9224] Processing: MED-CAI
  Tier 0: Range 2, Chunk 2/3
  Dates: 7 days
  Date Range: 2026-01-24 to 2026-01-18
============================================================

2026-01-10 07:30:18 | INFO     | [Worker_9224] Processing: MED-CAI
2026-01-10 07:30:18 | INFO     |   Tier 0: Range 2, Chunk 2/3 (7 days)
2026-01-10 07:30:18 | INFO     | ======================================================================
2026-01-10 07:30:18 | INFO     | Load Factor Scraper Started - Route: MED-CAI
2026-01-10 07:30:18 | INFO     | Log file: D:\CODERED\LAB\Artifacts\run_100126_at_07.29\logs\LF_MED-CAI_20260110_073018.log
2026-01-10 07:30:18 | INFO     | Enhanced logging: Capturing both logging.info() and print()
2026-01-10 07:30:18 | INFO     | ======================================================================
[LF] Processing dates (override): ['24JAN', '23JAN', '22JAN', '21JAN', '20JAN', '19JAN', '18JAN']
[LF] Attaching to Chrome for Altea access
2026-01-10 07:30:18 | INFO     | Starting LF search for route: MED-CAI

============================================================
[Worker_9224] ✗ FAILED: MED-CAI
  Error: 'Logger' object has no attribute 'operation_start'
============================================================

2026-01-10 07:30:18 | ERROR    | [Worker_9224] Failed: MED-CAI - 'Logger' object has no attribute 'operation_start'

============================================================
[Worker_9224] Processing: JED-CAI
  Tier 0: Range 2, Chunk 2/3
  Dates: 7 days
  Date Range: 2026-01-24 to 2026-01-18
============================================================

2026-01-10 07:30:18 | INFO     | [Worker_9224] Processing: JED-CAI
2026-01-10 07:30:18 | INFO     |   Tier 0: Range 2, Chunk 2/3 (7 days)
2026-01-10 07:30:18 | INFO     | ======================================================================
2026-01-10 07:30:18 | INFO     | Load Factor Scraper Started - Route: JED-CAI
2026-01-10 07:30:18 | INFO     | Log file: D:\CODERED\LAB\Artifacts\run_100126_at_07.29\logs\LF_JED-CAI_20260110_073018.log
2026-01-10 07:30:18 | INFO     | Enhanced logging: Capturing both logging.info() and print()
2026-01-10 07:30:18 | INFO     | ======================================================================
[LF] Processing dates (override): ['24JAN', '23JAN', '22JAN', '21JAN', '20JAN', '19JAN', '18JAN']
[LF] Attaching to Chrome for Altea access
2026-01-10 07:30:18 | INFO     | Starting LF search for route: JED-CAI

============================================================
[Worker_9224] ✗ FAILED: JED-CAI
  Error: 'Logger' object has no attribute 'operation_start'
============================================================

2026-01-10 07:30:18 | ERROR    | [Worker_9224] Failed: JED-CAI - 'Logger' object has no attribute 'operation_start'

============================================================
[Worker_9224] Processing: JED-SSH
  Tier 0: Range 2, Chunk 2/3
  Dates: 7 days
  Date Range: 2026-01-24 to 2026-01-18
============================================================

2026-01-10 07:30:18 | INFO     | [Worker_9224] Processing: JED-SSH
2026-01-10 07:30:18 | INFO     |   Tier 0: Range 2, Chunk 2/3 (7 days)
2026-01-10 07:30:18 | INFO     | ======================================================================
2026-01-10 07:30:18 | INFO     | Load Factor Scraper Started - Route: JED-SSH
2026-01-10 07:30:18 | INFO     | Log file: D:\CODERED\LAB\Artifacts\run_100126_at_07.29\logs\LF_JED-SSH_20260110_073018.log
2026-01-10 07:30:18 | INFO     | Enhanced logging: Capturing both logging.info() and print()
2026-01-10 07:30:18 | INFO     | ======================================================================
[LF] Processing dates (override): ['24JAN', '23JAN', '22JAN', '21JAN', '20JAN', '19JAN', '18JAN']
[LF] Attaching to Chrome for Altea access
2026-01-10 07:30:18 | INFO     | Starting LF search for route: JED-SSH

============================================================
[Worker_9224] ✗ FAILED: JED-SSH
  Error: 'Logger' object has no attribute 'operation_start'
============================================================

2026-01-10 07:30:18 | ERROR    | [Worker_9224] Failed: JED-SSH - 'Logger' object has no attribute 'operation_start'

============================================================
[Worker_9224] Processing: TUU-CAI
  Tier 0: Range 2, Chunk 2/3
  Dates: 7 days
  Date Range: 2026-01-24 to 2026-01-18
============================================================

2026-01-10 07:30:18 | INFO     | [Worker_9224] Processing: TUU-CAI
2026-01-10 07:30:18 | INFO     |   Tier 0: Range 2, Chunk 2/3 (7 days)
2026-01-10 07:30:18 | INFO     | ======================================================================
2026-01-10 07:30:18 | INFO     | Load Factor Scraper Started - Route: TUU-CAI
2026-01-10 07:30:18 | INFO     | Log file: D:\CODERED\LAB\Artifacts\run_100126_at_07.29\logs\LF_TUU-CAI_20260110_073018.log
2026-01-10 07:30:18 | INFO     | Enhanced logging: Capturing both logging.info() and print()
2026-01-10 07:30:18 | INFO     | ======================================================================
[LF] Processing dates (override): ['24JAN', '23JAN', '22JAN', '21JAN', '20JAN', '19JAN', '18JAN']
[LF] Attaching to Chrome for Altea access
2026-01-10 07:30:18 | INFO     | Starting LF search for route: TUU-CAI

============================================================
[Worker_9224] ✗ FAILED: TUU-CAI
  Error: 'Logger' object has no attribute 'operation_start'
============================================================

2026-01-10 07:30:18 | ERROR    | [Worker_9224] Failed: TUU-CAI - 'Logger' object has no attribute 'operation_start'

============================================================
[Worker_9224] Processing: AHB-ATZ
  Tier 0: Range 2, Chunk 2/3
  Dates: 7 days
  Date Range: 2026-01-24 to 2026-01-18
============================================================

2026-01-10 07:30:18 | INFO     | [Worker_9224] Processing: AHB-ATZ
2026-01-10 07:30:18 | INFO     |   Tier 0: Range 2, Chunk 2/3 (7 days)
2026-01-10 07:30:18 | INFO     | ======================================================================
2026-01-10 07:30:18 | INFO     | Load Factor Scraper Started - Route: AHB-ATZ
2026-01-10 07:30:18 | INFO     | Log file: D:\CODERED\LAB\Artifacts\run_100126_at_07.29\logs\LF_AHB-ATZ_20260110_073018.log
2026-01-10 07:30:18 | INFO     | Enhanced logging: Capturing both logging.info() and print()
2026-01-10 07:30:18 | INFO     | ======================================================================
[LF] Processing dates (override): ['24JAN', '23JAN', '22JAN', '21JAN', '20JAN', '19JAN', '18JAN']
[LF] Attaching to Chrome for Altea access
2026-01-10 07:30:18 | INFO     | Starting LF search for route: AHB-ATZ

============================================================
[Worker_9224] ✗ FAILED: AHB-ATZ
  Error: 'Logger' object has no attribute 'operation_start'
============================================================

2026-01-10 07:30:18 | ERROR    | [Worker_9224] Failed: AHB-ATZ - 'Logger' object has no attribute 'operation_start'

============================================================
[Worker_9224] Processing: CAI-MED
  Tier 0: Range 2, Chunk 2/3
  Dates: 7 days
  Date Range: 2026-01-24 to 2026-01-18
============================================================

2026-01-10 07:30:18 | INFO     | [Worker_9224] Processing: CAI-MED
2026-01-10 07:30:18 | INFO     |   Tier 0: Range 2, Chunk 2/3 (7 days)
2026-01-10 07:30:18 | INFO     | ======================================================================
2026-01-10 07:30:18 | INFO     | Load Factor Scraper Started - Route: CAI-MED
2026-01-10 07:30:18 | INFO     | Log file: D:\CODERED\LAB\Artifacts\run_100126_at_07.29\logs\LF_CAI-MED_20260110_073018.log
2026-01-10 07:30:18 | INFO     | Enhanced logging: Capturing both logging.info() and print()
2026-01-10 07:30:18 | INFO     | ======================================================================
[LF] Processing dates (override): ['24JAN', '23JAN', '22JAN', '21JAN', '20JAN', '19JAN', '18JAN']
[LF] Attaching to Chrome for Altea access
2026-01-10 07:30:18 | INFO     | Starting LF search for route: CAI-MED

============================================================
[Worker_9224] ✗ FAILED: CAI-MED
  Error: 'Logger' object has no attribute 'operation_start'
============================================================

2026-01-10 07:30:18 | ERROR    | [Worker_9224] Failed: CAI-MED - 'Logger' object has no attribute 'operation_start'

============================================================
[Worker_9224] Processing: ATZ-JED
  Tier 0: Range 2, Chunk 2/3
  Dates: 7 days
  Date Range: 2026-01-24 to 2026-01-18
============================================================

2026-01-10 07:30:18 | INFO     | [Worker_9224] Processing: ATZ-JED
2026-01-10 07:30:18 | INFO     |   Tier 0: Range 2, Chunk 2/3 (7 days)
2026-01-10 07:30:18 | INFO     | ======================================================================
2026-01-10 07:30:18 | INFO     | Load Factor Scraper Started - Route: ATZ-JED
2026-01-10 07:30:18 | INFO     | Log file: D:\CODERED\LAB\Artifacts\run_100126_at_07.29\logs\LF_ATZ-JED_20260110_073018.log
2026-01-10 07:30:18 | INFO     | Enhanced logging: Capturing both logging.info() and print()
2026-01-10 07:30:18 | INFO     | ======================================================================
[LF] Processing dates (override): ['24JAN', '23JAN', '22JAN', '21JAN', '20JAN', '19JAN', '18JAN']
[LF] Attaching to Chrome for Altea access
2026-01-10 07:30:18 | INFO     | Starting LF search for route: ATZ-JED

============================================================
[Worker_9224] ✗ FAILED: ATZ-JED
  Error: 'Logger' object has no attribute 'operation_start'
============================================================

2026-01-10 07:30:18 | ERROR    | [Worker_9224] Failed: ATZ-JED - 'Logger' object has no attribute 'operation_start'

============================================================
[Worker_9224] Processing: ATZ-DMM
  Tier 0: Range 2, Chunk 2/3
  Dates: 7 days
  Date Range: 2026-01-24 to 2026-01-18
============================================================

2026-01-10 07:30:18 | INFO     | [Worker_9224] Processing: ATZ-DMM
2026-01-10 07:30:18 | INFO     |   Tier 0: Range 2, Chunk 2/3 (7 days)
2026-01-10 07:30:18 | INFO     | ======================================================================
2026-01-10 07:30:18 | INFO     | Load Factor Scraper Started - Route: ATZ-DMM
2026-01-10 07:30:18 | INFO     | Log file: D:\CODERED\LAB\Artifacts\run_100126_at_07.29\logs\LF_ATZ-DMM_20260110_073018.log
2026-01-10 07:30:18 | INFO     | Enhanced logging: Capturing both logging.info() and print()
2026-01-10 07:30:18 | INFO     | ======================================================================
[LF] Processing dates (override): ['24JAN', '23JAN', '22JAN', '21JAN', '20JAN', '19JAN', '18JAN']
[LF] Attaching to Chrome for Altea access
2026-01-10 07:30:18 | INFO     | Starting LF search for route: ATZ-DMM

============================================================
[Worker_9224] ✗ FAILED: ATZ-DMM
  Error: 'Logger' object has no attribute 'operation_start'
============================================================

2026-01-10 07:30:18 | ERROR    | [Worker_9224] Failed: ATZ-DMM - 'Logger' object has no attribute 'operation_start'

============================================================
[Worker_9224] Processing: CAI-YNB
  Tier 0: Range 2, Chunk 2/3
  Dates: 7 days
  Date Range: 2026-01-24 to 2026-01-18
============================================================

2026-01-10 07:30:18 | INFO     | [Worker_9224] Processing: CAI-YNB
2026-01-10 07:30:18 | INFO     |   Tier 0: Range 2, Chunk 2/3 (7 days)
2026-01-10 07:30:18 | INFO     | ======================================================================
2026-01-10 07:30:18 | INFO     | Load Factor Scraper Started - Route: CAI-YNB
2026-01-10 07:30:18 | INFO     | Log file: D:\CODERED\LAB\Artifacts\run_100126_at_07.29\logs\LF_CAI-YNB_20260110_073018.log
2026-01-10 07:30:18 | INFO     | Enhanced logging: Capturing both logging.info() and print()
2026-01-10 07:30:18 | INFO     | ======================================================================
[LF] Processing dates (override): ['24JAN', '23JAN', '22JAN', '21JAN', '20JAN', '19JAN', '18JAN']
[LF] Attaching to Chrome for Altea access
2026-01-10 07:30:18 | INFO     | Starting LF search for route: CAI-YNB

============================================================
[Worker_9224] ✗ FAILED: CAI-YNB
  Error: 'Logger' object has no attribute 'operation_start'
============================================================

2026-01-10 07:30:18 | ERROR    | [Worker_9224] Failed: CAI-YNB - 'Logger' object has no attribute 'operation_start'

============================================================
[Worker_9224] Processing: CAI-GIZ
  Tier 0: Range 2, Chunk 2/3
  Dates: 7 days
  Date Range: 2026-01-24 to 2026-01-18
============================================================

2026-01-10 07:30:18 | INFO     | [Worker_9224] Processing: CAI-GIZ
2026-01-10 07:30:18 | INFO     |   Tier 0: Range 2, Chunk 2/3 (7 days)
2026-01-10 07:30:18 | INFO     | ======================================================================
2026-01-10 07:30:18 | INFO     | Load Factor Scraper Started - Route: CAI-GIZ
2026-01-10 07:30:18 | INFO     | Log file: D:\CODERED\LAB\Artifacts\run_100126_at_07.29\logs\LF_CAI-GIZ_20260110_073018.log
2026-01-10 07:30:18 | INFO     | Enhanced logging: Capturing both logging.info() and print()
2026-01-10 07:30:18 | INFO     | ======================================================================
[LF] Processing dates (override): ['24JAN', '23JAN', '22JAN', '21JAN', '20JAN', '19JAN', '18JAN']
[LF] Attaching to Chrome for Altea access
2026-01-10 07:30:18 | INFO     | Starting LF search for route: CAI-GIZ

============================================================
[Worker_9224] ✗ FAILED: CAI-GIZ
  Error: 'Logger' object has no attribute 'operation_start'
============================================================

2026-01-10 07:30:18 | ERROR    | [Worker_9224] Failed: CAI-GIZ - 'Logger' object has no attribute 'operation_start'

============================================================
[Worker_9224] Processing: JED-HBE
  Tier 0: Range 2, Chunk 3/3
  Dates: 7 days
  Date Range: 2026-01-17 to 2026-01-11
============================================================

2026-01-10 07:30:18 | INFO     | [Worker_9224] Processing: JED-HBE
2026-01-10 07:30:18 | INFO     |   Tier 0: Range 2, Chunk 3/3 (7 days)
2026-01-10 07:30:18 | INFO     | ======================================================================
2026-01-10 07:30:18 | INFO     | Load Factor Scraper Started - Route: JED-HBE
2026-01-10 07:30:18 | INFO     | Log file: D:\CODERED\LAB\Artifacts\run_100126_at_07.29\logs\LF_JED-HBE_20260110_073018.log
2026-01-10 07:30:18 | INFO     | Enhanced logging: Capturing both logging.info() and print()
2026-01-10 07:30:18 | INFO     | ======================================================================
[LF] Processing dates (override): ['17JAN', '16JAN', '15JAN', '14JAN', '13JAN', '12JAN', '11JAN']
[LF] Attaching to Chrome for Altea access
2026-01-10 07:30:18 | INFO     | Starting LF search for route: JED-HBE

============================================================
[Worker_9224] ✗ FAILED: JED-HBE
  Error: 'Logger' object has no attribute 'operation_start'
============================================================

2026-01-10 07:30:18 | ERROR    | [Worker_9224] Failed: JED-HBE - 'Logger' object has no attribute 'operation_start'

============================================================
[Worker_9224] Processing: RUH-CAI
  Tier 0: Range 2, Chunk 3/3
  Dates: 7 days
  Date Range: 2026-01-17 to 2026-01-11
============================================================

2026-01-10 07:30:18 | INFO     | [Worker_9224] Processing: RUH-CAI
2026-01-10 07:30:18 | INFO     |   Tier 0: Range 2, Chunk 3/3 (7 days)
2026-01-10 07:30:18 | INFO     | ======================================================================
2026-01-10 07:30:18 | INFO     | Load Factor Scraper Started - Route: RUH-CAI
2026-01-10 07:30:18 | INFO     | Log file: D:\CODERED\LAB\Artifacts\run_100126_at_07.29\logs\LF_RUH-CAI_20260110_073018.log
2026-01-10 07:30:18 | INFO     | Enhanced logging: Capturing both logging.info() and print()
2026-01-10 07:30:18 | INFO     | ======================================================================
[LF] Processing dates (override): ['17JAN', '16JAN', '15JAN', '14JAN', '13JAN', '12JAN', '11JAN']
[LF] Attaching to Chrome for Altea access
2026-01-10 07:30:18 | INFO     | Starting LF search for route: RUH-CAI

============================================================
[Worker_9224] ✗ FAILED: RUH-CAI
  Error: 'Logger' object has no attribute 'operation_start'
============================================================

2026-01-10 07:30:18 | ERROR    | [Worker_9224] Failed: RUH-CAI - 'Logger' object has no attribute 'operation_start'

============================================================
[Worker_9224] Processing: AJF-CAI
  Tier 0: Range 2, Chunk 3/3
  Dates: 7 days
  Date Range: 2026-01-17 to 2026-01-11
============================================================

2026-01-10 07:30:18 | INFO     | [Worker_9224] Processing: AJF-CAI
2026-01-10 07:30:18 | INFO     |   Tier 0: Range 2, Chunk 3/3 (7 days)
2026-01-10 07:30:18 | INFO     | ======================================================================
2026-01-10 07:30:18 | INFO     | Load Factor Scraper Started - Route: AJF-CAI
2026-01-10 07:30:18 | INFO     | Log file: D:\CODERED\LAB\Artifacts\run_100126_at_07.29\logs\LF_AJF-CAI_20260110_073018.log
2026-01-10 07:30:18 | INFO     | Enhanced logging: Capturing both logging.info() and print()
2026-01-10 07:30:18 | INFO     | ======================================================================
[LF] Processing dates (override): ['17JAN', '16JAN', '15JAN', '14JAN', '13JAN', '12JAN', '11JAN']
[LF] Attaching to Chrome for Altea access
2026-01-10 07:30:18 | INFO     | Starting LF search for route: AJF-CAI

============================================================
[Worker_9224] ✗ FAILED: AJF-CAI
  Error: 'Logger' object has no attribute 'operation_start'
============================================================

2026-01-10 07:30:18 | ERROR    | [Worker_9224] Failed: AJF-CAI - 'Logger' object has no attribute 'operation_start'

============================================================
[Worker_9224] Processing: AHB-ATZ
  Tier 0: Range 2, Chunk 3/3
  Dates: 7 days
  Date Range: 2026-01-17 to 2026-01-11
============================================================

2026-01-10 07:30:18 | INFO     | [Worker_9224] Processing: AHB-ATZ
2026-01-10 07:30:18 | INFO     |   Tier 0: Range 2, Chunk 3/3 (7 days)
2026-01-10 07:30:18 | INFO     | ======================================================================
2026-01-10 07:30:18 | INFO     | Load Factor Scraper Started - Route: AHB-ATZ
2026-01-10 07:30:18 | INFO     | Log file: D:\CODERED\LAB\Artifacts\run_100126_at_07.29\logs\LF_AHB-ATZ_20260110_073018.log
2026-01-10 07:30:18 | INFO     | Enhanced logging: Capturing both logging.info() and print()
2026-01-10 07:30:18 | INFO     | ======================================================================
[LF] Processing dates (override): ['17JAN', '16JAN', '15JAN', '14JAN', '13JAN', '12JAN', '11JAN']
[LF] Attaching to Chrome for Altea access
2026-01-10 07:30:18 | INFO     | Starting LF search for route: AHB-ATZ

============================================================
[Worker_9224] ✗ FAILED: AHB-ATZ
  Error: 'Logger' object has no attribute 'operation_start'
============================================================

2026-01-10 07:30:18 | ERROR    | [Worker_9224] Failed: AHB-ATZ - 'Logger' object has no attribute 'operation_start'

============================================================
[Worker_9224] Processing: ATZ-MED
  Tier 0: Range 2, Chunk 3/3
  Dates: 7 days
  Date Range: 2026-01-17 to 2026-01-11
============================================================

2026-01-10 07:30:18 | INFO     | [Worker_9224] Processing: ATZ-MED
2026-01-10 07:30:18 | INFO     |   Tier 0: Range 2, Chunk 3/3 (7 days)
2026-01-10 07:30:18 | INFO     | ======================================================================
2026-01-10 07:30:18 | INFO     | Load Factor Scraper Started - Route: ATZ-MED
2026-01-10 07:30:18 | INFO     | Log file: D:\CODERED\LAB\Artifacts\run_100126_at_07.29\logs\LF_ATZ-MED_20260110_073018.log
2026-01-10 07:30:18 | INFO     | Enhanced logging: Capturing both logging.info() and print()
2026-01-10 07:30:18 | INFO     | ======================================================================
[LF] Processing dates (override): ['17JAN', '16JAN', '15JAN', '14JAN', '13JAN', '12JAN', '11JAN']
[LF] Attaching to Chrome for Altea access
2026-01-10 07:30:18 | INFO     | Starting LF search for route: ATZ-MED

============================================================
[Worker_9224] ✗ FAILED: ATZ-MED
  Error: 'Logger' object has no attribute 'operation_start'
============================================================

2026-01-10 07:30:18 | ERROR    | [Worker_9224] Failed: ATZ-MED - 'Logger' object has no attribute 'operation_start'

============================================================
[Worker_9224] Processing: SSH-JED
  Tier 0: Range 2, Chunk 3/3
  Dates: 7 days
  Date Range: 2026-01-17 to 2026-01-11
============================================================

2026-01-10 07:30:18 | INFO     | [Worker_9224] Processing: SSH-JED
2026-01-10 07:30:18 | INFO     |   Tier 0: Range 2, Chunk 3/3 (7 days)
2026-01-10 07:30:18 | INFO     | ======================================================================
2026-01-10 07:30:18 | INFO     | Load Factor Scraper Started - Route: SSH-JED
2026-01-10 07:30:18 | INFO     | Log file: D:\CODERED\LAB\Artifacts\run_100126_at_07.29\logs\LF_SSH-JED_20260110_073018.log
2026-01-10 07:30:18 | INFO     | Enhanced logging: Capturing both logging.info() and print()
2026-01-10 07:30:18 | INFO     | ======================================================================
[LF] Processing dates (override): ['17JAN', '16JAN', '15JAN', '14JAN', '13JAN', '12JAN', '11JAN']
[LF] Attaching to Chrome for Altea access
2026-01-10 07:30:18 | INFO     | Starting LF search for route: SSH-JED

============================================================
[Worker_9224] ✗ FAILED: SSH-JED
  Error: 'Logger' object has no attribute 'operation_start'
============================================================

2026-01-10 07:30:18 | ERROR    | [Worker_9224] Failed: SSH-JED - 'Logger' object has no attribute 'operation_start'

============================================================
[Worker_9224] Processing: CAI-TUU
  Tier 0: Range 2, Chunk 3/3
  Dates: 7 days
  Date Range: 2026-01-17 to 2026-01-11
============================================================

2026-01-10 07:30:18 | INFO     | [Worker_9224] Processing: CAI-TUU
2026-01-10 07:30:18 | INFO     |   Tier 0: Range 2, Chunk 3/3 (7 days)
2026-01-10 07:30:18 | INFO     | ======================================================================
2026-01-10 07:30:18 | INFO     | Load Factor Scraper Started - Route: CAI-TUU
2026-01-10 07:30:18 | INFO     | Log file: D:\CODERED\LAB\Artifacts\run_100126_at_07.29\logs\LF_CAI-TUU_20260110_073018.log
2026-01-10 07:30:18 | INFO     | Enhanced logging: Capturing both logging.info() and print()
2026-01-10 07:30:18 | INFO     | ======================================================================
[LF] Processing dates (override): ['17JAN', '16JAN', '15JAN', '14JAN', '13JAN', '12JAN', '11JAN']
[LF] Attaching to Chrome for Altea access
2026-01-10 07:30:18 | INFO     | Starting LF search for route: CAI-TUU

============================================================
[Worker_9224] ✗ FAILED: CAI-TUU
  Error: 'Logger' object has no attribute 'operation_start'
============================================================

2026-01-10 07:30:18 | ERROR    | [Worker_9224] Failed: CAI-TUU - 'Logger' object has no attribute 'operation_start'

============================================================
[Worker_9224] Processing: ATZ-AHB
  Tier 0: Range 2, Chunk 3/3
  Dates: 7 days
  Date Range: 2026-01-17 to 2026-01-11
============================================================

2026-01-10 07:30:18 | INFO     | [Worker_9224] Processing: ATZ-AHB
2026-01-10 07:30:18 | INFO     |   Tier 0: Range 2, Chunk 3/3 (7 days)
2026-01-10 07:30:18 | INFO     | ======================================================================
2026-01-10 07:30:18 | INFO     | Load Factor Scraper Started - Route: ATZ-AHB
2026-01-10 07:30:18 | INFO     | Log file: D:\CODERED\LAB\Artifacts\run_100126_at_07.29\logs\LF_ATZ-AHB_20260110_073018.log
2026-01-10 07:30:18 | INFO     | Enhanced logging: Capturing both logging.info() and print()
2026-01-10 07:30:18 | INFO     | ======================================================================
[LF] Processing dates (override): ['17JAN', '16JAN', '15JAN', '14JAN', '13JAN', '12JAN', '11JAN']
[LF] Attaching to Chrome for Altea access
2026-01-10 07:30:18 | INFO     | Starting LF search for route: ATZ-AHB

============================================================
[Worker_9224] ✗ FAILED: ATZ-AHB
  Error: 'Logger' object has no attribute 'operation_start'
============================================================

2026-01-10 07:30:18 | ERROR    | [Worker_9224] Failed: ATZ-AHB - 'Logger' object has no attribute 'operation_start'

============================================================
[Worker_9224] Processing: JED-CAI
  Tier 0: Range 1, Chunk 1/3
  Dates: 8 days
  Date Range: 2026-01-10 to 2026-01-03
============================================================

2026-01-10 07:30:18 | INFO     | [Worker_9224] Processing: JED-CAI
2026-01-10 07:30:18 | INFO     |   Tier 0: Range 1, Chunk 1/3 (8 days)
2026-01-10 07:30:18 | INFO     | ======================================================================
2026-01-10 07:30:18 | INFO     | Load Factor Scraper Started - Route: JED-CAI
2026-01-10 07:30:18 | INFO     | Log file: D:\CODERED\LAB\Artifacts\run_100126_at_07.29\logs\LF_JED-CAI_20260110_073018.log
2026-01-10 07:30:18 | INFO     | Enhanced logging: Capturing both logging.info() and print()
2026-01-10 07:30:18 | INFO     | ======================================================================
[LF] Processing dates (override): ['10JAN', '09JAN', '08JAN', '07JAN', '06JAN', '05JAN', '04JAN', '03JAN']
[LF] Attaching to Chrome for Altea access
2026-01-10 07:30:18 | INFO     | Starting LF search for route: JED-CAI

============================================================
[Worker_9224] ✗ FAILED: JED-CAI
  Error: 'Logger' object has no attribute 'operation_start'
============================================================

2026-01-10 07:30:18 | ERROR    | [Worker_9224] Failed: JED-CAI - 'Logger' object has no attribute 'operation_start'

============================================================
[Worker_9224] Processing: RUH-CAI
  Tier 0: Range 1, Chunk 1/3
  Dates: 8 days
  Date Range: 2026-01-10 to 2026-01-03
============================================================

2026-01-10 07:30:18 | INFO     | [Worker_9224] Processing: RUH-CAI
2026-01-10 07:30:18 | INFO     |   Tier 0: Range 1, Chunk 1/3 (8 days)
2026-01-10 07:30:18 | INFO     | ======================================================================
2026-01-10 07:30:18 | INFO     | Load Factor Scraper Started - Route: RUH-CAI
2026-01-10 07:30:18 | INFO     | Log file: D:\CODERED\LAB\Artifacts\run_100126_at_07.29\logs\LF_RUH-CAI_20260110_073018.log
2026-01-10 07:30:18 | INFO     | Enhanced logging: Capturing both logging.info() and print()
2026-01-10 07:30:18 | INFO     | ======================================================================
[LF] Processing dates (override): ['10JAN', '09JAN', '08JAN', '07JAN', '06JAN', '05JAN', '04JAN', '03JAN']
[LF] Attaching to Chrome for Altea access
2026-01-10 07:30:18 | INFO     | Starting LF search for route: RUH-CAI

============================================================
[Worker_9224] ✗ FAILED: RUH-CAI
  Error: 'Logger' object has no attribute 'operation_start'
============================================================

2026-01-10 07:30:18 | ERROR    | [Worker_9224] Failed: RUH-CAI - 'Logger' object has no attribute 'operation_start'

============================================================
[Worker_9224] Processing: AJF-ATZ
  Tier 0: Range 1, Chunk 1/3
  Dates: 8 days
  Date Range: 2026-01-10 to 2026-01-03
============================================================

2026-01-10 07:30:18 | INFO     | [Worker_9224] Processing: AJF-ATZ
2026-01-10 07:30:18 | INFO     |   Tier 0: Range 1, Chunk 1/3 (8 days)
2026-01-10 07:30:18 | INFO     | ======================================================================
2026-01-10 07:30:18 | INFO     | Load Factor Scraper Started - Route: AJF-ATZ
2026-01-10 07:30:18 | INFO     | Log file: D:\CODERED\LAB\Artifacts\run_100126_at_07.29\logs\LF_AJF-ATZ_20260110_073018.log
2026-01-10 07:30:18 | INFO     | Enhanced logging: Capturing both logging.info() and print()
2026-01-10 07:30:18 | INFO     | ======================================================================
[LF] Processing dates (override): ['10JAN', '09JAN', '08JAN', '07JAN', '06JAN', '05JAN', '04JAN', '03JAN']
[LF] Attaching to Chrome for Altea access
2026-01-10 07:30:18 | INFO     | Starting LF search for route: AJF-ATZ

============================================================
[Worker_9224] ✗ FAILED: AJF-ATZ
  Error: 'Logger' object has no attribute 'operation_start'
============================================================

2026-01-10 07:30:18 | ERROR    | [Worker_9224] Failed: AJF-ATZ - 'Logger' object has no attribute 'operation_start'

============================================================
[Worker_9224] Processing: HBE-MED
  Tier 0: Range 1, Chunk 1/3
  Dates: 8 days
  Date Range: 2026-01-10 to 2026-01-03
============================================================

2026-01-10 07:30:18 | INFO     | [Worker_9224] Processing: HBE-MED
2026-01-10 07:30:18 | INFO     |   Tier 0: Range 1, Chunk 1/3 (8 days)
2026-01-10 07:30:18 | INFO     | ======================================================================
2026-01-10 07:30:18 | INFO     | Load Factor Scraper Started - Route: HBE-MED
2026-01-10 07:30:18 | INFO     | Log file: D:\CODERED\LAB\Artifacts\run_100126_at_07.29\logs\LF_HBE-MED_20260110_073018.log
2026-01-10 07:30:18 | INFO     | Enhanced logging: Capturing both logging.info() and print()
2026-01-10 07:30:18 | INFO     | ======================================================================
[LF] Processing dates (override): ['10JAN', '09JAN', '08JAN', '07JAN', '06JAN', '05JAN', '04JAN', '03JAN']
[LF] Attaching to Chrome for Altea access
2026-01-10 07:30:18 | INFO     | Starting LF search for route: HBE-MED

============================================================
[Worker_9224] ✗ FAILED: HBE-MED
  Error: 'Logger' object has no attribute 'operation_start'
============================================================

2026-01-10 07:30:18 | ERROR    | [Worker_9224] Failed: HBE-MED - 'Logger' object has no attribute 'operation_start'

============================================================
[Worker_9224] Processing: SSH-JED
  Tier 0: Range 1, Chunk 1/3
  Dates: 8 days
  Date Range: 2026-01-10 to 2026-01-03
============================================================

2026-01-10 07:30:18 | INFO     | [Worker_9224] Processing: SSH-JED
2026-01-10 07:30:18 | INFO     |   Tier 0: Range 1, Chunk 1/3 (8 days)
2026-01-10 07:30:18 | INFO     | ======================================================================
2026-01-10 07:30:18 | INFO     | Load Factor Scraper Started - Route: SSH-JED
2026-01-10 07:30:18 | INFO     | Log file: D:\CODERED\LAB\Artifacts\run_100126_at_07.29\logs\LF_SSH-JED_20260110_073018.log
2026-01-10 07:30:18 | INFO     | Enhanced logging: Capturing both logging.info() and print()
2026-01-10 07:30:18 | INFO     | ======================================================================
[LF] Processing dates (override): ['10JAN', '09JAN', '08JAN', '07JAN', '06JAN', '05JAN', '04JAN', '03JAN']
[LF] Attaching to Chrome for Altea access
2026-01-10 07:30:18 | INFO     | Starting LF search for route: SSH-JED

============================================================
[Worker_9224] ✗ FAILED: SSH-JED
  Error: 'Logger' object has no attribute 'operation_start'
============================================================

2026-01-10 07:30:18 | ERROR    | [Worker_9224] Failed: SSH-JED - 'Logger' object has no attribute 'operation_start'

============================================================
[Worker_9224] Processing: CAI-AJF
  Tier 0: Range 1, Chunk 1/3
  Dates: 8 days
  Date Range: 2026-01-10 to 2026-01-03
============================================================

2026-01-10 07:30:18 | INFO     | [Worker_9224] Processing: CAI-AJF
2026-01-10 07:30:18 | INFO     |   Tier 0: Range 1, Chunk 1/3 (8 days)
2026-01-10 07:30:18 | INFO     | ======================================================================
2026-01-10 07:30:18 | INFO     | Load Factor Scraper Started - Route: CAI-AJF
2026-01-10 07:30:18 | INFO     | Log file: D:\CODERED\LAB\Artifacts\run_100126_at_07.29\logs\LF_CAI-AJF_20260110_073018.log
2026-01-10 07:30:18 | INFO     | Enhanced logging: Capturing both logging.info() and print()
2026-01-10 07:30:18 | INFO     | ======================================================================
[LF] Processing dates (override): ['10JAN', '09JAN', '08JAN', '07JAN', '06JAN', '05JAN', '04JAN', '03JAN']
[LF] Attaching to Chrome for Altea access
2026-01-10 07:30:18 | INFO     | Starting LF search for route: CAI-AJF

============================================================
[Worker_9224] ✗ FAILED: CAI-AJF
  Error: 'Logger' object has no attribute 'operation_start'
============================================================

2026-01-10 07:30:18 | ERROR    | [Worker_9224] Failed: CAI-AJF - 'Logger' object has no attribute 'operation_start'

============================================================
[Worker_9224] Processing: ATZ-ELQ
  Tier 0: Range 1, Chunk 1/3
  Dates: 8 days
  Date Range: 2026-01-10 to 2026-01-03
============================================================

2026-01-10 07:30:18 | INFO     | [Worker_9224] Processing: ATZ-ELQ
2026-01-10 07:30:18 | INFO     |   Tier 0: Range 1, Chunk 1/3 (8 days)
2026-01-10 07:30:18 | INFO     | ======================================================================
2026-01-10 07:30:18 | INFO     | Load Factor Scraper Started - Route: ATZ-ELQ
2026-01-10 07:30:18 | INFO     | Log file: D:\CODERED\LAB\Artifacts\run_100126_at_07.29\logs\LF_ATZ-ELQ_20260110_073018.log
2026-01-10 07:30:18 | INFO     | Enhanced logging: Capturing both logging.info() and print()
2026-01-10 07:30:18 | INFO     | ======================================================================
[LF] Processing dates (override): ['10JAN', '09JAN', '08JAN', '07JAN', '06JAN', '05JAN', '04JAN', '03JAN']
[LF] Attaching to Chrome for Altea access
2026-01-10 07:30:18 | INFO     | Starting LF search for route: ATZ-ELQ

============================================================
[Worker_9224] ✗ FAILED: ATZ-ELQ
  Error: 'Logger' object has no attribute 'operation_start'
============================================================

2026-01-10 07:30:18 | ERROR    | [Worker_9224] Failed: ATZ-ELQ - 'Logger' object has no attribute 'operation_start'

============================================================
[Worker_9224] Processing: JED-ATZ
  Tier 0: Range 1, Chunk 2/3
  Dates: 7 days
  Date Range: 2026-01-02 to 2025-12-27
============================================================

2026-01-10 07:30:18 | INFO     | [Worker_9224] Processing: JED-ATZ
2026-01-10 07:30:18 | INFO     |   Tier 0: Range 1, Chunk 2/3 (7 days)
2026-01-10 07:30:18 | INFO     | ======================================================================
2026-01-10 07:30:18 | INFO     | Load Factor Scraper Started - Route: JED-ATZ
2026-01-10 07:30:18 | INFO     | Log file: D:\CODERED\LAB\Artifacts\run_100126_at_07.29\logs\LF_JED-ATZ_20260110_073018.log
2026-01-10 07:30:18 | INFO     | Enhanced logging: Capturing both logging.info() and print()
2026-01-10 07:30:18 | INFO     | ======================================================================
[LF] Processing dates (override): ['02JAN', '01JAN', '31DEC', '30DEC', '29DEC', '28DEC', '27DEC']
[LF] Attaching to Chrome for Altea access
2026-01-10 07:30:18 | INFO     | Starting LF search for route: JED-ATZ

============================================================
[Worker_9224] ✗ FAILED: JED-ATZ
  Error: 'Logger' object has no attribute 'operation_start'
============================================================

2026-01-10 07:30:18 | ERROR    | [Worker_9224] Failed: JED-ATZ - 'Logger' object has no attribute 'operation_start'

============================================================
[Worker_9224] Processing: DMM-ATZ
  Tier 0: Range 1, Chunk 2/3
  Dates: 7 days
  Date Range: 2026-01-02 to 2025-12-27
============================================================

2026-01-10 07:30:18 | INFO     | [Worker_9224] Processing: DMM-ATZ
2026-01-10 07:30:18 | INFO     |   Tier 0: Range 1, Chunk 2/3 (7 days)
2026-01-10 07:30:18 | INFO     | ======================================================================
2026-01-10 07:30:18 | INFO     | Load Factor Scraper Started - Route: DMM-ATZ
2026-01-10 07:30:18 | INFO     | Log file: D:\CODERED\LAB\Artifacts\run_100126_at_07.29\logs\LF_DMM-ATZ_20260110_073018.log
2026-01-10 07:30:18 | INFO     | Enhanced logging: Capturing both logging.info() and print()
2026-01-10 07:30:18 | INFO     | ======================================================================
[LF] Processing dates (override): ['02JAN', '01JAN', '31DEC', '30DEC', '29DEC', '28DEC', '27DEC']
[LF] Attaching to Chrome for Altea access
2026-01-10 07:30:18 | INFO     | Starting LF search for route: DMM-ATZ

============================================================
[Worker_9224] ✗ FAILED: DMM-ATZ
  Error: 'Logger' object has no attribute 'operation_start'
============================================================

2026-01-10 07:30:18 | ERROR    | [Worker_9224] Failed: DMM-ATZ - 'Logger' object has no attribute 'operation_start'

============================================================
[Worker_9224] Processing: AHB-ATZ
  Tier 0: Range 1, Chunk 2/3
  Dates: 7 days
  Date Range: 2026-01-02 to 2025-12-27
============================================================

2026-01-10 07:30:18 | INFO     | [Worker_9224] Processing: AHB-ATZ
2026-01-10 07:30:18 | INFO     |   Tier 0: Range 1, Chunk 2/3 (7 days)
2026-01-10 07:30:18 | INFO     | ======================================================================
2026-01-10 07:30:18 | INFO     | Load Factor Scraper Started - Route: AHB-ATZ
2026-01-10 07:30:18 | INFO     | Log file: D:\CODERED\LAB\Artifacts\run_100126_at_07.29\logs\LF_AHB-ATZ_20260110_073018.log
2026-01-10 07:30:18 | INFO     | Enhanced logging: Capturing both logging.info() and print()
2026-01-10 07:30:18 | INFO     | ======================================================================
[LF] Processing dates (override): ['02JAN', '01JAN', '31DEC', '30DEC', '29DEC', '28DEC', '27DEC']
[LF] Attaching to Chrome for Altea access
2026-01-10 07:30:18 | INFO     | Starting LF search for route: AHB-ATZ

============================================================
[Worker_9224] ✗ FAILED: AHB-ATZ
  Error: 'Logger' object has no attribute 'operation_start'
============================================================

2026-01-10 07:30:18 | ERROR    | [Worker_9224] Failed: AHB-ATZ - 'Logger' object has no attribute 'operation_start'

============================================================
[Worker_9224] Processing: CAI-JED
  Tier 0: Range 1, Chunk 2/3
  Dates: 7 days
  Date Range: 2026-01-02 to 2025-12-27
============================================================

2026-01-10 07:30:18 | INFO     | [Worker_9224] Processing: CAI-JED
2026-01-10 07:30:18 | INFO     |   Tier 0: Range 1, Chunk 2/3 (7 days)
2026-01-10 07:30:18 | INFO     | ======================================================================
2026-01-10 07:30:18 | INFO     | Load Factor Scraper Started - Route: CAI-JED
2026-01-10 07:30:18 | INFO     | Log file: D:\CODERED\LAB\Artifacts\run_100126_at_07.29\logs\LF_CAI-JED_20260110_073018.log
2026-01-10 07:30:18 | INFO     | Enhanced logging: Capturing both logging.info() and print()
2026-01-10 07:30:18 | INFO     | ======================================================================
[LF] Processing dates (override): ['02JAN', '01JAN', '31DEC', '30DEC', '29DEC', '28DEC', '27DEC']
[LF] Attaching to Chrome for Altea access
2026-01-10 07:30:18 | INFO     | Starting LF search for route: CAI-JED

============================================================
[Worker_9224] ✗ FAILED: CAI-JED
  Error: 'Logger' object has no attribute 'operation_start'
============================================================

2026-01-10 07:30:18 | ERROR    | [Worker_9224] Failed: CAI-JED - 'Logger' object has no attribute 'operation_start'

============================================================
[Worker_9224] Processing: CAI-DMM
  Tier 0: Range 1, Chunk 2/3
  Dates: 7 days
  Date Range: 2026-01-02 to 2025-12-27
============================================================

2026-01-10 07:30:18 | INFO     | [Worker_9224] Processing: CAI-DMM
2026-01-10 07:30:18 | INFO     |   Tier 0: Range 1, Chunk 2/3 (7 days)
2026-01-10 07:30:18 | INFO     | ======================================================================
2026-01-10 07:30:18 | INFO     | Load Factor Scraper Started - Route: CAI-DMM
2026-01-10 07:30:18 | INFO     | Log file: D:\CODERED\LAB\Artifacts\run_100126_at_07.29\logs\LF_CAI-DMM_20260110_073018.log
2026-01-10 07:30:18 | INFO     | Enhanced logging: Capturing both logging.info() and print()
2026-01-10 07:30:18 | INFO     | ======================================================================
[LF] Processing dates (override): ['02JAN', '01JAN', '31DEC', '30DEC', '29DEC', '28DEC', '27DEC']
[LF] Attaching to Chrome for Altea access
2026-01-10 07:30:18 | INFO     | Starting LF search for route: CAI-DMM

============================================================
[Worker_9224] ✗ FAILED: CAI-DMM
  Error: 'Logger' object has no attribute 'operation_start'
============================================================

2026-01-10 07:30:18 | ERROR    | [Worker_9224] Failed: CAI-DMM - 'Logger' object has no attribute 'operation_start'

============================================================
[Worker_9224] Processing: CAI-YNB
  Tier 0: Range 1, Chunk 2/3
  Dates: 7 days
  Date Range: 2026-01-02 to 2025-12-27
============================================================

2026-01-10 07:30:18 | INFO     | [Worker_9224] Processing: CAI-YNB
2026-01-10 07:30:18 | INFO     |   Tier 0: Range 1, Chunk 2/3 (7 days)
2026-01-10 07:30:18 | INFO     | ======================================================================
2026-01-10 07:30:18 | INFO     | Load Factor Scraper Started - Route: CAI-YNB
2026-01-10 07:30:18 | INFO     | Log file: D:\CODERED\LAB\Artifacts\run_100126_at_07.29\logs\LF_CAI-YNB_20260110_073018.log
2026-01-10 07:30:18 | INFO     | Enhanced logging: Capturing both logging.info() and print()
2026-01-10 07:30:18 | INFO     | ======================================================================
[LF] Processing dates (override): ['02JAN', '01JAN', '31DEC', '30DEC', '29DEC', '28DEC', '27DEC']
[LF] Attaching to Chrome for Altea access
2026-01-10 07:30:18 | INFO     | Starting LF search for route: CAI-YNB

============================================================
[Worker_9224] ✗ FAILED: CAI-YNB
  Error: 'Logger' object has no attribute 'operation_start'
============================================================

2026-01-10 07:30:18 | ERROR    | [Worker_9224] Failed: CAI-YNB - 'Logger' object has no attribute 'operation_start'

============================================================
[Worker_9224] Processing: MED-HBE
  Tier 0: Range 1, Chunk 3/3
  Dates: 7 days
  Date Range: 2025-12-26 to 2025-12-20
============================================================

2026-01-10 07:30:18 | INFO     | [Worker_9224] Processing: MED-HBE
2026-01-10 07:30:18 | INFO     |   Tier 0: Range 1, Chunk 3/3 (7 days)
2026-01-10 07:30:18 | INFO     | ======================================================================
2026-01-10 07:30:18 | INFO     | Load Factor Scraper Started - Route: MED-HBE
2026-01-10 07:30:18 | INFO     | Log file: D:\CODERED\LAB\Artifacts\run_100126_at_07.29\logs\LF_MED-HBE_20260110_073018.log
2026-01-10 07:30:18 | INFO     | Enhanced logging: Capturing both logging.info() and print()
2026-01-10 07:30:18 | INFO     | ======================================================================
[LF] Processing dates (override): ['26DEC', '25DEC', '24DEC', '23DEC', '22DEC', '21DEC', '20DEC']
[LF] Attaching to Chrome for Altea access
2026-01-10 07:30:18 | INFO     | Starting LF search for route: MED-HBE

============================================================
[Worker_9224] ✗ FAILED: MED-HBE
  Error: 'Logger' object has no attribute 'operation_start'
============================================================

2026-01-10 07:30:18 | ERROR    | [Worker_9224] Failed: MED-HBE - 'Logger' object has no attribute 'operation_start'

============================================================
[Worker_9224] Processing: JED-SSH
  Tier 0: Range 1, Chunk 3/3
  Dates: 7 days
  Date Range: 2025-12-26 to 2025-12-20
============================================================

2026-01-10 07:30:18 | INFO     | [Worker_9224] Processing: JED-SSH
2026-01-10 07:30:18 | INFO     |   Tier 0: Range 1, Chunk 3/3 (7 days)
2026-01-10 07:30:18 | INFO     | ======================================================================
2026-01-10 07:30:18 | INFO     | Load Factor Scraper Started - Route: JED-SSH
2026-01-10 07:30:18 | INFO     | Log file: D:\CODERED\LAB\Artifacts\run_100126_at_07.29\logs\LF_JED-SSH_20260110_073018.log
2026-01-10 07:30:18 | INFO     | Enhanced logging: Capturing both logging.info() and print()
2026-01-10 07:30:18 | INFO     | ======================================================================
[LF] Processing dates (override): ['26DEC', '25DEC', '24DEC', '23DEC', '22DEC', '21DEC', '20DEC']
[LF] Attaching to Chrome for Altea access
2026-01-10 07:30:18 | INFO     | Starting LF search for route: JED-SSH

============================================================
[Worker_9224] ✗ FAILED: JED-SSH
  Error: 'Logger' object has no attribute 'operation_start'
============================================================

2026-01-10 07:30:18 | ERROR    | [Worker_9224] Failed: JED-SSH - 'Logger' object has no attribute 'operation_start'

============================================================
[Worker_9224] Processing: AJF-CAI
  Tier 0: Range 1, Chunk 3/3
  Dates: 7 days
  Date Range: 2025-12-26 to 2025-12-20
============================================================

2026-01-10 07:30:18 | INFO     | [Worker_9224] Processing: AJF-CAI
2026-01-10 07:30:18 | INFO     |   Tier 0: Range 1, Chunk 3/3 (7 days)
2026-01-10 07:30:18 | INFO     | ======================================================================
2026-01-10 07:30:18 | INFO     | Load Factor Scraper Started - Route: AJF-CAI
2026-01-10 07:30:18 | INFO     | Log file: D:\CODERED\LAB\Artifacts\run_100126_at_07.29\logs\LF_AJF-CAI_20260110_073018.log
2026-01-10 07:30:18 | INFO     | Enhanced logging: Capturing both logging.info() and print()
2026-01-10 07:30:18 | INFO     | ======================================================================
[LF] Processing dates (override): ['26DEC', '25DEC', '24DEC', '23DEC', '22DEC', '21DEC', '20DEC']
[LF] Attaching to Chrome for Altea access
2026-01-10 07:30:18 | INFO     | Starting LF search for route: AJF-CAI

============================================================
[Worker_9224] ✗ FAILED: AJF-CAI
  Error: 'Logger' object has no attribute 'operation_start'
============================================================

2026-01-10 07:30:18 | ERROR    | [Worker_9224] Failed: AJF-CAI - 'Logger' object has no attribute 'operation_start'

============================================================
[Worker_9224] Processing: GIZ-CAI
  Tier 0: Range 1, Chunk 3/3
  Dates: 7 days
  Date Range: 2025-12-26 to 2025-12-20
============================================================

2026-01-10 07:30:18 | INFO     | [Worker_9224] Processing: GIZ-CAI
2026-01-10 07:30:18 | INFO     |   Tier 0: Range 1, Chunk 3/3 (7 days)
2026-01-10 07:30:18 | INFO     | ======================================================================
2026-01-10 07:30:18 | INFO     | Load Factor Scraper Started - Route: GIZ-CAI
2026-01-10 07:30:18 | INFO     | Log file: D:\CODERED\LAB\Artifacts\run_100126_at_07.29\logs\LF_GIZ-CAI_20260110_073018.log
2026-01-10 07:30:18 | INFO     | Enhanced logging: Capturing both logging.info() and print()
2026-01-10 07:30:18 | INFO     | ======================================================================
[LF] Processing dates (override): ['26DEC', '25DEC', '24DEC', '23DEC', '22DEC', '21DEC', '20DEC']
[LF] Attaching to Chrome for Altea access
2026-01-10 07:30:18 | INFO     | Starting LF search for route: GIZ-CAI

============================================================
[Worker_9224] ✗ FAILED: GIZ-CAI
  Error: 'Logger' object has no attribute 'operation_start'
============================================================

2026-01-10 07:30:18 | ERROR    | [Worker_9224] Failed: GIZ-CAI - 'Logger' object has no attribute 'operation_start'

============================================================
[Worker_9224] Processing: LXR-JED
  Tier 0: Range 1, Chunk 3/3
  Dates: 7 days
  Date Range: 2025-12-26 to 2025-12-20
============================================================

2026-01-10 07:30:18 | INFO     | [Worker_9224] Processing: LXR-JED
2026-01-10 07:30:18 | INFO     |   Tier 0: Range 1, Chunk 3/3 (7 days)
2026-01-10 07:30:18 | INFO     | ======================================================================
2026-01-10 07:30:18 | INFO     | Load Factor Scraper Started - Route: LXR-JED
2026-01-10 07:30:18 | INFO     | Log file: D:\CODERED\LAB\Artifacts\run_100126_at_07.29\logs\LF_LXR-JED_20260110_073018.log
2026-01-10 07:30:18 | INFO     | Enhanced logging: Capturing both logging.info() and print()
2026-01-10 07:30:18 | INFO     | ======================================================================
[LF] Processing dates (override): ['26DEC', '25DEC', '24DEC', '23DEC', '22DEC', '21DEC', '20DEC']
[LF] Attaching to Chrome for Altea access
2026-01-10 07:30:18 | INFO     | Starting LF search for route: LXR-JED

============================================================
[Worker_9224] ✗ FAILED: LXR-JED
  Error: 'Logger' object has no attribute 'operation_start'
============================================================

2026-01-10 07:30:18 | ERROR    | [Worker_9224] Failed: LXR-JED - 'Logger' object has no attribute 'operation_start'

============================================================
[Worker_9224] Processing: ATZ-DMM
  Tier 0: Range 1, Chunk 3/3
  Dates: 7 days
  Date Range: 2025-12-26 to 2025-12-20
============================================================

2026-01-10 07:30:18 | INFO     | [Worker_9224] Processing: ATZ-DMM
2026-01-10 07:30:18 | INFO     |   Tier 0: Range 1, Chunk 3/3 (7 days)
2026-01-10 07:30:18 | INFO     | ======================================================================
2026-01-10 07:30:18 | INFO     | Load Factor Scraper Started - Route: ATZ-DMM
2026-01-10 07:30:18 | INFO     | Log file: D:\CODERED\LAB\Artifacts\run_100126_at_07.29\logs\LF_ATZ-DMM_20260110_073018.log
2026-01-10 07:30:18 | INFO     | Enhanced logging: Capturing both logging.info() and print()
2026-01-10 07:30:18 | INFO     | ======================================================================
[LF] Processing dates (override): ['26DEC', '25DEC', '24DEC', '23DEC', '22DEC', '21DEC', '20DEC']
[LF] Attaching to Chrome for Altea access
2026-01-10 07:30:18 | INFO     | Starting LF search for route: ATZ-DMM

============================================================
[Worker_9224] ✗ FAILED: ATZ-DMM
  Error: 'Logger' object has no attribute 'operation_start'
============================================================

2026-01-10 07:30:18 | ERROR    | [Worker_9224] Failed: ATZ-DMM - 'Logger' object has no attribute 'operation_start'

============================================================
[Worker_9224] Processing: ATZ-AHB
  Tier 0: Range 1, Chunk 3/3
  Dates: 7 days
  Date Range: 2025-12-26 to 2025-12-20
============================================================

2026-01-10 07:30:18 | INFO     | [Worker_9224] Processing: ATZ-AHB
2026-01-10 07:30:18 | INFO     |   Tier 0: Range 1, Chunk 3/3 (7 days)
2026-01-10 07:30:18 | INFO     | ======================================================================
2026-01-10 07:30:18 | INFO     | Load Factor Scraper Started - Route: ATZ-AHB
2026-01-10 07:30:18 | INFO     | Log file: D:\CODERED\LAB\Artifacts\run_100126_at_07.29\logs\LF_ATZ-AHB_20260110_073018.log
2026-01-10 07:30:18 | INFO     | Enhanced logging: Capturing both logging.info() and print()
2026-01-10 07:30:18 | INFO     | ======================================================================
[LF] Processing dates (override): ['26DEC', '25DEC', '24DEC', '23DEC', '22DEC', '21DEC', '20DEC']
[LF] Attaching to Chrome for Altea access
2026-01-10 07:30:18 | INFO     | Starting LF search for route: ATZ-AHB

============================================================
[Worker_9224] ✗ FAILED: ATZ-AHB
  Error: 'Logger' object has no attribute 'operation_start'
============================================================

2026-01-10 07:30:18 | ERROR    | [Worker_9224] Failed: ATZ-AHB - 'Logger' object has no attribute 'operation_start'
[Worker_9224] Waiting for tasks...
