2025-12-31 23:30:14,586 | INFO     | [Worker_9225] Completed: MED-ATZ - 6 results, 0 errors
2025-12-31 23:30:14,588 | INFO     | [Worker_9225] Processing: TUU-CAI
2025-12-31 23:30:14,588 | INFO     |   Tier 0: Range 3, Chunk 1/5 (6 days)
2025-12-31 23:30:48,385 | INFO     | [Worker_9225] Completed: TUU-CAI - 6 results, 0 errors
2025-12-31 23:30:48,387 | INFO     | [Worker_9225] Processing: ELQ-CAI
2025-12-31 23:30:48,387 | INFO     |   Tier 0: Range 3, Chunk 1/5 (6 days)
2025-12-31 23:31:09,120 | INFO     | [Worker_9225] Completed: ELQ-CAI - 6 results, 0 errors
2025-12-31 23:31:09,122 | INFO     | [Worker_9225] Processing: HBE-JED
2025-12-31 23:31:09,122 | INFO     |   Tier 0: Range 3, Chunk 1/5 (6 days)
2025-12-31 23:32:11,833 | INFO     | [Worker_9225] Completed: HBE-JED - 6 results, 0 errors
2025-12-31 23:32:11,835 | INFO     | [Worker_9225] Processing: CAI-YNB
2025-12-31 23:32:11,835 | INFO     |   Tier 0: Range 3, Chunk 1/5 (6 days)
2025-12-31 23:32:58,772 | INFO     | [Worker_9225] Completed: CAI-YNB - 6 results, 0 errors
2025-12-31 23:32:58,774 | INFO     | [Worker_9225] Processing: JED-LXR
2025-12-31 23:32:58,774 | INFO     |   Tier 0: Range 3, Chunk 2/5 (6 days)
2025-12-31 23:33:27,203 | INFO     | [Worker_9225] Completed: JED-LXR - 6 results, 0 errors
2025-12-31 23:33:27,204 | INFO     | [Worker_9225] Processing: TUU-CAI
2025-12-31 23:33:27,205 | INFO     |   Tier 0: Range 3, Chunk 2/5 (6 days)
2025-12-31 23:33:50,897 | INFO     | [Worker_9225] Completed: TUU-CAI - 6 results, 0 errors
2025-12-31 23:33:50,899 | INFO     | [Worker_9225] Processing: AHB-CAI
2025-12-31 23:33:50,899 | INFO     |   Tier 0: Range 3, Chunk 2/5 (6 days)
2025-12-31 23:34:16,602 | INFO     | [Worker_9225] Completed: AHB-CAI - 6 results, 0 errors
2025-12-31 23:34:16,604 | INFO     | [Worker_9225] Processing: CAI-JED
2025-12-31 23:34:16,604 | INFO     |   Tier 0: Range 3, Chunk 2/5 (6 days)
2025-12-31 23:37:36,092 | INFO     | [Worker_9225] Completed: CAI-JED - 6 results, 0 errors
2025-12-31 23:37:36,096 | INFO     | [Worker_9225] Processing: HBE-JED
2025-12-31 23:37:36,096 | INFO     |   Tier 0: Range 3, Chunk 3/5 (6 days)
2025-12-31 23:39:05,330 | INFO     | [Worker_9225] Completed: HBE-JED - 6 results, 0 errors
2025-12-31 23:39:05,331 | INFO     | [Worker_9225] Processing: JED-CAI
2025-12-31 23:39:05,331 | INFO     |   Tier 0: Range 3, Chunk 4/5 (5 days)
2025-12-31 23:41:55,350 | INFO     | [Worker_9225] Completed: JED-CAI - 5 results, 0 errors
2025-12-31 23:41:55,352 | INFO     | [Worker_9225] Processing: MED-CAI
2025-12-31 23:41:55,352 | INFO     |   Tier 0: Range 3, Chunk 5/5 (5 days)
2025-12-31 23:42:36,060 | INFO     | [Worker_9225] Completed: MED-CAI - 5 results, 0 errors
2025-12-31 23:42:36,062 | INFO     | [Worker_9225] Processing: DMM-CAI
2025-12-31 23:42:36,062 | INFO     |   Tier 0: Range 3, Chunk 5/5 (5 days)
2025-12-31 23:42:57,997 | INFO     | [Worker_9225] Completed: DMM-CAI - 5 results, 0 errors
2025-12-31 23:42:57,999 | INFO     | [Worker_9225] Processing: YNB-CAI
2025-12-31 23:42:57,999 | INFO     |   Tier 0: Range 3, Chunk 5/5 (5 days)
2025-12-31 23:43:42,620 | INFO     | [Worker_9225] Completed: YNB-CAI - 5 results, 0 errors
2025-12-31 23:43:42,621 | INFO     | [Worker_9225] Processing: LXR-JED
2025-12-31 23:43:42,621 | INFO     |   Tier 0: Range 3, Chunk 5/5 (5 days)
2025-12-31 23:44:13,800 | INFO     | [Worker_9225] Completed: LXR-JED - 5 results, 0 errors
2025-12-31 23:44:13,802 | INFO     | [Worker_9225] Processing: CAI-TUU
2025-12-31 23:44:13,802 | INFO     |   Tier 0: Range 3, Chunk 5/5 (5 days)
2025-12-31 23:44:36,595 | INFO     | [Worker_9225] Completed: CAI-TUU - 5 results, 0 errors
2025-12-31 23:44:36,597 | INFO     | [Worker_9225] Processing: ATZ-AHB
2025-12-31 23:44:36,597 | INFO     |   Tier 0: Range 3, Chunk 5/5 (5 days)
2025-12-31 23:44:48,221 | INFO     | [Worker_9225] Completed: ATZ-AHB - 5 results, 0 errors
2025-12-31 23:44:48,223 | INFO     | [Worker_9225] Processing: MED-CAI
2025-12-31 23:44:48,223 | INFO     |   Tier 0: Range 2, Chunk 1/5 (7 days)
2025-12-31 23:45:43,151 | INFO     | [Worker_9225] Completed: MED-CAI - 7 results, 0 errors
2025-12-31 23:45:43,153 | INFO     | [Worker_9225] Processing: JED-ATZ
2025-12-31 23:45:43,154 | INFO     |   Tier 0: Range 2, Chunk 1/5 (7 days)
2025-12-31 23:47:53,190 | INFO     | [Worker_9225] Completed: JED-ATZ - 7 results, 0 errors
2025-12-31 23:47:53,192 | INFO     | [Worker_9225] Processing: TUU-CAI
2025-12-31 23:47:53,192 | INFO     |   Tier 0: Range 2, Chunk 1/5 (7 days)
2025-12-31 23:48:19,849 | INFO     | [Worker_9225] Completed: TUU-CAI - 7 results, 0 errors
2025-12-31 23:48:19,850 | INFO     | [Worker_9225] Processing: YNB-CAI
2025-12-31 23:48:19,850 | INFO     |   Tier 0: Range 2, Chunk 1/5 (7 days)
2025-12-31 23:49:08,565 | INFO     | [Worker_9225] Completed: YNB-CAI - 7 results, 0 errors
2025-12-31 23:49:08,566 | INFO     | [Worker_9225] Processing: CAI-MED
2025-12-31 23:49:08,566 | INFO     |   Tier 0: Range 2, Chunk 1/5 (7 days)
2025-12-31 23:49:48,831 | INFO     | [Worker_9225] Completed: CAI-MED - 7 results, 0 errors
2025-12-31 23:49:48,832 | INFO     | [Worker_9225] Processing: HBE-JED
2025-12-31 23:49:48,832 | INFO     |   Tier 0: Range 1, Chunk 1/5 (7 days)
2025-12-31 23:51:27,224 | INFO     | [Worker_9225] Completed: HBE-JED - 7 results, 0 errors
2025-12-31 23:51:27,225 | INFO     | [Worker_9225] Processing: CAI-DMM
2025-12-31 23:51:27,226 | INFO     |   Tier 0: Range 1, Chunk 1/5 (7 days)
2025-12-31 23:52:00,098 | INFO     | [Worker_9225] Completed: CAI-DMM - 7 results, 0 errors
2025-12-31 23:52:00,099 | INFO     | [Worker_9225] Processing: ATZ-AJF
2025-12-31 23:52:00,100 | INFO     |   Tier 0: Range 1, Chunk 1/5 (7 days)
2025-12-31 23:52:17,886 | INFO     | [Worker_9225] Completed: ATZ-AJF - 7 results, 0 errors
2025-12-31 23:52:17,887 | INFO     | [Worker_9225] Processing: ATZ-AHB
2025-12-31 23:52:17,888 | INFO     |   Tier 0: Range 2, Chunk 1/5 (7 days)
2025-12-31 23:52:38,354 | INFO     | [Worker_9225] Completed: ATZ-AHB - 7 results, 0 errors
2025-12-31 23:52:38,355 | INFO     | [Worker_9225] Processing: ATZ-ELQ
2025-12-31 23:52:38,355 | INFO     |   Tier 0: Range 2, Chunk 1/5 (7 days)
2025-12-31 23:53:01,491 | INFO     | [Worker_9225] Completed: ATZ-ELQ - 7 results, 0 errors
2025-12-31 23:53:01,493 | INFO     | [Worker_9225] Processing: MED-ATZ
2025-12-31 23:53:01,494 | INFO     |   Tier 0: Range 2, Chunk 2/5 (6 days)
2025-12-31 23:53:38,109 | INFO     | [Worker_9225] Completed: MED-ATZ - 6 results, 0 errors
2025-12-31 23:53:38,111 | INFO     | [Worker_9225] Processing: JED-ATZ
2025-12-31 23:53:38,111 | INFO     |   Tier 0: Range 1, Chunk 2/5 (7 days)
2025-12-31 23:55:54,973 | INFO     | [Worker_9225] Completed: JED-ATZ - 7 results, 0 errors
2025-12-31 23:55:54,975 | INFO     | [Worker_9225] Processing: AHB-ATZ
2025-12-31 23:55:54,975 | INFO     |   Tier 0: Range 2, Chunk 2/5 (6 days)
2025-12-31 23:56:12,381 | INFO     | [Worker_9225] Completed: AHB-ATZ - 6 results, 0 errors
2025-12-31 23:56:12,382 | INFO     | [Worker_9225] Processing: ELQ-ATZ
2025-12-31 23:56:12,382 | INFO     |   Tier 0: Range 2, Chunk 2/5 (6 days)
2025-12-31 23:56:36,307 | INFO     | [Worker_9225] Completed: ELQ-ATZ - 6 results, 0 errors
2025-12-31 23:56:36,308 | INFO     | [Worker_9225] Processing: HBE-MED
2025-12-31 23:56:36,308 | INFO     |   Tier 0: Range 1, Chunk 2/5 (7 days)
2025-12-31 23:57:14,625 | INFO     | [Worker_9225] Completed: HBE-MED - 7 results, 0 errors
2025-12-31 23:57:14,626 | INFO     | [Worker_9225] Processing: ASW-JED
2025-12-31 23:57:14,626 | INFO     |   Tier 0: Range 2, Chunk 2/5 (6 days)
2025-12-31 23:57:26,004 | INFO     | [Worker_9225] Completed: ASW-JED - 6 results, 0 errors
2025-12-31 23:57:26,005 | INFO     | [Worker_9225] Processing: ASW-JED
2025-12-31 23:57:26,005 | INFO     |   Tier 0: Range 1, Chunk 2/5 (7 days)
2025-12-31 23:57:38,395 | INFO     | [Worker_9225] Completed: ASW-JED - 7 results, 0 errors
2025-12-31 23:57:38,396 | INFO     | [Worker_9225] Processing: CAI-RUH
2025-12-31 23:57:38,396 | INFO     |   Tier 0: Range 1, Chunk 2/5 (7 days)
2025-12-31 23:58:47,305 | INFO     | [Worker_9225] Completed: CAI-RUH - 7 results, 0 errors
2025-12-31 23:58:47,306 | INFO     | [Worker_9225] Processing: CAI-TUU
2025-12-31 23:58:47,306 | INFO     |   Tier 0: Range 1, Chunk 2/5 (7 days)
2025-12-31 23:59:14,865 | INFO     | [Worker_9225] Completed: CAI-TUU - 7 results, 0 errors
2025-12-31 23:59:14,866 | INFO     | [Worker_9225] Processing: CAI-YNB
2025-12-31 23:59:14,866 | INFO     |   Tier 0: Range 1, Chunk 2/5 (7 days)
2026-01-01 00:00:07,727 | INFO     | [Worker_9225] Completed: CAI-YNB - 7 results, 0 errors
2026-01-01 00:00:07,728 | INFO     | [Worker_9225] Processing: MED-HBE
2026-01-01 00:00:07,728 | INFO     |   Tier 0: Range 2, Chunk 3/5 (6 days)
2026-01-01 00:00:49,981 | INFO     | [Worker_9225] Completed: MED-HBE - 6 results, 0 errors
2026-01-01 00:00:49,982 | INFO     | [Worker_9225] Processing: DMM-CAI
2026-01-01 00:00:49,982 | INFO     |   Tier 0: Range 2, Chunk 3/5 (6 days)
2026-01-01 00:01:33,570 | INFO     | [Worker_9225] Completed: DMM-CAI - 6 results, 0 errors
2026-01-01 00:01:33,571 | INFO     | [Worker_9225] Processing: AJF-CAI
2026-01-01 00:01:33,571 | INFO     |   Tier 0: Range 2, Chunk 3/5 (6 days)
2026-01-01 00:02:03,649 | INFO     | [Worker_9225] Completed: AJF-CAI - 6 results, 0 errors
2026-01-01 00:02:03,650 | INFO     | [Worker_9225] Processing: CAI-MED
2026-01-01 00:02:03,651 | INFO     |   Tier 0: Range 2, Chunk 3/5 (6 days)
2026-01-01 00:02:38,388 | INFO     | [Worker_9225] Completed: CAI-MED - 6 results, 0 errors
2026-01-01 00:02:38,389 | INFO     | [Worker_9225] Processing: ASW-JED
2026-01-01 00:02:38,389 | INFO     |   Tier 0: Range 2, Chunk 3/5 (6 days)
2026-01-01 00:02:53,012 | INFO     | [Worker_9225] Completed: ASW-JED - 6 results, 0 errors
2026-01-01 00:02:53,014 | INFO     | [Worker_9225] Processing: CAI-DMM
2026-01-01 00:02:53,014 | INFO     |   Tier 0: Range 2, Chunk 3/5 (6 days)
2026-01-01 00:03:34,413 | INFO     | [Worker_9225] Completed: CAI-DMM - 6 results, 0 errors
2026-01-01 00:03:34,420 | INFO     | [Worker_9225] Processing: CAI-YNB
2026-01-01 00:03:34,420 | INFO     |   Tier 0: Range 2, Chunk 3/5 (6 days)
2026-01-01 00:04:21,957 | INFO     | [Worker_9225] Completed: CAI-YNB - 6 results, 0 errors
2026-01-01 00:04:21,958 | INFO     | [Worker_9225] Processing: JED-ASW
2026-01-01 00:04:21,958 | INFO     |   Tier 0: Range 1, Chunk 3/5 (6 days)
2026-01-01 00:05:54,409 | INFO     | [Worker_9225] Completed: JED-ASW - 6 results, 0 errors
2026-01-01 00:05:54,410 | INFO     | [Worker_9225] Processing: AHB-ATZ
2026-01-01 00:05:54,410 | INFO     |   Tier 0: Range 1, Chunk 3/5 (6 days)
2026-01-01 00:06:13,529 | INFO     | [Worker_9225] Completed: AHB-ATZ - 6 results, 0 errors
2026-01-01 00:06:13,530 | INFO     | [Worker_9225] Processing: CAI-MED
2026-01-01 00:06:13,531 | INFO     |   Tier 0: Range 1, Chunk 3/5 (6 days)
2026-01-01 00:06:47,381 | INFO     | [Worker_9225] Completed: CAI-MED - 6 results, 0 errors
2026-01-01 00:06:47,381 | INFO     | [Worker_9225] Processing: ASW-JED
2026-01-01 00:06:47,382 | INFO     |   Tier 0: Range 1, Chunk 3/5 (6 days)
2026-01-01 00:07:08,869 | INFO     | [Worker_9225] Completed: ASW-JED - 6 results, 0 errors
2026-01-01 00:07:08,870 | INFO     | [Worker_9225] Processing: ATZ-DMM
2026-01-01 00:07:08,870 | INFO     |   Tier 0: Range 1, Chunk 3/5 (6 days)
2026-01-01 00:07:34,521 | INFO     | [Worker_9225] Completed: ATZ-DMM - 6 results, 0 errors
2026-01-01 00:07:34,522 | INFO     | [Worker_9225] Processing: ATZ-AJF
2026-01-01 00:07:34,523 | INFO     |   Tier 0: Range 1, Chunk 3/5 (6 days)
2026-01-01 00:07:51,756 | INFO     | [Worker_9225] Completed: ATZ-AJF - 6 results, 0 errors
2026-01-01 00:07:51,757 | INFO     | [Worker_9225] Processing: ATZ-ELQ
2026-01-01 00:07:51,757 | INFO     |   Tier 0: Range 1, Chunk 3/5 (6 days)
2026-01-01 00:08:15,140 | INFO     | [Worker_9225] Completed: ATZ-ELQ - 6 results, 0 errors
2026-01-01 00:08:15,141 | INFO     | [Worker_9225] Processing: JED-ATZ
2026-01-01 00:08:15,141 | INFO     |   Tier 0: Range 2, Chunk 4/5 (6 days)
2026-01-01 00:10:18,944 | INFO     | [Worker_9225] Completed: JED-ATZ - 6 results, 0 errors
2026-01-01 00:10:18,945 | INFO     | [Worker_9225] Processing: ASW-JED
2026-01-01 00:10:18,945 | INFO     |   Tier 0: Range 2, Chunk 4/5 (6 days)
2026-01-01 00:10:35,954 | INFO     | [Worker_9225] Completed: ASW-JED - 6 results, 0 errors
2026-01-01 00:10:35,956 | INFO     | [Worker_9225] Processing: CAI-TUU
2026-01-01 00:10:35,956 | INFO     |   Tier 0: Range 2, Chunk 4/5 (6 days)
2026-01-01 00:11:03,981 | INFO     | [Worker_9225] Completed: CAI-TUU - 6 results, 0 errors
2026-01-01 00:11:03,982 | INFO     | [Worker_9225] Processing: CAI-YNB
2026-01-01 00:11:03,982 | INFO     |   Tier 0: Range 2, Chunk 4/5 (6 days)
2026-01-01 00:11:50,447 | INFO     | [Worker_9225] Completed: CAI-YNB - 6 results, 0 errors
2026-01-01 00:11:50,447 | INFO     | [Worker_9225] Processing: JED-HBE
2026-01-01 00:11:50,448 | INFO     |   Tier 0: Range 1, Chunk 4/5 (6 days)
2026-01-01 00:13:20,815 | INFO     | [Worker_9225] Completed: JED-HBE - 6 results, 0 errors
2026-01-01 00:13:20,816 | INFO     | [Worker_9225] Processing: AHB-ATZ
2026-01-01 00:13:20,816 | INFO     |   Tier 0: Range 1, Chunk 4/5 (6 days)
2026-01-01 00:13:37,481 | INFO     | [Worker_9225] Completed: AHB-ATZ - 6 results, 0 errors
2026-01-01 00:13:37,482 | INFO     | [Worker_9225] Processing: HBE-MED
2026-01-01 00:13:37,482 | INFO     |   Tier 0: Range 1, Chunk 4/5 (6 days)
2026-01-01 00:14:17,059 | INFO     | [Worker_9225] Completed: HBE-MED - 6 results, 0 errors
2026-01-01 00:14:17,060 | INFO     | [Worker_9225] Processing: CAI-DMM
2026-01-01 00:14:17,060 | INFO     |   Tier 0: Range 1, Chunk 4/5 (6 days)
2026-01-01 00:14:55,162 | INFO     | [Worker_9225] Completed: CAI-DMM - 6 results, 0 errors
2026-01-01 00:14:55,163 | INFO     | [Worker_9225] Processing: CAI-AHB
2026-01-01 00:14:55,163 | INFO     |   Tier 0: Range 1, Chunk 4/5 (6 days)
2026-01-01 00:15:28,644 | INFO     | [Worker_9225] Completed: CAI-AHB - 6 results, 0 errors
2026-01-01 00:15:28,646 | INFO     | [Worker_9225] Processing: MED-ATZ
2026-01-01 00:15:28,646 | INFO     |   Tier 0: Range 2, Chunk 5/5 (6 days)
2026-01-01 00:16:01,776 | INFO     | [Worker_9225] Completed: MED-ATZ - 5 results, 0 errors
2026-01-01 00:16:01,778 | INFO     | [Worker_9225] Processing: RUH-ATZ
2026-01-01 00:16:01,778 | INFO     |   Tier 0: Range 2, Chunk 5/5 (6 days)
2026-01-01 00:16:27,354 | INFO     | [Worker_9225] Completed: RUH-ATZ - 5 results, 0 errors
2026-01-01 00:16:27,355 | INFO     | [Worker_9225] Processing: TUU-CAI
2026-01-01 00:16:27,355 | INFO     |   Tier 0: Range 2, Chunk 5/5 (6 days)
2026-01-01 00:16:43,266 | INFO     | [Worker_9225] Completed: TUU-CAI - 5 results, 0 errors
2026-01-01 00:16:43,267 | INFO     | [Worker_9225] Processing: AJF-ATZ
2026-01-01 00:16:43,268 | INFO     |   Tier 0: Range 2, Chunk 5/5 (6 days)
2026-01-01 00:17:01,395 | INFO     | [Worker_9225] Completed: AJF-ATZ - 5 results, 0 errors
2026-01-01 00:17:01,397 | INFO     | [Worker_9225] Processing: ELQ-ATZ
2026-01-01 00:17:01,397 | INFO     |   Tier 0: Range 2, Chunk 5/5 (6 days)
2026-01-01 00:17:19,079 | INFO     | [Worker_9225] Completed: ELQ-ATZ - 5 results, 0 errors
2026-01-01 00:17:19,080 | INFO     | [Worker_9225] Processing: CAI-JED
2026-01-01 00:17:19,081 | INFO     |   Tier 0: Range 2, Chunk 5/5 (6 days)
2026-01-01 00:20:21,269 | INFO     | [Worker_9225] Completed: CAI-JED - 5 results, 0 errors
2026-01-01 00:20:21,271 | INFO     | [Worker_9225] Processing: ATZ-MED
2026-01-01 00:20:21,271 | INFO     |   Tier 0: Range 1, Chunk 5/5 (6 days)
2026-01-01 00:20:45,900 | INFO     | [Worker_9225] Completed: ATZ-MED - 5 results, 0 errors
2026-01-01 00:20:45,901 | INFO     | [Worker_9225] Processing: CAI-RUH
2026-01-01 00:20:45,901 | INFO     |   Tier 0: Range 1, Chunk 5/5 (6 days)
2026-01-01 00:21:28,527 | INFO     | [Worker_9225] Completed: CAI-RUH - 5 results, 0 errors
2026-01-01 00:21:28,530 | INFO     | [Worker_9225] Processing: CAI-ELQ
2026-01-01 00:21:28,530 | INFO     |   Tier 0: Range 1, Chunk 5/5 (6 days)
2026-01-01 00:21:46,780 | INFO     | [Worker_9225] Completed: CAI-ELQ - 5 results, 0 errors
2026-01-01 00:42:38,950 | INFO     | [Worker_9225] Shutdown signal received, exiting...
2026-01-01 00:42:38,952 | INFO     | [Worker_9225] Finished. Processed 69 groups.
