2026-01-01 08:15:58 | INFO     | ======================================================================
2026-01-01 08:15:58 | INFO     | Load Factor Scraper Started - Route: ATZ-AHB
2026-01-01 08:15:58 | INFO     | Log file: D:\CODERED\LAB\market_insights\outputs\run_generated_010126_at_08.01\logs\LF_ATZ-AHB_20260101_081558.log
2026-01-01 08:15:58 | INFO     | Enhanced logging: Capturing both logging.info() and print()
2026-01-01 08:15:58 | INFO     | ======================================================================
2026-01-01 08:15:58 | INFO     | Starting LF search for route: ATZ-AHB
2026-01-01 08:15:58 | INFO     | [START] LF Search
2026-01-01 08:16:00 | INFO     | [HEALTH CHECK] [OK] Chrome connection is healthy
2026-01-01 08:16:00 | INFO     | [DAY_START] Processing 06MAR
2026-01-01 08:16:00 | INFO     | [lf.day.start] Processing ATZ-AHB for 06MAR
2026-01-01 08:16:02 | INFO     | [lf.day.flights_found] Found 1 flights on 06MAR
2026-01-01 08:16:04 | INFO     | [lf.flight.extracted] SM445 on 06MAR: BKG=1, LF=0.6%
2026-01-01 08:16:08 | INFO     | [SUCCESS] Day 06MAR
2026-01-01 08:16:08 | INFO     | [DAY_START] Processing 05MAR
2026-01-01 08:16:08 | INFO     | [lf.day.start] Processing ATZ-AHB for 05MAR
2026-01-01 08:16:09 | WARNING  | [lf.day.no_flights] No direct flights on 05MAR
2026-01-01 08:16:09 | INFO     | [SUCCESS] Day 05MAR
2026-01-01 08:16:09 | INFO     | [DAY_START] Processing 04MAR
2026-01-01 08:16:09 | INFO     | [lf.day.start] Processing ATZ-AHB for 04MAR
2026-01-01 08:16:11 | WARNING  | [lf.day.no_flights] No direct flights on 04MAR
2026-01-01 08:16:11 | INFO     | [SUCCESS] Day 04MAR
2026-01-01 08:16:11 | INFO     | [DAY_START] Processing 03MAR
2026-01-01 08:16:11 | INFO     | [lf.day.start] Processing ATZ-AHB for 03MAR
2026-01-01 08:16:12 | WARNING  | [lf.day.no_flights] No direct flights on 03MAR
2026-01-01 08:16:12 | INFO     | [SUCCESS] Day 03MAR
2026-01-01 08:16:12 | INFO     | [DAY_START] Processing 02MAR
2026-01-01 08:16:12 | INFO     | [lf.day.start] Processing ATZ-AHB for 02MAR
2026-01-01 08:16:13 | WARNING  | [lf.day.no_flights] No direct flights on 02MAR
2026-01-01 08:16:13 | INFO     | [SUCCESS] Day 02MAR
2026-01-01 08:16:13 | INFO     | [DAY_START] Processing 01MAR
2026-01-01 08:16:13 | INFO     | [lf.day.start] Processing ATZ-AHB for 01MAR
2026-01-01 08:16:14 | WARNING  | [lf.day.no_flights] No direct flights on 01MAR
2026-01-01 08:16:14 | INFO     | [SUCCESS] Day 01MAR
2026-01-01 08:16:14 | INFO     | [SUCCESS] LF Search Complete
2026-01-01 08:16:16 | INFO     | [Worker_9224] Completed: ATZ-AHB - 6 results, 0 errors
2026-01-01 08:16:16 | INFO     | [Worker_9224] Processing: MED-HBE
2026-01-01 08:16:16 | INFO     |   Tier 0: Range 2, Chunk 1/4 (7 days)
