2026-01-01 08:15:01 | INFO     | ======================================================================
2026-01-01 08:15:01 | INFO     | Load Factor Scraper Started - Route: ATZ-JED
2026-01-01 08:15:01 | INFO     | Log file: D:\CODERED\LAB\market_insights\outputs\run_generated_010126_at_08.01\logs\LF_ATZ-JED_20260101_081501.log
2026-01-01 08:15:01 | INFO     | Enhanced logging: Capturing both logging.info() and print()
2026-01-01 08:15:01 | INFO     | ======================================================================
2026-01-01 08:15:01 | INFO     | Starting LF search for route: ATZ-JED
2026-01-01 08:15:01 | INFO     | [START] LF Search
2026-01-01 08:15:03 | INFO     | [HEALTH CHECK] [OK] Chrome connection is healthy
2026-01-01 08:15:03 | INFO     | [DAY_START] Processing 06MAR
2026-01-01 08:15:03 | INFO     | [lf.day.start] Processing ATZ-JED for 06MAR
2026-01-01 08:15:04 | INFO     | [lf.day.flights_found] Found 1 flights on 06MAR
2026-01-01 08:15:06 | INFO     | [lf.flight.extracted] SM491 on 06MAR: BKG=1, LF=0.6%
2026-01-01 08:15:09 | INFO     | [SUCCESS] Day 06MAR
2026-01-01 08:15:09 | INFO     | [DAY_START] Processing 05MAR
2026-01-01 08:15:09 | INFO     | [lf.day.start] Processing ATZ-JED for 05MAR
2026-01-01 08:15:10 | INFO     | [lf.day.flights_found] Found 2 flights on 05MAR
2026-01-01 08:15:12 | INFO     | [lf.flight.extracted] SM453 on 05MAR: BKG=2, LF=1.1%
2026-01-01 08:15:15 | INFO     | [lf.flight.extracted] SM455 on 05MAR: BKG=2, LF=1.1%
2026-01-01 08:15:19 | INFO     | [SUCCESS] Day 05MAR
2026-01-01 08:15:19 | INFO     | [DAY_START] Processing 04MAR
2026-01-01 08:15:19 | INFO     | [lf.day.start] Processing ATZ-JED for 04MAR
2026-01-01 08:15:19 | INFO     | [lf.day.flights_found] Found 3 flights on 04MAR
2026-01-01 08:15:22 | INFO     | [lf.flight.extracted] SM453 on 04MAR: BKG=0, LF=0.0%
2026-01-01 08:15:26 | INFO     | [lf.flight.extracted] SM491 on 04MAR: BKG=0, LF=0.0%
2026-01-01 08:15:30 | INFO     | [lf.flight.extracted] SM421 on 04MAR: BKG=1, LF=0.6%
2026-01-01 08:15:32 | INFO     | [SUCCESS] Day 04MAR
2026-01-01 08:15:32 | INFO     | [DAY_START] Processing 03MAR
2026-01-01 08:15:32 | INFO     | [lf.day.start] Processing ATZ-JED for 03MAR
2026-01-01 08:15:33 | INFO     | [lf.day.flights_found] Found 2 flights on 03MAR
2026-01-01 08:15:35 | INFO     | [lf.flight.extracted] SM453 on 03MAR: BKG=0, LF=0.0%
2026-01-01 08:15:39 | INFO     | [lf.flight.extracted] SM455 on 03MAR: BKG=1, LF=0.6%
2026-01-01 08:15:42 | INFO     | [SUCCESS] Day 03MAR
2026-01-01 08:15:42 | INFO     | [DAY_START] Processing 02MAR
2026-01-01 08:15:42 | INFO     | [lf.day.start] Processing ATZ-JED for 02MAR
2026-01-01 08:15:42 | INFO     | [lf.day.flights_found] Found 4 flights on 02MAR
2026-01-01 08:15:44 | INFO     | [lf.flight.extracted] SM491 on 02MAR: BKG=0, LF=0.0%
2026-01-01 08:15:48 | INFO     | [lf.flight.extracted] SM455 on 02MAR: BKG=0, LF=0.0%
2026-01-01 08:15:51 | INFO     | [lf.flight.extracted] SM421 on 02MAR: BKG=3, LF=1.7%
2026-01-01 08:15:55 | INFO     | [lf.flight.extracted] SM453 on 02MAR: BKG=1, LF=0.6%
2026-01-01 08:15:59 | INFO     | [SUCCESS] Day 02MAR
2026-01-01 08:15:59 | INFO     | [DAY_START] Processing 01MAR
2026-01-01 08:15:59 | INFO     | [lf.day.start] Processing ATZ-JED for 01MAR
2026-01-01 08:16:00 | INFO     | [lf.day.flights_found] Found 2 flights on 01MAR
2026-01-01 08:16:03 | INFO     | [lf.flight.extracted] SM491 on 01MAR: BKG=6, LF=3.4%
2026-01-01 08:16:07 | INFO     | [lf.flight.extracted] SM455 on 01MAR: BKG=0, LF=0.0%
2026-01-01 08:16:10 | INFO     | [SUCCESS] Day 01MAR
2026-01-01 08:16:10 | INFO     | [SUCCESS] LF Search Complete
2026-01-01 08:16:12 | INFO     | [Worker_9227] Completed: ATZ-JED - 6 results, 0 errors
2026-01-01 08:16:12 | INFO     | [Worker_9227] Processing: MED-CAI
2026-01-01 08:16:12 | INFO     |   Tier 0: Range 2, Chunk 1/4 (7 days)
