2026-01-01 08:04:48 | INFO     | ======================================================================
2026-01-01 08:04:48 | INFO     | Load Factor Scraper Started - Route: ATZ-ELQ
2026-01-01 08:04:48 | INFO     | Log file: D:\CODERED\LAB\market_insights\outputs\run_generated_010126_at_08.01\logs\LF_ATZ-ELQ_20260101_080448.log
2026-01-01 08:04:48 | INFO     | Enhanced logging: Capturing both logging.info() and print()
2026-01-01 08:04:48 | INFO     | ======================================================================
2026-01-01 08:04:48 | INFO     | Starting LF search for route: ATZ-ELQ
2026-01-01 08:04:48 | INFO     | [START] LF Search
2026-01-01 08:04:49 | INFO     | [HEALTH CHECK] [OK] Chrome connection is healthy
2026-01-01 08:04:49 | INFO     | [DAY_START] Processing 31MAR
2026-01-01 08:04:49 | INFO     | [lf.day.start] Processing ATZ-ELQ for 31MAR
2026-01-01 08:04:50 | WARNING  | [lf.day.no_flights] No direct flights on 31MAR
2026-01-01 08:04:50 | INFO     | [SUCCESS] Day 31MAR
2026-01-01 08:04:51 | INFO     | [DAY_START] Processing 30MAR
2026-01-01 08:04:51 | INFO     | [lf.day.start] Processing ATZ-ELQ for 30MAR
2026-01-01 08:04:51 | WARNING  | [lf.day.no_flights] No direct flights on 30MAR
2026-01-01 08:04:52 | INFO     | [SUCCESS] Day 30MAR
2026-01-01 08:04:52 | INFO     | [DAY_START] Processing 29MAR
2026-01-01 08:04:52 | INFO     | [lf.day.start] Processing ATZ-ELQ for 29MAR
2026-01-01 08:04:52 | WARNING  | [lf.day.no_flights] No direct flights on 29MAR
2026-01-01 08:04:53 | INFO     | [SUCCESS] Day 29MAR
2026-01-01 08:04:53 | INFO     | [DAY_START] Processing 28MAR
2026-01-01 08:04:53 | INFO     | [lf.day.start] Processing ATZ-ELQ for 28MAR
2026-01-01 08:04:53 | INFO     | [lf.day.flights_found] Found 1 flights on 28MAR
2026-01-01 08:04:55 | INFO     | [lf.flight.extracted] SM435 on 28MAR: BKG=19, LF=10.6%
2026-01-01 08:04:58 | INFO     | [SUCCESS] Day 28MAR
2026-01-01 08:04:58 | INFO     | [DAY_START] Processing 27MAR
2026-01-01 08:04:58 | INFO     | [lf.day.start] Processing ATZ-ELQ for 27MAR
2026-01-01 08:04:59 | WARNING  | [lf.day.no_flights] No direct flights on 27MAR
2026-01-01 08:04:59 | INFO     | [SUCCESS] Day 27MAR
2026-01-01 08:04:59 | INFO     | [DAY_START] Processing 26MAR
2026-01-01 08:04:59 | INFO     | [lf.day.start] Processing ATZ-ELQ for 26MAR
2026-01-01 08:05:00 | WARNING  | [lf.day.no_flights] No direct flights on 26MAR
2026-01-01 08:05:00 | INFO     | [SUCCESS] Day 26MAR
2026-01-01 08:05:00 | INFO     | [DAY_START] Processing 25MAR
2026-01-01 08:05:00 | INFO     | [lf.day.start] Processing ATZ-ELQ for 25MAR
2026-01-01 08:05:01 | WARNING  | [lf.day.no_flights] No direct flights on 25MAR
2026-01-01 08:05:01 | INFO     | [SUCCESS] Day 25MAR
2026-01-01 08:05:01 | INFO     | [SUCCESS] LF Search Complete
2026-01-01 08:05:03 | INFO     | [Worker_9225] Completed: ATZ-ELQ - 7 results, 0 errors
2026-01-01 08:05:03 | INFO     | [Worker_9225] Processing: MED-ATZ
2026-01-01 08:05:03 | INFO     |   Tier 0: Range 3, Chunk 2/5 (6 days)
