2026-01-01 08:23:25 | INFO     | ======================================================================
2026-01-01 08:23:25 | INFO     | Load Factor Scraper Started - Route: ATZ-TUU
2026-01-01 08:23:25 | INFO     | Log file: D:\CODERED\LAB\market_insights\outputs\run_generated_010126_at_08.01\logs\LF_ATZ-TUU_20260101_082325.log
2026-01-01 08:23:25 | INFO     | Enhanced logging: Capturing both logging.info() and print()
2026-01-01 08:23:25 | INFO     | ======================================================================
2026-01-01 08:23:25 | INFO     | Starting LF search for route: ATZ-TUU
2026-01-01 08:23:25 | INFO     | [START] LF Search
2026-01-01 08:23:27 | INFO     | [HEALTH CHECK] [OK] Chrome connection is healthy
2026-01-01 08:23:27 | INFO     | [DAY_START] Processing 21FEB
2026-01-01 08:23:27 | INFO     | [lf.day.start] Processing ATZ-TUU for 21FEB
2026-01-01 08:23:29 | WARNING  | [lf.day.no_flights] No direct flights on 21FEB
2026-01-01 08:23:29 | INFO     | [SUCCESS] Day 21FEB
2026-01-01 08:23:29 | INFO     | [DAY_START] Processing 20FEB
2026-01-01 08:23:29 | INFO     | [lf.day.start] Processing ATZ-TUU for 20FEB
2026-01-01 08:23:30 | INFO     | [lf.day.flights_found] Found 1 flights on 20FEB
2026-01-01 08:23:32 | INFO     | [lf.flight.extracted] SM327 on 20FEB: BKG=0, LF=0.0%
2026-01-01 08:23:33 | INFO     | [SUCCESS] Day 20FEB
2026-01-01 08:23:33 | INFO     | [DAY_START] Processing 19FEB
2026-01-01 08:23:33 | INFO     | [lf.day.start] Processing ATZ-TUU for 19FEB
2026-01-01 08:23:34 | WARNING  | [lf.day.no_flights] No direct flights on 19FEB
2026-01-01 08:23:34 | INFO     | [SUCCESS] Day 19FEB
2026-01-01 08:23:34 | INFO     | [DAY_START] Processing 18FEB
2026-01-01 08:23:34 | INFO     | [lf.day.start] Processing ATZ-TUU for 18FEB
2026-01-01 08:23:35 | WARNING  | [lf.day.no_flights] No direct flights on 18FEB
2026-01-01 08:23:35 | INFO     | [SUCCESS] Day 18FEB
2026-01-01 08:23:35 | INFO     | [DAY_START] Processing 17FEB
2026-01-01 08:23:35 | INFO     | [lf.day.start] Processing ATZ-TUU for 17FEB
2026-01-01 08:23:36 | WARNING  | [lf.day.no_flights] No direct flights on 17FEB
2026-01-01 08:23:36 | INFO     | [SUCCESS] Day 17FEB
2026-01-01 08:23:36 | INFO     | [DAY_START] Processing 16FEB
2026-01-01 08:23:36 | INFO     | [lf.day.start] Processing ATZ-TUU for 16FEB
2026-01-01 08:23:38 | WARNING  | [lf.day.no_flights] No direct flights on 16FEB
2026-01-01 08:23:38 | INFO     | [SUCCESS] Day 16FEB
2026-01-01 08:23:38 | INFO     | [DAY_START] Processing 15FEB
2026-01-01 08:23:38 | INFO     | [lf.day.start] Processing ATZ-TUU for 15FEB
2026-01-01 08:23:39 | WARNING  | [lf.day.no_flights] No direct flights on 15FEB
2026-01-01 08:23:39 | INFO     | [SUCCESS] Day 15FEB
2026-01-01 08:23:39 | INFO     | [SUCCESS] LF Search Complete
2026-01-01 08:23:41 | INFO     | [Worker_9223] Completed: ATZ-TUU - 7 results, 0 errors
2026-01-01 08:23:41 | INFO     | [Worker_9223] Processing: ATZ-AHB
2026-01-01 08:23:41 | INFO     |   Tier 0: Range 2, Chunk 2/4 (7 days)
