2026-01-01 08:45:27 | INFO     | ======================================================================
2026-01-01 08:45:27 | INFO     | Load Factor Scraper Started - Route: ATZ-RUH
2026-01-01 08:45:27 | INFO     | Log file: D:\CODERED\LAB\market_insights\outputs\run_generated_010126_at_08.01\logs\LF_ATZ-RUH_20260101_084527.log
2026-01-01 08:45:27 | INFO     | Enhanced logging: Capturing both logging.info() and print()
2026-01-01 08:45:27 | INFO     | ======================================================================
2026-01-01 08:45:27 | INFO     | Starting LF search for route: ATZ-RUH
2026-01-01 08:45:27 | INFO     | [START] LF Search
2026-01-01 08:45:28 | INFO     | [HEALTH CHECK] [OK] Chrome connection is healthy
2026-01-01 08:45:28 | INFO     | [DAY_START] Processing 12JAN
2026-01-01 08:45:28 | INFO     | [lf.day.start] Processing ATZ-RUH for 12JAN
2026-01-01 08:45:29 | WARNING  | [lf.day.no_flights] No direct flights on 12JAN
2026-01-01 08:45:29 | INFO     | [SUCCESS] Day 12JAN
2026-01-01 08:45:29 | INFO     | [DAY_START] Processing 11JAN
2026-01-01 08:45:29 | INFO     | [lf.day.start] Processing ATZ-RUH for 11JAN
2026-01-01 08:45:30 | INFO     | [lf.day.flights_found] Found 1 flights on 11JAN
2026-01-01 08:45:32 | INFO     | [lf.flight.extracted] SM463 on 11JAN: BKG=95, LF=53.1%
2026-01-01 08:45:38 | INFO     | [SUCCESS] Day 11JAN
2026-01-01 08:45:38 | INFO     | [DAY_START] Processing 10JAN
2026-01-01 08:45:38 | INFO     | [lf.day.start] Processing ATZ-RUH for 10JAN
2026-01-01 08:45:40 | WARNING  | [lf.day.no_flights] No direct flights on 10JAN
2026-01-01 08:45:40 | INFO     | [SUCCESS] Day 10JAN
2026-01-01 08:45:40 | INFO     | [DAY_START] Processing 09JAN
2026-01-01 08:45:40 | INFO     | [lf.day.start] Processing ATZ-RUH for 09JAN
2026-01-01 08:45:42 | WARNING  | [lf.day.no_flights] No direct flights on 09JAN
2026-01-01 08:45:42 | INFO     | [SUCCESS] Day 09JAN
2026-01-01 08:45:42 | INFO     | [DAY_START] Processing 08JAN
2026-01-01 08:45:42 | INFO     | [lf.day.start] Processing ATZ-RUH for 08JAN
2026-01-01 08:45:43 | WARNING  | [lf.day.no_flights] No direct flights on 08JAN
2026-01-01 08:45:43 | INFO     | [SUCCESS] Day 08JAN
2026-01-01 08:45:43 | INFO     | [DAY_START] Processing 07JAN
2026-01-01 08:45:43 | INFO     | [lf.day.start] Processing ATZ-RUH for 07JAN
2026-01-01 08:45:44 | INFO     | [lf.day.flights_found] Found 1 flights on 07JAN
2026-01-01 08:45:48 | INFO     | [lf.flight.extracted] SM465 on 07JAN: BKG=103, LF=57.5%
2026-01-01 08:45:55 | INFO     | [SUCCESS] Day 07JAN
2026-01-01 08:45:55 | INFO     | [SUCCESS] LF Search Complete
2026-01-01 08:45:57 | INFO     | [Worker_9233] Completed: ATZ-RUH - 6 results, 0 errors
2026-01-01 08:45:57 | INFO     | [Worker_9233] Processing: ATZ-TUU
2026-01-01 08:45:57 | INFO     |   Tier 0: Range 1, Chunk 4/5 (6 days)
