2026-01-01 08:14:38 | INFO     | ======================================================================
2026-01-01 08:14:38 | INFO     | Load Factor Scraper Started - Route: AHB-ATZ
2026-01-01 08:14:38 | INFO     | Log file: D:\CODERED\LAB\market_insights\outputs\run_generated_010126_at_08.01\logs\LF_AHB-ATZ_20260101_081438.log
2026-01-01 08:14:38 | INFO     | Enhanced logging: Capturing both logging.info() and print()
2026-01-01 08:14:38 | INFO     | ======================================================================
2026-01-01 08:14:38 | INFO     | Starting LF search for route: AHB-ATZ
2026-01-01 08:14:38 | INFO     | [START] LF Search
2026-01-01 08:14:39 | INFO     | [HEALTH CHECK] [OK] Chrome connection is healthy
2026-01-01 08:14:39 | INFO     | [DAY_START] Processing 06MAR
2026-01-01 08:14:39 | INFO     | [lf.day.start] Processing AHB-ATZ for 06MAR
2026-01-01 08:14:40 | INFO     | [lf.day.flights_found] Found 1 flights on 06MAR
2026-01-01 08:14:42 | INFO     | [lf.flight.extracted] SM446 on 06MAR: BKG=18, LF=10.8%
2026-01-01 08:14:45 | INFO     | [SUCCESS] Day 06MAR
2026-01-01 08:14:45 | INFO     | [DAY_START] Processing 05MAR
2026-01-01 08:14:45 | INFO     | [lf.day.start] Processing AHB-ATZ for 05MAR
2026-01-01 08:14:46 | WARNING  | [lf.day.no_flights] No direct flights on 05MAR
2026-01-01 08:14:46 | INFO     | [SUCCESS] Day 05MAR
2026-01-01 08:14:46 | INFO     | [DAY_START] Processing 04MAR
2026-01-01 08:14:46 | INFO     | [lf.day.start] Processing AHB-ATZ for 04MAR
2026-01-01 08:14:47 | WARNING  | [lf.day.no_flights] No direct flights on 04MAR
2026-01-01 08:14:47 | INFO     | [SUCCESS] Day 04MAR
2026-01-01 08:14:47 | INFO     | [DAY_START] Processing 03MAR
2026-01-01 08:14:47 | INFO     | [lf.day.start] Processing AHB-ATZ for 03MAR
2026-01-01 08:14:48 | WARNING  | [lf.day.no_flights] No direct flights on 03MAR
2026-01-01 08:14:48 | INFO     | [SUCCESS] Day 03MAR
2026-01-01 08:14:48 | INFO     | [DAY_START] Processing 02MAR
2026-01-01 08:14:48 | INFO     | [lf.day.start] Processing AHB-ATZ for 02MAR
2026-01-01 08:14:49 | WARNING  | [lf.day.no_flights] No direct flights on 02MAR
2026-01-01 08:14:50 | INFO     | [SUCCESS] Day 02MAR
2026-01-01 08:14:50 | INFO     | [DAY_START] Processing 01MAR
2026-01-01 08:14:50 | INFO     | [lf.day.start] Processing AHB-ATZ for 01MAR
2026-01-01 08:14:51 | WARNING  | [lf.day.no_flights] No direct flights on 01MAR
2026-01-01 08:14:51 | INFO     | [SUCCESS] Day 01MAR
2026-01-01 08:14:51 | INFO     | [SUCCESS] LF Search Complete
2026-01-01 08:14:53 | INFO     | [Worker_9226] Completed: AHB-ATZ - 6 results, 0 errors
2026-01-01 08:14:53 | INFO     | [Worker_9226] Processing: ATZ-MED
2026-01-01 08:14:53 | INFO     |   Tier 0: Range 3, Chunk 5/5 (6 days)
