2026-01-01 08:06:05 | INFO     | ======================================================================
2026-01-01 08:06:05 | INFO     | Load Factor Scraper Started - Route: AJF-ATZ
2026-01-01 08:06:05 | INFO     | Log file: D:\CODERED\LAB\market_insights\outputs\run_generated_010126_at_08.01\logs\LF_AJF-ATZ_20260101_080605.log
2026-01-01 08:06:05 | INFO     | Enhanced logging: Capturing both logging.info() and print()
2026-01-01 08:06:05 | INFO     | ======================================================================
2026-01-01 08:06:05 | INFO     | Starting LF search for route: AJF-ATZ
2026-01-01 08:06:05 | INFO     | [START] LF Search
2026-01-01 08:06:07 | INFO     | [HEALTH CHECK] [OK] Chrome connection is healthy
2026-01-01 08:06:07 | INFO     | [DAY_START] Processing 24MAR
2026-01-01 08:06:07 | INFO     | [lf.day.start] Processing AJF-ATZ for 24MAR
2026-01-01 08:06:08 | WARNING  | [lf.day.no_flights] No direct flights on 24MAR
2026-01-01 08:06:08 | INFO     | [SUCCESS] Day 24MAR
2026-01-01 08:06:08 | INFO     | [DAY_START] Processing 23MAR
2026-01-01 08:06:08 | INFO     | [lf.day.start] Processing AJF-ATZ for 23MAR
2026-01-01 08:06:09 | WARNING  | [lf.day.no_flights] No direct flights on 23MAR
2026-01-01 08:06:09 | INFO     | [SUCCESS] Day 23MAR
2026-01-01 08:06:09 | INFO     | [DAY_START] Processing 22MAR
2026-01-01 08:06:09 | INFO     | [lf.day.start] Processing AJF-ATZ for 22MAR
2026-01-01 08:06:10 | WARNING  | [lf.day.no_flights] No direct flights on 22MAR
2026-01-01 08:06:10 | INFO     | [SUCCESS] Day 22MAR
2026-01-01 08:06:10 | INFO     | [DAY_START] Processing 21MAR
2026-01-01 08:06:10 | INFO     | [lf.day.start] Processing AJF-ATZ for 21MAR
2026-01-01 08:06:12 | WARNING  | [lf.day.no_flights] No direct flights on 21MAR
2026-01-01 08:06:12 | INFO     | [SUCCESS] Day 21MAR
2026-01-01 08:06:12 | INFO     | [DAY_START] Processing 20MAR
2026-01-01 08:06:12 | INFO     | [lf.day.start] Processing AJF-ATZ for 20MAR
2026-01-01 08:06:13 | INFO     | [lf.day.flights_found] Found 1 flights on 20MAR
2026-01-01 08:06:15 | INFO     | [lf.flight.extracted] SM324 on 20MAR: BKG=0, LF=0.0%
2026-01-01 08:06:16 | INFO     | [SUCCESS] Day 20MAR
2026-01-01 08:06:16 | INFO     | [DAY_START] Processing 19MAR
2026-01-01 08:06:16 | INFO     | [lf.day.start] Processing AJF-ATZ for 19MAR
2026-01-01 08:06:17 | WARNING  | [lf.day.no_flights] No direct flights on 19MAR
2026-01-01 08:06:17 | INFO     | [SUCCESS] Day 19MAR
2026-01-01 08:06:17 | INFO     | [SUCCESS] LF Search Complete
2026-01-01 08:06:19 | INFO     | [Worker_9232] Completed: AJF-ATZ - 6 results, 0 errors
2026-01-01 08:06:19 | INFO     | [Worker_9232] Processing: GIZ-CAI
2026-01-01 08:06:19 | INFO     |   Tier 0: Range 3, Chunk 2/5 (6 days)
