2026-01-01 08:15:47 | INFO     | ======================================================================
2026-01-01 08:15:47 | INFO     | Load Factor Scraper Started - Route: ATZ-AJF
2026-01-01 08:15:47 | INFO     | Log file: D:\CODERED\LAB\market_insights\outputs\run_generated_010126_at_08.01\logs\LF_ATZ-AJF_20260101_081547.log
2026-01-01 08:15:47 | INFO     | Enhanced logging: Capturing both logging.info() and print()
2026-01-01 08:15:47 | INFO     | ======================================================================
2026-01-01 08:15:47 | INFO     | Starting LF search for route: ATZ-AJF
2026-01-01 08:15:47 | INFO     | [START] LF Search
2026-01-01 08:15:48 | INFO     | [HEALTH CHECK] [OK] Chrome connection is healthy
2026-01-01 08:15:48 | INFO     | [DAY_START] Processing 06MAR
2026-01-01 08:15:48 | INFO     | [lf.day.start] Processing ATZ-AJF for 06MAR
2026-01-01 08:15:49 | INFO     | [lf.day.flights_found] Found 1 flights on 06MAR
2026-01-01 08:15:51 | INFO     | [lf.flight.extracted] SM323 on 06MAR: BKG=0, LF=0.0%
2026-01-01 08:15:53 | INFO     | [SUCCESS] Day 06MAR
2026-01-01 08:15:53 | INFO     | [DAY_START] Processing 05MAR
2026-01-01 08:15:53 | INFO     | [lf.day.start] Processing ATZ-AJF for 05MAR
2026-01-01 08:15:54 | WARNING  | [lf.day.no_flights] No direct flights on 05MAR
2026-01-01 08:15:54 | INFO     | [SUCCESS] Day 05MAR
2026-01-01 08:15:54 | INFO     | [DAY_START] Processing 04MAR
2026-01-01 08:15:54 | INFO     | [lf.day.start] Processing ATZ-AJF for 04MAR
2026-01-01 08:15:55 | WARNING  | [lf.day.no_flights] No direct flights on 04MAR
2026-01-01 08:15:56 | INFO     | [SUCCESS] Day 04MAR
2026-01-01 08:15:56 | INFO     | [DAY_START] Processing 03MAR
2026-01-01 08:15:56 | INFO     | [lf.day.start] Processing ATZ-AJF for 03MAR
2026-01-01 08:15:57 | WARNING  | [lf.day.no_flights] No direct flights on 03MAR
2026-01-01 08:15:57 | INFO     | [SUCCESS] Day 03MAR
2026-01-01 08:15:57 | INFO     | [DAY_START] Processing 02MAR
2026-01-01 08:15:57 | INFO     | [lf.day.start] Processing ATZ-AJF for 02MAR
2026-01-01 08:15:58 | WARNING  | [lf.day.no_flights] No direct flights on 02MAR
2026-01-01 08:15:58 | INFO     | [SUCCESS] Day 02MAR
2026-01-01 08:15:58 | INFO     | [DAY_START] Processing 01MAR
2026-01-01 08:15:58 | INFO     | [lf.day.start] Processing ATZ-AJF for 01MAR
2026-01-01 08:16:00 | WARNING  | [lf.day.no_flights] No direct flights on 01MAR
2026-01-01 08:16:00 | INFO     | [SUCCESS] Day 01MAR
2026-01-01 08:16:00 | INFO     | [SUCCESS] LF Search Complete
2026-01-01 08:16:02 | INFO     | [Worker_9223] Completed: ATZ-AJF - 6 results, 0 errors
2026-01-01 08:16:02 | INFO     | [Worker_9223] Processing: CAI-ELQ
2026-01-01 08:16:02 | INFO     |   Tier 0: Range 3, Chunk 5/5 (6 days)
