2026-01-01 08:19:05 | INFO     | ======================================================================
2026-01-01 08:19:05 | INFO     | Load Factor Scraper Started - Route: ATZ-JED
2026-01-01 08:19:05 | INFO     | Log file: D:\CODERED\LAB\market_insights\outputs\run_generated_010126_at_08.01\logs\LF_ATZ-JED_20260101_081905.log
2026-01-01 08:19:05 | INFO     | Enhanced logging: Capturing both logging.info() and print()
2026-01-01 08:19:05 | INFO     | ======================================================================
2026-01-01 08:19:05 | INFO     | Starting LF search for route: ATZ-JED
2026-01-01 08:19:05 | INFO     | [START] LF Search
2026-01-01 08:19:06 | INFO     | [HEALTH CHECK] [OK] Chrome connection is healthy
2026-01-01 08:19:06 | INFO     | [DAY_START] Processing 28FEB
2026-01-01 08:19:06 | INFO     | [lf.day.start] Processing ATZ-JED for 28FEB
2026-01-01 08:19:07 | INFO     | [lf.day.flights_found] Found 3 flights on 28FEB
2026-01-01 08:19:09 | INFO     | [lf.flight.extracted] SM491 on 28FEB: BKG=0, LF=0.0%
2026-01-01 08:19:12 | INFO     | [lf.flight.extracted] SM453 on 28FEB: BKG=1, LF=0.6%
2026-01-01 08:19:16 | INFO     | [lf.flight.extracted] SM455 on 28FEB: BKG=8, LF=4.5%
2026-01-01 08:19:19 | INFO     | [SUCCESS] Day 28FEB
2026-01-01 08:19:19 | INFO     | [DAY_START] Processing 27FEB
2026-01-01 08:19:19 | INFO     | [lf.day.start] Processing ATZ-JED for 27FEB
2026-01-01 08:19:20 | INFO     | [lf.day.flights_found] Found 1 flights on 27FEB
2026-01-01 08:19:22 | INFO     | [lf.flight.extracted] SM491 on 27FEB: BKG=8, LF=4.5%
2026-01-01 08:19:25 | INFO     | [SUCCESS] Day 27FEB
2026-01-01 08:19:25 | INFO     | [DAY_START] Processing 26FEB
2026-01-01 08:19:25 | INFO     | [lf.day.start] Processing ATZ-JED for 26FEB
2026-01-01 08:19:26 | INFO     | [lf.day.flights_found] Found 2 flights on 26FEB
2026-01-01 08:19:28 | INFO     | [lf.flight.extracted] SM453 on 26FEB: BKG=1, LF=0.6%
2026-01-01 08:19:31 | INFO     | [lf.flight.extracted] SM455 on 26FEB: BKG=0, LF=0.0%
2026-01-01 08:19:33 | INFO     | [SUCCESS] Day 26FEB
2026-01-01 08:19:33 | INFO     | [DAY_START] Processing 25FEB
2026-01-01 08:19:33 | INFO     | [lf.day.start] Processing ATZ-JED for 25FEB
2026-01-01 08:19:34 | INFO     | [lf.day.flights_found] Found 3 flights on 25FEB
2026-01-01 08:19:36 | INFO     | [lf.flight.extracted] SM453 on 25FEB: BKG=0, LF=0.0%
2026-01-01 08:19:39 | INFO     | [lf.flight.extracted] SM491 on 25FEB: BKG=0, LF=0.0%
2026-01-01 08:19:42 | INFO     | [lf.flight.extracted] SM421 on 25FEB: BKG=1, LF=0.6%
2026-01-01 08:19:44 | INFO     | [SUCCESS] Day 25FEB
2026-01-01 08:19:44 | INFO     | [DAY_START] Processing 24FEB
2026-01-01 08:19:44 | INFO     | [lf.day.start] Processing ATZ-JED for 24FEB
2026-01-01 08:19:45 | INFO     | [lf.day.flights_found] Found 2 flights on 24FEB
2026-01-01 08:19:47 | INFO     | [lf.flight.extracted] SM453 on 24FEB: BKG=5, LF=2.8%
2026-01-01 08:19:50 | INFO     | [lf.flight.extracted] SM455 on 24FEB: BKG=0, LF=0.0%
2026-01-01 08:19:53 | INFO     | [SUCCESS] Day 24FEB
2026-01-01 08:19:53 | INFO     | [DAY_START] Processing 23FEB
2026-01-01 08:19:53 | INFO     | [lf.day.start] Processing ATZ-JED for 23FEB
2026-01-01 08:19:54 | INFO     | [lf.day.flights_found] Found 4 flights on 23FEB
2026-01-01 08:19:56 | INFO     | [lf.flight.extracted] SM491 on 23FEB: BKG=0, LF=0.0%
2026-01-01 08:19:59 | INFO     | [lf.flight.extracted] SM455 on 23FEB: BKG=0, LF=0.0%
2026-01-01 08:20:03 | INFO     | [lf.flight.extracted] SM453 on 23FEB: BKG=0, LF=0.0%
2026-01-01 08:20:06 | INFO     | [lf.flight.extracted] SM955 on 23FEB: BKG=0, LF=0.0%
2026-01-01 08:20:07 | INFO     | [SUCCESS] Day 23FEB
2026-01-01 08:20:07 | INFO     | [DAY_START] Processing 22FEB
2026-01-01 08:20:07 | INFO     | [lf.day.start] Processing ATZ-JED for 22FEB
2026-01-01 08:20:08 | INFO     | [lf.day.flights_found] Found 3 flights on 22FEB
2026-01-01 08:20:10 | INFO     | [lf.flight.extracted] SM491 on 22FEB: BKG=8, LF=4.5%
2026-01-01 08:20:17 | INFO     | [lf.flight.extracted] SM455 on 22FEB: BKG=2, LF=1.1%
2026-01-01 08:20:20 | INFO     | [lf.flight.extracted] SM953 on 22FEB: BKG=0, LF=0.0%
2026-01-01 08:20:24 | INFO     | [SUCCESS] Day 22FEB
2026-01-01 08:20:24 | INFO     | [SUCCESS] LF Search Complete
2026-01-01 08:20:27 | INFO     | [Worker_9224] Completed: ATZ-JED - 7 results, 0 errors
2026-01-01 08:20:27 | INFO     | [Worker_9224] Processing: MED-CAI
2026-01-01 08:20:27 | INFO     |   Tier 0: Range 2, Chunk 2/4 (7 days)
