2026-01-01 08:25:29 | INFO     | ======================================================================
2026-01-01 08:25:29 | INFO     | Load Factor Scraper Started - Route: AHB-ATZ
2026-01-01 08:25:29 | INFO     | Log file: D:\CODERED\LAB\market_insights\outputs\run_generated_010126_at_08.01\logs\LF_AHB-ATZ_20260101_082529.log
2026-01-01 08:25:29 | INFO     | Enhanced logging: Capturing both logging.info() and print()
2026-01-01 08:25:29 | INFO     | ======================================================================
2026-01-01 08:25:29 | INFO     | Starting LF search for route: AHB-ATZ
2026-01-01 08:25:29 | INFO     | [START] LF Search
2026-01-01 08:25:30 | INFO     | [HEALTH CHECK] [OK] Chrome connection is healthy
2026-01-01 08:25:30 | INFO     | [DAY_START] Processing 14FEB
2026-01-01 08:25:30 | INFO     | [lf.day.start] Processing AHB-ATZ for 14FEB
2026-01-01 08:25:31 | WARNING  | [lf.day.no_flights] No direct flights on 14FEB
2026-01-01 08:25:32 | INFO     | [SUCCESS] Day 14FEB
2026-01-01 08:25:32 | INFO     | [DAY_START] Processing 13FEB
2026-01-01 08:25:32 | INFO     | [lf.day.start] Processing AHB-ATZ for 13FEB
2026-01-01 08:25:33 | INFO     | [lf.day.flights_found] Found 1 flights on 13FEB
2026-01-01 08:25:35 | INFO     | [lf.flight.extracted] SM446 on 13FEB: BKG=18, LF=10.3%
2026-01-01 08:25:37 | ERROR    | Failed to load D:\CODERED\LAB\market_insights\outputs\run_generated_010126_at_08.01\checkpoints\flight_booking_data.json: Extra data: line 287 column 1 (char 7173)
2026-01-01 08:25:38 | INFO     | [SUCCESS] Day 13FEB
2026-01-01 08:25:38 | INFO     | [DAY_START] Processing 12FEB
2026-01-01 08:25:38 | INFO     | [lf.day.start] Processing AHB-ATZ for 12FEB
2026-01-01 08:25:39 | WARNING  | [lf.day.no_flights] No direct flights on 12FEB
2026-01-01 08:25:39 | INFO     | [SUCCESS] Day 12FEB
2026-01-01 08:25:39 | INFO     | [DAY_START] Processing 11FEB
2026-01-01 08:25:39 | INFO     | [lf.day.start] Processing AHB-ATZ for 11FEB
2026-01-01 08:25:40 | WARNING  | [lf.day.no_flights] No direct flights on 11FEB
2026-01-01 08:25:40 | INFO     | [SUCCESS] Day 11FEB
2026-01-01 08:25:40 | INFO     | [DAY_START] Processing 10FEB
2026-01-01 08:25:40 | INFO     | [lf.day.start] Processing AHB-ATZ for 10FEB
2026-01-01 08:25:41 | WARNING  | [lf.day.no_flights] No direct flights on 10FEB
2026-01-01 08:25:41 | INFO     | [SUCCESS] Day 10FEB
2026-01-01 08:25:41 | INFO     | [DAY_START] Processing 09FEB
2026-01-01 08:25:41 | INFO     | [lf.day.start] Processing AHB-ATZ for 09FEB
2026-01-01 08:25:42 | WARNING  | [lf.day.no_flights] No direct flights on 09FEB
2026-01-01 08:25:42 | INFO     | [SUCCESS] Day 09FEB
2026-01-01 08:25:42 | INFO     | [DAY_START] Processing 08FEB
2026-01-01 08:25:42 | INFO     | [lf.day.start] Processing AHB-ATZ for 08FEB
2026-01-01 08:25:43 | WARNING  | [lf.day.no_flights] No direct flights on 08FEB
2026-01-01 08:25:43 | INFO     | [SUCCESS] Day 08FEB
2026-01-01 08:25:43 | INFO     | [SUCCESS] LF Search Complete
2026-01-01 08:25:45 | INFO     | [Worker_9226] Completed: AHB-ATZ - 7 results, 0 errors
2026-01-01 08:25:45 | INFO     | [Worker_9226] Processing: GIZ-CAI
2026-01-01 08:25:45 | INFO     |   Tier 0: Range 2, Chunk 3/4 (7 days)
