2026-01-01 08:06:08 | INFO     | ======================================================================
2026-01-01 08:06:08 | INFO     | Load Factor Scraper Started - Route: AHB-CAI
2026-01-01 08:06:08 | INFO     | Log file: D:\CODERED\LAB\market_insights\outputs\run_generated_010126_at_08.01\logs\LF_AHB-CAI_20260101_080608.log
2026-01-01 08:06:08 | INFO     | Enhanced logging: Capturing both logging.info() and print()
2026-01-01 08:06:08 | INFO     | ======================================================================
2026-01-01 08:06:08 | INFO     | Starting LF search for route: AHB-CAI
2026-01-01 08:06:08 | INFO     | [START] LF Search
2026-01-01 08:06:10 | INFO     | [HEALTH CHECK] [OK] Chrome connection is healthy
2026-01-01 08:06:10 | INFO     | [DAY_START] Processing 24MAR
2026-01-01 08:06:10 | INFO     | [lf.day.start] Processing AHB-CAI for 24MAR
2026-01-01 08:06:11 | WARNING  | [lf.day.no_flights] No direct flights on 24MAR
2026-01-01 08:06:11 | INFO     | [SUCCESS] Day 24MAR
2026-01-01 08:06:11 | INFO     | [DAY_START] Processing 23MAR
2026-01-01 08:06:11 | INFO     | [lf.day.start] Processing AHB-CAI for 23MAR
2026-01-01 08:06:12 | WARNING  | [lf.day.no_flights] No direct flights on 23MAR
2026-01-01 08:06:12 | INFO     | [SUCCESS] Day 23MAR
2026-01-01 08:06:12 | INFO     | [DAY_START] Processing 22MAR
2026-01-01 08:06:12 | INFO     | [lf.day.start] Processing AHB-CAI for 22MAR
2026-01-01 08:06:13 | INFO     | [lf.day.flights_found] Found 1 flights on 22MAR
2026-01-01 08:06:15 | INFO     | [lf.flight.extracted] SM444 on 22MAR: BKG=17, LF=9.7%
2026-01-01 08:06:18 | INFO     | [SUCCESS] Day 22MAR
2026-01-01 08:06:18 | INFO     | [DAY_START] Processing 21MAR
2026-01-01 08:06:18 | INFO     | [lf.day.start] Processing AHB-CAI for 21MAR
2026-01-01 08:06:19 | WARNING  | [lf.day.no_flights] No direct flights on 21MAR
2026-01-01 08:06:20 | INFO     | [SUCCESS] Day 21MAR
2026-01-01 08:06:20 | INFO     | [DAY_START] Processing 20MAR
2026-01-01 08:06:20 | INFO     | [lf.day.start] Processing AHB-CAI for 20MAR
2026-01-01 08:06:21 | INFO     | [lf.day.flights_found] Found 1 flights on 20MAR
2026-01-01 08:06:23 | INFO     | [lf.flight.extracted] SM444 on 20MAR: BKG=2, LF=1.1%
2026-01-01 08:06:26 | INFO     | [SUCCESS] Day 20MAR
2026-01-01 08:06:26 | INFO     | [DAY_START] Processing 19MAR
2026-01-01 08:06:26 | INFO     | [lf.day.start] Processing AHB-CAI for 19MAR
2026-01-01 08:06:27 | INFO     | [lf.day.flights_found] Found 1 flights on 19MAR
2026-01-01 08:06:29 | INFO     | [lf.flight.extracted] SM448 on 19MAR: BKG=15, LF=8.6%
2026-01-01 08:06:32 | INFO     | [SUCCESS] Day 19MAR
2026-01-01 08:06:32 | INFO     | [SUCCESS] LF Search Complete
2026-01-01 08:06:34 | INFO     | [Worker_9225] Completed: AHB-CAI - 6 results, 0 errors
2026-01-01 08:06:34 | INFO     | [Worker_9225] Processing: CAI-JED
2026-01-01 08:06:34 | INFO     |   Tier 0: Range 3, Chunk 2/5 (6 days)
