2026-01-01 08:34:21 | INFO     | ======================================================================
2026-01-01 08:34:21 | INFO     | Load Factor Scraper Started - Route: ATZ-ELQ
2026-01-01 08:34:21 | INFO     | Log file: D:\CODERED\LAB\market_insights\outputs\run_generated_010126_at_08.01\logs\LF_ATZ-ELQ_20260101_083421.log
2026-01-01 08:34:21 | INFO     | Enhanced logging: Capturing both logging.info() and print()
2026-01-01 08:34:21 | INFO     | ======================================================================
2026-01-01 08:34:21 | INFO     | Starting LF search for route: ATZ-ELQ
2026-01-01 08:34:21 | INFO     | [START] LF Search
2026-01-01 08:34:22 | INFO     | [HEALTH CHECK] [OK] Chrome connection is healthy
2026-01-01 08:34:22 | INFO     | [DAY_START] Processing 31JAN
2026-01-01 08:34:22 | INFO     | [lf.day.start] Processing ATZ-ELQ for 31JAN
2026-01-01 08:34:23 | INFO     | [lf.day.flights_found] Found 1 flights on 31JAN
2026-01-01 08:34:25 | INFO     | [lf.flight.extracted] SM435 on 31JAN: BKG=5, LF=2.8%
2026-01-01 08:34:28 | INFO     | [SUCCESS] Day 31JAN
2026-01-01 08:34:28 | INFO     | [DAY_START] Processing 30JAN
2026-01-01 08:34:28 | INFO     | [lf.day.start] Processing ATZ-ELQ for 30JAN
2026-01-01 08:34:29 | WARNING  | [lf.day.no_flights] No direct flights on 30JAN
2026-01-01 08:34:29 | INFO     | [SUCCESS] Day 30JAN
2026-01-01 08:34:29 | INFO     | [DAY_START] Processing 29JAN
2026-01-01 08:34:29 | INFO     | [lf.day.start] Processing ATZ-ELQ for 29JAN
2026-01-01 08:34:30 | WARNING  | [lf.day.no_flights] No direct flights on 29JAN
2026-01-01 08:34:30 | INFO     | [SUCCESS] Day 29JAN
2026-01-01 08:34:30 | INFO     | [DAY_START] Processing 28JAN
2026-01-01 08:34:30 | INFO     | [lf.day.start] Processing ATZ-ELQ for 28JAN
2026-01-01 08:34:31 | WARNING  | [lf.day.no_flights] No direct flights on 28JAN
2026-01-01 08:34:32 | INFO     | [SUCCESS] Day 28JAN
2026-01-01 08:34:32 | INFO     | [DAY_START] Processing 27JAN
2026-01-01 08:34:32 | INFO     | [lf.day.start] Processing ATZ-ELQ for 27JAN
2026-01-01 08:34:32 | INFO     | [lf.day.flights_found] Found 1 flights on 27JAN
2026-01-01 08:34:35 | INFO     | [lf.flight.extracted] SM435 on 27JAN: BKG=11, LF=6.2%
2026-01-01 08:34:37 | INFO     | [SUCCESS] Day 27JAN
2026-01-01 08:34:37 | INFO     | [DAY_START] Processing 26JAN
2026-01-01 08:34:37 | INFO     | [lf.day.start] Processing ATZ-ELQ for 26JAN
2026-01-01 08:34:38 | WARNING  | [lf.day.no_flights] No direct flights on 26JAN
2026-01-01 08:34:39 | INFO     | [SUCCESS] Day 26JAN
2026-01-01 08:34:39 | INFO     | [DAY_START] Processing 25JAN
2026-01-01 08:34:39 | INFO     | [lf.day.start] Processing ATZ-ELQ for 25JAN
2026-01-01 08:34:40 | WARNING  | [lf.day.no_flights] No direct flights on 25JAN
2026-01-01 08:34:40 | INFO     | [SUCCESS] Day 25JAN
2026-01-01 08:34:40 | INFO     | [SUCCESS] LF Search Complete
2026-01-01 08:34:42 | INFO     | [Worker_9226] Completed: ATZ-ELQ - 7 results, 0 errors
2026-01-01 08:34:42 | INFO     | [Worker_9226] Processing: JED-CAI
2026-01-01 08:34:42 | INFO     |   Tier 0: Range 1, Chunk 2/5 (6 days)
