2026-01-01 08:14:27 | INFO     | ======================================================================
2026-01-01 08:14:27 | INFO     | Load Factor Scraper Started - Route: AHB-CAI
2026-01-01 08:14:27 | INFO     | Log file: D:\CODERED\LAB\market_insights\outputs\run_generated_010126_at_08.01\logs\LF_AHB-CAI_20260101_081427.log
2026-01-01 08:14:27 | INFO     | Enhanced logging: Capturing both logging.info() and print()
2026-01-01 08:14:27 | INFO     | ======================================================================
2026-01-01 08:14:27 | INFO     | Starting LF search for route: AHB-CAI
2026-01-01 08:14:27 | INFO     | [START] LF Search
2026-01-01 08:14:28 | INFO     | [HEALTH CHECK] [OK] Chrome connection is healthy
2026-01-01 08:14:29 | INFO     | [DAY_START] Processing 06MAR
2026-01-01 08:14:29 | INFO     | [lf.day.start] Processing AHB-CAI for 06MAR
2026-01-01 08:14:30 | INFO     | [lf.day.flights_found] Found 1 flights on 06MAR
2026-01-01 08:14:31 | INFO     | [lf.flight.extracted] SM444 on 06MAR: BKG=33, LF=18.9%
2026-01-01 08:14:35 | INFO     | [SUCCESS] Day 06MAR
2026-01-01 08:14:35 | INFO     | [DAY_START] Processing 05MAR
2026-01-01 08:14:35 | INFO     | [lf.day.start] Processing AHB-CAI for 05MAR
2026-01-01 08:14:36 | INFO     | [lf.day.flights_found] Found 1 flights on 05MAR
2026-01-01 08:14:37 | INFO     | [lf.flight.extracted] SM448 on 05MAR: BKG=37, LF=21.1%
2026-01-01 08:14:41 | INFO     | [SUCCESS] Day 05MAR
2026-01-01 08:14:41 | INFO     | [DAY_START] Processing 04MAR
2026-01-01 08:14:41 | INFO     | [lf.day.start] Processing AHB-CAI for 04MAR
2026-01-01 08:14:42 | WARNING  | [lf.day.no_flights] No direct flights on 04MAR
2026-01-01 08:14:42 | INFO     | [SUCCESS] Day 04MAR
2026-01-01 08:14:42 | INFO     | [DAY_START] Processing 03MAR
2026-01-01 08:14:42 | INFO     | [lf.day.start] Processing AHB-CAI for 03MAR
2026-01-01 08:14:43 | WARNING  | [lf.day.no_flights] No direct flights on 03MAR
2026-01-01 08:14:43 | INFO     | [SUCCESS] Day 03MAR
2026-01-01 08:14:43 | INFO     | [DAY_START] Processing 02MAR
2026-01-01 08:14:43 | INFO     | [lf.day.start] Processing AHB-CAI for 02MAR
2026-01-01 08:14:44 | WARNING  | [lf.day.no_flights] No direct flights on 02MAR
2026-01-01 08:14:44 | INFO     | [SUCCESS] Day 02MAR
2026-01-01 08:14:44 | INFO     | [DAY_START] Processing 01MAR
2026-01-01 08:14:44 | INFO     | [lf.day.start] Processing AHB-CAI for 01MAR
2026-01-01 08:14:45 | INFO     | [lf.day.flights_found] Found 1 flights on 01MAR
2026-01-01 08:14:47 | INFO     | [lf.flight.extracted] SM444 on 01MAR: BKG=24, LF=13.7%
2026-01-01 08:14:51 | INFO     | [SUCCESS] Day 01MAR
2026-01-01 08:14:51 | INFO     | [SUCCESS] LF Search Complete
2026-01-01 08:14:53 | INFO     | [Worker_9224] Completed: AHB-CAI - 6 results, 0 errors
2026-01-01 08:14:53 | INFO     | [Worker_9224] Processing: HBE-MED
2026-01-01 08:14:53 | INFO     |   Tier 0: Range 3, Chunk 5/5 (6 days)
