2026-01-01 08:03:13 | INFO     | ======================================================================
2026-01-01 08:03:13 | INFO     | Load Factor Scraper Started - Route: AHB-CAI
2026-01-01 08:03:13 | INFO     | Log file: D:\CODERED\LAB\market_insights\outputs\run_generated_010126_at_08.01\logs\LF_AHB-CAI_20260101_080313.log
2026-01-01 08:03:13 | INFO     | Enhanced logging: Capturing both logging.info() and print()
2026-01-01 08:03:13 | INFO     | ======================================================================
2026-01-01 08:03:13 | INFO     | Starting LF search for route: AHB-CAI
2026-01-01 08:03:13 | INFO     | [START] LF Search
2026-01-01 08:03:14 | INFO     | [HEALTH CHECK] [OK] Chrome connection is healthy
2026-01-01 08:03:14 | INFO     | [DAY_START] Processing 31MAR
2026-01-01 08:03:14 | INFO     | [lf.day.start] Processing AHB-CAI for 31MAR
2026-01-01 08:03:15 | WARNING  | [lf.day.no_flights] No direct flights on 31MAR
2026-01-01 08:03:15 | INFO     | [SUCCESS] Day 31MAR
2026-01-01 08:03:15 | INFO     | [DAY_START] Processing 30MAR
2026-01-01 08:03:15 | INFO     | [lf.day.start] Processing AHB-CAI for 30MAR
2026-01-01 08:03:16 | INFO     | [lf.day.flights_found] Found 1 flights on 30MAR
2026-01-01 08:03:18 | INFO     | [lf.flight.extracted] SM444 on 30MAR: BKG=3, LF=1.7%
2026-01-01 08:03:21 | INFO     | [SUCCESS] Day 30MAR
2026-01-01 08:03:21 | INFO     | [DAY_START] Processing 29MAR
2026-01-01 08:03:21 | INFO     | [lf.day.start] Processing AHB-CAI for 29MAR
2026-01-01 08:03:22 | INFO     | [lf.day.flights_found] Found 1 flights on 29MAR
2026-01-01 08:03:24 | INFO     | [lf.flight.extracted] SM444 on 29MAR: BKG=5, LF=2.9%
2026-01-01 08:03:27 | INFO     | [SUCCESS] Day 29MAR
2026-01-01 08:03:27 | INFO     | [DAY_START] Processing 28MAR
2026-01-01 08:03:27 | INFO     | [lf.day.start] Processing AHB-CAI for 28MAR
2026-01-01 08:03:28 | WARNING  | [lf.day.no_flights] No direct flights on 28MAR
2026-01-01 08:03:28 | INFO     | [SUCCESS] Day 28MAR
2026-01-01 08:03:28 | INFO     | [DAY_START] Processing 27MAR
2026-01-01 08:03:28 | INFO     | [lf.day.start] Processing AHB-CAI for 27MAR
2026-01-01 08:03:29 | INFO     | [lf.day.flights_found] Found 1 flights on 27MAR
2026-01-01 08:03:31 | INFO     | [lf.flight.extracted] SM444 on 27MAR: BKG=0, LF=0.0%
2026-01-01 08:03:32 | INFO     | [SUCCESS] Day 27MAR
2026-01-01 08:03:32 | INFO     | [DAY_START] Processing 26MAR
2026-01-01 08:03:32 | INFO     | [lf.day.start] Processing AHB-CAI for 26MAR
2026-01-01 08:03:33 | INFO     | [lf.day.flights_found] Found 1 flights on 26MAR
2026-01-01 08:03:35 | INFO     | [lf.flight.extracted] SM448 on 26MAR: BKG=8, LF=4.6%
2026-01-01 08:03:38 | INFO     | [SUCCESS] Day 26MAR
2026-01-01 08:03:38 | INFO     | [DAY_START] Processing 25MAR
2026-01-01 08:03:38 | INFO     | [lf.day.start] Processing AHB-CAI for 25MAR
2026-01-01 08:03:38 | WARNING  | [lf.day.no_flights] No direct flights on 25MAR
2026-01-01 08:03:39 | INFO     | [SUCCESS] Day 25MAR
2026-01-01 08:03:39 | INFO     | [SUCCESS] LF Search Complete
2026-01-01 08:03:41 | INFO     | [Worker_9234] Completed: AHB-CAI - 7 results, 0 errors
2026-01-01 08:03:41 | INFO     | [Worker_9234] Processing: HBE-JED
2026-01-01 08:03:41 | INFO     |   Tier 0: Range 3, Chunk 1/5 (7 days)
