2026-01-01 08:30:22 | INFO     | ======================================================================
2026-01-01 08:30:22 | INFO     | Load Factor Scraper Started - Route: ATZ-TUU
2026-01-01 08:30:22 | INFO     | Log file: D:\CODERED\LAB\market_insights\outputs\run_generated_010126_at_08.01\logs\LF_ATZ-TUU_20260101_083022.log
2026-01-01 08:30:22 | INFO     | Enhanced logging: Capturing both logging.info() and print()
2026-01-01 08:30:22 | INFO     | ======================================================================
2026-01-01 08:30:22 | INFO     | Starting LF search for route: ATZ-TUU
2026-01-01 08:30:22 | INFO     | [START] LF Search
2026-01-01 08:30:23 | INFO     | [HEALTH CHECK] [OK] Chrome connection is healthy
2026-01-01 08:30:23 | INFO     | [DAY_START] Processing 07FEB
2026-01-01 08:30:23 | INFO     | [lf.day.start] Processing ATZ-TUU for 07FEB
2026-01-01 08:30:24 | WARNING  | [lf.day.no_flights] No direct flights on 07FEB
2026-01-01 08:30:24 | INFO     | [SUCCESS] Day 07FEB
2026-01-01 08:30:24 | INFO     | [DAY_START] Processing 06FEB
2026-01-01 08:30:24 | INFO     | [lf.day.start] Processing ATZ-TUU for 06FEB
2026-01-01 08:30:25 | INFO     | [lf.day.flights_found] Found 1 flights on 06FEB
2026-01-01 08:30:27 | INFO     | [lf.flight.extracted] SM327 on 06FEB: BKG=6, LF=3.4%
2026-01-01 08:30:30 | INFO     | [SUCCESS] Day 06FEB
2026-01-01 08:30:30 | INFO     | [DAY_START] Processing 05FEB
2026-01-01 08:30:30 | INFO     | [lf.day.start] Processing ATZ-TUU for 05FEB
2026-01-01 08:30:31 | WARNING  | [lf.day.no_flights] No direct flights on 05FEB
2026-01-01 08:30:31 | INFO     | [SUCCESS] Day 05FEB
2026-01-01 08:30:31 | INFO     | [DAY_START] Processing 04FEB
2026-01-01 08:30:31 | INFO     | [lf.day.start] Processing ATZ-TUU for 04FEB
2026-01-01 08:30:32 | WARNING  | [lf.day.no_flights] No direct flights on 04FEB
2026-01-01 08:30:32 | INFO     | [SUCCESS] Day 04FEB
2026-01-01 08:30:32 | INFO     | [DAY_START] Processing 03FEB
2026-01-01 08:30:32 | INFO     | [lf.day.start] Processing ATZ-TUU for 03FEB
2026-01-01 08:30:33 | WARNING  | [lf.day.no_flights] No direct flights on 03FEB
2026-01-01 08:30:33 | INFO     | [SUCCESS] Day 03FEB
2026-01-01 08:30:33 | INFO     | [DAY_START] Processing 02FEB
2026-01-01 08:30:33 | INFO     | [lf.day.start] Processing ATZ-TUU for 02FEB
2026-01-01 08:30:34 | WARNING  | [lf.day.no_flights] No direct flights on 02FEB
2026-01-01 08:30:34 | INFO     | [SUCCESS] Day 02FEB
2026-01-01 08:30:34 | INFO     | [DAY_START] Processing 01FEB
2026-01-01 08:30:34 | INFO     | [lf.day.start] Processing ATZ-TUU for 01FEB
2026-01-01 08:30:35 | WARNING  | [lf.day.no_flights] No direct flights on 01FEB
2026-01-01 08:30:35 | INFO     | [SUCCESS] Day 01FEB
2026-01-01 08:30:35 | INFO     | [SUCCESS] LF Search Complete
2026-01-01 08:30:37 | INFO     | [Worker_9227] Completed: ATZ-TUU - 7 results, 0 errors
2026-01-01 08:30:37 | INFO     | [Worker_9227] Processing: CAI-AHB
2026-01-01 08:30:37 | INFO     |   Tier 0: Range 2, Chunk 4/4 (7 days)
