2026-01-01 08:20:08 | INFO     | ======================================================================
2026-01-01 08:20:08 | INFO     | Load Factor Scraper Started - Route: ATZ-AHB
2026-01-01 08:20:08 | INFO     | Log file: D:\CODERED\LAB\market_insights\outputs\run_generated_010126_at_08.01\logs\LF_ATZ-AHB_20260101_082008.log
2026-01-01 08:20:08 | INFO     | Enhanced logging: Capturing both logging.info() and print()
2026-01-01 08:20:08 | INFO     | ======================================================================
2026-01-01 08:20:08 | INFO     | Starting LF search for route: ATZ-AHB
2026-01-01 08:20:08 | INFO     | [START] LF Search
2026-01-01 08:20:10 | INFO     | [HEALTH CHECK] [OK] Chrome connection is healthy
2026-01-01 08:20:10 | INFO     | [DAY_START] Processing 28FEB
2026-01-01 08:20:10 | INFO     | [lf.day.start] Processing ATZ-AHB for 28FEB
2026-01-01 08:20:14 | WARNING  | [lf.day.no_flights] No direct flights on 28FEB
2026-01-01 08:20:15 | INFO     | [SUCCESS] Day 28FEB
2026-01-01 08:20:15 | INFO     | [DAY_START] Processing 27FEB
2026-01-01 08:20:15 | INFO     | [lf.day.start] Processing ATZ-AHB for 27FEB
2026-01-01 08:20:16 | INFO     | [lf.day.flights_found] Found 1 flights on 27FEB
2026-01-01 08:20:18 | INFO     | [lf.flight.extracted] SM445 on 27FEB: BKG=0, LF=0.0%
2026-01-01 08:20:19 | INFO     | [SUCCESS] Day 27FEB
2026-01-01 08:20:19 | INFO     | [DAY_START] Processing 26FEB
2026-01-01 08:20:19 | INFO     | [lf.day.start] Processing ATZ-AHB for 26FEB
2026-01-01 08:20:20 | WARNING  | [lf.day.no_flights] No direct flights on 26FEB
2026-01-01 08:20:20 | INFO     | [SUCCESS] Day 26FEB
2026-01-01 08:20:20 | INFO     | [DAY_START] Processing 25FEB
2026-01-01 08:20:20 | INFO     | [lf.day.start] Processing ATZ-AHB for 25FEB
2026-01-01 08:20:21 | WARNING  | [lf.day.no_flights] No direct flights on 25FEB
2026-01-01 08:20:21 | INFO     | [SUCCESS] Day 25FEB
2026-01-01 08:20:21 | INFO     | [DAY_START] Processing 24FEB
2026-01-01 08:20:21 | INFO     | [lf.day.start] Processing ATZ-AHB for 24FEB
2026-01-01 08:20:22 | WARNING  | [lf.day.no_flights] No direct flights on 24FEB
2026-01-01 08:20:23 | INFO     | [SUCCESS] Day 24FEB
2026-01-01 08:20:23 | INFO     | [DAY_START] Processing 23FEB
2026-01-01 08:20:23 | INFO     | [lf.day.start] Processing ATZ-AHB for 23FEB
2026-01-01 08:20:24 | WARNING  | [lf.day.no_flights] No direct flights on 23FEB
2026-01-01 08:20:24 | INFO     | [SUCCESS] Day 23FEB
2026-01-01 08:20:24 | INFO     | [DAY_START] Processing 22FEB
2026-01-01 08:20:24 | INFO     | [lf.day.start] Processing ATZ-AHB for 22FEB
2026-01-01 08:20:25 | WARNING  | [lf.day.no_flights] No direct flights on 22FEB
2026-01-01 08:20:25 | INFO     | [SUCCESS] Day 22FEB
2026-01-01 08:20:25 | INFO     | [SUCCESS] LF Search Complete
2026-01-01 08:20:27 | INFO     | [Worker_9234] Completed: ATZ-AHB - 7 results, 0 errors
2026-01-01 08:20:27 | INFO     | [Worker_9234] Processing: MED-HBE
2026-01-01 08:20:27 | INFO     |   Tier 0: Range 2, Chunk 2/4 (7 days)
