2026-01-01 08:39:53 | INFO     | ======================================================================
2026-01-01 08:39:53 | INFO     | Load Factor Scraper Started - Route: AHB-CAI
2026-01-01 08:39:53 | INFO     | Log file: D:\CODERED\LAB\market_insights\outputs\run_generated_010126_at_08.01\logs\LF_AHB-CAI_20260101_083953.log
2026-01-01 08:39:53 | INFO     | Enhanced logging: Capturing both logging.info() and print()
2026-01-01 08:39:53 | INFO     | ======================================================================
2026-01-01 08:39:53 | INFO     | Starting LF search for route: AHB-CAI
2026-01-01 08:39:53 | INFO     | [START] LF Search
2026-01-01 08:39:54 | INFO     | [HEALTH CHECK] [OK] Chrome connection is healthy
2026-01-01 08:39:55 | INFO     | [DAY_START] Processing 18JAN
2026-01-01 08:39:55 | INFO     | [lf.day.start] Processing AHB-CAI for 18JAN
2026-01-01 08:39:56 | INFO     | [lf.day.flights_found] Found 1 flights on 18JAN
2026-01-01 08:39:59 | INFO     | [lf.flight.extracted] SM444 on 18JAN: BKG=27, LF=15.4%
2026-01-01 08:40:03 | INFO     | [SUCCESS] Day 18JAN
2026-01-01 08:40:03 | INFO     | [DAY_START] Processing 17JAN
2026-01-01 08:40:03 | INFO     | [lf.day.start] Processing AHB-CAI for 17JAN
2026-01-01 08:40:04 | WARNING  | [lf.day.no_flights] No direct flights on 17JAN
2026-01-01 08:40:04 | INFO     | [SUCCESS] Day 17JAN
2026-01-01 08:40:04 | INFO     | [DAY_START] Processing 16JAN
2026-01-01 08:40:04 | INFO     | [lf.day.start] Processing AHB-CAI for 16JAN
2026-01-01 08:40:05 | INFO     | [lf.day.flights_found] Found 1 flights on 16JAN
2026-01-01 08:40:08 | INFO     | [lf.flight.extracted] SM444 on 16JAN: BKG=51, LF=29.1%
2026-01-01 08:40:13 | INFO     | [SUCCESS] Day 16JAN
2026-01-01 08:40:13 | INFO     | [DAY_START] Processing 15JAN
2026-01-01 08:40:13 | INFO     | [lf.day.start] Processing AHB-CAI for 15JAN
2026-01-01 08:40:15 | INFO     | [lf.day.flights_found] Found 1 flights on 15JAN
2026-01-01 08:40:17 | INFO     | [lf.flight.extracted] SM448 on 15JAN: BKG=61, LF=34.9%
2026-01-01 08:40:23 | INFO     | [SUCCESS] Day 15JAN
2026-01-01 08:40:23 | INFO     | [DAY_START] Processing 14JAN
2026-01-01 08:40:23 | INFO     | [lf.day.start] Processing AHB-CAI for 14JAN
2026-01-01 08:40:24 | WARNING  | [lf.day.no_flights] No direct flights on 14JAN
2026-01-01 08:40:24 | INFO     | [SUCCESS] Day 14JAN
2026-01-01 08:40:24 | INFO     | [DAY_START] Processing 13JAN
2026-01-01 08:40:24 | INFO     | [lf.day.start] Processing AHB-CAI for 13JAN
2026-01-01 08:40:25 | WARNING  | [lf.day.no_flights] No direct flights on 13JAN
2026-01-01 08:40:25 | INFO     | [SUCCESS] Day 13JAN
2026-01-01 08:40:25 | INFO     | [SUCCESS] LF Search Complete
2026-01-01 08:40:27 | INFO     | [Worker_9232] Completed: AHB-CAI - 6 results, 0 errors
2026-01-01 08:40:27 | INFO     | [Worker_9232] Processing: HBE-MED
2026-01-01 08:40:27 | INFO     |   Tier 0: Range 1, Chunk 3/5 (6 days)
