2026-01-01 08:28:56 | INFO     | ======================================================================
2026-01-01 08:28:56 | INFO     | Load Factor Scraper Started - Route: AHB-CAI
2026-01-01 08:28:56 | INFO     | Log file: D:\CODERED\LAB\market_insights\outputs\run_generated_010126_at_08.01\logs\LF_AHB-CAI_20260101_082856.log
2026-01-01 08:28:56 | INFO     | Enhanced logging: Capturing both logging.info() and print()
2026-01-01 08:28:56 | INFO     | ======================================================================
2026-01-01 08:28:56 | INFO     | Starting LF search for route: AHB-CAI
2026-01-01 08:28:56 | INFO     | [START] LF Search
2026-01-01 08:28:57 | INFO     | [HEALTH CHECK] [OK] Chrome connection is healthy
2026-01-01 08:28:57 | INFO     | [DAY_START] Processing 07FEB
2026-01-01 08:28:57 | INFO     | [lf.day.start] Processing AHB-CAI for 07FEB
2026-01-01 08:28:58 | WARNING  | [lf.day.no_flights] No direct flights on 07FEB
2026-01-01 08:28:58 | INFO     | [SUCCESS] Day 07FEB
2026-01-01 08:28:58 | INFO     | [DAY_START] Processing 06FEB
2026-01-01 08:28:58 | INFO     | [lf.day.start] Processing AHB-CAI for 06FEB
2026-01-01 08:29:00 | INFO     | [lf.day.flights_found] Found 1 flights on 06FEB
2026-01-01 08:29:02 | INFO     | [lf.flight.extracted] SM444 on 06FEB: BKG=9, LF=5.1%
2026-01-01 08:29:05 | INFO     | [SUCCESS] Day 06FEB
2026-01-01 08:29:05 | INFO     | [DAY_START] Processing 05FEB
2026-01-01 08:29:05 | INFO     | [lf.day.start] Processing AHB-CAI for 05FEB
2026-01-01 08:29:06 | INFO     | [lf.day.flights_found] Found 1 flights on 05FEB
2026-01-01 08:29:08 | INFO     | [lf.flight.extracted] SM448 on 05FEB: BKG=10, LF=5.7%
2026-01-01 08:29:11 | INFO     | [SUCCESS] Day 05FEB
2026-01-01 08:29:11 | INFO     | [DAY_START] Processing 04FEB
2026-01-01 08:29:11 | INFO     | [lf.day.start] Processing AHB-CAI for 04FEB
2026-01-01 08:29:12 | WARNING  | [lf.day.no_flights] No direct flights on 04FEB
2026-01-01 08:29:12 | INFO     | [SUCCESS] Day 04FEB
2026-01-01 08:29:12 | INFO     | [DAY_START] Processing 03FEB
2026-01-01 08:29:12 | INFO     | [lf.day.start] Processing AHB-CAI for 03FEB
2026-01-01 08:29:13 | WARNING  | [lf.day.no_flights] No direct flights on 03FEB
2026-01-01 08:29:14 | INFO     | [SUCCESS] Day 03FEB
2026-01-01 08:29:14 | INFO     | [DAY_START] Processing 02FEB
2026-01-01 08:29:14 | INFO     | [lf.day.start] Processing AHB-CAI for 02FEB
2026-01-01 08:29:15 | WARNING  | [lf.day.no_flights] No direct flights on 02FEB
2026-01-01 08:29:15 | INFO     | [SUCCESS] Day 02FEB
2026-01-01 08:29:15 | INFO     | [DAY_START] Processing 01FEB
2026-01-01 08:29:15 | INFO     | [lf.day.start] Processing AHB-CAI for 01FEB
2026-01-01 08:29:16 | INFO     | [lf.day.flights_found] Found 1 flights on 01FEB
2026-01-01 08:29:18 | INFO     | [lf.flight.extracted] SM444 on 01FEB: BKG=13, LF=7.9%
2026-01-01 08:29:21 | INFO     | [SUCCESS] Day 01FEB
2026-01-01 08:29:21 | INFO     | [SUCCESS] LF Search Complete
2026-01-01 08:29:23 | INFO     | [Worker_9222] Completed: AHB-CAI - 7 results, 0 errors
2026-01-01 08:29:23 | INFO     | [Worker_9222] Processing: CAI-JED
2026-01-01 08:29:23 | INFO     |   Tier 0: Range 2, Chunk 4/4 (7 days)
