2026-01-01 08:36:23 | INFO     | ======================================================================
2026-01-01 08:36:23 | INFO     | Load Factor Scraper Started - Route: ATZ-MED
2026-01-01 08:36:23 | INFO     | Log file: D:\CODERED\LAB\market_insights\outputs\run_generated_010126_at_08.01\logs\LF_ATZ-MED_20260101_083623.log
2026-01-01 08:36:23 | INFO     | Enhanced logging: Capturing both logging.info() and print()
2026-01-01 08:36:23 | INFO     | ======================================================================
2026-01-01 08:36:23 | INFO     | Starting LF search for route: ATZ-MED
2026-01-01 08:36:23 | INFO     | [START] LF Search
2026-01-01 08:36:24 | INFO     | [HEALTH CHECK] [OK] Chrome connection is healthy
2026-01-01 08:36:24 | INFO     | [DAY_START] Processing 24JAN
2026-01-01 08:36:24 | INFO     | [lf.day.start] Processing ATZ-MED for 24JAN
2026-01-01 08:36:25 | INFO     | [lf.day.flights_found] Found 1 flights on 24JAN
2026-01-01 08:36:28 | INFO     | [lf.flight.extracted] SM487 on 24JAN: BKG=189, LF=105.6%
2026-01-01 08:36:30 | INFO     | [SUCCESS] Day 24JAN
2026-01-01 08:36:30 | INFO     | [DAY_START] Processing 23JAN
2026-01-01 08:36:30 | INFO     | [lf.day.start] Processing ATZ-MED for 23JAN
2026-01-01 08:36:31 | WARNING  | [lf.day.no_flights] No direct flights on 23JAN
2026-01-01 08:36:32 | INFO     | [SUCCESS] Day 23JAN
2026-01-01 08:36:32 | INFO     | [DAY_START] Processing 22JAN
2026-01-01 08:36:32 | INFO     | [lf.day.start] Processing ATZ-MED for 22JAN
2026-01-01 08:36:33 | WARNING  | [lf.day.no_flights] No direct flights on 22JAN
2026-01-01 08:36:33 | INFO     | [SUCCESS] Day 22JAN
2026-01-01 08:36:33 | INFO     | [DAY_START] Processing 21JAN
2026-01-01 08:36:33 | INFO     | [lf.day.start] Processing ATZ-MED for 21JAN
2026-01-01 08:36:34 | INFO     | [lf.day.flights_found] Found 1 flights on 21JAN
2026-01-01 08:36:36 | INFO     | [lf.flight.extracted] SM489 on 21JAN: BKG=180, LF=100.6%
2026-01-01 08:36:39 | INFO     | [SUCCESS] Day 21JAN
2026-01-01 08:36:39 | INFO     | [DAY_START] Processing 20JAN
2026-01-01 08:36:39 | INFO     | [lf.day.start] Processing ATZ-MED for 20JAN
2026-01-01 08:36:40 | INFO     | [lf.day.flights_found] Found 1 flights on 20JAN
2026-01-01 08:36:42 | INFO     | [lf.flight.extracted] SM487 on 20JAN: BKG=147, LF=82.1%
2026-01-01 08:36:44 | INFO     | [SUCCESS] Day 20JAN
2026-01-01 08:36:44 | INFO     | [DAY_START] Processing 19JAN
2026-01-01 08:36:44 | INFO     | [lf.day.start] Processing ATZ-MED for 19JAN
2026-01-01 08:36:45 | INFO     | [lf.day.flights_found] Found 1 flights on 19JAN
2026-01-01 08:36:48 | INFO     | [lf.flight.extracted] SM487 on 19JAN: BKG=39, LF=21.8%
2026-01-01 08:36:52 | INFO     | [SUCCESS] Day 19JAN
2026-01-01 08:36:52 | INFO     | [SUCCESS] LF Search Complete
2026-01-01 08:36:54 | INFO     | [Worker_9227] Completed: ATZ-MED - 6 results, 0 errors
2026-01-01 08:36:54 | INFO     | [Worker_9227] Processing: CAI-DMM
2026-01-01 08:36:54 | INFO     |   Tier 0: Range 1, Chunk 2/5 (6 days)
