2026-01-01 08:19:30 | INFO     | ======================================================================
2026-01-01 08:19:30 | INFO     | Load Factor Scraper Started - Route: ATZ-RUH
2026-01-01 08:19:30 | INFO     | Log file: D:\CODERED\LAB\market_insights\outputs\run_generated_010126_at_08.01\logs\LF_ATZ-RUH_20260101_081930.log
2026-01-01 08:19:30 | INFO     | Enhanced logging: Capturing both logging.info() and print()
2026-01-01 08:19:30 | INFO     | ======================================================================
2026-01-01 08:19:30 | INFO     | Starting LF search for route: ATZ-RUH
2026-01-01 08:19:30 | INFO     | [START] LF Search
2026-01-01 08:19:32 | INFO     | [HEALTH CHECK] [OK] Chrome connection is healthy
2026-01-01 08:19:32 | INFO     | [DAY_START] Processing 28FEB
2026-01-01 08:19:32 | INFO     | [lf.day.start] Processing ATZ-RUH for 28FEB
2026-01-01 08:19:33 | WARNING  | [lf.day.no_flights] No direct flights on 28FEB
2026-01-01 08:19:33 | INFO     | [SUCCESS] Day 28FEB
2026-01-01 08:19:33 | INFO     | [DAY_START] Processing 27FEB
2026-01-01 08:19:33 | INFO     | [lf.day.start] Processing ATZ-RUH for 27FEB
2026-01-01 08:19:34 | WARNING  | [lf.day.no_flights] No direct flights on 27FEB
2026-01-01 08:19:34 | INFO     | [SUCCESS] Day 27FEB
2026-01-01 08:19:34 | INFO     | [DAY_START] Processing 26FEB
2026-01-01 08:19:34 | INFO     | [lf.day.start] Processing ATZ-RUH for 26FEB
2026-01-01 08:19:35 | WARNING  | [lf.day.no_flights] No direct flights on 26FEB
2026-01-01 08:19:35 | INFO     | [SUCCESS] Day 26FEB
2026-01-01 08:19:35 | INFO     | [DAY_START] Processing 25FEB
2026-01-01 08:19:35 | INFO     | [lf.day.start] Processing ATZ-RUH for 25FEB
2026-01-01 08:19:36 | INFO     | [lf.day.flights_found] Found 1 flights on 25FEB
2026-01-01 08:19:38 | INFO     | [lf.flight.extracted] SM465 on 25FEB: BKG=5, LF=2.8%
2026-01-01 08:19:41 | INFO     | [SUCCESS] Day 25FEB
2026-01-01 08:19:41 | INFO     | [DAY_START] Processing 24FEB
2026-01-01 08:19:41 | INFO     | [lf.day.start] Processing ATZ-RUH for 24FEB
2026-01-01 08:19:41 | INFO     | [lf.day.flights_found] Found 1 flights on 24FEB
2026-01-01 08:19:44 | INFO     | [lf.flight.extracted] SM463 on 24FEB: BKG=2, LF=1.1%
2026-01-01 08:19:46 | INFO     | [SUCCESS] Day 24FEB
2026-01-01 08:19:46 | INFO     | [DAY_START] Processing 23FEB
2026-01-01 08:19:46 | INFO     | [lf.day.start] Processing ATZ-RUH for 23FEB
2026-01-01 08:19:47 | WARNING  | [lf.day.no_flights] No direct flights on 23FEB
2026-01-01 08:19:47 | INFO     | [SUCCESS] Day 23FEB
2026-01-01 08:19:47 | INFO     | [DAY_START] Processing 22FEB
2026-01-01 08:19:47 | INFO     | [lf.day.start] Processing ATZ-RUH for 22FEB
2026-01-01 08:19:48 | INFO     | [lf.day.flights_found] Found 1 flights on 22FEB
2026-01-01 08:19:50 | INFO     | [lf.flight.extracted] SM463 on 22FEB: BKG=3, LF=1.7%
2026-01-01 08:19:54 | INFO     | [SUCCESS] Day 22FEB
2026-01-01 08:19:54 | INFO     | [SUCCESS] LF Search Complete
2026-01-01 08:19:56 | INFO     | [Worker_9223] Completed: ATZ-RUH - 7 results, 0 errors
2026-01-01 08:19:56 | INFO     | [Worker_9223] Processing: CAI-AJF
2026-01-01 08:19:56 | INFO     |   Tier 0: Range 2, Chunk 1/4 (7 days)
