2026-01-01 08:12:20 | INFO     | ======================================================================
2026-01-01 08:12:20 | INFO     | Load Factor Scraper Started - Route: ASW-JED
2026-01-01 08:12:20 | INFO     | Log file: D:\CODERED\LAB\market_insights\outputs\run_generated_010126_at_08.01\logs\LF_ASW-JED_20260101_081220.log
2026-01-01 08:12:20 | INFO     | Enhanced logging: Capturing both logging.info() and print()
2026-01-01 08:12:20 | INFO     | ======================================================================
2026-01-01 08:12:20 | INFO     | Starting LF search for route: ASW-JED
2026-01-01 08:12:20 | INFO     | [START] LF Search
2026-01-01 08:12:22 | INFO     | [HEALTH CHECK] [OK] Chrome connection is healthy
2026-01-01 08:12:22 | INFO     | [DAY_START] Processing 12MAR
2026-01-01 08:12:22 | INFO     | [lf.day.start] Processing ASW-JED for 12MAR
2026-01-01 08:12:23 | WARNING  | [lf.day.no_flights] No direct flights on 12MAR
2026-01-01 08:12:23 | INFO     | [SUCCESS] Day 12MAR
2026-01-01 08:12:23 | INFO     | [DAY_START] Processing 11MAR
2026-01-01 08:12:23 | INFO     | [lf.day.start] Processing ASW-JED for 11MAR
2026-01-01 08:12:24 | WARNING  | [lf.day.no_flights] No direct flights on 11MAR
2026-01-01 08:12:24 | INFO     | [SUCCESS] Day 11MAR
2026-01-01 08:12:24 | INFO     | [DAY_START] Processing 10MAR
2026-01-01 08:12:24 | INFO     | [lf.day.start] Processing ASW-JED for 10MAR
2026-01-01 08:12:25 | WARNING  | [lf.day.no_flights] No direct flights on 10MAR
2026-01-01 08:12:25 | INFO     | [SUCCESS] Day 10MAR
2026-01-01 08:12:25 | INFO     | [DAY_START] Processing 09MAR
2026-01-01 08:12:25 | INFO     | [lf.day.start] Processing ASW-JED for 09MAR
2026-01-01 08:12:26 | WARNING  | [lf.day.no_flights] No direct flights on 09MAR
2026-01-01 08:12:26 | INFO     | [SUCCESS] Day 09MAR
2026-01-01 08:12:26 | INFO     | [DAY_START] Processing 08MAR
2026-01-01 08:12:26 | INFO     | [lf.day.start] Processing ASW-JED for 08MAR
2026-01-01 08:12:27 | WARNING  | [lf.day.no_flights] No direct flights on 08MAR
2026-01-01 08:12:27 | INFO     | [SUCCESS] Day 08MAR
2026-01-01 08:12:27 | INFO     | [DAY_START] Processing 07MAR
2026-01-01 08:12:27 | INFO     | [lf.day.start] Processing ASW-JED for 07MAR
2026-01-01 08:12:28 | WARNING  | [lf.day.no_flights] No direct flights on 07MAR
2026-01-01 08:12:28 | INFO     | [SUCCESS] Day 07MAR
2026-01-01 08:12:28 | INFO     | [SUCCESS] LF Search Complete
2026-01-01 08:12:30 | INFO     | [Worker_9233] Completed: ASW-JED - 6 results, 0 errors
2026-01-01 08:12:30 | INFO     | [Worker_9233] Processing: CAI-DMM
2026-01-01 08:12:30 | INFO     |   Tier 0: Range 3, Chunk 4/5 (6 days)
