2026-01-01 08:34:16 | INFO     | ======================================================================
2026-01-01 08:34:16 | INFO     | Load Factor Scraper Started - Route: ATZ-AHB
2026-01-01 08:34:16 | INFO     | Log file: D:\CODERED\LAB\market_insights\outputs\run_generated_010126_at_08.01\logs\LF_ATZ-AHB_20260101_083416.log
2026-01-01 08:34:16 | INFO     | Enhanced logging: Capturing both logging.info() and print()
2026-01-01 08:34:16 | INFO     | ======================================================================
2026-01-01 08:34:16 | INFO     | Starting LF search for route: ATZ-AHB
2026-01-01 08:34:16 | INFO     | [START] LF Search
2026-01-01 08:34:18 | INFO     | [HEALTH CHECK] [OK] Chrome connection is healthy
2026-01-01 08:34:18 | INFO     | [DAY_START] Processing 31JAN
2026-01-01 08:34:18 | INFO     | [lf.day.start] Processing ATZ-AHB for 31JAN
2026-01-01 08:34:19 | WARNING  | [lf.day.no_flights] No direct flights on 31JAN
2026-01-01 08:34:19 | INFO     | [SUCCESS] Day 31JAN
2026-01-01 08:34:19 | INFO     | [DAY_START] Processing 30JAN
2026-01-01 08:34:19 | INFO     | [lf.day.start] Processing ATZ-AHB for 30JAN
2026-01-01 08:34:21 | INFO     | [lf.day.flights_found] Found 1 flights on 30JAN
2026-01-01 08:34:23 | INFO     | [lf.flight.extracted] SM445 on 30JAN: BKG=23, LF=12.8%
2026-01-01 08:34:27 | INFO     | [SUCCESS] Day 30JAN
2026-01-01 08:34:27 | INFO     | [DAY_START] Processing 29JAN
2026-01-01 08:34:27 | INFO     | [lf.day.start] Processing ATZ-AHB for 29JAN
2026-01-01 08:34:28 | WARNING  | [lf.day.no_flights] No direct flights on 29JAN
2026-01-01 08:34:28 | INFO     | [SUCCESS] Day 29JAN
2026-01-01 08:34:28 | INFO     | [DAY_START] Processing 28JAN
2026-01-01 08:34:28 | INFO     | [lf.day.start] Processing ATZ-AHB for 28JAN
2026-01-01 08:34:29 | WARNING  | [lf.day.no_flights] No direct flights on 28JAN
2026-01-01 08:34:29 | INFO     | [SUCCESS] Day 28JAN
2026-01-01 08:34:29 | INFO     | [DAY_START] Processing 27JAN
2026-01-01 08:34:29 | INFO     | [lf.day.start] Processing ATZ-AHB for 27JAN
2026-01-01 08:34:30 | WARNING  | [lf.day.no_flights] No direct flights on 27JAN
2026-01-01 08:34:31 | INFO     | [SUCCESS] Day 27JAN
2026-01-01 08:34:31 | INFO     | [DAY_START] Processing 26JAN
2026-01-01 08:34:31 | INFO     | [lf.day.start] Processing ATZ-AHB for 26JAN
2026-01-01 08:34:32 | WARNING  | [lf.day.no_flights] No direct flights on 26JAN
2026-01-01 08:34:32 | INFO     | [SUCCESS] Day 26JAN
2026-01-01 08:34:32 | INFO     | [DAY_START] Processing 25JAN
2026-01-01 08:34:32 | INFO     | [lf.day.start] Processing ATZ-AHB for 25JAN
2026-01-01 08:34:33 | WARNING  | [lf.day.no_flights] No direct flights on 25JAN
2026-01-01 08:34:33 | INFO     | [SUCCESS] Day 25JAN
2026-01-01 08:34:33 | INFO     | [SUCCESS] LF Search Complete
2026-01-01 08:34:35 | INFO     | [Worker_9234] Completed: ATZ-AHB - 7 results, 0 errors
2026-01-01 08:34:35 | INFO     | [Worker_9234] Processing: MED-HBE
2026-01-01 08:34:35 | INFO     |   Tier 0: Range 1, Chunk 2/5 (6 days)
