2026-01-01 08:07:04 | INFO     | ======================================================================
2026-01-01 08:07:04 | INFO     | Load Factor Scraper Started - Route: ATZ-RUH
2026-01-01 08:07:04 | INFO     | Log file: D:\CODERED\LAB\market_insights\outputs\run_generated_010126_at_08.01\logs\LF_ATZ-RUH_20260101_080704.log
2026-01-01 08:07:04 | INFO     | Enhanced logging: Capturing both logging.info() and print()
2026-01-01 08:07:04 | INFO     | ======================================================================
2026-01-01 08:07:04 | INFO     | Starting LF search for route: ATZ-RUH
2026-01-01 08:07:04 | INFO     | [START] LF Search
2026-01-01 08:07:05 | INFO     | [HEALTH CHECK] [OK] Chrome connection is healthy
2026-01-01 08:07:05 | INFO     | [DAY_START] Processing 24MAR
2026-01-01 08:07:05 | INFO     | [lf.day.start] Processing ATZ-RUH for 24MAR
2026-01-01 08:07:06 | INFO     | [lf.day.flights_found] Found 1 flights on 24MAR
2026-01-01 08:07:09 | INFO     | [lf.flight.extracted] SM463 on 24MAR: BKG=8, LF=4.5%
2026-01-01 08:07:11 | INFO     | [SUCCESS] Day 24MAR
2026-01-01 08:07:11 | INFO     | [DAY_START] Processing 23MAR
2026-01-01 08:07:11 | INFO     | [lf.day.start] Processing ATZ-RUH for 23MAR
2026-01-01 08:07:12 | WARNING  | [lf.day.no_flights] No direct flights on 23MAR
2026-01-01 08:07:12 | INFO     | [SUCCESS] Day 23MAR
2026-01-01 08:07:12 | INFO     | [DAY_START] Processing 22MAR
2026-01-01 08:07:12 | INFO     | [lf.day.start] Processing ATZ-RUH for 22MAR
2026-01-01 08:07:13 | INFO     | [lf.day.flights_found] Found 1 flights on 22MAR
2026-01-01 08:07:16 | INFO     | [lf.flight.extracted] SM463 on 22MAR: BKG=13, LF=7.3%
2026-01-01 08:07:18 | INFO     | [SUCCESS] Day 22MAR
2026-01-01 08:07:18 | INFO     | [DAY_START] Processing 21MAR
2026-01-01 08:07:18 | INFO     | [lf.day.start] Processing ATZ-RUH for 21MAR
2026-01-01 08:07:19 | WARNING  | [lf.day.no_flights] No direct flights on 21MAR
2026-01-01 08:07:19 | INFO     | [SUCCESS] Day 21MAR
2026-01-01 08:07:19 | INFO     | [DAY_START] Processing 20MAR
2026-01-01 08:07:19 | INFO     | [lf.day.start] Processing ATZ-RUH for 20MAR
2026-01-01 08:07:20 | WARNING  | [lf.day.no_flights] No direct flights on 20MAR
2026-01-01 08:07:20 | INFO     | [SUCCESS] Day 20MAR
2026-01-01 08:07:20 | INFO     | [DAY_START] Processing 19MAR
2026-01-01 08:07:20 | INFO     | [lf.day.start] Processing ATZ-RUH for 19MAR
2026-01-01 08:07:21 | WARNING  | [lf.day.no_flights] No direct flights on 19MAR
2026-01-01 08:07:21 | INFO     | [SUCCESS] Day 19MAR
2026-01-01 08:07:21 | INFO     | [SUCCESS] LF Search Complete
2026-01-01 08:07:23 | INFO     | [Worker_9234] Completed: ATZ-RUH - 6 results, 0 errors
2026-01-01 08:07:23 | INFO     | [Worker_9234] Processing: ATZ-TUU
2026-01-01 08:07:23 | INFO     |   Tier 0: Range 3, Chunk 2/5 (6 days)
