2026-01-01 08:44:00 | INFO     | ======================================================================
2026-01-01 08:44:00 | INFO     | Load Factor Scraper Started - Route: AJF-CAI
2026-01-01 08:44:00 | INFO     | Log file: D:\CODERED\LAB\market_insights\outputs\run_generated_010126_at_08.01\logs\LF_AJF-CAI_20260101_084400.log
2026-01-01 08:44:00 | INFO     | Enhanced logging: Capturing both logging.info() and print()
2026-01-01 08:44:00 | INFO     | ======================================================================
2026-01-01 08:44:00 | INFO     | Starting LF search for route: AJF-CAI
2026-01-01 08:44:00 | INFO     | [START] LF Search
2026-01-01 08:44:01 | INFO     | [HEALTH CHECK] [OK] Chrome connection is healthy
2026-01-01 08:44:01 | INFO     | [DAY_START] Processing 12JAN
2026-01-01 08:44:01 | INFO     | [lf.day.start] Processing AJF-CAI for 12JAN
2026-01-01 08:44:02 | WARNING  | [lf.day.no_flights] No direct flights on 12JAN
2026-01-01 08:44:02 | INFO     | [SUCCESS] Day 12JAN
2026-01-01 08:44:02 | INFO     | [DAY_START] Processing 11JAN
2026-01-01 08:44:02 | INFO     | [lf.day.start] Processing AJF-CAI for 11JAN
2026-01-01 08:44:03 | WARNING  | [lf.day.no_flights] No direct flights on 11JAN
2026-01-01 08:44:03 | INFO     | [SUCCESS] Day 11JAN
2026-01-01 08:44:03 | INFO     | [DAY_START] Processing 10JAN
2026-01-01 08:44:03 | INFO     | [lf.day.start] Processing AJF-CAI for 10JAN
2026-01-01 08:44:04 | INFO     | [lf.day.flights_found] Found 1 flights on 10JAN
2026-01-01 08:44:07 | INFO     | [lf.flight.extracted] SM322 on 10JAN: BKG=67, LF=38.3%
2026-01-01 08:44:12 | INFO     | [SUCCESS] Day 10JAN
2026-01-01 08:44:12 | INFO     | [DAY_START] Processing 09JAN
2026-01-01 08:44:12 | INFO     | [lf.day.start] Processing AJF-CAI for 09JAN
2026-01-01 08:44:13 | WARNING  | [lf.day.no_flights] No direct flights on 09JAN
2026-01-01 08:44:13 | INFO     | [SUCCESS] Day 09JAN
2026-01-01 08:44:13 | INFO     | [DAY_START] Processing 08JAN
2026-01-01 08:44:13 | INFO     | [lf.day.start] Processing AJF-CAI for 08JAN
2026-01-01 08:44:14 | INFO     | [lf.day.flights_found] Found 1 flights on 08JAN
2026-01-01 08:44:16 | INFO     | [lf.flight.extracted] SM322 on 08JAN: BKG=108, LF=61.7%
2026-01-01 08:44:24 | INFO     | [SUCCESS] Day 08JAN
2026-01-01 08:44:24 | INFO     | [DAY_START] Processing 07JAN
2026-01-01 08:44:24 | INFO     | [lf.day.start] Processing AJF-CAI for 07JAN
2026-01-01 08:44:25 | WARNING  | [lf.day.no_flights] No direct flights on 07JAN
2026-01-01 08:44:25 | INFO     | [SUCCESS] Day 07JAN
2026-01-01 08:44:25 | INFO     | [SUCCESS] LF Search Complete
2026-01-01 08:44:27 | INFO     | [Worker_9232] Completed: AJF-CAI - 6 results, 0 errors
2026-01-01 08:44:27 | INFO     | [Worker_9232] Processing: AHB-ATZ
2026-01-01 08:44:27 | INFO     |   Tier 0: Range 1, Chunk 4/5 (6 days)
