2026-01-01 08:18:54 | INFO     | ======================================================================
2026-01-01 08:18:54 | INFO     | Load Factor Scraper Started - Route: ATZ-MED
2026-01-01 08:18:54 | INFO     | Log file: D:\CODERED\LAB\market_insights\outputs\run_generated_010126_at_08.01\logs\LF_ATZ-MED_20260101_081854.log
2026-01-01 08:18:54 | INFO     | Enhanced logging: Capturing both logging.info() and print()
2026-01-01 08:18:54 | INFO     | ======================================================================
2026-01-01 08:18:54 | INFO     | Starting LF search for route: ATZ-MED
2026-01-01 08:18:54 | INFO     | [START] LF Search
2026-01-01 08:18:56 | INFO     | [HEALTH CHECK] [OK] Chrome connection is healthy
2026-01-01 08:18:56 | INFO     | [DAY_START] Processing 28FEB
2026-01-01 08:18:56 | INFO     | [lf.day.start] Processing ATZ-MED for 28FEB
2026-01-01 08:18:57 | INFO     | [lf.day.flights_found] Found 1 flights on 28FEB
2026-01-01 08:18:59 | INFO     | [lf.flight.extracted] SM487 on 28FEB: BKG=0, LF=0.0%
2026-01-01 08:19:00 | INFO     | [SUCCESS] Day 28FEB
2026-01-01 08:19:00 | INFO     | [DAY_START] Processing 27FEB
2026-01-01 08:19:00 | INFO     | [lf.day.start] Processing ATZ-MED for 27FEB
2026-01-01 08:19:01 | WARNING  | [lf.day.no_flights] No direct flights on 27FEB
2026-01-01 08:19:01 | INFO     | [SUCCESS] Day 27FEB
2026-01-01 08:19:01 | INFO     | [DAY_START] Processing 26FEB
2026-01-01 08:19:01 | INFO     | [lf.day.start] Processing ATZ-MED for 26FEB
2026-01-01 08:19:02 | WARNING  | [lf.day.no_flights] No direct flights on 26FEB
2026-01-01 08:19:02 | INFO     | [SUCCESS] Day 26FEB
2026-01-01 08:19:02 | INFO     | [DAY_START] Processing 25FEB
2026-01-01 08:19:02 | INFO     | [lf.day.start] Processing ATZ-MED for 25FEB
2026-01-01 08:19:03 | INFO     | [lf.day.flights_found] Found 1 flights on 25FEB
2026-01-01 08:19:05 | INFO     | [lf.flight.extracted] SM489 on 25FEB: BKG=1, LF=0.6%
2026-01-01 08:19:07 | INFO     | [SUCCESS] Day 25FEB
2026-01-01 08:19:07 | INFO     | [DAY_START] Processing 24FEB
2026-01-01 08:19:07 | INFO     | [lf.day.start] Processing ATZ-MED for 24FEB
2026-01-01 08:19:08 | INFO     | [lf.day.flights_found] Found 1 flights on 24FEB
2026-01-01 08:19:10 | INFO     | [lf.flight.extracted] SM487 on 24FEB: BKG=0, LF=0.0%
2026-01-01 08:19:11 | INFO     | [SUCCESS] Day 24FEB
2026-01-01 08:19:11 | INFO     | [DAY_START] Processing 23FEB
2026-01-01 08:19:11 | INFO     | [lf.day.start] Processing ATZ-MED for 23FEB
2026-01-01 08:19:12 | INFO     | [lf.day.flights_found] Found 1 flights on 23FEB
2026-01-01 08:19:14 | INFO     | [lf.flight.extracted] SM487 on 23FEB: BKG=1, LF=0.6%
2026-01-01 08:19:17 | INFO     | [SUCCESS] Day 23FEB
2026-01-01 08:19:17 | INFO     | [DAY_START] Processing 22FEB
2026-01-01 08:19:17 | INFO     | [lf.day.start] Processing ATZ-MED for 22FEB
2026-01-01 08:19:18 | INFO     | [lf.day.flights_found] Found 2 flights on 22FEB
2026-01-01 08:19:21 | INFO     | [lf.flight.extracted] SM971 on 22FEB: BKG=0, LF=0.0%
2026-01-01 08:19:24 | INFO     | [lf.flight.extracted] SM963 on 22FEB: BKG=0, LF=0.0%
2026-01-01 08:19:25 | INFO     | [SUCCESS] Day 22FEB
2026-01-01 08:19:25 | INFO     | [SUCCESS] LF Search Complete
2026-01-01 08:19:27 | INFO     | [Worker_9226] Completed: ATZ-MED - 7 results, 0 errors
2026-01-01 08:19:27 | INFO     | [Worker_9226] Processing: CAI-RUH
2026-01-01 08:19:27 | INFO     |   Tier 0: Range 2, Chunk 1/4 (7 days)
