2026-01-01 08:30:29 | INFO     | ======================================================================
2026-01-01 08:30:29 | INFO     | Load Factor Scraper Started - Route: ATZ-AJF
2026-01-01 08:30:29 | INFO     | Log file: D:\CODERED\LAB\market_insights\outputs\run_generated_010126_at_08.01\logs\LF_ATZ-AJF_20260101_083029.log
2026-01-01 08:30:29 | INFO     | Enhanced logging: Capturing both logging.info() and print()
2026-01-01 08:30:29 | INFO     | ======================================================================
2026-01-01 08:30:29 | INFO     | Starting LF search for route: ATZ-AJF
2026-01-01 08:30:29 | INFO     | [START] LF Search
2026-01-01 08:30:31 | INFO     | [HEALTH CHECK] [OK] Chrome connection is healthy
2026-01-01 08:30:31 | INFO     | [DAY_START] Processing 07FEB
2026-01-01 08:30:31 | INFO     | [lf.day.start] Processing ATZ-AJF for 07FEB
2026-01-01 08:30:32 | WARNING  | [lf.day.no_flights] No direct flights on 07FEB
2026-01-01 08:30:32 | INFO     | [SUCCESS] Day 07FEB
2026-01-01 08:30:32 | INFO     | [DAY_START] Processing 06FEB
2026-01-01 08:30:32 | INFO     | [lf.day.start] Processing ATZ-AJF for 06FEB
2026-01-01 08:30:33 | INFO     | [lf.day.flights_found] Found 1 flights on 06FEB
2026-01-01 08:30:35 | INFO     | [lf.flight.extracted] SM323 on 06FEB: BKG=3, LF=1.7%
2026-01-01 08:30:37 | INFO     | [SUCCESS] Day 06FEB
2026-01-01 08:30:37 | INFO     | [DAY_START] Processing 05FEB
2026-01-01 08:30:37 | INFO     | [lf.day.start] Processing ATZ-AJF for 05FEB
2026-01-01 08:30:38 | WARNING  | [lf.day.no_flights] No direct flights on 05FEB
2026-01-01 08:30:38 | INFO     | [SUCCESS] Day 05FEB
2026-01-01 08:30:38 | INFO     | [DAY_START] Processing 04FEB
2026-01-01 08:30:38 | INFO     | [lf.day.start] Processing ATZ-AJF for 04FEB
2026-01-01 08:30:39 | WARNING  | [lf.day.no_flights] No direct flights on 04FEB
2026-01-01 08:30:40 | INFO     | [SUCCESS] Day 04FEB
2026-01-01 08:30:40 | INFO     | [DAY_START] Processing 03FEB
2026-01-01 08:30:40 | INFO     | [lf.day.start] Processing ATZ-AJF for 03FEB
2026-01-01 08:30:40 | WARNING  | [lf.day.no_flights] No direct flights on 03FEB
2026-01-01 08:30:41 | INFO     | [SUCCESS] Day 03FEB
2026-01-01 08:30:41 | INFO     | [DAY_START] Processing 02FEB
2026-01-01 08:30:41 | INFO     | [lf.day.start] Processing ATZ-AJF for 02FEB
2026-01-01 08:30:42 | WARNING  | [lf.day.no_flights] No direct flights on 02FEB
2026-01-01 08:30:42 | INFO     | [SUCCESS] Day 02FEB
2026-01-01 08:30:42 | INFO     | [DAY_START] Processing 01FEB
2026-01-01 08:30:42 | INFO     | [lf.day.start] Processing ATZ-AJF for 01FEB
2026-01-01 08:30:43 | WARNING  | [lf.day.no_flights] No direct flights on 01FEB
2026-01-01 08:30:43 | INFO     | [SUCCESS] Day 01FEB
2026-01-01 08:30:43 | INFO     | [SUCCESS] LF Search Complete
2026-01-01 08:30:45 | INFO     | [Worker_9225] Completed: ATZ-AJF - 7 results, 0 errors
2026-01-01 08:30:45 | INFO     | [Worker_9225] Processing: ATZ-ELQ
2026-01-01 08:30:45 | INFO     |   Tier 0: Range 2, Chunk 4/4 (7 days)
