2026-01-01 08:36:46 | INFO     | ======================================================================
2026-01-01 08:36:46 | INFO     | Load Factor Scraper Started - Route: ASW-JED
2026-01-01 08:36:46 | INFO     | Log file: D:\CODERED\LAB\market_insights\outputs\run_generated_010126_at_08.01\logs\LF_ASW-JED_20260101_083646.log
2026-01-01 08:36:46 | INFO     | Enhanced logging: Capturing both logging.info() and print()
2026-01-01 08:36:46 | INFO     | ======================================================================
2026-01-01 08:36:46 | INFO     | Starting LF search for route: ASW-JED
2026-01-01 08:36:46 | INFO     | [START] LF Search
2026-01-01 08:36:47 | INFO     | [HEALTH CHECK] [OK] Chrome connection is healthy
2026-01-01 08:36:48 | INFO     | [DAY_START] Processing 24JAN
2026-01-01 08:36:48 | INFO     | [lf.day.start] Processing ASW-JED for 24JAN
2026-01-01 08:36:49 | WARNING  | [lf.day.no_flights] No direct flights on 24JAN
2026-01-01 08:36:49 | INFO     | [SUCCESS] Day 24JAN
2026-01-01 08:36:49 | INFO     | [DAY_START] Processing 23JAN
2026-01-01 08:36:49 | INFO     | [lf.day.start] Processing ASW-JED for 23JAN
2026-01-01 08:36:50 | WARNING  | [lf.day.no_flights] No direct flights on 23JAN
2026-01-01 08:36:50 | INFO     | [SUCCESS] Day 23JAN
2026-01-01 08:36:50 | INFO     | [DAY_START] Processing 22JAN
2026-01-01 08:36:50 | INFO     | [lf.day.start] Processing ASW-JED for 22JAN
2026-01-01 08:36:51 | WARNING  | [lf.day.no_flights] No direct flights on 22JAN
2026-01-01 08:36:51 | INFO     | [SUCCESS] Day 22JAN
2026-01-01 08:36:51 | INFO     | [DAY_START] Processing 21JAN
2026-01-01 08:36:51 | INFO     | [lf.day.start] Processing ASW-JED for 21JAN
2026-01-01 08:36:53 | WARNING  | [lf.day.no_flights] No direct flights on 21JAN
2026-01-01 08:36:53 | INFO     | [SUCCESS] Day 21JAN
2026-01-01 08:36:53 | INFO     | [DAY_START] Processing 20JAN
2026-01-01 08:36:53 | INFO     | [lf.day.start] Processing ASW-JED for 20JAN
2026-01-01 08:36:54 | WARNING  | [lf.day.no_flights] No direct flights on 20JAN
2026-01-01 08:36:54 | INFO     | [SUCCESS] Day 20JAN
2026-01-01 08:36:54 | INFO     | [DAY_START] Processing 19JAN
2026-01-01 08:36:54 | INFO     | [lf.day.start] Processing ASW-JED for 19JAN
2026-01-01 08:36:55 | WARNING  | [lf.day.no_flights] No direct flights on 19JAN
2026-01-01 08:36:55 | INFO     | [SUCCESS] Day 19JAN
2026-01-01 08:36:55 | INFO     | [SUCCESS] LF Search Complete
2026-01-01 08:36:57 | INFO     | [Worker_9224] Completed: ASW-JED - 6 results, 0 errors
2026-01-01 08:36:57 | INFO     | [Worker_9224] Processing: ATZ-DMM
2026-01-01 08:36:57 | INFO     |   Tier 0: Range 1, Chunk 2/5 (6 days)
