2026-01-01 08:22:40 | INFO     | ======================================================================
2026-01-01 08:22:40 | INFO     | Load Factor Scraper Started - Route: ASW-JED
2026-01-01 08:22:40 | INFO     | Log file: D:\CODERED\LAB\market_insights\outputs\run_generated_010126_at_08.01\logs\LF_ASW-JED_20260101_082240.log
2026-01-01 08:22:40 | INFO     | Enhanced logging: Capturing both logging.info() and print()
2026-01-01 08:22:40 | INFO     | ======================================================================
2026-01-01 08:22:40 | INFO     | Starting LF search for route: ASW-JED
2026-01-01 08:22:40 | INFO     | [START] LF Search
2026-01-01 08:22:41 | INFO     | [HEALTH CHECK] [OK] Chrome connection is healthy
2026-01-01 08:22:41 | INFO     | [DAY_START] Processing 21FEB
2026-01-01 08:22:41 | INFO     | [lf.day.start] Processing ASW-JED for 21FEB
2026-01-01 08:22:43 | WARNING  | [lf.day.no_flights] No direct flights on 21FEB
2026-01-01 08:22:43 | INFO     | [SUCCESS] Day 21FEB
2026-01-01 08:22:43 | INFO     | [DAY_START] Processing 20FEB
2026-01-01 08:22:43 | INFO     | [lf.day.start] Processing ASW-JED for 20FEB
2026-01-01 08:22:44 | WARNING  | [lf.day.no_flights] No direct flights on 20FEB
2026-01-01 08:22:44 | INFO     | [SUCCESS] Day 20FEB
2026-01-01 08:22:44 | INFO     | [DAY_START] Processing 19FEB
2026-01-01 08:22:44 | INFO     | [lf.day.start] Processing ASW-JED for 19FEB
2026-01-01 08:22:45 | WARNING  | [lf.day.no_flights] No direct flights on 19FEB
2026-01-01 08:22:45 | INFO     | [SUCCESS] Day 19FEB
2026-01-01 08:22:45 | INFO     | [DAY_START] Processing 18FEB
2026-01-01 08:22:45 | INFO     | [lf.day.start] Processing ASW-JED for 18FEB
2026-01-01 08:22:46 | WARNING  | [lf.day.no_flights] No direct flights on 18FEB
2026-01-01 08:22:46 | INFO     | [SUCCESS] Day 18FEB
2026-01-01 08:22:46 | INFO     | [DAY_START] Processing 17FEB
2026-01-01 08:22:46 | INFO     | [lf.day.start] Processing ASW-JED for 17FEB
2026-01-01 08:22:47 | WARNING  | [lf.day.no_flights] No direct flights on 17FEB
2026-01-01 08:22:47 | INFO     | [SUCCESS] Day 17FEB
2026-01-01 08:22:47 | INFO     | [DAY_START] Processing 16FEB
2026-01-01 08:22:47 | INFO     | [lf.day.start] Processing ASW-JED for 16FEB
2026-01-01 08:22:48 | WARNING  | [lf.day.no_flights] No direct flights on 16FEB
2026-01-01 08:22:48 | INFO     | [SUCCESS] Day 16FEB
2026-01-01 08:22:48 | INFO     | [DAY_START] Processing 15FEB
2026-01-01 08:22:48 | INFO     | [lf.day.start] Processing ASW-JED for 15FEB
2026-01-01 08:22:49 | WARNING  | [lf.day.no_flights] No direct flights on 15FEB
2026-01-01 08:22:50 | INFO     | [SUCCESS] Day 15FEB
2026-01-01 08:22:50 | INFO     | [SUCCESS] LF Search Complete
2026-01-01 08:22:52 | INFO     | [Worker_9224] Completed: ASW-JED - 7 results, 0 errors
2026-01-01 08:22:52 | INFO     | [Worker_9224] Processing: ATZ-RUH
2026-01-01 08:22:52 | INFO     |   Tier 0: Range 2, Chunk 2/4 (7 days)
