2026-01-01 08:26:08 | INFO     | ======================================================================
2026-01-01 08:26:08 | INFO     | Load Factor Scraper Started - Route: ATZ-JED
2026-01-01 08:26:08 | INFO     | Log file: D:\CODERED\LAB\market_insights\outputs\run_generated_010126_at_08.01\logs\LF_ATZ-JED_20260101_082608.log
2026-01-01 08:26:08 | INFO     | Enhanced logging: Capturing both logging.info() and print()
2026-01-01 08:26:08 | INFO     | ======================================================================
2026-01-01 08:26:08 | INFO     | Starting LF search for route: ATZ-JED
2026-01-01 08:26:08 | INFO     | [START] LF Search
2026-01-01 08:26:09 | INFO     | [HEALTH CHECK] [OK] Chrome connection is healthy
2026-01-01 08:26:09 | INFO     | [DAY_START] Processing 14FEB
2026-01-01 08:26:09 | INFO     | [lf.day.start] Processing ATZ-JED for 14FEB
2026-01-01 08:26:11 | INFO     | [lf.day.flights_found] Found 3 flights on 14FEB
2026-01-01 08:26:12 | INFO     | [lf.flight.extracted] SM491 on 14FEB: BKG=0, LF=0.0%
2026-01-01 08:26:16 | INFO     | [lf.flight.extracted] SM453 on 14FEB: BKG=0, LF=0.0%
2026-01-01 08:26:19 | INFO     | [lf.flight.extracted] SM455 on 14FEB: BKG=6, LF=3.4%
2026-01-01 08:26:22 | INFO     | [SUCCESS] Day 14FEB
2026-01-01 08:26:22 | INFO     | [DAY_START] Processing 13FEB
2026-01-01 08:26:22 | INFO     | [lf.day.start] Processing ATZ-JED for 13FEB
2026-01-01 08:26:23 | INFO     | [lf.day.flights_found] Found 1 flights on 13FEB
2026-01-01 08:26:25 | INFO     | [lf.flight.extracted] SM491 on 13FEB: BKG=144, LF=80.5%
2026-01-01 08:26:28 | INFO     | [SUCCESS] Day 13FEB
2026-01-01 08:26:28 | INFO     | [DAY_START] Processing 12FEB
2026-01-01 08:26:28 | INFO     | [lf.day.start] Processing ATZ-JED for 12FEB
2026-01-01 08:26:28 | INFO     | [lf.day.flights_found] Found 2 flights on 12FEB
2026-01-01 08:26:30 | INFO     | [lf.flight.extracted] SM453 on 12FEB: BKG=137, LF=76.5%
2026-01-01 08:26:33 | INFO     | [lf.flight.extracted] SM455 on 12FEB: BKG=139, LF=77.6%
2026-01-01 08:26:37 | INFO     | [SUCCESS] Day 12FEB
2026-01-01 08:26:37 | INFO     | [DAY_START] Processing 11FEB
2026-01-01 08:26:37 | INFO     | [lf.day.start] Processing ATZ-JED for 11FEB
2026-01-01 08:26:38 | INFO     | [lf.day.flights_found] Found 4 flights on 11FEB
2026-01-01 08:26:40 | INFO     | [lf.flight.extracted] SM453 on 11FEB: BKG=135, LF=75.4%
2026-01-01 08:26:43 | INFO     | [lf.flight.extracted] SM491 on 11FEB: BKG=137, LF=76.5%
2026-01-01 08:26:47 | INFO     | [lf.flight.extracted] SM981 on 11FEB: BKG=180, LF=100.6%
2026-01-01 08:26:50 | INFO     | [lf.flight.extracted] SM421 on 11FEB: BKG=135, LF=75.4%
2026-01-01 08:26:56 | INFO     | [SUCCESS] Day 11FEB
2026-01-01 08:26:56 | INFO     | [DAY_START] Processing 10FEB
2026-01-01 08:26:56 | INFO     | [lf.day.start] Processing ATZ-JED for 10FEB
2026-01-01 08:26:57 | INFO     | [lf.day.flights_found] Found 2 flights on 10FEB
2026-01-01 08:26:59 | INFO     | [lf.flight.extracted] SM453 on 10FEB: BKG=138, LF=77.1%
2026-01-01 08:27:02 | INFO     | [lf.flight.extracted] SM455 on 10FEB: BKG=141, LF=78.8%
2026-01-01 08:27:06 | INFO     | [SUCCESS] Day 10FEB
2026-01-01 08:27:06 | INFO     | [DAY_START] Processing 09FEB
2026-01-01 08:27:06 | INFO     | [lf.day.start] Processing ATZ-JED for 09FEB
2026-01-01 08:27:07 | INFO     | [lf.day.flights_found] Found 3 flights on 09FEB
2026-01-01 08:27:10 | INFO     | [lf.flight.extracted] SM491 on 09FEB: BKG=181, LF=101.1%
2026-01-01 08:27:13 | INFO     | [lf.flight.extracted] SM455 on 09FEB: BKG=137, LF=76.5%
2026-01-01 08:27:16 | INFO     | [lf.flight.extracted] SM453 on 09FEB: BKG=139, LF=77.6%
2026-01-01 08:27:21 | INFO     | [SUCCESS] Day 09FEB
2026-01-01 08:27:21 | INFO     | [DAY_START] Processing 08FEB
2026-01-01 08:27:21 | INFO     | [lf.day.start] Processing ATZ-JED for 08FEB
2026-01-01 08:27:22 | INFO     | [lf.day.flights_found] Found 3 flights on 08FEB
2026-01-01 08:27:25 | INFO     | [lf.flight.extracted] SM491 on 08FEB: BKG=142, LF=79.3%
2026-01-01 08:27:28 | INFO     | [lf.flight.extracted] SM455 on 08FEB: BKG=144, LF=80.5%
2026-01-01 08:27:32 | INFO     | [lf.flight.extracted] SM973 on 08FEB: BKG=180, LF=100.6%
2026-01-01 08:27:37 | INFO     | [SUCCESS] Day 08FEB
2026-01-01 08:27:37 | INFO     | [SUCCESS] LF Search Complete
2026-01-01 08:27:39 | INFO     | [Worker_9222] Completed: ATZ-JED - 7 results, 0 errors
2026-01-01 08:27:39 | INFO     | [Worker_9222] Processing: MED-ATZ
2026-01-01 08:27:39 | INFO     |   Tier 0: Range 2, Chunk 4/4 (7 days)
