2026-01-01 08:09:12 | INFO     | ======================================================================
2026-01-01 08:09:12 | INFO     | Load Factor Scraper Started - Route: AJF-ATZ
2026-01-01 08:09:12 | INFO     | Log file: D:\CODERED\LAB\market_insights\outputs\run_generated_010126_at_08.01\logs\LF_AJF-ATZ_20260101_080912.log
2026-01-01 08:09:12 | INFO     | Enhanced logging: Capturing both logging.info() and print()
2026-01-01 08:09:12 | INFO     | ======================================================================
2026-01-01 08:09:12 | INFO     | Starting LF search for route: AJF-ATZ
2026-01-01 08:09:12 | INFO     | [START] LF Search
2026-01-01 08:09:13 | INFO     | [HEALTH CHECK] [OK] Chrome connection is healthy
2026-01-01 08:09:13 | INFO     | [DAY_START] Processing 18MAR
2026-01-01 08:09:13 | INFO     | [lf.day.start] Processing AJF-ATZ for 18MAR
2026-01-01 08:09:14 | WARNING  | [lf.day.no_flights] No direct flights on 18MAR
2026-01-01 08:09:15 | INFO     | [SUCCESS] Day 18MAR
2026-01-01 08:09:15 | INFO     | [DAY_START] Processing 17MAR
2026-01-01 08:09:15 | INFO     | [lf.day.start] Processing AJF-ATZ for 17MAR
2026-01-01 08:09:16 | WARNING  | [lf.day.no_flights] No direct flights on 17MAR
2026-01-01 08:09:16 | INFO     | [SUCCESS] Day 17MAR
2026-01-01 08:09:16 | INFO     | [DAY_START] Processing 16MAR
2026-01-01 08:09:16 | INFO     | [lf.day.start] Processing AJF-ATZ for 16MAR
2026-01-01 08:09:17 | WARNING  | [lf.day.no_flights] No direct flights on 16MAR
2026-01-01 08:09:17 | INFO     | [SUCCESS] Day 16MAR
2026-01-01 08:09:17 | INFO     | [DAY_START] Processing 15MAR
2026-01-01 08:09:17 | INFO     | [lf.day.start] Processing AJF-ATZ for 15MAR
2026-01-01 08:09:18 | WARNING  | [lf.day.no_flights] No direct flights on 15MAR
2026-01-01 08:09:18 | INFO     | [SUCCESS] Day 15MAR
2026-01-01 08:09:18 | INFO     | [DAY_START] Processing 14MAR
2026-01-01 08:09:18 | INFO     | [lf.day.start] Processing AJF-ATZ for 14MAR
2026-01-01 08:09:19 | WARNING  | [lf.day.no_flights] No direct flights on 14MAR
2026-01-01 08:09:19 | INFO     | [SUCCESS] Day 14MAR
2026-01-01 08:09:19 | INFO     | [DAY_START] Processing 13MAR
2026-01-01 08:09:19 | INFO     | [lf.day.start] Processing AJF-ATZ for 13MAR
2026-01-01 08:09:20 | INFO     | [lf.day.flights_found] Found 1 flights on 13MAR
2026-01-01 08:09:22 | INFO     | [lf.flight.extracted] SM324 on 13MAR: BKG=1, LF=0.6%
2026-01-01 08:09:25 | INFO     | [SUCCESS] Day 13MAR
2026-01-01 08:09:25 | INFO     | [SUCCESS] LF Search Complete
2026-01-01 08:09:27 | INFO     | [Worker_9234] Completed: AJF-ATZ - 6 results, 0 errors
2026-01-01 08:09:27 | INFO     | [Worker_9234] Processing: ELQ-CAI
2026-01-01 08:09:27 | INFO     |   Tier 0: Range 3, Chunk 3/5 (6 days)
