2026-01-01 08:49:38 | INFO     | ======================================================================
2026-01-01 08:49:38 | INFO     | Load Factor Scraper Started - Route: ATZ-AJF
2026-01-01 08:49:38 | INFO     | Log file: D:\CODERED\LAB\market_insights\outputs\run_generated_010126_at_08.01\logs\LF_ATZ-AJF_20260101_084938.log
2026-01-01 08:49:38 | INFO     | Enhanced logging: Capturing both logging.info() and print()
2026-01-01 08:49:38 | INFO     | ======================================================================
2026-01-01 08:49:38 | INFO     | Starting LF search for route: ATZ-AJF
2026-01-01 08:49:38 | INFO     | [START] LF Search
2026-01-01 08:49:39 | INFO     | [HEALTH CHECK] [OK] Chrome connection is healthy
2026-01-01 08:49:39 | INFO     | [DAY_START] Processing 06JAN
2026-01-01 08:49:39 | INFO     | [lf.day.start] Processing ATZ-AJF for 06JAN
2026-01-01 08:49:40 | WARNING  | [lf.day.no_flights] No direct flights on 06JAN
2026-01-01 08:49:40 | INFO     | [SUCCESS] Day 06JAN
2026-01-01 08:49:40 | INFO     | [DAY_START] Processing 05JAN
2026-01-01 08:49:40 | INFO     | [lf.day.start] Processing ATZ-AJF for 05JAN
2026-01-01 08:49:41 | WARNING  | [lf.day.no_flights] No direct flights on 05JAN
2026-01-01 08:49:41 | INFO     | [SUCCESS] Day 05JAN
2026-01-01 08:49:41 | INFO     | [DAY_START] Processing 04JAN
2026-01-01 08:49:41 | INFO     | [lf.day.start] Processing ATZ-AJF for 04JAN
2026-01-01 08:49:42 | WARNING  | [lf.day.no_flights] No direct flights on 04JAN
2026-01-01 08:49:43 | INFO     | [SUCCESS] Day 04JAN
2026-01-01 08:49:43 | INFO     | [DAY_START] Processing 03JAN
2026-01-01 08:49:43 | INFO     | [lf.day.start] Processing ATZ-AJF for 03JAN
2026-01-01 08:49:44 | WARNING  | [lf.day.no_flights] No direct flights on 03JAN
2026-01-01 08:49:44 | INFO     | [SUCCESS] Day 03JAN
2026-01-01 08:49:44 | INFO     | [DAY_START] Processing 02JAN
2026-01-01 08:49:44 | INFO     | [lf.day.start] Processing ATZ-AJF for 02JAN
2026-01-01 08:49:45 | INFO     | [lf.day.flights_found] Found 1 flights on 02JAN
2026-01-01 08:49:47 | INFO     | [lf.flight.extracted] SM323 on 02JAN: BKG=105, LF=58.7%
2026-01-01 08:49:53 | INFO     | [SUCCESS] Day 02JAN
2026-01-01 08:49:53 | INFO     | [SUCCESS] LF Search Complete
2026-01-01 08:49:55 | INFO     | [Worker_9226] Completed: ATZ-AJF - 5 results, 0 errors
2026-01-01 08:49:55 | INFO     | [Worker_9226] Processing: CAI-ELQ
2026-01-01 08:49:55 | INFO     |   Tier 0: Range 1, Chunk 5/5 (6 days)
