2026-01-01 08:29:44 | INFO     | ======================================================================
2026-01-01 08:29:44 | INFO     | Load Factor Scraper Started - Route: ASW-JED
2026-01-01 08:29:44 | INFO     | Log file: D:\CODERED\LAB\market_insights\outputs\run_generated_010126_at_08.01\logs\LF_ASW-JED_20260101_082944.log
2026-01-01 08:29:44 | INFO     | Enhanced logging: Capturing both logging.info() and print()
2026-01-01 08:29:44 | INFO     | ======================================================================
2026-01-01 08:29:44 | INFO     | Starting LF search for route: ASW-JED
2026-01-01 08:29:44 | INFO     | [START] LF Search
2026-01-01 08:29:46 | INFO     | [HEALTH CHECK] [OK] Chrome connection is healthy
2026-01-01 08:29:46 | INFO     | [DAY_START] Processing 07FEB
2026-01-01 08:29:46 | INFO     | [lf.day.start] Processing ASW-JED for 07FEB
2026-01-01 08:29:47 | WARNING  | [lf.day.no_flights] No direct flights on 07FEB
2026-01-01 08:29:47 | INFO     | [SUCCESS] Day 07FEB
2026-01-01 08:29:47 | INFO     | [DAY_START] Processing 06FEB
2026-01-01 08:29:47 | INFO     | [lf.day.start] Processing ASW-JED for 06FEB
2026-01-01 08:29:48 | WARNING  | [lf.day.no_flights] No direct flights on 06FEB
2026-01-01 08:29:48 | INFO     | [SUCCESS] Day 06FEB
2026-01-01 08:29:48 | INFO     | [DAY_START] Processing 05FEB
2026-01-01 08:29:48 | INFO     | [lf.day.start] Processing ASW-JED for 05FEB
2026-01-01 08:29:49 | WARNING  | [lf.day.no_flights] No direct flights on 05FEB
2026-01-01 08:29:50 | INFO     | [SUCCESS] Day 05FEB
2026-01-01 08:29:50 | INFO     | [DAY_START] Processing 04FEB
2026-01-01 08:29:50 | INFO     | [lf.day.start] Processing ASW-JED for 04FEB
2026-01-01 08:29:51 | WARNING  | [lf.day.no_flights] No direct flights on 04FEB
2026-01-01 08:29:51 | INFO     | [SUCCESS] Day 04FEB
2026-01-01 08:29:51 | INFO     | [DAY_START] Processing 03FEB
2026-01-01 08:29:51 | INFO     | [lf.day.start] Processing ASW-JED for 03FEB
2026-01-01 08:29:52 | WARNING  | [lf.day.no_flights] No direct flights on 03FEB
2026-01-01 08:29:52 | INFO     | [SUCCESS] Day 03FEB
2026-01-01 08:29:52 | INFO     | [DAY_START] Processing 02FEB
2026-01-01 08:29:52 | INFO     | [lf.day.start] Processing ASW-JED for 02FEB
2026-01-01 08:29:53 | WARNING  | [lf.day.no_flights] No direct flights on 02FEB
2026-01-01 08:29:53 | INFO     | [SUCCESS] Day 02FEB
2026-01-01 08:29:53 | INFO     | [DAY_START] Processing 01FEB
2026-01-01 08:29:53 | INFO     | [lf.day.start] Processing ASW-JED for 01FEB
2026-01-01 08:29:54 | WARNING  | [lf.day.no_flights] No direct flights on 01FEB
2026-01-01 08:29:55 | INFO     | [SUCCESS] Day 01FEB
2026-01-01 08:29:55 | INFO     | [SUCCESS] LF Search Complete
2026-01-01 08:29:57 | INFO     | [Worker_9227] Completed: ASW-JED - 7 results, 0 errors
2026-01-01 08:29:57 | INFO     | [Worker_9227] Processing: ATZ-DMM
2026-01-01 08:29:57 | INFO     |   Tier 0: Range 2, Chunk 4/4 (7 days)
