2026-01-01 08:27:21 | INFO     | ======================================================================
2026-01-01 08:27:21 | INFO     | Load Factor Scraper Started - Route: ATZ-ELQ
2026-01-01 08:27:21 | INFO     | Log file: D:\CODERED\LAB\market_insights\outputs\run_generated_010126_at_08.01\logs\LF_ATZ-ELQ_20260101_082721.log
2026-01-01 08:27:21 | INFO     | Enhanced logging: Capturing both logging.info() and print()
2026-01-01 08:27:21 | INFO     | ======================================================================
2026-01-01 08:27:21 | INFO     | Starting LF search for route: ATZ-ELQ
2026-01-01 08:27:21 | INFO     | [START] LF Search
2026-01-01 08:27:23 | INFO     | [HEALTH CHECK] [OK] Chrome connection is healthy
2026-01-01 08:27:23 | INFO     | [DAY_START] Processing 14FEB
2026-01-01 08:27:23 | INFO     | [lf.day.start] Processing ATZ-ELQ for 14FEB
2026-01-01 08:27:24 | INFO     | [lf.day.flights_found] Found 1 flights on 14FEB
2026-01-01 08:27:27 | INFO     | [lf.flight.extracted] SM435 on 14FEB: BKG=3, LF=1.7%
2026-01-01 08:27:30 | INFO     | [SUCCESS] Day 14FEB
2026-01-01 08:27:30 | INFO     | [DAY_START] Processing 13FEB
2026-01-01 08:27:30 | INFO     | [lf.day.start] Processing ATZ-ELQ for 13FEB
2026-01-01 08:27:31 | WARNING  | [lf.day.no_flights] No direct flights on 13FEB
2026-01-01 08:27:31 | INFO     | [SUCCESS] Day 13FEB
2026-01-01 08:27:31 | INFO     | [DAY_START] Processing 12FEB
2026-01-01 08:27:31 | INFO     | [lf.day.start] Processing ATZ-ELQ for 12FEB
2026-01-01 08:27:32 | WARNING  | [lf.day.no_flights] No direct flights on 12FEB
2026-01-01 08:27:32 | INFO     | [SUCCESS] Day 12FEB
2026-01-01 08:27:32 | INFO     | [DAY_START] Processing 11FEB
2026-01-01 08:27:32 | INFO     | [lf.day.start] Processing ATZ-ELQ for 11FEB
2026-01-01 08:27:33 | WARNING  | [lf.day.no_flights] No direct flights on 11FEB
2026-01-01 08:27:33 | INFO     | [SUCCESS] Day 11FEB
2026-01-01 08:27:33 | INFO     | [DAY_START] Processing 10FEB
2026-01-01 08:27:33 | INFO     | [lf.day.start] Processing ATZ-ELQ for 10FEB
2026-01-01 08:27:34 | INFO     | [lf.day.flights_found] Found 1 flights on 10FEB
2026-01-01 08:27:36 | INFO     | [lf.flight.extracted] SM435 on 10FEB: BKG=2, LF=1.1%
2026-01-01 08:27:39 | INFO     | [SUCCESS] Day 10FEB
2026-01-01 08:27:39 | INFO     | [DAY_START] Processing 09FEB
2026-01-01 08:27:39 | INFO     | [lf.day.start] Processing ATZ-ELQ for 09FEB
2026-01-01 08:27:40 | WARNING  | [lf.day.no_flights] No direct flights on 09FEB
2026-01-01 08:27:40 | INFO     | [SUCCESS] Day 09FEB
2026-01-01 08:27:40 | INFO     | [DAY_START] Processing 08FEB
2026-01-01 08:27:40 | INFO     | [lf.day.start] Processing ATZ-ELQ for 08FEB
2026-01-01 08:27:41 | WARNING  | [lf.day.no_flights] No direct flights on 08FEB
2026-01-01 08:27:41 | INFO     | [SUCCESS] Day 08FEB
2026-01-01 08:27:41 | INFO     | [SUCCESS] LF Search Complete
2026-01-01 08:27:43 | INFO     | [Worker_9233] Completed: ATZ-ELQ - 7 results, 0 errors
2026-01-01 08:27:43 | INFO     | [Worker_9233] Processing: JED-HBE
2026-01-01 08:27:43 | INFO     |   Tier 0: Range 2, Chunk 4/4 (7 days)
