2026-01-01 08:09:51 | INFO     | ======================================================================
2026-01-01 08:09:51 | INFO     | Load Factor Scraper Started - Route: ASW-JED
2026-01-01 08:09:51 | INFO     | Log file: D:\CODERED\LAB\market_insights\outputs\run_generated_010126_at_08.01\logs\LF_ASW-JED_20260101_080951.log
2026-01-01 08:09:51 | INFO     | Enhanced logging: Capturing both logging.info() and print()
2026-01-01 08:09:51 | INFO     | ======================================================================
2026-01-01 08:09:51 | INFO     | Starting LF search for route: ASW-JED
2026-01-01 08:09:51 | INFO     | [START] LF Search
2026-01-01 08:09:53 | INFO     | [HEALTH CHECK] [OK] Chrome connection is healthy
2026-01-01 08:09:53 | INFO     | [DAY_START] Processing 18MAR
2026-01-01 08:09:53 | INFO     | [lf.day.start] Processing ASW-JED for 18MAR
2026-01-01 08:09:53 | WARNING  | [lf.day.no_flights] No direct flights on 18MAR
2026-01-01 08:09:54 | INFO     | [SUCCESS] Day 18MAR
2026-01-01 08:09:54 | INFO     | [DAY_START] Processing 17MAR
2026-01-01 08:09:54 | INFO     | [lf.day.start] Processing ASW-JED for 17MAR
2026-01-01 08:09:55 | WARNING  | [lf.day.no_flights] No direct flights on 17MAR
2026-01-01 08:09:55 | INFO     | [SUCCESS] Day 17MAR
2026-01-01 08:09:55 | INFO     | [DAY_START] Processing 16MAR
2026-01-01 08:09:55 | INFO     | [lf.day.start] Processing ASW-JED for 16MAR
2026-01-01 08:09:56 | WARNING  | [lf.day.no_flights] No direct flights on 16MAR
2026-01-01 08:09:56 | INFO     | [SUCCESS] Day 16MAR
2026-01-01 08:09:56 | INFO     | [DAY_START] Processing 15MAR
2026-01-01 08:09:56 | INFO     | [lf.day.start] Processing ASW-JED for 15MAR
2026-01-01 08:09:57 | WARNING  | [lf.day.no_flights] No direct flights on 15MAR
2026-01-01 08:09:57 | INFO     | [SUCCESS] Day 15MAR
2026-01-01 08:09:57 | INFO     | [DAY_START] Processing 14MAR
2026-01-01 08:09:57 | INFO     | [lf.day.start] Processing ASW-JED for 14MAR
2026-01-01 08:09:58 | WARNING  | [lf.day.no_flights] No direct flights on 14MAR
2026-01-01 08:09:58 | INFO     | [SUCCESS] Day 14MAR
2026-01-01 08:09:58 | INFO     | [DAY_START] Processing 13MAR
2026-01-01 08:09:58 | INFO     | [lf.day.start] Processing ASW-JED for 13MAR
2026-01-01 08:09:59 | WARNING  | [lf.day.no_flights] No direct flights on 13MAR
2026-01-01 08:09:59 | INFO     | [SUCCESS] Day 13MAR
2026-01-01 08:09:59 | INFO     | [SUCCESS] LF Search Complete
2026-01-01 08:10:01 | INFO     | [Worker_9227] Completed: ASW-JED - 6 results, 0 errors
2026-01-01 08:10:01 | INFO     | [Worker_9227] Processing: ATZ-DMM
2026-01-01 08:10:01 | INFO     |   Tier 0: Range 3, Chunk 3/5 (6 days)
