2026-01-01 08:07:43 | INFO     | ======================================================================
2026-01-01 08:07:43 | INFO     | Load Factor Scraper Started - Route: CAI-ELQ
2026-01-01 08:07:43 | INFO     | Log file: D:\CODERED\LAB\market_insights\outputs\run_generated_010126_at_08.01\logs\LF_CAI-ELQ_20260101_080743.log
2026-01-01 08:07:43 | INFO     | Enhanced logging: Capturing both logging.info() and print()
2026-01-01 08:07:43 | INFO     | ======================================================================
2026-01-01 08:07:43 | INFO     | Starting LF search for route: CAI-ELQ
2026-01-01 08:07:43 | INFO     | [START] LF Search
2026-01-01 08:07:45 | INFO     | [HEALTH CHECK] [OK] Chrome connection is healthy
2026-01-01 08:07:45 | INFO     | [DAY_START] Processing 24MAR
2026-01-01 08:07:45 | INFO     | [lf.day.start] Processing CAI-ELQ for 24MAR
2026-01-01 08:07:46 | WARNING  | [lf.day.no_flights] No direct flights on 24MAR
2026-01-01 08:07:46 | INFO     | [SUCCESS] Day 24MAR
2026-01-01 08:07:46 | INFO     | [DAY_START] Processing 23MAR
2026-01-01 08:07:46 | INFO     | [lf.day.start] Processing CAI-ELQ for 23MAR
2026-01-01 08:07:47 | WARNING  | [lf.day.no_flights] No direct flights on 23MAR
2026-01-01 08:07:47 | INFO     | [SUCCESS] Day 23MAR
2026-01-01 08:07:47 | INFO     | [DAY_START] Processing 22MAR
2026-01-01 08:07:47 | INFO     | [lf.day.start] Processing CAI-ELQ for 22MAR
2026-01-01 08:07:48 | INFO     | [lf.day.flights_found] Found 1 flights on 22MAR
2026-01-01 08:07:50 | INFO     | [lf.flight.extracted] SM427 on 22MAR: BKG=0, LF=0.0%
2026-01-01 08:07:51 | INFO     | [SUCCESS] Day 22MAR
2026-01-01 08:07:51 | INFO     | [DAY_START] Processing 21MAR
2026-01-01 08:07:51 | INFO     | [lf.day.start] Processing CAI-ELQ for 21MAR
2026-01-01 08:07:52 | WARNING  | [lf.day.no_flights] No direct flights on 21MAR
2026-01-01 08:07:52 | INFO     | [SUCCESS] Day 21MAR
2026-01-01 08:07:52 | INFO     | [DAY_START] Processing 20MAR
2026-01-01 08:07:52 | INFO     | [lf.day.start] Processing CAI-ELQ for 20MAR
2026-01-01 08:07:53 | INFO     | [lf.day.flights_found] Found 1 flights on 20MAR
2026-01-01 08:07:56 | INFO     | [lf.flight.extracted] SM427 on 20MAR: BKG=3, LF=1.7%
2026-01-01 08:07:58 | INFO     | [SUCCESS] Day 20MAR
2026-01-01 08:07:58 | INFO     | [DAY_START] Processing 19MAR
2026-01-01 08:07:58 | INFO     | [lf.day.start] Processing CAI-ELQ for 19MAR
2026-01-01 08:08:00 | INFO     | [lf.day.flights_found] Found 1 flights on 19MAR
2026-01-01 08:08:03 | INFO     | [lf.flight.extracted] SM427 on 19MAR: BKG=1, LF=0.6%
2026-01-01 08:08:06 | INFO     | [SUCCESS] Day 19MAR
2026-01-01 08:08:06 | INFO     | [SUCCESS] LF Search Complete
2026-01-01 08:08:08 | INFO     | [Worker_9222] Completed: CAI-ELQ - 6 results, 0 errors
2026-01-01 08:08:08 | INFO     | [Worker_9222] Processing: JED-CAI
2026-01-01 08:08:08 | INFO     |   Tier 0: Range 3, Chunk 3/5 (6 days)
