2026-01-01 08:12:47 | INFO     | ======================================================================
2026-01-01 08:12:47 | INFO     | Load Factor Scraper Started - Route: CAI-AJF
2026-01-01 08:12:47 | INFO     | Log file: D:\CODERED\LAB\market_insights\outputs\run_generated_010126_at_08.01\logs\LF_CAI-AJF_20260101_081247.log
2026-01-01 08:12:47 | INFO     | Enhanced logging: Capturing both logging.info() and print()
2026-01-01 08:12:47 | INFO     | ======================================================================
2026-01-01 08:12:47 | INFO     | Starting LF search for route: CAI-AJF
2026-01-01 08:12:47 | INFO     | [START] LF Search
2026-01-01 08:12:49 | INFO     | [HEALTH CHECK] [OK] Chrome connection is healthy
2026-01-01 08:12:49 | INFO     | [DAY_START] Processing 12MAR
2026-01-01 08:12:49 | INFO     | [lf.day.start] Processing CAI-AJF for 12MAR
2026-01-01 08:12:50 | INFO     | [lf.day.flights_found] Found 1 flights on 12MAR
2026-01-01 08:12:52 | INFO     | [lf.flight.extracted] SM321 on 12MAR: BKG=0, LF=0.0%
2026-01-01 08:12:53 | INFO     | [SUCCESS] Day 12MAR
2026-01-01 08:12:53 | INFO     | [DAY_START] Processing 11MAR
2026-01-01 08:12:53 | INFO     | [lf.day.start] Processing CAI-AJF for 11MAR
2026-01-01 08:12:54 | WARNING  | [lf.day.no_flights] No direct flights on 11MAR
2026-01-01 08:12:54 | INFO     | [SUCCESS] Day 11MAR
2026-01-01 08:12:54 | INFO     | [DAY_START] Processing 10MAR
2026-01-01 08:12:54 | INFO     | [lf.day.start] Processing CAI-AJF for 10MAR
2026-01-01 08:12:55 | INFO     | [lf.day.flights_found] Found 1 flights on 10MAR
2026-01-01 08:12:57 | INFO     | [lf.flight.extracted] SM321 on 10MAR: BKG=0, LF=0.0%
2026-01-01 08:12:58 | INFO     | [SUCCESS] Day 10MAR
2026-01-01 08:12:58 | INFO     | [DAY_START] Processing 09MAR
2026-01-01 08:12:58 | INFO     | [lf.day.start] Processing CAI-AJF for 09MAR
2026-01-01 08:12:59 | WARNING  | [lf.day.no_flights] No direct flights on 09MAR
2026-01-01 08:12:59 | INFO     | [SUCCESS] Day 09MAR
2026-01-01 08:12:59 | INFO     | [DAY_START] Processing 08MAR
2026-01-01 08:12:59 | INFO     | [lf.day.start] Processing CAI-AJF for 08MAR
2026-01-01 08:13:00 | WARNING  | [lf.day.no_flights] No direct flights on 08MAR
2026-01-01 08:13:00 | INFO     | [SUCCESS] Day 08MAR
2026-01-01 08:13:00 | INFO     | [DAY_START] Processing 07MAR
2026-01-01 08:13:00 | INFO     | [lf.day.start] Processing CAI-AJF for 07MAR
2026-01-01 08:13:01 | INFO     | [lf.day.flights_found] Found 1 flights on 07MAR
2026-01-01 08:13:03 | INFO     | [lf.flight.extracted] SM321 on 07MAR: BKG=2, LF=1.1%
2026-01-01 08:13:05 | INFO     | [SUCCESS] Day 07MAR
2026-01-01 08:13:05 | INFO     | [SUCCESS] LF Search Complete
2026-01-01 08:13:07 | INFO     | [Worker_9223] Completed: CAI-AJF - 6 results, 0 errors
2026-01-01 08:13:07 | INFO     | [Worker_9223] Processing: ATZ-ELQ
2026-01-01 08:13:07 | INFO     |   Tier 0: Range 3, Chunk 4/5 (6 days)
