2026-01-01 08:14:58 | INFO     | ======================================================================
2026-01-01 08:14:58 | INFO     | Load Factor Scraper Started - Route: CAI-JED
2026-01-01 08:14:58 | INFO     | Log file: D:\CODERED\LAB\market_insights\outputs\run_generated_010126_at_08.01\logs\LF_CAI-JED_20260101_081458.log
2026-01-01 08:14:58 | INFO     | Enhanced logging: Capturing both logging.info() and print()
2026-01-01 08:14:58 | INFO     | ======================================================================
2026-01-01 08:14:58 | INFO     | Starting LF search for route: CAI-JED
2026-01-01 08:14:58 | INFO     | [START] LF Search
2026-01-01 08:14:59 | INFO     | [HEALTH CHECK] [OK] Chrome connection is healthy
2026-01-01 08:14:59 | INFO     | [DAY_START] Processing 06MAR
2026-01-01 08:14:59 | INFO     | [lf.day.start] Processing CAI-JED for 06MAR
2026-01-01 08:15:00 | INFO     | [lf.day.flights_found] Found 5 flights on 06MAR
2026-01-01 08:15:03 | INFO     | [lf.flight.extracted] SM475 on 06MAR: BKG=2, LF=1.1%
2026-01-01 08:15:06 | INFO     | [lf.flight.extracted] SM477 on 06MAR: BKG=11, LF=6.2%
2026-01-01 08:15:09 | INFO     | [lf.flight.extracted] SM479 on 06MAR: BKG=2, LF=1.1%
2026-01-01 08:15:12 | INFO     | [lf.flight.extracted] SM471 on 06MAR: BKG=0, LF=0.0%
2026-01-01 08:15:15 | INFO     | [lf.flight.extracted] SM459 on 06MAR: BKG=0, LF=0.0%
2026-01-01 08:15:20 | INFO     | [SUCCESS] Day 06MAR
2026-01-01 08:15:20 | INFO     | [DAY_START] Processing 05MAR
2026-01-01 08:15:20 | INFO     | [lf.day.start] Processing CAI-JED for 05MAR
2026-01-01 08:15:22 | INFO     | [lf.day.flights_found] Found 6 flights on 05MAR
2026-01-01 08:15:25 | INFO     | [lf.flight.extracted] SM449 on 05MAR: BKG=1, LF=0.6%
2026-01-01 08:15:28 | INFO     | [lf.flight.extracted] SM475 on 05MAR: BKG=2, LF=1.1%
2026-01-01 08:15:31 | INFO     | [lf.flight.extracted] SM431 on 05MAR: BKG=0, LF=0.0%
2026-01-01 08:15:35 | INFO     | [lf.flight.extracted] SM477 on 05MAR: BKG=0, LF=0.0%
2026-01-01 08:15:38 | INFO     | [lf.flight.extracted] SM479 on 05MAR: BKG=1, LF=0.6%
2026-01-01 08:15:41 | INFO     | [lf.flight.extracted] SM423 on 05MAR: BKG=42, LF=23.9%
2026-01-01 08:15:47 | INFO     | [SUCCESS] Day 05MAR
2026-01-01 08:15:47 | INFO     | [DAY_START] Processing 04MAR
2026-01-01 08:15:47 | INFO     | [lf.day.start] Processing CAI-JED for 04MAR
2026-01-01 08:15:48 | INFO     | [lf.day.flights_found] Found 5 flights on 04MAR
2026-01-01 08:15:51 | INFO     | [lf.flight.extracted] SM423 on 04MAR: BKG=0, LF=0.0%
2026-01-01 08:15:54 | INFO     | [lf.flight.extracted] SM475 on 04MAR: BKG=3, LF=1.7%
2026-01-01 08:15:58 | INFO     | [lf.flight.extracted] SM459 on 04MAR: BKG=0, LF=0.0%
2026-01-01 08:16:03 | INFO     | [lf.flight.extracted] SM477 on 04MAR: BKG=9, LF=5.0%
2026-01-01 08:16:07 | INFO     | [lf.flight.extracted] SM471 on 04MAR: BKG=2, LF=1.1%
2026-01-01 08:16:13 | INFO     | [SUCCESS] Day 04MAR
2026-01-01 08:16:13 | INFO     | [DAY_START] Processing 03MAR
2026-01-01 08:16:13 | INFO     | [lf.day.start] Processing CAI-JED for 03MAR
2026-01-01 08:16:14 | INFO     | [lf.day.flights_found] Found 6 flights on 03MAR
2026-01-01 08:16:16 | INFO     | [lf.flight.extracted] SM471 on 03MAR: BKG=1, LF=0.6%
2026-01-01 08:16:20 | INFO     | [lf.flight.extracted] SM479 on 03MAR: BKG=0, LF=0.0%
2026-01-01 08:16:24 | INFO     | [lf.flight.extracted] SM477 on 03MAR: BKG=0, LF=0.0%
2026-01-01 08:16:34 | INFO     | [lf.flight.extracted] SM459 on 03MAR: BKG=1, LF=0.6%
2026-01-01 08:16:41 | INFO     | [lf.flight.extracted] SM423 on 03MAR: BKG=0, LF=0.0%
2026-01-01 08:16:46 | INFO     | [lf.flight.extracted] SM475 on 03MAR: BKG=0, LF=0.0%
2026-01-01 08:16:50 | INFO     | [SUCCESS] Day 03MAR
2026-01-01 08:16:50 | INFO     | [DAY_START] Processing 02MAR
2026-01-01 08:16:50 | INFO     | [lf.day.start] Processing CAI-JED for 02MAR
2026-01-01 08:16:51 | INFO     | [lf.day.flights_found] Found 3 flights on 02MAR
2026-01-01 08:16:53 | INFO     | [lf.flight.extracted] SM475 on 02MAR: BKG=2, LF=1.1%
2026-01-01 08:16:59 | INFO     | [lf.flight.extracted] SM477 on 02MAR: BKG=3, LF=1.7%
2026-01-01 08:17:06 | INFO     | [lf.flight.extracted] SM459 on 02MAR: BKG=3, LF=1.7%
2026-01-01 08:17:19 | INFO     | [SUCCESS] Day 02MAR
2026-01-01 08:17:19 | INFO     | [DAY_START] Processing 01MAR
2026-01-01 08:17:19 | INFO     | [lf.day.start] Processing CAI-JED for 01MAR
2026-01-01 08:17:23 | INFO     | [lf.day.flights_found] Found 5 flights on 01MAR
2026-01-01 08:17:27 | INFO     | [lf.flight.extracted] SM475 on 01MAR: BKG=0, LF=0.0%
2026-01-01 08:17:31 | INFO     | [lf.flight.extracted] SM431 on 01MAR: BKG=0, LF=0.0%
2026-01-01 08:17:36 | INFO     | [lf.flight.extracted] SM459 on 01MAR: BKG=0, LF=0.0%
2026-01-01 08:17:41 | INFO     | [lf.flight.extracted] SM477 on 01MAR: BKG=0, LF=0.0%
2026-01-01 08:17:46 | INFO     | [lf.flight.extracted] SM479 on 01MAR: BKG=1, LF=0.6%
2026-01-01 08:17:49 | INFO     | [SUCCESS] Day 01MAR
2026-01-01 08:17:49 | INFO     | [SUCCESS] LF Search Complete
2026-01-01 08:17:51 | INFO     | [Worker_9234] Completed: CAI-JED - 6 results, 0 errors
2026-01-01 08:17:51 | INFO     | [Worker_9234] Processing: DMM-ATZ
2026-01-01 08:17:51 | INFO     |   Tier 0: Range 2, Chunk 1/4 (7 days)
