2026-01-01 08:34:03 | INFO     | ======================================================================
2026-01-01 08:34:03 | INFO     | Load Factor Scraper Started - Route: CAI-YNB
2026-01-01 08:34:03 | INFO     | Log file: D:\CODERED\LAB\market_insights\outputs\run_generated_010126_at_08.01\logs\LF_CAI-YNB_20260101_083403.log
2026-01-01 08:34:03 | INFO     | Enhanced logging: Capturing both logging.info() and print()
2026-01-01 08:34:03 | INFO     | ======================================================================
2026-01-01 08:34:03 | INFO     | Starting LF search for route: CAI-YNB
2026-01-01 08:34:03 | INFO     | [START] LF Search
2026-01-01 08:34:05 | INFO     | [HEALTH CHECK] [OK] Chrome connection is healthy
2026-01-01 08:34:05 | INFO     | [DAY_START] Processing 31JAN
2026-01-01 08:34:05 | INFO     | [lf.day.start] Processing CAI-YNB for 31JAN
2026-01-01 08:34:06 | INFO     | [lf.day.flights_found] Found 1 flights on 31JAN
2026-01-01 08:34:08 | INFO     | [lf.flight.extracted] SM441 on 31JAN: BKG=152, LF=84.9%
2026-01-01 08:34:11 | INFO     | [SUCCESS] Day 31JAN
2026-01-01 08:34:11 | INFO     | [DAY_START] Processing 30JAN
2026-01-01 08:34:11 | INFO     | [lf.day.start] Processing CAI-YNB for 30JAN
2026-01-01 08:34:12 | INFO     | [lf.day.flights_found] Found 1 flights on 30JAN
2026-01-01 08:34:14 | INFO     | [lf.flight.extracted] SM441 on 30JAN: BKG=54, LF=30.2%
2026-01-01 08:34:17 | INFO     | [SUCCESS] Day 30JAN
2026-01-01 08:34:17 | INFO     | [DAY_START] Processing 29JAN
2026-01-01 08:34:17 | INFO     | [lf.day.start] Processing CAI-YNB for 29JAN
2026-01-01 08:34:18 | INFO     | [lf.day.flights_found] Found 1 flights on 29JAN
2026-01-01 08:34:20 | INFO     | [lf.flight.extracted] SM441 on 29JAN: BKG=138, LF=77.1%
2026-01-01 08:34:23 | INFO     | [SUCCESS] Day 29JAN
2026-01-01 08:34:23 | INFO     | [DAY_START] Processing 28JAN
2026-01-01 08:34:23 | INFO     | [lf.day.start] Processing CAI-YNB for 28JAN
2026-01-01 08:34:24 | INFO     | [lf.day.flights_found] Found 1 flights on 28JAN
2026-01-01 08:34:26 | INFO     | [lf.flight.extracted] SM441 on 28JAN: BKG=145, LF=81.0%
2026-01-01 08:34:29 | INFO     | [SUCCESS] Day 28JAN
2026-01-01 08:34:29 | INFO     | [DAY_START] Processing 27JAN
2026-01-01 08:34:29 | INFO     | [lf.day.start] Processing CAI-YNB for 27JAN
2026-01-01 08:34:30 | INFO     | [lf.day.flights_found] Found 1 flights on 27JAN
2026-01-01 08:34:32 | INFO     | [lf.flight.extracted] SM441 on 27JAN: BKG=145, LF=81.0%
2026-01-01 08:34:35 | INFO     | [SUCCESS] Day 27JAN
2026-01-01 08:34:35 | INFO     | [DAY_START] Processing 26JAN
2026-01-01 08:34:35 | INFO     | [lf.day.start] Processing CAI-YNB for 26JAN
2026-01-01 08:34:36 | INFO     | [lf.day.flights_found] Found 1 flights on 26JAN
2026-01-01 08:34:38 | INFO     | [lf.flight.extracted] SM441 on 26JAN: BKG=146, LF=81.6%
2026-01-01 08:34:41 | INFO     | [SUCCESS] Day 26JAN
2026-01-01 08:34:41 | INFO     | [DAY_START] Processing 25JAN
2026-01-01 08:34:41 | INFO     | [lf.day.start] Processing CAI-YNB for 25JAN
2026-01-01 08:34:42 | INFO     | [lf.day.flights_found] Found 1 flights on 25JAN
2026-01-01 08:34:44 | INFO     | [lf.flight.extracted] SM441 on 25JAN: BKG=159, LF=88.8%
2026-01-01 08:34:48 | INFO     | [SUCCESS] Day 25JAN
2026-01-01 08:34:48 | INFO     | [SUCCESS] LF Search Complete
2026-01-01 08:34:50 | INFO     | [Worker_9223] Completed: CAI-YNB - 7 results, 0 errors
2026-01-01 08:34:50 | INFO     | [Worker_9223] Processing: JED-ASW
2026-01-01 08:34:50 | INFO     |   Tier 0: Range 1, Chunk 2/5 (6 days)
