2026-01-01 08:26:34 | INFO     | ======================================================================
2026-01-01 08:26:34 | INFO     | Load Factor Scraper Started - Route: CAI-RUH
2026-01-01 08:26:34 | INFO     | Log file: D:\CODERED\LAB\market_insights\outputs\run_generated_010126_at_08.01\logs\LF_CAI-RUH_20260101_082634.log
2026-01-01 08:26:34 | INFO     | Enhanced logging: Capturing both logging.info() and print()
2026-01-01 08:26:34 | INFO     | ======================================================================
2026-01-01 08:26:34 | INFO     | Starting LF search for route: CAI-RUH
2026-01-01 08:26:34 | INFO     | [START] LF Search
2026-01-01 08:26:35 | INFO     | [HEALTH CHECK] [OK] Chrome connection is healthy
2026-01-01 08:26:35 | INFO     | [DAY_START] Processing 14FEB
2026-01-01 08:26:35 | INFO     | [lf.day.start] Processing CAI-RUH for 14FEB
2026-01-01 08:26:36 | INFO     | [lf.day.flights_found] Found 1 flights on 14FEB
2026-01-01 08:26:38 | INFO     | [lf.flight.extracted] SM461 on 14FEB: BKG=0, LF=0.0%
2026-01-01 08:26:39 | INFO     | [SUCCESS] Day 14FEB
2026-01-01 08:26:39 | INFO     | [DAY_START] Processing 13FEB
2026-01-01 08:26:39 | INFO     | [lf.day.start] Processing CAI-RUH for 13FEB
2026-01-01 08:26:40 | INFO     | [lf.day.flights_found] Found 2 flights on 13FEB
2026-01-01 08:26:42 | INFO     | [lf.flight.extracted] SM461 on 13FEB: BKG=0, LF=0.0%
2026-01-01 08:26:46 | INFO     | [lf.flight.extracted] SM469 on 13FEB: BKG=1, LF=0.6%
2026-01-01 08:26:48 | INFO     | [SUCCESS] Day 13FEB
2026-01-01 08:26:48 | INFO     | [DAY_START] Processing 12FEB
2026-01-01 08:26:48 | INFO     | [lf.day.start] Processing CAI-RUH for 12FEB
2026-01-01 08:26:49 | INFO     | [lf.day.flights_found] Found 1 flights on 12FEB
2026-01-01 08:26:52 | INFO     | [lf.flight.extracted] SM461 on 12FEB: BKG=0, LF=0.0%
2026-01-01 08:26:53 | INFO     | [SUCCESS] Day 12FEB
2026-01-01 08:26:53 | INFO     | [DAY_START] Processing 11FEB
2026-01-01 08:26:53 | INFO     | [lf.day.start] Processing CAI-RUH for 11FEB
2026-01-01 08:26:54 | INFO     | [lf.day.flights_found] Found 2 flights on 11FEB
2026-01-01 08:26:56 | INFO     | [lf.flight.extracted] SM461 on 11FEB: BKG=0, LF=0.0%
2026-01-01 08:26:59 | INFO     | [lf.flight.extracted] SM469 on 11FEB: BKG=1, LF=0.6%
2026-01-01 08:27:02 | INFO     | [SUCCESS] Day 11FEB
2026-01-01 08:27:02 | INFO     | [DAY_START] Processing 10FEB
2026-01-01 08:27:02 | INFO     | [lf.day.start] Processing CAI-RUH for 10FEB
2026-01-01 08:27:03 | INFO     | [lf.day.flights_found] Found 1 flights on 10FEB
2026-01-01 08:27:05 | INFO     | [lf.flight.extracted] SM469 on 10FEB: BKG=0, LF=0.0%
2026-01-01 08:27:06 | INFO     | [SUCCESS] Day 10FEB
2026-01-01 08:27:06 | INFO     | [DAY_START] Processing 09FEB
2026-01-01 08:27:06 | INFO     | [lf.day.start] Processing CAI-RUH for 09FEB
2026-01-01 08:27:07 | INFO     | [lf.day.flights_found] Found 1 flights on 09FEB
2026-01-01 08:27:09 | INFO     | [lf.flight.extracted] SM469 on 09FEB: BKG=8, LF=4.5%
2026-01-01 08:27:12 | INFO     | [SUCCESS] Day 09FEB
2026-01-01 08:27:12 | INFO     | [DAY_START] Processing 08FEB
2026-01-01 08:27:12 | INFO     | [lf.day.start] Processing CAI-RUH for 08FEB
2026-01-01 08:27:13 | INFO     | [lf.day.flights_found] Found 1 flights on 08FEB
2026-01-01 08:27:15 | INFO     | [lf.flight.extracted] SM461 on 08FEB: BKG=6, LF=3.4%
2026-01-01 08:27:18 | INFO     | [SUCCESS] Day 08FEB
2026-01-01 08:27:18 | INFO     | [SUCCESS] LF Search Complete
2026-01-01 08:27:20 | INFO     | [Worker_9224] Completed: CAI-RUH - 7 results, 0 errors
2026-01-01 08:27:20 | INFO     | [Worker_9224] Processing: ATZ-AHB
2026-01-01 08:27:20 | INFO     |   Tier 0: Range 2, Chunk 3/4 (7 days)
