2026-01-01 08:26:42 | INFO     | ======================================================================
2026-01-01 08:26:42 | INFO     | Load Factor Scraper Started - Route: CAI-TUU
2026-01-01 08:26:42 | INFO     | Log file: D:\CODERED\LAB\market_insights\outputs\run_generated_010126_at_08.01\logs\LF_CAI-TUU_20260101_082642.log
2026-01-01 08:26:42 | INFO     | Enhanced logging: Capturing both logging.info() and print()
2026-01-01 08:26:42 | INFO     | ======================================================================
2026-01-01 08:26:42 | INFO     | Starting LF search for route: CAI-TUU
2026-01-01 08:26:42 | INFO     | [START] LF Search
2026-01-01 08:26:43 | INFO     | [HEALTH CHECK] [OK] Chrome connection is healthy
2026-01-01 08:26:44 | INFO     | [DAY_START] Processing 14FEB
2026-01-01 08:26:44 | INFO     | [lf.day.start] Processing CAI-TUU for 14FEB
2026-01-01 08:26:45 | INFO     | [lf.day.flights_found] Found 1 flights on 14FEB
2026-01-01 08:26:47 | INFO     | [lf.flight.extracted] SM325 on 14FEB: BKG=1, LF=0.6%
2026-01-01 08:26:50 | INFO     | [SUCCESS] Day 14FEB
2026-01-01 08:26:50 | INFO     | [DAY_START] Processing 13FEB
2026-01-01 08:26:50 | INFO     | [lf.day.start] Processing CAI-TUU for 13FEB
2026-01-01 08:26:51 | WARNING  | [lf.day.no_flights] No direct flights on 13FEB
2026-01-01 08:26:51 | INFO     | [SUCCESS] Day 13FEB
2026-01-01 08:26:51 | INFO     | [DAY_START] Processing 12FEB
2026-01-01 08:26:51 | INFO     | [lf.day.start] Processing CAI-TUU for 12FEB
2026-01-01 08:26:52 | INFO     | [lf.day.flights_found] Found 1 flights on 12FEB
2026-01-01 08:26:55 | INFO     | [lf.flight.extracted] SM325 on 12FEB: BKG=0, LF=0.0%
2026-01-01 08:26:56 | INFO     | [SUCCESS] Day 12FEB
2026-01-01 08:26:56 | INFO     | [DAY_START] Processing 11FEB
2026-01-01 08:26:56 | INFO     | [lf.day.start] Processing CAI-TUU for 11FEB
2026-01-01 08:26:57 | INFO     | [lf.day.flights_found] Found 1 flights on 11FEB
2026-01-01 08:26:59 | INFO     | [lf.flight.extracted] SM325 on 11FEB: BKG=0, LF=0.0%
2026-01-01 08:27:00 | INFO     | [SUCCESS] Day 11FEB
2026-01-01 08:27:00 | INFO     | [DAY_START] Processing 10FEB
2026-01-01 08:27:00 | INFO     | [lf.day.start] Processing CAI-TUU for 10FEB
2026-01-01 08:27:01 | WARNING  | [lf.day.no_flights] No direct flights on 10FEB
2026-01-01 08:27:01 | INFO     | [SUCCESS] Day 10FEB
2026-01-01 08:27:01 | INFO     | [DAY_START] Processing 09FEB
2026-01-01 08:27:01 | INFO     | [lf.day.start] Processing CAI-TUU for 09FEB
2026-01-01 08:27:02 | WARNING  | [lf.day.no_flights] No direct flights on 09FEB
2026-01-01 08:27:02 | INFO     | [SUCCESS] Day 09FEB
2026-01-01 08:27:02 | INFO     | [DAY_START] Processing 08FEB
2026-01-01 08:27:02 | INFO     | [lf.day.start] Processing CAI-TUU for 08FEB
2026-01-01 08:27:03 | WARNING  | [lf.day.no_flights] No direct flights on 08FEB
2026-01-01 08:27:03 | INFO     | [SUCCESS] Day 08FEB
2026-01-01 08:27:03 | INFO     | [SUCCESS] LF Search Complete
2026-01-01 08:27:06 | INFO     | [Worker_9223] Completed: CAI-TUU - 7 results, 0 errors
2026-01-01 08:27:06 | INFO     | [Worker_9223] Processing: ATZ-AJF
2026-01-01 08:27:06 | INFO     |   Tier 0: Range 2, Chunk 3/4 (7 days)
