2026-01-01 08:18:35 | INFO     | ======================================================================
2026-01-01 08:18:35 | INFO     | Load Factor Scraper Started - Route: CAI-MED
2026-01-01 08:18:35 | INFO     | Log file: D:\CODERED\LAB\market_insights\outputs\run_generated_010126_at_08.01\logs\LF_CAI-MED_20260101_081835.log
2026-01-01 08:18:35 | INFO     | Enhanced logging: Capturing both logging.info() and print()
2026-01-01 08:18:35 | INFO     | ======================================================================
2026-01-01 08:18:35 | INFO     | Starting LF search for route: CAI-MED
2026-01-01 08:18:35 | INFO     | [START] LF Search
2026-01-01 08:18:37 | INFO     | [HEALTH CHECK] [OK] Chrome connection is healthy
2026-01-01 08:18:37 | INFO     | [DAY_START] Processing 28FEB
2026-01-01 08:18:37 | INFO     | [lf.day.start] Processing CAI-MED for 28FEB
2026-01-01 08:18:38 | INFO     | [lf.day.flights_found] Found 1 flights on 28FEB
2026-01-01 08:18:51 | INFO     | [lf.flight.extracted] SM493 on 28FEB: BKG=177, LF=98.9%
2026-01-01 08:18:55 | INFO     | [SUCCESS] Day 28FEB
2026-01-01 08:18:55 | INFO     | [DAY_START] Processing 27FEB
2026-01-01 08:18:55 | INFO     | [lf.day.start] Processing CAI-MED for 27FEB
2026-01-01 08:18:55 | WARNING  | [lf.day.no_flights] No direct flights on 27FEB
2026-01-01 08:18:56 | INFO     | [SUCCESS] Day 27FEB
2026-01-01 08:18:56 | INFO     | [DAY_START] Processing 26FEB
2026-01-01 08:18:56 | INFO     | [lf.day.start] Processing CAI-MED for 26FEB
2026-01-01 08:18:57 | INFO     | [lf.day.flights_found] Found 1 flights on 26FEB
2026-01-01 08:18:59 | INFO     | [lf.flight.extracted] SM493 on 26FEB: BKG=140, LF=79.5%
2026-01-01 08:19:03 | INFO     | [SUCCESS] Day 26FEB
2026-01-01 08:19:03 | INFO     | [DAY_START] Processing 25FEB
2026-01-01 08:19:03 | INFO     | [lf.day.start] Processing CAI-MED for 25FEB
2026-01-01 08:19:04 | WARNING  | [lf.day.no_flights] No direct flights on 25FEB
2026-01-01 08:19:04 | INFO     | [SUCCESS] Day 25FEB
2026-01-01 08:19:04 | INFO     | [DAY_START] Processing 24FEB
2026-01-01 08:19:04 | INFO     | [lf.day.start] Processing CAI-MED for 24FEB
2026-01-01 08:19:05 | INFO     | [lf.day.flights_found] Found 1 flights on 24FEB
2026-01-01 08:19:07 | INFO     | [lf.flight.extracted] SM493 on 24FEB: BKG=170, LF=95.0%
2026-01-01 08:19:11 | INFO     | [SUCCESS] Day 24FEB
2026-01-01 08:19:11 | INFO     | [DAY_START] Processing 23FEB
2026-01-01 08:19:11 | INFO     | [lf.day.start] Processing CAI-MED for 23FEB
2026-01-01 08:19:12 | INFO     | [lf.day.flights_found] Found 1 flights on 23FEB
2026-01-01 08:19:13 | INFO     | [lf.flight.extracted] SM495 on 23FEB: BKG=153, LF=85.5%
2026-01-01 08:19:17 | INFO     | [SUCCESS] Day 23FEB
2026-01-01 08:19:17 | INFO     | [DAY_START] Processing 22FEB
2026-01-01 08:19:17 | INFO     | [lf.day.start] Processing CAI-MED for 22FEB
2026-01-01 08:19:18 | INFO     | [lf.day.flights_found] Found 1 flights on 22FEB
2026-01-01 08:19:20 | INFO     | [lf.flight.extracted] SM493 on 22FEB: BKG=177, LF=98.9%
2026-01-01 08:19:25 | INFO     | [SUCCESS] Day 22FEB
2026-01-01 08:19:25 | INFO     | [SUCCESS] LF Search Complete
2026-01-01 08:19:27 | INFO     | [Worker_9234] Completed: CAI-MED - 7 results, 0 errors
2026-01-01 08:19:27 | INFO     | [Worker_9234] Processing: ASW-JED
2026-01-01 08:19:27 | INFO     |   Tier 0: Range 2, Chunk 1/4 (7 days)
