2026-01-01 08:22:25 | INFO     | ======================================================================
2026-01-01 08:22:25 | INFO     | Load Factor Scraper Started - Route: CAI-JED
2026-01-01 08:22:25 | INFO     | Log file: D:\CODERED\LAB\market_insights\outputs\run_generated_010126_at_08.01\logs\LF_CAI-JED_20260101_082225.log
2026-01-01 08:22:25 | INFO     | Enhanced logging: Capturing both logging.info() and print()
2026-01-01 08:22:25 | INFO     | ======================================================================
2026-01-01 08:22:25 | INFO     | Starting LF search for route: CAI-JED
2026-01-01 08:22:25 | INFO     | [START] LF Search
2026-01-01 08:22:26 | INFO     | [HEALTH CHECK] [OK] Chrome connection is healthy
2026-01-01 08:22:26 | INFO     | [DAY_START] Processing 21FEB
2026-01-01 08:22:26 | INFO     | [lf.day.start] Processing CAI-JED for 21FEB
2026-01-01 08:22:28 | INFO     | [lf.day.flights_found] Found 4 flights on 21FEB
2026-01-01 08:22:30 | INFO     | [lf.flight.extracted] SM449 on 21FEB: BKG=154, LF=86.0%
2026-01-01 08:22:33 | INFO     | [lf.flight.extracted] SM475 on 21FEB: BKG=154, LF=87.5%
2026-01-01 08:22:37 | INFO     | [lf.flight.extracted] SM477 on 21FEB: BKG=156, LF=87.2%
2026-01-01 08:22:40 | INFO     | [lf.flight.extracted] SM423 on 21FEB: BKG=155, LF=86.6%
2026-01-01 08:22:53 | INFO     | [SUCCESS] Day 21FEB
2026-01-01 08:22:53 | INFO     | [DAY_START] Processing 20FEB
2026-01-01 08:22:53 | INFO     | [lf.day.start] Processing CAI-JED for 20FEB
2026-01-01 08:22:54 | INFO     | [lf.day.flights_found] Found 6 flights on 20FEB
2026-01-01 08:22:56 | INFO     | [lf.flight.extracted] SM475 on 20FEB: BKG=157, LF=87.7%
2026-01-01 08:23:00 | INFO     | [lf.flight.extracted] SM975 on 20FEB: BKG=170, LF=95.0%
2026-01-01 08:23:03 | INFO     | [lf.flight.extracted] SM477 on 20FEB: BKG=154, LF=86.0%
2026-01-01 08:23:07 | INFO     | [lf.flight.extracted] SM479 on 20FEB: BKG=162, LF=90.5%
2026-01-01 08:23:11 | INFO     | [lf.flight.extracted] SM471 on 20FEB: BKG=154, LF=86.0%
2026-01-01 08:23:15 | INFO     | [lf.flight.extracted] SM459 on 20FEB: BKG=152, LF=86.4%
2026-01-01 08:23:31 | INFO     | [SUCCESS] Day 20FEB
2026-01-01 08:23:31 | INFO     | [DAY_START] Processing 19FEB
2026-01-01 08:23:31 | INFO     | [lf.day.start] Processing CAI-JED for 19FEB
2026-01-01 08:23:32 | INFO     | [lf.day.flights_found] Found 6 flights on 19FEB
2026-01-01 08:23:34 | INFO     | [lf.flight.extracted] SM449 on 19FEB: BKG=147, LF=82.1%
2026-01-01 08:23:38 | INFO     | [lf.flight.extracted] SM475 on 19FEB: BKG=148, LF=84.1%
2026-01-01 08:23:41 | INFO     | [lf.flight.extracted] SM431 on 19FEB: BKG=152, LF=84.9%
2026-01-01 08:23:44 | INFO     | [lf.flight.extracted] SM477 on 19FEB: BKG=161, LF=89.9%
2026-01-01 08:23:48 | INFO     | [lf.flight.extracted] SM479 on 19FEB: BKG=152, LF=84.9%
2026-01-01 08:23:51 | INFO     | [lf.flight.extracted] SM423 on 19FEB: BKG=150, LF=83.8%
2026-01-01 08:24:06 | INFO     | [SUCCESS] Day 19FEB
2026-01-01 08:24:06 | INFO     | [DAY_START] Processing 18FEB
2026-01-01 08:24:06 | INFO     | [lf.day.start] Processing CAI-JED for 18FEB
2026-01-01 08:24:07 | INFO     | [lf.day.flights_found] Found 6 flights on 18FEB
2026-01-01 08:24:09 | INFO     | [lf.flight.extracted] SM423 on 18FEB: BKG=145, LF=82.4%
2026-01-01 08:24:12 | INFO     | [lf.flight.extracted] SM475 on 18FEB: BKG=150, LF=83.8%
2026-01-01 08:24:15 | INFO     | [lf.flight.extracted] SM459 on 18FEB: BKG=145, LF=81.0%
2026-01-01 08:24:18 | INFO     | [lf.flight.extracted] SM477 on 18FEB: BKG=149, LF=83.2%
2026-01-01 08:24:21 | INFO     | [lf.flight.extracted] SM955 on 18FEB: BKG=170, LF=95.0%
2026-01-01 08:24:24 | INFO     | [lf.flight.extracted] SM471 on 18FEB: BKG=144, LF=80.5%
2026-01-01 08:24:33 | INFO     | [SUCCESS] Day 18FEB
2026-01-01 08:24:33 | INFO     | [DAY_START] Processing 17FEB
2026-01-01 08:24:33 | INFO     | [lf.day.start] Processing CAI-JED for 17FEB
2026-01-01 08:24:34 | INFO     | [lf.day.flights_found] Found 7 flights on 17FEB
2026-01-01 08:24:36 | INFO     | [lf.flight.extracted] SM471 on 17FEB: BKG=151, LF=84.4%
2026-01-01 08:24:39 | INFO     | [lf.flight.extracted] SM975 on 17FEB: BKG=180, LF=100.6%
2026-01-01 08:24:42 | INFO     | [lf.flight.extracted] SM479 on 17FEB: BKG=160, LF=89.4%
2026-01-01 08:24:46 | INFO     | [lf.flight.extracted] SM477 on 17FEB: BKG=152, LF=84.9%
2026-01-01 08:24:49 | INFO     | [lf.flight.extracted] SM459 on 17FEB: BKG=150, LF=85.2%
2026-01-01 08:24:52 | INFO     | [lf.flight.extracted] SM423 on 17FEB: BKG=155, LF=86.6%
2026-01-01 08:24:55 | INFO     | [lf.flight.extracted] SM475 on 17FEB: BKG=154, LF=86.0%
2026-01-01 08:25:11 | INFO     | [SUCCESS] Day 17FEB
2026-01-01 08:25:11 | INFO     | [DAY_START] Processing 16FEB
2026-01-01 08:25:11 | INFO     | [lf.day.start] Processing CAI-JED for 16FEB
2026-01-01 08:25:13 | INFO     | [lf.day.flights_found] Found 4 flights on 16FEB
2026-01-01 08:25:15 | INFO     | [lf.flight.extracted] SM475 on 16FEB: BKG=168, LF=93.8%
2026-01-01 08:25:18 | INFO     | [lf.flight.extracted] SM477 on 16FEB: BKG=161, LF=89.9%
2026-01-01 08:25:21 | INFO     | [lf.flight.extracted] SM459 on 16FEB: BKG=151, LF=84.4%
2026-01-01 08:25:25 | INFO     | [lf.flight.extracted] SM977 on 16FEB: BKG=170, LF=95.0%
2026-01-01 08:25:34 | INFO     | [SUCCESS] Day 16FEB
2026-01-01 08:25:34 | INFO     | [DAY_START] Processing 15FEB
2026-01-01 08:25:34 | INFO     | [lf.day.start] Processing CAI-JED for 15FEB
2026-01-01 08:25:35 | INFO     | [lf.day.flights_found] Found 6 flights on 15FEB
2026-01-01 08:25:37 | INFO     | [lf.flight.extracted] SM475 on 15FEB: BKG=153, LF=85.5%
2026-01-01 08:25:41 | INFO     | [lf.flight.extracted] SM431 on 15FEB: BKG=149, LF=83.2%
2026-01-01 08:25:44 | INFO     | [lf.flight.extracted] SM459 on 15FEB: BKG=152, LF=84.9%
2026-01-01 08:25:47 | INFO     | [lf.flight.extracted] SM477 on 15FEB: BKG=160, LF=90.9%
2026-01-01 08:25:50 | INFO     | [lf.flight.extracted] SM975 on 15FEB: BKG=170, LF=95.0%
2026-01-01 08:25:54 | INFO     | [lf.flight.extracted] SM479 on 15FEB: BKG=148, LF=82.7%
2026-01-01 08:26:07 | INFO     | [SUCCESS] Day 15FEB
2026-01-01 08:26:07 | INFO     | [SUCCESS] LF Search Complete
2026-01-01 08:26:09 | INFO     | [Worker_9232] Completed: CAI-JED - 7 results, 0 errors
2026-01-01 08:26:09 | INFO     | [Worker_9232] Processing: LXR-JED
2026-01-01 08:26:09 | INFO     |   Tier 0: Range 2, Chunk 3/4 (7 days)
