2026-01-01 08:23:56 | INFO     | ======================================================================
2026-01-01 08:23:56 | INFO     | Load Factor Scraper Started - Route: CAI-GIZ
2026-01-01 08:23:56 | INFO     | Log file: D:\CODERED\LAB\market_insights\outputs\run_generated_010126_at_08.01\logs\LF_CAI-GIZ_20260101_082356.log
2026-01-01 08:23:56 | INFO     | Enhanced logging: Capturing both logging.info() and print()
2026-01-01 08:23:56 | INFO     | ======================================================================
2026-01-01 08:23:56 | INFO     | Starting LF search for route: CAI-GIZ
2026-01-01 08:23:56 | INFO     | [START] LF Search
2026-01-01 08:23:58 | INFO     | [HEALTH CHECK] [OK] Chrome connection is healthy
2026-01-01 08:23:58 | INFO     | [DAY_START] Processing 21FEB
2026-01-01 08:23:58 | INFO     | [lf.day.start] Processing CAI-GIZ for 21FEB
2026-01-01 08:24:00 | INFO     | [lf.day.flights_found] Found 1 flights on 21FEB
2026-01-01 08:24:02 | INFO     | [lf.flight.extracted] SM329 on 21FEB: BKG=2, LF=1.1%
2026-01-01 08:24:05 | INFO     | [SUCCESS] Day 21FEB
2026-01-01 08:24:05 | INFO     | [DAY_START] Processing 20FEB
2026-01-01 08:24:05 | INFO     | [lf.day.start] Processing CAI-GIZ for 20FEB
2026-01-01 08:24:06 | WARNING  | [lf.day.no_flights] No direct flights on 20FEB
2026-01-01 08:24:06 | INFO     | [SUCCESS] Day 20FEB
2026-01-01 08:24:06 | INFO     | [DAY_START] Processing 19FEB
2026-01-01 08:24:06 | INFO     | [lf.day.start] Processing CAI-GIZ for 19FEB
2026-01-01 08:24:07 | INFO     | [lf.day.flights_found] Found 1 flights on 19FEB
2026-01-01 08:24:09 | INFO     | [lf.flight.extracted] SM329 on 19FEB: BKG=1, LF=0.6%
2026-01-01 08:24:12 | INFO     | [SUCCESS] Day 19FEB
2026-01-01 08:24:12 | INFO     | [DAY_START] Processing 18FEB
2026-01-01 08:24:12 | INFO     | [lf.day.start] Processing CAI-GIZ for 18FEB
2026-01-01 08:24:12 | WARNING  | [lf.day.no_flights] No direct flights on 18FEB
2026-01-01 08:24:13 | INFO     | [SUCCESS] Day 18FEB
2026-01-01 08:24:13 | INFO     | [DAY_START] Processing 17FEB
2026-01-01 08:24:13 | INFO     | [lf.day.start] Processing CAI-GIZ for 17FEB
2026-01-01 08:24:14 | WARNING  | [lf.day.no_flights] No direct flights on 17FEB
2026-01-01 08:24:14 | INFO     | [SUCCESS] Day 17FEB
2026-01-01 08:24:14 | INFO     | [DAY_START] Processing 16FEB
2026-01-01 08:24:14 | INFO     | [lf.day.start] Processing CAI-GIZ for 16FEB
2026-01-01 08:24:15 | WARNING  | [lf.day.no_flights] No direct flights on 16FEB
2026-01-01 08:24:15 | INFO     | [SUCCESS] Day 16FEB
2026-01-01 08:24:15 | INFO     | [DAY_START] Processing 15FEB
2026-01-01 08:24:15 | INFO     | [lf.day.start] Processing CAI-GIZ for 15FEB
2026-01-01 08:24:16 | WARNING  | [lf.day.no_flights] No direct flights on 15FEB
2026-01-01 08:24:16 | INFO     | [SUCCESS] Day 15FEB
2026-01-01 08:24:16 | INFO     | [SUCCESS] LF Search Complete
2026-01-01 08:24:18 | INFO     | [Worker_9227] Completed: CAI-GIZ - 7 results, 0 errors
2026-01-01 08:24:18 | INFO     | [Worker_9227] Processing: JED-LXR
2026-01-01 08:24:18 | INFO     |   Tier 0: Range 2, Chunk 3/4 (7 days)
