2026-01-01 08:07:39 | INFO     | ======================================================================
2026-01-01 08:07:39 | INFO     | Load Factor Scraper Started - Route: CAI-AHB
2026-01-01 08:07:39 | INFO     | Log file: D:\CODERED\LAB\market_insights\outputs\run_generated_010126_at_08.01\logs\LF_CAI-AHB_20260101_080739.log
2026-01-01 08:07:39 | INFO     | Enhanced logging: Capturing both logging.info() and print()
2026-01-01 08:07:39 | INFO     | ======================================================================
2026-01-01 08:07:39 | INFO     | Starting LF search for route: CAI-AHB
2026-01-01 08:07:39 | INFO     | [START] LF Search
2026-01-01 08:07:41 | INFO     | [HEALTH CHECK] [OK] Chrome connection is healthy
2026-01-01 08:07:41 | INFO     | [DAY_START] Processing 24MAR
2026-01-01 08:07:41 | INFO     | [lf.day.start] Processing CAI-AHB for 24MAR
2026-01-01 08:07:43 | WARNING  | [lf.day.no_flights] No direct flights on 24MAR
2026-01-01 08:07:43 | INFO     | [SUCCESS] Day 24MAR
2026-01-01 08:07:43 | INFO     | [DAY_START] Processing 23MAR
2026-01-01 08:07:43 | INFO     | [lf.day.start] Processing CAI-AHB for 23MAR
2026-01-01 08:07:44 | WARNING  | [lf.day.no_flights] No direct flights on 23MAR
2026-01-01 08:07:44 | INFO     | [SUCCESS] Day 23MAR
2026-01-01 08:07:44 | INFO     | [DAY_START] Processing 22MAR
2026-01-01 08:07:44 | INFO     | [lf.day.start] Processing CAI-AHB for 22MAR
2026-01-01 08:07:45 | WARNING  | [lf.day.no_flights] No direct flights on 22MAR
2026-01-01 08:07:46 | INFO     | [SUCCESS] Day 22MAR
2026-01-01 08:07:46 | INFO     | [DAY_START] Processing 21MAR
2026-01-01 08:07:46 | INFO     | [lf.day.start] Processing CAI-AHB for 21MAR
2026-01-01 08:07:47 | INFO     | [lf.day.flights_found] Found 1 flights on 21MAR
2026-01-01 08:07:48 | INFO     | [lf.flight.extracted] SM443 on 21MAR: BKG=19, LF=10.6%
2026-01-01 08:07:51 | INFO     | [SUCCESS] Day 21MAR
2026-01-01 08:07:51 | INFO     | [DAY_START] Processing 20MAR
2026-01-01 08:07:51 | INFO     | [lf.day.start] Processing CAI-AHB for 20MAR
2026-01-01 08:07:52 | WARNING  | [lf.day.no_flights] No direct flights on 20MAR
2026-01-01 08:07:52 | INFO     | [SUCCESS] Day 20MAR
2026-01-01 08:07:52 | INFO     | [DAY_START] Processing 19MAR
2026-01-01 08:07:52 | INFO     | [lf.day.start] Processing CAI-AHB for 19MAR
2026-01-01 08:07:53 | INFO     | [lf.day.flights_found] Found 1 flights on 19MAR
2026-01-01 08:07:56 | INFO     | [lf.flight.extracted] SM443 on 19MAR: BKG=2, LF=1.1%
2026-01-01 08:07:58 | INFO     | [SUCCESS] Day 19MAR
2026-01-01 08:07:58 | INFO     | [SUCCESS] LF Search Complete
2026-01-01 08:08:00 | INFO     | [Worker_9223] Completed: CAI-AHB - 6 results, 0 errors
2026-01-01 08:08:00 | INFO     | [Worker_9223] Processing: MED-ATZ
2026-01-01 08:08:00 | INFO     |   Tier 0: Range 3, Chunk 3/5 (6 days)
