2026-01-01 08:48:57 | INFO     | ======================================================================
2026-01-01 08:48:57 | INFO     | Load Factor Scraper Started - Route: CAI-RUH
2026-01-01 08:48:57 | INFO     | Log file: D:\CODERED\LAB\market_insights\outputs\run_generated_010126_at_08.01\logs\LF_CAI-RUH_20260101_084857.log
2026-01-01 08:48:57 | INFO     | Enhanced logging: Capturing both logging.info() and print()
2026-01-01 08:48:57 | INFO     | ======================================================================
2026-01-01 08:48:57 | INFO     | Starting LF search for route: CAI-RUH
2026-01-01 08:48:57 | INFO     | [START] LF Search
2026-01-01 08:48:59 | INFO     | [HEALTH CHECK] [OK] Chrome connection is healthy
2026-01-01 08:48:59 | INFO     | [DAY_START] Processing 06JAN
2026-01-01 08:48:59 | INFO     | [lf.day.start] Processing CAI-RUH for 06JAN
2026-01-01 08:49:00 | INFO     | [lf.day.flights_found] Found 1 flights on 06JAN
2026-01-01 08:49:03 | INFO     | [lf.flight.extracted] SM469 on 06JAN: BKG=79, LF=44.1%
2026-01-01 08:49:08 | INFO     | [SUCCESS] Day 06JAN
2026-01-01 08:49:08 | INFO     | [DAY_START] Processing 05JAN
2026-01-01 08:49:08 | INFO     | [lf.day.start] Processing CAI-RUH for 05JAN
2026-01-01 08:49:09 | INFO     | [lf.day.flights_found] Found 1 flights on 05JAN
2026-01-01 08:49:11 | INFO     | [lf.flight.extracted] SM469 on 05JAN: BKG=103, LF=57.5%
2026-01-01 08:49:19 | INFO     | [SUCCESS] Day 05JAN
2026-01-01 08:49:19 | INFO     | [DAY_START] Processing 04JAN
2026-01-01 08:49:19 | INFO     | [lf.day.start] Processing CAI-RUH for 04JAN
2026-01-01 08:49:20 | INFO     | [lf.day.flights_found] Found 1 flights on 04JAN
2026-01-01 08:49:22 | INFO     | [lf.flight.extracted] SM461 on 04JAN: BKG=87, LF=79.8%
2026-01-01 08:49:28 | INFO     | [SUCCESS] Day 04JAN
2026-01-01 08:49:28 | INFO     | [DAY_START] Processing 03JAN
2026-01-01 08:49:28 | INFO     | [lf.day.start] Processing CAI-RUH for 03JAN
2026-01-01 08:49:29 | INFO     | [lf.day.flights_found] Found 1 flights on 03JAN
2026-01-01 08:49:30 | INFO     | [lf.flight.extracted] SM461 on 03JAN: BKG=125, LF=69.8%
2026-01-01 08:49:39 | INFO     | [SUCCESS] Day 03JAN
2026-01-01 08:49:39 | INFO     | [DAY_START] Processing 02JAN
2026-01-01 08:49:39 | INFO     | [lf.day.start] Processing CAI-RUH for 02JAN
2026-01-01 08:49:40 | INFO     | [lf.day.flights_found] Found 1 flights on 02JAN
2026-01-01 08:49:42 | INFO     | [lf.flight.extracted] SM469 on 02JAN: BKG=149, LF=83.2%
2026-01-01 08:49:46 | INFO     | [SUCCESS] Day 02JAN
2026-01-01 08:49:46 | INFO     | [SUCCESS] LF Search Complete
2026-01-01 08:49:48 | INFO     | [Worker_9224] Completed: CAI-RUH - 5 results, 0 errors
2026-01-01 08:49:48 | INFO     | [Worker_9224] Processing: CAI-AHB
2026-01-01 08:49:48 | INFO     |   Tier 0: Range 1, Chunk 5/5 (6 days)
