2026-01-01 08:30:24 | INFO     | ======================================================================
2026-01-01 08:30:24 | INFO     | Load Factor Scraper Started - Route: CAI-AJF
2026-01-01 08:30:24 | INFO     | Log file: D:\CODERED\LAB\market_insights\outputs\run_generated_010126_at_08.01\logs\LF_CAI-AJF_20260101_083024.log
2026-01-01 08:30:24 | INFO     | Enhanced logging: Capturing both logging.info() and print()
2026-01-01 08:30:24 | INFO     | ======================================================================
2026-01-01 08:30:24 | INFO     | Starting LF search for route: CAI-AJF
2026-01-01 08:30:24 | INFO     | [START] LF Search
2026-01-01 08:30:26 | INFO     | [HEALTH CHECK] [OK] Chrome connection is healthy
2026-01-01 08:30:26 | INFO     | [DAY_START] Processing 07FEB
2026-01-01 08:30:26 | INFO     | [lf.day.start] Processing CAI-AJF for 07FEB
2026-01-01 08:30:27 | INFO     | [lf.day.flights_found] Found 1 flights on 07FEB
2026-01-01 08:30:29 | INFO     | [lf.flight.extracted] SM321 on 07FEB: BKG=8, LF=4.5%
2026-01-01 08:30:31 | INFO     | [SUCCESS] Day 07FEB
2026-01-01 08:30:31 | INFO     | [DAY_START] Processing 06FEB
2026-01-01 08:30:31 | INFO     | [lf.day.start] Processing CAI-AJF for 06FEB
2026-01-01 08:30:32 | WARNING  | [lf.day.no_flights] No direct flights on 06FEB
2026-01-01 08:30:32 | INFO     | [SUCCESS] Day 06FEB
2026-01-01 08:30:32 | INFO     | [DAY_START] Processing 05FEB
2026-01-01 08:30:32 | INFO     | [lf.day.start] Processing CAI-AJF for 05FEB
2026-01-01 08:30:33 | INFO     | [lf.day.flights_found] Found 1 flights on 05FEB
2026-01-01 08:30:36 | INFO     | [lf.flight.extracted] SM321 on 05FEB: BKG=13, LF=7.3%
2026-01-01 08:30:39 | INFO     | [SUCCESS] Day 05FEB
2026-01-01 08:30:39 | INFO     | [DAY_START] Processing 04FEB
2026-01-01 08:30:39 | INFO     | [lf.day.start] Processing CAI-AJF for 04FEB
2026-01-01 08:30:39 | WARNING  | [lf.day.no_flights] No direct flights on 04FEB
2026-01-01 08:30:40 | INFO     | [SUCCESS] Day 04FEB
2026-01-01 08:30:40 | INFO     | [DAY_START] Processing 03FEB
2026-01-01 08:30:40 | INFO     | [lf.day.start] Processing CAI-AJF for 03FEB
2026-01-01 08:30:40 | INFO     | [lf.day.flights_found] Found 1 flights on 03FEB
2026-01-01 08:30:43 | INFO     | [lf.flight.extracted] SM321 on 03FEB: BKG=4, LF=2.3%
2026-01-01 08:30:46 | INFO     | [SUCCESS] Day 03FEB
2026-01-01 08:30:46 | INFO     | [DAY_START] Processing 02FEB
2026-01-01 08:30:46 | INFO     | [lf.day.start] Processing CAI-AJF for 02FEB
2026-01-01 08:30:47 | WARNING  | [lf.day.no_flights] No direct flights on 02FEB
2026-01-01 08:30:47 | INFO     | [SUCCESS] Day 02FEB
2026-01-01 08:30:47 | INFO     | [DAY_START] Processing 01FEB
2026-01-01 08:30:47 | INFO     | [lf.day.start] Processing CAI-AJF for 01FEB
2026-01-01 08:30:48 | WARNING  | [lf.day.no_flights] No direct flights on 01FEB
2026-01-01 08:30:48 | INFO     | [SUCCESS] Day 01FEB
2026-01-01 08:30:48 | INFO     | [SUCCESS] LF Search Complete
2026-01-01 08:30:50 | INFO     | [Worker_9234] Completed: CAI-AJF - 7 results, 0 errors
2026-01-01 08:30:50 | INFO     | [Worker_9234] Processing: CAI-GIZ
2026-01-01 08:30:50 | INFO     |   Tier 0: Range 2, Chunk 4/4 (7 days)
