2026-01-01 08:19:56 | INFO     | ======================================================================
2026-01-01 08:19:56 | INFO     | Load Factor Scraper Started - Route: CAI-AJF
2026-01-01 08:19:56 | INFO     | Log file: D:\CODERED\LAB\market_insights\outputs\run_generated_010126_at_08.01\logs\LF_CAI-AJF_20260101_081956.log
2026-01-01 08:19:56 | INFO     | Enhanced logging: Capturing both logging.info() and print()
2026-01-01 08:19:56 | INFO     | ======================================================================
2026-01-01 08:19:56 | INFO     | Starting LF search for route: CAI-AJF
2026-01-01 08:19:56 | INFO     | [START] LF Search
2026-01-01 08:19:57 | INFO     | [HEALTH CHECK] [OK] Chrome connection is healthy
2026-01-01 08:19:58 | INFO     | [DAY_START] Processing 28FEB
2026-01-01 08:19:58 | INFO     | [lf.day.start] Processing CAI-AJF for 28FEB
2026-01-01 08:19:59 | INFO     | [lf.day.flights_found] Found 1 flights on 28FEB
2026-01-01 08:20:01 | INFO     | [lf.flight.extracted] SM321 on 28FEB: BKG=2, LF=1.1%
2026-01-01 08:20:04 | INFO     | [SUCCESS] Day 28FEB
2026-01-01 08:20:04 | INFO     | [DAY_START] Processing 27FEB
2026-01-01 08:20:04 | INFO     | [lf.day.start] Processing CAI-AJF for 27FEB
2026-01-01 08:20:04 | WARNING  | [lf.day.no_flights] No direct flights on 27FEB
2026-01-01 08:20:05 | INFO     | [SUCCESS] Day 27FEB
2026-01-01 08:20:05 | INFO     | [DAY_START] Processing 26FEB
2026-01-01 08:20:05 | INFO     | [lf.day.start] Processing CAI-AJF for 26FEB
2026-01-01 08:20:05 | INFO     | [lf.day.flights_found] Found 1 flights on 26FEB
2026-01-01 08:20:08 | INFO     | [lf.flight.extracted] SM321 on 26FEB: BKG=1, LF=0.6%
2026-01-01 08:20:11 | INFO     | [SUCCESS] Day 26FEB
2026-01-01 08:20:11 | INFO     | [DAY_START] Processing 25FEB
2026-01-01 08:20:11 | INFO     | [lf.day.start] Processing CAI-AJF for 25FEB
2026-01-01 08:20:15 | WARNING  | [lf.day.no_flights] No direct flights on 25FEB
2026-01-01 08:20:15 | INFO     | [SUCCESS] Day 25FEB
2026-01-01 08:20:15 | INFO     | [DAY_START] Processing 24FEB
2026-01-01 08:20:15 | INFO     | [lf.day.start] Processing CAI-AJF for 24FEB
2026-01-01 08:20:16 | INFO     | [lf.day.flights_found] Found 1 flights on 24FEB
2026-01-01 08:20:18 | INFO     | [lf.flight.extracted] SM321 on 24FEB: BKG=1, LF=0.6%
2026-01-01 08:20:21 | INFO     | [SUCCESS] Day 24FEB
2026-01-01 08:20:21 | INFO     | [DAY_START] Processing 23FEB
2026-01-01 08:20:21 | INFO     | [lf.day.start] Processing CAI-AJF for 23FEB
2026-01-01 08:20:22 | WARNING  | [lf.day.no_flights] No direct flights on 23FEB
2026-01-01 08:20:22 | INFO     | [SUCCESS] Day 23FEB
2026-01-01 08:20:22 | INFO     | [DAY_START] Processing 22FEB
2026-01-01 08:20:22 | INFO     | [lf.day.start] Processing CAI-AJF for 22FEB
2026-01-01 08:20:23 | WARNING  | [lf.day.no_flights] No direct flights on 22FEB
2026-01-01 08:20:23 | INFO     | [SUCCESS] Day 22FEB
2026-01-01 08:20:23 | INFO     | [SUCCESS] LF Search Complete
2026-01-01 08:20:25 | INFO     | [Worker_9223] Completed: CAI-AJF - 7 results, 0 errors
2026-01-01 08:20:25 | INFO     | [Worker_9223] Processing: CAI-GIZ
2026-01-01 08:20:25 | INFO     |   Tier 0: Range 2, Chunk 1/4 (7 days)
