2026-01-01 08:14:45 | INFO     | ======================================================================
2026-01-01 08:14:45 | INFO     | Load Factor Scraper Started - Route: CAI-MED
2026-01-01 08:14:45 | INFO     | Log file: D:\CODERED\LAB\market_insights\outputs\run_generated_010126_at_08.01\logs\LF_CAI-MED_20260101_081445.log
2026-01-01 08:14:45 | INFO     | Enhanced logging: Capturing both logging.info() and print()
2026-01-01 08:14:45 | INFO     | ======================================================================
2026-01-01 08:14:45 | INFO     | Starting LF search for route: CAI-MED
2026-01-01 08:14:45 | INFO     | [START] LF Search
2026-01-01 08:14:47 | INFO     | [HEALTH CHECK] [OK] Chrome connection is healthy
2026-01-01 08:14:47 | INFO     | [DAY_START] Processing 06MAR
2026-01-01 08:14:47 | INFO     | [lf.day.start] Processing CAI-MED for 06MAR
2026-01-01 08:14:48 | WARNING  | [lf.day.no_flights] No direct flights on 06MAR
2026-01-01 08:14:48 | INFO     | [SUCCESS] Day 06MAR
2026-01-01 08:14:48 | INFO     | [DAY_START] Processing 05MAR
2026-01-01 08:14:48 | INFO     | [lf.day.start] Processing CAI-MED for 05MAR
2026-01-01 08:14:49 | INFO     | [lf.day.flights_found] Found 1 flights on 05MAR
2026-01-01 08:14:52 | INFO     | [lf.flight.extracted] SM493 on 05MAR: BKG=111, LF=63.1%
2026-01-01 08:14:58 | INFO     | [SUCCESS] Day 05MAR
2026-01-01 08:14:58 | INFO     | [DAY_START] Processing 04MAR
2026-01-01 08:14:58 | INFO     | [lf.day.start] Processing CAI-MED for 04MAR
2026-01-01 08:14:59 | WARNING  | [lf.day.no_flights] No direct flights on 04MAR
2026-01-01 08:14:59 | INFO     | [SUCCESS] Day 04MAR
2026-01-01 08:14:59 | INFO     | [DAY_START] Processing 03MAR
2026-01-01 08:14:59 | INFO     | [lf.day.start] Processing CAI-MED for 03MAR
2026-01-01 08:15:00 | INFO     | [lf.day.flights_found] Found 1 flights on 03MAR
2026-01-01 08:15:02 | INFO     | [lf.flight.extracted] SM493 on 03MAR: BKG=81, LF=45.2%
2026-01-01 08:15:06 | INFO     | [SUCCESS] Day 03MAR
2026-01-01 08:15:06 | INFO     | [DAY_START] Processing 02MAR
2026-01-01 08:15:06 | INFO     | [lf.day.start] Processing CAI-MED for 02MAR
2026-01-01 08:15:07 | INFO     | [lf.day.flights_found] Found 1 flights on 02MAR
2026-01-01 08:15:09 | INFO     | [lf.flight.extracted] SM495 on 02MAR: BKG=24, LF=13.4%
2026-01-01 08:15:12 | INFO     | [SUCCESS] Day 02MAR
2026-01-01 08:15:12 | INFO     | [DAY_START] Processing 01MAR
2026-01-01 08:15:12 | INFO     | [lf.day.start] Processing CAI-MED for 01MAR
2026-01-01 08:15:13 | INFO     | [lf.day.flights_found] Found 1 flights on 01MAR
2026-01-01 08:15:15 | INFO     | [lf.flight.extracted] SM493 on 01MAR: BKG=57, LF=31.8%
2026-01-01 08:15:18 | INFO     | [SUCCESS] Day 01MAR
2026-01-01 08:15:18 | INFO     | [SUCCESS] LF Search Complete
2026-01-01 08:15:20 | INFO     | [Worker_9223] Completed: CAI-MED - 6 results, 0 errors
2026-01-01 08:15:20 | INFO     | [Worker_9223] Processing: CAI-DMM
2026-01-01 08:15:20 | INFO     |   Tier 0: Range 3, Chunk 5/5 (6 days)
