2026-01-01 08:25:56 | INFO     | ======================================================================
2026-01-01 08:25:56 | INFO     | Load Factor Scraper Started - Route: CAI-MED
2026-01-01 08:25:56 | INFO     | Log file: D:\CODERED\LAB\market_insights\outputs\run_generated_010126_at_08.01\logs\LF_CAI-MED_20260101_082556.log
2026-01-01 08:25:56 | INFO     | Enhanced logging: Capturing both logging.info() and print()
2026-01-01 08:25:56 | INFO     | ======================================================================
2026-01-01 08:25:56 | INFO     | Starting LF search for route: CAI-MED
2026-01-01 08:25:56 | INFO     | [START] LF Search
2026-01-01 08:25:57 | INFO     | [HEALTH CHECK] [OK] Chrome connection is healthy
2026-01-01 08:25:57 | INFO     | [DAY_START] Processing 14FEB
2026-01-01 08:25:57 | INFO     | [lf.day.start] Processing CAI-MED for 14FEB
2026-01-01 08:25:58 | INFO     | [lf.day.flights_found] Found 1 flights on 14FEB
2026-01-01 08:26:00 | INFO     | [lf.flight.extracted] SM493 on 14FEB: BKG=149, LF=83.2%
2026-01-01 08:26:05 | INFO     | [SUCCESS] Day 14FEB
2026-01-01 08:26:05 | INFO     | [DAY_START] Processing 13FEB
2026-01-01 08:26:05 | INFO     | [lf.day.start] Processing CAI-MED for 13FEB
2026-01-01 08:26:06 | INFO     | [lf.day.flights_found] Found 1 flights on 13FEB
2026-01-01 08:26:08 | INFO     | [lf.flight.extracted] SM971 on 13FEB: BKG=170, LF=95.0%
2026-01-01 08:26:11 | INFO     | [SUCCESS] Day 13FEB
2026-01-01 08:26:11 | INFO     | [DAY_START] Processing 12FEB
2026-01-01 08:26:11 | INFO     | [lf.day.start] Processing CAI-MED for 12FEB
2026-01-01 08:26:12 | INFO     | [lf.day.flights_found] Found 1 flights on 12FEB
2026-01-01 08:26:14 | INFO     | [lf.flight.extracted] SM493 on 12FEB: BKG=147, LF=83.5%
2026-01-01 08:26:19 | INFO     | [SUCCESS] Day 12FEB
2026-01-01 08:26:19 | INFO     | [DAY_START] Processing 11FEB
2026-01-01 08:26:19 | INFO     | [lf.day.start] Processing CAI-MED for 11FEB
2026-01-01 08:26:20 | WARNING  | [lf.day.no_flights] No direct flights on 11FEB
2026-01-01 08:26:20 | INFO     | [SUCCESS] Day 11FEB
2026-01-01 08:26:20 | INFO     | [DAY_START] Processing 10FEB
2026-01-01 08:26:20 | INFO     | [lf.day.start] Processing CAI-MED for 10FEB
2026-01-01 08:26:21 | INFO     | [lf.day.flights_found] Found 1 flights on 10FEB
2026-01-01 08:26:23 | INFO     | [lf.flight.extracted] SM493 on 10FEB: BKG=165, LF=92.2%
2026-01-01 08:26:27 | INFO     | [SUCCESS] Day 10FEB
2026-01-01 08:26:27 | INFO     | [DAY_START] Processing 09FEB
2026-01-01 08:26:27 | INFO     | [lf.day.start] Processing CAI-MED for 09FEB
2026-01-01 08:26:28 | INFO     | [lf.day.flights_found] Found 1 flights on 09FEB
2026-01-01 08:26:30 | INFO     | [lf.flight.extracted] SM495 on 09FEB: BKG=157, LF=87.7%
2026-01-01 08:26:33 | INFO     | [SUCCESS] Day 09FEB
2026-01-01 08:26:33 | INFO     | [DAY_START] Processing 08FEB
2026-01-01 08:26:33 | INFO     | [lf.day.start] Processing CAI-MED for 08FEB
2026-01-01 08:26:34 | INFO     | [lf.day.flights_found] Found 1 flights on 08FEB
2026-01-01 08:26:36 | INFO     | [lf.flight.extracted] SM493 on 08FEB: BKG=158, LF=88.3%
2026-01-01 08:26:40 | INFO     | [SUCCESS] Day 08FEB
2026-01-01 08:26:40 | INFO     | [SUCCESS] LF Search Complete
2026-01-01 08:26:42 | INFO     | [Worker_9223] Completed: CAI-MED - 7 results, 0 errors
2026-01-01 08:26:42 | INFO     | [Worker_9223] Processing: CAI-TUU
2026-01-01 08:26:42 | INFO     |   Tier 0: Range 2, Chunk 3/4 (7 days)
