2026-01-01 08:23:32 | INFO     | ======================================================================
2026-01-01 08:23:32 | INFO     | Load Factor Scraper Started - Route: CAI-AJF
2026-01-01 08:23:32 | INFO     | Log file: D:\CODERED\LAB\market_insights\outputs\run_generated_010126_at_08.01\logs\LF_CAI-AJF_20260101_082332.log
2026-01-01 08:23:32 | INFO     | Enhanced logging: Capturing both logging.info() and print()
2026-01-01 08:23:32 | INFO     | ======================================================================
2026-01-01 08:23:32 | INFO     | Starting LF search for route: CAI-AJF
2026-01-01 08:23:32 | INFO     | [START] LF Search
2026-01-01 08:23:33 | INFO     | [HEALTH CHECK] [OK] Chrome connection is healthy
2026-01-01 08:23:33 | INFO     | [DAY_START] Processing 21FEB
2026-01-01 08:23:33 | INFO     | [lf.day.start] Processing CAI-AJF for 21FEB
2026-01-01 08:23:34 | INFO     | [lf.day.flights_found] Found 1 flights on 21FEB
2026-01-01 08:23:37 | INFO     | [lf.flight.extracted] SM321 on 21FEB: BKG=10, LF=5.6%
2026-01-01 08:23:39 | INFO     | [SUCCESS] Day 21FEB
2026-01-01 08:23:39 | INFO     | [DAY_START] Processing 20FEB
2026-01-01 08:23:39 | INFO     | [lf.day.start] Processing CAI-AJF for 20FEB
2026-01-01 08:23:40 | WARNING  | [lf.day.no_flights] No direct flights on 20FEB
2026-01-01 08:23:41 | INFO     | [SUCCESS] Day 20FEB
2026-01-01 08:23:41 | INFO     | [DAY_START] Processing 19FEB
2026-01-01 08:23:41 | INFO     | [lf.day.start] Processing CAI-AJF for 19FEB
2026-01-01 08:23:42 | INFO     | [lf.day.flights_found] Found 1 flights on 19FEB
2026-01-01 08:23:44 | INFO     | [lf.flight.extracted] SM321 on 19FEB: BKG=0, LF=0.0%
2026-01-01 08:23:45 | INFO     | [SUCCESS] Day 19FEB
2026-01-01 08:23:45 | INFO     | [DAY_START] Processing 18FEB
2026-01-01 08:23:45 | INFO     | [lf.day.start] Processing CAI-AJF for 18FEB
2026-01-01 08:23:46 | WARNING  | [lf.day.no_flights] No direct flights on 18FEB
2026-01-01 08:23:46 | INFO     | [SUCCESS] Day 18FEB
2026-01-01 08:23:46 | INFO     | [DAY_START] Processing 17FEB
2026-01-01 08:23:46 | INFO     | [lf.day.start] Processing CAI-AJF for 17FEB
2026-01-01 08:23:47 | INFO     | [lf.day.flights_found] Found 1 flights on 17FEB
2026-01-01 08:23:49 | INFO     | [lf.flight.extracted] SM321 on 17FEB: BKG=2, LF=1.1%
2026-01-01 08:23:52 | INFO     | [SUCCESS] Day 17FEB
2026-01-01 08:23:52 | INFO     | [DAY_START] Processing 16FEB
2026-01-01 08:23:52 | INFO     | [lf.day.start] Processing CAI-AJF for 16FEB
2026-01-01 08:23:53 | WARNING  | [lf.day.no_flights] No direct flights on 16FEB
2026-01-01 08:23:53 | INFO     | [SUCCESS] Day 16FEB
2026-01-01 08:23:53 | INFO     | [DAY_START] Processing 15FEB
2026-01-01 08:23:53 | INFO     | [lf.day.start] Processing CAI-AJF for 15FEB
2026-01-01 08:23:54 | WARNING  | [lf.day.no_flights] No direct flights on 15FEB
2026-01-01 08:23:54 | INFO     | [SUCCESS] Day 15FEB
2026-01-01 08:23:54 | INFO     | [SUCCESS] LF Search Complete
2026-01-01 08:23:56 | INFO     | [Worker_9227] Completed: CAI-AJF - 7 results, 0 errors
2026-01-01 08:23:56 | INFO     | [Worker_9227] Processing: CAI-GIZ
2026-01-01 08:23:56 | INFO     |   Tier 0: Range 2, Chunk 2/4 (7 days)
