2026-01-01 08:10:41 | INFO     | ======================================================================
2026-01-01 08:10:41 | INFO     | Load Factor Scraper Started - Route: CAI-GIZ
2026-01-01 08:10:41 | INFO     | Log file: D:\CODERED\LAB\market_insights\outputs\run_generated_010126_at_08.01\logs\LF_CAI-GIZ_20260101_081041.log
2026-01-01 08:10:41 | INFO     | Enhanced logging: Capturing both logging.info() and print()
2026-01-01 08:10:41 | INFO     | ======================================================================
2026-01-01 08:10:41 | INFO     | Starting LF search for route: CAI-GIZ
2026-01-01 08:10:41 | INFO     | [START] LF Search
2026-01-01 08:10:42 | INFO     | [HEALTH CHECK] [OK] Chrome connection is healthy
2026-01-01 08:10:42 | INFO     | [DAY_START] Processing 18MAR
2026-01-01 08:10:42 | INFO     | [lf.day.start] Processing CAI-GIZ for 18MAR
2026-01-01 08:10:43 | WARNING  | [lf.day.no_flights] No direct flights on 18MAR
2026-01-01 08:10:43 | INFO     | [SUCCESS] Day 18MAR
2026-01-01 08:10:43 | INFO     | [DAY_START] Processing 17MAR
2026-01-01 08:10:43 | INFO     | [lf.day.start] Processing CAI-GIZ for 17MAR
2026-01-01 08:10:44 | WARNING  | [lf.day.no_flights] No direct flights on 17MAR
2026-01-01 08:10:44 | INFO     | [SUCCESS] Day 17MAR
2026-01-01 08:10:44 | INFO     | [DAY_START] Processing 16MAR
2026-01-01 08:10:44 | INFO     | [lf.day.start] Processing CAI-GIZ for 16MAR
2026-01-01 08:10:46 | WARNING  | [lf.day.no_flights] No direct flights on 16MAR
2026-01-01 08:10:46 | INFO     | [SUCCESS] Day 16MAR
2026-01-01 08:10:46 | INFO     | [DAY_START] Processing 15MAR
2026-01-01 08:10:46 | INFO     | [lf.day.start] Processing CAI-GIZ for 15MAR
2026-01-01 08:10:47 | WARNING  | [lf.day.no_flights] No direct flights on 15MAR
2026-01-01 08:10:47 | INFO     | [SUCCESS] Day 15MAR
2026-01-01 08:10:47 | INFO     | [DAY_START] Processing 14MAR
2026-01-01 08:10:47 | INFO     | [lf.day.start] Processing CAI-GIZ for 14MAR
2026-01-01 08:10:48 | INFO     | [lf.day.flights_found] Found 1 flights on 14MAR
2026-01-01 08:10:50 | INFO     | [lf.flight.extracted] SM329 on 14MAR: BKG=3, LF=1.7%
2026-01-01 08:10:52 | INFO     | [SUCCESS] Day 14MAR
2026-01-01 08:10:52 | INFO     | [DAY_START] Processing 13MAR
2026-01-01 08:10:52 | INFO     | [lf.day.start] Processing CAI-GIZ for 13MAR
2026-01-01 08:10:53 | WARNING  | [lf.day.no_flights] No direct flights on 13MAR
2026-01-01 08:10:53 | INFO     | [SUCCESS] Day 13MAR
2026-01-01 08:10:53 | INFO     | [SUCCESS] LF Search Complete
2026-01-01 08:10:55 | INFO     | [Worker_9227] Completed: CAI-GIZ - 6 results, 0 errors
2026-01-01 08:10:55 | INFO     | [Worker_9227] Processing: JED-ATZ
2026-01-01 08:10:55 | INFO     |   Tier 0: Range 3, Chunk 4/5 (6 days)
