2026-01-01 08:15:57 | INFO     | ======================================================================
2026-01-01 08:15:57 | INFO     | Load Factor Scraper Started - Route: CAI-AHB
2026-01-01 08:15:57 | INFO     | Log file: D:\CODERED\LAB\market_insights\outputs\run_generated_010126_at_08.01\logs\LF_CAI-AHB_20260101_081557.log
2026-01-01 08:15:57 | INFO     | Enhanced logging: Capturing both logging.info() and print()
2026-01-01 08:15:57 | INFO     | ======================================================================
2026-01-01 08:15:57 | INFO     | Starting LF search for route: CAI-AHB
2026-01-01 08:15:57 | INFO     | [START] LF Search
2026-01-01 08:16:00 | INFO     | [HEALTH CHECK] [OK] Chrome connection is healthy
2026-01-01 08:16:00 | INFO     | [DAY_START] Processing 06MAR
2026-01-01 08:16:00 | INFO     | [lf.day.start] Processing CAI-AHB for 06MAR
2026-01-01 08:16:03 | WARNING  | [lf.day.no_flights] No direct flights on 06MAR
2026-01-01 08:16:03 | INFO     | [SUCCESS] Day 06MAR
2026-01-01 08:16:03 | INFO     | [DAY_START] Processing 05MAR
2026-01-01 08:16:03 | INFO     | [lf.day.start] Processing CAI-AHB for 05MAR
2026-01-01 08:16:05 | INFO     | [lf.day.flights_found] Found 1 flights on 05MAR
2026-01-01 08:16:08 | INFO     | [lf.flight.extracted] SM443 on 05MAR: BKG=6, LF=3.4%
2026-01-01 08:16:11 | INFO     | [SUCCESS] Day 05MAR
2026-01-01 08:16:11 | INFO     | [DAY_START] Processing 04MAR
2026-01-01 08:16:11 | INFO     | [lf.day.start] Processing CAI-AHB for 04MAR
2026-01-01 08:16:12 | INFO     | [lf.day.flights_found] Found 1 flights on 04MAR
2026-01-01 08:16:15 | INFO     | [lf.flight.extracted] SM447 on 04MAR: BKG=6, LF=3.4%
2026-01-01 08:16:18 | INFO     | [SUCCESS] Day 04MAR
2026-01-01 08:16:18 | INFO     | [DAY_START] Processing 03MAR
2026-01-01 08:16:18 | INFO     | [lf.day.start] Processing CAI-AHB for 03MAR
2026-01-01 08:16:19 | WARNING  | [lf.day.no_flights] No direct flights on 03MAR
2026-01-01 08:16:19 | INFO     | [SUCCESS] Day 03MAR
2026-01-01 08:16:19 | INFO     | [DAY_START] Processing 02MAR
2026-01-01 08:16:19 | INFO     | [lf.day.start] Processing CAI-AHB for 02MAR
2026-01-01 08:16:20 | WARNING  | [lf.day.no_flights] No direct flights on 02MAR
2026-01-01 08:16:20 | INFO     | [SUCCESS] Day 02MAR
2026-01-01 08:16:20 | INFO     | [DAY_START] Processing 01MAR
2026-01-01 08:16:20 | INFO     | [lf.day.start] Processing CAI-AHB for 01MAR
2026-01-01 08:16:21 | WARNING  | [lf.day.no_flights] No direct flights on 01MAR
2026-01-01 08:16:21 | INFO     | [SUCCESS] Day 01MAR
2026-01-01 08:16:21 | INFO     | [SUCCESS] LF Search Complete
2026-01-01 08:16:23 | INFO     | [Worker_9233] Completed: CAI-AHB - 6 results, 0 errors
2026-01-01 08:16:23 | INFO     | [Worker_9233] Processing: JED-CAI
2026-01-01 08:16:23 | INFO     |   Tier 0: Range 2, Chunk 1/4 (7 days)
