2026-01-01 08:34:22 | INFO     | ======================================================================
2026-01-01 08:34:22 | INFO     | Load Factor Scraper Started - Route: CAI-GIZ
2026-01-01 08:34:22 | INFO     | Log file: D:\CODERED\LAB\market_insights\outputs\run_generated_010126_at_08.01\logs\LF_CAI-GIZ_20260101_083422.log
2026-01-01 08:34:22 | INFO     | Enhanced logging: Capturing both logging.info() and print()
2026-01-01 08:34:22 | INFO     | ======================================================================
2026-01-01 08:34:22 | INFO     | Starting LF search for route: CAI-GIZ
2026-01-01 08:34:22 | INFO     | [START] LF Search
2026-01-01 08:34:24 | INFO     | [HEALTH CHECK] [OK] Chrome connection is healthy
2026-01-01 08:34:24 | INFO     | [DAY_START] Processing 31JAN
2026-01-01 08:34:24 | INFO     | [lf.day.start] Processing CAI-GIZ for 31JAN
2026-01-01 08:34:25 | INFO     | [lf.day.flights_found] Found 1 flights on 31JAN
2026-01-01 08:34:27 | INFO     | [lf.flight.extracted] SM329 on 31JAN: BKG=20, LF=11.2%
2026-01-01 08:34:31 | INFO     | [SUCCESS] Day 31JAN
2026-01-01 08:34:31 | INFO     | [DAY_START] Processing 30JAN
2026-01-01 08:34:31 | INFO     | [lf.day.start] Processing CAI-GIZ for 30JAN
2026-01-01 08:34:32 | WARNING  | [lf.day.no_flights] No direct flights on 30JAN
2026-01-01 08:34:32 | INFO     | [SUCCESS] Day 30JAN
2026-01-01 08:34:32 | INFO     | [DAY_START] Processing 29JAN
2026-01-01 08:34:32 | INFO     | [lf.day.start] Processing CAI-GIZ for 29JAN
2026-01-01 08:34:33 | INFO     | [lf.day.flights_found] Found 1 flights on 29JAN
2026-01-01 08:34:35 | INFO     | [lf.flight.extracted] SM329 on 29JAN: BKG=9, LF=5.0%
2026-01-01 08:34:38 | INFO     | [SUCCESS] Day 29JAN
2026-01-01 08:34:38 | INFO     | [DAY_START] Processing 28JAN
2026-01-01 08:34:38 | INFO     | [lf.day.start] Processing CAI-GIZ for 28JAN
2026-01-01 08:34:39 | WARNING  | [lf.day.no_flights] No direct flights on 28JAN
2026-01-01 08:34:39 | INFO     | [SUCCESS] Day 28JAN
2026-01-01 08:34:39 | INFO     | [DAY_START] Processing 27JAN
2026-01-01 08:34:39 | INFO     | [lf.day.start] Processing CAI-GIZ for 27JAN
2026-01-01 08:34:40 | WARNING  | [lf.day.no_flights] No direct flights on 27JAN
2026-01-01 08:34:40 | INFO     | [SUCCESS] Day 27JAN
2026-01-01 08:34:40 | INFO     | [DAY_START] Processing 26JAN
2026-01-01 08:34:40 | INFO     | [lf.day.start] Processing CAI-GIZ for 26JAN
2026-01-01 08:34:41 | WARNING  | [lf.day.no_flights] No direct flights on 26JAN
2026-01-01 08:34:41 | INFO     | [SUCCESS] Day 26JAN
2026-01-01 08:34:41 | INFO     | [DAY_START] Processing 25JAN
2026-01-01 08:34:41 | INFO     | [lf.day.start] Processing CAI-GIZ for 25JAN
2026-01-01 08:34:42 | WARNING  | [lf.day.no_flights] No direct flights on 25JAN
2026-01-01 08:34:43 | INFO     | [SUCCESS] Day 25JAN
2026-01-01 08:34:43 | INFO     | [SUCCESS] LF Search Complete
2026-01-01 08:34:45 | INFO     | [Worker_9233] Completed: CAI-GIZ - 7 results, 0 errors
2026-01-01 08:34:45 | INFO     | [Worker_9233] Processing: JED-ATZ
2026-01-01 08:34:45 | INFO     |   Tier 0: Range 1, Chunk 2/5 (6 days)
