2026-01-01 08:23:19 | INFO     | ======================================================================
2026-01-01 08:23:19 | INFO     | Load Factor Scraper Started - Route: CAI-TUU
2026-01-01 08:23:19 | INFO     | Log file: D:\CODERED\LAB\market_insights\outputs\run_generated_010126_at_08.01\logs\LF_CAI-TUU_20260101_082319.log
2026-01-01 08:23:19 | INFO     | Enhanced logging: Capturing both logging.info() and print()
2026-01-01 08:23:19 | INFO     | ======================================================================
2026-01-01 08:23:19 | INFO     | Starting LF search for route: CAI-TUU
2026-01-01 08:23:19 | INFO     | [START] LF Search
2026-01-01 08:23:20 | INFO     | [HEALTH CHECK] [OK] Chrome connection is healthy
2026-01-01 08:23:20 | INFO     | [DAY_START] Processing 21FEB
2026-01-01 08:23:20 | INFO     | [lf.day.start] Processing CAI-TUU for 21FEB
2026-01-01 08:23:21 | INFO     | [lf.day.flights_found] Found 1 flights on 21FEB
2026-01-01 08:23:24 | INFO     | [lf.flight.extracted] SM325 on 21FEB: BKG=0, LF=0.0%
2026-01-01 08:23:25 | INFO     | [SUCCESS] Day 21FEB
2026-01-01 08:23:25 | INFO     | [DAY_START] Processing 20FEB
2026-01-01 08:23:25 | INFO     | [lf.day.start] Processing CAI-TUU for 20FEB
2026-01-01 08:23:26 | WARNING  | [lf.day.no_flights] No direct flights on 20FEB
2026-01-01 08:23:26 | INFO     | [SUCCESS] Day 20FEB
2026-01-01 08:23:26 | INFO     | [DAY_START] Processing 19FEB
2026-01-01 08:23:26 | INFO     | [lf.day.start] Processing CAI-TUU for 19FEB
2026-01-01 08:23:27 | INFO     | [lf.day.flights_found] Found 1 flights on 19FEB
2026-01-01 08:23:29 | INFO     | [lf.flight.extracted] SM325 on 19FEB: BKG=0, LF=0.0%
2026-01-01 08:23:30 | INFO     | [SUCCESS] Day 19FEB
2026-01-01 08:23:30 | INFO     | [DAY_START] Processing 18FEB
2026-01-01 08:23:30 | INFO     | [lf.day.start] Processing CAI-TUU for 18FEB
2026-01-01 08:23:31 | INFO     | [lf.day.flights_found] Found 1 flights on 18FEB
2026-01-01 08:23:33 | INFO     | [lf.flight.extracted] SM325 on 18FEB: BKG=0, LF=0.0%
2026-01-01 08:23:35 | INFO     | [SUCCESS] Day 18FEB
2026-01-01 08:23:35 | INFO     | [DAY_START] Processing 17FEB
2026-01-01 08:23:35 | INFO     | [lf.day.start] Processing CAI-TUU for 17FEB
2026-01-01 08:23:36 | WARNING  | [lf.day.no_flights] No direct flights on 17FEB
2026-01-01 08:23:36 | INFO     | [SUCCESS] Day 17FEB
2026-01-01 08:23:36 | INFO     | [DAY_START] Processing 16FEB
2026-01-01 08:23:36 | INFO     | [lf.day.start] Processing CAI-TUU for 16FEB
2026-01-01 08:23:37 | WARNING  | [lf.day.no_flights] No direct flights on 16FEB
2026-01-01 08:23:37 | INFO     | [SUCCESS] Day 16FEB
2026-01-01 08:23:37 | INFO     | [DAY_START] Processing 15FEB
2026-01-01 08:23:37 | INFO     | [lf.day.start] Processing CAI-TUU for 15FEB
2026-01-01 08:23:38 | WARNING  | [lf.day.no_flights] No direct flights on 15FEB
2026-01-01 08:23:38 | INFO     | [SUCCESS] Day 15FEB
2026-01-01 08:23:38 | INFO     | [SUCCESS] LF Search Complete
2026-01-01 08:23:40 | INFO     | [Worker_9224] Completed: CAI-TUU - 7 results, 0 errors
2026-01-01 08:23:40 | INFO     | [Worker_9224] Processing: CAI-AHB
2026-01-01 08:23:40 | INFO     |   Tier 0: Range 2, Chunk 2/4 (7 days)
