2026-01-01 08:09:30 | INFO     | ======================================================================
2026-01-01 08:09:30 | INFO     | Load Factor Scraper Started - Route: CAI-MED
2026-01-01 08:09:30 | INFO     | Log file: D:\CODERED\LAB\market_insights\outputs\run_generated_010126_at_08.01\logs\LF_CAI-MED_20260101_080930.log
2026-01-01 08:09:30 | INFO     | Enhanced logging: Capturing both logging.info() and print()
2026-01-01 08:09:30 | INFO     | ======================================================================
2026-01-01 08:09:30 | INFO     | Starting LF search for route: CAI-MED
2026-01-01 08:09:30 | INFO     | [START] LF Search
2026-01-01 08:09:32 | INFO     | [HEALTH CHECK] [OK] Chrome connection is healthy
2026-01-01 08:09:32 | INFO     | [DAY_START] Processing 18MAR
2026-01-01 08:09:32 | INFO     | [lf.day.start] Processing CAI-MED for 18MAR
2026-01-01 08:09:32 | WARNING  | [lf.day.no_flights] No direct flights on 18MAR
2026-01-01 08:09:33 | INFO     | [SUCCESS] Day 18MAR
2026-01-01 08:09:33 | INFO     | [DAY_START] Processing 17MAR
2026-01-01 08:09:33 | INFO     | [lf.day.start] Processing CAI-MED for 17MAR
2026-01-01 08:09:34 | INFO     | [lf.day.flights_found] Found 1 flights on 17MAR
2026-01-01 08:09:36 | INFO     | [lf.flight.extracted] SM493 on 17MAR: BKG=0, LF=0.0%
2026-01-01 08:09:37 | INFO     | [SUCCESS] Day 17MAR
2026-01-01 08:09:37 | INFO     | [DAY_START] Processing 16MAR
2026-01-01 08:09:37 | INFO     | [lf.day.start] Processing CAI-MED for 16MAR
2026-01-01 08:09:38 | INFO     | [lf.day.flights_found] Found 1 flights on 16MAR
2026-01-01 08:09:40 | INFO     | [lf.flight.extracted] SM495 on 16MAR: BKG=0, LF=0.0%
2026-01-01 08:09:41 | INFO     | [SUCCESS] Day 16MAR
2026-01-01 08:09:41 | INFO     | [DAY_START] Processing 15MAR
2026-01-01 08:09:41 | INFO     | [lf.day.start] Processing CAI-MED for 15MAR
2026-01-01 08:09:42 | INFO     | [lf.day.flights_found] Found 1 flights on 15MAR
2026-01-01 08:09:44 | INFO     | [lf.flight.extracted] SM493 on 15MAR: BKG=0, LF=0.0%
2026-01-01 08:09:45 | INFO     | [SUCCESS] Day 15MAR
2026-01-01 08:09:45 | INFO     | [DAY_START] Processing 14MAR
2026-01-01 08:09:45 | INFO     | [lf.day.start] Processing CAI-MED for 14MAR
2026-01-01 08:09:46 | INFO     | [lf.day.flights_found] Found 1 flights on 14MAR
2026-01-01 08:09:48 | INFO     | [lf.flight.extracted] SM493 on 14MAR: BKG=1, LF=0.6%
2026-01-01 08:09:50 | INFO     | [SUCCESS] Day 14MAR
2026-01-01 08:09:50 | INFO     | [DAY_START] Processing 13MAR
2026-01-01 08:09:50 | INFO     | [lf.day.start] Processing CAI-MED for 13MAR
2026-01-01 08:09:51 | WARNING  | [lf.day.no_flights] No direct flights on 13MAR
2026-01-01 08:09:51 | INFO     | [SUCCESS] Day 13MAR
2026-01-01 08:09:51 | INFO     | [SUCCESS] LF Search Complete
2026-01-01 08:09:53 | INFO     | [Worker_9223] Completed: CAI-MED - 6 results, 0 errors
2026-01-01 08:09:53 | INFO     | [Worker_9223] Processing: ATZ-RUH
2026-01-01 08:09:53 | INFO     |   Tier 0: Range 3, Chunk 3/5 (6 days)
