2026-01-01 08:33:56 | INFO     | ======================================================================
2026-01-01 08:33:56 | INFO     | Load Factor Scraper Started - Route: CAI-AJF
2026-01-01 08:33:56 | INFO     | Log file: D:\CODERED\LAB\market_insights\outputs\run_generated_010126_at_08.01\logs\LF_CAI-AJF_20260101_083356.log
2026-01-01 08:33:56 | INFO     | Enhanced logging: Capturing both logging.info() and print()
2026-01-01 08:33:56 | INFO     | ======================================================================
2026-01-01 08:33:56 | INFO     | Starting LF search for route: CAI-AJF
2026-01-01 08:33:56 | INFO     | [START] LF Search
2026-01-01 08:33:57 | INFO     | [HEALTH CHECK] [OK] Chrome connection is healthy
2026-01-01 08:33:57 | INFO     | [DAY_START] Processing 31JAN
2026-01-01 08:33:57 | INFO     | [lf.day.start] Processing CAI-AJF for 31JAN
2026-01-01 08:33:58 | INFO     | [lf.day.flights_found] Found 1 flights on 31JAN
2026-01-01 08:34:00 | INFO     | [lf.flight.extracted] SM321 on 31JAN: BKG=17, LF=9.5%
2026-01-01 08:34:03 | INFO     | [SUCCESS] Day 31JAN
2026-01-01 08:34:03 | INFO     | [DAY_START] Processing 30JAN
2026-01-01 08:34:03 | INFO     | [lf.day.start] Processing CAI-AJF for 30JAN
2026-01-01 08:34:04 | WARNING  | [lf.day.no_flights] No direct flights on 30JAN
2026-01-01 08:34:04 | INFO     | [SUCCESS] Day 30JAN
2026-01-01 08:34:04 | INFO     | [DAY_START] Processing 29JAN
2026-01-01 08:34:04 | INFO     | [lf.day.start] Processing CAI-AJF for 29JAN
2026-01-01 08:34:05 | INFO     | [lf.day.flights_found] Found 1 flights on 29JAN
2026-01-01 08:34:07 | INFO     | [lf.flight.extracted] SM321 on 29JAN: BKG=10, LF=5.6%
2026-01-01 08:34:10 | INFO     | [SUCCESS] Day 29JAN
2026-01-01 08:34:10 | INFO     | [DAY_START] Processing 28JAN
2026-01-01 08:34:10 | INFO     | [lf.day.start] Processing CAI-AJF for 28JAN
2026-01-01 08:34:11 | WARNING  | [lf.day.no_flights] No direct flights on 28JAN
2026-01-01 08:34:11 | INFO     | [SUCCESS] Day 28JAN
2026-01-01 08:34:11 | INFO     | [DAY_START] Processing 27JAN
2026-01-01 08:34:11 | INFO     | [lf.day.start] Processing CAI-AJF for 27JAN
2026-01-01 08:34:12 | INFO     | [lf.day.flights_found] Found 1 flights on 27JAN
2026-01-01 08:34:14 | INFO     | [lf.flight.extracted] SM321 on 27JAN: BKG=11, LF=6.2%
2026-01-01 08:34:16 | INFO     | [SUCCESS] Day 27JAN
2026-01-01 08:34:16 | INFO     | [DAY_START] Processing 26JAN
2026-01-01 08:34:16 | INFO     | [lf.day.start] Processing CAI-AJF for 26JAN
2026-01-01 08:34:17 | WARNING  | [lf.day.no_flights] No direct flights on 26JAN
2026-01-01 08:34:17 | INFO     | [SUCCESS] Day 26JAN
2026-01-01 08:34:17 | INFO     | [DAY_START] Processing 25JAN
2026-01-01 08:34:17 | INFO     | [lf.day.start] Processing CAI-AJF for 25JAN
2026-01-01 08:34:18 | WARNING  | [lf.day.no_flights] No direct flights on 25JAN
2026-01-01 08:34:19 | INFO     | [SUCCESS] Day 25JAN
2026-01-01 08:34:19 | INFO     | [SUCCESS] LF Search Complete
2026-01-01 08:34:21 | INFO     | [Worker_9227] Completed: CAI-AJF - 7 results, 0 errors
2026-01-01 08:34:21 | INFO     | [Worker_9227] Processing: CAI-ELQ
2026-01-01 08:34:21 | INFO     |   Tier 0: Range 1, Chunk 1/5 (7 days)
