2026-01-01 08:13:00 | INFO     | ======================================================================
2026-01-01 08:13:00 | INFO     | Load Factor Scraper Started - Route: CAI-AHB
2026-01-01 08:13:00 | INFO     | Log file: D:\CODERED\LAB\market_insights\outputs\run_generated_010126_at_08.01\logs\LF_CAI-AHB_20260101_081300.log
2026-01-01 08:13:00 | INFO     | Enhanced logging: Capturing both logging.info() and print()
2026-01-01 08:13:00 | INFO     | ======================================================================
2026-01-01 08:13:00 | INFO     | Starting LF search for route: CAI-AHB
2026-01-01 08:13:00 | INFO     | [START] LF Search
2026-01-01 08:13:01 | INFO     | [HEALTH CHECK] [OK] Chrome connection is healthy
2026-01-01 08:13:01 | INFO     | [DAY_START] Processing 12MAR
2026-01-01 08:13:01 | INFO     | [lf.day.start] Processing CAI-AHB for 12MAR
2026-01-01 08:13:02 | INFO     | [lf.day.flights_found] Found 1 flights on 12MAR
2026-01-01 08:13:04 | INFO     | [lf.flight.extracted] SM443 on 12MAR: BKG=6, LF=3.4%
2026-01-01 08:13:07 | INFO     | [SUCCESS] Day 12MAR
2026-01-01 08:13:07 | INFO     | [DAY_START] Processing 11MAR
2026-01-01 08:13:07 | INFO     | [lf.day.start] Processing CAI-AHB for 11MAR
2026-01-01 08:13:08 | INFO     | [lf.day.flights_found] Found 1 flights on 11MAR
2026-01-01 08:13:10 | INFO     | [lf.flight.extracted] SM447 on 11MAR: BKG=3, LF=1.7%
2026-01-01 08:13:12 | INFO     | [SUCCESS] Day 11MAR
2026-01-01 08:13:12 | INFO     | [DAY_START] Processing 10MAR
2026-01-01 08:13:12 | INFO     | [lf.day.start] Processing CAI-AHB for 10MAR
2026-01-01 08:13:13 | WARNING  | [lf.day.no_flights] No direct flights on 10MAR
2026-01-01 08:13:13 | INFO     | [SUCCESS] Day 10MAR
2026-01-01 08:13:13 | INFO     | [DAY_START] Processing 09MAR
2026-01-01 08:13:13 | INFO     | [lf.day.start] Processing CAI-AHB for 09MAR
2026-01-01 08:13:14 | WARNING  | [lf.day.no_flights] No direct flights on 09MAR
2026-01-01 08:13:14 | INFO     | [SUCCESS] Day 09MAR
2026-01-01 08:13:14 | INFO     | [DAY_START] Processing 08MAR
2026-01-01 08:13:14 | INFO     | [lf.day.start] Processing CAI-AHB for 08MAR
2026-01-01 08:13:15 | WARNING  | [lf.day.no_flights] No direct flights on 08MAR
2026-01-01 08:13:15 | INFO     | [SUCCESS] Day 08MAR
2026-01-01 08:13:15 | INFO     | [DAY_START] Processing 07MAR
2026-01-01 08:13:15 | INFO     | [lf.day.start] Processing CAI-AHB for 07MAR
2026-01-01 08:13:16 | INFO     | [lf.day.flights_found] Found 1 flights on 07MAR
2026-01-01 08:13:18 | INFO     | [lf.flight.extracted] SM443 on 07MAR: BKG=4, LF=2.2%
2026-01-01 08:13:21 | INFO     | [SUCCESS] Day 07MAR
2026-01-01 08:13:21 | INFO     | [SUCCESS] LF Search Complete
2026-01-01 08:13:23 | INFO     | [Worker_9222] Completed: CAI-AHB - 6 results, 0 errors
2026-01-01 08:13:23 | INFO     | [Worker_9222] Processing: MED-ATZ
2026-01-01 08:13:23 | INFO     |   Tier 0: Range 3, Chunk 5/5 (6 days)
