2026-01-01 08:37:50 | INFO     | ======================================================================
2026-01-01 08:37:50 | INFO     | Load Factor Scraper Started - Route: CAI-GIZ
2026-01-01 08:37:50 | INFO     | Log file: D:\CODERED\LAB\market_insights\outputs\run_generated_010126_at_08.01\logs\LF_CAI-GIZ_20260101_083750.log
2026-01-01 08:37:50 | INFO     | Enhanced logging: Capturing both logging.info() and print()
2026-01-01 08:37:50 | INFO     | ======================================================================
2026-01-01 08:37:50 | INFO     | Starting LF search for route: CAI-GIZ
2026-01-01 08:37:50 | INFO     | [START] LF Search
2026-01-01 08:37:52 | INFO     | [HEALTH CHECK] [OK] Chrome connection is healthy
2026-01-01 08:37:52 | INFO     | [DAY_START] Processing 24JAN
2026-01-01 08:37:52 | INFO     | [lf.day.start] Processing CAI-GIZ for 24JAN
2026-01-01 08:37:53 | INFO     | [lf.day.flights_found] Found 1 flights on 24JAN
2026-01-01 08:37:55 | INFO     | [lf.flight.extracted] SM329 on 24JAN: BKG=31, LF=17.3%
2026-01-01 08:37:58 | INFO     | [SUCCESS] Day 24JAN
2026-01-01 08:37:58 | INFO     | [DAY_START] Processing 23JAN
2026-01-01 08:37:58 | INFO     | [lf.day.start] Processing CAI-GIZ for 23JAN
2026-01-01 08:37:59 | WARNING  | [lf.day.no_flights] No direct flights on 23JAN
2026-01-01 08:37:59 | INFO     | [SUCCESS] Day 23JAN
2026-01-01 08:37:59 | INFO     | [DAY_START] Processing 22JAN
2026-01-01 08:37:59 | INFO     | [lf.day.start] Processing CAI-GIZ for 22JAN
2026-01-01 08:38:00 | INFO     | [lf.day.flights_found] Found 1 flights on 22JAN
2026-01-01 08:38:03 | INFO     | [lf.flight.extracted] SM329 on 22JAN: BKG=41, LF=22.9%
2026-01-01 08:38:06 | INFO     | [SUCCESS] Day 22JAN
2026-01-01 08:38:06 | INFO     | [DAY_START] Processing 21JAN
2026-01-01 08:38:06 | INFO     | [lf.day.start] Processing CAI-GIZ for 21JAN
2026-01-01 08:38:07 | WARNING  | [lf.day.no_flights] No direct flights on 21JAN
2026-01-01 08:38:08 | INFO     | [SUCCESS] Day 21JAN
2026-01-01 08:38:08 | INFO     | [DAY_START] Processing 20JAN
2026-01-01 08:38:08 | INFO     | [lf.day.start] Processing CAI-GIZ for 20JAN
2026-01-01 08:38:09 | WARNING  | [lf.day.no_flights] No direct flights on 20JAN
2026-01-01 08:38:09 | INFO     | [SUCCESS] Day 20JAN
2026-01-01 08:38:09 | INFO     | [DAY_START] Processing 19JAN
2026-01-01 08:38:09 | INFO     | [lf.day.start] Processing CAI-GIZ for 19JAN
2026-01-01 08:38:11 | WARNING  | [lf.day.no_flights] No direct flights on 19JAN
2026-01-01 08:38:11 | INFO     | [SUCCESS] Day 19JAN
2026-01-01 08:38:11 | INFO     | [SUCCESS] LF Search Complete
2026-01-01 08:38:13 | INFO     | [Worker_9223] Completed: CAI-GIZ - 6 results, 0 errors
2026-01-01 08:38:13 | INFO     | [Worker_9223] Processing: JED-ATZ
2026-01-01 08:38:13 | INFO     |   Tier 0: Range 1, Chunk 3/5 (6 days)
