2026-01-01 08:37:25 | INFO     | ======================================================================
2026-01-01 08:37:25 | INFO     | Load Factor Scraper Started - Route: CAI-AJF
2026-01-01 08:37:25 | INFO     | Log file: D:\CODERED\LAB\market_insights\outputs\run_generated_010126_at_08.01\logs\LF_CAI-AJF_20260101_083725.log
2026-01-01 08:37:25 | INFO     | Enhanced logging: Capturing both logging.info() and print()
2026-01-01 08:37:25 | INFO     | ======================================================================
2026-01-01 08:37:25 | INFO     | Starting LF search for route: CAI-AJF
2026-01-01 08:37:25 | INFO     | [START] LF Search
2026-01-01 08:37:27 | INFO     | [HEALTH CHECK] [OK] Chrome connection is healthy
2026-01-01 08:37:27 | INFO     | [DAY_START] Processing 24JAN
2026-01-01 08:37:27 | INFO     | [lf.day.start] Processing CAI-AJF for 24JAN
2026-01-01 08:37:28 | INFO     | [lf.day.flights_found] Found 1 flights on 24JAN
2026-01-01 08:37:30 | INFO     | [lf.flight.extracted] SM321 on 24JAN: BKG=41, LF=22.9%
2026-01-01 08:37:33 | INFO     | [SUCCESS] Day 24JAN
2026-01-01 08:37:33 | INFO     | [DAY_START] Processing 23JAN
2026-01-01 08:37:33 | INFO     | [lf.day.start] Processing CAI-AJF for 23JAN
2026-01-01 08:37:35 | WARNING  | [lf.day.no_flights] No direct flights on 23JAN
2026-01-01 08:37:35 | INFO     | [SUCCESS] Day 23JAN
2026-01-01 08:37:35 | INFO     | [DAY_START] Processing 22JAN
2026-01-01 08:37:35 | INFO     | [lf.day.start] Processing CAI-AJF for 22JAN
2026-01-01 08:37:36 | INFO     | [lf.day.flights_found] Found 1 flights on 22JAN
2026-01-01 08:37:38 | INFO     | [lf.flight.extracted] SM321 on 22JAN: BKG=52, LF=29.0%
2026-01-01 08:37:42 | INFO     | [SUCCESS] Day 22JAN
2026-01-01 08:37:42 | INFO     | [DAY_START] Processing 21JAN
2026-01-01 08:37:42 | INFO     | [lf.day.start] Processing CAI-AJF for 21JAN
2026-01-01 08:37:43 | WARNING  | [lf.day.no_flights] No direct flights on 21JAN
2026-01-01 08:37:43 | INFO     | [SUCCESS] Day 21JAN
2026-01-01 08:37:43 | INFO     | [DAY_START] Processing 20JAN
2026-01-01 08:37:43 | INFO     | [lf.day.start] Processing CAI-AJF for 20JAN
2026-01-01 08:37:44 | INFO     | [lf.day.flights_found] Found 1 flights on 20JAN
2026-01-01 08:37:46 | INFO     | [lf.flight.extracted] SM321 on 20JAN: BKG=32, LF=17.9%
2026-01-01 08:37:50 | INFO     | [SUCCESS] Day 20JAN
2026-01-01 08:37:50 | INFO     | [DAY_START] Processing 19JAN
2026-01-01 08:37:50 | INFO     | [lf.day.start] Processing CAI-AJF for 19JAN
2026-01-01 08:37:51 | WARNING  | [lf.day.no_flights] No direct flights on 19JAN
2026-01-01 08:37:51 | INFO     | [SUCCESS] Day 19JAN
2026-01-01 08:37:51 | INFO     | [SUCCESS] LF Search Complete
2026-01-01 08:37:53 | INFO     | [Worker_9224] Completed: CAI-AJF - 6 results, 0 errors
2026-01-01 08:37:53 | INFO     | [Worker_9224] Processing: MED-CAI
2026-01-01 08:37:53 | INFO     |   Tier 0: Range 1, Chunk 3/5 (6 days)
