2026-01-01 08:09:57 | INFO     | ======================================================================
2026-01-01 08:09:57 | INFO     | Load Factor Scraper Started - Route: CAI-DMM
2026-01-01 08:09:57 | INFO     | Log file: D:\CODERED\LAB\market_insights\outputs\run_generated_010126_at_08.01\logs\LF_CAI-DMM_20260101_080957.log
2026-01-01 08:09:57 | INFO     | Enhanced logging: Capturing both logging.info() and print()
2026-01-01 08:09:57 | INFO     | ======================================================================
2026-01-01 08:09:57 | INFO     | Starting LF search for route: CAI-DMM
2026-01-01 08:09:57 | INFO     | [START] LF Search
2026-01-01 08:09:58 | INFO     | [HEALTH CHECK] [OK] Chrome connection is healthy
2026-01-01 08:09:58 | INFO     | [DAY_START] Processing 18MAR
2026-01-01 08:09:58 | INFO     | [lf.day.start] Processing CAI-DMM for 18MAR
2026-01-01 08:09:59 | WARNING  | [lf.day.no_flights] No direct flights on 18MAR
2026-01-01 08:09:59 | INFO     | [SUCCESS] Day 18MAR
2026-01-01 08:09:59 | INFO     | [DAY_START] Processing 17MAR
2026-01-01 08:09:59 | INFO     | [lf.day.start] Processing CAI-DMM for 17MAR
2026-01-01 08:10:00 | INFO     | [lf.day.flights_found] Found 1 flights on 17MAR
2026-01-01 08:10:03 | INFO     | [lf.flight.extracted] SM433 on 17MAR: BKG=2, LF=1.1%
2026-01-01 08:10:05 | INFO     | [SUCCESS] Day 17MAR
2026-01-01 08:10:05 | INFO     | [DAY_START] Processing 16MAR
2026-01-01 08:10:05 | INFO     | [lf.day.start] Processing CAI-DMM for 16MAR
2026-01-01 08:10:06 | WARNING  | [lf.day.no_flights] No direct flights on 16MAR
2026-01-01 08:10:06 | INFO     | [SUCCESS] Day 16MAR
2026-01-01 08:10:06 | INFO     | [DAY_START] Processing 15MAR
2026-01-01 08:10:06 | INFO     | [lf.day.start] Processing CAI-DMM for 15MAR
2026-01-01 08:10:07 | WARNING  | [lf.day.no_flights] No direct flights on 15MAR
2026-01-01 08:10:07 | INFO     | [SUCCESS] Day 15MAR
2026-01-01 08:10:07 | INFO     | [DAY_START] Processing 14MAR
2026-01-01 08:10:07 | INFO     | [lf.day.start] Processing CAI-DMM for 14MAR
2026-01-01 08:10:08 | INFO     | [lf.day.flights_found] Found 1 flights on 14MAR
2026-01-01 08:10:10 | INFO     | [lf.flight.extracted] SM433 on 14MAR: BKG=5, LF=2.8%
2026-01-01 08:10:16 | INFO     | [SUCCESS] Day 14MAR
2026-01-01 08:10:16 | INFO     | [DAY_START] Processing 13MAR
2026-01-01 08:10:16 | INFO     | [lf.day.start] Processing CAI-DMM for 13MAR
2026-01-01 08:10:17 | INFO     | [lf.day.flights_found] Found 1 flights on 13MAR
2026-01-01 08:10:19 | INFO     | [lf.flight.extracted] SM433 on 13MAR: BKG=3, LF=1.7%
2026-01-01 08:10:21 | INFO     | [SUCCESS] Day 13MAR
2026-01-01 08:10:21 | INFO     | [SUCCESS] LF Search Complete
2026-01-01 08:10:23 | INFO     | [Worker_9226] Completed: CAI-DMM - 6 results, 0 errors
2026-01-01 08:10:23 | INFO     | [Worker_9226] Processing: ATZ-AJF
2026-01-01 08:10:23 | INFO     |   Tier 0: Range 3, Chunk 3/5 (6 days)
