2026-01-01 08:22:48 | INFO     | ======================================================================
2026-01-01 08:22:48 | INFO     | Load Factor Scraper Started - Route: CAI-RUH
2026-01-01 08:22:48 | INFO     | Log file: D:\CODERED\LAB\market_insights\outputs\run_generated_010126_at_08.01\logs\LF_CAI-RUH_20260101_082248.log
2026-01-01 08:22:48 | INFO     | Enhanced logging: Capturing both logging.info() and print()
2026-01-01 08:22:48 | INFO     | ======================================================================
2026-01-01 08:22:48 | INFO     | Starting LF search for route: CAI-RUH
2026-01-01 08:22:48 | INFO     | [START] LF Search
2026-01-01 08:22:50 | INFO     | [HEALTH CHECK] [OK] Chrome connection is healthy
2026-01-01 08:22:50 | INFO     | [DAY_START] Processing 21FEB
2026-01-01 08:22:50 | INFO     | [lf.day.start] Processing CAI-RUH for 21FEB
2026-01-01 08:22:51 | INFO     | [lf.day.flights_found] Found 1 flights on 21FEB
2026-01-01 08:22:53 | INFO     | [lf.flight.extracted] SM461 on 21FEB: BKG=0, LF=0.0%
2026-01-01 08:22:54 | INFO     | [SUCCESS] Day 21FEB
2026-01-01 08:22:54 | INFO     | [DAY_START] Processing 20FEB
2026-01-01 08:22:55 | INFO     | [lf.day.start] Processing CAI-RUH for 20FEB
2026-01-01 08:22:56 | INFO     | [lf.day.flights_found] Found 2 flights on 20FEB
2026-01-01 08:22:58 | INFO     | [lf.flight.extracted] SM461 on 20FEB: BKG=1, LF=0.6%
2026-01-01 08:23:02 | INFO     | [lf.flight.extracted] SM469 on 20FEB: BKG=1, LF=0.6%
2026-01-01 08:23:06 | INFO     | [SUCCESS] Day 20FEB
2026-01-01 08:23:06 | INFO     | [DAY_START] Processing 19FEB
2026-01-01 08:23:06 | INFO     | [lf.day.start] Processing CAI-RUH for 19FEB
2026-01-01 08:23:07 | INFO     | [lf.day.flights_found] Found 1 flights on 19FEB
2026-01-01 08:23:09 | INFO     | [lf.flight.extracted] SM461 on 19FEB: BKG=0, LF=0.0%
2026-01-01 08:23:11 | INFO     | [SUCCESS] Day 19FEB
2026-01-01 08:23:11 | INFO     | [DAY_START] Processing 18FEB
2026-01-01 08:23:11 | INFO     | [lf.day.start] Processing CAI-RUH for 18FEB
2026-01-01 08:23:12 | INFO     | [lf.day.flights_found] Found 2 flights on 18FEB
2026-01-01 08:23:14 | INFO     | [lf.flight.extracted] SM461 on 18FEB: BKG=0, LF=0.0%
2026-01-01 08:23:18 | INFO     | [lf.flight.extracted] SM469 on 18FEB: BKG=0, LF=0.0%
2026-01-01 08:23:19 | INFO     | [SUCCESS] Day 18FEB
2026-01-01 08:23:19 | INFO     | [DAY_START] Processing 17FEB
2026-01-01 08:23:19 | INFO     | [lf.day.start] Processing CAI-RUH for 17FEB
2026-01-01 08:23:20 | INFO     | [lf.day.flights_found] Found 1 flights on 17FEB
2026-01-01 08:23:22 | INFO     | [lf.flight.extracted] SM469 on 17FEB: BKG=0, LF=0.0%
2026-01-01 08:23:23 | INFO     | [SUCCESS] Day 17FEB
2026-01-01 08:23:23 | INFO     | [DAY_START] Processing 16FEB
2026-01-01 08:23:23 | INFO     | [lf.day.start] Processing CAI-RUH for 16FEB
2026-01-01 08:23:25 | INFO     | [lf.day.flights_found] Found 1 flights on 16FEB
2026-01-01 08:23:27 | INFO     | [lf.flight.extracted] SM469 on 16FEB: BKG=1, LF=0.6%
2026-01-01 08:23:29 | INFO     | [SUCCESS] Day 16FEB
2026-01-01 08:23:29 | INFO     | [DAY_START] Processing 15FEB
2026-01-01 08:23:29 | INFO     | [lf.day.start] Processing CAI-RUH for 15FEB
2026-01-01 08:23:30 | INFO     | [lf.day.flights_found] Found 1 flights on 15FEB
2026-01-01 08:23:33 | INFO     | [lf.flight.extracted] SM461 on 15FEB: BKG=2, LF=1.1%
2026-01-01 08:23:36 | INFO     | [SUCCESS] Day 15FEB
2026-01-01 08:23:36 | INFO     | [SUCCESS] LF Search Complete
2026-01-01 08:23:38 | INFO     | [Worker_9225] Completed: CAI-RUH - 7 results, 0 errors
2026-01-01 08:23:38 | INFO     | [Worker_9225] Processing: CAI-YNB
2026-01-01 08:23:38 | INFO     |   Tier 0: Range 2, Chunk 2/4 (7 days)
