2026-01-01 08:38:50 | INFO     | ======================================================================
2026-01-01 08:38:50 | INFO     | Load Factor Scraper Started - Route: DMM-CAI
2026-01-01 08:38:50 | INFO     | Log file: D:\CODERED\LAB\market_insights\outputs\run_generated_010126_at_08.01\logs\LF_DMM-CAI_20260101_083850.log
2026-01-01 08:38:50 | INFO     | Enhanced logging: Capturing both logging.info() and print()
2026-01-01 08:38:50 | INFO     | ======================================================================
2026-01-01 08:38:50 | INFO     | Starting LF search for route: DMM-CAI
2026-01-01 08:38:50 | INFO     | [START] LF Search
2026-01-01 08:38:52 | INFO     | [HEALTH CHECK] [OK] Chrome connection is healthy
2026-01-01 08:38:52 | INFO     | [DAY_START] Processing 18JAN
2026-01-01 08:38:52 | INFO     | [lf.day.start] Processing DMM-CAI for 18JAN
2026-01-01 08:38:53 | WARNING  | [lf.day.no_flights] No direct flights on 18JAN
2026-01-01 08:38:53 | INFO     | [SUCCESS] Day 18JAN
2026-01-01 08:38:53 | INFO     | [DAY_START] Processing 17JAN
2026-01-01 08:38:53 | INFO     | [lf.day.start] Processing DMM-CAI for 17JAN
2026-01-01 08:38:55 | INFO     | [lf.day.flights_found] Found 1 flights on 17JAN
2026-01-01 08:38:57 | INFO     | [lf.flight.extracted] SM434 on 17JAN: BKG=21, LF=12.0%
2026-01-01 08:39:01 | INFO     | [SUCCESS] Day 17JAN
2026-01-01 08:39:01 | INFO     | [DAY_START] Processing 16JAN
2026-01-01 08:39:01 | INFO     | [lf.day.start] Processing DMM-CAI for 16JAN
2026-01-01 08:39:02 | INFO     | [lf.day.flights_found] Found 1 flights on 16JAN
2026-01-01 08:39:04 | INFO     | [lf.flight.extracted] SM434 on 16JAN: BKG=44, LF=26.2%
2026-01-01 08:39:09 | INFO     | [SUCCESS] Day 16JAN
2026-01-01 08:39:09 | INFO     | [DAY_START] Processing 15JAN
2026-01-01 08:39:09 | INFO     | [lf.day.start] Processing DMM-CAI for 15JAN
2026-01-01 08:39:11 | INFO     | [lf.day.flights_found] Found 1 flights on 15JAN
2026-01-01 08:39:13 | INFO     | [lf.flight.extracted] SM434 on 15JAN: BKG=29, LF=16.6%
2026-01-01 08:39:17 | INFO     | [SUCCESS] Day 15JAN
2026-01-01 08:39:17 | INFO     | [DAY_START] Processing 14JAN
2026-01-01 08:39:17 | INFO     | [lf.day.start] Processing DMM-CAI for 14JAN
2026-01-01 08:39:18 | WARNING  | [lf.day.no_flights] No direct flights on 14JAN
2026-01-01 08:39:18 | INFO     | [SUCCESS] Day 14JAN
2026-01-01 08:39:18 | INFO     | [DAY_START] Processing 13JAN
2026-01-01 08:39:18 | INFO     | [lf.day.start] Processing DMM-CAI for 13JAN
2026-01-01 08:39:19 | INFO     | [lf.day.flights_found] Found 1 flights on 13JAN
2026-01-01 08:39:21 | INFO     | [lf.flight.extracted] SM434 on 13JAN: BKG=26, LF=14.9%
2026-01-01 08:39:26 | INFO     | [SUCCESS] Day 13JAN
2026-01-01 08:39:26 | INFO     | [SUCCESS] LF Search Complete
2026-01-01 08:39:28 | INFO     | [Worker_9224] Completed: DMM-CAI - 6 results, 0 errors
2026-01-01 08:39:28 | INFO     | [Worker_9224] Processing: AJF-CAI
2026-01-01 08:39:28 | INFO     |   Tier 0: Range 1, Chunk 3/5 (6 days)
