2026-01-01 08:11:20 | INFO     | ======================================================================
2026-01-01 08:11:20 | INFO     | Load Factor Scraper Started - Route: DMM-ATZ
2026-01-01 08:11:20 | INFO     | Log file: D:\CODERED\LAB\market_insights\outputs\run_generated_010126_at_08.01\logs\LF_DMM-ATZ_20260101_081120.log
2026-01-01 08:11:20 | INFO     | Enhanced logging: Capturing both logging.info() and print()
2026-01-01 08:11:20 | INFO     | ======================================================================
2026-01-01 08:11:20 | INFO     | Starting LF search for route: DMM-ATZ
2026-01-01 08:11:20 | INFO     | [START] LF Search
2026-01-01 08:11:21 | INFO     | [HEALTH CHECK] [OK] Chrome connection is healthy
2026-01-01 08:11:21 | INFO     | [DAY_START] Processing 12MAR
2026-01-01 08:11:21 | INFO     | [lf.day.start] Processing DMM-ATZ for 12MAR
2026-01-01 08:11:22 | WARNING  | [lf.day.no_flights] No direct flights on 12MAR
2026-01-01 08:11:22 | INFO     | [SUCCESS] Day 12MAR
2026-01-01 08:11:22 | INFO     | [DAY_START] Processing 11MAR
2026-01-01 08:11:22 | INFO     | [lf.day.start] Processing DMM-ATZ for 11MAR
2026-01-01 08:11:23 | WARNING  | [lf.day.no_flights] No direct flights on 11MAR
2026-01-01 08:11:23 | INFO     | [SUCCESS] Day 11MAR
2026-01-01 08:11:23 | INFO     | [DAY_START] Processing 10MAR
2026-01-01 08:11:23 | INFO     | [lf.day.start] Processing DMM-ATZ for 10MAR
2026-01-01 08:11:24 | WARNING  | [lf.day.no_flights] No direct flights on 10MAR
2026-01-01 08:11:24 | INFO     | [SUCCESS] Day 10MAR
2026-01-01 08:11:24 | INFO     | [DAY_START] Processing 09MAR
2026-01-01 08:11:24 | INFO     | [lf.day.start] Processing DMM-ATZ for 09MAR
2026-01-01 08:11:25 | INFO     | [lf.day.flights_found] Found 1 flights on 09MAR
2026-01-01 08:11:27 | INFO     | [lf.flight.extracted] SM438 on 09MAR: BKG=23, LF=13.1%
2026-01-01 08:11:30 | INFO     | [SUCCESS] Day 09MAR
2026-01-01 08:11:30 | INFO     | [DAY_START] Processing 08MAR
2026-01-01 08:11:30 | INFO     | [lf.day.start] Processing DMM-ATZ for 08MAR
2026-01-01 08:11:31 | WARNING  | [lf.day.no_flights] No direct flights on 08MAR
2026-01-01 08:11:31 | INFO     | [SUCCESS] Day 08MAR
2026-01-01 08:11:31 | INFO     | [DAY_START] Processing 07MAR
2026-01-01 08:11:31 | INFO     | [lf.day.start] Processing DMM-ATZ for 07MAR
2026-01-01 08:11:32 | WARNING  | [lf.day.no_flights] No direct flights on 07MAR
2026-01-01 08:11:32 | INFO     | [SUCCESS] Day 07MAR
2026-01-01 08:11:32 | INFO     | [SUCCESS] LF Search Complete
2026-01-01 08:11:34 | INFO     | [Worker_9222] Completed: DMM-ATZ - 6 results, 0 errors
2026-01-01 08:11:34 | INFO     | [Worker_9222] Processing: AJF-CAI
2026-01-01 08:11:34 | INFO     |   Tier 0: Range 3, Chunk 4/5 (6 days)
