2026-01-01 08:48:16 | INFO     | ======================================================================
2026-01-01 08:48:16 | INFO     | Load Factor Scraper Started - Route: ELQ-CAI
2026-01-01 08:48:16 | INFO     | Log file: D:\CODERED\LAB\market_insights\outputs\run_generated_010126_at_08.01\logs\LF_ELQ-CAI_20260101_084816.log
2026-01-01 08:48:16 | INFO     | Enhanced logging: Capturing both logging.info() and print()
2026-01-01 08:48:16 | INFO     | ======================================================================
2026-01-01 08:48:16 | INFO     | Starting LF search for route: ELQ-CAI
2026-01-01 08:48:16 | INFO     | [START] LF Search
2026-01-01 08:48:18 | INFO     | [HEALTH CHECK] [OK] Chrome connection is healthy
2026-01-01 08:48:18 | INFO     | [DAY_START] Processing 06JAN
2026-01-01 08:48:18 | INFO     | [lf.day.start] Processing ELQ-CAI for 06JAN
2026-01-01 08:48:19 | WARNING  | [lf.day.no_flights] No direct flights on 06JAN
2026-01-01 08:48:19 | INFO     | [SUCCESS] Day 06JAN
2026-01-01 08:48:19 | INFO     | [DAY_START] Processing 05JAN
2026-01-01 08:48:19 | INFO     | [lf.day.start] Processing ELQ-CAI for 05JAN
2026-01-01 08:48:20 | WARNING  | [lf.day.no_flights] No direct flights on 05JAN
2026-01-01 08:48:20 | INFO     | [SUCCESS] Day 05JAN
2026-01-01 08:48:20 | INFO     | [DAY_START] Processing 04JAN
2026-01-01 08:48:20 | INFO     | [lf.day.start] Processing ELQ-CAI for 04JAN
2026-01-01 08:48:21 | WARNING  | [lf.day.no_flights] No direct flights on 04JAN
2026-01-01 08:48:21 | INFO     | [SUCCESS] Day 04JAN
2026-01-01 08:48:21 | INFO     | [DAY_START] Processing 03JAN
2026-01-01 08:48:21 | INFO     | [lf.day.start] Processing ELQ-CAI for 03JAN
2026-01-01 08:48:22 | INFO     | [lf.day.flights_found] Found 1 flights on 03JAN
2026-01-01 08:48:24 | INFO     | [lf.flight.extracted] SM428 on 03JAN: BKG=47, LF=28.1%
2026-01-01 08:48:29 | INFO     | [SUCCESS] Day 03JAN
2026-01-01 08:48:29 | INFO     | [DAY_START] Processing 02JAN
2026-01-01 08:48:29 | INFO     | [lf.day.start] Processing ELQ-CAI for 02JAN
2026-01-01 08:48:30 | WARNING  | [lf.day.no_flights] No direct flights on 02JAN
2026-01-01 08:48:30 | INFO     | [SUCCESS] Day 02JAN
2026-01-01 08:48:30 | INFO     | [SUCCESS] LF Search Complete
2026-01-01 08:48:32 | INFO     | [Worker_9225] Completed: ELQ-CAI - 5 results, 0 errors
2026-01-01 08:48:32 | INFO     | [Worker_9225] Processing: ATZ-MED
2026-01-01 08:48:32 | INFO     |   Tier 0: Range 1, Chunk 5/5 (6 days)
