2026-01-01 08:21:59 | INFO     | ======================================================================
2026-01-01 08:21:59 | INFO     | Load Factor Scraper Started - Route: ELQ-CAI
2026-01-01 08:21:59 | INFO     | Log file: D:\CODERED\LAB\market_insights\outputs\run_generated_010126_at_08.01\logs\LF_ELQ-CAI_20260101_082159.log
2026-01-01 08:21:59 | INFO     | Enhanced logging: Capturing both logging.info() and print()
2026-01-01 08:21:59 | INFO     | ======================================================================
2026-01-01 08:21:59 | INFO     | Starting LF search for route: ELQ-CAI
2026-01-01 08:21:59 | INFO     | [START] LF Search
2026-01-01 08:22:00 | INFO     | [HEALTH CHECK] [OK] Chrome connection is healthy
2026-01-01 08:22:00 | INFO     | [DAY_START] Processing 21FEB
2026-01-01 08:22:00 | INFO     | [lf.day.start] Processing ELQ-CAI for 21FEB
2026-01-01 08:22:01 | INFO     | [lf.day.flights_found] Found 1 flights on 21FEB
2026-01-01 08:22:03 | INFO     | [lf.flight.extracted] SM428 on 21FEB: BKG=16, LF=9.6%
2026-01-01 08:22:07 | INFO     | [SUCCESS] Day 21FEB
2026-01-01 08:22:07 | INFO     | [DAY_START] Processing 20FEB
2026-01-01 08:22:07 | INFO     | [lf.day.start] Processing ELQ-CAI for 20FEB
2026-01-01 08:22:08 | WARNING  | [lf.day.no_flights] No direct flights on 20FEB
2026-01-01 08:22:08 | INFO     | [SUCCESS] Day 20FEB
2026-01-01 08:22:08 | INFO     | [DAY_START] Processing 19FEB
2026-01-01 08:22:08 | INFO     | [lf.day.start] Processing ELQ-CAI for 19FEB
2026-01-01 08:22:09 | INFO     | [lf.day.flights_found] Found 1 flights on 19FEB
2026-01-01 08:22:13 | INFO     | [lf.flight.extracted] SM428 on 19FEB: BKG=0, LF=0.0%
2026-01-01 08:22:14 | INFO     | [SUCCESS] Day 19FEB
2026-01-01 08:22:14 | INFO     | [DAY_START] Processing 18FEB
2026-01-01 08:22:14 | INFO     | [lf.day.start] Processing ELQ-CAI for 18FEB
2026-01-01 08:22:15 | WARNING  | [lf.day.no_flights] No direct flights on 18FEB
2026-01-01 08:22:15 | INFO     | [SUCCESS] Day 18FEB
2026-01-01 08:22:15 | INFO     | [DAY_START] Processing 17FEB
2026-01-01 08:22:15 | INFO     | [lf.day.start] Processing ELQ-CAI for 17FEB
2026-01-01 08:22:16 | WARNING  | [lf.day.no_flights] No direct flights on 17FEB
2026-01-01 08:22:16 | INFO     | [SUCCESS] Day 17FEB
2026-01-01 08:22:16 | INFO     | [DAY_START] Processing 16FEB
2026-01-01 08:22:16 | INFO     | [lf.day.start] Processing ELQ-CAI for 16FEB
2026-01-01 08:22:17 | WARNING  | [lf.day.no_flights] No direct flights on 16FEB
2026-01-01 08:22:18 | INFO     | [SUCCESS] Day 16FEB
2026-01-01 08:22:18 | INFO     | [DAY_START] Processing 15FEB
2026-01-01 08:22:18 | INFO     | [lf.day.start] Processing ELQ-CAI for 15FEB
2026-01-01 08:22:19 | INFO     | [lf.day.flights_found] Found 1 flights on 15FEB
2026-01-01 08:22:21 | INFO     | [lf.flight.extracted] SM428 on 15FEB: BKG=7, LF=4.2%
2026-01-01 08:22:23 | INFO     | [SUCCESS] Day 15FEB
2026-01-01 08:22:23 | INFO     | [SUCCESS] LF Search Complete
2026-01-01 08:22:25 | INFO     | [Worker_9222] Completed: ELQ-CAI - 7 results, 0 errors
2026-01-01 08:22:25 | INFO     | [Worker_9222] Processing: HBE-JED
2026-01-01 08:22:25 | INFO     |   Tier 0: Range 2, Chunk 2/4 (7 days)
