2026-01-01 08:18:22 | INFO     | ======================================================================
2026-01-01 08:18:22 | INFO     | Load Factor Scraper Started - Route: ELQ-CAI
2026-01-01 08:18:22 | INFO     | Log file: D:\CODERED\LAB\market_insights\outputs\run_generated_010126_at_08.01\logs\LF_ELQ-CAI_20260101_081822.log
2026-01-01 08:18:22 | INFO     | Enhanced logging: Capturing both logging.info() and print()
2026-01-01 08:18:22 | INFO     | ======================================================================
2026-01-01 08:18:22 | INFO     | Starting LF search for route: ELQ-CAI
2026-01-01 08:18:22 | INFO     | [START] LF Search
2026-01-01 08:18:23 | INFO     | [HEALTH CHECK] [OK] Chrome connection is healthy
2026-01-01 08:18:23 | INFO     | [DAY_START] Processing 28FEB
2026-01-01 08:18:23 | INFO     | [lf.day.start] Processing ELQ-CAI for 28FEB
2026-01-01 08:18:24 | INFO     | [lf.day.flights_found] Found 1 flights on 28FEB
2026-01-01 08:18:27 | INFO     | [lf.flight.extracted] SM428 on 28FEB: BKG=8, LF=4.8%
2026-01-01 08:18:30 | INFO     | [SUCCESS] Day 28FEB
2026-01-01 08:18:30 | INFO     | [DAY_START] Processing 27FEB
2026-01-01 08:18:30 | INFO     | [lf.day.start] Processing ELQ-CAI for 27FEB
2026-01-01 08:18:31 | WARNING  | [lf.day.no_flights] No direct flights on 27FEB
2026-01-01 08:18:31 | INFO     | [SUCCESS] Day 27FEB
2026-01-01 08:18:31 | INFO     | [DAY_START] Processing 26FEB
2026-01-01 08:18:31 | INFO     | [lf.day.start] Processing ELQ-CAI for 26FEB
2026-01-01 08:18:32 | INFO     | [lf.day.flights_found] Found 1 flights on 26FEB
2026-01-01 08:18:34 | INFO     | [lf.flight.extracted] SM428 on 26FEB: BKG=5, LF=3.0%
2026-01-01 08:18:38 | INFO     | [SUCCESS] Day 26FEB
2026-01-01 08:18:38 | INFO     | [DAY_START] Processing 25FEB
2026-01-01 08:18:38 | INFO     | [lf.day.start] Processing ELQ-CAI for 25FEB
2026-01-01 08:18:39 | WARNING  | [lf.day.no_flights] No direct flights on 25FEB
2026-01-01 08:18:39 | INFO     | [SUCCESS] Day 25FEB
2026-01-01 08:18:39 | INFO     | [DAY_START] Processing 24FEB
2026-01-01 08:18:39 | INFO     | [lf.day.start] Processing ELQ-CAI for 24FEB
2026-01-01 08:18:50 | WARNING  | [lf.day.no_flights] No direct flights on 24FEB
2026-01-01 08:18:50 | INFO     | [SUCCESS] Day 24FEB
2026-01-01 08:18:50 | INFO     | [DAY_START] Processing 23FEB
2026-01-01 08:18:50 | INFO     | [lf.day.start] Processing ELQ-CAI for 23FEB
2026-01-01 08:18:51 | WARNING  | [lf.day.no_flights] No direct flights on 23FEB
2026-01-01 08:18:51 | INFO     | [SUCCESS] Day 23FEB
2026-01-01 08:18:51 | INFO     | [DAY_START] Processing 22FEB
2026-01-01 08:18:51 | INFO     | [lf.day.start] Processing ELQ-CAI for 22FEB
2026-01-01 08:18:52 | INFO     | [lf.day.flights_found] Found 1 flights on 22FEB
2026-01-01 08:18:54 | INFO     | [lf.flight.extracted] SM428 on 22FEB: BKG=20, LF=12.0%
2026-01-01 08:18:57 | INFO     | [SUCCESS] Day 22FEB
2026-01-01 08:18:57 | INFO     | [SUCCESS] LF Search Complete
2026-01-01 08:18:59 | INFO     | [Worker_9225] Completed: ELQ-CAI - 7 results, 0 errors
2026-01-01 08:18:59 | INFO     | [Worker_9225] Processing: CAI-JED
2026-01-01 08:18:59 | INFO     |   Tier 0: Range 2, Chunk 1/4 (7 days)
