2026-01-01 08:44:34 | INFO     | ======================================================================
2026-01-01 08:44:34 | INFO     | Load Factor Scraper Started - Route: ELQ-ATZ
2026-01-01 08:44:34 | INFO     | Log file: D:\CODERED\LAB\market_insights\outputs\run_generated_010126_at_08.01\logs\LF_ELQ-ATZ_20260101_084434.log
2026-01-01 08:44:34 | INFO     | Enhanced logging: Capturing both logging.info() and print()
2026-01-01 08:44:34 | INFO     | ======================================================================
2026-01-01 08:44:34 | INFO     | Starting LF search for route: ELQ-ATZ
2026-01-01 08:44:34 | INFO     | [START] LF Search
2026-01-01 08:44:35 | INFO     | [HEALTH CHECK] [OK] Chrome connection is healthy
2026-01-01 08:44:35 | INFO     | [DAY_START] Processing 12JAN
2026-01-01 08:44:35 | INFO     | [lf.day.start] Processing ELQ-ATZ for 12JAN
2026-01-01 08:44:36 | WARNING  | [lf.day.no_flights] No direct flights on 12JAN
2026-01-01 08:44:36 | INFO     | [SUCCESS] Day 12JAN
2026-01-01 08:44:36 | INFO     | [DAY_START] Processing 11JAN
2026-01-01 08:44:36 | INFO     | [lf.day.start] Processing ELQ-ATZ for 11JAN
2026-01-01 08:44:37 | WARNING  | [lf.day.no_flights] No direct flights on 11JAN
2026-01-01 08:44:37 | INFO     | [SUCCESS] Day 11JAN
2026-01-01 08:44:37 | INFO     | [DAY_START] Processing 10JAN
2026-01-01 08:44:37 | INFO     | [lf.day.start] Processing ELQ-ATZ for 10JAN
2026-01-01 08:44:38 | INFO     | [lf.day.flights_found] Found 1 flights on 10JAN
2026-01-01 08:44:40 | INFO     | [lf.flight.extracted] SM436 on 10JAN: BKG=66, LF=39.5%
2026-01-01 08:44:45 | INFO     | [SUCCESS] Day 10JAN
2026-01-01 08:44:45 | INFO     | [DAY_START] Processing 09JAN
2026-01-01 08:44:45 | INFO     | [lf.day.start] Processing ELQ-ATZ for 09JAN
2026-01-01 08:44:46 | WARNING  | [lf.day.no_flights] No direct flights on 09JAN
2026-01-01 08:44:46 | INFO     | [SUCCESS] Day 09JAN
2026-01-01 08:44:46 | INFO     | [DAY_START] Processing 08JAN
2026-01-01 08:44:46 | INFO     | [lf.day.start] Processing ELQ-ATZ for 08JAN
2026-01-01 08:44:47 | WARNING  | [lf.day.no_flights] No direct flights on 08JAN
2026-01-01 08:44:48 | INFO     | [SUCCESS] Day 08JAN
2026-01-01 08:44:48 | INFO     | [DAY_START] Processing 07JAN
2026-01-01 08:44:48 | INFO     | [lf.day.start] Processing ELQ-ATZ for 07JAN
2026-01-01 08:44:48 | INFO     | [lf.day.flights_found] Found 1 flights on 07JAN
2026-01-01 08:44:51 | INFO     | [lf.flight.extracted] SM436 on 07JAN: BKG=64, LF=38.3%
2026-01-01 08:44:55 | INFO     | [SUCCESS] Day 07JAN
2026-01-01 08:44:56 | INFO     | [SUCCESS] LF Search Complete
2026-01-01 08:44:58 | INFO     | [Worker_9226] Completed: ELQ-ATZ - 6 results, 0 errors
2026-01-01 08:44:58 | INFO     | [Worker_9226] Processing: HBE-MED
2026-01-01 08:44:58 | INFO     |   Tier 0: Range 1, Chunk 4/5 (6 days)
