2026-01-01 08:36:05 | INFO     | ======================================================================
2026-01-01 08:36:05 | INFO     | Load Factor Scraper Started - Route: ELQ-ATZ
2026-01-01 08:36:05 | INFO     | Log file: D:\CODERED\LAB\market_insights\outputs\run_generated_010126_at_08.01\logs\LF_ELQ-ATZ_20260101_083605.log
2026-01-01 08:36:05 | INFO     | Enhanced logging: Capturing both logging.info() and print()
2026-01-01 08:36:05 | INFO     | ======================================================================
2026-01-01 08:36:05 | INFO     | Starting LF search for route: ELQ-ATZ
2026-01-01 08:36:05 | INFO     | [START] LF Search
2026-01-01 08:36:07 | INFO     | [HEALTH CHECK] [OK] Chrome connection is healthy
2026-01-01 08:36:07 | INFO     | [DAY_START] Processing 24JAN
2026-01-01 08:36:07 | INFO     | [lf.day.start] Processing ELQ-ATZ for 24JAN
2026-01-01 08:36:08 | INFO     | [lf.day.flights_found] Found 1 flights on 24JAN
2026-01-01 08:36:10 | INFO     | [lf.flight.extracted] SM436 on 24JAN: BKG=61, LF=36.5%
2026-01-01 08:36:15 | INFO     | [SUCCESS] Day 24JAN
2026-01-01 08:36:15 | INFO     | [DAY_START] Processing 23JAN
2026-01-01 08:36:15 | INFO     | [lf.day.start] Processing ELQ-ATZ for 23JAN
2026-01-01 08:36:17 | WARNING  | [lf.day.no_flights] No direct flights on 23JAN
2026-01-01 08:36:17 | INFO     | [SUCCESS] Day 23JAN
2026-01-01 08:36:17 | INFO     | [DAY_START] Processing 22JAN
2026-01-01 08:36:17 | INFO     | [lf.day.start] Processing ELQ-ATZ for 22JAN
2026-01-01 08:36:19 | WARNING  | [lf.day.no_flights] No direct flights on 22JAN
2026-01-01 08:36:19 | INFO     | [SUCCESS] Day 22JAN
2026-01-01 08:36:19 | INFO     | [DAY_START] Processing 21JAN
2026-01-01 08:36:19 | INFO     | [lf.day.start] Processing ELQ-ATZ for 21JAN
2026-01-01 08:36:20 | INFO     | [lf.day.flights_found] Found 1 flights on 21JAN
2026-01-01 08:36:22 | INFO     | [lf.flight.extracted] SM436 on 21JAN: BKG=51, LF=30.5%
2026-01-01 08:36:27 | INFO     | [SUCCESS] Day 21JAN
2026-01-01 08:36:27 | INFO     | [DAY_START] Processing 20JAN
2026-01-01 08:36:27 | INFO     | [lf.day.start] Processing ELQ-ATZ for 20JAN
2026-01-01 08:36:28 | WARNING  | [lf.day.no_flights] No direct flights on 20JAN
2026-01-01 08:36:28 | INFO     | [SUCCESS] Day 20JAN
2026-01-01 08:36:28 | INFO     | [DAY_START] Processing 19JAN
2026-01-01 08:36:28 | INFO     | [lf.day.start] Processing ELQ-ATZ for 19JAN
2026-01-01 08:36:29 | WARNING  | [lf.day.no_flights] No direct flights on 19JAN
2026-01-01 08:36:29 | INFO     | [SUCCESS] Day 19JAN
2026-01-01 08:36:29 | INFO     | [SUCCESS] LF Search Complete
2026-01-01 08:36:31 | INFO     | [Worker_9222] Completed: ELQ-ATZ - 6 results, 0 errors
2026-01-01 08:36:31 | INFO     | [Worker_9222] Processing: ATZ-JED
2026-01-01 08:36:31 | INFO     |   Tier 0: Range 1, Chunk 2/5 (6 days)
