2026-01-01 08:14:44 | INFO     | ======================================================================
2026-01-01 08:14:44 | INFO     | Load Factor Scraper Started - Route: GIZ-CAI
2026-01-01 08:14:44 | INFO     | Log file: D:\CODERED\LAB\market_insights\outputs\run_generated_010126_at_08.01\logs\LF_GIZ-CAI_20260101_081444.log
2026-01-01 08:14:44 | INFO     | Enhanced logging: Capturing both logging.info() and print()
2026-01-01 08:14:44 | INFO     | ======================================================================
2026-01-01 08:14:44 | INFO     | Starting LF search for route: GIZ-CAI
2026-01-01 08:14:44 | INFO     | [START] LF Search
2026-01-01 08:14:46 | INFO     | [HEALTH CHECK] [OK] Chrome connection is healthy
2026-01-01 08:14:46 | INFO     | [DAY_START] Processing 06MAR
2026-01-01 08:14:46 | INFO     | [lf.day.start] Processing GIZ-CAI for 06MAR
2026-01-01 08:14:47 | INFO     | [lf.day.flights_found] Found 1 flights on 06MAR
2026-01-01 08:14:49 | INFO     | [lf.flight.extracted] SM330 on 06MAR: BKG=17, LF=9.7%
2026-01-01 08:14:52 | INFO     | [SUCCESS] Day 06MAR
2026-01-01 08:14:52 | INFO     | [DAY_START] Processing 05MAR
2026-01-01 08:14:52 | INFO     | [lf.day.start] Processing GIZ-CAI for 05MAR
2026-01-01 08:14:53 | WARNING  | [lf.day.no_flights] No direct flights on 05MAR
2026-01-01 08:14:53 | INFO     | [SUCCESS] Day 05MAR
2026-01-01 08:14:53 | INFO     | [DAY_START] Processing 04MAR
2026-01-01 08:14:53 | INFO     | [lf.day.start] Processing GIZ-CAI for 04MAR
2026-01-01 08:14:54 | WARNING  | [lf.day.no_flights] No direct flights on 04MAR
2026-01-01 08:14:55 | INFO     | [SUCCESS] Day 04MAR
2026-01-01 08:14:55 | INFO     | [DAY_START] Processing 03MAR
2026-01-01 08:14:55 | INFO     | [lf.day.start] Processing GIZ-CAI for 03MAR
2026-01-01 08:14:56 | WARNING  | [lf.day.no_flights] No direct flights on 03MAR
2026-01-01 08:14:56 | INFO     | [SUCCESS] Day 03MAR
2026-01-01 08:14:56 | INFO     | [DAY_START] Processing 02MAR
2026-01-01 08:14:56 | INFO     | [lf.day.start] Processing GIZ-CAI for 02MAR
2026-01-01 08:14:57 | WARNING  | [lf.day.no_flights] No direct flights on 02MAR
2026-01-01 08:14:57 | INFO     | [SUCCESS] Day 02MAR
2026-01-01 08:14:57 | INFO     | [DAY_START] Processing 01MAR
2026-01-01 08:14:57 | INFO     | [lf.day.start] Processing GIZ-CAI for 01MAR
2026-01-01 08:14:58 | INFO     | [lf.day.flights_found] Found 1 flights on 01MAR
2026-01-01 08:15:00 | INFO     | [lf.flight.extracted] SM330 on 01MAR: BKG=9, LF=5.1%
2026-01-01 08:15:04 | INFO     | [SUCCESS] Day 01MAR
2026-01-01 08:15:04 | INFO     | [SUCCESS] LF Search Complete
2026-01-01 08:15:06 | INFO     | [Worker_9232] Completed: GIZ-CAI - 6 results, 0 errors
2026-01-01 08:15:06 | INFO     | [Worker_9232] Processing: LXR-JED
2026-01-01 08:15:06 | INFO     |   Tier 0: Range 3, Chunk 5/5 (6 days)
