2026-01-01 08:06:19 | INFO     | ======================================================================
2026-01-01 08:06:19 | INFO     | Load Factor Scraper Started - Route: GIZ-CAI
2026-01-01 08:06:19 | INFO     | Log file: D:\CODERED\LAB\market_insights\outputs\run_generated_010126_at_08.01\logs\LF_GIZ-CAI_20260101_080619.log
2026-01-01 08:06:19 | INFO     | Enhanced logging: Capturing both logging.info() and print()
2026-01-01 08:06:19 | INFO     | ======================================================================
2026-01-01 08:06:19 | INFO     | Starting LF search for route: GIZ-CAI
2026-01-01 08:06:19 | INFO     | [START] LF Search
2026-01-01 08:06:21 | INFO     | [HEALTH CHECK] [OK] Chrome connection is healthy
2026-01-01 08:06:21 | INFO     | [DAY_START] Processing 24MAR
2026-01-01 08:06:21 | INFO     | [lf.day.start] Processing GIZ-CAI for 24MAR
2026-01-01 08:06:22 | WARNING  | [lf.day.no_flights] No direct flights on 24MAR
2026-01-01 08:06:22 | INFO     | [SUCCESS] Day 24MAR
2026-01-01 08:06:22 | INFO     | [DAY_START] Processing 23MAR
2026-01-01 08:06:22 | INFO     | [lf.day.start] Processing GIZ-CAI for 23MAR
2026-01-01 08:06:23 | WARNING  | [lf.day.no_flights] No direct flights on 23MAR
2026-01-01 08:06:23 | INFO     | [SUCCESS] Day 23MAR
2026-01-01 08:06:23 | INFO     | [DAY_START] Processing 22MAR
2026-01-01 08:06:23 | INFO     | [lf.day.start] Processing GIZ-CAI for 22MAR
2026-01-01 08:06:24 | INFO     | [lf.day.flights_found] Found 1 flights on 22MAR
2026-01-01 08:06:26 | INFO     | [lf.flight.extracted] SM330 on 22MAR: BKG=5, LF=2.9%
2026-01-01 08:06:29 | INFO     | [SUCCESS] Day 22MAR
2026-01-01 08:06:29 | INFO     | [DAY_START] Processing 21MAR
2026-01-01 08:06:29 | INFO     | [lf.day.start] Processing GIZ-CAI for 21MAR
2026-01-01 08:06:30 | WARNING  | [lf.day.no_flights] No direct flights on 21MAR
2026-01-01 08:06:30 | INFO     | [SUCCESS] Day 21MAR
2026-01-01 08:06:30 | INFO     | [DAY_START] Processing 20MAR
2026-01-01 08:06:30 | INFO     | [lf.day.start] Processing GIZ-CAI for 20MAR
2026-01-01 08:06:31 | INFO     | [lf.day.flights_found] Found 1 flights on 20MAR
2026-01-01 08:06:33 | INFO     | [lf.flight.extracted] SM330 on 20MAR: BKG=1, LF=0.6%
2026-01-01 08:06:36 | INFO     | [SUCCESS] Day 20MAR
2026-01-01 08:06:36 | INFO     | [DAY_START] Processing 19MAR
2026-01-01 08:06:36 | INFO     | [lf.day.start] Processing GIZ-CAI for 19MAR
2026-01-01 08:06:37 | WARNING  | [lf.day.no_flights] No direct flights on 19MAR
2026-01-01 08:06:37 | INFO     | [SUCCESS] Day 19MAR
2026-01-01 08:06:37 | INFO     | [SUCCESS] LF Search Complete
2026-01-01 08:06:39 | INFO     | [Worker_9232] Completed: GIZ-CAI - 6 results, 0 errors
2026-01-01 08:06:39 | INFO     | [Worker_9232] Processing: HBE-JED
2026-01-01 08:06:39 | INFO     |   Tier 0: Range 3, Chunk 2/5 (6 days)
