2026-01-01 08:09:30 | INFO     | ======================================================================
2026-01-01 08:09:30 | INFO     | Load Factor Scraper Started - Route: GIZ-CAI
2026-01-01 08:09:30 | INFO     | Log file: D:\CODERED\LAB\market_insights\outputs\run_generated_010126_at_08.01\logs\LF_GIZ-CAI_20260101_080930.log
2026-01-01 08:09:30 | INFO     | Enhanced logging: Capturing both logging.info() and print()
2026-01-01 08:09:30 | INFO     | ======================================================================
2026-01-01 08:09:30 | INFO     | Starting LF search for route: GIZ-CAI
2026-01-01 08:09:30 | INFO     | [START] LF Search
2026-01-01 08:09:31 | INFO     | [HEALTH CHECK] [OK] Chrome connection is healthy
2026-01-01 08:09:31 | INFO     | [DAY_START] Processing 18MAR
2026-01-01 08:09:31 | INFO     | [lf.day.start] Processing GIZ-CAI for 18MAR
2026-01-01 08:09:32 | WARNING  | [lf.day.no_flights] No direct flights on 18MAR
2026-01-01 08:09:32 | INFO     | [SUCCESS] Day 18MAR
2026-01-01 08:09:32 | INFO     | [DAY_START] Processing 17MAR
2026-01-01 08:09:32 | INFO     | [lf.day.start] Processing GIZ-CAI for 17MAR
2026-01-01 08:09:33 | WARNING  | [lf.day.no_flights] No direct flights on 17MAR
2026-01-01 08:09:33 | INFO     | [SUCCESS] Day 17MAR
2026-01-01 08:09:33 | INFO     | [DAY_START] Processing 16MAR
2026-01-01 08:09:33 | INFO     | [lf.day.start] Processing GIZ-CAI for 16MAR
2026-01-01 08:09:34 | WARNING  | [lf.day.no_flights] No direct flights on 16MAR
2026-01-01 08:09:34 | INFO     | [SUCCESS] Day 16MAR
2026-01-01 08:09:34 | INFO     | [DAY_START] Processing 15MAR
2026-01-01 08:09:34 | INFO     | [lf.day.start] Processing GIZ-CAI for 15MAR
2026-01-01 08:09:35 | INFO     | [lf.day.flights_found] Found 1 flights on 15MAR
2026-01-01 08:09:37 | INFO     | [lf.flight.extracted] SM330 on 15MAR: BKG=1, LF=0.6%
2026-01-01 08:09:40 | INFO     | [SUCCESS] Day 15MAR
2026-01-01 08:09:40 | INFO     | [DAY_START] Processing 14MAR
2026-01-01 08:09:40 | INFO     | [lf.day.start] Processing GIZ-CAI for 14MAR
2026-01-01 08:09:40 | WARNING  | [lf.day.no_flights] No direct flights on 14MAR
2026-01-01 08:09:41 | INFO     | [SUCCESS] Day 14MAR
2026-01-01 08:09:41 | INFO     | [DAY_START] Processing 13MAR
2026-01-01 08:09:41 | INFO     | [lf.day.start] Processing GIZ-CAI for 13MAR
2026-01-01 08:09:41 | INFO     | [lf.day.flights_found] Found 1 flights on 13MAR
2026-01-01 08:09:43 | INFO     | [lf.flight.extracted] SM330 on 13MAR: BKG=2, LF=1.1%
2026-01-01 08:09:46 | INFO     | [SUCCESS] Day 13MAR
2026-01-01 08:09:46 | INFO     | [SUCCESS] LF Search Complete
2026-01-01 08:09:48 | INFO     | [Worker_9232] Completed: GIZ-CAI - 6 results, 0 errors
2026-01-01 08:09:48 | INFO     | [Worker_9232] Processing: LXR-JED
2026-01-01 08:09:48 | INFO     |   Tier 0: Range 3, Chunk 3/5 (6 days)
