2026-01-01 08:40:27 | INFO     | ======================================================================
2026-01-01 08:40:27 | INFO     | Load Factor Scraper Started - Route: HBE-MED
2026-01-01 08:40:27 | INFO     | Log file: D:\CODERED\LAB\market_insights\outputs\run_generated_010126_at_08.01\logs\LF_HBE-MED_20260101_084027.log
2026-01-01 08:40:27 | INFO     | Enhanced logging: Capturing both logging.info() and print()
2026-01-01 08:40:27 | INFO     | ======================================================================
2026-01-01 08:40:27 | INFO     | Starting LF search for route: HBE-MED
2026-01-01 08:40:27 | INFO     | [START] LF Search
2026-01-01 08:40:29 | INFO     | [HEALTH CHECK] [OK] Chrome connection is healthy
2026-01-01 08:40:29 | INFO     | [DAY_START] Processing 18JAN
2026-01-01 08:40:29 | INFO     | [lf.day.start] Processing HBE-MED for 18JAN
2026-01-01 08:40:30 | INFO     | [lf.day.flights_found] Found 1 flights on 18JAN
2026-01-01 08:40:33 | INFO     | [lf.flight.extracted] SM485 on 18JAN: BKG=177, LF=100.0%
2026-01-01 08:40:38 | INFO     | [SUCCESS] Day 18JAN
2026-01-01 08:40:38 | INFO     | [DAY_START] Processing 17JAN
2026-01-01 08:40:38 | INFO     | [lf.day.start] Processing HBE-MED for 17JAN
2026-01-01 08:40:40 | WARNING  | [lf.day.no_flights] No direct flights on 17JAN
2026-01-01 08:40:40 | INFO     | [SUCCESS] Day 17JAN
2026-01-01 08:40:40 | INFO     | [DAY_START] Processing 16JAN
2026-01-01 08:40:40 | INFO     | [lf.day.start] Processing HBE-MED for 16JAN
2026-01-01 08:40:41 | WARNING  | [lf.day.no_flights] No direct flights on 16JAN
2026-01-01 08:40:41 | INFO     | [SUCCESS] Day 16JAN
2026-01-01 08:40:41 | INFO     | [DAY_START] Processing 15JAN
2026-01-01 08:40:41 | INFO     | [lf.day.start] Processing HBE-MED for 15JAN
2026-01-01 08:40:42 | INFO     | [lf.day.flights_found] Found 1 flights on 15JAN
2026-01-01 08:40:45 | INFO     | [lf.flight.extracted] SM485 on 15JAN: BKG=172, LF=97.2%
2026-01-01 08:40:49 | INFO     | [SUCCESS] Day 15JAN
2026-01-01 08:40:49 | INFO     | [DAY_START] Processing 14JAN
2026-01-01 08:40:49 | INFO     | [lf.day.start] Processing HBE-MED for 14JAN
2026-01-01 08:40:50 | INFO     | [lf.day.flights_found] Found 1 flights on 14JAN
2026-01-01 08:40:53 | INFO     | [lf.flight.extracted] SM485 on 14JAN: BKG=151, LF=85.8%
2026-01-01 08:40:56 | INFO     | [SUCCESS] Day 14JAN
2026-01-01 08:40:56 | INFO     | [DAY_START] Processing 13JAN
2026-01-01 08:40:56 | INFO     | [lf.day.start] Processing HBE-MED for 13JAN
2026-01-01 08:40:57 | INFO     | [lf.day.flights_found] Found 1 flights on 13JAN
2026-01-01 08:41:00 | INFO     | [lf.flight.extracted] SM485 on 13JAN: BKG=145, LF=82.4%
2026-01-01 08:41:06 | INFO     | [SUCCESS] Day 13JAN
2026-01-01 08:41:06 | INFO     | [SUCCESS] LF Search Complete
2026-01-01 08:41:08 | INFO     | [Worker_9232] Completed: HBE-MED - 6 results, 0 errors
2026-01-01 08:41:08 | INFO     | [Worker_9232] Processing: ATZ-RUH
2026-01-01 08:41:08 | INFO     |   Tier 0: Range 1, Chunk 3/5 (6 days)
