2026-01-01 08:36:16 | INFO     | ======================================================================
2026-01-01 08:36:16 | INFO     | Load Factor Scraper Started - Route: HBE-MED
2026-01-01 08:36:16 | INFO     | Log file: D:\CODERED\LAB\market_insights\outputs\run_generated_010126_at_08.01\logs\LF_HBE-MED_20260101_083616.log
2026-01-01 08:36:16 | INFO     | Enhanced logging: Capturing both logging.info() and print()
2026-01-01 08:36:16 | INFO     | ======================================================================
2026-01-01 08:36:16 | INFO     | Starting LF search for route: HBE-MED
2026-01-01 08:36:16 | INFO     | [START] LF Search
2026-01-01 08:36:18 | INFO     | [HEALTH CHECK] [OK] Chrome connection is healthy
2026-01-01 08:36:18 | INFO     | [DAY_START] Processing 24JAN
2026-01-01 08:36:18 | INFO     | [lf.day.start] Processing HBE-MED for 24JAN
2026-01-01 08:36:20 | WARNING  | [lf.day.no_flights] No direct flights on 24JAN
2026-01-01 08:36:20 | INFO     | [SUCCESS] Day 24JAN
2026-01-01 08:36:20 | INFO     | [DAY_START] Processing 23JAN
2026-01-01 08:36:20 | INFO     | [lf.day.start] Processing HBE-MED for 23JAN
2026-01-01 08:36:21 | WARNING  | [lf.day.no_flights] No direct flights on 23JAN
2026-01-01 08:36:21 | INFO     | [SUCCESS] Day 23JAN
2026-01-01 08:36:21 | INFO     | [DAY_START] Processing 22JAN
2026-01-01 08:36:21 | INFO     | [lf.day.start] Processing HBE-MED for 22JAN
2026-01-01 08:36:22 | INFO     | [lf.day.flights_found] Found 1 flights on 22JAN
2026-01-01 08:36:24 | INFO     | [lf.flight.extracted] SM485 on 22JAN: BKG=177, LF=100.0%
2026-01-01 08:36:29 | INFO     | [SUCCESS] Day 22JAN
2026-01-01 08:36:29 | INFO     | [DAY_START] Processing 21JAN
2026-01-01 08:36:29 | INFO     | [lf.day.start] Processing HBE-MED for 21JAN
2026-01-01 08:36:30 | INFO     | [lf.day.flights_found] Found 1 flights on 21JAN
2026-01-01 08:36:32 | INFO     | [lf.flight.extracted] SM485 on 21JAN: BKG=176, LF=100.0%
2026-01-01 08:36:36 | INFO     | [SUCCESS] Day 21JAN
2026-01-01 08:36:36 | INFO     | [DAY_START] Processing 20JAN
2026-01-01 08:36:36 | INFO     | [lf.day.start] Processing HBE-MED for 20JAN
2026-01-01 08:36:36 | INFO     | [lf.day.flights_found] Found 1 flights on 20JAN
2026-01-01 08:36:38 | INFO     | [lf.flight.extracted] SM485 on 20JAN: BKG=171, LF=97.2%
2026-01-01 08:36:44 | INFO     | [SUCCESS] Day 20JAN
2026-01-01 08:36:44 | INFO     | [DAY_START] Processing 19JAN
2026-01-01 08:36:44 | INFO     | [lf.day.start] Processing HBE-MED for 19JAN
2026-01-01 08:36:45 | WARNING  | [lf.day.no_flights] No direct flights on 19JAN
2026-01-01 08:36:45 | INFO     | [SUCCESS] Day 19JAN
2026-01-01 08:36:45 | INFO     | [SUCCESS] LF Search Complete
2026-01-01 08:36:47 | INFO     | [Worker_9223] Completed: HBE-MED - 6 results, 0 errors
2026-01-01 08:36:47 | INFO     | [Worker_9223] Processing: CAI-RUH
2026-01-01 08:36:47 | INFO     |   Tier 0: Range 1, Chunk 2/5 (6 days)
