2026-01-01 08:18:51 | INFO     | ======================================================================
2026-01-01 08:18:51 | INFO     | Load Factor Scraper Started - Route: HBE-MED
2026-01-01 08:18:51 | INFO     | Log file: D:\CODERED\LAB\market_insights\outputs\run_generated_010126_at_08.01\logs\LF_HBE-MED_20260101_081851.log
2026-01-01 08:18:51 | INFO     | Enhanced logging: Capturing both logging.info() and print()
2026-01-01 08:18:51 | INFO     | ======================================================================
2026-01-01 08:18:51 | INFO     | Starting LF search for route: HBE-MED
2026-01-01 08:18:51 | INFO     | [START] LF Search
2026-01-01 08:18:52 | INFO     | [HEALTH CHECK] [OK] Chrome connection is healthy
2026-01-01 08:18:52 | INFO     | [DAY_START] Processing 28FEB
2026-01-01 08:18:52 | INFO     | [lf.day.start] Processing HBE-MED for 28FEB
2026-01-01 08:18:54 | WARNING  | [lf.day.no_flights] No direct flights on 28FEB
2026-01-01 08:18:54 | INFO     | [SUCCESS] Day 28FEB
2026-01-01 08:18:54 | INFO     | [DAY_START] Processing 27FEB
2026-01-01 08:18:54 | INFO     | [lf.day.start] Processing HBE-MED for 27FEB
2026-01-01 08:18:55 | WARNING  | [lf.day.no_flights] No direct flights on 27FEB
2026-01-01 08:18:55 | INFO     | [SUCCESS] Day 27FEB
2026-01-01 08:18:55 | INFO     | [DAY_START] Processing 26FEB
2026-01-01 08:18:55 | INFO     | [lf.day.start] Processing HBE-MED for 26FEB
2026-01-01 08:18:56 | INFO     | [lf.day.flights_found] Found 1 flights on 26FEB
2026-01-01 08:18:58 | INFO     | [lf.flight.extracted] SM485 on 26FEB: BKG=171, LF=95.5%
2026-01-01 08:19:00 | INFO     | [SUCCESS] Day 26FEB
2026-01-01 08:19:00 | INFO     | [DAY_START] Processing 25FEB
2026-01-01 08:19:00 | INFO     | [lf.day.start] Processing HBE-MED for 25FEB
2026-01-01 08:19:01 | INFO     | [lf.day.flights_found] Found 1 flights on 25FEB
2026-01-01 08:19:04 | INFO     | [lf.flight.extracted] SM485 on 25FEB: BKG=176, LF=98.3%
2026-01-01 08:19:06 | INFO     | [SUCCESS] Day 25FEB
2026-01-01 08:19:06 | INFO     | [DAY_START] Processing 24FEB
2026-01-01 08:19:06 | INFO     | [lf.day.start] Processing HBE-MED for 24FEB
2026-01-01 08:19:07 | INFO     | [lf.day.flights_found] Found 1 flights on 24FEB
2026-01-01 08:19:10 | INFO     | [lf.flight.extracted] SM485 on 24FEB: BKG=174, LF=97.2%
2026-01-01 08:19:12 | INFO     | [SUCCESS] Day 24FEB
2026-01-01 08:19:12 | INFO     | [DAY_START] Processing 23FEB
2026-01-01 08:19:12 | INFO     | [lf.day.start] Processing HBE-MED for 23FEB
2026-01-01 08:19:13 | INFO     | [lf.day.flights_found] Found 1 flights on 23FEB
2026-01-01 08:19:15 | INFO     | [lf.flight.extracted] SM951 on 23FEB: BKG=172, LF=97.7%
2026-01-01 08:19:18 | INFO     | [SUCCESS] Day 23FEB
2026-01-01 08:19:18 | INFO     | [DAY_START] Processing 22FEB
2026-01-01 08:19:18 | INFO     | [lf.day.start] Processing HBE-MED for 22FEB
2026-01-01 08:19:19 | INFO     | [lf.day.flights_found] Found 2 flights on 22FEB
2026-01-01 08:19:21 | INFO     | [lf.flight.extracted] SM485 on 22FEB: BKG=177, LF=98.9%
2026-01-01 08:19:25 | INFO     | [lf.flight.extracted] SM973 on 22FEB: BKG=175, LF=97.8%
2026-01-01 08:19:28 | INFO     | [SUCCESS] Day 22FEB
2026-01-01 08:19:28 | INFO     | [SUCCESS] LF Search Complete
2026-01-01 08:19:30 | INFO     | [Worker_9223] Completed: HBE-MED - 7 results, 0 errors
2026-01-01 08:19:30 | INFO     | [Worker_9223] Processing: ATZ-RUH
2026-01-01 08:19:30 | INFO     |   Tier 0: Range 2, Chunk 1/4 (7 days)
