2026-01-01 08:26:06 | INFO     | ======================================================================
2026-01-01 08:26:06 | INFO     | Load Factor Scraper Started - Route: HBE-JED
2026-01-01 08:26:06 | INFO     | Log file: D:\CODERED\LAB\market_insights\outputs\run_generated_010126_at_08.01\logs\LF_HBE-JED_20260101_082606.log
2026-01-01 08:26:06 | INFO     | Enhanced logging: Capturing both logging.info() and print()
2026-01-01 08:26:06 | INFO     | ======================================================================
2026-01-01 08:26:06 | INFO     | Starting LF search for route: HBE-JED
2026-01-01 08:26:06 | INFO     | [START] LF Search
2026-01-01 08:26:08 | INFO     | [HEALTH CHECK] [OK] Chrome connection is healthy
2026-01-01 08:26:08 | INFO     | [DAY_START] Processing 14FEB
2026-01-01 08:26:08 | INFO     | [lf.day.start] Processing HBE-JED for 14FEB
2026-01-01 08:26:09 | INFO     | [lf.day.flights_found] Found 3 flights on 14FEB
2026-01-01 08:26:11 | INFO     | [lf.flight.extracted] SM457 on 14FEB: BKG=163, LF=91.1%
2026-01-01 08:26:14 | INFO     | [lf.flight.extracted] SM451 on 14FEB: BKG=141, LF=78.8%
2026-01-01 08:26:17 | INFO     | [lf.flight.extracted] SM979 on 14FEB: BKG=170, LF=95.0%
2026-01-01 08:26:22 | INFO     | [SUCCESS] Day 14FEB
2026-01-01 08:26:22 | INFO     | [DAY_START] Processing 13FEB
2026-01-01 08:26:22 | INFO     | [lf.day.start] Processing HBE-JED for 13FEB
2026-01-01 08:26:23 | INFO     | [lf.day.flights_found] Found 2 flights on 13FEB
2026-01-01 08:26:25 | INFO     | [lf.flight.extracted] SM451 on 13FEB: BKG=181, LF=101.1%
2026-01-01 08:26:29 | INFO     | [lf.flight.extracted] SM951 on 13FEB: BKG=175, LF=97.8%
2026-01-01 08:26:32 | INFO     | [SUCCESS] Day 13FEB
2026-01-01 08:26:32 | INFO     | [DAY_START] Processing 12FEB
2026-01-01 08:26:32 | INFO     | [lf.day.start] Processing HBE-JED for 12FEB
2026-01-01 08:26:33 | INFO     | [lf.day.flights_found] Found 1 flights on 12FEB
2026-01-01 08:26:35 | INFO     | [lf.flight.extracted] SM451 on 12FEB: BKG=175, LF=97.8%
2026-01-01 08:26:38 | INFO     | [SUCCESS] Day 12FEB
2026-01-01 08:26:38 | INFO     | [DAY_START] Processing 11FEB
2026-01-01 08:26:38 | INFO     | [lf.day.start] Processing HBE-JED for 11FEB
2026-01-01 08:26:39 | INFO     | [lf.day.flights_found] Found 3 flights on 11FEB
2026-01-01 08:26:41 | INFO     | [lf.flight.extracted] SM451 on 11FEB: BKG=171, LF=95.5%
2026-01-01 08:26:44 | INFO     | [lf.flight.extracted] SM457 on 11FEB: BKG=178, LF=99.4%
2026-01-01 08:26:47 | INFO     | [lf.flight.extracted] SM473 on 11FEB: BKG=175, LF=97.8%
2026-01-01 08:26:52 | INFO     | [SUCCESS] Day 11FEB
2026-01-01 08:26:52 | INFO     | [DAY_START] Processing 10FEB
2026-01-01 08:26:52 | INFO     | [lf.day.start] Processing HBE-JED for 10FEB
2026-01-01 08:26:54 | INFO     | [lf.day.flights_found] Found 3 flights on 10FEB
2026-01-01 08:26:56 | INFO     | [lf.flight.extracted] SM471 on 10FEB: BKG=170, LF=95.0%
2026-01-01 08:26:59 | INFO     | [lf.flight.extracted] SM479 on 10FEB: BKG=170, LF=95.0%
2026-01-01 08:27:02 | INFO     | [lf.flight.extracted] SM451 on 10FEB: BKG=179, LF=100.0%
2026-01-01 08:27:07 | INFO     | [SUCCESS] Day 10FEB
2026-01-01 08:27:07 | INFO     | [DAY_START] Processing 09FEB
2026-01-01 08:27:07 | INFO     | [lf.day.start] Processing HBE-JED for 09FEB
2026-01-01 08:27:08 | INFO     | [lf.day.flights_found] Found 4 flights on 09FEB
2026-01-01 08:27:10 | INFO     | [lf.flight.extracted] SM457 on 09FEB: BKG=174, LF=97.2%
2026-01-01 08:27:13 | INFO     | [lf.flight.extracted] SM477 on 09FEB: BKG=170, LF=95.0%
2026-01-01 08:27:17 | INFO     | [lf.flight.extracted] SM451 on 09FEB: BKG=175, LF=97.8%
2026-01-01 08:27:20 | INFO     | [lf.flight.extracted] SM957 on 09FEB: BKG=170, LF=95.0%
2026-01-01 08:27:27 | INFO     | [SUCCESS] Day 09FEB
2026-01-01 08:27:27 | INFO     | [DAY_START] Processing 08FEB
2026-01-01 08:27:27 | INFO     | [lf.day.start] Processing HBE-JED for 08FEB
2026-01-01 08:27:28 | INFO     | [lf.day.flights_found] Found 2 flights on 08FEB
2026-01-01 08:27:30 | INFO     | [lf.flight.extracted] SM451 on 08FEB: BKG=176, LF=98.3%
2026-01-01 08:27:33 | INFO     | [lf.flight.extracted] SM457 on 08FEB: BKG=172, LF=96.1%
2026-01-01 08:27:37 | INFO     | [SUCCESS] Day 08FEB
2026-01-01 08:27:37 | INFO     | [SUCCESS] LF Search Complete
2026-01-01 08:27:39 | INFO     | [Worker_9226] Completed: HBE-JED - 7 results, 0 errors
2026-01-01 08:27:39 | INFO     | [Worker_9226] Processing: MED-HBE
2026-01-01 08:27:39 | INFO     |   Tier 0: Range 2, Chunk 4/4 (7 days)
