2026-01-01 08:09:45 | INFO     | ======================================================================
2026-01-01 08:09:45 | INFO     | Load Factor Scraper Started - Route: HBE-JED
2026-01-01 08:09:45 | INFO     | Log file: D:\CODERED\LAB\market_insights\outputs\run_generated_010126_at_08.01\logs\LF_HBE-JED_20260101_080945.log
2026-01-01 08:09:45 | INFO     | Enhanced logging: Capturing both logging.info() and print()
2026-01-01 08:09:45 | INFO     | ======================================================================
2026-01-01 08:09:45 | INFO     | Starting LF search for route: HBE-JED
2026-01-01 08:09:45 | INFO     | [START] LF Search
2026-01-01 08:09:46 | INFO     | [HEALTH CHECK] [OK] Chrome connection is healthy
2026-01-01 08:09:46 | INFO     | [DAY_START] Processing 18MAR
2026-01-01 08:09:46 | INFO     | [lf.day.start] Processing HBE-JED for 18MAR
2026-01-01 08:09:47 | INFO     | [lf.day.flights_found] Found 3 flights on 18MAR
2026-01-01 08:09:49 | INFO     | [lf.flight.extracted] SM451 on 18MAR: BKG=0, LF=0.0%
2026-01-01 08:09:52 | INFO     | [lf.flight.extracted] SM457 on 18MAR: BKG=0, LF=0.0%
2026-01-01 08:09:55 | INFO     | [lf.flight.extracted] SM473 on 18MAR: BKG=0, LF=0.0%
2026-01-01 08:09:56 | INFO     | [SUCCESS] Day 18MAR
2026-01-01 08:09:56 | INFO     | [DAY_START] Processing 17MAR
2026-01-01 08:09:56 | INFO     | [lf.day.start] Processing HBE-JED for 17MAR
2026-01-01 08:09:57 | INFO     | [lf.day.flights_found] Found 1 flights on 17MAR
2026-01-01 08:09:59 | INFO     | [lf.flight.extracted] SM451 on 17MAR: BKG=0, LF=0.0%
2026-01-01 08:10:00 | INFO     | [SUCCESS] Day 17MAR
2026-01-01 08:10:00 | INFO     | [DAY_START] Processing 16MAR
2026-01-01 08:10:00 | INFO     | [lf.day.start] Processing HBE-JED for 16MAR
2026-01-01 08:10:01 | INFO     | [lf.day.flights_found] Found 2 flights on 16MAR
2026-01-01 08:10:04 | INFO     | [lf.flight.extracted] SM457 on 16MAR: BKG=1, LF=0.6%
2026-01-01 08:10:07 | INFO     | [lf.flight.extracted] SM451 on 16MAR: BKG=0, LF=0.0%
2026-01-01 08:10:09 | INFO     | [SUCCESS] Day 16MAR
2026-01-01 08:10:09 | INFO     | [DAY_START] Processing 15MAR
2026-01-01 08:10:09 | INFO     | [lf.day.start] Processing HBE-JED for 15MAR
2026-01-01 08:10:10 | INFO     | [lf.day.flights_found] Found 2 flights on 15MAR
2026-01-01 08:10:14 | INFO     | [lf.flight.extracted] SM451 on 15MAR: BKG=0, LF=0.0%
2026-01-01 08:10:17 | INFO     | [lf.flight.extracted] SM457 on 15MAR: BKG=0, LF=0.0%
2026-01-01 08:10:18 | INFO     | [SUCCESS] Day 15MAR
2026-01-01 08:10:18 | INFO     | [DAY_START] Processing 14MAR
2026-01-01 08:10:18 | INFO     | [lf.day.start] Processing HBE-JED for 14MAR
2026-01-01 08:10:19 | INFO     | [lf.day.flights_found] Found 2 flights on 14MAR
2026-01-01 08:10:21 | INFO     | [lf.flight.extracted] SM457 on 14MAR: BKG=1, LF=0.6%
2026-01-01 08:10:24 | INFO     | [lf.flight.extracted] SM451 on 14MAR: BKG=1, LF=0.6%
2026-01-01 08:10:28 | INFO     | [SUCCESS] Day 14MAR
2026-01-01 08:10:28 | INFO     | [DAY_START] Processing 13MAR
2026-01-01 08:10:28 | INFO     | [lf.day.start] Processing HBE-JED for 13MAR
2026-01-01 08:10:28 | INFO     | [lf.day.flights_found] Found 1 flights on 13MAR
2026-01-01 08:10:30 | INFO     | [lf.flight.extracted] SM451 on 13MAR: BKG=3, LF=1.7%
2026-01-01 08:10:33 | INFO     | [SUCCESS] Day 13MAR
2026-01-01 08:10:33 | INFO     | [SUCCESS] LF Search Complete
2026-01-01 08:10:35 | INFO     | [Worker_9234] Completed: HBE-JED - 6 results, 0 errors
2026-01-01 08:10:35 | INFO     | [Worker_9234] Processing: ATZ-AHB
2026-01-01 08:10:35 | INFO     |   Tier 0: Range 3, Chunk 3/5 (6 days)
