2026-01-01 08:24:11 | INFO     | ======================================================================
2026-01-01 08:24:11 | INFO     | Load Factor Scraper Started - Route: JED-CAI
2026-01-01 08:24:11 | INFO     | Log file: D:\CODERED\LAB\market_insights\outputs\run_generated_010126_at_08.01\logs\LF_JED-CAI_20260101_082411.log
2026-01-01 08:24:11 | INFO     | Enhanced logging: Capturing both logging.info() and print()
2026-01-01 08:24:11 | INFO     | ======================================================================
2026-01-01 08:24:11 | INFO     | Starting LF search for route: JED-CAI
2026-01-01 08:24:11 | INFO     | [START] LF Search
2026-01-01 08:24:12 | INFO     | [HEALTH CHECK] [OK] Chrome connection is healthy
2026-01-01 08:24:12 | INFO     | [DAY_START] Processing 14FEB
2026-01-01 08:24:12 | INFO     | [lf.day.start] Processing JED-CAI for 14FEB
2026-01-01 08:24:13 | INFO     | [lf.day.flights_found] Found 4 flights on 14FEB
2026-01-01 08:24:15 | INFO     | [lf.flight.extracted] SM976 on 14FEB: BKG=16, LF=9.6%
2026-01-01 08:24:18 | INFO     | [lf.flight.extracted] SM450 on 14FEB: BKG=15, LF=9.0%
2026-01-01 08:24:22 | INFO     | [lf.flight.extracted] SM476 on 14FEB: BKG=63, LF=38.4%
2026-01-01 08:24:25 | INFO     | [lf.flight.extracted] SM478 on 14FEB: BKG=39, LF=22.3%
2026-01-01 08:24:34 | INFO     | [SUCCESS] Day 14FEB
2026-01-01 08:24:34 | INFO     | [DAY_START] Processing 13FEB
2026-01-01 08:24:34 | INFO     | [lf.day.start] Processing JED-CAI for 13FEB
2026-01-01 08:24:35 | INFO     | [lf.day.flights_found] Found 6 flights on 13FEB
2026-01-01 08:24:37 | INFO     | [lf.flight.extracted] SM424 on 13FEB: BKG=13, LF=7.9%
2026-01-01 08:24:40 | INFO     | [lf.flight.extracted] SM476 on 13FEB: BKG=5, LF=2.9%
2026-01-01 08:24:43 | INFO     | [lf.flight.extracted] SM478 on 13FEB: BKG=17, LF=9.7%
2026-01-01 08:24:46 | INFO     | [lf.flight.extracted] SM480 on 13FEB: BKG=18, LF=10.5%
2026-01-01 08:24:50 | INFO     | [lf.flight.extracted] SM472 on 13FEB: BKG=34, LF=19.4%
2026-01-01 08:24:53 | INFO     | [lf.flight.extracted] SM460 on 13FEB: BKG=64, LF=38.3%
2026-01-01 08:25:05 | INFO     | [SUCCESS] Day 13FEB
2026-01-01 08:25:05 | INFO     | [DAY_START] Processing 12FEB
2026-01-01 08:25:05 | INFO     | [lf.day.start] Processing JED-CAI for 12FEB
2026-01-01 08:25:06 | INFO     | [lf.day.flights_found] Found 7 flights on 12FEB
2026-01-01 08:25:08 | INFO     | [lf.flight.extracted] SM424 on 12FEB: BKG=145, LF=86.8%
2026-01-01 08:25:11 | INFO     | [lf.flight.extracted] SM472 on 12FEB: BKG=138, LF=78.9%
2026-01-01 08:25:15 | INFO     | [lf.flight.extracted] SM450 on 12FEB: BKG=1, LF=0.6%
2026-01-01 08:25:18 | INFO     | [lf.flight.extracted] SM476 on 12FEB: BKG=107, LF=61.1%
2026-01-01 08:25:22 | INFO     | [lf.flight.extracted] SM432 on 12FEB: BKG=96, LF=54.9%
2026-01-01 08:25:25 | INFO     | [lf.flight.extracted] SM478 on 12FEB: BKG=167, LF=95.4%
2026-01-01 08:25:29 | INFO     | [lf.flight.extracted] SM480 on 12FEB: BKG=103, LF=58.9%
2026-01-01 08:25:41 | INFO     | [SUCCESS] Day 12FEB
2026-01-01 08:25:41 | INFO     | [DAY_START] Processing 11FEB
2026-01-01 08:25:41 | INFO     | [lf.day.start] Processing JED-CAI for 11FEB
2026-01-01 08:25:41 | INFO     | [lf.day.flights_found] Found 3 flights on 11FEB
2026-01-01 08:25:43 | INFO     | [lf.flight.extracted] SM476 on 11FEB: BKG=151, LF=86.3%
2026-01-01 08:25:47 | INFO     | [lf.flight.extracted] SM460 on 11FEB: BKG=150, LF=89.8%
2026-01-01 08:25:50 | INFO     | [lf.flight.extracted] SM478 on 11FEB: BKG=158, LF=94.0%
2026-01-01 08:25:56 | INFO     | [SUCCESS] Day 11FEB
2026-01-01 08:25:56 | INFO     | [DAY_START] Processing 10FEB
2026-01-01 08:25:56 | INFO     | [lf.day.start] Processing JED-CAI for 10FEB
2026-01-01 08:25:57 | INFO     | [lf.day.flights_found] Found 6 flights on 10FEB
2026-01-01 08:25:59 | INFO     | [lf.flight.extracted] SM972 on 10FEB: BKG=180, LF=107.8%
2026-01-01 08:26:03 | INFO     | [lf.flight.extracted] SM480 on 10FEB: BKG=115, LF=65.7%
2026-01-01 08:26:06 | INFO     | [lf.flight.extracted] SM478 on 10FEB: BKG=158, LF=90.3%
2026-01-01 08:26:09 | INFO     | [lf.flight.extracted] SM460 on 10FEB: BKG=161, LF=96.4%
2026-01-01 08:26:12 | INFO     | [lf.flight.extracted] SM424 on 10FEB: BKG=143, LF=85.6%
2026-01-01 08:26:15 | INFO     | [lf.flight.extracted] SM476 on 10FEB: BKG=157, LF=89.7%
2026-01-01 08:26:31 | INFO     | [SUCCESS] Day 10FEB
2026-01-01 08:26:31 | INFO     | [DAY_START] Processing 09FEB
2026-01-01 08:26:31 | INFO     | [lf.day.start] Processing JED-CAI for 09FEB
2026-01-01 08:26:32 | INFO     | [lf.day.flights_found] Found 3 flights on 09FEB
2026-01-01 08:26:33 | INFO     | [lf.flight.extracted] SM480 on 09FEB: BKG=158, LF=90.3%
2026-01-01 08:26:37 | INFO     | [lf.flight.extracted] SM476 on 09FEB: BKG=185, LF=107.6%
2026-01-01 08:26:40 | INFO     | [lf.flight.extracted] SM460 on 09FEB: BKG=119, LF=71.3%
2026-01-01 08:26:50 | INFO     | [SUCCESS] Day 09FEB
2026-01-01 08:26:50 | INFO     | [DAY_START] Processing 08FEB
2026-01-01 08:26:50 | INFO     | [lf.day.start] Processing JED-CAI for 08FEB
2026-01-01 08:26:51 | INFO     | [lf.day.flights_found] Found 5 flights on 08FEB
2026-01-01 08:26:53 | INFO     | [lf.flight.extracted] SM424 on 08FEB: BKG=182, LF=109.0%
2026-01-01 08:26:56 | INFO     | [lf.flight.extracted] SM476 on 08FEB: BKG=185, LF=105.7%
2026-01-01 08:27:00 | INFO     | [lf.flight.extracted] SM432 on 08FEB: BKG=165, LF=94.3%
2026-01-01 08:27:03 | INFO     | [lf.flight.extracted] SM460 on 08FEB: BKG=166, LF=99.4%
2026-01-01 08:27:07 | INFO     | [lf.flight.extracted] SM478 on 08FEB: BKG=165, LF=95.9%
2026-01-01 08:27:19 | INFO     | [SUCCESS] Day 08FEB
2026-01-01 08:27:19 | INFO     | [SUCCESS] LF Search Complete
2026-01-01 08:27:21 | INFO     | [Worker_9233] Completed: JED-CAI - 7 results, 0 errors
2026-01-01 08:27:21 | INFO     | [Worker_9233] Processing: ATZ-ELQ
2026-01-01 08:27:21 | INFO     |   Tier 0: Range 2, Chunk 3/4 (7 days)
