2026-01-01 08:42:48 | INFO     | ======================================================================
2026-01-01 08:42:48 | INFO     | Load Factor Scraper Started - Route: JED-HBE
2026-01-01 08:42:48 | INFO     | Log file: D:\CODERED\LAB\market_insights\outputs\run_generated_010126_at_08.01\logs\LF_JED-HBE_20260101_084248.log
2026-01-01 08:42:48 | INFO     | Enhanced logging: Capturing both logging.info() and print()
2026-01-01 08:42:48 | INFO     | ======================================================================
2026-01-01 08:42:48 | INFO     | Starting LF search for route: JED-HBE
2026-01-01 08:42:48 | INFO     | [START] LF Search
2026-01-01 08:42:50 | INFO     | [HEALTH CHECK] [OK] Chrome connection is healthy
2026-01-01 08:42:50 | INFO     | [DAY_START] Processing 12JAN
2026-01-01 08:42:50 | INFO     | [lf.day.start] Processing JED-HBE for 12JAN
2026-01-01 08:42:52 | INFO     | [lf.day.flights_found] Found 2 flights on 12JAN
2026-01-01 08:42:55 | INFO     | [lf.flight.extracted] SM458 on 12JAN: BKG=143, LF=83.1%
2026-01-01 08:43:02 | INFO     | [lf.flight.extracted] SM452 on 12JAN: BKG=160, LF=93.0%
2026-01-01 08:43:21 | INFO     | [SUCCESS] Day 12JAN
2026-01-01 08:43:21 | INFO     | [DAY_START] Processing 11JAN
2026-01-01 08:43:21 | INFO     | [lf.day.start] Processing JED-HBE for 11JAN
2026-01-01 08:43:22 | INFO     | [lf.day.flights_found] Found 2 flights on 11JAN
2026-01-01 08:43:26 | INFO     | [lf.flight.extracted] SM458 on 11JAN: BKG=155, LF=88.6%
2026-01-01 08:43:32 | INFO     | [lf.flight.extracted] SM452 on 11JAN: BKG=159, LF=92.4%
2026-01-01 08:43:44 | INFO     | [SUCCESS] Day 11JAN
2026-01-01 08:43:44 | INFO     | [DAY_START] Processing 10JAN
2026-01-01 08:43:44 | INFO     | [lf.day.start] Processing JED-HBE for 10JAN
2026-01-01 08:43:45 | INFO     | [lf.day.flights_found] Found 2 flights on 10JAN
2026-01-01 08:43:47 | INFO     | [lf.flight.extracted] SM458 on 10JAN: BKG=147, LF=85.5%
2026-01-01 08:43:51 | INFO     | [lf.flight.extracted] SM452 on 10JAN: BKG=165, LF=95.9%
2026-01-01 08:44:03 | INFO     | [SUCCESS] Day 10JAN
2026-01-01 08:44:03 | INFO     | [DAY_START] Processing 09JAN
2026-01-01 08:44:03 | INFO     | [lf.day.start] Processing JED-HBE for 09JAN
2026-01-01 08:44:04 | INFO     | [lf.day.flights_found] Found 1 flights on 09JAN
2026-01-01 08:44:06 | INFO     | [lf.flight.extracted] SM452 on 09JAN: BKG=101, LF=58.7%
2026-01-01 08:44:12 | INFO     | [SUCCESS] Day 09JAN
2026-01-01 08:44:12 | INFO     | [DAY_START] Processing 08JAN
2026-01-01 08:44:12 | INFO     | [lf.day.start] Processing JED-HBE for 08JAN
2026-01-01 08:44:13 | INFO     | [lf.day.flights_found] Found 1 flights on 08JAN
2026-01-01 08:44:15 | INFO     | [lf.flight.extracted] SM452 on 08JAN: BKG=167, LF=97.1%
2026-01-01 08:44:21 | INFO     | [SUCCESS] Day 08JAN
2026-01-01 08:44:21 | INFO     | [DAY_START] Processing 07JAN
2026-01-01 08:44:21 | INFO     | [lf.day.start] Processing JED-HBE for 07JAN
2026-01-01 08:44:22 | INFO     | [lf.day.flights_found] Found 3 flights on 07JAN
2026-01-01 08:44:24 | INFO     | [lf.flight.extracted] SM452 on 07JAN: BKG=163, LF=94.8%
2026-01-01 08:44:28 | INFO     | [lf.flight.extracted] SM474 on 07JAN: BKG=175, LF=100.0%
2026-01-01 08:44:31 | INFO     | [lf.flight.extracted] SM458 on 07JAN: BKG=178, LF=100.0%
2026-01-01 08:44:47 | INFO     | [SUCCESS] Day 07JAN
2026-01-01 08:44:47 | INFO     | [SUCCESS] LF Search Complete
2026-01-01 08:44:49 | INFO     | [Worker_9222] Completed: JED-HBE - 6 results, 0 errors
2026-01-01 08:44:49 | INFO     | [Worker_9222] Processing: CAI-MED
2026-01-01 08:44:49 | INFO     |   Tier 0: Range 1, Chunk 4/5 (6 days)
