2026-01-01 08:34:50 | INFO     | ======================================================================
2026-01-01 08:34:50 | INFO     | Load Factor Scraper Started - Route: JED-ASW
2026-01-01 08:34:50 | INFO     | Log file: D:\CODERED\LAB\market_insights\outputs\run_generated_010126_at_08.01\logs\LF_JED-ASW_20260101_083450.log
2026-01-01 08:34:50 | INFO     | Enhanced logging: Capturing both logging.info() and print()
2026-01-01 08:34:50 | INFO     | ======================================================================
2026-01-01 08:34:50 | INFO     | Starting LF search for route: JED-ASW
2026-01-01 08:34:50 | INFO     | [START] LF Search
2026-01-01 08:34:51 | INFO     | [HEALTH CHECK] [OK] Chrome connection is healthy
2026-01-01 08:34:51 | INFO     | [DAY_START] Processing 24JAN
2026-01-01 08:34:51 | INFO     | [lf.day.start] Processing JED-ASW for 24JAN
2026-01-01 08:34:53 | WARNING  | [lf.day.no_flights] No direct flights on 24JAN
2026-01-01 08:34:53 | INFO     | [SUCCESS] Day 24JAN
2026-01-01 08:34:53 | INFO     | [DAY_START] Processing 23JAN
2026-01-01 08:34:53 | INFO     | [lf.day.start] Processing JED-ASW for 23JAN
2026-01-01 08:34:54 | WARNING  | [lf.day.no_flights] No direct flights on 23JAN
2026-01-01 08:34:54 | INFO     | [SUCCESS] Day 23JAN
2026-01-01 08:34:54 | INFO     | [DAY_START] Processing 22JAN
2026-01-01 08:34:54 | INFO     | [lf.day.start] Processing JED-ASW for 22JAN
2026-01-01 08:34:55 | WARNING  | [lf.day.no_flights] No direct flights on 22JAN
2026-01-01 08:34:55 | INFO     | [SUCCESS] Day 22JAN
2026-01-01 08:34:55 | INFO     | [DAY_START] Processing 21JAN
2026-01-01 08:34:55 | INFO     | [lf.day.start] Processing JED-ASW for 21JAN
2026-01-01 08:34:56 | WARNING  | [lf.day.no_flights] No direct flights on 21JAN
2026-01-01 08:34:56 | INFO     | [SUCCESS] Day 21JAN
2026-01-01 08:34:56 | INFO     | [DAY_START] Processing 20JAN
2026-01-01 08:34:56 | INFO     | [lf.day.start] Processing JED-ASW for 20JAN
2026-01-01 08:34:57 | WARNING  | [lf.day.no_flights] No direct flights on 20JAN
2026-01-01 08:34:58 | INFO     | [SUCCESS] Day 20JAN
2026-01-01 08:34:58 | INFO     | [DAY_START] Processing 19JAN
2026-01-01 08:34:58 | INFO     | [lf.day.start] Processing JED-ASW for 19JAN
2026-01-01 08:34:59 | WARNING  | [lf.day.no_flights] No direct flights on 19JAN
2026-01-01 08:34:59 | INFO     | [SUCCESS] Day 19JAN
2026-01-01 08:34:59 | INFO     | [SUCCESS] LF Search Complete
2026-01-01 08:35:01 | INFO     | [Worker_9223] Completed: JED-ASW - 6 results, 0 errors
2026-01-01 08:35:01 | INFO     | [Worker_9223] Processing: RUH-CAI
2026-01-01 08:35:01 | INFO     |   Tier 0: Range 1, Chunk 2/5 (6 days)
