2026-01-01 08:16:42 | INFO     | ======================================================================
2026-01-01 08:16:42 | INFO     | Load Factor Scraper Started - Route: JED-LXR
2026-01-01 08:16:42 | INFO     | Log file: D:\CODERED\LAB\market_insights\outputs\run_generated_010126_at_08.01\logs\LF_JED-LXR_20260101_081642.log
2026-01-01 08:16:42 | INFO     | Enhanced logging: Capturing both logging.info() and print()
2026-01-01 08:16:42 | INFO     | ======================================================================
2026-01-01 08:16:42 | INFO     | Starting LF search for route: JED-LXR
2026-01-01 08:16:42 | INFO     | [START] LF Search
2026-01-01 08:16:45 | INFO     | [HEALTH CHECK] [OK] Chrome connection is healthy
2026-01-01 08:16:45 | INFO     | [DAY_START] Processing 28FEB
2026-01-01 08:16:45 | INFO     | [lf.day.start] Processing JED-LXR for 28FEB
2026-01-01 08:16:47 | WARNING  | [lf.day.no_flights] No direct flights on 28FEB
2026-01-01 08:16:47 | INFO     | [SUCCESS] Day 28FEB
2026-01-01 08:16:47 | INFO     | [DAY_START] Processing 27FEB
2026-01-01 08:16:47 | INFO     | [lf.day.start] Processing JED-LXR for 27FEB
2026-01-01 08:16:48 | WARNING  | [lf.day.no_flights] No direct flights on 27FEB
2026-01-01 08:16:48 | INFO     | [SUCCESS] Day 27FEB
2026-01-01 08:16:48 | INFO     | [DAY_START] Processing 26FEB
2026-01-01 08:16:48 | INFO     | [lf.day.start] Processing JED-LXR for 26FEB
2026-01-01 08:16:49 | WARNING  | [lf.day.no_flights] No direct flights on 26FEB
2026-01-01 08:16:49 | INFO     | [SUCCESS] Day 26FEB
2026-01-01 08:16:49 | INFO     | [DAY_START] Processing 25FEB
2026-01-01 08:16:49 | INFO     | [lf.day.start] Processing JED-LXR for 25FEB
2026-01-01 08:16:51 | INFO     | [lf.day.flights_found] Found 1 flights on 25FEB
2026-01-01 08:16:53 | INFO     | [lf.flight.extracted] SM960 on 25FEB: BKG=0, LF=0.0%
2026-01-01 08:16:55 | INFO     | [SUCCESS] Day 25FEB
2026-01-01 08:16:55 | INFO     | [DAY_START] Processing 24FEB
2026-01-01 08:16:55 | INFO     | [lf.day.start] Processing JED-LXR for 24FEB
2026-01-01 08:16:57 | INFO     | [lf.day.flights_found] Found 4 flights on 24FEB
2026-01-01 08:17:01 | INFO     | [lf.flight.extracted] SM482 on 24FEB: BKG=0, LF=0.0%
2026-01-01 08:17:07 | INFO     | [lf.flight.extracted] SM430 on 24FEB: BKG=0, LF=0.0%
2026-01-01 08:17:19 | INFO     | [lf.flight.extracted] SM982 on 24FEB: BKG=0, LF=0.0%
2026-01-01 08:17:27 | INFO     | [lf.flight.extracted] SM484 on 24FEB: BKG=0, LF=0.0%
2026-01-01 08:17:28 | INFO     | [SUCCESS] Day 24FEB
2026-01-01 08:17:28 | INFO     | [DAY_START] Processing 23FEB
2026-01-01 08:17:28 | INFO     | [lf.day.start] Processing JED-LXR for 23FEB
2026-01-01 08:17:30 | WARNING  | [lf.day.no_flights] No direct flights on 23FEB
2026-01-01 08:17:30 | INFO     | [SUCCESS] Day 23FEB
2026-01-01 08:17:30 | INFO     | [DAY_START] Processing 22FEB
2026-01-01 08:17:30 | INFO     | [lf.day.start] Processing JED-LXR for 22FEB
2026-01-01 08:17:31 | WARNING  | [lf.day.no_flights] No direct flights on 22FEB
2026-01-01 08:17:32 | INFO     | [SUCCESS] Day 22FEB
2026-01-01 08:17:32 | INFO     | [SUCCESS] LF Search Complete
2026-01-01 08:17:34 | INFO     | [Worker_9223] Completed: JED-LXR - 7 results, 0 errors
2026-01-01 08:17:34 | INFO     | [Worker_9223] Processing: RUH-ATZ
2026-01-01 08:17:34 | INFO     |   Tier 0: Range 2, Chunk 1/4 (7 days)
