2026-01-01 08:38:21 | INFO     | ======================================================================
2026-01-01 08:38:21 | INFO     | Load Factor Scraper Started - Route: JED-ASW
2026-01-01 08:38:21 | INFO     | Log file: D:\CODERED\LAB\market_insights\outputs\run_generated_010126_at_08.01\logs\LF_JED-ASW_20260101_083821.log
2026-01-01 08:38:21 | INFO     | Enhanced logging: Capturing both logging.info() and print()
2026-01-01 08:38:21 | INFO     | ======================================================================
2026-01-01 08:38:21 | INFO     | Starting LF search for route: JED-ASW
2026-01-01 08:38:21 | INFO     | [START] LF Search
2026-01-01 08:38:24 | INFO     | [HEALTH CHECK] [OK] Chrome connection is healthy
2026-01-01 08:38:24 | INFO     | [DAY_START] Processing 18JAN
2026-01-01 08:38:24 | INFO     | [lf.day.start] Processing JED-ASW for 18JAN
2026-01-01 08:38:25 | WARNING  | [lf.day.no_flights] No direct flights on 18JAN
2026-01-01 08:38:25 | INFO     | [SUCCESS] Day 18JAN
2026-01-01 08:38:25 | INFO     | [DAY_START] Processing 17JAN
2026-01-01 08:38:25 | INFO     | [lf.day.start] Processing JED-ASW for 17JAN
2026-01-01 08:38:27 | WARNING  | [lf.day.no_flights] No direct flights on 17JAN
2026-01-01 08:38:27 | INFO     | [SUCCESS] Day 17JAN
2026-01-01 08:38:27 | INFO     | [DAY_START] Processing 16JAN
2026-01-01 08:38:27 | INFO     | [lf.day.start] Processing JED-ASW for 16JAN
2026-01-01 08:38:28 | WARNING  | [lf.day.no_flights] No direct flights on 16JAN
2026-01-01 08:38:28 | INFO     | [SUCCESS] Day 16JAN
2026-01-01 08:38:28 | INFO     | [DAY_START] Processing 15JAN
2026-01-01 08:38:28 | INFO     | [lf.day.start] Processing JED-ASW for 15JAN
2026-01-01 08:38:29 | WARNING  | [lf.day.no_flights] No direct flights on 15JAN
2026-01-01 08:38:30 | INFO     | [SUCCESS] Day 15JAN
2026-01-01 08:38:30 | INFO     | [DAY_START] Processing 14JAN
2026-01-01 08:38:30 | INFO     | [lf.day.start] Processing JED-ASW for 14JAN
2026-01-01 08:38:31 | WARNING  | [lf.day.no_flights] No direct flights on 14JAN
2026-01-01 08:38:31 | INFO     | [SUCCESS] Day 14JAN
2026-01-01 08:38:31 | INFO     | [DAY_START] Processing 13JAN
2026-01-01 08:38:31 | INFO     | [lf.day.start] Processing JED-ASW for 13JAN
2026-01-01 08:38:33 | INFO     | [lf.day.flights_found] Found 1 flights on 13JAN
2026-01-01 08:38:35 | INFO     | [lf.flight.extracted] SM986 on 13JAN: BKG=152, LF=91.0%
2026-01-01 08:39:02 | INFO     | [SUCCESS] Day 13JAN
2026-01-01 08:39:02 | INFO     | [SUCCESS] LF Search Complete
2026-01-01 08:39:04 | INFO     | [Worker_9222] Completed: JED-ASW - 6 results, 0 errors
2026-01-01 08:39:04 | INFO     | [Worker_9222] Processing: DMM-ATZ
2026-01-01 08:39:04 | INFO     |   Tier 0: Range 1, Chunk 3/5 (6 days)
