2026-01-01 08:27:41 | INFO     | ======================================================================
2026-01-01 08:27:41 | INFO     | Load Factor Scraper Started - Route: JED-CAI
2026-01-01 08:27:41 | INFO     | Log file: D:\CODERED\LAB\market_insights\outputs\run_generated_010126_at_08.01\logs\LF_JED-CAI_20260101_082741.log
2026-01-01 08:27:41 | INFO     | Enhanced logging: Capturing both logging.info() and print()
2026-01-01 08:27:41 | INFO     | ======================================================================
2026-01-01 08:27:41 | INFO     | Starting LF search for route: JED-CAI
2026-01-01 08:27:41 | INFO     | [START] LF Search
2026-01-01 08:27:42 | INFO     | [HEALTH CHECK] [OK] Chrome connection is healthy
2026-01-01 08:27:42 | INFO     | [DAY_START] Processing 07FEB
2026-01-01 08:27:42 | INFO     | [lf.day.start] Processing JED-CAI for 07FEB
2026-01-01 08:27:43 | INFO     | [lf.day.flights_found] Found 3 flights on 07FEB
2026-01-01 08:27:45 | INFO     | [lf.flight.extracted] SM450 on 07FEB: BKG=164, LF=100.0%
2026-01-01 08:27:51 | INFO     | [lf.flight.extracted] SM476 on 07FEB: BKG=167, LF=95.4%
2026-01-01 08:27:55 | INFO     | [lf.flight.extracted] SM478 on 07FEB: BKG=167, LF=95.4%
2026-01-01 08:28:06 | INFO     | [SUCCESS] Day 07FEB
2026-01-01 08:28:06 | INFO     | [DAY_START] Processing 06FEB
2026-01-01 08:28:06 | INFO     | [lf.day.start] Processing JED-CAI for 06FEB
2026-01-01 08:28:07 | INFO     | [lf.day.flights_found] Found 6 flights on 06FEB
2026-01-01 08:28:09 | INFO     | [lf.flight.extracted] SM424 on 06FEB: BKG=87, LF=53.0%
2026-01-01 08:28:13 | INFO     | [lf.flight.extracted] SM476 on 06FEB: BKG=129, LF=76.8%
2026-01-01 08:28:16 | INFO     | [lf.flight.extracted] SM478 on 06FEB: BKG=102, LF=58.3%
2026-01-01 08:28:20 | INFO     | [lf.flight.extracted] SM480 on 06FEB: BKG=158, LF=91.9%
2026-01-01 08:28:24 | INFO     | [lf.flight.extracted] SM472 on 06FEB: BKG=168, LF=96.0%
2026-01-01 08:28:27 | INFO     | [lf.flight.extracted] SM460 on 06FEB: BKG=168, LF=100.6%
2026-01-01 08:28:49 | INFO     | [SUCCESS] Day 06FEB
2026-01-01 08:28:49 | INFO     | [DAY_START] Processing 05FEB
2026-01-01 08:28:49 | INFO     | [lf.day.start] Processing JED-CAI for 05FEB
2026-01-01 08:28:50 | INFO     | [lf.day.flights_found] Found 8 flights on 05FEB
2026-01-01 08:28:52 | INFO     | [lf.flight.extracted] SM424 on 05FEB: BKG=151, LF=90.4%
2026-01-01 08:28:55 | INFO     | [lf.flight.extracted] SM472 on 05FEB: BKG=148, LF=86.1%
2026-01-01 08:29:00 | INFO     | [lf.flight.extracted] SM450 on 05FEB: BKG=100, LF=59.9%
2026-01-01 08:29:03 | INFO     | [lf.flight.extracted] SM476 on 05FEB: BKG=146, LF=83.4%
2026-01-01 08:29:06 | INFO     | [lf.flight.extracted] SM962 on 05FEB: BKG=88, LF=53.7%
2026-01-01 08:29:10 | INFO     | [lf.flight.extracted] SM432 on 05FEB: BKG=155, LF=88.6%
2026-01-01 08:29:13 | INFO     | [lf.flight.extracted] SM478 on 05FEB: BKG=168, LF=96.0%
2026-01-01 08:29:16 | INFO     | [lf.flight.extracted] SM480 on 05FEB: BKG=168, LF=96.0%
2026-01-01 08:29:37 | INFO     | [SUCCESS] Day 05FEB
2026-01-01 08:29:37 | INFO     | [DAY_START] Processing 04FEB
2026-01-01 08:29:37 | INFO     | [lf.day.start] Processing JED-CAI for 04FEB
2026-01-01 08:29:38 | INFO     | [lf.day.flights_found] Found 3 flights on 04FEB
2026-01-01 08:29:41 | INFO     | [lf.flight.extracted] SM476 on 04FEB: BKG=168, LF=100.0%
2026-01-01 08:29:44 | INFO     | [lf.flight.extracted] SM460 on 04FEB: BKG=167, LF=100.0%
2026-01-01 08:29:48 | INFO     | [lf.flight.extracted] SM478 on 04FEB: BKG=166, LF=98.8%
2026-01-01 08:29:59 | INFO     | [SUCCESS] Day 04FEB
2026-01-01 08:29:59 | INFO     | [DAY_START] Processing 03FEB
2026-01-01 08:29:59 | INFO     | [lf.day.start] Processing JED-CAI for 03FEB
2026-01-01 08:30:00 | INFO     | [lf.day.flights_found] Found 7 flights on 03FEB
2026-01-01 08:30:03 | INFO     | [lf.flight.extracted] SM472 on 03FEB: BKG=143, LF=81.7%
2026-01-01 08:30:06 | INFO     | [lf.flight.extracted] SM954 on 03FEB: BKG=96, LF=57.5%
2026-01-01 08:30:09 | INFO     | [lf.flight.extracted] SM480 on 03FEB: BKG=158, LF=90.3%
2026-01-01 08:30:16 | INFO     | [lf.flight.extracted] SM478 on 03FEB: BKG=168, LF=96.0%
2026-01-01 08:30:19 | INFO     | [lf.flight.extracted] SM460 on 03FEB: BKG=164, LF=100.0%
2026-01-01 08:30:23 | INFO     | [lf.flight.extracted] SM424 on 03FEB: BKG=144, LF=86.2%
2026-01-01 08:30:26 | INFO     | [lf.flight.extracted] SM476 on 03FEB: BKG=150, LF=85.7%
2026-01-01 08:30:40 | INFO     | [SUCCESS] Day 03FEB
2026-01-01 08:30:40 | INFO     | [DAY_START] Processing 02FEB
2026-01-01 08:30:40 | INFO     | [lf.day.start] Processing JED-CAI for 02FEB
2026-01-01 08:30:41 | INFO     | [lf.day.flights_found] Found 4 flights on 02FEB
2026-01-01 08:30:43 | INFO     | [lf.flight.extracted] SM480 on 02FEB: BKG=154, LF=88.0%
2026-01-01 08:30:47 | INFO     | [lf.flight.extracted] SM476 on 02FEB: BKG=167, LF=95.4%
2026-01-01 08:30:51 | INFO     | [lf.flight.extracted] SM478 on 02FEB: BKG=173, LF=98.9%
2026-01-01 08:30:54 | INFO     | [lf.flight.extracted] SM460 on 02FEB: BKG=167, LF=100.0%
2026-01-01 08:31:05 | INFO     | [SUCCESS] Day 02FEB
2026-01-01 08:31:05 | INFO     | [DAY_START] Processing 01FEB
2026-01-01 08:31:05 | INFO     | [lf.day.start] Processing JED-CAI for 01FEB
2026-01-01 08:31:06 | INFO     | [lf.day.flights_found] Found 5 flights on 01FEB
2026-01-01 08:31:08 | INFO     | [lf.flight.extracted] SM424 on 01FEB: BKG=136, LF=81.4%
2026-01-01 08:31:13 | INFO     | [lf.flight.extracted] SM476 on 01FEB: BKG=123, LF=70.3%
2026-01-01 08:31:16 | INFO     | [lf.flight.extracted] SM432 on 01FEB: BKG=114, LF=66.3%
2026-01-01 08:31:19 | INFO     | [lf.flight.extracted] SM460 on 01FEB: BKG=167, LF=100.0%
2026-01-01 08:31:23 | INFO     | [lf.flight.extracted] SM478 on 01FEB: BKG=168, LF=96.0%
2026-01-01 08:31:38 | INFO     | [SUCCESS] Day 01FEB
2026-01-01 08:31:38 | INFO     | [SUCCESS] LF Search Complete
2026-01-01 08:31:40 | INFO     | [Worker_9232] Completed: JED-CAI - 7 results, 0 errors
2026-01-01 08:31:40 | INFO     | [Worker_9232] Processing: RUH-ATZ
2026-01-01 08:31:40 | INFO     |   Tier 0: Range 1, Chunk 1/5 (7 days)
