2026-01-01 08:34:42 | INFO     | ======================================================================
2026-01-01 08:34:42 | INFO     | Load Factor Scraper Started - Route: JED-HBE
2026-01-01 08:34:42 | INFO     | Log file: D:\CODERED\LAB\market_insights\outputs\run_generated_010126_at_08.01\logs\LF_JED-HBE_20260101_083442.log
2026-01-01 08:34:42 | INFO     | Enhanced logging: Capturing both logging.info() and print()
2026-01-01 08:34:42 | INFO     | ======================================================================
2026-01-01 08:34:42 | INFO     | Starting LF search for route: JED-HBE
2026-01-01 08:34:42 | INFO     | [START] LF Search
2026-01-01 08:34:43 | INFO     | [HEALTH CHECK] [OK] Chrome connection is healthy
2026-01-01 08:34:43 | INFO     | [DAY_START] Processing 24JAN
2026-01-01 08:34:43 | INFO     | [lf.day.start] Processing JED-HBE for 24JAN
2026-01-01 08:34:44 | INFO     | [lf.day.flights_found] Found 2 flights on 24JAN
2026-01-01 08:34:47 | INFO     | [lf.flight.extracted] SM458 on 24JAN: BKG=171, LF=99.4%
2026-01-01 08:34:50 | INFO     | [lf.flight.extracted] SM452 on 24JAN: BKG=162, LF=94.2%
2026-01-01 08:34:58 | INFO     | [SUCCESS] Day 24JAN
2026-01-01 08:34:58 | INFO     | [DAY_START] Processing 23JAN
2026-01-01 08:34:58 | INFO     | [lf.day.start] Processing JED-HBE for 23JAN
2026-01-01 08:34:59 | INFO     | [lf.day.flights_found] Found 1 flights on 23JAN
2026-01-01 08:35:01 | INFO     | [lf.flight.extracted] SM452 on 23JAN: BKG=38, LF=23.0%
2026-01-01 08:35:05 | INFO     | [SUCCESS] Day 23JAN
2026-01-01 08:35:05 | INFO     | [DAY_START] Processing 22JAN
2026-01-01 08:35:05 | INFO     | [lf.day.start] Processing JED-HBE for 22JAN
2026-01-01 08:35:06 | INFO     | [lf.day.flights_found] Found 1 flights on 22JAN
2026-01-01 08:35:08 | INFO     | [lf.flight.extracted] SM452 on 22JAN: BKG=151, LF=87.8%
2026-01-01 08:35:14 | INFO     | [SUCCESS] Day 22JAN
2026-01-01 08:35:14 | INFO     | [DAY_START] Processing 21JAN
2026-01-01 08:35:14 | INFO     | [lf.day.start] Processing JED-HBE for 21JAN
2026-01-01 08:35:15 | INFO     | [lf.day.flights_found] Found 3 flights on 21JAN
2026-01-01 08:35:17 | INFO     | [lf.flight.extracted] SM452 on 21JAN: BKG=129, LF=75.0%
2026-01-01 08:35:21 | INFO     | [lf.flight.extracted] SM474 on 21JAN: BKG=147, LF=84.0%
2026-01-01 08:35:24 | INFO     | [lf.flight.extracted] SM458 on 21JAN: BKG=170, LF=97.1%
2026-01-01 08:35:40 | INFO     | [SUCCESS] Day 21JAN
2026-01-01 08:35:40 | INFO     | [DAY_START] Processing 20JAN
2026-01-01 08:35:40 | INFO     | [lf.day.start] Processing JED-HBE for 20JAN
2026-01-01 08:35:41 | INFO     | [lf.day.flights_found] Found 1 flights on 20JAN
2026-01-01 08:35:43 | INFO     | [lf.flight.extracted] SM452 on 20JAN: BKG=160, LF=93.0%
2026-01-01 08:35:49 | INFO     | [SUCCESS] Day 20JAN
2026-01-01 08:35:49 | INFO     | [DAY_START] Processing 19JAN
2026-01-01 08:35:49 | INFO     | [lf.day.start] Processing JED-HBE for 19JAN
2026-01-01 08:35:50 | INFO     | [lf.day.flights_found] Found 2 flights on 19JAN
2026-01-01 08:35:52 | INFO     | [lf.flight.extracted] SM458 on 19JAN: BKG=137, LF=79.7%
2026-01-01 08:35:56 | INFO     | [lf.flight.extracted] SM452 on 19JAN: BKG=146, LF=84.9%
2026-01-01 08:36:08 | INFO     | [SUCCESS] Day 19JAN
2026-01-01 08:36:08 | INFO     | [SUCCESS] LF Search Complete
2026-01-01 08:36:10 | INFO     | [Worker_9224] Completed: JED-HBE - 6 results, 0 errors
2026-01-01 08:36:10 | INFO     | [Worker_9224] Processing: CAI-MED
2026-01-01 08:36:10 | INFO     |   Tier 0: Range 1, Chunk 2/5 (6 days)
