2026-01-01 08:08:28 | INFO     | ======================================================================
2026-01-01 08:08:28 | INFO     | Load Factor Scraper Started - Route: JED-ASW
2026-01-01 08:08:28 | INFO     | Log file: D:\CODERED\LAB\market_insights\outputs\run_generated_010126_at_08.01\logs\LF_JED-ASW_20260101_080828.log
2026-01-01 08:08:28 | INFO     | Enhanced logging: Capturing both logging.info() and print()
2026-01-01 08:08:28 | INFO     | ======================================================================
2026-01-01 08:08:28 | INFO     | Starting LF search for route: JED-ASW
2026-01-01 08:08:28 | INFO     | [START] LF Search
2026-01-01 08:08:30 | INFO     | [HEALTH CHECK] [OK] Chrome connection is healthy
2026-01-01 08:08:30 | INFO     | [DAY_START] Processing 18MAR
2026-01-01 08:08:30 | INFO     | [lf.day.start] Processing JED-ASW for 18MAR
2026-01-01 08:08:32 | WARNING  | [lf.day.no_flights] No direct flights on 18MAR
2026-01-01 08:08:32 | INFO     | [SUCCESS] Day 18MAR
2026-01-01 08:08:32 | INFO     | [DAY_START] Processing 17MAR
2026-01-01 08:08:32 | INFO     | [lf.day.start] Processing JED-ASW for 17MAR
2026-01-01 08:08:33 | WARNING  | [lf.day.no_flights] No direct flights on 17MAR
2026-01-01 08:08:34 | INFO     | [SUCCESS] Day 17MAR
2026-01-01 08:08:34 | INFO     | [DAY_START] Processing 16MAR
2026-01-01 08:08:34 | INFO     | [lf.day.start] Processing JED-ASW for 16MAR
2026-01-01 08:08:34 | WARNING  | [lf.day.no_flights] No direct flights on 16MAR
2026-01-01 08:08:35 | INFO     | [SUCCESS] Day 16MAR
2026-01-01 08:08:35 | INFO     | [DAY_START] Processing 15MAR
2026-01-01 08:08:35 | INFO     | [lf.day.start] Processing JED-ASW for 15MAR
2026-01-01 08:08:36 | WARNING  | [lf.day.no_flights] No direct flights on 15MAR
2026-01-01 08:08:36 | INFO     | [SUCCESS] Day 15MAR
2026-01-01 08:08:36 | INFO     | [DAY_START] Processing 14MAR
2026-01-01 08:08:36 | INFO     | [lf.day.start] Processing JED-ASW for 14MAR
2026-01-01 08:08:37 | WARNING  | [lf.day.no_flights] No direct flights on 14MAR
2026-01-01 08:08:37 | INFO     | [SUCCESS] Day 14MAR
2026-01-01 08:08:37 | INFO     | [DAY_START] Processing 13MAR
2026-01-01 08:08:37 | INFO     | [lf.day.start] Processing JED-ASW for 13MAR
2026-01-01 08:08:38 | WARNING  | [lf.day.no_flights] No direct flights on 13MAR
2026-01-01 08:08:38 | INFO     | [SUCCESS] Day 13MAR
2026-01-01 08:08:38 | INFO     | [SUCCESS] LF Search Complete
2026-01-01 08:08:40 | INFO     | [Worker_9223] Completed: JED-ASW - 6 results, 0 errors
2026-01-01 08:08:40 | INFO     | [Worker_9223] Processing: DMM-ATZ
2026-01-01 08:08:40 | INFO     |   Tier 0: Range 3, Chunk 3/5 (6 days)
