2026-01-01 08:34:48 | INFO     | ======================================================================
2026-01-01 08:34:48 | INFO     | Load Factor Scraper Started - Route: JED-LXR
2026-01-01 08:34:48 | INFO     | Log file: D:\CODERED\LAB\market_insights\outputs\run_generated_010126_at_08.01\logs\LF_JED-LXR_20260101_083448.log
2026-01-01 08:34:48 | INFO     | Enhanced logging: Capturing both logging.info() and print()
2026-01-01 08:34:48 | INFO     | ======================================================================
2026-01-01 08:34:48 | INFO     | Starting LF search for route: JED-LXR
2026-01-01 08:34:48 | INFO     | [START] LF Search
2026-01-01 08:34:50 | INFO     | [HEALTH CHECK] [OK] Chrome connection is healthy
2026-01-01 08:34:50 | INFO     | [DAY_START] Processing 24JAN
2026-01-01 08:34:50 | INFO     | [lf.day.start] Processing JED-LXR for 24JAN
2026-01-01 08:34:51 | WARNING  | [lf.day.no_flights] No direct flights on 24JAN
2026-01-01 08:34:51 | INFO     | [SUCCESS] Day 24JAN
2026-01-01 08:34:51 | INFO     | [DAY_START] Processing 23JAN
2026-01-01 08:34:51 | INFO     | [lf.day.start] Processing JED-LXR for 23JAN
2026-01-01 08:34:52 | WARNING  | [lf.day.no_flights] No direct flights on 23JAN
2026-01-01 08:34:52 | INFO     | [SUCCESS] Day 23JAN
2026-01-01 08:34:52 | INFO     | [DAY_START] Processing 22JAN
2026-01-01 08:34:52 | INFO     | [lf.day.start] Processing JED-LXR for 22JAN
2026-01-01 08:34:53 | WARNING  | [lf.day.no_flights] No direct flights on 22JAN
2026-01-01 08:34:53 | INFO     | [SUCCESS] Day 22JAN
2026-01-01 08:34:53 | INFO     | [DAY_START] Processing 21JAN
2026-01-01 08:34:53 | INFO     | [lf.day.start] Processing JED-LXR for 21JAN
2026-01-01 08:34:54 | INFO     | [lf.day.flights_found] Found 1 flights on 21JAN
2026-01-01 08:34:56 | INFO     | [lf.flight.extracted] SM984 on 21JAN: BKG=0, LF=0.0%
2026-01-01 08:34:58 | INFO     | [SUCCESS] Day 21JAN
2026-01-01 08:34:58 | INFO     | [DAY_START] Processing 20JAN
2026-01-01 08:34:58 | INFO     | [lf.day.start] Processing JED-LXR for 20JAN
2026-01-01 08:34:59 | INFO     | [lf.day.flights_found] Found 4 flights on 20JAN
2026-01-01 08:35:01 | INFO     | [lf.flight.extracted] SM482 on 20JAN: BKG=0, LF=0.0%
2026-01-01 08:35:04 | INFO     | [lf.flight.extracted] SM430 on 20JAN: BKG=0, LF=0.0%
2026-01-01 08:35:07 | INFO     | [lf.flight.extracted] SM982 on 20JAN: BKG=3, LF=1.8%
2026-01-01 08:35:11 | INFO     | [lf.flight.extracted] SM484 on 20JAN: BKG=0, LF=0.0%
2026-01-01 08:35:14 | INFO     | [SUCCESS] Day 20JAN
2026-01-01 08:35:14 | INFO     | [DAY_START] Processing 19JAN
2026-01-01 08:35:14 | INFO     | [lf.day.start] Processing JED-LXR for 19JAN
2026-01-01 08:35:15 | WARNING  | [lf.day.no_flights] No direct flights on 19JAN
2026-01-01 08:35:15 | INFO     | [SUCCESS] Day 19JAN
2026-01-01 08:35:15 | INFO     | [SUCCESS] LF Search Complete
2026-01-01 08:35:17 | INFO     | [Worker_9227] Completed: JED-LXR - 6 results, 0 errors
2026-01-01 08:35:17 | INFO     | [Worker_9227] Processing: TUU-CAI
2026-01-01 08:35:17 | INFO     |   Tier 0: Range 1, Chunk 2/5 (6 days)
