2026-01-01 08:38:07 | INFO     | ======================================================================
2026-01-01 08:38:07 | INFO     | Load Factor Scraper Started - Route: JED-HBE
2026-01-01 08:38:07 | INFO     | Log file: D:\CODERED\LAB\market_insights\outputs\run_generated_010126_at_08.01\logs\LF_JED-HBE_20260101_083807.log
2026-01-01 08:38:07 | INFO     | Enhanced logging: Capturing both logging.info() and print()
2026-01-01 08:38:07 | INFO     | ======================================================================
2026-01-01 08:38:07 | INFO     | Starting LF search for route: JED-HBE
2026-01-01 08:38:07 | INFO     | [START] LF Search
2026-01-01 08:38:08 | INFO     | [HEALTH CHECK] [OK] Chrome connection is healthy
2026-01-01 08:38:09 | INFO     | [DAY_START] Processing 18JAN
2026-01-01 08:38:09 | INFO     | [lf.day.start] Processing JED-HBE for 18JAN
2026-01-01 08:38:12 | INFO     | [lf.day.flights_found] Found 2 flights on 18JAN
2026-01-01 08:38:14 | INFO     | [lf.flight.extracted] SM458 on 18JAN: BKG=116, LF=66.3%
2026-01-01 08:38:17 | INFO     | [lf.flight.extracted] SM452 on 18JAN: BKG=123, LF=71.5%
2026-01-01 08:38:31 | INFO     | [SUCCESS] Day 18JAN
2026-01-01 08:38:31 | INFO     | [DAY_START] Processing 17JAN
2026-01-01 08:38:31 | INFO     | [lf.day.start] Processing JED-HBE for 17JAN
2026-01-01 08:38:33 | INFO     | [lf.day.flights_found] Found 2 flights on 17JAN
2026-01-01 08:38:35 | INFO     | [lf.flight.extracted] SM458 on 17JAN: BKG=52, LF=30.2%
2026-01-01 08:38:40 | INFO     | [lf.flight.extracted] SM452 on 17JAN: BKG=115, LF=66.9%
2026-01-01 08:38:51 | INFO     | [SUCCESS] Day 17JAN
2026-01-01 08:38:51 | INFO     | [DAY_START] Processing 16JAN
2026-01-01 08:38:51 | INFO     | [lf.day.start] Processing JED-HBE for 16JAN
2026-01-01 08:38:52 | INFO     | [lf.day.flights_found] Found 1 flights on 16JAN
2026-01-01 08:38:54 | INFO     | [lf.flight.extracted] SM452 on 16JAN: BKG=75, LF=43.6%
2026-01-01 08:39:00 | INFO     | [SUCCESS] Day 16JAN
2026-01-01 08:39:00 | INFO     | [DAY_START] Processing 15JAN
2026-01-01 08:39:00 | INFO     | [lf.day.start] Processing JED-HBE for 15JAN
2026-01-01 08:39:01 | INFO     | [lf.day.flights_found] Found 1 flights on 15JAN
2026-01-01 08:39:04 | INFO     | [lf.flight.extracted] SM452 on 15JAN: BKG=86, LF=50.0%
2026-01-01 08:39:09 | ERROR    | Atomic write failed for D:\CODERED\LAB\market_insights\outputs\run_generated_010126_at_08.01\checkpoints\flight_booking_data.json: [WinError 32] The process cannot access the file because it is being used by another process: 'D:\\CODERED\\LAB\\market_insights\\outputs\\run_generated_010126_at_08.01\\checkpoints\\flight_booking_data.tmp' -> 'D:\\CODERED\\LAB\\market_insights\\outputs\\run_generated_010126_at_08.01\\checkpoints\\flight_booking_data.json'
2026-01-01 08:39:09 | INFO     | [SUCCESS] Day 15JAN
2026-01-01 08:39:09 | INFO     | [DAY_START] Processing 14JAN
2026-01-01 08:39:09 | INFO     | [lf.day.start] Processing JED-HBE for 14JAN
2026-01-01 08:39:10 | INFO     | [lf.day.flights_found] Found 3 flights on 14JAN
2026-01-01 08:39:12 | INFO     | [lf.flight.extracted] SM452 on 14JAN: BKG=152, LF=88.4%
2026-01-01 08:39:16 | INFO     | [lf.flight.extracted] SM474 on 14JAN: BKG=136, LF=77.7%
2026-01-01 08:39:19 | INFO     | [lf.flight.extracted] SM458 on 14JAN: BKG=120, LF=68.6%
2026-01-01 08:39:42 | INFO     | [SUCCESS] Day 14JAN
2026-01-01 08:39:42 | INFO     | [DAY_START] Processing 13JAN
2026-01-01 08:39:42 | INFO     | [lf.day.start] Processing JED-HBE for 13JAN
2026-01-01 08:39:44 | INFO     | [lf.day.flights_found] Found 1 flights on 13JAN
2026-01-01 08:39:46 | INFO     | [lf.flight.extracted] SM452 on 13JAN: BKG=163, LF=94.8%
2026-01-01 08:39:53 | INFO     | [SUCCESS] Day 13JAN
2026-01-01 08:39:53 | INFO     | [SUCCESS] LF Search Complete
2026-01-01 08:39:55 | INFO     | [Worker_9234] Completed: JED-HBE - 6 results, 0 errors
2026-01-01 08:39:55 | INFO     | [Worker_9234] Processing: AHB-ATZ
2026-01-01 08:39:55 | INFO     |   Tier 0: Range 1, Chunk 3/5 (6 days)
