2026-01-01 08:38:15 | INFO     | ======================================================================
2026-01-01 08:38:15 | INFO     | Load Factor Scraper Started - Route: JED-LXR
2026-01-01 08:38:15 | INFO     | Log file: D:\CODERED\LAB\market_insights\outputs\run_generated_010126_at_08.01\logs\LF_JED-LXR_20260101_083815.log
2026-01-01 08:38:15 | INFO     | Enhanced logging: Capturing both logging.info() and print()
2026-01-01 08:38:15 | INFO     | ======================================================================
2026-01-01 08:38:15 | INFO     | Starting LF search for route: JED-LXR
2026-01-01 08:38:15 | INFO     | [START] LF Search
2026-01-01 08:38:16 | INFO     | [HEALTH CHECK] [OK] Chrome connection is healthy
2026-01-01 08:38:16 | INFO     | [DAY_START] Processing 18JAN
2026-01-01 08:38:16 | INFO     | [lf.day.start] Processing JED-LXR for 18JAN
2026-01-01 08:38:17 | WARNING  | [lf.day.no_flights] No direct flights on 18JAN
2026-01-01 08:38:18 | INFO     | [SUCCESS] Day 18JAN
2026-01-01 08:38:18 | INFO     | [DAY_START] Processing 17JAN
2026-01-01 08:38:18 | INFO     | [lf.day.start] Processing JED-LXR for 17JAN
2026-01-01 08:38:19 | WARNING  | [lf.day.no_flights] No direct flights on 17JAN
2026-01-01 08:38:19 | INFO     | [SUCCESS] Day 17JAN
2026-01-01 08:38:19 | INFO     | [DAY_START] Processing 16JAN
2026-01-01 08:38:19 | INFO     | [lf.day.start] Processing JED-LXR for 16JAN
2026-01-01 08:38:20 | WARNING  | [lf.day.no_flights] No direct flights on 16JAN
2026-01-01 08:38:20 | INFO     | [SUCCESS] Day 16JAN
2026-01-01 08:38:20 | INFO     | [DAY_START] Processing 15JAN
2026-01-01 08:38:20 | INFO     | [lf.day.start] Processing JED-LXR for 15JAN
2026-01-01 08:38:21 | WARNING  | [lf.day.no_flights] No direct flights on 15JAN
2026-01-01 08:38:21 | INFO     | [SUCCESS] Day 15JAN
2026-01-01 08:38:21 | INFO     | [DAY_START] Processing 14JAN
2026-01-01 08:38:21 | INFO     | [lf.day.start] Processing JED-LXR for 14JAN
2026-01-01 08:38:23 | INFO     | [lf.day.flights_found] Found 2 flights on 14JAN
2026-01-01 08:38:25 | INFO     | [lf.flight.extracted] SM960 on 14JAN: BKG=171, LF=104.3%
2026-01-01 08:38:29 | INFO     | [lf.flight.extracted] SM962 on 14JAN: BKG=52, LF=31.7%
2026-01-01 08:39:04 | INFO     | [SUCCESS] Day 14JAN
2026-01-01 08:39:04 | INFO     | [DAY_START] Processing 13JAN
2026-01-01 08:39:04 | INFO     | [lf.day.start] Processing JED-LXR for 13JAN
2026-01-01 08:39:06 | INFO     | [lf.day.flights_found] Found 4 flights on 13JAN
2026-01-01 08:39:08 | INFO     | [lf.flight.extracted] SM482 on 13JAN: BKG=179, LF=109.1%
2026-01-01 08:39:12 | INFO     | [lf.flight.extracted] SM430 on 13JAN: BKG=148, LF=84.6%
2026-01-01 08:39:16 | INFO     | [lf.flight.extracted] SM982 on 13JAN: BKG=170, LF=95.5%
2026-01-01 08:39:19 | INFO     | [lf.flight.extracted] SM484 on 13JAN: BKG=179, LF=109.1%
2026-01-01 08:41:14 | INFO     | [SUCCESS] Day 13JAN
2026-01-01 08:41:14 | INFO     | [SUCCESS] LF Search Complete
2026-01-01 08:41:16 | INFO     | [Worker_9233] Completed: JED-LXR - 6 results, 0 errors
2026-01-01 08:41:16 | INFO     | [Worker_9233] Processing: CAI-DMM
2026-01-01 08:41:16 | INFO     |   Tier 0: Range 1, Chunk 3/5 (6 days)
