2026-01-01 08:20:57 | INFO     | ======================================================================
2026-01-01 08:20:57 | INFO     | Load Factor Scraper Started - Route: JED-ASW
2026-01-01 08:20:57 | INFO     | Log file: D:\CODERED\LAB\market_insights\outputs\run_generated_010126_at_08.01\logs\LF_JED-ASW_20260101_082057.log
2026-01-01 08:20:57 | INFO     | Enhanced logging: Capturing both logging.info() and print()
2026-01-01 08:20:57 | INFO     | ======================================================================
2026-01-01 08:20:57 | INFO     | Starting LF search for route: JED-ASW
2026-01-01 08:20:57 | INFO     | [START] LF Search
2026-01-01 08:20:58 | INFO     | [HEALTH CHECK] [OK] Chrome connection is healthy
2026-01-01 08:20:59 | INFO     | [DAY_START] Processing 21FEB
2026-01-01 08:20:59 | INFO     | [lf.day.start] Processing JED-ASW for 21FEB
2026-01-01 08:20:59 | WARNING  | [lf.day.no_flights] No direct flights on 21FEB
2026-01-01 08:21:00 | INFO     | [SUCCESS] Day 21FEB
2026-01-01 08:21:00 | INFO     | [DAY_START] Processing 20FEB
2026-01-01 08:21:00 | INFO     | [lf.day.start] Processing JED-ASW for 20FEB
2026-01-01 08:21:01 | WARNING  | [lf.day.no_flights] No direct flights on 20FEB
2026-01-01 08:21:01 | INFO     | [SUCCESS] Day 20FEB
2026-01-01 08:21:01 | INFO     | [DAY_START] Processing 19FEB
2026-01-01 08:21:01 | INFO     | [lf.day.start] Processing JED-ASW for 19FEB
2026-01-01 08:21:02 | WARNING  | [lf.day.no_flights] No direct flights on 19FEB
2026-01-01 08:21:02 | INFO     | [SUCCESS] Day 19FEB
2026-01-01 08:21:02 | INFO     | [DAY_START] Processing 18FEB
2026-01-01 08:21:02 | INFO     | [lf.day.start] Processing JED-ASW for 18FEB
2026-01-01 08:21:03 | WARNING  | [lf.day.no_flights] No direct flights on 18FEB
2026-01-01 08:21:03 | INFO     | [SUCCESS] Day 18FEB
2026-01-01 08:21:03 | INFO     | [DAY_START] Processing 17FEB
2026-01-01 08:21:03 | INFO     | [lf.day.start] Processing JED-ASW for 17FEB
2026-01-01 08:21:04 | WARNING  | [lf.day.no_flights] No direct flights on 17FEB
2026-01-01 08:21:04 | INFO     | [SUCCESS] Day 17FEB
2026-01-01 08:21:04 | INFO     | [DAY_START] Processing 16FEB
2026-01-01 08:21:04 | INFO     | [lf.day.start] Processing JED-ASW for 16FEB
2026-01-01 08:21:05 | WARNING  | [lf.day.no_flights] No direct flights on 16FEB
2026-01-01 08:21:05 | INFO     | [SUCCESS] Day 16FEB
2026-01-01 08:21:05 | INFO     | [DAY_START] Processing 15FEB
2026-01-01 08:21:05 | INFO     | [lf.day.start] Processing JED-ASW for 15FEB
2026-01-01 08:21:06 | WARNING  | [lf.day.no_flights] No direct flights on 15FEB
2026-01-01 08:21:06 | INFO     | [SUCCESS] Day 15FEB
2026-01-01 08:21:06 | INFO     | [SUCCESS] LF Search Complete
2026-01-01 08:21:08 | INFO     | [Worker_9234] Completed: JED-ASW - 7 results, 0 errors
2026-01-01 08:21:08 | INFO     | [Worker_9234] Processing: RUH-CAI
2026-01-01 08:21:08 | INFO     |   Tier 0: Range 2, Chunk 2/4 (7 days)
