2026-01-01 08:42:58 | INFO     | ======================================================================
2026-01-01 08:42:58 | INFO     | Load Factor Scraper Started - Route: JED-ASW
2026-01-01 08:42:58 | INFO     | Log file: D:\CODERED\LAB\market_insights\outputs\run_generated_010126_at_08.01\logs\LF_JED-ASW_20260101_084258.log
2026-01-01 08:42:58 | INFO     | Enhanced logging: Capturing both logging.info() and print()
2026-01-01 08:42:58 | INFO     | ======================================================================
2026-01-01 08:42:58 | INFO     | Starting LF search for route: JED-ASW
2026-01-01 08:42:58 | INFO     | [START] LF Search
2026-01-01 08:43:01 | INFO     | [HEALTH CHECK] [OK] Chrome connection is healthy
2026-01-01 08:43:01 | INFO     | [DAY_START] Processing 12JAN
2026-01-01 08:43:01 | INFO     | [lf.day.start] Processing JED-ASW for 12JAN
2026-01-01 08:43:03 | INFO     | [lf.day.flights_found] Found 2 flights on 12JAN
2026-01-01 08:43:07 | INFO     | [lf.flight.extracted] SM426 on 12JAN: BKG=175, LF=104.8%
2026-01-01 08:43:12 | INFO     | [lf.flight.extracted] SM950 on 12JAN: BKG=180, LF=107.8%
2026-01-01 08:44:11 | INFO     | [SUCCESS] Day 12JAN
2026-01-01 08:44:11 | INFO     | [DAY_START] Processing 11JAN
2026-01-01 08:44:11 | INFO     | [lf.day.start] Processing JED-ASW for 11JAN
2026-01-01 08:44:12 | WARNING  | [lf.day.no_flights] No direct flights on 11JAN
2026-01-01 08:44:12 | INFO     | [SUCCESS] Day 11JAN
2026-01-01 08:44:12 | INFO     | [DAY_START] Processing 10JAN
2026-01-01 08:44:12 | INFO     | [lf.day.start] Processing JED-ASW for 10JAN
2026-01-01 08:44:13 | WARNING  | [lf.day.no_flights] No direct flights on 10JAN
2026-01-01 08:44:13 | INFO     | [SUCCESS] Day 10JAN
2026-01-01 08:44:13 | INFO     | [DAY_START] Processing 09JAN
2026-01-01 08:44:13 | INFO     | [lf.day.start] Processing JED-ASW for 09JAN
2026-01-01 08:44:14 | WARNING  | [lf.day.no_flights] No direct flights on 09JAN
2026-01-01 08:44:14 | INFO     | [SUCCESS] Day 09JAN
2026-01-01 08:44:14 | INFO     | [DAY_START] Processing 08JAN
2026-01-01 08:44:14 | INFO     | [lf.day.start] Processing JED-ASW for 08JAN
2026-01-01 08:44:15 | WARNING  | [lf.day.no_flights] No direct flights on 08JAN
2026-01-01 08:44:15 | INFO     | [SUCCESS] Day 08JAN
2026-01-01 08:44:15 | INFO     | [DAY_START] Processing 07JAN
2026-01-01 08:44:15 | INFO     | [lf.day.start] Processing JED-ASW for 07JAN
2026-01-01 08:44:16 | WARNING  | [lf.day.no_flights] No direct flights on 07JAN
2026-01-01 08:44:16 | INFO     | [SUCCESS] Day 07JAN
2026-01-01 08:44:16 | INFO     | [SUCCESS] LF Search Complete
2026-01-01 08:44:18 | INFO     | [Worker_9227] Completed: JED-ASW - 6 results, 0 errors
2026-01-01 08:44:18 | INFO     | [Worker_9227] Processing: YNB-CAI
2026-01-01 08:44:18 | INFO     |   Tier 0: Range 1, Chunk 4/5 (6 days)
