2026-01-01 08:16:24 | INFO     | ======================================================================
2026-01-01 08:16:24 | INFO     | Load Factor Scraper Started - Route: JED-HBE
2026-01-01 08:16:24 | INFO     | Log file: D:\CODERED\LAB\market_insights\outputs\run_generated_010126_at_08.01\logs\LF_JED-HBE_20260101_081624.log
2026-01-01 08:16:24 | INFO     | Enhanced logging: Capturing both logging.info() and print()
2026-01-01 08:16:24 | INFO     | ======================================================================
2026-01-01 08:16:24 | INFO     | Starting LF search for route: JED-HBE
2026-01-01 08:16:24 | INFO     | [START] LF Search
2026-01-01 08:16:28 | INFO     | [HEALTH CHECK] [OK] Chrome connection is healthy
2026-01-01 08:16:29 | INFO     | [DAY_START] Processing 28FEB
2026-01-01 08:16:29 | INFO     | [lf.day.start] Processing JED-HBE for 28FEB
2026-01-01 08:16:32 | INFO     | [lf.day.flights_found] Found 2 flights on 28FEB
2026-01-01 08:16:37 | INFO     | [lf.flight.extracted] SM458 on 28FEB: BKG=176, LF=104.8%
2026-01-01 08:16:43 | INFO     | [lf.flight.extracted] SM452 on 28FEB: BKG=177, LF=101.1%
2026-01-01 08:16:50 | INFO     | [SUCCESS] Day 28FEB
2026-01-01 08:16:50 | INFO     | [DAY_START] Processing 27FEB
2026-01-01 08:16:50 | INFO     | [lf.day.start] Processing JED-HBE for 27FEB
2026-01-01 08:16:51 | INFO     | [lf.day.flights_found] Found 1 flights on 27FEB
2026-01-01 08:16:54 | INFO     | [lf.flight.extracted] SM452 on 27FEB: BKG=188, LF=107.4%
2026-01-01 08:17:00 | INFO     | [SUCCESS] Day 27FEB
2026-01-01 08:17:00 | INFO     | [DAY_START] Processing 26FEB
2026-01-01 08:17:00 | INFO     | [lf.day.start] Processing JED-HBE for 26FEB
2026-01-01 08:17:02 | INFO     | [lf.day.flights_found] Found 1 flights on 26FEB
2026-01-01 08:17:06 | INFO     | [lf.flight.extracted] SM452 on 26FEB: BKG=183, LF=104.6%
2026-01-01 08:17:14 | INFO     | [SUCCESS] Day 26FEB
2026-01-01 08:17:14 | INFO     | [DAY_START] Processing 25FEB
2026-01-01 08:17:14 | INFO     | [lf.day.start] Processing JED-HBE for 25FEB
2026-01-01 08:17:19 | INFO     | [lf.day.flights_found] Found 3 flights on 25FEB
2026-01-01 08:17:25 | INFO     | [lf.flight.extracted] SM452 on 25FEB: BKG=173, LF=98.9%
2026-01-01 08:17:30 | INFO     | [lf.flight.extracted] SM474 on 25FEB: BKG=170, LF=97.1%
2026-01-01 08:17:35 | INFO     | [lf.flight.extracted] SM458 on 25FEB: BKG=174, LF=99.4%
2026-01-01 08:17:44 | INFO     | [SUCCESS] Day 25FEB
2026-01-01 08:17:44 | INFO     | [DAY_START] Processing 24FEB
2026-01-01 08:17:44 | INFO     | [lf.day.start] Processing JED-HBE for 24FEB
2026-01-01 08:17:45 | INFO     | [lf.day.flights_found] Found 1 flights on 24FEB
2026-01-01 08:17:47 | INFO     | [lf.flight.extracted] SM452 on 24FEB: BKG=184, LF=105.1%
2026-01-01 08:17:50 | INFO     | [SUCCESS] Day 24FEB
2026-01-01 08:17:50 | INFO     | [DAY_START] Processing 23FEB
2026-01-01 08:17:50 | INFO     | [lf.day.start] Processing JED-HBE for 23FEB
2026-01-01 08:17:51 | INFO     | [lf.day.flights_found] Found 2 flights on 23FEB
2026-01-01 08:17:53 | INFO     | [lf.flight.extracted] SM458 on 23FEB: BKG=176, LF=100.6%
2026-01-01 08:17:58 | INFO     | [lf.flight.extracted] SM452 on 23FEB: BKG=179, LF=102.3%
2026-01-01 08:18:03 | INFO     | [SUCCESS] Day 23FEB
2026-01-01 08:18:03 | INFO     | [DAY_START] Processing 22FEB
2026-01-01 08:18:03 | INFO     | [lf.day.start] Processing JED-HBE for 22FEB
2026-01-01 08:18:04 | INFO     | [lf.day.flights_found] Found 2 flights on 22FEB
2026-01-01 08:18:07 | INFO     | [lf.flight.extracted] SM458 on 22FEB: BKG=148, LF=84.6%
2026-01-01 08:18:10 | INFO     | [lf.flight.extracted] SM452 on 22FEB: BKG=180, LF=102.9%
2026-01-01 08:18:14 | INFO     | [SUCCESS] Day 22FEB
2026-01-01 08:18:14 | INFO     | [SUCCESS] LF Search Complete
2026-01-01 08:18:16 | INFO     | [Worker_9226] Completed: JED-HBE - 7 results, 0 errors
2026-01-01 08:18:16 | INFO     | [Worker_9226] Processing: AHB-CAI
2026-01-01 08:18:16 | INFO     |   Tier 0: Range 2, Chunk 1/4 (7 days)
