2026-01-01 08:27:48 | INFO     | ======================================================================
2026-01-01 08:27:48 | INFO     | Load Factor Scraper Started - Route: JED-ATZ
2026-01-01 08:27:48 | INFO     | Log file: D:\CODERED\LAB\market_insights\outputs\run_generated_010126_at_08.01\logs\LF_JED-ATZ_20260101_082748.log
2026-01-01 08:27:48 | INFO     | Enhanced logging: Capturing both logging.info() and print()
2026-01-01 08:27:48 | INFO     | ======================================================================
2026-01-01 08:27:48 | INFO     | Starting LF search for route: JED-ATZ
2026-01-01 08:27:48 | INFO     | [START] LF Search
2026-01-01 08:27:50 | INFO     | [HEALTH CHECK] [OK] Chrome connection is healthy
2026-01-01 08:27:50 | INFO     | [DAY_START] Processing 07FEB
2026-01-01 08:27:50 | INFO     | [lf.day.start] Processing JED-ATZ for 07FEB
2026-01-01 08:27:51 | INFO     | [lf.day.flights_found] Found 5 flights on 07FEB
2026-01-01 08:27:53 | INFO     | [lf.flight.extracted] SM956 on 07FEB: BKG=180, LF=107.8%
2026-01-01 08:27:57 | INFO     | [lf.flight.extracted] SM492 on 07FEB: BKG=181, LF=103.4%
2026-01-01 08:28:00 | INFO     | [lf.flight.extracted] SM454 on 07FEB: BKG=182, LF=104.0%
2026-01-01 08:28:03 | INFO     | [lf.flight.extracted] SM958 on 07FEB: BKG=180, LF=102.9%
2026-01-01 08:28:06 | INFO     | [lf.flight.extracted] SM456 on 07FEB: BKG=168, LF=96.0%
2026-01-01 08:28:15 | INFO     | [SUCCESS] Day 07FEB
2026-01-01 08:28:15 | INFO     | [DAY_START] Processing 06FEB
2026-01-01 08:28:15 | INFO     | [lf.day.start] Processing JED-ATZ for 06FEB
2026-01-01 08:28:16 | INFO     | [lf.day.flights_found] Found 1 flights on 06FEB
2026-01-01 08:28:18 | INFO     | [lf.flight.extracted] SM492 on 06FEB: BKG=173, LF=98.9%
2026-01-01 08:28:22 | INFO     | [SUCCESS] Day 06FEB
2026-01-01 08:28:22 | INFO     | [DAY_START] Processing 05FEB
2026-01-01 08:28:22 | INFO     | [lf.day.start] Processing JED-ATZ for 05FEB
2026-01-01 08:28:23 | INFO     | [lf.day.flights_found] Found 5 flights on 05FEB
2026-01-01 08:28:25 | INFO     | [lf.flight.extracted] SM492 on 05FEB: BKG=168, LF=96.0%
2026-01-01 08:28:29 | INFO     | [lf.flight.extracted] SM422 on 05FEB: BKG=181, LF=103.4%
2026-01-01 08:28:32 | INFO     | [lf.flight.extracted] SM964 on 05FEB: BKG=180, LF=107.8%
2026-01-01 08:28:35 | INFO     | [lf.flight.extracted] SM454 on 05FEB: BKG=168, LF=96.0%
2026-01-01 08:28:38 | INFO     | [lf.flight.extracted] SM456 on 05FEB: BKG=168, LF=96.0%
2026-01-01 08:28:49 | INFO     | [SUCCESS] Day 05FEB
2026-01-01 08:28:49 | INFO     | [DAY_START] Processing 04FEB
2026-01-01 08:28:49 | INFO     | [lf.day.start] Processing JED-ATZ for 04FEB
2026-01-01 08:28:50 | INFO     | [lf.day.flights_found] Found 1 flights on 04FEB
2026-01-01 08:28:53 | INFO     | [lf.flight.extracted] SM454 on 04FEB: BKG=185, LF=105.7%
2026-01-01 08:28:55 | INFO     | [SUCCESS] Day 04FEB
2026-01-01 08:28:55 | INFO     | [DAY_START] Processing 03FEB
2026-01-01 08:28:55 | INFO     | [lf.day.start] Processing JED-ATZ for 03FEB
2026-01-01 08:28:57 | INFO     | [lf.day.flights_found] Found 2 flights on 03FEB
2026-01-01 08:28:59 | INFO     | [lf.flight.extracted] SM454 on 03FEB: BKG=167, LF=95.4%
2026-01-01 08:29:02 | INFO     | [lf.flight.extracted] SM456 on 03FEB: BKG=167, LF=99.4%
2026-01-01 08:29:10 | INFO     | [SUCCESS] Day 03FEB
2026-01-01 08:29:10 | INFO     | [DAY_START] Processing 02FEB
2026-01-01 08:29:10 | INFO     | [lf.day.start] Processing JED-ATZ for 02FEB
2026-01-01 08:29:11 | INFO     | [lf.day.flights_found] Found 4 flights on 02FEB
2026-01-01 08:29:13 | INFO     | [lf.flight.extracted] SM492 on 02FEB: BKG=67, LF=38.3%
2026-01-01 08:29:17 | INFO     | [lf.flight.extracted] SM456 on 02FEB: BKG=159, LF=94.6%
2026-01-01 08:29:20 | INFO     | [lf.flight.extracted] SM422 on 02FEB: BKG=116, LF=66.3%
2026-01-01 08:29:23 | INFO     | [lf.flight.extracted] SM454 on 02FEB: BKG=96, LF=54.9%
2026-01-01 08:29:37 | INFO     | [SUCCESS] Day 02FEB
2026-01-01 08:29:37 | INFO     | [DAY_START] Processing 01FEB
2026-01-01 08:29:37 | INFO     | [lf.day.start] Processing JED-ATZ for 01FEB
2026-01-01 08:29:38 | INFO     | [lf.day.flights_found] Found 2 flights on 01FEB
2026-01-01 08:29:41 | INFO     | [lf.flight.extracted] SM492 on 01FEB: BKG=157, LF=89.7%
2026-01-01 08:29:44 | INFO     | [lf.flight.extracted] SM456 on 01FEB: BKG=154, LF=88.0%
2026-01-01 08:29:51 | INFO     | [SUCCESS] Day 01FEB
2026-01-01 08:29:51 | INFO     | [SUCCESS] LF Search Complete
2026-01-01 08:29:53 | INFO     | [Worker_9225] Completed: JED-ATZ - 7 results, 0 errors
2026-01-01 08:29:53 | INFO     | [Worker_9225] Processing: CAI-DMM
2026-01-01 08:29:53 | INFO     |   Tier 0: Range 2, Chunk 4/4 (7 days)
