2026-01-01 08:45:13 | INFO     | ======================================================================
2026-01-01 08:45:13 | INFO     | Load Factor Scraper Started - Route: LXR-JED
2026-01-01 08:45:13 | INFO     | Log file: D:\CODERED\LAB\market_insights\outputs\run_generated_010126_at_08.01\logs\LF_LXR-JED_20260101_084513.log
2026-01-01 08:45:13 | INFO     | Enhanced logging: Capturing both logging.info() and print()
2026-01-01 08:45:13 | INFO     | ======================================================================
2026-01-01 08:45:13 | INFO     | Starting LF search for route: LXR-JED
2026-01-01 08:45:13 | INFO     | [START] LF Search
2026-01-01 08:45:15 | INFO     | [HEALTH CHECK] [OK] Chrome connection is healthy
2026-01-01 08:45:15 | INFO     | [DAY_START] Processing 12JAN
2026-01-01 08:45:15 | INFO     | [lf.day.start] Processing LXR-JED for 12JAN
2026-01-01 08:45:16 | INFO     | [lf.day.flights_found] Found 1 flights on 12JAN
2026-01-01 08:45:18 | INFO     | [lf.flight.extracted] SM481 on 12JAN: BKG=0, LF=0.0%
2026-01-01 08:45:19 | INFO     | [SUCCESS] Day 12JAN
2026-01-01 08:45:19 | INFO     | [DAY_START] Processing 11JAN
2026-01-01 08:45:19 | INFO     | [lf.day.start] Processing LXR-JED for 11JAN
2026-01-01 08:45:20 | WARNING  | [lf.day.no_flights] No direct flights on 11JAN
2026-01-01 08:45:20 | INFO     | [SUCCESS] Day 11JAN
2026-01-01 08:45:20 | INFO     | [DAY_START] Processing 10JAN
2026-01-01 08:45:20 | INFO     | [lf.day.start] Processing LXR-JED for 10JAN
2026-01-01 08:45:21 | WARNING  | [lf.day.no_flights] No direct flights on 10JAN
2026-01-01 08:45:21 | INFO     | [SUCCESS] Day 10JAN
2026-01-01 08:45:21 | INFO     | [DAY_START] Processing 09JAN
2026-01-01 08:45:21 | INFO     | [lf.day.start] Processing LXR-JED for 09JAN
2026-01-01 08:45:22 | WARNING  | [lf.day.no_flights] No direct flights on 09JAN
2026-01-01 08:45:22 | INFO     | [SUCCESS] Day 09JAN
2026-01-01 08:45:22 | INFO     | [DAY_START] Processing 08JAN
2026-01-01 08:45:22 | INFO     | [lf.day.start] Processing LXR-JED for 08JAN
2026-01-01 08:45:23 | WARNING  | [lf.day.no_flights] No direct flights on 08JAN
2026-01-01 08:45:23 | INFO     | [SUCCESS] Day 08JAN
2026-01-01 08:45:23 | INFO     | [DAY_START] Processing 07JAN
2026-01-01 08:45:23 | INFO     | [lf.day.start] Processing LXR-JED for 07JAN
2026-01-01 08:45:24 | WARNING  | [lf.day.no_flights] No direct flights on 07JAN
2026-01-01 08:45:25 | INFO     | [SUCCESS] Day 07JAN
2026-01-01 08:45:25 | INFO     | [SUCCESS] LF Search Complete
2026-01-01 08:45:27 | INFO     | [Worker_9233] Completed: LXR-JED - 6 results, 0 errors
2026-01-01 08:45:27 | INFO     | [Worker_9233] Processing: ATZ-RUH
2026-01-01 08:45:27 | INFO     |   Tier 0: Range 1, Chunk 4/5 (6 days)
