2026-01-01 08:22:33 | INFO     | ======================================================================
2026-01-01 08:22:33 | INFO     | Load Factor Scraper Started - Route: LXR-JED
2026-01-01 08:22:33 | INFO     | Log file: D:\CODERED\LAB\market_insights\outputs\run_generated_010126_at_08.01\logs\LF_LXR-JED_20260101_082233.log
2026-01-01 08:22:33 | INFO     | Enhanced logging: Capturing both logging.info() and print()
2026-01-01 08:22:33 | INFO     | ======================================================================
2026-01-01 08:22:33 | INFO     | Starting LF search for route: LXR-JED
2026-01-01 08:22:33 | INFO     | [START] LF Search
2026-01-01 08:22:35 | INFO     | [HEALTH CHECK] [OK] Chrome connection is healthy
2026-01-01 08:22:35 | INFO     | [DAY_START] Processing 21FEB
2026-01-01 08:22:35 | INFO     | [lf.day.start] Processing LXR-JED for 21FEB
2026-01-01 08:22:36 | WARNING  | [lf.day.no_flights] No direct flights on 21FEB
2026-01-01 08:22:36 | INFO     | [SUCCESS] Day 21FEB
2026-01-01 08:22:36 | INFO     | [DAY_START] Processing 20FEB
2026-01-01 08:22:36 | INFO     | [lf.day.start] Processing LXR-JED for 20FEB
2026-01-01 08:22:37 | WARNING  | [lf.day.no_flights] No direct flights on 20FEB
2026-01-01 08:22:37 | INFO     | [SUCCESS] Day 20FEB
2026-01-01 08:22:37 | INFO     | [DAY_START] Processing 19FEB
2026-01-01 08:22:37 | INFO     | [lf.day.start] Processing LXR-JED for 19FEB
2026-01-01 08:22:38 | WARNING  | [lf.day.no_flights] No direct flights on 19FEB
2026-01-01 08:22:38 | INFO     | [SUCCESS] Day 19FEB
2026-01-01 08:22:38 | INFO     | [DAY_START] Processing 18FEB
2026-01-01 08:22:38 | INFO     | [lf.day.start] Processing LXR-JED for 18FEB
2026-01-01 08:22:40 | WARNING  | [lf.day.no_flights] No direct flights on 18FEB
2026-01-01 08:22:40 | INFO     | [SUCCESS] Day 18FEB
2026-01-01 08:22:40 | INFO     | [DAY_START] Processing 17FEB
2026-01-01 08:22:40 | INFO     | [lf.day.start] Processing LXR-JED for 17FEB
2026-01-01 08:22:41 | INFO     | [lf.day.flights_found] Found 4 flights on 17FEB
2026-01-01 08:22:43 | INFO     | [lf.flight.extracted] SM429 on 17FEB: BKG=0, LF=0.0%
2026-01-01 08:22:46 | INFO     | [lf.flight.extracted] SM483 on 17FEB: BKG=0, LF=0.0%
2026-01-01 08:22:50 | INFO     | [lf.flight.extracted] SM981 on 17FEB: BKG=0, LF=0.0%
2026-01-01 08:22:53 | INFO     | [lf.flight.extracted] SM983 on 17FEB: BKG=0, LF=0.0%
2026-01-01 08:22:54 | INFO     | [SUCCESS] Day 17FEB
2026-01-01 08:22:54 | INFO     | [DAY_START] Processing 16FEB
2026-01-01 08:22:54 | INFO     | [lf.day.start] Processing LXR-JED for 16FEB
2026-01-01 08:22:55 | INFO     | [lf.day.flights_found] Found 1 flights on 16FEB
2026-01-01 08:22:57 | INFO     | [lf.flight.extracted] SM481 on 16FEB: BKG=0, LF=0.0%
2026-01-01 08:22:59 | INFO     | [SUCCESS] Day 16FEB
2026-01-01 08:22:59 | INFO     | [DAY_START] Processing 15FEB
2026-01-01 08:22:59 | INFO     | [lf.day.start] Processing LXR-JED for 15FEB
2026-01-01 08:23:00 | WARNING  | [lf.day.no_flights] No direct flights on 15FEB
2026-01-01 08:23:00 | INFO     | [SUCCESS] Day 15FEB
2026-01-01 08:23:00 | INFO     | [SUCCESS] LF Search Complete
2026-01-01 08:23:02 | INFO     | [Worker_9223] Completed: LXR-JED - 7 results, 0 errors
2026-01-01 08:23:02 | INFO     | [Worker_9223] Processing: ATZ-DMM
2026-01-01 08:23:02 | INFO     |   Tier 0: Range 2, Chunk 2/4 (7 days)
