2026-01-01 08:48:49 | INFO     | ======================================================================
2026-01-01 08:48:49 | INFO     | Load Factor Scraper Started - Route: LXR-JED
2026-01-01 08:48:49 | INFO     | Log file: D:\CODERED\LAB\market_insights\outputs\run_generated_010126_at_08.01\logs\LF_LXR-JED_20260101_084849.log
2026-01-01 08:48:49 | INFO     | Enhanced logging: Capturing both logging.info() and print()
2026-01-01 08:48:49 | INFO     | ======================================================================
2026-01-01 08:48:49 | INFO     | Starting LF search for route: LXR-JED
2026-01-01 08:48:49 | INFO     | [START] LF Search
2026-01-01 08:48:51 | INFO     | [HEALTH CHECK] [OK] Chrome connection is healthy
2026-01-01 08:48:51 | INFO     | [DAY_START] Processing 06JAN
2026-01-01 08:48:51 | INFO     | [lf.day.start] Processing LXR-JED for 06JAN
2026-01-01 08:48:53 | INFO     | [lf.day.flights_found] Found 4 flights on 06JAN
2026-01-01 08:48:55 | INFO     | [lf.flight.extracted] SM429 on 06JAN: BKG=0, LF=0.0%
2026-01-01 08:48:59 | INFO     | [lf.flight.extracted] SM483 on 06JAN: BKG=0, LF=0.0%
2026-01-01 08:49:03 | INFO     | [lf.flight.extracted] SM981 on 06JAN: BKG=0, LF=0.0%
2026-01-01 08:49:06 | INFO     | [lf.flight.extracted] SM983 on 06JAN: BKG=0, LF=0.0%
2026-01-01 08:49:07 | INFO     | [SUCCESS] Day 06JAN
2026-01-01 08:49:07 | INFO     | [DAY_START] Processing 05JAN
2026-01-01 08:49:07 | INFO     | [lf.day.start] Processing LXR-JED for 05JAN
2026-01-01 08:49:09 | INFO     | [lf.day.flights_found] Found 1 flights on 05JAN
2026-01-01 08:49:11 | INFO     | [lf.flight.extracted] SM481 on 05JAN: BKG=0, LF=0.0%
2026-01-01 08:49:12 | INFO     | [SUCCESS] Day 05JAN
2026-01-01 08:49:12 | INFO     | [DAY_START] Processing 04JAN
2026-01-01 08:49:12 | INFO     | [lf.day.start] Processing LXR-JED for 04JAN
2026-01-01 08:49:14 | WARNING  | [lf.day.no_flights] No direct flights on 04JAN
2026-01-01 08:49:14 | INFO     | [SUCCESS] Day 04JAN
2026-01-01 08:49:14 | INFO     | [DAY_START] Processing 03JAN
2026-01-01 08:49:14 | INFO     | [lf.day.start] Processing LXR-JED for 03JAN
2026-01-01 08:49:15 | WARNING  | [lf.day.no_flights] No direct flights on 03JAN
2026-01-01 08:49:15 | INFO     | [SUCCESS] Day 03JAN
2026-01-01 08:49:15 | INFO     | [DAY_START] Processing 02JAN
2026-01-01 08:49:15 | INFO     | [lf.day.start] Processing LXR-JED for 02JAN
2026-01-01 08:49:16 | WARNING  | [lf.day.no_flights] No direct flights on 02JAN
2026-01-01 08:49:16 | INFO     | [SUCCESS] Day 02JAN
2026-01-01 08:49:16 | INFO     | [SUCCESS] LF Search Complete
2026-01-01 08:49:18 | INFO     | [Worker_9222] Completed: LXR-JED - 5 results, 0 errors
2026-01-01 08:49:18 | INFO     | [Worker_9222] Processing: CAI-TUU
2026-01-01 08:49:18 | INFO     |   Tier 0: Range 1, Chunk 5/5 (6 days)
