2026-01-01 08:27:39 | INFO     | ======================================================================
2026-01-01 08:27:39 | INFO     | Load Factor Scraper Started - Route: MED-ATZ
2026-01-01 08:27:39 | INFO     | Log file: D:\CODERED\LAB\market_insights\outputs\run_generated_010126_at_08.01\logs\LF_MED-ATZ_20260101_082739.log
2026-01-01 08:27:39 | INFO     | Enhanced logging: Capturing both logging.info() and print()
2026-01-01 08:27:39 | INFO     | ======================================================================
2026-01-01 08:27:39 | INFO     | Starting LF search for route: MED-ATZ
2026-01-01 08:27:39 | INFO     | [START] LF Search
2026-01-01 08:27:41 | INFO     | [HEALTH CHECK] [OK] Chrome connection is healthy
2026-01-01 08:27:41 | INFO     | [DAY_START] Processing 07FEB
2026-01-01 08:27:41 | INFO     | [lf.day.start] Processing MED-ATZ for 07FEB
2026-01-01 08:27:42 | INFO     | [lf.day.flights_found] Found 1 flights on 07FEB
2026-01-01 08:27:44 | INFO     | [lf.flight.extracted] SM488 on 07FEB: BKG=168, LF=96.0%
2026-01-01 08:27:48 | INFO     | [SUCCESS] Day 07FEB
2026-01-01 08:27:48 | INFO     | [DAY_START] Processing 06FEB
2026-01-01 08:27:48 | INFO     | [lf.day.start] Processing MED-ATZ for 06FEB
2026-01-01 08:27:49 | WARNING  | [lf.day.no_flights] No direct flights on 06FEB
2026-01-01 08:27:49 | INFO     | [SUCCESS] Day 06FEB
2026-01-01 08:27:49 | INFO     | [DAY_START] Processing 05FEB
2026-01-01 08:27:49 | INFO     | [lf.day.start] Processing MED-ATZ for 05FEB
2026-01-01 08:27:50 | WARNING  | [lf.day.no_flights] No direct flights on 05FEB
2026-01-01 08:27:50 | INFO     | [SUCCESS] Day 05FEB
2026-01-01 08:27:50 | INFO     | [DAY_START] Processing 04FEB
2026-01-01 08:27:50 | INFO     | [lf.day.start] Processing MED-ATZ for 04FEB
2026-01-01 08:27:51 | INFO     | [lf.day.flights_found] Found 1 flights on 04FEB
2026-01-01 08:27:53 | INFO     | [lf.flight.extracted] SM490 on 04FEB: BKG=168, LF=96.0%
2026-01-01 08:27:57 | INFO     | [SUCCESS] Day 04FEB
2026-01-01 08:27:57 | INFO     | [DAY_START] Processing 03FEB
2026-01-01 08:27:57 | INFO     | [lf.day.start] Processing MED-ATZ for 03FEB
2026-01-01 08:27:58 | INFO     | [lf.day.flights_found] Found 1 flights on 03FEB
2026-01-01 08:28:00 | INFO     | [lf.flight.extracted] SM488 on 03FEB: BKG=168, LF=100.0%
2026-01-01 08:28:04 | INFO     | [SUCCESS] Day 03FEB
2026-01-01 08:28:04 | INFO     | [DAY_START] Processing 02FEB
2026-01-01 08:28:04 | INFO     | [lf.day.start] Processing MED-ATZ for 02FEB
2026-01-01 08:28:05 | INFO     | [lf.day.flights_found] Found 1 flights on 02FEB
2026-01-01 08:28:07 | INFO     | [lf.flight.extracted] SM488 on 02FEB: BKG=179, LF=102.3%
2026-01-01 08:28:10 | INFO     | [SUCCESS] Day 02FEB
2026-01-01 08:28:10 | INFO     | [DAY_START] Processing 01FEB
2026-01-01 08:28:10 | INFO     | [lf.day.start] Processing MED-ATZ for 01FEB
2026-01-01 08:28:11 | WARNING  | [lf.day.no_flights] No direct flights on 01FEB
2026-01-01 08:28:11 | INFO     | [SUCCESS] Day 01FEB
2026-01-01 08:28:11 | INFO     | [SUCCESS] LF Search Complete
2026-01-01 08:28:13 | INFO     | [Worker_9222] Completed: MED-ATZ - 7 results, 0 errors
2026-01-01 08:28:13 | INFO     | [Worker_9222] Processing: RUH-ATZ
2026-01-01 08:28:13 | INFO     |   Tier 0: Range 2, Chunk 4/4 (7 days)
