2026-01-01 08:20:37 | INFO     | ======================================================================
2026-01-01 08:20:37 | INFO     | Load Factor Scraper Started - Route: MED-ATZ
2026-01-01 08:20:37 | INFO     | Log file: D:\CODERED\LAB\market_insights\outputs\run_generated_010126_at_08.01\logs\LF_MED-ATZ_20260101_082037.log
2026-01-01 08:20:37 | INFO     | Enhanced logging: Capturing both logging.info() and print()
2026-01-01 08:20:37 | INFO     | ======================================================================
2026-01-01 08:20:37 | INFO     | Starting LF search for route: MED-ATZ
2026-01-01 08:20:37 | INFO     | [START] LF Search
2026-01-01 08:20:38 | INFO     | [HEALTH CHECK] [OK] Chrome connection is healthy
2026-01-01 08:20:38 | INFO     | [DAY_START] Processing 21FEB
2026-01-01 08:20:38 | INFO     | [lf.day.start] Processing MED-ATZ for 21FEB
2026-01-01 08:20:39 | INFO     | [lf.day.flights_found] Found 1 flights on 21FEB
2026-01-01 08:20:41 | INFO     | [lf.flight.extracted] SM488 on 21FEB: BKG=138, LF=78.9%
2026-01-01 08:20:44 | INFO     | [SUCCESS] Day 21FEB
2026-01-01 08:20:44 | INFO     | [DAY_START] Processing 20FEB
2026-01-01 08:20:44 | INFO     | [lf.day.start] Processing MED-ATZ for 20FEB
2026-01-01 08:20:45 | INFO     | [lf.day.flights_found] Found 1 flights on 20FEB
2026-01-01 08:20:46 | INFO     | [lf.flight.extracted] SM964 on 20FEB: BKG=135, LF=80.8%
2026-01-01 08:20:49 | INFO     | [SUCCESS] Day 20FEB
2026-01-01 08:20:49 | INFO     | [DAY_START] Processing 19FEB
2026-01-01 08:20:49 | INFO     | [lf.day.start] Processing MED-ATZ for 19FEB
2026-01-01 08:20:50 | WARNING  | [lf.day.no_flights] No direct flights on 19FEB
2026-01-01 08:20:50 | INFO     | [SUCCESS] Day 19FEB
2026-01-01 08:20:50 | INFO     | [DAY_START] Processing 18FEB
2026-01-01 08:20:50 | INFO     | [lf.day.start] Processing MED-ATZ for 18FEB
2026-01-01 08:20:51 | INFO     | [lf.day.flights_found] Found 1 flights on 18FEB
2026-01-01 08:20:53 | INFO     | [lf.flight.extracted] SM490 on 18FEB: BKG=139, LF=79.4%
2026-01-01 08:20:55 | INFO     | [SUCCESS] Day 18FEB
2026-01-01 08:20:55 | INFO     | [DAY_START] Processing 17FEB
2026-01-01 08:20:55 | INFO     | [lf.day.start] Processing MED-ATZ for 17FEB
2026-01-01 08:20:56 | INFO     | [lf.day.flights_found] Found 1 flights on 17FEB
2026-01-01 08:20:58 | INFO     | [lf.flight.extracted] SM488 on 17FEB: BKG=18, LF=10.3%
2026-01-01 08:21:01 | INFO     | [SUCCESS] Day 17FEB
2026-01-01 08:21:01 | INFO     | [DAY_START] Processing 16FEB
2026-01-01 08:21:01 | INFO     | [lf.day.start] Processing MED-ATZ for 16FEB
2026-01-01 08:21:02 | INFO     | [lf.day.flights_found] Found 2 flights on 16FEB
2026-01-01 08:21:04 | INFO     | [lf.flight.extracted] SM964 on 16FEB: BKG=0, LF=0.0%
2026-01-01 08:21:07 | INFO     | [lf.flight.extracted] SM488 on 16FEB: BKG=45, LF=25.7%
2026-01-01 08:21:11 | INFO     | [SUCCESS] Day 16FEB
2026-01-01 08:21:11 | INFO     | [DAY_START] Processing 15FEB
2026-01-01 08:21:11 | INFO     | [lf.day.start] Processing MED-ATZ for 15FEB
2026-01-01 08:21:12 | WARNING  | [lf.day.no_flights] No direct flights on 15FEB
2026-01-01 08:21:12 | INFO     | [SUCCESS] Day 15FEB
2026-01-01 08:21:12 | INFO     | [SUCCESS] LF Search Complete
2026-01-01 08:21:14 | INFO     | [Worker_9227] Completed: MED-ATZ - 7 results, 0 errors
2026-01-01 08:21:14 | INFO     | [Worker_9227] Processing: RUH-ATZ
2026-01-01 08:21:14 | INFO     |   Tier 0: Range 2, Chunk 2/4 (7 days)
