2026-01-01 08:07:55 | INFO     | ======================================================================
2026-01-01 08:07:55 | INFO     | Load Factor Scraper Started - Route: MED-CAI
2026-01-01 08:07:55 | INFO     | Log file: D:\CODERED\LAB\market_insights\outputs\run_generated_010126_at_08.01\logs\LF_MED-CAI_20260101_080755.log
2026-01-01 08:07:55 | INFO     | Enhanced logging: Capturing both logging.info() and print()
2026-01-01 08:07:55 | INFO     | ======================================================================
2026-01-01 08:07:55 | INFO     | Starting LF search for route: MED-CAI
2026-01-01 08:07:55 | INFO     | [START] LF Search
2026-01-01 08:07:57 | INFO     | [HEALTH CHECK] [OK] Chrome connection is healthy
2026-01-01 08:07:57 | INFO     | [DAY_START] Processing 18MAR
2026-01-01 08:07:57 | INFO     | [lf.day.start] Processing MED-CAI for 18MAR
2026-01-01 08:07:58 | WARNING  | [lf.day.no_flights] No direct flights on 18MAR
2026-01-01 08:07:58 | INFO     | [SUCCESS] Day 18MAR
2026-01-01 08:07:58 | INFO     | [DAY_START] Processing 17MAR
2026-01-01 08:07:58 | INFO     | [lf.day.start] Processing MED-CAI for 17MAR
2026-01-01 08:07:59 | INFO     | [lf.day.flights_found] Found 2 flights on 17MAR
2026-01-01 08:08:03 | INFO     | [lf.flight.extracted] SM496 on 17MAR: BKG=96, LF=57.1%
2026-01-01 08:08:08 | INFO     | [lf.flight.extracted] SM494 on 17MAR: BKG=4, LF=2.3%
2026-01-01 08:08:12 | INFO     | [SUCCESS] Day 17MAR
2026-01-01 08:08:12 | INFO     | [DAY_START] Processing 16MAR
2026-01-01 08:08:12 | INFO     | [lf.day.start] Processing MED-CAI for 16MAR
2026-01-01 08:08:13 | WARNING  | [lf.day.no_flights] No direct flights on 16MAR
2026-01-01 08:08:13 | INFO     | [SUCCESS] Day 16MAR
2026-01-01 08:08:13 | INFO     | [DAY_START] Processing 15MAR
2026-01-01 08:08:13 | INFO     | [lf.day.start] Processing MED-CAI for 15MAR
2026-01-01 08:08:14 | INFO     | [lf.day.flights_found] Found 1 flights on 15MAR
2026-01-01 08:08:16 | INFO     | [lf.flight.extracted] SM494 on 15MAR: BKG=8, LF=4.6%
2026-01-01 08:08:19 | INFO     | [SUCCESS] Day 15MAR
2026-01-01 08:08:19 | INFO     | [DAY_START] Processing 14MAR
2026-01-01 08:08:19 | INFO     | [lf.day.start] Processing MED-CAI for 14MAR
2026-01-01 08:08:20 | INFO     | [lf.day.flights_found] Found 1 flights on 14MAR
2026-01-01 08:08:23 | INFO     | [lf.flight.extracted] SM494 on 14MAR: BKG=19, LF=10.9%
2026-01-01 08:08:25 | INFO     | [SUCCESS] Day 14MAR
2026-01-01 08:08:25 | INFO     | [DAY_START] Processing 13MAR
2026-01-01 08:08:25 | INFO     | [lf.day.start] Processing MED-CAI for 13MAR
2026-01-01 08:08:26 | WARNING  | [lf.day.no_flights] No direct flights on 13MAR
2026-01-01 08:08:26 | INFO     | [SUCCESS] Day 13MAR
2026-01-01 08:08:26 | INFO     | [SUCCESS] LF Search Complete
2026-01-01 08:08:28 | INFO     | [Worker_9224] Completed: MED-CAI - 6 results, 0 errors
2026-01-01 08:08:28 | INFO     | [Worker_9224] Processing: RUH-CAI
2026-01-01 08:08:28 | INFO     |   Tier 0: Range 3, Chunk 3/5 (6 days)
