2026-01-01 08:34:33 | INFO     | ======================================================================
2026-01-01 08:34:33 | INFO     | Load Factor Scraper Started - Route: MED-CAI
2026-01-01 08:34:33 | INFO     | Log file: D:\CODERED\LAB\market_insights\outputs\run_generated_010126_at_08.01\logs\LF_MED-CAI_20260101_083433.log
2026-01-01 08:34:33 | INFO     | Enhanced logging: Capturing both logging.info() and print()
2026-01-01 08:34:33 | INFO     | ======================================================================
2026-01-01 08:34:33 | INFO     | Starting LF search for route: MED-CAI
2026-01-01 08:34:33 | INFO     | [START] LF Search
2026-01-01 08:34:34 | INFO     | [HEALTH CHECK] [OK] Chrome connection is healthy
2026-01-01 08:34:34 | INFO     | [DAY_START] Processing 24JAN
2026-01-01 08:34:34 | INFO     | [lf.day.start] Processing MED-CAI for 24JAN
2026-01-01 08:34:35 | INFO     | [lf.day.flights_found] Found 1 flights on 24JAN
2026-01-01 08:34:38 | INFO     | [lf.flight.extracted] SM494 on 24JAN: BKG=168, LF=96.0%
2026-01-01 08:34:41 | INFO     | [SUCCESS] Day 24JAN
2026-01-01 08:34:41 | INFO     | [DAY_START] Processing 23JAN
2026-01-01 08:34:41 | INFO     | [lf.day.start] Processing MED-CAI for 23JAN
2026-01-01 08:34:42 | WARNING  | [lf.day.no_flights] No direct flights on 23JAN
2026-01-01 08:34:42 | INFO     | [SUCCESS] Day 23JAN
2026-01-01 08:34:42 | INFO     | [DAY_START] Processing 22JAN
2026-01-01 08:34:42 | INFO     | [lf.day.start] Processing MED-CAI for 22JAN
2026-01-01 08:34:43 | INFO     | [lf.day.flights_found] Found 1 flights on 22JAN
2026-01-01 08:34:45 | INFO     | [lf.flight.extracted] SM494 on 22JAN: BKG=168, LF=96.0%
2026-01-01 08:34:51 | INFO     | [SUCCESS] Day 22JAN
2026-01-01 08:34:51 | INFO     | [DAY_START] Processing 21JAN
2026-01-01 08:34:51 | INFO     | [lf.day.start] Processing MED-CAI for 21JAN
2026-01-01 08:34:52 | WARNING  | [lf.day.no_flights] No direct flights on 21JAN
2026-01-01 08:34:53 | INFO     | [SUCCESS] Day 21JAN
2026-01-01 08:34:53 | INFO     | [DAY_START] Processing 20JAN
2026-01-01 08:34:53 | INFO     | [lf.day.start] Processing MED-CAI for 20JAN
2026-01-01 08:34:54 | INFO     | [lf.day.flights_found] Found 2 flights on 20JAN
2026-01-01 08:34:56 | INFO     | [lf.flight.extracted] SM496 on 20JAN: BKG=159, LF=90.9%
2026-01-01 08:34:59 | INFO     | [lf.flight.extracted] SM494 on 20JAN: BKG=103, LF=58.9%
2026-01-01 08:35:10 | INFO     | [SUCCESS] Day 20JAN
2026-01-01 08:35:10 | INFO     | [DAY_START] Processing 19JAN
2026-01-01 08:35:10 | INFO     | [lf.day.start] Processing MED-CAI for 19JAN
2026-01-01 08:35:11 | WARNING  | [lf.day.no_flights] No direct flights on 19JAN
2026-01-01 08:35:12 | INFO     | [SUCCESS] Day 19JAN
2026-01-01 08:35:12 | INFO     | [SUCCESS] LF Search Complete
2026-01-01 08:35:14 | INFO     | [Worker_9232] Completed: MED-CAI - 6 results, 0 errors
2026-01-01 08:35:14 | INFO     | [Worker_9232] Processing: DMM-CAI
2026-01-01 08:35:14 | INFO     |   Tier 0: Range 1, Chunk 2/5 (6 days)
