2026-01-01 08:30:54 | INFO     | ======================================================================
2026-01-01 08:30:54 | INFO     | Load Factor Scraper Started - Route: MED-CAI
2026-01-01 08:30:54 | INFO     | Log file: D:\CODERED\LAB\market_insights\outputs\run_generated_010126_at_08.01\logs\LF_MED-CAI_20260101_083054.log
2026-01-01 08:30:54 | INFO     | Enhanced logging: Capturing both logging.info() and print()
2026-01-01 08:30:54 | INFO     | ======================================================================
2026-01-01 08:30:54 | INFO     | Starting LF search for route: MED-CAI
2026-01-01 08:30:54 | INFO     | [START] LF Search
2026-01-01 08:30:56 | INFO     | [HEALTH CHECK] [OK] Chrome connection is healthy
2026-01-01 08:30:56 | INFO     | [DAY_START] Processing 31JAN
2026-01-01 08:30:56 | INFO     | [lf.day.start] Processing MED-CAI for 31JAN
2026-01-01 08:30:57 | INFO     | [lf.day.flights_found] Found 1 flights on 31JAN
2026-01-01 08:30:59 | INFO     | [lf.flight.extracted] SM494 on 31JAN: BKG=167, LF=97.1%
2026-01-01 08:31:06 | INFO     | [SUCCESS] Day 31JAN
2026-01-01 08:31:06 | INFO     | [DAY_START] Processing 30JAN
2026-01-01 08:31:06 | INFO     | [lf.day.start] Processing MED-CAI for 30JAN
2026-01-01 08:31:07 | WARNING  | [lf.day.no_flights] No direct flights on 30JAN
2026-01-01 08:31:07 | INFO     | [SUCCESS] Day 30JAN
2026-01-01 08:31:07 | INFO     | [DAY_START] Processing 29JAN
2026-01-01 08:31:07 | INFO     | [lf.day.start] Processing MED-CAI for 29JAN
2026-01-01 08:31:08 | INFO     | [lf.day.flights_found] Found 1 flights on 29JAN
2026-01-01 08:31:10 | INFO     | [lf.flight.extracted] SM494 on 29JAN: BKG=168, LF=101.8%
2026-01-01 08:31:14 | INFO     | [SUCCESS] Day 29JAN
2026-01-01 08:31:14 | INFO     | [DAY_START] Processing 28JAN
2026-01-01 08:31:14 | INFO     | [lf.day.start] Processing MED-CAI for 28JAN
2026-01-01 08:31:15 | WARNING  | [lf.day.no_flights] No direct flights on 28JAN
2026-01-01 08:31:15 | INFO     | [SUCCESS] Day 28JAN
2026-01-01 08:31:15 | INFO     | [DAY_START] Processing 27JAN
2026-01-01 08:31:15 | INFO     | [lf.day.start] Processing MED-CAI for 27JAN
2026-01-01 08:31:16 | INFO     | [lf.day.flights_found] Found 2 flights on 27JAN
2026-01-01 08:31:18 | INFO     | [lf.flight.extracted] SM496 on 27JAN: BKG=168, LF=96.0%
2026-01-01 08:31:22 | INFO     | [lf.flight.extracted] SM494 on 27JAN: BKG=143, LF=83.1%
2026-01-01 08:31:29 | INFO     | [SUCCESS] Day 27JAN
2026-01-01 08:31:29 | INFO     | [DAY_START] Processing 26JAN
2026-01-01 08:31:29 | INFO     | [lf.day.start] Processing MED-CAI for 26JAN
2026-01-01 08:31:30 | WARNING  | [lf.day.no_flights] No direct flights on 26JAN
2026-01-01 08:31:30 | INFO     | [SUCCESS] Day 26JAN
2026-01-01 08:31:30 | INFO     | [DAY_START] Processing 25JAN
2026-01-01 08:31:30 | INFO     | [lf.day.start] Processing MED-CAI for 25JAN
2026-01-01 08:31:31 | INFO     | [lf.day.flights_found] Found 1 flights on 25JAN
2026-01-01 08:31:33 | INFO     | [lf.flight.extracted] SM494 on 25JAN: BKG=168, LF=96.0%
2026-01-01 08:31:37 | INFO     | [SUCCESS] Day 25JAN
2026-01-01 08:31:37 | INFO     | [SUCCESS] LF Search Complete
2026-01-01 08:31:39 | INFO     | [Worker_9224] Completed: MED-CAI - 7 results, 0 errors
2026-01-01 08:31:39 | INFO     | [Worker_9224] Processing: RUH-CAI
2026-01-01 08:31:39 | INFO     |   Tier 0: Range 1, Chunk 1/5 (7 days)
