2026-01-01 08:28:13 | INFO     | ======================================================================
2026-01-01 08:28:13 | INFO     | Load Factor Scraper Started - Route: RUH-ATZ
2026-01-01 08:28:13 | INFO     | Log file: D:\CODERED\LAB\market_insights\outputs\run_generated_010126_at_08.01\logs\LF_RUH-ATZ_20260101_082813.log
2026-01-01 08:28:13 | INFO     | Enhanced logging: Capturing both logging.info() and print()
2026-01-01 08:28:13 | INFO     | ======================================================================
2026-01-01 08:28:13 | INFO     | Starting LF search for route: RUH-ATZ
2026-01-01 08:28:13 | INFO     | [START] LF Search
2026-01-01 08:28:15 | INFO     | [HEALTH CHECK] [OK] Chrome connection is healthy
2026-01-01 08:28:15 | INFO     | [DAY_START] Processing 07FEB
2026-01-01 08:28:15 | INFO     | [lf.day.start] Processing RUH-ATZ for 07FEB
2026-01-01 08:28:16 | WARNING  | [lf.day.no_flights] No direct flights on 07FEB
2026-01-01 08:28:16 | INFO     | [SUCCESS] Day 07FEB
2026-01-01 08:28:16 | INFO     | [DAY_START] Processing 06FEB
2026-01-01 08:28:16 | INFO     | [lf.day.start] Processing RUH-ATZ for 06FEB
2026-01-01 08:28:17 | WARNING  | [lf.day.no_flights] No direct flights on 06FEB
2026-01-01 08:28:17 | INFO     | [SUCCESS] Day 06FEB
2026-01-01 08:28:17 | INFO     | [DAY_START] Processing 05FEB
2026-01-01 08:28:17 | INFO     | [lf.day.start] Processing RUH-ATZ for 05FEB
2026-01-01 08:28:18 | WARNING  | [lf.day.no_flights] No direct flights on 05FEB
2026-01-01 08:28:18 | INFO     | [SUCCESS] Day 05FEB
2026-01-01 08:28:18 | INFO     | [DAY_START] Processing 04FEB
2026-01-01 08:28:18 | INFO     | [lf.day.start] Processing RUH-ATZ for 04FEB
2026-01-01 08:28:19 | INFO     | [lf.day.flights_found] Found 1 flights on 04FEB
2026-01-01 08:28:21 | INFO     | [lf.flight.extracted] SM466 on 04FEB: BKG=25, LF=15.0%
2026-01-01 08:28:25 | INFO     | [SUCCESS] Day 04FEB
2026-01-01 08:28:25 | INFO     | [DAY_START] Processing 03FEB
2026-01-01 08:28:25 | INFO     | [lf.day.start] Processing RUH-ATZ for 03FEB
2026-01-01 08:28:26 | INFO     | [lf.day.flights_found] Found 1 flights on 03FEB
2026-01-01 08:28:28 | INFO     | [lf.flight.extracted] SM464 on 03FEB: BKG=10, LF=5.7%
2026-01-01 08:28:31 | INFO     | [SUCCESS] Day 03FEB
2026-01-01 08:28:31 | INFO     | [DAY_START] Processing 02FEB
2026-01-01 08:28:31 | INFO     | [lf.day.start] Processing RUH-ATZ for 02FEB
2026-01-01 08:28:32 | WARNING  | [lf.day.no_flights] No direct flights on 02FEB
2026-01-01 08:28:32 | INFO     | [SUCCESS] Day 02FEB
2026-01-01 08:28:32 | INFO     | [DAY_START] Processing 01FEB
2026-01-01 08:28:32 | INFO     | [lf.day.start] Processing RUH-ATZ for 01FEB
2026-01-01 08:28:33 | INFO     | [lf.day.flights_found] Found 1 flights on 01FEB
2026-01-01 08:28:35 | INFO     | [lf.flight.extracted] SM464 on 01FEB: BKG=11, LF=6.3%
2026-01-01 08:28:38 | INFO     | [SUCCESS] Day 01FEB
2026-01-01 08:28:38 | INFO     | [SUCCESS] LF Search Complete
2026-01-01 08:28:40 | INFO     | [Worker_9222] Completed: RUH-ATZ - 7 results, 0 errors
2026-01-01 08:28:40 | INFO     | [Worker_9222] Processing: TUU-ATZ
2026-01-01 08:28:40 | INFO     |   Tier 0: Range 2, Chunk 4/4 (7 days)
