2026-01-01 08:08:38 | INFO     | ======================================================================
2026-01-01 08:08:38 | INFO     | Load Factor Scraper Started - Route: RUH-ATZ
2026-01-01 08:08:38 | INFO     | Log file: D:\CODERED\LAB\market_insights\outputs\run_generated_010126_at_08.01\logs\LF_RUH-ATZ_20260101_080838.log
2026-01-01 08:08:38 | INFO     | Enhanced logging: Capturing both logging.info() and print()
2026-01-01 08:08:38 | INFO     | ======================================================================
2026-01-01 08:08:38 | INFO     | Starting LF search for route: RUH-ATZ
2026-01-01 08:08:38 | INFO     | [START] LF Search
2026-01-01 08:08:40 | INFO     | [HEALTH CHECK] [OK] Chrome connection is healthy
2026-01-01 08:08:40 | INFO     | [DAY_START] Processing 18MAR
2026-01-01 08:08:40 | INFO     | [lf.day.start] Processing RUH-ATZ for 18MAR
2026-01-01 08:08:42 | INFO     | [lf.day.flights_found] Found 1 flights on 18MAR
2026-01-01 08:08:45 | INFO     | [lf.flight.extracted] SM466 on 18MAR: BKG=17, LF=9.7%
2026-01-01 08:08:52 | INFO     | [SUCCESS] Day 18MAR
2026-01-01 08:08:52 | INFO     | [DAY_START] Processing 17MAR
2026-01-01 08:08:52 | INFO     | [lf.day.start] Processing RUH-ATZ for 17MAR
2026-01-01 08:08:54 | INFO     | [lf.day.flights_found] Found 1 flights on 17MAR
2026-01-01 08:08:58 | INFO     | [lf.flight.extracted] SM464 on 17MAR: BKG=8, LF=4.6%
2026-01-01 08:09:01 | INFO     | [SUCCESS] Day 17MAR
2026-01-01 08:09:01 | INFO     | [DAY_START] Processing 16MAR
2026-01-01 08:09:01 | INFO     | [lf.day.start] Processing RUH-ATZ for 16MAR
2026-01-01 08:09:02 | WARNING  | [lf.day.no_flights] No direct flights on 16MAR
2026-01-01 08:09:02 | INFO     | [SUCCESS] Day 16MAR
2026-01-01 08:09:02 | INFO     | [DAY_START] Processing 15MAR
2026-01-01 08:09:02 | INFO     | [lf.day.start] Processing RUH-ATZ for 15MAR
2026-01-01 08:09:03 | INFO     | [lf.day.flights_found] Found 1 flights on 15MAR
2026-01-01 08:09:05 | INFO     | [lf.flight.extracted] SM464 on 15MAR: BKG=8, LF=4.7%
2026-01-01 08:09:08 | INFO     | [SUCCESS] Day 15MAR
2026-01-01 08:09:08 | INFO     | [DAY_START] Processing 14MAR
2026-01-01 08:09:08 | INFO     | [lf.day.start] Processing RUH-ATZ for 14MAR
2026-01-01 08:09:09 | WARNING  | [lf.day.no_flights] No direct flights on 14MAR
2026-01-01 08:09:09 | INFO     | [SUCCESS] Day 14MAR
2026-01-01 08:09:09 | INFO     | [DAY_START] Processing 13MAR
2026-01-01 08:09:09 | INFO     | [lf.day.start] Processing RUH-ATZ for 13MAR
2026-01-01 08:09:10 | WARNING  | [lf.day.no_flights] No direct flights on 13MAR
2026-01-01 08:09:10 | INFO     | [SUCCESS] Day 13MAR
2026-01-01 08:09:10 | INFO     | [SUCCESS] LF Search Complete
2026-01-01 08:09:12 | INFO     | [Worker_9227] Completed: RUH-ATZ - 6 results, 0 errors
2026-01-01 08:09:12 | INFO     | [Worker_9227] Processing: YNB-CAI
2026-01-01 08:09:12 | INFO     |   Tier 0: Range 3, Chunk 3/5 (6 days)
