2026-01-01 08:11:11 | INFO     | ======================================================================
2026-01-01 08:11:11 | INFO     | Load Factor Scraper Started - Route: RUH-CAI
2026-01-01 08:11:11 | INFO     | Log file: D:\CODERED\LAB\market_insights\outputs\run_generated_010126_at_08.01\logs\LF_RUH-CAI_20260101_081111.log
2026-01-01 08:11:11 | INFO     | Enhanced logging: Capturing both logging.info() and print()
2026-01-01 08:11:11 | INFO     | ======================================================================
2026-01-01 08:11:11 | INFO     | Starting LF search for route: RUH-CAI
2026-01-01 08:11:11 | INFO     | [START] LF Search
2026-01-01 08:11:12 | INFO     | [HEALTH CHECK] [OK] Chrome connection is healthy
2026-01-01 08:11:12 | INFO     | [DAY_START] Processing 12MAR
2026-01-01 08:11:12 | INFO     | [lf.day.start] Processing RUH-CAI for 12MAR
2026-01-01 08:11:13 | INFO     | [lf.day.flights_found] Found 1 flights on 12MAR
2026-01-01 08:11:15 | INFO     | [lf.flight.extracted] SM462 on 12MAR: BKG=5, LF=2.9%
2026-01-01 08:11:18 | INFO     | [SUCCESS] Day 12MAR
2026-01-01 08:11:18 | INFO     | [DAY_START] Processing 11MAR
2026-01-01 08:11:18 | INFO     | [lf.day.start] Processing RUH-CAI for 11MAR
2026-01-01 08:11:19 | INFO     | [lf.day.flights_found] Found 2 flights on 11MAR
2026-01-01 08:11:21 | INFO     | [lf.flight.extracted] SM462 on 11MAR: BKG=16, LF=9.1%
2026-01-01 08:11:24 | INFO     | [lf.flight.extracted] SM470 on 11MAR: BKG=14, LF=8.4%
2026-01-01 08:11:28 | INFO     | [SUCCESS] Day 11MAR
2026-01-01 08:11:28 | INFO     | [DAY_START] Processing 10MAR
2026-01-01 08:11:28 | INFO     | [lf.day.start] Processing RUH-CAI for 10MAR
2026-01-01 08:11:29 | INFO     | [lf.day.flights_found] Found 1 flights on 10MAR
2026-01-01 08:11:31 | INFO     | [lf.flight.extracted] SM470 on 10MAR: BKG=14, LF=8.4%
2026-01-01 08:11:33 | INFO     | [SUCCESS] Day 10MAR
2026-01-01 08:11:33 | INFO     | [DAY_START] Processing 09MAR
2026-01-01 08:11:33 | INFO     | [lf.day.start] Processing RUH-CAI for 09MAR
2026-01-01 08:11:34 | INFO     | [lf.day.flights_found] Found 1 flights on 09MAR
2026-01-01 08:11:36 | INFO     | [lf.flight.extracted] SM470 on 09MAR: BKG=9, LF=5.4%
2026-01-01 08:11:39 | INFO     | [SUCCESS] Day 09MAR
2026-01-01 08:11:39 | INFO     | [DAY_START] Processing 08MAR
2026-01-01 08:11:39 | INFO     | [lf.day.start] Processing RUH-CAI for 08MAR
2026-01-01 08:11:40 | INFO     | [lf.day.flights_found] Found 1 flights on 08MAR
2026-01-01 08:11:42 | INFO     | [lf.flight.extracted] SM462 on 08MAR: BKG=5, LF=2.9%
2026-01-01 08:11:44 | INFO     | [SUCCESS] Day 08MAR
2026-01-01 08:11:44 | INFO     | [DAY_START] Processing 07MAR
2026-01-01 08:11:44 | INFO     | [lf.day.start] Processing RUH-CAI for 07MAR
2026-01-01 08:11:45 | INFO     | [lf.day.flights_found] Found 1 flights on 07MAR
2026-01-01 08:11:47 | INFO     | [lf.flight.extracted] SM462 on 07MAR: BKG=13, LF=7.4%
2026-01-01 08:11:51 | INFO     | [SUCCESS] Day 07MAR
2026-01-01 08:11:51 | INFO     | [SUCCESS] LF Search Complete
2026-01-01 08:11:53 | INFO     | [Worker_9232] Completed: RUH-CAI - 6 results, 0 errors
2026-01-01 08:11:53 | INFO     | [Worker_9232] Processing: GIZ-CAI
2026-01-01 08:11:53 | INFO     |   Tier 0: Range 3, Chunk 4/5 (6 days)
