2026-01-01 08:47:21 | INFO     | ======================================================================
2026-01-01 08:47:21 | INFO     | Load Factor Scraper Started - Route: RUH-CAI
2026-01-01 08:47:21 | INFO     | Log file: D:\CODERED\LAB\market_insights\outputs\run_generated_010126_at_08.01\logs\LF_RUH-CAI_20260101_084721.log
2026-01-01 08:47:21 | INFO     | Enhanced logging: Capturing both logging.info() and print()
2026-01-01 08:47:21 | INFO     | ======================================================================
2026-01-01 08:47:21 | INFO     | Starting LF search for route: RUH-CAI
2026-01-01 08:47:21 | INFO     | [START] LF Search
2026-01-01 08:47:23 | INFO     | [HEALTH CHECK] [OK] Chrome connection is healthy
2026-01-01 08:47:23 | INFO     | [DAY_START] Processing 06JAN
2026-01-01 08:47:23 | INFO     | [lf.day.start] Processing RUH-CAI for 06JAN
2026-01-01 08:47:24 | INFO     | [lf.day.flights_found] Found 1 flights on 06JAN
2026-01-01 08:47:26 | INFO     | [lf.flight.extracted] SM470 on 06JAN: BKG=90, LF=53.9%
2026-01-01 08:47:32 | ERROR    | Atomic write failed for D:\CODERED\LAB\market_insights\outputs\run_generated_010126_at_08.01\checkpoints\flight_booking_data.json: [WinError 2] The system cannot find the file specified: 'D:\\CODERED\\LAB\\market_insights\\outputs\\run_generated_010126_at_08.01\\checkpoints\\flight_booking_data.tmp' -> 'D:\\CODERED\\LAB\\market_insights\\outputs\\run_generated_010126_at_08.01\\checkpoints\\flight_booking_data.json'
2026-01-01 08:47:32 | INFO     | [SUCCESS] Day 06JAN
2026-01-01 08:47:32 | INFO     | [DAY_START] Processing 05JAN
2026-01-01 08:47:32 | INFO     | [lf.day.start] Processing RUH-CAI for 05JAN
2026-01-01 08:47:33 | INFO     | [lf.day.flights_found] Found 1 flights on 05JAN
2026-01-01 08:47:35 | INFO     | [lf.flight.extracted] SM470 on 05JAN: BKG=50, LF=29.9%
2026-01-01 08:47:42 | INFO     | [SUCCESS] Day 05JAN
2026-01-01 08:47:42 | INFO     | [DAY_START] Processing 04JAN
2026-01-01 08:47:42 | INFO     | [lf.day.start] Processing RUH-CAI for 04JAN
2026-01-01 08:47:43 | INFO     | [lf.day.flights_found] Found 1 flights on 04JAN
2026-01-01 08:47:45 | INFO     | [lf.flight.extracted] SM462 on 04JAN: BKG=63, LF=65.0%
2026-01-01 08:47:49 | INFO     | [SUCCESS] Day 04JAN
2026-01-01 08:47:49 | INFO     | [DAY_START] Processing 03JAN
2026-01-01 08:47:49 | INFO     | [lf.day.start] Processing RUH-CAI for 03JAN
2026-01-01 08:47:50 | INFO     | [lf.day.flights_found] Found 1 flights on 03JAN
2026-01-01 08:47:52 | INFO     | [lf.flight.extracted] SM462 on 03JAN: BKG=76, LF=43.4%
2026-01-01 08:47:59 | INFO     | [SUCCESS] Day 03JAN
2026-01-01 08:47:59 | INFO     | [DAY_START] Processing 02JAN
2026-01-01 08:47:59 | INFO     | [lf.day.start] Processing RUH-CAI for 02JAN
2026-01-01 08:48:00 | INFO     | [lf.day.flights_found] Found 1 flights on 02JAN
2026-01-01 08:48:02 | INFO     | [lf.flight.extracted] SM470 on 02JAN: BKG=93, LF=55.7%
2026-01-01 08:48:08 | INFO     | [SUCCESS] Day 02JAN
2026-01-01 08:48:08 | INFO     | [SUCCESS] LF Search Complete
2026-01-01 08:48:10 | INFO     | [Worker_9233] Completed: RUH-CAI - 5 results, 0 errors
2026-01-01 08:48:10 | INFO     | [Worker_9233] Processing: AHB-CAI
2026-01-01 08:48:10 | INFO     |   Tier 0: Range 1, Chunk 5/5 (6 days)
