2026-01-01 08:17:32 | INFO     | ======================================================================
2026-01-01 08:17:32 | INFO     | Load Factor Scraper Started - Route: RUH-CAI
2026-01-01 08:17:32 | INFO     | Log file: D:\CODERED\LAB\market_insights\outputs\run_generated_010126_at_08.01\logs\LF_RUH-CAI_20260101_081732.log
2026-01-01 08:17:32 | INFO     | Enhanced logging: Capturing both logging.info() and print()
2026-01-01 08:17:32 | INFO     | ======================================================================
2026-01-01 08:17:32 | INFO     | Starting LF search for route: RUH-CAI
2026-01-01 08:17:32 | INFO     | [START] LF Search
2026-01-01 08:17:34 | INFO     | [HEALTH CHECK] [OK] Chrome connection is healthy
2026-01-01 08:17:34 | INFO     | [DAY_START] Processing 28FEB
2026-01-01 08:17:34 | INFO     | [lf.day.start] Processing RUH-CAI for 28FEB
2026-01-01 08:17:35 | INFO     | [lf.day.flights_found] Found 1 flights on 28FEB
2026-01-01 08:17:39 | INFO     | [lf.flight.extracted] SM462 on 28FEB: BKG=5, LF=2.9%
2026-01-01 08:17:44 | INFO     | [SUCCESS] Day 28FEB
2026-01-01 08:17:44 | INFO     | [DAY_START] Processing 27FEB
2026-01-01 08:17:44 | INFO     | [lf.day.start] Processing RUH-CAI for 27FEB
2026-01-01 08:17:45 | INFO     | [lf.day.flights_found] Found 2 flights on 27FEB
2026-01-01 08:17:47 | INFO     | [lf.flight.extracted] SM462 on 27FEB: BKG=2, LF=1.1%
2026-01-01 08:17:51 | INFO     | [lf.flight.extracted] SM470 on 27FEB: BKG=1, LF=0.6%
2026-01-01 08:17:55 | INFO     | [SUCCESS] Day 27FEB
2026-01-01 08:17:55 | INFO     | [DAY_START] Processing 26FEB
2026-01-01 08:17:55 | INFO     | [lf.day.start] Processing RUH-CAI for 26FEB
2026-01-01 08:17:57 | INFO     | [lf.day.flights_found] Found 1 flights on 26FEB
2026-01-01 08:17:59 | INFO     | [lf.flight.extracted] SM462 on 26FEB: BKG=0, LF=0.0%
2026-01-01 08:18:01 | INFO     | [SUCCESS] Day 26FEB
2026-01-01 08:18:01 | INFO     | [DAY_START] Processing 25FEB
2026-01-01 08:18:01 | INFO     | [lf.day.start] Processing RUH-CAI for 25FEB
2026-01-01 08:18:02 | INFO     | [lf.day.flights_found] Found 2 flights on 25FEB
2026-01-01 08:18:05 | INFO     | [lf.flight.extracted] SM462 on 25FEB: BKG=10, LF=5.7%
2026-01-01 08:18:09 | INFO     | [lf.flight.extracted] SM470 on 25FEB: BKG=6, LF=3.6%
2026-01-01 08:18:13 | INFO     | [SUCCESS] Day 25FEB
2026-01-01 08:18:13 | INFO     | [DAY_START] Processing 24FEB
2026-01-01 08:18:13 | INFO     | [lf.day.start] Processing RUH-CAI for 24FEB
2026-01-01 08:18:14 | INFO     | [lf.day.flights_found] Found 1 flights on 24FEB
2026-01-01 08:18:16 | INFO     | [lf.flight.extracted] SM470 on 24FEB: BKG=7, LF=4.2%
2026-01-01 08:18:19 | INFO     | [SUCCESS] Day 24FEB
2026-01-01 08:18:19 | INFO     | [DAY_START] Processing 23FEB
2026-01-01 08:18:19 | INFO     | [lf.day.start] Processing RUH-CAI for 23FEB
2026-01-01 08:18:20 | INFO     | [lf.day.flights_found] Found 1 flights on 23FEB
2026-01-01 08:18:22 | INFO     | [lf.flight.extracted] SM470 on 23FEB: BKG=6, LF=3.6%
2026-01-01 08:18:25 | INFO     | [SUCCESS] Day 23FEB
2026-01-01 08:18:25 | INFO     | [DAY_START] Processing 22FEB
2026-01-01 08:18:25 | INFO     | [lf.day.start] Processing RUH-CAI for 22FEB
2026-01-01 08:18:26 | INFO     | [lf.day.flights_found] Found 1 flights on 22FEB
2026-01-01 08:18:29 | INFO     | [lf.flight.extracted] SM462 on 22FEB: BKG=4, LF=2.3%
2026-01-01 08:18:32 | INFO     | [SUCCESS] Day 22FEB
2026-01-01 08:18:32 | INFO     | [SUCCESS] LF Search Complete
2026-01-01 08:18:34 | INFO     | [Worker_9224] Completed: RUH-CAI - 7 results, 0 errors
2026-01-01 08:18:34 | INFO     | [Worker_9224] Processing: GIZ-CAI
2026-01-01 08:18:34 | INFO     |   Tier 0: Range 2, Chunk 1/4 (7 days)
