2026-01-01 08:21:24 | INFO     | ======================================================================
2026-01-01 08:21:24 | INFO     | Load Factor Scraper Started - Route: TUU-CAI
2026-01-01 08:21:24 | INFO     | Log file: D:\CODERED\LAB\market_insights\outputs\run_generated_010126_at_08.01\logs\LF_TUU-CAI_20260101_082124.log
2026-01-01 08:21:24 | INFO     | Enhanced logging: Capturing both logging.info() and print()
2026-01-01 08:21:24 | INFO     | ======================================================================
2026-01-01 08:21:24 | INFO     | Starting LF search for route: TUU-CAI
2026-01-01 08:21:24 | INFO     | [START] LF Search
2026-01-01 08:21:26 | INFO     | [HEALTH CHECK] [OK] Chrome connection is healthy
2026-01-01 08:21:26 | INFO     | [DAY_START] Processing 21FEB
2026-01-01 08:21:26 | INFO     | [lf.day.start] Processing TUU-CAI for 21FEB
2026-01-01 08:21:27 | INFO     | [lf.day.flights_found] Found 1 flights on 21FEB
2026-01-01 08:21:29 | INFO     | [lf.flight.extracted] SM326 on 21FEB: BKG=13, LF=7.4%
2026-01-01 08:21:32 | INFO     | [SUCCESS] Day 21FEB
2026-01-01 08:21:32 | INFO     | [DAY_START] Processing 20FEB
2026-01-01 08:21:32 | INFO     | [lf.day.start] Processing TUU-CAI for 20FEB
2026-01-01 08:21:33 | WARNING  | [lf.day.no_flights] No direct flights on 20FEB
2026-01-01 08:21:33 | INFO     | [SUCCESS] Day 20FEB
2026-01-01 08:21:33 | INFO     | [DAY_START] Processing 19FEB
2026-01-01 08:21:33 | INFO     | [lf.day.start] Processing TUU-CAI for 19FEB
2026-01-01 08:21:34 | INFO     | [lf.day.flights_found] Found 1 flights on 19FEB
2026-01-01 08:21:36 | INFO     | [lf.flight.extracted] SM326 on 19FEB: BKG=12, LF=7.0%
2026-01-01 08:21:39 | INFO     | [SUCCESS] Day 19FEB
2026-01-01 08:21:39 | INFO     | [DAY_START] Processing 18FEB
2026-01-01 08:21:39 | INFO     | [lf.day.start] Processing TUU-CAI for 18FEB
2026-01-01 08:21:40 | INFO     | [lf.day.flights_found] Found 1 flights on 18FEB
2026-01-01 08:21:42 | INFO     | [lf.flight.extracted] SM326 on 18FEB: BKG=0, LF=0.0%
2026-01-01 08:21:43 | INFO     | [SUCCESS] Day 18FEB
2026-01-01 08:21:43 | INFO     | [DAY_START] Processing 17FEB
2026-01-01 08:21:43 | INFO     | [lf.day.start] Processing TUU-CAI for 17FEB
2026-01-01 08:21:44 | WARNING  | [lf.day.no_flights] No direct flights on 17FEB
2026-01-01 08:21:44 | INFO     | [SUCCESS] Day 17FEB
2026-01-01 08:21:44 | INFO     | [DAY_START] Processing 16FEB
2026-01-01 08:21:44 | INFO     | [lf.day.start] Processing TUU-CAI for 16FEB
2026-01-01 08:21:45 | WARNING  | [lf.day.no_flights] No direct flights on 16FEB
2026-01-01 08:21:45 | INFO     | [SUCCESS] Day 16FEB
2026-01-01 08:21:45 | INFO     | [DAY_START] Processing 15FEB
2026-01-01 08:21:45 | INFO     | [lf.day.start] Processing TUU-CAI for 15FEB
2026-01-01 08:21:46 | WARNING  | [lf.day.no_flights] No direct flights on 15FEB
2026-01-01 08:21:46 | INFO     | [SUCCESS] Day 15FEB
2026-01-01 08:21:46 | INFO     | [SUCCESS] LF Search Complete
2026-01-01 08:21:48 | INFO     | [Worker_9224] Completed: TUU-CAI - 7 results, 0 errors
2026-01-01 08:21:48 | INFO     | [Worker_9224] Processing: YNB-CAI
2026-01-01 08:21:48 | INFO     |   Tier 0: Range 2, Chunk 2/4 (7 days)
