2026-01-01 08:32:10 | INFO     | ======================================================================
2026-01-01 08:32:10 | INFO     | Load Factor Scraper Started - Route: TUU-ATZ
2026-01-01 08:32:10 | INFO     | Log file: D:\CODERED\LAB\market_insights\outputs\run_generated_010126_at_08.01\logs\LF_TUU-ATZ_20260101_083210.log
2026-01-01 08:32:10 | INFO     | Enhanced logging: Capturing both logging.info() and print()
2026-01-01 08:32:10 | INFO     | ======================================================================
2026-01-01 08:32:10 | INFO     | Starting LF search for route: TUU-ATZ
2026-01-01 08:32:10 | INFO     | [START] LF Search
2026-01-01 08:32:12 | INFO     | [HEALTH CHECK] [OK] Chrome connection is healthy
2026-01-01 08:32:12 | INFO     | [DAY_START] Processing 31JAN
2026-01-01 08:32:12 | INFO     | [lf.day.start] Processing TUU-ATZ for 31JAN
2026-01-01 08:32:13 | WARNING  | [lf.day.no_flights] No direct flights on 31JAN
2026-01-01 08:32:13 | INFO     | [SUCCESS] Day 31JAN
2026-01-01 08:32:13 | INFO     | [DAY_START] Processing 30JAN
2026-01-01 08:32:13 | INFO     | [lf.day.start] Processing TUU-ATZ for 30JAN
2026-01-01 08:32:14 | INFO     | [lf.day.flights_found] Found 1 flights on 30JAN
2026-01-01 08:32:16 | INFO     | [lf.flight.extracted] SM328 on 30JAN: BKG=42, LF=24.0%
2026-01-01 08:32:20 | INFO     | [SUCCESS] Day 30JAN
2026-01-01 08:32:20 | INFO     | [DAY_START] Processing 29JAN
2026-01-01 08:32:20 | INFO     | [lf.day.start] Processing TUU-ATZ for 29JAN
2026-01-01 08:32:21 | WARNING  | [lf.day.no_flights] No direct flights on 29JAN
2026-01-01 08:32:21 | INFO     | [SUCCESS] Day 29JAN
2026-01-01 08:32:21 | INFO     | [DAY_START] Processing 28JAN
2026-01-01 08:32:21 | INFO     | [lf.day.start] Processing TUU-ATZ for 28JAN
2026-01-01 08:32:22 | WARNING  | [lf.day.no_flights] No direct flights on 28JAN
2026-01-01 08:32:22 | INFO     | [SUCCESS] Day 28JAN
2026-01-01 08:32:22 | INFO     | [DAY_START] Processing 27JAN
2026-01-01 08:32:22 | INFO     | [lf.day.start] Processing TUU-ATZ for 27JAN
2026-01-01 08:32:23 | WARNING  | [lf.day.no_flights] No direct flights on 27JAN
2026-01-01 08:32:24 | INFO     | [SUCCESS] Day 27JAN
2026-01-01 08:32:24 | INFO     | [DAY_START] Processing 26JAN
2026-01-01 08:32:24 | INFO     | [lf.day.start] Processing TUU-ATZ for 26JAN
2026-01-01 08:32:24 | WARNING  | [lf.day.no_flights] No direct flights on 26JAN
2026-01-01 08:32:25 | INFO     | [SUCCESS] Day 26JAN
2026-01-01 08:32:25 | INFO     | [DAY_START] Processing 25JAN
2026-01-01 08:32:25 | INFO     | [lf.day.start] Processing TUU-ATZ for 25JAN
2026-01-01 08:32:26 | WARNING  | [lf.day.no_flights] No direct flights on 25JAN
2026-01-01 08:32:26 | INFO     | [SUCCESS] Day 25JAN
2026-01-01 08:32:26 | INFO     | [SUCCESS] LF Search Complete
2026-01-01 08:32:28 | INFO     | [Worker_9226] Completed: TUU-ATZ - 7 results, 0 errors
2026-01-01 08:32:28 | INFO     | [Worker_9226] Processing: AHB-ATZ
2026-01-01 08:32:28 | INFO     |   Tier 0: Range 1, Chunk 1/5 (7 days)
