2026-01-01 08:43:58 | INFO     | ======================================================================
2026-01-01 08:43:58 | INFO     | Load Factor Scraper Started - Route: TUU-ATZ
2026-01-01 08:43:58 | INFO     | Log file: D:\CODERED\LAB\market_insights\outputs\run_generated_010126_at_08.01\logs\LF_TUU-ATZ_20260101_084358.log
2026-01-01 08:43:58 | INFO     | Enhanced logging: Capturing both logging.info() and print()
2026-01-01 08:43:58 | INFO     | ======================================================================
2026-01-01 08:43:58 | INFO     | Starting LF search for route: TUU-ATZ
2026-01-01 08:43:58 | INFO     | [START] LF Search
2026-01-01 08:43:59 | INFO     | [HEALTH CHECK] [OK] Chrome connection is healthy
2026-01-01 08:43:59 | INFO     | [DAY_START] Processing 12JAN
2026-01-01 08:43:59 | INFO     | [lf.day.start] Processing TUU-ATZ for 12JAN
2026-01-01 08:44:01 | WARNING  | [lf.day.no_flights] No direct flights on 12JAN
2026-01-01 08:44:01 | INFO     | [SUCCESS] Day 12JAN
2026-01-01 08:44:01 | INFO     | [DAY_START] Processing 11JAN
2026-01-01 08:44:01 | INFO     | [lf.day.start] Processing TUU-ATZ for 11JAN
2026-01-01 08:44:02 | WARNING  | [lf.day.no_flights] No direct flights on 11JAN
2026-01-01 08:44:02 | INFO     | [SUCCESS] Day 11JAN
2026-01-01 08:44:02 | INFO     | [DAY_START] Processing 10JAN
2026-01-01 08:44:02 | INFO     | [lf.day.start] Processing TUU-ATZ for 10JAN
2026-01-01 08:44:03 | WARNING  | [lf.day.no_flights] No direct flights on 10JAN
2026-01-01 08:44:03 | INFO     | [SUCCESS] Day 10JAN
2026-01-01 08:44:03 | INFO     | [DAY_START] Processing 09JAN
2026-01-01 08:44:03 | INFO     | [lf.day.start] Processing TUU-ATZ for 09JAN
2026-01-01 08:44:04 | INFO     | [lf.day.flights_found] Found 1 flights on 09JAN
2026-01-01 08:44:06 | INFO     | [lf.flight.extracted] SM328 on 09JAN: BKG=39, LF=22.3%
2026-01-01 08:44:10 | INFO     | [SUCCESS] Day 09JAN
2026-01-01 08:44:10 | INFO     | [DAY_START] Processing 08JAN
2026-01-01 08:44:10 | INFO     | [lf.day.start] Processing TUU-ATZ for 08JAN
2026-01-01 08:44:11 | WARNING  | [lf.day.no_flights] No direct flights on 08JAN
2026-01-01 08:44:11 | INFO     | [SUCCESS] Day 08JAN
2026-01-01 08:44:11 | INFO     | [DAY_START] Processing 07JAN
2026-01-01 08:44:11 | INFO     | [lf.day.start] Processing TUU-ATZ for 07JAN
2026-01-01 08:44:12 | WARNING  | [lf.day.no_flights] No direct flights on 07JAN
2026-01-01 08:44:12 | INFO     | [SUCCESS] Day 07JAN
2026-01-01 08:44:12 | INFO     | [SUCCESS] LF Search Complete
2026-01-01 08:44:14 | INFO     | [Worker_9223] Completed: TUU-ATZ - 6 results, 0 errors
2026-01-01 08:44:14 | INFO     | [Worker_9223] Processing: AJF-ATZ
2026-01-01 08:44:14 | INFO     |   Tier 0: Range 1, Chunk 4/5 (6 days)
