2026-01-01 08:05:47 | INFO     | ======================================================================
2026-01-01 08:05:47 | INFO     | Load Factor Scraper Started - Route: TUU-CAI
2026-01-01 08:05:47 | INFO     | Log file: D:\CODERED\LAB\market_insights\outputs\run_generated_010126_at_08.01\logs\LF_TUU-CAI_20260101_080547.log
2026-01-01 08:05:47 | INFO     | Enhanced logging: Capturing both logging.info() and print()
2026-01-01 08:05:47 | INFO     | ======================================================================
2026-01-01 08:05:47 | INFO     | Starting LF search for route: TUU-CAI
2026-01-01 08:05:47 | INFO     | [START] LF Search
2026-01-01 08:05:49 | INFO     | [HEALTH CHECK] [OK] Chrome connection is healthy
2026-01-01 08:05:49 | INFO     | [DAY_START] Processing 24MAR
2026-01-01 08:05:49 | INFO     | [lf.day.start] Processing TUU-CAI for 24MAR
2026-01-01 08:05:50 | WARNING  | [lf.day.no_flights] No direct flights on 24MAR
2026-01-01 08:05:50 | INFO     | [SUCCESS] Day 24MAR
2026-01-01 08:05:50 | INFO     | [DAY_START] Processing 23MAR
2026-01-01 08:05:50 | INFO     | [lf.day.start] Processing TUU-CAI for 23MAR
2026-01-01 08:05:51 | WARNING  | [lf.day.no_flights] No direct flights on 23MAR
2026-01-01 08:05:51 | INFO     | [SUCCESS] Day 23MAR
2026-01-01 08:05:51 | INFO     | [DAY_START] Processing 22MAR
2026-01-01 08:05:51 | INFO     | [lf.day.start] Processing TUU-CAI for 22MAR
2026-01-01 08:05:52 | WARNING  | [lf.day.no_flights] No direct flights on 22MAR
2026-01-01 08:05:53 | INFO     | [SUCCESS] Day 22MAR
2026-01-01 08:05:53 | INFO     | [DAY_START] Processing 21MAR
2026-01-01 08:05:53 | INFO     | [lf.day.start] Processing TUU-CAI for 21MAR
2026-01-01 08:05:54 | INFO     | [lf.day.flights_found] Found 1 flights on 21MAR
2026-01-01 08:05:56 | INFO     | [lf.flight.extracted] SM326 on 21MAR: BKG=3, LF=1.7%
2026-01-01 08:05:59 | INFO     | [SUCCESS] Day 21MAR
2026-01-01 08:05:59 | INFO     | [DAY_START] Processing 20MAR
2026-01-01 08:05:59 | INFO     | [lf.day.start] Processing TUU-CAI for 20MAR
2026-01-01 08:06:00 | WARNING  | [lf.day.no_flights] No direct flights on 20MAR
2026-01-01 08:06:00 | INFO     | [SUCCESS] Day 20MAR
2026-01-01 08:06:00 | INFO     | [DAY_START] Processing 19MAR
2026-01-01 08:06:00 | INFO     | [lf.day.start] Processing TUU-CAI for 19MAR
2026-01-01 08:06:01 | INFO     | [lf.day.flights_found] Found 1 flights on 19MAR
2026-01-01 08:06:04 | INFO     | [lf.flight.extracted] SM326 on 19MAR: BKG=4, LF=2.3%
2026-01-01 08:06:06 | INFO     | [SUCCESS] Day 19MAR
2026-01-01 08:06:06 | INFO     | [SUCCESS] LF Search Complete
2026-01-01 08:06:08 | INFO     | [Worker_9224] Completed: TUU-CAI - 6 results, 0 errors
2026-01-01 08:06:08 | INFO     | [Worker_9224] Processing: AHB-ATZ
2026-01-01 08:06:08 | INFO     |   Tier 0: Range 3, Chunk 2/5 (6 days)
