2026-01-01 08:48:08 | INFO     | ======================================================================
2026-01-01 08:48:08 | INFO     | Load Factor Scraper Started - Route: YNB-CAI
2026-01-01 08:48:08 | INFO     | Log file: D:\CODERED\LAB\market_insights\outputs\run_generated_010126_at_08.01\logs\LF_YNB-CAI_20260101_084808.log
2026-01-01 08:48:08 | INFO     | Enhanced logging: Capturing both logging.info() and print()
2026-01-01 08:48:08 | INFO     | ======================================================================
2026-01-01 08:48:08 | INFO     | Starting LF search for route: YNB-CAI
2026-01-01 08:48:08 | INFO     | [START] LF Search
2026-01-01 08:48:10 | INFO     | [HEALTH CHECK] [OK] Chrome connection is healthy
2026-01-01 08:48:10 | INFO     | [DAY_START] Processing 06JAN
2026-01-01 08:48:10 | INFO     | [lf.day.start] Processing YNB-CAI for 06JAN
2026-01-01 08:48:11 | INFO     | [lf.day.flights_found] Found 1 flights on 06JAN
2026-01-01 08:48:12 | INFO     | [lf.flight.extracted] SM442 on 06JAN: BKG=168, LF=96.0%
2026-01-01 08:48:18 | INFO     | [SUCCESS] Day 06JAN
2026-01-01 08:48:18 | INFO     | [DAY_START] Processing 05JAN
2026-01-01 08:48:18 | INFO     | [lf.day.start] Processing YNB-CAI for 05JAN
2026-01-01 08:48:19 | INFO     | [lf.day.flights_found] Found 1 flights on 05JAN
2026-01-01 08:48:21 | INFO     | [lf.flight.extracted] SM442 on 05JAN: BKG=167, LF=93.8%
2026-01-01 08:48:25 | INFO     | [SUCCESS] Day 05JAN
2026-01-01 08:48:25 | INFO     | [DAY_START] Processing 04JAN
2026-01-01 08:48:25 | INFO     | [lf.day.start] Processing YNB-CAI for 04JAN
2026-01-01 08:48:26 | INFO     | [lf.day.flights_found] Found 1 flights on 04JAN
2026-01-01 08:48:28 | INFO     | [lf.flight.extracted] SM442 on 04JAN: BKG=167, LF=93.8%
2026-01-01 08:48:33 | INFO     | [SUCCESS] Day 04JAN
2026-01-01 08:48:33 | INFO     | [DAY_START] Processing 03JAN
2026-01-01 08:48:33 | INFO     | [lf.day.start] Processing YNB-CAI for 03JAN
2026-01-01 08:48:34 | INFO     | [lf.day.flights_found] Found 1 flights on 03JAN
2026-01-01 08:48:37 | INFO     | [lf.flight.extracted] SM442 on 03JAN: BKG=166, LF=93.3%
2026-01-01 08:48:42 | INFO     | [SUCCESS] Day 03JAN
2026-01-01 08:48:42 | INFO     | [DAY_START] Processing 02JAN
2026-01-01 08:48:42 | INFO     | [lf.day.start] Processing YNB-CAI for 02JAN
2026-01-01 08:48:43 | INFO     | [lf.day.flights_found] Found 1 flights on 02JAN
2026-01-01 08:48:46 | INFO     | [lf.flight.extracted] SM442 on 02JAN: BKG=157, LF=90.2%
2026-01-01 08:48:54 | INFO     | [SUCCESS] Day 02JAN
2026-01-01 08:48:54 | INFO     | [SUCCESS] LF Search Complete
2026-01-01 08:48:57 | INFO     | [Worker_9232] Completed: YNB-CAI - 5 results, 0 errors
2026-01-01 08:48:57 | INFO     | [Worker_9232] Processing: ASW-JED
2026-01-01 08:48:57 | INFO     |   Tier 0: Range 1, Chunk 5/5 (6 days)
