2026-01-01 08:06:08 | INFO     | ======================================================================
2026-01-01 08:06:08 | INFO     | Load Factor Scraper Started - Route: YNB-CAI
2026-01-01 08:06:08 | INFO     | Log file: D:\CODERED\LAB\market_insights\outputs\run_generated_010126_at_08.01\logs\LF_YNB-CAI_20260101_080608.log
2026-01-01 08:06:08 | INFO     | Enhanced logging: Capturing both logging.info() and print()
2026-01-01 08:06:08 | INFO     | ======================================================================
2026-01-01 08:06:08 | INFO     | Starting LF search for route: YNB-CAI
2026-01-01 08:06:08 | INFO     | [START] LF Search
2026-01-01 08:06:09 | INFO     | [HEALTH CHECK] [OK] Chrome connection is healthy
2026-01-01 08:06:09 | INFO     | [DAY_START] Processing 24MAR
2026-01-01 08:06:09 | INFO     | [lf.day.start] Processing YNB-CAI for 24MAR
2026-01-01 08:06:11 | INFO     | [lf.day.flights_found] Found 1 flights on 24MAR
2026-01-01 08:06:13 | INFO     | [lf.flight.extracted] SM442 on 24MAR: BKG=143, LF=81.7%
2026-01-01 08:06:16 | INFO     | [SUCCESS] Day 24MAR
2026-01-01 08:06:16 | INFO     | [DAY_START] Processing 23MAR
2026-01-01 08:06:16 | INFO     | [lf.day.start] Processing YNB-CAI for 23MAR
2026-01-01 08:06:17 | INFO     | [lf.day.flights_found] Found 3 flights on 23MAR
2026-01-01 08:06:19 | INFO     | [lf.flight.extracted] SM942 on 23MAR: BKG=0, LF=0.0%
2026-01-01 08:06:23 | INFO     | [lf.flight.extracted] SM986 on 23MAR: BKG=170, LF=101.8%
2026-01-01 08:06:26 | INFO     | [lf.flight.extracted] SM442 on 23MAR: BKG=152, LF=86.9%
2026-01-01 08:06:32 | INFO     | [SUCCESS] Day 23MAR
2026-01-01 08:06:32 | INFO     | [DAY_START] Processing 22MAR
2026-01-01 08:06:32 | INFO     | [lf.day.start] Processing YNB-CAI for 22MAR
2026-01-01 08:06:33 | INFO     | [lf.day.flights_found] Found 2 flights on 22MAR
2026-01-01 08:06:35 | INFO     | [lf.flight.extracted] SM442 on 22MAR: BKG=149, LF=85.1%
2026-01-01 08:06:39 | INFO     | [lf.flight.extracted] SM988 on 22MAR: BKG=170, LF=101.8%
2026-01-01 08:06:43 | INFO     | [SUCCESS] Day 22MAR
2026-01-01 08:06:43 | INFO     | [DAY_START] Processing 21MAR
2026-01-01 08:06:43 | INFO     | [lf.day.start] Processing YNB-CAI for 21MAR
2026-01-01 08:06:44 | INFO     | [lf.day.flights_found] Found 2 flights on 21MAR
2026-01-01 08:06:46 | INFO     | [lf.flight.extracted] SM942 on 21MAR: BKG=170, LF=101.8%
2026-01-01 08:06:50 | INFO     | [lf.flight.extracted] SM442 on 21MAR: BKG=150, LF=85.7%
2026-01-01 08:06:54 | INFO     | [SUCCESS] Day 21MAR
2026-01-01 08:06:54 | INFO     | [DAY_START] Processing 20MAR
2026-01-01 08:06:54 | INFO     | [lf.day.start] Processing YNB-CAI for 20MAR
2026-01-01 08:06:55 | INFO     | [lf.day.flights_found] Found 2 flights on 20MAR
2026-01-01 08:06:57 | INFO     | [lf.flight.extracted] SM942 on 20MAR: BKG=0, LF=0.0%
2026-01-01 08:07:01 | INFO     | [lf.flight.extracted] SM442 on 20MAR: BKG=2, LF=1.1%
2026-01-01 08:07:04 | INFO     | [SUCCESS] Day 20MAR
2026-01-01 08:07:04 | INFO     | [DAY_START] Processing 19MAR
2026-01-01 08:07:04 | INFO     | [lf.day.start] Processing YNB-CAI for 19MAR
2026-01-01 08:07:05 | INFO     | [lf.day.flights_found] Found 2 flights on 19MAR
2026-01-01 08:07:07 | INFO     | [lf.flight.extracted] SM988 on 19MAR: BKG=7, LF=4.2%
2026-01-01 08:07:11 | INFO     | [lf.flight.extracted] SM442 on 19MAR: BKG=8, LF=4.6%
2026-01-01 08:07:15 | INFO     | [SUCCESS] Day 19MAR
2026-01-01 08:07:15 | INFO     | [SUCCESS] LF Search Complete
2026-01-01 08:07:17 | INFO     | [Worker_9233] Completed: YNB-CAI - 6 results, 0 errors
2026-01-01 08:07:17 | INFO     | [Worker_9233] Processing: ATZ-DMM
2026-01-01 08:07:17 | INFO     |   Tier 0: Range 3, Chunk 2/5 (6 days)
