2026-01-01 08:32:26 | INFO     | ======================================================================
2026-01-01 08:32:26 | INFO     | Load Factor Scraper Started - Route: YNB-CAI
2026-01-01 08:32:26 | INFO     | Log file: D:\CODERED\LAB\market_insights\outputs\run_generated_010126_at_08.01\logs\LF_YNB-CAI_20260101_083226.log
2026-01-01 08:32:26 | INFO     | Enhanced logging: Capturing both logging.info() and print()
2026-01-01 08:32:26 | INFO     | ======================================================================
2026-01-01 08:32:26 | INFO     | Starting LF search for route: YNB-CAI
2026-01-01 08:32:26 | INFO     | [START] LF Search
2026-01-01 08:32:28 | INFO     | [HEALTH CHECK] [OK] Chrome connection is healthy
2026-01-01 08:32:28 | INFO     | [DAY_START] Processing 31JAN
2026-01-01 08:32:28 | INFO     | [lf.day.start] Processing YNB-CAI for 31JAN
2026-01-01 08:32:29 | INFO     | [lf.day.flights_found] Found 1 flights on 31JAN
2026-01-01 08:32:31 | INFO     | [lf.flight.extracted] SM442 on 31JAN: BKG=142, LF=81.1%
2026-01-01 08:32:34 | INFO     | [SUCCESS] Day 31JAN
2026-01-01 08:32:34 | INFO     | [DAY_START] Processing 30JAN
2026-01-01 08:32:34 | INFO     | [lf.day.start] Processing YNB-CAI for 30JAN
2026-01-01 08:32:35 | INFO     | [lf.day.flights_found] Found 1 flights on 30JAN
2026-01-01 08:32:36 | INFO     | [lf.flight.extracted] SM442 on 30JAN: BKG=121, LF=69.1%
2026-01-01 08:32:40 | INFO     | [SUCCESS] Day 30JAN
2026-01-01 08:32:40 | INFO     | [DAY_START] Processing 29JAN
2026-01-01 08:32:40 | INFO     | [lf.day.start] Processing YNB-CAI for 29JAN
2026-01-01 08:32:41 | INFO     | [lf.day.flights_found] Found 1 flights on 29JAN
2026-01-01 08:32:43 | INFO     | [lf.flight.extracted] SM442 on 29JAN: BKG=155, LF=88.6%
2026-01-01 08:32:46 | INFO     | [SUCCESS] Day 29JAN
2026-01-01 08:32:46 | INFO     | [DAY_START] Processing 28JAN
2026-01-01 08:32:46 | INFO     | [lf.day.start] Processing YNB-CAI for 28JAN
2026-01-01 08:32:47 | INFO     | [lf.day.flights_found] Found 1 flights on 28JAN
2026-01-01 08:32:49 | INFO     | [lf.flight.extracted] SM442 on 28JAN: BKG=152, LF=86.9%
2026-01-01 08:32:51 | INFO     | [SUCCESS] Day 28JAN
2026-01-01 08:32:51 | INFO     | [DAY_START] Processing 27JAN
2026-01-01 08:32:51 | INFO     | [lf.day.start] Processing YNB-CAI for 27JAN
2026-01-01 08:32:52 | INFO     | [lf.day.flights_found] Found 1 flights on 27JAN
2026-01-01 08:32:54 | INFO     | [lf.flight.extracted] SM442 on 27JAN: BKG=172, LF=103.0%
2026-01-01 08:32:57 | INFO     | [SUCCESS] Day 27JAN
2026-01-01 08:32:57 | INFO     | [DAY_START] Processing 26JAN
2026-01-01 08:32:57 | INFO     | [lf.day.start] Processing YNB-CAI for 26JAN
2026-01-01 08:32:58 | INFO     | [lf.day.flights_found] Found 1 flights on 26JAN
2026-01-01 08:33:00 | INFO     | [lf.flight.extracted] SM442 on 26JAN: BKG=93, LF=53.1%
2026-01-01 08:33:02 | INFO     | [SUCCESS] Day 26JAN
2026-01-01 08:33:02 | INFO     | [DAY_START] Processing 25JAN
2026-01-01 08:33:02 | INFO     | [lf.day.start] Processing YNB-CAI for 25JAN
2026-01-01 08:33:03 | INFO     | [lf.day.flights_found] Found 1 flights on 25JAN
2026-01-01 08:33:05 | INFO     | [lf.flight.extracted] SM442 on 25JAN: BKG=95, LF=56.9%
2026-01-01 08:33:09 | INFO     | [SUCCESS] Day 25JAN
2026-01-01 08:33:09 | INFO     | [SUCCESS] LF Search Complete
2026-01-01 08:33:11 | INFO     | [Worker_9227] Completed: YNB-CAI - 7 results, 0 errors
2026-01-01 08:33:11 | INFO     | [Worker_9227] Processing: ASW-JED
2026-01-01 08:33:11 | INFO     |   Tier 0: Range 1, Chunk 1/5 (7 days)
