2026-01-01 08:09:12 | INFO     | ======================================================================
2026-01-01 08:09:12 | INFO     | Load Factor Scraper Started - Route: YNB-CAI
2026-01-01 08:09:12 | INFO     | Log file: D:\CODERED\LAB\market_insights\outputs\run_generated_010126_at_08.01\logs\LF_YNB-CAI_20260101_080912.log
2026-01-01 08:09:12 | INFO     | Enhanced logging: Capturing both logging.info() and print()
2026-01-01 08:09:12 | INFO     | ======================================================================
2026-01-01 08:09:12 | INFO     | Starting LF search for route: YNB-CAI
2026-01-01 08:09:12 | INFO     | [START] LF Search
2026-01-01 08:09:14 | INFO     | [HEALTH CHECK] [OK] Chrome connection is healthy
2026-01-01 08:09:14 | INFO     | [DAY_START] Processing 18MAR
2026-01-01 08:09:14 | INFO     | [lf.day.start] Processing YNB-CAI for 18MAR
2026-01-01 08:09:15 | INFO     | [lf.day.flights_found] Found 1 flights on 18MAR
2026-01-01 08:09:17 | INFO     | [lf.flight.extracted] SM442 on 18MAR: BKG=22, LF=12.6%
2026-01-01 08:09:21 | INFO     | [SUCCESS] Day 18MAR
2026-01-01 08:09:21 | INFO     | [DAY_START] Processing 17MAR
2026-01-01 08:09:21 | INFO     | [lf.day.start] Processing YNB-CAI for 17MAR
2026-01-01 08:09:22 | INFO     | [lf.day.flights_found] Found 1 flights on 17MAR
2026-01-01 08:09:24 | INFO     | [lf.flight.extracted] SM442 on 17MAR: BKG=5, LF=2.9%
2026-01-01 08:09:27 | INFO     | [SUCCESS] Day 17MAR
2026-01-01 08:09:27 | INFO     | [DAY_START] Processing 16MAR
2026-01-01 08:09:27 | INFO     | [lf.day.start] Processing YNB-CAI for 16MAR
2026-01-01 08:09:27 | INFO     | [lf.day.flights_found] Found 1 flights on 16MAR
2026-01-01 08:09:29 | INFO     | [lf.flight.extracted] SM442 on 16MAR: BKG=7, LF=4.0%
2026-01-01 08:09:32 | INFO     | [SUCCESS] Day 16MAR
2026-01-01 08:09:32 | INFO     | [DAY_START] Processing 15MAR
2026-01-01 08:09:32 | INFO     | [lf.day.start] Processing YNB-CAI for 15MAR
2026-01-01 08:09:33 | INFO     | [lf.day.flights_found] Found 1 flights on 15MAR
2026-01-01 08:09:35 | INFO     | [lf.flight.extracted] SM442 on 15MAR: BKG=2, LF=1.1%
2026-01-01 08:09:37 | INFO     | [SUCCESS] Day 15MAR
2026-01-01 08:09:37 | INFO     | [DAY_START] Processing 14MAR
2026-01-01 08:09:37 | INFO     | [lf.day.start] Processing YNB-CAI for 14MAR
2026-01-01 08:09:38 | INFO     | [lf.day.flights_found] Found 1 flights on 14MAR
2026-01-01 08:09:40 | INFO     | [lf.flight.extracted] SM442 on 14MAR: BKG=6, LF=3.4%
2026-01-01 08:09:43 | INFO     | [SUCCESS] Day 14MAR
2026-01-01 08:09:43 | INFO     | [DAY_START] Processing 13MAR
2026-01-01 08:09:43 | INFO     | [lf.day.start] Processing YNB-CAI for 13MAR
2026-01-01 08:09:44 | INFO     | [lf.day.flights_found] Found 1 flights on 13MAR
2026-01-01 08:09:46 | INFO     | [lf.flight.extracted] SM442 on 13MAR: BKG=26, LF=14.9%
2026-01-01 08:09:49 | INFO     | [SUCCESS] Day 13MAR
2026-01-01 08:09:49 | INFO     | [SUCCESS] LF Search Complete
2026-01-01 08:09:51 | INFO     | [Worker_9227] Completed: YNB-CAI - 6 results, 0 errors
2026-01-01 08:09:51 | INFO     | [Worker_9227] Processing: ASW-JED
2026-01-01 08:09:51 | INFO     |   Tier 0: Range 3, Chunk 3/5 (6 days)
