2026-01-01 08:03:10 | INFO     | ======================================================================
2026-01-01 08:03:10 | INFO     | Load Factor Scraper Started - Route: YNB-CAI
2026-01-01 08:03:10 | INFO     | Log file: D:\CODERED\LAB\market_insights\outputs\run_generated_010126_at_08.01\logs\LF_YNB-CAI_20260101_080310.log
2026-01-01 08:03:10 | INFO     | Enhanced logging: Capturing both logging.info() and print()
2026-01-01 08:03:10 | INFO     | ======================================================================
2026-01-01 08:03:10 | INFO     | Starting LF search for route: YNB-CAI
2026-01-01 08:03:10 | INFO     | [START] LF Search
2026-01-01 08:03:11 | INFO     | [HEALTH CHECK] [OK] Chrome connection is healthy
2026-01-01 08:03:12 | INFO     | [DAY_START] Processing 31MAR
2026-01-01 08:03:12 | INFO     | [lf.day.start] Processing YNB-CAI for 31MAR
2026-01-01 08:03:12 | INFO     | [lf.day.flights_found] Found 1 flights on 31MAR
2026-01-01 08:03:14 | INFO     | [lf.flight.extracted] SM442 on 31MAR: BKG=138, LF=78.9%
2026-01-01 08:03:17 | INFO     | [SUCCESS] Day 31MAR
2026-01-01 08:03:17 | INFO     | [DAY_START] Processing 30MAR
2026-01-01 08:03:17 | INFO     | [lf.day.start] Processing YNB-CAI for 30MAR
2026-01-01 08:03:18 | INFO     | [lf.day.flights_found] Found 1 flights on 30MAR
2026-01-01 08:03:20 | INFO     | [lf.flight.extracted] SM442 on 30MAR: BKG=137, LF=78.3%
2026-01-01 08:03:23 | INFO     | [SUCCESS] Day 30MAR
2026-01-01 08:03:23 | INFO     | [DAY_START] Processing 29MAR
2026-01-01 08:03:23 | INFO     | [lf.day.start] Processing YNB-CAI for 29MAR
2026-01-01 08:03:24 | INFO     | [lf.day.flights_found] Found 1 flights on 29MAR
2026-01-01 08:03:26 | INFO     | [lf.flight.extracted] SM442 on 29MAR: BKG=135, LF=77.1%
2026-01-01 08:03:29 | INFO     | [SUCCESS] Day 29MAR
2026-01-01 08:03:29 | INFO     | [DAY_START] Processing 28MAR
2026-01-01 08:03:29 | INFO     | [lf.day.start] Processing YNB-CAI for 28MAR
2026-01-01 08:03:30 | INFO     | [lf.day.flights_found] Found 3 flights on 28MAR
2026-01-01 08:03:32 | INFO     | [lf.flight.extracted] SM940 on 28MAR: BKG=0, LF=0.0%
2026-01-01 08:03:35 | INFO     | [lf.flight.extracted] SM932 on 28MAR: BKG=0, LF=0.0%
2026-01-01 08:03:38 | INFO     | [lf.flight.extracted] SM442 on 28MAR: BKG=90, LF=51.4%
2026-01-01 08:03:40 | INFO     | [SUCCESS] Day 28MAR
2026-01-01 08:03:40 | INFO     | [DAY_START] Processing 27MAR
2026-01-01 08:03:40 | INFO     | [lf.day.start] Processing YNB-CAI for 27MAR
2026-01-01 08:03:41 | INFO     | [lf.day.flights_found] Found 5 flights on 27MAR
2026-01-01 08:03:43 | INFO     | [lf.flight.extracted] SM932 on 27MAR: BKG=0, LF=0.0%
2026-01-01 08:03:46 | INFO     | [lf.flight.extracted] SM442 on 27MAR: BKG=90, LF=51.4%
2026-01-01 08:03:49 | INFO     | [lf.flight.extracted] SM934 on 27MAR: BKG=0, LF=0.0%
2026-01-01 08:03:52 | INFO     | [lf.flight.extracted] SM936 on 27MAR: BKG=0, LF=0.0%
2026-01-01 08:03:56 | INFO     | [lf.flight.extracted] SM938 on 27MAR: BKG=0, LF=0.0%
2026-01-01 08:03:58 | INFO     | [SUCCESS] Day 27MAR
2026-01-01 08:03:58 | INFO     | [DAY_START] Processing 26MAR
2026-01-01 08:03:58 | INFO     | [lf.day.start] Processing YNB-CAI for 26MAR
2026-01-01 08:03:59 | INFO     | [lf.day.flights_found] Found 2 flights on 26MAR
2026-01-01 08:04:00 | INFO     | [lf.flight.extracted] SM988 on 26MAR: BKG=170, LF=101.8%
2026-01-01 08:04:03 | INFO     | [lf.flight.extracted] SM442 on 26MAR: BKG=136, LF=77.7%
2026-01-01 08:04:07 | INFO     | [SUCCESS] Day 26MAR
2026-01-01 08:04:07 | INFO     | [DAY_START] Processing 25MAR
2026-01-01 08:04:07 | INFO     | [lf.day.start] Processing YNB-CAI for 25MAR
2026-01-01 08:04:08 | INFO     | [lf.day.flights_found] Found 2 flights on 25MAR
2026-01-01 08:04:10 | INFO     | [lf.flight.extracted] SM988 on 25MAR: BKG=160, LF=95.8%
2026-01-01 08:04:13 | INFO     | [lf.flight.extracted] SM442 on 25MAR: BKG=144, LF=82.3%
2026-01-01 08:04:16 | INFO     | [SUCCESS] Day 25MAR
2026-01-01 08:04:16 | INFO     | [SUCCESS] LF Search Complete
2026-01-01 08:04:18 | INFO     | [Worker_9233] Completed: YNB-CAI - 7 results, 0 errors
2026-01-01 08:04:18 | INFO     | [Worker_9233] Processing: ATZ-TUU
2026-01-01 08:04:18 | INFO     |   Tier 0: Range 3, Chunk 1/5 (7 days)
