
============================================================
     LF WORKER - PORT 9225
============================================================
Worker: Worker_9225
Status: READY
Waiting for tasks...
============================================================


============================================================
[Worker_9225] Processing: ATZ-RUH
  Tier 0: Range 2, Chunk 1/2
  Dates: 6 days
  Date Range: 2026-01-20 to 2026-01-15
============================================================

2025-12-27 17:35:25 | INFO     | ======================================================================
2025-12-27 17:35:25 | INFO     | Load Factor Scraper Started - Route: ATZ-RUH
2025-12-27 17:35:25 | INFO     | Log file: D:\CODERED\LAB\market_insights\outputs\logs\LF_ATZ-RUH_20251227_173525.log
2025-12-27 17:35:25 | INFO     | Enhanced logging: Capturing both logging.info() and print()
2025-12-27 17:35:25 | INFO     | ======================================================================
[LF] Processing dates (override): ['20JAN', '19JAN', '18JAN', '17JAN', '16JAN', '15JAN']
[LF] Attaching to Chrome for Altea access
[LF][[OK] SUCCESS] Connected to Chrome on 127.0.0.1:9225 (after 1 attempts)
[LF][[OK] SUCCESS] Found Amadeus Altea window: Altéa Reservation Desktop
[LF][[INFO] INFO] URL: https://tc212.resdesktop.altea.amadeus.com/app_ard/apf/init/login?SITE=ESMPESMP&LANGUAGE=GB&MARKETS=ARDW_PROD_WBP&ACTION=clpLogin
[LF] Processing ATZ-RUH for 20JAN
[LF][ERROR] Amadeus command error detected: UNKNOWN TRANSACTION
[LF][ERROR] Command: SN20JANATZRUH/ASM
[LF][RESYNC] Triggering immediate resync to last successful SN command
============================================================
[LF][RESYNC] Command 'SN20JANATZRUH/ASM' failed: TECH_ERROR:UNKNOWN TRANSACTION
[LF][RESYNC] Re-running entire day from SN command for ATZ-RUH 20JAN
[LF][RESYNC] Attempt 1/50 (waiting 1.0s before retry...)
============================================================
[LF][RESYNC] Sending IG to clear session state...
[LF][RESYNC] Session cleared with IG
[LF] Processing ATZ-RUH for 20JAN
[LF] 20JAN: found 1 direct flights
[LF] SM463 20JAN: BKG=50, GRP=0, CAP=179, LF%=27.9%, Brd-Off=ATZ-RUH, Classes: O:4, U:8, X:3, T:5, W:10, S:20
[LF] Getting WEEKLY/LASTSOLD data for 1 flights
[LF] SM463 20JAN: LASTSOLD=2025-12-26 00:00:00, WEEKLY=17, TODAY=0, YDAY=2
[LF] Processing ATZ-RUH for 19JAN
[LF] No direct flights on 19JAN for ATZ-RUH
[LF] Processing ATZ-RUH for 18JAN
[LF] 18JAN: found 1 direct flights
[LF] SM463 18JAN: BKG=80, GRP=0, CAP=179, LF%=44.7%, Brd-Off=ATZ-RUH, Classes: U:1, X:16, T:13, W:10, S:10, G:10, L:15, V:4, K:1
[LF] Getting WEEKLY/LASTSOLD data for 1 flights
[LF] SM463 18JAN: LASTSOLD=2025-12-27 00:00:00, WEEKLY=29, TODAY=1, YDAY=0
[LF] Processing ATZ-RUH for 17JAN
[LF] No direct flights on 17JAN for ATZ-RUH
[LF] Processing ATZ-RUH for 16JAN
[LF] No direct flights on 16JAN for ATZ-RUH
[LF] Processing ATZ-RUH for 15JAN
[LF] No direct flights on 15JAN for ATZ-RUH
[LF] Results summary:
  2026-01-20: 1 flights
  2026-01-19: 0 flights
  2026-01-18: 1 flights
  2026-01-17: 0 flights
  2026-01-16: 0 flights
  2026-01-15: 0 flights

============================================================
[Worker_9225] ✓ COMPLETED: ATZ-RUH
  Results: 6 dates
  Errors: 0 dates
  Total Processed: 1 groups
============================================================


============================================================
[Worker_9225] Processing: ATZ-ELQ
  Tier 0: Range 2, Chunk 2/2
  Dates: 5 days
  Date Range: 2026-01-14 to 2026-01-10
============================================================

2025-12-27 17:36:02 | INFO     | ======================================================================
2025-12-27 17:36:02 | INFO     | Load Factor Scraper Started - Route: ATZ-ELQ
2025-12-27 17:36:02 | INFO     | Log file: D:\CODERED\LAB\market_insights\outputs\logs\LF_ATZ-ELQ_20251227_173602.log
2025-12-27 17:36:02 | INFO     | Enhanced logging: Capturing both logging.info() and print()
2025-12-27 17:36:02 | INFO     | ======================================================================
[LF] Processing dates (override): ['14JAN', '13JAN', '12JAN', '11JAN', '10JAN']
[LF] Attaching to Chrome for Altea access
2025-12-27 17:36:02 | INFO     | Starting LF search for route: ATZ-ELQ
2025-12-27 17:36:02 | INFO     | [START] LF Search
[LF][[OK] SUCCESS] Connected to Chrome on 127.0.0.1:9225 (after 1 attempts)
2025-12-27 17:36:04 | INFO     | [HEALTH CHECK] [OK] Chrome connection is healthy
[LF][[OK] SUCCESS] Found Amadeus Altea window: Altéa Reservation Desktop
[LF][[INFO] INFO] URL: https://tc212.resdesktop.altea.amadeus.com/app_ard/apf/init/login?SITE=ESMPESMP&LANGUAGE=GB&MARKETS=ARDW_PROD_WBP&ACTION=clpLogin
2025-12-27 17:36:04 | INFO     | [DAY_START] Processing 14JAN
[LF] Processing ATZ-ELQ for 14JAN
2025-12-27 17:36:04 | INFO     | [lf.day.start] Processing ATZ-ELQ for 14JAN
[LF] No direct flights on 14JAN for ATZ-ELQ
2025-12-27 17:36:05 | WARNING  | [lf.day.no_flights] No direct flights on 14JAN
2025-12-27 17:36:06 | INFO     | [SUCCESS] Day 14JAN
2025-12-27 17:36:06 | INFO     | [DAY_START] Processing 13JAN
[LF] Processing ATZ-ELQ for 13JAN
2025-12-27 17:36:06 | INFO     | [lf.day.start] Processing ATZ-ELQ for 13JAN
[LF] 13JAN: found 1 direct flights
2025-12-27 17:36:07 | INFO     | [lf.day.flights_found] Found 1 flights on 13JAN
2025-12-27 17:36:09 | INFO     | [lf.flight.extracted] SM435 on 13JAN: BKG=20, LF=11.2%
[LF] SM435 13JAN: BKG=20, GRP=0, CAP=179, LF%=11.2%, Brd-Off=ATZ-ELQ, Classes: I:13, O:6, X:1
[LF] Getting WEEKLY/LASTSOLD data for 1 flights
[LF] SM435 13JAN: LASTSOLD=2025-12-27 00:00:00, WEEKLY=10, TODAY=4, YDAY=1
2025-12-27 17:36:13 | INFO     | [SUCCESS] Day 13JAN
2025-12-27 17:36:13 | INFO     | [DAY_START] Processing 12JAN
[LF] Processing ATZ-ELQ for 12JAN
2025-12-27 17:36:13 | INFO     | [lf.day.start] Processing ATZ-ELQ for 12JAN
[LF] No direct flights on 12JAN for ATZ-ELQ
2025-12-27 17:36:14 | WARNING  | [lf.day.no_flights] No direct flights on 12JAN
2025-12-27 17:36:14 | INFO     | [SUCCESS] Day 12JAN
2025-12-27 17:36:14 | INFO     | [DAY_START] Processing 11JAN
[LF] Processing ATZ-ELQ for 11JAN
2025-12-27 17:36:14 | INFO     | [lf.day.start] Processing ATZ-ELQ for 11JAN
[LF] No direct flights on 11JAN for ATZ-ELQ
2025-12-27 17:36:15 | WARNING  | [lf.day.no_flights] No direct flights on 11JAN
2025-12-27 17:36:16 | INFO     | [SUCCESS] Day 11JAN
2025-12-27 17:36:16 | INFO     | [DAY_START] Processing 10JAN
[LF] Processing ATZ-ELQ for 10JAN
2025-12-27 17:36:16 | INFO     | [lf.day.start] Processing ATZ-ELQ for 10JAN
[LF] 10JAN: found 1 direct flights
2025-12-27 17:36:17 | INFO     | [lf.day.flights_found] Found 1 flights on 10JAN
2025-12-27 17:36:19 | INFO     | [lf.flight.extracted] SM435 on 10JAN: BKG=49, LF=27.4%
[LF] SM435 10JAN: BKG=49, GRP=0, CAP=179, LF%=27.4%, Brd-Off=ATZ-ELQ, Classes: I:45, O:3, X:1
[LF] Getting WEEKLY/LASTSOLD data for 1 flights
[LF] SM435 10JAN: LASTSOLD=2025-12-27 00:00:00, WEEKLY=34, TODAY=4, YDAY=2
2025-12-27 17:36:23 | INFO     | [SUCCESS] Day 10JAN
[LF] Results summary:
  2026-01-14: 0 flights
  2026-01-13: 1 flights
  2026-01-12: 0 flights
  2026-01-11: 0 flights
  2026-01-10: 1 flights
2025-12-27 17:36:23 | INFO     | [SUCCESS] LF Search Complete

============================================================
[Worker_9225] ✓ COMPLETED: ATZ-ELQ
  Results: 5 dates
  Errors: 0 dates
  Total Processed: 2 groups
============================================================

2025-12-27 17:36:25 | INFO     | [Worker_9225] Completed: ATZ-ELQ - 5 results, 0 errors

============================================================
[Worker_9225] Processing: JED-ATZ
  Tier 0: Range 1, Chunk 1/2
  Dates: 7 days
  Date Range: 2026-01-10 to 2026-01-04
============================================================

2025-12-27 17:36:25 | INFO     | [Worker_9225] Processing: JED-ATZ
2025-12-27 17:36:25 | INFO     |   Tier 0: Range 1, Chunk 1/2 (7 days)
2025-12-27 17:36:25 | INFO     | ======================================================================
2025-12-27 17:36:25 | INFO     | Load Factor Scraper Started - Route: JED-ATZ
2025-12-27 17:36:25 | INFO     | Log file: D:\CODERED\LAB\market_insights\outputs\logs\LF_JED-ATZ_20251227_173625.log
2025-12-27 17:36:25 | INFO     | Enhanced logging: Capturing both logging.info() and print()
2025-12-27 17:36:25 | INFO     | ======================================================================
[LF] Processing dates (override): ['10JAN', '09JAN', '08JAN', '07JAN', '06JAN', '05JAN', '04JAN']
[LF] Attaching to Chrome for Altea access
2025-12-27 17:36:25 | INFO     | Starting LF search for route: JED-ATZ
2025-12-27 17:36:25 | INFO     | [START] LF Search
[LF][[OK] SUCCESS] Connected to Chrome on 127.0.0.1:9225 (after 1 attempts)
2025-12-27 17:36:26 | INFO     | [HEALTH CHECK] [OK] Chrome connection is healthy
[LF][[OK] SUCCESS] Found Amadeus Altea window: Altéa Reservation Desktop
[LF][[INFO] INFO] URL: https://tc212.resdesktop.altea.amadeus.com/app_ard/apf/init/login?SITE=ESMPESMP&LANGUAGE=GB&MARKETS=ARDW_PROD_WBP&ACTION=clpLogin
2025-12-27 17:36:26 | INFO     | [DAY_START] Processing 10JAN
[LF] Processing JED-ATZ for 10JAN
2025-12-27 17:36:26 | INFO     | [lf.day.start] Processing JED-ATZ for 10JAN
[LF] 10JAN: found 3 direct flights
2025-12-27 17:36:27 | INFO     | [lf.day.flights_found] Found 3 flights on 10JAN
2025-12-27 17:36:29 | INFO     | [lf.flight.extracted] SM492 on 10JAN: BKG=152, LF=91.0%
[LF] SM492 10JAN: BKG=152, GRP=139, CAP=167, LF%=91.0%, Brd-Off=JED-ATZ, Classes: P:139, I:4, O:2, U:3, S:4
2025-12-27 17:36:33 | INFO     | [lf.flight.extracted] SM454 on 10JAN: BKG=154, LF=92.2%
[LF] SM454 10JAN: BKG=154, GRP=139, CAP=167, LF%=92.2%, Brd-Off=JED-ATZ, Classes: P:139, I:4, O:2, U:3, X:5, W:1
2025-12-27 17:36:37 | INFO     | [lf.flight.extracted] SM456 on 10JAN: BKG=161, LF=96.4%
[LF] SM456 10JAN: BKG=161, GRP=142, CAP=167, LF%=96.4%, Brd-Off=JED-ATZ, Classes: P:142, I:4, O:2, U:3, X:5, S:2, V:1, K:2
[LF] Getting WEEKLY/LASTSOLD data for 3 flights
[LF] SM492 10JAN: LASTSOLD=2025-12-25 00:00:00, WEEKLY=52, TODAY=0, YDAY=0
[LF] SM454 10JAN: LASTSOLD=2025-12-23 00:00:00, WEEKLY=52, TODAY=0, YDAY=0
[LF] SM456 10JAN: LASTSOLD=2025-12-23 00:00:00, WEEKLY=5, TODAY=0, YDAY=0
2025-12-27 17:36:56 | INFO     | [SUCCESS] Day 10JAN
2025-12-27 17:36:56 | INFO     | [DAY_START] Processing 09JAN
[LF] Processing JED-ATZ for 09JAN
2025-12-27 17:36:56 | INFO     | [lf.day.start] Processing JED-ATZ for 09JAN
[LF] 09JAN: found 1 direct flights
2025-12-27 17:36:57 | INFO     | [lf.day.flights_found] Found 1 flights on 09JAN
2025-12-27 17:36:59 | INFO     | [lf.flight.extracted] SM492 on 09JAN: BKG=42, LF=25.1%
[LF] SM492 09JAN: BKG=42, GRP=2, CAP=167, LF%=25.1%, Brd-Off=JED-ATZ, Classes: E:2, I:4, O:2, U:3, X:5, T:14, W:10, V:1, K:1
[LF] Getting WEEKLY/LASTSOLD data for 1 flights
[LF] SM492 09JAN: LASTSOLD=2025-12-24 00:00:00, WEEKLY=22, TODAY=0, YDAY=0
2025-12-27 17:37:03 | INFO     | [SUCCESS] Day 09JAN
2025-12-27 17:37:03 | INFO     | [DAY_START] Processing 08JAN
[LF] Processing JED-ATZ for 08JAN
2025-12-27 17:37:03 | INFO     | [lf.day.start] Processing JED-ATZ for 08JAN
[LF] 08JAN: 1 cancelled flight(s) detected from SN
[LF] 08JAN: found 3 direct flights
2025-12-27 17:37:04 | INFO     | [lf.day.flights_found] Found 3 flights on 08JAN
2025-12-27 17:37:06 | INFO     | [lf.flight.extracted] SM422 on 08JAN: BKG=167, LF=100.0%
[LF] SM422 08JAN: BKG=167, GRP=139, CAP=167, LF%=100.0%, Brd-Off=JED-ATZ, Classes: P:135, E:4, I:10, O:9, U:3, X:1, W:2, S:3
2025-12-27 17:37:10 | INFO     | [lf.flight.extracted] SM454 on 08JAN: BKG=142, LF=85.0%
[LF] SM454 08JAN: BKG=142, GRP=86, CAP=167, LF%=85.0%, Brd-Off=JED-ATZ, Classes: P:86, I:4, O:2, U:3, X:8, T:23, W:2, S:13, K:1
2025-12-27 17:37:13 | INFO     | [lf.flight.extracted] SM456 on 08JAN: BKG=179, LF=107.2%
[LF] SM456 08JAN: BKG=179, GRP=171, CAP=167, LF%=107.2%, Brd-Off=JED-ATZ, Classes: P:171, I:4, O:1, U:3
[LF] Getting WEEKLY/LASTSOLD data for 3 flights
[LF] SM422 08JAN: LASTSOLD=2025-12-17 00:00:00, WEEKLY=0, TODAY=0, YDAY=0
[LF] SM454 08JAN: LASTSOLD=2025-12-27 00:00:00, WEEKLY=23, TODAY=5, YDAY=9
[LF] SM456 08JAN: LASTSOLD=2025-12-24 00:00:00, WEEKLY=3, TODAY=0, YDAY=0
2025-12-27 17:37:31 | INFO     | [SUCCESS] Day 08JAN
2025-12-27 17:37:31 | INFO     | [DAY_START] Processing 07JAN
[LF] Processing JED-ATZ for 07JAN
2025-12-27 17:37:31 | INFO     | [lf.day.start] Processing JED-ATZ for 07JAN
[LF] 07JAN: found 2 direct flights
2025-12-27 17:37:39 | INFO     | [lf.day.flights_found] Found 2 flights on 07JAN
2025-12-27 17:37:54 | INFO     | [lf.flight.extracted] SM454 on 07JAN: BKG=175, LF=98.3%
[LF] SM454 07JAN: BKG=175, GRP=173, CAP=178, LF%=98.3%, Brd-Off=JED-ATZ, Classes: P:173, S:2
2025-12-27 17:38:05 | INFO     | [lf.flight.extracted] SM492 on 07JAN: BKG=183, LF=109.6%
[LF] SM492 07JAN: BKG=183, GRP=179, CAP=167, LF%=109.6%, Brd-Off=JED-ATZ, Classes: P:134, E:45, I:3, O:1
[LF] Getting WEEKLY/LASTSOLD data for 2 flights
[LF] SM454 07JAN: LASTSOLD=2025-12-27 00:00:00, WEEKLY=4, TODAY=1, YDAY=1
2025-12-27 17:38:13 | ERROR    | Atomic write failed for D:\CODERED\LAB\market_insights\outputs\run_generated_271225_at_17.35\checkpoints\flight_booking_data.json: [WinError 5] Access is denied: 'D:\\CODERED\\LAB\\market_insights\\outputs\\run_generated_271225_at_17.35\\checkpoints\\flight_booking_data.tmp' -> 'D:\\CODERED\\LAB\\market_insights\\outputs\\run_generated_271225_at_17.35\\checkpoints\\flight_booking_data.json'
[LF] SM492 07JAN: LASTSOLD=2025-12-14 00:00:00, WEEKLY=0, TODAY=0, YDAY=0
2025-12-27 17:38:22 | INFO     | [SUCCESS] Day 07JAN
2025-12-27 17:38:22 | INFO     | [DAY_START] Processing 06JAN
[LF] Processing JED-ATZ for 06JAN
2025-12-27 17:38:22 | INFO     | [lf.day.start] Processing JED-ATZ for 06JAN
[LF] 06JAN: found 2 direct flights
2025-12-27 17:38:36 | INFO     | [lf.day.flights_found] Found 2 flights on 06JAN
2025-12-27 17:38:39 | INFO     | [lf.flight.extracted] SM454 on 06JAN: BKG=178, LF=106.6%
[LF] SM454 06JAN: BKG=178, GRP=177, CAP=167, LF%=106.6%, Brd-Off=JED-ATZ, Classes: P:177, I:1
2025-12-27 17:38:44 | INFO     | [lf.flight.extracted] SM456 on 06JAN: BKG=180, LF=107.8%
[LF] SM456 06JAN: BKG=180, GRP=180, CAP=167, LF%=107.8%, Brd-Off=JED-ATZ, Classes: P:180
[LF] Getting WEEKLY/LASTSOLD data for 2 flights
[LF] SM454 06JAN: LASTSOLD=2025-11-19 00:00:00, WEEKLY=0, TODAY=0, YDAY=0
[LF] SM456 06JAN: LASTSOLD=2025-11-12 00:00:00, WEEKLY=0, TODAY=0, YDAY=0
2025-12-27 17:39:27 | INFO     | [SUCCESS] Day 06JAN
2025-12-27 17:39:27 | INFO     | [DAY_START] Processing 05JAN
[LF] Processing JED-ATZ for 05JAN
2025-12-27 17:39:27 | INFO     | [lf.day.start] Processing JED-ATZ for 05JAN
[LF] 05JAN: found 4 direct flights
2025-12-27 17:39:30 | INFO     | [lf.day.flights_found] Found 4 flights on 05JAN
2025-12-27 17:39:34 | INFO     | [lf.flight.extracted] SM492 on 05JAN: BKG=91, LF=54.5%
[LF] SM492 05JAN: BKG=91, GRP=71, CAP=167, LF%=54.5%, Brd-Off=JED-ATZ, Classes: P:69, E:2, I:4, O:2, U:3, X:1, W:8, S:1, K:1
2025-12-27 17:39:39 | INFO     | [lf.flight.extracted] SM456 on 05JAN: BKG=121, LF=72.5%
[LF] SM456 05JAN: BKG=121, GRP=92, CAP=167, LF%=72.5%, Brd-Off=JED-ATZ, Classes: P:48, E:45, I:4, O:2, U:3, X:7, T:1, W:9, S:1, G:1
2025-12-27 17:39:43 | INFO     | [lf.flight.extracted] SM422 on 05JAN: BKG=171, LF=102.4%
[LF] SM422 05JAN: BKG=171, GRP=159, CAP=167, LF%=102.4%, Brd-Off=JED-ATZ, Classes: P:112, E:47, I:4, O:2, U:3, X:2, S:1
2025-12-27 17:39:46 | INFO     | [lf.flight.extracted] SM454 on 05JAN: BKG=170, LF=101.8%
[LF] SM454 05JAN: BKG=170, GRP=152, CAP=167, LF%=101.8%, Brd-Off=JED-ATZ, Classes: P:63, E:89, I:8, O:1, X:5, W:1, K:3
[LF] Getting WEEKLY/LASTSOLD data for 4 flights
[LF] SM492 05JAN: LASTSOLD=2025-12-27 00:00:00, WEEKLY=10, TODAY=1, YDAY=1
2025-12-27 17:39:53 | ERROR    | Atomic write failed for D:\CODERED\LAB\market_insights\outputs\run_generated_271225_at_17.35\checkpoints\flight_booking_data.json: [WinError 32] The process cannot access the file because it is being used by another process: 'D:\\CODERED\\LAB\\market_insights\\outputs\\run_generated_271225_at_17.35\\checkpoints\\flight_booking_data.json'
[LF] SM456 05JAN: LASTSOLD=2025-12-26 00:00:00, WEEKLY=5, TODAY=0, YDAY=1
[LF] SM422 05JAN: LASTSOLD=2025-12-17 00:00:00, WEEKLY=0, TODAY=0, YDAY=0
[LF] SM454 05JAN: LASTSOLD=2025-12-14 00:00:00, WEEKLY=0, TODAY=0, YDAY=0
2025-12-27 17:40:08 | INFO     | [SUCCESS] Day 05JAN
2025-12-27 17:40:08 | INFO     | [DAY_START] Processing 04JAN
[LF] Processing JED-ATZ for 04JAN
2025-12-27 17:40:08 | INFO     | [lf.day.start] Processing JED-ATZ for 04JAN
[LF] 04JAN: found 2 direct flights
2025-12-27 17:40:09 | INFO     | [lf.day.flights_found] Found 2 flights on 04JAN
2025-12-27 17:40:11 | INFO     | [lf.flight.extracted] SM492 on 04JAN: BKG=175, LF=104.8%
[LF] SM492 04JAN: BKG=175, GRP=175, CAP=167, LF%=104.8%, Brd-Off=JED-ATZ, Classes: P:175
2025-12-27 17:40:14 | INFO     | [lf.flight.extracted] SM456 on 04JAN: BKG=119, LF=71.3%
[LF] SM456 04JAN: BKG=119, GRP=92, CAP=167, LF%=71.3%, Brd-Off=JED-ATZ, Classes: P:92, I:4, O:2, U:6, X:4, W:8, S:2, K:1
[LF] Getting WEEKLY/LASTSOLD data for 2 flights
[LF] SM492 04JAN: LASTSOLD=2025-12-20 00:00:00, WEEKLY=3, TODAY=0, YDAY=0
[LF] SM456 04JAN: LASTSOLD=2025-12-23 00:00:00, WEEKLY=13, TODAY=0, YDAY=0
2025-12-27 17:40:24 | INFO     | [SUCCESS] Day 04JAN
[LF] Results summary:
  2026-01-10: 3 flights
  2026-01-09: 1 flights
  2026-01-08: 3 flights
  2026-01-07: 2 flights
  2026-01-06: 2 flights
  2026-01-05: 4 flights
  2026-01-04: 2 flights
[LF] Cancelled flights found: 1
  - SM492 08JAN (SN)
2025-12-27 17:40:24 | INFO     | [SUCCESS] LF Search Complete
[Worker_9225] Cancelled flights collected: 1

============================================================
[Worker_9225] ✓ COMPLETED: JED-ATZ
  Results: 7 dates
  Errors: 0 dates
  Total Processed: 3 groups
============================================================

2025-12-27 17:40:26 | INFO     | [Worker_9225] Completed: JED-ATZ - 7 results, 0 errors
[Worker_9225] Waiting for tasks...

============================================================
[Worker_9225] Shutdown signal received
Exiting...
============================================================
2025-12-27 17:48:07 | INFO     | [Worker_9225] Shutdown signal received, exiting...

============================================================
[Worker_9225] FINISHED
  Total Groups Processed: 3
============================================================

2025-12-27 17:48:07 | INFO     | [Worker_9225] Finished. Processed 3 groups.
