
============================================================
     LF WORKER - PORT 9234
============================================================
Worker: Worker_9234
Status: READY
Waiting for tasks...
============================================================


============================================================
[Worker_9234] Processing: CAI-RUH
  Tier 0: Range 2, Chunk 2/2
  Dates: 5 days
  Date Range: 2026-01-14 to 2026-01-10
============================================================

2025-12-27 17:35:25 | INFO     | ======================================================================
2025-12-27 17:35:25 | INFO     | Load Factor Scraper Started - Route: CAI-RUH
2025-12-27 17:35:25 | INFO     | Log file: D:\CODERED\LAB\market_insights\outputs\logs\LF_CAI-RUH_20251227_173525.log
2025-12-27 17:35:25 | INFO     | Enhanced logging: Capturing both logging.info() and print()
2025-12-27 17:35:25 | INFO     | ======================================================================
[LF] Processing dates (override): ['14JAN', '13JAN', '12JAN', '11JAN', '10JAN']
[LF] Attaching to Chrome for Altea access
[LF][[OK] SUCCESS] Connected to Chrome on 127.0.0.1:9234 (after 1 attempts)
[LF][[OK] SUCCESS] Found Amadeus Altea window: Altéa Reservation Desktop
[LF][[INFO] INFO] URL: https://tc212.resdesktop.altea.amadeus.com/app_ard/apf/init/login?SITE=ESMPESMP&LANGUAGE=GB&MARKETS=ARDW_PROD_WBP&ACTION=clpLogin
[LF] Processing CAI-RUH for 14JAN
[LF][ERROR] Amadeus command error detected: UNKNOWN TRANSACTION
[LF][ERROR] Command: SN14JANCAIRUH/ASM
[LF][RESYNC] Triggering immediate resync to last successful SN command
============================================================
[LF][RESYNC] Command 'SN14JANCAIRUH/ASM' failed: TECH_ERROR:UNKNOWN TRANSACTION
[LF][RESYNC] Re-running entire day from SN command for CAI-RUH 14JAN
[LF][RESYNC] Attempt 1/50 (waiting 1.0s before retry...)
============================================================
[LF][RESYNC] Sending IG to clear session state...
[LF][RESYNC] Session cleared with IG
[LF] Processing CAI-RUH for 14JAN
[LF] 14JAN: 1 cancelled flight(s) detected from SN
[LF] 14JAN: found 1 direct flights
[LF] SM469 14JAN: BKG=75, GRP=0, CAP=179, LF%=41.9%, Brd-Off=CAI-RUH, Classes: I:11, O:19, U:30, X:13, S:2
[LF] Getting WEEKLY/LASTSOLD data for 1 flights
[LF] SM469 14JAN: LASTSOLD=2025-12-27 00:00:00, WEEKLY=48, TODAY=2, YDAY=0
[LF] Processing CAI-RUH for 13JAN
[LF] 13JAN: found 1 direct flights
[LF] SM469 13JAN: BKG=61, GRP=0, CAP=179, LF%=34.1%, Brd-Off=CAI-RUH, Classes: I:15, O:15, U:15, X:15, S:1
[LF] Getting WEEKLY/LASTSOLD data for 1 flights
[LF] SM469 13JAN: LASTSOLD=2025-12-27 00:00:00, WEEKLY=36, TODAY=1, YDAY=8
[LF] Processing CAI-RUH for 12JAN
[LF] 12JAN: found 1 direct flights
[LF] SM469 12JAN: BKG=56, GRP=0, CAP=179, LF%=31.3%, Brd-Off=CAI-RUH, Classes: I:15, O:25, U:13, X:2, S:1
[LF] Getting WEEKLY/LASTSOLD data for 1 flights
[LF] SM469 12JAN: LASTSOLD=2025-12-26 00:00:00, WEEKLY=36, TODAY=0, YDAY=8
[LF] Processing CAI-RUH for 11JAN
[LF] 11JAN: found 1 direct flights
[LF] SM461 11JAN: BKG=45, GRP=0, CAP=179, LF%=25.1%, Brd-Off=CAI-RUH, Classes: I:15, O:25, U:3, X:2
[LF] Getting WEEKLY/LASTSOLD data for 1 flights
[LF] SM461 11JAN: LASTSOLD=2025-12-27 00:00:00, WEEKLY=16, TODAY=1, YDAY=0
[LF] Processing CAI-RUH for 10JAN
[LF] 10JAN: found 1 direct flights
[LF] SM461 10JAN: BKG=50, GRP=0, CAP=179, LF%=27.9%, Brd-Off=CAI-RUH, Classes: I:5, O:9, U:19, X:17
[LF] Getting WEEKLY/LASTSOLD data for 1 flights
[LF] SM461 10JAN: LASTSOLD=2025-12-27 00:00:00, WEEKLY=25, TODAY=1, YDAY=2
[LF] Results summary:
  2026-01-14: 1 flights
  2026-01-13: 1 flights
  2026-01-12: 1 flights
  2026-01-11: 1 flights
  2026-01-10: 1 flights
[LF] Cancelled flights found: 1
  - SM461 14JAN (SN)
[Worker_9234] Cancelled flights collected: 1

============================================================
[Worker_9234] ✓ COMPLETED: CAI-RUH
  Results: 5 dates
  Errors: 0 dates
  Total Processed: 1 groups
============================================================


============================================================
[Worker_9234] Processing: JED-CAI
  Tier 0: Range 1, Chunk 1/2
  Dates: 7 days
  Date Range: 2026-01-10 to 2026-01-04
============================================================

2025-12-27 17:36:19 | INFO     | ======================================================================
2025-12-27 17:36:19 | INFO     | Load Factor Scraper Started - Route: JED-CAI
2025-12-27 17:36:19 | INFO     | Log file: D:\CODERED\LAB\market_insights\outputs\logs\LF_JED-CAI_20251227_173619.log
2025-12-27 17:36:19 | INFO     | Enhanced logging: Capturing both logging.info() and print()
2025-12-27 17:36:19 | INFO     | ======================================================================
[LF] Processing dates (override): ['10JAN', '09JAN', '08JAN', '07JAN', '06JAN', '05JAN', '04JAN']
[LF] Attaching to Chrome for Altea access
2025-12-27 17:36:19 | INFO     | Starting LF search for route: JED-CAI
2025-12-27 17:36:19 | INFO     | [START] LF Search
[LF][[OK] SUCCESS] Connected to Chrome on 127.0.0.1:9234 (after 1 attempts)
2025-12-27 17:36:20 | INFO     | [HEALTH CHECK] [OK] Chrome connection is healthy
[LF][[OK] SUCCESS] Found Amadeus Altea window: Altéa Reservation Desktop
[LF][[INFO] INFO] URL: https://tc212.resdesktop.altea.amadeus.com/app_ard/apf/init/login?SITE=ESMPESMP&LANGUAGE=GB&MARKETS=ARDW_PROD_WBP&ACTION=clpLogin
2025-12-27 17:36:20 | INFO     | [DAY_START] Processing 10JAN
[LF] Processing JED-CAI for 10JAN
2025-12-27 17:36:20 | INFO     | [lf.day.start] Processing JED-CAI for 10JAN
[LF] 10JAN: found 3 direct flights
2025-12-27 17:36:21 | INFO     | [lf.day.flights_found] Found 3 flights on 10JAN
2025-12-27 17:36:24 | INFO     | [lf.flight.extracted] SM450 on 10JAN: BKG=151, LF=90.4%
[LF] SM450 10JAN: BKG=151, GRP=79, CAP=167, LF%=90.4%, Brd-Off=JED-CAI, Classes: P:79, U:10, X:12, T:5, W:8, S:4, G:7, L:6, V:17, K:3
[LPC] SM450 10JAN: Found 1 outbound flights with connecting passengers
2025-12-27 17:36:34 | INFO     | [lf.flight.extracted] SM476 on 10JAN: BKG=151, LF=90.4%
[LF] SM476 10JAN: BKG=151, GRP=87, CAP=167, LF%=90.4%, Brd-Off=JED-CAI, Classes: P:87, U:10, X:12, T:12, W:1, G:13, L:16
[LPC] SM476 10JAN: Found 0 outbound flights with connecting passengers
2025-12-27 17:36:38 | INFO     | [lf.flight.extracted] SM478 on 10JAN: BKG=155, LF=94.5%
[LF] SM478 10JAN: BKG=155, GRP=123, CAP=164, LF%=94.5%, Brd-Off=JED-CAI, Classes: P:123, U:10, X:12, T:5, W:2, K:3
[LF] Getting WEEKLY/LASTSOLD data for 3 flights
[LF] SM450 10JAN: LASTSOLD=2025-12-26 00:00:00, WEEKLY=10, TODAY=0, YDAY=2
[LF] SM476 10JAN: LASTSOLD=2025-12-27 00:00:00, WEEKLY=24, TODAY=12, YDAY=7
[LF] SM478 10JAN: LASTSOLD=2025-12-22 00:00:00, WEEKLY=3, TODAY=0, YDAY=0
2025-12-27 17:36:58 | INFO     | [SUCCESS] Day 10JAN
2025-12-27 17:36:58 | INFO     | [DAY_START] Processing 09JAN
[LF] Processing JED-CAI for 09JAN
2025-12-27 17:36:58 | INFO     | [lf.day.start] Processing JED-CAI for 09JAN
[LF] 09JAN: found 6 direct flights
2025-12-27 17:37:00 | INFO     | [lf.day.flights_found] Found 6 flights on 09JAN
2025-12-27 17:37:02 | INFO     | [lf.flight.extracted] SM424 on 09JAN: BKG=99, LF=60.4%
[LF] SM424 09JAN: BKG=99, GRP=1, CAP=164, LF%=60.4%, Brd-Off=JED-CAI, Classes: P:1, U:10, X:12, T:7, W:11, S:8, G:5, L:26, V:15, K:4
[LPC] SM424 09JAN: Found 1 outbound flights with connecting passengers
2025-12-27 17:37:08 | INFO     | [lf.flight.extracted] SM476 on 09JAN: BKG=166, LF=99.4%
[LF] SM476 09JAN: BKG=166, GRP=58, CAP=167, LF%=99.4%, Brd-Off=JED-CAI, Classes: P:58, U:10, X:12, T:10, W:8, S:30, G:15, L:15, V:8
[LPC] SM476 09JAN: Found 1 outbound flights with connecting passengers
2025-12-27 17:37:13 | INFO     | [lf.flight.extracted] SM478 on 09JAN: BKG=116, LF=69.5%
[LF] SM478 09JAN: BKG=116, GRP=0, CAP=167, LF%=69.5%, Brd-Off=JED-CAI, Classes: U:10, X:12, T:12, W:12, S:11, G:11, L:27, V:13, K:8
[LPC] SM478 09JAN: Found 2 outbound flights with connecting passengers
2025-12-27 17:37:19 | INFO     | [lf.flight.extracted] SM480 on 09JAN: BKG=147, LF=88.0%
[LF] SM480 09JAN: BKG=147, GRP=45, CAP=167, LF%=88.0%, Brd-Off=JED-CAI, Classes: P:45, U:10, X:12, T:12, W:10, S:14, G:22, L:10, V:9, K:3
2025-12-27 17:37:22 | INFO     | [lf.flight.extracted] SM472 on 09JAN: BKG=121, LF=72.5%
[LF] SM472 09JAN: BKG=121, GRP=54, CAP=167, LF%=72.5%, Brd-Off=JED-CAI, Classes: P:54, U:10, X:12, T:12, W:12, S:11, G:7, K:3
[LPC] SM472 09JAN: Found 0 outbound flights with connecting passengers
2025-12-27 17:37:27 | INFO     | [lf.flight.extracted] SM460 on 09JAN: BKG=165, LF=100.6%
[LF] SM460 09JAN: BKG=165, GRP=135, CAP=164, LF%=100.6%, Brd-Off=JED-CAI, Classes: P:135, U:10, X:12, T:8
[LF] Getting WEEKLY/LASTSOLD data for 6 flights
[LF] SM424 09JAN: LASTSOLD=2025-12-27 00:00:00, WEEKLY=28, TODAY=5, YDAY=1
2025-12-27 17:37:56 | ERROR    | Atomic write failed for D:\CODERED\LAB\market_insights\outputs\run_generated_271225_at_17.35\checkpoints\flight_booking_data.json: [WinError 2] The system cannot find the file specified: 'D:\\CODERED\\LAB\\market_insights\\outputs\\run_generated_271225_at_17.35\\checkpoints\\flight_booking_data.tmp' -> 'D:\\CODERED\\LAB\\market_insights\\outputs\\run_generated_271225_at_17.35\\checkpoints\\flight_booking_data.json'
[LF] SM476 09JAN: LASTSOLD=2025-12-27 00:00:00, WEEKLY=44, TODAY=1, YDAY=4
[LF] SM478 09JAN: LASTSOLD=2025-12-25 00:00:00, WEEKLY=40, TODAY=0, YDAY=0
[LF] SM480 09JAN: LASTSOLD=2025-12-27 00:00:00, WEEKLY=33, TODAY=3, YDAY=0
[LF] SM472 09JAN: LASTSOLD=2025-12-26 00:00:00, WEEKLY=5, TODAY=0, YDAY=2
[LF] SM460 09JAN: LASTSOLD=2025-12-15 00:00:00, WEEKLY=0, TODAY=0, YDAY=0
2025-12-27 17:38:51 | INFO     | [SUCCESS] Day 09JAN
2025-12-27 17:38:51 | INFO     | [DAY_START] Processing 08JAN
[LF] Processing JED-CAI for 08JAN
2025-12-27 17:38:51 | INFO     | [lf.day.start] Processing JED-CAI for 08JAN
[LF] 08JAN: found 6 direct flights
2025-12-27 17:38:52 | INFO     | [lf.day.flights_found] Found 6 flights on 08JAN
2025-12-27 17:38:55 | INFO     | [lf.flight.extracted] SM472 on 08JAN: BKG=122, LF=73.0%
[LF] SM472 08JAN: BKG=122, GRP=47, CAP=167, LF%=73.0%, Brd-Off=JED-CAI, Classes: P:47, U:19, X:23, W:8, S:25
[LPC] SM472 08JAN: Found 3 outbound flights with connecting passengers
2025-12-27 17:39:32 | INFO     | [lf.flight.extracted] SM450 on 08JAN: BKG=141, LF=86.0%
[LF] SM450 08JAN: BKG=141, GRP=15, CAP=164, LF%=86.0%, Brd-Off=JED-CAI, Classes: E:15, U:10, X:12, T:6, W:1, S:21, G:8, L:15, V:22, K:19, Q:10, H:2
[LPC] SM450 08JAN: Found 2 outbound flights with connecting passengers
2025-12-27 17:39:47 | INFO     | [lf.flight.extracted] SM476 on 08JAN: BKG=174, LF=97.8%
[LF] SM476 08JAN: BKG=174, GRP=120, CAP=178, LF%=97.8%, Brd-Off=JED-CAI, Classes: P:120, U:10, X:17, T:7, W:5, S:15
[LPC] SM476 08JAN: Found 1 outbound flights with connecting passengers
2025-12-27 17:39:52 | INFO     | [lf.flight.extracted] SM432 on 08JAN: BKG=158, LF=94.6%
[LF] SM432 08JAN: BKG=158, GRP=120, CAP=167, LF%=94.6%, Brd-Off=JED-CAI, Classes: P:121, X:12, T:8, W:6, S:5, G:6
2025-12-27 17:39:55 | INFO     | [lf.flight.extracted] SM478 on 08JAN: BKG=164, LF=100.0%
[LF] SM478 08JAN: BKG=164, GRP=92, CAP=164, LF%=100.0%, Brd-Off=JED-CAI, Classes: P:92, U:10, X:12, T:11, W:12, S:12, G:13, L:1, Q:1
2025-12-27 17:39:59 | INFO     | [lf.flight.extracted] SM480 on 08JAN: BKG=174, LF=100.0%
[LF] SM480 08JAN: BKG=174, GRP=90, CAP=174, LF%=100.0%, Brd-Off=JED-CAI, Classes: P:90, U:10, X:12, T:12, W:11, S:11, G:18, L:4, V:6
[LF] Getting WEEKLY/LASTSOLD data for 6 flights
[LF] SM472 08JAN: LASTSOLD=2025-12-27 00:00:00, WEEKLY=27, TODAY=7, YDAY=11
[LF] SM450 08JAN: LASTSOLD=2025-12-27 00:00:00, WEEKLY=35, TODAY=10, YDAY=4
[LF] SM476 08JAN: LASTSOLD=2025-12-25 00:00:00, WEEKLY=56, TODAY=0, YDAY=0
[LF] SM432 08JAN: LASTSOLD=2025-12-24 00:00:00, WEEKLY=8, TODAY=0, YDAY=0
[LF] SM478 08JAN: LASTSOLD=2025-12-25 00:00:00, WEEKLY=2, TODAY=0, YDAY=0
2025-12-27 17:40:25 | ERROR    | Failed to load D:\CODERED\LAB\market_insights\outputs\run_generated_271225_at_17.35\checkpoints\flight_booking_data.json: Extra data: line 49 column 1 (char 1153)
[LF] SM480 08JAN: LASTSOLD=2025-12-27 00:00:00, WEEKLY=6, TODAY=1, YDAY=0
2025-12-27 17:40:30 | INFO     | [SUCCESS] Day 08JAN
2025-12-27 17:40:30 | INFO     | [DAY_START] Processing 07JAN
[LF] Processing JED-CAI for 07JAN
2025-12-27 17:40:30 | INFO     | [lf.day.start] Processing JED-CAI for 07JAN
[LF] 07JAN: found 4 direct flights
2025-12-27 17:40:31 | INFO     | [lf.day.flights_found] Found 4 flights on 07JAN
2025-12-27 17:40:33 | INFO     | [lf.flight.extracted] SM476 on 07JAN: BKG=165, LF=94.3%
[LF] SM476 07JAN: BKG=165, GRP=136, CAP=175, LF%=94.3%, Brd-Off=JED-CAI, Classes: P:136, U:10, X:12, W:7
2025-12-27 17:40:36 | INFO     | [lf.flight.extracted] SM478 on 07JAN: BKG=160, LF=95.8%
[LF] SM478 07JAN: BKG=160, GRP=95, CAP=167, LF%=95.8%, Brd-Off=JED-CAI, Classes: P:48, E:47, U:10, X:12, T:10, W:23, S:10
2025-12-27 17:40:39 | INFO     | [lf.flight.extracted] SM460 on 07JAN: BKG=168, LF=94.4%
[LF] SM460 07JAN: BKG=168, GRP=137, CAP=178, LF%=94.4%, Brd-Off=JED-CAI, Classes: P:137, U:10, X:12, T:5, S:4
2025-12-27 17:40:42 | INFO     | [lf.flight.extracted] SM424 on 07JAN: BKG=178, LF=100.0%
[LF] SM424 07JAN: BKG=178, GRP=142, CAP=178, LF%=100.0%, Brd-Off=JED-CAI, Classes: P:142, U:10, X:10, T:1, W:6, S:9
[LF] Getting WEEKLY/LASTSOLD data for 4 flights
[LF] SM476 07JAN: LASTSOLD=2025-12-26 00:00:00, WEEKLY=6, TODAY=0, YDAY=4
[LF] SM478 07JAN: LASTSOLD=2025-12-27 00:00:00, WEEKLY=33, TODAY=4, YDAY=7
[LF] SM460 07JAN: LASTSOLD=2025-12-25 00:00:00, WEEKLY=6, TODAY=0, YDAY=0
[LF] SM424 07JAN: LASTSOLD=2025-12-23 00:00:00, WEEKLY=16, TODAY=0, YDAY=0
2025-12-27 17:41:02 | INFO     | [SUCCESS] Day 07JAN
2025-12-27 17:41:02 | INFO     | [DAY_START] Processing 06JAN
[LF] Processing JED-CAI for 06JAN
2025-12-27 17:41:02 | INFO     | [lf.day.start] Processing JED-CAI for 06JAN
[LF] 06JAN: found 6 direct flights
2025-12-27 17:41:03 | INFO     | [lf.day.flights_found] Found 6 flights on 06JAN
2025-12-27 17:41:05 | INFO     | [lf.flight.extracted] SM472 on 06JAN: BKG=151, LF=90.4%
[LF] SM472 06JAN: BKG=151, GRP=107, CAP=167, LF%=90.4%, Brd-Off=JED-CAI, Classes: P:69, E:38, U:20, X:6, W:8, S:7, K:3
[LPC] SM472 06JAN: Found 1 outbound flights with connecting passengers
2025-12-27 17:41:10 | INFO     | [lf.flight.extracted] SM480 on 06JAN: BKG=112, LF=67.1%
[LF] SM480 06JAN: BKG=112, GRP=88, CAP=167, LF%=67.1%, Brd-Off=JED-CAI, Classes: P:48, E:40, U:14, X:2, T:6, W:1, S:1
2025-12-27 17:41:12 | INFO     | [lf.flight.extracted] SM478 on 06JAN: BKG=120, LF=73.2%
[LF] SM478 06JAN: BKG=120, GRP=95, CAP=164, LF%=73.2%, Brd-Off=JED-CAI, Classes: P:45, E:50, U:7, X:12, T:6
2025-12-27 17:41:15 | INFO     | [lf.flight.extracted] SM460 on 06JAN: BKG=127, LF=76.0%
[LF] SM460 06JAN: BKG=127, GRP=91, CAP=167, LF%=76.0%, Brd-Off=JED-CAI, Classes: N:4, P:91, U:10, X:12, T:10
2025-12-27 17:41:19 | INFO     | [lf.flight.extracted] SM424 on 06JAN: BKG=155, LF=92.8%
[LF] SM424 06JAN: BKG=155, GRP=136, CAP=167, LF%=92.8%, Brd-Off=JED-CAI, Classes: P:136, U:9, X:7, T:3
2025-12-27 17:41:22 | INFO     | [lf.flight.extracted] SM476 on 06JAN: BKG=110, LF=67.1%
[LF] SM476 06JAN: BKG=110, GRP=86, CAP=164, LF%=67.1%, Brd-Off=JED-CAI, Classes: P:86, U:10, T:5, W:8, S:1
[LPC] SM476 06JAN: Found 0 outbound flights with connecting passengers
[LF] Getting WEEKLY/LASTSOLD data for 6 flights
[LF] SM472 06JAN: LASTSOLD=2025-12-24 00:00:00, WEEKLY=83, TODAY=0, YDAY=0
[LF] SM480 06JAN: LASTSOLD=2025-12-27 00:00:00, WEEKLY=7, TODAY=4, YDAY=0
[LF] SM478 06JAN: LASTSOLD=2025-12-26 00:00:00, WEEKLY=7, TODAY=0, YDAY=1
[LF] SM460 06JAN: LASTSOLD=2025-12-26 00:00:00, WEEKLY=12, TODAY=0, YDAY=5
[LF] SM424 06JAN: LASTSOLD=2025-12-25 00:00:00, WEEKLY=6, TODAY=0, YDAY=0
[LF] SM476 06JAN: LASTSOLD=2025-12-27 00:00:00, WEEKLY=6, TODAY=1, YDAY=0
2025-12-27 17:41:47 | INFO     | [SUCCESS] Day 06JAN
2025-12-27 17:41:47 | INFO     | [DAY_START] Processing 05JAN
[LF] Processing JED-CAI for 05JAN
2025-12-27 17:41:47 | INFO     | [lf.day.start] Processing JED-CAI for 05JAN
[LF] 05JAN: found 4 direct flights
2025-12-27 17:41:48 | INFO     | [lf.day.flights_found] Found 4 flights on 05JAN
2025-12-27 17:41:50 | INFO     | [lf.flight.extracted] SM480 on 05JAN: BKG=69, LF=41.3%
[LF] SM480 05JAN: BKG=69, GRP=44, CAP=167, LF%=41.3%, Brd-Off=JED-CAI, Classes: P:44, U:21, X:3, S:1
2025-12-27 17:41:53 | INFO     | [lf.flight.extracted] SM476 on 05JAN: BKG=177, LF=98.9%
[LF] SM476 05JAN: BKG=177, GRP=142, CAP=179, LF%=98.9%, Brd-Off=JED-CAI, Classes: P:142, U:20, X:12, W:1, S:2
2025-12-27 17:41:57 | INFO     | [lf.flight.extracted] SM478 on 05JAN: BKG=168, LF=100.6%
[LF] SM478 05JAN: BKG=168, GRP=138, CAP=167, LF%=100.6%, Brd-Off=JED-CAI, Classes: P:138, U:16, X:12, W:1, K:1
2025-12-27 17:42:00 | INFO     | [lf.flight.extracted] SM460 on 05JAN: BKG=167, LF=100.0%
[LF] SM460 05JAN: BKG=167, GRP=132, CAP=167, LF%=100.0%, Brd-Off=JED-CAI, Classes: P:132, U:15, X:3, W:1, S:9, Q:2, H:5
[LPC] SM460 05JAN: Found 0 outbound flights with connecting passengers
[LF] Getting WEEKLY/LASTSOLD data for 4 flights
[LF] SM480 05JAN: LASTSOLD=2025-12-26 00:00:00, WEEKLY=10, TODAY=0, YDAY=1
[LF] SM476 05JAN: LASTSOLD=2025-12-26 00:00:00, WEEKLY=13, TODAY=0, YDAY=2
[LF] SM478 05JAN: LASTSOLD=2025-12-24 00:00:00, WEEKLY=8, TODAY=0, YDAY=0
[LF] SM460 05JAN: LASTSOLD=2025-12-25 00:00:00, WEEKLY=10, TODAY=0, YDAY=0
2025-12-27 17:42:19 | INFO     | [SUCCESS] Day 05JAN
2025-12-27 17:42:19 | INFO     | [DAY_START] Processing 04JAN
[LF] Processing JED-CAI for 04JAN
2025-12-27 17:42:19 | INFO     | [lf.day.start] Processing JED-CAI for 04JAN
[LF] 04JAN: found 5 direct flights
2025-12-27 17:42:20 | INFO     | [lf.day.flights_found] Found 5 flights on 04JAN
2025-12-27 17:42:22 | INFO     | [lf.flight.extracted] SM424 on 04JAN: BKG=168, LF=100.6%
[LF] SM424 04JAN: BKG=168, GRP=160, CAP=167, LF%=100.6%, Brd-Off=JED-CAI, Classes: N:5, E:155, X:5, T:3
[LPC] SM424 04JAN: Found 2 outbound flights with connecting passengers
2025-12-27 17:42:35 | INFO     | [lf.flight.extracted] SM476 on 04JAN: BKG=74, LF=44.3%
[LF] SM476 04JAN: BKG=74, GRP=27, CAP=167, LF%=44.3%, Brd-Off=JED-CAI, Classes: P:27, I:17, O:2, U:25, X:1, W:1, K:1
2025-12-27 17:42:38 | INFO     | [lf.flight.extracted] SM432 on 04JAN: BKG=114, LF=68.3%
[LF] SM432 04JAN: BKG=114, GRP=96, CAP=167, LF%=68.3%, Brd-Off=JED-CAI, Classes: P:96, U:6, X:11, K:1
2025-12-27 17:42:42 | INFO     | [lf.flight.extracted] SM460 on 04JAN: BKG=133, LF=79.6%
[LF] SM460 04JAN: BKG=133, GRP=97, CAP=167, LF%=79.6%, Brd-Off=JED-CAI, Classes: N:2, P:97, U:20, X:10, W:2, S:1, K:1
2025-12-27 17:42:45 | INFO     | [lf.flight.extracted] SM478 on 04JAN: BKG=133, LF=79.6%
[LF] SM478 04JAN: BKG=133, GRP=97, CAP=167, LF%=79.6%, Brd-Off=JED-CAI, Classes: P:97, I:1, U:19, X:13, W:2, S:1
[LF] Getting WEEKLY/LASTSOLD data for 5 flights
[LF] SM424 04JAN: LASTSOLD=2025-12-19 00:00:00, WEEKLY=0, TODAY=0, YDAY=0
[LF] SM476 04JAN: LASTSOLD=2025-12-26 00:00:00, WEEKLY=32, TODAY=0, YDAY=5
[LF] SM432 04JAN: LASTSOLD=2025-12-27 00:00:00, WEEKLY=7, TODAY=3, YDAY=0
[LF] SM460 04JAN: LASTSOLD=2025-12-27 00:00:00, WEEKLY=14, TODAY=2, YDAY=1
[LF] SM478 04JAN: LASTSOLD=2025-12-24 00:00:00, WEEKLY=10, TODAY=0, YDAY=0
2025-12-27 17:43:08 | INFO     | [SUCCESS] Day 04JAN
[LF] Results summary:
  2026-01-10: 3 flights
  2026-01-09: 6 flights
  2026-01-08: 6 flights
  2026-01-07: 4 flights
  2026-01-06: 6 flights
  2026-01-05: 4 flights
  2026-01-04: 5 flights
2025-12-27 17:43:08 | INFO     | [SUCCESS] LF Search Complete

============================================================
[Worker_9234] ✓ COMPLETED: JED-CAI
  Results: 7 dates
  Errors: 0 dates
  Total Processed: 2 groups
============================================================

2025-12-27 17:43:10 | INFO     | [Worker_9234] Completed: JED-CAI - 7 results, 0 errors
[Worker_9234] Waiting for tasks...

============================================================
[Worker_9234] Shutdown signal received
Exiting...
============================================================
2025-12-27 17:48:10 | INFO     | [Worker_9234] Shutdown signal received, exiting...

============================================================
[Worker_9234] FINISHED
  Total Groups Processed: 2
============================================================

2025-12-27 17:48:10 | INFO     | [Worker_9234] Finished. Processed 2 groups.
