
============================================================
     LF WORKER - PORT 9233
============================================================
Worker: Worker_9233
Status: READY
Waiting for tasks...
============================================================


============================================================
[Worker_9233] Processing: JED-ATZ
  Tier 0: Range 2, Chunk 2/3
  Dates: 4 days
  Date Range: 2026-01-17 to 2026-01-14
============================================================

2025-12-29 07:26:11 | INFO     | ======================================================================
2025-12-29 07:26:11 | INFO     | Load Factor Scraper Started - Route: JED-ATZ
2025-12-29 07:26:11 | INFO     | Log file: D:\CODERED\LAB\market_insights\outputs\run_generated_291225_at_07.25\logs\LF_JED-ATZ_20251229_072611.log
2025-12-29 07:26:11 | INFO     | Enhanced logging: Capturing both logging.info() and print()
2025-12-29 07:26:11 | INFO     | ======================================================================
[LF] Processing dates (override): ['17JAN', '16JAN', '15JAN', '14JAN']
[LF] Attaching to Chrome for Altea access
[LF][[OK] SUCCESS] Connected to Chrome on 127.0.0.1:9233 (after 1 attempts)
[LF][[OK] SUCCESS] Found Amadeus Altea window: Altéa Reservation Desktop
[LF][[INFO] INFO] URL: https://tc212.resdesktop.altea.amadeus.com/app_ard/apf/init/login?SITE=ESMPESMP&LANGUAGE=GB&MARKETS=ARDW_PROD_WBP&ACTION=clpLogin
[LF] Processing JED-ATZ for 17JAN
[LF][ERROR] Amadeus command error detected: UNKNOWN TRANSACTION
[LF][ERROR] Command: SN17JANJEDATZ/ASM
[LF][RESYNC] Triggering immediate resync to last successful SN command
============================================================
[LF][RESYNC] Command 'SN17JANJEDATZ/ASM' failed: TECH_ERROR:UNKNOWN TRANSACTION
[LF][RESYNC] Re-running entire day from SN command for JED-ATZ 17JAN
[LF][RESYNC] Attempt 1/50 (waiting 1.0s before retry...)
============================================================
[LF][RESYNC] Sending IG to clear session state...
[LF][RESYNC] Session cleared with IG
[LF] Processing JED-ATZ for 17JAN
[LF] 17JAN: found 3 direct flights
[LF] SM492 17JAN: BKG=100, GRP=94, CAP=167, LF%=59.9%, Brd-Off=JED-ATZ, Classes: P:45, E:49, I:4, L:1, K:1
[LF] SM454 17JAN: BKG=54, GRP=45, CAP=167, LF%=32.3%, Brd-Off=JED-ATZ, Classes: P:45, I:4, U:4, G:1
[LF] SM456 17JAN: BKG=60, GRP=50, CAP=167, LF%=35.9%, Brd-Off=JED-ATZ, Classes: P:50, I:4, O:2, X:1, G:3
[LF] Getting WEEKLY/LASTSOLD data for 3 flights
[LF] SM492 17JAN: LASTSOLD=2025-12-22 00:00:00, WEEKLY=1, TODAY=0, YDAY=0
[LF] SM454 17JAN: LASTSOLD=2025-12-27 00:00:00, WEEKLY=1, TODAY=0, YDAY=0
[LF] SM456 17JAN: LASTSOLD=2025-12-28 00:00:00, WEEKLY=4, TODAY=0, YDAY=1
[LF] Processing JED-ATZ for 16JAN
[LF] 16JAN: found 1 direct flights
[LF] SM492 16JAN: BKG=56, GRP=45, CAP=167, LF%=33.5%, Brd-Off=JED-ATZ, Classes: P:45, I:4, O:2, U:3, L:2
[LF] Getting WEEKLY/LASTSOLD data for 1 flights
[LF] SM492 16JAN: LASTSOLD=2025-12-21 00:00:00, WEEKLY=0, TODAY=0, YDAY=0
[LF] Processing JED-ATZ for 15JAN
[LF] 15JAN: found 3 direct flights
[LF] SM422 15JAN: BKG=152, GRP=130, CAP=167, LF%=91.0%, Brd-Off=JED-ATZ, Classes: P:130, I:20, W:1, K:1
[LF] SM454 15JAN: BKG=149, GRP=135, CAP=167, LF%=89.2%, Brd-Off=JED-ATZ, Classes: P:135, I:4, O:2, U:3, S:2, V:2, K:1
[LF] SM456 15JAN: BKG=145, GRP=135, CAP=167, LF%=86.8%, Brd-Off=JED-ATZ, Classes: P:135, I:4, O:2, U:1, S:2, V:1
[LF] Getting WEEKLY/LASTSOLD data for 3 flights
[LF] SM422 15JAN: LASTSOLD=2025-12-28 00:00:00, WEEKLY=3, TODAY=0, YDAY=3
[LF] SM454 15JAN: LASTSOLD=2025-12-22 00:00:00, WEEKLY=1, TODAY=0, YDAY=0
[LF] SM456 15JAN: LASTSOLD=2025-12-28 00:00:00, WEEKLY=1, TODAY=0, YDAY=1
[LF] Processing JED-ATZ for 14JAN
[LF] 14JAN: found 2 direct flights
[LF] SM454 14JAN: BKG=179, GRP=172, CAP=167, LF%=107.2%, Brd-Off=JED-ATZ, Classes: P:136, E:36, I:4, O:2, U:1
[LF] SM492 14JAN: BKG=131, GRP=90, CAP=167, LF%=78.4%, Brd-Off=JED-ATZ, Classes: P:90, I:18, O:18, U:4, W:1
[LF] Getting WEEKLY/LASTSOLD data for 2 flights
[LF] SM454 14JAN: LASTSOLD=2025-12-28 00:00:00, WEEKLY=2, TODAY=0, YDAY=2
[LF] SM492 14JAN: LASTSOLD=2025-12-28 00:00:00, WEEKLY=36, TODAY=0, YDAY=2
[LF] Results summary:
  2026-01-17: 3 flights
  2026-01-16: 1 flights
  2026-01-15: 3 flights
  2026-01-14: 2 flights

============================================================
[Worker_9233] ✓ COMPLETED: JED-ATZ
  Results: 4 dates
  Errors: 0 dates
  Total Processed: 1 groups
============================================================


============================================================
[Worker_9233] Processing: ATZ-RUH
  Tier 0: Range 1, Chunk 1/3
  Dates: 5 days
  Date Range: 2026-01-10 to 2026-01-06
============================================================

2025-12-29 07:27:17 | INFO     | ======================================================================
2025-12-29 07:27:17 | INFO     | Load Factor Scraper Started - Route: ATZ-RUH
2025-12-29 07:27:17 | INFO     | Log file: D:\CODERED\LAB\market_insights\outputs\run_generated_291225_at_07.25\logs\LF_ATZ-RUH_20251229_072717.log
2025-12-29 07:27:17 | INFO     | Enhanced logging: Capturing both logging.info() and print()
2025-12-29 07:27:17 | INFO     | ======================================================================
[LF] Processing dates (override): ['10JAN', '09JAN', '08JAN', '07JAN', '06JAN']
[LF] Attaching to Chrome for Altea access
2025-12-29 07:27:17 | INFO     | Starting LF search for route: ATZ-RUH
2025-12-29 07:27:17 | INFO     | [START] LF Search
[LF][[OK] SUCCESS] Connected to Chrome on 127.0.0.1:9233 (after 1 attempts)
2025-12-29 07:27:18 | INFO     | [HEALTH CHECK] [OK] Chrome connection is healthy
[LF][[OK] SUCCESS] Found Amadeus Altea window: Altéa Reservation Desktop
[LF][[INFO] INFO] URL: https://tc212.resdesktop.altea.amadeus.com/app_ard/apf/init/login?SITE=ESMPESMP&LANGUAGE=GB&MARKETS=ARDW_PROD_WBP&ACTION=clpLogin
2025-12-29 07:27:18 | INFO     | [DAY_START] Processing 10JAN
[LF] Processing ATZ-RUH for 10JAN
2025-12-29 07:27:18 | INFO     | [lf.day.start] Processing ATZ-RUH for 10JAN
[LF] No direct flights on 10JAN for ATZ-RUH
2025-12-29 07:27:19 | WARNING  | [lf.day.no_flights] No direct flights on 10JAN
2025-12-29 07:27:19 | INFO     | [SUCCESS] Day 10JAN
2025-12-29 07:27:19 | INFO     | [DAY_START] Processing 09JAN
[LF] Processing ATZ-RUH for 09JAN
2025-12-29 07:27:19 | INFO     | [lf.day.start] Processing ATZ-RUH for 09JAN
[LF] No direct flights on 09JAN for ATZ-RUH
2025-12-29 07:27:20 | WARNING  | [lf.day.no_flights] No direct flights on 09JAN
2025-12-29 07:27:20 | INFO     | [SUCCESS] Day 09JAN
2025-12-29 07:27:20 | INFO     | [DAY_START] Processing 08JAN
[LF] Processing ATZ-RUH for 08JAN
2025-12-29 07:27:20 | INFO     | [lf.day.start] Processing ATZ-RUH for 08JAN
[LF] No direct flights on 08JAN for ATZ-RUH
2025-12-29 07:27:21 | WARNING  | [lf.day.no_flights] No direct flights on 08JAN
2025-12-29 07:27:21 | INFO     | [SUCCESS] Day 08JAN
2025-12-29 07:27:21 | INFO     | [DAY_START] Processing 07JAN
[LF] Processing ATZ-RUH for 07JAN
2025-12-29 07:27:21 | INFO     | [lf.day.start] Processing ATZ-RUH for 07JAN
[LF] 07JAN: found 1 direct flights
2025-12-29 07:27:22 | INFO     | [lf.day.flights_found] Found 1 flights on 07JAN
2025-12-29 07:27:24 | INFO     | [lf.flight.extracted] SM465 on 07JAN: BKG=94, LF=52.5%
[LF] SM465 07JAN: BKG=94, GRP=0, CAP=179, LF%=52.5%, Brd-Off=ATZ-RUH, Classes: I:2, O:7, U:10, X:8, T:9, W:14, S:8, G:22, L:13, Y:1
[LF] Getting WEEKLY/LASTSOLD data for 1 flights
[LF] SM465 07JAN: LASTSOLD=2025-12-28 00:00:00, WEEKLY=23, TODAY=0, YDAY=11
2025-12-29 07:27:30 | INFO     | [SUCCESS] Day 07JAN
2025-12-29 07:27:30 | INFO     | [DAY_START] Processing 06JAN
[LF] Processing ATZ-RUH for 06JAN
2025-12-29 07:27:30 | INFO     | [lf.day.start] Processing ATZ-RUH for 06JAN
[LF] 06JAN: found 1 direct flights
2025-12-29 07:27:31 | INFO     | [lf.day.flights_found] Found 1 flights on 06JAN
2025-12-29 07:27:33 | INFO     | [lf.flight.extracted] SM463 on 06JAN: BKG=100, LF=55.9%
[LF] SM463 06JAN: BKG=100, GRP=0, CAP=179, LF%=55.9%, Brd-Off=ATZ-RUH, Classes: I:4, O:9, X:17, T:10, W:30, S:9, G:9, L:12
[LF] Getting WEEKLY/LASTSOLD data for 1 flights
[LF] SM463 06JAN: LASTSOLD=2025-12-28 00:00:00, WEEKLY=13, TODAY=0, YDAY=4
2025-12-29 07:27:39 | INFO     | [SUCCESS] Day 06JAN
[LF] Results summary:
  2026-01-10: 0 flights
  2026-01-09: 0 flights
  2026-01-08: 0 flights
  2026-01-07: 1 flights
  2026-01-06: 1 flights
2025-12-29 07:27:39 | INFO     | [SUCCESS] LF Search Complete

============================================================
[Worker_9233] ✓ COMPLETED: ATZ-RUH
  Results: 5 dates
  Errors: 0 dates
  Total Processed: 2 groups
============================================================

2025-12-29 07:27:41 | INFO     | [Worker_9233] Completed: ATZ-RUH - 5 results, 0 errors

============================================================
[Worker_9233] Processing: CAI-RUH
  Tier 0: Range 1, Chunk 2/3
  Dates: 4 days
  Date Range: 2026-01-05 to 2026-01-02
============================================================

2025-12-29 07:27:41 | INFO     | [Worker_9233] Processing: CAI-RUH
2025-12-29 07:27:41 | INFO     |   Tier 0: Range 1, Chunk 2/3 (4 days)
2025-12-29 07:27:41 | INFO     | ======================================================================
2025-12-29 07:27:41 | INFO     | Load Factor Scraper Started - Route: CAI-RUH
2025-12-29 07:27:41 | INFO     | Log file: D:\CODERED\LAB\market_insights\outputs\run_generated_291225_at_07.25\logs\LF_CAI-RUH_20251229_072741.log
2025-12-29 07:27:41 | INFO     | Enhanced logging: Capturing both logging.info() and print()
2025-12-29 07:27:41 | INFO     | ======================================================================
[LF] Processing dates (override): ['05JAN', '04JAN', '03JAN', '02JAN']
[LF] Attaching to Chrome for Altea access
2025-12-29 07:27:41 | INFO     | Starting LF search for route: CAI-RUH
2025-12-29 07:27:41 | INFO     | [START] LF Search
[LF][[OK] SUCCESS] Connected to Chrome on 127.0.0.1:9233 (after 1 attempts)
2025-12-29 07:27:42 | INFO     | [HEALTH CHECK] [OK] Chrome connection is healthy
[LF][[OK] SUCCESS] Found Amadeus Altea window: Altéa Reservation Desktop
[LF][[INFO] INFO] URL: https://tc212.resdesktop.altea.amadeus.com/app_ard/apf/init/login?SITE=ESMPESMP&LANGUAGE=GB&MARKETS=ARDW_PROD_WBP&ACTION=clpLogin
2025-12-29 07:27:42 | INFO     | [DAY_START] Processing 05JAN
[LF] Processing CAI-RUH for 05JAN
2025-12-29 07:27:42 | INFO     | [lf.day.start] Processing CAI-RUH for 05JAN
[LF] 05JAN: found 1 direct flights
2025-12-29 07:27:43 | INFO     | [lf.day.flights_found] Found 1 flights on 05JAN
2025-12-29 07:27:45 | INFO     | [lf.flight.extracted] SM469 on 05JAN: BKG=90, LF=50.3%
[LF] SM469 05JAN: BKG=90, GRP=0, CAP=179, LF%=50.3%, Brd-Off=CAI-RUH, Classes: I:4, O:11, U:15, X:35, T:15, W:9, S:1
[LF] Getting WEEKLY/LASTSOLD data for 1 flights
[LF] SM469 05JAN: LASTSOLD=2025-12-29 00:00:00, WEEKLY=41, TODAY=3, YDAY=11
2025-12-29 07:27:52 | INFO     | [SUCCESS] Day 05JAN
2025-12-29 07:27:52 | INFO     | [DAY_START] Processing 04JAN
[LF] Processing CAI-RUH for 04JAN
2025-12-29 07:27:52 | INFO     | [lf.day.start] Processing CAI-RUH for 04JAN
[LF] 04JAN: found 1 direct flights
2025-12-29 07:27:53 | INFO     | [lf.day.flights_found] Found 1 flights on 04JAN
2025-12-29 07:27:56 | INFO     | [lf.flight.extracted] SM461 on 04JAN: BKG=61, LF=56.0%
[LF] SM461 04JAN: BKG=61, GRP=0, CAP=109, LF%=56.0%, Brd-Off=CAI-RUH, Classes: I:2, O:13, U:3, T:31, W:11, S:1
[LF] Getting WEEKLY/LASTSOLD data for 1 flights
[LF] SM461 04JAN: LASTSOLD=2025-12-28 00:00:00, WEEKLY=17, TODAY=0, YDAY=2
2025-12-29 07:28:00 | INFO     | [SUCCESS] Day 04JAN
2025-12-29 07:28:00 | INFO     | [DAY_START] Processing 03JAN
[LF] Processing CAI-RUH for 03JAN
2025-12-29 07:28:00 | INFO     | [lf.day.start] Processing CAI-RUH for 03JAN
[LF] 03JAN: found 1 direct flights
2025-12-29 07:28:01 | INFO     | [lf.day.flights_found] Found 1 flights on 03JAN
2025-12-29 07:28:04 | INFO     | [lf.flight.extracted] SM461 on 03JAN: BKG=120, LF=67.0%
[LF] SM461 03JAN: BKG=120, GRP=0, CAP=179, LF%=67.0%, Brd-Off=CAI-RUH, Classes: N:1, I:5, O:5, U:7, X:4, T:12, W:13, S:9, G:29, L:25, V:7, K:3
[LPC] SM461 03JAN: Found 2 outbound flights with connecting passengers
[LF] Getting WEEKLY/LASTSOLD data for 1 flights
[LF] SM461 03JAN: LASTSOLD=2025-12-29 00:00:00, WEEKLY=40, TODAY=2, YDAY=6
2025-12-29 07:28:12 | INFO     | [SUCCESS] Day 03JAN
2025-12-29 07:28:12 | INFO     | [DAY_START] Processing 02JAN
[LF] Processing CAI-RUH for 02JAN
2025-12-29 07:28:12 | INFO     | [lf.day.start] Processing CAI-RUH for 02JAN
[LF] 02JAN: 1 cancelled flight(s) detected from SN
[LF] 02JAN: found 1 direct flights
2025-12-29 07:28:13 | INFO     | [lf.day.flights_found] Found 1 flights on 02JAN
2025-12-29 07:28:15 | INFO     | [lf.flight.extracted] SM469 on 02JAN: BKG=132, LF=73.7%
[LF] SM469 02JAN: BKG=132, GRP=0, CAP=179, LF%=73.7%, Brd-Off=CAI-RUH, Classes: I:8, O:17, U:17, X:18, T:20, W:18, S:9, G:20, L:5
[LPC] SM469 02JAN: Found 1 outbound flights with connecting passengers
[LF] Getting WEEKLY/LASTSOLD data for 1 flights
[LF] SM469 02JAN: LASTSOLD=2025-12-17 00:00:00, WEEKLY=0, TODAY=0, YDAY=0
2025-12-29 07:28:18 | INFO     | [SUCCESS] Day 02JAN
[LF] Results summary:
  2026-01-05: 1 flights
  2026-01-04: 1 flights
  2026-01-03: 1 flights
  2026-01-02: 1 flights
[LF] Cancelled flights found: 1
  - SM461 02JAN (SN)
2025-12-29 07:28:18 | INFO     | [SUCCESS] LF Search Complete
[Worker_9233] Cancelled flights collected: 1

============================================================
[Worker_9233] ✓ COMPLETED: CAI-RUH
  Results: 4 dates
  Errors: 0 dates
  Total Processed: 3 groups
============================================================

2025-12-29 07:28:20 | INFO     | [Worker_9233] Completed: CAI-RUH - 4 results, 0 errors

============================================================
[Worker_9233] Processing: CAI-RUH
  Tier 0: Range 1, Chunk 3/3
  Dates: 4 days
  Date Range: 2026-01-01 to 2025-12-29
============================================================

2025-12-29 07:28:20 | INFO     | [Worker_9233] Processing: CAI-RUH
2025-12-29 07:28:20 | INFO     |   Tier 0: Range 1, Chunk 3/3 (4 days)
2025-12-29 07:28:20 | INFO     | ======================================================================
2025-12-29 07:28:20 | INFO     | Load Factor Scraper Started - Route: CAI-RUH
2025-12-29 07:28:20 | INFO     | Log file: D:\CODERED\LAB\market_insights\outputs\run_generated_291225_at_07.25\logs\LF_CAI-RUH_20251229_072820.log
2025-12-29 07:28:20 | INFO     | Enhanced logging: Capturing both logging.info() and print()
2025-12-29 07:28:20 | INFO     | ======================================================================
[LF] Processing dates (override): ['01JAN', '31DEC', '30DEC', '29DEC']
[LF] Attaching to Chrome for Altea access
2025-12-29 07:28:20 | INFO     | Starting LF search for route: CAI-RUH
2025-12-29 07:28:20 | INFO     | [START] LF Search
[LF][[OK] SUCCESS] Connected to Chrome on 127.0.0.1:9233 (after 1 attempts)
2025-12-29 07:28:22 | INFO     | [HEALTH CHECK] [OK] Chrome connection is healthy
[LF][[OK] SUCCESS] Found Amadeus Altea window: Altéa Reservation Desktop
[LF][[INFO] INFO] URL: https://tc212.resdesktop.altea.amadeus.com/app_ard/apf/init/login?SITE=ESMPESMP&LANGUAGE=GB&MARKETS=ARDW_PROD_WBP&ACTION=clpLogin
2025-12-29 07:28:22 | INFO     | [DAY_START] Processing 01JAN
[LF] Processing CAI-RUH for 01JAN
2025-12-29 07:28:22 | INFO     | [lf.day.start] Processing CAI-RUH for 01JAN
[LF] 01JAN: found 1 direct flights
2025-12-29 07:28:23 | INFO     | [lf.day.flights_found] Found 1 flights on 01JAN
2025-12-29 07:28:25 | INFO     | [lf.flight.extracted] SM461 on 01JAN: BKG=136, LF=76.0%
[LF] SM461 01JAN: BKG=136, GRP=0, CAP=179, LF%=76.0%, Brd-Off=CAI-RUH, Classes: I:32, O:20, U:20, X:31, T:18, W:14, S:1
[LF] Getting WEEKLY/LASTSOLD data for 1 flights
[LF] SM461 01JAN: LASTSOLD=2025-12-28 00:00:00, WEEKLY=53, TODAY=0, YDAY=15
2025-12-29 07:28:31 | INFO     | [SUCCESS] Day 01JAN
2025-12-29 07:28:31 | INFO     | [DAY_START] Processing 31DEC
[LF] Processing CAI-RUH for 31DEC
2025-12-29 07:28:31 | INFO     | [lf.day.start] Processing CAI-RUH for 31DEC
[LF] 31DEC: found 2 direct flights
2025-12-29 07:28:33 | INFO     | [lf.day.flights_found] Found 2 flights on 31DEC
2025-12-29 07:28:35 | INFO     | [lf.flight.extracted] SM461 on 31DEC: BKG=92, LF=51.4%
[LF] SM461 31DEC: BKG=92, GRP=0, CAP=179, LF%=51.4%, Brd-Off=CAI-RUH, Classes: I:20, O:10, U:15, X:20, T:24, W:3
2025-12-29 07:28:38 | INFO     | [lf.flight.extracted] SM469 on 31DEC: BKG=100, LF=55.9%
[LF] SM469 31DEC: BKG=100, GRP=0, CAP=179, LF%=55.9%, Brd-Off=CAI-RUH, Classes: I:20, O:18, U:1, X:30, T:15, W:11, S:5
[LF] Getting WEEKLY/LASTSOLD data for 2 flights
[LF] SM461 31DEC: LASTSOLD=2025-12-28 00:00:00, WEEKLY=42, TODAY=0, YDAY=18
[LF] SM469 31DEC: LASTSOLD=2025-12-28 00:00:00, WEEKLY=50, TODAY=0, YDAY=1
2025-12-29 07:28:51 | INFO     | [SUCCESS] Day 31DEC
2025-12-29 07:28:51 | INFO     | [DAY_START] Processing 30DEC
[LF] Processing CAI-RUH for 30DEC
2025-12-29 07:28:51 | INFO     | [lf.day.start] Processing CAI-RUH for 30DEC
[LF] 30DEC: found 1 direct flights
2025-12-29 07:28:52 | INFO     | [lf.day.flights_found] Found 1 flights on 30DEC
2025-12-29 07:28:54 | INFO     | [lf.flight.extracted] SM469 on 30DEC: BKG=94, LF=52.5%
[LF] SM469 30DEC: BKG=94, GRP=0, CAP=179, LF%=52.5%, Brd-Off=CAI-RUH, Classes: I:28, O:15, U:10, X:18, T:17, W:5, S:1
[LF] Getting WEEKLY/LASTSOLD data for 1 flights
[LF] SM469 30DEC: LASTSOLD=2025-12-28 00:00:00, WEEKLY=29, TODAY=0, YDAY=6
2025-12-29 07:29:00 | INFO     | [SUCCESS] Day 30DEC
[LF] Skipping 29DEC (Today) - will be processed by supplement scan
[LF] Results summary:
  2026-01-01: 1 flights
  2025-12-31: 2 flights
  2025-12-30: 1 flights
2025-12-29 07:29:00 | INFO     | [SUCCESS] LF Search Complete

============================================================
[Worker_9233] ✓ COMPLETED: CAI-RUH
  Results: 3 dates
  Errors: 0 dates
  Total Processed: 4 groups
============================================================

2025-12-29 07:29:02 | INFO     | [Worker_9233] Completed: CAI-RUH - 3 results, 0 errors
[Worker_9233] Waiting for tasks...

============================================================
[Worker_9233] Shutdown signal received
Exiting...
============================================================
2025-12-29 07:34:58 | INFO     | [Worker_9233] Shutdown signal received, exiting...

============================================================
[Worker_9233] FINISHED
  Total Groups Processed: 4
============================================================

2025-12-29 07:34:58 | INFO     | [Worker_9233] Finished. Processed 4 groups.
