2026-01-03 05:24:37 | INFO     | ======================================================================
2026-01-03 05:24:37 | INFO     | Load Factor Scraper Started - Route: ATZ-JED
2026-01-03 05:24:37 | INFO     | Log file: D:\CODERED\LAB\market_insights\outputs\run_generated_030126_at_05.10\logs\LF_ATZ-JED_20260103_052437.log
2026-01-03 05:24:37 | INFO     | Enhanced logging: Capturing both logging.info() and print()
2026-01-03 05:24:37 | INFO     | ======================================================================
2026-01-03 05:24:37 | INFO     | Starting LF search for route: ATZ-JED
2026-01-03 05:24:37 | INFO     | [START] LF Search
2026-01-03 05:24:38 | INFO     | [HEALTH CHECK] [OK] Chrome connection is healthy
2026-01-03 05:24:38 | INFO     | [DAY_START] Processing 26JAN
2026-01-03 05:24:38 | INFO     | [lf.day.start] Processing ATZ-JED for 26JAN
2026-01-03 05:24:39 | INFO     | [lf.day.flights_found] Found 4 flights on 26JAN
2026-01-03 05:24:41 | INFO     | [lf.flight.extracted] SM491 on 26JAN: BKG=145, LF=81.0%
2026-01-03 05:24:44 | INFO     | [lf.flight.extracted] SM455 on 26JAN: BKG=179, LF=100.0%
2026-01-03 05:24:47 | INFO     | [lf.flight.extracted] SM453 on 26JAN: BKG=150, LF=83.8%
2026-01-03 05:24:50 | INFO     | [lf.flight.extracted] SM975 on 26JAN: BKG=180, LF=100.6%
2026-01-03 05:24:56 | INFO     | [SUCCESS] Day 26JAN
2026-01-03 05:24:56 | INFO     | [DAY_START] Processing 25JAN
2026-01-03 05:24:56 | INFO     | [lf.day.start] Processing ATZ-JED for 25JAN
2026-01-03 05:24:58 | INFO     | [lf.day.flights_found] Found 3 flights on 25JAN
2026-01-03 05:25:00 | INFO     | [lf.flight.extracted] SM491 on 25JAN: BKG=153, LF=85.5%
2026-01-03 05:25:04 | INFO     | [lf.flight.extracted] SM455 on 25JAN: BKG=150, LF=83.8%
2026-01-03 05:25:07 | INFO     | [lf.flight.extracted] SM973 on 25JAN: BKG=180, LF=100.6%
2026-01-03 05:25:14 | INFO     | [SUCCESS] Day 25JAN
2026-01-03 05:25:14 | INFO     | [DAY_START] Processing 24JAN
2026-01-03 05:25:14 | INFO     | [lf.day.start] Processing ATZ-JED for 24JAN
2026-01-03 05:25:15 | INFO     | [lf.day.flights_found] Found 4 flights on 24JAN
2026-01-03 05:25:16 | INFO     | [lf.flight.extracted] SM491 on 24JAN: BKG=182, LF=101.7%
2026-01-03 05:25:19 | INFO     | [lf.flight.extracted] SM453 on 24JAN: BKG=151, LF=84.4%
2026-01-03 05:25:23 | INFO     | [lf.flight.extracted] SM957 on 24JAN: BKG=180, LF=100.6%
2026-01-03 05:25:26 | INFO     | [lf.flight.extracted] SM455 on 24JAN: BKG=157, LF=87.7%
2026-01-03 05:25:34 | INFO     | [SUCCESS] Day 24JAN
2026-01-03 05:25:34 | INFO     | [DAY_START] Processing 23JAN
2026-01-03 05:25:34 | INFO     | [lf.day.start] Processing ATZ-JED for 23JAN
2026-01-03 05:25:35 | INFO     | [lf.day.flights_found] Found 2 flights on 23JAN
2026-01-03 05:25:37 | INFO     | [lf.flight.extracted] SM491 on 23JAN: BKG=171, LF=95.5%
2026-01-03 05:25:40 | INFO     | [lf.flight.extracted] SM955 on 23JAN: BKG=180, LF=100.6%
2026-01-03 05:25:45 | INFO     | [SUCCESS] Day 23JAN
2026-01-03 05:25:45 | INFO     | [SUCCESS] LF Search Complete
2026-01-03 05:25:47 | INFO     | [Worker_9223] Completed: ATZ-JED - 4 results, 0 errors
2026-01-03 05:25:47 | INFO     | [Worker_9223] Processing: HBE-JED
2026-01-03 05:25:47 | INFO     |   Tier 0: Range 2, Chunk 3/3 (4 days)
