2026-01-03 05:24:51 | INFO     | ======================================================================
2026-01-03 05:24:51 | INFO     | Load Factor Scraper Started - Route: ATZ-TUU
2026-01-03 05:24:51 | INFO     | Log file: D:\CODERED\LAB\market_insights\outputs\run_generated_030126_at_05.10\logs\LF_ATZ-TUU_20260103_052451.log
2026-01-03 05:24:51 | INFO     | Enhanced logging: Capturing both logging.info() and print()
2026-01-03 05:24:51 | INFO     | ======================================================================
2026-01-03 05:24:51 | INFO     | Starting LF search for route: ATZ-TUU
2026-01-03 05:24:51 | INFO     | [START] LF Search
2026-01-03 05:24:52 | INFO     | [HEALTH CHECK] [OK] Chrome connection is healthy
2026-01-03 05:24:52 | INFO     | [DAY_START] Processing 26JAN
2026-01-03 05:24:52 | INFO     | [lf.day.start] Processing ATZ-TUU for 26JAN
2026-01-03 05:24:53 | WARNING  | [lf.day.no_flights] No direct flights on 26JAN
2026-01-03 05:24:53 | INFO     | [SUCCESS] Day 26JAN
2026-01-03 05:24:53 | INFO     | [DAY_START] Processing 25JAN
2026-01-03 05:24:53 | INFO     | [lf.day.start] Processing ATZ-TUU for 25JAN
2026-01-03 05:24:54 | WARNING  | [lf.day.no_flights] No direct flights on 25JAN
2026-01-03 05:24:55 | INFO     | [SUCCESS] Day 25JAN
2026-01-03 05:24:55 | INFO     | [DAY_START] Processing 24JAN
2026-01-03 05:24:55 | INFO     | [lf.day.start] Processing ATZ-TUU for 24JAN
2026-01-03 05:24:55 | WARNING  | [lf.day.no_flights] No direct flights on 24JAN
2026-01-03 05:24:56 | INFO     | [SUCCESS] Day 24JAN
2026-01-03 05:24:56 | INFO     | [DAY_START] Processing 23JAN
2026-01-03 05:24:56 | INFO     | [lf.day.start] Processing ATZ-TUU for 23JAN
2026-01-03 05:24:57 | INFO     | [lf.day.flights_found] Found 1 flights on 23JAN
2026-01-03 05:24:59 | INFO     | [lf.flight.extracted] SM327 on 23JAN: BKG=7, LF=3.9%
2026-01-03 05:25:01 | INFO     | [SUCCESS] Day 23JAN
2026-01-03 05:25:01 | INFO     | [SUCCESS] LF Search Complete
2026-01-03 05:25:03 | INFO     | [Worker_9225] Completed: ATZ-TUU - 4 results, 0 errors
2026-01-03 05:25:03 | INFO     | [Worker_9225] Processing: MED-HBE
2026-01-03 05:25:03 | INFO     |   Tier 0: Range 2, Chunk 3/3 (4 days)
