2026-01-03 05:27:45 | INFO     | ======================================================================
2026-01-03 05:27:45 | INFO     | Load Factor Scraper Started - Route: ATZ-JED
2026-01-03 05:27:45 | INFO     | Log file: D:\CODERED\LAB\market_insights\outputs\run_generated_030126_at_05.10\logs\LF_ATZ-JED_20260103_052745.log
2026-01-03 05:27:45 | INFO     | Enhanced logging: Capturing both logging.info() and print()
2026-01-03 05:27:45 | INFO     | ======================================================================
2026-01-03 05:27:45 | INFO     | Starting LF search for route: ATZ-JED
2026-01-03 05:27:45 | INFO     | [START] LF Search
2026-01-03 05:27:46 | INFO     | [HEALTH CHECK] [OK] Chrome connection is healthy
2026-01-03 05:27:46 | INFO     | [DAY_START] Processing 18JAN
2026-01-03 05:27:46 | INFO     | [lf.day.start] Processing ATZ-JED for 18JAN
2026-01-03 05:27:47 | INFO     | [lf.day.flights_found] Found 2 flights on 18JAN
2026-01-03 05:27:49 | INFO     | [lf.flight.extracted] SM491 on 18JAN: BKG=150, LF=83.8%
2026-01-03 05:27:52 | INFO     | [lf.flight.extracted] SM455 on 18JAN: BKG=161, LF=89.9%
2026-01-03 05:27:57 | INFO     | [SUCCESS] Day 18JAN
2026-01-03 05:27:57 | INFO     | [DAY_START] Processing 17JAN
2026-01-03 05:27:57 | INFO     | [lf.day.start] Processing ATZ-JED for 17JAN
2026-01-03 05:27:58 | INFO     | [lf.day.flights_found] Found 3 flights on 17JAN
2026-01-03 05:28:00 | INFO     | [lf.flight.extracted] SM491 on 17JAN: BKG=160, LF=89.4%
2026-01-03 05:28:03 | INFO     | [lf.flight.extracted] SM453 on 17JAN: BKG=115, LF=64.2%
2026-01-03 05:28:07 | INFO     | [lf.flight.extracted] SM455 on 17JAN: BKG=175, LF=97.8%
2026-01-03 05:28:16 | INFO     | [SUCCESS] Day 17JAN
2026-01-03 05:28:16 | INFO     | [DAY_START] Processing 16JAN
2026-01-03 05:28:16 | INFO     | [lf.day.start] Processing ATZ-JED for 16JAN
2026-01-03 05:28:16 | INFO     | [lf.day.flights_found] Found 1 flights on 16JAN
2026-01-03 05:28:18 | INFO     | [lf.flight.extracted] SM491 on 16JAN: BKG=142, LF=79.3%
2026-01-03 05:28:22 | INFO     | [SUCCESS] Day 16JAN
2026-01-03 05:28:22 | INFO     | [DAY_START] Processing 15JAN
2026-01-03 05:28:22 | INFO     | [lf.day.start] Processing ATZ-JED for 15JAN
2026-01-03 05:28:23 | INFO     | [lf.day.flights_found] Found 2 flights on 15JAN
2026-01-03 05:28:25 | INFO     | [lf.flight.extracted] SM453 on 15JAN: BKG=179, LF=100.0%
2026-01-03 05:28:28 | INFO     | [lf.flight.extracted] SM455 on 15JAN: BKG=179, LF=100.0%
2026-01-03 05:28:35 | INFO     | [SUCCESS] Day 15JAN
2026-01-03 05:28:35 | INFO     | [DAY_START] Processing 14JAN
2026-01-03 05:28:35 | INFO     | [lf.day.start] Processing ATZ-JED for 14JAN
2026-01-03 05:28:36 | INFO     | [lf.day.flights_found] Found 3 flights on 14JAN
2026-01-03 05:28:38 | INFO     | [lf.flight.extracted] SM453 on 14JAN: BKG=179, LF=100.0%
2026-01-03 05:28:41 | INFO     | [lf.flight.extracted] SM491 on 14JAN: BKG=177, LF=98.9%
2026-01-03 05:28:44 | INFO     | [lf.flight.extracted] SM421 on 14JAN: BKG=177, LF=98.9%
2026-01-03 05:28:52 | INFO     | [SUCCESS] Day 14JAN
2026-01-03 05:28:52 | INFO     | [DAY_START] Processing 13JAN
2026-01-03 05:28:52 | INFO     | [lf.day.start] Processing ATZ-JED for 13JAN
2026-01-03 05:28:53 | INFO     | [lf.day.flights_found] Found 2 flights on 13JAN
2026-01-03 05:28:55 | INFO     | [lf.flight.extracted] SM453 on 13JAN: BKG=166, LF=92.7%
2026-01-03 05:28:58 | INFO     | [lf.flight.extracted] SM455 on 13JAN: BKG=179, LF=100.0%
2026-01-03 05:29:04 | INFO     | [SUCCESS] Day 13JAN
2026-01-03 05:29:04 | INFO     | [SUCCESS] LF Search Complete
2026-01-03 05:29:06 | INFO     | [Worker_9224] Completed: ATZ-JED - 6 results, 0 errors
2026-01-03 05:29:06 | INFO     | [Worker_9224] Processing: HBE-MED
2026-01-03 05:29:06 | INFO     |   Tier 0: Range 1, Chunk 2/3 (5 days)
