2026-01-03 05:23:16 | INFO     | ======================================================================
2026-01-03 05:23:16 | INFO     | Load Factor Scraper Started - Route: ATZ-TUU
2026-01-03 05:23:16 | INFO     | Log file: D:\CODERED\LAB\market_insights\outputs\run_generated_030126_at_05.10\logs\LF_ATZ-TUU_20260103_052316.log
2026-01-03 05:23:16 | INFO     | Enhanced logging: Capturing both logging.info() and print()
2026-01-03 05:23:16 | INFO     | ======================================================================
2026-01-03 05:23:16 | INFO     | Starting LF search for route: ATZ-TUU
2026-01-03 05:23:16 | INFO     | [START] LF Search
2026-01-03 05:23:17 | INFO     | [HEALTH CHECK] [OK] Chrome connection is healthy
2026-01-03 05:23:17 | INFO     | [DAY_START] Processing 31JAN
2026-01-03 05:23:17 | INFO     | [lf.day.start] Processing ATZ-TUU for 31JAN
2026-01-03 05:23:18 | WARNING  | [lf.day.no_flights] No direct flights on 31JAN
2026-01-03 05:23:18 | INFO     | [SUCCESS] Day 31JAN
2026-01-03 05:23:18 | INFO     | [DAY_START] Processing 30JAN
2026-01-03 05:23:18 | INFO     | [lf.day.start] Processing ATZ-TUU for 30JAN
2026-01-03 05:23:19 | INFO     | [lf.day.flights_found] Found 1 flights on 30JAN
2026-01-03 05:23:21 | INFO     | [lf.flight.extracted] SM327 on 30JAN: BKG=11, LF=6.2%
2026-01-03 05:23:24 | INFO     | [SUCCESS] Day 30JAN
2026-01-03 05:23:24 | INFO     | [DAY_START] Processing 29JAN
2026-01-03 05:23:24 | INFO     | [lf.day.start] Processing ATZ-TUU for 29JAN
2026-01-03 05:23:25 | WARNING  | [lf.day.no_flights] No direct flights on 29JAN
2026-01-03 05:23:25 | INFO     | [SUCCESS] Day 29JAN
2026-01-03 05:23:25 | INFO     | [DAY_START] Processing 28JAN
2026-01-03 05:23:25 | INFO     | [lf.day.start] Processing ATZ-TUU for 28JAN
2026-01-03 05:23:26 | WARNING  | [lf.day.no_flights] No direct flights on 28JAN
2026-01-03 05:23:26 | INFO     | [SUCCESS] Day 28JAN
2026-01-03 05:23:26 | INFO     | [DAY_START] Processing 27JAN
2026-01-03 05:23:26 | INFO     | [lf.day.start] Processing ATZ-TUU for 27JAN
2026-01-03 05:23:27 | WARNING  | [lf.day.no_flights] No direct flights on 27JAN
2026-01-03 05:23:27 | INFO     | [SUCCESS] Day 27JAN
2026-01-03 05:23:27 | INFO     | [SUCCESS] LF Search Complete
2026-01-03 05:23:29 | INFO     | [Worker_9227] Completed: ATZ-TUU - 5 results, 0 errors
2026-01-03 05:23:29 | INFO     | [Worker_9227] Processing: MED-HBE
2026-01-03 05:23:29 | INFO     |   Tier 0: Range 2, Chunk 2/3 (4 days)
