2026-01-03 05:28:05 | INFO     | ======================================================================
2026-01-03 05:28:05 | INFO     | Load Factor Scraper Started - Route: ATZ-TUU
2026-01-03 05:28:05 | INFO     | Log file: D:\CODERED\LAB\market_insights\outputs\run_generated_030126_at_05.10\logs\LF_ATZ-TUU_20260103_052805.log
2026-01-03 05:28:05 | INFO     | Enhanced logging: Capturing both logging.info() and print()
2026-01-03 05:28:05 | INFO     | ======================================================================
2026-01-03 05:28:05 | INFO     | Starting LF search for route: ATZ-TUU
2026-01-03 05:28:05 | INFO     | [START] LF Search
2026-01-03 05:28:06 | INFO     | [HEALTH CHECK] [OK] Chrome connection is healthy
2026-01-03 05:28:06 | INFO     | [DAY_START] Processing 18JAN
2026-01-03 05:28:06 | INFO     | [lf.day.start] Processing ATZ-TUU for 18JAN
2026-01-03 05:28:07 | WARNING  | [lf.day.no_flights] No direct flights on 18JAN
2026-01-03 05:28:07 | INFO     | [SUCCESS] Day 18JAN
2026-01-03 05:28:07 | INFO     | [DAY_START] Processing 17JAN
2026-01-03 05:28:07 | INFO     | [lf.day.start] Processing ATZ-TUU for 17JAN
2026-01-03 05:28:08 | WARNING  | [lf.day.no_flights] No direct flights on 17JAN
2026-01-03 05:28:08 | INFO     | [SUCCESS] Day 17JAN
2026-01-03 05:28:08 | INFO     | [DAY_START] Processing 16JAN
2026-01-03 05:28:08 | INFO     | [lf.day.start] Processing ATZ-TUU for 16JAN
2026-01-03 05:28:09 | INFO     | [lf.day.flights_found] Found 1 flights on 16JAN
2026-01-03 05:28:11 | INFO     | [lf.flight.extracted] SM327 on 16JAN: BKG=10, LF=5.6%
2026-01-03 05:28:13 | INFO     | [SUCCESS] Day 16JAN
2026-01-03 05:28:13 | INFO     | [DAY_START] Processing 15JAN
2026-01-03 05:28:13 | INFO     | [lf.day.start] Processing ATZ-TUU for 15JAN
2026-01-03 05:28:14 | WARNING  | [lf.day.no_flights] No direct flights on 15JAN
2026-01-03 05:28:15 | INFO     | [SUCCESS] Day 15JAN
2026-01-03 05:28:15 | INFO     | [DAY_START] Processing 14JAN
2026-01-03 05:28:15 | INFO     | [lf.day.start] Processing ATZ-TUU for 14JAN
2026-01-03 05:28:15 | WARNING  | [lf.day.no_flights] No direct flights on 14JAN
2026-01-03 05:28:16 | INFO     | [SUCCESS] Day 14JAN
2026-01-03 05:28:16 | INFO     | [DAY_START] Processing 13JAN
2026-01-03 05:28:16 | INFO     | [lf.day.start] Processing ATZ-TUU for 13JAN
2026-01-03 05:28:17 | WARNING  | [lf.day.no_flights] No direct flights on 13JAN
2026-01-03 05:28:17 | INFO     | [SUCCESS] Day 13JAN
2026-01-03 05:28:17 | INFO     | [SUCCESS] LF Search Complete
2026-01-03 05:28:19 | INFO     | [Worker_9223] Completed: ATZ-TUU - 6 results, 0 errors
2026-01-03 05:28:19 | INFO     | [Worker_9223] Processing: MED-HBE
2026-01-03 05:28:19 | INFO     |   Tier 0: Range 1, Chunk 2/3 (5 days)
