2026-01-03 05:31:14 | INFO     | ======================================================================
2026-01-03 05:31:14 | INFO     | Load Factor Scraper Started - Route: CAI-JED
2026-01-03 05:31:14 | INFO     | Log file: D:\CODERED\LAB\market_insights\outputs\run_generated_030126_at_05.10\logs\LF_CAI-JED_20260103_053114.log
2026-01-03 05:31:14 | INFO     | Enhanced logging: Capturing both logging.info() and print()
2026-01-03 05:31:14 | INFO     | ======================================================================
2026-01-03 05:31:14 | INFO     | Starting LF search for route: CAI-JED
2026-01-03 05:31:14 | INFO     | [START] LF Search
2026-01-03 05:31:15 | INFO     | [HEALTH CHECK] [OK] Chrome connection is healthy
2026-01-03 05:31:15 | INFO     | [DAY_START] Processing 07JAN
2026-01-03 05:31:15 | INFO     | [lf.day.start] Processing CAI-JED for 07JAN
2026-01-03 05:31:16 | INFO     | [lf.day.flights_found] Found 5 flights on 07JAN
2026-01-03 05:31:18 | INFO     | [lf.flight.extracted] SM423 on 07JAN: BKG=154, LF=87.5%
2026-01-03 05:31:22 | INFO     | [lf.flight.extracted] SM475 on 07JAN: BKG=126, LF=70.4%
2026-01-03 05:31:25 | INFO     | [lf.flight.extracted] SM459 on 07JAN: BKG=125, LF=69.8%
2026-01-03 05:31:28 | INFO     | [lf.flight.extracted] SM477 on 07JAN: BKG=160, LF=89.4%
2026-01-03 05:31:31 | INFO     | [lf.flight.extracted] SM471 on 07JAN: BKG=68, LF=38.0%
2026-01-03 05:31:52 | INFO     | [SUCCESS] Day 07JAN
2026-01-03 05:31:52 | INFO     | [DAY_START] Processing 06JAN
2026-01-03 05:31:52 | INFO     | [lf.day.start] Processing CAI-JED for 06JAN
2026-01-03 05:31:53 | INFO     | [lf.day.flights_found] Found 6 flights on 06JAN
2026-01-03 05:31:55 | INFO     | [lf.flight.extracted] SM471 on 06JAN: BKG=101, LF=56.4%
2026-01-03 05:31:58 | INFO     | [lf.flight.extracted] SM479 on 06JAN: BKG=134, LF=74.9%
2026-01-03 05:32:01 | INFO     | [lf.flight.extracted] SM477 on 06JAN: BKG=144, LF=80.5%
2026-01-03 05:32:04 | INFO     | [lf.flight.extracted] SM459 on 06JAN: BKG=179, LF=101.7%
2026-01-03 05:32:07 | INFO     | [lf.flight.extracted] SM423 on 06JAN: BKG=82, LF=45.8%
2026-01-03 05:32:11 | INFO     | [lf.flight.extracted] SM475 on 06JAN: BKG=110, LF=61.1%
2026-01-03 05:32:33 | INFO     | [SUCCESS] Day 06JAN
2026-01-03 05:32:33 | INFO     | [DAY_START] Processing 05JAN
2026-01-03 05:32:33 | INFO     | [lf.day.start] Processing CAI-JED for 05JAN
2026-01-03 05:32:34 | INFO     | [lf.day.flights_found] Found 3 flights on 05JAN
2026-01-03 05:32:36 | INFO     | [lf.flight.extracted] SM475 on 05JAN: BKG=150, LF=83.8%
2026-01-03 05:32:39 | INFO     | [lf.flight.extracted] SM477 on 05JAN: BKG=137, LF=77.8%
2026-01-03 05:32:42 | INFO     | [lf.flight.extracted] SM459 on 05JAN: BKG=153, LF=86.9%
2026-01-03 05:32:57 | INFO     | [SUCCESS] Day 05JAN
2026-01-03 05:32:57 | INFO     | [DAY_START] Processing 04JAN
2026-01-03 05:32:57 | INFO     | [lf.day.start] Processing CAI-JED for 04JAN
2026-01-03 05:32:57 | INFO     | [lf.day.flights_found] Found 5 flights on 04JAN
2026-01-03 05:32:59 | INFO     | [lf.flight.extracted] SM475 on 04JAN: BKG=53, LF=29.6%
2026-01-03 05:33:02 | INFO     | [lf.flight.extracted] SM431 on 04JAN: BKG=82, LF=45.8%
2026-01-03 05:33:06 | INFO     | [lf.flight.extracted] SM459 on 04JAN: BKG=176, LF=98.3%
2026-01-03 05:33:09 | INFO     | [lf.flight.extracted] SM477 on 04JAN: BKG=135, LF=76.7%
2026-01-03 05:33:13 | INFO     | [lf.flight.extracted] SM479 on 04JAN: BKG=103, LF=57.2%
2026-01-03 05:33:34 | INFO     | [SUCCESS] Day 04JAN
2026-01-03 05:33:34 | INFO     | [SUCCESS] LF Search Complete
2026-01-03 05:33:36 | INFO     | [Worker_9233] Completed: CAI-JED - 4 results, 0 errors
2026-01-03 05:39:01 | INFO     | [Worker_9233] Shutdown signal received, exiting...
2026-01-03 05:39:01 | INFO     | [Worker_9233] Finished. Processed 10 groups.
