2026-01-03 05:23:16 | INFO     | ======================================================================
2026-01-03 05:23:16 | INFO     | Load Factor Scraper Started - Route: CAI-TUU
2026-01-03 05:23:16 | INFO     | Log file: D:\CODERED\LAB\market_insights\outputs\run_generated_030126_at_05.10\logs\LF_CAI-TUU_20260103_052316.log
2026-01-03 05:23:16 | INFO     | Enhanced logging: Capturing both logging.info() and print()
2026-01-03 05:23:16 | INFO     | ======================================================================
2026-01-03 05:23:16 | INFO     | Starting LF search for route: CAI-TUU
2026-01-03 05:23:16 | INFO     | [START] LF Search
2026-01-03 05:23:17 | INFO     | [HEALTH CHECK] [OK] Chrome connection is healthy
2026-01-03 05:23:17 | INFO     | [DAY_START] Processing 31JAN
2026-01-03 05:23:17 | INFO     | [lf.day.start] Processing CAI-TUU for 31JAN
2026-01-03 05:23:18 | INFO     | [lf.day.flights_found] Found 1 flights on 31JAN
2026-01-03 05:23:20 | INFO     | [lf.flight.extracted] SM325 on 31JAN: BKG=23, LF=12.8%
2026-01-03 05:23:23 | INFO     | [SUCCESS] Day 31JAN
2026-01-03 05:23:23 | INFO     | [DAY_START] Processing 30JAN
2026-01-03 05:23:23 | INFO     | [lf.day.start] Processing CAI-TUU for 30JAN
2026-01-03 05:23:24 | WARNING  | [lf.day.no_flights] No direct flights on 30JAN
2026-01-03 05:23:25 | INFO     | [SUCCESS] Day 30JAN
2026-01-03 05:23:25 | INFO     | [DAY_START] Processing 29JAN
2026-01-03 05:23:25 | INFO     | [lf.day.start] Processing CAI-TUU for 29JAN
2026-01-03 05:23:26 | INFO     | [lf.day.flights_found] Found 1 flights on 29JAN
2026-01-03 05:23:27 | INFO     | [lf.flight.extracted] SM325 on 29JAN: BKG=13, LF=7.3%
2026-01-03 05:23:30 | INFO     | [SUCCESS] Day 29JAN
2026-01-03 05:23:30 | INFO     | [DAY_START] Processing 28JAN
2026-01-03 05:23:30 | INFO     | [lf.day.start] Processing CAI-TUU for 28JAN
2026-01-03 05:23:31 | INFO     | [lf.day.flights_found] Found 1 flights on 28JAN
2026-01-03 05:23:33 | INFO     | [lf.flight.extracted] SM325 on 28JAN: BKG=7, LF=3.9%
2026-01-03 05:23:35 | INFO     | [SUCCESS] Day 28JAN
2026-01-03 05:23:35 | INFO     | [DAY_START] Processing 27JAN
2026-01-03 05:23:35 | INFO     | [lf.day.start] Processing CAI-TUU for 27JAN
2026-01-03 05:23:36 | WARNING  | [lf.day.no_flights] No direct flights on 27JAN
2026-01-03 05:23:36 | INFO     | [SUCCESS] Day 27JAN
2026-01-03 05:23:36 | INFO     | [SUCCESS] LF Search Complete
2026-01-03 05:23:38 | INFO     | [Worker_9224] Completed: CAI-TUU - 5 results, 0 errors
2026-01-03 05:23:38 | INFO     | [Worker_9224] Processing: JED-CAI
2026-01-03 05:23:38 | INFO     |   Tier 0: Range 2, Chunk 2/3 (4 days)
