2026-01-03 05:25:44 | INFO     | ======================================================================
2026-01-03 05:25:44 | INFO     | Load Factor Scraper Started - Route: CAI-JED
2026-01-03 05:25:44 | INFO     | Log file: D:\CODERED\LAB\market_insights\outputs\run_generated_030126_at_05.10\logs\LF_CAI-JED_20260103_052544.log
2026-01-03 05:25:44 | INFO     | Enhanced logging: Capturing both logging.info() and print()
2026-01-03 05:25:44 | INFO     | ======================================================================
2026-01-03 05:25:44 | INFO     | Starting LF search for route: CAI-JED
2026-01-03 05:25:44 | INFO     | [START] LF Search
2026-01-03 05:25:45 | INFO     | [HEALTH CHECK] [OK] Chrome connection is healthy
2026-01-03 05:25:45 | INFO     | [DAY_START] Processing 22JAN
2026-01-03 05:25:45 | INFO     | [lf.day.start] Processing CAI-JED for 22JAN
2026-01-03 05:25:46 | INFO     | [lf.day.flights_found] Found 7 flights on 22JAN
2026-01-03 05:25:48 | INFO     | [lf.flight.extracted] SM449 on 22JAN: BKG=109, LF=60.9%
2026-01-03 05:25:52 | INFO     | [lf.flight.extracted] SM475 on 22JAN: BKG=179, LF=100.0%
2026-01-03 05:25:55 | INFO     | [lf.flight.extracted] SM431 on 22JAN: BKG=179, LF=100.0%
2026-01-03 05:25:59 | INFO     | [lf.flight.extracted] SM961 on 22JAN: BKG=152, LF=86.4%
2026-01-03 05:26:03 | INFO     | [lf.flight.extracted] SM477 on 22JAN: BKG=180, LF=100.6%
2026-01-03 05:26:07 | INFO     | [lf.flight.extracted] SM479 on 22JAN: BKG=166, LF=92.7%
2026-01-03 05:26:11 | INFO     | [lf.flight.extracted] SM423 on 22JAN: BKG=152, LF=84.9%
2026-01-03 05:26:38 | INFO     | [SUCCESS] Day 22JAN
2026-01-03 05:26:38 | INFO     | [DAY_START] Processing 21JAN
2026-01-03 05:26:38 | INFO     | [lf.day.start] Processing CAI-JED for 21JAN
2026-01-03 05:26:39 | INFO     | [lf.day.flights_found] Found 5 flights on 21JAN
2026-01-03 05:26:41 | INFO     | [lf.flight.extracted] SM423 on 21JAN: BKG=128, LF=71.5%
2026-01-03 05:26:44 | INFO     | [lf.flight.extracted] SM475 on 21JAN: BKG=167, LF=93.3%
2026-01-03 05:26:47 | INFO     | [lf.flight.extracted] SM459 on 21JAN: BKG=168, LF=93.8%
2026-01-03 05:26:50 | INFO     | [lf.flight.extracted] SM477 on 21JAN: BKG=179, LF=100.0%
2026-01-03 05:26:54 | INFO     | [lf.flight.extracted] SM471 on 21JAN: BKG=179, LF=100.0%
2026-01-03 05:27:09 | INFO     | [SUCCESS] Day 21JAN
2026-01-03 05:27:09 | INFO     | [DAY_START] Processing 20JAN
2026-01-03 05:27:09 | INFO     | [lf.day.start] Processing CAI-JED for 20JAN
2026-01-03 05:27:10 | INFO     | [lf.day.flights_found] Found 7 flights on 20JAN
2026-01-03 05:27:12 | INFO     | [lf.flight.extracted] SM471 on 20JAN: BKG=167, LF=93.3%
2026-01-03 05:27:15 | INFO     | [lf.flight.extracted] SM953 on 20JAN: BKG=150, LF=83.8%
2026-01-03 05:27:18 | INFO     | [lf.flight.extracted] SM479 on 20JAN: BKG=166, LF=94.3%
2026-01-03 05:27:22 | INFO     | [lf.flight.extracted] SM477 on 20JAN: BKG=170, LF=95.0%
2026-01-03 05:27:25 | INFO     | [lf.flight.extracted] SM459 on 20JAN: BKG=179, LF=99.4%
2026-01-03 05:27:28 | INFO     | [lf.flight.extracted] SM423 on 20JAN: BKG=178, LF=99.4%
2026-01-03 05:27:31 | INFO     | [lf.flight.extracted] SM475 on 20JAN: BKG=155, LF=86.6%
2026-01-03 05:27:54 | INFO     | [SUCCESS] Day 20JAN
2026-01-03 05:27:54 | INFO     | [DAY_START] Processing 19JAN
2026-01-03 05:27:54 | INFO     | [lf.day.start] Processing CAI-JED for 19JAN
2026-01-03 05:27:55 | INFO     | [lf.day.flights_found] Found 3 flights on 19JAN
2026-01-03 05:27:57 | INFO     | [lf.flight.extracted] SM475 on 19JAN: BKG=179, LF=100.0%
2026-01-03 05:28:00 | INFO     | [lf.flight.extracted] SM477 on 19JAN: BKG=179, LF=100.0%
2026-01-03 05:28:03 | INFO     | [lf.flight.extracted] SM459 on 19JAN: BKG=179, LF=100.0%
2026-01-03 05:28:14 | INFO     | [SUCCESS] Day 19JAN
2026-01-03 05:28:14 | INFO     | [SUCCESS] LF Search Complete
2026-01-03 05:28:16 | INFO     | [Worker_9226] Completed: CAI-JED - 4 results, 0 errors
2026-01-03 05:28:16 | INFO     | [Worker_9226] Processing: MED-CAI
2026-01-03 05:28:16 | INFO     |   Tier 0: Range 1, Chunk 2/3 (5 days)
