2026-01-03 05:25:38 | INFO     | ======================================================================
2026-01-03 05:25:38 | INFO     | Load Factor Scraper Started - Route: HBE-MED
2026-01-03 05:25:38 | INFO     | Log file: D:\CODERED\LAB\market_insights\outputs\run_generated_030126_at_05.10\logs\LF_HBE-MED_20260103_052538.log
2026-01-03 05:25:38 | INFO     | Enhanced logging: Capturing both logging.info() and print()
2026-01-03 05:25:38 | INFO     | ======================================================================
2026-01-03 05:25:38 | INFO     | Starting LF search for route: HBE-MED
2026-01-03 05:25:38 | INFO     | [START] LF Search
2026-01-03 05:25:39 | INFO     | [HEALTH CHECK] [OK] Chrome connection is healthy
2026-01-03 05:25:39 | INFO     | [DAY_START] Processing 22JAN
2026-01-03 05:25:39 | INFO     | [lf.day.start] Processing HBE-MED for 22JAN
2026-01-03 05:25:40 | INFO     | [lf.day.flights_found] Found 1 flights on 22JAN
2026-01-03 05:25:42 | INFO     | [lf.flight.extracted] SM485 on 22JAN: BKG=177, LF=100.0%
2026-01-03 05:25:46 | INFO     | [SUCCESS] Day 22JAN
2026-01-03 05:25:46 | INFO     | [DAY_START] Processing 21JAN
2026-01-03 05:25:46 | INFO     | [lf.day.start] Processing HBE-MED for 21JAN
2026-01-03 05:25:47 | INFO     | [lf.day.flights_found] Found 1 flights on 21JAN
2026-01-03 05:25:49 | INFO     | [lf.flight.extracted] SM485 on 21JAN: BKG=175, LF=99.4%
2026-01-03 05:25:52 | INFO     | [SUCCESS] Day 21JAN
2026-01-03 05:25:52 | INFO     | [DAY_START] Processing 20JAN
2026-01-03 05:25:52 | INFO     | [lf.day.start] Processing HBE-MED for 20JAN
2026-01-03 05:25:53 | INFO     | [lf.day.flights_found] Found 1 flights on 20JAN
2026-01-03 05:25:55 | INFO     | [lf.flight.extracted] SM485 on 20JAN: BKG=168, LF=95.5%
2026-01-03 05:26:02 | INFO     | [SUCCESS] Day 20JAN
2026-01-03 05:26:02 | INFO     | [DAY_START] Processing 19JAN
2026-01-03 05:26:02 | INFO     | [lf.day.start] Processing HBE-MED for 19JAN
2026-01-03 05:26:03 | WARNING  | [lf.day.no_flights] No direct flights on 19JAN
2026-01-03 05:26:03 | INFO     | [SUCCESS] Day 19JAN
2026-01-03 05:26:03 | INFO     | [SUCCESS] LF Search Complete
2026-01-03 05:26:05 | INFO     | [Worker_9225] Completed: HBE-MED - 4 results, 0 errors
2026-01-03 05:26:05 | INFO     | [Worker_9225] Processing: CAI-TUU
2026-01-03 05:26:05 | INFO     |   Tier 0: Range 2, Chunk 3/3 (4 days)
