2026-01-03 05:23:38 | INFO     | ======================================================================
2026-01-03 05:23:38 | INFO     | Load Factor Scraper Started - Route: JED-CAI
2026-01-03 05:23:38 | INFO     | Log file: D:\CODERED\LAB\market_insights\outputs\run_generated_030126_at_05.10\logs\LF_JED-CAI_20260103_052338.log
2026-01-03 05:23:38 | INFO     | Enhanced logging: Capturing both logging.info() and print()
2026-01-03 05:23:38 | INFO     | ======================================================================
2026-01-03 05:23:38 | INFO     | Starting LF search for route: JED-CAI
2026-01-03 05:23:38 | INFO     | [START] LF Search
2026-01-03 05:23:39 | INFO     | [HEALTH CHECK] [OK] Chrome connection is healthy
2026-01-03 05:23:39 | INFO     | [DAY_START] Processing 26JAN
2026-01-03 05:23:39 | INFO     | [lf.day.start] Processing JED-CAI for 26JAN
2026-01-03 05:23:40 | INFO     | [lf.day.flights_found] Found 4 flights on 26JAN
2026-01-03 05:23:42 | INFO     | [lf.flight.extracted] SM480 on 26JAN: BKG=8, LF=4.6%
2026-01-03 05:23:45 | INFO     | [lf.flight.extracted] SM476 on 26JAN: BKG=103, LF=58.9%
2026-01-03 05:23:48 | INFO     | [lf.flight.extracted] SM478 on 26JAN: BKG=152, LF=86.9%
2026-01-03 05:23:51 | INFO     | [lf.flight.extracted] SM460 on 26JAN: BKG=153, LF=87.4%
2026-01-03 05:24:00 | INFO     | [SUCCESS] Day 26JAN
2026-01-03 05:24:00 | INFO     | [DAY_START] Processing 25JAN
2026-01-03 05:24:00 | INFO     | [lf.day.start] Processing JED-CAI for 25JAN
2026-01-03 05:24:01 | INFO     | [lf.day.flights_found] Found 5 flights on 25JAN
2026-01-03 05:24:03 | INFO     | [lf.flight.extracted] SM424 on 25JAN: BKG=94, LF=53.7%
2026-01-03 05:24:06 | INFO     | [lf.flight.extracted] SM476 on 25JAN: BKG=52, LF=29.7%
2026-01-03 05:24:09 | INFO     | [lf.flight.extracted] SM432 on 25JAN: BKG=7, LF=4.0%
2026-01-03 05:24:12 | INFO     | [lf.flight.extracted] SM460 on 25JAN: BKG=111, LF=63.4%
2026-01-03 05:24:16 | INFO     | [lf.flight.extracted] SM478 on 25JAN: BKG=123, LF=70.3%
2026-01-03 05:24:18 | ERROR    | Atomic write failed for D:\CODERED\LAB\market_insights\outputs\run_generated_030126_at_05.10\checkpoints\flight_booking_data.json: [WinError 5] Access is denied: 'D:\\CODERED\\LAB\\market_insights\\outputs\\run_generated_030126_at_05.10\\checkpoints\\flight_booking_data.tmp_718231cb' -> 'D:\\CODERED\\LAB\\market_insights\\outputs\\run_generated_030126_at_05.10\\checkpoints\\flight_booking_data.json'
2026-01-03 05:24:24 | INFO     | [SUCCESS] Day 25JAN
2026-01-03 05:24:24 | INFO     | [DAY_START] Processing 24JAN
2026-01-03 05:24:24 | INFO     | [lf.day.start] Processing JED-CAI for 24JAN
2026-01-03 05:24:25 | INFO     | [lf.day.flights_found] Found 3 flights on 24JAN
2026-01-03 05:24:27 | INFO     | [lf.flight.extracted] SM450 on 24JAN: BKG=19, LF=10.9%
2026-01-03 05:24:30 | INFO     | [lf.flight.extracted] SM476 on 24JAN: BKG=145, LF=86.3%
2026-01-03 05:24:34 | INFO     | [lf.flight.extracted] SM478 on 24JAN: BKG=132, LF=75.4%
2026-01-03 05:24:43 | INFO     | [SUCCESS] Day 24JAN
2026-01-03 05:24:43 | INFO     | [DAY_START] Processing 23JAN
2026-01-03 05:24:43 | INFO     | [lf.day.start] Processing JED-CAI for 23JAN
2026-01-03 05:24:44 | INFO     | [lf.day.flights_found] Found 6 flights on 23JAN
2026-01-03 05:24:45 | INFO     | [lf.flight.extracted] SM424 on 23JAN: BKG=8, LF=4.8%
2026-01-03 05:24:48 | INFO     | [lf.flight.extracted] SM476 on 23JAN: BKG=3, LF=1.7%
2026-01-03 05:24:51 | INFO     | [lf.flight.extracted] SM478 on 23JAN: BKG=10, LF=5.7%
2026-01-03 05:24:54 | INFO     | [lf.flight.extracted] SM480 on 23JAN: BKG=54, LF=30.9%
2026-01-03 05:24:58 | INFO     | [lf.flight.extracted] SM472 on 23JAN: BKG=97, LF=55.4%
2026-01-03 05:25:02 | INFO     | [lf.flight.extracted] SM460 on 23JAN: BKG=58, LF=33.1%
2026-01-03 05:25:12 | INFO     | [SUCCESS] Day 23JAN
2026-01-03 05:25:12 | INFO     | [SUCCESS] LF Search Complete
2026-01-03 05:25:14 | INFO     | [Worker_9224] Completed: JED-CAI - 4 results, 0 errors
2026-01-03 05:25:14 | INFO     | [Worker_9224] Processing: JED-HBE
2026-01-03 05:25:14 | INFO     |   Tier 0: Range 2, Chunk 3/3 (4 days)
