2026-01-03 05:23:43 | INFO     | ======================================================================
2026-01-03 05:23:43 | INFO     | Load Factor Scraper Started - Route: JED-HBE
2026-01-03 05:23:43 | INFO     | Log file: D:\CODERED\LAB\market_insights\outputs\run_generated_030126_at_05.10\logs\LF_JED-HBE_20260103_052343.log
2026-01-03 05:23:43 | INFO     | Enhanced logging: Capturing both logging.info() and print()
2026-01-03 05:23:43 | INFO     | ======================================================================
2026-01-03 05:23:43 | INFO     | Starting LF search for route: JED-HBE
2026-01-03 05:23:43 | INFO     | [START] LF Search
2026-01-03 05:23:43 | INFO     | [HEALTH CHECK] [OK] Chrome connection is healthy
2026-01-03 05:23:43 | INFO     | [DAY_START] Processing 26JAN
2026-01-03 05:23:43 | INFO     | [lf.day.start] Processing JED-HBE for 26JAN
2026-01-03 05:23:44 | INFO     | [lf.day.flights_found] Found 5 flights on 26JAN
2026-01-03 05:23:46 | INFO     | [lf.flight.extracted] SM952 on 26JAN: BKG=45, LF=27.0%
2026-01-03 05:23:49 | INFO     | [lf.flight.extracted] SM954 on 26JAN: BKG=2, LF=1.2%
2026-01-03 05:23:52 | INFO     | [lf.flight.extracted] SM458 on 26JAN: BKG=130, LF=74.3%
2026-01-03 05:23:56 | INFO     | [lf.flight.extracted] SM452 on 26JAN: BKG=106, LF=61.6%
2026-01-03 05:23:59 | INFO     | [lf.flight.extracted] SM956 on 26JAN: BKG=83, LF=49.7%
2026-01-03 05:24:06 | INFO     | [SUCCESS] Day 26JAN
2026-01-03 05:24:06 | INFO     | [DAY_START] Processing 25JAN
2026-01-03 05:24:06 | INFO     | [lf.day.start] Processing JED-HBE for 25JAN
2026-01-03 05:24:07 | INFO     | [lf.day.flights_found] Found 2 flights on 25JAN
2026-01-03 05:24:09 | INFO     | [lf.flight.extracted] SM458 on 25JAN: BKG=155, LF=88.6%
2026-01-03 05:24:12 | INFO     | [lf.flight.extracted] SM452 on 25JAN: BKG=152, LF=88.4%
2026-01-03 05:24:21 | INFO     | [SUCCESS] Day 25JAN
2026-01-03 05:24:21 | INFO     | [DAY_START] Processing 24JAN
2026-01-03 05:24:21 | INFO     | [lf.day.start] Processing JED-HBE for 24JAN
2026-01-03 05:24:22 | INFO     | [lf.day.flights_found] Found 2 flights on 24JAN
2026-01-03 05:24:24 | INFO     | [lf.flight.extracted] SM458 on 24JAN: BKG=171, LF=99.4%
2026-01-03 05:24:27 | INFO     | [lf.flight.extracted] SM452 on 24JAN: BKG=164, LF=95.3%
2026-01-03 05:24:34 | INFO     | [SUCCESS] Day 24JAN
2026-01-03 05:24:34 | INFO     | [DAY_START] Processing 23JAN
2026-01-03 05:24:34 | INFO     | [lf.day.start] Processing JED-HBE for 23JAN
2026-01-03 05:24:35 | INFO     | [lf.day.flights_found] Found 1 flights on 23JAN
2026-01-03 05:24:37 | INFO     | [lf.flight.extracted] SM452 on 23JAN: BKG=36, LF=21.8%
2026-01-03 05:24:40 | INFO     | [SUCCESS] Day 23JAN
2026-01-03 05:24:40 | INFO     | [SUCCESS] LF Search Complete
2026-01-03 05:24:42 | INFO     | [Worker_9227] Completed: JED-HBE - 4 results, 0 errors
2026-01-03 05:24:42 | INFO     | [Worker_9227] Processing: CAI-TUU
2026-01-03 05:24:42 | INFO     |   Tier 0: Range 2, Chunk 2/3 (4 days)
