2026-01-03 05:24:54 | INFO     | ======================================================================
2026-01-03 05:24:54 | INFO     | Load Factor Scraper Started - Route: MED-CAI
2026-01-03 05:24:54 | INFO     | Log file: D:\CODERED\LAB\market_insights\outputs\run_generated_030126_at_05.10\logs\LF_MED-CAI_20260103_052454.log
2026-01-03 05:24:54 | INFO     | Enhanced logging: Capturing both logging.info() and print()
2026-01-03 05:24:54 | INFO     | ======================================================================
2026-01-03 05:24:54 | INFO     | Starting LF search for route: MED-CAI
2026-01-03 05:24:54 | INFO     | [START] LF Search
2026-01-03 05:24:55 | INFO     | [HEALTH CHECK] [OK] Chrome connection is healthy
2026-01-03 05:24:55 | INFO     | [DAY_START] Processing 22JAN
2026-01-03 05:24:55 | INFO     | [lf.day.start] Processing MED-CAI for 22JAN
2026-01-03 05:24:56 | INFO     | [lf.day.flights_found] Found 1 flights on 22JAN
2026-01-03 05:24:58 | INFO     | [lf.flight.extracted] SM494 on 22JAN: BKG=168, LF=96.0%
2026-01-03 05:25:03 | INFO     | [SUCCESS] Day 22JAN
2026-01-03 05:25:03 | INFO     | [DAY_START] Processing 21JAN
2026-01-03 05:25:03 | INFO     | [lf.day.start] Processing MED-CAI for 21JAN
2026-01-03 05:25:04 | WARNING  | [lf.day.no_flights] No direct flights on 21JAN
2026-01-03 05:25:04 | INFO     | [SUCCESS] Day 21JAN
2026-01-03 05:25:04 | INFO     | [DAY_START] Processing 20JAN
2026-01-03 05:25:04 | INFO     | [lf.day.start] Processing MED-CAI for 20JAN
2026-01-03 05:25:05 | INFO     | [lf.day.flights_found] Found 2 flights on 20JAN
2026-01-03 05:25:07 | INFO     | [lf.flight.extracted] SM496 on 20JAN: BKG=160, LF=91.4%
2026-01-03 05:25:10 | INFO     | [lf.flight.extracted] SM494 on 20JAN: BKG=115, LF=65.7%
2026-01-03 05:25:19 | INFO     | [SUCCESS] Day 20JAN
2026-01-03 05:25:19 | INFO     | [DAY_START] Processing 19JAN
2026-01-03 05:25:19 | INFO     | [lf.day.start] Processing MED-CAI for 19JAN
2026-01-03 05:25:20 | WARNING  | [lf.day.no_flights] No direct flights on 19JAN
2026-01-03 05:25:20 | INFO     | [SUCCESS] Day 19JAN
2026-01-03 05:25:20 | INFO     | [SUCCESS] LF Search Complete
2026-01-03 05:25:22 | INFO     | [Worker_9227] Completed: MED-CAI - 4 results, 0 errors
2026-01-03 05:25:22 | INFO     | [Worker_9227] Processing: JED-ATZ
2026-01-03 05:25:22 | INFO     |   Tier 0: Range 2, Chunk 3/3 (4 days)
