2026-01-03 05:30:10 | INFO     | ======================================================================
2026-01-03 05:30:10 | INFO     | Load Factor Scraper Started - Route: MED-HBE
2026-01-03 05:30:10 | INFO     | Log file: D:\CODERED\LAB\market_insights\outputs\run_generated_030126_at_05.10\logs\LF_MED-HBE_20260103_053010.log
2026-01-03 05:30:10 | INFO     | Enhanced logging: Capturing both logging.info() and print()
2026-01-03 05:30:10 | INFO     | ======================================================================
2026-01-03 05:30:10 | INFO     | Starting LF search for route: MED-HBE
2026-01-03 05:30:10 | INFO     | [START] LF Search
2026-01-03 05:30:11 | INFO     | [HEALTH CHECK] [OK] Chrome connection is healthy
2026-01-03 05:30:11 | INFO     | [DAY_START] Processing 07JAN
2026-01-03 05:30:11 | INFO     | [lf.day.start] Processing MED-HBE for 07JAN
2026-01-03 05:30:12 | INFO     | [lf.day.flights_found] Found 1 flights on 07JAN
2026-01-03 05:30:14 | INFO     | [lf.flight.extracted] SM486 on 07JAN: BKG=169, LF=102.4%
2026-01-03 05:30:19 | INFO     | [SUCCESS] Day 07JAN
2026-01-03 05:30:19 | INFO     | [DAY_START] Processing 06JAN
2026-01-03 05:30:19 | INFO     | [lf.day.start] Processing MED-HBE for 06JAN
2026-01-03 05:30:20 | INFO     | [lf.day.flights_found] Found 1 flights on 06JAN
2026-01-03 05:30:21 | INFO     | [lf.flight.extracted] SM486 on 06JAN: BKG=177, LF=101.1%
2026-01-03 05:30:26 | INFO     | [SUCCESS] Day 06JAN
2026-01-03 05:30:26 | INFO     | [DAY_START] Processing 05JAN
2026-01-03 05:30:26 | INFO     | [lf.day.start] Processing MED-HBE for 05JAN
2026-01-03 05:30:27 | WARNING  | [lf.day.no_flights] No direct flights on 05JAN
2026-01-03 05:30:27 | INFO     | [SUCCESS] Day 05JAN
2026-01-03 05:30:27 | INFO     | [DAY_START] Processing 04JAN
2026-01-03 05:30:27 | INFO     | [lf.day.start] Processing MED-HBE for 04JAN
2026-01-03 05:30:28 | INFO     | [lf.day.flights_found] Found 1 flights on 04JAN
2026-01-03 05:30:30 | INFO     | [lf.flight.extracted] SM486 on 04JAN: BKG=174, LF=99.4%
2026-01-03 05:30:35 | INFO     | [SUCCESS] Day 04JAN
2026-01-03 05:30:35 | INFO     | [SUCCESS] LF Search Complete
2026-01-03 05:30:37 | INFO     | [Worker_9225] Completed: MED-HBE - 4 results, 0 errors
2026-01-03 05:30:37 | INFO     | [Worker_9225] Processing: JED-ATZ
2026-01-03 05:30:37 | INFO     |   Tier 0: Range 1, Chunk 3/3 (5 days)
