2026-01-03 05:30:04 | INFO     | ======================================================================
2026-01-03 05:30:04 | INFO     | Load Factor Scraper Started - Route: MED-CAI
2026-01-03 05:30:04 | INFO     | Log file: D:\CODERED\LAB\market_insights\outputs\run_generated_030126_at_05.10\logs\LF_MED-CAI_20260103_053004.log
2026-01-03 05:30:04 | INFO     | Enhanced logging: Capturing both logging.info() and print()
2026-01-03 05:30:04 | INFO     | ======================================================================
2026-01-03 05:30:04 | INFO     | Starting LF search for route: MED-CAI
2026-01-03 05:30:04 | INFO     | [START] LF Search
2026-01-03 05:30:05 | INFO     | [HEALTH CHECK] [OK] Chrome connection is healthy
2026-01-03 05:30:05 | INFO     | [DAY_START] Processing 07JAN
2026-01-03 05:30:05 | INFO     | [lf.day.start] Processing MED-CAI for 07JAN
2026-01-03 05:30:06 | WARNING  | [lf.day.no_flights] No direct flights on 07JAN
2026-01-03 05:30:06 | INFO     | [SUCCESS] Day 07JAN
2026-01-03 05:30:06 | INFO     | [DAY_START] Processing 06JAN
2026-01-03 05:30:06 | INFO     | [lf.day.start] Processing MED-CAI for 06JAN
2026-01-03 05:30:07 | INFO     | [lf.day.flights_found] Found 2 flights on 06JAN
2026-01-03 05:30:09 | INFO     | [lf.flight.extracted] SM496 on 06JAN: BKG=168, LF=94.4%
2026-01-03 05:30:18 | INFO     | [lf.flight.extracted] SM494 on 06JAN: BKG=180, LF=102.9%
2026-01-03 05:30:28 | INFO     | [SUCCESS] Day 06JAN
2026-01-03 05:30:28 | INFO     | [DAY_START] Processing 05JAN
2026-01-03 05:30:28 | INFO     | [lf.day.start] Processing MED-CAI for 05JAN
2026-01-03 05:30:28 | WARNING  | [lf.day.no_flights] No direct flights on 05JAN
2026-01-03 05:30:29 | INFO     | [SUCCESS] Day 05JAN
2026-01-03 05:30:29 | INFO     | [DAY_START] Processing 04JAN
2026-01-03 05:30:29 | INFO     | [lf.day.start] Processing MED-CAI for 04JAN
2026-01-03 05:30:30 | INFO     | [lf.day.flights_found] Found 1 flights on 04JAN
2026-01-03 05:30:32 | INFO     | [lf.flight.extracted] SM494 on 04JAN: BKG=179, LF=100.0%
2026-01-03 05:30:37 | INFO     | [SUCCESS] Day 04JAN
2026-01-03 05:30:37 | INFO     | [SUCCESS] LF Search Complete
2026-01-03 05:30:39 | INFO     | [Worker_9234] Completed: MED-CAI - 4 results, 0 errors
2026-01-03 05:30:39 | INFO     | [Worker_9234] Processing: TUU-CAI
2026-01-03 05:30:39 | INFO     |   Tier 0: Range 1, Chunk 3/3 (5 days)
