2026-01-03 05:25:26 | INFO     | ======================================================================
2026-01-03 05:25:26 | INFO     | Load Factor Scraper Started - Route: TUU-CAI
2026-01-03 05:25:26 | INFO     | Log file: D:\CODERED\LAB\market_insights\outputs\run_generated_030126_at_05.10\logs\LF_TUU-CAI_20260103_052526.log
2026-01-03 05:25:26 | INFO     | Enhanced logging: Capturing both logging.info() and print()
2026-01-03 05:25:26 | INFO     | ======================================================================
2026-01-03 05:25:26 | INFO     | Starting LF search for route: TUU-CAI
2026-01-03 05:25:26 | INFO     | [START] LF Search
2026-01-03 05:25:27 | INFO     | [HEALTH CHECK] [OK] Chrome connection is healthy
2026-01-03 05:25:27 | INFO     | [DAY_START] Processing 22JAN
2026-01-03 05:25:27 | INFO     | [lf.day.start] Processing TUU-CAI for 22JAN
2026-01-03 05:25:28 | INFO     | [lf.day.flights_found] Found 1 flights on 22JAN
2026-01-03 05:25:31 | INFO     | [lf.flight.extracted] SM326 on 22JAN: BKG=28, LF=16.0%
2026-01-03 05:25:34 | INFO     | [SUCCESS] Day 22JAN
2026-01-03 05:25:34 | INFO     | [DAY_START] Processing 21JAN
2026-01-03 05:25:34 | INFO     | [lf.day.start] Processing TUU-CAI for 21JAN
2026-01-03 05:25:35 | INFO     | [lf.day.flights_found] Found 1 flights on 21JAN
2026-01-03 05:25:37 | INFO     | [lf.flight.extracted] SM326 on 21JAN: BKG=12, LF=6.9%
2026-01-03 05:25:40 | INFO     | [SUCCESS] Day 21JAN
2026-01-03 05:25:40 | INFO     | [DAY_START] Processing 20JAN
2026-01-03 05:25:40 | INFO     | [lf.day.start] Processing TUU-CAI for 20JAN
2026-01-03 05:25:41 | WARNING  | [lf.day.no_flights] No direct flights on 20JAN
2026-01-03 05:25:41 | INFO     | [SUCCESS] Day 20JAN
2026-01-03 05:25:41 | INFO     | [DAY_START] Processing 19JAN
2026-01-03 05:25:41 | INFO     | [lf.day.start] Processing TUU-CAI for 19JAN
2026-01-03 05:25:42 | WARNING  | [lf.day.no_flights] No direct flights on 19JAN
2026-01-03 05:25:42 | INFO     | [SUCCESS] Day 19JAN
2026-01-03 05:25:42 | INFO     | [SUCCESS] LF Search Complete
2026-01-03 05:25:44 | INFO     | [Worker_9226] Completed: TUU-CAI - 4 results, 0 errors
2026-01-03 05:25:44 | INFO     | [Worker_9226] Processing: CAI-JED
2026-01-03 05:25:44 | INFO     |   Tier 0: Range 2, Chunk 3/3 (4 days)
